Log file for defect2seg
Fri Mar 13 11:47:05 CET 2026

setenv SUBJECTS_DIR /out/sourcedata/freesurfer
cd /out/sourcedata/freesurfer/sub-v2s5x29567_ses-1/scripts
/opt/freesurfer/bin/defect2seg --s sub-v2s5x29567_ses-1 --rh-only --cortex

freesurfer-linux-ubuntu22_x86_64-7.3.2-20220804-6354275
defect2seg 7.3.2
Linux dna013 5.14.0-427.37.1.el9_4.x86_64 #1 SMP PREEMPT_DYNAMIC Fri Sep 13 12:41:50 EDT 2024 x86_64 x86_64 x86_64 GNU/Linux
pid 3574023
mri_label2label --label-cortex /out/sourcedata/freesurfer/sub-v2s5x29567_ses-1/surf/rh.orig.nofix /out/sourcedata/freesurfer/sub-v2s5x29567_ses-1/mri/aseg.presurf.mgz 0 /out/sourcedata/freesurfer/sub-v2s5x29567_ses-1/label/rh.nofix.cortex.label

 Generating cortex label... RemoveHipAmgy=0
 NucAccIsMedialWall=0
 mris->useRealRAS=0
27 non-cortical segments detected
only using segment with 16024 vertices
erasing segment 0 (vno[0] = 19529)
erasing segment 1 (vno[0] = 20901)
erasing segment 3 (vno[0] = 116881)
erasing segment 4 (vno[0] = 127414)
erasing segment 5 (vno[0] = 177070)
erasing segment 6 (vno[0] = 188737)
erasing segment 7 (vno[0] = 195823)
erasing segment 8 (vno[0] = 200405)
erasing segment 9 (vno[0] = 200622)
erasing segment 10 (vno[0] = 201935)
erasing segment 11 (vno[0] = 206678)
erasing segment 12 (vno[0] = 206926)
erasing segment 13 (vno[0] = 208242)
erasing segment 14 (vno[0] = 208354)
erasing segment 15 (vno[0] = 208436)
erasing segment 16 (vno[0] = 208553)
erasing segment 17 (vno[0] = 209725)
erasing segment 18 (vno[0] = 209860)
erasing segment 19 (vno[0] = 211185)
erasing segment 20 (vno[0] = 211282)
erasing segment 21 (vno[0] = 214337)
erasing segment 22 (vno[0] = 220138)
erasing segment 23 (vno[0] = 221528)
erasing segment 24 (vno[0] = 227879)
erasing segment 25 (vno[0] = 227919)
erasing segment 26 (vno[0] = 229169)
mri_label2vol --defects /out/sourcedata/freesurfer/sub-v2s5x29567_ses-1/surf/rh.orig.nofix /out/sourcedata/freesurfer/sub-v2s5x29567_ses-1/surf/rh.defect_labels /out/sourcedata/freesurfer/sub-v2s5x29567_ses-1/mri/orig.mgz 2000 0 /out/sourcedata/freesurfer/sub-v2s5x29567_ses-1/mri/rh.surface.defects.mgz /out/sourcedata/freesurfer/sub-v2s5x29567_ses-1/label/rh.nofix.cortex.label
mri_label2vol supposed to be reproducible but seed not set
Contraining to label /out/sourcedata/freesurfer/sub-v2s5x29567_ses-1/label/rh.nofix.cortex.label
Changing input type 0 to MRI_INT
Converting defects to volume: offset=2000, merge=0
Writing to /out/sourcedata/freesurfer/sub-v2s5x29567_ses-1/mri/rh.surface.defects.mgz
mris_defects_pointset -s /out/sourcedata/freesurfer/sub-v2s5x29567_ses-1/surf/rh.orig.nofix -d /out/sourcedata/freesurfer/sub-v2s5x29567_ses-1/surf/rh.defect_labels -o /out/sourcedata/freesurfer/sub-v2s5x29567_ses-1/surf/rh.defects.pointset --label /out/sourcedata/freesurfer/sub-v2s5x29567_ses-1/label/rh.nofix.cortex.label
Reading in surface /out/sourcedata/freesurfer/sub-v2s5x29567_ses-1/surf/rh.orig.nofix
Reading in defect segmentation /out/sourcedata/freesurfer/sub-v2s5x29567_ses-1/surf/rh.defect_labels
Reading in label /out/sourcedata/freesurfer/sub-v2s5x29567_ses-1/label/rh.nofix.cortex.label
#VMPC# mris_defects_pointset 1487308
mris_defects_pointset done
 
Started at Fri Mar 13 11:47:05 CET 2026 
Ended   at Fri Mar 13 11:47:39 CET 2026
Defect2seg-Run-Time-Sec 34
Defect2seg-Run-Time-Min 0.68
Defect2seg-Run-Time-Hours 0.01
 
defect2seg Done
