status file for recon-all
Fri Mar 13 07:54:23 CET 2026
#@# MotionCor Fri Mar 13 07:54:28 CET 2026
#@# Talairach Fri Mar 13 07:54:44 CET 2026
#@# Talairach Failure Detection Fri Mar 13 08:01:49 CET 2026
#@# Nu Intensity Correction Fri Mar 13 08:01:49 CET 2026
#@# Intensity Normalization Fri Mar 13 08:08:15 CET 2026
recon-all -s sub-v2s5x29567_ses-1 finished without error at Fri Mar 13 08:14:24 CET 2026



#New# invocation of recon-all 



status file for recon-all
Fri Mar 13 08:24:38 CET 2026
#@# EM Registration Fri Mar 13 08:24:38 CET 2026
recon-all -s sub-v2s5x29567_ses-1 finished without error at Fri Mar 13 08:26:55 CET 2026



#New# invocation of recon-all 



status file for recon-all
Fri Mar 13 08:26:58 CET 2026
#@# CA Normalize Fri Mar 13 08:26:58 CET 2026
#@# CA Reg Fri Mar 13 08:28:56 CET 2026
#@# SubCort Seg Fri Mar 13 09:18:30 CET 2026
#@# CC Seg Fri Mar 13 10:38:07 CET 2026
#@# Merge ASeg Fri Mar 13 10:38:58 CET 2026
#@# Intensity Normalization2 Fri Mar 13 10:38:58 CET 2026
#@# Mask BFS Fri Mar 13 10:44:22 CET 2026
#@# WM Segmentation Fri Mar 13 10:44:24 CET 2026
#@# Fill Fri Mar 13 10:49:52 CET 2026
recon-all -s sub-v2s5x29567_ses-1 finished without error at Fri Mar 13 10:51:40 CET 2026



#New# invocation of recon-all 



status file for recon-all
Fri Mar 13 12:31:14 CET 2026
#@# white curv lh Fri Mar 13 12:31:14 CET 2026
#@# white area lh Fri Mar 13 12:31:14 CET 2026
#@# pial curv lh Fri Mar 13 12:31:14 CET 2026
#@# pial area lh Fri Mar 13 12:31:14 CET 2026
#@# thickness lh Fri Mar 13 12:31:14 CET 2026
#@# area and vertex vol lh Fri Mar 13 12:31:14 CET 2026
#@# white curv rh Fri Mar 13 12:31:14 CET 2026
#@# white area rh Fri Mar 13 12:31:14 CET 2026
#@# pial curv rh Fri Mar 13 12:31:14 CET 2026
#@# pial area rh Fri Mar 13 12:31:14 CET 2026
#@# thickness rh Fri Mar 13 12:31:14 CET 2026
#@# area and vertex vol rh Fri Mar 13 12:31:14 CET 2026
#@# Cortical ribbon mask Fri Mar 13 12:31:14 CET 2026
recon-all -s sub-v2s5x29567_ses-1 finished without error at Fri Mar 13 12:56:52 CET 2026



#New# invocation of recon-all 



status file for recon-all
Fri Mar 13 13:11:20 CET 2026
#@# white curv lh Fri Mar 13 13:11:20 CET 2026
#@# white area lh Fri Mar 13 13:11:20 CET 2026
#@# pial curv lh Fri Mar 13 13:11:20 CET 2026
#@# pial area lh Fri Mar 13 13:11:20 CET 2026
#@# thickness lh Fri Mar 13 13:11:20 CET 2026
#@# area and vertex vol lh Fri Mar 13 13:11:20 CET 2026
#@# white curv rh Fri Mar 13 13:11:20 CET 2026
#@# white area rh Fri Mar 13 13:11:20 CET 2026
#@# pial curv rh Fri Mar 13 13:11:20 CET 2026
#@# pial area rh Fri Mar 13 13:11:20 CET 2026
#@# thickness rh Fri Mar 13 13:11:20 CET 2026
#@# area and vertex vol rh Fri Mar 13 13:11:20 CET 2026
#@# Curvature Stats lh Fri Mar 13 13:11:20 CET 2026
#@# Curvature Stats rh Fri Mar 13 13:11:25 CET 2026
#@# Relabel Hypointensities Fri Mar 13 13:11:30 CET 2026
#@# APas-to-ASeg Fri Mar 13 13:12:11 CET 2026
#@# AParc-to-ASeg aparc Fri Mar 13 13:12:31 CET 2026
#@# AParc-to-ASeg aparc.a2009s Fri Mar 13 13:14:29 CET 2026
#@# AParc-to-ASeg aparc.DKTatlas Fri Mar 13 13:16:25 CET 2026
#@# WMParc Fri Mar 13 13:18:18 CET 2026
#@# ASeg Stats Fri Mar 13 13:26:24 CET 2026
recon-all -s sub-v2s5x29567_ses-1 finished without error at Fri Mar 13 13:27:25 CET 2026
