status file for recon-all
Fri Mar 13 11:40:27 CET 2026
#@# Tessellate rh Fri Mar 13 11:40:27 CET 2026
#@# Smooth1 rh Fri Mar 13 11:40:36 CET 2026
#@# Inflation1 rh Fri Mar 13 11:40:42 CET 2026
#@# QSphere rh Fri Mar 13 11:43:22 CET 2026
#@# Fix Topology rh Fri Mar 13 11:45:22 CET 2026
#@# Smooth2 rh Fri Mar 13 11:55:55 CET 2026
#@# Inflation2 rh Fri Mar 13 11:56:01 CET 2026
#@# Curv .H and .K rh Fri Mar 13 11:56:42 CET 2026
#@# Sphere rh Fri Mar 13 11:58:21 CET 2026
#@# Surf Reg rh Fri Mar 13 12:06:29 CET 2026
#@# Jacobian white rh Fri Mar 13 12:16:21 CET 2026
#@# AvgCurv rh Fri Mar 13 12:16:23 CET 2026
#@# Cortical Parc rh Fri Mar 13 12:16:25 CET 2026
#@# white curv rh Fri Mar 13 12:28:49 CET 2026
#@# white area rh Fri Mar 13 12:28:53 CET 2026
#@# pial curv rh Fri Mar 13 12:28:55 CET 2026
#@# pial area rh Fri Mar 13 12:28:58 CET 2026
#@# thickness rh Fri Mar 13 12:29:00 CET 2026
#@# area and vertex vol rh Fri Mar 13 12:30:03 CET 2026
#@# Curvature Stats rh Fri Mar 13 12:30:06 CET 2026
#@# Cortical Parc 2 rh Fri Mar 13 12:30:11 CET 2026
#@# Cortical Parc 3 rh Fri Mar 13 12:30:40 CET 2026
#@# WM/GM Contrast rh Fri Mar 13 12:31:00 CET 2026
recon-all -s sub-v2s5x29567_ses-1 finished without error at Fri Mar 13 12:31:10 CET 2026



#New# invocation of recon-all 



status file for recon-all
Fri Mar 13 13:04:01 CET 2026
#@# white curv rh Fri Mar 13 13:04:01 CET 2026
#@# white area rh Fri Mar 13 13:04:01 CET 2026
#@# pial curv rh Fri Mar 13 13:04:01 CET 2026
#@# pial area rh Fri Mar 13 13:04:01 CET 2026
#@# thickness rh Fri Mar 13 13:04:01 CET 2026
#@# area and vertex vol rh Fri Mar 13 13:04:01 CET 2026
#@# Parcellation Stats rh Fri Mar 13 13:04:01 CET 2026
#@# Parcellation Stats 2 rh Fri Mar 13 13:05:07 CET 2026
#@# Parcellation Stats 3 rh Fri Mar 13 13:05:40 CET 2026
#@# BA_exvivo Labels rh Fri Mar 13 13:06:13 CET 2026
recon-all -s sub-v2s5x29567_ses-1 finished without error at Fri Mar 13 13:11:15 CET 2026
