/out/sourcedata/freesurfer/sub-v2s5x29571_ses-1/mri
/opt/freesurfer/bin/talairach_avi
--i orig_nu.mgz --xfm transforms/talairach.auto.xfm
talairach_avi 7.3.2
Linux dna060 5.14.0-427.37.1.el9_4.x86_64 #1 SMP PREEMPT_DYNAMIC Fri Sep 13 12:41:50 EDT 2024 x86_64 x86_64 x86_64 GNU/Linux
Fri Mar 13 08:09:36 CET 2026
mri_convert orig_nu.mgz talsrcimg.img 
reading from orig_nu.mgz...
TR=0.00, TE=0.00, TI=0.00, flip angle=0.00
i_ras = (-1, 0, 0)
j_ras = (0, 0, -1)
k_ras = (0, 1, 0)
writing to talsrcimg.img...
Analyze Output Matrix
-0.70000   0.00000   0.00000   111.72019;
 0.00000   0.00000   0.70000  -85.99800;
 0.00000  -0.70000   0.00000   95.06740;
 0.00000   0.00000   0.00000   1.00000;
--------------------
INFO: set hdr.hist.orient to -1
mpr2mni305 talsrcimg
Fri Mar 13 08:09:36 CET 2026
/opt/freesurfer/bin/mpr2mni305 talsrcimg
mpr2mni305 7.3.2
target=711-2C_as_mni_average_305

---------------------------------------------------------------------
analyzeto4dfp talsrcimg -O0 -y
---------------------------------------------------------------------

freesurfer ifh2hdr.c
Fri Mar 13 08:09:36 2026
Writing: talsrcimg.4dfp.hdr
freesurfer analyzeto4dfp.c
Reading: talsrcimg.hdr
header size 348 bytes
hdr.dime.datatype	offset=70	value=2
hdr.dime.bitpix		offset=72	value=8
hdr.hist.orient		offset=252	value=-1
dimensionality     4
dimensions       320       320       320         1
Reading: talsrcimg.img
Writing: talsrcimg.4dfp.img
Writing: talsrcimg.4dfp.ifh
ifh2hdr talsrcimg -r0to224
ori=2

---------------------------------------------------------------------
gauss_4dfp talsrcimg 1.1
---------------------------------------------------------------------

freesurfer gauss_4dfp.c
Reading: talsrcimg.4dfp.img
Writing: talsrcimg_g11.4dfp.img
image dimensions 320 320 320 padded to 384 384 384
processing volume 1freesurfer ifh2hdr.c
Fri Mar 13 08:09:53 2026
Writing: talsrcimg_g11.4dfp.hdr

Writing: talsrcimg_g11.4dfp.ifh
including: talsrcimg.4dfp.img.rec in talsrcimg_g11.4dfp.img.rec

---------------------------------------------------------------------
imgreg_4dfp /opt/freesurfer/average/711-2C_as_mni_average_305 none talsrcimg_g11 none talsrcimg_to_711-2C_as_mni_average_305_t4 4355
---------------------------------------------------------------------

freesurfer imgreg_4dfp.c
/opt/freesurfer/average/711-2C_as_mni_average_305.4dfp.img
       256       256       256         1
  1.000000  1.000000  1.000000
orientation T byte_order littleendian
Reading image: /opt/freesurfer/average/711-2C_as_mni_average_305.4dfp.img
dimensions:      256       256       256
mmppix:       1.0000   -1.0000   -1.0000
center:     128.0000 -129.0000 -129.0000
talsrcimg_g11.4dfp.img
       320       320       320         1
  0.700000  0.700000  0.700000
orientation T byte_order littleendian
Reading image: talsrcimg_g11.4dfp.img
dimensions:      320       320       320
mmppix:       0.7000   -0.7000   -0.7000
center:     112.0000 -112.7000 -112.7000
t4_read: open error in t4_sub.f l:  41 t4_file(1:l)talsrcimg_to_711-2C_as_mni_average_305_t4 
t4_read: transform initialized to I4
rotation matrix determinant  1.000000
image alignment mode   4355 decimal     1103 hex
   -7.5000  -45.0000  -45.0000 4075.8362   21.0890
    0.0000  -45.0000  -45.0000 4285.0566   21.1048
    7.5000  -45.0000  -45.0000 4135.9854   21.1465
   -7.5000  -37.5000  -45.0000 4472.3091   20.9849
    0.0000  -37.5000  -45.0000 4692.5615   20.9941
    7.5000  -37.5000  -45.0000 4533.4043   21.0293
   -7.5000  -30.0000  -45.0000 4929.3472   20.5286
    0.0000  -30.0000  -45.0000 5186.2744   20.5409
    7.5000  -30.0000  -45.0000 4998.3774   20.5738
   -7.5000  -22.5000  -45.0000 5272.4204   19.7101
    0.0000  -22.5000  -45.0000 5571.2642   19.7225
    7.5000  -22.5000  -45.0000 5360.0396   19.7532
   -7.5000  -15.0000  -45.0000 5899.3350   19.1444
    0.0000  -15.0000  -45.0000 6253.2886   19.1505
    7.5000  -15.0000  -45.0000 5988.3521   19.1797
   -7.5000   -7.5000  -45.0000 6534.9790   18.7419
    0.0000   -7.5000  -45.0000 6924.4883   18.7446
    7.5000   -7.5000  -45.0000 6612.9028   18.7716
   -7.5000    0.0000  -45.0000 7180.6436   18.6026
    0.0000    0.0000  -45.0000 7625.0801   18.6090
    7.5000    0.0000  -45.0000 7254.2769   18.6377
   -7.5000    7.5000  -45.0000 7167.1626   18.5984
    0.0000    7.5000  -45.0000 7619.9136   18.6099
    7.5000    7.5000  -45.0000 7234.6182   18.6405
   -7.5000   15.0000  -45.0000 7092.5972   18.3592
    0.0000   15.0000  -45.0000 7537.1660   18.3745
    7.5000   15.0000  -45.0000 7170.2129   18.4056
   -7.5000   22.5000  -45.0000 6994.8125   17.8979
    0.0000   22.5000  -45.0000 7470.0723   17.9113
    7.5000   22.5000  -45.0000 7084.4375   17.9414
   -7.5000   30.0000  -45.0000 7112.6055   17.8855
    0.0000   30.0000  -45.0000 7592.9365   17.8921
    7.5000   30.0000  -45.0000 7204.0146   17.9200
   -7.5000   37.5000  -45.0000 6861.3311   17.3011
    0.0000   37.5000  -45.0000 7324.5435   17.3042
    7.5000   37.5000  -45.0000 6939.3765   17.3296
   -7.5000   45.0000  -45.0000 6587.5991   16.6519
    0.0000   45.0000  -45.0000 7037.9712   16.6575
    7.5000   45.0000  -45.0000 6640.4976   16.6832
   -7.5000  -45.0000  -37.5000 4305.9980   22.0510
    0.0000  -45.0000  -37.5000 4525.7070   22.0664
    7.5000  -45.0000  -37.5000 4379.4023   22.1143
   -7.5000  -37.5000  -37.5000 4736.3691   21.9768
    0.0000  -37.5000  -37.5000 4978.2134   21.9845
    7.5000  -37.5000  -37.5000 4802.9468   22.0275
   -7.5000  -30.0000  -37.5000 5258.9321   21.4617
    0.0000  -30.0000  -37.5000 5544.5439   21.4762
    7.5000  -30.0000  -37.5000 5329.4819   21.5165
   -7.5000  -22.5000  -37.5000 5659.5532   20.6091
    0.0000  -22.5000  -37.5000 5987.9653   20.6241
    7.5000  -22.5000  -37.5000 5734.4556   20.6578
   -7.5000  -15.0000  -37.5000 6342.6963   20.0134
    0.0000  -15.0000  -37.5000 6720.0112   20.0192
    7.5000  -15.0000  -37.5000 6408.5137   20.0506
   -7.5000   -7.5000  -37.5000 7034.3438   19.5887
    0.0000   -7.5000  -37.5000 7452.2651   19.5878
    7.5000   -7.5000  -37.5000 7086.1426   19.6176
   -7.5000    0.0000  -37.5000 7738.7061   19.4450
    0.0000    0.0000  -37.5000 8213.1953   19.4472
    7.5000    0.0000  -37.5000 7805.6924   19.4807
   -7.5000    7.5000  -37.5000 7713.1084   19.4492
    0.0000    7.5000  -37.5000 8206.1455   19.4589
    7.5000    7.5000  -37.5000 7797.0840   19.4952
   -7.5000   15.0000  -37.5000 7629.6753   19.2070
    0.0000   15.0000  -37.5000 8128.9907   19.2235
    7.5000   15.0000  -37.5000 7736.7407   19.2592
   -7.5000   22.5000  -37.5000 7501.3252   18.7330
    0.0000   22.5000  -37.5000 8026.8423   18.7483
    7.5000   22.5000  -37.5000 7614.8530   18.7810
   -7.5000   30.0000  -37.5000 7616.0640   18.7117
    0.0000   30.0000  -37.5000 8144.7427   18.7180
    7.5000   30.0000  -37.5000 7721.1675   18.7476
   -7.5000   37.5000  -37.5000 7335.2139   18.0967
    0.0000   37.5000  -37.5000 7841.5688   18.0966
    7.5000   37.5000  -37.5000 7426.9976   18.1245
   -7.5000   45.0000  -37.5000 7034.9805   17.4059
    0.0000   45.0000  -37.5000 7535.9746   17.4079
    7.5000   45.0000  -37.5000 7117.0557   17.4379
   -7.5000  -45.0000  -30.0000 4549.6338   22.9739
    0.0000  -45.0000  -30.0000 4784.8770   22.9942
    7.5000  -45.0000  -30.0000 4622.5200   23.0476
   -7.5000  -37.5000  -30.0000 5021.1431   22.9135
    0.0000  -37.5000  -30.0000 5299.1621   22.9223
    7.5000  -37.5000  -30.0000 5094.8145   22.9693
   -7.5000  -30.0000  -30.0000 5603.1392   22.3377
    0.0000  -30.0000  -30.0000 5923.5356   22.3498
    7.5000  -30.0000  -30.0000 5674.6558   22.3924
   -7.5000  -22.5000  -30.0000 6053.8472   21.4515
    0.0000  -22.5000  -30.0000 6422.3862   21.4664
    7.5000  -22.5000  -30.0000 6126.7222   21.5027
   -7.5000  -15.0000  -30.0000 6784.9517   20.8379
    0.0000  -15.0000  -30.0000 7202.7837   20.8467
    7.5000  -15.0000  -30.0000 6851.6763   20.8824
   -7.5000   -7.5000  -30.0000 7509.1416   20.4019
    0.0000   -7.5000  -30.0000 7985.3267   20.4046
    7.5000   -7.5000  -30.0000 7584.0820   20.4398
   -7.5000    0.0000  -30.0000 8279.5234   20.2556
    0.0000    0.0000  -30.0000 8812.2871   20.2596
    7.5000    0.0000  -30.0000 8374.6289   20.2980
   -7.5000    7.5000  -30.0000 8248.3789   20.2594
    0.0000    7.5000  -30.0000 8803.9180   20.2687
    7.5000    7.5000  -30.0000 8378.6318   20.3075
   -7.5000   15.0000  -30.0000 8124.5522   20.0066
    0.0000   15.0000  -30.0000 8699.8643   20.0217
    7.5000   15.0000  -30.0000 8281.3857   20.0586
   -7.5000   22.5000  -30.0000 7989.9556   19.5226
    0.0000   22.5000  -30.0000 8558.7646   19.5377
    7.5000   22.5000  -30.0000 8132.6919   19.5729
   -7.5000   30.0000  -30.0000 8115.4771   19.5017
    0.0000   30.0000  -30.0000 8696.3633   19.5107
    7.5000   30.0000  -30.0000 8253.8906   19.5444
   -7.5000   37.5000  -30.0000 7811.0098   18.8775
    0.0000   37.5000  -30.0000 8377.6279   18.8808
    7.5000   37.5000  -30.0000 7944.3101   18.9139
   -7.5000   45.0000  -30.0000 7480.9736   18.1604
    0.0000   45.0000  -30.0000 8022.6509   18.1640
    7.5000   45.0000  -30.0000 7592.9248   18.1983
   -7.5000  -45.0000  -22.5000 4669.5942   23.0820
    0.0000  -45.0000  -22.5000 4926.4629   23.1118
    7.5000  -45.0000  -22.5000 4752.7847   23.1692
   -7.5000  -37.5000  -22.5000 5171.4404   22.9997
    0.0000  -37.5000  -22.5000 5475.6094   23.0150
    7.5000  -37.5000  -22.5000 5261.9702   23.0627
   -7.5000  -30.0000  -22.5000 5782.7744   22.4127
    0.0000  -30.0000  -22.5000 6136.5366   22.4223
    7.5000  -30.0000  -22.5000 5879.2993   22.4634
   -7.5000  -22.5000  -22.5000 6266.8101   21.5218
    0.0000  -22.5000  -22.5000 6664.4785   21.5349
    7.5000  -22.5000  -22.5000 6358.7598   21.5728
   -7.5000  -15.0000  -22.5000 7021.8081   20.9195
    0.0000  -15.0000  -22.5000 7478.3706   20.9322
    7.5000  -15.0000  -22.5000 7114.9668   20.9715
   -7.5000   -7.5000  -22.5000 7768.1304   20.4940
    0.0000   -7.5000  -22.5000 8284.3223   20.5059
    7.5000   -7.5000  -22.5000 7880.4775   20.5457
   -7.5000    0.0000  -22.5000 8567.5498   20.3460
    0.0000    0.0000  -22.5000 9145.8945   20.3592
    7.5000    0.0000  -22.5000 8704.7832   20.4008
   -7.5000    7.5000  -22.5000 8557.1787   20.3382
    0.0000    7.5000  -22.5000 9171.6699   20.3520
    7.5000    7.5000  -22.5000 8720.2236   20.3908
   -7.5000   15.0000  -22.5000 8404.2500   20.0733
    0.0000   15.0000  -22.5000 9022.1777   20.0876
    7.5000   15.0000  -22.5000 8587.5391   20.1238
   -7.5000   22.5000  -22.5000 8273.4756   19.5885
    0.0000   22.5000  -22.5000 8855.2617   19.6023
    7.5000   22.5000  -22.5000 8437.9121   19.6390
   -7.5000   30.0000  -22.5000 8422.9600   19.5802
    0.0000   30.0000  -22.5000 8983.3555   19.5930
    7.5000   30.0000  -22.5000 8579.7188   19.6301
   -7.5000   37.5000  -22.5000 8089.0283   18.9633
    0.0000   37.5000  -22.5000 8666.5518   18.9751
    7.5000   37.5000  -22.5000 8255.0723   19.0125
   -7.5000   45.0000  -22.5000 7721.3667   18.2414
    0.0000   45.0000  -22.5000 8274.5498   18.2533
    7.5000   45.0000  -22.5000 7866.3857   18.2905
   -7.5000  -45.0000  -15.0000 4915.0371   23.9419
    0.0000  -45.0000  -15.0000 5207.7505   23.9784
    7.5000  -45.0000  -15.0000 5022.8604   24.0376
   -7.5000  -37.5000  -15.0000 5441.9692   23.8623
    0.0000  -37.5000  -15.0000 5781.0283   23.8835
    7.5000  -37.5000  -15.0000 5553.3169   23.9298
   -7.5000  -30.0000  -15.0000 6073.2603   23.2424
    0.0000  -30.0000  -15.0000 6463.7915   23.2525
    7.5000  -30.0000  -15.0000 6181.6538   23.2909
   -7.5000  -22.5000  -15.0000 6571.3555   22.3250
    0.0000  -22.5000  -15.0000 7008.4087   22.3380
    7.5000  -22.5000  -15.0000 6675.2168   22.3770
   -7.5000  -15.0000  -15.0000 7393.1797   21.7097
    0.0000  -15.0000  -15.0000 7874.7139   21.7260
    7.5000  -15.0000  -15.0000 7501.3188   21.7675
   -7.5000   -7.5000  -15.0000 8199.9814   21.2752
    0.0000   -7.5000  -15.0000 8746.3076   21.2947
    7.5000   -7.5000  -15.0000 8343.0635   21.3371
   -7.5000    0.0000  -15.0000 9052.1914   21.1188
    0.0000    0.0000  -15.0000 9646.6279   21.1405
    7.5000    0.0000  -15.0000 9206.9307   21.1832
   -7.5000    7.5000  -15.0000 9080.9277   21.0977
    0.0000    7.5000  -15.0000 9723.5146   21.1169
    7.5000    7.5000  -15.0000 9254.4795   21.1550
   -7.5000   15.0000  -15.0000 8921.6377   20.8207
    0.0000   15.0000  -15.0000 9544.5918   20.8363
    7.5000   15.0000  -15.0000 9124.9717   20.8722
   -7.5000   22.5000  -15.0000 8760.3564   20.3346
    0.0000   22.5000  -15.0000 9286.5088   20.3491
    7.5000   22.5000  -15.0000 8946.4248   20.3871
   -7.5000   30.0000  -15.0000 8913.0156   20.3356
    0.0000   30.0000  -15.0000 9422.8271   20.3519
    7.5000   30.0000  -15.0000 9086.9033   20.3914
   -7.5000   37.5000  -15.0000 8551.4434   19.7166
    0.0000   37.5000  -15.0000 9073.2295   19.7355
    7.5000   37.5000  -15.0000 8742.1758   19.7754
   -7.5000   45.0000  -15.0000 8144.2402   18.9800
    0.0000   45.0000  -15.0000 8651.1191   18.9996
    7.5000   45.0000  -15.0000 8312.0654   19.0379
   -7.5000  -45.0000   -7.5000 5075.2910   24.6768
    0.0000  -45.0000   -7.5000 5402.1157   24.7078
    7.5000  -45.0000   -7.5000 5193.2573   24.7623
   -7.5000  -37.5000   -7.5000 5660.5762   24.6016
    0.0000  -37.5000   -7.5000 6009.0361   24.6209
    7.5000  -37.5000   -7.5000 5774.8682   24.6632
   -7.5000  -30.0000   -7.5000 6333.5029   23.9632
    0.0000  -30.0000   -7.5000 6725.4648   23.9754
    7.5000  -30.0000   -7.5000 6454.3516   24.0111
   -7.5000  -22.5000   -7.5000 6842.3545   23.0261
    0.0000  -22.5000   -7.5000 7280.9893   23.0398
    7.5000  -22.5000   -7.5000 6958.5679   23.0763
   -7.5000  -15.0000   -7.5000 7684.2637   22.3890
    0.0000  -15.0000   -7.5000 8190.5698   22.4029
    7.5000  -15.0000   -7.5000 7819.7324   22.4408
   -7.5000   -7.5000   -7.5000 8544.8486   21.9363
    0.0000   -7.5000   -7.5000 9103.8916   21.9520
    7.5000   -7.5000   -7.5000 8685.1768   21.9897
   -7.5000    0.0000   -7.5000 9464.5938   21.7721
    0.0000    0.0000   -7.500010034.4814   21.7917
    7.5000    0.0000   -7.5000 9582.7266   21.8303
   -7.5000    7.5000   -7.5000 9524.2539   21.7489
    0.0000    7.5000   -7.500010177.8203   21.7683
    7.5000    7.5000   -7.5000 9663.4346   21.8044
   -7.5000   15.0000   -7.5000 9454.8643   21.4735
    0.0000   15.0000   -7.500010114.0117   21.4908
    7.5000   15.0000   -7.5000 9663.1279   21.5259
   -7.5000   22.5000   -7.5000 9264.8418   20.9890
    0.0000   22.5000   -7.5000 9764.2090   21.0044
    7.5000   22.5000   -7.5000 9466.4277   21.0405
   -7.5000   30.0000   -7.5000 9403.1963   20.9874
    0.0000   30.0000   -7.5000 9817.6572   21.0016
    7.5000   30.0000   -7.5000 9586.8398   21.0380
   -7.5000   37.5000   -7.5000 9011.1846   20.3605
    0.0000   37.5000   -7.5000 9438.6943   20.3759
    7.5000   37.5000   -7.5000 9193.1523   20.4115
   -7.5000   45.0000   -7.5000 8573.6885   19.6149
    0.0000   45.0000   -7.5000 9049.8623   19.6325
    7.5000   45.0000   -7.5000 8731.2324   19.6672
   -7.5000  -45.0000    0.0000 5214.8706   25.2613
    0.0000  -45.0000    0.0000 5526.8110   25.2834
    7.5000  -45.0000    0.0000 5329.3911   25.3346
   -7.5000  -37.5000    0.0000 5819.5972   25.1937
    0.0000  -37.5000    0.0000 6184.2666   25.2070
    7.5000  -37.5000    0.0000 5937.7568   25.2500
   -7.5000  -30.0000    0.0000 6510.6934   24.5311
    0.0000  -30.0000    0.0000 6940.3618   24.5470
    7.5000  -30.0000    0.0000 6637.4888   24.5858
   -7.5000  -22.5000    0.0000 7048.9502   23.5736
    0.0000  -22.5000    0.0000 7519.5059   23.5897
    7.5000  -22.5000    0.0000 7174.1309   23.6258
   -7.5000  -15.0000    0.0000 7935.9292   22.9100
    0.0000  -15.0000    0.0000 8465.6650   22.9191
    7.5000  -15.0000    0.0000 8076.6196   22.9541
   -7.5000   -7.5000    0.0000 8849.0352   22.4364
    0.0000   -7.5000    0.0000 9396.5244   22.4422
    7.5000   -7.5000    0.0000 8987.8887   22.4753
   -7.5000    0.0000    0.0000 9810.5498   22.2699
    0.0000    0.0000    0.000010335.7744   22.2803
    7.5000    0.0000    0.0000 9926.4043   22.3157
   -7.5000    7.5000    0.0000 9934.2715   22.2559
    0.0000    7.5000    0.000010561.8242   22.2715
    7.5000    7.5000    0.000010091.3359   22.3086
   -7.5000   15.0000    0.000010013.2500   21.9886
    0.0000   15.0000    0.000010732.4873   22.0079
    7.5000   15.0000    0.000010212.1172   22.0448
   -7.5000   22.5000    0.0000 9928.9795   21.5016
    0.0000   22.5000    0.000010411.5303   21.5188
    7.5000   22.5000    0.0000 9984.7979   21.5544
   -7.5000   30.0000    0.000010015.4951   21.4878
    0.0000   30.0000    0.000010427.9385   21.4975
    7.5000   30.0000    0.000010019.8037   21.5310
   -7.5000   37.5000    0.0000 9568.9316   20.8492
    0.0000   37.5000    0.000010033.6689   20.8553
    7.5000   37.5000    0.0000 9577.8145   20.8867
   -7.5000   45.0000    0.0000 9075.6562   20.1019
    0.0000   45.0000    0.0000 9585.0527   20.1113
    7.5000   45.0000    0.0000 9087.6729   20.1433
   -7.5000  -45.0000    7.5000 4967.2690   25.6956
    0.0000  -45.0000    7.5000 5273.8687   25.7153
    7.5000  -45.0000    7.5000 5065.6729   25.7705
   -7.5000  -37.5000    7.5000 5586.1812   25.6206
    0.0000  -37.5000    7.5000 5935.2368   25.6309
    7.5000  -37.5000    7.5000 5695.9307   25.6792
   -7.5000  -30.0000    7.5000 6271.8833   24.9190
    0.0000  -30.0000    7.5000 6652.7129   24.9374
    7.5000  -30.0000    7.5000 6388.2969   24.9826
   -7.5000  -22.5000    7.5000 6768.1025   23.9320
    0.0000  -22.5000    7.5000 7190.8979   23.9512
    7.5000  -22.5000    7.5000 6886.9497   23.9902
   -7.5000  -15.0000    7.5000 7601.4072   23.2442
    0.0000  -15.0000    7.5000 8072.0391   23.2531
    7.5000  -15.0000    7.5000 7708.9639   23.2903
   -7.5000   -7.5000    7.5000 8448.5498   22.7542
    0.0000   -7.5000    7.5000 8949.1074   22.7549
    7.5000   -7.5000    7.5000 8551.1621   22.7899
   -7.5000    0.0000    7.5000 9353.5127   22.5882
    0.0000    0.0000    7.5000 9832.8574   22.5921
    7.5000    0.0000    7.5000 9428.9893   22.6303
   -7.5000    7.5000    7.5000 9470.6240   22.5863
    0.0000    7.5000    7.500010030.0322   22.5986
    7.5000    7.5000    7.5000 9572.8105   22.6391
   -7.5000   15.0000    7.5000 9540.5645   22.3218
    0.0000   15.0000    7.500010045.2646   22.3422
    7.5000   15.0000    7.5000 9558.1582   22.3821
   -7.5000   22.5000    7.5000 9426.6816   21.8228
    0.0000   22.5000    7.5000 9850.1221   21.8422
    7.5000   22.5000    7.5000 9292.6299   21.8800
   -7.5000   30.0000    7.5000 9534.3311   21.7980
    0.0000   30.0000    7.500010038.5371   21.8072
    7.5000   30.0000    7.5000 9412.5312   21.8423
   -7.5000   37.5000    7.5000 9119.6592   21.1434
    0.0000   37.5000    7.5000 9697.7754   21.1449
    7.5000   37.5000    7.5000 9057.6514   21.1779
   -7.5000   45.0000    7.5000 8623.4805   20.3892
    0.0000   45.0000    7.5000 9181.3301   20.3928
    7.5000   45.0000    7.5000 8583.5635   20.4272
   -7.5000  -45.0000   15.0000 4711.7241   26.4556
    0.0000  -45.0000   15.0000 4960.4424   26.4816
    7.5000  -45.0000   15.0000 4804.6968   26.5430
   -7.5000  -37.5000   15.0000 5286.6714   26.3322
    0.0000  -37.5000   15.0000 5573.0278   26.3445
    7.5000  -37.5000   15.0000 5386.7134   26.3979
   -7.5000  -30.0000   15.0000 5933.3833   25.5602
    0.0000  -30.0000   15.0000 6281.1787   25.5771
    7.5000  -30.0000   15.0000 6044.5112   25.6255
   -7.5000  -22.5000   15.0000 6402.1567   24.5213
    0.0000  -22.5000   15.0000 6823.1460   24.5420
    7.5000  -22.5000   15.0000 6518.6782   24.5834
   -7.5000  -15.0000   15.0000 7207.5659   23.8077
    0.0000  -15.0000   15.0000 7669.5879   23.8209
    7.5000  -15.0000   15.0000 7301.0361   23.8620
   -7.5000   -7.5000   15.0000 8020.0503   23.3016
    0.0000   -7.5000   15.0000 8480.1309   23.3067
    7.5000   -7.5000   15.0000 8083.9375   23.3466
   -7.5000    0.0000   15.0000 8868.9395   23.1319
    0.0000    0.0000   15.0000 9349.8047   23.1380
    7.5000    0.0000   15.0000 8924.8135   23.1808
   -7.5000    7.5000   15.0000 8960.3701   23.1301
    0.0000    7.5000   15.0000 9473.4375   23.1425
    7.5000    7.5000   15.0000 9021.3506   23.1856
   -7.5000   15.0000   15.0000 8933.8447   22.8551
    0.0000   15.0000   15.0000 9340.2178   22.8749
    7.5000   15.0000   15.0000 8891.0742   22.9161
   -7.5000   22.5000   15.0000 8752.9404   22.3413
    0.0000   22.5000   15.0000 9100.9824   22.3618
    7.5000   22.5000   15.0000 8657.7090   22.4018
   -7.5000   30.0000   15.0000 8888.6436   22.3185
    0.0000   30.0000   15.0000 9286.7852   22.3317
    7.5000   30.0000   15.0000 8833.0781   22.3702
   -7.5000   37.5000   15.0000 8561.2334   21.6509
    0.0000   37.5000   15.0000 8986.2607   21.6566
    7.5000   37.5000   15.0000 8532.6650   21.6942
   -7.5000   45.0000   15.0000 8139.7363   20.8800
    0.0000   45.0000   15.0000 8568.2627   20.8855
    7.5000   45.0000   15.0000 8100.7007   20.9242
   -7.5000  -45.0000   22.5000 4415.7192   27.2106
    0.0000  -45.0000   22.5000 4641.2690   27.2519
    7.5000  -45.0000   22.5000 4510.4990   27.3269
   -7.5000  -37.5000   22.5000 4935.7729   27.0707
    0.0000  -37.5000   22.5000 5219.4341   27.0929
    7.5000  -37.5000   22.5000 5042.8901   27.1555
   -7.5000  -30.0000   22.5000 5567.4502   26.2550
    0.0000  -30.0000   22.5000 5917.2856   26.2699
    7.5000  -30.0000   22.5000 5680.9629   26.3229
   -7.5000  -22.5000   22.5000 6039.0996   25.1561
    0.0000  -22.5000   22.5000 6431.7925   25.1751
    7.5000  -22.5000   22.5000 6141.8442   25.2232
   -7.5000  -15.0000   22.5000 6777.2896   24.4235
    0.0000  -15.0000   22.5000 7219.0591   24.4419
    7.5000  -15.0000   22.5000 6872.6401   24.4914
   -7.5000   -7.5000   22.5000 7494.4976   23.9071
    0.0000   -7.5000   22.5000 7952.3574   23.9243
    7.5000   -7.5000   22.5000 7572.1533   23.9743
   -7.5000    0.0000   22.5000 8252.1504   23.7275
    0.0000    0.0000   22.5000 8757.1055   23.7461
    7.5000    0.0000   22.5000 8347.7139   23.7985
   -7.5000    7.5000   22.5000 8301.5322   23.7069
    0.0000    7.5000   22.5000 8803.9668   23.7261
    7.5000    7.5000   22.5000 8371.9004   23.7753
   -7.5000   15.0000   22.5000 8219.8516   23.4070
    0.0000   15.0000   22.5000 8627.7383   23.4269
    7.5000   15.0000   22.5000 8204.8994   23.4727
   -7.5000   22.5000   22.5000 8067.5962   22.8964
    0.0000   22.5000   22.5000 8455.0205   22.9159
    7.5000   22.5000   22.5000 8037.9360   22.9619
   -7.5000   30.0000   22.5000 8234.3770   22.8926
    0.0000   30.0000   22.5000 8623.6504   22.9109
    7.5000   30.0000   22.5000 8215.1621   22.9574
   -7.5000   37.5000   22.5000 7936.6494   22.2329
    0.0000   37.5000   22.5000 8294.5918   22.2500
    7.5000   37.5000   22.5000 7910.4971   22.2970
   -7.5000   45.0000   22.5000 7570.2607   21.4470
    0.0000   45.0000   22.5000 7938.0112   21.4638
    7.5000   45.0000   22.5000 7539.6172   21.5112
   -7.5000  -45.0000   30.0000 4283.0103   28.4944
    0.0000  -45.0000   30.0000 4534.9766   28.5514
    7.5000  -45.0000   30.0000 4391.2744   28.6261
   -7.5000  -37.5000   30.0000 4798.3647   28.3046
    0.0000  -37.5000   30.0000 5088.6279   28.3386
    7.5000  -37.5000   30.0000 4911.9126   28.3960
   -7.5000  -30.0000   30.0000 5420.7012   27.4696
    0.0000  -30.0000   30.0000 5763.2241   27.4878
    7.5000  -30.0000   30.0000 5540.8237   27.5337
   -7.5000  -22.5000   30.0000 5864.2866   26.3076
    0.0000  -22.5000   30.0000 6247.3184   26.3298
    7.5000  -22.5000   30.0000 5989.7188   26.3768
   -7.5000  -15.0000   30.0000 6565.7832   25.5074
    0.0000  -15.0000   30.0000 7001.0283   25.5346
    7.5000  -15.0000   30.0000 6690.2124   25.5849
   -7.5000   -7.5000   30.0000 7248.4487   24.9506
    0.0000   -7.5000   30.0000 7718.7305   24.9819
    7.5000   -7.5000   30.0000 7371.6714   25.0329
   -7.5000    0.0000   30.0000 7977.2046   24.7623
    0.0000    0.0000   30.0000 8498.3896   24.7957
    7.5000    0.0000   30.0000 8128.4810   24.8468
   -7.5000    7.5000   30.0000 7997.0830   24.7379
    0.0000    7.5000   30.0000 8501.7090   24.7669
    7.5000    7.5000   30.0000 8102.8818   24.8122
   -7.5000   15.0000   30.0000 7907.8955   24.4215
    0.0000   15.0000   30.0000 8339.8682   24.4456
    7.5000   15.0000   30.0000 7953.7310   24.4879
   -7.5000   22.5000   30.0000 7773.2534   23.8885
    0.0000   22.5000   30.0000 8170.3599   23.9116
    7.5000   22.5000   30.0000 7801.4570   23.9570
   -7.5000   30.0000   30.0000 7935.1748   23.8857
    0.0000   30.0000   30.0000 8332.8545   23.9122
    7.5000   30.0000   30.0000 7952.6514   23.9599
   -7.5000   37.5000   30.0000 7671.1763   23.2005
    0.0000   37.5000   30.0000 8034.9282   23.2306
    7.5000   37.5000   30.0000 7666.5669   23.2788
   -7.5000   45.0000   30.0000 7338.4502   22.3824
    0.0000   45.0000   30.0000 7687.9419   22.4125
    7.5000   45.0000   30.0000 7326.5239   22.4587
   -7.5000  -45.0000   37.5000 3990.7075   29.3538
    0.0000  -45.0000   37.5000 4238.3403   29.3894
    7.5000  -45.0000   37.5000 4099.0659   29.4634
   -7.5000  -37.5000   37.5000 4472.3159   29.1630
    0.0000  -37.5000   37.5000 4738.8521   29.1809
    7.5000  -37.5000   37.5000 4588.6006   29.2417
   -7.5000  -30.0000   37.5000 5035.0112   28.2839
    0.0000  -30.0000   37.5000 5350.9253   28.2941
    7.5000  -30.0000   37.5000 5157.7207   28.3456
   -7.5000  -22.5000   37.5000 5440.9873   27.1024
    0.0000  -22.5000   37.5000 5799.3022   27.1136
    7.5000  -22.5000   37.5000 5575.0220   27.1635
   -7.5000  -15.0000   37.5000 6089.4209   26.2543
    0.0000  -15.0000   37.5000 6501.3296   26.2645
    7.5000  -15.0000   37.5000 6225.9438   26.3124
   -7.5000   -7.5000   37.5000 6737.1504   25.6448
    0.0000   -7.5000   37.5000 7188.8672   25.6576
    7.5000   -7.5000   37.5000 6880.1777   25.7033
   -7.5000    0.0000   37.5000 7399.3042   25.4467
    0.0000    0.0000   37.5000 7898.5879   25.4662
    7.5000    0.0000   37.5000 7568.7168   25.5145
   -7.5000    7.5000   37.5000 7414.0293   25.4281
    0.0000    7.5000   37.5000 7878.4170   25.4489
    7.5000    7.5000   37.5000 7530.2432   25.4974
   -7.5000   15.0000   37.5000 7321.6802   25.1094
    0.0000   15.0000   37.5000 7736.3320   25.1277
    7.5000   15.0000   37.5000 7399.7466   25.1760
   -7.5000   22.5000   37.5000 7182.6382   24.5683
    0.0000   22.5000   37.5000 7575.1021   24.5826
    7.5000   22.5000   37.5000 7261.7461   24.6306
   -7.5000   30.0000   37.5000 7299.6221   24.5539
    0.0000   30.0000   37.5000 7684.5132   24.5651
    7.5000   30.0000   37.5000 7362.2666   24.6105
   -7.5000   37.5000   37.5000 7081.5449   23.8418
    0.0000   37.5000   37.5000 7427.1084   23.8548
    7.5000   37.5000   37.5000 7113.6826   23.8979
   -7.5000   45.0000   37.5000 6779.5127   22.9981
    0.0000   45.0000   37.5000 7122.5801   23.0158
    7.5000   45.0000   37.5000 6821.0596   23.0594
   -7.5000  -45.0000   45.0000 3691.0557   30.3172
    0.0000  -45.0000   45.0000 3911.8914   30.3626
    7.5000  -45.0000   45.0000 3788.7095   30.4345
   -7.5000  -37.5000   45.0000 4143.7061   30.1411
    0.0000  -37.5000   45.0000 4385.4204   30.1677
    7.5000  -37.5000   45.0000 4255.7788   30.2309
   -7.5000  -30.0000   45.0000 4664.9473   29.1768
    0.0000  -30.0000   45.0000 4951.7217   29.2076
    7.5000  -30.0000   45.0000 4791.1631   29.2642
   -7.5000  -22.5000   45.0000 5043.1060   27.9271
    0.0000  -22.5000   45.0000 5377.4009   27.9634
    7.5000  -22.5000   45.0000 5181.9424   28.0152
   -7.5000  -15.0000   45.0000 5646.9727   27.0682
    0.0000  -15.0000   45.0000 6038.0742   27.0964
    7.5000  -15.0000   45.0000 5802.7529   27.1433
   -7.5000   -7.5000   45.0000 6235.7480   26.4182
    0.0000   -7.5000   45.0000 6678.0737   26.4373
    7.5000   -7.5000   45.0000 6417.7427   26.4790
   -7.5000    0.0000   45.0000 6856.7109   26.2167
    0.0000    0.0000   45.0000 7344.4346   26.2372
    7.5000    0.0000   45.0000 7050.5034   26.2829
   -7.5000    7.5000   45.0000 6847.8555   26.2030
    0.0000    7.5000   45.0000 7287.8223   26.2292
    7.5000    7.5000   45.0000 6993.8472   26.2802
   -7.5000   15.0000   45.0000 6767.8174   25.8678
    0.0000   15.0000   45.0000 7165.6909   25.9020
    7.5000   15.0000   45.0000 6873.6943   25.9541
   -7.5000   22.5000   45.0000 6640.7236   25.3015
    0.0000   22.5000   45.0000 7030.3867   25.3368
    7.5000   22.5000   45.0000 6758.8223   25.3862
   -7.5000   30.0000   45.0000 6715.7485   25.2797
    0.0000   30.0000   45.0000 7103.4214   25.3068
    7.5000   30.0000   45.0000 6826.8525   25.3507
   -7.5000   37.5000   45.0000 6523.9429   24.5473
    0.0000   37.5000   45.0000 6874.2305   24.5661
    7.5000   37.5000   45.0000 6596.6948   24.6054
   -7.5000   45.0000   45.0000 6252.1997   23.6792
    0.0000   45.0000   45.0000 6589.6587   23.6977
    7.5000   45.0000   45.0000 6329.0293   23.7389

---------------------------------------------------------------------
imgreg_4dfp /opt/freesurfer/average/711-2C_as_mni_average_305 /opt/freesurfer/average/711-2B_as_mni_average_305_mask talsrcimg_g11 none talsrcimg_to_711-2C_as_mni_average_305_t4 4355
---------------------------------------------------------------------

freesurfer imgreg_4dfp.c
/opt/freesurfer/average/711-2C_as_mni_average_305.4dfp.img
       256       256       256         1
  1.000000  1.000000  1.000000
orientation T byte_order littleendian
Reading image: /opt/freesurfer/average/711-2C_as_mni_average_305.4dfp.img
dimensions:      256       256       256
mmppix:       1.0000   -1.0000   -1.0000
center:     128.0000 -129.0000 -129.0000
/opt/freesurfer/average/711-2B_as_mni_average_305_mask.4dfp.img
       256       256       256         1
  1.000000  1.000000  1.000000
orientation T byte_order littleendian
Reading mask: /opt/freesurfer/average/711-2B_as_mni_average_305_mask.4dfp.img (2306576 pixels)
talsrcimg_g11.4dfp.img
       320       320       320         1
  0.700000  0.700000  0.700000
orientation T byte_order littleendian
Reading image: talsrcimg_g11.4dfp.img
dimensions:      320       320       320
mmppix:       0.7000   -0.7000   -0.7000
center:     112.0000 -112.7000 -112.7000
rotation matrix determinant  1.000000
image alignment mode   4355 decimal     1103 hex
   -7.5000  -30.0000  -45.0000 1842.9294   26.1290
    0.0000  -30.0000  -45.0000 1859.2216   25.9486
    7.5000  -30.0000  -45.0000 1849.2327   26.0269
   -7.5000  -22.5000  -45.0000 1955.4043   23.2492
    0.0000  -22.5000  -45.0000 1974.5114   23.1083
    7.5000  -22.5000  -45.0000 1966.3230   23.1065
   -7.5000  -15.0000  -45.0000 2065.3862   20.9441
    0.0000  -15.0000  -45.0000 2086.3145   20.8895
    7.5000  -15.0000  -45.0000 2080.0786   20.8291
   -7.5000   -7.5000  -45.0000 2153.6116   19.1092
    0.0000   -7.5000  -45.0000 2175.1714   19.1104
    7.5000   -7.5000  -45.0000 2170.0925   18.9953
   -7.5000    0.0000  -45.0000 2219.2625   17.7459
    0.0000    0.0000  -45.0000 2247.4473   17.7709
    7.5000    0.0000  -45.0000 2232.6353   17.6732
   -7.5000    7.5000  -45.0000 2263.7612   16.8497
    0.0000    7.5000  -45.0000 2288.4080   16.8622
    7.5000    7.5000  -45.0000 2270.1685   16.8085
   -7.5000   15.0000  -45.0000 2285.0596   16.2736
    0.0000   15.0000  -45.0000 2312.8501   16.2443
    7.5000   15.0000  -45.0000 2293.6331   16.2298
   -7.5000   22.5000  -45.0000 2298.8701   16.0342
    0.0000   22.5000  -45.0000 2324.2373   15.9750
    7.5000   22.5000  -45.0000 2305.1270   15.9427
   -7.5000   30.0000  -45.0000 2298.5928   16.0333
    0.0000   30.0000  -45.0000 2326.1384   15.9578
    7.5000   30.0000  -45.0000 2308.6523   15.9507
   -7.5000   37.5000  -45.0000 2252.0479   16.2724
    0.0000   37.5000  -45.0000 2281.3916   16.1532
    7.5000   37.5000  -45.0000 2264.9937   16.1614
   -7.5000   45.0000  -45.0000 2158.0654   16.5860
    0.0000   45.0000  -45.0000 2182.7993   16.4414
    7.5000   45.0000  -45.0000 2167.7964   16.4495
   -7.5000   52.5000  -45.0000 2029.2754   16.8080
    0.0000   52.5000  -45.0000 2051.2039   16.6977
    7.5000   52.5000  -45.0000 2038.0117   16.6538
   -7.5000   60.0000  -45.0000 1878.3711   17.0287
    0.0000   60.0000  -45.0000 1902.4178   16.8930
    7.5000   60.0000  -45.0000 1887.9097   16.9069
   -7.5000  -30.0000  -37.5000 1956.0789   26.5216
    0.0000  -30.0000  -37.5000 1964.4530   26.3408
    7.5000  -30.0000  -37.5000 1956.2178   26.3410
   -7.5000  -22.5000  -37.5000 2086.1326   23.5033
    0.0000  -22.5000  -37.5000 2097.4392   23.3947
    7.5000  -22.5000  -37.5000 2085.7373   23.2981
   -7.5000  -15.0000  -37.5000 2205.2424   21.0915
    0.0000  -15.0000  -37.5000 2222.5552   21.0367
    7.5000  -15.0000  -37.5000 2204.1509   20.9334
   -7.5000   -7.5000  -37.5000 2302.1299   19.2117
    0.0000   -7.5000  -37.5000 2322.3794   19.1429
    7.5000   -7.5000  -37.5000 2302.1016   19.0532
   -7.5000    0.0000  -37.5000 2373.5129   17.8197
    0.0000    0.0000  -37.5000 2400.0745   17.7562
    7.5000    0.0000  -37.5000 2379.8103   17.6441
   -7.5000    7.5000  -37.5000 2423.1792   16.7863
    0.0000    7.5000  -37.5000 2448.5146   16.7417
    7.5000    7.5000  -37.5000 2429.6875   16.6834
   -7.5000   15.0000  -37.5000 2460.8833   16.1788
    0.0000   15.0000  -37.5000 2484.4111   16.0965
    7.5000   15.0000  -37.5000 2467.8225   16.1047
   -7.5000   22.5000  -37.5000 2472.4224   15.8861
    0.0000   22.5000  -37.5000 2495.3994   15.8206
    7.5000   22.5000  -37.5000 2477.4292   15.8204
   -7.5000   30.0000  -37.5000 2470.5044   15.8975
    0.0000   30.0000  -37.5000 2494.6194   15.7933
    7.5000   30.0000  -37.5000 2476.1152   15.8185
   -7.5000   37.5000  -37.5000 2424.7573   16.1382
    0.0000   37.5000  -37.5000 2446.9272   15.9879
    7.5000   37.5000  -37.5000 2430.8855   16.0110
   -7.5000   45.0000  -37.5000 2328.1389   16.4073
    0.0000   45.0000  -37.5000 2352.1116   16.2646
    7.5000   45.0000  -37.5000 2334.4988   16.2690
   -7.5000   52.5000  -37.5000 2189.6775   16.6419
    0.0000   52.5000  -37.5000 2213.4973   16.4989
    7.5000   52.5000  -37.5000 2196.3059   16.4895
   -7.5000   60.0000  -37.5000 2025.5256   16.8937
    0.0000   60.0000  -37.5000 2048.3882   16.7243
    7.5000   60.0000  -37.5000 2031.6200   16.7690
   -7.5000  -30.0000  -30.0000 2050.7410   26.7981
    0.0000  -30.0000  -30.0000 2057.6602   26.6075
    7.5000  -30.0000  -30.0000 2050.2129   26.5377
   -7.5000  -22.5000  -30.0000 2189.9480   23.5977
    0.0000  -22.5000  -30.0000 2201.3376   23.4841
    7.5000  -22.5000  -30.0000 2189.8030   23.3267
   -7.5000  -15.0000  -30.0000 2311.0037   21.0680
    0.0000  -15.0000  -30.0000 2331.2964   20.9556
    7.5000  -15.0000  -30.0000 2312.9592   20.8862
   -7.5000   -7.5000  -30.0000 2414.0322   19.1451
    0.0000   -7.5000  -30.0000 2436.7969   18.9945
    7.5000   -7.5000  -30.0000 2415.5901   18.9708
   -7.5000    0.0000  -30.0000 2498.1545   17.6759
    0.0000    0.0000  -30.0000 2523.2932   17.5597
    7.5000    0.0000  -30.0000 2501.1843   17.4928
   -7.5000    7.5000  -30.0000 2555.9109   16.6005
    0.0000    7.5000  -30.0000 2580.3633   16.4907
    7.5000    7.5000  -30.0000 2564.6497   16.4378
   -7.5000   15.0000  -30.0000 2599.2244   15.8849
    0.0000   15.0000  -30.0000 2625.6909   15.7684
    7.5000   15.0000  -30.0000 2611.1433   15.7725
   -7.5000   22.5000  -30.0000 2617.4744   15.5405
    0.0000   22.5000  -30.0000 2643.0078   15.4643
    7.5000   22.5000  -30.0000 2627.2744   15.4842
   -7.5000   30.0000  -30.0000 2621.4795   15.5948
    0.0000   30.0000  -30.0000 2648.1440   15.4632
    7.5000   30.0000  -30.0000 2628.7292   15.5170
   -7.5000   37.5000  -30.0000 2574.5964   15.8444
    0.0000   37.5000  -30.0000 2600.4370   15.6768
    7.5000   37.5000  -30.0000 2585.0527   15.7271
   -7.5000   45.0000  -30.0000 2475.1389   16.1146
    0.0000   45.0000  -30.0000 2499.5422   15.9474
    7.5000   45.0000  -30.0000 2482.7141   15.9786
   -7.5000   52.5000  -30.0000 2333.6313   16.3776
    0.0000   52.5000  -30.0000 2355.2026   16.1849
    7.5000   52.5000  -30.0000 2340.8596   16.2356
   -7.5000   60.0000  -30.0000 2154.1531   16.6275
    0.0000   60.0000  -30.0000 2172.8035   16.4413
    7.5000   60.0000  -30.0000 2160.6729   16.4718
   -7.5000  -30.0000  -22.5000 2070.6914   26.0971
    0.0000  -30.0000  -22.5000 2086.9001   25.8664
    7.5000  -30.0000  -22.5000 2073.0020   25.8098
   -7.5000  -22.5000  -22.5000 2208.6338   22.9153
    0.0000  -22.5000  -22.5000 2228.9553   22.7110
    7.5000  -22.5000  -22.5000 2212.1990   22.6392
   -7.5000  -15.0000  -22.5000 2332.7527   20.4188
    0.0000  -15.0000  -22.5000 2357.1763   20.2059
    7.5000  -15.0000  -22.5000 2338.8975   20.1430
   -7.5000   -7.5000  -22.5000 2439.2180   18.4666
    0.0000   -7.5000  -22.5000 2465.3115   18.2659
    7.5000   -7.5000  -22.5000 2448.0173   18.2396
   -7.5000    0.0000  -22.5000 2528.2744   16.9560
    0.0000    0.0000  -22.5000 2558.2932   16.7829
    7.5000    0.0000  -22.5000 2537.2483   16.7744
   -7.5000    7.5000  -22.5000 2598.4988   15.8229
    0.0000    7.5000  -22.5000 2627.0977   15.6603
    7.5000    7.5000  -22.5000 2608.5493   15.6799
   -7.5000   15.0000  -22.5000 2644.8582   15.0369
    0.0000   15.0000  -22.5000 2677.7776   14.8847
    7.5000   15.0000  -22.5000 2660.6279   14.9292
   -7.5000   22.5000  -22.5000 2673.2378   14.6571
    0.0000   22.5000  -22.5000 2706.8318   14.4823
    7.5000   22.5000  -22.5000 2684.2686   14.5773
   -7.5000   30.0000  -22.5000 2684.8884   14.7805
    0.0000   30.0000  -22.5000 2710.6189   14.5434
    7.5000   30.0000  -22.5000 2695.7380   14.6726
   -7.5000   37.5000  -22.5000 2636.3230   15.0563
    0.0000   37.5000  -22.5000 2665.7346   14.8067
    7.5000   37.5000  -22.5000 2656.8833   14.9018
   -7.5000   45.0000  -22.5000 2529.9285   15.2925
    0.0000   45.0000  -22.5000 2554.0984   15.0547
    7.5000   45.0000  -22.5000 2546.5850   15.1353
   -7.5000   52.5000  -22.5000 2385.8342   15.5619
    0.0000   52.5000  -22.5000 2405.8291   15.2987
    7.5000   52.5000  -22.5000 2395.1624   15.3942
   -7.5000   60.0000  -22.5000 2204.5645   15.8119
    0.0000   60.0000  -22.5000 2221.3132   15.5760
    7.5000   60.0000  -22.5000 2211.6047   15.6649
   -7.5000  -30.0000  -15.0000 2120.7798   26.1093
    0.0000  -30.0000  -15.0000 2143.1934   25.8236
    7.5000  -30.0000  -15.0000 2126.7988   25.7880
   -7.5000  -22.5000  -15.0000 2262.3596   22.8422
    0.0000  -22.5000  -15.0000 2290.1643   22.5476
    7.5000  -22.5000  -15.0000 2267.2288   22.4915
   -7.5000  -15.0000  -15.0000 2395.5459   20.3346
    0.0000  -15.0000  -15.0000 2425.5471   20.0245
    7.5000  -15.0000  -15.0000 2402.6274   20.0306
   -7.5000   -7.5000  -15.0000 2511.8921   18.3482
    0.0000   -7.5000  -15.0000 2540.9426   18.0369
    7.5000   -7.5000  -15.0000 2527.5361   18.0998
   -7.5000    0.0000  -15.0000 2611.5471   16.7955
    0.0000    0.0000  -15.0000 2638.8457   16.4942
    7.5000    0.0000  -15.0000 2629.0706   16.6008
   -7.5000    7.5000  -15.0000 2693.1191   15.6026
    0.0000    7.5000  -15.0000 2724.9724   15.3434
    7.5000    7.5000  -15.0000 2713.1052   15.4293
   -7.5000   15.0000  -15.0000 2751.5991   14.7815
    0.0000   15.0000  -15.0000 2787.4231   14.5455
    7.5000   15.0000  -15.0000 2772.0366   14.6482
   -7.5000   22.5000  -15.0000 2787.1670   14.3080
    0.0000   22.5000  -15.0000 2824.4529   13.9349
    7.5000   22.5000  -15.0000 2810.1746   14.2193
   -7.5000   30.0000  -15.0000 2800.8376   14.4520
    0.0000   30.0000  -15.0000 2828.4036   14.0340
    7.5000   30.0000  -15.0000 2822.3506   14.3065
   -7.5000   37.5000  -15.0000 2746.5366   14.7290
    0.0000   37.5000  -15.0000 2777.3538   14.3654
    7.5000   37.5000  -15.0000 2780.7847   14.5766
   -7.5000   45.0000  -15.0000 2635.9985   15.0308
    0.0000   45.0000  -15.0000 2661.3857   14.6357
    7.5000   45.0000  -15.0000 2666.2644   14.8771
   -7.5000   52.5000  -15.0000 2483.5974   15.2875
    0.0000   52.5000  -15.0000 2507.0791   14.9273
    7.5000   52.5000  -15.0000 2505.1069   15.1545
   -7.5000   60.0000  -15.0000 2296.6521   15.6332
    0.0000   60.0000  -15.0000 2318.0200   15.2980
    7.5000   60.0000  -15.0000 2314.3152   15.5055
   -7.5000  -30.0000   -7.5000 2151.6365   26.3498
    0.0000  -30.0000   -7.5000 2171.6030   25.8347
    7.5000  -30.0000   -7.5000 2158.3364   25.9559
   -7.5000  -22.5000   -7.5000 2288.9094   22.9936
    0.0000  -22.5000   -7.5000 2310.1111   22.4599
    7.5000  -22.5000   -7.5000 2303.0601   22.5640
   -7.5000  -15.0000   -7.5000 2421.0647   20.3925
    0.0000  -15.0000   -7.5000 2446.1604   19.9209
    7.5000  -15.0000   -7.5000 2440.5012   19.9951
   -7.5000   -7.5000   -7.5000 2544.1746   18.3508
    0.0000   -7.5000   -7.5000 2574.1482   17.8868
    7.5000   -7.5000   -7.5000 2567.5703   17.9419
   -7.5000    0.0000   -7.5000 2656.0142   16.7423
    0.0000    0.0000   -7.5000 2681.8147   16.2845
    7.5000    0.0000   -7.5000 2675.6724   16.3693
   -7.5000    7.5000   -7.5000 2744.6973   15.4958
    0.0000    7.5000   -7.5000 2776.3013   15.0764
    7.5000    7.5000   -7.5000 2768.6709   15.1853
   -7.5000   15.0000   -7.5000 2809.3250   14.6827
    0.0000   15.0000   -7.5000 2850.0339   14.3406
    7.5000   15.0000   -7.5000 2842.9812   14.4372
   -7.5000   22.5000   -7.5000 2853.8113   14.1519
    0.0000   22.5000   -7.5000 2899.3057   13.6658
    7.5000   22.5000   -7.5000 2891.2244   14.0022
   -7.5000   30.0000   -7.5000 2869.2493   14.2048
    0.0000   30.0000   -7.5000 2907.4980   13.6817
    7.5000   30.0000   -7.5000 2905.2244   14.0989
   -7.5000   37.5000   -7.5000 2810.1558   14.4737
    0.0000   37.5000   -7.5000 2843.8315   14.0067
    7.5000   37.5000   -7.5000 2855.3357   14.3577
   -7.5000   45.0000   -7.5000 2701.4636   14.7980
    0.0000   45.0000   -7.5000 2735.1077   14.3481
    7.5000   45.0000   -7.5000 2734.8296   14.6096
   -7.5000   52.5000   -7.5000 2551.7407   15.1456
    0.0000   52.5000   -7.5000 2580.3518   14.7672
    7.5000   52.5000   -7.5000 2576.1174   14.9314
   -7.5000   60.0000   -7.5000 2358.7979   15.5619
    0.0000   60.0000   -7.5000 2384.2539   15.2661
    7.5000   60.0000   -7.5000 2377.5432   15.3682
   -7.5000  -30.0000    0.0000 2151.7666   26.7222
    0.0000  -30.0000    0.0000 2165.1599   26.1100
    7.5000  -30.0000    0.0000 2159.5774   26.1036
   -7.5000  -22.5000    0.0000 2286.6716   23.2828
    0.0000  -22.5000    0.0000 2304.9595   22.6921
    7.5000  -22.5000    0.0000 2299.6914   22.7132
   -7.5000  -15.0000    0.0000 2417.9536   20.6306
    0.0000  -15.0000    0.0000 2444.3606   20.0678
    7.5000  -15.0000    0.0000 2437.8291   20.1234
   -7.5000   -7.5000    0.0000 2548.9927   18.5180
    0.0000   -7.5000    0.0000 2572.9099   17.8967
    7.5000   -7.5000    0.0000 2565.8433   18.0025
   -7.5000    0.0000    0.0000 2664.6128   16.7966
    0.0000    0.0000    0.0000 2684.4915   16.1973
    7.5000    0.0000    0.0000 2681.2544   16.3731
   -7.5000    7.5000    0.0000 2758.0037   15.5905
    0.0000    7.5000    0.0000 2785.3962   14.9964
    7.5000    7.5000    0.0000 2785.3428   15.2010
   -7.5000   15.0000    0.0000 2840.4937   14.8876
    0.0000   15.0000    0.0000 2876.0000   14.3835
    7.5000   15.0000    0.0000 2878.9358   14.5328
   -7.5000   22.5000    0.0000 2900.0588   14.4307
    0.0000   22.5000    0.0000 2955.5317   13.9266
    7.5000   22.5000    0.0000 2939.4495   14.1198
   -7.5000   30.0000    0.0000 2898.2742   14.3114
    0.0000   30.0000    0.0000 2954.9507   13.7713
    7.5000   30.0000    0.0000 2939.5366   14.0167
   -7.5000   37.5000    0.0000 2838.5029   14.4506
    0.0000   37.5000    0.0000 2888.6729   13.9585
    7.5000   37.5000    0.0000 2876.5222   14.1240
   -7.5000   45.0000    0.0000 2730.3164   14.7563
    0.0000   45.0000    0.0000 2770.9329   14.4091
    7.5000   45.0000    0.0000 2763.1807   14.5025
   -7.5000   52.5000    0.0000 2580.7625   15.1671
    0.0000   52.5000    0.0000 2607.2356   14.8815
    7.5000   52.5000    0.0000 2605.7551   14.9282
   -7.5000   60.0000    0.0000 2386.7563   15.6025
    0.0000   60.0000    0.0000 2411.4526   15.3786
    7.5000   60.0000    0.0000 2404.0461   15.4072
   -7.5000  -30.0000    7.5000 2132.9390   27.2929
    0.0000  -30.0000    7.5000 2148.9128   26.5537
    7.5000  -30.0000    7.5000 2146.9021   26.5492
   -7.5000  -22.5000    7.5000 2263.9854   23.6548
    0.0000  -22.5000    7.5000 2288.1516   22.9169
    7.5000  -22.5000    7.5000 2284.3809   23.0092
   -7.5000  -15.0000    7.5000 2390.9092   20.9048
    0.0000  -15.0000    7.5000 2417.9292   20.1516
    7.5000  -15.0000    7.5000 2415.9536   20.2846
   -7.5000   -7.5000    7.5000 2515.3533   18.7763
    0.0000   -7.5000    7.5000 2540.2380   18.0590
    7.5000   -7.5000    7.5000 2539.6746   18.1822
   -7.5000    0.0000    7.5000 2631.3196   17.1047
    0.0000    0.0000    7.5000 2652.4263   16.4445
    7.5000    0.0000    7.5000 2654.1604   16.5864
   -7.5000    7.5000    7.5000 2740.4333   15.9698
    0.0000    7.5000    7.5000 2767.0771   15.3507
    7.5000    7.5000    7.5000 2762.5134   15.4827
   -7.5000   15.0000    7.5000 2826.7920   15.1938
    0.0000   15.0000    7.5000 2871.7571   14.6898
    7.5000   15.0000    7.5000 2859.8425   14.7787
   -7.5000   22.5000    7.5000 2890.1548   14.6790
    0.0000   22.5000    7.5000 2938.5208   14.1095
    7.5000   22.5000    7.5000 2916.4939   14.2437
   -7.5000   30.0000    7.5000 2889.8254   14.5852
    0.0000   30.0000    7.5000 2938.2241   14.0724
    7.5000   30.0000    7.5000 2916.8948   14.0660
   -7.5000   37.5000    7.5000 2837.5386   14.6705
    0.0000   37.5000    7.5000 2895.6353   14.3475
    7.5000   37.5000    7.5000 2874.6440   14.3019
   -7.5000   45.0000    7.5000 2726.4568   14.9729
    0.0000   45.0000    7.5000 2773.6934   14.7541
    7.5000   45.0000    7.5000 2757.6279   14.7408
   -7.5000   52.5000    7.5000 2567.3159   15.3648
    0.0000   52.5000    7.5000 2603.4458   15.1384
    7.5000   52.5000    7.5000 2595.4417   15.1169
   -7.5000   60.0000    7.5000 2374.4038   15.7861
    0.0000   60.0000    7.5000 2407.8682   15.5451
    7.5000   60.0000    7.5000 2398.7593   15.5442
   -7.5000  -30.0000   15.0000 2099.9124   27.9951
    0.0000  -30.0000   15.0000 2115.5449   27.0553
    7.5000  -30.0000   15.0000 2124.3232   27.1085
   -7.5000  -22.5000   15.0000 2230.9417   24.3433
    0.0000  -22.5000   15.0000 2253.7922   23.5557
    7.5000  -22.5000   15.0000 2259.6260   23.5662
   -7.5000  -15.0000   15.0000 2359.6340   21.5923
    0.0000  -15.0000   15.0000 2385.6621   20.8744
    7.5000  -15.0000   15.0000 2382.1721   20.8665
   -7.5000   -7.5000   15.0000 2478.7266   19.4539
    0.0000   -7.5000   15.0000 2507.0728   18.7946
    7.5000   -7.5000   15.0000 2501.1262   18.8286
   -7.5000    0.0000   15.0000 2592.0984   17.7831
    0.0000    0.0000   15.0000 2622.6316   17.1293
    7.5000    0.0000   15.0000 2619.3079   17.2141
   -7.5000    7.5000   15.0000 2697.1934   16.5807
    0.0000    7.5000   15.0000 2732.8350   15.9387
    7.5000    7.5000   15.0000 2729.7644   16.0385
   -7.5000   15.0000   15.0000 2786.1667   15.6822
    0.0000   15.0000   15.0000 2837.0613   15.1193
    7.5000   15.0000   15.0000 2828.8450   15.2228
   -7.5000   22.5000   15.0000 2850.6396   15.0563
    0.0000   22.5000   15.0000 2887.4785   14.4220
    7.5000   22.5000   15.0000 2874.4353   14.5271
   -7.5000   30.0000   15.0000 2858.3325   14.9906
    0.0000   30.0000   15.0000 2903.7166   14.5094
    7.5000   30.0000   15.0000 2894.3013   14.5721
   -7.5000   37.5000   15.0000 2811.8247   15.1734
    0.0000   37.5000   15.0000 2863.0544   14.7943
    7.5000   37.5000   15.0000 2851.4856   14.8415
   -7.5000   45.0000   15.0000 2697.4084   15.5794
    0.0000   45.0000   15.0000 2748.5515   15.2473
    7.5000   45.0000   15.0000 2733.8206   15.2660
   -7.5000   52.5000   15.0000 2533.9392   15.9538
    0.0000   52.5000   15.0000 2575.1550   15.7273
    7.5000   52.5000   15.0000 2564.9338   15.7033
   -7.5000   60.0000   15.0000 2344.1934   16.2799
    0.0000   60.0000   15.0000 2384.5308   16.0626
    7.5000   60.0000   15.0000 2372.8345   16.0325
   -7.5000  -30.0000   22.5000 2057.5457   29.0749
    0.0000  -30.0000   22.5000 2072.5999   28.2480
    7.5000  -30.0000   22.5000 2083.4238   28.2051
   -7.5000  -22.5000   22.5000 2194.4307   25.3670
    0.0000  -22.5000   22.5000 2217.3914   24.7158
    7.5000  -22.5000   22.5000 2220.9250   24.6297
   -7.5000  -15.0000   22.5000 2319.9976   22.5094
    0.0000  -15.0000   22.5000 2350.7024   21.9178
    7.5000  -15.0000   22.5000 2346.4004   21.8321
   -7.5000   -7.5000   22.5000 2435.2415   20.2787
    0.0000   -7.5000   22.5000 2469.9402   19.7054
    7.5000   -7.5000   22.5000 2463.0674   19.6536
   -7.5000    0.0000   22.5000 2544.6963   18.5375
    0.0000    0.0000   22.5000 2585.3179   17.9536
    7.5000    0.0000   22.5000 2580.9351   17.9834
   -7.5000    7.5000   22.5000 2652.3882   17.3176
    0.0000    7.5000   22.5000 2696.5500   16.7150
    7.5000    7.5000   22.5000 2690.8381   16.7422
   -7.5000   15.0000   22.5000 2726.2615   16.3842
    0.0000   15.0000   22.5000 2776.2153   15.7187
    7.5000   15.0000   22.5000 2772.3577   15.7826
   -7.5000   22.5000   22.5000 2784.9443   15.7574
    0.0000   22.5000   22.5000 2826.8750   15.1774
    7.5000   22.5000   22.5000 2821.9949   15.2216
   -7.5000   30.0000   22.5000 2805.7615   15.7417
    0.0000   30.0000   22.5000 2846.0056   15.2744
    7.5000   30.0000   22.5000 2843.9509   15.2887
   -7.5000   37.5000   22.5000 2759.0151   15.9483
    0.0000   37.5000   22.5000 2797.9355   15.5265
    7.5000   37.5000   22.5000 2792.3857   15.5662
   -7.5000   45.0000   22.5000 2643.8994   16.2945
    0.0000   45.0000   22.5000 2695.6658   15.9224
    7.5000   45.0000   22.5000 2682.2446   15.9237
   -7.5000   52.5000   22.5000 2483.1602   16.6428
    0.0000   52.5000   22.5000 2526.4021   16.3465
    7.5000   52.5000   22.5000 2516.0034   16.3334
   -7.5000   60.0000   22.5000 2299.8225   16.9658
    0.0000   60.0000   22.5000 2337.4346   16.7170
    7.5000   60.0000   22.5000 2328.8577   16.6613
   -7.5000  -30.0000   30.0000 2001.5477   30.4648
    0.0000  -30.0000   30.0000 2024.1722   29.7761
    7.5000  -30.0000   30.0000 2032.3737   29.7160
   -7.5000  -22.5000   30.0000 2141.3967   26.5848
    0.0000  -22.5000   30.0000 2169.6301   25.9428
    7.5000  -22.5000   30.0000 2173.6052   25.8343
   -7.5000  -15.0000   30.0000 2267.9375   23.5811
    0.0000  -15.0000   30.0000 2303.8115   23.0154
    7.5000  -15.0000   30.0000 2301.4839   22.8919
   -7.5000   -7.5000   30.0000 2382.7451   21.2571
    0.0000   -7.5000   30.0000 2425.6436   20.6703
    7.5000   -7.5000   30.0000 2424.3035   20.6013
   -7.5000    0.0000   30.0000 2492.0984   19.4592
    0.0000    0.0000   30.0000 2542.5664   18.8853
    7.5000    0.0000   30.0000 2540.8972   18.8788
   -7.5000    7.5000   30.0000 2585.0059   18.1236
    0.0000    7.5000   30.0000 2637.8623   17.5564
    7.5000    7.5000   30.0000 2637.2888   17.5698
   -7.5000   15.0000   30.0000 2653.9988   17.2229
    0.0000   15.0000   30.0000 2706.2673   16.6062
    7.5000   15.0000   30.0000 2703.8064   16.6265
   -7.5000   22.5000   30.0000 2706.6003   16.6493
    0.0000   22.5000   30.0000 2748.3977   16.1706
    7.5000   22.5000   30.0000 2748.8516   16.1629
   -7.5000   30.0000   30.0000 2728.6287   16.6843
    0.0000   30.0000   30.0000 2769.8630   16.1905
    7.5000   30.0000   30.0000 2767.1887   16.1672
   -7.5000   37.5000   30.0000 2678.4253   16.8880
    0.0000   37.5000   30.0000 2715.0674   16.4310
    7.5000   37.5000   30.0000 2710.5950   16.3963
   -7.5000   45.0000   30.0000 2570.9229   17.1859
    0.0000   45.0000   30.0000 2612.2671   16.8061
    7.5000   45.0000   30.0000 2601.2253   16.7496
   -7.5000   52.5000   30.0000 2415.3689   17.4696
    0.0000   52.5000   30.0000 2454.8003   17.1409
    7.5000   52.5000   30.0000 2446.4028   17.0767
   -7.5000   60.0000   30.0000 2245.1062   17.6973
    0.0000   60.0000   30.0000 2275.8442   17.4487
    7.5000   60.0000   30.0000 2271.2883   17.3708
   -7.5000  -30.0000   37.5000 1937.3126   32.0993
    0.0000  -30.0000   37.5000 1965.7303   31.4817
    7.5000  -30.0000   37.5000 1970.9586   31.3944
   -7.5000  -22.5000   37.5000 2077.8069   27.9048
    0.0000  -22.5000   37.5000 2113.3228   27.3563
    7.5000  -22.5000   37.5000 2117.9060   27.1950
   -7.5000  -15.0000   37.5000 2204.9387   24.7643
    0.0000  -15.0000   37.5000 2250.0696   24.2577
    7.5000  -15.0000   37.5000 2249.3845   24.1200
   -7.5000   -7.5000   37.5000 2322.7341   22.3497
    0.0000   -7.5000   37.5000 2372.9844   21.8392
    7.5000   -7.5000   37.5000 2370.5703   21.7422
   -7.5000    0.0000   37.5000 2425.8630   20.5513
    0.0000    0.0000   37.5000 2480.3445   20.0114
    7.5000    0.0000   37.5000 2477.2185   19.9789
   -7.5000    7.5000   37.5000 2509.8611   19.1944
    0.0000    7.5000   37.5000 2566.7241   18.6654
    7.5000    7.5000   37.5000 2563.5134   18.6279
   -7.5000   15.0000   37.5000 2578.0981   18.2693
    0.0000   15.0000   37.5000 2628.9094   17.7753
    7.5000   15.0000   37.5000 2624.5220   17.7518
   -7.5000   22.5000   37.5000 2620.6406   17.7541
    0.0000   22.5000   37.5000 2663.2642   17.3377
    7.5000   22.5000   37.5000 2664.5232   17.3115
   -7.5000   30.0000   37.5000 2628.6343   17.7336
    0.0000   30.0000   37.5000 2668.5779   17.2819
    7.5000   30.0000   37.5000 2668.8794   17.2218
   -7.5000   37.5000   37.5000 2583.2839   17.9465
    0.0000   37.5000   37.5000 2616.2581   17.5055
    7.5000   37.5000   37.5000 2611.9695   17.4432
   -7.5000   45.0000   37.5000 2483.1836   18.1668
    0.0000   45.0000   37.5000 2523.2686   17.7874
    7.5000   45.0000   37.5000 2518.4961   17.7049
   -7.5000   52.5000   37.5000 2339.4377   18.3830
    0.0000   52.5000   37.5000 2379.6353   18.0341
    7.5000   52.5000   37.5000 2375.6357   17.9672
   -7.5000   60.0000   37.5000 2178.9265   18.5899
    0.0000   60.0000   37.5000 2200.5144   18.2903
    7.5000   60.0000   37.5000 2197.0886   18.2202
   -7.5000  -30.0000   45.0000 1851.6550   33.9816
    0.0000  -30.0000   45.0000 1880.2615   33.2167
    7.5000  -30.0000   45.0000 1890.0397   33.2294
   -7.5000  -22.5000   45.0000 1995.0917   29.4409
    0.0000  -22.5000   45.0000 2033.9307   28.9184
    7.5000  -22.5000   45.0000 2038.0247   28.8286
   -7.5000  -15.0000   45.0000 2122.7168   26.1453
    0.0000  -15.0000   45.0000 2166.6807   25.6920
    7.5000  -15.0000   45.0000 2165.8987   25.6010
   -7.5000   -7.5000   45.0000 2236.9875   23.6812
    0.0000   -7.5000   45.0000 2289.4280   23.1926
    7.5000   -7.5000   45.0000 2286.8455   23.1317
   -7.5000    0.0000   45.0000 2333.1523   21.7679
    0.0000    0.0000   45.0000 2391.9084   21.3045
    7.5000    0.0000   45.0000 2388.1133   21.2619
   -7.5000    7.5000   45.0000 2418.3687   20.4119
    0.0000    7.5000   45.0000 2466.7021   19.9192
    7.5000    7.5000   45.0000 2465.8000   19.8785
   -7.5000   15.0000   45.0000 2476.2188   19.4569
    0.0000   15.0000   45.0000 2518.3120   19.0426
    7.5000   15.0000   45.0000 2518.8418   19.0271
   -7.5000   22.5000   45.0000 2510.1089   19.0081
    0.0000   22.5000   45.0000 2552.4316   18.6048
    7.5000   22.5000   45.0000 2555.4478   18.5674
   -7.5000   30.0000   45.0000 2508.4395   18.9446
    0.0000   30.0000   45.0000 2547.8962   18.5290
    7.5000   30.0000   45.0000 2550.7578   18.4582
   -7.5000   37.5000   45.0000 2463.6216   19.1401
    0.0000   37.5000   45.0000 2494.4397   18.7344
    7.5000   37.5000   45.0000 2493.7688   18.6566
   -7.5000   45.0000   45.0000 2366.4370   19.2949
    0.0000   45.0000   45.0000 2402.8616   18.9316
    7.5000   45.0000   45.0000 2402.2549   18.8644
   -7.5000   52.5000   45.0000 2242.7024   19.4355
    0.0000   52.5000   45.0000 2274.1655   19.0379
    7.5000   52.5000   45.0000 2272.0242   18.9906
   -7.5000   60.0000   45.0000 2085.3291   19.5714
    0.0000   60.0000   45.0000 2106.7788   19.2070
    7.5000   60.0000   45.0000 2102.4600   19.1587

---------------------------------------------------------------------
imgreg_4dfp /opt/freesurfer/average/711-2C_as_mni_average_305 /opt/freesurfer/average/711-2B_as_mni_average_305_mask talsrcimg_g11 none talsrcimg_to_711-2C_as_mni_average_305_t4 1283
---------------------------------------------------------------------

freesurfer imgreg_4dfp.c
/opt/freesurfer/average/711-2C_as_mni_average_305.4dfp.img
       256       256       256         1
  1.000000  1.000000  1.000000
orientation T byte_order littleendian
Reading image: /opt/freesurfer/average/711-2C_as_mni_average_305.4dfp.img
dimensions:      256       256       256
mmppix:       1.0000   -1.0000   -1.0000
center:     128.0000 -129.0000 -129.0000
/opt/freesurfer/average/711-2B_as_mni_average_305_mask.4dfp.img
       256       256       256         1
  1.000000  1.000000  1.000000
orientation T byte_order littleendian
Reading mask: /opt/freesurfer/average/711-2B_as_mni_average_305_mask.4dfp.img (2306576 pixels)
talsrcimg_g11.4dfp.img
       320       320       320         1
  0.700000  0.700000  0.700000
orientation T byte_order littleendian
Reading image: talsrcimg_g11.4dfp.img
dimensions:      320       320       320
mmppix:       0.7000   -0.7000   -0.7000
center:     112.0000 -112.7000 -112.7000
rotation matrix determinant  1.000000
fimgreg.f
image alignment mode   1283 decimal      503 hex
parameters
    0.0000   22.5000    0.0000    0.0000    0.0000    0.0000
eta,q 0.92869 14.00251
niter,ni,del,rscale     5    3   12.0000    1.2000
parameter  4  0.926966 ->  0.500000 qaram    1.1500
parameters
    1.6710   24.3381    0.6742   -3.4500   -1.0369   -0.3534
eta,q 0.93187 13.81525
  0.0843  0.0910  0.0760  0.0668  0.0693  0.0702
  0.0776  0.0819  0.0732  0.0681  0.0684  0.0690
  0.0725  0.0747  0.0726  0.0684  0.0682  0.0683
  0.0712  0.0708  0.0701  0.0691  0.0682  0.0681
  0.0708  0.0702  0.0678  0.0714  0.0684  0.0686
  0.0714  0.0726  0.0704  0.0745  0.0688  0.0693
  0.0744  0.0754  0.0753  0.0775  0.0714  0.0707
niter,ni,del,rscale     5    3   12.0000    1.2000
parameter  4  1.931391 ->  0.500000 qaram    1.3225
parameters
    1.5819   26.2643    0.6147   -7.4175   -0.1379   -2.3368
eta,q 0.93787 13.84711
  0.0754  0.0822  0.0750  0.0632  0.0690  0.0640
  0.0699  0.0742  0.0729  0.0622  0.0664  0.0626
  0.0674  0.0692  0.0702  0.0646  0.0641  0.0621
  0.0681  0.0681  0.0678  0.0678  0.0626  0.0626
  0.0693  0.0677  0.0683  0.0699  0.0630  0.0639
  0.0708  0.0683  0.0722  0.0723  0.0643  0.0664
  0.0749  0.0700  0.0766  0.0748  0.0663  0.0695
niter,ni,del,rscale     5    3   12.0000    1.2000
parameters
    0.9402   28.1916    0.1019   -9.6864   -0.4599   -3.1432
eta,q 0.94090 13.78426
  0.0709  0.0831  0.0708  0.0669  0.0651  0.0620
  0.0643  0.0743  0.0651  0.0617  0.0610  0.0603
  0.0621  0.0665  0.0620  0.0593  0.0586  0.0593
  0.0621  0.0620  0.0612  0.0611  0.0594  0.0591
  0.0636  0.0612  0.0635  0.0657  0.0611  0.0597
  0.0687  0.0632  0.0684  0.0719  0.0627  0.0616
  0.0747  0.0669  0.0739  0.0754  0.0650  0.0645
niter,ni,del,rscale     4    3   12.0000    1.2000
parameters
    1.1291   28.9549   -0.2891  -10.2214   -0.7964   -3.2176
eta,q 0.94126 13.73361
  0.0725  0.0782  0.0691  0.0708  0.0649  0.0627
  0.0639  0.0686  0.0632  0.0647  0.0606  0.0607
  0.0596  0.0615  0.0601  0.0597  0.0583  0.0593
  0.0591  0.0591  0.0592  0.0592  0.0590  0.0587
  0.0596  0.0606  0.0614  0.0622  0.0608  0.0593
  0.0633  0.0657  0.0658  0.0677  0.0625  0.0607
  0.0704  0.0691  0.0714  0.0732  0.0649  0.0630
niter,ni,del,rscale     3    3   12.0000    1.2000
parameters
    1.1564   29.1604   -0.3497  -10.3435   -0.7996   -3.1645
eta,q 0.94115 13.71989
  0.0718  0.0748  0.0701  0.0720  0.0657  0.0629
  0.0633  0.0661  0.0642  0.0657  0.0614  0.0609
  0.0591  0.0598  0.0604  0.0601  0.0586  0.0595
  0.0587  0.0587  0.0589  0.0589  0.0589  0.0589
  0.0600  0.0618  0.0608  0.0615  0.0605  0.0593
  0.0641  0.0674  0.0649  0.0666  0.0622  0.0606
  0.0706  0.0704  0.0702  0.0722  0.0645  0.0629
niter,ni,del,rscale     2    3   12.0000    1.2000
parameters
    1.1493   29.2174   -0.3619  -10.3745   -0.7915   -3.1500
eta,q 0.94112 13.71652
  0.0716  0.0740  0.0702  0.0723  0.0657  0.0629
  0.0632  0.0655  0.0643  0.0660  0.0614  0.0609
  0.0592  0.0595  0.0604  0.0602  0.0586  0.0595
  0.0588  0.0588  0.0589  0.0589  0.0589  0.0589
  0.0602  0.0623  0.0607  0.0614  0.0605  0.0594
  0.0643  0.0678  0.0648  0.0664  0.0622  0.0607
  0.0706  0.0708  0.0700  0.0719  0.0645  0.0629
registration optimization eta report
parameter search radius
    6.0000    6.0000    6.0000    7.9350    6.0000    6.0000
100000*second partial in parameter space
       35.       37.       30.       20.       17.       11.
  0.0716  0.0740  0.0702  0.0723  0.0657  0.0629
  0.0632  0.0655  0.0643  0.0660  0.0614  0.0609
  0.0592  0.0595  0.0604  0.0602  0.0586  0.0595
  0.0588  0.0588  0.0589  0.0589  0.0589  0.0589
  0.0602  0.0623  0.0607  0.0614  0.0605  0.0594
  0.0643  0.0678  0.0648  0.0664  0.0622  0.0607
  0.0706  0.0708  0.0700  0.0719  0.0645  0.0629
    1.1493   29.2174   -0.3619  -10.3745   -0.7915   -3.1500
eta,q 0.94112 13.71652

---------------------------------------------------------------------
imgreg_4dfp /opt/freesurfer/average/711-2C_as_mni_average_305 /opt/freesurfer/average/711-2B_as_mni_average_305_mask talsrcimg_g11 none talsrcimg_to_711-2C_as_mni_average_305_t4 3335
---------------------------------------------------------------------

freesurfer imgreg_4dfp.c
/opt/freesurfer/average/711-2C_as_mni_average_305.4dfp.img
       256       256       256         1
  1.000000  1.000000  1.000000
orientation T byte_order littleendian
Reading image: /opt/freesurfer/average/711-2C_as_mni_average_305.4dfp.img
dimensions:      256       256       256
mmppix:       1.0000   -1.0000   -1.0000
center:     128.0000 -129.0000 -129.0000
/opt/freesurfer/average/711-2B_as_mni_average_305_mask.4dfp.img
       256       256       256         1
  1.000000  1.000000  1.000000
orientation T byte_order littleendian
Reading mask: /opt/freesurfer/average/711-2B_as_mni_average_305_mask.4dfp.img (2306576 pixels)
talsrcimg_g11.4dfp.img
       320       320       320         1
  0.700000  0.700000  0.700000
orientation T byte_order littleendian
Reading image: talsrcimg_g11.4dfp.img
dimensions:      320       320       320
mmppix:       0.7000   -0.7000   -0.7000
center:     112.0000 -112.7000 -112.7000
fimgreg.f
image alignment mode   3335 decimal      D07 hex
parameters
    1.1493   29.2174   -0.3619   -0.1606   -1.7698   -1.6442
    5.1568    2.3464   -5.4945   17.9062   -1.3815  -18.0064
eta,q 0.94178 13.86471
niter,ni,del,rscale     5    3    5.0000    1.2000
parameter  4-41.770538 ->  0.500000 qaram    1.1500
parameter  5  8.917819 ->  0.500000 qaram    1.1500
parameter  6  0.626593 ->  0.500000 qaram    1.1500
parameters
    1.3914   28.6767   -0.2760   -4.3006   -5.9098   -5.7842
    3.5271    2.1197   -2.5129   14.8305    1.8304  -19.3010
eta,q 0.96500 14.07394
  0.0606  0.0590  0.0613  0.0437  0.0359  0.0388  0.0390  0.0440  0.0411  0.0371  0.0391  0.0361
  0.0593  0.0583  0.0596  0.0471  0.0386  0.0373  0.0376  0.0402  0.0393  0.0358  0.0374  0.0354
  0.0585  0.0581  0.0585  0.0522  0.0431  0.0370  0.0369  0.0376  0.0378  0.0354  0.0362  0.0350
  0.0582  0.0582  0.0581  0.0581  0.0484  0.0397  0.0370  0.0368  0.0368  0.0363  0.0354  0.0351
  0.0583  0.0586  0.0584  0.0635  0.0534  0.0459  0.0379  0.0379  0.0363  0.0387  0.0351  0.0354
  0.0589  0.0592  0.0594  0.0679  0.0577  0.0522  0.0398  0.0409  0.0365  0.0424  0.0351  0.0362
  0.0597  0.0600  0.0608  0.0719  0.0620  0.0579  0.0422  0.0450  0.0373  0.0474  0.0356  0.0373
niter,ni,del,rscale     7    3    5.0000    1.2000
parameter  4  0.577290 ->  0.500000 qaram    1.3225
parameter  5  0.660491 ->  0.500000 qaram    1.3225
parameters
    1.6119   29.5300   -1.3696   -9.0616  -10.6708   -5.8089
    2.6652    1.4068   -2.4271   15.5012    3.6649  -20.9128
eta,q 0.97088 13.90541
  0.0406  0.0409  0.0348  0.0337  0.0306  0.0349  0.0317  0.0334  0.0314  0.0330  0.0308  0.0297
  0.0377  0.0382  0.0341  0.0319  0.0296  0.0330  0.0303  0.0308  0.0303  0.0312  0.0301  0.0292
  0.0358  0.0361  0.0341  0.0317  0.0296  0.0313  0.0295  0.0296  0.0296  0.0300  0.0296  0.0291
  0.0350  0.0350  0.0346  0.0341  0.0317  0.0294  0.0294  0.0294  0.0293  0.0293  0.0293  0.0292
  0.0352  0.0346  0.0355  0.0389  0.0352  0.0288  0.0300  0.0302  0.0296  0.0294  0.0292  0.0294
  0.0366  0.0349  0.0367  0.0450  0.0395  0.0319  0.0312  0.0321  0.0303  0.0303  0.0294  0.0298
  0.0389  0.0359  0.0383  0.0504  0.0432  0.0366  0.0330  0.0355  0.0313  0.0320  0.0298  0.0304
niter,ni,del,rscale     7    3    5.0000    1.2000
parameters
    1.7141   30.6645   -0.7292   -9.3925  -12.6810   -5.4558
    2.4279    0.9432   -2.6489   16.3640    2.7850  -21.7638
eta,q 0.97154 13.79845
  0.0335  0.0348  0.0312  0.0353  0.0324  0.0345  0.0310  0.0325  0.0302  0.0316  0.0292  0.0292
  0.0312  0.0324  0.0298  0.0328  0.0306  0.0325  0.0296  0.0300  0.0292  0.0299  0.0287  0.0286
  0.0297  0.0305  0.0289  0.0303  0.0292  0.0307  0.0288  0.0288  0.0287  0.0289  0.0285  0.0284
  0.0291  0.0291  0.0284  0.0284  0.0285  0.0288  0.0285  0.0285  0.0285  0.0285  0.0285  0.0285
  0.0295  0.0285  0.0284  0.0287  0.0302  0.0279  0.0289  0.0291  0.0288  0.0286  0.0287  0.0287
  0.0307  0.0286  0.0287  0.0320  0.0341  0.0301  0.0299  0.0308  0.0294  0.0291  0.0290  0.0290
  0.0328  0.0294  0.0292  0.0382  0.0383  0.0354  0.0314  0.0337  0.0304  0.0304  0.0297  0.0294
niter,ni,del,rscale     6    3    5.0000    1.2000
parameters
    1.7598   31.2764   -0.5088   -9.2827  -13.7217   -5.4769
    2.3160    0.9943   -2.5080   16.9483    2.2071  -22.0227
eta,q 0.97145 13.73826
  0.0323  0.0320  0.0303  0.0353  0.0326  0.0343  0.0310  0.0331  0.0301  0.0310  0.0294  0.0293
  0.0303  0.0303  0.0292  0.0329  0.0309  0.0323  0.0296  0.0303  0.0293  0.0295  0.0289  0.0288
  0.0289  0.0291  0.0285  0.0304  0.0294  0.0305  0.0288  0.0289  0.0288  0.0288  0.0286  0.0286
  0.0285  0.0285  0.0283  0.0283  0.0283  0.0286  0.0286  0.0286  0.0286  0.0286  0.0286  0.0286
  0.0288  0.0283  0.0285  0.0282  0.0288  0.0279  0.0289  0.0291  0.0287  0.0287  0.0287  0.0287
  0.0300  0.0287  0.0289  0.0310  0.0320  0.0307  0.0298  0.0304  0.0292  0.0291  0.0291  0.0290
  0.0320  0.0296  0.0296  0.0368  0.0362  0.0363  0.0311  0.0328  0.0300  0.0303  0.0297  0.0294
niter,ni,del,rscale     5    3    5.0000    1.2000
parameters
    1.7764   31.6233   -0.5819   -9.2281  -14.3743   -5.6232
    2.2407    1.0866   -2.2751   17.5206    1.9171  -22.2204
eta,q 0.97124 13.70091
  0.0322  0.0311  0.0300  0.0352  0.0328  0.0343  0.0311  0.0333  0.0302  0.0308  0.0297  0.0295
  0.0302  0.0298  0.0291  0.0330  0.0311  0.0324  0.0298  0.0304  0.0294  0.0296  0.0291  0.0290
  0.0290  0.0290  0.0286  0.0306  0.0296  0.0306  0.0290  0.0291  0.0290  0.0290  0.0288  0.0288
  0.0286  0.0286  0.0285  0.0285  0.0285  0.0287  0.0288  0.0288  0.0288  0.0288  0.0288  0.0288
  0.0290  0.0286  0.0288  0.0284  0.0285  0.0282  0.0291  0.0293  0.0289  0.0288  0.0289  0.0289
  0.0302  0.0290  0.0293  0.0312  0.0313  0.0311  0.0299  0.0306  0.0293  0.0292  0.0292  0.0291
  0.0321  0.0299  0.0301  0.0369  0.0355  0.0367  0.0312  0.0328  0.0301  0.0303  0.0298  0.0295
niter,ni,del,rscale     4    3    5.0000    1.2000
parameters
    1.7872   31.9224   -0.7244   -9.2208  -14.9407   -5.8201
    2.1480    1.1421   -2.0784   18.2771    1.6831  -22.3639
eta,q 0.97104 13.66920
  0.0323  0.0309  0.0301  0.0352  0.0329  0.0344  0.0312  0.0333  0.0303  0.0308  0.0298  0.0296
  0.0304  0.0298  0.0292  0.0330  0.0312  0.0325  0.0299  0.0305  0.0296  0.0298  0.0293  0.0292
  0.0292  0.0291  0.0287  0.0307  0.0298  0.0308  0.0292  0.0292  0.0292  0.0293  0.0290  0.0290
  0.0288  0.0288  0.0287  0.0287  0.0287  0.0289  0.0290  0.0290  0.0290  0.0290  0.0290  0.0290
  0.0291  0.0288  0.0290  0.0286  0.0286  0.0284  0.0293  0.0295  0.0291  0.0290  0.0291  0.0291
  0.0303  0.0292  0.0295  0.0313  0.0312  0.0314  0.0300  0.0307  0.0295  0.0293  0.0294  0.0293
  0.0322  0.0301  0.0303  0.0370  0.0354  0.0369  0.0312  0.0328  0.0302  0.0303  0.0299  0.0296
niter,ni,del,rscale     3    3    5.0000    1.2000
parameters
    1.8005   32.2774   -0.9264   -9.2787  -15.6565   -6.1062
    2.0454    1.1842   -1.9147   19.5272    1.4416  -22.3443
eta,q 0.97080 13.62613
  0.0323  0.0310  0.0301  0.0351  0.0328  0.0344  0.0313  0.0333  0.0306  0.0310  0.0300  0.0298
  0.0305  0.0300  0.0293  0.0330  0.0312  0.0327  0.0301  0.0307  0.0298  0.0302  0.0295  0.0295
  0.0294  0.0293  0.0289  0.0309  0.0299  0.0310  0.0295  0.0295  0.0294  0.0297  0.0292  0.0292
  0.0290  0.0290  0.0289  0.0289  0.0289  0.0291  0.0293  0.0293  0.0293  0.0293  0.0292  0.0292
  0.0293  0.0289  0.0292  0.0288  0.0288  0.0287  0.0295  0.0298  0.0294  0.0292  0.0293  0.0293
  0.0304  0.0293  0.0297  0.0315  0.0313  0.0317  0.0302  0.0309  0.0298  0.0294  0.0296  0.0295
  0.0323  0.0301  0.0305  0.0371  0.0356  0.0373  0.0313  0.0329  0.0304  0.0303  0.0301  0.0298
niter,ni,del,rscale     2    3    5.0000    1.2000
parameters
    1.8109   32.8364   -1.3003   -9.4778  -16.8969   -6.6297
    1.9197    1.2325   -1.9487   21.7008    1.9356  -21.7932
eta,q 0.97059 13.52611
  0.0324  0.0314  0.0301  0.0347  0.0324  0.0343  0.0314  0.0333  0.0308  0.0318  0.0303  0.0301
  0.0306  0.0303  0.0294  0.0329  0.0310  0.0327  0.0304  0.0310  0.0302  0.0310  0.0298  0.0297
  0.0296  0.0296  0.0290  0.0309  0.0299  0.0311  0.0299  0.0299  0.0298  0.0303  0.0295  0.0295
  0.0292  0.0292  0.0291  0.0290  0.0291  0.0294  0.0297  0.0297  0.0297  0.0297  0.0294  0.0294
  0.0295  0.0291  0.0294  0.0289  0.0293  0.0291  0.0299  0.0301  0.0298  0.0294  0.0295  0.0295
  0.0306  0.0293  0.0300  0.0316  0.0319  0.0323  0.0305  0.0312  0.0302  0.0295  0.0297  0.0296
  0.0323  0.0300  0.0309  0.0372  0.0363  0.0378  0.0315  0.0329  0.0309  0.0304  0.0300  0.0299
niter,ni,del,rscale     1    3    5.0000    1.2000
parameters
    1.7986   33.6898   -2.0327   -9.8795  -18.8691   -7.4784
    1.6121    1.3969   -2.6172   23.3478    3.3090  -21.3848
eta,q 0.97047 13.32703
  0.0323  0.0322  0.0297  0.0339  0.0319  0.0338  0.0312  0.0332  0.0309  0.0327  0.0304  0.0302
  0.0307  0.0310  0.0291  0.0323  0.0306  0.0324  0.0304  0.0311  0.0302  0.0315  0.0300  0.0299
  0.0297  0.0301  0.0289  0.0306  0.0296  0.0310  0.0299  0.0301  0.0299  0.0305  0.0297  0.0296
  0.0294  0.0294  0.0291  0.0289  0.0291  0.0294  0.0298  0.0298  0.0298  0.0298  0.0296  0.0295
  0.0298  0.0291  0.0296  0.0287  0.0298  0.0293  0.0300  0.0302  0.0301  0.0295  0.0295  0.0296
  0.0307  0.0292  0.0304  0.0313  0.0328  0.0330  0.0306  0.0311  0.0306  0.0299  0.0297  0.0298
  0.0323  0.0300  0.0314  0.0369  0.0374  0.0383  0.0314  0.0327  0.0314  0.0311  0.0299  0.0301
registration optimization eta report
parameter search radius
    2.4000    2.4000    2.4000    9.5220    9.5220    8.2800
    7.2000    7.2000    7.2000    7.2000    7.2000    7.2000
100000*second partial in parameter space
       50.       29.       25.        7.        6.       10.
        3.        6.        3.        4.        1.        1.
  0.0323  0.0322  0.0297  0.0339  0.0319  0.0338  0.0312  0.0332  0.0309  0.0327  0.0304  0.0302
  0.0307  0.0310  0.0291  0.0323  0.0306  0.0324  0.0304  0.0311  0.0302  0.0315  0.0300  0.0299
  0.0297  0.0301  0.0289  0.0306  0.0296  0.0310  0.0299  0.0301  0.0299  0.0305  0.0297  0.0296
  0.0294  0.0294  0.0291  0.0289  0.0291  0.0294  0.0298  0.0298  0.0298  0.0298  0.0296  0.0295
  0.0298  0.0291  0.0296  0.0287  0.0298  0.0293  0.0300  0.0302  0.0301  0.0295  0.0295  0.0296
  0.0307  0.0292  0.0304  0.0313  0.0328  0.0330  0.0306  0.0311  0.0306  0.0299  0.0297  0.0298
  0.0323  0.0300  0.0314  0.0369  0.0374  0.0383  0.0314  0.0327  0.0314  0.0311  0.0299  0.0301
    1.7986   33.6898   -2.0327   -9.8795  -18.8691   -7.4784
    1.6121    1.3969   -2.6172   23.3478    3.3090  -21.3848
eta,q 0.97047 13.32703

---------------------------------------------------------------------
imgreg_4dfp /opt/freesurfer/average/711-2C_as_mni_average_305 /opt/freesurfer/average/711-2B_as_mni_average_305_mask talsrcimg_g11 none talsrcimg_to_711-2C_as_mni_average_305_t4 2311
---------------------------------------------------------------------

freesurfer imgreg_4dfp.c
/opt/freesurfer/average/711-2C_as_mni_average_305.4dfp.img
       256       256       256         1
  1.000000  1.000000  1.000000
orientation T byte_order littleendian
Reading image: /opt/freesurfer/average/711-2C_as_mni_average_305.4dfp.img
dimensions:      256       256       256
mmppix:       1.0000   -1.0000   -1.0000
center:     128.0000 -129.0000 -129.0000
/opt/freesurfer/average/711-2B_as_mni_average_305_mask.4dfp.img
       256       256       256         1
  1.000000  1.000000  1.000000
orientation T byte_order littleendian
Reading mask: /opt/freesurfer/average/711-2B_as_mni_average_305_mask.4dfp.img (2306576 pixels)
talsrcimg_g11.4dfp.img
       320       320       320         1
  0.700000  0.700000  0.700000
orientation T byte_order littleendian
Reading image: talsrcimg_g11.4dfp.img
dimensions:      320       320       320
mmppix:       0.7000   -0.7000   -0.7000
center:     112.0000 -112.7000 -112.7000
fimgreg.f
image alignment mode   2311 decimal      907 hex
parameters
    1.7986   33.6898   -2.0327   -9.8795  -18.8691   -7.4785
    1.6121    1.3969   -2.6172   23.3478    3.3090  -21.3848
eta,q 0.97047 13.32702
niter,ni,del,rscale     5    3    5.0000    0.8000
parameter  2 -0.575507 -> -0.500000 qaram    1.1500
parameters
    1.8847   34.6098   -2.5749   -7.5615  -19.3554   -6.8226
    1.6874    1.7107   -2.6847   23.2739    2.5219  -22.5304
eta,q 0.97154 13.41775
  0.0308  0.0312  0.0295  0.0314  0.0299  0.0315  0.0294  0.0308  0.0293  0.0299  0.0288  0.0286
  0.0301  0.0305  0.0292  0.0307  0.0294  0.0306  0.0289  0.0295  0.0288  0.0292  0.0286  0.0285
  0.0297  0.0299  0.0292  0.0299  0.0289  0.0297  0.0286  0.0288  0.0286  0.0287  0.0285  0.0285
  0.0295  0.0295  0.0293  0.0292  0.0287  0.0287  0.0285  0.0285  0.0285  0.0285  0.0285  0.0285
  0.0296  0.0293  0.0295  0.0287  0.0288  0.0284  0.0286  0.0286  0.0286  0.0286  0.0286  0.0286
  0.0300  0.0293  0.0298  0.0288  0.0295  0.0289  0.0289  0.0291  0.0289  0.0291  0.0288  0.0287
  0.0306  0.0294  0.0303  0.0294  0.0309  0.0309  0.0294  0.0303  0.0293  0.0302  0.0291  0.0290
niter,ni,del,rscale     5    3    5.0000    0.8000
parameters
    1.7241   34.5601   -2.5948   -7.9696  -19.1502   -6.8607
    1.9700    1.7010   -2.4410   23.6652    2.6444  -22.7944
eta,q 0.97158 13.43138
  0.0296  0.0295  0.0292  0.0303  0.0298  0.0312  0.0294  0.0304  0.0293  0.0300  0.0289  0.0287
  0.0289  0.0289  0.0288  0.0295  0.0293  0.0303  0.0289  0.0292  0.0288  0.0293  0.0286  0.0285
  0.0285  0.0286  0.0285  0.0288  0.0288  0.0293  0.0286  0.0286  0.0286  0.0288  0.0285  0.0284
  0.0285  0.0284  0.0284  0.0284  0.0285  0.0284  0.0285  0.0284  0.0285  0.0285  0.0284  0.0284
  0.0287  0.0286  0.0285  0.0287  0.0284  0.0284  0.0285  0.0286  0.0285  0.0284  0.0285  0.0285
  0.0293  0.0290  0.0288  0.0296  0.0288  0.0294  0.0288  0.0292  0.0287  0.0288  0.0286  0.0286
  0.0302  0.0297  0.0292  0.0315  0.0299  0.0323  0.0292  0.0304  0.0291  0.0297  0.0288  0.0288
niter,ni,del,rscale     4    3    5.0000    0.7000
parameters
    1.6855   34.5869   -2.6028   -7.8676  -19.0484   -6.6370
    1.9808    1.6494   -2.3684   23.6575    2.6719  -22.9784
eta,q 0.97166 13.45151
  0.0295  0.0293  0.0290  0.0301  0.0295  0.0309  0.0290  0.0299  0.0290  0.0295  0.0287  0.0286
  0.0289  0.0289  0.0287  0.0294  0.0290  0.0300  0.0286  0.0290  0.0286  0.0289  0.0285  0.0284
  0.0285  0.0285  0.0285  0.0288  0.0287  0.0291  0.0284  0.0285  0.0284  0.0285  0.0284  0.0284
  0.0284  0.0284  0.0284  0.0284  0.0284  0.0284  0.0283  0.0283  0.0283  0.0283  0.0283  0.0283
  0.0286  0.0285  0.0285  0.0285  0.0284  0.0283  0.0284  0.0285  0.0284  0.0284  0.0284  0.0284
  0.0290  0.0288  0.0287  0.0290  0.0287  0.0290  0.0286  0.0290  0.0286  0.0288  0.0285  0.0285
  0.0296  0.0293  0.0290  0.0302  0.0296  0.0310  0.0290  0.0300  0.0289  0.0296  0.0287  0.0286
niter,ni,del,rscale     3    3    5.0000    0.6000
parameters
    1.6580   34.5565   -2.5442   -7.7583  -18.8710   -6.3950
    2.0544    1.6317   -2.3439   23.5749    2.6769  -23.0917
eta,q 0.97172 13.47496
  0.0291  0.0290  0.0288  0.0297  0.0292  0.0304  0.0288  0.0295  0.0287  0.0291  0.0285  0.0285
  0.0287  0.0286  0.0286  0.0291  0.0288  0.0296  0.0285  0.0288  0.0285  0.0287  0.0284  0.0284
  0.0284  0.0284  0.0284  0.0286  0.0285  0.0288  0.0283  0.0284  0.0283  0.0284  0.0283  0.0283
  0.0283  0.0283  0.0283  0.0283  0.0283  0.0283  0.0283  0.0283  0.0283  0.0283  0.0283  0.0283
  0.0284  0.0284  0.0284  0.0284  0.0283  0.0283  0.0283  0.0284  0.0283  0.0283  0.0283  0.0283
  0.0287  0.0286  0.0285  0.0288  0.0286  0.0288  0.0285  0.0288  0.0285  0.0287  0.0284  0.0284
  0.0292  0.0291  0.0288  0.0297  0.0292  0.0302  0.0288  0.0295  0.0287  0.0293  0.0285  0.0285
niter,ni,del,rscale     2    3    5.0000    0.5000
parameters
    1.6255   34.4811   -2.4771   -7.6732  -18.6357   -6.1799
    2.1556    1.6120   -2.3219   23.4634    2.6976  -23.1344
eta,q 0.97177 13.49953
  0.0288  0.0287  0.0286  0.0293  0.0289  0.0298  0.0286  0.0291  0.0286  0.0288  0.0284  0.0284
  0.0285  0.0285  0.0285  0.0288  0.0286  0.0292  0.0284  0.0286  0.0284  0.0285  0.0283  0.0283
  0.0283  0.0283  0.0283  0.0285  0.0284  0.0286  0.0283  0.0283  0.0283  0.0283  0.0283  0.0282
  0.0283  0.0283  0.0283  0.0283  0.0283  0.0283  0.0282  0.0282  0.0282  0.0282  0.0282  0.0282
  0.0284  0.0283  0.0283  0.0283  0.0283  0.0283  0.0283  0.0283  0.0283  0.0283  0.0283  0.0282
  0.0286  0.0285  0.0284  0.0287  0.0284  0.0287  0.0284  0.0286  0.0284  0.0285  0.0283  0.0283
  0.0289  0.0288  0.0286  0.0293  0.0288  0.0296  0.0286  0.0291  0.0286  0.0289  0.0284  0.0284
niter,ni,del,rscale     1    3    5.0000    0.4000
parameters
    1.5962   34.3848   -2.4081   -7.6134  -18.3825   -6.0106
    2.2471    1.5909   -2.3106   23.3477    2.7257  -23.1133
eta,q 0.97179 13.52240
  0.0286  0.0285  0.0285  0.0289  0.0287  0.0293  0.0285  0.0288  0.0284  0.0286  0.0283  0.0283
  0.0284  0.0283  0.0284  0.0286  0.0285  0.0288  0.0283  0.0284  0.0283  0.0284  0.0283  0.0283
  0.0283  0.0283  0.0283  0.0283  0.0283  0.0284  0.0282  0.0283  0.0282  0.0282  0.0282  0.0282
  0.0282  0.0282  0.0282  0.0282  0.0282  0.0282  0.0282  0.0282  0.0282  0.0282  0.0282  0.0282
  0.0283  0.0283  0.0282  0.0283  0.0282  0.0283  0.0282  0.0283  0.0282  0.0282  0.0282  0.0282
  0.0284  0.0284  0.0283  0.0285  0.0283  0.0285  0.0283  0.0285  0.0283  0.0284  0.0283  0.0282
  0.0287  0.0286  0.0284  0.0289  0.0286  0.0291  0.0284  0.0288  0.0284  0.0287  0.0283  0.0283
registration optimization eta report
parameter search radius
    0.8000    0.9200    0.8000    2.4000    2.4000    2.4000
    2.4000    2.4000    2.4000    2.4000    2.4000    2.4000
100000*second partial in parameter space
       62.       38.       33.       12.        7.       17.
        4.       10.        4.        7.        2.        2.
  0.0286  0.0285  0.0285  0.0289  0.0287  0.0293  0.0285  0.0288  0.0284  0.0286  0.0283  0.0283
  0.0284  0.0283  0.0284  0.0286  0.0285  0.0288  0.0283  0.0284  0.0283  0.0284  0.0283  0.0283
  0.0283  0.0283  0.0283  0.0283  0.0283  0.0284  0.0282  0.0283  0.0282  0.0282  0.0282  0.0282
  0.0282  0.0282  0.0282  0.0282  0.0282  0.0282  0.0282  0.0282  0.0282  0.0282  0.0282  0.0282
  0.0283  0.0283  0.0282  0.0283  0.0282  0.0283  0.0282  0.0283  0.0282  0.0282  0.0282  0.0282
  0.0284  0.0284  0.0283  0.0285  0.0283  0.0285  0.0283  0.0285  0.0283  0.0284  0.0283  0.0282
  0.0287  0.0286  0.0284  0.0289  0.0286  0.0291  0.0284  0.0288  0.0284  0.0287  0.0283  0.0283
    1.5962   34.3848   -2.4081   -7.6134  -18.3825   -6.0106
    2.2471    1.5909   -2.3106   23.3477    2.7257  -23.1133
eta,q 0.97179 13.52240

---------------------------------------------------------------------
imgreg_4dfp /opt/freesurfer/average/711-2C_as_mni_average_305 /opt/freesurfer/average/711-2B_as_mni_average_305_mask talsrcimg_g11 none talsrcimg_to_711-2C_as_mni_average_305_t4 2311
---------------------------------------------------------------------

freesurfer imgreg_4dfp.c
/opt/freesurfer/average/711-2C_as_mni_average_305.4dfp.img
       256       256       256         1
  1.000000  1.000000  1.000000
orientation T byte_order littleendian
Reading image: /opt/freesurfer/average/711-2C_as_mni_average_305.4dfp.img
dimensions:      256       256       256
mmppix:       1.0000   -1.0000   -1.0000
center:     128.0000 -129.0000 -129.0000
/opt/freesurfer/average/711-2B_as_mni_average_305_mask.4dfp.img
       256       256       256         1
  1.000000  1.000000  1.000000
orientation T byte_order littleendian
Reading mask: /opt/freesurfer/average/711-2B_as_mni_average_305_mask.4dfp.img (2306576 pixels)
talsrcimg_g11.4dfp.img
       320       320       320         1
  0.700000  0.700000  0.700000
orientation T byte_order littleendian
Reading image: talsrcimg_g11.4dfp.img
dimensions:      320       320       320
mmppix:       0.7000   -0.7000   -0.7000
center:     112.0000 -112.7000 -112.7000
fimgreg.f
image alignment mode   2311 decimal      907 hex
parameters
    1.5962   34.3848   -2.4081   -7.6134  -18.3825   -6.0106
    2.2471    1.5909   -2.3106   23.3477    2.7257  -23.1133
eta,q 0.97179 13.52240
niter,ni,del,rscale     5    3    5.0000    0.8000
parameters
    1.5937   34.2150   -2.3622   -8.0671  -18.7170   -6.5833
    2.0968    1.4533   -2.3444   23.4648    2.9448  -22.6762
eta,q 0.97164 13.46936
  0.0298  0.0290  0.0291  0.0302  0.0294  0.0309  0.0292  0.0303  0.0291  0.0298  0.0288  0.0287
  0.0289  0.0285  0.0286  0.0293  0.0289  0.0299  0.0287  0.0291  0.0287  0.0291  0.0286  0.0286
  0.0284  0.0283  0.0283  0.0285  0.0285  0.0288  0.0285  0.0285  0.0284  0.0286  0.0284  0.0284
  0.0282  0.0282  0.0282  0.0282  0.0282  0.0283  0.0284  0.0284  0.0284  0.0284  0.0284  0.0284
  0.0284  0.0284  0.0283  0.0285  0.0283  0.0286  0.0285  0.0286  0.0285  0.0284  0.0284  0.0284
  0.0289  0.0288  0.0285  0.0296  0.0289  0.0302  0.0288  0.0293  0.0287  0.0289  0.0285  0.0285
  0.0298  0.0295  0.0290  0.0316  0.0302  0.0339  0.0293  0.0305  0.0291  0.0298  0.0287  0.0286
niter,ni,del,rscale     4    3    5.0000    0.7000
parameters
    1.6229   34.4058   -2.4911   -7.8922  -18.7987   -6.5363
    2.0997    1.5087   -2.4031   23.4709    2.8832  -22.8116
eta,q 0.97169 13.46903
  0.0295  0.0292  0.0288  0.0301  0.0293  0.0308  0.0290  0.0299  0.0289  0.0294  0.0286  0.0286
  0.0289  0.0288  0.0285  0.0294  0.0289  0.0299  0.0286  0.0290  0.0286  0.0289  0.0284  0.0284
  0.0285  0.0285  0.0284  0.0287  0.0285  0.0289  0.0284  0.0285  0.0284  0.0285  0.0283  0.0283
  0.0284  0.0284  0.0283  0.0283  0.0283  0.0283  0.0283  0.0283  0.0283  0.0283  0.0283  0.0283
  0.0285  0.0284  0.0284  0.0284  0.0283  0.0283  0.0284  0.0284  0.0284  0.0284  0.0284  0.0283
  0.0288  0.0285  0.0287  0.0289  0.0287  0.0291  0.0286  0.0289  0.0286  0.0288  0.0285  0.0284
  0.0294  0.0289  0.0291  0.0301  0.0297  0.0313  0.0290  0.0299  0.0289  0.0296  0.0287  0.0286
niter,ni,del,rscale     3    3    5.0000    0.6000
parameters
    1.6190   34.4573   -2.4973   -7.7620  -18.7170   -6.3328
    2.1642    1.5563   -2.3868   23.4405    2.8246  -22.9439
eta,q 0.97174 13.48474
  0.0292  0.0289  0.0288  0.0297  0.0291  0.0303  0.0288  0.0295  0.0287  0.0291  0.0285  0.0284
  0.0287  0.0286  0.0285  0.0291  0.0288  0.0295  0.0285  0.0288  0.0285  0.0287  0.0284  0.0283
  0.0284  0.0284  0.0284  0.0286  0.0285  0.0288  0.0283  0.0284  0.0283  0.0284  0.0283  0.0283
  0.0283  0.0283  0.0283  0.0283  0.0283  0.0283  0.0283  0.0283  0.0283  0.0283  0.0283  0.0283
  0.0284  0.0283  0.0284  0.0284  0.0283  0.0283  0.0283  0.0284  0.0283  0.0283  0.0283  0.0283
  0.0287  0.0285  0.0285  0.0288  0.0286  0.0288  0.0285  0.0287  0.0285  0.0286  0.0284  0.0284
  0.0292  0.0288  0.0288  0.0297  0.0292  0.0303  0.0288  0.0294  0.0287  0.0292  0.0285  0.0285
niter,ni,del,rscale     2    3    5.0000    0.5000
parameters
    1.6007   34.4208   -2.4487   -7.6724  -18.5453   -6.1376
    2.2218    1.5642   -2.3600   23.3684    2.7970  -23.0065
eta,q 0.97178 13.50467
  0.0288  0.0286  0.0286  0.0293  0.0289  0.0298  0.0286  0.0291  0.0286  0.0288  0.0284  0.0284
  0.0285  0.0284  0.0284  0.0288  0.0286  0.0291  0.0284  0.0286  0.0284  0.0285  0.0283  0.0283
  0.0283  0.0283  0.0283  0.0284  0.0284  0.0285  0.0283  0.0283  0.0283  0.0283  0.0282  0.0282
  0.0283  0.0283  0.0283  0.0283  0.0283  0.0282  0.0282  0.0282  0.0282  0.0282  0.0282  0.0282
  0.0283  0.0283  0.0283  0.0283  0.0282  0.0283  0.0282  0.0283  0.0283  0.0283  0.0282  0.0282
  0.0285  0.0284  0.0284  0.0286  0.0284  0.0287  0.0284  0.0286  0.0284  0.0285  0.0283  0.0283
  0.0289  0.0287  0.0286  0.0293  0.0288  0.0296  0.0286  0.0291  0.0285  0.0289  0.0284  0.0284
niter,ni,del,rscale     1    3    5.0000    0.4000
parameters
    1.5808   34.3430   -2.3958   -7.6141  -18.3183   -5.9860
    2.2957    1.5589   -2.3342   23.2758    2.8035  -23.0108
eta,q 0.97180 13.52569
  0.0286  0.0284  0.0285  0.0289  0.0287  0.0293  0.0285  0.0288  0.0284  0.0286  0.0283  0.0283
  0.0284  0.0283  0.0283  0.0286  0.0285  0.0288  0.0283  0.0284  0.0283  0.0284  0.0283  0.0282
  0.0283  0.0282  0.0283  0.0283  0.0283  0.0284  0.0282  0.0283  0.0282  0.0282  0.0282  0.0282
  0.0282  0.0282  0.0282  0.0282  0.0282  0.0282  0.0282  0.0282  0.0282  0.0282  0.0282  0.0282
  0.0283  0.0283  0.0282  0.0283  0.0282  0.0283  0.0282  0.0283  0.0282  0.0282  0.0282  0.0282
  0.0284  0.0284  0.0283  0.0285  0.0283  0.0285  0.0283  0.0284  0.0283  0.0284  0.0283  0.0282
  0.0286  0.0285  0.0284  0.0289  0.0286  0.0291  0.0284  0.0288  0.0284  0.0287  0.0283  0.0283
registration optimization eta report
parameter search radius
    0.8000    0.8000    0.8000    2.4000    2.4000    2.4000
    2.4000    2.4000    2.4000    2.4000    2.4000    2.4000
100000*second partial in parameter space
       63.       38.       34.       12.        7.       17.
        4.       10.        4.        7.        2.        2.
  0.0286  0.0284  0.0285  0.0289  0.0287  0.0293  0.0285  0.0288  0.0284  0.0286  0.0283  0.0283
  0.0284  0.0283  0.0283  0.0286  0.0285  0.0288  0.0283  0.0284  0.0283  0.0284  0.0283  0.0282
  0.0283  0.0282  0.0283  0.0283  0.0283  0.0284  0.0282  0.0283  0.0282  0.0282  0.0282  0.0282
  0.0282  0.0282  0.0282  0.0282  0.0282  0.0282  0.0282  0.0282  0.0282  0.0282  0.0282  0.0282
  0.0283  0.0283  0.0282  0.0283  0.0282  0.0283  0.0282  0.0283  0.0282  0.0282  0.0282  0.0282
  0.0284  0.0284  0.0283  0.0285  0.0283  0.0285  0.0283  0.0284  0.0283  0.0284  0.0283  0.0282
  0.0286  0.0285  0.0284  0.0289  0.0286  0.0291  0.0284  0.0288  0.0284  0.0287  0.0283  0.0283
    1.5808   34.3430   -2.3958   -7.6141  -18.3183   -5.9860
    2.2957    1.5589   -2.3342   23.2758    2.8035  -23.0108
eta,q 0.97180 13.52569

---------------------------------------------------------------------
compute_vox2vox talsrcimg talsrcimg_to_711-2C_as_mni_average_305_t4 /opt/freesurfer/average/711-2C_as_mni_average_305
---------------------------------------------------------------------

freesurfer compute_vox2vox.c
Reading: talsrcimg.4dfp.ifh
Reading: talsrcimg_to_711-2C_as_mni_average_305_t4
Reading: /opt/freesurfer/average/711-2C_as_mni_average_305.4dfp.ifh
Writing: talsrcimg_to_711-2C_as_mni_average_305_t4_vox2vox.txt

start time Fri Mar 13 08:09:36 CET 2026
end		time Fri Mar 13 08:11:03 CET 2026

mpr2mni305 success

avi2talxfm orig_nu.mgz /opt/freesurfer/average/mni305.cor.mgz talsrcimg_to_711-2C_as_mni_average_305_t4_vox2vox.txt transforms/talairach.auto.xfm
avi2talxfm done
mv -f /out/sourcedata/freesurfer/sub-v2s5x29571_ses-1/mri/talsrcimg_to_711-2C_as_mni_average_305_t4_vox2vox.txt /out/sourcedata/freesurfer/sub-v2s5x29571_ses-1/mri/transforms/talsrcimg_to_711-2C_as_mni_average_305_t4_vox2vox.txt
lta_convert --src orig_nu.mgz --trg /opt/freesurfer/average/mni305.cor.mgz --inxfm transforms/talairach.auto.xfm --outlta transforms/talairach.auto.xfm.lta --subject fsaverage
7.3.2

--src: orig_nu.mgz src image (geometry).
--trg: /opt/freesurfer/average/mni305.cor.mgz trg image (geometry).
--inmni: transforms/talairach.auto.xfm input MNI/XFM transform.
--outlta: transforms/talairach.auto.xfm.lta output LTA.
--s: fsaverage subject name
 LTA read, type : 1
 1.08187  -0.00973  -0.03315   0.13351;
-0.02308   0.99453   0.28082  -29.15587;
 0.03749  -0.28368   1.14330  -12.43092;
 0.00000   0.00000   0.00000   1.00000;
setting subject to fsaverage
Writing  LTA to file transforms/talairach.auto.xfm.lta...
lta_convert successful.
 
 
Started at Fri Mar 13 08:09:36 CET 2026
Ended   at Fri Mar 13 08:11:03 CET 2026
talairach_avi done
