/out/sourcedata/freesurfer/sub-v2s5x29557_ses-1/mri
/opt/freesurfer/bin/talairach_avi
--i orig_nu.mgz --xfm transforms/talairach.auto.xfm
talairach_avi 7.3.2
Linux dna066 5.14.0-427.37.1.el9_4.x86_64 #1 SMP PREEMPT_DYNAMIC Fri Sep 13 12:41:50 EDT 2024 x86_64 x86_64 x86_64 GNU/Linux
Fri Mar 13 07:36:11 CET 2026
mri_convert orig_nu.mgz talsrcimg.img 
reading from orig_nu.mgz...
TR=0.00, TE=0.00, TI=0.00, flip angle=0.00
i_ras = (-1, 0, 0)
j_ras = (0, 0, -1)
k_ras = (0, 1, 0)
writing to talsrcimg.img...
Analyze Output Matrix
-0.70000   0.00000   0.00000   114.74680;
 0.00000   0.00000   0.70000  -100.52600;
 0.00000  -0.70000   0.00000   101.72600;
 0.00000   0.00000   0.00000   1.00000;
--------------------
INFO: set hdr.hist.orient to -1
mpr2mni305 talsrcimg
Fri Mar 13 07:36:11 CET 2026
/opt/freesurfer/bin/mpr2mni305 talsrcimg
mpr2mni305 7.3.2
target=711-2C_as_mni_average_305

---------------------------------------------------------------------
analyzeto4dfp talsrcimg -O0 -y
---------------------------------------------------------------------

freesurfer ifh2hdr.c
Fri Mar 13 07:36:12 2026
Writing: talsrcimg.4dfp.hdr
freesurfer analyzeto4dfp.c
Reading: talsrcimg.hdr
header size 348 bytes
hdr.dime.datatype	offset=70	value=2
hdr.dime.bitpix		offset=72	value=8
hdr.hist.orient		offset=252	value=-1
dimensionality     4
dimensions       320       320       320         1
Reading: talsrcimg.img
Writing: talsrcimg.4dfp.img
Writing: talsrcimg.4dfp.ifh
ifh2hdr talsrcimg -r0to218
ori=2

---------------------------------------------------------------------
gauss_4dfp talsrcimg 1.1
---------------------------------------------------------------------

freesurfer gauss_4dfp.c
Reading: talsrcimg.4dfp.img
Writing: talsrcimg_g11.4dfp.img
image dimensions 320 320 320 padded to 384 384 384
processing volume 1freesurfer ifh2hdr.c
Fri Mar 13 07:36:19 2026
Writing: talsrcimg_g11.4dfp.hdr

Writing: talsrcimg_g11.4dfp.ifh
including: talsrcimg.4dfp.img.rec in talsrcimg_g11.4dfp.img.rec

---------------------------------------------------------------------
imgreg_4dfp /opt/freesurfer/average/711-2C_as_mni_average_305 none talsrcimg_g11 none talsrcimg_to_711-2C_as_mni_average_305_t4 4355
---------------------------------------------------------------------

freesurfer imgreg_4dfp.c
/opt/freesurfer/average/711-2C_as_mni_average_305.4dfp.img
       256       256       256         1
  1.000000  1.000000  1.000000
orientation T byte_order littleendian
Reading image: /opt/freesurfer/average/711-2C_as_mni_average_305.4dfp.img
dimensions:      256       256       256
mmppix:       1.0000   -1.0000   -1.0000
center:     128.0000 -129.0000 -129.0000
talsrcimg_g11.4dfp.img
       320       320       320         1
  0.700000  0.700000  0.700000
orientation T byte_order littleendian
Reading image: talsrcimg_g11.4dfp.img
dimensions:      320       320       320
mmppix:       0.7000   -0.7000   -0.7000
center:     112.0000 -112.7000 -112.7000
t4_read: open error in t4_sub.f l:  41 t4_file(1:l)talsrcimg_to_711-2C_as_mni_average_305_t4 
t4_read: transform initialized to I4
rotation matrix determinant  1.000000
image alignment mode   4355 decimal     1103 hex
   -7.5000  -45.0000  -45.0000 4497.7407   21.3974
    0.0000  -45.0000  -45.0000 4732.9609   21.4293
    7.5000  -45.0000  -45.0000 4485.4810   21.4375
   -7.5000  -37.5000  -45.0000 4845.0005   21.5384
    0.0000  -37.5000  -45.0000 5113.7417   21.5704
    7.5000  -37.5000  -45.0000 4826.3750   21.5683
   -7.5000  -30.0000  -45.0000 5267.2915   21.2414
    0.0000  -30.0000  -45.0000 5558.0581   21.2736
    7.5000  -30.0000  -45.0000 5242.2407   21.2709
   -7.5000  -22.5000  -45.0000 5570.5181   20.4752
    0.0000  -22.5000  -45.0000 5868.0518   20.4995
    7.5000  -22.5000  -45.0000 5535.4692   20.4987
   -7.5000  -15.0000  -45.0000 6110.1885   19.8643
    0.0000  -15.0000  -45.0000 6426.6270   19.8846
    7.5000  -15.0000  -45.0000 6082.8794   19.8908
   -7.5000   -7.5000  -45.0000 6624.6675   19.4588
    0.0000   -7.5000  -45.0000 6955.9893   19.4795
    7.5000   -7.5000  -45.0000 6591.6362   19.4910
   -7.5000    0.0000  -45.0000 7191.9058   19.3967
    0.0000    0.0000  -45.0000 7541.9316   19.4204
    7.5000    0.0000  -45.0000 7139.9751   19.4296
   -7.5000    7.5000  -45.0000 7136.0513   19.4036
    0.0000    7.5000  -45.0000 7463.9194   19.4300
    7.5000    7.5000  -45.0000 7084.1177   19.4331
   -7.5000   15.0000  -45.0000 7038.5366   19.1324
    0.0000   15.0000  -45.0000 7357.0098   19.1590
    7.5000   15.0000  -45.0000 6984.2148   19.1587
   -7.5000   22.5000  -45.0000 6912.9810   18.6118
    0.0000   22.5000  -45.0000 7235.5811   18.6347
    7.5000   22.5000  -45.0000 6845.4951   18.6351
   -7.5000   30.0000  -45.0000 6940.2476   18.5930
    0.0000   30.0000  -45.0000 7257.8223   18.6132
    7.5000   30.0000  -45.0000 6841.4897   18.6198
   -7.5000   37.5000  -45.0000 6658.6763   18.0066
    0.0000   37.5000  -45.0000 6968.6851   18.0263
    7.5000   37.5000  -45.0000 6549.8667   18.0376
   -7.5000   45.0000  -45.0000 6237.3906   17.3626
    0.0000   45.0000  -45.0000 6544.4668   17.3838
    7.5000   45.0000  -45.0000 6137.9053   17.3921
   -7.5000  -45.0000  -37.5000 4738.8735   22.0632
    0.0000  -45.0000  -37.5000 4984.4175   22.0955
    7.5000  -45.0000  -37.5000 4707.0679   22.0987
   -7.5000  -37.5000  -37.5000 5127.5532   22.1943
    0.0000  -37.5000  -37.5000 5400.4199   22.2304
    7.5000  -37.5000  -37.5000 5090.7085   22.2252
   -7.5000  -30.0000  -37.5000 5599.3413   21.8312
    0.0000  -30.0000  -37.5000 5897.5142   21.8715
    7.5000  -30.0000  -37.5000 5559.3691   21.8663
   -7.5000  -22.5000  -37.5000 5925.8599   21.0617
    0.0000  -22.5000  -37.5000 6224.5630   21.0929
    7.5000  -22.5000  -37.5000 5868.5918   21.0885
   -7.5000  -15.0000  -37.5000 6504.2241   20.4495
    0.0000  -15.0000  -37.5000 6816.8936   20.4737
    7.5000  -15.0000  -37.5000 6451.1895   20.4758
   -7.5000   -7.5000  -37.5000 7053.1958   20.0218
    0.0000   -7.5000  -37.5000 7379.5732   20.0435
    7.5000   -7.5000  -37.5000 7000.7549   20.0508
   -7.5000    0.0000  -37.5000 7664.3506   19.9390
    0.0000    0.0000  -37.5000 7999.0981   19.9639
    7.5000    0.0000  -37.5000 7604.2163   19.9702
   -7.5000    7.5000  -37.5000 7596.5142   19.9459
    0.0000    7.5000  -37.5000 7925.9648   19.9765
    7.5000    7.5000  -37.5000 7540.3813   19.9779
   -7.5000   15.0000  -37.5000 7504.9355   19.6882
    0.0000   15.0000  -37.5000 7819.6499   19.7216
    7.5000   15.0000  -37.5000 7446.8540   19.7196
   -7.5000   22.5000  -37.5000 7351.9609   19.1829
    0.0000   22.5000  -37.5000 7670.0078   19.2122
    7.5000   22.5000  -37.5000 7269.1543   19.2098
   -7.5000   30.0000  -37.5000 7356.0361   19.1635
    0.0000   30.0000  -37.5000 7671.9253   19.1872
    7.5000   30.0000  -37.5000 7248.2764   19.1901
   -7.5000   37.5000  -37.5000 7060.4448   18.5427
    0.0000   37.5000  -37.5000 7381.8833   18.5634
    7.5000   37.5000  -37.5000 6957.0234   18.5708
   -7.5000   45.0000  -37.5000 6638.4346   17.8481
    0.0000   45.0000  -37.5000 6953.2969   17.8704
    7.5000   45.0000  -37.5000 6555.3267   17.8760
   -7.5000  -45.0000  -30.0000 4960.2046   22.6159
    0.0000  -45.0000  -30.0000 5218.6299   22.6554
    7.5000  -45.0000  -30.0000 4934.5693   22.6701
   -7.5000  -37.5000  -30.0000 5411.4297   22.7405
    0.0000  -37.5000  -30.0000 5685.8149   22.7820
    7.5000  -37.5000  -30.0000 5367.2671   22.7908
   -7.5000  -30.0000  -30.0000 5930.0708   22.3072
    0.0000  -30.0000  -30.0000 6227.9351   22.3544
    7.5000  -30.0000  -30.0000 5872.0938   22.3644
   -7.5000  -22.5000  -30.0000 6289.6021   21.5445
    0.0000  -22.5000  -30.0000 6593.9390   21.5848
    7.5000  -22.5000  -30.0000 6225.0132   21.5954
   -7.5000  -15.0000  -30.0000 6902.5586   20.9452
    0.0000  -15.0000  -30.0000 7217.2241   20.9763
    7.5000  -15.0000  -30.0000 6839.3066   20.9883
   -7.5000   -7.5000  -30.0000 7496.8276   20.5180
    0.0000   -7.5000  -30.0000 7833.2544   20.5436
    7.5000   -7.5000  -30.0000 7442.0073   20.5564
   -7.5000    0.0000  -30.0000 8172.7168   20.4212
    0.0000    0.0000  -30.0000 8523.8242   20.4498
    7.5000    0.0000  -30.0000 8116.4321   20.4627
   -7.5000    7.5000  -30.0000 8102.0835   20.4134
    0.0000    7.5000  -30.0000 8443.6045   20.4481
    7.5000    7.5000  -30.0000 8033.9150   20.4596
   -7.5000   15.0000  -30.0000 7985.6553   20.1512
    0.0000   15.0000  -30.0000 8317.0400   20.1909
    7.5000   15.0000  -30.0000 7922.8618   20.2014
   -7.5000   22.5000  -30.0000 7792.5273   19.6587
    0.0000   22.5000  -30.0000 8121.0034   19.6965
    7.5000   22.5000  -30.0000 7712.4546   19.7069
   -7.5000   30.0000  -30.0000 7793.4214   19.6515
    0.0000   30.0000  -30.0000 8122.6714   19.6817
    7.5000   30.0000  -30.0000 7690.1045   19.6935
   -7.5000   37.5000  -30.0000 7507.9580   19.0309
    0.0000   37.5000  -30.0000 7827.3838   19.0552
    7.5000   37.5000  -30.0000 7413.8730   19.0676
   -7.5000   45.0000  -30.0000 7075.2544   18.3088
    0.0000   45.0000  -30.0000 7375.7700   18.3344
    7.5000   45.0000  -30.0000 7004.0923   18.3460
   -7.5000  -45.0000  -22.5000 5049.7114   22.1732
    0.0000  -45.0000  -22.5000 5314.1455   22.2165
    7.5000  -45.0000  -22.5000 5027.5435   22.2390
   -7.5000  -37.5000  -22.5000 5525.3408   22.2911
    0.0000  -37.5000  -22.5000 5799.8691   22.3286
    7.5000  -37.5000  -22.5000 5481.3525   22.3406
   -7.5000  -30.0000  -22.5000 6090.8501   21.8885
    0.0000  -30.0000  -22.5000 6381.9937   21.9270
    7.5000  -30.0000  -22.5000 6025.2993   21.9365
   -7.5000  -22.5000  -22.5000 6479.8955   21.1465
    0.0000  -22.5000  -22.5000 6778.1270   21.1828
    7.5000  -22.5000  -22.5000 6411.1851   21.1947
   -7.5000  -15.0000  -22.5000 7137.5767   20.5629
    0.0000  -15.0000  -22.5000 7449.8462   20.5942
    7.5000  -15.0000  -22.5000 7061.0127   20.6100
   -7.5000   -7.5000  -22.5000 7785.5063   20.1521
    0.0000   -7.5000  -22.5000 8122.6738   20.1798
    7.5000   -7.5000  -22.5000 7710.0337   20.1980
   -7.5000    0.0000  -22.5000 8484.0176   20.0603
    0.0000    0.0000  -22.5000 8852.5459   20.0897
    7.5000    0.0000  -22.5000 8401.4727   20.1074
   -7.5000    7.5000  -22.5000 8416.6523   20.0559
    0.0000    7.5000  -22.5000 8775.1523   20.0864
    7.5000    7.5000  -22.5000 8319.7676   20.0994
   -7.5000   15.0000  -22.5000 8279.6914   19.7988
    0.0000   15.0000  -22.5000 8639.5215   19.8319
    7.5000   15.0000  -22.5000 8184.7588   19.8415
   -7.5000   22.5000  -22.5000 8063.7793   19.3118
    0.0000   22.5000  -22.5000 8426.1973   19.3461
    7.5000   22.5000  -22.5000 7973.8877   19.3573
   -7.5000   30.0000  -22.5000 8051.1250   19.3006
    0.0000   30.0000  -22.5000 8409.7080   19.3311
    7.5000   30.0000  -22.5000 7969.2344   19.3465
   -7.5000   37.5000  -22.5000 7755.7881   18.6913
    0.0000   37.5000  -22.5000 8095.3140   18.7175
    7.5000   37.5000  -22.5000 7685.5864   18.7349
   -7.5000   45.0000  -22.5000 7326.0562   17.9852
    0.0000   45.0000  -22.5000 7634.6025   18.0116
    7.5000   45.0000  -22.5000 7277.7310   18.0275
   -7.5000  -45.0000  -15.0000 5257.1299   22.6538
    0.0000  -45.0000  -15.0000 5537.6313   22.6991
    7.5000  -45.0000  -15.0000 5233.6973   22.7273
   -7.5000  -37.5000  -15.0000 5742.2832   22.8247
    0.0000  -37.5000  -15.0000 6033.7251   22.8595
    7.5000  -37.5000  -15.0000 5710.9058   22.8732
   -7.5000  -30.0000  -15.0000 6351.8022   22.4078
    0.0000  -30.0000  -15.0000 6658.3677   22.4387
    7.5000  -30.0000  -15.0000 6299.4336   22.4461
   -7.5000  -22.5000  -15.0000 6798.0449   21.6464
    0.0000  -22.5000  -15.0000 7106.8389   21.6771
    7.5000  -22.5000  -15.0000 6732.1069   21.6877
   -7.5000  -15.0000  -15.0000 7535.9077   21.0460
    0.0000  -15.0000  -15.0000 7857.9131   21.0760
    7.5000  -15.0000  -15.0000 7447.0225   21.0940
   -7.5000   -7.5000  -15.0000 8269.2686   20.6362
    0.0000   -7.5000  -15.0000 8617.5859   20.6661
    7.5000   -7.5000  -15.0000 8162.5220   20.6903
   -7.5000    0.0000  -15.0000 9045.6250   20.5551
    0.0000    0.0000  -15.0000 9439.6494   20.5857
    7.5000    0.0000  -15.0000 8918.4014   20.6088
   -7.5000    7.5000  -15.0000 8982.2393   20.5558
    0.0000    7.5000  -15.0000 9384.6924   20.5832
    7.5000    7.5000  -15.0000 8846.0430   20.5974
   -7.5000   15.0000  -15.0000 8827.6689   20.2913
    0.0000   15.0000  -15.0000 9240.8564   20.3182
    7.5000   15.0000  -15.0000 8703.0771   20.3254
   -7.5000   22.5000  -15.0000 8562.3701   19.7919
    0.0000   22.5000  -15.0000 8974.4902   19.8212
    7.5000   22.5000  -15.0000 8482.1250   19.8307
   -7.5000   30.0000  -15.0000 8552.2852   19.7725
    0.0000   30.0000  -15.0000 8957.0654   19.8018
    7.5000   30.0000  -15.0000 8500.4385   19.8192
   -7.5000   37.5000  -15.0000 8220.6953   19.1692
    0.0000   37.5000  -15.0000 8610.2891   19.1974
    7.5000   37.5000  -15.0000 8176.6763   19.2204
   -7.5000   45.0000  -15.0000 7774.5928   18.4735
    0.0000   45.0000  -15.0000 8132.3374   18.5010
    7.5000   45.0000  -15.0000 7739.9707   18.5218
   -7.5000  -45.0000   -7.5000 5460.6904   23.1709
    0.0000  -45.0000   -7.5000 5737.1494   23.2109
    7.5000  -45.0000   -7.5000 5428.7407   23.2379
   -7.5000  -37.5000   -7.5000 5972.2275   23.3581
    0.0000  -37.5000   -7.5000 6272.9927   23.3900
    7.5000  -37.5000   -7.5000 5940.0059   23.4021
   -7.5000  -30.0000   -7.5000 6600.8047   22.9223
    0.0000  -30.0000   -7.5000 6927.1553   22.9499
    7.5000  -30.0000   -7.5000 6557.2988   22.9561
   -7.5000  -22.5000   -7.5000 7058.1919   22.1424
    0.0000  -22.5000   -7.5000 7397.7114   22.1672
    7.5000  -22.5000   -7.5000 6987.3032   22.1765
   -7.5000  -15.0000   -7.5000 7847.2319   21.5277
    0.0000  -15.0000   -7.5000 8209.9580   21.5525
    7.5000  -15.0000   -7.5000 7739.1299   21.5710
   -7.5000   -7.5000   -7.5000 8676.5078   21.1183
    0.0000   -7.5000   -7.5000 9100.5664   21.1453
    7.5000   -7.5000   -7.5000 8531.2227   21.1714
   -7.5000    0.0000   -7.5000 9574.2852   21.0488
    0.0000    0.0000   -7.500010060.2715   21.0771
    7.5000    0.0000   -7.5000 9388.7275   21.1010
   -7.5000    7.5000   -7.5000 9599.3096   21.0544
    0.0000    7.5000   -7.500010117.0322   21.0798
    7.5000    7.5000   -7.5000 9395.0312   21.0933
   -7.5000   15.0000   -7.5000 9422.5166   20.7813
    0.0000   15.0000   -7.5000 9965.9541   20.8052
    7.5000   15.0000   -7.5000 9278.5869   20.8115
   -7.5000   22.5000   -7.5000 9133.6611   20.2696
    0.0000   22.5000   -7.5000 9637.6709   20.2935
    7.5000   22.5000   -7.5000 9037.6006   20.3019
   -7.5000   30.0000   -7.5000 9154.3789   20.2438
    0.0000   30.0000   -7.5000 9640.7979   20.2684
    7.5000   30.0000   -7.5000 9066.0928   20.2862
   -7.5000   37.5000   -7.5000 8825.1758   19.6477
    0.0000   37.5000   -7.5000 9293.2090   19.6734
    7.5000   37.5000   -7.5000 8710.6904   19.6981
   -7.5000   45.0000   -7.5000 8362.0127   18.9632
    0.0000   45.0000   -7.5000 8800.9277   18.9887
    7.5000   45.0000   -7.5000 8236.6943   19.0102
   -7.5000  -45.0000    0.0000 5662.0928   23.8083
    0.0000  -45.0000    0.0000 5977.8657   23.8427
    7.5000  -45.0000    0.0000 5641.2222   23.8600
   -7.5000  -37.5000    0.0000 6211.6436   23.9809
    0.0000  -37.5000    0.0000 6555.4883   24.0138
    7.5000  -37.5000    0.0000 6175.6543   24.0193
   -7.5000  -30.0000    0.0000 6880.9897   23.5221
    0.0000  -30.0000    0.0000 7245.6445   23.5547
    7.5000  -30.0000    0.0000 6837.9487   23.5584
   -7.5000  -22.5000    0.0000 7361.1968   22.7263
    0.0000  -22.5000    0.0000 7734.8594   22.7517
    7.5000  -22.5000    0.0000 7293.9224   22.7579
   -7.5000  -15.0000    0.0000 8163.1035   22.0907
    0.0000  -15.0000    0.0000 8562.8564   22.1131
    7.5000  -15.0000    0.0000 8075.6885   22.1277
   -7.5000   -7.5000    0.0000 9030.5654   21.6601
    0.0000   -7.5000    0.0000 9473.7988   21.6839
    7.5000   -7.5000    0.0000 8912.1611   21.7043
   -7.5000    0.0000    0.000010064.1338   21.5864
    0.0000    0.0000    0.000010577.5186   21.6127
    7.5000    0.0000    0.0000 9897.3271   21.6299
   -7.5000    7.5000    0.000010333.1299   21.5964
    0.0000    7.5000    0.000010955.2393   21.6240
    7.5000    7.5000    0.000010064.8301   21.6332
   -7.5000   15.0000    0.000010336.9619   21.3273
    0.0000   15.0000    0.000011106.7920   21.3549
    7.5000   15.0000    0.000010023.8809   21.3597
   -7.5000   22.5000    0.000010030.9424   20.8147
    0.0000   22.5000    0.000010740.7119   20.8390
    7.5000   22.5000    0.0000 9720.1123   20.8454
   -7.5000   30.0000    0.000010005.7188   20.7835
    0.0000   30.0000    0.000010641.2324   20.8059
    7.5000   30.0000    0.0000 9650.8477   20.8202
   -7.5000   37.5000    0.0000 9563.3516   20.1758
    0.0000   37.5000    0.000010150.4453   20.1985
    7.5000   37.5000    0.0000 9203.9199   20.2181
   -7.5000   45.0000    0.0000 9028.0430   19.4849
    0.0000   45.0000    0.0000 9539.2627   19.5087
    7.5000   45.0000    0.0000 8723.9092   19.5243
   -7.5000  -45.0000    7.5000 5445.8169   24.1740
    0.0000  -45.0000    7.5000 5752.7520   24.2057
    7.5000  -45.0000    7.5000 5422.1016   24.2125
   -7.5000  -37.5000    7.5000 5977.4541   24.3212
    0.0000  -37.5000    7.5000 6308.9478   24.3556
    7.5000  -37.5000    7.5000 5960.2402   24.3542
   -7.5000  -30.0000    7.5000 6620.2876   23.8445
    0.0000  -30.0000    7.5000 6986.6108   23.8832
    7.5000  -30.0000    7.5000 6601.2734   23.8842
   -7.5000  -22.5000    7.5000 7084.3657   23.0433
    0.0000  -22.5000    7.5000 7475.5947   23.0733
    7.5000  -22.5000    7.5000 7053.2910   23.0767
   -7.5000  -15.0000    7.5000 7861.4976   22.3980
    0.0000  -15.0000    7.5000 8309.0605   22.4214
    7.5000  -15.0000    7.5000 7799.3945   22.4304
   -7.5000   -7.5000    7.5000 8680.7559   21.9455
    0.0000   -7.5000    7.5000 9181.6396   21.9671
    7.5000   -7.5000    7.5000 8567.3711   21.9787
   -7.5000    0.0000    7.5000 9672.9316   21.8559
    0.0000    0.0000    7.500010201.4512   21.8807
    7.5000    0.0000    7.5000 9484.7344   21.8894
   -7.5000    7.5000    7.500010030.9629   21.8637
    0.0000    7.5000    7.500010674.2705   21.8937
    7.5000    7.5000    7.5000 9686.9434   21.8978
   -7.5000   15.0000    7.500010226.7998   21.6030
    0.0000   15.0000    7.500011057.0059   21.6357
    7.5000   15.0000    7.5000 9763.2314   21.6386
   -7.5000   22.5000    7.5000 9994.5957   21.0984
    0.0000   22.5000    7.500010818.4717   21.1271
    7.5000   22.5000    7.5000 9528.8809   21.1314
   -7.5000   30.0000    7.5000 9854.5117   21.0692
    0.0000   30.0000    7.500010607.0332   21.0925
    7.5000   30.0000    7.5000 9423.2119   21.1017
   -7.5000   37.5000    7.5000 9266.4756   20.4410
    0.0000   37.5000    7.5000 9916.1650   20.4617
    7.5000   37.5000    7.5000 8921.1875   20.4732
   -7.5000   45.0000    7.5000 8703.8262   19.7282
    0.0000   45.0000    7.5000 9278.0781   19.7506
    7.5000   45.0000    7.5000 8448.2969   19.7585
   -7.5000  -45.0000   15.0000 5223.7520   24.9480
    0.0000  -45.0000   15.0000 5536.9644   24.9880
    7.5000  -45.0000   15.0000 5218.6396   24.9953
   -7.5000  -37.5000   15.0000 5745.6699   25.0550
    0.0000  -37.5000   15.0000 6083.6685   25.0961
    7.5000  -37.5000   15.0000 5733.4082   25.0965
   -7.5000  -30.0000   15.0000 6360.1841   24.5308
    0.0000  -30.0000   15.0000 6730.0630   24.5772
    7.5000  -30.0000   15.0000 6347.3809   24.5802
   -7.5000  -22.5000   15.0000 6816.2603   23.6955
    0.0000  -22.5000   15.0000 7207.0664   23.7345
    7.5000  -22.5000   15.0000 6781.6587   23.7398
   -7.5000  -15.0000   15.0000 7597.5854   23.0261
    0.0000  -15.0000   15.0000 8039.9673   23.0562
    7.5000  -15.0000   15.0000 7524.1685   23.0638
   -7.5000   -7.5000   15.0000 8414.3623   22.5466
    0.0000   -7.5000   15.0000 8900.9502   22.5721
    7.5000   -7.5000   15.0000 8293.9336   22.5803
   -7.5000    0.0000   15.0000 9354.7666   22.4379
    0.0000    0.0000   15.0000 9874.2910   22.4670
    7.5000    0.0000   15.0000 9177.4443   22.4743
   -7.5000    7.5000   15.0000 9605.2002   22.4374
    0.0000    7.5000   15.000010264.9014   22.4722
    7.5000    7.5000   15.0000 9384.8838   22.4773
   -7.5000   15.0000   15.0000 9720.1162   22.1758
    0.0000   15.0000   15.000010563.1709   22.2152
    7.5000   15.0000   15.0000 9476.8857   22.2199
   -7.5000   22.5000   15.0000 9551.8369   21.6718
    0.0000   22.5000   15.000010351.8730   21.7089
    7.5000   22.5000   15.0000 9306.5596   21.7149
   -7.5000   30.0000   15.0000 9437.4600   21.6502
    0.0000   30.0000   15.000010171.9854   21.6799
    7.5000   30.0000   15.0000 9224.4658   21.6879
   -7.5000   37.5000   15.0000 8893.4844   20.9992
    0.0000   37.5000   15.0000 9524.7656   21.0237
    7.5000   37.5000   15.0000 8699.6260   21.0320
   -7.5000   45.0000   15.0000 8365.2539   20.2536
    0.0000   45.0000   15.0000 8927.0967   20.2798
    7.5000   45.0000   15.0000 8201.5469   20.2864
   -7.5000  -45.0000   22.5000 4990.5996   25.6357
    0.0000  -45.0000   22.5000 5291.5122   25.6833
    7.5000  -45.0000   22.5000 4987.6777   25.7005
   -7.5000  -37.5000   22.5000 5495.4692   25.7282
    0.0000  -37.5000   22.5000 5816.2026   25.7683
    7.5000  -37.5000   22.5000 5486.0322   25.7732
   -7.5000  -30.0000   22.5000 6084.0830   25.1531
    0.0000  -30.0000   22.5000 6429.3560   25.1945
    7.5000  -30.0000   22.5000 6072.0107   25.1976
   -7.5000  -22.5000   22.5000 6538.5176   24.2626
    0.0000  -22.5000   22.5000 6909.9854   24.3019
    7.5000  -22.5000   22.5000 6510.0005   24.3091
   -7.5000  -15.0000   22.5000 7304.8652   23.5590
    0.0000  -15.0000   22.5000 7723.0952   23.5931
    7.5000  -15.0000   22.5000 7251.3706   23.6047
   -7.5000   -7.5000   22.5000 8075.6655   23.0661
    0.0000   -7.5000   22.5000 8531.8037   23.0962
    7.5000   -7.5000   22.5000 7990.7905   23.1103
   -7.5000    0.0000   22.5000 8955.6973   22.9586
    0.0000    0.0000   22.5000 9486.0234   22.9902
    7.5000    0.0000   22.5000 8836.1777   23.0037
   -7.5000    7.5000   22.5000 9151.1611   22.9557
    0.0000    7.5000   22.5000 9895.2812   22.9882
    7.5000    7.5000   22.5000 9020.6436   22.9961
   -7.5000   15.0000   22.5000 9183.9092   22.6794
    0.0000   15.0000   22.5000 9930.3574   22.7150
    7.5000   15.0000   22.5000 9050.7070   22.7195
   -7.5000   22.5000   22.5000 8933.0684   22.1703
    0.0000   22.5000   22.5000 9565.5059   22.2080
    7.5000   22.5000   22.5000 8811.5059   22.2150
   -7.5000   30.0000   22.5000 8882.1025   22.1496
    0.0000   30.0000   22.5000 9456.9180   22.1831
    7.5000   30.0000   22.5000 8744.2627   22.1948
   -7.5000   37.5000   22.5000 8427.1943   21.5018
    0.0000   37.5000   22.5000 8939.6924   21.5304
    7.5000   37.5000   22.5000 8295.5879   21.5443
   -7.5000   45.0000   22.5000 7954.0229   20.7520
    0.0000   45.0000   22.5000 8433.4463   20.7806
    7.5000   45.0000   22.5000 7835.3706   20.7927
   -7.5000  -45.0000   30.0000 4971.2300   26.7507
    0.0000  -45.0000   30.0000 5276.3628   26.8034
    7.5000  -45.0000   30.0000 4964.2402   26.8296
   -7.5000  -37.5000   30.0000 5489.2280   26.8493
    0.0000  -37.5000   30.0000 5809.2593   26.8878
    7.5000  -37.5000   30.0000 5478.8809   26.8952
   -7.5000  -30.0000   30.0000 6099.1860   26.2244
    0.0000  -30.0000   30.0000 6440.3643   26.2580
    7.5000  -30.0000   30.0000 6081.4058   26.2590
   -7.5000  -22.5000   30.0000 6532.9316   25.2530
    0.0000  -22.5000   30.0000 6889.2065   25.2869
    7.5000  -22.5000   30.0000 6514.2744   25.2940
   -7.5000  -15.0000   30.0000 7223.8721   24.4916
    0.0000  -15.0000   30.0000 7609.2998   24.5254
    7.5000  -15.0000   30.0000 7207.1357   24.5423
   -7.5000   -7.5000   30.0000 7936.4429   23.9731
    0.0000   -7.5000   30.0000 8334.5479   24.0068
    7.5000   -7.5000   30.0000 7905.1226   24.0304
   -7.5000    0.0000   30.0000 8790.3193   23.8690
    0.0000    0.0000   30.0000 9273.1260   23.9032
    7.5000    0.0000   30.0000 8740.7607   23.9243
   -7.5000    7.5000   30.0000 8924.6045   23.8654
    0.0000    7.5000   30.0000 9543.0850   23.8951
    7.5000    7.5000   30.0000 8875.0547   23.9048
   -7.5000   15.0000   30.0000 8838.0469   23.5688
    0.0000   15.0000   30.0000 9292.5371   23.5979
    7.5000   15.0000   30.0000 8752.6602   23.6000
   -7.5000   22.5000   30.0000 8626.1973   23.0300
    0.0000   22.5000   30.0000 9004.6543   23.0626
    7.5000   22.5000   30.0000 8516.8965   23.0689
   -7.5000   30.0000   30.0000 8671.9756   23.0074
    0.0000   30.0000   30.0000 9092.8789   23.0407
    7.5000   30.0000   30.0000 8556.1816   23.0572
   -7.5000   37.5000   30.0000 8263.9248   22.3450
    0.0000   37.5000   30.0000 8701.3818   22.3770
    7.5000   37.5000   30.0000 8161.7593   22.3997
   -7.5000   45.0000   30.0000 7846.6816   21.5750
    0.0000   45.0000   30.0000 8262.8154   21.6058
    7.5000   45.0000   30.0000 7735.0679   21.6249
   -7.5000  -45.0000   37.5000 4731.1201   27.5377
    0.0000  -45.0000   37.5000 5006.9312   27.5921
    7.5000  -45.0000   37.5000 4717.9800   27.6207
   -7.5000  -37.5000   37.5000 5222.6870   27.6382
    0.0000  -37.5000   37.5000 5514.0195   27.6789
    7.5000  -37.5000   37.5000 5213.1689   27.6860
   -7.5000  -30.0000   37.5000 5792.4746   26.9983
    0.0000  -30.0000   37.5000 6096.1665   27.0329
    7.5000  -30.0000   37.5000 5788.4053   27.0327
   -7.5000  -22.5000   37.5000 6175.1362   25.9815
    0.0000  -22.5000   37.5000 6474.4272   26.0135
    7.5000  -22.5000   37.5000 6169.7651   26.0194
   -7.5000  -15.0000   37.5000 6815.0078   25.1443
    0.0000  -15.0000   37.5000 7119.7822   25.1774
    7.5000  -15.0000   37.5000 6807.1641   25.1957
   -7.5000   -7.5000   37.5000 7490.8135   24.5816
    0.0000   -7.5000   37.5000 7811.5166   24.6174
    7.5000   -7.5000   37.5000 7472.1450   24.6450
   -7.5000    0.0000   37.5000 8310.0518   24.4826
    0.0000    0.0000   37.5000 8740.8613   24.5190
    7.5000    0.0000   37.5000 8288.3896   24.5431
   -7.5000    7.5000   37.5000 8343.2109   24.4952
    0.0000    7.5000   37.5000 8797.7920   24.5266
    7.5000    7.5000   37.5000 8335.9219   24.5368
   -7.5000   15.0000   37.5000 8215.7725   24.1927
    0.0000   15.0000   37.5000 8521.1875   24.2220
    7.5000   15.0000   37.5000 8152.3462   24.2233
   -7.5000   22.5000   37.5000 8065.1157   23.6336
    0.0000   22.5000   37.5000 8355.8301   23.6641
    7.5000   22.5000   37.5000 7982.6021   23.6693
   -7.5000   30.0000   37.5000 8162.9512   23.5938
    0.0000   30.0000   37.5000 8525.4971   23.6264
    7.5000   30.0000   37.5000 8072.4458   23.6443
   -7.5000   37.5000   37.5000 7806.4453   22.9097
    0.0000   37.5000   37.5000 8163.1245   22.9438
    7.5000   37.5000   37.5000 7723.7539   22.9702
   -7.5000   45.0000   37.5000 7413.4834   22.1269
    0.0000   45.0000   37.5000 7750.7397   22.1597
    7.5000   45.0000   37.5000 7321.6260   22.1815
   -7.5000  -45.0000   45.0000 4474.8892   28.3283
    0.0000  -45.0000   45.0000 4726.4224   28.3822
    7.5000  -45.0000   45.0000 4467.5908   28.4090
   -7.5000  -37.5000   45.0000 4939.9370   28.4300
    0.0000  -37.5000   45.0000 5199.1382   28.4830
    7.5000  -37.5000   45.0000 4933.5850   28.4946
   -7.5000  -30.0000   45.0000 5470.6641   27.7322
    0.0000  -30.0000   45.0000 5730.9360   27.7837
    7.5000  -30.0000   45.0000 5472.5186   27.7919
   -7.5000  -22.5000   45.0000 5834.1465   26.7042
    0.0000  -22.5000   45.0000 6087.7412   26.7432
    7.5000  -22.5000   45.0000 5830.8428   26.7536
   -7.5000  -15.0000   45.0000 6433.3120   25.8193
    0.0000  -15.0000   45.0000 6701.5874   25.8528
    7.5000  -15.0000   45.0000 6422.9604   25.8727
   -7.5000   -7.5000   45.0000 7078.1514   25.2002
    0.0000   -7.5000   45.0000 7393.9692   25.2351
    7.5000   -7.5000   45.0000 7072.6821   25.2626
   -7.5000    0.0000   45.0000 7814.5996   25.0972
    0.0000    0.0000   45.0000 8219.5664   25.1364
    7.5000    0.0000   45.0000 7834.6201   25.1606
   -7.5000    7.5000   45.0000 7797.7935   25.1218
    0.0000    7.5000   45.0000 8159.9370   25.1636
    7.5000    7.5000   45.0000 7793.6392   25.1775
   -7.5000   15.0000   45.0000 7657.7480   24.8184
    0.0000   15.0000   45.0000 7917.6499   24.8605
    7.5000   15.0000   45.0000 7606.4766   24.8687
   -7.5000   22.5000   45.0000 7550.0112   24.2453
    0.0000   22.5000   45.0000 7825.3926   24.2821
    7.5000   22.5000   45.0000 7492.5161   24.2920
   -7.5000   30.0000   45.0000 7656.8008   24.1929
    0.0000   30.0000   45.0000 7976.5654   24.2260
    7.5000   30.0000   45.0000 7592.4678   24.2452
   -7.5000   37.5000   45.0000 7340.6724   23.4769
    0.0000   37.5000   45.0000 7643.2056   23.5103
    7.5000   37.5000   45.0000 7266.3711   23.5367
   -7.5000   45.0000   45.0000 6970.5767   22.6680
    0.0000   45.0000   45.0000 7256.9741   22.7034
    7.5000   45.0000   45.0000 6892.2588   22.7252

---------------------------------------------------------------------
imgreg_4dfp /opt/freesurfer/average/711-2C_as_mni_average_305 /opt/freesurfer/average/711-2B_as_mni_average_305_mask talsrcimg_g11 none talsrcimg_to_711-2C_as_mni_average_305_t4 4355
---------------------------------------------------------------------

freesurfer imgreg_4dfp.c
/opt/freesurfer/average/711-2C_as_mni_average_305.4dfp.img
       256       256       256         1
  1.000000  1.000000  1.000000
orientation T byte_order littleendian
Reading image: /opt/freesurfer/average/711-2C_as_mni_average_305.4dfp.img
dimensions:      256       256       256
mmppix:       1.0000   -1.0000   -1.0000
center:     128.0000 -129.0000 -129.0000
/opt/freesurfer/average/711-2B_as_mni_average_305_mask.4dfp.img
       256       256       256         1
  1.000000  1.000000  1.000000
orientation T byte_order littleendian
Reading mask: /opt/freesurfer/average/711-2B_as_mni_average_305_mask.4dfp.img (2306576 pixels)
talsrcimg_g11.4dfp.img
       320       320       320         1
  0.700000  0.700000  0.700000
orientation T byte_order littleendian
Reading image: talsrcimg_g11.4dfp.img
dimensions:      320       320       320
mmppix:       0.7000   -0.7000   -0.7000
center:     112.0000 -112.7000 -112.7000
rotation matrix determinant  1.000000
image alignment mode   4355 decimal     1103 hex
   -7.5000  -30.0000  -45.0000 1970.7795   26.4964
    0.0000  -30.0000  -45.0000 1978.9829   26.7045
    7.5000  -30.0000  -45.0000 1965.8624   26.6212
   -7.5000  -22.5000  -45.0000 2070.7239   24.1158
    0.0000  -22.5000  -45.0000 2080.9873   24.2261
    7.5000  -22.5000  -45.0000 2067.1621   24.2212
   -7.5000  -15.0000  -45.0000 2147.4521   22.2941
    0.0000  -15.0000  -45.0000 2157.5503   22.3852
    7.5000  -15.0000  -45.0000 2145.9226   22.4643
   -7.5000   -7.5000  -45.0000 2197.9233   21.0112
    0.0000   -7.5000  -45.0000 2205.9978   20.9954
    7.5000   -7.5000  -45.0000 2189.0559   21.2353
   -7.5000    0.0000  -45.0000 2230.3616   20.1713
    0.0000    0.0000  -45.0000 2237.2253   20.1534
    7.5000    0.0000  -45.0000 2216.2268   20.4270
   -7.5000    7.5000  -45.0000 2242.5693   19.6782
    0.0000    7.5000  -45.0000 2246.1252   19.6165
    7.5000    7.5000  -45.0000 2230.5808   19.8971
   -7.5000   15.0000  -45.0000 2248.7424   19.3712
    0.0000   15.0000  -45.0000 2250.2043   19.3108
    7.5000   15.0000  -45.0000 2233.1946   19.5829
   -7.5000   22.5000  -45.0000 2247.7461   19.4523
    0.0000   22.5000  -45.0000 2250.5015   19.3434
    7.5000   22.5000  -45.0000 2233.0352   19.6165
   -7.5000   30.0000  -45.0000 2221.9102   19.7705
    0.0000   30.0000  -45.0000 2227.0205   19.7010
    7.5000   30.0000  -45.0000 2209.4348   19.9670
   -7.5000   37.5000  -45.0000 2167.8997   20.4456
    0.0000   37.5000  -45.0000 2175.7371   20.4179
    7.5000   37.5000  -45.0000 2151.2876   20.6231
   -7.5000   45.0000  -45.0000 2066.7996   21.1019
    0.0000   45.0000  -45.0000 2079.8284   21.0903
    7.5000   45.0000  -45.0000 2053.5403   21.2750
   -7.5000   52.5000  -45.0000 1936.0077   21.6267
    0.0000   52.5000  -45.0000 1951.0457   21.6305
    7.5000   52.5000  -45.0000 1926.2715   21.7656
   -7.5000   60.0000  -45.0000 1788.6833   22.0264
    0.0000   60.0000  -45.0000 1804.6599   22.0302
    7.5000   60.0000  -45.0000 1778.4869   22.2172
   -7.5000  -30.0000  -37.5000 2115.1731   27.0327
    0.0000  -30.0000  -37.5000 2119.9019   27.1528
    7.5000  -30.0000  -37.5000 2098.4006   27.2190
   -7.5000  -22.5000  -37.5000 2219.5972   24.6036
    0.0000  -22.5000  -37.5000 2229.4863   24.6233
    7.5000  -22.5000  -37.5000 2203.6165   24.7411
   -7.5000  -15.0000  -37.5000 2306.1731   22.7244
    0.0000  -15.0000  -37.5000 2315.4827   22.6808
    7.5000  -15.0000  -37.5000 2294.3506   22.8781
   -7.5000   -7.5000  -37.5000 2358.0801   21.2959
    0.0000   -7.5000  -37.5000 2364.3838   21.1916
    7.5000   -7.5000  -37.5000 2344.7371   21.4836
   -7.5000    0.0000  -37.5000 2392.8281   20.2891
    0.0000    0.0000  -37.5000 2394.7688   20.1651
    7.5000    0.0000  -37.5000 2377.7988   20.5142
   -7.5000    7.5000  -37.5000 2413.6211   19.6445
    0.0000    7.5000  -37.5000 2415.1694   19.5409
    7.5000    7.5000  -37.5000 2401.7715   19.8996
   -7.5000   15.0000  -37.5000 2422.8455   19.2883
    0.0000   15.0000  -37.5000 2420.1721   19.2003
    7.5000   15.0000  -37.5000 2413.2556   19.5587
   -7.5000   22.5000  -37.5000 2422.0300   19.2776
    0.0000   22.5000  -37.5000 2419.3027   19.1864
    7.5000   22.5000  -37.5000 2407.7917   19.4836
   -7.5000   30.0000  -37.5000 2394.9402   19.6212
    0.0000   30.0000  -37.5000 2400.3486   19.5718
    7.5000   30.0000  -37.5000 2378.8889   19.8570
   -7.5000   37.5000  -37.5000 2341.9084   20.2347
    0.0000   37.5000  -37.5000 2347.8794   20.1770
    7.5000   37.5000  -37.5000 2325.3599   20.4581
   -7.5000   45.0000  -37.5000 2241.5745   20.8680
    0.0000   45.0000  -37.5000 2251.2068   20.8218
    7.5000   45.0000  -37.5000 2227.9626   21.1312
   -7.5000   52.5000  -37.5000 2102.7207   21.4167
    0.0000   52.5000  -37.5000 2118.6062   21.3612
    7.5000   52.5000  -37.5000 2093.8247   21.6508
   -7.5000   60.0000  -37.5000 1942.1198   21.9128
    0.0000   60.0000  -37.5000 1953.5425   21.8397
    7.5000   60.0000  -37.5000 1933.1353   22.1723
   -7.5000  -30.0000  -30.0000 2229.9812   27.3461
    0.0000  -30.0000  -30.0000 2239.4375   27.3588
    7.5000  -30.0000  -30.0000 2211.1562   27.4941
   -7.5000  -22.5000  -30.0000 2338.4299   24.7318
    0.0000  -22.5000  -30.0000 2348.8933   24.6858
    7.5000  -22.5000  -30.0000 2321.2661   24.9093
   -7.5000  -15.0000  -30.0000 2422.1709   22.7089
    0.0000  -15.0000  -30.0000 2432.1084   22.6220
    7.5000  -15.0000  -30.0000 2410.3650   22.9195
   -7.5000   -7.5000  -30.0000 2481.0693   21.2602
    0.0000   -7.5000  -30.0000 2488.2542   21.1390
    7.5000   -7.5000  -30.0000 2471.1094   21.4849
   -7.5000    0.0000  -30.0000 2525.2400   20.1862
    0.0000    0.0000  -30.0000 2525.4470   19.9856
    7.5000    0.0000  -30.0000 2515.9292   20.4024
   -7.5000    7.5000  -30.0000 2553.1853   19.3926
    0.0000    7.5000  -30.0000 2553.3943   19.2231
    7.5000    7.5000  -30.0000 2547.3831   19.6043
   -7.5000   15.0000  -30.0000 2560.7520   18.9693
    0.0000   15.0000  -30.0000 2563.5339   18.8628
    7.5000   15.0000  -30.0000 2557.2034   19.2348
   -7.5000   22.5000  -30.0000 2558.2637   18.8695
    0.0000   22.5000  -30.0000 2560.4146   18.7762
    7.5000   22.5000  -30.0000 2550.0791   19.1501
   -7.5000   30.0000  -30.0000 2539.5061   19.1807
    0.0000   30.0000  -30.0000 2541.9219   19.0966
    7.5000   30.0000  -30.0000 2526.1130   19.4707
   -7.5000   37.5000  -30.0000 2491.6553   19.7630
    0.0000   37.5000  -30.0000 2489.8167   19.6439
    7.5000   37.5000  -30.0000 2477.7683   20.0869
   -7.5000   45.0000  -30.0000 2385.9998   20.3858
    0.0000   45.0000  -30.0000 2385.6125   20.2479
    7.5000   45.0000  -30.0000 2373.8589   20.7404
   -7.5000   52.5000  -30.0000 2244.2048   20.9590
    0.0000   52.5000  -30.0000 2249.4355   20.8356
    7.5000   52.5000  -30.0000 2234.7227   21.2319
   -7.5000   60.0000  -30.0000 2071.9111   21.4596
    0.0000   60.0000  -30.0000 2083.7190   21.3447
    7.5000   60.0000  -30.0000 2064.1252   21.7351
   -7.5000  -30.0000  -22.5000 2265.1604   26.6382
    0.0000  -30.0000  -22.5000 2273.2913   26.5537
    7.5000  -30.0000  -22.5000 2250.9001   26.7386
   -7.5000  -22.5000  -22.5000 2372.5447   24.0328
    0.0000  -22.5000  -22.5000 2380.1033   23.9171
    7.5000  -22.5000  -22.5000 2361.7793   24.1386
   -7.5000  -15.0000  -22.5000 2454.2415   21.9605
    0.0000  -15.0000  -22.5000 2463.7268   21.8354
    7.5000  -15.0000  -22.5000 2452.2312   22.1044
   -7.5000   -7.5000  -22.5000 2519.0525   20.4101
    0.0000   -7.5000  -22.5000 2524.9771   20.2703
    7.5000   -7.5000  -22.5000 2515.7502   20.5956
   -7.5000    0.0000  -22.5000 2566.5906   19.2625
    0.0000    0.0000  -22.5000 2568.4846   19.1411
    7.5000    0.0000  -22.5000 2564.1846   19.4805
   -7.5000    7.5000  -22.5000 2599.5542   18.4247
    0.0000    7.5000  -22.5000 2605.9143   18.2560
    7.5000    7.5000  -22.5000 2593.5813   18.6458
   -7.5000   15.0000  -22.5000 2609.5962   17.9445
    0.0000   15.0000  -22.5000 2618.1267   17.7704
    7.5000   15.0000  -22.5000 2606.9470   18.2354
   -7.5000   22.5000  -22.5000 2603.3430   17.7512
    0.0000   22.5000  -22.5000 2611.7629   17.5900
    7.5000   22.5000  -22.5000 2599.6819   18.0807
   -7.5000   30.0000  -22.5000 2593.1323   18.0381
    0.0000   30.0000  -22.5000 2597.7856   17.8842
    7.5000   30.0000  -22.5000 2590.6616   18.3591
   -7.5000   37.5000  -22.5000 2544.0413   18.5993
    0.0000   37.5000  -22.5000 2548.3975   18.4629
    7.5000   37.5000  -22.5000 2542.6333   18.9497
   -7.5000   45.0000  -22.5000 2437.2070   19.2243
    0.0000   45.0000  -22.5000 2441.4041   19.0847
    7.5000   45.0000  -22.5000 2437.7864   19.5556
   -7.5000   52.5000  -22.5000 2291.7766   19.7554
    0.0000   52.5000  -22.5000 2297.0430   19.6116
    7.5000   52.5000  -22.5000 2291.7893   20.0498
   -7.5000   60.0000  -22.5000 2115.0266   20.1999
    0.0000   60.0000  -22.5000 2125.3943   20.0884
    7.5000   60.0000  -22.5000 2116.6411   20.5301
   -7.5000  -30.0000  -15.0000 2332.8396   26.8620
    0.0000  -30.0000  -15.0000 2347.4412   26.7534
    7.5000  -30.0000  -15.0000 2330.5186   26.9122
   -7.5000  -22.5000  -15.0000 2448.0430   24.1875
    0.0000  -22.5000  -15.0000 2461.5950   24.0239
    7.5000  -22.5000  -15.0000 2448.0747   24.2169
   -7.5000  -15.0000  -15.0000 2538.3040   22.0654
    0.0000  -15.0000  -15.0000 2549.3662   21.8474
    7.5000  -15.0000  -15.0000 2542.1899   22.1353
   -7.5000   -7.5000  -15.0000 2602.6680   20.4255
    0.0000   -7.5000  -15.0000 2614.3870   20.2222
    7.5000   -7.5000  -15.0000 2611.5347   20.5675
   -7.5000    0.0000  -15.0000 2658.0544   19.1421
    0.0000    0.0000  -15.0000 2666.1289   19.0079
    7.5000    0.0000  -15.0000 2663.2344   19.3452
   -7.5000    7.5000  -15.0000 2691.8477   18.2059
    0.0000    7.5000  -15.0000 2701.3928   18.0710
    7.5000    7.5000  -15.0000 2700.5068   18.4427
   -7.5000   15.0000  -15.0000 2704.9590   17.6530
    0.0000   15.0000  -15.0000 2710.6455   17.4581
    7.5000   15.0000  -15.0000 2717.5725   17.9577
   -7.5000   22.5000  -15.0000 2698.7112   17.3385
    0.0000   22.5000  -15.0000 2703.6624   17.1486
    7.5000   22.5000  -15.0000 2711.0684   17.7398
   -7.5000   30.0000  -15.0000 2693.6270   17.6817
    0.0000   30.0000  -15.0000 2703.9409   17.4869
    7.5000   30.0000  -15.0000 2712.4893   18.0912
   -7.5000   37.5000  -15.0000 2646.3662   18.2724
    0.0000   37.5000  -15.0000 2661.5081   18.0972
    7.5000   37.5000  -15.0000 2671.6660   18.6778
   -7.5000   45.0000  -15.0000 2541.4438   18.8840
    0.0000   45.0000  -15.0000 2554.6826   18.7538
    7.5000   45.0000  -15.0000 2562.4563   19.2658
   -7.5000   52.5000  -15.0000 2393.5691   19.4173
    0.0000   52.5000  -15.0000 2405.2561   19.2942
    7.5000   52.5000  -15.0000 2408.8369   19.8093
   -7.5000   60.0000  -15.0000 2213.9934   19.9074
    0.0000   60.0000  -15.0000 2223.6577   19.7785
    7.5000   60.0000  -15.0000 2227.0120   20.2954
   -7.5000  -30.0000   -7.5000 2390.6917   27.2331
    0.0000  -30.0000   -7.5000 2397.2700   27.0818
    7.5000  -30.0000   -7.5000 2384.9473   27.2208
   -7.5000  -22.5000   -7.5000 2504.3716   24.3741
    0.0000  -22.5000   -7.5000 2516.1758   24.2228
    7.5000  -22.5000   -7.5000 2499.3506   24.3658
   -7.5000  -15.0000   -7.5000 2600.7878   22.1578
    0.0000  -15.0000   -7.5000 2612.7119   21.9633
    7.5000  -15.0000   -7.5000 2594.4697   22.1568
   -7.5000   -7.5000   -7.5000 2674.4016   20.4938
    0.0000   -7.5000   -7.5000 2688.2056   20.3659
    7.5000   -7.5000   -7.5000 2668.8479   20.4804
   -7.5000    0.0000   -7.5000 2727.4771   19.1945
    0.0000    0.0000   -7.5000 2740.2046   19.1475
    7.5000    0.0000   -7.5000 2722.2761   19.2382
   -7.5000    7.5000   -7.5000 2755.1299   18.1898
    0.0000    7.5000   -7.5000 2771.0769   18.1497
    7.5000    7.5000   -7.5000 2769.6392   18.2862
   -7.5000   15.0000   -7.5000 2762.1006   17.5657
    0.0000   15.0000   -7.5000 2778.0281   17.5148
    7.5000   15.0000   -7.5000 2787.6511   17.7660
   -7.5000   22.5000   -7.5000 2764.9543   17.1358
    0.0000   22.5000   -7.5000 2780.5337   17.0877
    7.5000   22.5000   -7.5000 2792.4841   17.6066
   -7.5000   30.0000   -7.5000 2776.7844   17.4785
    0.0000   30.0000   -7.5000 2791.2341   17.4073
    7.5000   30.0000   -7.5000 2802.7676   17.9078
   -7.5000   37.5000   -7.5000 2741.4128   18.0548
    0.0000   37.5000   -7.5000 2766.6262   17.9826
    7.5000   37.5000   -7.5000 2761.8992   18.4089
   -7.5000   45.0000   -7.5000 2640.3867   18.6855
    0.0000   45.0000   -7.5000 2664.5857   18.6087
    7.5000   45.0000   -7.5000 2656.0593   18.9278
   -7.5000   52.5000   -7.5000 2491.3508   19.2830
    0.0000   52.5000   -7.5000 2508.4854   19.1880
    7.5000   52.5000   -7.5000 2498.3174   19.4671
   -7.5000   60.0000   -7.5000 2312.2114   19.8638
    0.0000   60.0000   -7.5000 2325.9758   19.7296
    7.5000   60.0000   -7.5000 2311.7146   20.0082
   -7.5000  -30.0000    0.0000 2401.2607   27.5038
    0.0000  -30.0000    0.0000 2419.6187   27.5097
    7.5000  -30.0000    0.0000 2385.9858   27.4332
   -7.5000  -22.5000    0.0000 2517.3979   24.5566
    0.0000  -22.5000    0.0000 2535.0405   24.4596
    7.5000  -22.5000    0.0000 2502.1067   24.5213
   -7.5000  -15.0000    0.0000 2618.4573   22.2492
    0.0000  -15.0000    0.0000 2629.1516   22.1609
    7.5000  -15.0000    0.0000 2606.7214   22.2638
   -7.5000   -7.5000    0.0000 2702.3555   20.5172
    0.0000   -7.5000    0.0000 2716.3330   20.4752
    7.5000   -7.5000    0.0000 2699.1934   20.5402
   -7.5000    0.0000    0.0000 2773.2395   19.3057
    0.0000    0.0000    0.0000 2779.6445   19.2984
    7.5000    0.0000    0.0000 2775.1755   19.3270
   -7.5000    7.5000    0.0000 2832.9263   18.6456
    0.0000    7.5000    0.0000 2838.2002   18.6820
    7.5000    7.5000    0.0000 2837.9272   18.5795
   -7.5000   15.0000    0.0000 2863.7078   18.2495
    0.0000   15.0000    0.0000 2896.7056   18.4592
    7.5000   15.0000    0.0000 2870.5120   18.1277
   -7.5000   22.5000    0.0000 2856.9109   17.5566
    0.0000   22.5000    0.0000 2892.4087   17.7837
    7.5000   22.5000    0.0000 2860.6487   17.6831
   -7.5000   30.0000    0.0000 2859.5496   17.5098
    0.0000   30.0000    0.0000 2881.4189   17.6011
    7.5000   30.0000    0.0000 2848.3364   17.6724
   -7.5000   37.5000    0.0000 2810.8696   17.9326
    0.0000   37.5000    0.0000 2836.5767   17.9527
    7.5000   37.5000    0.0000 2802.4238   18.0119
   -7.5000   45.0000    0.0000 2704.5022   18.4871
    0.0000   45.0000    0.0000 2730.4771   18.4578
    7.5000   45.0000    0.0000 2702.4280   18.5596
   -7.5000   52.5000    0.0000 2550.0796   19.1105
    0.0000   52.5000    0.0000 2568.8462   19.0318
    7.5000   52.5000    0.0000 2549.8120   19.2003
   -7.5000   60.0000    0.0000 2370.5718   19.7531
    0.0000   60.0000    0.0000 2383.1531   19.6410
    7.5000   60.0000    0.0000 2360.9014   19.8360
   -7.5000  -30.0000    7.5000 2388.4763   27.7771
    0.0000  -30.0000    7.5000 2400.6521   27.7854
    7.5000  -30.0000    7.5000 2381.4531   27.8447
   -7.5000  -22.5000    7.5000 2498.8640   24.7935
    0.0000  -22.5000    7.5000 2513.7537   24.7562
    7.5000  -22.5000    7.5000 2497.2932   24.8350
   -7.5000  -15.0000    7.5000 2602.5386   22.4836
    0.0000  -15.0000    7.5000 2619.9424   22.4493
    7.5000  -15.0000    7.5000 2606.0959   22.5006
   -7.5000   -7.5000    7.5000 2701.1641   20.7597
    0.0000   -7.5000    7.5000 2717.7810   20.8222
    7.5000   -7.5000    7.5000 2703.6125   20.7521
   -7.5000    0.0000    7.5000 2791.0164   19.5718
    0.0000    0.0000    7.5000 2817.0408   19.7694
    7.5000    0.0000    7.5000 2788.3721   19.5580
   -7.5000    7.5000    7.5000 2883.0762   18.9905
    0.0000    7.5000    7.5000 2911.1694   19.2761
    7.5000    7.5000    7.5000 2861.9399   18.8524
   -7.5000   15.0000    7.5000 2945.6289   18.6990
    0.0000   15.0000    7.5000 2986.4299   19.0867
    7.5000   15.0000    7.5000 2906.3494   18.3764
   -7.5000   22.5000    7.5000 2942.0227   18.1330
    0.0000   22.5000    7.5000 2988.7280   18.5417
    7.5000   22.5000    7.5000 2903.3821   17.9664
   -7.5000   30.0000    7.5000 2905.7258   17.8065
    0.0000   30.0000    7.5000 2937.6670   18.0197
    7.5000   30.0000    7.5000 2876.7776   17.7790
   -7.5000   37.5000    7.5000 2837.7944   17.7788
    0.0000   37.5000    7.5000 2865.7390   17.8961
    7.5000   37.5000    7.5000 2823.3245   17.8800
   -7.5000   45.0000    7.5000 2724.2393   18.2198
    0.0000   45.0000    7.5000 2745.3374   18.1852
    7.5000   45.0000    7.5000 2713.8013   18.3086
   -7.5000   52.5000    7.5000 2565.7471   18.8504
    0.0000   52.5000    7.5000 2588.3501   18.7520
    7.5000   52.5000    7.5000 2565.3296   18.9406
   -7.5000   60.0000    7.5000 2380.9331   19.5302
    0.0000   60.0000    7.5000 2398.8667   19.3729
    7.5000   60.0000    7.5000 2384.7087   19.6485
   -7.5000  -30.0000   15.0000 2378.4558   28.4252
    0.0000  -30.0000   15.0000 2390.5125   28.4367
    7.5000  -30.0000   15.0000 2367.7278   28.5314
   -7.5000  -22.5000   15.0000 2491.9731   25.4556
    0.0000  -22.5000   15.0000 2499.1807   25.4768
    7.5000  -22.5000   15.0000 2488.0771   25.5386
   -7.5000  -15.0000   15.0000 2606.0261   23.2085
    0.0000  -15.0000   15.0000 2613.8105   23.2495
    7.5000  -15.0000   15.0000 2599.0630   23.1875
   -7.5000   -7.5000   15.0000 2714.5535   21.4180
    0.0000   -7.5000   15.0000 2729.5706   21.5325
    7.5000   -7.5000   15.0000 2703.4470   21.3491
   -7.5000    0.0000   15.0000 2807.6587   20.0576
    0.0000    0.0000   15.0000 2830.8916   20.2720
    7.5000    0.0000   15.0000 2795.5474   20.0047
   -7.5000    7.5000   15.0000 2894.0522   19.2116
    0.0000    7.5000   15.0000 2925.0222   19.4653
    7.5000    7.5000   15.0000 2878.2300   19.1061
   -7.5000   15.0000   15.0000 2955.6804   18.6660
    0.0000   15.0000   15.0000 3005.9863   19.0139
    7.5000   15.0000   15.0000 2938.6265   18.5386
   -7.5000   22.5000   15.0000 2957.4636   18.1520
    0.0000   22.5000   15.0000 3008.9722   18.4155
    7.5000   22.5000   15.0000 2939.8591   18.1198
   -7.5000   30.0000   15.0000 2915.6284   17.9673
    0.0000   30.0000   15.0000 2952.0054   18.1110
    7.5000   30.0000   15.0000 2906.5442   18.0193
   -7.5000   37.5000   15.0000 2849.9529   18.0347
    0.0000   37.5000   15.0000 2867.1550   18.0574
    7.5000   37.5000   15.0000 2837.7483   18.1319
   -7.5000   45.0000   15.0000 2731.0854   18.4234
    0.0000   45.0000   15.0000 2750.2439   18.3116
    7.5000   45.0000   15.0000 2723.3010   18.5171
   -7.5000   52.5000   15.0000 2569.3975   18.9815
    0.0000   52.5000   15.0000 2588.7043   18.8464
    7.5000   52.5000   15.0000 2568.6860   19.0753
   -7.5000   60.0000   15.0000 2384.3423   19.5728
    0.0000   60.0000   15.0000 2401.4951   19.4453
    7.5000   60.0000   15.0000 2384.1304   19.6554
   -7.5000  -30.0000   22.5000 2365.3811   29.3610
    0.0000  -30.0000   22.5000 2373.1875   29.3213
    7.5000  -30.0000   22.5000 2358.6433   29.4790
   -7.5000  -22.5000   22.5000 2484.3826   26.4118
    0.0000  -22.5000   22.5000 2487.1812   26.4003
    7.5000  -22.5000   22.5000 2470.7324   26.4682
   -7.5000  -15.0000   22.5000 2600.3979   23.9800
    0.0000  -15.0000   22.5000 2603.4985   23.9737
    7.5000  -15.0000   22.5000 2585.6094   23.9751
   -7.5000   -7.5000   22.5000 2707.2498   21.9225
    0.0000   -7.5000   22.5000 2709.7966   21.9155
    7.5000   -7.5000   22.5000 2695.9226   21.9066
   -7.5000    0.0000   22.5000 2797.1646   20.3690
    0.0000    0.0000   22.5000 2808.3364   20.4522
    7.5000    0.0000   22.5000 2787.3950   20.3544
   -7.5000    7.5000   22.5000 2883.1926   19.3893
    0.0000    7.5000   22.5000 2912.8687   19.5957
    7.5000    7.5000   22.5000 2873.5457   19.3269
   -7.5000   15.0000   22.5000 2937.9463   18.6618
    0.0000   15.0000   22.5000 2992.6113   18.9626
    7.5000   15.0000   22.5000 2930.5823   18.6271
   -7.5000   22.5000   22.5000 2932.6301   18.0622
    0.0000   22.5000   22.5000 2990.2368   18.1821
    7.5000   22.5000   22.5000 2925.2712   18.1758
   -7.5000   30.0000   22.5000 2902.8525   18.0102
    0.0000   30.0000   22.5000 2922.2346   17.8454
    7.5000   30.0000   22.5000 2887.5862   18.1102
   -7.5000   37.5000   22.5000 2842.6914   18.3453
    0.0000   37.5000   22.5000 2853.4299   18.1190
    7.5000   37.5000   22.5000 2831.9131   18.3667
   -7.5000   45.0000   22.5000 2722.6106   18.8429
    0.0000   45.0000   22.5000 2739.7014   18.6846
    7.5000   45.0000   22.5000 2723.6052   18.8996
   -7.5000   52.5000   22.5000 2567.2673   19.4020
    0.0000   52.5000   22.5000 2576.5068   19.2661
    7.5000   52.5000   22.5000 2565.1780   19.4728
   -7.5000   60.0000   22.5000 2380.9509   19.9072
    0.0000   60.0000   22.5000 2391.0605   19.7477
    7.5000   60.0000   22.5000 2378.7764   19.9643
   -7.5000  -30.0000   30.0000 2344.0957   30.5707
    0.0000  -30.0000   30.0000 2345.5916   30.3990
    7.5000  -30.0000   30.0000 2333.3420   30.7468
   -7.5000  -22.5000   30.0000 2459.5234   27.2907
    0.0000  -22.5000   30.0000 2456.1990   27.1120
    7.5000  -22.5000   30.0000 2445.3206   27.3622
   -7.5000  -15.0000   30.0000 2567.4102   24.5196
    0.0000  -15.0000   30.0000 2562.1780   24.3476
    7.5000  -15.0000   30.0000 2558.9751   24.6198
   -7.5000   -7.5000   30.0000 2669.5464   22.2627
    0.0000   -7.5000   30.0000 2661.1035   22.1220
    7.5000   -7.5000   30.0000 2660.6743   22.3601
   -7.5000    0.0000   30.0000 2766.1987   20.6326
    0.0000    0.0000   30.0000 2757.1155   20.5182
    7.5000    0.0000   30.0000 2753.8967   20.7251
   -7.5000    7.5000   30.0000 2849.9817   19.5827
    0.0000    7.5000   30.0000 2860.4065   19.5194
    7.5000    7.5000   30.0000 2838.4834   19.5815
   -7.5000   15.0000   30.0000 2880.5103   18.6632
    0.0000   15.0000   30.0000 2917.0652   18.6054
    7.5000   15.0000   30.0000 2884.5757   18.6885
   -7.5000   22.5000   30.0000 2881.8286   18.1308
    0.0000   22.5000   30.0000 2887.9675   17.8125
    7.5000   22.5000   30.0000 2869.0723   18.1943
   -7.5000   30.0000   30.0000 2879.1042   18.3433
    0.0000   30.0000   30.0000 2886.9949   18.0236
    7.5000   30.0000   30.0000 2864.0088   18.3412
   -7.5000   37.5000   30.0000 2818.7126   18.8541
    0.0000   37.5000   30.0000 2835.0044   18.6560
    7.5000   37.5000   30.0000 2815.6887   18.8543
   -7.5000   45.0000   30.0000 2707.0835   19.4846
    0.0000   45.0000   30.0000 2722.3403   19.2730
    7.5000   45.0000   30.0000 2702.7456   19.4503
   -7.5000   52.5000   30.0000 2552.0498   20.0766
    0.0000   52.5000   30.0000 2559.8843   19.8850
    7.5000   52.5000   30.0000 2544.9590   20.0567
   -7.5000   60.0000   30.0000 2367.6152   20.5654
    0.0000   60.0000   30.0000 2380.5430   20.3829
    7.5000   60.0000   30.0000 2364.2590   20.5445
   -7.5000  -30.0000   37.5000 2297.0010   31.5740
    0.0000  -30.0000   37.5000 2290.1125   31.0931
    7.5000  -30.0000   37.5000 2284.6455   31.7191
   -7.5000  -22.5000   37.5000 2411.2900   27.9858
    0.0000  -22.5000   37.5000 2404.0339   27.5061
    7.5000  -22.5000   37.5000 2402.0696   28.1250
   -7.5000  -15.0000   37.5000 2522.1274   25.0665
    0.0000  -15.0000   37.5000 2511.8413   24.5731
    7.5000  -15.0000   37.5000 2516.8660   25.1749
   -7.5000   -7.5000   37.5000 2627.6897   22.7716
    0.0000   -7.5000   37.5000 2611.8052   22.3447
    7.5000   -7.5000   37.5000 2620.5398   22.9195
   -7.5000    0.0000   37.5000 2725.5906   21.1506
    0.0000    0.0000   37.5000 2713.2786   20.8800
    7.5000    0.0000   37.5000 2714.4773   21.2576
   -7.5000    7.5000   37.5000 2803.3232   20.0040
    0.0000    7.5000   37.5000 2805.4619   19.8286
    7.5000    7.5000   37.5000 2800.0376   20.0899
   -7.5000   15.0000   37.5000 2828.8284   19.0345
    0.0000   15.0000   37.5000 2829.0481   18.6195
    7.5000   15.0000   37.5000 2826.8491   19.0661
   -7.5000   22.5000   37.5000 2846.0967   18.6505
    0.0000   22.5000   37.5000 2837.4133   18.1674
    7.5000   22.5000   37.5000 2827.8081   18.6161
   -7.5000   30.0000   37.5000 2846.1519   18.9183
    0.0000   30.0000   37.5000 2871.2576   18.6442
    7.5000   30.0000   37.5000 2839.6404   18.8732
   -7.5000   37.5000   37.5000 2785.1375   19.5838
    0.0000   37.5000   37.5000 2806.2451   19.3761
    7.5000   37.5000   37.5000 2783.7427   19.5594
   -7.5000   45.0000   37.5000 2674.5566   20.2008
    0.0000   45.0000   37.5000 2684.3638   19.9685
    7.5000   45.0000   37.5000 2667.0234   20.2019
   -7.5000   52.5000   37.5000 2513.5945   20.7239
    0.0000   52.5000   37.5000 2524.3132   20.5332
    7.5000   52.5000   37.5000 2509.7732   20.7576
   -7.5000   60.0000   37.5000 2336.0417   21.2111
    0.0000   60.0000   37.5000 2353.1550   21.0556
    7.5000   60.0000   37.5000 2335.4844   21.1997
   -7.5000  -30.0000   45.0000 2219.7361   32.4405
    0.0000  -30.0000   45.0000 2215.5281   31.6728
    7.5000  -30.0000   45.0000 2213.4102   32.5431
   -7.5000  -22.5000   45.0000 2341.3691   28.6978
    0.0000  -22.5000   45.0000 2332.4202   27.9307
    7.5000  -22.5000   45.0000 2334.6814   28.7966
   -7.5000  -15.0000   45.0000 2454.4031   25.7308
    0.0000  -15.0000   45.0000 2440.6711   25.0178
    7.5000  -15.0000   45.0000 2448.4128   25.8372
   -7.5000   -7.5000   45.0000 2557.8557   23.4359
    0.0000   -7.5000   45.0000 2550.4597   22.8909
    7.5000   -7.5000   45.0000 2554.3984   23.5623
   -7.5000    0.0000   45.0000 2656.1499   21.7952
    0.0000    0.0000   45.0000 2653.4209   21.3473
    7.5000    0.0000   45.0000 2650.7124   21.8825
   -7.5000    7.5000   45.0000 2719.0054   20.5360
    0.0000    7.5000   45.0000 2725.5586   20.1882
    7.5000    7.5000   45.0000 2720.2175   20.5831
   -7.5000   15.0000   45.0000 2753.7068   19.5865
    0.0000   15.0000   45.0000 2739.0967   18.9560
    7.5000   15.0000   45.0000 2742.8582   19.5597
   -7.5000   22.5000   45.0000 2775.7319   19.3438
    0.0000   22.5000   45.0000 2769.5627   18.9061
    7.5000   22.5000   45.0000 2766.3213   19.3068
   -7.5000   30.0000   45.0000 2778.1748   19.6834
    0.0000   30.0000   45.0000 2799.6421   19.3709
    7.5000   30.0000   45.0000 2772.8838   19.6247
   -7.5000   37.5000   45.0000 2716.4573   20.3447
    0.0000   37.5000   45.0000 2734.6040   20.0984
    7.5000   37.5000   45.0000 2708.8586   20.3257
   -7.5000   45.0000   45.0000 2607.8235   21.0104
    0.0000   45.0000   45.0000 2613.9917   20.7244
    7.5000   45.0000   45.0000 2597.6206   20.9862
   -7.5000   52.5000   45.0000 2451.7251   21.4960
    0.0000   52.5000   45.0000 2463.5095   21.2663
    7.5000   52.5000   45.0000 2445.9578   21.4767
   -7.5000   60.0000   45.0000 2269.1443   21.9258
    0.0000   60.0000   45.0000 2289.2673   21.7246
    7.5000   60.0000   45.0000 2274.1484   21.8743

---------------------------------------------------------------------
imgreg_4dfp /opt/freesurfer/average/711-2C_as_mni_average_305 /opt/freesurfer/average/711-2B_as_mni_average_305_mask talsrcimg_g11 none talsrcimg_to_711-2C_as_mni_average_305_t4 1283
---------------------------------------------------------------------

freesurfer imgreg_4dfp.c
/opt/freesurfer/average/711-2C_as_mni_average_305.4dfp.img
       256       256       256         1
  1.000000  1.000000  1.000000
orientation T byte_order littleendian
Reading image: /opt/freesurfer/average/711-2C_as_mni_average_305.4dfp.img
dimensions:      256       256       256
mmppix:       1.0000   -1.0000   -1.0000
center:     128.0000 -129.0000 -129.0000
/opt/freesurfer/average/711-2B_as_mni_average_305_mask.4dfp.img
       256       256       256         1
  1.000000  1.000000  1.000000
orientation T byte_order littleendian
Reading mask: /opt/freesurfer/average/711-2B_as_mni_average_305_mask.4dfp.img (2306576 pixels)
talsrcimg_g11.4dfp.img
       320       320       320         1
  0.700000  0.700000  0.700000
orientation T byte_order littleendian
Reading image: talsrcimg_g11.4dfp.img
dimensions:      320       320       320
mmppix:       0.7000   -0.7000   -0.7000
center:     112.0000 -112.7000 -112.7000
rotation matrix determinant  1.000000
fimgreg.f
image alignment mode   1283 decimal      503 hex
parameters
    0.0000   22.5000   15.0000    0.0000    0.0000    0.0000
eta,q 0.94282 18.50145
niter,ni,del,rscale     5    3   12.0000    1.2000
parameter  2  0.972911 ->  0.500000 qaram    1.1500
parameter  4  4.281027 ->  0.500000 qaram    1.1500
parameters
   -1.3086   19.0500   14.4816   -3.4500   -1.3885    0.4489
eta,q 0.95395 18.91720
  0.0669  0.0527  0.0553  0.0449  0.0522  0.0518
  0.0609  0.0517  0.0538  0.0460  0.0486  0.0493
  0.0573  0.0542  0.0524  0.0488  0.0464  0.0470
  0.0589  0.0573  0.0521  0.0521  0.0467  0.0461
  0.0635  0.0596  0.0527  0.0556  0.0502  0.0465
  0.0693  0.0645  0.0541  0.0590  0.0546  0.0482
  0.0765  0.0700  0.0574  0.0613  0.0593  0.0503
niter,ni,del,rscale     6    3   12.0000    1.2000
parameter  4  0.615061 ->  0.500000 qaram    1.3225
parameters
   -0.9240   19.8204   13.4747   -7.4175   -1.7261    0.3489
eta,q 0.95613 19.03196
  0.0681  0.0638  0.0501  0.0457  0.0521  0.0485
  0.0598  0.0549  0.0477  0.0442  0.0474  0.0463
  0.0516  0.0482  0.0465  0.0441  0.0445  0.0446
  0.0461  0.0458  0.0467  0.0465  0.0440  0.0439
  0.0482  0.0502  0.0476  0.0499  0.0461  0.0444
  0.0557  0.0536  0.0500  0.0539  0.0492  0.0465
  0.0643  0.0553  0.0538  0.0583  0.0533  0.0490
niter,ni,del,rscale     6    3   12.0000    1.2000
parameters
   -0.8710   20.4488   13.2822   -7.7158   -1.7871    0.5384
eta,q 0.95626 18.97763
  0.0637  0.0634  0.0485  0.0525  0.0528  0.0486
  0.0550  0.0545  0.0465  0.0480  0.0479  0.0466
  0.0474  0.0472  0.0447  0.0450  0.0447  0.0447
  0.0439  0.0439  0.0438  0.0438  0.0438  0.0438
  0.0478  0.0456  0.0442  0.0457  0.0458  0.0441
  0.0550  0.0516  0.0463  0.0495  0.0487  0.0459
  0.0626  0.0569  0.0498  0.0534  0.0525  0.0484
niter,ni,del,rscale     5    3   12.0000    1.2000
parameters
   -0.8725   20.6306   13.0928   -7.9517   -1.8524    0.6357
eta,q 0.95622 18.97101
  0.0637  0.0609  0.0482  0.0525  0.0528  0.0484
  0.0550  0.0525  0.0464  0.0481  0.0479  0.0466
  0.0473  0.0462  0.0447  0.0452  0.0448  0.0447
  0.0437  0.0437  0.0438  0.0438  0.0438  0.0438
  0.0480  0.0468  0.0441  0.0456  0.0458  0.0442
  0.0555  0.0530  0.0461  0.0494  0.0487  0.0461
  0.0632  0.0579  0.0496  0.0531  0.0525  0.0484
niter,ni,del,rscale     4    3   12.0000    1.2000
parameters
   -0.8651   20.7246   12.9531   -8.0806   -1.9095    0.6832
eta,q 0.95619 18.96912
  0.0640  0.0603  0.0481  0.0527  0.0529  0.0483
  0.0553  0.0520  0.0463  0.0482  0.0480  0.0465
  0.0475  0.0461  0.0447  0.0454  0.0448  0.0447
  0.0438  0.0438  0.0438  0.0438  0.0438  0.0438
  0.0481  0.0471  0.0440  0.0455  0.0458  0.0443
  0.0558  0.0531  0.0459  0.0492  0.0488  0.0462
  0.0634  0.0579  0.0493  0.0528  0.0525  0.0484
niter,ni,del,rscale     3    3   12.0000    1.2000
parameters
   -0.8550   20.7821   12.8734   -8.1555   -1.9451    0.7081
eta,q 0.95616 18.96744
  0.0642  0.0599  0.0481  0.0527  0.0530  0.0483
  0.0555  0.0518  0.0463  0.0482  0.0481  0.0465
  0.0477  0.0461  0.0448  0.0456  0.0449  0.0447
  0.0438  0.0438  0.0438  0.0438  0.0439  0.0438
  0.0481  0.0473  0.0439  0.0455  0.0458  0.0444
  0.0559  0.0531  0.0458  0.0491  0.0488  0.0462
  0.0636  0.0579  0.0491  0.0527  0.0525  0.0485
niter,ni,del,rscale     2    3   12.0000    1.2000
parameters
   -0.8479   20.8150   12.8261   -8.1972   -1.9674    0.7235
eta,q 0.95614 18.96634
  0.0643  0.0597  0.0481  0.0528  0.0531  0.0483
  0.0556  0.0517  0.0462  0.0483  0.0481  0.0465
  0.0477  0.0461  0.0448  0.0457  0.0450  0.0447
  0.0438  0.0438  0.0439  0.0439  0.0439  0.0439
  0.0482  0.0475  0.0439  0.0455  0.0458  0.0444
  0.0561  0.0531  0.0457  0.0491  0.0489  0.0462
  0.0637  0.0578  0.0490  0.0526  0.0525  0.0485
registration optimization eta report
parameter search radius
    6.0000    6.9000    6.0000    7.9350    6.0000    6.0000
100000*second partial in parameter space
       53.       30.       13.       13.       24.       12.
  0.0643  0.0597  0.0481  0.0528  0.0531  0.0483
  0.0556  0.0517  0.0462  0.0483  0.0481  0.0465
  0.0477  0.0461  0.0448  0.0457  0.0450  0.0447
  0.0438  0.0438  0.0439  0.0439  0.0439  0.0439
  0.0482  0.0475  0.0439  0.0455  0.0458  0.0444
  0.0561  0.0531  0.0457  0.0491  0.0489  0.0462
  0.0637  0.0578  0.0490  0.0526  0.0525  0.0485
   -0.8479   20.8150   12.8261   -8.1972   -1.9674    0.7235
eta,q 0.95614 18.96634

---------------------------------------------------------------------
imgreg_4dfp /opt/freesurfer/average/711-2C_as_mni_average_305 /opt/freesurfer/average/711-2B_as_mni_average_305_mask talsrcimg_g11 none talsrcimg_to_711-2C_as_mni_average_305_t4 3335
---------------------------------------------------------------------

freesurfer imgreg_4dfp.c
/opt/freesurfer/average/711-2C_as_mni_average_305.4dfp.img
       256       256       256         1
  1.000000  1.000000  1.000000
orientation T byte_order littleendian
Reading image: /opt/freesurfer/average/711-2C_as_mni_average_305.4dfp.img
dimensions:      256       256       256
mmppix:       1.0000   -1.0000   -1.0000
center:     128.0000 -129.0000 -129.0000
/opt/freesurfer/average/711-2B_as_mni_average_305_mask.4dfp.img
       256       256       256         1
  1.000000  1.000000  1.000000
orientation T byte_order littleendian
Reading mask: /opt/freesurfer/average/711-2B_as_mni_average_305_mask.4dfp.img (2306576 pixels)
talsrcimg_g11.4dfp.img
       320       320       320         1
  0.700000  0.700000  0.700000
orientation T byte_order littleendian
Reading image: talsrcimg_g11.4dfp.img
dimensions:      320       320       320
mmppix:       0.7000   -0.7000   -0.7000
center:     112.0000 -112.7000 -112.7000
fimgreg.f
image alignment mode   3335 decimal      D07 hex
parameters
   -0.8479   20.8150   12.8261   -0.0669   -1.0358   -1.0800
   -1.7392    3.2176    1.2619   14.2999   -3.4330  -14.2497
eta,q 0.95736 19.10979
niter,ni,del,rscale     5    3    5.0000    1.2000
parameter  5  0.748755 ->  0.500000 qaram    1.1500
parameter  6  9.383387 -> -0.500000 qaram    1.1500
parameter 10  0.504717 ->  0.500000 qaram    1.1500
parameter 12  0.972363 ->  0.500000 qaram    1.1500
parameters
   -0.7362   21.1011   13.8464   -3.2654   -5.1758    3.0600
   -0.5984    3.8124    2.5757   10.1599   -1.9902  -18.3897
eta,q 0.96460 19.00177
  0.0467  0.0462  0.0441  0.0429  0.0391  0.0416  0.0406  0.0412  0.0393  0.0371  0.0370  0.0353
  0.0445  0.0444  0.0435  0.0420  0.0389  0.0408  0.0389  0.0391  0.0381  0.0362  0.0366  0.0354
  0.0432  0.0432  0.0429  0.0416  0.0395  0.0400  0.0378  0.0378  0.0375  0.0363  0.0364  0.0356
  0.0426  0.0426  0.0426  0.0424  0.0416  0.0390  0.0373  0.0372  0.0372  0.0371  0.0362  0.0361
  0.0429  0.0427  0.0424  0.0448  0.0453  0.0381  0.0373  0.0373  0.0372  0.0384  0.0361  0.0369
  0.0440  0.0435  0.0425  0.0495  0.0502  0.0369  0.0379  0.0383  0.0374  0.0401  0.0363  0.0378
  0.0460  0.0448  0.0427  0.0556  0.0555  0.0361  0.0390  0.0402  0.0381  0.0425  0.0366  0.0387
niter,ni,del,rscale     7    3    5.0000    1.2000
parameters
   -0.7923   22.0419   14.8482   -3.3291   -8.1327    3.6077
   -1.1987    3.1822    2.5693   11.5038   -1.9348  -22.1740
eta,q 0.96599 18.81643
  0.0385  0.0403  0.0366  0.0390  0.0366  0.0384  0.0364  0.0370  0.0361  0.0387  0.0351  0.0345
  0.0369  0.0382  0.0358  0.0376  0.0353  0.0372  0.0352  0.0354  0.0352  0.0364  0.0347  0.0341
  0.0358  0.0365  0.0353  0.0360  0.0346  0.0359  0.0345  0.0345  0.0346  0.0349  0.0344  0.0340
  0.0354  0.0354  0.0349  0.0347  0.0347  0.0346  0.0344  0.0344  0.0343  0.0343  0.0343  0.0343
  0.0358  0.0349  0.0347  0.0348  0.0370  0.0333  0.0348  0.0349  0.0345  0.0344  0.0344  0.0348
  0.0370  0.0352  0.0348  0.0365  0.0418  0.0338  0.0357  0.0362  0.0351  0.0351  0.0347  0.0356
  0.0389  0.0361  0.0351  0.0404  0.0479  0.0396  0.0372  0.0382  0.0362  0.0364  0.0351  0.0365
niter,ni,del,rscale     6    3    5.0000    1.2000
parameters
   -0.8057   22.8391   14.7636   -2.7109   -9.4402    2.9236
   -1.4498    3.2226    2.6259   12.6242   -2.2066  -23.0345
eta,q 0.96598 18.73009
  0.0372  0.0376  0.0347  0.0386  0.0373  0.0377  0.0363  0.0372  0.0358  0.0376  0.0349  0.0352
  0.0355  0.0359  0.0342  0.0370  0.0354  0.0365  0.0350  0.0355  0.0349  0.0357  0.0344  0.0345
  0.0344  0.0347  0.0338  0.0352  0.0342  0.0351  0.0343  0.0344  0.0343  0.0346  0.0341  0.0341
  0.0340  0.0340  0.0337  0.0337  0.0335  0.0338  0.0341  0.0341  0.0341  0.0341  0.0341  0.0340
  0.0344  0.0337  0.0339  0.0335  0.0340  0.0327  0.0344  0.0344  0.0342  0.0343  0.0342  0.0344
  0.0355  0.0340  0.0343  0.0347  0.0371  0.0348  0.0352  0.0354  0.0348  0.0351  0.0345  0.0349
  0.0374  0.0347  0.0349  0.0382  0.0427  0.0434  0.0366  0.0371  0.0358  0.0359  0.0350  0.0357
niter,ni,del,rscale     5    3    5.0000    1.2000
parameters
   -0.8144   23.1893   14.6472   -2.6218   -9.8079    2.7879
   -1.5481    3.3275    2.6302   13.3880   -2.2528  -23.6284
eta,q 0.96587 18.71761
  0.0372  0.0366  0.0350  0.0385  0.0381  0.0381  0.0363  0.0372  0.0358  0.0370  0.0350  0.0354
  0.0355  0.0353  0.0344  0.0370  0.0363  0.0368  0.0351  0.0355  0.0349  0.0354  0.0346  0.0346
  0.0344  0.0344  0.0341  0.0353  0.0348  0.0354  0.0343  0.0344  0.0343  0.0345  0.0342  0.0342
  0.0340  0.0340  0.0340  0.0340  0.0340  0.0340  0.0341  0.0341  0.0341  0.0341  0.0341  0.0341
  0.0344  0.0341  0.0341  0.0340  0.0338  0.0329  0.0344  0.0344  0.0343  0.0345  0.0343  0.0344
  0.0355  0.0346  0.0346  0.0356  0.0357  0.0341  0.0352  0.0354  0.0349  0.0352  0.0346  0.0350
  0.0373  0.0354  0.0352  0.0395  0.0404  0.0413  0.0365  0.0370  0.0358  0.0358  0.0350  0.0357
niter,ni,del,rscale     4    3    5.0000    1.2000
parameters
   -0.8138   23.3759   14.4632   -2.5697   -9.9900    2.6324
   -1.6038    3.4155    2.6686   14.0250   -2.2387  -24.0372
eta,q 0.96572 18.71910
  0.0373  0.0363  0.0350  0.0386  0.0382  0.0382  0.0364  0.0372  0.0358  0.0367  0.0352  0.0356
  0.0356  0.0351  0.0345  0.0371  0.0365  0.0370  0.0352  0.0355  0.0350  0.0354  0.0347  0.0348
  0.0345  0.0344  0.0342  0.0354  0.0350  0.0355  0.0345  0.0346  0.0344  0.0345  0.0344  0.0344
  0.0341  0.0341  0.0341  0.0341  0.0341  0.0342  0.0342  0.0342  0.0342  0.0342  0.0343  0.0343
  0.0345  0.0343  0.0343  0.0342  0.0338  0.0330  0.0345  0.0345  0.0344  0.0347  0.0344  0.0346
  0.0356  0.0348  0.0347  0.0357  0.0355  0.0343  0.0352  0.0354  0.0349  0.0352  0.0347  0.0351
  0.0374  0.0356  0.0354  0.0397  0.0399  0.0415  0.0365  0.0370  0.0358  0.0358  0.0352  0.0357
niter,ni,del,rscale     3    3    5.0000    1.2000
parameters
   -0.8116   23.5545   14.2741   -2.5368  -10.2078    2.4724
   -1.6676    3.4894    2.7223   14.6998   -2.2164  -24.3827
eta,q 0.96554 18.71612
  0.0374  0.0362  0.0352  0.0387  0.0381  0.0383  0.0365  0.0372  0.0359  0.0367  0.0353  0.0357
  0.0358  0.0351  0.0347  0.0372  0.0365  0.0371  0.0353  0.0357  0.0351  0.0354  0.0349  0.0350
  0.0347  0.0345  0.0344  0.0355  0.0351  0.0357  0.0346  0.0347  0.0346  0.0346  0.0346  0.0346
  0.0343  0.0343  0.0343  0.0343  0.0343  0.0343  0.0344  0.0344  0.0344  0.0344  0.0345  0.0345
  0.0346  0.0345  0.0345  0.0343  0.0340  0.0332  0.0347  0.0346  0.0346  0.0348  0.0346  0.0347
  0.0357  0.0349  0.0349  0.0359  0.0355  0.0345  0.0354  0.0356  0.0350  0.0352  0.0349  0.0352
  0.0374  0.0356  0.0355  0.0399  0.0399  0.0416  0.0366  0.0372  0.0358  0.0358  0.0353  0.0358
niter,ni,del,rscale     2    3    5.0000    1.2000
parameters
   -0.8102   23.7914   14.0412   -2.5017  -10.5684    2.2439
   -1.7633    3.5640    2.7796   15.6544   -2.1374  -24.7438
eta,q 0.96531 18.70228
  0.0375  0.0363  0.0353  0.0389  0.0379  0.0384  0.0367  0.0374  0.0359  0.0368  0.0355  0.0358
  0.0359  0.0352  0.0348  0.0374  0.0364  0.0372  0.0355  0.0359  0.0352  0.0356  0.0351  0.0351
  0.0349  0.0346  0.0345  0.0357  0.0352  0.0359  0.0348  0.0350  0.0348  0.0348  0.0348  0.0348
  0.0345  0.0345  0.0345  0.0345  0.0345  0.0345  0.0346  0.0346  0.0346  0.0346  0.0347  0.0347
  0.0348  0.0346  0.0346  0.0345  0.0342  0.0334  0.0349  0.0349  0.0348  0.0349  0.0348  0.0349
  0.0359  0.0349  0.0351  0.0360  0.0357  0.0348  0.0356  0.0358  0.0352  0.0352  0.0351  0.0354
  0.0376  0.0356  0.0357  0.0400  0.0399  0.0419  0.0368  0.0373  0.0359  0.0358  0.0355  0.0360
niter,ni,del,rscale     1    3    5.0000    1.2000
parameters
   -0.8166   24.1921   13.6529   -2.4372  -11.2974    1.8341
   -1.9004    3.6638    2.7893   17.3569   -1.7643  -25.3704
eta,q 0.96517 18.66410
  0.0377  0.0364  0.0353  0.0390  0.0375  0.0384  0.0368  0.0376  0.0361  0.0372  0.0357  0.0358
  0.0361  0.0354  0.0349  0.0376  0.0362  0.0373  0.0357  0.0362  0.0354  0.0361  0.0353  0.0352
  0.0351  0.0349  0.0347  0.0359  0.0352  0.0360  0.0351  0.0353  0.0351  0.0353  0.0350  0.0349
  0.0347  0.0347  0.0347  0.0347  0.0346  0.0347  0.0349  0.0349  0.0349  0.0349  0.0349  0.0348
  0.0350  0.0347  0.0349  0.0346  0.0345  0.0337  0.0352  0.0351  0.0350  0.0349  0.0349  0.0351
  0.0361  0.0349  0.0353  0.0361  0.0361  0.0353  0.0359  0.0360  0.0354  0.0352  0.0352  0.0355
  0.0378  0.0355  0.0359  0.0401  0.0403  0.0424  0.0370  0.0375  0.0361  0.0359  0.0356  0.0360
registration optimization eta report
parameter search radius
    2.4000    2.4000    2.4000    7.2000    8.2800    8.2800
    7.2000    7.2000    7.2000    8.2800    7.2000    8.2800
100000*second partial in parameter space
       52.       22.       16.        9.        6.        9.
        4.        5.        2.        2.        1.        1.
  0.0377  0.0364  0.0353  0.0390  0.0375  0.0384  0.0368  0.0376  0.0361  0.0372  0.0357  0.0358
  0.0361  0.0354  0.0349  0.0376  0.0362  0.0373  0.0357  0.0362  0.0354  0.0361  0.0353  0.0352
  0.0351  0.0349  0.0347  0.0359  0.0352  0.0360  0.0351  0.0353  0.0351  0.0353  0.0350  0.0349
  0.0347  0.0347  0.0347  0.0347  0.0346  0.0347  0.0349  0.0349  0.0349  0.0349  0.0349  0.0348
  0.0350  0.0347  0.0349  0.0346  0.0345  0.0337  0.0352  0.0351  0.0350  0.0349  0.0349  0.0351
  0.0361  0.0349  0.0353  0.0361  0.0361  0.0353  0.0359  0.0360  0.0354  0.0352  0.0352  0.0355
  0.0378  0.0355  0.0359  0.0401  0.0403  0.0424  0.0370  0.0375  0.0361  0.0359  0.0356  0.0360
   -0.8166   24.1921   13.6529   -2.4372  -11.2974    1.8341
   -1.9004    3.6638    2.7893   17.3569   -1.7643  -25.3704
eta,q 0.96517 18.66410

---------------------------------------------------------------------
imgreg_4dfp /opt/freesurfer/average/711-2C_as_mni_average_305 /opt/freesurfer/average/711-2B_as_mni_average_305_mask talsrcimg_g11 none talsrcimg_to_711-2C_as_mni_average_305_t4 2311
---------------------------------------------------------------------

freesurfer imgreg_4dfp.c
/opt/freesurfer/average/711-2C_as_mni_average_305.4dfp.img
       256       256       256         1
  1.000000  1.000000  1.000000
orientation T byte_order littleendian
Reading image: /opt/freesurfer/average/711-2C_as_mni_average_305.4dfp.img
dimensions:      256       256       256
mmppix:       1.0000   -1.0000   -1.0000
center:     128.0000 -129.0000 -129.0000
/opt/freesurfer/average/711-2B_as_mni_average_305_mask.4dfp.img
       256       256       256         1
  1.000000  1.000000  1.000000
orientation T byte_order littleendian
Reading mask: /opt/freesurfer/average/711-2B_as_mni_average_305_mask.4dfp.img (2306576 pixels)
talsrcimg_g11.4dfp.img
       320       320       320         1
  0.700000  0.700000  0.700000
orientation T byte_order littleendian
Reading image: talsrcimg_g11.4dfp.img
dimensions:      320       320       320
mmppix:       0.7000   -0.7000   -0.7000
center:     112.0000 -112.7000 -112.7000
fimgreg.f
image alignment mode   2311 decimal      907 hex
parameters
   -0.8166   24.1921   13.6529   -2.4372  -11.2974    1.8341
   -1.9004    3.6638    2.7893   17.3569   -1.7643  -25.3704
eta,q 0.96517 18.66410
niter,ni,del,rscale     5    3    5.0000    0.8000
parameter  6 -0.564448 -> -0.500000 qaram    1.1500
parameters
   -0.8307   24.8781   13.0708   -1.3323  -11.4417    4.5941
   -1.5874    3.2559    2.8271   19.4293   -3.5519  -25.5268
eta,q 0.96662 18.87601
  0.0362  0.0359  0.0348  0.0375  0.0353  0.0366  0.0345  0.0350  0.0341  0.0345  0.0336  0.0336
  0.0354  0.0354  0.0347  0.0365  0.0349  0.0359  0.0340  0.0341  0.0338  0.0340  0.0334  0.0335
  0.0350  0.0351  0.0347  0.0355  0.0346  0.0351  0.0337  0.0337  0.0336  0.0337  0.0334  0.0334
  0.0348  0.0348  0.0347  0.0347  0.0345  0.0345  0.0336  0.0336  0.0336  0.0336  0.0335  0.0334
  0.0350  0.0347  0.0349  0.0344  0.0344  0.0338  0.0336  0.0337  0.0336  0.0335  0.0336  0.0334
  0.0355  0.0348  0.0351  0.0348  0.0347  0.0336  0.0338  0.0344  0.0338  0.0335  0.0339  0.0335
  0.0362  0.0349  0.0354  0.0360  0.0357  0.0345  0.0343  0.0358  0.0341  0.0336  0.0342  0.0336
niter,ni,del,rscale     5    3    5.0000    0.8000
parameters
   -0.9468   25.3424   13.2867   -1.6819  -11.8208    3.4720
   -2.0054    3.8875    2.9664   20.5778   -2.7483  -25.4432
eta,q 0.96624 18.78403
  0.0346  0.0342  0.0343  0.0356  0.0342  0.0358  0.0345  0.0355  0.0344  0.0345  0.0343  0.0340
  0.0338  0.0338  0.0338  0.0346  0.0339  0.0350  0.0341  0.0346  0.0341  0.0341  0.0340  0.0338
  0.0335  0.0335  0.0335  0.0337  0.0336  0.0342  0.0339  0.0340  0.0339  0.0339  0.0338  0.0338
  0.0334  0.0334  0.0333  0.0333  0.0334  0.0334  0.0338  0.0338  0.0338  0.0338  0.0338  0.0338
  0.0336  0.0333  0.0334  0.0336  0.0333  0.0337  0.0340  0.0338  0.0339  0.0338  0.0338  0.0338
  0.0341  0.0334  0.0335  0.0346  0.0337  0.0363  0.0343  0.0341  0.0340  0.0338  0.0339  0.0338
  0.0350  0.0336  0.0338  0.0370  0.0350  0.0422  0.0347  0.0348  0.0344  0.0341  0.0340  0.0339
niter,ni,del,rscale     4    3    5.0000    0.7000
parameters
   -0.9736   25.6072   12.7447   -1.3261  -12.0664    3.1702
   -2.0215    3.6682    2.9018   20.9141   -2.6023  -27.0226
eta,q 0.96628 18.80755
  0.0347  0.0343  0.0338  0.0358  0.0343  0.0358  0.0343  0.0347  0.0342  0.0342  0.0340  0.0338
  0.0341  0.0340  0.0337  0.0349  0.0340  0.0351  0.0340  0.0341  0.0340  0.0340  0.0339  0.0337
  0.0338  0.0339  0.0337  0.0341  0.0338  0.0343  0.0338  0.0339  0.0338  0.0339  0.0338  0.0337
  0.0338  0.0338  0.0337  0.0337  0.0336  0.0337  0.0338  0.0338  0.0338  0.0338  0.0338  0.0338
  0.0339  0.0337  0.0339  0.0337  0.0336  0.0334  0.0338  0.0339  0.0338  0.0337  0.0338  0.0338
  0.0342  0.0338  0.0340  0.0342  0.0339  0.0346  0.0340  0.0342  0.0340  0.0338  0.0339  0.0339
  0.0348  0.0340  0.0342  0.0355  0.0348  0.0377  0.0343  0.0350  0.0343  0.0341  0.0340  0.0340
niter,ni,del,rscale     3    3    5.0000    0.6000
parameters
   -1.0537   25.8045   12.4339   -1.1169  -11.9662    3.1054
   -1.9728    3.5228    2.9739   21.2354   -2.5063  -27.5136
eta,q 0.96634 18.83737
  0.0343  0.0341  0.0338  0.0353  0.0341  0.0356  0.0341  0.0344  0.0340  0.0339  0.0339  0.0338
  0.0340  0.0339  0.0337  0.0346  0.0339  0.0349  0.0339  0.0340  0.0338  0.0338  0.0338  0.0337
  0.0338  0.0338  0.0337  0.0340  0.0338  0.0342  0.0337  0.0338  0.0337  0.0337  0.0337  0.0337
  0.0337  0.0337  0.0337  0.0337  0.0337  0.0337  0.0337  0.0337  0.0337  0.0337  0.0337  0.0337
  0.0338  0.0337  0.0338  0.0337  0.0336  0.0335  0.0337  0.0337  0.0337  0.0337  0.0337  0.0337
  0.0341  0.0338  0.0339  0.0341  0.0337  0.0343  0.0338  0.0340  0.0338  0.0337  0.0337  0.0338
  0.0345  0.0339  0.0341  0.0351  0.0342  0.0365  0.0341  0.0346  0.0340  0.0339  0.0339  0.0338
niter,ni,del,rscale     2    3    5.0000    0.5000
parameters
   -1.0964   25.9015   12.3354   -0.9881  -11.8022    3.3188
   -1.9091    3.3193    3.0557   21.4458   -2.6662  -27.5477
eta,q 0.96644 18.86736
  0.0341  0.0339  0.0338  0.0348  0.0340  0.0353  0.0339  0.0341  0.0338  0.0338  0.0337  0.0337
  0.0339  0.0338  0.0337  0.0343  0.0339  0.0347  0.0337  0.0338  0.0337  0.0337  0.0336  0.0336
  0.0337  0.0337  0.0337  0.0339  0.0337  0.0341  0.0336  0.0336  0.0336  0.0336  0.0336  0.0336
  0.0337  0.0337  0.0337  0.0337  0.0336  0.0336  0.0336  0.0336  0.0336  0.0336  0.0336  0.0336
  0.0337  0.0337  0.0337  0.0337  0.0336  0.0335  0.0336  0.0336  0.0336  0.0336  0.0336  0.0336
  0.0339  0.0337  0.0338  0.0340  0.0337  0.0339  0.0337  0.0338  0.0337  0.0336  0.0336  0.0336
  0.0342  0.0338  0.0339  0.0347  0.0340  0.0353  0.0339  0.0342  0.0338  0.0337  0.0337  0.0337
niter,ni,del,rscale     1    3    5.0000    0.4000
parameters
   -1.1145   25.9274   12.3972   -0.9375  -11.6018    3.7582
   -1.8733    3.1372    3.1358   21.6667   -3.0012  -27.1922
eta,q 0.96658 18.89528
  0.0339  0.0337  0.0337  0.0343  0.0338  0.0348  0.0336  0.0338  0.0336  0.0336  0.0335  0.0335
  0.0337  0.0336  0.0336  0.0339  0.0337  0.0344  0.0335  0.0336  0.0335  0.0335  0.0335  0.0335
  0.0336  0.0336  0.0336  0.0337  0.0336  0.0339  0.0335  0.0335  0.0335  0.0335  0.0334  0.0334
  0.0336  0.0336  0.0336  0.0336  0.0336  0.0335  0.0334  0.0334  0.0334  0.0334  0.0334  0.0334
  0.0336  0.0336  0.0336  0.0336  0.0335  0.0334  0.0334  0.0335  0.0334  0.0334  0.0334  0.0334
  0.0337  0.0336  0.0336  0.0338  0.0336  0.0336  0.0335  0.0336  0.0335  0.0335  0.0335  0.0334
  0.0339  0.0337  0.0337  0.0343  0.0338  0.0344  0.0336  0.0339  0.0336  0.0336  0.0336  0.0335
registration optimization eta report
parameter search radius
    0.8000    0.8000    0.8000    2.4000    2.4000    2.7600
    2.4000    2.4000    2.4000    2.4000    2.4000    2.4000
100000*second partial in parameter space
       50.       22.       23.       13.        5.       14.
        3.        7.        3.        2.        2.        1.
  0.0339  0.0337  0.0337  0.0343  0.0338  0.0348  0.0336  0.0338  0.0336  0.0336  0.0335  0.0335
  0.0337  0.0336  0.0336  0.0339  0.0337  0.0344  0.0335  0.0336  0.0335  0.0335  0.0335  0.0335
  0.0336  0.0336  0.0336  0.0337  0.0336  0.0339  0.0335  0.0335  0.0335  0.0335  0.0334  0.0334
  0.0336  0.0336  0.0336  0.0336  0.0336  0.0335  0.0334  0.0334  0.0334  0.0334  0.0334  0.0334
  0.0336  0.0336  0.0336  0.0336  0.0335  0.0334  0.0334  0.0335  0.0334  0.0334  0.0334  0.0334
  0.0337  0.0336  0.0336  0.0338  0.0336  0.0336  0.0335  0.0336  0.0335  0.0335  0.0335  0.0334
  0.0339  0.0337  0.0337  0.0343  0.0338  0.0344  0.0336  0.0339  0.0336  0.0336  0.0336  0.0335
   -1.1145   25.9274   12.3972   -0.9375  -11.6018    3.7582
   -1.8733    3.1372    3.1358   21.6667   -3.0012  -27.1922
eta,q 0.96658 18.89528

---------------------------------------------------------------------
imgreg_4dfp /opt/freesurfer/average/711-2C_as_mni_average_305 /opt/freesurfer/average/711-2B_as_mni_average_305_mask talsrcimg_g11 none talsrcimg_to_711-2C_as_mni_average_305_t4 2311
---------------------------------------------------------------------

freesurfer imgreg_4dfp.c
/opt/freesurfer/average/711-2C_as_mni_average_305.4dfp.img
       256       256       256         1
  1.000000  1.000000  1.000000
orientation T byte_order littleendian
Reading image: /opt/freesurfer/average/711-2C_as_mni_average_305.4dfp.img
dimensions:      256       256       256
mmppix:       1.0000   -1.0000   -1.0000
center:     128.0000 -129.0000 -129.0000
/opt/freesurfer/average/711-2B_as_mni_average_305_mask.4dfp.img
       256       256       256         1
  1.000000  1.000000  1.000000
orientation T byte_order littleendian
Reading mask: /opt/freesurfer/average/711-2B_as_mni_average_305_mask.4dfp.img (2306576 pixels)
talsrcimg_g11.4dfp.img
       320       320       320         1
  0.700000  0.700000  0.700000
orientation T byte_order littleendian
Reading image: talsrcimg_g11.4dfp.img
dimensions:      320       320       320
mmppix:       0.7000   -0.7000   -0.7000
center:     112.0000 -112.7000 -112.7000
fimgreg.f
image alignment mode   2311 decimal      907 hex
parameters
   -1.1145   25.9274   12.3972   -0.9375  -11.6018    3.7582
   -1.8733    3.1372    3.1358   21.6667   -3.0012  -27.1922
eta,q 0.96658 18.89528
niter,ni,del,rscale     5    3    5.0000    0.8000
parameters
   -1.0790   25.8204   12.7057   -1.5616  -12.4360    3.1994
   -2.0988    3.4900    2.9215   21.2309   -2.3433  -26.9957
eta,q 0.96626 18.77052
  0.0349  0.0340  0.0344  0.0355  0.0343  0.0359  0.0344  0.0354  0.0343  0.0341  0.0342  0.0340
  0.0340  0.0337  0.0339  0.0345  0.0339  0.0351  0.0340  0.0344  0.0340  0.0339  0.0340  0.0339
  0.0336  0.0335  0.0336  0.0337  0.0336  0.0342  0.0338  0.0339  0.0338  0.0338  0.0338  0.0338
  0.0334  0.0334  0.0334  0.0334  0.0335  0.0335  0.0337  0.0337  0.0337  0.0337  0.0337  0.0337
  0.0336  0.0335  0.0334  0.0338  0.0335  0.0335  0.0338  0.0338  0.0338  0.0337  0.0338  0.0338
  0.0340  0.0338  0.0336  0.0351  0.0342  0.0351  0.0341  0.0341  0.0340  0.0339  0.0338  0.0338
  0.0347  0.0342  0.0338  0.0377  0.0358  0.0390  0.0345  0.0350  0.0344  0.0345  0.0340  0.0339
niter,ni,del,rscale     4    3    5.0000    0.7000
parameters
   -1.0740   25.9214   12.5512   -1.2647  -12.4232    3.2195
   -1.9747    3.3838    2.7924   21.5188   -2.4170  -27.1171
eta,q 0.96633 18.79524
  0.0347  0.0342  0.0340  0.0358  0.0343  0.0356  0.0342  0.0347  0.0341  0.0341  0.0339  0.0338
  0.0341  0.0339  0.0338  0.0349  0.0341  0.0349  0.0339  0.0341  0.0339  0.0339  0.0338  0.0337
  0.0338  0.0338  0.0337  0.0342  0.0339  0.0343  0.0337  0.0338  0.0337  0.0338  0.0337  0.0337
  0.0337  0.0337  0.0337  0.0337  0.0337  0.0337  0.0337  0.0337  0.0337  0.0337  0.0337  0.0337
  0.0339  0.0338  0.0338  0.0337  0.0336  0.0335  0.0337  0.0338  0.0337  0.0337  0.0337  0.0337
  0.0342  0.0339  0.0340  0.0343  0.0338  0.0342  0.0339  0.0341  0.0339  0.0337  0.0338  0.0338
  0.0347  0.0341  0.0342  0.0356  0.0346  0.0364  0.0342  0.0349  0.0342  0.0340  0.0340  0.0338
niter,ni,del,rscale     3    3    5.0000    0.6000
parameters
   -1.1188   26.0141   12.4881   -1.1153  -12.2862    3.4952
   -1.9001    3.2566    2.8449   21.7407   -2.6338  -27.0376
eta,q 0.96646 18.82548
  0.0343  0.0340  0.0339  0.0352  0.0342  0.0353  0.0340  0.0343  0.0339  0.0338  0.0337  0.0337
  0.0339  0.0338  0.0338  0.0345  0.0340  0.0347  0.0337  0.0338  0.0337  0.0337  0.0336  0.0336
  0.0337  0.0337  0.0337  0.0340  0.0338  0.0342  0.0336  0.0336  0.0336  0.0336  0.0336  0.0336
  0.0337  0.0337  0.0337  0.0337  0.0336  0.0336  0.0335  0.0335  0.0336  0.0336  0.0335  0.0335
  0.0338  0.0337  0.0337  0.0337  0.0336  0.0334  0.0336  0.0336  0.0336  0.0335  0.0336  0.0336
  0.0340  0.0338  0.0338  0.0342  0.0338  0.0339  0.0337  0.0339  0.0337  0.0336  0.0337  0.0336
  0.0344  0.0339  0.0340  0.0352  0.0343  0.0353  0.0339  0.0345  0.0339  0.0338  0.0338  0.0337
niter,ni,del,rscale     2    3    5.0000    0.5000
parameters
   -1.1287   26.0490   12.5904   -1.0562  -12.1262    3.9224
   -1.8422    3.1769    2.9384   21.9174   -2.8739  -26.7365
eta,q 0.96662 18.84931
  0.0340  0.0338  0.0338  0.0346  0.0340  0.0349  0.0337  0.0340  0.0337  0.0337  0.0336  0.0335
  0.0337  0.0336  0.0337  0.0341  0.0338  0.0344  0.0335  0.0336  0.0335  0.0336  0.0334  0.0335
  0.0336  0.0336  0.0336  0.0337  0.0336  0.0339  0.0334  0.0334  0.0334  0.0335  0.0334  0.0334
  0.0335  0.0335  0.0335  0.0335  0.0335  0.0335  0.0334  0.0334  0.0334  0.0334  0.0334  0.0334
  0.0336  0.0336  0.0335  0.0336  0.0335  0.0333  0.0334  0.0335  0.0334  0.0334  0.0334  0.0334
  0.0338  0.0336  0.0336  0.0339  0.0336  0.0336  0.0335  0.0337  0.0335  0.0334  0.0335  0.0334
  0.0340  0.0337  0.0337  0.0347  0.0340  0.0346  0.0337  0.0341  0.0336  0.0337  0.0336  0.0335
niter,ni,del,rscale     1    3    5.0000    0.4000
parameters
   -1.1127   26.0326   12.7915   -1.0839  -11.9927    4.3749
   -1.8381    3.1484    3.0471   21.9614   -3.1097  -26.4664
eta,q 0.96674 18.86393
  0.0337  0.0335  0.0336  0.0341  0.0337  0.0345  0.0335  0.0337  0.0335  0.0335  0.0334  0.0334
  0.0335  0.0335  0.0335  0.0337  0.0336  0.0341  0.0333  0.0334  0.0334  0.0334  0.0333  0.0333
  0.0334  0.0334  0.0334  0.0335  0.0335  0.0337  0.0333  0.0333  0.0333  0.0333  0.0333  0.0333
  0.0334  0.0334  0.0334  0.0334  0.0334  0.0334  0.0333  0.0333  0.0333  0.0333  0.0333  0.0333
  0.0334  0.0334  0.0334  0.0334  0.0334  0.0332  0.0333  0.0333  0.0333  0.0333  0.0333  0.0333
  0.0335  0.0335  0.0334  0.0337  0.0335  0.0334  0.0333  0.0334  0.0333  0.0333  0.0333  0.0333
  0.0337  0.0336  0.0335  0.0341  0.0337  0.0340  0.0335  0.0337  0.0334  0.0335  0.0334  0.0333
registration optimization eta report
parameter search radius
    0.8000    0.8000    0.8000    2.4000    2.4000    2.4000
    2.4000    2.4000    2.4000    2.4000    2.4000    2.4000
100000*second partial in parameter space
       51.       27.       27.       13.        6.       16.
        3.        7.        3.        4.        2.        2.
  0.0337  0.0335  0.0336  0.0341  0.0337  0.0345  0.0335  0.0337  0.0335  0.0335  0.0334  0.0334
  0.0335  0.0335  0.0335  0.0337  0.0336  0.0341  0.0333  0.0334  0.0334  0.0334  0.0333  0.0333
  0.0334  0.0334  0.0334  0.0335  0.0335  0.0337  0.0333  0.0333  0.0333  0.0333  0.0333  0.0333
  0.0334  0.0334  0.0334  0.0334  0.0334  0.0334  0.0333  0.0333  0.0333  0.0333  0.0333  0.0333
  0.0334  0.0334  0.0334  0.0334  0.0334  0.0332  0.0333  0.0333  0.0333  0.0333  0.0333  0.0333
  0.0335  0.0335  0.0334  0.0337  0.0335  0.0334  0.0333  0.0334  0.0333  0.0333  0.0333  0.0333
  0.0337  0.0336  0.0335  0.0341  0.0337  0.0340  0.0335  0.0337  0.0334  0.0335  0.0334  0.0333
   -1.1127   26.0326   12.7915   -1.0839  -11.9927    4.3749
   -1.8381    3.1484    3.0471   21.9614   -3.1097  -26.4664
eta,q 0.96674 18.86393

---------------------------------------------------------------------
compute_vox2vox talsrcimg talsrcimg_to_711-2C_as_mni_average_305_t4 /opt/freesurfer/average/711-2C_as_mni_average_305
---------------------------------------------------------------------

freesurfer compute_vox2vox.c
Reading: talsrcimg.4dfp.ifh
Reading: talsrcimg_to_711-2C_as_mni_average_305_t4
Reading: /opt/freesurfer/average/711-2C_as_mni_average_305.4dfp.ifh
Writing: talsrcimg_to_711-2C_as_mni_average_305_t4_vox2vox.txt

start time Fri Mar 13 07:36:11 CET 2026
end		time Fri Mar 13 07:36:33 CET 2026

mpr2mni305 success

avi2talxfm orig_nu.mgz /opt/freesurfer/average/mni305.cor.mgz talsrcimg_to_711-2C_as_mni_average_305_t4_vox2vox.txt transforms/talairach.auto.xfm
avi2talxfm done
mv -f /out/sourcedata/freesurfer/sub-v2s5x29557_ses-1/mri/talsrcimg_to_711-2C_as_mni_average_305_t4_vox2vox.txt /out/sourcedata/freesurfer/sub-v2s5x29557_ses-1/mri/transforms/talsrcimg_to_711-2C_as_mni_average_305_t4_vox2vox.txt
lta_convert --src orig_nu.mgz --trg /opt/freesurfer/average/mni305.cor.mgz --inxfm transforms/talairach.auto.xfm --outlta transforms/talairach.auto.xfm.lta --subject fsaverage
7.3.2

--src: orig_nu.mgz src image (geometry).
--trg: /opt/freesurfer/average/mni305.cor.mgz trg image (geometry).
--inmni: transforms/talairach.auto.xfm input MNI/XFM transform.
--outlta: transforms/talairach.auto.xfm.lta output LTA.
--s: fsaverage subject name
 LTA read, type : 1
 1.00958  -0.03281   0.01122  -0.31580;
 0.01995   0.90042   0.27120  -26.95164;
-0.03993  -0.22355   1.06821  -10.62375;
 0.00000   0.00000   0.00000   1.00000;
setting subject to fsaverage
Writing  LTA to file transforms/talairach.auto.xfm.lta...
lta_convert successful.
 
 
Started at Fri Mar 13 07:36:11 CET 2026
Ended   at Fri Mar 13 07:36:33 CET 2026
talairach_avi done
