/out/sourcedata/freesurfer/sub-v2s5x29541_ses-1/mri
/opt/freesurfer/bin/talairach_avi
--i orig_nu.mgz --xfm transforms/talairach.auto.xfm
talairach_avi 7.3.2
Linux dna020 5.14.0-427.37.1.el9_4.x86_64 #1 SMP PREEMPT_DYNAMIC Fri Sep 13 12:41:50 EDT 2024 x86_64 x86_64 x86_64 GNU/Linux
Fri Mar 13 06:47:51 CET 2026
mri_convert orig_nu.mgz talsrcimg.img 
reading from orig_nu.mgz...
TR=0.00, TE=0.00, TI=0.00, flip angle=0.00
i_ras = (-1, 0, 0)
j_ras = (0, 0, -1)
k_ras = (0, 1, 0)
writing to talsrcimg.img...
Analyze Output Matrix
-0.70000   0.00000   0.00000   115.95750;
 0.00000   0.00000   0.70000  -92.05200;
 0.00000  -0.70000   0.00000   82.96089;
 0.00000   0.00000   0.00000   1.00000;
--------------------
INFO: set hdr.hist.orient to -1
mpr2mni305 talsrcimg
Fri Mar 13 06:47:52 CET 2026
/opt/freesurfer/bin/mpr2mni305 talsrcimg
mpr2mni305 7.3.2
target=711-2C_as_mni_average_305

---------------------------------------------------------------------
analyzeto4dfp talsrcimg -O0 -y
---------------------------------------------------------------------

freesurfer ifh2hdr.c
Fri Mar 13 06:47:52 2026
Writing: talsrcimg.4dfp.hdr
freesurfer analyzeto4dfp.c
Reading: talsrcimg.hdr
header size 348 bytes
hdr.dime.datatype	offset=70	value=2
hdr.dime.bitpix		offset=72	value=8
hdr.hist.orient		offset=252	value=-1
dimensionality     4
dimensions       320       320       320         1
Reading: talsrcimg.img
Writing: talsrcimg.4dfp.img
Writing: talsrcimg.4dfp.ifh
ifh2hdr talsrcimg -r0to222
ori=2

---------------------------------------------------------------------
gauss_4dfp talsrcimg 1.1
---------------------------------------------------------------------

freesurfer gauss_4dfp.c
Reading: talsrcimg.4dfp.img
Writing: talsrcimg_g11.4dfp.img
image dimensions 320 320 320 padded to 384 384 384
processing volume 1freesurfer ifh2hdr.c
Fri Mar 13 06:48:09 2026
Writing: talsrcimg_g11.4dfp.hdr

Writing: talsrcimg_g11.4dfp.ifh
including: talsrcimg.4dfp.img.rec in talsrcimg_g11.4dfp.img.rec

---------------------------------------------------------------------
imgreg_4dfp /opt/freesurfer/average/711-2C_as_mni_average_305 none talsrcimg_g11 none talsrcimg_to_711-2C_as_mni_average_305_t4 4355
---------------------------------------------------------------------

freesurfer imgreg_4dfp.c
/opt/freesurfer/average/711-2C_as_mni_average_305.4dfp.img
       256       256       256         1
  1.000000  1.000000  1.000000
orientation T byte_order littleendian
Reading image: /opt/freesurfer/average/711-2C_as_mni_average_305.4dfp.img
dimensions:      256       256       256
mmppix:       1.0000   -1.0000   -1.0000
center:     128.0000 -129.0000 -129.0000
talsrcimg_g11.4dfp.img
       320       320       320         1
  0.700000  0.700000  0.700000
orientation T byte_order littleendian
Reading image: talsrcimg_g11.4dfp.img
dimensions:      320       320       320
mmppix:       0.7000   -0.7000   -0.7000
center:     112.0000 -112.7000 -112.7000
t4_read: open error in t4_sub.f l:  41 t4_file(1:l)talsrcimg_to_711-2C_as_mni_average_305_t4 
t4_read: transform initialized to I4
rotation matrix determinant  1.000000
image alignment mode   4355 decimal     1103 hex
   -7.5000  -45.0000  -45.0000 4666.8267   19.2006
    0.0000  -45.0000  -45.0000 4917.2075   19.1967
    7.5000  -45.0000  -45.0000 4651.2871   19.1839
   -7.5000  -37.5000  -45.0000 5058.7808   19.5184
    0.0000  -37.5000  -45.0000 5337.4824   19.5208
    7.5000  -37.5000  -45.0000 5050.0366   19.5113
   -7.5000  -30.0000  -45.0000 5529.8804   19.4626
    0.0000  -30.0000  -45.0000 5834.7300   19.4679
    7.5000  -30.0000  -45.0000 5524.9082   19.4644
   -7.5000  -22.5000  -45.0000 5858.8364   18.9769
    0.0000  -22.5000  -45.0000 6175.4365   18.9839
    7.5000  -22.5000  -45.0000 5849.9829   18.9849
   -7.5000  -15.0000  -45.0000 6443.0083   18.6257
    0.0000  -15.0000  -45.0000 6783.2681   18.6282
    7.5000  -15.0000  -45.0000 6425.9941   18.6279
   -7.5000   -7.5000  -45.0000 7016.7363   18.4451
    0.0000   -7.5000  -45.0000 7382.9028   18.4469
    7.5000   -7.5000  -45.0000 6994.2476   18.4386
   -7.5000    0.0000  -45.0000 7573.7549   18.4445
    0.0000    0.0000  -45.0000 7972.3022   18.4474
    7.5000    0.0000  -45.0000 7564.4976   18.4326
   -7.5000    7.5000  -45.0000 7477.9326   18.4791
    0.0000    7.5000  -45.0000 7846.1865   18.4837
    7.5000    7.5000  -45.0000 7468.4165   18.4710
   -7.5000   15.0000  -45.0000 7317.5581   18.2325
    0.0000   15.0000  -45.0000 7678.2759   18.2391
    7.5000   15.0000  -45.0000 7294.8784   18.2333
   -7.5000   22.5000  -45.0000 7109.1338   17.7210
    0.0000   22.5000  -45.0000 7445.7720   17.7263
    7.5000   22.5000  -45.0000 7062.2222   17.7255
   -7.5000   30.0000  -45.0000 7072.9707   17.6809
    0.0000   30.0000  -45.0000 7396.7246   17.6826
    7.5000   30.0000  -45.0000 7009.9302   17.6811
   -7.5000   37.5000  -45.0000 6748.7510   17.1093
    0.0000   37.5000  -45.0000 7079.1797   17.1105
    7.5000   37.5000  -45.0000 6694.6411   17.1025
   -7.5000   45.0000  -45.0000 6339.9277   16.5138
    0.0000   45.0000  -45.0000 6658.4062   16.5164
    7.5000   45.0000  -45.0000 6293.7207   16.5032
   -7.5000  -45.0000  -37.5000 4898.8223   19.9320
    0.0000  -45.0000  -37.5000 5171.2339   19.9264
    7.5000  -45.0000  -37.5000 4894.0400   19.9094
   -7.5000  -37.5000  -37.5000 5347.0962   20.2567
    0.0000  -37.5000  -37.5000 5639.0298   20.2558
    7.5000  -37.5000  -37.5000 5337.2925   20.2446
   -7.5000  -30.0000  -37.5000 5880.7881   20.1752
    0.0000  -30.0000  -37.5000 6196.3813   20.1785
    7.5000  -30.0000  -37.5000 5866.2427   20.1751
   -7.5000  -22.5000  -37.5000 6244.6973   19.6924
    0.0000  -22.5000  -37.5000 6572.1401   19.6977
    7.5000  -22.5000  -37.5000 6223.5229   19.6950
   -7.5000  -15.0000  -37.5000 6874.3618   19.3428
    0.0000  -15.0000  -37.5000 7225.5049   19.3438
    7.5000  -15.0000  -37.5000 6852.5293   19.3362
   -7.5000   -7.5000  -37.5000 7495.4287   19.1532
    0.0000   -7.5000  -37.5000 7877.3071   19.1515
    7.5000   -7.5000  -37.5000 7483.6636   19.1346
   -7.5000    0.0000  -37.5000 8105.6714   19.1360
    0.0000    0.0000  -37.5000 8514.6143   19.1346
    7.5000    0.0000  -37.5000 8096.6157   19.1141
   -7.5000    7.5000  -37.5000 7991.8613   19.1601
    0.0000    7.5000  -37.5000 8367.1797   19.1613
    7.5000    7.5000  -37.5000 7974.9600   19.1474
   -7.5000   15.0000  -37.5000 7800.5806   18.9111
    0.0000   15.0000  -37.5000 8167.3862   18.9151
    7.5000   15.0000  -37.5000 7776.4517   18.9087
   -7.5000   22.5000  -37.5000 7566.9370   18.4058
    0.0000   22.5000  -37.5000 7912.8706   18.4094
    7.5000   22.5000  -37.5000 7516.1187   18.4054
   -7.5000   30.0000  -37.5000 7544.9692   18.3739
    0.0000   30.0000  -37.5000 7887.5449   18.3740
    7.5000   30.0000  -37.5000 7485.7739   18.3657
   -7.5000   37.5000  -37.5000 7201.6558   17.7788
    0.0000   37.5000  -37.5000 7544.9102   17.7768
    7.5000   37.5000  -37.5000 7160.6445   17.7607
   -7.5000   45.0000  -37.5000 6771.9395   17.1331
    0.0000   45.0000  -37.5000 7105.2656   17.1318
    7.5000   45.0000  -37.5000 6752.4883   17.1135
   -7.5000  -45.0000  -30.0000 5148.3252   20.6368
    0.0000  -45.0000  -30.0000 5431.8828   20.6313
    7.5000  -45.0000  -30.0000 5137.0059   20.6138
   -7.5000  -37.5000  -30.0000 5648.1328   20.9798
    0.0000  -37.5000  -30.0000 5951.0420   20.9735
    7.5000  -37.5000  -30.0000 5624.1284   20.9579
   -7.5000  -30.0000  -30.0000 6241.9800   20.8819
    0.0000  -30.0000  -30.0000 6564.6802   20.8766
    7.5000  -30.0000  -30.0000 6214.1450   20.8651
   -7.5000  -22.5000  -30.0000 6640.4004   20.4053
    0.0000  -22.5000  -30.0000 6979.3276   20.4038
    7.5000  -22.5000  -30.0000 6618.4902   20.3907
   -7.5000  -15.0000  -30.0000 7317.8979   20.0524
    0.0000  -15.0000  -30.0000 7685.4941   20.0504
    7.5000  -15.0000  -30.0000 7302.4434   20.0337
   -7.5000   -7.5000  -30.0000 7990.2266   19.8454
    0.0000   -7.5000  -30.0000 8386.2686   19.8420
    7.5000   -7.5000  -30.0000 7978.3267   19.8189
   -7.5000    0.0000  -30.0000 8641.6504   19.8087
    0.0000    0.0000  -30.0000 9057.5039   19.8047
    7.5000    0.0000  -30.0000 8614.6436   19.7810
   -7.5000    7.5000  -30.0000 8503.2998   19.8246
    0.0000    7.5000  -30.0000 8903.5312   19.8202
    7.5000    7.5000  -30.0000 8471.4834   19.8024
   -7.5000   15.0000  -30.0000 8303.9199   19.5819
    0.0000   15.0000  -30.0000 8712.2588   19.5779
    7.5000   15.0000  -30.0000 8269.4150   19.5640
   -7.5000   22.5000  -30.0000 8059.4609   19.0898
    0.0000   22.5000  -30.0000 8465.8691   19.0874
    7.5000   22.5000  -30.0000 8013.1562   19.0741
   -7.5000   30.0000  -30.0000 8037.8257   19.0634
    0.0000   30.0000  -30.0000 8451.5098   19.0608
    7.5000   30.0000  -30.0000 7988.7617   19.0440
   -7.5000   37.5000  -30.0000 7653.4150   18.4495
    0.0000   37.5000  -30.0000 8049.9854   18.4459
    7.5000   37.5000  -30.0000 7630.6133   18.4239
   -7.5000   45.0000  -30.0000 7200.7598   17.7637
    0.0000   45.0000  -30.0000 7572.2021   17.7601
    7.5000   45.0000  -30.0000 7202.0181   17.7390
   -7.5000  -45.0000  -22.5000 5250.3291   20.7384
    0.0000  -45.0000  -22.5000 5520.5225   20.7346
    7.5000  -45.0000  -22.5000 5231.8438   20.7179
   -7.5000  -37.5000  -22.5000 5773.1797   21.0749
    0.0000  -37.5000  -22.5000 6061.6846   21.0687
    7.5000  -37.5000  -22.5000 5736.4858   21.0478
   -7.5000  -30.0000  -22.5000 6403.2852   20.9801
    0.0000  -30.0000  -22.5000 6726.8599   20.9703
    7.5000  -30.0000  -22.5000 6365.8960   20.9492
   -7.5000  -22.5000  -22.5000 6840.1006   20.5111
    0.0000  -22.5000  -22.5000 7194.3423   20.5047
    7.5000  -22.5000  -22.5000 6810.4497   20.4848
   -7.5000  -15.0000  -22.5000 7548.5298   20.1597
    0.0000  -15.0000  -22.5000 7932.6763   20.1545
    7.5000  -15.0000  -22.5000 7519.3423   20.1360
   -7.5000   -7.5000  -22.5000 8262.8906   19.9453
    0.0000   -7.5000  -22.5000 8683.6270   19.9417
    7.5000   -7.5000  -22.5000 8231.1826   19.9197
   -7.5000    0.0000  -22.5000 8934.9258   19.8981
    0.0000    0.0000  -22.5000 9383.2627   19.8958
    7.5000    0.0000  -22.5000 8877.6826   19.8719
   -7.5000    7.5000  -22.5000 8789.3125   19.9096
    0.0000    7.5000  -22.5000 9238.1475   19.9046
    7.5000    7.5000  -22.5000 8719.4121   19.8816
   -7.5000   15.0000  -22.5000 8609.2031   19.6705
    0.0000   15.0000  -22.5000 9068.6367   19.6630
    7.5000   15.0000  -22.5000 8535.2334   19.6407
   -7.5000   22.5000  -22.5000 8364.8555   19.1854
    0.0000   22.5000  -22.5000 8817.4590   19.1788
    7.5000   22.5000  -22.5000 8293.6416   19.1594
   -7.5000   30.0000  -22.5000 8332.2920   19.1638
    0.0000   30.0000  -22.5000 8799.7393   19.1582
    7.5000   30.0000  -22.5000 8272.7969   19.1398
   -7.5000   37.5000  -22.5000 7905.2720   18.5421
    0.0000   37.5000  -22.5000 8366.2441   18.5383
    7.5000   37.5000  -22.5000 7877.9580   18.5174
   -7.5000   45.0000  -22.5000 7443.7539   17.8440
    0.0000   45.0000  -22.5000 7856.8042   17.8419
    7.5000   45.0000  -22.5000 7433.6006   17.8206
   -7.5000  -45.0000  -15.0000 5488.8945   21.5179
    0.0000  -45.0000  -15.0000 5761.1646   21.5136
    7.5000  -45.0000  -15.0000 5480.6367   21.4994
   -7.5000  -37.5000  -15.0000 6048.4048   21.8918
    0.0000  -37.5000  -15.0000 6333.3896   21.8881
    7.5000  -37.5000  -15.0000 6019.7441   21.8682
   -7.5000  -30.0000  -15.0000 6723.7388   21.7687
    0.0000  -30.0000  -15.0000 7042.9106   21.7594
    7.5000  -30.0000  -15.0000 6696.1807   21.7368
   -7.5000  -22.5000  -15.0000 7221.8584   21.2764
    0.0000  -22.5000  -15.0000 7558.0874   21.2687
    7.5000  -22.5000  -15.0000 7179.9448   21.2493
   -7.5000  -15.0000  -15.0000 7999.8179   20.9116
    0.0000  -15.0000  -15.0000 8392.4961   20.9035
    7.5000  -15.0000  -15.0000 7951.6899   20.8877
   -7.5000   -7.5000  -15.0000 8794.4492   20.6938
    0.0000   -7.5000  -15.0000 9242.5225   20.6902
    7.5000   -7.5000  -15.0000 8718.2842   20.6725
   -7.5000    0.0000  -15.0000 9562.7588   20.6515
    0.0000    0.0000  -15.000010052.1465   20.6518
    7.5000    0.0000  -15.0000 9429.2051   20.6315
   -7.5000    7.5000  -15.0000 9405.5195   20.6647
    0.0000    7.5000  -15.0000 9925.8838   20.6623
    7.5000    7.5000  -15.0000 9271.6553   20.6396
   -7.5000   15.0000  -15.0000 9164.2578   20.4155
    0.0000   15.0000  -15.0000 9703.3086   20.4092
    7.5000   15.0000  -15.0000 9042.4814   20.3861
   -7.5000   22.5000  -15.0000 8892.7471   19.9180
    0.0000   22.5000  -15.0000 9422.0381   19.9103
    7.5000   22.5000  -15.0000 8775.3115   19.8912
   -7.5000   30.0000  -15.0000 8837.9521   19.8940
    0.0000   30.0000  -15.0000 9374.1514   19.8857
    7.5000   30.0000  -15.0000 8735.6787   19.8697
   -7.5000   37.5000  -15.0000 8407.3389   19.2672
    0.0000   37.5000  -15.0000 8917.7744   19.2634
    7.5000   37.5000  -15.0000 8323.3086   19.2465
   -7.5000   45.0000  -15.0000 7923.0532   18.5643
    0.0000   45.0000  -15.0000 8370.3223   18.5646
    7.5000   45.0000  -15.0000 7847.2847   18.5464
   -7.5000  -45.0000   -7.5000 5718.6089   22.1963
    0.0000  -45.0000   -7.5000 5996.4536   22.1909
    7.5000  -45.0000   -7.5000 5686.8101   22.1759
   -7.5000  -37.5000   -7.5000 6281.0581   22.5957
    0.0000  -37.5000   -7.5000 6584.4946   22.5970
    7.5000  -37.5000   -7.5000 6243.3203   22.5818
   -7.5000  -30.0000   -7.5000 6976.8965   22.4404
    0.0000  -30.0000   -7.5000 7302.4888   22.4401
    7.5000  -30.0000   -7.5000 6925.2266   22.4252
   -7.5000  -22.5000   -7.5000 7502.3271   21.9144
    0.0000  -22.5000   -7.5000 7841.4189   21.9140
    7.5000  -22.5000   -7.5000 7418.3789   21.9028
   -7.5000  -15.0000   -7.5000 8334.9375   21.5337
    0.0000  -15.0000   -7.5000 8723.0908   21.5284
    7.5000  -15.0000   -7.5000 8248.0771   21.5181
   -7.5000   -7.5000   -7.5000 9228.4766   21.3225
    0.0000   -7.5000   -7.5000 9692.6396   21.3201
    7.5000   -7.5000   -7.5000 9113.3916   21.3057
   -7.5000    0.0000   -7.500010138.6113   21.2982
    0.0000    0.0000   -7.500010700.1631   21.3006
    7.5000    0.0000   -7.5000 9916.1025   21.2824
   -7.5000    7.5000   -7.500010036.1777   21.3174
    0.0000    7.5000   -7.500010691.7549   21.3204
    7.5000    7.5000   -7.5000 9816.8916   21.3016
   -7.5000   15.0000   -7.5000 9730.3350   21.0523
    0.0000   15.0000   -7.500010392.9951   21.0545
    7.5000   15.0000   -7.5000 9566.6133   21.0383
   -7.5000   22.5000   -7.5000 9444.1250   20.5336
    0.0000   22.5000   -7.500010023.7939   20.5324
    7.5000   22.5000   -7.5000 9255.3584   20.5203
   -7.5000   30.0000   -7.5000 9425.2930   20.5025
    0.0000   30.0000   -7.5000 9992.3848   20.4968
    7.5000   30.0000   -7.5000 9194.1504   20.4857
   -7.5000   37.5000   -7.5000 8997.1953   19.8830
    0.0000   37.5000   -7.5000 9504.6895   19.8802
    7.5000   37.5000   -7.5000 8734.6367   19.8663
   -7.5000   45.0000   -7.5000 8485.4346   19.1919
    0.0000   45.0000   -7.5000 8940.3818   19.1941
    7.5000   45.0000   -7.5000 8227.9561   19.1778
   -7.5000  -45.0000    0.0000 5860.9775   22.6757
    0.0000  -45.0000    0.0000 6146.2881   22.6707
    7.5000  -45.0000    0.0000 5823.7832   22.6529
   -7.5000  -37.5000    0.0000 6469.0356   23.0810
    0.0000  -37.5000    0.0000 6783.7173   23.0857
    7.5000  -37.5000    0.0000 6439.3501   23.0733
   -7.5000  -30.0000    0.0000 7200.0562   22.9018
    0.0000  -30.0000    0.0000 7553.0449   22.9104
    7.5000  -30.0000    0.0000 7168.0615   22.9047
   -7.5000  -22.5000    0.0000 7734.3350   22.3537
    0.0000  -22.5000    0.0000 8111.6318   22.3624
    7.5000  -22.5000    0.0000 7673.5151   22.3601
   -7.5000  -15.0000    0.0000 8589.3252   21.9628
    0.0000  -15.0000    0.0000 9006.5781   21.9639
    7.5000  -15.0000    0.0000 8509.0000   21.9584
   -7.5000   -7.5000    0.0000 9489.4492   21.7579
    0.0000   -7.5000    0.0000 9971.8916   21.7574
    7.5000   -7.5000    0.0000 9381.5010   21.7430
   -7.5000    0.0000    0.000010567.2363   21.7459
    0.0000    0.0000    0.000011186.9932   21.7483
    7.5000    0.0000    0.000010295.9736   21.7285
   -7.5000    7.5000    0.000010747.1768   21.7673
    0.0000    7.5000    0.000011545.2363   21.7738
    7.5000    7.5000    0.000010277.1533   21.7578
   -7.5000   15.0000    0.000010653.7852   21.4925
    0.0000   15.0000    0.000011403.9092   21.5020
    7.5000   15.0000    0.000010100.3984   21.4937
   -7.5000   22.5000    0.000010276.6260   20.9610
    0.0000   22.5000    0.000010871.7803   20.9676
    7.5000   22.5000    0.0000 9714.6289   20.9635
   -7.5000   30.0000    0.000010119.1357   20.9251
    0.0000   30.0000    0.000010662.9746   20.9254
    7.5000   30.0000    0.0000 9584.0732   20.9188
   -7.5000   37.5000    0.0000 9538.6270   20.3134
    0.0000   37.5000    0.000010058.9375   20.3125
    7.5000   37.5000    0.0000 9102.1523   20.2986
   -7.5000   45.0000    0.0000 8943.3447   19.6329
    0.0000   45.0000    0.0000 9451.6348   19.6352
    7.5000   45.0000    0.0000 8592.5625   19.6173
   -7.5000  -45.0000    7.5000 5597.7314   23.1587
    0.0000  -45.0000    7.5000 5901.7109   23.1529
    7.5000  -45.0000    7.5000 5588.7212   23.1323
   -7.5000  -37.5000    7.5000 6176.3311   23.5448
    0.0000  -37.5000    7.5000 6513.9336   23.5452
    7.5000  -37.5000    7.5000 6176.0610   23.5307
   -7.5000  -30.0000    7.5000 6892.3389   23.3533
    0.0000  -30.0000    7.5000 7263.6240   23.3595
    7.5000  -30.0000    7.5000 6882.9790   23.3537
   -7.5000  -22.5000    7.5000 7412.7578   22.7963
    0.0000  -22.5000    7.5000 7797.8008   22.8048
    7.5000  -22.5000    7.5000 7374.9087   22.8006
   -7.5000  -15.0000    7.5000 8230.5557   22.3935
    0.0000  -15.0000    7.5000 8653.4365   22.3961
    7.5000  -15.0000    7.5000 8163.3682   22.3869
   -7.5000   -7.5000    7.5000 9119.7764   22.1759
    0.0000   -7.5000    7.5000 9555.8125   22.1742
    7.5000   -7.5000    7.5000 8969.1748   22.1542
   -7.5000    0.0000    7.500010164.6348   22.1547
    0.0000    0.0000    7.500010712.0908   22.1532
    7.5000    0.0000    7.5000 9874.9434   22.1287
   -7.5000    7.5000    7.500010354.6484   22.1725
    0.0000    7.5000    7.500011075.0537   22.1751
    7.5000    7.5000    7.5000 9917.6406   22.1576
   -7.5000   15.0000    7.500010302.9053   21.8986
    0.0000   15.0000    7.500010883.4902   21.9052
    7.5000   15.0000    7.5000 9758.1768   21.8961
   -7.5000   22.5000    7.5000 9879.1953   21.3651
    0.0000   22.5000    7.500010372.0234   21.3714
    7.5000   22.5000    7.5000 9359.3105   21.3656
   -7.5000   30.0000    7.5000 9705.7041   21.3310
    0.0000   30.0000    7.500010242.6289   21.3326
    7.5000   30.0000    7.5000 9249.7764   21.3226
   -7.5000   37.5000    7.5000 9130.3643   20.7032
    0.0000   37.5000    7.5000 9686.8506   20.7011
    7.5000   37.5000    7.5000 8774.7715   20.6820
   -7.5000   45.0000    7.5000 8558.7910   20.0022
    0.0000   45.0000    7.5000 9081.4082   20.0009
    7.5000   45.0000    7.5000 8255.0889   19.9788
   -7.5000  -45.0000   15.0000 5335.0469   23.9794
    0.0000  -45.0000   15.0000 5639.2173   23.9700
    7.5000  -45.0000   15.0000 5321.4102   23.9450
   -7.5000  -37.5000   15.0000 5903.9453   24.3323
    0.0000  -37.5000   15.0000 6245.9644   24.3234
    7.5000  -37.5000   15.0000 5887.5293   24.3014
   -7.5000  -30.0000   15.0000 6598.0200   24.1204
    0.0000  -30.0000   15.0000 6960.2944   24.1148
    7.5000  -30.0000   15.0000 6586.7676   24.0994
   -7.5000  -22.5000   15.0000 7114.8789   23.5495
    0.0000  -22.5000   15.0000 7493.2803   23.5488
    7.5000  -22.5000   15.0000 7081.2349   23.5327
   -7.5000  -15.0000   15.0000 7940.0293   23.1265
    0.0000  -15.0000   15.0000 8348.6133   23.1238
    7.5000  -15.0000   15.0000 7865.8765   23.1032
   -7.5000   -7.5000   15.0000 8744.4814   22.8819
    0.0000   -7.5000   15.0000 9179.9268   22.8757
    7.5000   -7.5000   15.0000 8625.6982   22.8460
   -7.5000    0.0000   15.0000 9606.0967   22.8410
    0.0000    0.0000   15.000010156.9355   22.8335
    7.5000    0.0000   15.0000 9453.7715   22.8020
   -7.5000    7.5000   15.0000 9660.0898   22.8537
    0.0000    7.5000   15.000010202.6318   22.8471
    7.5000    7.5000   15.0000 9444.6396   22.8230
   -7.5000   15.0000   15.0000 9463.4482   22.5839
    0.0000   15.0000   15.0000 9853.5410   22.5795
    7.5000   15.0000   15.0000 9198.1680   22.5615
   -7.5000   22.5000   15.0000 9116.1182   22.0511
    0.0000   22.5000   15.0000 9470.6689   22.0491
    7.5000   22.5000   15.0000 8853.8711   22.0328
   -7.5000   30.0000   15.0000 9067.7949   22.0207
    0.0000   30.0000   15.0000 9515.4756   22.0172
    7.5000   30.0000   15.0000 8816.0010   21.9965
   -7.5000   37.5000   15.0000 8637.7227   21.3611
    0.0000   37.5000   15.0000 9103.3047   21.3547
    7.5000   37.5000   15.0000 8384.2295   21.3265
   -7.5000   45.0000   15.0000 8127.7305   20.6196
    0.0000   45.0000   15.0000 8557.6094   20.6129
    7.5000   45.0000   15.0000 7870.8506   20.5845
   -7.5000  -45.0000   22.5000 5045.9160   24.8187
    0.0000  -45.0000   22.5000 5352.6836   24.8051
    7.5000  -45.0000   22.5000 5018.8579   24.7757
   -7.5000  -37.5000   22.5000 5604.4800   25.1685
    0.0000  -37.5000   22.5000 5932.4653   25.1511
    7.5000  -37.5000   22.5000 5568.5225   25.1176
   -7.5000  -30.0000   22.5000 6270.5791   24.9304
    0.0000  -30.0000   22.5000 6627.0063   24.9103
    7.5000  -30.0000   22.5000 6232.4976   24.8793
   -7.5000  -22.5000   22.5000 6739.4395   24.3304
    0.0000  -22.5000   22.5000 7111.0532   24.3174
    7.5000  -22.5000   22.5000 6699.8184   24.2893
   -7.5000  -15.0000   22.5000 7473.0581   23.8796
    0.0000  -15.0000   22.5000 7845.9224   23.8690
    7.5000  -15.0000   22.5000 7434.8965   23.8421
   -7.5000   -7.5000   22.5000 8198.6182   23.6077
    0.0000   -7.5000   22.5000 8596.6523   23.5982
    7.5000   -7.5000   22.5000 8148.5635   23.5650
   -7.5000    0.0000   22.5000 8982.4717   23.5536
    0.0000    0.0000   22.5000 9462.0029   23.5433
    7.5000    0.0000   22.5000 8909.6924   23.5067
   -7.5000    7.5000   22.5000 8956.3916   23.5669
    0.0000    7.5000   22.5000 9362.7676   23.5521
    7.5000    7.5000   22.5000 8826.8984   23.5174
   -7.5000   15.0000   22.5000 8759.2236   23.2953
    0.0000   15.0000   22.5000 9068.3291   23.2789
    7.5000   15.0000   22.5000 8571.6055   23.2470
   -7.5000   22.5000   22.5000 8486.6914   22.7675
    0.0000   22.5000   22.5000 8800.6338   22.7546
    7.5000   22.5000   22.5000 8303.2305   22.7275
   -7.5000   30.0000   22.5000 8465.6885   22.7369
    0.0000   30.0000   22.5000 8834.5732   22.7260
    7.5000   30.0000   22.5000 8282.4775   22.6994
   -7.5000   37.5000   22.5000 8088.0947   22.0574
    0.0000   37.5000   22.5000 8452.5537   22.0479
    7.5000   37.5000   22.5000 7897.1470   22.0164
   -7.5000   45.0000   22.5000 7611.8647   21.2907
    0.0000   45.0000   22.5000 7965.4863   21.2814
    7.5000   45.0000   22.5000 7425.5669   21.2483
   -7.5000  -45.0000   30.0000 4934.9165   26.0540
    0.0000  -45.0000   30.0000 5237.4414   26.0428
    7.5000  -45.0000   30.0000 4901.8770   26.0174
   -7.5000  -37.5000   30.0000 5486.6694   26.4363
    0.0000  -37.5000   30.0000 5819.4556   26.4229
    7.5000  -37.5000   30.0000 5452.5669   26.3875
   -7.5000  -30.0000   30.0000 6134.9790   26.1877
    0.0000  -30.0000   30.0000 6482.6353   26.1688
    7.5000  -30.0000   30.0000 6096.8691   26.1304
   -7.5000  -22.5000   30.0000 6569.8301   25.5303
    0.0000  -22.5000   30.0000 6909.6631   25.5176
    7.5000  -22.5000   30.0000 6549.9951   25.4854
   -7.5000  -15.0000   30.0000 7267.5938   25.0307
    0.0000  -15.0000   30.0000 7616.9150   25.0198
    7.5000  -15.0000   30.0000 7264.0723   24.9951
   -7.5000   -7.5000   30.0000 7975.1616   24.7242
    0.0000   -7.5000   30.0000 8384.5088   24.7187
    7.5000   -7.5000   30.0000 7988.2700   24.6927
   -7.5000    0.0000   30.0000 8716.5908   24.6648
    0.0000    0.0000   30.0000 9162.1914   24.6610
    7.5000    0.0000   30.0000 8723.3555   24.6297
   -7.5000    7.5000   30.0000 8646.9570   24.6885
    0.0000    7.5000   30.0000 9000.7021   24.6783
    7.5000    7.5000   30.0000 8578.6377   24.6414
   -7.5000   15.0000   30.0000 8453.0049   24.4112
    0.0000   15.0000   30.0000 8762.5420   24.3972
    7.5000   15.0000   30.0000 8338.8457   24.3591
   -7.5000   22.5000   30.0000 8228.1865   23.8585
    0.0000   22.5000   30.0000 8541.1611   23.8459
    7.5000   22.5000   30.0000 8110.0771   23.8147
   -7.5000   30.0000   30.0000 8233.2988   23.8185
    0.0000   30.0000   30.0000 8566.9150   23.8073
    7.5000   30.0000   30.0000 8107.7944   23.7826
   -7.5000   37.5000   30.0000 7867.9131   23.0980
    0.0000   37.5000   30.0000 8182.8496   23.0922
    7.5000   37.5000   30.0000 7727.7671   23.0673
   -7.5000   45.0000   30.0000 7411.8052   22.2945
    0.0000   45.0000   30.0000 7727.6196   22.2911
    7.5000   45.0000   30.0000 7266.6084   22.2628
   -7.5000  -45.0000   37.5000 4599.0586   26.9543
    0.0000  -45.0000   37.5000 4880.4409   26.9376
    7.5000  -45.0000   37.5000 4579.5283   26.9184
   -7.5000  -37.5000   37.5000 5111.7915   27.3432
    0.0000  -37.5000   37.5000 5424.6279   27.3344
    7.5000  -37.5000   37.5000 5100.4541   27.3103
   -7.5000  -30.0000   37.5000 5706.5923   27.0467
    0.0000  -30.0000   37.5000 6030.9458   27.0378
    7.5000  -30.0000   37.5000 5710.3911   27.0134
   -7.5000  -22.5000   37.5000 6104.8716   26.3248
    0.0000  -22.5000   37.5000 6432.2158   26.3187
    7.5000  -22.5000   37.5000 6132.5757   26.3016
   -7.5000  -15.0000   37.5000 6768.9888   25.7785
    0.0000  -15.0000   37.5000 7117.2861   25.7661
    7.5000  -15.0000   37.5000 6803.0615   25.7544
   -7.5000   -7.5000   37.5000 7436.8086   25.4680
    0.0000   -7.5000   37.5000 7822.7412   25.4587
    7.5000   -7.5000   37.5000 7488.7725   25.4434
   -7.5000    0.0000   37.5000 8110.4194   25.4336
    0.0000    0.0000   37.5000 8512.2031   25.4294
    7.5000    0.0000   37.5000 8137.9805   25.4065
   -7.5000    7.5000   37.5000 8030.8931   25.4687
    0.0000    7.5000   37.5000 8346.7656   25.4643
    7.5000    7.5000   37.5000 8004.7144   25.4368
   -7.5000   15.0000   37.5000 7826.2759   25.1584
    0.0000   15.0000   37.5000 8132.2256   25.1542
    7.5000   15.0000   37.5000 7776.9087   25.1287
   -7.5000   22.5000   37.5000 7623.1050   24.5651
    0.0000   22.5000   37.5000 7920.4507   24.5581
    7.5000   22.5000   37.5000 7575.1992   24.5401
   -7.5000   30.0000   37.5000 7639.0361   24.5139
    0.0000   30.0000   37.5000 7950.5376   24.5012
    7.5000   30.0000   37.5000 7579.6084   24.4883
   -7.5000   37.5000   37.5000 7306.4463   23.7902
    0.0000   37.5000   37.5000 7608.4434   23.7809
    7.5000   37.5000   37.5000 7226.1226   23.7660
   -7.5000   45.0000   37.5000 6894.0503   22.9863
    0.0000   45.0000   37.5000 7195.1699   22.9826
    7.5000   45.0000   37.5000 6809.7373   22.9619
   -7.5000  -45.0000   45.0000 4275.7021   27.8569
    0.0000  -45.0000   45.0000 4537.0771   27.8396
    7.5000  -45.0000   45.0000 4273.5874   27.7940
   -7.5000  -37.5000   45.0000 4740.2822   28.2509
    0.0000  -37.5000   45.0000 5041.9961   28.2490
    7.5000  -37.5000   45.0000 4753.6416   28.2082
   -7.5000  -30.0000   45.0000 5296.7178   27.8861
    0.0000  -30.0000   45.0000 5608.6177   27.8889
    7.5000  -30.0000   45.0000 5316.0029   27.8573
   -7.5000  -22.5000   45.0000 5688.3584   27.1511
    0.0000  -22.5000   45.0000 6007.6606   27.1514
    7.5000  -22.5000   45.0000 5717.8008   27.1222
   -7.5000  -15.0000   45.0000 6313.3545   26.5756
    0.0000  -15.0000   45.0000 6660.7476   26.5630
    7.5000  -15.0000   45.0000 6352.4692   26.5311
   -7.5000   -7.5000   45.0000 6917.5889   26.2480
    0.0000   -7.5000   45.0000 7298.6870   26.2346
    7.5000   -7.5000   45.0000 6977.4629   26.1937
   -7.5000    0.0000   45.0000 7540.8970   26.2149
    0.0000    0.0000   45.0000 7926.0483   26.2088
    7.5000    0.0000   45.0000 7573.4639   26.1619
   -7.5000    7.5000   45.0000 7444.9443   26.2457
    0.0000    7.5000   45.0000 7771.5059   26.2472
    7.5000    7.5000   45.0000 7445.7173   26.2054
   -7.5000   15.0000   45.0000 7251.8008   25.9143
    0.0000   15.0000   45.0000 7570.0068   25.9193
    7.5000   15.0000   45.0000 7246.1924   25.8861
   -7.5000   22.5000   45.0000 7067.8315   25.3010
    0.0000   22.5000   45.0000 7366.7168   25.2993
    7.5000   22.5000   45.0000 7053.3369   25.2700
   -7.5000   30.0000   45.0000 7078.6436   25.2508
    0.0000   30.0000   45.0000 7384.9302   25.2377
    7.5000   30.0000   45.0000 7061.0342   25.2058
   -7.5000   37.5000   45.0000 6767.4043   24.5091
    0.0000   37.5000   45.0000 7069.1382   24.4958
    7.5000   37.5000   45.0000 6730.1235   24.4571
   -7.5000   45.0000   45.0000 6378.8188   23.6775
    0.0000   45.0000   45.0000 6689.1045   23.6720
    7.5000   45.0000   45.0000 6342.1230   23.6297

---------------------------------------------------------------------
imgreg_4dfp /opt/freesurfer/average/711-2C_as_mni_average_305 /opt/freesurfer/average/711-2B_as_mni_average_305_mask talsrcimg_g11 none talsrcimg_to_711-2C_as_mni_average_305_t4 4355
---------------------------------------------------------------------

freesurfer imgreg_4dfp.c
/opt/freesurfer/average/711-2C_as_mni_average_305.4dfp.img
       256       256       256         1
  1.000000  1.000000  1.000000
orientation T byte_order littleendian
Reading image: /opt/freesurfer/average/711-2C_as_mni_average_305.4dfp.img
dimensions:      256       256       256
mmppix:       1.0000   -1.0000   -1.0000
center:     128.0000 -129.0000 -129.0000
/opt/freesurfer/average/711-2B_as_mni_average_305_mask.4dfp.img
       256       256       256         1
  1.000000  1.000000  1.000000
orientation T byte_order littleendian
Reading mask: /opt/freesurfer/average/711-2B_as_mni_average_305_mask.4dfp.img (2306576 pixels)
talsrcimg_g11.4dfp.img
       320       320       320         1
  0.700000  0.700000  0.700000
orientation T byte_order littleendian
Reading image: talsrcimg_g11.4dfp.img
dimensions:      320       320       320
mmppix:       0.7000   -0.7000   -0.7000
center:     112.0000 -112.7000 -112.7000
rotation matrix determinant  1.000000
image alignment mode   4355 decimal     1103 hex
   -7.5000  -37.5000  -45.0000 1928.9039   25.0035
    0.0000  -37.5000  -45.0000 1931.7728   24.9548
    7.5000  -37.5000  -45.0000 1915.6093   25.0217
   -7.5000  -30.0000  -45.0000 2034.3896   22.4757
    0.0000  -30.0000  -45.0000 2039.9355   22.4067
    7.5000  -30.0000  -45.0000 2022.9783   22.4788
   -7.5000  -22.5000  -45.0000 2123.9783   20.4709
    0.0000  -22.5000  -45.0000 2129.4509   20.3937
    7.5000  -22.5000  -45.0000 2113.4717   20.5038
   -7.5000  -15.0000  -45.0000 2204.2065   18.9028
    0.0000  -15.0000  -45.0000 2207.2800   18.8778
    7.5000  -15.0000  -45.0000 2184.0876   18.9927
   -7.5000   -7.5000  -45.0000 2258.8101   17.9151
    0.0000   -7.5000  -45.0000 2259.8843   17.8488
    7.5000   -7.5000  -45.0000 2236.5784   18.0832
   -7.5000    0.0000  -45.0000 2287.7490   17.3176
    0.0000    0.0000  -45.0000 2288.6995   17.2421
    7.5000    0.0000  -45.0000 2268.8594   17.4993
   -7.5000    7.5000  -45.0000 2299.7644   16.9926
    0.0000    7.5000  -45.0000 2301.6855   16.9055
    7.5000    7.5000  -45.0000 2281.9380   17.1920
   -7.5000   15.0000  -45.0000 2302.4875   16.8959
    0.0000   15.0000  -45.0000 2305.0825   16.7860
    7.5000   15.0000  -45.0000 2287.7830   17.0715
   -7.5000   22.5000  -45.0000 2289.3711   17.1789
    0.0000   22.5000  -45.0000 2293.4885   17.0495
    7.5000   22.5000  -45.0000 2270.5725   17.2611
   -7.5000   30.0000  -45.0000 2254.8730   17.7579
    0.0000   30.0000  -45.0000 2255.8296   17.6180
    7.5000   30.0000  -45.0000 2232.7690   17.7897
   -7.5000   37.5000  -45.0000 2175.2783   18.4842
    0.0000   37.5000  -45.0000 2182.5630   18.3513
    7.5000   37.5000  -45.0000 2157.3728   18.5191
   -7.5000   45.0000  -45.0000 2047.7249   19.2372
    0.0000   45.0000  -45.0000 2056.9919   19.1790
    7.5000   45.0000  -45.0000 2035.3064   19.3172
   -7.5000   52.5000  -45.0000 1897.6086   20.0752
    0.0000   52.5000  -45.0000 1907.8546   20.0292
    7.5000   52.5000  -45.0000 1884.4009   20.1492
   -7.5000  -37.5000  -37.5000 2046.1333   25.4418
    0.0000  -37.5000  -37.5000 2053.4937   25.3440
    7.5000  -37.5000  -37.5000 2032.3864   25.5777
   -7.5000  -30.0000  -37.5000 2165.6812   22.8384
    0.0000  -30.0000  -37.5000 2170.2236   22.6899
    7.5000  -30.0000  -37.5000 2148.4998   22.8654
   -7.5000  -22.5000  -37.5000 2265.7727   20.7286
    0.0000  -22.5000  -37.5000 2271.7102   20.5879
    7.5000  -22.5000  -37.5000 2249.5813   20.7557
   -7.5000  -15.0000  -37.5000 2350.7798   19.1526
    0.0000  -15.0000  -37.5000 2354.5449   19.0260
    7.5000  -15.0000  -37.5000 2331.9517   19.2078
   -7.5000   -7.5000  -37.5000 2408.3899   18.0306
    0.0000   -7.5000  -37.5000 2411.8413   17.9065
    7.5000   -7.5000  -37.5000 2394.2205   18.1055
   -7.5000    0.0000  -37.5000 2450.7158   17.3145
    0.0000    0.0000  -37.5000 2454.6631   17.1532
    7.5000    0.0000  -37.5000 2439.2207   17.4243
   -7.5000    7.5000  -37.5000 2468.3010   16.9245
    0.0000    7.5000  -37.5000 2469.7119   16.7801
    7.5000    7.5000  -37.5000 2456.6611   17.0619
   -7.5000   15.0000  -37.5000 2464.2605   16.8111
    0.0000   15.0000  -37.5000 2467.1951   16.6785
    7.5000   15.0000  -37.5000 2454.8486   16.9048
   -7.5000   22.5000  -37.5000 2451.3777   17.0496
    0.0000   22.5000  -37.5000 2455.7688   16.9083
    7.5000   22.5000  -37.5000 2441.2961   17.1236
   -7.5000   30.0000  -37.5000 2420.2405   17.5310
    0.0000   30.0000  -37.5000 2421.0833   17.3922
    7.5000   30.0000  -37.5000 2407.1558   17.6300
   -7.5000   37.5000  -37.5000 2338.6809   18.2193
    0.0000   37.5000  -37.5000 2345.2561   18.0779
    7.5000   37.5000  -37.5000 2331.4712   18.3390
   -7.5000   45.0000  -37.5000 2211.9568   18.9907
    0.0000   45.0000  -37.5000 2218.1111   18.8780
    7.5000   45.0000  -37.5000 2205.0149   19.0891
   -7.5000   52.5000  -37.5000 2051.6794   19.7772
    0.0000   52.5000  -37.5000 2058.3171   19.6967
    7.5000   52.5000  -37.5000 2041.8405   19.9373
   -7.5000  -37.5000  -30.0000 2151.4653   25.9301
    0.0000  -37.5000  -30.0000 2161.0620   25.7886
    7.5000  -37.5000  -30.0000 2135.2476   25.9388
   -7.5000  -30.0000  -30.0000 2276.1555   23.2000
    0.0000  -30.0000  -30.0000 2286.0867   23.0148
    7.5000  -30.0000  -30.0000 2259.4746   23.1741
   -7.5000  -22.5000  -30.0000 2381.1689   20.9496
    0.0000  -22.5000  -30.0000 2390.4773   20.7886
    7.5000  -22.5000  -30.0000 2363.4143   20.9549
   -7.5000  -15.0000  -30.0000 2466.7585   19.2219
    0.0000  -15.0000  -30.0000 2476.5193   19.0793
    7.5000  -15.0000  -30.0000 2451.9143   19.2757
   -7.5000   -7.5000  -30.0000 2535.8428   17.9952
    0.0000   -7.5000  -30.0000 2544.1013   17.8254
    7.5000   -7.5000  -30.0000 2527.4561   18.0236
   -7.5000    0.0000  -30.0000 2583.6785   17.2015
    0.0000    0.0000  -30.0000 2592.2463   17.0011
    7.5000    0.0000  -30.0000 2578.2900   17.2114
   -7.5000    7.5000  -30.0000 2606.8938   16.6960
    0.0000    7.5000  -30.0000 2615.0576   16.5152
    7.5000    7.5000  -30.0000 2599.9456   16.7546
   -7.5000   15.0000  -30.0000 2609.2290   16.5344
    0.0000   15.0000  -30.0000 2617.7527   16.3977
    7.5000   15.0000  -30.0000 2602.9363   16.6447
   -7.5000   22.5000  -30.0000 2597.3938   16.7413
    0.0000   22.5000  -30.0000 2605.3870   16.6063
    7.5000   22.5000  -30.0000 2592.5627   16.8529
   -7.5000   30.0000  -30.0000 2565.2671   17.1982
    0.0000   30.0000  -30.0000 2575.4021   17.0774
    7.5000   30.0000  -30.0000 2560.4543   17.3593
   -7.5000   37.5000  -30.0000 2479.8191   17.8552
    0.0000   37.5000  -30.0000 2494.5203   17.7194
    7.5000   37.5000  -30.0000 2483.8120   18.0001
   -7.5000   45.0000  -30.0000 2348.5569   18.5988
    0.0000   45.0000  -30.0000 2360.9153   18.4734
    7.5000   45.0000  -30.0000 2349.4380   18.6883
   -7.5000   52.5000  -30.0000 2182.8459   19.4503
    0.0000   52.5000  -30.0000 2190.8499   19.2923
    7.5000   52.5000  -30.0000 2178.3386   19.5141
   -7.5000  -37.5000  -22.5000 2201.0098   26.0111
    0.0000  -37.5000  -22.5000 2205.1211   25.7254
    7.5000  -37.5000  -22.5000 2178.9651   25.8328
   -7.5000  -30.0000  -22.5000 2323.2913   23.2058
    0.0000  -30.0000  -22.5000 2332.7581   22.9725
    7.5000  -30.0000  -22.5000 2303.1836   23.0300
   -7.5000  -22.5000  -22.5000 2429.8018   20.8810
    0.0000  -22.5000  -22.5000 2438.6638   20.6948
    7.5000  -22.5000  -22.5000 2408.1252   20.7784
   -7.5000  -15.0000  -22.5000 2509.7874   19.0395
    0.0000  -15.0000  -22.5000 2520.8450   18.8641
    7.5000  -15.0000  -22.5000 2491.7637   19.0169
   -7.5000   -7.5000  -22.5000 2576.4067   17.6480
    0.0000   -7.5000  -22.5000 2591.2112   17.5146
    7.5000   -7.5000  -22.5000 2566.8887   17.6585
   -7.5000    0.0000  -22.5000 2622.3372   16.7372
    0.0000    0.0000  -22.5000 2636.9360   16.5804
    7.5000    0.0000  -22.5000 2614.2542   16.7333
   -7.5000    7.5000  -22.5000 2655.5391   16.1158
    0.0000    7.5000  -22.5000 2669.1040   15.9625
    7.5000    7.5000  -22.5000 2641.2024   16.1924
   -7.5000   15.0000  -22.5000 2670.3691   15.8796
    0.0000   15.0000  -22.5000 2681.4934   15.7764
    7.5000   15.0000  -22.5000 2654.1411   16.0143
   -7.5000   22.5000  -22.5000 2664.6648   16.0537
    0.0000   22.5000  -22.5000 2674.9324   15.9539
    7.5000   22.5000  -22.5000 2656.7310   16.2113
   -7.5000   30.0000  -22.5000 2631.4880   16.5428
    0.0000   30.0000  -22.5000 2647.2429   16.4209
    7.5000   30.0000  -22.5000 2631.2654   16.6715
   -7.5000   37.5000  -22.5000 2551.7065   17.1831
    0.0000   37.5000  -22.5000 2572.5325   17.0358
    7.5000   37.5000  -22.5000 2555.9060   17.2902
   -7.5000   45.0000  -22.5000 2420.7876   17.8785
    0.0000   45.0000  -22.5000 2437.5669   17.7615
    7.5000   45.0000  -22.5000 2423.6177   18.0138
   -7.5000   52.5000  -22.5000 2250.6533   18.7006
    0.0000   52.5000  -22.5000 2264.7964   18.5637
    7.5000   52.5000  -22.5000 2250.2310   18.8184
   -7.5000  -37.5000  -15.0000 2254.5630   26.4584
    0.0000  -37.5000  -15.0000 2262.9363   26.0771
    7.5000  -37.5000  -15.0000 2240.6489   26.3089
   -7.5000  -30.0000  -15.0000 2388.6360   23.4886
    0.0000  -30.0000  -15.0000 2392.6267   23.1518
    7.5000  -30.0000  -15.0000 2369.1714   23.3598
   -7.5000  -22.5000  -15.0000 2504.3643   21.1049
    0.0000  -22.5000  -15.0000 2509.3672   20.8198
    7.5000  -22.5000  -15.0000 2483.3193   20.9876
   -7.5000  -15.0000  -15.0000 2594.1829   19.1523
    0.0000  -15.0000  -15.0000 2603.2058   18.9323
    7.5000  -15.0000  -15.0000 2578.7522   19.0917
   -7.5000   -7.5000  -15.0000 2664.7520   17.7027
    0.0000   -7.5000  -15.0000 2680.3645   17.5408
    7.5000   -7.5000  -15.0000 2656.6909   17.6435
   -7.5000    0.0000  -15.0000 2713.1526   16.6405
    0.0000    0.0000  -15.0000 2729.5286   16.5424
    7.5000    0.0000  -15.0000 2707.8438   16.5749
   -7.5000    7.5000  -15.0000 2748.9739   15.8888
    0.0000    7.5000  -15.0000 2767.2058   15.8264
    7.5000    7.5000  -15.0000 2741.6855   15.9688
   -7.5000   15.0000  -15.0000 2764.7092   15.5165
    0.0000   15.0000  -15.0000 2783.8379   15.4474
    7.5000   15.0000  -15.0000 2755.4531   15.7090
   -7.5000   22.5000  -15.0000 2763.1602   15.7065
    0.0000   22.5000  -15.0000 2780.6331   15.6054
    7.5000   22.5000  -15.0000 2758.4570   15.9030
   -7.5000   30.0000  -15.0000 2735.8643   16.2136
    0.0000   30.0000  -15.0000 2760.6785   16.1066
    7.5000   30.0000  -15.0000 2738.8728   16.3681
   -7.5000   37.5000  -15.0000 2661.3767   16.8081
    0.0000   37.5000  -15.0000 2687.7664   16.7214
    7.5000   37.5000  -15.0000 2670.1372   16.9663
   -7.5000   45.0000  -15.0000 2526.4094   17.5358
    0.0000   45.0000  -15.0000 2547.3228   17.4340
    7.5000   45.0000  -15.0000 2534.8770   17.7184
   -7.5000   52.5000  -15.0000 2356.2126   18.3681
    0.0000   52.5000  -15.0000 2369.6797   18.2468
    7.5000   52.5000  -15.0000 2356.1128   18.5561
   -7.5000  -37.5000   -7.5000 2272.6677   26.9040
    0.0000  -37.5000   -7.5000 2283.0872   26.4994
    7.5000  -37.5000   -7.5000 2262.6465   26.7735
   -7.5000  -30.0000   -7.5000 2404.2305   23.6984
    0.0000  -30.0000   -7.5000 2407.8933   23.3646
    7.5000  -30.0000   -7.5000 2386.2625   23.5483
   -7.5000  -22.5000   -7.5000 2525.5920   21.1979
    0.0000  -22.5000   -7.5000 2529.4915   20.8974
    7.5000  -22.5000   -7.5000 2503.1448   21.0207
   -7.5000  -15.0000   -7.5000 2626.0859   19.2135
    0.0000  -15.0000   -7.5000 2635.7285   18.9856
    7.5000  -15.0000   -7.5000 2611.1978   19.0248
   -7.5000   -7.5000   -7.5000 2714.5522   17.7324
    0.0000   -7.5000   -7.5000 2728.4165   17.5645
    7.5000   -7.5000   -7.5000 2708.2285   17.5386
   -7.5000    0.0000   -7.5000 2772.9917   16.6140
    0.0000    0.0000   -7.5000 2792.9507   16.5307
    7.5000    0.0000   -7.5000 2771.8489   16.4441
   -7.5000    7.5000   -7.5000 2803.0479   15.8881
    0.0000    7.5000   -7.5000 2828.8901   15.8865
    7.5000    7.5000   -7.5000 2810.0813   15.8255
   -7.5000   15.0000   -7.5000 2818.2710   15.4323
    0.0000   15.0000   -7.5000 2846.5312   15.4984
    7.5000   15.0000   -7.5000 2824.9470   15.5873
   -7.5000   22.5000   -7.5000 2830.3337   15.4654
    0.0000   22.5000   -7.5000 2849.1758   15.5032
    7.5000   22.5000   -7.5000 2822.1763   15.6534
   -7.5000   30.0000   -7.5000 2812.7485   15.9923
    0.0000   30.0000   -7.5000 2834.2695   15.9378
    7.5000   30.0000   -7.5000 2807.9866   16.0258
   -7.5000   37.5000   -7.5000 2743.9111   16.6080
    0.0000   37.5000   -7.5000 2763.7449   16.4841
    7.5000   37.5000   -7.5000 2737.0491   16.6130
   -7.5000   45.0000   -7.5000 2606.5732   17.4008
    0.0000   45.0000   -7.5000 2619.5964   17.2337
    7.5000   45.0000   -7.5000 2602.4910   17.3902
   -7.5000   52.5000   -7.5000 2433.4971   18.3659
    0.0000   52.5000   -7.5000 2448.2327   18.1579
    7.5000   52.5000   -7.5000 2426.4436   18.3031
   -7.5000  -37.5000    0.0000 2275.0386   27.5870
    0.0000  -37.5000    0.0000 2278.2783   27.2080
    7.5000  -37.5000    0.0000 2252.0127   27.3763
   -7.5000  -30.0000    0.0000 2402.8442   24.1359
    0.0000  -30.0000    0.0000 2402.9629   23.8305
    7.5000  -30.0000    0.0000 2378.3623   23.9993
   -7.5000  -22.5000    0.0000 2517.9148   21.3643
    0.0000  -22.5000    0.0000 2523.2959   21.1405
    7.5000  -22.5000    0.0000 2494.6873   21.2407
   -7.5000  -15.0000    0.0000 2617.8931   19.2659
    0.0000  -15.0000    0.0000 2628.2061   19.0905
    7.5000  -15.0000    0.0000 2610.3745   19.1238
   -7.5000   -7.5000    0.0000 2707.7004   17.7440
    0.0000   -7.5000    0.0000 2731.5337   17.6327
    7.5000   -7.5000    0.0000 2715.7966   17.5964
   -7.5000    0.0000    0.0000 2796.3584   16.8090
    0.0000    0.0000    0.0000 2828.1843   16.7669
    7.5000    0.0000    0.0000 2801.7402   16.5950
   -7.5000    7.5000    0.0000 2872.5498   16.3541
    0.0000    7.5000    0.0000 2903.5415   16.4033
    7.5000    7.5000    0.0000 2859.2432   15.9521
   -7.5000   15.0000    0.0000 2909.2622   16.0797
    0.0000   15.0000    0.0000 2944.3953   16.1637
    7.5000   15.0000    0.0000 2872.0510   15.6652
   -7.5000   22.5000    0.0000 2901.3784   15.7874
    0.0000   22.5000    0.0000 2918.8594   15.7948
    7.5000   22.5000    0.0000 2858.7766   15.5756
   -7.5000   30.0000    0.0000 2862.2661   15.9268
    0.0000   30.0000    0.0000 2885.5403   15.8842
    7.5000   30.0000    0.0000 2839.4094   15.8339
   -7.5000   37.5000    0.0000 2781.4707   16.4784
    0.0000   37.5000    0.0000 2803.1951   16.3566
    7.5000   37.5000    0.0000 2771.1704   16.4270
   -7.5000   45.0000    0.0000 2648.0601   17.3611
    0.0000   45.0000    0.0000 2663.7698   17.2135
    7.5000   45.0000    0.0000 2639.2222   17.2983
   -7.5000   52.5000    0.0000 2473.4836   18.3844
    0.0000   52.5000    0.0000 2486.2585   18.2186
    7.5000   52.5000    0.0000 2466.2537   18.3328
   -7.5000  -37.5000    7.5000 2239.7083   28.0685
    0.0000  -37.5000    7.5000 2248.1416   27.7668
    7.5000  -37.5000    7.5000 2225.7673   27.9655
   -7.5000  -30.0000    7.5000 2361.8728   24.5470
    0.0000  -30.0000    7.5000 2367.2668   24.2266
    7.5000  -30.0000    7.5000 2353.7317   24.4325
   -7.5000  -22.5000    7.5000 2482.7290   21.7843
    0.0000  -22.5000    7.5000 2486.8672   21.5221
    7.5000  -22.5000    7.5000 2476.0293   21.6459
   -7.5000  -15.0000    7.5000 2596.5720   19.7376
    0.0000  -15.0000    7.5000 2606.4495   19.5518
    7.5000  -15.0000    7.5000 2591.9712   19.5391
   -7.5000   -7.5000    7.5000 2712.3167   18.2653
    0.0000   -7.5000    7.5000 2725.8325   18.1593
    7.5000   -7.5000    7.5000 2693.8984   18.0352
   -7.5000    0.0000    7.5000 2819.3760   17.3170
    0.0000    0.0000    7.5000 2835.9075   17.2557
    7.5000    0.0000    7.5000 2790.5366   16.9842
   -7.5000    7.5000    7.5000 2901.6897   16.7628
    0.0000    7.5000    7.5000 2926.2280   16.7756
    7.5000    7.5000    7.5000 2865.8218   16.3199
   -7.5000   15.0000    7.5000 2939.7888   16.4447
    0.0000   15.0000    7.5000 2977.4004   16.4681
    7.5000   15.0000    7.5000 2895.4866   15.9860
   -7.5000   22.5000    7.5000 2932.1460   16.1898
    0.0000   22.5000    7.5000 2956.6267   16.0668
    7.5000   22.5000    7.5000 2884.1604   15.8467
   -7.5000   30.0000    7.5000 2895.4336   16.3437
    0.0000   30.0000    7.5000 2914.2051   16.1366
    7.5000   30.0000    7.5000 2852.6135   16.0745
   -7.5000   37.5000    7.5000 2796.1172   16.8232
    0.0000   37.5000    7.5000 2824.4570   16.6944
    7.5000   37.5000    7.5000 2774.8704   16.6610
   -7.5000   45.0000    7.5000 2657.4897   17.5544
    0.0000   45.0000    7.5000 2674.9741   17.4354
    7.5000   45.0000    7.5000 2642.2720   17.4443
   -7.5000   52.5000    7.5000 2479.1213   18.4766
    0.0000   52.5000    7.5000 2489.3147   18.3068
    7.5000   52.5000    7.5000 2471.7937   18.3400
   -7.5000  -37.5000   15.0000 2204.0605   29.1166
    0.0000  -37.5000   15.0000 2212.9695   28.8041
    7.5000  -37.5000   15.0000 2196.1108   28.9983
   -7.5000  -30.0000   15.0000 2327.6892   25.4868
    0.0000  -30.0000   15.0000 2336.9658   25.2202
    7.5000  -30.0000   15.0000 2326.8281   25.3511
   -7.5000  -22.5000   15.0000 2450.3796   22.7172
    0.0000  -22.5000   15.0000 2452.3293   22.4197
    7.5000  -22.5000   15.0000 2444.8599   22.5169
   -7.5000  -15.0000   15.0000 2571.5276   20.6044
    0.0000  -15.0000   15.0000 2576.0591   20.3561
    7.5000  -15.0000   15.0000 2562.2642   20.3294
   -7.5000   -7.5000   15.0000 2682.7756   18.9472
    0.0000   -7.5000   15.0000 2688.4319   18.6823
    7.5000   -7.5000   15.0000 2672.5764   18.6666
   -7.5000    0.0000   15.0000 2783.2192   17.7097
    0.0000    0.0000   15.0000 2790.8843   17.5356
    7.5000    0.0000   15.0000 2769.7180   17.4884
   -7.5000    7.5000   15.0000 2867.1016   16.9790
    0.0000    7.5000   15.0000 2883.5317   16.8688
    7.5000    7.5000   15.0000 2846.0647   16.6879
   -7.5000   15.0000   15.0000 2908.4272   16.5038
    0.0000   15.0000   15.0000 2930.0183   16.2552
    7.5000   15.0000   15.0000 2880.3853   16.2599
   -7.5000   22.5000   15.0000 2914.8223   16.3377
    0.0000   22.5000   15.0000 2911.3345   15.9342
    7.5000   22.5000   15.0000 2876.0974   16.1052
   -7.5000   30.0000   15.0000 2883.5325   16.6397
    0.0000   30.0000   15.0000 2899.0813   16.3870
    7.5000   30.0000   15.0000 2857.6721   16.4433
   -7.5000   37.5000   15.0000 2802.1328   17.3715
    0.0000   37.5000   15.0000 2821.1516   17.1934
    7.5000   37.5000   15.0000 2783.2622   17.1891
   -7.5000   45.0000   15.0000 2658.5815   18.2320
    0.0000   45.0000   15.0000 2668.7417   18.0850
    7.5000   45.0000   15.0000 2642.4658   18.0833
   -7.5000   52.5000   15.0000 2478.0066   19.1013
    0.0000   52.5000   15.0000 2485.9810   18.8987
    7.5000   52.5000   15.0000 2469.7532   18.8916
   -7.5000  -37.5000   22.5000 2160.9893   30.5540
    0.0000  -37.5000   22.5000 2172.3525   30.2900
    7.5000  -37.5000   22.5000 2153.5669   30.3805
   -7.5000  -30.0000   22.5000 2289.8608   26.7284
    0.0000  -30.0000   22.5000 2294.8721   26.3868
    7.5000  -30.0000   22.5000 2282.1770   26.4676
   -7.5000  -22.5000   22.5000 2407.7837   23.7438
    0.0000  -22.5000   22.5000 2411.4438   23.3944
    7.5000  -22.5000   22.5000 2404.3218   23.5047
   -7.5000  -15.0000   22.5000 2525.7649   21.4198
    0.0000  -15.0000   22.5000 2528.9912   21.0271
    7.5000  -15.0000   22.5000 2527.6101   21.1753
   -7.5000   -7.5000   22.5000 2635.0833   19.6012
    0.0000   -7.5000   22.5000 2638.9556   19.2063
    7.5000   -7.5000   22.5000 2638.3979   19.3926
   -7.5000    0.0000   22.5000 2738.1411   18.3604
    0.0000    0.0000   22.5000 2738.8066   18.0088
    7.5000    0.0000   22.5000 2736.0327   18.1552
   -7.5000    7.5000   22.5000 2821.1392   17.5168
    0.0000    7.5000   22.5000 2827.2300   17.2614
    7.5000    7.5000   22.5000 2814.0779   17.2827
   -7.5000   15.0000   22.5000 2873.1465   17.0181
    0.0000   15.0000   22.5000 2870.2334   16.5442
    7.5000   15.0000   22.5000 2851.0796   16.7582
   -7.5000   22.5000   22.5000 2881.0916   16.9277
    0.0000   22.5000   22.5000 2878.8455   16.5552
    7.5000   22.5000   22.5000 2857.1606   16.6722
   -7.5000   30.0000   22.5000 2855.7180   17.3110
    0.0000   30.0000   22.5000 2867.3276   17.0753
    7.5000   30.0000   22.5000 2836.3508   17.0893
   -7.5000   37.5000   22.5000 2776.3447   17.9982
    0.0000   37.5000   22.5000 2790.7212   17.7602
    7.5000   37.5000   22.5000 2762.5896   17.7878
   -7.5000   45.0000   22.5000 2628.6438   18.8490
    0.0000   45.0000   22.5000 2638.6731   18.6394
    7.5000   45.0000   22.5000 2620.1589   18.6843
   -7.5000   52.5000   22.5000 2447.9819   19.7573
    0.0000   52.5000   22.5000 2459.9800   19.5716
    7.5000   52.5000   22.5000 2438.4678   19.5812
   -7.5000  -37.5000   30.0000 2098.7561   32.2899
    0.0000  -37.5000   30.0000 2109.5344   32.0017
    7.5000  -37.5000   30.0000 2097.6306   32.0302
   -7.5000  -30.0000   30.0000 2225.5200   28.0921
    0.0000  -30.0000   30.0000 2234.1868   27.7096
    7.5000  -30.0000   30.0000 2229.2261   27.8687
   -7.5000  -22.5000   30.0000 2352.4473   24.8723
    0.0000  -22.5000   30.0000 2359.5247   24.3904
    7.5000  -22.5000   30.0000 2356.4109   24.6602
   -7.5000  -15.0000   30.0000 2474.3154   22.3313
    0.0000  -15.0000   30.0000 2480.3110   21.8644
    7.5000  -15.0000   30.0000 2483.4714   22.2395
   -7.5000   -7.5000   30.0000 2586.2988   20.4864
    0.0000   -7.5000   30.0000 2585.5054   20.0319
    7.5000   -7.5000   30.0000 2596.0676   20.4051
   -7.5000    0.0000   30.0000 2690.5925   19.2051
    0.0000    0.0000   30.0000 2688.5391   18.8219
    7.5000    0.0000   30.0000 2695.8762   19.0727
   -7.5000    7.5000   30.0000 2765.0095   18.3229
    0.0000    7.5000   30.0000 2763.1716   17.8308
    7.5000    7.5000   30.0000 2766.8469   18.1162
   -7.5000   15.0000   30.0000 2813.4099   17.7624
    0.0000   15.0000   30.0000 2807.1389   17.2535
    7.5000   15.0000   30.0000 2800.8010   17.4826
   -7.5000   22.5000   30.0000 2826.2473   17.7634
    0.0000   22.5000   30.0000 2824.6965   17.3888
    7.5000   22.5000   30.0000 2816.3411   17.5122
   -7.5000   30.0000   30.0000 2804.3767   18.1754
    0.0000   30.0000   30.0000 2806.7490   17.8957
    7.5000   30.0000   30.0000 2787.2041   17.9458
   -7.5000   37.5000   30.0000 2729.1228   18.8139
    0.0000   37.5000   30.0000 2732.8857   18.5673
    7.5000   37.5000   30.0000 2714.0479   18.6142
   -7.5000   45.0000   30.0000 2591.7153   19.6101
    0.0000   45.0000   30.0000 2602.5742   19.3527
    7.5000   45.0000   30.0000 2577.3267   19.4344
   -7.5000   52.5000   30.0000 2413.5398   20.5284
    0.0000   52.5000   30.0000 2426.1560   20.2987
    7.5000   52.5000   30.0000 2404.2534   20.3244
   -7.5000  -37.5000   37.5000 2027.1177   33.9660
    0.0000  -37.5000   37.5000 2039.1350   33.5074
    7.5000  -37.5000   37.5000 2038.3326   33.7437
   -7.5000  -30.0000   37.5000 2155.3162   29.4275
    0.0000  -30.0000   37.5000 2173.4854   28.9673
    7.5000  -30.0000   37.5000 2170.3733   29.3229
   -7.5000  -22.5000   37.5000 2287.4917   26.0381
    0.0000  -22.5000   37.5000 2299.8455   25.5184
    7.5000  -22.5000   37.5000 2302.5227   25.9730
   -7.5000  -15.0000   37.5000 2416.8618   23.4608
    0.0000  -15.0000   37.5000 2426.0967   22.9423
    7.5000  -15.0000   37.5000 2430.1428   23.4145
   -7.5000   -7.5000   37.5000 2530.5889   21.5591
    0.0000   -7.5000   37.5000 2537.4082   21.1017
    7.5000   -7.5000   37.5000 2544.0876   21.4906
   -7.5000    0.0000   37.5000 2628.9092   20.1483
    0.0000    0.0000   37.5000 2632.2341   19.7357
    7.5000    0.0000   37.5000 2638.7754   20.0762
   -7.5000    7.5000   37.5000 2699.3284   19.2917
    0.0000    7.5000   37.5000 2695.7825   18.7133
    7.5000    7.5000   37.5000 2702.1748   19.0835
   -7.5000   15.0000   37.5000 2741.4219   18.6896
    0.0000   15.0000   37.5000 2734.3262   18.2627
    7.5000   15.0000   37.5000 2733.6328   18.5090
   -7.5000   22.5000   37.5000 2752.7065   18.7841
    0.0000   22.5000   37.5000 2749.3872   18.3613
    7.5000   22.5000   37.5000 2747.2056   18.5482
   -7.5000   30.0000   37.5000 2729.4373   19.1500
    0.0000   30.0000   37.5000 2732.8630   18.8167
    7.5000   30.0000   37.5000 2722.4238   18.9049
   -7.5000   37.5000   37.5000 2655.5046   19.7507
    0.0000   37.5000   37.5000 2666.3496   19.4498
    7.5000   37.5000   37.5000 2643.2183   19.5296
   -7.5000   45.0000   37.5000 2527.9758   20.5044
    0.0000   45.0000   37.5000 2542.9705   20.2277
    7.5000   45.0000   37.5000 2516.5552   20.3291
   -7.5000   52.5000   37.5000 2361.3281   21.3363
    0.0000   52.5000   37.5000 2372.4299   21.1114
    7.5000   52.5000   37.5000 2353.0132   21.1304
   -7.5000  -37.5000   45.0000 1938.3444   35.6393
    0.0000  -37.5000   45.0000 1956.8242   35.2431
    7.5000  -37.5000   45.0000 1953.8313   35.5214
   -7.5000  -30.0000   45.0000 2071.8948   30.7414
    0.0000  -30.0000   45.0000 2094.2302   30.3238
    7.5000  -30.0000   45.0000 2088.7280   30.7853
   -7.5000  -22.5000   45.0000 2207.4666   27.1693
    0.0000  -22.5000   45.0000 2225.6165   26.7502
    7.5000  -22.5000   45.0000 2222.9231   27.2086
   -7.5000  -15.0000   45.0000 2331.8447   24.5758
    0.0000  -15.0000   45.0000 2352.6602   24.1057
    7.5000  -15.0000   45.0000 2345.5591   24.5869
   -7.5000   -7.5000   45.0000 2439.6462   22.6334
    0.0000   -7.5000   45.0000 2461.9849   22.1748
    7.5000   -7.5000   45.0000 2454.8542   22.6139
   -7.5000    0.0000   45.0000 2529.9302   21.2483
    0.0000    0.0000   45.0000 2548.4910   20.7570
    7.5000    0.0000   45.0000 2542.9551   21.1843
   -7.5000    7.5000   45.0000 2594.8042   20.3211
    0.0000    7.5000   45.0000 2605.0696   19.8240
    7.5000    7.5000   45.0000 2599.6628   20.1759
   -7.5000   15.0000   45.0000 2637.3208   19.7558
    0.0000   15.0000   45.0000 2634.7710   19.3843
    7.5000   15.0000   45.0000 2634.5417   19.6220
   -7.5000   22.5000   45.0000 2641.4912   19.8330
    0.0000   22.5000   45.0000 2642.9766   19.4512
    7.5000   22.5000   45.0000 2638.8857   19.6224
   -7.5000   30.0000   45.0000 2618.3936   20.1866
    0.0000   30.0000   45.0000 2627.6733   19.8574
    7.5000   30.0000   45.0000 2615.5693   19.9930
   -7.5000   37.5000   45.0000 2552.6345   20.7279
    0.0000   37.5000   45.0000 2565.1489   20.4084
    7.5000   37.5000   45.0000 2541.4937   20.5442
   -7.5000   45.0000   45.0000 2435.0190   21.3521
    0.0000   45.0000   45.0000 2455.9226   21.0658
    7.5000   45.0000   45.0000 2429.9768   21.1882
   -7.5000   52.5000   45.0000 2268.4370   22.1525
    0.0000   52.5000   45.0000 2282.2520   21.8313
    7.5000   52.5000   45.0000 2262.2632   21.9638

---------------------------------------------------------------------
imgreg_4dfp /opt/freesurfer/average/711-2C_as_mni_average_305 /opt/freesurfer/average/711-2B_as_mni_average_305_mask talsrcimg_g11 none talsrcimg_to_711-2C_as_mni_average_305_t4 1283
---------------------------------------------------------------------

freesurfer imgreg_4dfp.c
/opt/freesurfer/average/711-2C_as_mni_average_305.4dfp.img
       256       256       256         1
  1.000000  1.000000  1.000000
orientation T byte_order littleendian
Reading image: /opt/freesurfer/average/711-2C_as_mni_average_305.4dfp.img
dimensions:      256       256       256
mmppix:       1.0000   -1.0000   -1.0000
center:     128.0000 -129.0000 -129.0000
/opt/freesurfer/average/711-2B_as_mni_average_305_mask.4dfp.img
       256       256       256         1
  1.000000  1.000000  1.000000
orientation T byte_order littleendian
Reading mask: /opt/freesurfer/average/711-2B_as_mni_average_305_mask.4dfp.img (2306576 pixels)
talsrcimg_g11.4dfp.img
       320       320       320         1
  0.700000  0.700000  0.700000
orientation T byte_order littleendian
Reading image: talsrcimg_g11.4dfp.img
dimensions:      320       320       320
mmppix:       0.7000   -0.7000   -0.7000
center:     112.0000 -112.7000 -112.7000
rotation matrix determinant  1.000000
fimgreg.f
image alignment mode   1283 decimal      503 hex
parameters
    0.0000   15.0000    7.5000    0.0000    0.0000    0.0000
eta,q 0.93712 16.50571
niter,ni,del,rscale     5    3   12.0000    1.2000
parameter  4  3.899707 ->  0.500000 qaram    1.1500
parameters
   -2.1439   16.4291    4.6540   -3.4500   -1.2958   -2.7487
eta,q 0.95065 16.55939
  0.0692  0.0737  0.0600  0.0487  0.0571  0.0512
  0.0621  0.0676  0.0569  0.0506  0.0527  0.0499
  0.0587  0.0614  0.0571  0.0526  0.0503  0.0492
  0.0628  0.0587  0.0589  0.0567  0.0511  0.0502
  0.0711  0.0591  0.0624  0.0611  0.0547  0.0530
  0.0794  0.0602  0.0673  0.0639  0.0589  0.0563
  0.0869  0.0644  0.0716  0.0672  0.0635  0.0589
niter,ni,del,rscale     5    3   12.0000    1.2000
parameter  4  1.294455 ->  0.500000 qaram    1.3225
parameters
   -2.0147   17.0092    4.7851   -7.4175   -0.8881   -3.5079
eta,q 0.95559 16.60602
  0.0735  0.0616  0.0630  0.0438  0.0574  0.0497
  0.0638  0.0561  0.0546  0.0445  0.0531  0.0464
  0.0548  0.0512  0.0504  0.0465  0.0480  0.0445
  0.0494  0.0493  0.0494  0.0495  0.0448  0.0447
  0.0534  0.0505  0.0505  0.0533  0.0459  0.0466
  0.0630  0.0529  0.0545  0.0598  0.0500  0.0493
  0.0716  0.0578  0.0613  0.0629  0.0555  0.0517
niter,ni,del,rscale     5    3   12.0000    1.2000
parameter  4  0.708137 ->  0.500000 qaram    1.5209
parameters
   -2.2397   17.5510    4.2920  -11.9801   -0.6845   -3.9268
eta,q 0.96010 16.60552
  0.0679  0.0586  0.0575  0.0423  0.0544  0.0469
  0.0578  0.0501  0.0487  0.0399  0.0490  0.0432
  0.0489  0.0449  0.0446  0.0416  0.0437  0.0407
  0.0444  0.0444  0.0450  0.0445  0.0400  0.0399
  0.0508  0.0470  0.0483  0.0481  0.0409  0.0412
  0.0614  0.0495  0.0536  0.0518  0.0467  0.0449
  0.0703  0.0522  0.0601  0.0583  0.0539  0.0491
niter,ni,del,rscale     5    3   12.0000    1.2000
parameters
   -2.2565   19.5238    3.3452  -13.4551   -0.8505   -3.6133
eta,q 0.96368 16.57858
  0.0663  0.0635  0.0509  0.0481  0.0503  0.0452
  0.0562  0.0546  0.0411  0.0405  0.0437  0.0413
  0.0460  0.0461  0.0371  0.0362  0.0385  0.0380
  0.0399  0.0399  0.0387  0.0374  0.0364  0.0364
  0.0451  0.0387  0.0436  0.0431  0.0388  0.0367
  0.0564  0.0413  0.0504  0.0490  0.0448  0.0396
  0.0669  0.0458  0.0583  0.0526  0.0519  0.0441
niter,ni,del,rscale     4    3   12.0000    1.2000
parameters
   -2.0535   20.2005    3.1951  -14.0109   -1.1028   -3.5778
eta,q 0.96406 16.55191
  0.0662  0.0573  0.0545  0.0507  0.0495  0.0440
  0.0540  0.0467  0.0423  0.0427  0.0432  0.0398
  0.0436  0.0388  0.0367  0.0359  0.0380  0.0371
  0.0363  0.0361  0.0363  0.0362  0.0359  0.0359
  0.0400  0.0380  0.0398  0.0403  0.0385  0.0365
  0.0518  0.0426  0.0458  0.0476  0.0448  0.0396
  0.0632  0.0487  0.0539  0.0516  0.0520  0.0441
niter,ni,del,rscale     3    3   12.0000    1.2000
parameters
   -1.9552   20.4070    3.1196  -14.2761   -1.2330   -3.5960
eta,q 0.96416 16.53938
  0.0655  0.0547  0.0547  0.0515  0.0497  0.0436
  0.0528  0.0439  0.0421  0.0440  0.0436  0.0395
  0.0426  0.0371  0.0365  0.0361  0.0382  0.0369
  0.0359  0.0358  0.0360  0.0359  0.0358  0.0358
  0.0403  0.0387  0.0392  0.0393  0.0380  0.0364
  0.0524  0.0442  0.0451  0.0468  0.0442  0.0395
  0.0638  0.0504  0.0532  0.0514  0.0514  0.0440
niter,ni,del,rscale     2    3   12.0000    1.2000
parameters
   -1.9019   20.4683    3.0902  -14.3929   -1.2938   -3.6115
eta,q 0.96420 16.53493
  0.0652  0.0540  0.0548  0.0519  0.0499  0.0435
  0.0523  0.0432  0.0421  0.0448  0.0438  0.0394
  0.0423  0.0367  0.0365  0.0364  0.0384  0.0368
  0.0358  0.0358  0.0358  0.0358  0.0358  0.0358
  0.0405  0.0391  0.0389  0.0389  0.0378  0.0363
  0.0527  0.0448  0.0447  0.0463  0.0438  0.0394
  0.0640  0.0511  0.0528  0.0513  0.0510  0.0439
niter,ni,del,rscale     1    3   12.0000    1.2000
parameters
   -1.8745   20.4932    3.0742  -14.4448   -1.3219   -3.6187
eta,q 0.96422 16.53291
  0.0650  0.0538  0.0548  0.0520  0.0500  0.0435
  0.0521  0.0431  0.0421  0.0451  0.0439  0.0394
  0.0421  0.0366  0.0365  0.0365  0.0385  0.0368
  0.0358  0.0358  0.0358  0.0358  0.0358  0.0358
  0.0406  0.0392  0.0388  0.0387  0.0377  0.0362
  0.0529  0.0449  0.0446  0.0460  0.0437  0.0393
  0.0642  0.0513  0.0527  0.0512  0.0509  0.0438
registration optimization eta report
parameter search radius
    6.0000    6.0000    6.0000    9.1253    6.0000    6.0000
100000*second partial in parameter space
       76.       46.       50.       19.       40.       22.
  0.0650  0.0538  0.0548  0.0520  0.0500  0.0435
  0.0521  0.0431  0.0421  0.0451  0.0439  0.0394
  0.0421  0.0366  0.0365  0.0365  0.0385  0.0368
  0.0358  0.0358  0.0358  0.0358  0.0358  0.0358
  0.0406  0.0392  0.0388  0.0387  0.0377  0.0362
  0.0529  0.0449  0.0446  0.0460  0.0437  0.0393
  0.0642  0.0513  0.0527  0.0512  0.0509  0.0438
   -1.8745   20.4932    3.0742  -14.4448   -1.3219   -3.6187
eta,q 0.96422 16.53291

---------------------------------------------------------------------
imgreg_4dfp /opt/freesurfer/average/711-2C_as_mni_average_305 /opt/freesurfer/average/711-2B_as_mni_average_305_mask talsrcimg_g11 none talsrcimg_to_711-2C_as_mni_average_305_t4 3335
---------------------------------------------------------------------

freesurfer imgreg_4dfp.c
/opt/freesurfer/average/711-2C_as_mni_average_305.4dfp.img
       256       256       256         1
  1.000000  1.000000  1.000000
orientation T byte_order littleendian
Reading image: /opt/freesurfer/average/711-2C_as_mni_average_305.4dfp.img
dimensions:      256       256       256
mmppix:       1.0000   -1.0000   -1.0000
center:     128.0000 -129.0000 -129.0000
/opt/freesurfer/average/711-2B_as_mni_average_305_mask.4dfp.img
       256       256       256         1
  1.000000  1.000000  1.000000
orientation T byte_order littleendian
Reading mask: /opt/freesurfer/average/711-2B_as_mni_average_305_mask.4dfp.img (2306576 pixels)
talsrcimg_g11.4dfp.img
       320       320       320         1
  0.700000  0.700000  0.700000
orientation T byte_order littleendian
Reading image: talsrcimg_g11.4dfp.img
dimensions:      320       320       320
mmppix:       0.7000   -0.7000   -0.7000
center:     112.0000 -112.7000 -112.7000
fimgreg.f
image alignment mode   3335 decimal      D07 hex
parameters
   -1.8745   20.4932    3.0742   -0.2259   -3.3179   -3.1869
    5.5378    3.8039   -6.3099   24.7539   -2.3069  -24.9380
eta,q 0.96287 16.82374
niter,ni,del,rscale     5    3    5.0000    1.2000
parameter  5  1.278245 ->  0.500000 qaram    1.1500
parameters
   -1.7371   21.0084    2.3434   -3.6236   -7.4579   -4.3047
    6.0188    4.0936   -4.5214   24.7929   -1.8958  -25.8389
eta,q 0.96809 16.63109
  0.0433  0.0410  0.0381  0.0370  0.0298  0.0371  0.0348  0.0376  0.0353  0.0357  0.0330  0.0328
  0.0400  0.0392  0.0369  0.0356  0.0309  0.0352  0.0334  0.0341  0.0337  0.0338  0.0324  0.0321
  0.0380  0.0379  0.0366  0.0351  0.0324  0.0332  0.0325  0.0325  0.0327  0.0326  0.0321  0.0319
  0.0371  0.0371  0.0369  0.0366  0.0351  0.0312  0.0321  0.0321  0.0321  0.0320  0.0320  0.0320
  0.0376  0.0370  0.0378  0.0408  0.0389  0.0313  0.0323  0.0325  0.0320  0.0321  0.0320  0.0322
  0.0392  0.0375  0.0392  0.0487  0.0431  0.0371  0.0329  0.0339  0.0323  0.0335  0.0322  0.0326
  0.0420  0.0388  0.0410  0.0576  0.0477  0.0471  0.0342  0.0366  0.0332  0.0359  0.0328  0.0332
niter,ni,del,rscale     5    3    5.0000    1.2000
parameter  5  0.657848 ->  0.500000 qaram    1.3225
parameters
   -1.4358   21.5738    2.5316   -4.0320  -12.2189   -3.7762
    5.3900    4.0225   -4.8301   26.3026   -1.9460  -28.3507
eta,q 0.97076 16.39830
  0.0364  0.0354  0.0331  0.0364  0.0301  0.0361  0.0315  0.0343  0.0314  0.0339  0.0303  0.0298
  0.0343  0.0337  0.0322  0.0347  0.0300  0.0343  0.0305  0.0314  0.0305  0.0320  0.0298  0.0293
  0.0327  0.0325  0.0318  0.0329  0.0306  0.0322  0.0298  0.0300  0.0298  0.0305  0.0295  0.0292
  0.0319  0.0318  0.0316  0.0316  0.0318  0.0301  0.0296  0.0296  0.0296  0.0296  0.0294  0.0294
  0.0319  0.0316  0.0317  0.0318  0.0340  0.0283  0.0300  0.0302  0.0299  0.0295  0.0295  0.0299
  0.0329  0.0321  0.0320  0.0340  0.0379  0.0301  0.0309  0.0317  0.0307  0.0300  0.0298  0.0304
  0.0348  0.0332  0.0326  0.0395  0.0427  0.0371  0.0323  0.0343  0.0318  0.0316  0.0303  0.0310
niter,ni,del,rscale     5    3    5.0000    1.2000
parameters
   -1.3427   21.5026    2.8447   -3.7362  -14.6501   -3.6461
    5.2550    4.2161   -5.0222   26.7808   -2.2593  -28.5549
eta,q 0.97128 16.25715
  0.0332  0.0316  0.0313  0.0345  0.0311  0.0354  0.0311  0.0342  0.0307  0.0321  0.0297  0.0300
  0.0312  0.0301  0.0301  0.0326  0.0298  0.0335  0.0299  0.0308  0.0296  0.0304  0.0291  0.0292
  0.0299  0.0293  0.0294  0.0307  0.0289  0.0312  0.0290  0.0292  0.0289  0.0292  0.0288  0.0288
  0.0292  0.0292  0.0292  0.0292  0.0291  0.0289  0.0287  0.0287  0.0288  0.0287  0.0287  0.0287
  0.0295  0.0297  0.0293  0.0291  0.0302  0.0272  0.0291  0.0293  0.0291  0.0289  0.0289  0.0290
  0.0307  0.0306  0.0296  0.0306  0.0324  0.0302  0.0299  0.0307  0.0298  0.0296  0.0293  0.0294
  0.0327  0.0317  0.0303  0.0350  0.0366  0.0381  0.0313  0.0333  0.0309  0.0314  0.0298  0.0299
niter,ni,del,rscale     4    3    5.0000    1.2000
parameters
   -1.3679   21.5667    2.9086   -3.5913  -15.0271   -3.6021
    5.2685    4.2998   -5.0715   26.8770   -2.2340  -28.6282
eta,q 0.97133 16.24199
  0.0324  0.0314  0.0304  0.0340  0.0320  0.0354  0.0311  0.0340  0.0307  0.0317  0.0298  0.0299
  0.0305  0.0298  0.0293  0.0321  0.0306  0.0335  0.0299  0.0306  0.0296  0.0300  0.0291  0.0291
  0.0292  0.0289  0.0289  0.0302  0.0293  0.0311  0.0290  0.0290  0.0289  0.0290  0.0288  0.0287
  0.0287  0.0287  0.0287  0.0287  0.0287  0.0287  0.0287  0.0287  0.0287  0.0287  0.0287  0.0287
  0.0291  0.0291  0.0289  0.0288  0.0291  0.0271  0.0289  0.0293  0.0290  0.0289  0.0288  0.0289
  0.0305  0.0298  0.0293  0.0304  0.0304  0.0304  0.0298  0.0308  0.0296  0.0297  0.0292  0.0293
  0.0327  0.0310  0.0301  0.0349  0.0331  0.0384  0.0311  0.0335  0.0307  0.0317  0.0297  0.0298
niter,ni,del,rscale     3    3    5.0000    1.2000
parameters
   -1.3846   21.5931    2.8972   -3.5640  -15.0520   -3.6267
    5.2908    4.2896   -5.0823   26.9130   -2.1965  -28.6578
eta,q 0.97132 16.24225
  0.0324  0.0312  0.0302  0.0339  0.0322  0.0354  0.0311  0.0339  0.0307  0.0316  0.0298  0.0300
  0.0305  0.0297  0.0292  0.0320  0.0307  0.0334  0.0299  0.0306  0.0296  0.0300  0.0291  0.0291
  0.0292  0.0289  0.0288  0.0301  0.0294  0.0311  0.0290  0.0290  0.0289  0.0290  0.0288  0.0287
  0.0287  0.0287  0.0287  0.0287  0.0287  0.0287  0.0287  0.0287  0.0287  0.0287  0.0287  0.0287
  0.0291  0.0290  0.0289  0.0288  0.0290  0.0272  0.0290  0.0293  0.0290  0.0289  0.0288  0.0289
  0.0304  0.0298  0.0293  0.0305  0.0302  0.0306  0.0298  0.0309  0.0296  0.0297  0.0292  0.0293
  0.0326  0.0309  0.0301  0.0352  0.0327  0.0388  0.0311  0.0336  0.0307  0.0317  0.0297  0.0298
niter,ni,del,rscale     2    3    5.0000    1.2000
parameters
   -1.3898   21.5987    2.8824   -3.5586  -15.0612   -3.6426
    5.2969    4.2851   -5.0888   26.9252   -2.1753  -28.6691
eta,q 0.97130 16.24203
  0.0325  0.0312  0.0302  0.0339  0.0322  0.0354  0.0311  0.0339  0.0307  0.0316  0.0298  0.0300
  0.0305  0.0297  0.0292  0.0320  0.0307  0.0334  0.0299  0.0306  0.0296  0.0300  0.0291  0.0292
  0.0292  0.0289  0.0288  0.0301  0.0294  0.0311  0.0290  0.0290  0.0289  0.0290  0.0288  0.0288
  0.0287  0.0287  0.0287  0.0287  0.0287  0.0287  0.0287  0.0287  0.0287  0.0287  0.0287  0.0287
  0.0291  0.0291  0.0289  0.0288  0.0290  0.0272  0.0290  0.0293  0.0290  0.0289  0.0288  0.0289
  0.0304  0.0298  0.0294  0.0305  0.0302  0.0306  0.0298  0.0309  0.0296  0.0298  0.0292  0.0293
  0.0326  0.0310  0.0301  0.0353  0.0327  0.0387  0.0312  0.0336  0.0307  0.0318  0.0298  0.0298
registration optimization eta report
parameter search radius
    2.4000    2.4000    2.4000    7.2000    9.5220    7.2000
    7.2000    7.2000    7.2000    7.2000    7.2000    7.2000
100000*second partial in parameter space
       67.       41.       26.       11.        4.       17.
        5.       10.        4.        6.        2.        2.
  0.0325  0.0312  0.0302  0.0339  0.0322  0.0354  0.0311  0.0339  0.0307  0.0316  0.0298  0.0300
  0.0305  0.0297  0.0292  0.0320  0.0307  0.0334  0.0299  0.0306  0.0296  0.0300  0.0291  0.0292
  0.0292  0.0289  0.0288  0.0301  0.0294  0.0311  0.0290  0.0290  0.0289  0.0290  0.0288  0.0288
  0.0287  0.0287  0.0287  0.0287  0.0287  0.0287  0.0287  0.0287  0.0287  0.0287  0.0287  0.0287
  0.0291  0.0291  0.0289  0.0288  0.0290  0.0272  0.0290  0.0293  0.0290  0.0289  0.0288  0.0289
  0.0304  0.0298  0.0294  0.0305  0.0302  0.0306  0.0298  0.0309  0.0296  0.0298  0.0292  0.0293
  0.0326  0.0310  0.0301  0.0353  0.0327  0.0387  0.0312  0.0336  0.0307  0.0318  0.0298  0.0298
   -1.3898   21.5987    2.8824   -3.5586  -15.0612   -3.6426
    5.2969    4.2851   -5.0888   26.9252   -2.1753  -28.6691
eta,q 0.97130 16.24203

---------------------------------------------------------------------
imgreg_4dfp /opt/freesurfer/average/711-2C_as_mni_average_305 /opt/freesurfer/average/711-2B_as_mni_average_305_mask talsrcimg_g11 none talsrcimg_to_711-2C_as_mni_average_305_t4 2311
---------------------------------------------------------------------

freesurfer imgreg_4dfp.c
/opt/freesurfer/average/711-2C_as_mni_average_305.4dfp.img
       256       256       256         1
  1.000000  1.000000  1.000000
orientation T byte_order littleendian
Reading image: /opt/freesurfer/average/711-2C_as_mni_average_305.4dfp.img
dimensions:      256       256       256
mmppix:       1.0000   -1.0000   -1.0000
center:     128.0000 -129.0000 -129.0000
/opt/freesurfer/average/711-2B_as_mni_average_305_mask.4dfp.img
       256       256       256         1
  1.000000  1.000000  1.000000
orientation T byte_order littleendian
Reading mask: /opt/freesurfer/average/711-2B_as_mni_average_305_mask.4dfp.img (2306576 pixels)
talsrcimg_g11.4dfp.img
       320       320       320         1
  0.700000  0.700000  0.700000
orientation T byte_order littleendian
Reading image: talsrcimg_g11.4dfp.img
dimensions:      320       320       320
mmppix:       0.7000   -0.7000   -0.7000
center:     112.0000 -112.7000 -112.7000
fimgreg.f
image alignment mode   2311 decimal      907 hex
parameters
   -1.3898   21.5987    2.8824   -3.5586  -15.0612   -3.6426
    5.2969    4.2851   -5.0888   26.9252   -2.1753  -28.6691
eta,q 0.97130 16.24203
niter,ni,del,rscale     5    3    5.0000    0.8000
parameters
   -1.3622   21.5064    2.7892   -2.6777  -14.5229   -2.5301
    5.3503    4.4395   -4.8185   26.8417   -2.2021  -28.3104
eta,q 0.97246 16.33445
  0.0305  0.0297  0.0292  0.0320  0.0299  0.0333  0.0287  0.0309  0.0287  0.0292  0.0284  0.0284
  0.0296  0.0291  0.0289  0.0307  0.0293  0.0318  0.0281  0.0289  0.0281  0.0283  0.0279  0.0279
  0.0289  0.0287  0.0287  0.0295  0.0288  0.0301  0.0277  0.0278  0.0277  0.0277  0.0276  0.0276
  0.0287  0.0287  0.0287  0.0287  0.0285  0.0285  0.0275  0.0275  0.0275  0.0275  0.0275  0.0275
  0.0289  0.0289  0.0288  0.0286  0.0286  0.0272  0.0276  0.0279  0.0276  0.0277  0.0277  0.0276
  0.0295  0.0293  0.0290  0.0291  0.0289  0.0279  0.0280  0.0287  0.0279  0.0283  0.0279  0.0278
  0.0304  0.0299  0.0294  0.0305  0.0294  0.0312  0.0287  0.0303  0.0284  0.0295  0.0283  0.0281
niter,ni,del,rscale     4    3    5.0000    0.7000
parameters
   -1.5035   21.4255    3.0467   -2.7434  -14.5012   -2.1841
    5.3501    4.3038   -4.7764   26.7258   -2.1293  -28.1530
eta,q 0.97275 16.33621
  0.0287  0.0284  0.0287  0.0298  0.0285  0.0318  0.0282  0.0294  0.0281  0.0286  0.0280  0.0279
  0.0280  0.0278  0.0281  0.0287  0.0280  0.0303  0.0277  0.0281  0.0276  0.0279  0.0275  0.0275
  0.0276  0.0276  0.0277  0.0278  0.0276  0.0289  0.0274  0.0274  0.0273  0.0274  0.0273  0.0273
  0.0275  0.0275  0.0275  0.0275  0.0275  0.0275  0.0272  0.0272  0.0272  0.0272  0.0272  0.0272
  0.0278  0.0277  0.0275  0.0277  0.0276  0.0269  0.0273  0.0276  0.0273  0.0274  0.0273  0.0273
  0.0284  0.0280  0.0277  0.0285  0.0280  0.0282  0.0277  0.0284  0.0276  0.0279  0.0276  0.0275
  0.0293  0.0285  0.0280  0.0301  0.0285  0.0316  0.0282  0.0297  0.0281  0.0288  0.0279  0.0277
niter,ni,del,rscale     3    3    5.0000    0.6000
parameters
   -1.5015   21.4020    3.1884   -2.7416  -14.5416   -1.8148
    5.3225    4.2781   -4.7329   26.6218   -2.0669  -28.0137
eta,q 0.97298 16.33346
  0.0284  0.0280  0.0281  0.0290  0.0280  0.0308  0.0277  0.0288  0.0277  0.0281  0.0276  0.0275
  0.0277  0.0275  0.0276  0.0281  0.0276  0.0296  0.0273  0.0277  0.0273  0.0275  0.0273  0.0272
  0.0274  0.0273  0.0274  0.0275  0.0273  0.0283  0.0271  0.0271  0.0271  0.0271  0.0271  0.0271
  0.0273  0.0272  0.0272  0.0272  0.0272  0.0272  0.0270  0.0270  0.0270  0.0270  0.0270  0.0270
  0.0274  0.0274  0.0273  0.0274  0.0273  0.0268  0.0271  0.0272  0.0271  0.0271  0.0271  0.0271
  0.0277  0.0276  0.0275  0.0280  0.0276  0.0278  0.0273  0.0278  0.0273  0.0275  0.0272  0.0272
  0.0284  0.0280  0.0277  0.0291  0.0280  0.0304  0.0277  0.0288  0.0276  0.0283  0.0275  0.0274
niter,ni,del,rscale     2    3    5.0000    0.5000
parameters
   -1.5037   21.3857    3.3263   -2.7727  -14.5891   -1.4802
    5.2986    4.2585   -4.6969   26.5145   -2.0122  -27.8882
eta,q 0.97315 16.32847
  0.0278  0.0275  0.0277  0.0283  0.0275  0.0299  0.0273  0.0281  0.0273  0.0276  0.0273  0.0272
  0.0274  0.0272  0.0273  0.0276  0.0273  0.0288  0.0271  0.0274  0.0271  0.0272  0.0270  0.0270
  0.0271  0.0271  0.0271  0.0272  0.0271  0.0278  0.0269  0.0269  0.0269  0.0269  0.0269  0.0269
  0.0270  0.0270  0.0270  0.0270  0.0270  0.0270  0.0268  0.0268  0.0268  0.0269  0.0268  0.0268
  0.0271  0.0271  0.0270  0.0272  0.0271  0.0268  0.0269  0.0270  0.0269  0.0269  0.0269  0.0269
  0.0274  0.0273  0.0272  0.0276  0.0273  0.0275  0.0271  0.0274  0.0271  0.0272  0.0270  0.0270
  0.0278  0.0275  0.0274  0.0283  0.0276  0.0293  0.0273  0.0281  0.0273  0.0278  0.0272  0.0271
niter,ni,del,rscale     1    3    5.0000    0.4000
parameters
   -1.4979   21.3732    3.4689   -2.8281  -14.6420   -1.1682
    5.2655    4.2544   -4.6667   26.4215   -1.9365  -27.7866
eta,q 0.97328 16.32205
  0.0274  0.0272  0.0273  0.0276  0.0272  0.0289  0.0270  0.0275  0.0270  0.0272  0.0270  0.0269
  0.0271  0.0270  0.0271  0.0272  0.0270  0.0281  0.0269  0.0271  0.0269  0.0269  0.0269  0.0268
  0.0269  0.0269  0.0269  0.0269  0.0269  0.0274  0.0268  0.0268  0.0268  0.0268  0.0268  0.0267
  0.0268  0.0268  0.0268  0.0268  0.0268  0.0268  0.0267  0.0267  0.0267  0.0267  0.0267  0.0267
  0.0269  0.0269  0.0268  0.0270  0.0269  0.0267  0.0268  0.0268  0.0268  0.0268  0.0268  0.0267
  0.0271  0.0270  0.0269  0.0273  0.0270  0.0272  0.0269  0.0271  0.0269  0.0270  0.0268  0.0268
  0.0274  0.0272  0.0271  0.0277  0.0272  0.0284  0.0270  0.0275  0.0270  0.0273  0.0270  0.0269
registration optimization eta report
parameter search radius
    0.8000    0.8000    0.8000    2.4000    2.4000    2.4000
    2.4000    2.4000    2.4000    2.4000    2.4000    2.4000
100000*second partial in parameter space
       81.       54.       57.       15.        6.       31.
        5.       14.        6.       10.        5.        3.
  0.0274  0.0272  0.0273  0.0276  0.0272  0.0289  0.0270  0.0275  0.0270  0.0272  0.0270  0.0269
  0.0271  0.0270  0.0271  0.0272  0.0270  0.0281  0.0269  0.0271  0.0269  0.0269  0.0269  0.0268
  0.0269  0.0269  0.0269  0.0269  0.0269  0.0274  0.0268  0.0268  0.0268  0.0268  0.0268  0.0267
  0.0268  0.0268  0.0268  0.0268  0.0268  0.0268  0.0267  0.0267  0.0267  0.0267  0.0267  0.0267
  0.0269  0.0269  0.0268  0.0270  0.0269  0.0267  0.0268  0.0268  0.0268  0.0268  0.0268  0.0267
  0.0271  0.0270  0.0269  0.0273  0.0270  0.0272  0.0269  0.0271  0.0269  0.0270  0.0268  0.0268
  0.0274  0.0272  0.0271  0.0277  0.0272  0.0284  0.0270  0.0275  0.0270  0.0273  0.0270  0.0269
   -1.4979   21.3732    3.4689   -2.8281  -14.6420   -1.1682
    5.2655    4.2544   -4.6667   26.4215   -1.9365  -27.7866
eta,q 0.97328 16.32205

---------------------------------------------------------------------
imgreg_4dfp /opt/freesurfer/average/711-2C_as_mni_average_305 /opt/freesurfer/average/711-2B_as_mni_average_305_mask talsrcimg_g11 none talsrcimg_to_711-2C_as_mni_average_305_t4 2311
---------------------------------------------------------------------

freesurfer imgreg_4dfp.c
/opt/freesurfer/average/711-2C_as_mni_average_305.4dfp.img
       256       256       256         1
  1.000000  1.000000  1.000000
orientation T byte_order littleendian
Reading image: /opt/freesurfer/average/711-2C_as_mni_average_305.4dfp.img
dimensions:      256       256       256
mmppix:       1.0000   -1.0000   -1.0000
center:     128.0000 -129.0000 -129.0000
/opt/freesurfer/average/711-2B_as_mni_average_305_mask.4dfp.img
       256       256       256         1
  1.000000  1.000000  1.000000
orientation T byte_order littleendian
Reading mask: /opt/freesurfer/average/711-2B_as_mni_average_305_mask.4dfp.img (2306576 pixels)
talsrcimg_g11.4dfp.img
       320       320       320         1
  0.700000  0.700000  0.700000
orientation T byte_order littleendian
Reading image: talsrcimg_g11.4dfp.img
dimensions:      320       320       320
mmppix:       0.7000   -0.7000   -0.7000
center:     112.0000 -112.7000 -112.7000
fimgreg.f
image alignment mode   2311 decimal      907 hex
parameters
   -1.4979   21.3732    3.4689   -2.8281  -14.6420   -1.1681
    5.2655    4.2544   -4.6667   26.4215   -1.9365  -27.7866
eta,q 0.97328 16.32206
niter,ni,del,rscale     5    3    5.0000    0.8000
parameters
   -1.4981   21.4417    3.6836   -3.2063  -14.7950   -1.7202
    5.2609    4.1172   -4.7574   26.5791   -2.0160  -27.7507
eta,q 0.97296 16.29566
  0.0288  0.0282  0.0287  0.0293  0.0279  0.0312  0.0282  0.0298  0.0282  0.0290  0.0279  0.0277
  0.0277  0.0274  0.0276  0.0280  0.0273  0.0296  0.0276  0.0281  0.0275  0.0280  0.0274  0.0273
  0.0270  0.0269  0.0270  0.0271  0.0269  0.0280  0.0272  0.0272  0.0272  0.0273  0.0271  0.0271
  0.0267  0.0267  0.0267  0.0267  0.0267  0.0267  0.0271  0.0271  0.0271  0.0270  0.0270  0.0270
  0.0269  0.0269  0.0268  0.0272  0.0269  0.0272  0.0272  0.0274  0.0272  0.0272  0.0272  0.0271
  0.0276  0.0273  0.0272  0.0284  0.0274  0.0304  0.0276  0.0284  0.0276  0.0277  0.0275  0.0273
  0.0288  0.0279  0.0278  0.0307  0.0281  0.0358  0.0283  0.0300  0.0282  0.0288  0.0279  0.0277
niter,ni,del,rscale     4    3    5.0000    0.7000
parameters
   -1.4288   21.4134    3.4609   -2.9821  -14.6456   -1.7647
    5.3059    4.2054   -4.7447   26.5664   -2.1346  -27.8793
eta,q 0.97300 16.31432
  0.0287  0.0280  0.0277  0.0295  0.0280  0.0311  0.0279  0.0294  0.0279  0.0285  0.0277  0.0275
  0.0278  0.0274  0.0272  0.0284  0.0275  0.0296  0.0274  0.0280  0.0274  0.0277  0.0273  0.0272
  0.0273  0.0271  0.0270  0.0275  0.0271  0.0282  0.0271  0.0272  0.0271  0.0272  0.0270  0.0270
  0.0270  0.0270  0.0270  0.0270  0.0270  0.0270  0.0270  0.0270  0.0270  0.0270  0.0270  0.0270
  0.0272  0.0272  0.0272  0.0271  0.0271  0.0268  0.0271  0.0273  0.0271  0.0271  0.0271  0.0271
  0.0276  0.0275  0.0276  0.0278  0.0274  0.0286  0.0274  0.0279  0.0274  0.0276  0.0273  0.0273
  0.0284  0.0280  0.0282  0.0292  0.0279  0.0325  0.0279  0.0291  0.0279  0.0286  0.0277  0.0275
niter,ni,del,rscale     3    3    5.0000    0.6000
parameters
   -1.4565   21.3954    3.3996   -2.8763  -14.6156   -1.6164
    5.2972    4.2525   -4.7187   26.5471   -2.0882  -27.8851
eta,q 0.97309 16.32203
  0.0281  0.0277  0.0276  0.0289  0.0277  0.0305  0.0276  0.0287  0.0276  0.0280  0.0275  0.0273
  0.0275  0.0273  0.0272  0.0280  0.0274  0.0292  0.0272  0.0276  0.0272  0.0274  0.0271  0.0271
  0.0271  0.0271  0.0270  0.0273  0.0271  0.0280  0.0270  0.0271  0.0270  0.0270  0.0269  0.0269
  0.0270  0.0270  0.0270  0.0270  0.0270  0.0270  0.0269  0.0269  0.0269  0.0269  0.0269  0.0269
  0.0271  0.0271  0.0271  0.0271  0.0271  0.0268  0.0270  0.0271  0.0270  0.0270  0.0270  0.0270
  0.0275  0.0274  0.0274  0.0277  0.0273  0.0280  0.0272  0.0276  0.0272  0.0274  0.0271  0.0271
  0.0282  0.0277  0.0277  0.0287  0.0277  0.0307  0.0276  0.0286  0.0276  0.0281  0.0274  0.0273
niter,ni,del,rscale     2    3    5.0000    0.5000
parameters
   -1.4751   21.3840    3.4370   -2.8410  -14.6294   -1.3792
    5.2832    4.2589   -4.6786   26.4827   -2.0155  -27.8257
eta,q 0.97320 16.32270
  0.0277  0.0274  0.0275  0.0282  0.0274  0.0297  0.0273  0.0281  0.0273  0.0276  0.0272  0.0271
  0.0272  0.0271  0.0272  0.0275  0.0272  0.0287  0.0270  0.0273  0.0270  0.0272  0.0270  0.0269
  0.0270  0.0270  0.0270  0.0271  0.0270  0.0277  0.0268  0.0269  0.0269  0.0269  0.0268  0.0268
  0.0269  0.0269  0.0269  0.0269  0.0269  0.0269  0.0268  0.0268  0.0268  0.0268  0.0268  0.0268
  0.0270  0.0270  0.0270  0.0270  0.0270  0.0267  0.0268  0.0269  0.0268  0.0269  0.0268  0.0268
  0.0273  0.0272  0.0271  0.0275  0.0272  0.0275  0.0270  0.0273  0.0270  0.0272  0.0270  0.0269
  0.0277  0.0274  0.0274  0.0282  0.0275  0.0294  0.0273  0.0280  0.0273  0.0277  0.0272  0.0271
niter,ni,del,rscale     1    3    5.0000    0.4000
parameters
   -1.4807   21.3742    3.5258   -2.8664  -14.6570   -1.1148
    5.2630    4.2506   -4.6500   26.4077   -1.9595  -27.7505
eta,q 0.97331 16.31916
  0.0273  0.0271  0.0272  0.0276  0.0271  0.0289  0.0270  0.0275  0.0270  0.0272  0.0270  0.0269
  0.0270  0.0269  0.0270  0.0272  0.0269  0.0281  0.0268  0.0270  0.0268  0.0269  0.0268  0.0268
  0.0269  0.0268  0.0269  0.0269  0.0268  0.0273  0.0267  0.0268  0.0267  0.0268  0.0267  0.0267
  0.0268  0.0268  0.0268  0.0268  0.0268  0.0268  0.0267  0.0267  0.0267  0.0267  0.0267  0.0267
  0.0269  0.0268  0.0268  0.0269  0.0268  0.0267  0.0267  0.0268  0.0267  0.0268  0.0267  0.0267
  0.0270  0.0270  0.0269  0.0272  0.0270  0.0272  0.0268  0.0271  0.0268  0.0270  0.0268  0.0268
  0.0273  0.0271  0.0271  0.0277  0.0272  0.0284  0.0270  0.0275  0.0270  0.0273  0.0270  0.0269
registration optimization eta report
parameter search radius
    0.8000    0.8000    0.8000    2.4000    2.4000    2.4000
    2.4000    2.4000    2.4000    2.4000    2.4000    2.4000
100000*second partial in parameter space
       81.       53.       56.       15.        6.       32.
        5.       14.        5.       10.        5.        3.
  0.0273  0.0271  0.0272  0.0276  0.0271  0.0289  0.0270  0.0275  0.0270  0.0272  0.0270  0.0269
  0.0270  0.0269  0.0270  0.0272  0.0269  0.0281  0.0268  0.0270  0.0268  0.0269  0.0268  0.0268
  0.0269  0.0268  0.0269  0.0269  0.0268  0.0273  0.0267  0.0268  0.0267  0.0268  0.0267  0.0267
  0.0268  0.0268  0.0268  0.0268  0.0268  0.0268  0.0267  0.0267  0.0267  0.0267  0.0267  0.0267
  0.0269  0.0268  0.0268  0.0269  0.0268  0.0267  0.0267  0.0268  0.0267  0.0268  0.0267  0.0267
  0.0270  0.0270  0.0269  0.0272  0.0270  0.0272  0.0268  0.0271  0.0268  0.0270  0.0268  0.0268
  0.0273  0.0271  0.0271  0.0277  0.0272  0.0284  0.0270  0.0275  0.0270  0.0273  0.0270  0.0269
   -1.4807   21.3742    3.5258   -2.8664  -14.6570   -1.1148
    5.2630    4.2506   -4.6500   26.4077   -1.9595  -27.7505
eta,q 0.97331 16.31916

---------------------------------------------------------------------
compute_vox2vox talsrcimg talsrcimg_to_711-2C_as_mni_average_305_t4 /opt/freesurfer/average/711-2C_as_mni_average_305
---------------------------------------------------------------------

freesurfer compute_vox2vox.c
Reading: talsrcimg.4dfp.ifh
Reading: talsrcimg_to_711-2C_as_mni_average_305_t4
Reading: /opt/freesurfer/average/711-2C_as_mni_average_305.4dfp.ifh
Writing: talsrcimg_to_711-2C_as_mni_average_305_t4_vox2vox.txt

start time Fri Mar 13 06:47:52 CET 2026
end		time Fri Mar 13 06:49:17 CET 2026

mpr2mni305 success

avi2talxfm orig_nu.mgz /opt/freesurfer/average/mni305.cor.mgz talsrcimg_to_711-2C_as_mni_average_305_t4_vox2vox.txt transforms/talairach.auto.xfm
avi2talxfm done
mv -f /out/sourcedata/freesurfer/sub-v2s5x29541_ses-1/mri/talsrcimg_to_711-2C_as_mni_average_305_t4_vox2vox.txt /out/sourcedata/freesurfer/sub-v2s5x29541_ses-1/mri/transforms/talsrcimg_to_711-2C_as_mni_average_305_t4_vox2vox.txt
lta_convert --src orig_nu.mgz --trg /opt/freesurfer/average/mni305.cor.mgz --inxfm transforms/talairach.auto.xfm --outlta transforms/talairach.auto.xfm.lta --subject fsaverage
7.3.2

--src: orig_nu.mgz src image (geometry).
--trg: /opt/freesurfer/average/mni305.cor.mgz trg image (geometry).
--inmni: transforms/talairach.auto.xfm input MNI/XFM transform.
--outlta: transforms/talairach.auto.xfm.lta output LTA.
--s: fsaverage subject name
 LTA read, type : 1
 1.02559  -0.02502  -0.07138  -1.83200;
 0.03313   0.92967   0.30025  -20.37015;
 0.04563  -0.28903   1.07495   15.69536;
 0.00000   0.00000   0.00000   1.00000;
setting subject to fsaverage
Writing  LTA to file transforms/talairach.auto.xfm.lta...
lta_convert successful.
 
 
Started at Fri Mar 13 06:47:51 CET 2026
Ended   at Fri Mar 13 06:49:17 CET 2026
talairach_avi done
