Log file for defect2seg
Sun Mar 15 01:32:23 CET 2026

setenv SUBJECTS_DIR /out/sourcedata/freesurfer
cd /out/sourcedata/freesurfer/sub-v2s5x29561_ses-1/scripts
/opt/freesurfer/bin/defect2seg --s sub-v2s5x29561_ses-1 --rh-only --cortex

freesurfer-linux-ubuntu22_x86_64-7.3.2-20220804-6354275
defect2seg 7.3.2
Linux dna065 5.14.0-427.37.1.el9_4.x86_64 #1 SMP PREEMPT_DYNAMIC Fri Sep 13 12:41:50 EDT 2024 x86_64 x86_64 x86_64 GNU/Linux
pid 4071874
mri_label2label --label-cortex /out/sourcedata/freesurfer/sub-v2s5x29561_ses-1/surf/rh.orig.nofix /out/sourcedata/freesurfer/sub-v2s5x29561_ses-1/mri/aseg.presurf.mgz 0 /out/sourcedata/freesurfer/sub-v2s5x29561_ses-1/label/rh.nofix.cortex.label

 Generating cortex label... RemoveHipAmgy=0
 NucAccIsMedialWall=0
 mris->useRealRAS=0
65 non-cortical segments detected
only using segment with 17068 vertices
erasing segment 0 (vno[0] = 43789)
erasing segment 1 (vno[0] = 65671)
erasing segment 2 (vno[0] = 85637)
erasing segment 3 (vno[0] = 88229)
erasing segment 4 (vno[0] = 90262)
erasing segment 5 (vno[0] = 97281)
erasing segment 6 (vno[0] = 99304)
erasing segment 7 (vno[0] = 99374)
erasing segment 8 (vno[0] = 103880)
erasing segment 9 (vno[0] = 106569)
erasing segment 10 (vno[0] = 118138)
erasing segment 11 (vno[0] = 123096)
erasing segment 12 (vno[0] = 125226)
erasing segment 13 (vno[0] = 125472)
erasing segment 15 (vno[0] = 130297)
erasing segment 16 (vno[0] = 134852)
erasing segment 17 (vno[0] = 141112)
erasing segment 18 (vno[0] = 143527)
erasing segment 19 (vno[0] = 145851)
erasing segment 20 (vno[0] = 150408)
erasing segment 21 (vno[0] = 171041)
erasing segment 22 (vno[0] = 178831)
erasing segment 23 (vno[0] = 182973)
erasing segment 24 (vno[0] = 199078)
erasing segment 25 (vno[0] = 200757)
erasing segment 26 (vno[0] = 201674)
erasing segment 27 (vno[0] = 240020)
erasing segment 28 (vno[0] = 256072)
erasing segment 29 (vno[0] = 258168)
erasing segment 30 (vno[0] = 259569)
erasing segment 31 (vno[0] = 259595)
erasing segment 32 (vno[0] = 265259)
erasing segment 33 (vno[0] = 266630)
erasing segment 34 (vno[0] = 270427)
erasing segment 35 (vno[0] = 272224)
erasing segment 36 (vno[0] = 272333)
erasing segment 37 (vno[0] = 274220)
erasing segment 38 (vno[0] = 274499)
erasing segment 39 (vno[0] = 274729)
erasing segment 40 (vno[0] = 274731)
erasing segment 41 (vno[0] = 276442)
erasing segment 42 (vno[0] = 277806)
erasing segment 43 (vno[0] = 281000)
erasing segment 44 (vno[0] = 282954)
erasing segment 45 (vno[0] = 285942)
erasing segment 46 (vno[0] = 291527)
erasing segment 47 (vno[0] = 291555)
erasing segment 48 (vno[0] = 340538)
erasing segment 49 (vno[0] = 345387)
erasing segment 50 (vno[0] = 349110)
erasing segment 51 (vno[0] = 352187)
erasing segment 52 (vno[0] = 352550)
erasing segment 53 (vno[0] = 352558)
erasing segment 54 (vno[0] = 353421)
erasing segment 55 (vno[0] = 356024)
erasing segment 56 (vno[0] = 358810)
erasing segment 57 (vno[0] = 358960)
erasing segment 58 (vno[0] = 361179)
erasing segment 59 (vno[0] = 361753)
erasing segment 60 (vno[0] = 363801)
erasing segment 61 (vno[0] = 364997)
erasing segment 62 (vno[0] = 375754)
erasing segment 63 (vno[0] = 381616)
erasing segment 64 (vno[0] = 384097)
mri_label2vol --defects /out/sourcedata/freesurfer/sub-v2s5x29561_ses-1/surf/rh.orig.nofix /out/sourcedata/freesurfer/sub-v2s5x29561_ses-1/surf/rh.defect_labels /out/sourcedata/freesurfer/sub-v2s5x29561_ses-1/mri/orig.mgz 2000 0 /out/sourcedata/freesurfer/sub-v2s5x29561_ses-1/mri/rh.surface.defects.mgz /out/sourcedata/freesurfer/sub-v2s5x29561_ses-1/label/rh.nofix.cortex.label
mri_label2vol supposed to be reproducible but seed not set
Contraining to label /out/sourcedata/freesurfer/sub-v2s5x29561_ses-1/label/rh.nofix.cortex.label
Changing input type 0 to MRI_INT
Converting defects to volume: offset=2000, merge=0
Writing to /out/sourcedata/freesurfer/sub-v2s5x29561_ses-1/mri/rh.surface.defects.mgz
mris_defects_pointset -s /out/sourcedata/freesurfer/sub-v2s5x29561_ses-1/surf/rh.orig.nofix -d /out/sourcedata/freesurfer/sub-v2s5x29561_ses-1/surf/rh.defect_labels -o /out/sourcedata/freesurfer/sub-v2s5x29561_ses-1/surf/rh.defects.pointset --label /out/sourcedata/freesurfer/sub-v2s5x29561_ses-1/label/rh.nofix.cortex.label
Reading in surface /out/sourcedata/freesurfer/sub-v2s5x29561_ses-1/surf/rh.orig.nofix
Reading in defect segmentation /out/sourcedata/freesurfer/sub-v2s5x29561_ses-1/surf/rh.defect_labels
Reading in label /out/sourcedata/freesurfer/sub-v2s5x29561_ses-1/label/rh.nofix.cortex.label
#VMPC# mris_defects_pointset 1532976
mris_defects_pointset done
 
Started at Sun Mar 15 01:32:23 CET 2026 
Ended   at Sun Mar 15 01:32:59 CET 2026
Defect2seg-Run-Time-Sec 36
Defect2seg-Run-Time-Min 0.72
Defect2seg-Run-Time-Hours 0.01
 
defect2seg Done
