status file for recon-all
Sat Mar 14 13:00:41 CET 2026
#@# Tessellate lh Sat Mar 14 13:00:41 CET 2026
#@# Smooth1 lh Sat Mar 14 13:00:47 CET 2026
#@# Inflation1 lh Sat Mar 14 13:00:53 CET 2026
#@# QSphere lh Sat Mar 14 13:05:10 CET 2026
#@# Fix Topology lh Sat Mar 14 13:08:00 CET 2026
#@# Smooth2 lh Sat Mar 14 14:12:22 CET 2026
#@# Inflation2 lh Sat Mar 14 14:12:27 CET 2026
#@# Curv .H and .K lh Sat Mar 14 14:15:47 CET 2026
#@# Sphere lh Sat Mar 14 14:17:11 CET 2026
#@# Surf Reg lh Sat Mar 14 14:26:12 CET 2026
#@# Jacobian white lh Sat Mar 14 14:41:12 CET 2026
#@# AvgCurv lh Sat Mar 14 14:41:13 CET 2026
#@# Cortical Parc lh Sat Mar 14 14:41:14 CET 2026
#@# white curv lh Sat Mar 14 15:03:59 CET 2026
#@# white area lh Sat Mar 14 15:04:02 CET 2026
#@# pial curv lh Sat Mar 14 15:04:04 CET 2026
#@# pial area lh Sat Mar 14 15:04:07 CET 2026
#@# thickness lh Sat Mar 14 15:04:08 CET 2026
#@# area and vertex vol lh Sat Mar 14 15:04:59 CET 2026
#@# Curvature Stats lh Sat Mar 14 15:05:02 CET 2026
#@# Cortical Parc 2 lh Sat Mar 14 15:05:07 CET 2026
#@# Cortical Parc 3 lh Sat Mar 14 15:05:28 CET 2026
#@# WM/GM Contrast lh Sat Mar 14 15:05:44 CET 2026
recon-all -s sub-v2s5x29561_ses-1 finished without error at Sat Mar 14 15:05:50 CET 2026



#New# invocation of recon-all 



status file for recon-all
Sun Mar 15 03:20:37 CET 2026
#@# white curv lh Sun Mar 15 03:20:37 CET 2026
#@# white area lh Sun Mar 15 03:20:37 CET 2026
#@# pial curv lh Sun Mar 15 03:20:37 CET 2026
#@# pial area lh Sun Mar 15 03:20:37 CET 2026
#@# thickness lh Sun Mar 15 03:20:37 CET 2026
#@# area and vertex vol lh Sun Mar 15 03:20:37 CET 2026
#@# Parcellation Stats lh Sun Mar 15 03:20:37 CET 2026
#@# Parcellation Stats 2 lh Sun Mar 15 03:21:34 CET 2026
#@# Parcellation Stats 3 lh Sun Mar 15 03:22:04 CET 2026
#@# BA_exvivo Labels lh Sun Mar 15 03:22:35 CET 2026
recon-all -s sub-v2s5x29561_ses-1 finished without error at Sun Mar 15 03:26:38 CET 2026
