status file for recon-all
Sat Mar 14 15:05:53 CET 2026
#@# Tessellate rh Sat Mar 14 15:05:53 CET 2026
#@# Smooth1 rh Sat Mar 14 15:05:59 CET 2026
#@# Inflation1 rh Sat Mar 14 15:06:05 CET 2026
#@# QSphere rh Sat Mar 14 15:10:07 CET 2026
#@# Fix Topology rh Sat Mar 14 15:12:39 CET 2026
#@# Smooth2 rh Sun Mar 15 01:45:20 CET 2026
#@# Inflation2 rh Sun Mar 15 01:45:25 CET 2026
#@# Curv .H and .K rh Sun Mar 15 01:48:36 CET 2026
#@# Sphere rh Sun Mar 15 01:50:02 CET 2026
#@# Surf Reg rh Sun Mar 15 02:05:08 CET 2026
#@# Jacobian white rh Sun Mar 15 02:40:34 CET 2026
#@# AvgCurv rh Sun Mar 15 02:40:36 CET 2026
#@# Cortical Parc rh Sun Mar 15 02:40:37 CET 2026
#@# white curv rh Sun Mar 15 02:54:47 CET 2026
#@# white area rh Sun Mar 15 02:54:49 CET 2026
#@# pial curv rh Sun Mar 15 02:54:51 CET 2026
#@# pial area rh Sun Mar 15 02:54:54 CET 2026
#@# thickness rh Sun Mar 15 02:54:55 CET 2026
#@# area and vertex vol rh Sun Mar 15 02:55:46 CET 2026
#@# Curvature Stats rh Sun Mar 15 02:55:48 CET 2026
#@# Cortical Parc 2 rh Sun Mar 15 02:55:52 CET 2026
#@# Cortical Parc 3 rh Sun Mar 15 02:56:14 CET 2026
#@# WM/GM Contrast rh Sun Mar 15 02:56:30 CET 2026
recon-all -s sub-v2s5x29561_ses-1 finished without error at Sun Mar 15 02:56:36 CET 2026



#New# invocation of recon-all 



status file for recon-all
Sun Mar 15 03:26:39 CET 2026
#@# white curv rh Sun Mar 15 03:26:39 CET 2026
#@# white area rh Sun Mar 15 03:26:39 CET 2026
#@# pial curv rh Sun Mar 15 03:26:39 CET 2026
#@# pial area rh Sun Mar 15 03:26:39 CET 2026
#@# thickness rh Sun Mar 15 03:26:39 CET 2026
#@# area and vertex vol rh Sun Mar 15 03:26:39 CET 2026
#@# Parcellation Stats rh Sun Mar 15 03:26:39 CET 2026
#@# Parcellation Stats 2 rh Sun Mar 15 03:27:39 CET 2026
#@# Parcellation Stats 3 rh Sun Mar 15 03:28:09 CET 2026
#@# BA_exvivo Labels rh Sun Mar 15 03:28:38 CET 2026
recon-all -s sub-v2s5x29561_ses-1 finished without error at Sun Mar 15 03:32:46 CET 2026
