/out/sourcedata/freesurfer/sub-v2s5x29542_ses-1/mri
/opt/freesurfer/bin/talairach_avi
--i orig_nu.mgz --xfm transforms/talairach.auto.xfm
talairach_avi 7.3.2
Linux dna034 5.14.0-427.37.1.el9_4.x86_64 #1 SMP PREEMPT_DYNAMIC Fri Sep 13 12:41:50 EDT 2024 x86_64 x86_64 x86_64 GNU/Linux
Fri Mar 13 06:48:37 CET 2026
mri_convert orig_nu.mgz talsrcimg.img 
reading from orig_nu.mgz...
TR=0.00, TE=0.00, TI=0.00, flip angle=0.00
i_ras = (-1, 0, 0)
j_ras = (0, 0, -1)
k_ras = (0, 1, 0)
writing to talsrcimg.img...
Analyze Output Matrix
-0.70000   0.00000   0.00000   117.16810;
 0.00000   0.00000   0.70000  -92.05200;
 0.00000  -0.70000   0.00000   101.72600;
 0.00000   0.00000   0.00000   1.00000;
--------------------
INFO: set hdr.hist.orient to -1
mpr2mni305 talsrcimg
Fri Mar 13 06:48:37 CET 2026
/opt/freesurfer/bin/mpr2mni305 talsrcimg
mpr2mni305 7.3.2
target=711-2C_as_mni_average_305

---------------------------------------------------------------------
analyzeto4dfp talsrcimg -O0 -y
---------------------------------------------------------------------

freesurfer ifh2hdr.c
Fri Mar 13 06:48:37 2026
Writing: talsrcimg.4dfp.hdr
freesurfer analyzeto4dfp.c
Reading: talsrcimg.hdr
header size 348 bytes
hdr.dime.datatype	offset=70	value=2
hdr.dime.bitpix		offset=72	value=8
hdr.hist.orient		offset=252	value=-1
dimensionality     4
dimensions       320       320       320         1
Reading: talsrcimg.img
Writing: talsrcimg.4dfp.img
Writing: talsrcimg.4dfp.ifh
ifh2hdr talsrcimg -r0to218
ori=2

---------------------------------------------------------------------
gauss_4dfp talsrcimg 1.1
---------------------------------------------------------------------

freesurfer gauss_4dfp.c
Reading: talsrcimg.4dfp.img
Writing: talsrcimg_g11.4dfp.img
image dimensions 320 320 320 padded to 384 384 384
processing volume 1freesurfer ifh2hdr.c
Fri Mar 13 06:48:54 2026
Writing: talsrcimg_g11.4dfp.hdr

Writing: talsrcimg_g11.4dfp.ifh
including: talsrcimg.4dfp.img.rec in talsrcimg_g11.4dfp.img.rec

---------------------------------------------------------------------
imgreg_4dfp /opt/freesurfer/average/711-2C_as_mni_average_305 none talsrcimg_g11 none talsrcimg_to_711-2C_as_mni_average_305_t4 4355
---------------------------------------------------------------------

freesurfer imgreg_4dfp.c
/opt/freesurfer/average/711-2C_as_mni_average_305.4dfp.img
       256       256       256         1
  1.000000  1.000000  1.000000
orientation T byte_order littleendian
Reading image: /opt/freesurfer/average/711-2C_as_mni_average_305.4dfp.img
dimensions:      256       256       256
mmppix:       1.0000   -1.0000   -1.0000
center:     128.0000 -129.0000 -129.0000
talsrcimg_g11.4dfp.img
       320       320       320         1
  0.700000  0.700000  0.700000
orientation T byte_order littleendian
Reading image: talsrcimg_g11.4dfp.img
dimensions:      320       320       320
mmppix:       0.7000   -0.7000   -0.7000
center:     112.0000 -112.7000 -112.7000
t4_read: open error in t4_sub.f l:  41 t4_file(1:l)talsrcimg_to_711-2C_as_mni_average_305_t4 
t4_read: transform initialized to I4
rotation matrix determinant  1.000000
image alignment mode   4355 decimal     1103 hex
   -7.5000  -45.0000  -45.0000 4268.6528   23.3257
    0.0000  -45.0000  -45.0000 4465.1479   23.3090
    7.5000  -45.0000  -45.0000 4253.8848   23.3264
   -7.5000  -37.5000  -45.0000 4603.9189   23.5009
    0.0000  -37.5000  -45.0000 4831.0713   23.4935
    7.5000  -37.5000  -45.0000 4598.2524   23.5226
   -7.5000  -30.0000  -45.0000 5006.2393   23.2221
    0.0000  -30.0000  -45.0000 5248.7295   23.2146
    7.5000  -30.0000  -45.0000 4979.2202   23.2261
   -7.5000  -22.5000  -45.0000 5292.7993   22.4590
    0.0000  -22.5000  -45.0000 5558.0571   22.4431
    7.5000  -22.5000  -45.0000 5259.3145   22.4328
   -7.5000  -15.0000  -45.0000 5803.7178   21.8166
    0.0000  -15.0000  -45.0000 6104.7612   21.7909
    7.5000  -15.0000  -45.0000 5771.2617   21.7734
   -7.5000   -7.5000  -45.0000 6310.0742   21.3654
    0.0000   -7.5000  -45.0000 6639.1616   21.3406
    7.5000   -7.5000  -45.0000 6268.5337   21.3385
   -7.5000    0.0000  -45.0000 6843.4204   21.2928
    0.0000    0.0000  -45.0000 7215.8589   21.2808
    7.5000    0.0000  -45.0000 6808.2046   21.3015
   -7.5000    7.5000  -45.0000 6780.7324   21.3106
    0.0000    7.5000  -45.0000 7145.6968   21.3114
    7.5000    7.5000  -45.0000 6728.1387   21.3390
   -7.5000   15.0000  -45.0000 6707.9697   21.0642
    0.0000   15.0000  -45.0000 7065.6538   21.0638
    7.5000   15.0000  -45.0000 6609.7178   21.0765
   -7.5000   22.5000  -45.0000 6645.4185   20.5296
    0.0000   22.5000  -45.0000 6992.7910   20.5169
    7.5000   22.5000  -45.0000 6524.6777   20.5084
   -7.5000   30.0000  -45.0000 6621.9897   20.5058
    0.0000   30.0000  -45.0000 6961.0732   20.4823
    7.5000   30.0000  -45.0000 6481.5874   20.4662
   -7.5000   37.5000  -45.0000 6288.2261   19.8082
    0.0000   37.5000  -45.0000 6603.5298   19.7856
    7.5000   37.5000  -45.0000 6138.7798   19.7838
   -7.5000   45.0000  -45.0000 5919.8789   19.0599
    0.0000   45.0000  -45.0000 6241.2524   19.0491
    7.5000   45.0000  -45.0000 5790.6914   19.0677
   -7.5000  -45.0000  -37.5000 4482.2515   24.2759
    0.0000  -45.0000  -37.5000 4699.4497   24.2569
    7.5000  -45.0000  -37.5000 4458.2017   24.2802
   -7.5000  -37.5000  -37.5000 4850.9536   24.4893
    0.0000  -37.5000  -37.5000 5090.4688   24.4817
    7.5000  -37.5000  -37.5000 4824.6201   24.5201
   -7.5000  -30.0000  -37.5000 5308.3555   24.1745
    0.0000  -30.0000  -37.5000 5564.5581   24.1614
    7.5000  -30.0000  -37.5000 5258.3232   24.1795
   -7.5000  -22.5000  -37.5000 5635.6367   23.3814
    0.0000  -22.5000  -37.5000 5901.0703   23.3555
    7.5000  -22.5000  -37.5000 5572.6777   23.3478
   -7.5000  -15.0000  -37.5000 6188.3154   22.7111
    0.0000  -15.0000  -37.5000 6497.1372   22.6759
    7.5000  -15.0000  -37.5000 6133.6382   22.6603
   -7.5000   -7.5000  -37.5000 6743.7070   22.2438
    0.0000   -7.5000  -37.5000 7094.7563   22.2142
    7.5000   -7.5000  -37.5000 6693.6240   22.2160
   -7.5000    0.0000  -37.5000 7339.7183   22.1769
    0.0000    0.0000  -37.5000 7726.0811   22.1644
    7.5000    0.0000  -37.5000 7279.4102   22.1912
   -7.5000    7.5000  -37.5000 7262.7876   22.2034
    0.0000    7.5000  -37.5000 7633.1245   22.2036
    7.5000    7.5000  -37.5000 7173.3945   22.2381
   -7.5000   15.0000  -37.5000 7187.1299   21.9510
    0.0000   15.0000  -37.5000 7539.5703   21.9460
    7.5000   15.0000  -37.5000 7052.1890   21.9641
   -7.5000   22.5000  -37.5000 7104.6411   21.4012
    0.0000   22.5000  -37.5000 7450.1182   21.3802
    7.5000   22.5000  -37.5000 6942.7104   21.3740
   -7.5000   30.0000  -37.5000 7074.4077   21.3674
    0.0000   30.0000  -37.5000 7423.5273   21.3353
    7.5000   30.0000  -37.5000 6913.2944   21.3208
   -7.5000   37.5000  -37.5000 6703.1841   20.6399
    0.0000   37.5000  -37.5000 7039.5767   20.6128
    7.5000   37.5000  -37.5000 6547.6201   20.6147
   -7.5000   45.0000  -37.5000 6317.7046   19.8513
    0.0000   45.0000  -37.5000 6664.3701   19.8402
    7.5000   45.0000  -37.5000 6178.7363   19.8642
   -7.5000  -45.0000  -30.0000 4714.0859   25.2911
    0.0000  -45.0000  -30.0000 4939.0864   25.2630
    7.5000  -45.0000  -30.0000 4682.1050   25.2836
   -7.5000  -37.5000  -30.0000 5130.2715   25.5275
    0.0000  -37.5000  -30.0000 5371.9302   25.5044
    7.5000  -37.5000  -30.0000 5089.9668   25.5363
   -7.5000  -30.0000  -30.0000 5633.6299   25.1740
    0.0000  -30.0000  -30.0000 5896.3315   25.1469
    7.5000  -30.0000  -30.0000 5571.3789   25.1587
   -7.5000  -22.5000  -30.0000 5986.4585   24.3472
    0.0000  -22.5000  -30.0000 6265.3135   24.3148
    7.5000  -22.5000  -30.0000 5907.3853   24.3059
   -7.5000  -15.0000  -30.0000 6598.9600   23.6493
    0.0000  -15.0000  -30.0000 6928.3687   23.6141
    7.5000  -15.0000  -30.0000 6520.2183   23.6021
   -7.5000   -7.5000  -30.0000 7211.0337   23.1662
    0.0000   -7.5000  -30.0000 7577.7056   23.1363
    7.5000   -7.5000  -30.0000 7135.4419   23.1425
   -7.5000    0.0000  -30.0000 7872.6519   23.1015
    0.0000    0.0000  -30.0000 8272.6904   23.0831
    7.5000    0.0000  -30.0000 7780.4058   23.1103
   -7.5000    7.5000  -30.0000 7786.2427   23.1329
    0.0000    7.5000  -30.0000 8170.9854   23.1214
    7.5000    7.5000  -30.0000 7665.9619   23.1517
   -7.5000   15.0000  -30.0000 7680.7056   22.8733
    0.0000   15.0000  -30.0000 8056.5522   22.8571
    7.5000   15.0000  -30.0000 7538.5986   22.8711
   -7.5000   22.5000  -30.0000 7575.1250   22.3096
    0.0000   22.5000  -30.0000 7931.5630   22.2834
    7.5000   22.5000  -30.0000 7405.8838   22.2769
   -7.5000   30.0000  -30.0000 7559.1055   22.2697
    0.0000   30.0000  -30.0000 7915.1538   22.2375
    7.5000   30.0000  -30.0000 7388.5498   22.2264
   -7.5000   37.5000  -30.0000 7164.4482   21.5285
    0.0000   37.5000  -30.0000 7525.2354   21.5011
    7.5000   37.5000  -30.0000 6998.3428   21.5071
   -7.5000   45.0000  -30.0000 6740.4058   20.7119
    0.0000   45.0000  -30.0000 7098.7837   20.6954
    7.5000   45.0000  -30.0000 6602.8271   20.7198
   -7.5000  -45.0000  -22.5000 4804.2764   25.5973
    0.0000  -45.0000  -22.5000 5024.3262   25.5577
    7.5000  -45.0000  -22.5000 4763.9653   25.5703
   -7.5000  -37.5000  -22.5000 5241.8833   25.8139
    0.0000  -37.5000  -22.5000 5485.8594   25.7708
    7.5000  -37.5000  -22.5000 5194.7085   25.7897
   -7.5000  -30.0000  -22.5000 5753.0078   25.4412
    0.0000  -30.0000  -22.5000 6032.2319   25.4026
    7.5000  -30.0000  -22.5000 5696.6782   25.4058
   -7.5000  -22.5000  -22.5000 6119.7563   24.5963
    0.0000  -22.5000  -22.5000 6419.3569   24.5655
    7.5000  -22.5000  -22.5000 6045.6353   24.5561
   -7.5000  -15.0000  -22.5000 6759.6729   23.8913
    0.0000  -15.0000  -22.5000 7104.7969   23.8635
    7.5000  -15.0000  -22.5000 6678.9092   23.8546
   -7.5000   -7.5000  -22.5000 7430.4487   23.4057
    0.0000   -7.5000  -22.5000 7811.5132   23.3778
    7.5000   -7.5000  -22.5000 7338.6665   23.3843
   -7.5000    0.0000  -22.5000 8142.9873   23.3401
    0.0000    0.0000  -22.5000 8557.9932   23.3128
    7.5000    0.0000  -22.5000 8029.4048   23.3348
   -7.5000    7.5000  -22.5000 8071.9751   23.3687
    0.0000    7.5000  -22.5000 8461.5938   23.3422
    7.5000    7.5000  -22.5000 7930.5137   23.3639
   -7.5000   15.0000  -22.5000 7925.3501   23.1013
    0.0000   15.0000  -22.5000 8323.9600   23.0758
    7.5000   15.0000  -22.5000 7803.4253   23.0841
   -7.5000   22.5000  -22.5000 7810.9307   22.5287
    0.0000   22.5000  -22.5000 8173.1899   22.5041
    7.5000   22.5000  -22.5000 7676.9976   22.4978
   -7.5000   30.0000  -22.5000 7815.0938   22.4927
    0.0000   30.0000  -22.5000 8194.5029   22.4673
    7.5000   30.0000  -22.5000 7668.4648   22.4592
   -7.5000   37.5000  -22.5000 7412.9961   21.7505
    0.0000   37.5000  -22.5000 7781.2720   21.7249
    7.5000   37.5000  -22.5000 7262.1191   21.7312
   -7.5000   45.0000  -22.5000 6978.1250   20.9258
    0.0000   45.0000  -22.5000 7350.3760   20.9013
    7.5000   45.0000  -22.5000 6852.9131   20.9211
   -7.5000  -45.0000  -15.0000 5017.5635   26.5265
    0.0000  -45.0000  -15.0000 5249.2397   26.4872
    7.5000  -45.0000  -15.0000 4973.4380   26.4971
   -7.5000  -37.5000  -15.0000 5453.9204   26.7698
    0.0000  -37.5000  -15.0000 5722.0366   26.7227
    7.5000  -37.5000  -15.0000 5422.1665   26.7363
   -7.5000  -30.0000  -15.0000 5988.6865   26.3514
    0.0000  -30.0000  -15.0000 6285.1416   26.3143
    7.5000  -30.0000  -15.0000 5948.1636   26.3150
   -7.5000  -22.5000  -15.0000 6368.1089   25.4856
    0.0000  -22.5000  -15.0000 6683.1519   25.4627
    7.5000  -22.5000  -15.0000 6320.3164   25.4540
   -7.5000  -15.0000  -15.0000 7064.5605   24.7681
    0.0000  -15.0000  -15.0000 7417.1890   24.7496
    7.5000  -15.0000  -15.0000 6997.3765   24.7413
   -7.5000   -7.5000  -15.0000 7798.0000   24.2744
    0.0000   -7.5000  -15.0000 8184.7422   24.2511
    7.5000   -7.5000  -15.0000 7699.4927   24.2559
   -7.5000    0.0000  -15.0000 8627.0732   24.2016
    0.0000    0.0000  -15.0000 9037.7988   24.1732
    7.5000    0.0000  -15.0000 8500.7441   24.1919
   -7.5000    7.5000  -15.0000 8619.0420   24.2188
    0.0000    7.5000  -15.0000 9033.3574   24.1901
    7.5000    7.5000  -15.0000 8481.9316   24.2082
   -7.5000   15.0000  -15.0000 8403.6982   23.9418
    0.0000   15.0000  -15.0000 8833.0137   23.9179
    7.5000   15.0000  -15.0000 8345.5684   23.9238
   -7.5000   22.5000  -15.0000 8246.3633   23.3662
    0.0000   22.5000  -15.0000 8603.3477   23.3484
    7.5000   22.5000  -15.0000 8172.5801   23.3426
   -7.5000   30.0000  -15.0000 8237.3721   23.3384
    0.0000   30.0000  -15.0000 8627.3799   23.3213
    7.5000   30.0000  -15.0000 8140.1616   23.3138
   -7.5000   37.5000  -15.0000 7837.6367   22.5924
    0.0000   37.5000  -15.0000 8225.3154   22.5711
    7.5000   37.5000  -15.0000 7730.7998   22.5758
   -7.5000   45.0000  -15.0000 7399.2539   21.7507
    0.0000   45.0000  -15.0000 7801.6465   21.7251
    7.5000   45.0000  -15.0000 7290.0322   21.7420
   -7.5000  -45.0000   -7.5000 5145.5562   27.3142
    0.0000  -45.0000   -7.5000 5387.7847   27.2856
    7.5000  -45.0000   -7.5000 5122.8691   27.2986
   -7.5000  -37.5000   -7.5000 5618.2012   27.5735
    0.0000  -37.5000   -7.5000 5894.0054   27.5424
    7.5000  -37.5000   -7.5000 5605.5713   27.5626
   -7.5000  -30.0000   -7.5000 6171.5605   27.1221
    0.0000  -30.0000   -7.5000 6479.2788   27.0985
    7.5000  -30.0000   -7.5000 6144.1714   27.1043
   -7.5000  -22.5000   -7.5000 6568.7773   26.2460
    0.0000  -22.5000   -7.5000 6883.6128   26.2291
    7.5000  -22.5000   -7.5000 6519.3945   26.2201
   -7.5000  -15.0000   -7.5000 7274.6196   25.5174
    0.0000  -15.0000   -7.5000 7621.5093   25.4991
    7.5000  -15.0000   -7.5000 7213.5698   25.4862
   -7.5000   -7.5000   -7.5000 8040.9072   25.0100
    0.0000   -7.5000   -7.5000 8422.1289   24.9879
    7.5000   -7.5000   -7.5000 7969.6074   24.9886
   -7.5000    0.0000   -7.5000 9057.6240   24.9272
    0.0000    0.0000   -7.5000 9485.7363   24.9062
    7.5000    0.0000   -7.5000 8889.4375   24.9254
   -7.5000    7.5000   -7.5000 9288.4004   24.9344
    0.0000    7.5000   -7.5000 9827.7217   24.9186
    7.5000    7.5000   -7.5000 9051.6826   24.9414
   -7.5000   15.0000   -7.5000 9120.6826   24.6557
    0.0000   15.0000   -7.5000 9572.9863   24.6430
    7.5000   15.0000   -7.5000 8949.3057   24.6523
   -7.5000   22.5000   -7.5000 8774.2070   24.0866
    0.0000   22.5000   -7.5000 9138.5430   24.0736
    7.5000   22.5000   -7.5000 8686.2588   24.0668
   -7.5000   30.0000   -7.5000 8747.8594   24.0652
    0.0000   30.0000   -7.5000 9125.6758   24.0483
    7.5000   30.0000   -7.5000 8637.4434   24.0365
   -7.5000   37.5000   -7.5000 8356.8398   23.3130
    0.0000   37.5000   -7.5000 8757.5967   23.2929
    7.5000   37.5000   -7.5000 8177.7422   23.2937
   -7.5000   45.0000   -7.5000 7943.6152   22.4573
    0.0000   45.0000   -7.5000 8360.5166   22.4384
    7.5000   45.0000   -7.5000 7687.6055   22.4557
   -7.5000  -45.0000    0.0000 5193.6201   27.9137
    0.0000  -45.0000    0.0000 5452.8994   27.8924
    7.5000  -45.0000    0.0000 5178.4722   27.9136
   -7.5000  -37.5000    0.0000 5716.6128   28.1826
    0.0000  -37.5000    0.0000 6026.8574   28.1705
    7.5000  -37.5000    0.0000 5702.7778   28.2061
   -7.5000  -30.0000    0.0000 6318.7070   27.7139
    0.0000  -30.0000    0.0000 6646.8340   27.7017
    7.5000  -30.0000    0.0000 6285.1313   27.7178
   -7.5000  -22.5000    0.0000 6750.2051   26.8242
    0.0000  -22.5000    0.0000 7095.3135   26.8040
    7.5000  -22.5000    0.0000 6712.2178   26.7951
   -7.5000  -15.0000    0.0000 7485.4756   26.0757
    0.0000  -15.0000    0.0000 7862.8789   26.0460
    7.5000  -15.0000    0.0000 7453.2866   26.0282
   -7.5000   -7.5000    0.0000 8328.9160   25.5502
    0.0000   -7.5000    0.0000 8742.3389   25.5217
    7.5000   -7.5000    0.0000 8277.6484   25.5206
   -7.5000    0.0000    0.0000 9526.6221   25.4648
    0.0000    0.0000    0.000010110.3926   25.4497
    7.5000    0.0000    0.0000 9252.1406   25.4746
   -7.5000    7.5000    0.000010040.1123   25.4746
    0.0000    7.5000    0.000010717.1592   25.4729
    7.5000    7.5000    0.0000 9472.9961   25.5065
   -7.5000   15.0000    0.0000 9948.2393   25.2001
    0.0000   15.0000    0.000010421.5947   25.1968
    7.5000   15.0000    0.0000 9394.2812   25.2138
   -7.5000   22.5000    0.0000 9524.3154   24.6343
    0.0000   22.5000    0.0000 9861.7910   24.6181
    7.5000   22.5000    0.0000 9088.7188   24.6108
   -7.5000   30.0000    0.0000 9439.7031   24.6077
    0.0000   30.0000    0.0000 9769.4131   24.5806
    7.5000   30.0000    0.0000 8977.4385   24.5640
   -7.5000   37.5000    0.0000 8971.1104   23.8453
    0.0000   37.5000    0.0000 9328.1758   23.8191
    7.5000   37.5000    0.0000 8477.2676   23.8183
   -7.5000   45.0000    0.0000 8468.2334   22.9858
    0.0000   45.0000    0.0000 8831.9883   22.9722
    7.5000   45.0000    0.0000 7977.9424   22.9947
   -7.5000  -45.0000    7.5000 4985.6304   28.6715
    0.0000  -45.0000    7.5000 5215.9604   28.6458
    7.5000  -45.0000    7.5000 4949.1045   28.6732
   -7.5000  -37.5000    7.5000 5498.4648   28.9170
    0.0000  -37.5000    7.5000 5768.2065   28.9046
    7.5000  -37.5000    7.5000 5464.5332   28.9501
   -7.5000  -30.0000    7.5000 6083.7334   28.4155
    0.0000  -30.0000    7.5000 6386.7773   28.3961
    7.5000  -30.0000    7.5000 6035.8921   28.4168
   -7.5000  -22.5000    7.5000 6521.7217   27.4758
    0.0000  -22.5000    7.5000 6857.0830   27.4412
    7.5000  -22.5000    7.5000 6445.2324   27.4309
   -7.5000  -15.0000    7.5000 7288.9580   26.6824
    0.0000  -15.0000    7.5000 7673.0781   26.6375
    7.5000  -15.0000    7.5000 7150.1914   26.6178
   -7.5000   -7.5000    7.5000 8128.1880   26.1269
    0.0000   -7.5000    7.5000 8599.4883   26.0893
    7.5000   -7.5000    7.5000 7907.9619   26.0909
   -7.5000    0.0000    7.5000 9180.9854   26.0464
    0.0000    0.0000    7.5000 9805.8691   26.0295
    7.5000    0.0000    7.5000 8804.2383   26.0611
   -7.5000    7.5000    7.5000 9440.1455   26.0686
    0.0000    7.5000    7.5000 9989.3848   26.0663
    7.5000    7.5000    7.5000 8913.9893   26.1068
   -7.5000   15.0000    7.5000 9346.8672   25.7915
    0.0000   15.0000    7.5000 9705.8271   25.7824
    7.5000   15.0000    7.5000 8767.6709   25.8034
   -7.5000   22.5000    7.5000 9135.3779   25.2068
    0.0000   22.5000    7.5000 9406.2188   25.1785
    7.5000   22.5000    7.5000 8546.4795   25.1701
   -7.5000   30.0000    7.5000 9113.3682   25.1677
    0.0000   30.0000    7.5000 9402.2520   25.1267
    7.5000   30.0000    7.5000 8488.8682   25.1083
   -7.5000   37.5000    7.5000 8596.7559   24.3821
    0.0000   37.5000    7.5000 8916.2197   24.3475
    7.5000   37.5000    7.5000 8030.9731   24.3493
   -7.5000   45.0000    7.5000 8050.0474   23.5108
    0.0000   45.0000    7.5000 8403.5908   23.4955
    7.5000   45.0000    7.5000 7556.1128   23.5240
   -7.5000  -45.0000   15.0000 4756.6875   30.0396
    0.0000  -45.0000   15.0000 4966.8384   30.0035
    7.5000  -45.0000   15.0000 4665.2021   30.0289
   -7.5000  -37.5000   15.0000 5234.2598   30.2303
    0.0000  -37.5000   15.0000 5500.9937   30.2011
    7.5000  -37.5000   15.0000 5162.1064   30.2430
   -7.5000  -30.0000   15.0000 5807.3779   29.6615
    0.0000  -30.0000   15.0000 6134.5137   29.6267
    7.5000  -30.0000   15.0000 5714.2202   29.6438
   -7.5000  -22.5000   15.0000 6245.0083   28.6284
    0.0000  -22.5000   15.0000 6603.7207   28.5862
    7.5000  -22.5000   15.0000 6091.5156   28.5761
   -7.5000  -15.0000   15.0000 6950.5825   27.7569
    0.0000  -15.0000   15.0000 7358.2734   27.7112
    7.5000  -15.0000   15.0000 6752.7686   27.6953
   -7.5000   -7.5000   15.0000 7710.3340   27.1520
    0.0000   -7.5000   15.0000 8176.8921   27.1139
    7.5000   -7.5000   15.0000 7484.4521   27.1202
   -7.5000    0.0000   15.0000 8590.1455   27.0743
    0.0000    0.0000   15.0000 9128.0977   27.0513
    7.5000    0.0000   15.0000 8326.0928   27.0848
   -7.5000    7.5000   15.0000 8664.0225   27.1151
    0.0000    7.5000   15.0000 9052.9697   27.1009
    7.5000    7.5000   15.0000 8366.4717   27.1399
   -7.5000   15.0000   15.0000 8521.2959   26.8339
    0.0000   15.0000   15.0000 8776.1055   26.8132
    7.5000   15.0000   15.0000 8184.0269   26.8327
   -7.5000   22.5000   15.0000 8372.9668   26.2147
    0.0000   22.5000   15.0000 8616.6250   26.1806
    7.5000   22.5000   15.0000 8016.6987   26.1733
   -7.5000   30.0000   15.0000 8429.1924   26.1587
    0.0000   30.0000   15.0000 8716.3467   26.1170
    7.5000   30.0000   15.0000 8049.7607   26.1023
   -7.5000   37.5000   15.0000 8040.3672   25.3363
    0.0000   37.5000   15.0000 8346.0430   25.3011
    7.5000   37.5000   15.0000 7663.9961   25.3073
   -7.5000   45.0000   15.0000 7592.8789   24.4386
    0.0000   45.0000   15.0000 7915.7808   24.4179
    7.5000   45.0000   15.0000 7226.5327   24.4481
   -7.5000  -45.0000   22.5000 4438.5601   31.6386
    0.0000  -45.0000   22.5000 4631.4434   31.5889
    7.5000  -45.0000   22.5000 4340.5952   31.6036
   -7.5000  -37.5000   22.5000 4900.7573   31.7965
    0.0000  -37.5000   22.5000 5161.4727   31.7426
    7.5000  -37.5000   22.5000 4820.3862   31.7677
   -7.5000  -30.0000   22.5000 5471.6851   31.1226
    0.0000  -30.0000   22.5000 5770.2012   31.0742
    7.5000  -30.0000   22.5000 5350.3848   31.0787
   -7.5000  -22.5000   22.5000 5860.7095   29.9767
    0.0000  -22.5000   22.5000 6174.8540   29.9381
    7.5000  -22.5000   22.5000 5725.2676   29.9251
   -7.5000  -15.0000   22.5000 6476.3589   29.0295
    0.0000  -15.0000   22.5000 6840.7334   28.9949
    7.5000  -15.0000   22.5000 6354.3604   28.9814
   -7.5000   -7.5000   22.5000 7125.8730   28.3806
    0.0000   -7.5000   22.5000 7550.8628   28.3463
    7.5000   -7.5000   22.5000 7021.4966   28.3526
   -7.5000    0.0000   22.5000 7881.0742   28.2990
    0.0000    0.0000   22.5000 8326.6914   28.2661
    7.5000    0.0000   22.5000 7795.8267   28.2937
   -7.5000    7.5000   22.5000 7892.1870   28.3365
    0.0000    7.5000   22.5000 8198.7266   28.3054
    7.5000    7.5000   22.5000 7757.5024   28.3337
   -7.5000   15.0000   22.5000 7774.8613   28.0306
    0.0000   15.0000   22.5000 8043.2544   28.0002
    7.5000   15.0000   22.5000 7603.1514   28.0111
   -7.5000   22.5000   22.5000 7660.8491   27.3926
    0.0000   22.5000   22.5000 7938.4932   27.3623
    7.5000   22.5000   22.5000 7485.5122   27.3535
   -7.5000   30.0000   22.5000 7744.1519   27.3399
    0.0000   30.0000   22.5000 8014.7998   27.3083
    7.5000   30.0000   22.5000 7542.0483   27.2960
   -7.5000   37.5000   22.5000 7448.3867   26.5041
    0.0000   37.5000   22.5000 7718.1968   26.4724
    7.5000   37.5000   22.5000 7225.6943   26.4787
   -7.5000   45.0000   22.5000 7090.3789   25.5791
    0.0000   45.0000   22.5000 7381.4697   25.5494
    7.5000   45.0000   22.5000 6846.3564   25.5743
   -7.5000  -45.0000   30.0000 4283.3721   33.6390
    0.0000  -45.0000   30.0000 4477.1724   33.5968
    7.5000  -45.0000   30.0000 4196.9673   33.6107
   -7.5000  -37.5000   30.0000 4765.9307   33.7764
    0.0000  -37.5000   30.0000 5006.8276   33.7232
    7.5000  -37.5000   30.0000 4688.9146   33.7429
   -7.5000  -30.0000   30.0000 5320.2422   33.0426
    0.0000  -30.0000   30.0000 5606.7876   33.0017
    7.5000  -30.0000   30.0000 5230.0913   33.0034
   -7.5000  -22.5000   30.0000 5664.6919   31.8059
    0.0000  -22.5000   30.0000 5995.3359   31.7835
    7.5000  -22.5000   30.0000 5593.6704   31.7739
   -7.5000  -15.0000   30.0000 6232.4404   30.7840
    0.0000  -15.0000   30.0000 6597.5522   30.7672
    7.5000  -15.0000   30.0000 6202.2412   30.7583
   -7.5000   -7.5000   30.0000 6847.3730   30.0763
    0.0000   -7.5000   30.0000 7246.6982   30.0538
    7.5000   -7.5000   30.0000 6841.9180   30.0620
   -7.5000    0.0000   30.0000 7543.5752   29.9627
    0.0000    0.0000   30.0000 7938.3481   29.9351
    7.5000    0.0000   30.0000 7557.8911   29.9619
   -7.5000    7.5000   30.0000 7540.9551   29.9682
    0.0000    7.5000   30.0000 7852.6245   29.9406
    7.5000    7.5000   30.0000 7494.8320   29.9662
   -7.5000   15.0000   30.0000 7441.3452   29.6334
    0.0000   15.0000   30.0000 7741.8232   29.6107
    7.5000   15.0000   30.0000 7357.5850   29.6199
   -7.5000   22.5000   30.0000 7342.5962   28.9788
    0.0000   22.5000   30.0000 7636.3477   28.9628
    7.5000   22.5000   30.0000 7254.6528   28.9569
   -7.5000   30.0000   30.0000 7441.7812   28.9551
    0.0000   30.0000   30.0000 7721.0933   28.9397
    7.5000   30.0000   30.0000 7331.1772   28.9316
   -7.5000   37.5000   30.0000 7172.3677   28.0834
    0.0000   37.5000   30.0000 7429.2983   28.0629
    7.5000   37.5000   30.0000 7029.7588   28.0709
   -7.5000   45.0000   30.0000 6842.2310   27.0829
    0.0000   45.0000   30.0000 7120.5146   27.0580
    7.5000   45.0000   30.0000 6675.0015   27.0822
   -7.5000  -45.0000   37.5000 3984.7073   35.0132
    0.0000  -45.0000   37.5000 4171.7559   34.9829
    7.5000  -45.0000   37.5000 3923.1785   35.0276
   -7.5000  -37.5000   37.5000 4434.1152   35.1401
    0.0000  -37.5000   37.5000 4674.4756   35.1118
    7.5000  -37.5000   37.5000 4374.7876   35.1680
   -7.5000  -30.0000   37.5000 4944.9058   34.4076
    0.0000  -30.0000   37.5000 5233.1768   34.3914
    7.5000  -30.0000   37.5000 4892.9668   34.4202
   -7.5000  -22.5000   37.5000 5275.9272   33.1583
    0.0000  -22.5000   37.5000 5574.7710   33.1489
    7.5000  -22.5000   37.5000 5255.6763   33.1511
   -7.5000  -15.0000   37.5000 5801.9766   32.0452
    0.0000  -15.0000   37.5000 6141.5825   32.0281
    7.5000  -15.0000   37.5000 5804.6885   32.0239
   -7.5000   -7.5000   37.5000 6369.9893   31.2572
    0.0000   -7.5000   37.5000 6739.1587   31.2324
    7.5000   -7.5000   37.5000 6391.8716   31.2506
   -7.5000    0.0000   37.5000 6978.3862   31.1139
    0.0000    0.0000   37.5000 7359.1040   31.0941
    7.5000    0.0000   37.5000 7020.8203   31.1426
   -7.5000    7.5000   37.5000 6984.9868   31.1089
    0.0000    7.5000   37.5000 7295.6836   31.1017
    7.5000    7.5000   37.5000 6969.3960   31.1556
   -7.5000   15.0000   37.5000 6893.3115   30.7688
    0.0000   15.0000   37.5000 7188.4175   30.7676
    7.5000   15.0000   37.5000 6835.1094   30.7981
   -7.5000   22.5000   37.5000 6786.9814   30.1175
    0.0000   22.5000   37.5000 7067.0659   30.1121
    7.5000   22.5000   37.5000 6720.5693   30.1156
   -7.5000   30.0000   37.5000 6877.4814   30.0994
    0.0000   30.0000   37.5000 7133.5015   30.0840
    7.5000   30.0000   37.5000 6798.6421   30.0801
   -7.5000   37.5000   37.5000 6634.1450   29.1818
    0.0000   37.5000   37.5000 6889.9282   29.1593
    7.5000   37.5000   37.5000 6533.0469   29.1765
   -7.5000   45.0000   37.5000 6331.2378   28.1200
    0.0000   45.0000   37.5000 6612.0972   28.1021
    7.5000   45.0000   37.5000 6214.3096   28.1460
   -7.5000  -45.0000   45.0000 3679.9658   36.3887
    0.0000  -45.0000   45.0000 3868.1262   36.3755
    7.5000  -45.0000   45.0000 3662.4121   36.4330
   -7.5000  -37.5000   45.0000 4106.4590   36.5083
    0.0000  -37.5000   45.0000 4333.6553   36.5153
    7.5000  -37.5000   45.0000 4096.1392   36.6038
   -7.5000  -30.0000   45.0000 4589.6226   35.7308
    0.0000  -30.0000   45.0000 4852.7642   35.7359
    7.5000  -30.0000   45.0000 4592.2397   35.7872
   -7.5000  -22.5000   45.0000 4911.0537   34.4991
    0.0000  -22.5000   45.0000 5185.3672   34.4863
    7.5000  -22.5000   45.0000 4907.4072   34.4898
   -7.5000  -15.0000   45.0000 5410.5181   33.3229
    0.0000  -15.0000   45.0000 5733.6548   33.2903
    7.5000  -15.0000   45.0000 5420.9819   33.2757
   -7.5000   -7.5000   45.0000 5921.8745   32.4378
    0.0000   -7.5000   45.0000 6281.3389   32.4061
    7.5000   -7.5000   45.0000 5955.2783   32.4195
   -7.5000    0.0000   45.0000 6470.2026   32.2717
    0.0000    0.0000   45.0000 6853.5996   32.2643
    7.5000    0.0000   45.0000 6531.8491   32.3233
   -7.5000    7.5000   45.0000 6458.9619   32.2723
    0.0000    7.5000   45.0000 6806.5625   32.2908
    7.5000    7.5000   45.0000 6493.5132   32.3669
   -7.5000   15.0000   45.0000 6354.7388   31.9345
    0.0000   15.0000   45.0000 6674.4932   31.9509
    7.5000   15.0000   45.0000 6343.9424   31.9987
   -7.5000   22.5000   45.0000 6241.8647   31.2738
    0.0000   22.5000   45.0000 6542.3271   31.2657
    7.5000   22.5000   45.0000 6215.3154   31.2692
   -7.5000   30.0000   45.0000 6312.1455   31.2471
    0.0000   30.0000   45.0000 6586.2310   31.2179
    7.5000   30.0000   45.0000 6269.9517   31.2042
   -7.5000   37.5000   45.0000 6089.8662   30.2704
    0.0000   37.5000   45.0000 6368.5537   30.2416
    7.5000   37.5000   45.0000 6037.3267   30.2544
   -7.5000   45.0000   45.0000 5837.2148   29.1480
    0.0000   45.0000   45.0000 6127.7021   29.1414
    7.5000   45.0000   45.0000 5775.4404   29.1947

---------------------------------------------------------------------
imgreg_4dfp /opt/freesurfer/average/711-2C_as_mni_average_305 /opt/freesurfer/average/711-2B_as_mni_average_305_mask talsrcimg_g11 none talsrcimg_to_711-2C_as_mni_average_305_t4 4355
---------------------------------------------------------------------

freesurfer imgreg_4dfp.c
/opt/freesurfer/average/711-2C_as_mni_average_305.4dfp.img
       256       256       256         1
  1.000000  1.000000  1.000000
orientation T byte_order littleendian
Reading image: /opt/freesurfer/average/711-2C_as_mni_average_305.4dfp.img
dimensions:      256       256       256
mmppix:       1.0000   -1.0000   -1.0000
center:     128.0000 -129.0000 -129.0000
/opt/freesurfer/average/711-2B_as_mni_average_305_mask.4dfp.img
       256       256       256         1
  1.000000  1.000000  1.000000
orientation T byte_order littleendian
Reading mask: /opt/freesurfer/average/711-2B_as_mni_average_305_mask.4dfp.img (2306576 pixels)
talsrcimg_g11.4dfp.img
       320       320       320         1
  0.700000  0.700000  0.700000
orientation T byte_order littleendian
Reading image: talsrcimg_g11.4dfp.img
dimensions:      320       320       320
mmppix:       0.7000   -0.7000   -0.7000
center:     112.0000 -112.7000 -112.7000
rotation matrix determinant  1.000000
image alignment mode   4355 decimal     1103 hex
   -7.5000  -37.5000  -45.0000 1745.9768   29.8836
    0.0000  -37.5000  -45.0000 1747.7705   29.7510
    7.5000  -37.5000  -45.0000 1739.7170   29.8137
   -7.5000  -30.0000  -45.0000 1850.1285   26.9126
    0.0000  -30.0000  -45.0000 1852.6357   26.8203
    7.5000  -30.0000  -45.0000 1842.1782   26.8259
   -7.5000  -22.5000  -45.0000 1948.8521   24.5258
    0.0000  -22.5000  -45.0000 1953.1119   24.4622
    7.5000  -22.5000  -45.0000 1937.8373   24.4295
   -7.5000  -15.0000  -45.0000 2031.5078   22.5006
    0.0000  -15.0000  -45.0000 2037.1095   22.4828
    7.5000  -15.0000  -45.0000 2023.4539   22.4756
   -7.5000   -7.5000  -45.0000 2092.0618   20.9791
    0.0000   -7.5000  -45.0000 2099.9487   20.9536
    7.5000   -7.5000  -45.0000 2084.3459   20.9847
   -7.5000    0.0000  -45.0000 2133.9192   19.9564
    0.0000    0.0000  -45.0000 2139.0493   19.9589
    7.5000    0.0000  -45.0000 2118.8535   20.0435
   -7.5000    7.5000  -45.0000 2154.3674   19.3819
    0.0000    7.5000  -45.0000 2155.8950   19.3898
    7.5000    7.5000  -45.0000 2137.7249   19.4760
   -7.5000   15.0000  -45.0000 2164.5383   19.1664
    0.0000   15.0000  -45.0000 2169.5435   19.1591
    7.5000   15.0000  -45.0000 2142.2437   19.2805
   -7.5000   22.5000  -45.0000 2167.8933   19.4018
    0.0000   22.5000  -45.0000 2175.0220   19.3714
    7.5000   22.5000  -45.0000 2144.9626   19.4611
   -7.5000   30.0000  -45.0000 2151.9636   19.8617
    0.0000   30.0000  -45.0000 2159.9690   19.8253
    7.5000   30.0000  -45.0000 2132.0085   19.8996
   -7.5000   37.5000  -45.0000 2104.7041   20.5219
    0.0000   37.5000  -45.0000 2114.2522   20.4577
    7.5000   37.5000  -45.0000 2086.9844   20.5528
   -7.5000   45.0000  -45.0000 2008.0786   21.0622
    0.0000   45.0000  -45.0000 2019.7719   21.0241
    7.5000   45.0000  -45.0000 1991.1000   21.1343
   -7.5000   52.5000  -45.0000 1886.3962   21.6457
    0.0000   52.5000  -45.0000 1893.7271   21.6038
    7.5000   52.5000  -45.0000 1863.6038   21.7541
   -7.5000  -37.5000  -37.5000 1858.4073   30.7665
    0.0000  -37.5000  -37.5000 1861.7710   30.6473
    7.5000  -37.5000  -37.5000 1841.2863   30.7920
   -7.5000  -30.0000  -37.5000 1972.6185   27.6657
    0.0000  -30.0000  -37.5000 1974.4241   27.5050
    7.5000  -30.0000  -37.5000 1952.9066   27.5766
   -7.5000  -22.5000  -37.5000 2082.6501   25.1166
    0.0000  -22.5000  -37.5000 2084.0210   24.9825
    7.5000  -22.5000  -37.5000 2057.6423   25.0057
   -7.5000  -15.0000  -37.5000 2175.9270   23.0250
    0.0000  -15.0000  -37.5000 2180.9565   22.9003
    7.5000  -15.0000  -37.5000 2154.3926   22.9269
   -7.5000   -7.5000  -37.5000 2247.6094   21.3392
    0.0000   -7.5000  -37.5000 2256.2485   21.2184
    7.5000   -7.5000  -37.5000 2228.1765   21.2764
   -7.5000    0.0000  -37.5000 2295.9180   20.1216
    0.0000    0.0000  -37.5000 2302.9314   20.0246
    7.5000    0.0000  -37.5000 2275.5200   20.1290
   -7.5000    7.5000  -37.5000 2315.0017   19.4033
    0.0000    7.5000  -37.5000 2321.1985   19.3981
    7.5000    7.5000  -37.5000 2296.3381   19.5096
   -7.5000   15.0000  -37.5000 2326.6682   19.0926
    0.0000   15.0000  -37.5000 2333.5642   19.1118
    7.5000   15.0000  -37.5000 2304.2649   19.1973
   -7.5000   22.5000  -37.5000 2334.5657   19.3063
    0.0000   22.5000  -37.5000 2337.5369   19.2825
    7.5000   22.5000  -37.5000 2304.8550   19.3701
   -7.5000   30.0000  -37.5000 2316.7234   19.7435
    0.0000   30.0000  -37.5000 2324.8372   19.7152
    7.5000   30.0000  -37.5000 2293.4849   19.8276
   -7.5000   37.5000  -37.5000 2264.8745   20.3454
    0.0000   37.5000  -37.5000 2280.7292   20.2971
    7.5000   37.5000  -37.5000 2247.9966   20.4192
   -7.5000   45.0000  -37.5000 2170.0085   20.8951
    0.0000   45.0000  -37.5000 2184.6206   20.8522
    7.5000   45.0000  -37.5000 2153.5718   21.0202
   -7.5000   52.5000  -37.5000 2041.7664   21.4917
    0.0000   52.5000  -37.5000 2054.8445   21.4901
    7.5000   52.5000  -37.5000 2019.1670   21.6943
   -7.5000  -37.5000  -30.0000 1952.7847   31.6339
    0.0000  -37.5000  -30.0000 1951.0846   31.4420
    7.5000  -37.5000  -30.0000 1933.7878   31.6000
   -7.5000  -30.0000  -30.0000 2075.4268   28.3333
    0.0000  -30.0000  -30.0000 2075.9001   28.1434
    7.5000  -30.0000  -30.0000 2049.5044   28.2363
   -7.5000  -22.5000  -30.0000 2184.7278   25.6185
    0.0000  -22.5000  -30.0000 2189.6931   25.3948
    7.5000  -22.5000  -30.0000 2157.7009   25.4733
   -7.5000  -15.0000  -30.0000 2285.8765   23.3077
    0.0000  -15.0000  -30.0000 2294.4087   23.1252
    7.5000  -15.0000  -30.0000 2260.1978   23.1962
   -7.5000   -7.5000  -30.0000 2362.8657   21.4926
    0.0000   -7.5000  -30.0000 2373.3474   21.3204
    7.5000   -7.5000  -30.0000 2338.3315   21.4728
   -7.5000    0.0000  -30.0000 2420.5408   20.1962
    0.0000    0.0000  -30.0000 2432.3962   20.0266
    7.5000    0.0000  -30.0000 2402.4209   20.1532
   -7.5000    7.5000  -30.0000 2442.7683   19.2593
    0.0000    7.5000  -30.0000 2457.8567   19.1890
    7.5000    7.5000  -30.0000 2429.1355   19.3338
   -7.5000   15.0000  -30.0000 2457.8684   18.7826
    0.0000   15.0000  -30.0000 2469.5474   18.8040
    7.5000   15.0000  -30.0000 2439.4299   18.9373
   -7.5000   22.5000  -30.0000 2467.5647   18.9369
    0.0000   22.5000  -30.0000 2470.1641   18.9445
    7.5000   22.5000  -30.0000 2441.0889   19.1076
   -7.5000   30.0000  -30.0000 2456.2109   19.4200
    0.0000   30.0000  -30.0000 2463.0349   19.3723
    7.5000   30.0000  -30.0000 2434.7341   19.5531
   -7.5000   37.5000  -30.0000 2406.5142   19.9852
    0.0000   37.5000  -30.0000 2419.1948   19.9044
    7.5000   37.5000  -30.0000 2388.7434   20.1243
   -7.5000   45.0000  -30.0000 2308.1428   20.5649
    0.0000   45.0000  -30.0000 2321.6091   20.4914
    7.5000   45.0000  -30.0000 2296.1628   20.7463
   -7.5000   52.5000  -30.0000 2169.0425   21.2026
    0.0000   52.5000  -30.0000 2182.2314   21.1361
    7.5000   52.5000  -30.0000 2156.7295   21.4265
   -7.5000  -37.5000  -22.5000 1974.0771   31.6518
    0.0000  -37.5000  -22.5000 1976.2162   31.3947
    7.5000  -37.5000  -22.5000 1961.6805   31.5147
   -7.5000  -30.0000  -22.5000 2091.2139   28.2792
    0.0000  -30.0000  -22.5000 2097.1404   28.0237
    7.5000  -30.0000  -22.5000 2074.4048   28.1016
   -7.5000  -22.5000  -22.5000 2196.1990   25.4828
    0.0000  -22.5000  -22.5000 2203.9546   25.2382
    7.5000  -22.5000  -22.5000 2174.9785   25.2594
   -7.5000  -15.0000  -22.5000 2294.7888   23.1053
    0.0000  -15.0000  -22.5000 2308.9465   22.8744
    7.5000  -15.0000  -22.5000 2276.0859   22.9624
   -7.5000   -7.5000  -22.5000 2374.7673   21.1994
    0.0000   -7.5000  -22.5000 2391.1128   21.0168
    7.5000   -7.5000  -22.5000 2359.1814   21.1646
   -7.5000    0.0000  -22.5000 2432.4675   19.7873
    0.0000    0.0000  -22.5000 2448.3000   19.5912
    7.5000    0.0000  -22.5000 2419.0767   19.7779
   -7.5000    7.5000  -22.5000 2465.1160   18.7273
    0.0000    7.5000  -22.5000 2481.2539   18.5668
    7.5000    7.5000  -22.5000 2454.8435   18.8244
   -7.5000   15.0000  -22.5000 2485.3123   18.0656
    0.0000   15.0000  -22.5000 2495.0352   17.9932
    7.5000   15.0000  -22.5000 2469.5098   18.2745
   -7.5000   22.5000  -22.5000 2498.9788   18.1151
    0.0000   22.5000  -22.5000 2500.3469   18.0886
    7.5000   22.5000  -22.5000 2481.8953   18.3711
   -7.5000   30.0000  -22.5000 2492.7273   18.6171
    0.0000   30.0000  -22.5000 2501.7290   18.5351
    7.5000   30.0000  -22.5000 2484.3711   18.8065
   -7.5000   37.5000  -22.5000 2448.5527   19.1900
    0.0000   37.5000  -22.5000 2458.4807   19.0600
    7.5000   37.5000  -22.5000 2443.5330   19.3473
   -7.5000   45.0000  -22.5000 2353.9553   19.8151
    0.0000   45.0000  -22.5000 2366.3354   19.7104
    7.5000   45.0000  -22.5000 2351.9207   20.0578
   -7.5000   52.5000  -22.5000 2219.4114   20.4726
    0.0000   52.5000  -22.5000 2230.2800   20.3710
    7.5000   52.5000  -22.5000 2209.3228   20.7200
   -7.5000  -37.5000  -15.0000 2021.5015   32.2968
    0.0000  -37.5000  -15.0000 2030.6350   32.0570
    7.5000  -37.5000  -15.0000 2008.1534   32.1622
   -7.5000  -30.0000  -15.0000 2136.5842   28.5911
    0.0000  -30.0000  -15.0000 2146.6899   28.3417
    7.5000  -30.0000  -15.0000 2119.3159   28.5162
   -7.5000  -22.5000  -15.0000 2243.4033   25.5689
    0.0000  -22.5000  -15.0000 2252.0786   25.3423
    7.5000  -22.5000  -15.0000 2224.1467   25.5627
   -7.5000  -15.0000  -15.0000 2349.0593   23.1706
    0.0000  -15.0000  -15.0000 2358.6174   22.9267
    7.5000  -15.0000  -15.0000 2333.2454   23.1847
   -7.5000   -7.5000  -15.0000 2434.1560   21.2689
    0.0000   -7.5000  -15.0000 2445.7097   21.0165
    7.5000   -7.5000  -15.0000 2426.9019   21.2853
   -7.5000    0.0000  -15.0000 2496.3369   19.8092
    0.0000    0.0000  -15.0000 2511.7100   19.5765
    7.5000    0.0000  -15.0000 2501.0771   19.8407
   -7.5000    7.5000  -15.0000 2541.7654   18.7231
    0.0000    7.5000  -15.0000 2555.6282   18.4993
    7.5000    7.5000  -15.0000 2542.0833   18.8372
   -7.5000   15.0000  -15.0000 2563.4893   17.8705
    0.0000   15.0000  -15.0000 2571.4192   17.7407
    7.5000   15.0000  -15.0000 2563.9539   18.2030
   -7.5000   22.5000  -15.0000 2577.2554   17.7011
    0.0000   22.5000  -15.0000 2573.1838   17.5815
    7.5000   22.5000  -15.0000 2578.2825   18.1710
   -7.5000   30.0000  -15.0000 2571.8574   18.2055
    0.0000   30.0000  -15.0000 2574.3020   18.0379
    7.5000   30.0000  -15.0000 2580.6084   18.5495
   -7.5000   37.5000  -15.0000 2535.7874   18.8345
    0.0000   37.5000  -15.0000 2541.9353   18.7040
    7.5000   37.5000  -15.0000 2552.9255   19.1729
   -7.5000   45.0000  -15.0000 2439.6729   19.5011
    0.0000   45.0000  -15.0000 2444.9529   19.3770
    7.5000   45.0000  -15.0000 2456.1260   19.8883
   -7.5000   52.5000  -15.0000 2303.7471   20.2315
    0.0000   52.5000  -15.0000 2311.9941   20.1317
    7.5000   52.5000  -15.0000 2311.4253   20.6363
   -7.5000  -37.5000   -7.5000 2043.9716   33.3270
    0.0000  -37.5000   -7.5000 2054.9624   32.8920
    7.5000  -37.5000   -7.5000 2040.3420   33.3297
   -7.5000  -30.0000   -7.5000 2152.2732   29.2281
    0.0000  -30.0000   -7.5000 2159.6982   28.7953
    7.5000  -30.0000   -7.5000 2140.0742   29.2983
   -7.5000  -22.5000   -7.5000 2259.1892   26.0199
    0.0000  -22.5000   -7.5000 2260.6030   25.6023
    7.5000  -22.5000   -7.5000 2239.0144   26.0994
   -7.5000  -15.0000   -7.5000 2364.3821   23.5157
    0.0000  -15.0000   -7.5000 2367.0588   23.1092
    7.5000  -15.0000   -7.5000 2343.4170   23.5406
   -7.5000   -7.5000   -7.5000 2455.8899   21.5414
    0.0000   -7.5000   -7.5000 2458.6414   21.1380
    7.5000   -7.5000   -7.5000 2444.0481   21.5421
   -7.5000    0.0000   -7.5000 2533.3286   20.1572
    0.0000    0.0000   -7.5000 2539.1965   19.7658
    7.5000    0.0000   -7.5000 2530.1401   20.0738
   -7.5000    7.5000   -7.5000 2593.1941   19.1664
    0.0000    7.5000   -7.5000 2598.9736   18.8510
    7.5000    7.5000   -7.5000 2594.0859   19.1216
   -7.5000   15.0000   -7.5000 2625.9424   18.2145
    0.0000   15.0000   -7.5000 2634.5818   18.0546
    7.5000   15.0000   -7.5000 2629.2532   18.4849
   -7.5000   22.5000   -7.5000 2626.5779   17.6299
    0.0000   22.5000   -7.5000 2618.4355   17.4117
    7.5000   22.5000   -7.5000 2632.8601   18.1658
   -7.5000   30.0000   -7.5000 2625.6047   18.0103
    0.0000   30.0000   -7.5000 2624.9600   17.7917
    7.5000   30.0000   -7.5000 2643.6460   18.4576
   -7.5000   37.5000   -7.5000 2597.1016   18.7475
    0.0000   37.5000   -7.5000 2596.6514   18.5154
    7.5000   37.5000   -7.5000 2609.4275   19.0718
   -7.5000   45.0000   -7.5000 2515.1121   19.5006
    0.0000   45.0000   -7.5000 2515.3022   19.3289
    7.5000   45.0000   -7.5000 2512.4675   19.7248
   -7.5000   52.5000   -7.5000 2381.8040   20.3057
    0.0000   52.5000   -7.5000 2379.6875   20.1483
    7.5000   52.5000   -7.5000 2370.8748   20.4610
   -7.5000  -37.5000    0.0000 2021.1940   34.5165
    0.0000  -37.5000    0.0000 2035.1283   33.9264
    7.5000  -37.5000    0.0000 2019.6278   34.4439
   -7.5000  -30.0000    0.0000 2132.6384   30.2918
    0.0000  -30.0000    0.0000 2144.5671   29.7951
    7.5000  -30.0000    0.0000 2127.6267   30.2751
   -7.5000  -22.5000    0.0000 2241.2642   26.9148
    0.0000  -22.5000    0.0000 2247.0378   26.4766
    7.5000  -22.5000    0.0000 2231.2263   26.9978
   -7.5000  -15.0000    0.0000 2347.2029   24.2895
    0.0000  -15.0000    0.0000 2351.1804   23.8505
    7.5000  -15.0000    0.0000 2336.7869   24.3663
   -7.5000   -7.5000    0.0000 2448.4312   22.2575
    0.0000   -7.5000    0.0000 2451.3662   21.7895
    7.5000   -7.5000    0.0000 2448.0142   22.2658
   -7.5000    0.0000    0.0000 2552.4067   20.9113
    0.0000    0.0000    0.0000 2554.4690   20.4565
    7.5000    0.0000    0.0000 2553.7373   20.7974
   -7.5000    7.5000    0.0000 2649.1262   20.0786
    0.0000    7.5000    0.0000 2652.3276   19.7268
    7.5000    7.5000    0.0000 2632.6963   19.7277
   -7.5000   15.0000    0.0000 2705.9041   19.3351
    0.0000   15.0000    0.0000 2725.6448   19.1033
    7.5000   15.0000    0.0000 2671.0457   18.9512
   -7.5000   22.5000    0.0000 2681.8306   18.3089
    0.0000   22.5000    0.0000 2681.1912   17.9572
    7.5000   22.5000    0.0000 2663.9143   18.4221
   -7.5000   30.0000    0.0000 2673.2637   18.2922
    0.0000   30.0000    0.0000 2662.2759   17.9510
    7.5000   30.0000    0.0000 2660.5664   18.5066
   -7.5000   37.5000    0.0000 2635.6489   18.8551
    0.0000   37.5000    0.0000 2634.8787   18.6055
    7.5000   37.5000    0.0000 2624.6631   18.9706
   -7.5000   45.0000    0.0000 2548.7446   19.6265
    0.0000   45.0000    0.0000 2547.4763   19.4522
    7.5000   45.0000    0.0000 2540.0378   19.6943
   -7.5000   52.5000    0.0000 2417.4260   20.4934
    0.0000   52.5000    0.0000 2420.3987   20.3978
    7.5000   52.5000    0.0000 2400.1147   20.5695
   -7.5000  -37.5000    7.5000 1978.8405   35.9655
    0.0000  -37.5000    7.5000 1987.6826   35.2959
    7.5000  -37.5000    7.5000 1990.2584   35.9391
   -7.5000  -30.0000    7.5000 2093.5598   31.4612
    0.0000  -30.0000    7.5000 2101.7771   30.8899
    7.5000  -30.0000    7.5000 2103.2722   31.5149
   -7.5000  -22.5000    7.5000 2212.0896   28.1180
    0.0000  -22.5000    7.5000 2217.6577   27.6567
    7.5000  -22.5000    7.5000 2213.5979   28.1916
   -7.5000  -15.0000    7.5000 2333.7822   25.5643
    0.0000  -15.0000    7.5000 2340.7083   25.1794
    7.5000  -15.0000    7.5000 2329.5552   25.5151
   -7.5000   -7.5000    7.5000 2461.0618   23.5783
    0.0000   -7.5000    7.5000 2466.4749   23.2181
    7.5000   -7.5000    7.5000 2447.5913   23.3219
   -7.5000    0.0000    7.5000 2575.0505   22.0055
    0.0000    0.0000    7.5000 2584.0684   21.7162
    7.5000    0.0000    7.5000 2549.6714   21.6754
   -7.5000    7.5000    7.5000 2675.8162   20.9146
    0.0000    7.5000    7.5000 2689.1294   20.6841
    7.5000    7.5000    7.5000 2636.7339   20.4872
   -7.5000   15.0000    7.5000 2717.5281   19.8852
    0.0000   15.0000    7.5000 2722.9353   19.5310
    7.5000   15.0000    7.5000 2669.9551   19.6234
   -7.5000   22.5000    7.5000 2736.3894   19.1754
    0.0000   22.5000    7.5000 2699.2585   18.6691
    7.5000   22.5000    7.5000 2677.1848   19.0294
   -7.5000   30.0000    7.5000 2734.4607   19.1843
    0.0000   30.0000    7.5000 2723.0413   18.8520
    7.5000   30.0000    7.5000 2673.1299   18.9561
   -7.5000   37.5000    7.5000 2677.5139   19.5418
    0.0000   37.5000    7.5000 2683.0242   19.3463
    7.5000   37.5000    7.5000 2637.5574   19.3729
   -7.5000   45.0000    7.5000 2565.6726   20.1784
    0.0000   45.0000    7.5000 2571.0696   20.0616
    7.5000   45.0000    7.5000 2537.2991   20.1085
   -7.5000   52.5000    7.5000 2418.3635   20.8835
    0.0000   52.5000    7.5000 2430.4526   20.8213
    7.5000   52.5000    7.5000 2394.5742   20.9429
   -7.5000  -37.5000   15.0000 1944.9844   38.2426
    0.0000  -37.5000   15.0000 1949.5559   37.6832
    7.5000  -37.5000   15.0000 1952.9360   38.1303
   -7.5000  -30.0000   15.0000 2077.3733   33.3737
    0.0000  -30.0000   15.0000 2084.6914   33.0170
    7.5000  -30.0000   15.0000 2079.2988   33.4563
   -7.5000  -22.5000   15.0000 2206.0098   29.9510
    0.0000  -22.5000   15.0000 2214.6431   29.6662
    7.5000  -22.5000   15.0000 2199.9304   29.9441
   -7.5000  -15.0000   15.0000 2335.7493   27.2259
    0.0000  -15.0000   15.0000 2343.8357   26.9403
    7.5000  -15.0000   15.0000 2317.5935   27.0882
   -7.5000   -7.5000   15.0000 2460.3120   24.9107
    0.0000   -7.5000   15.0000 2468.8428   24.6367
    7.5000   -7.5000   15.0000 2434.5125   24.7047
   -7.5000    0.0000   15.0000 2557.0439   23.0218
    0.0000    0.0000   15.0000 2568.3276   22.7257
    7.5000    0.0000   15.0000 2539.7104   22.8046
   -7.5000    7.5000   15.0000 2641.5305   21.6502
    0.0000    7.5000   15.0000 2643.6296   21.2238
    7.5000    7.5000   15.0000 2619.0654   21.4176
   -7.5000   15.0000   15.0000 2695.7026   20.4128
    0.0000   15.0000   15.0000 2656.5273   19.7402
    7.5000   15.0000   15.0000 2657.8125   20.3998
   -7.5000   22.5000   15.0000 2741.0215   19.9250
    0.0000   22.5000   15.0000 2704.2424   19.3738
    7.5000   22.5000   15.0000 2681.6077   19.7914
   -7.5000   30.0000   15.0000 2739.1624   20.0338
    0.0000   30.0000   15.0000 2730.2842   19.6273
    7.5000   30.0000   15.0000 2686.8604   19.8262
   -7.5000   37.5000   15.0000 2681.8289   20.4363
    0.0000   37.5000   15.0000 2682.3916   20.1461
    7.5000   37.5000   15.0000 2638.4592   20.2419
   -7.5000   45.0000   15.0000 2569.1738   21.0977
    0.0000   45.0000   15.0000 2577.3345   20.9783
    7.5000   45.0000   15.0000 2529.0999   20.9697
   -7.5000   52.5000   15.0000 2410.5391   21.7996
    0.0000   52.5000   15.0000 2418.2424   21.7616
    7.5000   52.5000   15.0000 2369.2534   21.7604
   -7.5000  -37.5000   22.5000 1918.0714   41.2667
    0.0000  -37.5000   22.5000 1930.0935   40.8507
    7.5000  -37.5000   22.5000 1928.6276   41.0379
   -7.5000  -30.0000   22.5000 2068.0190   35.8245
    0.0000  -30.0000   22.5000 2078.6006   35.5478
    7.5000  -30.0000   22.5000 2064.2295   35.8688
   -7.5000  -22.5000   22.5000 2202.2190   31.9363
    0.0000  -22.5000   22.5000 2210.6941   31.6292
    7.5000  -22.5000   22.5000 2184.3608   31.9199
   -7.5000  -15.0000   22.5000 2317.0259   28.7046
    0.0000  -15.0000   22.5000 2320.8809   28.4256
    7.5000  -15.0000   22.5000 2294.7839   28.7198
   -7.5000   -7.5000   22.5000 2415.2661   26.0509
    0.0000   -7.5000   22.5000 2419.4187   25.7106
    7.5000   -7.5000   22.5000 2405.0769   26.0996
   -7.5000    0.0000   22.5000 2506.4045   23.9505
    0.0000    0.0000   22.5000 2506.0496   23.4836
    7.5000    0.0000   22.5000 2503.0391   23.8651
   -7.5000    7.5000   22.5000 2586.2888   22.3629
    0.0000    7.5000   22.5000 2557.2510   21.5539
    7.5000    7.5000   22.5000 2578.2773   22.3562
   -7.5000   15.0000   22.5000 2641.8350   21.1936
    0.0000   15.0000   22.5000 2617.0132   20.5680
    7.5000   15.0000   22.5000 2609.4097   21.1681
   -7.5000   22.5000   22.5000 2699.6570   20.9197
    0.0000   22.5000   22.5000 2673.6538   20.3863
    7.5000   22.5000   22.5000 2660.8467   20.7891
   -7.5000   30.0000   22.5000 2695.2937   21.0832
    0.0000   30.0000   22.5000 2680.9834   20.6188
    7.5000   30.0000   22.5000 2660.4233   20.9235
   -7.5000   37.5000   22.5000 2648.3022   21.4744
    0.0000   37.5000   22.5000 2637.1672   21.1409
    7.5000   37.5000   22.5000 2608.3074   21.3572
   -7.5000   45.0000   22.5000 2537.6150   22.1077
    0.0000   45.0000   22.5000 2543.4775   21.9450
    7.5000   45.0000   22.5000 2493.8062   22.0066
   -7.5000   52.5000   22.5000 2376.0500   22.8961
    0.0000   52.5000   22.5000 2388.3613   22.8322
    7.5000   52.5000   22.5000 2331.9722   22.7496
   -7.5000  -37.5000   30.0000 1870.8032   44.1457
    0.0000  -37.5000   30.0000 1879.3013   43.7024
    7.5000  -37.5000   30.0000 1881.8109   44.0376
   -7.5000  -30.0000   30.0000 2028.9637   38.1904
    0.0000  -30.0000   30.0000 2036.9753   37.8588
    7.5000  -30.0000   30.0000 2025.3953   38.2724
   -7.5000  -22.5000   30.0000 2157.6665   33.7035
    0.0000  -22.5000   30.0000 2162.8169   33.4249
    7.5000  -22.5000   30.0000 2138.9565   33.8084
   -7.5000  -15.0000   30.0000 2251.0039   29.9930
    0.0000  -15.0000   30.0000 2259.2769   29.7321
    7.5000  -15.0000   30.0000 2245.9712   30.2267
   -7.5000   -7.5000   30.0000 2349.9883   27.0498
    0.0000   -7.5000   30.0000 2354.5166   26.6680
    7.5000   -7.5000   30.0000 2355.9116   27.3114
   -7.5000    0.0000   30.0000 2441.5188   24.8188
    0.0000    0.0000   30.0000 2433.3350   24.2102
    7.5000    0.0000   30.0000 2451.3511   25.0145
   -7.5000    7.5000   30.0000 2509.5288   23.2165
    0.0000    7.5000   30.0000 2496.1199   22.4592
    7.5000    7.5000   30.0000 2505.9590   23.3748
   -7.5000   15.0000   30.0000 2578.4636   22.2177
    0.0000   15.0000   30.0000 2560.3381   21.6898
    7.5000   15.0000   30.0000 2559.0701   22.2745
   -7.5000   22.5000   30.0000 2629.1653   22.0712
    0.0000   22.5000   30.0000 2611.1040   21.5519
    7.5000   22.5000   30.0000 2604.4507   22.0306
   -7.5000   30.0000   30.0000 2628.3740   22.2659
    0.0000   30.0000   30.0000 2611.0354   21.7373
    7.5000   30.0000   30.0000 2601.0754   22.1438
   -7.5000   37.5000   30.0000 2575.0942   22.6737
    0.0000   37.5000   30.0000 2558.6687   22.2480
    7.5000   37.5000   30.0000 2541.1572   22.5496
   -7.5000   45.0000   30.0000 2460.5601   23.2876
    0.0000   45.0000   30.0000 2465.4958   23.0130
    7.5000   45.0000   30.0000 2423.2556   23.1447
   -7.5000   52.5000   30.0000 2309.8872   23.9435
    0.0000   52.5000   30.0000 2323.0757   23.8450
    7.5000   52.5000   30.0000 2283.6301   23.8507
   -7.5000  -37.5000   37.5000 1800.5404   46.8817
    0.0000  -37.5000   37.5000 1806.8694   46.6846
    7.5000  -37.5000   37.5000 1818.4683   47.0588
   -7.5000  -30.0000   37.5000 1957.3110   40.1359
    0.0000  -30.0000   37.5000 1967.4220   39.9846
    7.5000  -30.0000   37.5000 1960.3492   40.3770
   -7.5000  -22.5000   37.5000 2070.9385   34.9982
    0.0000  -22.5000   37.5000 2084.1509   34.8909
    7.5000  -22.5000   37.5000 2080.2041   35.4842
   -7.5000  -15.0000   37.5000 2173.6780   31.1059
    0.0000  -15.0000   37.5000 2183.8506   30.8903
    7.5000  -15.0000   37.5000 2195.3196   31.7519
   -7.5000   -7.5000   37.5000 2279.5808   28.2432
    0.0000   -7.5000   37.5000 2288.5442   27.8481
    7.5000   -7.5000   37.5000 2291.5874   28.6573
   -7.5000    0.0000   37.5000 2357.2717   25.9323
    0.0000    0.0000   37.5000 2362.3796   25.3112
    7.5000    0.0000   37.5000 2368.7266   26.2832
   -7.5000    7.5000   37.5000 2436.6287   24.3364
    0.0000    7.5000   37.5000 2437.3052   23.7909
    7.5000    7.5000   37.5000 2438.0535   24.6527
   -7.5000   15.0000   37.5000 2504.7563   23.4778
    0.0000   15.0000   37.5000 2496.0479   23.0143
    7.5000   15.0000   37.5000 2493.6174   23.6441
   -7.5000   22.5000   37.5000 2542.5820   23.3959
    0.0000   22.5000   37.5000 2533.4922   22.8792
    7.5000   22.5000   37.5000 2525.5425   23.3949
   -7.5000   30.0000   37.5000 2542.6228   23.5684
    0.0000   30.0000   37.5000 2519.9971   23.0154
    7.5000   30.0000   37.5000 2518.3230   23.4971
   -7.5000   37.5000   37.5000 2487.9380   23.9627
    0.0000   37.5000   37.5000 2474.2637   23.4875
    7.5000   37.5000   37.5000 2459.6628   23.8702
   -7.5000   45.0000   37.5000 2372.8328   24.4781
    0.0000   45.0000   37.5000 2386.8320   24.1785
    7.5000   45.0000   37.5000 2351.9688   24.3937
   -7.5000   52.5000   37.5000 2228.6394   25.0207
    0.0000   52.5000   37.5000 2244.0408   24.8640
    7.5000   52.5000   37.5000 2208.1201   24.9900
   -7.5000  -37.5000   45.0000 1706.4883   48.9820
    0.0000  -37.5000   45.0000 1723.3759   49.0547
    7.5000  -37.5000   45.0000 1725.9744   49.7553
   -7.5000  -30.0000   45.0000 1850.4017   41.7665
    0.0000  -30.0000   45.0000 1871.5566   41.6825
    7.5000  -30.0000   45.0000 1878.5400   42.5317
   -7.5000  -22.5000   45.0000 1975.0513   36.4899
    0.0000  -22.5000   45.0000 1984.4751   36.2274
    7.5000  -22.5000   45.0000 1994.3704   37.2897
   -7.5000  -15.0000   45.0000 2081.5811   32.4942
    0.0000  -15.0000   45.0000 2103.4077   32.3325
    7.5000  -15.0000   45.0000 2097.3169   33.1873
   -7.5000   -7.5000   45.0000 2181.9839   29.5141
    0.0000   -7.5000   45.0000 2203.5442   29.1474
    7.5000   -7.5000   45.0000 2194.0039   30.0572
   -7.5000    0.0000   45.0000 2262.4148   27.2564
    0.0000    0.0000   45.0000 2286.1262   26.7114
    7.5000    0.0000   45.0000 2277.7502   27.7583
   -7.5000    7.5000   45.0000 2338.0405   25.6863
    0.0000    7.5000   45.0000 2354.3865   25.3524
    7.5000    7.5000   45.0000 2345.3960   26.0924
   -7.5000   15.0000   45.0000 2396.2373   24.9176
    0.0000   15.0000   45.0000 2401.0537   24.5083
    7.5000   15.0000   45.0000 2389.7974   25.1121
   -7.5000   22.5000   45.0000 2422.3691   24.7856
    0.0000   22.5000   45.0000 2427.6870   24.3920
    7.5000   22.5000   45.0000 2412.1243   24.8376
   -7.5000   30.0000   45.0000 2418.1729   24.9751
    0.0000   30.0000   45.0000 2408.7659   24.4928
    7.5000   30.0000   45.0000 2398.1377   24.9137
   -7.5000   37.5000   45.0000 2357.2729   25.3517
    0.0000   37.5000   45.0000 2356.6880   24.9268
    7.5000   37.5000   45.0000 2339.9778   25.2816
   -7.5000   45.0000   45.0000 2261.7896   25.7216
    0.0000   45.0000   45.0000 2279.7390   25.4832
    7.5000   45.0000   45.0000 2250.5469   25.7152
   -7.5000   52.5000   45.0000 2124.1790   26.1848
    0.0000   52.5000   45.0000 2148.7559   26.0135
    7.5000   52.5000   45.0000 2115.7502   26.1833

---------------------------------------------------------------------
imgreg_4dfp /opt/freesurfer/average/711-2C_as_mni_average_305 /opt/freesurfer/average/711-2B_as_mni_average_305_mask talsrcimg_g11 none talsrcimg_to_711-2C_as_mni_average_305_t4 1283
---------------------------------------------------------------------

freesurfer imgreg_4dfp.c
/opt/freesurfer/average/711-2C_as_mni_average_305.4dfp.img
       256       256       256         1
  1.000000  1.000000  1.000000
orientation T byte_order littleendian
Reading image: /opt/freesurfer/average/711-2C_as_mni_average_305.4dfp.img
dimensions:      256       256       256
mmppix:       1.0000   -1.0000   -1.0000
center:     128.0000 -129.0000 -129.0000
/opt/freesurfer/average/711-2B_as_mni_average_305_mask.4dfp.img
       256       256       256         1
  1.000000  1.000000  1.000000
orientation T byte_order littleendian
Reading mask: /opt/freesurfer/average/711-2B_as_mni_average_305_mask.4dfp.img (2306576 pixels)
talsrcimg_g11.4dfp.img
       320       320       320         1
  0.700000  0.700000  0.700000
orientation T byte_order littleendian
Reading image: talsrcimg_g11.4dfp.img
dimensions:      320       320       320
mmppix:       0.7000   -0.7000   -0.7000
center:     112.0000 -112.7000 -112.7000
rotation matrix determinant  1.000000
fimgreg.f
image alignment mode   1283 decimal      503 hex
parameters
   -7.5000   22.5000   15.0000    0.0000    0.0000    0.0000
eta,q 0.85748 19.79229
niter,ni,del,rscale     5    3   12.0000    1.2000
parameter  6  0.573502 ->  0.500000 qaram    1.1500
parameters
   -8.3611   23.5150   13.7243   -1.0449    2.3917   -3.4500
eta,q 0.86526 19.73314
  0.1503  0.1599  0.1467  0.1435  0.1506  0.1355
  0.1446  0.1534  0.1439  0.1400  0.1462  0.1349
  0.1411  0.1443  0.1398  0.1387  0.1424  0.1345
  0.1405  0.1406  0.1401  0.1390  0.1388  0.1355
  0.1430  0.1408  0.1456  0.1403  0.1357  0.1370
  0.1513  0.1462  0.1489  0.1440  0.1368  0.1379
  0.1568  0.1506  0.1528  0.1475  0.1410  0.1390
niter,ni,del,rscale     5    3   12.0000    1.2000
parameters
   -8.5539   24.4360   13.1658   -1.9907    2.4633   -2.7065
eta,q 0.86589 19.68901
  0.1515  0.1507  0.1430  0.1375  0.1433  0.1384
  0.1449  0.1467  0.1402  0.1351  0.1401  0.1368
  0.1368  0.1382  0.1361  0.1342  0.1372  0.1352
  0.1347  0.1345  0.1342  0.1342  0.1342  0.1341
  0.1412  0.1350  0.1383  0.1346  0.1356  0.1344
  0.1483  0.1400  0.1426  0.1372  0.1397  0.1360
  0.1507  0.1443  0.1460  0.1413  0.1434  0.1370
niter,ni,del,rscale     4    3   12.0000    1.2000
parameters
   -8.5724   25.2657   12.4565   -3.9205    2.2604   -2.1923
eta,q 0.86668 19.61427
  0.1514  0.1491  0.1420  0.1352  0.1408  0.1378
  0.1455  0.1450  0.1382  0.1332  0.1381  0.1354
  0.1373  0.1375  0.1344  0.1329  0.1357  0.1331
  0.1341  0.1341  0.1340  0.1336  0.1330  0.1331
  0.1397  0.1352  0.1380  0.1347  0.1343  0.1341
  0.1467  0.1402  0.1419  0.1377  0.1386  0.1350
  0.1501  0.1432  0.1446  0.1409  0.1427  0.1360
niter,ni,del,rscale     3    3   12.0000    1.2000
parameters
   -8.5062   26.3383   11.3672   -5.9715    2.1851   -1.2842
eta,q 0.86938 19.57298
  0.1498  0.1491  0.1397  0.1339  0.1385  0.1362
  0.1445  0.1460  0.1350  0.1309  0.1358  0.1332
  0.1367  0.1377  0.1314  0.1306  0.1334  0.1315
  0.1333  0.1333  0.1326  0.1314  0.1306  0.1307
  0.1378  0.1329  0.1373  0.1338  0.1308  0.1309
  0.1447  0.1375  0.1410  0.1377  0.1352  0.1319
  0.1483  0.1428  0.1431  0.1412  0.1405  0.1337
niter,ni,del,rscale     2    3   12.0000    1.2000
parameters
   -8.4757   27.1215   10.8012   -6.7081    2.4293   -1.3719
eta,q 0.87056 19.56047
  0.1473  0.1487  0.1401  0.1356  0.1383  0.1335
  0.1416  0.1441  0.1349  0.1317  0.1355  0.1308
  0.1341  0.1352  0.1307  0.1298  0.1329  0.1297
  0.1306  0.1306  0.1302  0.1299  0.1298  0.1295
  0.1349  0.1313  0.1337  0.1311  0.1293  0.1302
  0.1422  0.1378  0.1390  0.1345  0.1333  0.1313
  0.1462  0.1425  0.1426  0.1392  0.1387  0.1333
niter,ni,del,rscale     1    3   12.0000    1.2000
parameters
   -8.3604   27.6436   10.5013   -7.1754    2.5150   -1.7947
eta,q 0.87092 19.55089
  0.1470  0.1469  0.1407  0.1357  0.1376  0.1327
  0.1414  0.1410  0.1348  0.1318  0.1352  0.1301
  0.1338  0.1323  0.1307  0.1296  0.1325  0.1291
  0.1294  0.1294  0.1295  0.1294  0.1293  0.1292
  0.1339  0.1317  0.1326  0.1304  0.1294  0.1302
  0.1414  0.1388  0.1377  0.1335  0.1337  0.1313
  0.1451  0.1411  0.1417  0.1380  0.1389  0.1329
registration optimization eta report
parameter search radius
    6.0000    6.0000    6.0000    6.0000    6.0000    6.9000
100000*second partial in parameter space
       42.       39.       31.       21.       24.        7.
  0.1470  0.1469  0.1407  0.1357  0.1376  0.1327
  0.1414  0.1410  0.1348  0.1318  0.1352  0.1301
  0.1338  0.1323  0.1307  0.1296  0.1325  0.1291
  0.1294  0.1294  0.1295  0.1294  0.1293  0.1292
  0.1339  0.1317  0.1326  0.1304  0.1294  0.1302
  0.1414  0.1388  0.1377  0.1335  0.1337  0.1313
  0.1451  0.1411  0.1417  0.1380  0.1389  0.1329
   -8.3604   27.6436   10.5013   -7.1754    2.5150   -1.7947
eta,q 0.87092 19.55089

---------------------------------------------------------------------
imgreg_4dfp /opt/freesurfer/average/711-2C_as_mni_average_305 /opt/freesurfer/average/711-2B_as_mni_average_305_mask talsrcimg_g11 none talsrcimg_to_711-2C_as_mni_average_305_t4 3335
---------------------------------------------------------------------

freesurfer imgreg_4dfp.c
/opt/freesurfer/average/711-2C_as_mni_average_305.4dfp.img
       256       256       256         1
  1.000000  1.000000  1.000000
orientation T byte_order littleendian
Reading image: /opt/freesurfer/average/711-2C_as_mni_average_305.4dfp.img
dimensions:      256       256       256
mmppix:       1.0000   -1.0000   -1.0000
center:     128.0000 -129.0000 -129.0000
/opt/freesurfer/average/711-2B_as_mni_average_305_mask.4dfp.img
       256       256       256         1
  1.000000  1.000000  1.000000
orientation T byte_order littleendian
Reading mask: /opt/freesurfer/average/711-2B_as_mni_average_305_mask.4dfp.img (2306576 pixels)
talsrcimg_g11.4dfp.img
       320       320       320         1
  0.700000  0.700000  0.700000
orientation T byte_order littleendian
Reading image: talsrcimg_g11.4dfp.img
dimensions:      320       320       320
mmppix:       0.7000   -0.7000   -0.7000
center:     112.0000 -112.7000 -112.7000
fimgreg.f
image alignment mode   3335 decimal      D07 hex
parameters
   -8.3604   27.6436   10.5013   -0.1453   -0.8490   -0.8787
    3.6552   -3.9604   -3.1288   12.6209    4.3881  -12.4787
eta,q 0.86379 19.43916
niter,ni,del,rscale     5    3    5.0000    1.2000
parameter  1 -0.729519 -> -0.500000 qaram    1.1500
parameter  2 -9.132336 -> -0.500000 qaram    1.1500
parameter  4  5.633311 ->  0.500000 qaram    1.1500
parameter  5 -6.393203 ->  0.500000 qaram    1.1500
parameter  7  9.956557 ->  0.500000 qaram    1.1500
parameter  8  0.665146 ->  0.500000 qaram    1.1500
parameter  9 10.628077 ->  0.500000 qaram    1.1500
parameter 10 -2.076783 -> -0.500000 qaram    1.1500
parameter 11  0.983858 ->  0.500000 qaram    1.1500
parameter 12 -1.405212 -> -0.500000 qaram    1.1500
parameters
   -6.9804   29.0236    9.8489   -4.2853   -4.9890   -1.0771
   -0.4848   -8.1004   -7.2688   16.7609    0.2481   -8.3387
eta,q 0.88684 19.77878
  0.1385  0.1387  0.1342  0.1220  0.1206  0.1250  0.1203  0.1210  0.1169  0.1246  0.1144  0.1183
  0.1376  0.1379  0.1340  0.1255  0.1234  0.1247  0.1214  0.1205  0.1180  0.1226  0.1144  0.1168
  0.1368  0.1369  0.1339  0.1297  0.1254  0.1245  0.1228  0.1210  0.1193  0.1206  0.1147  0.1156
  0.1362  0.1357  0.1339  0.1339  0.1266  0.1241  0.1241  0.1218  0.1206  0.1184  0.1153  0.1145
  0.1358  0.1346  0.1341  0.1385  0.1285  0.1237  0.1255  0.1230  0.1220  0.1164  0.1161  0.1136
  0.1357  0.1337  0.1345  0.1437  0.1303  0.1239  0.1270  0.1248  0.1233  0.1150  0.1170  0.1130
  0.1358  0.1331  0.1350  0.1482  0.1323  0.1260  0.1284  0.1272  0.1246  0.1146  0.1181  0.1127
niter,ni,del,rscale     7    3    5.0000    1.2000
parameter  3  1.548835 ->  0.500000 qaram    1.1500
parameter  4  1.195098 ->  0.500000 qaram    1.3225
parameter  5  3.188751 ->  0.500000 qaram    1.3225
parameter  7  0.951119 ->  0.500000 qaram    1.3225
parameters
   -7.1112   28.3626    8.4689   -9.0463   -9.7500   -4.3477
   -5.2458   -7.5129  -10.4005   16.9816   -2.5712   -9.2094
eta,q 0.90229 19.64144
  0.1162  0.1143  0.1114  0.1024  0.0963  0.0991  0.0982  0.1026  0.0989  0.1007  0.0986  0.0986
  0.1147  0.1134  0.1118  0.1043  0.0991  0.0994  0.0982  0.0997  0.0983  0.0994  0.0979  0.0981
  0.1136  0.1130  0.1123  0.1070  0.1019  0.0996  0.0987  0.0985  0.0980  0.0985  0.0977  0.0978
  0.1132  0.1132  0.1130  0.1119  0.1049  0.0998  0.0995  0.0983  0.0983  0.0980  0.0980  0.0977
  0.1135  0.1138  0.1139  0.1201  0.1092  0.1002  0.1005  0.0987  0.0992  0.0981  0.0986  0.0979
  0.1149  0.1148  0.1149  0.1294  0.1137  0.1022  0.1018  0.0997  0.1004  0.0991  0.0994  0.0984
  0.1171  0.1158  0.1161  0.1374  0.1173  0.1076  0.1036  0.1010  0.1019  0.1007  0.1005  0.0991
niter,ni,del,rscale     7    3    5.0000    1.2000
parameter  1 -0.704631 -> -0.500000 qaram    1.3225
parameter  3  1.586220 ->  0.500000 qaram    1.3225
parameter  4  0.669808 ->  0.500000 qaram    1.5209
parameter  5  2.068261 ->  0.500000 qaram    1.5209
parameter  6  0.997339 ->  0.500000 qaram    1.1500
parameter  7 -0.600752 -> -0.500000 qaram    1.5209
parameter 10  0.640206 ->  0.500000 qaram    1.3225
parameter 11 -3.191698 -> -0.500000 qaram    1.3225
parameter 12 -8.121980 ->  0.500000 qaram    1.3225
parameters
   -5.5242   28.2525    6.8819  -14.5214  -15.2252   -8.4877
    0.2294   -5.2786   -7.0847   12.2206    2.1898  -13.9704
eta,q 0.91689 19.07448
  0.1026  0.0979  0.0948  0.0918  0.0852  0.0857  0.0882  0.0885  0.0882  0.0860  0.0872  0.0812
  0.1006  0.0972  0.0952  0.0924  0.0876  0.0866  0.0875  0.0874  0.0875  0.0860  0.0868  0.0827
  0.0990  0.0968  0.0958  0.0935  0.0899  0.0876  0.0871  0.0869  0.0869  0.0862  0.0864  0.0841
  0.0977  0.0966  0.0966  0.0954  0.0927  0.0882  0.0869  0.0866  0.0865  0.0864  0.0860  0.0855
  0.0969  0.0968  0.0977  0.0995  0.0957  0.0884  0.0867  0.0865  0.0864  0.0865  0.0857  0.0868
  0.0966  0.0973  0.0989  0.1068  0.0992  0.0900  0.0866  0.0867  0.0864  0.0870  0.0854  0.0881
  0.0969  0.0982  0.1002  0.1165  0.1045  0.0936  0.0867  0.0871  0.0868  0.0879  0.0852  0.0893
niter,ni,del,rscale     7    3    5.0000    1.2000
parameter  1  9.529438 -> -0.500000 qaram    1.5209
parameter  2-56.131702 ->  0.500000 qaram    1.3225
parameter  3-11.012323 ->  0.500000 qaram    1.5209
parameter  4  0.818621 ->  0.500000 qaram    1.7490
parameter  5  0.978974 ->  0.500000 qaram    1.7490
parameter  6  1.429393 ->  0.500000 qaram    1.3225
parameter  7 -0.720133 -> -0.500000 qaram    1.7490
parameter  8 -0.845970 -> -0.500000 qaram    1.3225
parameters
   -3.6992   26.6655    5.0568  -20.8179  -21.5216  -13.2487
    6.5258   -0.5176   -4.2310   12.2690    2.4785  -14.9084
eta,q 0.95970 19.29792
  0.0915  0.0668  0.0557  0.0570  0.0491  0.0432  0.0489  0.0506  0.0424  0.0456  0.0415  0.0417
  0.0889  0.0704  0.0609  0.0578  0.0495  0.0431  0.0460  0.0470  0.0415  0.0436  0.0408  0.0409
  0.0861  0.0741  0.0662  0.0595  0.0519  0.0453  0.0444  0.0442  0.0409  0.0417  0.0404  0.0405
  0.0831  0.0777  0.0714  0.0624  0.0582  0.0499  0.0434  0.0423  0.0405  0.0403  0.0403  0.0403
  0.0800  0.0814  0.0765  0.0663  0.0674  0.0550  0.0427  0.0411  0.0403  0.0403  0.0404  0.0405
  0.0769  0.0849  0.0814  0.0717  0.0775  0.0605  0.0423  0.0403  0.0404  0.0423  0.0407  0.0412
  0.0738  0.0884  0.0858  0.0815  0.0883  0.0644  0.0421  0.0401  0.0409  0.0468  0.0414  0.0426
niter,ni,del,rscale     7    3    5.0000    1.2000
parameter  1 -0.727481 -> -0.500000 qaram    1.7490
parameter  4 -2.129919 -> -0.500000 qaram    2.0114
parameters
   -1.6004   27.6286    3.3985  -13.5770  -23.9849  -15.1277
    4.6835    1.5705   -6.3568   15.4546    1.7756  -16.6177
eta,q 0.96353 19.45527
  0.0453  0.0435  0.0390  0.0428  0.0411  0.0400  0.0400  0.0414  0.0377  0.0419  0.0371  0.0369
  0.0433  0.0415  0.0386  0.0412  0.0395  0.0389  0.0389  0.0395  0.0373  0.0401  0.0369  0.0366
  0.0417  0.0400  0.0385  0.0398  0.0376  0.0379  0.0380  0.0384  0.0372  0.0385  0.0367  0.0365
  0.0403  0.0391  0.0389  0.0385  0.0359  0.0369  0.0374  0.0376  0.0372  0.0372  0.0364  0.0365
  0.0394  0.0389  0.0402  0.0372  0.0351  0.0373  0.0378  0.0372  0.0375  0.0364  0.0363  0.0365
  0.0391  0.0392  0.0429  0.0353  0.0411  0.0411  0.0396  0.0375  0.0379  0.0366  0.0367  0.0369
  0.0395  0.0403  0.0465  0.0358  0.0591  0.0466  0.0437  0.0393  0.0387  0.0385  0.0378  0.0377
niter,ni,del,rscale     7    3    5.0000    1.2000
parameters
   -1.3861   27.4625    3.0219  -16.9115  -23.5933  -15.3711
    6.3600    2.9502   -6.7026   15.8931    4.5073  -16.1189
eta,q 0.96312 19.26574
  0.0404  0.0382  0.0377  0.0408  0.0419  0.0409  0.0404  0.0403  0.0381  0.0409  0.0380  0.0378
  0.0386  0.0371  0.0372  0.0393  0.0407  0.0399  0.0392  0.0392  0.0376  0.0393  0.0377  0.0373
  0.0374  0.0365  0.0367  0.0380  0.0392  0.0387  0.0382  0.0382  0.0373  0.0380  0.0374  0.0370
  0.0365  0.0364  0.0364  0.0364  0.0376  0.0374  0.0375  0.0374  0.0372  0.0372  0.0371  0.0369
  0.0362  0.0367  0.0364  0.0349  0.0362  0.0367  0.0375  0.0371  0.0373  0.0370  0.0369  0.0369
  0.0373  0.0374  0.0372  0.0426  0.0366  0.0385  0.0381  0.0376  0.0377  0.0380  0.0369  0.0371
  0.0404  0.0385  0.0392  0.0648  0.0444  0.0433  0.0394  0.0395  0.0382  0.0410  0.0375  0.0377
niter,ni,del,rscale     6    3    5.0000    1.2000
parameters
   -1.1885   27.6871    2.1932  -18.4921  -24.4456  -15.8098
    5.9597    4.0294   -7.5734   17.3517    6.5678  -16.6081
eta,q 0.96279 19.10780
  0.0411  0.0392  0.0379  0.0413  0.0412  0.0404  0.0402  0.0409  0.0383  0.0411  0.0384  0.0379
  0.0392  0.0379  0.0375  0.0397  0.0400  0.0396  0.0391  0.0397  0.0379  0.0396  0.0381  0.0375
  0.0376  0.0371  0.0371  0.0383  0.0388  0.0388  0.0382  0.0386  0.0377  0.0384  0.0377  0.0373
  0.0369  0.0368  0.0368  0.0369  0.0374  0.0376  0.0378  0.0378  0.0376  0.0376  0.0374  0.0372
  0.0371  0.0370  0.0372  0.0354  0.0364  0.0372  0.0383  0.0375  0.0378  0.0372  0.0371  0.0372
  0.0383  0.0376  0.0384  0.0368  0.0374  0.0385  0.0392  0.0382  0.0381  0.0376  0.0373  0.0375
  0.0407  0.0386  0.0405  0.0509  0.0466  0.0429  0.0406  0.0403  0.0386  0.0400  0.0380  0.0382
niter,ni,del,rscale     5    3    5.0000    1.2000
parameters
   -1.0003   28.1206    1.1768  -19.0141  -25.2955  -16.4173
    5.5845    4.6428   -8.1340   19.0683    7.3148  -17.3513
eta,q 0.96266 19.00452
  0.0416  0.0396  0.0379  0.0416  0.0407  0.0399  0.0404  0.0409  0.0384  0.0408  0.0382  0.0379
  0.0396  0.0383  0.0376  0.0399  0.0397  0.0392  0.0392  0.0397  0.0380  0.0395  0.0380  0.0376
  0.0380  0.0375  0.0373  0.0384  0.0386  0.0385  0.0382  0.0386  0.0377  0.0385  0.0377  0.0374
  0.0372  0.0372  0.0371  0.0372  0.0374  0.0376  0.0378  0.0378  0.0377  0.0377  0.0374  0.0373
  0.0374  0.0372  0.0376  0.0361  0.0365  0.0372  0.0383  0.0377  0.0379  0.0372  0.0372  0.0374
  0.0388  0.0376  0.0388  0.0364  0.0373  0.0386  0.0394  0.0385  0.0382  0.0374  0.0375  0.0376
  0.0412  0.0385  0.0409  0.0463  0.0455  0.0422  0.0407  0.0408  0.0386  0.0397  0.0383  0.0382
niter,ni,del,rscale     4    3    5.0000    1.2000
parameters
   -0.8439   28.7657    0.1592  -19.2571  -26.4699  -17.1351
    5.5616    5.0220   -6.2663   20.7827    4.8068  -15.3104
eta,q 0.96270 18.83475
  0.0417  0.0396  0.0378  0.0415  0.0403  0.0395  0.0406  0.0409  0.0388  0.0407  0.0377  0.0382
  0.0397  0.0383  0.0376  0.0398  0.0394  0.0389  0.0395  0.0396  0.0384  0.0397  0.0375  0.0378
  0.0381  0.0376  0.0374  0.0385  0.0385  0.0384  0.0385  0.0386  0.0381  0.0387  0.0374  0.0376
  0.0373  0.0373  0.0373  0.0374  0.0374  0.0377  0.0379  0.0379  0.0379  0.0378  0.0373  0.0374
  0.0376  0.0373  0.0375  0.0364  0.0367  0.0373  0.0383  0.0379  0.0378  0.0370  0.0375  0.0373
  0.0390  0.0375  0.0385  0.0364  0.0375  0.0385  0.0394  0.0388  0.0379  0.0373  0.0380  0.0374
  0.0413  0.0382  0.0404  0.0450  0.0455  0.0414  0.0407  0.0409  0.0383  0.0399  0.0389  0.0378
niter,ni,del,rscale     3    3    5.0000    1.2000
parameters
   -0.9567   29.5642   -0.9487  -18.9541  -28.7306  -18.5803
    5.6577    5.2677   -5.0560   23.5882    3.1168  -16.0035
eta,q 0.96305 18.68375
  0.0410  0.0400  0.0375  0.0409  0.0399  0.0387  0.0405  0.0404  0.0389  0.0413  0.0373  0.0377
  0.0391  0.0387  0.0373  0.0392  0.0389  0.0382  0.0393  0.0391  0.0383  0.0400  0.0371  0.0373
  0.0378  0.0378  0.0372  0.0380  0.0380  0.0379  0.0383  0.0381  0.0379  0.0388  0.0370  0.0371
  0.0373  0.0373  0.0371  0.0372  0.0371  0.0376  0.0377  0.0377  0.0377  0.0377  0.0369  0.0369
  0.0378  0.0371  0.0373  0.0365  0.0368  0.0372  0.0381  0.0379  0.0377  0.0368  0.0370  0.0370
  0.0393  0.0374  0.0382  0.0361  0.0389  0.0384  0.0392  0.0387  0.0379  0.0369  0.0373  0.0374
  0.0416  0.0383  0.0401  0.0428  0.0485  0.0411  0.0405  0.0404  0.0384  0.0392  0.0380  0.0381
niter,ni,del,rscale     2    3    5.0000    1.2000
parameters
   -1.0058   30.1387   -1.9621  -18.9558  -30.2316  -19.7143
    5.3207    5.3184   -5.9558   25.6697    3.7562  -16.1312
eta,q 0.96327 18.58899
  0.0407  0.0393  0.0372  0.0403  0.0396  0.0382  0.0399  0.0399  0.0380  0.0408  0.0372  0.0375
  0.0388  0.0381  0.0370  0.0387  0.0386  0.0377  0.0387  0.0386  0.0375  0.0394  0.0370  0.0371
  0.0374  0.0373  0.0369  0.0375  0.0377  0.0374  0.0377  0.0376  0.0373  0.0382  0.0368  0.0369
  0.0369  0.0370  0.0369  0.0369  0.0369  0.0372  0.0372  0.0372  0.0372  0.0372  0.0367  0.0367
  0.0374  0.0369  0.0370  0.0364  0.0364  0.0370  0.0377  0.0375  0.0374  0.0366  0.0367  0.0368
  0.0388  0.0372  0.0376  0.0360  0.0376  0.0377  0.0388  0.0384  0.0378  0.0368  0.0368  0.0371
  0.0409  0.0381  0.0388  0.0425  0.0450  0.0399  0.0402  0.0400  0.0384  0.0392  0.0372  0.0376
niter,ni,del,rscale     1    3    5.0000    1.2000
parameters
   -0.9304   30.7014   -2.7960  -18.7336  -31.4397  -21.1344
    5.2180    5.2491   -6.6026   26.9557    3.5328  -16.1827
eta,q 0.96332 18.51520
  0.0406  0.0389  0.0371  0.0402  0.0395  0.0379  0.0397  0.0396  0.0378  0.0403  0.0371  0.0374
  0.0387  0.0378  0.0368  0.0385  0.0384  0.0374  0.0385  0.0383  0.0372  0.0390  0.0369  0.0370
  0.0373  0.0371  0.0367  0.0374  0.0375  0.0371  0.0374  0.0373  0.0370  0.0378  0.0367  0.0368
  0.0367  0.0367  0.0367  0.0367  0.0367  0.0369  0.0370  0.0370  0.0370  0.0369  0.0367  0.0367
  0.0371  0.0367  0.0368  0.0363  0.0362  0.0368  0.0374  0.0373  0.0371  0.0364  0.0367  0.0368
  0.0384  0.0370  0.0373  0.0357  0.0372  0.0376  0.0385  0.0382  0.0375  0.0368  0.0369  0.0370
  0.0404  0.0378  0.0383  0.0420  0.0439  0.0397  0.0399  0.0399  0.0380  0.0396  0.0371  0.0374
registration optimization eta report
parameter search radius
    4.1976    3.1740    3.6501   14.4818   12.5928    9.5220
   12.5928    9.5220    8.2800    9.5220    9.5220    9.5220
100000*second partial in parameter space
       21.       16.        8.        2.        3.        2.
        2.        3.        1.        3.        0.        1.
  0.0406  0.0389  0.0371  0.0402  0.0395  0.0379  0.0397  0.0396  0.0378  0.0403  0.0371  0.0374
  0.0387  0.0378  0.0368  0.0385  0.0384  0.0374  0.0385  0.0383  0.0372  0.0390  0.0369  0.0370
  0.0373  0.0371  0.0367  0.0374  0.0375  0.0371  0.0374  0.0373  0.0370  0.0378  0.0367  0.0368
  0.0367  0.0367  0.0367  0.0367  0.0367  0.0369  0.0370  0.0370  0.0370  0.0369  0.0367  0.0367
  0.0371  0.0367  0.0368  0.0363  0.0362  0.0368  0.0374  0.0373  0.0371  0.0364  0.0367  0.0368
  0.0384  0.0370  0.0373  0.0357  0.0372  0.0376  0.0385  0.0382  0.0375  0.0368  0.0369  0.0370
  0.0404  0.0378  0.0383  0.0420  0.0439  0.0397  0.0399  0.0399  0.0380  0.0396  0.0371  0.0374
   -0.9304   30.7014   -2.7960  -18.7336  -31.4397  -21.1344
    5.2180    5.2491   -6.6026   26.9557    3.5328  -16.1827
eta,q 0.96332 18.51520

---------------------------------------------------------------------
imgreg_4dfp /opt/freesurfer/average/711-2C_as_mni_average_305 /opt/freesurfer/average/711-2B_as_mni_average_305_mask talsrcimg_g11 none talsrcimg_to_711-2C_as_mni_average_305_t4 2311
---------------------------------------------------------------------

freesurfer imgreg_4dfp.c
/opt/freesurfer/average/711-2C_as_mni_average_305.4dfp.img
       256       256       256         1
  1.000000  1.000000  1.000000
orientation T byte_order littleendian
Reading image: /opt/freesurfer/average/711-2C_as_mni_average_305.4dfp.img
dimensions:      256       256       256
mmppix:       1.0000   -1.0000   -1.0000
center:     128.0000 -129.0000 -129.0000
/opt/freesurfer/average/711-2B_as_mni_average_305_mask.4dfp.img
       256       256       256         1
  1.000000  1.000000  1.000000
orientation T byte_order littleendian
Reading mask: /opt/freesurfer/average/711-2B_as_mni_average_305_mask.4dfp.img (2306576 pixels)
talsrcimg_g11.4dfp.img
       320       320       320         1
  0.700000  0.700000  0.700000
orientation T byte_order littleendian
Reading image: talsrcimg_g11.4dfp.img
dimensions:      320       320       320
mmppix:       0.7000   -0.7000   -0.7000
center:     112.0000 -112.7000 -112.7000
fimgreg.f
image alignment mode   2311 decimal      907 hex
parameters
   -0.9304   30.7014   -2.7960  -18.7336  -31.4397  -21.1344
    5.2180    5.2491   -6.6026   26.9557    3.5328  -16.1827
eta,q 0.96332 18.51520
niter,ni,del,rscale     5    3    5.0000    0.8000
parameter  4 -1.736626 -> -0.500000 qaram    1.1500
parameter  5 -1.927050 -> -0.500000 qaram    1.1500
parameters
   -0.9244   31.1132   -3.1894  -15.9736  -28.6797  -21.4550
    5.0851    4.8773   -7.5401   27.7709    2.7400  -17.3757
eta,q 0.96413 18.81840
  0.0373  0.0372  0.0367  0.0373  0.0375  0.0363  0.0365  0.0367  0.0362  0.0373  0.0360  0.0361
  0.0370  0.0369  0.0367  0.0370  0.0371  0.0362  0.0362  0.0363  0.0361  0.0367  0.0359  0.0359
  0.0368  0.0368  0.0367  0.0368  0.0368  0.0361  0.0361  0.0361  0.0360  0.0363  0.0359  0.0359
  0.0367  0.0367  0.0367  0.0367  0.0365  0.0360  0.0360  0.0360  0.0360  0.0360  0.0359  0.0359
  0.0368  0.0367  0.0367  0.0365  0.0362  0.0359  0.0361  0.0361  0.0361  0.0358  0.0359  0.0360
  0.0370  0.0367  0.0368  0.0364  0.0359  0.0361  0.0363  0.0364  0.0363  0.0360  0.0360  0.0362
  0.0373  0.0368  0.0368  0.0363  0.0358  0.0367  0.0366  0.0370  0.0365  0.0368  0.0360  0.0364
niter,ni,del,rscale     6    3    5.0000    0.9000
parameter  4  3.908102 -> -0.500000 qaram    1.3225
parameters
   -0.8709   31.2589   -3.7116  -12.4029  -28.1173  -21.8267
    5.2049    4.1180   -7.7440   27.8623    3.0141  -18.0744
eta,q 0.96460 19.07412
  0.0366  0.0365  0.0359  0.0366  0.0367  0.0359  0.0361  0.0360  0.0359  0.0368  0.0355  0.0357
  0.0362  0.0362  0.0359  0.0363  0.0363  0.0357  0.0358  0.0356  0.0356  0.0362  0.0354  0.0355
  0.0360  0.0360  0.0359  0.0360  0.0358  0.0355  0.0355  0.0354  0.0355  0.0357  0.0354  0.0354
  0.0359  0.0359  0.0359  0.0358  0.0355  0.0354  0.0354  0.0354  0.0354  0.0354  0.0354  0.0354
  0.0359  0.0359  0.0359  0.0357  0.0353  0.0353  0.0354  0.0355  0.0355  0.0353  0.0354  0.0355
  0.0362  0.0360  0.0360  0.0353  0.0355  0.0355  0.0356  0.0359  0.0356  0.0357  0.0354  0.0356
  0.0365  0.0363  0.0362  0.0349  0.0367  0.0363  0.0361  0.0366  0.0360  0.0370  0.0355  0.0359
niter,ni,del,rscale     6    3    5.0000    0.9000
parameters
   -0.6035   31.2944   -4.1129  -13.5962  -27.5193  -22.0800
    5.1082    4.5941   -7.5900   27.9206    1.7270  -18.7208
eta,q 0.96451 19.02522
  0.0362  0.0359  0.0355  0.0362  0.0368  0.0359  0.0361  0.0364  0.0361  0.0368  0.0356  0.0357
  0.0358  0.0356  0.0354  0.0360  0.0363  0.0357  0.0358  0.0360  0.0358  0.0362  0.0355  0.0356
  0.0356  0.0354  0.0354  0.0357  0.0359  0.0356  0.0356  0.0357  0.0356  0.0358  0.0355  0.0355
  0.0354  0.0354  0.0354  0.0354  0.0356  0.0355  0.0355  0.0355  0.0355  0.0355  0.0355  0.0355
  0.0354  0.0354  0.0354  0.0350  0.0354  0.0355  0.0356  0.0355  0.0355  0.0355  0.0355  0.0355
  0.0355  0.0356  0.0355  0.0357  0.0356  0.0356  0.0358  0.0357  0.0357  0.0358  0.0356  0.0357
  0.0359  0.0359  0.0356  0.0393  0.0367  0.0361  0.0362  0.0362  0.0360  0.0370  0.0357  0.0359
niter,ni,del,rscale     5    3    5.0000    0.8000
parameters
   -0.5774   31.4523   -4.7154  -12.0451  -26.9025  -21.9834
    4.7476    4.5035   -7.5765   28.3299    1.5259  -20.0369
eta,q 0.96491 19.18878
  0.0360  0.0360  0.0355  0.0362  0.0363  0.0354  0.0356  0.0357  0.0356  0.0362  0.0352  0.0352
  0.0357  0.0357  0.0355  0.0359  0.0359  0.0353  0.0354  0.0354  0.0354  0.0357  0.0351  0.0351
  0.0356  0.0356  0.0355  0.0357  0.0355  0.0352  0.0352  0.0352  0.0352  0.0354  0.0351  0.0351
  0.0355  0.0355  0.0355  0.0355  0.0352  0.0351  0.0351  0.0351  0.0351  0.0351  0.0351  0.0351
  0.0355  0.0355  0.0355  0.0351  0.0351  0.0351  0.0352  0.0352  0.0352  0.0351  0.0351  0.0352
  0.0357  0.0356  0.0356  0.0349  0.0352  0.0352  0.0354  0.0354  0.0353  0.0353  0.0352  0.0353
  0.0359  0.0358  0.0357  0.0360  0.0361  0.0355  0.0359  0.0358  0.0356  0.0360  0.0352  0.0355
niter,ni,del,rscale     4    3    5.0000    0.7000
parameters
   -0.4978   31.5855   -5.1241  -12.4984  -26.4138  -22.3073
    4.8122    4.5785   -7.3564   28.7594    1.1413  -20.9161
eta,q 0.96492 19.20386
  0.0355  0.0355  0.0351  0.0358  0.0360  0.0353  0.0356  0.0356  0.0355  0.0359  0.0352  0.0352
  0.0353  0.0353  0.0351  0.0356  0.0357  0.0352  0.0353  0.0353  0.0353  0.0355  0.0351  0.0351
  0.0352  0.0351  0.0351  0.0354  0.0354  0.0351  0.0352  0.0352  0.0352  0.0353  0.0351  0.0351
  0.0351  0.0351  0.0351  0.0351  0.0352  0.0351  0.0351  0.0351  0.0351  0.0351  0.0351  0.0351
  0.0351  0.0351  0.0351  0.0348  0.0351  0.0351  0.0351  0.0352  0.0351  0.0351  0.0351  0.0351
  0.0352  0.0352  0.0352  0.0352  0.0352  0.0352  0.0353  0.0353  0.0352  0.0352  0.0351  0.0352
  0.0355  0.0354  0.0352  0.0370  0.0359  0.0354  0.0356  0.0356  0.0354  0.0357  0.0352  0.0354
niter,ni,del,rscale     3    3    5.0000    0.6000
parameters
   -0.4765   31.7005   -5.6007  -11.7410  -26.0364  -22.7331
    4.4147    4.7422   -7.4690   29.1011    1.7055  -21.8699
eta,q 0.96512 19.29603
  0.0354  0.0354  0.0351  0.0357  0.0356  0.0350  0.0352  0.0353  0.0351  0.0354  0.0350  0.0350
  0.0352  0.0352  0.0351  0.0355  0.0353  0.0349  0.0350  0.0351  0.0350  0.0351  0.0349  0.0349
  0.0351  0.0351  0.0351  0.0353  0.0351  0.0349  0.0349  0.0349  0.0349  0.0350  0.0349  0.0349
  0.0351  0.0351  0.0351  0.0351  0.0349  0.0349  0.0349  0.0349  0.0349  0.0349  0.0349  0.0349
  0.0351  0.0351  0.0351  0.0348  0.0349  0.0349  0.0349  0.0349  0.0349  0.0349  0.0349  0.0349
  0.0352  0.0351  0.0352  0.0348  0.0350  0.0350  0.0351  0.0350  0.0350  0.0350  0.0349  0.0350
  0.0354  0.0353  0.0352  0.0357  0.0355  0.0351  0.0354  0.0352  0.0352  0.0353  0.0349  0.0351
niter,ni,del,rscale     2    3    5.0000    0.5000
parameters
   -0.5020   31.8266   -5.8982  -11.0663  -25.6083  -22.8105
    3.9555    5.2268   -7.8389   29.0529    2.7110  -22.5932
eta,q 0.96532 19.38442
  0.0351  0.0351  0.0349  0.0354  0.0353  0.0348  0.0349  0.0351  0.0348  0.0350  0.0348  0.0347
  0.0350  0.0350  0.0349  0.0353  0.0350  0.0348  0.0348  0.0349  0.0348  0.0348  0.0347  0.0347
  0.0349  0.0349  0.0349  0.0351  0.0349  0.0347  0.0347  0.0348  0.0347  0.0347  0.0347  0.0347
  0.0349  0.0349  0.0349  0.0349  0.0347  0.0347  0.0347  0.0347  0.0347  0.0347  0.0347  0.0347
  0.0349  0.0349  0.0349  0.0346  0.0347  0.0347  0.0348  0.0347  0.0347  0.0347  0.0347  0.0347
  0.0350  0.0349  0.0349  0.0347  0.0348  0.0348  0.0349  0.0348  0.0348  0.0348  0.0347  0.0348
  0.0351  0.0350  0.0350  0.0354  0.0351  0.0348  0.0351  0.0349  0.0350  0.0350  0.0347  0.0349
niter,ni,del,rscale     1    3    5.0000    0.4000
parameters
   -0.5565   31.8515   -5.9714  -10.0907  -25.2345  -22.4036
    3.4085    5.6306   -8.3627   29.0149    2.7537  -23.0189
eta,q 0.96557 19.49412
  0.0348  0.0348  0.0347  0.0353  0.0349  0.0346  0.0346  0.0348  0.0345  0.0346  0.0345  0.0345
  0.0347  0.0347  0.0347  0.0352  0.0347  0.0345  0.0345  0.0346  0.0345  0.0345  0.0345  0.0345
  0.0347  0.0347  0.0347  0.0349  0.0346  0.0345  0.0345  0.0345  0.0344  0.0345  0.0344  0.0344
  0.0347  0.0347  0.0347  0.0347  0.0345  0.0345  0.0345  0.0344  0.0344  0.0344  0.0344  0.0344
  0.0347  0.0347  0.0347  0.0345  0.0345  0.0345  0.0345  0.0344  0.0345  0.0345  0.0344  0.0345
  0.0348  0.0347  0.0347  0.0345  0.0345  0.0345  0.0346  0.0345  0.0346  0.0345  0.0345  0.0345
  0.0349  0.0348  0.0347  0.0350  0.0348  0.0345  0.0348  0.0346  0.0347  0.0347  0.0345  0.0345
registration optimization eta report
parameter search radius
    0.8000    0.8000    0.8000    3.1740    2.7600    2.4000
    2.4000    2.4000    2.4000    2.4000    2.4000    2.4000
100000*second partial in parameter space
       25.       20.        8.        5.        4.        2.
        4.        5.        3.        4.        1.        1.
  0.0348  0.0348  0.0347  0.0353  0.0349  0.0346  0.0346  0.0348  0.0345  0.0346  0.0345  0.0345
  0.0347  0.0347  0.0347  0.0352  0.0347  0.0345  0.0345  0.0346  0.0345  0.0345  0.0345  0.0345
  0.0347  0.0347  0.0347  0.0349  0.0346  0.0345  0.0345  0.0345  0.0344  0.0345  0.0344  0.0344
  0.0347  0.0347  0.0347  0.0347  0.0345  0.0345  0.0345  0.0344  0.0344  0.0344  0.0344  0.0344
  0.0347  0.0347  0.0347  0.0345  0.0345  0.0345  0.0345  0.0344  0.0345  0.0345  0.0344  0.0345
  0.0348  0.0347  0.0347  0.0345  0.0345  0.0345  0.0346  0.0345  0.0346  0.0345  0.0345  0.0345
  0.0349  0.0348  0.0347  0.0350  0.0348  0.0345  0.0348  0.0346  0.0347  0.0347  0.0345  0.0345
   -0.5565   31.8515   -5.9714  -10.0907  -25.2345  -22.4036
    3.4085    5.6306   -8.3627   29.0149    2.7537  -23.0189
eta,q 0.96557 19.49412

---------------------------------------------------------------------
imgreg_4dfp /opt/freesurfer/average/711-2C_as_mni_average_305 /opt/freesurfer/average/711-2B_as_mni_average_305_mask talsrcimg_g11 none talsrcimg_to_711-2C_as_mni_average_305_t4 2311
---------------------------------------------------------------------

freesurfer imgreg_4dfp.c
/opt/freesurfer/average/711-2C_as_mni_average_305.4dfp.img
       256       256       256         1
  1.000000  1.000000  1.000000
orientation T byte_order littleendian
Reading image: /opt/freesurfer/average/711-2C_as_mni_average_305.4dfp.img
dimensions:      256       256       256
mmppix:       1.0000   -1.0000   -1.0000
center:     128.0000 -129.0000 -129.0000
/opt/freesurfer/average/711-2B_as_mni_average_305_mask.4dfp.img
       256       256       256         1
  1.000000  1.000000  1.000000
orientation T byte_order littleendian
Reading mask: /opt/freesurfer/average/711-2B_as_mni_average_305_mask.4dfp.img (2306576 pixels)
talsrcimg_g11.4dfp.img
       320       320       320         1
  0.700000  0.700000  0.700000
orientation T byte_order littleendian
Reading image: talsrcimg_g11.4dfp.img
dimensions:      320       320       320
mmppix:       0.7000   -0.7000   -0.7000
center:     112.0000 -112.7000 -112.7000
fimgreg.f
image alignment mode   2311 decimal      907 hex
parameters
   -0.5565   31.8515   -5.9714  -10.0907  -25.2345  -22.4036
    3.4085    5.6306   -8.3627   29.0148    2.7537  -23.0189
eta,q 0.96557 19.49411
niter,ni,del,rscale     5    3    5.0000    0.8000
parameters
   -0.7026   31.6503   -5.7535  -11.0678  -25.7363  -21.3932
    4.2743    5.1126   -8.2459   28.6206    3.4661  -22.6692
eta,q 0.96529 19.39364
  0.0352  0.0349  0.0347  0.0354  0.0355  0.0351  0.0355  0.0353  0.0352  0.0354  0.0349  0.0350
  0.0348  0.0346  0.0346  0.0353  0.0352  0.0349  0.0352  0.0350  0.0349  0.0351  0.0348  0.0349
  0.0345  0.0345  0.0345  0.0349  0.0349  0.0348  0.0349  0.0348  0.0348  0.0348  0.0347  0.0348
  0.0344  0.0344  0.0344  0.0344  0.0347  0.0347  0.0347  0.0347  0.0347  0.0347  0.0347  0.0347
  0.0346  0.0345  0.0344  0.0344  0.0347  0.0347  0.0347  0.0348  0.0347  0.0347  0.0347  0.0347
  0.0350  0.0348  0.0345  0.0357  0.0351  0.0348  0.0348  0.0351  0.0349  0.0350  0.0347  0.0348
  0.0357  0.0352  0.0346  0.0387  0.0364  0.0349  0.0352  0.0358  0.0352  0.0360  0.0348  0.0350
niter,ni,del,rscale     4    3    5.0000    0.7000
parameters
   -0.6812   31.7647   -5.2817  -11.0030  -25.9370  -21.2386
    4.0727    5.0840   -8.5946   28.4620    3.5605  -22.5875
eta,q 0.96532 19.38758
  0.0352  0.0351  0.0349  0.0355  0.0354  0.0350  0.0352  0.0353  0.0350  0.0354  0.0348  0.0349
  0.0350  0.0349  0.0348  0.0353  0.0351  0.0348  0.0349  0.0350  0.0348  0.0350  0.0348  0.0348
  0.0348  0.0348  0.0348  0.0351  0.0348  0.0347  0.0347  0.0348  0.0347  0.0348  0.0347  0.0347
  0.0347  0.0347  0.0347  0.0347  0.0347  0.0347  0.0347  0.0347  0.0347  0.0347  0.0347  0.0347
  0.0347  0.0347  0.0347  0.0344  0.0347  0.0347  0.0347  0.0347  0.0347  0.0347  0.0347  0.0347
  0.0349  0.0348  0.0347  0.0347  0.0349  0.0348  0.0349  0.0349  0.0349  0.0349  0.0347  0.0348
  0.0352  0.0350  0.0348  0.0360  0.0358  0.0350  0.0353  0.0354  0.0352  0.0357  0.0348  0.0349
niter,ni,del,rscale     3    3    5.0000    0.6000
parameters
   -0.6078   31.7516   -5.0476  -10.4060  -25.7997  -20.8929
    3.6309    5.1389   -9.0393   28.2907    3.3456  -22.6211
eta,q 0.96549 19.44221
  0.0351  0.0350  0.0348  0.0355  0.0351  0.0348  0.0349  0.0352  0.0347  0.0351  0.0346  0.0347
  0.0349  0.0348  0.0348  0.0353  0.0349  0.0347  0.0347  0.0349  0.0346  0.0348  0.0346  0.0346
  0.0348  0.0347  0.0347  0.0350  0.0347  0.0346  0.0345  0.0346  0.0345  0.0346  0.0345  0.0345
  0.0347  0.0347  0.0347  0.0347  0.0345  0.0345  0.0345  0.0345  0.0345  0.0345  0.0345  0.0345
  0.0347  0.0347  0.0347  0.0344  0.0345  0.0345  0.0346  0.0345  0.0346  0.0345  0.0345  0.0345
  0.0348  0.0348  0.0347  0.0345  0.0347  0.0346  0.0348  0.0347  0.0347  0.0347  0.0346  0.0346
  0.0350  0.0350  0.0348  0.0354  0.0352  0.0348  0.0351  0.0352  0.0349  0.0354  0.0347  0.0347
niter,ni,del,rscale     2    3    5.0000    0.5000
parameters
   -0.6379   31.7219   -4.8312   -9.9913  -25.6410  -20.2834
    3.5177    5.1199   -9.3663   28.0981    3.0213  -22.7522
eta,q 0.96562 19.49020
  0.0348  0.0347  0.0346  0.0353  0.0349  0.0347  0.0347  0.0349  0.0346  0.0348  0.0345  0.0345
  0.0347  0.0346  0.0346  0.0351  0.0347  0.0346  0.0345  0.0347  0.0345  0.0346  0.0344  0.0344
  0.0346  0.0345  0.0345  0.0348  0.0345  0.0345  0.0344  0.0345  0.0344  0.0345  0.0344  0.0344
  0.0345  0.0345  0.0345  0.0345  0.0344  0.0344  0.0344  0.0344  0.0344  0.0344  0.0344  0.0344
  0.0345  0.0345  0.0345  0.0343  0.0344  0.0344  0.0344  0.0344  0.0344  0.0344  0.0344  0.0344
  0.0347  0.0346  0.0345  0.0345  0.0345  0.0344  0.0346  0.0346  0.0345  0.0346  0.0344  0.0345
  0.0349  0.0347  0.0346  0.0352  0.0349  0.0345  0.0348  0.0350  0.0347  0.0351  0.0345  0.0345
niter,ni,del,rscale     1    3    5.0000    0.4000
parameters
   -0.7002   31.6709   -4.5541   -9.6736  -25.5672  -19.6243
    3.5167    5.0612   -9.5840   27.8995    2.6492  -22.8224
eta,q 0.96571 19.52561
  0.0346  0.0345  0.0345  0.0351  0.0347  0.0345  0.0346  0.0347  0.0344  0.0346  0.0344  0.0344
  0.0345  0.0344  0.0344  0.0349  0.0345  0.0345  0.0344  0.0345  0.0343  0.0345  0.0343  0.0343
  0.0344  0.0344  0.0344  0.0346  0.0344  0.0344  0.0343  0.0344  0.0343  0.0343  0.0343  0.0343
  0.0344  0.0344  0.0344  0.0344  0.0343  0.0343  0.0343  0.0343  0.0343  0.0343  0.0343  0.0343
  0.0344  0.0344  0.0344  0.0343  0.0343  0.0343  0.0343  0.0343  0.0343  0.0343  0.0343  0.0343
  0.0345  0.0345  0.0344  0.0344  0.0344  0.0343  0.0344  0.0345  0.0344  0.0345  0.0343  0.0343
  0.0347  0.0346  0.0344  0.0350  0.0347  0.0344  0.0346  0.0348  0.0345  0.0348  0.0344  0.0344
registration optimization eta report
parameter search radius
    0.8000    0.8000    0.8000    2.4000    2.4000    2.4000
    2.4000    2.4000    2.4000    2.4000    2.4000    2.4000
100000*second partial in parameter space
       43.       24.       10.       11.        6.        3.
        5.        8.        3.        8.        2.        2.
  0.0346  0.0345  0.0345  0.0351  0.0347  0.0345  0.0346  0.0347  0.0344  0.0346  0.0344  0.0344
  0.0345  0.0344  0.0344  0.0349  0.0345  0.0345  0.0344  0.0345  0.0343  0.0345  0.0343  0.0343
  0.0344  0.0344  0.0344  0.0346  0.0344  0.0344  0.0343  0.0344  0.0343  0.0343  0.0343  0.0343
  0.0344  0.0344  0.0344  0.0344  0.0343  0.0343  0.0343  0.0343  0.0343  0.0343  0.0343  0.0343
  0.0344  0.0344  0.0344  0.0343  0.0343  0.0343  0.0343  0.0343  0.0343  0.0343  0.0343  0.0343
  0.0345  0.0345  0.0344  0.0344  0.0344  0.0343  0.0344  0.0345  0.0344  0.0345  0.0343  0.0343
  0.0347  0.0346  0.0344  0.0350  0.0347  0.0344  0.0346  0.0348  0.0345  0.0348  0.0344  0.0344
   -0.7002   31.6709   -4.5541   -9.6736  -25.5672  -19.6243
    3.5167    5.0612   -9.5840   27.8995    2.6492  -22.8224
eta,q 0.96571 19.52561

---------------------------------------------------------------------
compute_vox2vox talsrcimg talsrcimg_to_711-2C_as_mni_average_305_t4 /opt/freesurfer/average/711-2C_as_mni_average_305
---------------------------------------------------------------------

freesurfer compute_vox2vox.c
Reading: talsrcimg.4dfp.ifh
Reading: talsrcimg_to_711-2C_as_mni_average_305_t4
Reading: /opt/freesurfer/average/711-2C_as_mni_average_305.4dfp.ifh
Writing: talsrcimg_to_711-2C_as_mni_average_305_t4_vox2vox.txt

start time Fri Mar 13 06:48:37 CET 2026
end		time Fri Mar 13 06:50:03 CET 2026

mpr2mni305 success

avi2talxfm orig_nu.mgz /opt/freesurfer/average/mni305.cor.mgz talsrcimg_to_711-2C_as_mni_average_305_t4_vox2vox.txt transforms/talairach.auto.xfm
avi2talxfm done
mv -f /out/sourcedata/freesurfer/sub-v2s5x29542_ses-1/mri/talsrcimg_to_711-2C_as_mni_average_305_t4_vox2vox.txt /out/sourcedata/freesurfer/sub-v2s5x29542_ses-1/mri/transforms/talsrcimg_to_711-2C_as_mni_average_305_t4_vox2vox.txt
lta_convert --src orig_nu.mgz --trg /opt/freesurfer/average/mni305.cor.mgz --inxfm transforms/talairach.auto.xfm --outlta transforms/talairach.auto.xfm.lta --subject fsaverage
7.3.2

--src: orig_nu.mgz src image (geometry).
--trg: /opt/freesurfer/average/mni305.cor.mgz trg image (geometry).
--inmni: transforms/talairach.auto.xfm input MNI/XFM transform.
--outlta: transforms/talairach.auto.xfm.lta output LTA.
--s: fsaverage subject name
 LTA read, type : 1
 1.10143  -0.04636  -0.06625  -2.06521;
 0.00358   1.12433   0.34457  -25.45266;
 0.14048  -0.42740   1.20581  -18.90649;
 0.00000   0.00000   0.00000   1.00000;
setting subject to fsaverage
Writing  LTA to file transforms/talairach.auto.xfm.lta...
lta_convert successful.
 
 
Started at Fri Mar 13 06:48:37 CET 2026
Ended   at Fri Mar 13 06:50:03 CET 2026
talairach_avi done
