Log file for defect2seg
Fri Mar 13 11:31:02 CET 2026

setenv SUBJECTS_DIR /out/sourcedata/freesurfer
cd /out/sourcedata/freesurfer/sub-v2s5x29563_ses-1/scripts
/opt/freesurfer/bin/defect2seg --s sub-v2s5x29563_ses-1 --rh-only --cortex

freesurfer-linux-ubuntu22_x86_64-7.3.2-20220804-6354275
defect2seg 7.3.2
Linux dna059 5.14.0-427.37.1.el9_4.x86_64 #1 SMP PREEMPT_DYNAMIC Fri Sep 13 12:41:50 EDT 2024 x86_64 x86_64 x86_64 GNU/Linux
pid 4087173
mri_label2label --label-cortex /out/sourcedata/freesurfer/sub-v2s5x29563_ses-1/surf/rh.orig.nofix /out/sourcedata/freesurfer/sub-v2s5x29563_ses-1/mri/aseg.presurf.mgz 0 /out/sourcedata/freesurfer/sub-v2s5x29563_ses-1/label/rh.nofix.cortex.label

 Generating cortex label... RemoveHipAmgy=0
 NucAccIsMedialWall=0
 mris->useRealRAS=0
40 non-cortical segments detected
only using segment with 17485 vertices
erasing segment 0 (vno[0] = 16811)
erasing segment 1 (vno[0] = 17971)
erasing segment 2 (vno[0] = 86258)
erasing segment 4 (vno[0] = 117128)
erasing segment 5 (vno[0] = 127481)
erasing segment 6 (vno[0] = 137507)
erasing segment 7 (vno[0] = 139564)
erasing segment 8 (vno[0] = 153973)
erasing segment 9 (vno[0] = 169076)
erasing segment 10 (vno[0] = 171809)
erasing segment 11 (vno[0] = 177293)
erasing segment 12 (vno[0] = 183663)
erasing segment 13 (vno[0] = 194184)
erasing segment 14 (vno[0] = 200442)
erasing segment 15 (vno[0] = 208948)
erasing segment 16 (vno[0] = 209003)
erasing segment 17 (vno[0] = 209005)
erasing segment 18 (vno[0] = 210619)
erasing segment 19 (vno[0] = 211835)
erasing segment 20 (vno[0] = 211940)
erasing segment 21 (vno[0] = 212079)
erasing segment 22 (vno[0] = 213204)
erasing segment 23 (vno[0] = 213280)
erasing segment 24 (vno[0] = 213321)
erasing segment 25 (vno[0] = 213457)
erasing segment 26 (vno[0] = 214920)
erasing segment 27 (vno[0] = 216089)
erasing segment 28 (vno[0] = 216160)
erasing segment 29 (vno[0] = 217428)
erasing segment 30 (vno[0] = 217601)
erasing segment 31 (vno[0] = 217762)
erasing segment 32 (vno[0] = 217791)
erasing segment 33 (vno[0] = 219088)
erasing segment 34 (vno[0] = 226090)
erasing segment 35 (vno[0] = 226117)
erasing segment 36 (vno[0] = 229653)
erasing segment 37 (vno[0] = 266247)
erasing segment 38 (vno[0] = 267265)
erasing segment 39 (vno[0] = 272592)
mri_label2vol --defects /out/sourcedata/freesurfer/sub-v2s5x29563_ses-1/surf/rh.orig.nofix /out/sourcedata/freesurfer/sub-v2s5x29563_ses-1/surf/rh.defect_labels /out/sourcedata/freesurfer/sub-v2s5x29563_ses-1/mri/orig.mgz 2000 0 /out/sourcedata/freesurfer/sub-v2s5x29563_ses-1/mri/rh.surface.defects.mgz /out/sourcedata/freesurfer/sub-v2s5x29563_ses-1/label/rh.nofix.cortex.label
mri_label2vol supposed to be reproducible but seed not set
Contraining to label /out/sourcedata/freesurfer/sub-v2s5x29563_ses-1/label/rh.nofix.cortex.label
Changing input type 0 to MRI_INT
Converting defects to volume: offset=2000, merge=0
Writing to /out/sourcedata/freesurfer/sub-v2s5x29563_ses-1/mri/rh.surface.defects.mgz
mris_defects_pointset -s /out/sourcedata/freesurfer/sub-v2s5x29563_ses-1/surf/rh.orig.nofix -d /out/sourcedata/freesurfer/sub-v2s5x29563_ses-1/surf/rh.defect_labels -o /out/sourcedata/freesurfer/sub-v2s5x29563_ses-1/surf/rh.defects.pointset --label /out/sourcedata/freesurfer/sub-v2s5x29563_ses-1/label/rh.nofix.cortex.label
Reading in surface /out/sourcedata/freesurfer/sub-v2s5x29563_ses-1/surf/rh.orig.nofix
Reading in defect segmentation /out/sourcedata/freesurfer/sub-v2s5x29563_ses-1/surf/rh.defect_labels
Reading in label /out/sourcedata/freesurfer/sub-v2s5x29563_ses-1/label/rh.nofix.cortex.label
#VMPC# mris_defects_pointset 2152512
mris_defects_pointset done
 
Started at Fri Mar 13 11:31:02 CET 2026 
Ended   at Fri Mar 13 11:31:38 CET 2026
Defect2seg-Run-Time-Sec 36
Defect2seg-Run-Time-Min 0.72
Defect2seg-Run-Time-Hours 0.01
 
defect2seg Done
