status file for recon-all
Fri Mar 13 07:48:15 CET 2026
#@# MotionCor Fri Mar 13 07:48:21 CET 2026
#@# Talairach Fri Mar 13 07:48:39 CET 2026
#@# Talairach Failure Detection Fri Mar 13 07:55:48 CET 2026
#@# Nu Intensity Correction Fri Mar 13 07:55:48 CET 2026
#@# Intensity Normalization Fri Mar 13 08:02:08 CET 2026
recon-all -s sub-v2s5x29563_ses-1 finished without error at Fri Mar 13 08:07:21 CET 2026



#New# invocation of recon-all 



status file for recon-all
Fri Mar 13 08:17:04 CET 2026
#@# EM Registration Fri Mar 13 08:17:04 CET 2026
recon-all -s sub-v2s5x29563_ses-1 finished without error at Fri Mar 13 08:18:39 CET 2026



#New# invocation of recon-all 



status file for recon-all
Fri Mar 13 08:18:40 CET 2026
#@# CA Normalize Fri Mar 13 08:18:40 CET 2026
#@# CA Reg Fri Mar 13 08:20:35 CET 2026
#@# SubCort Seg Fri Mar 13 08:59:35 CET 2026
#@# CC Seg Fri Mar 13 10:27:22 CET 2026
#@# Merge ASeg Fri Mar 13 10:28:18 CET 2026
#@# Intensity Normalization2 Fri Mar 13 10:28:18 CET 2026
#@# Mask BFS Fri Mar 13 10:33:39 CET 2026
#@# WM Segmentation Fri Mar 13 10:33:41 CET 2026
#@# Fill Fri Mar 13 10:39:37 CET 2026
recon-all -s sub-v2s5x29563_ses-1 finished without error at Fri Mar 13 10:41:27 CET 2026



#New# invocation of recon-all 



status file for recon-all
Fri Mar 13 12:08:53 CET 2026
#@# white curv lh Fri Mar 13 12:08:53 CET 2026
#@# white area lh Fri Mar 13 12:08:53 CET 2026
#@# pial curv lh Fri Mar 13 12:08:53 CET 2026
#@# pial area lh Fri Mar 13 12:08:53 CET 2026
#@# thickness lh Fri Mar 13 12:08:53 CET 2026
#@# area and vertex vol lh Fri Mar 13 12:08:53 CET 2026
#@# white curv rh Fri Mar 13 12:08:53 CET 2026
#@# white area rh Fri Mar 13 12:08:53 CET 2026
#@# pial curv rh Fri Mar 13 12:08:53 CET 2026
#@# pial area rh Fri Mar 13 12:08:53 CET 2026
#@# thickness rh Fri Mar 13 12:08:53 CET 2026
#@# area and vertex vol rh Fri Mar 13 12:08:53 CET 2026
#@# Cortical ribbon mask Fri Mar 13 12:08:53 CET 2026
recon-all -s sub-v2s5x29563_ses-1 finished without error at Fri Mar 13 12:34:33 CET 2026



#New# invocation of recon-all 



status file for recon-all
Fri Mar 13 12:48:59 CET 2026
#@# white curv lh Fri Mar 13 12:48:59 CET 2026
#@# white area lh Fri Mar 13 12:48:59 CET 2026
#@# pial curv lh Fri Mar 13 12:48:59 CET 2026
#@# pial area lh Fri Mar 13 12:48:59 CET 2026
#@# thickness lh Fri Mar 13 12:48:59 CET 2026
#@# area and vertex vol lh Fri Mar 13 12:48:59 CET 2026
#@# white curv rh Fri Mar 13 12:48:59 CET 2026
#@# white area rh Fri Mar 13 12:48:59 CET 2026
#@# pial curv rh Fri Mar 13 12:48:59 CET 2026
#@# pial area rh Fri Mar 13 12:48:59 CET 2026
#@# thickness rh Fri Mar 13 12:48:59 CET 2026
#@# area and vertex vol rh Fri Mar 13 12:48:59 CET 2026
#@# Curvature Stats lh Fri Mar 13 12:48:59 CET 2026
#@# Curvature Stats rh Fri Mar 13 12:49:05 CET 2026
#@# Relabel Hypointensities Fri Mar 13 12:49:11 CET 2026
#@# APas-to-ASeg Fri Mar 13 12:49:53 CET 2026
#@# AParc-to-ASeg aparc Fri Mar 13 12:50:11 CET 2026
#@# AParc-to-ASeg aparc.a2009s Fri Mar 13 12:52:33 CET 2026
#@# AParc-to-ASeg aparc.DKTatlas Fri Mar 13 12:54:55 CET 2026
#@# WMParc Fri Mar 13 12:57:19 CET 2026
#@# ASeg Stats Fri Mar 13 13:03:22 CET 2026
recon-all -s sub-v2s5x29563_ses-1 finished without error at Fri Mar 13 13:04:11 CET 2026
