/out/sourcedata/freesurfer/sub-v2s5x29554_ses-1/mri
/opt/freesurfer/bin/talairach_avi
--i orig_nu.mgz --xfm transforms/talairach.auto.xfm
talairach_avi 7.3.2
Linux dna069 5.14.0-427.37.1.el9_4.x86_64 #1 SMP PREEMPT_DYNAMIC Fri Sep 13 12:41:50 EDT 2024 x86_64 x86_64 x86_64 GNU/Linux
Fri Mar 13 07:23:57 CET 2026
mri_convert orig_nu.mgz talsrcimg.img 
reading from orig_nu.mgz...
TR=0.00, TE=0.00, TI=0.00, flip angle=0.00
i_ras = (-1, 0, 0)
j_ras = (0, 0, -1)
k_ras = (0, 1, 0)
writing to talsrcimg.img...
Analyze Output Matrix
-0.70000   0.00000   0.00000   114.74680;
 0.00000   0.00000   0.70000  -89.02499;
 0.00000  -0.70000   0.00000   101.72600;
 0.00000   0.00000   0.00000   1.00000;
--------------------
INFO: set hdr.hist.orient to -1
mpr2mni305 talsrcimg
Fri Mar 13 07:23:57 CET 2026
/opt/freesurfer/bin/mpr2mni305 talsrcimg
mpr2mni305 7.3.2
target=711-2C_as_mni_average_305

---------------------------------------------------------------------
analyzeto4dfp talsrcimg -O0 -y
---------------------------------------------------------------------

freesurfer ifh2hdr.c
Fri Mar 13 07:23:58 2026
Writing: talsrcimg.4dfp.hdr
freesurfer analyzeto4dfp.c
Reading: talsrcimg.hdr
header size 348 bytes
hdr.dime.datatype	offset=70	value=2
hdr.dime.bitpix		offset=72	value=8
hdr.hist.orient		offset=252	value=-1
dimensionality     4
dimensions       320       320       320         1
Reading: talsrcimg.img
Writing: talsrcimg.4dfp.img
Writing: talsrcimg.4dfp.ifh
ifh2hdr talsrcimg -r0to221
ori=2

---------------------------------------------------------------------
gauss_4dfp talsrcimg 1.1
---------------------------------------------------------------------

freesurfer gauss_4dfp.c
Reading: talsrcimg.4dfp.img
Writing: talsrcimg_g11.4dfp.img
image dimensions 320 320 320 padded to 384 384 384
processing volume 1freesurfer ifh2hdr.c
Fri Mar 13 07:24:05 2026
Writing: talsrcimg_g11.4dfp.hdr

Writing: talsrcimg_g11.4dfp.ifh
including: talsrcimg.4dfp.img.rec in talsrcimg_g11.4dfp.img.rec

---------------------------------------------------------------------
imgreg_4dfp /opt/freesurfer/average/711-2C_as_mni_average_305 none talsrcimg_g11 none talsrcimg_to_711-2C_as_mni_average_305_t4 4355
---------------------------------------------------------------------

freesurfer imgreg_4dfp.c
/opt/freesurfer/average/711-2C_as_mni_average_305.4dfp.img
       256       256       256         1
  1.000000  1.000000  1.000000
orientation T byte_order littleendian
Reading image: /opt/freesurfer/average/711-2C_as_mni_average_305.4dfp.img
dimensions:      256       256       256
mmppix:       1.0000   -1.0000   -1.0000
center:     128.0000 -129.0000 -129.0000
talsrcimg_g11.4dfp.img
       320       320       320         1
  0.700000  0.700000  0.700000
orientation T byte_order littleendian
Reading image: talsrcimg_g11.4dfp.img
dimensions:      320       320       320
mmppix:       0.7000   -0.7000   -0.7000
center:     112.0000 -112.7000 -112.7000
t4_read: open error in t4_sub.f l:  41 t4_file(1:l)talsrcimg_to_711-2C_as_mni_average_305_t4 
t4_read: transform initialized to I4
rotation matrix determinant  1.000000
image alignment mode   4355 decimal     1103 hex
   -7.5000  -45.0000  -45.0000 4481.7397   27.4428
    0.0000  -45.0000  -45.0000 4731.0049   27.5463
    7.5000  -45.0000  -45.0000 4461.0479   27.6046
   -7.5000  -37.5000  -45.0000 4802.0327   27.8226
    0.0000  -37.5000  -45.0000 5056.8555   27.9091
    7.5000  -37.5000  -45.0000 4777.3047   27.9643
   -7.5000  -30.0000  -45.0000 5124.4399   27.4804
    0.0000  -30.0000  -45.0000 5389.7979   27.5620
    7.5000  -30.0000  -45.0000 5099.8330   27.6158
   -7.5000  -22.5000  -45.0000 5288.9971   26.4351
    0.0000  -22.5000  -45.0000 5564.5410   26.5210
    7.5000  -22.5000  -45.0000 5271.1558   26.5748
   -7.5000  -15.0000  -45.0000 5708.0210   25.5867
    0.0000  -15.0000  -45.0000 6000.2109   25.6721
    7.5000  -15.0000  -45.0000 5687.3691   25.7209
   -7.5000   -7.5000  -45.0000 6146.9688   24.9962
    0.0000   -7.5000  -45.0000 6456.2139   25.0754
    7.5000   -7.5000  -45.0000 6117.0391   25.1199
   -7.5000    0.0000  -45.0000 6653.2065   24.9334
    0.0000    0.0000  -45.0000 6975.3281   25.0094
    7.5000    0.0000  -45.0000 6630.5488   25.0548
   -7.5000    7.5000  -45.0000 6582.6313   24.9771
    0.0000    7.5000  -45.0000 6875.3057   25.0483
    7.5000    7.5000  -45.0000 6548.5288   25.0957
   -7.5000   15.0000  -45.0000 6366.3125   24.6904
    0.0000   15.0000  -45.0000 6665.2607   24.7601
    7.5000   15.0000  -45.0000 6323.3135   24.8079
   -7.5000   22.5000  -45.0000 6115.7417   24.0436
    0.0000   22.5000  -45.0000 6406.9263   24.1176
    7.5000   22.5000  -45.0000 6071.9634   24.1648
   -7.5000   30.0000  -45.0000 6046.1929   23.9947
    0.0000   30.0000  -45.0000 6318.2119   24.0727
    7.5000   30.0000  -45.0000 6009.5728   24.1179
   -7.5000   37.5000  -45.0000 5726.4580   23.1774
    0.0000   37.5000  -45.0000 5989.3027   23.2512
    7.5000   37.5000  -45.0000 5707.4658   23.2926
   -7.5000   45.0000  -45.0000 5371.0415   22.4562
    0.0000   45.0000  -45.0000 5614.3818   22.5250
    7.5000   45.0000  -45.0000 5362.4673   22.5662
   -7.5000  -45.0000  -37.5000 4700.7036   28.2314
    0.0000  -45.0000  -37.5000 4952.1963   28.3276
    7.5000  -45.0000  -37.5000 4687.3535   28.3855
   -7.5000  -37.5000  -37.5000 5050.7329   28.5659
    0.0000  -37.5000  -37.5000 5298.0161   28.6314
    7.5000  -37.5000  -37.5000 5024.4434   28.6820
   -7.5000  -30.0000  -37.5000 5411.7344   28.1635
    0.0000  -30.0000  -37.5000 5680.4395   28.2220
    7.5000  -30.0000  -37.5000 5390.9160   28.2736
   -7.5000  -22.5000  -37.5000 5599.7095   27.1132
    0.0000  -22.5000  -37.5000 5875.6270   27.1844
    7.5000  -22.5000  -37.5000 5589.9058   27.2398
   -7.5000  -15.0000  -37.5000 6046.8149   26.2590
    0.0000  -15.0000  -37.5000 6350.7134   26.3425
    7.5000  -15.0000  -37.5000 6043.8896   26.3957
   -7.5000   -7.5000  -37.5000 6509.4292   25.6654
    0.0000   -7.5000  -37.5000 6833.4629   25.7486
    7.5000   -7.5000  -37.5000 6510.7104   25.7986
   -7.5000    0.0000  -37.5000 7074.4888   25.6048
    0.0000    0.0000  -37.5000 7414.2847   25.6770
    7.5000    0.0000  -37.5000 7074.0029   25.7245
   -7.5000    7.5000  -37.5000 6996.0835   25.6541
    0.0000    7.5000  -37.5000 7314.9375   25.7087
    7.5000    7.5000  -37.5000 6990.5156   25.7545
   -7.5000   15.0000  -37.5000 6758.0913   25.3620
    0.0000   15.0000  -37.5000 7083.7954   25.4119
    7.5000   15.0000  -37.5000 6752.1318   25.4583
   -7.5000   22.5000  -37.5000 6496.8643   24.7091
    0.0000   22.5000  -37.5000 6795.4038   24.7707
    7.5000   22.5000  -37.5000 6491.2363   24.8191
   -7.5000   30.0000  -37.5000 6436.9858   24.6552
    0.0000   30.0000  -37.5000 6713.8535   24.7317
    7.5000   30.0000  -37.5000 6451.4277   24.7811
   -7.5000   37.5000  -37.5000 6109.9341   23.8167
    0.0000   37.5000  -37.5000 6366.0962   23.8943
    7.5000   37.5000  -37.5000 6141.5132   23.9408
   -7.5000   45.0000  -37.5000 5759.8989   23.0585
    0.0000   45.0000  -37.5000 5987.7329   23.1241
    7.5000   45.0000  -37.5000 5782.9434   23.1673
   -7.5000  -45.0000  -30.0000 4880.7603   28.8868
    0.0000  -45.0000  -30.0000 5123.0312   28.9657
    7.5000  -45.0000  -30.0000 4876.0200   29.0048
   -7.5000  -37.5000  -30.0000 5270.1489   29.2539
    0.0000  -37.5000  -30.0000 5508.7192   29.2939
    7.5000  -37.5000  -30.0000 5252.0303   29.3261
   -7.5000  -30.0000  -30.0000 5688.2090   28.8201
    0.0000  -30.0000  -30.0000 5949.7363   28.8553
    7.5000  -30.0000  -30.0000 5678.0527   28.8956
   -7.5000  -22.5000  -30.0000 5901.0122   27.7573
    0.0000  -22.5000  -30.0000 6176.5684   27.8133
    7.5000  -22.5000  -30.0000 5905.9058   27.8620
   -7.5000  -15.0000  -30.0000 6383.0366   26.8900
    0.0000  -15.0000  -30.0000 6695.7524   26.9669
    7.5000  -15.0000  -30.0000 6392.7119   27.0138
   -7.5000   -7.5000  -30.0000 6897.7573   26.2961
    0.0000   -7.5000  -30.0000 7235.1113   26.3734
    7.5000   -7.5000  -30.0000 6905.8989   26.4139
   -7.5000    0.0000  -30.0000 7523.5068   26.2471
    0.0000    0.0000  -30.0000 7884.5610   26.3038
    7.5000    0.0000  -30.0000 7531.4404   26.3374
   -7.5000    7.5000  -30.0000 7431.0454   26.3050
    0.0000    7.5000  -30.0000 7773.5293   26.3372
    7.5000    7.5000  -30.0000 7440.9263   26.3685
   -7.5000   15.0000  -30.0000 7177.2373   26.0037
    0.0000   15.0000  -30.0000 7513.2915   26.0337
    7.5000   15.0000  -30.0000 7198.4844   26.0704
   -7.5000   22.5000  -30.0000 6911.4707   25.3398
    0.0000   22.5000  -30.0000 7216.3574   25.3887
    7.5000   22.5000  -30.0000 6938.1543   25.4314
   -7.5000   30.0000  -30.0000 6864.1914   25.2761
    0.0000   30.0000  -30.0000 7156.7090   25.3466
    7.5000   30.0000  -30.0000 6907.6401   25.3903
   -7.5000   37.5000  -30.0000 6527.9307   24.4379
    0.0000   37.5000  -30.0000 6782.9155   24.5101
    7.5000   37.5000  -30.0000 6568.7080   24.5478
   -7.5000   45.0000  -30.0000 6176.1572   23.6715
    0.0000   45.0000  -30.0000 6391.8096   23.7232
    7.5000   45.0000  -30.0000 6204.2886   23.7538
   -7.5000  -45.0000  -22.5000 4807.5483   29.2934
    0.0000  -45.0000  -22.5000 5025.2070   29.3420
    7.5000  -45.0000  -22.5000 4818.3677   29.3596
   -7.5000  -37.5000  -22.5000 5187.4502   29.6421
    0.0000  -37.5000  -22.5000 5404.9238   29.6570
    7.5000  -37.5000  -22.5000 5175.2559   29.6727
   -7.5000  -30.0000  -22.5000 5638.0132   29.1817
    0.0000  -30.0000  -22.5000 5879.9839   29.2020
    7.5000  -30.0000  -22.5000 5628.9092   29.2308
   -7.5000  -22.5000  -22.5000 5904.1060   28.0929
    0.0000  -22.5000  -22.5000 6166.5542   28.1401
    7.5000  -22.5000  -22.5000 5898.3403   28.1778
   -7.5000  -15.0000  -22.5000 6431.0376   27.2033
    0.0000  -15.0000  -22.5000 6728.5312   27.2676
    7.5000  -15.0000  -22.5000 6427.7832   27.3005
   -7.5000   -7.5000  -22.5000 7023.5420   26.5958
    0.0000   -7.5000  -22.5000 7348.2891   26.6507
    7.5000   -7.5000  -22.5000 7010.7817   26.6737
   -7.5000    0.0000  -22.5000 7715.2412   26.5480
    0.0000    0.0000  -22.5000 8059.0073   26.5764
    7.5000    0.0000  -22.5000 7704.0156   26.5915
   -7.5000    7.5000  -22.5000 7608.9316   26.6080
    0.0000    7.5000  -22.5000 7950.3833   26.6175
    7.5000    7.5000  -22.5000 7625.1948   26.6338
   -7.5000   15.0000  -22.5000 7346.3037   26.3023
    0.0000   15.0000  -22.5000 7678.3857   26.3202
    7.5000   15.0000  -22.5000 7393.0928   26.3463
   -7.5000   22.5000  -22.5000 7096.8511   25.6293
    0.0000   22.5000  -22.5000 7402.4282   25.6706
    7.5000   22.5000  -22.5000 7152.5396   25.7037
   -7.5000   30.0000  -22.5000 7085.0503   25.5638
    0.0000   30.0000  -22.5000 7380.2212   25.6226
    7.5000   30.0000  -22.5000 7146.6323   25.6533
   -7.5000   37.5000  -22.5000 6757.4346   24.7159
    0.0000   37.5000  -22.5000 7018.3740   24.7673
    7.5000   37.5000  -22.5000 6789.2158   24.7888
   -7.5000   45.0000  -22.5000 6423.3784   23.9437
    0.0000   45.0000  -22.5000 6647.7388   23.9692
    7.5000   45.0000  -22.5000 6435.4829   23.9829
   -7.5000  -45.0000  -15.0000 4962.9644   29.8294
    0.0000  -45.0000  -15.0000 5157.3975   29.8797
    7.5000  -45.0000  -15.0000 4952.8184   29.8990
   -7.5000  -37.5000  -15.0000 5347.5747   30.2289
    0.0000  -37.5000  -15.0000 5544.7822   30.2575
    7.5000  -37.5000  -15.0000 5309.6992   30.2790
   -7.5000  -30.0000  -15.0000 5821.8140   29.7610
    0.0000  -30.0000  -15.0000 6053.1631   29.7995
    7.5000  -30.0000  -15.0000 5781.8696   29.8305
   -7.5000  -22.5000  -15.0000 6132.6099   28.6837
    0.0000  -22.5000  -15.0000 6394.8179   28.7438
    7.5000  -22.5000  -15.0000 6086.7061   28.7790
   -7.5000  -15.0000  -15.0000 6718.4194   27.7986
    0.0000  -15.0000  -15.0000 7031.5869   27.8637
    7.5000  -15.0000  -15.0000 6667.3159   27.8914
   -7.5000   -7.5000  -15.0000 7402.7256   27.1850
    0.0000   -7.5000  -15.0000 7763.3462   27.2335
    7.5000   -7.5000  -15.0000 7341.2417   27.2516
   -7.5000    0.0000  -15.0000 8207.0771   27.1275
    0.0000    0.0000  -15.0000 8612.4941   27.1551
    7.5000    0.0000  -15.0000 8147.0288   27.1695
   -7.5000    7.5000  -15.0000 8136.5273   27.1793
    0.0000    7.5000  -15.0000 8545.1562   27.1998
    7.5000    7.5000  -15.0000 8122.2959   27.2187
   -7.5000   15.0000  -15.0000 7874.2544   26.8769
    0.0000   15.0000  -15.0000 8240.3359   26.9110
    7.5000   15.0000  -15.0000 7885.1226   26.9388
   -7.5000   22.5000  -15.0000 7646.9482   26.2154
    0.0000   22.5000  -15.0000 7991.7812   26.2682
    7.5000   22.5000  -15.0000 7643.0269   26.2992
   -7.5000   30.0000  -15.0000 7644.1489   26.1535
    0.0000   30.0000  -15.0000 8005.2832   26.2132
    7.5000   30.0000  -15.0000 7602.8950   26.2391
   -7.5000   37.5000  -15.0000 7295.7168   25.3030
    0.0000   37.5000  -15.0000 7614.6323   25.3486
    7.5000   37.5000  -15.0000 7222.1025   25.3656
   -7.5000   45.0000  -15.0000 6892.4219   24.5209
    0.0000   45.0000  -15.0000 7186.9385   24.5457
    7.5000   45.0000  -15.0000 6829.1528   24.5586
   -7.5000  -45.0000   -7.5000 5145.1279   30.6249
    0.0000  -45.0000   -7.5000 5348.2358   30.7031
    7.5000  -45.0000   -7.5000 5112.5684   30.7441
   -7.5000  -37.5000   -7.5000 5544.5347   31.0317
    0.0000  -37.5000   -7.5000 5762.2812   31.0958
    7.5000  -37.5000   -7.5000 5499.7764   31.1399
   -7.5000  -30.0000   -7.5000 6034.2886   30.5368
    0.0000  -30.0000   -7.5000 6274.0464   30.6074
    7.5000  -30.0000   -7.5000 5997.9922   30.6549
   -7.5000  -22.5000   -7.5000 6355.7588   29.4480
    0.0000  -22.5000   -7.5000 6622.2715   29.5308
    7.5000  -22.5000   -7.5000 6330.0342   29.5778
   -7.5000  -15.0000   -7.5000 7014.4229   28.5582
    0.0000  -15.0000   -7.5000 7341.1240   28.6371
    7.5000  -15.0000   -7.5000 6982.9360   28.6753
   -7.5000   -7.5000   -7.5000 7821.8193   27.9328
    0.0000   -7.5000   -7.5000 8254.7139   27.9952
    7.5000   -7.5000   -7.5000 7748.3770   28.0256
   -7.5000    0.0000   -7.5000 8830.8350   27.8615
    0.0000    0.0000   -7.5000 9357.0908   27.9135
    7.5000    0.0000   -7.5000 8672.5693   27.9445
   -7.5000    7.5000   -7.5000 8930.3945   27.9005
    0.0000    7.5000   -7.5000 9513.0371   27.9524
    7.5000    7.5000   -7.5000 8744.9307   27.9894
   -7.5000   15.0000   -7.5000 8728.2061   27.5974
    0.0000   15.0000   -7.5000 9245.0117   27.6593
    7.5000   15.0000   -7.5000 8537.2900   27.7017
   -7.5000   22.5000   -7.5000 8453.3760   26.9451
    0.0000   22.5000   -7.5000 8929.6963   27.0174
    7.5000   22.5000   -7.5000 8226.6172   27.0591
   -7.5000   30.0000   -7.5000 8391.7510   26.8919
    0.0000   30.0000   -7.5000 8863.7207   26.9646
    7.5000   30.0000   -7.5000 8127.2607   27.0003
   -7.5000   37.5000   -7.5000 7938.9331   26.0389
    0.0000   37.5000   -7.5000 8374.9463   26.0976
    7.5000   37.5000   -7.5000 7698.2266   26.1261
   -7.5000   45.0000   -7.5000 7473.7031   25.2439
    0.0000   45.0000   -7.5000 7840.0220   25.2910
    7.5000   45.0000   -7.5000 7289.5239   25.3191
   -7.5000  -45.0000    0.0000 5286.5229   31.1694
    0.0000  -45.0000    0.0000 5502.5630   31.2743
    7.5000  -45.0000    0.0000 5268.6313   31.3369
   -7.5000  -37.5000    0.0000 5737.9727   31.5833
    0.0000  -37.5000    0.0000 5974.4546   31.6689
    7.5000  -37.5000    0.0000 5711.1748   31.7294
   -7.5000  -30.0000    0.0000 6286.0371   31.0711
    0.0000  -30.0000    0.0000 6565.8857   31.1553
    7.5000  -30.0000    0.0000 6254.1650   31.2154
   -7.5000  -22.5000    0.0000 6659.6040   29.9665
    0.0000  -22.5000    0.0000 6997.7109   30.0593
    7.5000  -22.5000    0.0000 6608.7891   30.1199
   -7.5000  -15.0000    0.0000 7369.0664   29.0652
    0.0000  -15.0000    0.0000 7803.7603   29.1585
    7.5000  -15.0000    0.0000 7285.7651   29.2134
   -7.5000   -7.5000    0.0000 8206.5938   28.4315
    0.0000   -7.5000    0.0000 8760.4434   28.5161
    7.5000   -7.5000    0.0000 8041.0781   28.5656
   -7.5000    0.0000    0.0000 9309.5557   28.3575
    0.0000    0.0000    0.000010028.2646   28.4351
    7.5000    0.0000    0.0000 9006.4580   28.4848
   -7.5000    7.5000    0.0000 9626.1533   28.3963
    0.0000    7.5000    0.000010492.7695   28.4680
    7.5000    7.5000    0.0000 9181.8330   28.5202
   -7.5000   15.0000    0.0000 9602.3750   28.0953
    0.0000   15.0000    0.000010458.8633   28.1684
    7.5000   15.0000    0.0000 9112.9229   28.2224
   -7.5000   22.5000    0.0000 9213.2441   27.4445
    0.0000   22.5000    0.000010001.6299   27.5255
    7.5000   22.5000    0.0000 8743.7646   27.5792
   -7.5000   30.0000    0.0000 8978.5322   27.3897
    0.0000   30.0000    0.0000 9690.6729   27.4756
    7.5000   30.0000    0.0000 8578.5342   27.5269
   -7.5000   37.5000    0.0000 8409.9404   26.5358
    0.0000   37.5000    0.0000 9014.3037   26.6152
    7.5000   37.5000    0.0000 8115.6167   26.6616
   -7.5000   45.0000    0.0000 7914.5723   25.7431
    0.0000   45.0000    0.0000 8412.4951   25.8139
    7.5000   45.0000    0.0000 7702.6470   25.8593
   -7.5000  -45.0000    7.5000 5073.7241   32.2628
    0.0000  -45.0000    7.5000 5330.3105   32.3739
    7.5000  -45.0000    7.5000 5041.6704   32.4359
   -7.5000  -37.5000    7.5000 5536.4570   32.6515
    0.0000  -37.5000    7.5000 5827.9790   32.7302
    7.5000  -37.5000    7.5000 5474.9351   32.7870
   -7.5000  -30.0000    7.5000 6087.9922   32.0705
    0.0000  -30.0000    7.5000 6433.0142   32.1421
    7.5000  -30.0000    7.5000 5998.7646   32.2028
   -7.5000  -22.5000    7.5000 6464.4058   30.8803
    0.0000  -22.5000    7.5000 6854.5889   30.9646
    7.5000  -22.5000    7.5000 6329.1230   31.0300
   -7.5000  -15.0000    7.5000 7124.3560   29.9153
    0.0000  -15.0000    7.5000 7597.5166   30.0119
    7.5000  -15.0000    7.5000 6943.0635   30.0728
   -7.5000   -7.5000    7.5000 7837.4868   29.2510
    0.0000   -7.5000    7.5000 8370.0967   29.3467
    7.5000   -7.5000    7.5000 7615.0991   29.4013
   -7.5000    0.0000    7.5000 8820.9209   29.1880
    0.0000    0.0000    7.5000 9444.3311   29.2714
    7.5000    0.0000    7.5000 8555.3975   29.3227
   -7.5000    7.5000    7.5000 9204.6240   29.2388
    0.0000    7.5000    7.5000 9980.1797   29.3042
    7.5000    7.5000    7.5000 8831.1689   29.3555
   -7.5000   15.0000    7.5000 9288.9209   28.9226
    0.0000   15.0000    7.500010217.6621   28.9837
    7.5000   15.0000    7.5000 8834.8418   29.0383
   -7.5000   22.5000    7.5000 8887.1748   28.2378
    0.0000   22.5000    7.5000 9760.2256   28.3110
    7.5000   22.5000    7.5000 8497.7686   28.3686
   -7.5000   30.0000    7.5000 8637.0215   28.1729
    0.0000   30.0000    7.5000 9423.1924   28.2618
    7.5000   30.0000    7.5000 8354.6514   28.3186
   -7.5000   37.5000    7.5000 8140.3237   27.2989
    0.0000   37.5000    7.5000 8812.3750   27.3886
    7.5000   37.5000    7.5000 7921.9287   27.4398
   -7.5000   45.0000    7.5000 7698.1050   26.5027
    0.0000   45.0000    7.5000 8287.7246   26.5791
    7.5000   45.0000    7.5000 7528.2847   26.6262
   -7.5000  -45.0000   15.0000 4802.9810   33.8009
    0.0000  -45.0000   15.0000 5088.6318   33.8919
    7.5000  -45.0000   15.0000 4733.0557   33.9320
   -7.5000  -37.5000   15.0000 5253.5693   34.1580
    0.0000  -37.5000   15.0000 5563.5142   34.2070
    7.5000  -37.5000   15.0000 5157.2432   34.2444
   -7.5000  -30.0000   15.0000 5771.4956   33.4812
    0.0000  -30.0000   15.0000 6122.6079   33.5286
    7.5000  -30.0000   15.0000 5648.1880   33.5807
   -7.5000  -22.5000   15.0000 6126.9790   32.1732
    0.0000  -22.5000   15.0000 6507.8628   32.2450
    7.5000  -22.5000   15.0000 5977.0249   32.3067
   -7.5000  -15.0000   15.0000 6756.6694   31.1093
    0.0000  -15.0000   15.0000 7190.9121   31.2015
    7.5000  -15.0000   15.0000 6582.2954   31.2563
   -7.5000   -7.5000   15.0000 7427.3394   30.3943
    0.0000   -7.5000   15.0000 7888.9595   30.4825
    7.5000   -7.5000   15.0000 7250.6631   30.5252
   -7.5000    0.0000   15.0000 8443.9199   30.3479
    0.0000    0.0000   15.0000 8988.6504   30.4115
    7.5000    0.0000   15.0000 8215.2500   30.4459
   -7.5000    7.5000   15.0000 8831.1494   30.4200
    0.0000    7.5000   15.0000 9660.0127   30.4586
    7.5000    7.5000   15.0000 8504.3545   30.4949
   -7.5000   15.0000   15.0000 8756.1309   30.0877
    0.0000   15.0000   15.0000 9646.5186   30.1277
    7.5000   15.0000   15.0000 8448.1455   30.1745
   -7.5000   22.5000   15.0000 8259.6855   29.3565
    0.0000   22.5000   15.0000 8996.3662   29.4189
    7.5000   22.5000   15.0000 8083.5298   29.4728
   -7.5000   30.0000   15.0000 8127.0386   29.2714
    0.0000   30.0000   15.0000 8794.4951   29.3559
    7.5000   30.0000   15.0000 8008.3550   29.4070
   -7.5000   37.5000   15.0000 7817.5298   28.3618
    0.0000   37.5000   15.0000 8421.3916   28.4445
    7.5000   37.5000   15.0000 7679.4824   28.4846
   -7.5000   45.0000   15.0000 7470.5967   27.5206
    0.0000   45.0000   15.0000 8024.6538   27.5788
    7.5000   45.0000   15.0000 7333.2349   27.6103
   -7.5000  -45.0000   22.5000 4482.5767   35.5113
    0.0000  -45.0000   22.5000 4761.4600   35.5865
    7.5000  -45.0000   22.5000 4418.7866   35.6082
   -7.5000  -37.5000   22.5000 4915.1440   35.8543
    0.0000  -37.5000   22.5000 5217.2549   35.8877
    7.5000  -37.5000   22.5000 4824.6079   35.9076
   -7.5000  -30.0000   22.5000 5417.5566   35.0798
    0.0000  -30.0000   22.5000 5733.6943   35.1215
    7.5000  -30.0000   22.5000 5311.6035   35.1614
   -7.5000  -22.5000   22.5000 5768.0552   33.6399
    0.0000  -22.5000   22.5000 6093.3516   33.7139
    7.5000  -22.5000   22.5000 5654.5347   33.7668
   -7.5000  -15.0000   22.5000 6394.3291   32.4779
    0.0000  -15.0000   22.5000 6748.1108   32.5696
    7.5000  -15.0000   22.5000 6270.8311   32.6153
   -7.5000   -7.5000   22.5000 7089.2642   31.7049
    0.0000   -7.5000   22.5000 7471.5317   31.7818
    7.5000   -7.5000   22.5000 6935.7534   31.8119
   -7.5000    0.0000   22.5000 8033.8789   31.6624
    0.0000    0.0000   22.5000 8531.8057   31.7063
    7.5000    0.0000   22.5000 7843.5347   31.7243
   -7.5000    7.5000   22.5000 8230.9043   31.7377
    0.0000    7.5000   22.5000 8943.5264   31.7603
    7.5000    7.5000   22.5000 8020.8066   31.7807
   -7.5000   15.0000   22.5000 7975.9536   31.3769
    0.0000   15.0000   22.5000 8614.2461   31.4122
    7.5000   15.0000   22.5000 7859.6685   31.4478
   -7.5000   22.5000   22.5000 7567.1348   30.6240
    0.0000   22.5000   22.5000 8081.5010   30.6882
    7.5000   22.5000   22.5000 7539.8223   30.7343
   -7.5000   30.0000   22.5000 7618.7959   30.5367
    0.0000   30.0000   22.5000 8102.8604   30.6204
    7.5000   30.0000   22.5000 7545.2969   30.6629
   -7.5000   37.5000   22.5000 7392.3599   29.6091
    0.0000   37.5000   22.5000 7866.0332   29.6814
    7.5000   37.5000   22.5000 7265.8418   29.7097
   -7.5000   45.0000   22.5000 7080.2363   28.6821
    0.0000   45.0000   22.5000 7549.4302   28.7221
    7.5000   45.0000   22.5000 6948.4839   28.7385
   -7.5000  -45.0000   30.0000 4355.9458   37.5928
    0.0000  -45.0000   30.0000 4604.4126   37.6931
    7.5000  -45.0000   30.0000 4299.0176   37.7329
   -7.5000  -37.5000   30.0000 4813.8652   37.9146
    0.0000  -37.5000   30.0000 5053.9722   37.9823
    7.5000  -37.5000   30.0000 4735.7319   38.0277
   -7.5000  -30.0000   30.0000 5327.1606   37.0766
    0.0000  -30.0000   30.0000 5570.9590   37.1561
    7.5000  -30.0000   30.0000 5241.3530   37.2179
   -7.5000  -22.5000   30.0000 5685.7676   35.5298
    0.0000  -22.5000   30.0000 5949.5986   35.6378
    7.5000  -22.5000   30.0000 5592.4048   35.7046
   -7.5000  -15.0000   30.0000 6301.4165   34.2697
    0.0000  -15.0000   30.0000 6601.0132   34.3820
    7.5000  -15.0000   30.0000 6202.1362   34.4339
   -7.5000   -7.5000   30.0000 6968.5630   33.4063
    0.0000   -7.5000   30.0000 7270.8359   33.4929
    7.5000   -7.5000   30.0000 6851.0283   33.5276
   -7.5000    0.0000   30.0000 7836.5024   33.3224
    0.0000    0.0000   30.0000 8249.2393   33.3798
    7.5000    0.0000   30.0000 7698.5806   33.4085
   -7.5000    7.5000   30.0000 7902.9937   33.3752
    0.0000    7.5000   30.0000 8466.1582   33.4230
    7.5000    7.5000   30.0000 7794.5342   33.4605
   -7.5000   15.0000   30.0000 7667.1758   33.0072
    0.0000   15.0000   30.0000 8135.8955   33.0741
    7.5000   15.0000   30.0000 7637.1299   33.1268
   -7.5000   22.5000   30.0000 7432.8828   32.2469
    0.0000   22.5000   30.0000 7829.9600   32.3399
    7.5000   22.5000   30.0000 7403.8545   32.3978
   -7.5000   30.0000   30.0000 7545.0708   32.1768
    0.0000   30.0000   30.0000 7967.4028   32.2792
    7.5000   30.0000   30.0000 7467.7056   32.3273
   -7.5000   37.5000   30.0000 7312.9966   31.1939
    0.0000   37.5000   30.0000 7734.4585   31.2753
    7.5000   37.5000   30.0000 7198.3076   31.3080
   -7.5000   45.0000   30.0000 6986.1328   30.1318
    0.0000   45.0000   30.0000 7402.1099   30.1837
    7.5000   45.0000   30.0000 6866.3477   30.2098
   -7.5000  -45.0000   37.5000 4088.8755   38.9389
    0.0000  -45.0000   37.5000 4310.6367   39.0537
    7.5000  -45.0000   37.5000 4044.2676   39.1039
   -7.5000  -37.5000   37.5000 4533.6729   39.2428
    0.0000  -37.5000   37.5000 4754.3242   39.3333
    7.5000  -37.5000   37.5000 4471.6934   39.3917
   -7.5000  -30.0000   37.5000 5040.2476   38.3790
    0.0000  -30.0000   37.5000 5270.7466   38.4771
    7.5000  -30.0000   37.5000 4965.5146   38.5460
   -7.5000  -22.5000   37.5000 5391.1421   36.7705
    0.0000  -22.5000   37.5000 5625.0605   36.8888
    7.5000  -22.5000   37.5000 5312.6543   36.9601
   -7.5000  -15.0000   37.5000 5952.5698   35.4130
    0.0000  -15.0000   37.5000 6182.1338   35.5270
    7.5000  -15.0000   37.5000 5880.2715   35.5811
   -7.5000   -7.5000   37.5000 6553.3008   34.4614
    0.0000   -7.5000   37.5000 6811.4224   34.5504
    7.5000   -7.5000   37.5000 6477.8853   34.5887
   -7.5000    0.0000   37.5000 7327.3687   34.3517
    0.0000    0.0000   37.5000 7680.9702   34.4237
    7.5000    0.0000   37.5000 7257.8525   34.4607
   -7.5000    7.5000   37.5000 7338.4370   34.4018
    0.0000    7.5000   37.5000 7770.7354   34.4710
    7.5000    7.5000   37.5000 7301.2188   34.5185
   -7.5000   15.0000   37.5000 7175.5645   34.0305
    0.0000   15.0000   37.5000 7534.8037   34.1137
    7.5000   15.0000   37.5000 7163.5586   34.1738
   -7.5000   22.5000   37.5000 7007.1450   33.2701
    0.0000   22.5000   37.5000 7345.2090   33.3711
    7.5000   22.5000   37.5000 6971.8643   33.4327
   -7.5000   30.0000   37.5000 7118.0654   33.2005
    0.0000   30.0000   37.5000 7485.6626   33.3044
    7.5000   30.0000   37.5000 7052.0410   33.3546
   -7.5000   37.5000   37.5000 6898.9072   32.1744
    0.0000   37.5000   37.5000 7249.0869   32.2583
    7.5000   37.5000   37.5000 6812.4482   32.2943
   -7.5000   45.0000   37.5000 6595.1592   31.0470
    0.0000   45.0000   37.5000 6940.1069   31.1121
    7.5000   45.0000   37.5000 6506.4448   31.1455
   -7.5000  -45.0000   45.0000 3819.4485   39.9971
    0.0000  -45.0000   45.0000 4041.9397   40.1441
    7.5000  -45.0000   45.0000 3785.7185   40.2204
   -7.5000  -37.5000   45.0000 4267.4165   40.2939
    0.0000  -37.5000   45.0000 4478.1523   40.4111
    7.5000  -37.5000   45.0000 4211.6802   40.4870
   -7.5000  -30.0000   45.0000 4771.1943   39.3611
    0.0000  -30.0000   45.0000 4985.4380   39.4772
    7.5000  -30.0000   45.0000 4706.8232   39.5571
   -7.5000  -22.5000   45.0000 5069.3320   37.7326
    0.0000  -22.5000   45.0000 5273.5742   37.8645
    7.5000  -22.5000   45.0000 5020.1445   37.9487
   -7.5000  -15.0000   45.0000 5568.7725   36.2971
    0.0000  -15.0000   45.0000 5779.3545   36.4283
    7.5000  -15.0000   45.0000 5531.0664   36.5014
   -7.5000   -7.5000   45.0000 6148.8726   35.2535
    0.0000   -7.5000   45.0000 6365.9507   35.3681
    7.5000   -7.5000   45.0000 6095.1670   35.4293
   -7.5000    0.0000   45.0000 6842.6895   35.1247
    0.0000    0.0000   45.0000 7135.2563   35.2270
    7.5000    0.0000   45.0000 6796.7319   35.2862
   -7.5000    7.5000   45.0000 6842.6743   35.1887
    0.0000    7.5000   45.0000 7168.3032   35.2816
    7.5000    7.5000   45.0000 6812.4106   35.3445
   -7.5000   15.0000   45.0000 6716.2251   34.8289
    0.0000   15.0000   45.0000 7017.1162   34.9257
    7.5000   15.0000   45.0000 6695.1284   34.9954
   -7.5000   22.5000   45.0000 6576.0449   34.0615
    0.0000   22.5000   45.0000 6876.5591   34.1732
    7.5000   22.5000   45.0000 6541.7964   34.2458
   -7.5000   30.0000   45.0000 6659.8545   33.9764
    0.0000   30.0000   45.0000 6980.0034   34.0957
    7.5000   30.0000   45.0000 6608.0889   34.1631
   -7.5000   37.5000   45.0000 6439.3081   32.8998
    0.0000   37.5000   45.0000 6743.1704   33.0076
    7.5000   37.5000   45.0000 6382.1279   33.0649
   -7.5000   45.0000   45.0000 6150.0322   31.7249
    0.0000   45.0000   45.0000 6442.0171   31.8173
    7.5000   45.0000   45.0000 6078.4253   31.8708

---------------------------------------------------------------------
imgreg_4dfp /opt/freesurfer/average/711-2C_as_mni_average_305 /opt/freesurfer/average/711-2B_as_mni_average_305_mask talsrcimg_g11 none talsrcimg_to_711-2C_as_mni_average_305_t4 4355
---------------------------------------------------------------------

freesurfer imgreg_4dfp.c
/opt/freesurfer/average/711-2C_as_mni_average_305.4dfp.img
       256       256       256         1
  1.000000  1.000000  1.000000
orientation T byte_order littleendian
Reading image: /opt/freesurfer/average/711-2C_as_mni_average_305.4dfp.img
dimensions:      256       256       256
mmppix:       1.0000   -1.0000   -1.0000
center:     128.0000 -129.0000 -129.0000
/opt/freesurfer/average/711-2B_as_mni_average_305_mask.4dfp.img
       256       256       256         1
  1.000000  1.000000  1.000000
orientation T byte_order littleendian
Reading mask: /opt/freesurfer/average/711-2B_as_mni_average_305_mask.4dfp.img (2306576 pixels)
talsrcimg_g11.4dfp.img
       320       320       320         1
  0.700000  0.700000  0.700000
orientation T byte_order littleendian
Reading image: talsrcimg_g11.4dfp.img
dimensions:      320       320       320
mmppix:       0.7000   -0.7000   -0.7000
center:     112.0000 -112.7000 -112.7000
rotation matrix determinant  1.000000
image alignment mode   4355 decimal     1103 hex
   -7.5000  -37.5000  -45.0000 1908.3138   36.9529
    0.0000  -37.5000  -45.0000 1914.0082   36.9849
    7.5000  -37.5000  -45.0000 1891.7720   36.8890
   -7.5000  -30.0000  -45.0000 1992.3859   33.7853
    0.0000  -30.0000  -45.0000 1998.4393   33.7139
    7.5000  -30.0000  -45.0000 1976.7336   33.8134
   -7.5000  -22.5000  -45.0000 2058.1267   31.2897
    0.0000  -22.5000  -45.0000 2065.2271   31.1528
    7.5000  -22.5000  -45.0000 2041.9321   31.3738
   -7.5000  -15.0000  -45.0000 2112.6414   29.3772
    0.0000  -15.0000  -45.0000 2118.0444   29.2716
    7.5000  -15.0000  -45.0000 2097.1917   29.5438
   -7.5000   -7.5000  -45.0000 2145.8311   28.2562
    0.0000   -7.5000  -45.0000 2152.1040   28.1270
    7.5000   -7.5000  -45.0000 2132.8992   28.4791
   -7.5000    0.0000  -45.0000 2171.0691   27.7248
    0.0000    0.0000  -45.0000 2175.0476   27.6350
    7.5000    0.0000  -45.0000 2155.4539   28.0894
   -7.5000    7.5000  -45.0000 2182.7983   27.7066
    0.0000    7.5000  -45.0000 2185.1968   27.6070
    7.5000    7.5000  -45.0000 2166.1177   28.0735
   -7.5000   15.0000  -45.0000 2188.7236   27.9516
    0.0000   15.0000  -45.0000 2189.7007   27.8302
    7.5000   15.0000  -45.0000 2171.3835   28.2797
   -7.5000   22.5000  -45.0000 2181.7375   28.6163
    0.0000   22.5000  -45.0000 2189.8015   28.5134
    7.5000   22.5000  -45.0000 2163.4163   28.9312
   -7.5000   30.0000  -45.0000 2159.1233   29.5908
    0.0000   30.0000  -45.0000 2169.2830   29.5860
    7.5000   30.0000  -45.0000 2142.3718   29.9588
   -7.5000   37.5000  -45.0000 2094.1396   30.6630
    0.0000   37.5000  -45.0000 2112.0017   30.6917
    7.5000   37.5000  -45.0000 2081.3691   31.0591
   -7.5000   45.0000  -45.0000 1983.9276   31.5706
    0.0000   45.0000  -45.0000 2001.3625   31.6636
    7.5000   45.0000  -45.0000 1975.4762   32.0004
   -7.5000   52.5000  -45.0000 1857.2273   32.4367
    0.0000   52.5000  -45.0000 1871.5718   32.5735
    7.5000   52.5000  -45.0000 1848.9022   32.8080
   -7.5000  -37.5000  -37.5000 2022.2401   37.7992
    0.0000  -37.5000  -37.5000 2032.1124   37.5826
    7.5000  -37.5000  -37.5000 2012.4497   37.8325
   -7.5000  -30.0000  -37.5000 2110.0850   34.4668
    0.0000  -30.0000  -37.5000 2117.8909   34.1919
    7.5000  -30.0000  -37.5000 2098.5613   34.5198
   -7.5000  -22.5000  -37.5000 2182.7532   31.7496
    0.0000  -22.5000  -37.5000 2188.6621   31.4461
    7.5000  -22.5000  -37.5000 2172.7473   31.8149
   -7.5000  -15.0000  -37.5000 2242.3047   29.7514
    0.0000  -15.0000  -37.5000 2247.6565   29.4691
    7.5000  -15.0000  -37.5000 2237.0120   29.8256
   -7.5000   -7.5000  -37.5000 2277.0535   28.3652
    0.0000   -7.5000  -37.5000 2284.8845   28.1281
    7.5000   -7.5000  -37.5000 2275.9038   28.4830
   -7.5000    0.0000  -37.5000 2305.4480   27.6742
    0.0000    0.0000  -37.5000 2314.2439   27.4653
    7.5000    0.0000  -37.5000 2303.9597   27.9357
   -7.5000    7.5000  -37.5000 2320.9280   27.4706
    0.0000    7.5000  -37.5000 2329.0891   27.3121
    7.5000    7.5000  -37.5000 2316.9814   27.8687
   -7.5000   15.0000  -37.5000 2323.3210   27.5250
    0.0000   15.0000  -37.5000 2333.8884   27.4186
    7.5000   15.0000  -37.5000 2318.7517   27.9600
   -7.5000   22.5000  -37.5000 2325.4375   28.1405
    0.0000   22.5000  -37.5000 2334.6060   27.9624
    7.5000   22.5000  -37.5000 2320.0618   28.5224
   -7.5000   30.0000  -37.5000 2308.9036   28.9809
    0.0000   30.0000  -37.5000 2315.9387   28.8512
    7.5000   30.0000  -37.5000 2305.3042   29.4464
   -7.5000   37.5000  -37.5000 2244.4070   29.9754
    0.0000   37.5000  -37.5000 2252.6443   29.8389
    7.5000   37.5000  -37.5000 2241.7705   30.4486
   -7.5000   45.0000  -37.5000 2137.3721   30.8919
    0.0000   45.0000  -37.5000 2143.4316   30.7864
    7.5000   45.0000  -37.5000 2133.7969   31.3440
   -7.5000   52.5000  -37.5000 2002.0695   31.7361
    0.0000   52.5000  -37.5000 2009.7194   31.6796
    7.5000   52.5000  -37.5000 1996.4579   32.0862
   -7.5000  -37.5000  -30.0000 2112.1023   38.6519
    0.0000  -37.5000  -30.0000 2126.1111   38.2325
    7.5000  -37.5000  -30.0000 2108.0232   38.5161
   -7.5000  -30.0000  -30.0000 2210.6265   35.1836
    0.0000  -30.0000  -30.0000 2220.0999   34.7790
    7.5000  -30.0000  -30.0000 2208.0422   35.1445
   -7.5000  -22.5000  -30.0000 2279.9319   32.1898
    0.0000  -22.5000  -30.0000 2289.3743   31.8540
    7.5000  -22.5000  -30.0000 2282.8398   32.2349
   -7.5000  -15.0000  -30.0000 2339.3940   29.8982
    0.0000  -15.0000  -30.0000 2348.8625   29.6094
    7.5000  -15.0000  -30.0000 2345.1816   29.9645
   -7.5000   -7.5000  -30.0000 2381.3096   28.2606
    0.0000   -7.5000  -30.0000 2394.8757   28.0432
    7.5000   -7.5000  -30.0000 2388.9268   28.3856
   -7.5000    0.0000  -30.0000 2408.5117   27.4504
    0.0000    0.0000  -30.0000 2427.7859   27.2003
    7.5000    0.0000  -30.0000 2419.8579   27.6844
   -7.5000    7.5000  -30.0000 2429.8894   27.0841
    0.0000    7.5000  -30.0000 2447.4199   26.8755
    7.5000    7.5000  -30.0000 2438.5999   27.4630
   -7.5000   15.0000  -30.0000 2435.1309   27.0225
    0.0000   15.0000  -30.0000 2449.6980   26.8505
    7.5000   15.0000  -30.0000 2443.9976   27.4398
   -7.5000   22.5000  -30.0000 2444.6487   27.6077
    0.0000   22.5000  -30.0000 2453.3181   27.3246
    7.5000   22.5000  -30.0000 2451.9512   27.9577
   -7.5000   30.0000  -30.0000 2431.1411   28.3628
    0.0000   30.0000  -30.0000 2440.4788   28.1100
    7.5000   30.0000  -30.0000 2438.1125   28.8030
   -7.5000   37.5000  -30.0000 2373.3525   29.3254
    0.0000   37.5000  -30.0000 2378.6770   29.0494
    7.5000   37.5000  -30.0000 2377.5579   29.7127
   -7.5000   45.0000  -30.0000 2264.9766   30.1719
    0.0000   45.0000  -30.0000 2266.5674   29.9448
    7.5000   45.0000  -30.0000 2267.2109   30.5441
   -7.5000   52.5000  -30.0000 2125.1624   30.9959
    0.0000   52.5000  -30.0000 2128.9382   30.8153
    7.5000   52.5000  -30.0000 2126.8787   31.3392
   -7.5000  -37.5000  -22.5000 2135.1018   40.0839
    0.0000  -37.5000  -22.5000 2142.7581   39.5636
    7.5000  -37.5000  -22.5000 2127.8132   39.7684
   -7.5000  -30.0000  -22.5000 2244.5833   36.6190
    0.0000  -30.0000  -22.5000 2250.3657   36.1324
    7.5000  -30.0000  -22.5000 2238.1895   36.3217
   -7.5000  -22.5000  -22.5000 2321.8079   33.5736
    0.0000  -22.5000  -22.5000 2328.7656   33.2138
    7.5000  -22.5000  -22.5000 2318.8823   33.4183
   -7.5000  -15.0000  -22.5000 2372.5457   31.0091
    0.0000  -15.0000  -22.5000 2383.3350   30.7566
    7.5000  -15.0000  -22.5000 2378.5283   31.0215
   -7.5000   -7.5000  -22.5000 2416.1453   29.1546
    0.0000   -7.5000  -22.5000 2428.9458   28.8792
    7.5000   -7.5000  -22.5000 2432.1460   29.3017
   -7.5000    0.0000  -22.5000 2444.3528   28.1669
    0.0000    0.0000  -22.5000 2457.8970   27.8446
    7.5000    0.0000  -22.5000 2466.9399   28.4174
   -7.5000    7.5000  -22.5000 2467.7632   27.6003
    0.0000    7.5000  -22.5000 2477.1262   27.1989
    7.5000    7.5000  -22.5000 2490.3845   27.9966
   -7.5000   15.0000  -22.5000 2482.0269   27.2778
    0.0000   15.0000  -22.5000 2488.8489   26.9029
    7.5000   15.0000  -22.5000 2499.6091   27.8479
   -7.5000   22.5000  -22.5000 2502.9775   27.7333
    0.0000   22.5000  -22.5000 2504.6704   27.3228
    7.5000   22.5000  -22.5000 2522.8247   28.2246
   -7.5000   30.0000  -22.5000 2496.6506   28.3805
    0.0000   30.0000  -22.5000 2509.2576   28.0421
    7.5000   30.0000  -22.5000 2523.7400   28.8443
   -7.5000   37.5000  -22.5000 2446.7961   29.0731
    0.0000   37.5000  -22.5000 2454.0149   28.7502
    7.5000   37.5000  -22.5000 2468.0632   29.5086
   -7.5000   45.0000  -22.5000 2343.0603   29.6029
    0.0000   45.0000  -22.5000 2346.3240   29.3461
    7.5000   45.0000  -22.5000 2353.0283   30.0596
   -7.5000   52.5000  -22.5000 2201.4553   30.2448
    0.0000   52.5000  -22.5000 2205.2214   29.9853
    7.5000   52.5000  -22.5000 2210.9912   30.7436
   -7.5000  -37.5000  -15.0000 2181.9399   40.7995
    0.0000  -37.5000  -15.0000 2181.3538   40.2126
    7.5000  -37.5000  -15.0000 2178.1184   40.6179
   -7.5000  -30.0000  -15.0000 2297.1931   37.1166
    0.0000  -30.0000  -15.0000 2293.1104   36.6091
    7.5000  -30.0000  -15.0000 2291.0115   36.9144
   -7.5000  -22.5000  -15.0000 2383.7019   33.9880
    0.0000  -22.5000  -15.0000 2381.0281   33.6272
    7.5000  -22.5000  -15.0000 2373.0227   33.8065
   -7.5000  -15.0000  -15.0000 2443.3591   31.3956
    0.0000  -15.0000  -15.0000 2443.9424   31.1362
    7.5000  -15.0000  -15.0000 2434.6475   31.2413
   -7.5000   -7.5000  -15.0000 2497.8684   29.6032
    0.0000   -7.5000  -15.0000 2497.4238   29.3890
    7.5000   -7.5000  -15.0000 2502.2141   29.6180
   -7.5000    0.0000  -15.0000 2529.4390   28.4843
    0.0000    0.0000  -15.0000 2530.6387   28.3198
    7.5000    0.0000  -15.0000 2548.9829   28.6569
   -7.5000    7.5000  -15.0000 2557.9749   27.7390
    0.0000    7.5000  -15.0000 2553.9143   27.5608
    7.5000    7.5000  -15.0000 2585.3452   28.1532
   -7.5000   15.0000  -15.0000 2571.6719   27.1261
    0.0000   15.0000  -15.0000 2567.8130   26.8998
    7.5000   15.0000  -15.0000 2591.6853   27.7885
   -7.5000   22.5000  -15.0000 2601.9172   27.3076
    0.0000   22.5000  -15.0000 2595.3416   26.9932
    7.5000   22.5000  -15.0000 2616.5759   27.9265
   -7.5000   30.0000  -15.0000 2599.6877   27.8408
    0.0000   30.0000  -15.0000 2612.6843   27.6327
    7.5000   30.0000  -15.0000 2616.5225   28.3192
   -7.5000   37.5000  -15.0000 2555.9402   28.3714
    0.0000   37.5000  -15.0000 2562.2441   28.1419
    7.5000   37.5000  -15.0000 2559.9583   28.7246
   -7.5000   45.0000  -15.0000 2448.4534   28.7866
    0.0000   45.0000  -15.0000 2445.0325   28.5723
    7.5000   45.0000  -15.0000 2447.0413   29.1124
   -7.5000   52.5000  -15.0000 2294.7524   29.3225
    0.0000   52.5000  -15.0000 2295.8750   29.1461
    7.5000   52.5000  -15.0000 2293.6663   29.6988
   -7.5000  -37.5000   -7.5000 2177.0315   41.8766
    0.0000  -37.5000   -7.5000 2189.0771   41.3526
    7.5000  -37.5000   -7.5000 2173.8184   41.5850
   -7.5000  -30.0000   -7.5000 2285.0039   37.7366
    0.0000  -30.0000   -7.5000 2295.2195   37.3265
    7.5000  -30.0000   -7.5000 2281.6487   37.6180
   -7.5000  -22.5000   -7.5000 2371.4849   34.3878
    0.0000  -22.5000   -7.5000 2381.7224   34.1687
    7.5000  -22.5000   -7.5000 2372.5071   34.4188
   -7.5000  -15.0000   -7.5000 2451.3079   31.8955
    0.0000  -15.0000   -7.5000 2460.1086   31.8149
    7.5000  -15.0000   -7.5000 2460.4531   31.9232
   -7.5000   -7.5000   -7.5000 2541.5845   30.4216
    0.0000   -7.5000   -7.5000 2547.0562   30.5143
    7.5000   -7.5000   -7.5000 2552.0847   30.4008
   -7.5000    0.0000   -7.5000 2613.2246   29.4544
    0.0000    0.0000   -7.5000 2625.7720   29.7777
    7.5000    0.0000   -7.5000 2620.8831   29.3256
   -7.5000    7.5000   -7.5000 2659.1729   28.7625
    0.0000    7.5000   -7.5000 2677.7935   29.2228
    7.5000    7.5000   -7.5000 2667.8171   28.6551
   -7.5000   15.0000   -7.5000 2661.4990   27.8112
    0.0000   15.0000   -7.5000 2684.5742   28.1641
    7.5000   15.0000   -7.5000 2667.9121   28.0548
   -7.5000   22.5000   -7.5000 2679.9590   27.2401
    0.0000   22.5000   -7.5000 2694.3958   27.4380
    7.5000   22.5000   -7.5000 2668.2195   27.6465
   -7.5000   30.0000   -7.5000 2674.3174   27.4004
    0.0000   30.0000   -7.5000 2702.4373   27.5117
    7.5000   30.0000   -7.5000 2660.8525   27.6123
   -7.5000   37.5000   -7.5000 2609.7146   27.6583
    0.0000   37.5000   -7.5000 2633.2231   27.6516
    7.5000   37.5000   -7.5000 2594.9431   27.7428
   -7.5000   45.0000   -7.5000 2491.5540   27.9950
    0.0000   45.0000   -7.5000 2511.8135   27.9656
    7.5000   45.0000   -7.5000 2489.8137   28.1196
   -7.5000   52.5000   -7.5000 2344.8621   28.5222
    0.0000   52.5000   -7.5000 2356.2073   28.4704
    7.5000   52.5000   -7.5000 2338.3584   28.7140
   -7.5000  -37.5000    0.0000 2147.9253   43.8619
    0.0000  -37.5000    0.0000 2152.7188   43.4460
    7.5000  -37.5000    0.0000 2160.2068   43.6718
   -7.5000  -30.0000    0.0000 2256.9270   39.3843
    0.0000  -30.0000    0.0000 2259.6067   39.2167
    7.5000  -30.0000    0.0000 2269.2935   39.3488
   -7.5000  -22.5000    0.0000 2361.7820   35.8032
    0.0000  -22.5000    0.0000 2377.0903   36.0363
    7.5000  -22.5000    0.0000 2374.5513   35.8153
   -7.5000  -15.0000    0.0000 2469.0017   33.3195
    0.0000  -15.0000    0.0000 2502.2026   33.8691
    7.5000  -15.0000    0.0000 2481.2690   33.2376
   -7.5000   -7.5000    0.0000 2575.5444   31.6579
    0.0000   -7.5000    0.0000 2639.6897   32.4739
    7.5000   -7.5000    0.0000 2581.2524   31.4666
   -7.5000    0.0000    0.0000 2686.7185   30.6326
    0.0000    0.0000    0.0000 2778.9045   31.7508
    7.5000    0.0000    0.0000 2666.4775   30.1998
   -7.5000    7.5000    0.0000 2774.7241   30.0636
    0.0000    7.5000    0.0000 2883.9561   31.3825
    7.5000    7.5000    0.0000 2728.7300   29.3935
   -7.5000   15.0000    0.0000 2795.3811   29.1419
    0.0000   15.0000    0.0000 2910.3320   30.3527
    7.5000   15.0000    0.0000 2737.6553   28.5817
   -7.5000   22.5000    0.0000 2760.2107   27.7093
    0.0000   22.5000    0.0000 2832.7761   28.5915
    7.5000   22.5000    0.0000 2716.4321   27.6614
   -7.5000   30.0000    0.0000 2699.1274   27.0400
    0.0000   30.0000    0.0000 2753.3752   27.5402
    7.5000   30.0000    0.0000 2665.1948   27.0240
   -7.5000   37.5000    0.0000 2607.1523   26.8801
    0.0000   37.5000    0.0000 2646.5801   27.1194
    7.5000   37.5000    0.0000 2598.5752   26.9744
   -7.5000   45.0000    0.0000 2489.0703   27.1736
    0.0000   45.0000    0.0000 2510.3694   27.2117
    7.5000   45.0000    0.0000 2493.2788   27.3748
   -7.5000   52.5000    0.0000 2367.6555   27.9053
    0.0000   52.5000    0.0000 2382.4321   27.8729
    7.5000   52.5000    0.0000 2367.5784   28.1640
   -7.5000  -37.5000    7.5000 2126.2996   46.9713
    0.0000  -37.5000    7.5000 2153.0281   47.3271
    7.5000  -37.5000    7.5000 2131.5886   46.4780
   -7.5000  -30.0000    7.5000 2248.0615   42.1910
    0.0000  -30.0000    7.5000 2282.3882   42.7713
    7.5000  -30.0000    7.5000 2249.5571   41.8958
   -7.5000  -22.5000    7.5000 2379.3098   38.3642
    0.0000  -22.5000    7.5000 2422.3787   39.2814
    7.5000  -22.5000    7.5000 2370.1108   38.1352
   -7.5000  -15.0000    7.5000 2499.7324   35.4742
    0.0000  -15.0000    7.5000 2559.7375   36.5713
    7.5000  -15.0000    7.5000 2480.0103   35.1961
   -7.5000   -7.5000    7.5000 2614.1023   33.1454
    0.0000   -7.5000    7.5000 2698.7297   34.3623
    7.5000   -7.5000    7.5000 2581.5286   32.7703
   -7.5000    0.0000    7.5000 2717.3369   31.5720
    0.0000    0.0000    7.5000 2818.5815   32.8335
    7.5000    0.0000    7.5000 2681.0942   31.1591
   -7.5000    7.5000    7.5000 2809.9080   30.6142
    0.0000    7.5000    7.5000 2911.0881   31.8641
    7.5000    7.5000    7.5000 2756.0471   30.0704
   -7.5000   15.0000    7.5000 2850.2642   29.5805
    0.0000   15.0000    7.5000 2959.3420   30.7909
    7.5000   15.0000    7.5000 2785.9001   28.9900
   -7.5000   22.5000    7.5000 2801.6021   28.1033
    0.0000   22.5000    7.5000 2889.3457   28.9970
    7.5000   22.5000    7.5000 2743.2927   27.8066
   -7.5000   30.0000    7.5000 2674.4326   26.9301
    0.0000   30.0000    7.5000 2738.1060   27.5714
    7.5000   30.0000    7.5000 2663.2087   27.0421
   -7.5000   37.5000    7.5000 2569.1543   26.5601
    0.0000   37.5000    7.5000 2610.2251   26.8818
    7.5000   37.5000    7.5000 2574.8882   26.9156
   -7.5000   45.0000    7.5000 2483.2522   26.9834
    0.0000   45.0000    7.5000 2504.3655   27.0953
    7.5000   45.0000    7.5000 2484.8530   27.3445
   -7.5000   52.5000    7.5000 2373.9226   27.7035
    0.0000   52.5000    7.5000 2387.3474   27.7101
    7.5000   52.5000    7.5000 2371.7205   28.0085
   -7.5000  -37.5000   15.0000 2123.4138   50.6996
    0.0000  -37.5000   15.0000 2175.7649   51.6144
    7.5000  -37.5000   15.0000 2116.6975   49.9001
   -7.5000  -30.0000   15.0000 2248.1790   45.0739
    0.0000  -30.0000   15.0000 2302.8003   46.0842
    7.5000  -30.0000   15.0000 2237.6611   44.5524
   -7.5000  -22.5000   15.0000 2375.8484   40.6749
    0.0000  -22.5000   15.0000 2436.6653   41.8447
    7.5000  -22.5000   15.0000 2354.6960   40.2924
   -7.5000  -15.0000   15.0000 2485.3625   37.0338
    0.0000  -15.0000   15.0000 2555.7976   38.3234
    7.5000  -15.0000   15.0000 2466.0210   36.7655
   -7.5000   -7.5000   15.0000 2586.7019   34.1201
    0.0000   -7.5000   15.0000 2658.2002   35.2136
    7.5000   -7.5000   15.0000 2572.0586   33.8321
   -7.5000    0.0000   15.0000 2688.0454   32.0778
    0.0000    0.0000   15.0000 2766.0325   33.0424
    7.5000    0.0000   15.0000 2671.8662   31.9257
   -7.5000    7.5000   15.0000 2773.7151   30.6076
    0.0000    7.5000   15.0000 2873.1621   31.7028
    7.5000    7.5000   15.0000 2744.4707   30.3429
   -7.5000   15.0000   15.0000 2789.6914   28.9919
    0.0000   15.0000   15.0000 2916.5466   30.2097
    7.5000   15.0000   15.0000 2758.7913   28.7743
   -7.5000   22.5000   15.0000 2661.4734   26.8618
    0.0000   22.5000   15.0000 2765.0486   27.7120
    7.5000   22.5000   15.0000 2676.4065   27.2074
   -7.5000   30.0000   15.0000 2579.3308   26.0520
    0.0000   30.0000   15.0000 2622.2737   26.3084
    7.5000   30.0000   15.0000 2608.2803   26.6775
   -7.5000   37.5000   15.0000 2549.3999   26.4068
    0.0000   37.5000   15.0000 2579.6045   26.4534
    7.5000   37.5000   15.0000 2564.5688   26.9137
   -7.5000   45.0000   15.0000 2474.4834   27.1846
    0.0000   45.0000   15.0000 2495.5723   27.3178
    7.5000   45.0000   15.0000 2479.4080   27.5902
   -7.5000   52.5000   15.0000 2360.7258   28.0413
    0.0000   52.5000   15.0000 2372.1021   28.0813
    7.5000   52.5000   15.0000 2361.8137   28.3213
   -7.5000  -37.5000   22.5000 2098.5793   53.8065
    0.0000  -37.5000   22.5000 2146.5205   54.9243
    7.5000  -37.5000   22.5000 2094.1931   53.2819
   -7.5000  -30.0000   22.5000 2216.7327   47.3593
    0.0000  -30.0000   22.5000 2256.5071   48.3611
    7.5000  -30.0000   22.5000 2211.3027   47.0462
   -7.5000  -22.5000   22.5000 2328.9099   42.2412
    0.0000  -22.5000   22.5000 2370.3948   43.1760
    7.5000  -22.5000   22.5000 2325.6501   42.1765
   -7.5000  -15.0000   22.5000 2440.2241   38.0886
    0.0000  -15.0000   22.5000 2485.0527   38.9942
    7.5000  -15.0000   22.5000 2439.2888   38.0889
   -7.5000   -7.5000   22.5000 2535.8391   34.7121
    0.0000   -7.5000   22.5000 2578.5947   35.4183
    7.5000   -7.5000   22.5000 2529.9360   34.6957
   -7.5000    0.0000   22.5000 2616.6792   32.2948
    0.0000    0.0000   22.5000 2673.4741   33.0412
    7.5000    0.0000   22.5000 2608.6260   32.3114
   -7.5000    7.5000   22.5000 2645.8401   30.2019
    0.0000    7.5000   22.5000 2733.5669   31.0883
    7.5000    7.5000   22.5000 2649.4006   30.2383
   -7.5000   15.0000   22.5000 2597.3696   27.8669
    0.0000   15.0000   22.5000 2687.0764   28.7887
    7.5000   15.0000   22.5000 2627.7715   28.2582
   -7.5000   22.5000   22.5000 2527.1843   25.8117
    0.0000   22.5000   22.5000 2554.3176   26.0351
    7.5000   22.5000   22.5000 2564.1311   26.7082
   -7.5000   30.0000   22.5000 2546.7134   25.6010
    0.0000   30.0000   22.5000 2556.1606   25.5700
    7.5000   30.0000   22.5000 2560.6309   26.3733
   -7.5000   37.5000   22.5000 2536.1753   26.2448
    0.0000   37.5000   22.5000 2547.1562   26.2306
    7.5000   37.5000   22.5000 2529.7319   26.7062
   -7.5000   45.0000   22.5000 2462.9224   27.3646
    0.0000   45.0000   22.5000 2473.4475   27.3542
    7.5000   45.0000   22.5000 2451.2441   27.6739
   -7.5000   52.5000   22.5000 2341.1809   28.5711
    0.0000   52.5000   22.5000 2352.0879   28.5518
    7.5000   52.5000   22.5000 2334.4775   28.7415
   -7.5000  -37.5000   30.0000 2040.0581   56.1891
    0.0000  -37.5000   30.0000 2061.5518   57.0093
    7.5000  -37.5000   30.0000 2036.3646   56.1049
   -7.5000  -30.0000   30.0000 2158.2341   49.1517
    0.0000  -30.0000   30.0000 2169.6260   49.6530
    7.5000  -30.0000   30.0000 2158.9766   49.3314
   -7.5000  -22.5000   30.0000 2266.7119   43.4284
    0.0000  -22.5000   30.0000 2280.5317   43.7546
    7.5000  -22.5000   30.0000 2271.1687   43.6757
   -7.5000  -15.0000   30.0000 2362.7019   38.7188
    0.0000  -15.0000   30.0000 2380.2637   39.1144
    7.5000  -15.0000   30.0000 2367.5183   39.0566
   -7.5000   -7.5000   30.0000 2441.0674   35.0171
    0.0000   -7.5000   30.0000 2464.4724   35.4596
    7.5000   -7.5000   30.0000 2445.1531   35.3046
   -7.5000    0.0000   30.0000 2493.8604   32.1820
    0.0000    0.0000   30.0000 2532.3325   32.7210
    7.5000    0.0000   30.0000 2514.4626   32.4872
   -7.5000    7.5000   30.0000 2536.3535   29.9938
    0.0000    7.5000   30.0000 2576.6765   30.4806
    7.5000    7.5000   30.0000 2558.4751   30.2606
   -7.5000   15.0000   30.0000 2483.2358   27.4904
    0.0000   15.0000   30.0000 2514.0483   27.7692
    7.5000   15.0000   30.0000 2529.9187   28.1862
   -7.5000   22.5000   30.0000 2523.8101   26.1130
    0.0000   22.5000   30.0000 2522.3076   25.9864
    7.5000   22.5000   30.0000 2535.3972   26.9547
   -7.5000   30.0000   30.0000 2564.8691   26.1222
    0.0000   30.0000   30.0000 2576.9360   26.1531
    7.5000   30.0000   30.0000 2546.1228   26.7076
   -7.5000   37.5000   30.0000 2544.4915   26.7609
    0.0000   37.5000   30.0000 2559.8103   26.7854
    7.5000   37.5000   30.0000 2523.3523   27.1567
   -7.5000   45.0000   30.0000 2451.8228   27.7287
    0.0000   45.0000   30.0000 2466.3276   27.6816
    7.5000   45.0000   30.0000 2434.3669   28.0081
   -7.5000   52.5000   30.0000 2320.0042   28.8818
    0.0000   52.5000   30.0000 2326.3115   28.8256
    7.5000   52.5000   30.0000 2313.8352   29.1186
   -7.5000  -37.5000   37.5000 1968.0822   58.5037
    0.0000  -37.5000   37.5000 1967.1378   58.6490
    7.5000  -37.5000   37.5000 1972.9192   58.5648
   -7.5000  -30.0000   37.5000 2081.4927   50.6971
    0.0000  -30.0000   37.5000 2075.9998   50.8397
    7.5000  -30.0000   37.5000 2091.7649   51.1756
   -7.5000  -22.5000   37.5000 2193.2683   44.5068
    0.0000  -22.5000   37.5000 2190.6782   44.6632
    7.5000  -22.5000   37.5000 2206.7949   45.0945
   -7.5000  -15.0000   37.5000 2285.3999   39.4280
    0.0000  -15.0000   37.5000 2283.6707   39.5269
    7.5000  -15.0000   37.5000 2298.7668   40.0861
   -7.5000   -7.5000   37.5000 2354.7161   35.5037
    0.0000   -7.5000   37.5000 2363.6331   35.6451
    7.5000   -7.5000   37.5000 2379.6526   36.1218
   -7.5000    0.0000   37.5000 2428.5071   32.6136
    0.0000    0.0000   37.5000 2424.9121   32.6611
    7.5000    0.0000   37.5000 2446.6406   33.0295
   -7.5000    7.5000   37.5000 2437.1104   29.9866
    0.0000    7.5000   37.5000 2455.8601   30.1835
    7.5000    7.5000   37.5000 2467.5029   30.4795
   -7.5000   15.0000   37.5000 2450.3445   27.7911
    0.0000   15.0000   37.5000 2452.2300   27.6823
    7.5000   15.0000   37.5000 2474.8906   28.5855
   -7.5000   22.5000   37.5000 2512.7954   26.8747
    0.0000   22.5000   37.5000 2506.5159   26.7697
    7.5000   22.5000   37.5000 2501.6248   27.5776
   -7.5000   30.0000   37.5000 2554.2798   27.0317
    0.0000   30.0000   37.5000 2561.9954   26.9807
    7.5000   30.0000   37.5000 2532.9731   27.5359
   -7.5000   37.5000   37.5000 2527.5891   27.6159
    0.0000   37.5000   37.5000 2533.1418   27.5579
    7.5000   37.5000   37.5000 2506.3638   28.0098
   -7.5000   45.0000   37.5000 2435.3928   28.4640
    0.0000   45.0000   37.5000 2446.6921   28.3571
    7.5000   45.0000   37.5000 2420.4355   28.7670
   -7.5000   52.5000   37.5000 2300.9011   29.4479
    0.0000   52.5000   37.5000 2306.7620   29.3346
    7.5000   52.5000   37.5000 2291.1079   29.7204
   -7.5000  -37.5000   45.0000 1876.1100   60.3869
    0.0000  -37.5000   45.0000 1858.1213   60.2345
    7.5000  -37.5000   45.0000 1887.7184   60.9045
   -7.5000  -30.0000   45.0000 1995.3167   52.0687
    0.0000  -30.0000   45.0000 1977.4539   51.8068
    7.5000  -30.0000   45.0000 2011.4530   52.8869
   -7.5000  -22.5000   45.0000 2101.8586   45.4246
    0.0000  -22.5000   45.0000 2085.9526   45.0959
    7.5000  -22.5000   45.0000 2123.3545   46.2966
   -7.5000  -15.0000   45.0000 2185.7751   39.9948
    0.0000  -15.0000   45.0000 2175.8738   39.7512
    7.5000  -15.0000   45.0000 2209.7517   40.8993
   -7.5000   -7.5000   45.0000 2264.5496   35.9735
    0.0000   -7.5000   45.0000 2240.0684   35.6484
    7.5000   -7.5000   45.0000 2284.9922   36.6280
   -7.5000    0.0000   45.0000 2332.8284   32.8834
    0.0000    0.0000   45.0000 2315.7397   32.6711
    7.5000    0.0000   45.0000 2346.8745   33.4809
   -7.5000    7.5000   45.0000 2353.9443   30.3581
    0.0000    7.5000   45.0000 2348.4561   30.1699
    7.5000    7.5000   45.0000 2377.1011   30.9864
   -7.5000   15.0000   45.0000 2400.8196   28.5623
    0.0000   15.0000   45.0000 2397.3215   28.2785
    7.5000   15.0000   45.0000 2402.8069   29.2316
   -7.5000   22.5000   45.0000 2462.5227   27.9095
    0.0000   22.5000   45.0000 2455.8318   27.7347
    7.5000   22.5000   45.0000 2448.4348   28.5134
   -7.5000   30.0000   45.0000 2489.3796   28.0676
    0.0000   30.0000   45.0000 2498.5991   27.9319
    7.5000   30.0000   45.0000 2474.9546   28.5516
   -7.5000   37.5000   45.0000 2454.4314   28.5227
    0.0000   37.5000   45.0000 2462.9893   28.3271
    7.5000   37.5000   45.0000 2447.5532   28.9272
   -7.5000   45.0000   45.0000 2364.8252   29.1406
    0.0000   45.0000   45.0000 2372.5449   28.9249
    7.5000   45.0000   45.0000 2354.8860   29.4818
   -7.5000   52.5000   45.0000 2241.5750   30.0332
    0.0000   52.5000   45.0000 2251.2534   29.8482
    7.5000   52.5000   45.0000 2232.0850   30.3003

---------------------------------------------------------------------
imgreg_4dfp /opt/freesurfer/average/711-2C_as_mni_average_305 /opt/freesurfer/average/711-2B_as_mni_average_305_mask talsrcimg_g11 none talsrcimg_to_711-2C_as_mni_average_305_t4 1283
---------------------------------------------------------------------

freesurfer imgreg_4dfp.c
/opt/freesurfer/average/711-2C_as_mni_average_305.4dfp.img
       256       256       256         1
  1.000000  1.000000  1.000000
orientation T byte_order littleendian
Reading image: /opt/freesurfer/average/711-2C_as_mni_average_305.4dfp.img
dimensions:      256       256       256
mmppix:       1.0000   -1.0000   -1.0000
center:     128.0000 -129.0000 -129.0000
/opt/freesurfer/average/711-2B_as_mni_average_305_mask.4dfp.img
       256       256       256         1
  1.000000  1.000000  1.000000
orientation T byte_order littleendian
Reading mask: /opt/freesurfer/average/711-2B_as_mni_average_305_mask.4dfp.img (2306576 pixels)
talsrcimg_g11.4dfp.img
       320       320       320         1
  0.700000  0.700000  0.700000
orientation T byte_order littleendian
Reading image: talsrcimg_g11.4dfp.img
dimensions:      320       320       320
mmppix:       0.7000   -0.7000   -0.7000
center:     112.0000 -112.7000 -112.7000
rotation matrix determinant  1.000000
fimgreg.f
image alignment mode   1283 decimal      503 hex
parameters
    0.0000   15.0000    7.5000    0.0000    0.0000    0.0000
eta,q 0.92969 30.99467
niter,ni,del,rscale     5    3   12.0000    1.2000
parameter  4-25.970655 ->  0.500000 qaram    1.1500
parameters
   -1.0199   14.9309    5.9782   -3.4500   -0.2263   -1.0703
eta,q 0.94045 31.14815
  0.0915  0.0780  0.0728  0.0560  0.0728  0.0637
  0.0774  0.0717  0.0676  0.0584  0.0676  0.0612
  0.0703  0.0701  0.0671  0.0634  0.0623  0.0597
  0.0703  0.0693  0.0694  0.0675  0.0597  0.0598
  0.0784  0.0679  0.0718  0.0704  0.0626  0.0612
  0.0928  0.0716  0.0732  0.0734  0.0681  0.0640
  0.1108  0.0796  0.0753  0.0779  0.0756  0.0681
niter,ni,del,rscale     5    3   12.0000    1.2000
parameter  4  0.740004 ->  0.500000 qaram    1.3225
parameters
   -1.1442   15.5706    6.9193   -7.4175   -0.4153   -0.7448
eta,q 0.94378 31.30303
  0.0941  0.0771  0.0779  0.0584  0.0685  0.0605
  0.0765  0.0695  0.0695  0.0571  0.0623  0.0582
  0.0647  0.0627  0.0626  0.0550  0.0586  0.0570
  0.0595  0.0596  0.0594  0.0596  0.0563  0.0563
  0.0655  0.0597  0.0608  0.0665  0.0581  0.0562
  0.0792  0.0641  0.0647  0.0701  0.0636  0.0575
  0.0965  0.0718  0.0686  0.0734  0.0703  0.0599
niter,ni,del,rscale     5    3   12.0000    1.2000
parameters
   -1.1242   16.0066    6.4493   -9.6027   -0.7653   -1.9570
eta,q 0.94280 31.34021
  0.0909  0.0752  0.0646  0.0593  0.0655  0.0587
  0.0726  0.0653  0.0607  0.0571  0.0596  0.0576
  0.0616  0.0584  0.0582  0.0571  0.0574  0.0573
  0.0562  0.0562  0.0565  0.0567  0.0572  0.0572
  0.0607  0.0589  0.0575  0.0567  0.0580  0.0577
  0.0729  0.0630  0.0621  0.0631  0.0615  0.0590
  0.0903  0.0694  0.0688  0.0685  0.0674  0.0607
niter,ni,del,rscale     4    3   12.0000    1.2000
parameters
   -0.9154   17.1921    5.7426  -13.2823   -0.2305   -1.0873
eta,q 0.94913 31.35136
  0.0897  0.0753  0.0639  0.0571  0.0638  0.0568
  0.0727  0.0660  0.0579  0.0515  0.0594  0.0543
  0.0627  0.0610  0.0557  0.0522  0.0551  0.0523
  0.0572  0.0570  0.0555  0.0554  0.0514  0.0511
  0.0590  0.0556  0.0571  0.0594  0.0522  0.0509
  0.0692  0.0590  0.0619  0.0602  0.0560  0.0519
  0.0866  0.0653  0.0688  0.0639  0.0612  0.0547
niter,ni,del,rscale     3    3   12.0000    1.2000
parameters
   -1.2897   18.4745    5.1654  -14.4598    0.1216   -1.0511
eta,q 0.95394 31.35386
  0.0818  0.0776  0.0577  0.0579  0.0615  0.0534
  0.0655  0.0694  0.0508  0.0539  0.0555  0.0502
  0.0553  0.0604  0.0474  0.0476  0.0496  0.0476
  0.0509  0.0510  0.0466  0.0465  0.0461  0.0461
  0.0569  0.0457  0.0493  0.0531  0.0475  0.0463
  0.0710  0.0518  0.0547  0.0604  0.0525  0.0492
  0.0911  0.0662  0.0625  0.0633  0.0592  0.0542
niter,ni,del,rscale     2    3   12.0000    1.2000
parameters
   -1.3301   18.8787    5.0721  -15.2266    0.1840   -1.2408
eta,q 0.95399 31.41790
  0.0848  0.0740  0.0591  0.0575  0.0599  0.0518
  0.0663  0.0650  0.0508  0.0546  0.0538  0.0489
  0.0528  0.0536  0.0467  0.0485  0.0484  0.0470
  0.0461  0.0461  0.0455  0.0455  0.0459  0.0459
  0.0509  0.0466  0.0472  0.0494  0.0475  0.0461
  0.0659  0.0568  0.0521  0.0581  0.0530  0.0488
  0.0874  0.0710  0.0594  0.0632  0.0598  0.0535
niter,ni,del,rscale     1    3   12.0000    1.2000
parameters
   -1.3120   19.1454    4.8723  -15.7437    0.1632   -1.4144
eta,q 0.95392 31.46830
  0.0852  0.0735  0.0588  0.0575  0.0592  0.0510
  0.0665  0.0634  0.0507  0.0550  0.0531  0.0484
  0.0528  0.0520  0.0466  0.0489  0.0481  0.0469
  0.0460  0.0460  0.0457  0.0457  0.0460  0.0460
  0.0503  0.0470  0.0475  0.0475  0.0474  0.0461
  0.0647  0.0573  0.0525  0.0562  0.0530  0.0482
  0.0865  0.0719  0.0602  0.0628  0.0598  0.0524
registration optimization eta report
parameter search radius
    6.0000    6.0000    6.0000    7.9350    6.0000    6.0000
100000*second partial in parameter space
      109.       73.       39.       22.       37.       16.
  0.0852  0.0735  0.0588  0.0575  0.0592  0.0510
  0.0665  0.0634  0.0507  0.0550  0.0531  0.0484
  0.0528  0.0520  0.0466  0.0489  0.0481  0.0469
  0.0460  0.0460  0.0457  0.0457  0.0460  0.0460
  0.0503  0.0470  0.0475  0.0475  0.0474  0.0461
  0.0647  0.0573  0.0525  0.0562  0.0530  0.0482
  0.0865  0.0719  0.0602  0.0628  0.0598  0.0524
   -1.3120   19.1454    4.8723  -15.7437    0.1632   -1.4144
eta,q 0.95392 31.46830

---------------------------------------------------------------------
imgreg_4dfp /opt/freesurfer/average/711-2C_as_mni_average_305 /opt/freesurfer/average/711-2B_as_mni_average_305_mask talsrcimg_g11 none talsrcimg_to_711-2C_as_mni_average_305_t4 3335
---------------------------------------------------------------------

freesurfer imgreg_4dfp.c
/opt/freesurfer/average/711-2C_as_mni_average_305.4dfp.img
       256       256       256         1
  1.000000  1.000000  1.000000
orientation T byte_order littleendian
Reading image: /opt/freesurfer/average/711-2C_as_mni_average_305.4dfp.img
dimensions:      256       256       256
mmppix:       1.0000   -1.0000   -1.0000
center:     128.0000 -129.0000 -129.0000
/opt/freesurfer/average/711-2B_as_mni_average_305_mask.4dfp.img
       256       256       256         1
  1.000000  1.000000  1.000000
orientation T byte_order littleendian
Reading mask: /opt/freesurfer/average/711-2B_as_mni_average_305_mask.4dfp.img (2306576 pixels)
talsrcimg_g11.4dfp.img
       320       320       320         1
  0.700000  0.700000  0.700000
orientation T byte_order littleendian
Reading image: talsrcimg_g11.4dfp.img
dimensions:      320       320       320
mmppix:       0.7000   -0.7000   -0.7000
center:     112.0000 -112.7000 -112.7000
fimgreg.f
image alignment mode   3335 decimal      D07 hex
parameters
   -1.3120   19.1454    4.8723   -0.0309   -3.7827   -3.7519
    2.4530    0.3956   -2.4683   27.1320    0.2849  -27.1334
eta,q 0.95081 31.69510
niter,ni,del,rscale     5    3    5.0000    1.2000
parameter  5  0.771130 ->  0.500000 qaram    1.1500
parameters
   -1.3412   20.2888    4.3164   -3.6095   -7.9227   -2.5205
    2.2822    0.8260   -2.6388   27.2968   -0.1844  -25.3673
eta,q 0.95968 31.45931
  0.0552  0.0568  0.0489  0.0473  0.0398  0.0445  0.0436  0.0475  0.0428  0.0447  0.0414  0.0425
  0.0518  0.0537  0.0483  0.0465  0.0406  0.0432  0.0418  0.0433  0.0415  0.0427  0.0407  0.0414
  0.0498  0.0510  0.0481  0.0463  0.0425  0.0421  0.0408  0.0412  0.0407  0.0411  0.0404  0.0407
  0.0492  0.0492  0.0481  0.0481  0.0463  0.0410  0.0404  0.0404  0.0404  0.0404  0.0404  0.0404
  0.0500  0.0482  0.0485  0.0534  0.0532  0.0399  0.0407  0.0407  0.0407  0.0409  0.0406  0.0403
  0.0521  0.0483  0.0492  0.0632  0.0635  0.0397  0.0419  0.0422  0.0416  0.0421  0.0410  0.0406
  0.0555  0.0495  0.0504  0.0772  0.0762  0.0439  0.0440  0.0460  0.0431  0.0446  0.0417  0.0411
niter,ni,del,rscale     5    3    5.0000    1.2000
parameter  2 -0.805491 -> -0.500000 qaram    1.1500
parameters
   -1.2137   21.6688    4.6074   -4.5799  -12.0219   -2.6213
    2.3857    0.8861   -3.1303   28.0829   -0.4971  -27.6034
eta,q 0.96313 31.10539
  0.0442  0.0482  0.0400  0.0423  0.0375  0.0404  0.0398  0.0418  0.0392  0.0419  0.0377  0.0374
  0.0421  0.0450  0.0392  0.0409  0.0370  0.0392  0.0385  0.0391  0.0380  0.0398  0.0373  0.0370
  0.0408  0.0423  0.0387  0.0395  0.0375  0.0382  0.0376  0.0377  0.0374  0.0382  0.0371  0.0369
  0.0403  0.0403  0.0384  0.0383  0.0388  0.0372  0.0372  0.0372  0.0372  0.0372  0.0370  0.0370
  0.0406  0.0389  0.0384  0.0383  0.0428  0.0362  0.0374  0.0375  0.0376  0.0369  0.0371  0.0373
  0.0416  0.0383  0.0387  0.0412  0.0526  0.0370  0.0383  0.0388  0.0385  0.0378  0.0374  0.0378
  0.0435  0.0385  0.0394  0.0486  0.0668  0.0429  0.0398  0.0419  0.0398  0.0408  0.0379  0.0385
niter,ni,del,rscale     5    3    5.0000    1.2000
parameters
   -1.1916   22.7464    4.8709   -4.1336  -14.7892   -2.6795
    2.4468    0.7764   -3.5053   28.5979   -1.0937  -29.4618
eta,q 0.96452 30.86938
  0.0402  0.0433  0.0378  0.0410  0.0373  0.0394  0.0383  0.0404  0.0378  0.0401  0.0364  0.0361
  0.0383  0.0404  0.0371  0.0394  0.0361  0.0379  0.0370  0.0375  0.0366  0.0380  0.0359  0.0356
  0.0372  0.0382  0.0366  0.0378  0.0356  0.0367  0.0361  0.0361  0.0359  0.0364  0.0357  0.0355
  0.0369  0.0369  0.0363  0.0363  0.0360  0.0356  0.0357  0.0357  0.0357  0.0357  0.0356  0.0356
  0.0372  0.0363  0.0363  0.0353  0.0372  0.0349  0.0359  0.0361  0.0361  0.0357  0.0357  0.0359
  0.0382  0.0366  0.0366  0.0365  0.0412  0.0359  0.0368  0.0376  0.0370  0.0366  0.0361  0.0364
  0.0400  0.0377  0.0374  0.0417  0.0514  0.0415  0.0384  0.0408  0.0383  0.0394  0.0368  0.0370
niter,ni,del,rscale     4    3    5.0000    1.2000
parameters
   -1.1330   23.0752    4.9787   -4.0920  -15.9616   -2.7939
    2.4391    0.9085   -3.6652   28.9203   -1.4776  -30.1176
eta,q 0.96456 30.75684
  0.0391  0.0400  0.0370  0.0403  0.0384  0.0394  0.0382  0.0408  0.0377  0.0397  0.0364  0.0364
  0.0371  0.0377  0.0362  0.0386  0.0368  0.0378  0.0368  0.0375  0.0365  0.0376  0.0359  0.0358
  0.0359  0.0361  0.0357  0.0370  0.0357  0.0366  0.0359  0.0360  0.0357  0.0361  0.0356  0.0355
  0.0355  0.0355  0.0355  0.0355  0.0354  0.0354  0.0355  0.0355  0.0355  0.0355  0.0355  0.0355
  0.0358  0.0357  0.0355  0.0347  0.0360  0.0347  0.0357  0.0359  0.0358  0.0357  0.0356  0.0357
  0.0368  0.0367  0.0359  0.0365  0.0374  0.0359  0.0367  0.0374  0.0366  0.0366  0.0360  0.0361
  0.0388  0.0382  0.0368  0.0423  0.0424  0.0418  0.0383  0.0403  0.0379  0.0394  0.0367  0.0367
niter,ni,del,rscale     3    3    5.0000    1.2000
parameters
   -1.1124   23.2313    5.0383   -4.0159  -16.1696   -2.9592
    2.4344    0.9850   -3.7171   28.9733   -1.5545  -30.2577
eta,q 0.96452 30.72558
  0.0389  0.0394  0.0369  0.0404  0.0389  0.0394  0.0382  0.0408  0.0377  0.0395  0.0366  0.0366
  0.0370  0.0373  0.0362  0.0387  0.0373  0.0378  0.0368  0.0374  0.0365  0.0374  0.0360  0.0359
  0.0359  0.0359  0.0357  0.0370  0.0360  0.0365  0.0359  0.0359  0.0357  0.0360  0.0356  0.0355
  0.0354  0.0354  0.0354  0.0354  0.0354  0.0354  0.0355  0.0355  0.0355  0.0355  0.0355  0.0355
  0.0357  0.0358  0.0355  0.0346  0.0357  0.0347  0.0357  0.0359  0.0358  0.0357  0.0356  0.0357
  0.0369  0.0369  0.0359  0.0364  0.0367  0.0360  0.0367  0.0375  0.0365  0.0368  0.0359  0.0361
  0.0389  0.0385  0.0369  0.0422  0.0400  0.0420  0.0384  0.0404  0.0378  0.0397  0.0367  0.0366
niter,ni,del,rscale     2    3    5.0000    1.2000
parameters
   -1.1114   23.2766    5.0871   -3.9923  -16.2092   -2.9641
    2.4430    0.9904   -3.7308   28.9378   -1.5724  -30.2483
eta,q 0.96453 30.71333
  0.0389  0.0391  0.0369  0.0404  0.0391  0.0395  0.0382  0.0407  0.0377  0.0394  0.0366  0.0366
  0.0370  0.0371  0.0362  0.0387  0.0374  0.0379  0.0368  0.0374  0.0365  0.0373  0.0360  0.0359
  0.0359  0.0358  0.0357  0.0370  0.0361  0.0366  0.0359  0.0359  0.0357  0.0360  0.0356  0.0355
  0.0355  0.0355  0.0355  0.0355  0.0355  0.0355  0.0355  0.0355  0.0355  0.0355  0.0355  0.0355
  0.0358  0.0359  0.0355  0.0347  0.0357  0.0348  0.0357  0.0360  0.0357  0.0358  0.0355  0.0356
  0.0369  0.0371  0.0360  0.0366  0.0367  0.0359  0.0367  0.0375  0.0365  0.0369  0.0359  0.0360
  0.0390  0.0388  0.0369  0.0424  0.0398  0.0414  0.0384  0.0405  0.0377  0.0399  0.0367  0.0365
niter,ni,del,rscale     1    3    5.0000    1.2000
parameters
   -1.1118   23.2859    5.0959   -3.9909  -16.2121   -2.9638
    2.4435    0.9935   -3.7319   28.9287   -1.5746  -30.2504
eta,q 0.96453 30.71125
  0.0389  0.0390  0.0369  0.0404  0.0391  0.0395  0.0382  0.0407  0.0377  0.0394  0.0366  0.0366
  0.0370  0.0370  0.0361  0.0387  0.0374  0.0379  0.0368  0.0374  0.0365  0.0374  0.0360  0.0359
  0.0359  0.0358  0.0357  0.0370  0.0361  0.0366  0.0359  0.0359  0.0357  0.0360  0.0356  0.0355
  0.0355  0.0355  0.0355  0.0355  0.0355  0.0355  0.0355  0.0355  0.0355  0.0355  0.0355  0.0355
  0.0358  0.0360  0.0356  0.0347  0.0357  0.0348  0.0357  0.0360  0.0357  0.0357  0.0355  0.0356
  0.0369  0.0371  0.0360  0.0366  0.0367  0.0359  0.0367  0.0375  0.0365  0.0369  0.0359  0.0360
  0.0390  0.0388  0.0369  0.0425  0.0397  0.0414  0.0384  0.0405  0.0377  0.0399  0.0367  0.0365
registration optimization eta report
parameter search radius
    2.4000    2.7600    2.4000    7.2000    8.2800    7.2000
    7.2000    7.2000    7.2000    7.2000    7.2000    7.2000
100000*second partial in parameter space
       61.       45.       25.       12.        6.       10.
        5.       10.        4.        8.        2.        2.
  0.0389  0.0390  0.0369  0.0404  0.0391  0.0395  0.0382  0.0407  0.0377  0.0394  0.0366  0.0366
  0.0370  0.0370  0.0361  0.0387  0.0374  0.0379  0.0368  0.0374  0.0365  0.0374  0.0360  0.0359
  0.0359  0.0358  0.0357  0.0370  0.0361  0.0366  0.0359  0.0359  0.0357  0.0360  0.0356  0.0355
  0.0355  0.0355  0.0355  0.0355  0.0355  0.0355  0.0355  0.0355  0.0355  0.0355  0.0355  0.0355
  0.0358  0.0360  0.0356  0.0347  0.0357  0.0348  0.0357  0.0360  0.0357  0.0357  0.0355  0.0356
  0.0369  0.0371  0.0360  0.0366  0.0367  0.0359  0.0367  0.0375  0.0365  0.0369  0.0359  0.0360
  0.0390  0.0388  0.0369  0.0425  0.0397  0.0414  0.0384  0.0405  0.0377  0.0399  0.0367  0.0365
   -1.1118   23.2859    5.0959   -3.9909  -16.2121   -2.9638
    2.4435    0.9935   -3.7319   28.9287   -1.5746  -30.2504
eta,q 0.96453 30.71125

---------------------------------------------------------------------
imgreg_4dfp /opt/freesurfer/average/711-2C_as_mni_average_305 /opt/freesurfer/average/711-2B_as_mni_average_305_mask talsrcimg_g11 none talsrcimg_to_711-2C_as_mni_average_305_t4 2311
---------------------------------------------------------------------

freesurfer imgreg_4dfp.c
/opt/freesurfer/average/711-2C_as_mni_average_305.4dfp.img
       256       256       256         1
  1.000000  1.000000  1.000000
orientation T byte_order littleendian
Reading image: /opt/freesurfer/average/711-2C_as_mni_average_305.4dfp.img
dimensions:      256       256       256
mmppix:       1.0000   -1.0000   -1.0000
center:     128.0000 -129.0000 -129.0000
/opt/freesurfer/average/711-2B_as_mni_average_305_mask.4dfp.img
       256       256       256         1
  1.000000  1.000000  1.000000
orientation T byte_order littleendian
Reading mask: /opt/freesurfer/average/711-2B_as_mni_average_305_mask.4dfp.img (2306576 pixels)
talsrcimg_g11.4dfp.img
       320       320       320         1
  0.700000  0.700000  0.700000
orientation T byte_order littleendian
Reading image: talsrcimg_g11.4dfp.img
dimensions:      320       320       320
mmppix:       0.7000   -0.7000   -0.7000
center:     112.0000 -112.7000 -112.7000
fimgreg.f
image alignment mode   2311 decimal      907 hex
parameters
   -1.1118   23.2859    5.0959   -3.9909  -16.2121   -2.9638
    2.4435    0.9935   -3.7319   28.9287   -1.5746  -30.2504
eta,q 0.96453 30.71126
niter,ni,del,rscale     5    3    5.0000    0.8000
parameters
   -1.0806   23.2157    5.1999   -2.5156  -15.9303   -1.8479
    2.3162    1.0061   -3.8453   28.8124   -1.6331  -29.9021
eta,q 0.96554 30.82239
  0.0370  0.0366  0.0361  0.0386  0.0362  0.0371  0.0359  0.0378  0.0356  0.0364  0.0353  0.0352
  0.0362  0.0359  0.0358  0.0375  0.0355  0.0362  0.0351  0.0358  0.0349  0.0353  0.0349  0.0348
  0.0357  0.0355  0.0356  0.0365  0.0350  0.0355  0.0346  0.0348  0.0346  0.0347  0.0346  0.0345
  0.0355  0.0355  0.0355  0.0355  0.0348  0.0348  0.0344  0.0345  0.0345  0.0345  0.0345  0.0345
  0.0356  0.0357  0.0355  0.0348  0.0349  0.0344  0.0346  0.0348  0.0346  0.0346  0.0345  0.0345
  0.0361  0.0361  0.0356  0.0350  0.0353  0.0346  0.0352  0.0359  0.0350  0.0353  0.0349  0.0347
  0.0369  0.0368  0.0360  0.0366  0.0359  0.0360  0.0362  0.0377  0.0357  0.0367  0.0354  0.0350
niter,ni,del,rscale     4    3    5.0000    0.7000
parameters
   -1.1815   23.0092    4.7093   -2.7065  -15.5893   -1.3124
    2.4337    1.1679   -3.7194   29.2197   -1.3698  -30.0364
eta,q 0.96583 30.95054
  0.0358  0.0352  0.0346  0.0368  0.0355  0.0364  0.0355  0.0371  0.0352  0.0360  0.0350  0.0347
  0.0350  0.0347  0.0344  0.0359  0.0350  0.0357  0.0348  0.0354  0.0347  0.0351  0.0346  0.0344
  0.0346  0.0344  0.0343  0.0350  0.0346  0.0350  0.0344  0.0345  0.0343  0.0345  0.0343  0.0342
  0.0345  0.0344  0.0344  0.0343  0.0344  0.0344  0.0342  0.0342  0.0342  0.0342  0.0342  0.0342
  0.0347  0.0347  0.0346  0.0344  0.0345  0.0340  0.0343  0.0344  0.0343  0.0342  0.0342  0.0343
  0.0353  0.0351  0.0350  0.0355  0.0348  0.0344  0.0347  0.0352  0.0346  0.0346  0.0344  0.0344
  0.0364  0.0357  0.0356  0.0381  0.0352  0.0361  0.0354  0.0366  0.0351  0.0355  0.0348  0.0347
niter,ni,del,rscale     3    3    5.0000    0.6000
parameters
   -1.1983   22.8587    4.4331   -2.5840  -15.4832   -1.1086
    2.5327    1.1586   -3.6720   29.5331   -1.1380  -29.9356
eta,q 0.96599 31.01534
  0.0353  0.0347  0.0344  0.0363  0.0349  0.0359  0.0350  0.0362  0.0347  0.0354  0.0347  0.0344
  0.0347  0.0344  0.0342  0.0354  0.0345  0.0353  0.0345  0.0349  0.0344  0.0347  0.0343  0.0342
  0.0343  0.0342  0.0341  0.0347  0.0342  0.0346  0.0342  0.0342  0.0341  0.0343  0.0341  0.0340
  0.0342  0.0342  0.0342  0.0341  0.0341  0.0341  0.0340  0.0340  0.0340  0.0340  0.0340  0.0340
  0.0343  0.0343  0.0343  0.0341  0.0342  0.0339  0.0341  0.0343  0.0341  0.0341  0.0340  0.0340
  0.0347  0.0346  0.0346  0.0348  0.0344  0.0344  0.0344  0.0350  0.0343  0.0344  0.0342  0.0342
  0.0354  0.0351  0.0350  0.0365  0.0348  0.0361  0.0349  0.0362  0.0347  0.0351  0.0345  0.0344
niter,ni,del,rscale     2    3    5.0000    0.5000
parameters
   -1.2153   22.7813    4.3060   -2.4220  -15.4906   -0.9070
    2.5955    1.0995   -3.6515   29.6240   -0.9808  -29.8273
eta,q 0.96610 31.03791
  0.0348  0.0345  0.0343  0.0357  0.0345  0.0355  0.0346  0.0355  0.0344  0.0348  0.0344  0.0342
  0.0344  0.0342  0.0341  0.0350  0.0342  0.0349  0.0342  0.0346  0.0341  0.0344  0.0341  0.0340
  0.0341  0.0340  0.0340  0.0344  0.0340  0.0344  0.0340  0.0341  0.0340  0.0341  0.0340  0.0339
  0.0340  0.0340  0.0340  0.0340  0.0340  0.0340  0.0339  0.0339  0.0339  0.0339  0.0339  0.0339
  0.0341  0.0341  0.0341  0.0340  0.0340  0.0338  0.0340  0.0341  0.0340  0.0340  0.0339  0.0339
  0.0344  0.0343  0.0343  0.0344  0.0342  0.0342  0.0342  0.0347  0.0341  0.0342  0.0341  0.0340
  0.0349  0.0346  0.0345  0.0356  0.0345  0.0355  0.0346  0.0356  0.0344  0.0348  0.0343  0.0341
niter,ni,del,rscale     1    3    5.0000    0.4000
parameters
   -1.2378   22.7386    4.2575   -2.2998  -15.5582   -0.7071
    2.6219    1.0358   -3.6649   29.6287   -0.8991  -29.7676
eta,q 0.96616 31.04041
  0.0344  0.0342  0.0341  0.0351  0.0342  0.0350  0.0343  0.0349  0.0342  0.0345  0.0342  0.0340
  0.0341  0.0340  0.0340  0.0346  0.0340  0.0346  0.0340  0.0343  0.0340  0.0341  0.0340  0.0339
  0.0340  0.0339  0.0339  0.0342  0.0339  0.0342  0.0339  0.0339  0.0339  0.0339  0.0339  0.0339
  0.0339  0.0339  0.0339  0.0339  0.0339  0.0339  0.0338  0.0338  0.0338  0.0338  0.0338  0.0338
  0.0340  0.0340  0.0339  0.0339  0.0339  0.0338  0.0339  0.0340  0.0339  0.0339  0.0339  0.0339
  0.0342  0.0341  0.0340  0.0342  0.0341  0.0341  0.0340  0.0344  0.0340  0.0341  0.0340  0.0339
  0.0345  0.0343  0.0342  0.0350  0.0343  0.0349  0.0343  0.0350  0.0342  0.0345  0.0341  0.0340
registration optimization eta report
parameter search radius
    0.8000    0.8000    0.8000    2.4000    2.4000    2.4000
    2.4000    2.4000    2.4000    2.4000    2.4000    2.4000
100000*second partial in parameter space
       91.       55.       44.       20.        6.       19.
        8.       20.        6.       11.        5.        3.
  0.0344  0.0342  0.0341  0.0351  0.0342  0.0350  0.0343  0.0349  0.0342  0.0345  0.0342  0.0340
  0.0341  0.0340  0.0340  0.0346  0.0340  0.0346  0.0340  0.0343  0.0340  0.0341  0.0340  0.0339
  0.0340  0.0339  0.0339  0.0342  0.0339  0.0342  0.0339  0.0339  0.0339  0.0339  0.0339  0.0339
  0.0339  0.0339  0.0339  0.0339  0.0339  0.0339  0.0338  0.0338  0.0338  0.0338  0.0338  0.0338
  0.0340  0.0340  0.0339  0.0339  0.0339  0.0338  0.0339  0.0340  0.0339  0.0339  0.0339  0.0339
  0.0342  0.0341  0.0340  0.0342  0.0341  0.0341  0.0340  0.0344  0.0340  0.0341  0.0340  0.0339
  0.0345  0.0343  0.0342  0.0350  0.0343  0.0349  0.0343  0.0350  0.0342  0.0345  0.0341  0.0340
   -1.2378   22.7386    4.2575   -2.2998  -15.5582   -0.7071
    2.6219    1.0358   -3.6649   29.6287   -0.8991  -29.7676
eta,q 0.96616 31.04041

---------------------------------------------------------------------
imgreg_4dfp /opt/freesurfer/average/711-2C_as_mni_average_305 /opt/freesurfer/average/711-2B_as_mni_average_305_mask talsrcimg_g11 none talsrcimg_to_711-2C_as_mni_average_305_t4 2311
---------------------------------------------------------------------

freesurfer imgreg_4dfp.c
/opt/freesurfer/average/711-2C_as_mni_average_305.4dfp.img
       256       256       256         1
  1.000000  1.000000  1.000000
orientation T byte_order littleendian
Reading image: /opt/freesurfer/average/711-2C_as_mni_average_305.4dfp.img
dimensions:      256       256       256
mmppix:       1.0000   -1.0000   -1.0000
center:     128.0000 -129.0000 -129.0000
/opt/freesurfer/average/711-2B_as_mni_average_305_mask.4dfp.img
       256       256       256         1
  1.000000  1.000000  1.000000
orientation T byte_order littleendian
Reading mask: /opt/freesurfer/average/711-2B_as_mni_average_305_mask.4dfp.img (2306576 pixels)
talsrcimg_g11.4dfp.img
       320       320       320         1
  0.700000  0.700000  0.700000
orientation T byte_order littleendian
Reading image: talsrcimg_g11.4dfp.img
dimensions:      320       320       320
mmppix:       0.7000   -0.7000   -0.7000
center:     112.0000 -112.7000 -112.7000
fimgreg.f
image alignment mode   2311 decimal      907 hex
parameters
   -1.2378   22.7386    4.2575   -2.2998  -15.5582   -0.7071
    2.6219    1.0358   -3.6649   29.6287   -0.8991  -29.7676
eta,q 0.96616 31.04041
niter,ni,del,rscale     5    3    5.0000    0.8000
parameters
   -1.2855   22.7519    4.2143   -3.0622  -15.3057   -1.5726
    2.7396    1.0671   -3.5271   29.6419   -0.7756  -30.0636
eta,q 0.96566 31.04400
  0.0361  0.0353  0.0350  0.0367  0.0355  0.0366  0.0359  0.0378  0.0356  0.0364  0.0352  0.0349
  0.0349  0.0345  0.0343  0.0355  0.0348  0.0357  0.0351  0.0358  0.0349  0.0354  0.0347  0.0346
  0.0341  0.0340  0.0340  0.0344  0.0342  0.0348  0.0346  0.0347  0.0345  0.0347  0.0345  0.0344
  0.0338  0.0338  0.0338  0.0338  0.0340  0.0340  0.0344  0.0344  0.0344  0.0344  0.0344  0.0344
  0.0341  0.0340  0.0340  0.0343  0.0342  0.0343  0.0345  0.0347  0.0345  0.0345  0.0344  0.0345
  0.0350  0.0345  0.0344  0.0365  0.0346  0.0366  0.0350  0.0357  0.0348  0.0351  0.0347  0.0347
  0.0364  0.0352  0.0351  0.0409  0.0352  0.0424  0.0358  0.0377  0.0355  0.0365  0.0351  0.0350
niter,ni,del,rscale     4    3    5.0000    0.7000
parameters
   -1.1986   22.8547    4.3738   -2.7695  -15.3252   -1.4633
    2.6348    1.0030   -3.5991   29.5848   -0.8539  -29.9802
eta,q 0.96582 31.02671
  0.0360  0.0355  0.0351  0.0371  0.0352  0.0365  0.0353  0.0368  0.0351  0.0357  0.0348  0.0347
  0.0351  0.0349  0.0347  0.0361  0.0347  0.0357  0.0347  0.0353  0.0346  0.0349  0.0345  0.0344
  0.0346  0.0345  0.0345  0.0351  0.0343  0.0349  0.0343  0.0344  0.0343  0.0344  0.0342  0.0342
  0.0343  0.0343  0.0343  0.0343  0.0342  0.0342  0.0342  0.0342  0.0342  0.0342  0.0342  0.0342
  0.0344  0.0344  0.0343  0.0341  0.0344  0.0339  0.0343  0.0345  0.0343  0.0343  0.0343  0.0342
  0.0349  0.0347  0.0345  0.0349  0.0347  0.0347  0.0347  0.0354  0.0346  0.0348  0.0345  0.0344
  0.0357  0.0352  0.0349  0.0370  0.0352  0.0371  0.0355  0.0370  0.0351  0.0359  0.0349  0.0346
niter,ni,del,rscale     3    3    5.0000    0.6000
parameters
   -1.2094   22.8251    4.3582   -2.5641  -15.3996   -1.1533
    2.5935    1.0114   -3.6174   29.5767   -0.8855  -29.8850
eta,q 0.96599 31.03160
  0.0353  0.0349  0.0347  0.0364  0.0349  0.0360  0.0349  0.0362  0.0347  0.0352  0.0346  0.0344
  0.0347  0.0345  0.0344  0.0355  0.0344  0.0353  0.0344  0.0349  0.0343  0.0346  0.0343  0.0342
  0.0343  0.0342  0.0342  0.0347  0.0342  0.0347  0.0341  0.0342  0.0341  0.0342  0.0341  0.0340
  0.0342  0.0342  0.0342  0.0342  0.0341  0.0341  0.0340  0.0340  0.0340  0.0340  0.0340  0.0340
  0.0343  0.0343  0.0342  0.0341  0.0342  0.0339  0.0341  0.0342  0.0341  0.0341  0.0341  0.0340
  0.0347  0.0346  0.0344  0.0347  0.0345  0.0343  0.0344  0.0350  0.0343  0.0345  0.0343  0.0342
  0.0354  0.0350  0.0347  0.0364  0.0349  0.0359  0.0350  0.0362  0.0347  0.0353  0.0346  0.0344
niter,ni,del,rscale     2    3    5.0000    0.5000
parameters
   -1.2274   22.7750    4.2992   -2.4198  -15.4697   -0.9077
    2.5985    1.0144   -3.6367   29.6052   -0.8754  -29.8081
eta,q 0.96610 31.03925
  0.0348  0.0345  0.0344  0.0357  0.0345  0.0355  0.0346  0.0356  0.0344  0.0348  0.0344  0.0342
  0.0344  0.0342  0.0342  0.0350  0.0342  0.0349  0.0342  0.0346  0.0341  0.0344  0.0341  0.0340
  0.0341  0.0340  0.0340  0.0344  0.0340  0.0344  0.0340  0.0341  0.0340  0.0340  0.0340  0.0339
  0.0340  0.0340  0.0340  0.0340  0.0340  0.0340  0.0339  0.0339  0.0339  0.0339  0.0339  0.0339
  0.0341  0.0341  0.0341  0.0340  0.0341  0.0338  0.0340  0.0341  0.0340  0.0340  0.0339  0.0339
  0.0344  0.0343  0.0342  0.0345  0.0343  0.0342  0.0342  0.0346  0.0341  0.0343  0.0341  0.0340
  0.0349  0.0346  0.0345  0.0357  0.0345  0.0354  0.0346  0.0355  0.0344  0.0348  0.0343  0.0341
niter,ni,del,rscale     1    3    5.0000    0.4000
parameters
   -1.2416   22.7384    4.2599   -2.2992  -15.5519   -0.7030
    2.6068    0.9936   -3.6503   29.6211   -0.8606  -29.7677
eta,q 0.96616 31.04020
  0.0345  0.0342  0.0342  0.0351  0.0342  0.0350  0.0343  0.0349  0.0342  0.0345  0.0341  0.0340
  0.0342  0.0340  0.0340  0.0346  0.0340  0.0346  0.0340  0.0343  0.0340  0.0341  0.0340  0.0339
  0.0340  0.0339  0.0339  0.0341  0.0339  0.0342  0.0339  0.0340  0.0339  0.0339  0.0339  0.0338
  0.0339  0.0339  0.0339  0.0339  0.0339  0.0339  0.0338  0.0338  0.0338  0.0338  0.0338  0.0338
  0.0340  0.0340  0.0339  0.0339  0.0339  0.0338  0.0339  0.0340  0.0339  0.0339  0.0339  0.0339
  0.0342  0.0341  0.0340  0.0342  0.0341  0.0341  0.0340  0.0344  0.0340  0.0341  0.0340  0.0339
  0.0345  0.0343  0.0342  0.0350  0.0343  0.0349  0.0343  0.0350  0.0342  0.0345  0.0341  0.0340
registration optimization eta report
parameter search radius
    0.8000    0.8000    0.8000    2.4000    2.4000    2.4000
    2.4000    2.4000    2.4000    2.4000    2.4000    2.4000
100000*second partial in parameter space
       91.       55.       44.       20.        6.       19.
        8.       20.        6.       11.        5.        3.
  0.0345  0.0342  0.0342  0.0351  0.0342  0.0350  0.0343  0.0349  0.0342  0.0345  0.0341  0.0340
  0.0342  0.0340  0.0340  0.0346  0.0340  0.0346  0.0340  0.0343  0.0340  0.0341  0.0340  0.0339
  0.0340  0.0339  0.0339  0.0341  0.0339  0.0342  0.0339  0.0340  0.0339  0.0339  0.0339  0.0338
  0.0339  0.0339  0.0339  0.0339  0.0339  0.0339  0.0338  0.0338  0.0338  0.0338  0.0338  0.0338
  0.0340  0.0340  0.0339  0.0339  0.0339  0.0338  0.0339  0.0340  0.0339  0.0339  0.0339  0.0339
  0.0342  0.0341  0.0340  0.0342  0.0341  0.0341  0.0340  0.0344  0.0340  0.0341  0.0340  0.0339
  0.0345  0.0343  0.0342  0.0350  0.0343  0.0349  0.0343  0.0350  0.0342  0.0345  0.0341  0.0340
   -1.2416   22.7384    4.2599   -2.2992  -15.5519   -0.7030
    2.6068    0.9936   -3.6503   29.6211   -0.8606  -29.7677
eta,q 0.96616 31.04020

---------------------------------------------------------------------
compute_vox2vox talsrcimg talsrcimg_to_711-2C_as_mni_average_305_t4 /opt/freesurfer/average/711-2C_as_mni_average_305
---------------------------------------------------------------------

freesurfer compute_vox2vox.c
Reading: talsrcimg.4dfp.ifh
Reading: talsrcimg_to_711-2C_as_mni_average_305_t4
Reading: /opt/freesurfer/average/711-2C_as_mni_average_305.4dfp.ifh
Writing: talsrcimg_to_711-2C_as_mni_average_305_t4_vox2vox.txt

start time Fri Mar 13 07:23:57 CET 2026
end		time Fri Mar 13 07:24:18 CET 2026

mpr2mni305 success

avi2talxfm orig_nu.mgz /opt/freesurfer/average/mni305.cor.mgz talsrcimg_to_711-2C_as_mni_average_305_t4_vox2vox.txt transforms/talairach.auto.xfm
avi2talxfm done
mv -f /out/sourcedata/freesurfer/sub-v2s5x29554_ses-1/mri/talsrcimg_to_711-2C_as_mni_average_305_t4_vox2vox.txt /out/sourcedata/freesurfer/sub-v2s5x29554_ses-1/mri/transforms/talsrcimg_to_711-2C_as_mni_average_305_t4_vox2vox.txt
lta_convert --src orig_nu.mgz --trg /opt/freesurfer/average/mni305.cor.mgz --inxfm transforms/talairach.auto.xfm --outlta transforms/talairach.auto.xfm.lta --subject fsaverage
7.3.2

--src: orig_nu.mgz src image (geometry).
--trg: /opt/freesurfer/average/mni305.cor.mgz trg image (geometry).
--inmni: transforms/talairach.auto.xfm input MNI/XFM transform.
--outlta: transforms/talairach.auto.xfm.lta output LTA.
--s: fsaverage subject name
 LTA read, type : 1
 1.02234  -0.00074  -0.03182  -0.42870;
 0.02001   0.91124   0.32059  -29.60537;
 0.03717  -0.31966   1.07033  -3.91586;
 0.00000   0.00000   0.00000   1.00000;
setting subject to fsaverage
Writing  LTA to file transforms/talairach.auto.xfm.lta...
lta_convert successful.
 
 
Started at Fri Mar 13 07:23:57 CET 2026
Ended   at Fri Mar 13 07:24:18 CET 2026
talairach_avi done
