Log file for defect2seg
Fri Mar 13 10:34:25 CET 2026

setenv SUBJECTS_DIR /out/sourcedata/freesurfer
cd /out/sourcedata/freesurfer/sub-v2s5x29547_ses-1/scripts
/opt/freesurfer/bin/defect2seg --s sub-v2s5x29547_ses-1 --rh-only --cortex

freesurfer-linux-ubuntu22_x86_64-7.3.2-20220804-6354275
defect2seg 7.3.2
Linux dna078 5.14.0-427.37.1.el9_4.x86_64 #1 SMP PREEMPT_DYNAMIC Fri Sep 13 12:41:50 EDT 2024 x86_64 x86_64 x86_64 GNU/Linux
pid 2934228
mri_label2label --label-cortex /out/sourcedata/freesurfer/sub-v2s5x29547_ses-1/surf/rh.orig.nofix /out/sourcedata/freesurfer/sub-v2s5x29547_ses-1/mri/aseg.presurf.mgz 0 /out/sourcedata/freesurfer/sub-v2s5x29547_ses-1/label/rh.nofix.cortex.label

 Generating cortex label... RemoveHipAmgy=0
 NucAccIsMedialWall=0
 mris->useRealRAS=0
46 non-cortical segments detected
only using segment with 18829 vertices
erasing segment 0 (vno[0] = 30218)
erasing segment 1 (vno[0] = 56080)
erasing segment 3 (vno[0] = 108948)
erasing segment 4 (vno[0] = 118518)
erasing segment 5 (vno[0] = 125677)
erasing segment 6 (vno[0] = 126263)
erasing segment 7 (vno[0] = 129694)
erasing segment 8 (vno[0] = 132406)
erasing segment 9 (vno[0] = 132458)
erasing segment 10 (vno[0] = 151041)
erasing segment 11 (vno[0] = 180088)
erasing segment 12 (vno[0] = 200147)
erasing segment 13 (vno[0] = 217331)
erasing segment 14 (vno[0] = 223889)
erasing segment 15 (vno[0] = 224101)
erasing segment 16 (vno[0] = 224133)
erasing segment 17 (vno[0] = 227825)
erasing segment 18 (vno[0] = 229551)
erasing segment 19 (vno[0] = 229654)
erasing segment 20 (vno[0] = 231239)
erasing segment 21 (vno[0] = 231254)
erasing segment 22 (vno[0] = 231602)
erasing segment 23 (vno[0] = 234829)
erasing segment 24 (vno[0] = 235165)
erasing segment 25 (vno[0] = 236631)
erasing segment 26 (vno[0] = 236634)
erasing segment 27 (vno[0] = 236712)
erasing segment 28 (vno[0] = 240388)
erasing segment 29 (vno[0] = 240475)
erasing segment 30 (vno[0] = 242043)
erasing segment 31 (vno[0] = 243304)
erasing segment 32 (vno[0] = 243671)
erasing segment 33 (vno[0] = 243723)
erasing segment 34 (vno[0] = 245132)
erasing segment 35 (vno[0] = 252286)
erasing segment 36 (vno[0] = 253731)
erasing segment 37 (vno[0] = 254980)
erasing segment 38 (vno[0] = 290428)
erasing segment 39 (vno[0] = 292965)
erasing segment 40 (vno[0] = 292995)
erasing segment 41 (vno[0] = 295335)
erasing segment 42 (vno[0] = 310961)
erasing segment 43 (vno[0] = 320629)
erasing segment 44 (vno[0] = 326412)
erasing segment 45 (vno[0] = 331022)
mri_label2vol --defects /out/sourcedata/freesurfer/sub-v2s5x29547_ses-1/surf/rh.orig.nofix /out/sourcedata/freesurfer/sub-v2s5x29547_ses-1/surf/rh.defect_labels /out/sourcedata/freesurfer/sub-v2s5x29547_ses-1/mri/orig.mgz 2000 0 /out/sourcedata/freesurfer/sub-v2s5x29547_ses-1/mri/rh.surface.defects.mgz /out/sourcedata/freesurfer/sub-v2s5x29547_ses-1/label/rh.nofix.cortex.label
mri_label2vol supposed to be reproducible but seed not set
Contraining to label /out/sourcedata/freesurfer/sub-v2s5x29547_ses-1/label/rh.nofix.cortex.label
Changing input type 0 to MRI_INT
Converting defects to volume: offset=2000, merge=0
Writing to /out/sourcedata/freesurfer/sub-v2s5x29547_ses-1/mri/rh.surface.defects.mgz
mris_defects_pointset -s /out/sourcedata/freesurfer/sub-v2s5x29547_ses-1/surf/rh.orig.nofix -d /out/sourcedata/freesurfer/sub-v2s5x29547_ses-1/surf/rh.defect_labels -o /out/sourcedata/freesurfer/sub-v2s5x29547_ses-1/surf/rh.defects.pointset --label /out/sourcedata/freesurfer/sub-v2s5x29547_ses-1/label/rh.nofix.cortex.label
Reading in surface /out/sourcedata/freesurfer/sub-v2s5x29547_ses-1/surf/rh.orig.nofix
Reading in defect segmentation /out/sourcedata/freesurfer/sub-v2s5x29547_ses-1/surf/rh.defect_labels
Reading in label /out/sourcedata/freesurfer/sub-v2s5x29547_ses-1/label/rh.nofix.cortex.label
#VMPC# mris_defects_pointset 2064424
mris_defects_pointset done
 
Started at Fri Mar 13 10:34:25 CET 2026 
Ended   at Fri Mar 13 10:34:53 CET 2026
Defect2seg-Run-Time-Sec 28
Defect2seg-Run-Time-Min 0.56
Defect2seg-Run-Time-Hours 0.01
 
defect2seg Done
