status file for recon-all
Fri Mar 13 06:55:58 CET 2026
#@# MotionCor Fri Mar 13 06:56:03 CET 2026
#@# Talairach Fri Mar 13 06:56:15 CET 2026
#@# Talairach Failure Detection Fri Mar 13 07:01:38 CET 2026
#@# Nu Intensity Correction Fri Mar 13 07:01:38 CET 2026
#@# Intensity Normalization Fri Mar 13 07:07:02 CET 2026
recon-all -s sub-v2s5x29547_ses-1 finished without error at Fri Mar 13 07:13:27 CET 2026



#New# invocation of recon-all 



status file for recon-all
Fri Mar 13 07:21:42 CET 2026
#@# EM Registration Fri Mar 13 07:21:42 CET 2026
recon-all -s sub-v2s5x29547_ses-1 finished without error at Fri Mar 13 07:23:27 CET 2026



#New# invocation of recon-all 



status file for recon-all
Fri Mar 13 07:23:30 CET 2026
#@# CA Normalize Fri Mar 13 07:23:30 CET 2026
#@# CA Reg Fri Mar 13 07:24:50 CET 2026
#@# SubCort Seg Fri Mar 13 08:14:19 CET 2026
#@# CC Seg Fri Mar 13 09:28:07 CET 2026
#@# Merge ASeg Fri Mar 13 09:28:45 CET 2026
#@# Intensity Normalization2 Fri Mar 13 09:28:45 CET 2026
#@# Mask BFS Fri Mar 13 09:32:37 CET 2026
#@# WM Segmentation Fri Mar 13 09:32:39 CET 2026
#@# Fill Fri Mar 13 09:37:36 CET 2026
recon-all -s sub-v2s5x29547_ses-1 finished without error at Fri Mar 13 09:38:50 CET 2026



#New# invocation of recon-all 



status file for recon-all
Fri Mar 13 11:18:16 CET 2026
#@# white curv lh Fri Mar 13 11:18:16 CET 2026
#@# white area lh Fri Mar 13 11:18:16 CET 2026
#@# pial curv lh Fri Mar 13 11:18:17 CET 2026
#@# pial area lh Fri Mar 13 11:18:17 CET 2026
#@# thickness lh Fri Mar 13 11:18:17 CET 2026
#@# area and vertex vol lh Fri Mar 13 11:18:17 CET 2026
#@# white curv rh Fri Mar 13 11:18:17 CET 2026
#@# white area rh Fri Mar 13 11:18:17 CET 2026
#@# pial curv rh Fri Mar 13 11:18:17 CET 2026
#@# pial area rh Fri Mar 13 11:18:17 CET 2026
#@# thickness rh Fri Mar 13 11:18:17 CET 2026
#@# area and vertex vol rh Fri Mar 13 11:18:17 CET 2026
#@# Cortical ribbon mask Fri Mar 13 11:18:17 CET 2026
recon-all -s sub-v2s5x29547_ses-1 finished without error at Fri Mar 13 11:36:45 CET 2026



#New# invocation of recon-all 



status file for recon-all
Fri Mar 13 11:51:53 CET 2026
#@# white curv lh Fri Mar 13 11:51:53 CET 2026
#@# white area lh Fri Mar 13 11:51:53 CET 2026
#@# pial curv lh Fri Mar 13 11:51:53 CET 2026
#@# pial area lh Fri Mar 13 11:51:53 CET 2026
#@# thickness lh Fri Mar 13 11:51:53 CET 2026
#@# area and vertex vol lh Fri Mar 13 11:51:53 CET 2026
#@# white curv rh Fri Mar 13 11:51:53 CET 2026
#@# white area rh Fri Mar 13 11:51:53 CET 2026
#@# pial curv rh Fri Mar 13 11:51:53 CET 2026
#@# pial area rh Fri Mar 13 11:51:53 CET 2026
#@# thickness rh Fri Mar 13 11:51:53 CET 2026
#@# area and vertex vol rh Fri Mar 13 11:51:53 CET 2026
#@# Curvature Stats lh Fri Mar 13 11:51:53 CET 2026
#@# Curvature Stats rh Fri Mar 13 11:51:57 CET 2026
#@# Relabel Hypointensities Fri Mar 13 11:52:02 CET 2026
#@# APas-to-ASeg Fri Mar 13 11:52:41 CET 2026
#@# AParc-to-ASeg aparc Fri Mar 13 11:53:02 CET 2026
#@# AParc-to-ASeg aparc.a2009s Fri Mar 13 11:55:11 CET 2026
#@# AParc-to-ASeg aparc.DKTatlas Fri Mar 13 11:57:29 CET 2026
#@# WMParc Fri Mar 13 11:59:40 CET 2026
#@# ASeg Stats Fri Mar 13 12:03:32 CET 2026
recon-all -s sub-v2s5x29547_ses-1 finished without error at Fri Mar 13 12:04:06 CET 2026
