status file for recon-all
Fri Mar 13 09:38:55 CET 2026
#@# Tessellate lh Fri Mar 13 09:38:55 CET 2026
#@# Smooth1 lh Fri Mar 13 09:39:02 CET 2026
#@# Inflation1 lh Fri Mar 13 09:39:06 CET 2026
#@# QSphere lh Fri Mar 13 09:42:07 CET 2026
#@# Fix Topology lh Fri Mar 13 09:43:53 CET 2026
#@# Smooth2 lh Fri Mar 13 09:53:45 CET 2026
#@# Inflation2 lh Fri Mar 13 09:53:51 CET 2026
#@# Curv .H and .K lh Fri Mar 13 09:54:39 CET 2026
#@# Sphere lh Fri Mar 13 09:56:12 CET 2026
#@# Surf Reg lh Fri Mar 13 10:02:08 CET 2026
#@# Jacobian white lh Fri Mar 13 10:11:46 CET 2026
#@# AvgCurv lh Fri Mar 13 10:11:47 CET 2026
#@# Cortical Parc lh Fri Mar 13 10:11:49 CET 2026
#@# white curv lh Fri Mar 13 10:25:18 CET 2026
#@# white area lh Fri Mar 13 10:25:21 CET 2026
#@# pial curv lh Fri Mar 13 10:25:22 CET 2026
#@# pial area lh Fri Mar 13 10:25:26 CET 2026
#@# thickness lh Fri Mar 13 10:25:27 CET 2026
#@# area and vertex vol lh Fri Mar 13 10:26:22 CET 2026
#@# Curvature Stats lh Fri Mar 13 10:26:25 CET 2026
#@# Cortical Parc 2 lh Fri Mar 13 10:26:29 CET 2026
#@# Cortical Parc 3 lh Fri Mar 13 10:26:52 CET 2026
#@# WM/GM Contrast lh Fri Mar 13 10:27:09 CET 2026
recon-all -s sub-v2s5x29547_ses-1 finished without error at Fri Mar 13 10:27:14 CET 2026



#New# invocation of recon-all 



status file for recon-all
Fri Mar 13 11:36:49 CET 2026
#@# white curv lh Fri Mar 13 11:36:49 CET 2026
#@# white area lh Fri Mar 13 11:36:49 CET 2026
#@# pial curv lh Fri Mar 13 11:36:49 CET 2026
#@# pial area lh Fri Mar 13 11:36:49 CET 2026
#@# thickness lh Fri Mar 13 11:36:49 CET 2026
#@# area and vertex vol lh Fri Mar 13 11:36:49 CET 2026
#@# Parcellation Stats lh Fri Mar 13 11:36:49 CET 2026
#@# Parcellation Stats 2 lh Fri Mar 13 11:38:34 CET 2026
#@# Parcellation Stats 3 lh Fri Mar 13 11:39:24 CET 2026
#@# BA_exvivo Labels lh Fri Mar 13 11:39:58 CET 2026
recon-all -s sub-v2s5x29547_ses-1 finished without error at Fri Mar 13 11:44:32 CET 2026
