/out/sourcedata/freesurfer/sub-v2s5x29549_ses-1/mri
/opt/freesurfer/bin/talairach_avi
--i orig_nu.mgz --xfm transforms/talairach.auto.xfm
talairach_avi 7.3.2
Linux dna086 5.14.0-427.37.1.el9_4.x86_64 #1 SMP PREEMPT_DYNAMIC Fri Sep 13 12:41:50 EDT 2024 x86_64 x86_64 x86_64 GNU/Linux
Fri Mar 13 07:19:23 CET 2026
mri_convert orig_nu.mgz talsrcimg.img 
reading from orig_nu.mgz...
TR=0.00, TE=0.00, TI=0.00, flip angle=0.00
i_ras = (-1, 0, 0)
j_ras = (0, 0, -1)
k_ras = (0, 1, 0)
writing to talsrcimg.img...
Analyze Output Matrix
-0.70000   0.00000   0.00000   116.56280;
 0.00000   0.00000   0.70000  -93.86800;
 0.00000  -0.70000   0.00000   105.35800;
 0.00000   0.00000   0.00000   1.00000;
--------------------
INFO: set hdr.hist.orient to -1
mpr2mni305 talsrcimg
Fri Mar 13 07:19:23 CET 2026
/opt/freesurfer/bin/mpr2mni305 talsrcimg
mpr2mni305 7.3.2
target=711-2C_as_mni_average_305

---------------------------------------------------------------------
analyzeto4dfp talsrcimg -O0 -y
---------------------------------------------------------------------

freesurfer ifh2hdr.c
Fri Mar 13 07:19:23 2026
Writing: talsrcimg.4dfp.hdr
freesurfer analyzeto4dfp.c
Reading: talsrcimg.hdr
header size 348 bytes
hdr.dime.datatype	offset=70	value=2
hdr.dime.bitpix		offset=72	value=8
hdr.hist.orient		offset=252	value=-1
dimensionality     4
dimensions       320       320       320         1
Reading: talsrcimg.img
Writing: talsrcimg.4dfp.img
Writing: talsrcimg.4dfp.ifh
ifh2hdr talsrcimg -r0to215
ori=2

---------------------------------------------------------------------
gauss_4dfp talsrcimg 1.1
---------------------------------------------------------------------

freesurfer gauss_4dfp.c
Reading: talsrcimg.4dfp.img
Writing: talsrcimg_g11.4dfp.img
image dimensions 320 320 320 padded to 384 384 384
processing volume 1freesurfer ifh2hdr.c
Fri Mar 13 07:19:31 2026
Writing: talsrcimg_g11.4dfp.hdr

Writing: talsrcimg_g11.4dfp.ifh
including: talsrcimg.4dfp.img.rec in talsrcimg_g11.4dfp.img.rec

---------------------------------------------------------------------
imgreg_4dfp /opt/freesurfer/average/711-2C_as_mni_average_305 none talsrcimg_g11 none talsrcimg_to_711-2C_as_mni_average_305_t4 4355
---------------------------------------------------------------------

freesurfer imgreg_4dfp.c
/opt/freesurfer/average/711-2C_as_mni_average_305.4dfp.img
       256       256       256         1
  1.000000  1.000000  1.000000
orientation T byte_order littleendian
Reading image: /opt/freesurfer/average/711-2C_as_mni_average_305.4dfp.img
dimensions:      256       256       256
mmppix:       1.0000   -1.0000   -1.0000
center:     128.0000 -129.0000 -129.0000
talsrcimg_g11.4dfp.img
       320       320       320         1
  0.700000  0.700000  0.700000
orientation T byte_order littleendian
Reading image: talsrcimg_g11.4dfp.img
dimensions:      320       320       320
mmppix:       0.7000   -0.7000   -0.7000
center:     112.0000 -112.7000 -112.7000
t4_read: open error in t4_sub.f l:  41 t4_file(1:l)talsrcimg_to_711-2C_as_mni_average_305_t4 
t4_read: transform initialized to I4
rotation matrix determinant  1.000000
image alignment mode   4355 decimal     1103 hex
   -7.5000  -45.0000  -45.0000 5662.2329   18.4615
    0.0000  -45.0000  -45.0000 5820.3149   18.4895
    7.5000  -45.0000  -45.0000 5422.0713   18.5568
   -7.5000  -37.5000  -45.0000 5931.4570   18.7870
    0.0000  -37.5000  -45.0000 6087.4365   18.8041
    7.5000  -37.5000  -45.0000 5670.6860   18.8658
   -7.5000  -30.0000  -45.0000 6183.3018   18.6784
    0.0000  -30.0000  -45.0000 6350.4248   18.6956
    7.5000  -30.0000  -45.0000 5915.4536   18.7537
   -7.5000  -22.5000  -45.0000 6236.9380   18.2345
    0.0000  -22.5000  -45.0000 6427.2749   18.2720
    7.5000  -22.5000  -45.0000 5985.1309   18.3381
   -7.5000  -15.0000  -45.0000 6552.5171   17.6952
    0.0000  -15.0000  -45.0000 6762.2559   17.7414
    7.5000  -15.0000  -45.0000 6297.3340   17.8069
   -7.5000   -7.5000  -45.0000 6833.1411   17.2717
    0.0000   -7.5000  -45.0000 7035.7041   17.3059
    7.5000   -7.5000  -45.0000 6549.5420   17.3628
   -7.5000    0.0000  -45.0000 7139.5903   17.0977
    0.0000    0.0000  -45.0000 7341.5122   17.1145
    7.5000    0.0000  -45.0000 6825.5195   17.1621
   -7.5000    7.5000  -45.0000 6807.4297   17.3305
    0.0000    7.5000  -45.0000 7008.0879   17.3391
    7.5000    7.5000  -45.0000 6530.1226   17.3869
   -7.5000   15.0000  -45.0000 6449.1279   17.3920
    0.0000   15.0000  -45.0000 6644.4351   17.4091
    7.5000   15.0000  -45.0000 6194.1309   17.4641
   -7.5000   22.5000  -45.0000 6125.1909   17.2966
    0.0000   22.5000  -45.0000 6320.0073   17.3357
    7.5000   22.5000  -45.0000 5882.7593   17.4037
   -7.5000   30.0000  -45.0000 6006.4414   17.7186
    0.0000   30.0000  -45.0000 6222.7412   17.7740
    7.5000   30.0000  -45.0000 5768.0645   17.8501
   -7.5000   37.5000  -45.0000 5681.3984   17.6728
    0.0000   37.5000  -45.0000 5893.0142   17.7193
    7.5000   37.5000  -45.0000 5455.6719   17.7854
   -7.5000   45.0000  -45.0000 5348.4448   17.6150
    0.0000   45.0000  -45.0000 5561.9307   17.6374
    7.5000   45.0000  -45.0000 5148.0098   17.6903
   -7.5000  -45.0000  -37.5000 5930.1904   18.9586
    0.0000  -45.0000  -37.5000 6064.6909   18.9924
    7.5000  -45.0000  -37.5000 5663.7588   19.0719
   -7.5000  -37.5000  -37.5000 6208.2437   19.2899
    0.0000  -37.5000  -37.5000 6351.4302   19.3180
    7.5000  -37.5000  -37.5000 5926.3701   19.3959
   -7.5000  -30.0000  -37.5000 6508.1484   19.1637
    0.0000  -30.0000  -37.5000 6666.0171   19.1951
    7.5000  -30.0000  -37.5000 6212.4424   19.2681
   -7.5000  -22.5000  -37.5000 6604.0254   18.7244
    0.0000  -22.5000  -37.5000 6773.6782   18.7724
    7.5000  -22.5000  -37.5000 6302.8662   18.8480
   -7.5000  -15.0000  -37.5000 6952.7583   18.1837
    0.0000  -15.0000  -37.5000 7136.9795   18.2342
    7.5000  -15.0000  -37.5000 6638.1060   18.3055
   -7.5000   -7.5000  -37.5000 7267.9390   17.7584
    0.0000   -7.5000  -37.5000 7449.5898   17.7942
    7.5000   -7.5000  -37.5000 6921.9829   17.8569
   -7.5000    0.0000  -37.5000 7603.5029   17.5823
    0.0000    0.0000  -37.5000 7794.8398   17.6028
    7.5000    0.0000  -37.5000 7237.4971   17.6600
   -7.5000    7.5000  -37.5000 7256.0146   17.8178
    0.0000    7.5000  -37.5000 7446.5649   17.8357
    7.5000    7.5000  -37.5000 6939.1338   17.8959
   -7.5000   15.0000  -37.5000 6890.7056   17.8781
    0.0000   15.0000  -37.5000 7076.5571   17.9080
    7.5000   15.0000  -37.5000 6598.2744   17.9753
   -7.5000   22.5000  -37.5000 6532.3564   17.7838
    0.0000   22.5000  -37.5000 6733.0034   17.8336
    7.5000   22.5000  -37.5000 6260.6450   17.9106
   -7.5000   30.0000  -37.5000 6420.6177   18.2067
    0.0000   30.0000  -37.5000 6641.4688   18.2667
    7.5000   30.0000  -37.5000 6161.8047   18.3489
   -7.5000   37.5000  -37.5000 6081.0186   18.1494
    0.0000   37.5000  -37.5000 6293.7622   18.1980
    7.5000   37.5000  -37.5000 5843.4858   18.2711
   -7.5000   45.0000  -37.5000 5724.5532   18.0611
    0.0000   45.0000  -37.5000 5938.8354   18.0890
    7.5000   45.0000  -37.5000 5513.2021   18.1536
   -7.5000  -45.0000  -30.0000 6181.0703   19.4179
    0.0000  -45.0000  -30.0000 6309.1382   19.4509
    7.5000  -45.0000  -30.0000 5923.6587   19.5289
   -7.5000  -37.5000  -30.0000 6508.9683   19.7813
    0.0000  -37.5000  -30.0000 6634.5864   19.8133
    7.5000  -37.5000  -30.0000 6221.9224   19.8925
   -7.5000  -30.0000  -30.0000 6845.2886   19.6367
    0.0000  -30.0000  -30.0000 6987.8604   19.6753
    7.5000  -30.0000  -30.0000 6541.6118   19.7506
   -7.5000  -22.5000  -30.0000 6957.7153   19.1906
    0.0000  -22.5000  -30.0000 7112.3076   19.2429
    7.5000  -22.5000  -30.0000 6643.8657   19.3200
   -7.5000  -15.0000  -30.0000 7353.7490   18.6409
    0.0000  -15.0000  -30.0000 7522.1123   18.6915
    7.5000  -15.0000  -30.0000 7013.1294   18.7640
   -7.5000   -7.5000  -30.0000 7722.8550   18.2156
    0.0000   -7.5000  -30.0000 7897.1406   18.2496
    7.5000   -7.5000  -30.0000 7355.2358   18.3123
   -7.5000    0.0000  -30.0000 8105.0200   18.0459
    0.0000    0.0000  -30.0000 8290.4736   18.0668
    7.5000    0.0000  -30.0000 7729.2812   18.1236
   -7.5000    7.5000  -30.0000 7743.9653   18.2902
    0.0000    7.5000  -30.0000 7936.1128   18.3120
    7.5000    7.5000  -30.0000 7420.0474   18.3723
   -7.5000   15.0000  -30.0000 7351.2681   18.3494
    0.0000   15.0000  -30.0000 7547.6050   18.3850
    7.5000   15.0000  -30.0000 7060.5576   18.4536
   -7.5000   22.5000  -30.0000 6969.9839   18.2495
    0.0000   22.5000  -30.0000 7181.0610   18.3028
    7.5000   22.5000  -30.0000 6699.2080   18.3815
   -7.5000   30.0000  -30.0000 6878.6504   18.6654
    0.0000   30.0000  -30.0000 7099.5557   18.7250
    7.5000   30.0000  -30.0000 6604.5859   18.8098
   -7.5000   37.5000  -30.0000 6510.0195   18.6143
    0.0000   37.5000  -30.0000 6723.1255   18.6614
    7.5000   37.5000  -30.0000 6270.2319   18.7379
   -7.5000   45.0000  -30.0000 6121.8691   18.5225
    0.0000   45.0000  -30.0000 6340.2241   18.5504
    7.5000   45.0000  -30.0000 5923.7173   18.6185
   -7.5000  -45.0000  -22.5000 6278.8882   19.2364
    0.0000  -45.0000  -22.5000 6412.4312   19.2592
    7.5000  -45.0000  -22.5000 6054.0366   19.3180
   -7.5000  -37.5000  -22.5000 6640.0659   19.6034
    0.0000  -37.5000  -22.5000 6773.8428   19.6239
    7.5000  -37.5000  -22.5000 6377.4272   19.6825
   -7.5000  -30.0000  -22.5000 7008.5791   19.4658
    0.0000  -30.0000  -22.5000 7154.2583   19.4931
    7.5000  -30.0000  -22.5000 6714.8604   19.5496
   -7.5000  -22.5000  -22.5000 7141.4688   19.0221
    0.0000  -22.5000  -22.5000 7298.4287   19.0650
    7.5000  -22.5000  -22.5000 6832.0796   19.1272
   -7.5000  -15.0000  -22.5000 7566.1836   18.4749
    0.0000  -15.0000  -22.5000 7731.5093   18.5188
    7.5000  -15.0000  -22.5000 7229.7881   18.5801
   -7.5000   -7.5000  -22.5000 7973.6626   18.0562
    0.0000   -7.5000  -22.5000 8160.7788   18.0847
    7.5000   -7.5000  -22.5000 7619.9253   18.1357
   -7.5000    0.0000  -22.5000 8411.8750   17.8951
    0.0000    0.0000  -22.5000 8613.9658   17.9096
    7.5000    0.0000  -22.5000 8052.2876   17.9519
   -7.5000    7.5000  -22.5000 8063.5986   18.1439
    0.0000    7.5000  -22.5000 8272.6543   18.1566
    7.5000    7.5000  -22.5000 7750.2705   18.2002
   -7.5000   15.0000  -22.5000 7663.0591   18.2038
    0.0000   15.0000  -22.5000 7872.5742   18.2284
    7.5000   15.0000  -22.5000 7380.6870   18.2804
   -7.5000   22.5000  -22.5000 7272.1440   18.0969
    0.0000   22.5000  -22.5000 7490.7246   18.1398
    7.5000   22.5000  -22.5000 7000.6313   18.2045
   -7.5000   30.0000  -22.5000 7183.2578   18.4987
    0.0000   30.0000  -22.5000 7398.7183   18.5505
    7.5000   30.0000  -22.5000 6908.0742   18.6246
   -7.5000   37.5000  -22.5000 6792.5825   18.4455
    0.0000   37.5000  -22.5000 7009.6836   18.4859
    7.5000   37.5000  -22.5000 6553.9922   18.5517
   -7.5000   45.0000  -22.5000 6399.0239   18.3598
    0.0000   45.0000  -22.5000 6642.3325   18.3785
    7.5000   45.0000  -22.5000 6219.9722   18.4322
   -7.5000  -45.0000  -15.0000 6550.8506   19.8948
    0.0000  -45.0000  -15.0000 6737.5903   19.9104
    7.5000  -45.0000  -15.0000 6380.8311   19.9551
   -7.5000  -37.5000  -15.0000 6955.3867   20.2948
    0.0000  -37.5000  -15.0000 7130.8750   20.3023
    7.5000  -37.5000  -15.0000 6740.0571   20.3426
   -7.5000  -30.0000  -15.0000 7366.4639   20.1320
    0.0000  -30.0000  -15.0000 7533.0864   20.1434
    7.5000  -30.0000  -15.0000 7101.4575   20.1827
   -7.5000  -22.5000  -15.0000 7504.4214   19.6712
    0.0000  -22.5000  -15.0000 7692.7129   19.7032
    7.5000  -22.5000  -15.0000 7237.7510   19.7534
   -7.5000  -15.0000  -15.0000 7978.5513   19.1056
    0.0000  -15.0000  -15.0000 8189.4771   19.1456
    7.5000  -15.0000  -15.0000 7694.0039   19.1989
   -7.5000   -7.5000  -15.0000 8442.0352   18.6728
    0.0000   -7.5000  -15.0000 8677.5439   18.6998
    7.5000   -7.5000  -15.0000 8129.2295   18.7426
   -7.5000    0.0000  -15.0000 8965.3516   18.5069
    0.0000    0.0000  -15.0000 9225.6670   18.5160
    7.5000    0.0000  -15.0000 8641.7686   18.5468
   -7.5000    7.5000  -15.0000 8666.1055   18.7630
    0.0000    7.5000  -15.0000 8939.9678   18.7646
    7.5000    7.5000  -15.0000 8354.5967   18.7939
   -7.5000   15.0000  -15.0000 8237.3213   18.8295
    0.0000   15.0000  -15.0000 8511.8350   18.8399
    7.5000   15.0000  -15.0000 7957.0273   18.8775
   -7.5000   22.5000  -15.0000 7796.6631   18.7297
    0.0000   22.5000  -15.0000 8070.2275   18.7615
    7.5000   22.5000  -15.0000 7564.7026   18.8154
   -7.5000   30.0000  -15.0000 7707.2715   19.1438
    0.0000   30.0000  -15.0000 7968.2559   19.1916
    7.5000   30.0000  -15.0000 7466.0259   19.2578
   -7.5000   37.5000  -15.0000 7305.1670   19.1030
    0.0000   37.5000  -15.0000 7572.0781   19.1410
    7.5000   37.5000  -15.0000 7085.7266   19.1972
   -7.5000   45.0000  -15.0000 6874.9131   19.0339
    0.0000   45.0000  -15.0000 7167.5508   19.0453
    7.5000   45.0000  -15.0000 6704.4121   19.0847
   -7.5000  -45.0000   -7.5000 6801.2119   20.4958
    0.0000  -45.0000   -7.5000 7063.1362   20.5122
    7.5000  -45.0000   -7.5000 6658.1509   20.5607
   -7.5000  -37.5000   -7.5000 7253.6528   20.9130
    0.0000  -37.5000   -7.5000 7505.6265   20.9161
    7.5000  -37.5000   -7.5000 7055.5591   20.9567
   -7.5000  -30.0000   -7.5000 7693.1670   20.7293
    0.0000  -30.0000   -7.5000 7949.3457   20.7327
    7.5000  -30.0000   -7.5000 7455.3447   20.7707
   -7.5000  -22.5000   -7.5000 7854.4873   20.2600
    0.0000  -22.5000   -7.5000 8137.5273   20.2871
    7.5000  -22.5000   -7.5000 7618.0791   20.3372
   -7.5000  -15.0000   -7.5000 8380.2266   19.6832
    0.0000  -15.0000   -7.5000 8691.2871   19.7232
    7.5000  -15.0000   -7.5000 8122.6304   19.7771
   -7.5000   -7.5000   -7.5000 8918.4189   19.2344
    0.0000   -7.5000   -7.5000 9239.5752   19.2633
    7.5000   -7.5000   -7.5000 8592.3809   19.3085
   -7.5000    0.0000   -7.5000 9557.8574   19.0552
    0.0000    0.0000   -7.5000 9907.6191   19.0641
    7.5000    0.0000   -7.5000 9148.9355   19.0971
   -7.5000    7.5000   -7.5000 9378.9756   19.3117
    0.0000    7.5000   -7.5000 9745.7441   19.3090
    7.5000    7.5000   -7.5000 8919.0615   19.3397
   -7.5000   15.0000   -7.5000 9003.2344   19.3853
    0.0000   15.0000   -7.5000 9351.5176   19.3894
    7.5000   15.0000   -7.5000 8568.2373   19.4272
   -7.5000   22.5000   -7.5000 8510.1426   19.3026
    0.0000   22.5000   -7.5000 8855.7588   19.3309
    7.5000   22.5000   -7.5000 8156.5112   19.3848
   -7.5000   30.0000   -7.5000 8395.1592   19.7390
    0.0000   30.0000   -7.5000 8715.0195   19.7875
    7.5000   30.0000   -7.5000 8043.0059   19.8534
   -7.5000   37.5000   -7.5000 7940.7446   19.7104
    0.0000   37.5000   -7.5000 8244.3330   19.7503
    7.5000   37.5000   -7.5000 7590.3677   19.8059
   -7.5000   45.0000   -7.5000 7513.0078   19.6499
    0.0000   45.0000   -7.5000 7778.6953   19.6612
    7.5000   45.0000   -7.5000 7156.2305   19.6994
   -7.5000  -45.0000    0.0000 7102.3984   20.9408
    0.0000  -45.0000    0.0000 7403.9580   20.9674
    7.5000  -45.0000    0.0000 6910.6035   21.0310
   -7.5000  -37.5000    0.0000 7580.2935   21.3599
    0.0000  -37.5000    0.0000 7881.2056   21.3735
    7.5000  -37.5000    0.0000 7331.6621   21.4298
   -7.5000  -30.0000    0.0000 8062.6660   21.1597
    0.0000  -30.0000    0.0000 8394.1836   21.1731
    7.5000  -30.0000    0.0000 7768.4355   21.2246
   -7.5000  -22.5000    0.0000 8297.7471   20.6873
    0.0000  -22.5000    0.0000 8636.5312   20.7237
    7.5000  -22.5000    0.0000 7964.8413   20.7843
   -7.5000  -15.0000    0.0000 8915.8838   20.1050
    0.0000  -15.0000    0.0000 9264.3223   20.1524
    7.5000  -15.0000    0.0000 8504.5488   20.2143
   -7.5000   -7.5000    0.0000 9550.8652   19.6466
    0.0000   -7.5000    0.0000 9881.8057   19.6818
    7.5000   -7.5000    0.0000 9035.2725   19.7358
   -7.5000    0.0000    0.000010318.3018   19.4558
    0.0000    0.0000    0.000010627.5107   19.4713
    7.5000    0.0000    0.0000 9625.1270   19.5158
   -7.5000    7.5000    0.000010326.4082   19.7103
    0.0000    7.5000    0.000010650.3057   19.7157
    7.5000    7.5000    0.0000 9407.1797   19.7590
   -7.5000   15.0000    0.000010205.0830   19.7871
    0.0000   15.0000    0.000010570.9258   19.8011
    7.5000   15.0000    0.0000 9175.8008   19.8508
   -7.5000   22.5000    0.0000 9644.6807   19.7200
    0.0000   22.5000    0.0000 9964.4424   19.7586
    7.5000   22.5000    0.0000 8753.8721   19.8221
   -7.5000   30.0000    0.0000 9296.0723   20.1765
    0.0000   30.0000    0.0000 9518.8408   20.2335
    7.5000   30.0000    0.0000 8515.2334   20.3062
   -7.5000   37.5000    0.0000 8686.3086   20.1603
    0.0000   37.5000    0.0000 8857.4365   20.2077
    7.5000   37.5000    0.0000 7953.7690   20.2703
   -7.5000   45.0000    0.0000 8194.2383   20.1056
    0.0000   45.0000    0.0000 8362.4648   20.1261
    7.5000   45.0000    0.0000 7503.5718   20.1743
   -7.5000  -45.0000    7.5000 6987.0415   21.1950
    0.0000  -45.0000    7.5000 7245.0859   21.2292
    7.5000  -45.0000    7.5000 6628.8628   21.3085
   -7.5000  -37.5000    7.5000 7480.2158   21.6062
    0.0000  -37.5000    7.5000 7722.2969   21.6328
    7.5000  -37.5000    7.5000 7036.8975   21.7089
   -7.5000  -30.0000    7.5000 7996.6587   21.3968
    0.0000  -30.0000    7.5000 8233.6064   21.4269
    7.5000  -30.0000    7.5000 7465.7598   21.4966
   -7.5000  -22.5000    7.5000 8262.3076   20.9183
    0.0000  -22.5000    7.5000 8477.1592   20.9677
    7.5000  -22.5000    7.5000 7648.7153   21.0415
   -7.5000  -15.0000    7.5000 8915.5195   20.3269
    0.0000  -15.0000    7.5000 9094.4736   20.3806
    7.5000  -15.0000    7.5000 8160.6426   20.4518
   -7.5000   -7.5000    7.5000 9556.5518   19.8631
    0.0000   -7.5000    7.5000 9684.9219   19.9011
    7.5000   -7.5000    7.5000 8655.3271   19.9641
   -7.5000    0.0000    7.500010308.2070   19.6698
    0.0000    0.0000    7.500010372.0938   19.6903
    7.5000    0.0000    7.5000 9174.7588   19.7471
   -7.5000    7.5000    7.500010289.4043   19.9282
    0.0000    7.5000    7.500010404.5449   19.9445
    7.5000    7.5000    7.5000 8959.0029   20.0028
   -7.5000   15.0000    7.500010151.4863   20.0059
    0.0000   15.0000    7.500010338.4873   20.0347
    7.5000   15.0000    7.5000 8764.1309   20.0995
   -7.5000   22.5000    7.5000 9521.7227   19.9401
    0.0000   22.5000    7.5000 9634.0664   19.9918
    7.5000   22.5000    7.5000 8330.5674   20.0678
   -7.5000   30.0000    7.5000 9095.6465   20.4064
    0.0000   30.0000    7.5000 9151.1650   20.4703
    7.5000   30.0000    7.5000 8069.8467   20.5530
   -7.5000   37.5000    7.5000 8472.9775   20.3975
    0.0000   37.5000    7.5000 8538.0723   20.4489
    7.5000   37.5000    7.5000 7558.4346   20.5229
   -7.5000   45.0000    7.5000 7993.5605   20.3469
    0.0000   45.0000    7.5000 8120.4595   20.3748
    7.5000   45.0000    7.5000 7174.9219   20.4389
   -7.5000  -45.0000   15.0000 6852.0557   21.9252
    0.0000  -45.0000   15.0000 6976.2856   21.9604
    7.5000  -45.0000   15.0000 6347.5884   22.0416
   -7.5000  -37.5000   15.0000 7340.2642   22.3165
    0.0000  -37.5000   15.0000 7446.1255   22.3484
    7.5000  -37.5000   15.0000 6749.7461   22.4290
   -7.5000  -30.0000   15.0000 7846.6060   22.0781
    0.0000  -30.0000   15.0000 7937.8306   22.1166
    7.5000  -30.0000   15.0000 7152.8477   22.1905
   -7.5000  -22.5000   15.0000 8083.0327   21.5681
    0.0000  -22.5000   15.0000 8157.7759   21.6233
    7.5000  -22.5000   15.0000 7303.5537   21.6998
   -7.5000  -15.0000   15.0000 8676.0303   20.9352
    0.0000  -15.0000   15.0000 8713.2051   20.9902
    7.5000  -15.0000   15.0000 7758.9146   21.0638
   -7.5000   -7.5000   15.0000 9247.0410   20.4461
    0.0000   -7.5000   15.0000 9241.3379   20.4833
    7.5000   -7.5000   15.0000 8177.6963   20.5478
   -7.5000    0.0000   15.0000 9867.9600   20.2497
    0.0000    0.0000   15.0000 9839.2158   20.2712
    7.5000    0.0000   15.0000 8655.4834   20.3294
   -7.5000    7.5000   15.0000 9690.5068   20.5307
    0.0000    7.5000   15.0000 9772.7217   20.5514
    7.5000    7.5000   15.0000 8489.5479   20.6118
   -7.5000   15.0000   15.0000 9358.5703   20.6207
    0.0000   15.0000   15.0000 9477.9551   20.6563
    7.5000   15.0000   15.0000 8260.3359   20.7240
   -7.5000   22.5000   15.0000 8739.0293   20.5562
    0.0000   22.5000   15.0000 8806.1348   20.6130
    7.5000   22.5000   15.0000 7824.8833   20.6922
   -7.5000   30.0000   15.0000 8541.7432   21.0390
    0.0000   30.0000   15.0000 8605.3896   21.1046
    7.5000   30.0000   15.0000 7678.1440   21.1923
   -7.5000   37.5000   15.0000 8112.3345   21.0473
    0.0000   37.5000   15.0000 8226.6934   21.0996
    7.5000   37.5000   15.0000 7275.6709   21.1798
   -7.5000   45.0000   15.0000 7716.7568   21.0206
    0.0000   45.0000   15.0000 7861.6782   21.0502
    7.5000   45.0000   15.0000 6932.6411   21.1209
   -7.5000  -45.0000   22.5000 6515.4766   22.7472
    0.0000  -45.0000   22.5000 6605.2900   22.7774
    7.5000  -45.0000   22.5000 6028.6235   22.8495
   -7.5000  -37.5000   22.5000 6962.7856   23.1526
    0.0000  -37.5000   22.5000 7059.7964   23.1778
    7.5000  -37.5000   22.5000 6406.5068   23.2477
   -7.5000  -30.0000   22.5000 7417.6411   22.8803
    0.0000  -30.0000   22.5000 7518.6597   22.9117
    7.5000  -30.0000   22.5000 6771.1533   22.9760
   -7.5000  -22.5000   22.5000 7616.2881   22.3239
    0.0000  -22.5000   22.5000 7720.0044   22.3743
    7.5000  -22.5000   22.5000 6912.9370   22.4452
   -7.5000  -15.0000   22.5000 8133.3335   21.6363
    0.0000  -15.0000   22.5000 8215.1611   21.6897
    7.5000  -15.0000   22.5000 7331.7881   21.7610
   -7.5000   -7.5000   22.5000 8609.0332   21.1121
    0.0000   -7.5000   22.5000 8675.6191   21.1481
    7.5000   -7.5000   22.5000 7727.1167   21.2087
   -7.5000    0.0000   22.5000 9155.8838   20.9103
    0.0000    0.0000   22.5000 9238.8643   20.9289
    7.5000    0.0000   22.5000 8213.6973   20.9795
   -7.5000    7.5000   22.5000 8960.9639   21.2192
    0.0000    7.5000   22.5000 9147.8096   21.2343
    7.5000    7.5000   22.5000 8072.5234   21.2851
   -7.5000   15.0000   22.5000 8623.3789   21.3230
    0.0000   15.0000   22.5000 8777.8135   21.3510
    7.5000   15.0000   22.5000 7825.5596   21.4101
   -7.5000   22.5000   22.5000 8137.2178   21.2749
    0.0000   22.5000   22.5000 8233.2627   21.3256
    7.5000   22.5000   22.5000 7416.4819   21.4003
   -7.5000   30.0000   22.5000 8061.9575   21.7825
    0.0000   30.0000   22.5000 8173.6064   21.8462
    7.5000   30.0000   22.5000 7342.1279   21.9344
   -7.5000   37.5000   22.5000 7721.7275   21.8171
    0.0000   37.5000   22.5000 7839.1245   21.8690
    7.5000   37.5000   22.5000 7017.1860   21.9493
   -7.5000   45.0000   22.5000 7348.8394   21.8038
    0.0000   45.0000   22.5000 7495.0151   21.8285
    7.5000   45.0000   22.5000 6700.1631   21.8947
   -7.5000  -45.0000   30.0000 6383.8774   23.8811
    0.0000  -45.0000   30.0000 6472.7173   23.9068
    7.5000  -45.0000   30.0000 5951.4141   23.9710
   -7.5000  -37.5000   30.0000 6794.8262   24.3031
    0.0000  -37.5000   30.0000 6917.2534   24.3159
    7.5000  -37.5000   30.0000 6323.7202   24.3719
   -7.5000  -30.0000   30.0000 7223.8755   24.0106
    0.0000  -30.0000   30.0000 7381.4727   24.0276
    7.5000  -30.0000   30.0000 6696.0962   24.0796
   -7.5000  -22.5000   30.0000 7397.4043   23.3957
    0.0000  -22.5000   30.0000 7571.6313   23.4407
    7.5000  -22.5000   30.0000 6851.3750   23.5063
   -7.5000  -15.0000   30.0000 7862.1680   22.6507
    0.0000  -15.0000   30.0000 8036.7583   22.7073
    7.5000  -15.0000   30.0000 7269.4233   22.7779
   -7.5000   -7.5000   30.0000 8297.0977   22.0815
    0.0000   -7.5000   30.0000 8472.3877   22.1208
    7.5000   -7.5000   30.0000 7659.8296   22.1794
   -7.5000    0.0000   30.0000 8836.5146   21.8599
    0.0000    0.0000   30.0000 9029.5098   21.8749
    7.5000    0.0000   30.0000 8167.4697   21.9178
   -7.5000    7.5000   30.0000 8647.7129   22.1804
    0.0000    7.5000   30.0000 8901.8340   22.1844
    7.5000    7.5000   30.0000 8022.5083   22.2244
   -7.5000   15.0000   30.0000 8336.5596   22.2914
    0.0000   15.0000   30.0000 8522.9580   22.3064
    7.5000   15.0000   30.0000 7737.7520   22.3557
   -7.5000   22.5000   30.0000 7930.7808   22.2613
    0.0000   22.5000   30.0000 8101.0054   22.3058
    7.5000   22.5000   30.0000 7368.3325   22.3763
   -7.5000   30.0000   30.0000 7890.5708   22.8086
    0.0000   30.0000   30.0000 8076.9307   22.8761
    7.5000   30.0000   30.0000 7341.9224   22.9648
   -7.5000   37.5000   30.0000 7538.7134   22.8383
    0.0000   37.5000   30.0000 7701.1519   22.8941
    7.5000   37.5000   30.0000 6978.9253   22.9720
   -7.5000   45.0000   30.0000 7155.0654   22.8030
    0.0000   45.0000   30.0000 7338.3950   22.8220
    7.5000   45.0000   30.0000 6653.5508   22.8781
   -7.5000  -45.0000   37.5000 5956.4854   24.6663
    0.0000  -45.0000   37.5000 6110.5913   24.6971
    7.5000  -45.0000   37.5000 5662.6929   24.7748
   -7.5000  -37.5000   37.5000 6342.1265   25.1065
    0.0000  -37.5000   37.5000 6533.8071   25.1187
    7.5000  -37.5000   37.5000 6019.9810   25.1851
   -7.5000  -30.0000   37.5000 6756.0044   24.7839
    0.0000  -30.0000   37.5000 6978.9355   24.7967
    7.5000  -30.0000   37.5000 6392.8374   24.8581
   -7.5000  -22.5000   37.5000 6910.7017   24.1384
    0.0000  -22.5000   37.5000 7146.1182   24.1832
    7.5000  -22.5000   37.5000 6544.6143   24.2597
   -7.5000  -15.0000   37.5000 7313.5259   23.3473
    0.0000  -15.0000   37.5000 7553.3940   23.4075
    7.5000  -15.0000   37.5000 6935.8076   23.4878
   -7.5000   -7.5000   37.5000 7701.8647   22.7419
    0.0000   -7.5000   37.5000 7933.3887   22.7857
    7.5000   -7.5000   37.5000 7297.2729   22.8534
   -7.5000    0.0000   37.5000 8226.1660   22.5045
    0.0000    0.0000   37.5000 8469.3213   22.5216
    7.5000    0.0000   37.5000 7767.5254   22.5733
   -7.5000    7.5000   37.5000 8038.8848   22.8175
    0.0000    7.5000   37.5000 8311.7744   22.8202
    7.5000    7.5000   37.5000 7608.5029   22.8695
   -7.5000   15.0000   37.5000 7738.1372   22.9118
    0.0000   15.0000   37.5000 7958.8188   22.9245
    7.5000   15.0000   37.5000 7333.2031   22.9837
   -7.5000   22.5000   37.5000 7381.0923   22.8906
    0.0000   22.5000   37.5000 7598.0474   22.9361
    7.5000   22.5000   37.5000 7018.0576   23.0172
   -7.5000   30.0000   37.5000 7321.5396   23.4621
    0.0000   30.0000   37.5000 7559.6611   23.5348
    7.5000   30.0000   37.5000 6981.8286   23.6331
   -7.5000   37.5000   37.5000 6961.5225   23.4790
    0.0000   37.5000   37.5000 7184.5249   23.5400
    7.5000   37.5000   37.5000 6623.0957   23.6244
   -7.5000   45.0000   37.5000 6577.6157   23.4060
    0.0000   45.0000   37.5000 6802.3076   23.4276
    7.5000   45.0000   37.5000 6266.5039   23.4887
   -7.5000  -45.0000   45.0000 5588.1104   25.4126
    0.0000  -45.0000   45.0000 5782.4473   25.4604
    7.5000  -45.0000   45.0000 5389.1348   25.5623
   -7.5000  -37.5000   45.0000 5961.9028   25.8627
    0.0000  -37.5000   45.0000 6170.5391   25.8910
    7.5000  -37.5000   45.0000 5719.9639   25.9845
   -7.5000  -30.0000   45.0000 6331.3008   25.5033
    0.0000  -30.0000   45.0000 6565.1787   25.5322
    7.5000  -30.0000   45.0000 6063.9658   25.6167
   -7.5000  -22.5000   45.0000 6454.7954   24.8476
    0.0000  -22.5000   45.0000 6689.4966   24.9099
    7.5000  -22.5000   45.0000 6203.4712   25.0051
   -7.5000  -15.0000   45.0000 6812.7886   24.0337
    0.0000  -15.0000   45.0000 7052.8613   24.1090
    7.5000  -15.0000   45.0000 6560.7715   24.2030
   -7.5000   -7.5000   45.0000 7164.7896   23.3819
    0.0000   -7.5000   45.0000 7417.4307   23.4367
    7.5000   -7.5000   45.0000 6889.5806   23.5181
   -7.5000    0.0000   45.0000 7647.1079   23.1301
    0.0000    0.0000   45.0000 7909.8491   23.1561
    7.5000    0.0000   45.0000 7337.6670   23.2252
   -7.5000    7.5000   45.0000 7446.9912   23.4339
    0.0000    7.5000   45.0000 7715.2275   23.4470
    7.5000    7.5000   45.0000 7153.0513   23.5165
   -7.5000   15.0000   45.0000 7155.8828   23.5100
    0.0000   15.0000   45.0000 7396.3247   23.5374
    7.5000   15.0000   45.0000 6887.9087   23.6161
   -7.5000   22.5000   45.0000 6819.8242   23.4828
    0.0000   22.5000   45.0000 7061.5991   23.5467
    7.5000   22.5000   45.0000 6581.6724   23.6444
   -7.5000   30.0000   45.0000 6735.4438   24.0594
    0.0000   30.0000   45.0000 6987.4512   24.1495
    7.5000   30.0000   45.0000 6518.3428   24.2603
   -7.5000   37.5000   45.0000 6385.8730   24.0597
    0.0000   37.5000   45.0000 6622.0884   24.1341
    7.5000   37.5000   45.0000 6175.4438   24.2301
   -7.5000   45.0000   45.0000 6024.6831   23.9534
    0.0000   45.0000   45.0000 6254.8804   23.9866
    7.5000   45.0000   45.0000 5826.7261   24.0638

---------------------------------------------------------------------
imgreg_4dfp /opt/freesurfer/average/711-2C_as_mni_average_305 /opt/freesurfer/average/711-2B_as_mni_average_305_mask talsrcimg_g11 none talsrcimg_to_711-2C_as_mni_average_305_t4 4355
---------------------------------------------------------------------

freesurfer imgreg_4dfp.c
/opt/freesurfer/average/711-2C_as_mni_average_305.4dfp.img
       256       256       256         1
  1.000000  1.000000  1.000000
orientation T byte_order littleendian
Reading image: /opt/freesurfer/average/711-2C_as_mni_average_305.4dfp.img
dimensions:      256       256       256
mmppix:       1.0000   -1.0000   -1.0000
center:     128.0000 -129.0000 -129.0000
/opt/freesurfer/average/711-2B_as_mni_average_305_mask.4dfp.img
       256       256       256         1
  1.000000  1.000000  1.000000
orientation T byte_order littleendian
Reading mask: /opt/freesurfer/average/711-2B_as_mni_average_305_mask.4dfp.img (2306576 pixels)
talsrcimg_g11.4dfp.img
       320       320       320         1
  0.700000  0.700000  0.700000
orientation T byte_order littleendian
Reading image: talsrcimg_g11.4dfp.img
dimensions:      320       320       320
mmppix:       0.7000   -0.7000   -0.7000
center:     112.0000 -112.7000 -112.7000
rotation matrix determinant  1.000000
image alignment mode   4355 decimal     1103 hex
   -7.5000  -37.5000  -45.0000 2040.1885   25.2446
    0.0000  -37.5000  -45.0000 2030.1968   25.5848
    7.5000  -37.5000  -45.0000 2000.9966   26.0398
   -7.5000  -30.0000  -45.0000 2055.6440   24.8668
    0.0000  -30.0000  -45.0000 2044.9001   25.1113
    7.5000  -30.0000  -45.0000 2018.8456   25.5454
   -7.5000  -22.5000  -45.0000 2069.2249   24.5456
    0.0000  -22.5000  -45.0000 2063.1951   24.7526
    7.5000  -22.5000  -45.0000 2036.1360   25.1578
   -7.5000  -15.0000  -45.0000 2081.7786   24.2384
    0.0000  -15.0000  -45.0000 2079.3828   24.4450
    7.5000  -15.0000  -45.0000 2056.3403   24.8039
   -7.5000   -7.5000  -45.0000 2088.4167   24.0165
    0.0000   -7.5000  -45.0000 2086.9014   24.2083
    7.5000   -7.5000  -45.0000 2067.4231   24.5770
   -7.5000    0.0000  -45.0000 2098.8831   23.8943
    0.0000    0.0000  -45.0000 2089.0017   24.1240
    7.5000    0.0000  -45.0000 2071.3792   24.5110
   -7.5000    7.5000  -45.0000 2104.8691   23.9603
    0.0000    7.5000  -45.0000 2094.9243   24.1967
    7.5000    7.5000  -45.0000 2074.7307   24.5325
   -7.5000   15.0000  -45.0000 2109.3110   24.0698
    0.0000   15.0000  -45.0000 2099.4954   24.2666
    7.5000   15.0000  -45.0000 2078.9644   24.6318
   -7.5000   22.5000  -45.0000 2118.3962   24.2995
    0.0000   22.5000  -45.0000 2109.6917   24.4244
    7.5000   22.5000  -45.0000 2088.9995   24.8291
   -7.5000   30.0000  -45.0000 2109.8711   24.6154
    0.0000   30.0000  -45.0000 2112.7061   24.8493
    7.5000   30.0000  -45.0000 2084.3584   25.2153
   -7.5000   37.5000  -45.0000 2076.1750   25.1820
    0.0000   37.5000  -45.0000 2074.1653   25.3949
    7.5000   37.5000  -45.0000 2045.2024   25.7521
   -7.5000   45.0000  -45.0000 1994.4318   25.6603
    0.0000   45.0000  -45.0000 1997.7567   25.7822
    7.5000   45.0000  -45.0000 1964.6312   26.1513
   -7.5000   52.5000  -45.0000 1873.3594   25.8043
    0.0000   52.5000  -45.0000 1882.2351   25.9078
    7.5000   52.5000  -45.0000 1856.0925   26.2103
   -7.5000  -37.5000  -37.5000 2187.9285   25.5516
    0.0000  -37.5000  -37.5000 2173.7229   25.8010
    7.5000  -37.5000  -37.5000 2137.1243   26.3719
   -7.5000  -30.0000  -37.5000 2211.4314   25.0257
    0.0000  -30.0000  -37.5000 2194.9043   25.2442
    7.5000  -30.0000  -37.5000 2160.9402   25.7941
   -7.5000  -22.5000  -37.5000 2231.8916   24.6412
    0.0000  -22.5000  -37.5000 2219.7556   24.8252
    7.5000  -22.5000  -37.5000 2186.6519   25.2843
   -7.5000  -15.0000  -37.5000 2245.5598   24.3813
    0.0000  -15.0000  -37.5000 2238.3208   24.4764
    7.5000  -15.0000  -37.5000 2207.4482   24.8988
   -7.5000   -7.5000  -37.5000 2255.7239   24.1576
    0.0000   -7.5000  -37.5000 2246.9463   24.2432
    7.5000   -7.5000  -37.5000 2217.8149   24.6190
   -7.5000    0.0000  -37.5000 2260.8843   23.9018
    0.0000    0.0000  -37.5000 2252.9111   24.0473
    7.5000    0.0000  -37.5000 2227.3650   24.4404
   -7.5000    7.5000  -37.5000 2261.1604   23.8868
    0.0000    7.5000  -37.5000 2254.8296   24.0424
    7.5000    7.5000  -37.5000 2237.0977   24.4341
   -7.5000   15.0000  -37.5000 2266.8362   23.9501
    0.0000   15.0000  -37.5000 2256.1052   24.1180
    7.5000   15.0000  -37.5000 2239.0791   24.4861
   -7.5000   22.5000  -37.5000 2267.0671   24.0774
    0.0000   22.5000  -37.5000 2260.4932   24.2168
    7.5000   22.5000  -37.5000 2241.5723   24.5677
   -7.5000   30.0000  -37.5000 2267.6475   24.4159
    0.0000   30.0000  -37.5000 2273.2458   24.6506
    7.5000   30.0000  -37.5000 2243.1868   24.9842
   -7.5000   37.5000  -37.5000 2236.6443   24.9484
    0.0000   37.5000  -37.5000 2238.1335   25.1339
    7.5000   37.5000  -37.5000 2207.7212   25.5286
   -7.5000   45.0000  -37.5000 2154.2549   25.3869
    0.0000   45.0000  -37.5000 2158.3850   25.4992
    7.5000   45.0000  -37.5000 2126.0630   25.8953
   -7.5000   52.5000  -37.5000 2031.4335   25.4477
    0.0000   52.5000  -37.5000 2037.7170   25.5866
    7.5000   52.5000  -37.5000 2009.1598   25.9507
   -7.5000  -37.5000  -30.0000 2320.6851   25.6815
    0.0000  -37.5000  -30.0000 2299.4680   25.8456
    7.5000  -37.5000  -30.0000 2265.2273   26.5070
   -7.5000  -30.0000  -30.0000 2339.5828   25.0913
    0.0000  -30.0000  -30.0000 2321.9998   25.2392
    7.5000  -30.0000  -30.0000 2288.3010   25.8167
   -7.5000  -22.5000  -30.0000 2356.6536   24.6141
    0.0000  -22.5000  -30.0000 2343.7852   24.7367
    7.5000  -22.5000  -30.0000 2311.6411   25.2397
   -7.5000  -15.0000  -30.0000 2371.5552   24.2151
    0.0000  -15.0000  -30.0000 2357.7454   24.2929
    7.5000  -15.0000  -30.0000 2327.8770   24.7955
   -7.5000   -7.5000  -30.0000 2379.1863   23.9319
    0.0000   -7.5000  -30.0000 2368.2053   23.9766
    7.5000   -7.5000  -30.0000 2341.2456   24.4409
   -7.5000    0.0000  -30.0000 2385.6660   23.7938
    0.0000    0.0000  -30.0000 2377.6033   23.7875
    7.5000    0.0000  -30.0000 2358.4531   24.2277
   -7.5000    7.5000  -30.0000 2385.4028   23.5706
    0.0000    7.5000  -30.0000 2380.1470   23.6133
    7.5000    7.5000  -30.0000 2374.0627   24.0760
   -7.5000   15.0000  -30.0000 2390.3745   23.4771
    0.0000   15.0000  -30.0000 2390.4968   23.6079
    7.5000   15.0000  -30.0000 2378.9048   24.0901
   -7.5000   22.5000  -30.0000 2388.3921   23.4838
    0.0000   22.5000  -30.0000 2389.3696   23.6255
    7.5000   22.5000  -30.0000 2379.6426   24.0732
   -7.5000   30.0000  -30.0000 2397.2288   23.8553
    0.0000   30.0000  -30.0000 2405.3477   24.0511
    7.5000   30.0000  -30.0000 2382.4006   24.4648
   -7.5000   37.5000  -30.0000 2373.0601   24.3758
    0.0000   37.5000  -30.0000 2369.3362   24.4895
    7.5000   37.5000  -30.0000 2350.8313   24.9880
   -7.5000   45.0000  -30.0000 2285.6340   24.7463
    0.0000   45.0000  -30.0000 2287.8203   24.8083
    7.5000   45.0000  -30.0000 2268.1760   25.3531
   -7.5000   52.5000  -30.0000 2157.4685   24.8317
    0.0000   52.5000  -30.0000 2164.2891   24.9169
    7.5000   52.5000  -30.0000 2150.2737   25.4492
   -7.5000  -37.5000  -22.5000 2369.6128   24.9712
    0.0000  -37.5000  -22.5000 2341.3286   25.1001
    7.5000  -37.5000  -22.5000 2315.7937   25.7854
   -7.5000  -30.0000  -22.5000 2382.6306   24.3604
    0.0000  -30.0000  -22.5000 2359.9702   24.4890
    7.5000  -30.0000  -22.5000 2334.4482   25.0561
   -7.5000  -22.5000  -22.5000 2395.9580   23.8083
    0.0000  -22.5000  -22.5000 2379.2600   23.9261
    7.5000  -22.5000  -22.5000 2349.8975   24.4201
   -7.5000  -15.0000  -22.5000 2400.2832   23.3639
    0.0000  -15.0000  -22.5000 2386.5615   23.4470
    7.5000  -15.0000  -22.5000 2360.3164   23.9482
   -7.5000   -7.5000  -22.5000 2405.7910   23.0193
    0.0000   -7.5000  -22.5000 2397.1338   23.1275
    7.5000   -7.5000  -22.5000 2376.6958   23.6551
   -7.5000    0.0000  -22.5000 2414.9819   22.7882
    0.0000    0.0000  -22.5000 2410.5488   22.8488
    7.5000    0.0000  -22.5000 2392.7449   23.3849
   -7.5000    7.5000  -22.5000 2422.3030   22.5279
    0.0000    7.5000  -22.5000 2421.7930   22.5796
    7.5000    7.5000  -22.5000 2412.2896   23.1751
   -7.5000   15.0000  -22.5000 2426.4253   22.2553
    0.0000   15.0000  -22.5000 2428.9841   22.3760
    7.5000   15.0000  -22.5000 2421.3396   23.0216
   -7.5000   22.5000  -22.5000 2428.6990   22.1466
    0.0000   22.5000  -22.5000 2426.7007   22.2888
    7.5000   22.5000  -22.5000 2420.8081   22.9251
   -7.5000   30.0000  -22.5000 2440.3110   22.5115
    0.0000   30.0000  -22.5000 2441.8445   22.6571
    7.5000   30.0000  -22.5000 2429.9099   23.2598
   -7.5000   37.5000  -22.5000 2419.3804   23.0284
    0.0000   37.5000  -22.5000 2410.3867   23.0879
    7.5000   37.5000  -22.5000 2403.4863   23.7141
   -7.5000   45.0000  -22.5000 2332.4526   23.3498
    0.0000   45.0000  -22.5000 2331.0459   23.3627
    7.5000   45.0000  -22.5000 2325.9644   23.9868
   -7.5000   52.5000  -22.5000 2204.2778   23.5088
    0.0000   52.5000  -22.5000 2216.0056   23.5696
    7.5000   52.5000  -22.5000 2210.1206   24.2058
   -7.5000  -37.5000  -15.0000 2456.5647   25.0881
    0.0000  -37.5000  -15.0000 2434.1770   25.3404
    7.5000  -37.5000  -15.0000 2408.6023   26.1522
   -7.5000  -30.0000  -15.0000 2462.5740   24.3629
    0.0000  -30.0000  -15.0000 2440.5171   24.5289
    7.5000  -30.0000  -15.0000 2416.0798   25.2270
   -7.5000  -22.5000  -15.0000 2469.9531   23.6575
    0.0000  -22.5000  -15.0000 2452.1428   23.8297
    7.5000  -22.5000  -15.0000 2433.9812   24.4941
   -7.5000  -15.0000  -15.0000 2470.8018   23.1190
    0.0000  -15.0000  -15.0000 2460.3604   23.2813
    7.5000  -15.0000  -15.0000 2450.7483   23.9846
   -7.5000   -7.5000  -15.0000 2471.0317   22.7877
    0.0000   -7.5000  -15.0000 2471.5083   23.0088
    7.5000   -7.5000  -15.0000 2468.0164   23.7020
   -7.5000    0.0000  -15.0000 2484.7866   22.5515
    0.0000    0.0000  -15.0000 2495.5010   22.7916
    7.5000    0.0000  -15.0000 2494.5630   23.4824
   -7.5000    7.5000  -15.0000 2503.8611   22.2811
    0.0000    7.5000  -15.0000 2519.0347   22.4890
    7.5000    7.5000  -15.0000 2517.6130   23.2237
   -7.5000   15.0000  -15.0000 2515.0273   21.8425
    0.0000   15.0000  -15.0000 2529.5034   22.0363
    7.5000   15.0000  -15.0000 2529.5740   22.9217
   -7.5000   22.5000  -15.0000 2511.6743   21.4927
    0.0000   22.5000  -15.0000 2521.9819   21.7378
    7.5000   22.5000  -15.0000 2526.9976   22.6685
   -7.5000   30.0000  -15.0000 2525.5281   21.8731
    0.0000   30.0000  -15.0000 2535.3235   22.0460
    7.5000   30.0000  -15.0000 2543.0317   22.9465
   -7.5000   37.5000  -15.0000 2507.5222   22.4036
    0.0000   37.5000  -15.0000 2509.9480   22.5082
    7.5000   37.5000  -15.0000 2517.0364   23.3077
   -7.5000   45.0000  -15.0000 2420.6821   22.7372
    0.0000   45.0000  -15.0000 2434.5759   22.8511
    7.5000   45.0000  -15.0000 2439.2239   23.5861
   -7.5000   52.5000  -15.0000 2296.6062   22.9634
    0.0000   52.5000  -15.0000 2314.5325   23.1089
    7.5000   52.5000  -15.0000 2323.0803   23.8487
   -7.5000  -37.5000   -7.5000 2493.7222   25.0668
    0.0000  -37.5000   -7.5000 2479.9756   25.5357
    7.5000  -37.5000   -7.5000 2472.0669   26.4357
   -7.5000  -30.0000   -7.5000 2497.3049   24.2650
    0.0000  -30.0000   -7.5000 2489.7751   24.6371
    7.5000  -30.0000   -7.5000 2482.4009   25.5127
   -7.5000  -22.5000   -7.5000 2496.2786   23.5488
    0.0000  -22.5000   -7.5000 2500.7864   23.9258
    7.5000  -22.5000   -7.5000 2497.0625   24.7325
   -7.5000  -15.0000   -7.5000 2496.8433   23.0720
    0.0000  -15.0000   -7.5000 2509.8865   23.5047
    7.5000  -15.0000   -7.5000 2511.0112   24.2913
   -7.5000   -7.5000   -7.5000 2506.2544   22.8598
    0.0000   -7.5000   -7.5000 2528.3792   23.2694
    7.5000   -7.5000   -7.5000 2530.9692   24.0151
   -7.5000    0.0000   -7.5000 2526.2419   22.7268
    0.0000    0.0000   -7.5000 2559.8472   23.0960
    7.5000    0.0000   -7.5000 2559.8967   23.7419
   -7.5000    7.5000   -7.5000 2559.3677   22.4960
    0.0000    7.5000   -7.5000 2596.1357   22.8724
    7.5000    7.5000   -7.5000 2589.2781   23.4216
   -7.5000   15.0000   -7.5000 2584.6433   22.0632
    0.0000   15.0000   -7.5000 2624.9326   22.4063
    7.5000   15.0000   -7.5000 2612.4841   23.0382
   -7.5000   22.5000   -7.5000 2569.6362   21.2767
    0.0000   22.5000   -7.5000 2604.6604   21.6887
    7.5000   22.5000   -7.5000 2608.7939   22.6146
   -7.5000   30.0000   -7.5000 2585.9041   21.5365
    0.0000   30.0000   -7.5000 2609.1909   21.7659
    7.5000   30.0000   -7.5000 2625.4016   22.7695
   -7.5000   37.5000   -7.5000 2570.2292   22.0466
    0.0000   37.5000   -7.5000 2595.0562   22.1480
    7.5000   37.5000   -7.5000 2587.7043   22.9320
   -7.5000   45.0000   -7.5000 2500.9578   22.3820
    0.0000   45.0000   -7.5000 2525.2517   22.4727
    7.5000   45.0000   -7.5000 2508.9966   23.1175
   -7.5000   52.5000   -7.5000 2386.3188   22.6807
    0.0000   52.5000   -7.5000 2387.6973   22.6417
    7.5000   52.5000   -7.5000 2389.1946   23.3393
   -7.5000  -37.5000    0.0000 2477.0007   24.9864
    0.0000  -37.5000    0.0000 2488.6890   25.6425
    7.5000  -37.5000    0.0000 2494.6694   26.6591
   -7.5000  -30.0000    0.0000 2478.1707   24.2644
    0.0000  -30.0000    0.0000 2506.2925   24.8769
    7.5000  -30.0000    0.0000 2511.1001   25.7879
   -7.5000  -22.5000    0.0000 2492.6667   23.8344
    0.0000  -22.5000    0.0000 2526.4290   24.4017
    7.5000  -22.5000    0.0000 2538.7947   25.1871
   -7.5000  -15.0000    0.0000 2513.0513   23.6314
    0.0000  -15.0000    0.0000 2554.0793   24.1491
    7.5000  -15.0000    0.0000 2561.9607   24.8339
   -7.5000   -7.5000    0.0000 2545.2683   23.5233
    0.0000   -7.5000    0.0000 2594.7097   24.0013
    7.5000   -7.5000    0.0000 2591.8364   24.5426
   -7.5000    0.0000    0.0000 2580.1482   23.4472
    0.0000    0.0000    0.0000 2641.7456   23.8536
    7.5000    0.0000    0.0000 2627.9819   24.2774
   -7.5000    7.5000    0.0000 2631.1506   23.3858
    0.0000    7.5000    0.0000 2691.8606   23.6606
    7.5000    7.5000    0.0000 2667.7329   23.8575
   -7.5000   15.0000    0.0000 2688.5034   23.3269
    0.0000   15.0000    0.0000 2742.9072   23.4795
    7.5000   15.0000    0.0000 2689.5420   23.3798
   -7.5000   22.5000    0.0000 2671.8672   22.3823
    0.0000   22.5000    0.0000 2718.0513   22.5331
    7.5000   22.5000    0.0000 2678.7205   22.8517
   -7.5000   30.0000    0.0000 2661.1189   21.8067
    0.0000   30.0000    0.0000 2676.5469   21.8202
    7.5000   30.0000    0.0000 2655.7502   22.5515
   -7.5000   37.5000    0.0000 2614.0989   21.8091
    0.0000   37.5000    0.0000 2623.5588   21.6941
    7.5000   37.5000    0.0000 2604.7815   22.4354
   -7.5000   45.0000    0.0000 2541.6497   22.1827
    0.0000   45.0000    0.0000 2536.2173   21.9566
    7.5000   45.0000    0.0000 2529.8225   22.7001
   -7.5000   52.5000    0.0000 2423.1604   22.5907
    0.0000   52.5000    0.0000 2428.3420   22.4759
    7.5000   52.5000    0.0000 2406.8613   23.0202
   -7.5000  -37.5000    7.5000 2457.7217   25.5285
    0.0000  -37.5000    7.5000 2509.8857   26.2311
    7.5000  -37.5000    7.5000 2517.1846   27.0259
   -7.5000  -30.0000    7.5000 2478.1982   24.9522
    0.0000  -30.0000    7.5000 2537.9312   25.5376
    7.5000  -30.0000    7.5000 2544.9600   26.2266
   -7.5000  -22.5000    7.5000 2512.8708   24.6420
    0.0000  -22.5000    7.5000 2569.3794   25.0844
    7.5000  -22.5000    7.5000 2569.9724   25.6952
   -7.5000  -15.0000    7.5000 2558.1289   24.5223
    0.0000  -15.0000    7.5000 2604.6838   24.8676
    7.5000  -15.0000    7.5000 2593.8643   25.3313
   -7.5000   -7.5000    7.5000 2607.7300   24.4581
    0.0000   -7.5000    7.5000 2650.6475   24.7881
    7.5000   -7.5000    7.5000 2626.4080   24.9932
   -7.5000    0.0000    7.5000 2667.6653   24.4337
    0.0000    0.0000    7.5000 2703.3752   24.6738
    7.5000    0.0000    7.5000 2655.1770   24.6259
   -7.5000    7.5000    7.5000 2741.7698   24.4017
    0.0000    7.5000    7.5000 2758.3127   24.4994
    7.5000    7.5000    7.5000 2686.9548   24.1795
   -7.5000   15.0000    7.5000 2798.0142   24.2724
    0.0000   15.0000    7.5000 2806.2712   24.2460
    7.5000   15.0000    7.5000 2708.9539   23.7650
   -7.5000   22.5000    7.5000 2740.0896   23.2025
    0.0000   22.5000    7.5000 2768.7539   23.2472
    7.5000   22.5000    7.5000 2693.3997   23.1257
   -7.5000   30.0000    7.5000 2665.7932   22.0913
    0.0000   30.0000    7.5000 2663.2009   21.9400
    7.5000   30.0000    7.5000 2639.3262   22.5418
   -7.5000   37.5000    7.5000 2624.6863   21.8180
    0.0000   37.5000    7.5000 2608.7458   21.6159
    7.5000   37.5000    7.5000 2597.1611   22.3073
   -7.5000   45.0000    7.5000 2554.2480   22.1274
    0.0000   45.0000    7.5000 2557.2083   22.0159
    7.5000   45.0000    7.5000 2529.6943   22.5468
   -7.5000   52.5000    7.5000 2437.4084   22.6247
    0.0000   52.5000    7.5000 2441.9688   22.5538
    7.5000   52.5000    7.5000 2418.6641   22.9753
   -7.5000  -37.5000   15.0000 2504.9700   26.8025
    0.0000  -37.5000   15.0000 2533.8223   27.4016
    7.5000  -37.5000   15.0000 2539.5566   27.9605
   -7.5000  -30.0000   15.0000 2542.5012   26.1538
    0.0000  -30.0000   15.0000 2579.7617   26.6598
    7.5000  -30.0000   15.0000 2573.6575   27.1101
   -7.5000  -22.5000   15.0000 2583.2498   25.7758
    0.0000  -22.5000   15.0000 2615.3638   26.1558
    7.5000  -22.5000   15.0000 2596.4490   26.4436
   -7.5000  -15.0000   15.0000 2622.1582   25.5197
    0.0000  -15.0000   15.0000 2644.8984   25.8282
    7.5000  -15.0000   15.0000 2613.9329   25.9398
   -7.5000   -7.5000   15.0000 2665.0498   25.3186
    0.0000   -7.5000   15.0000 2680.0054   25.5147
    7.5000   -7.5000   15.0000 2635.0247   25.4701
   -7.5000    0.0000   15.0000 2704.3826   25.0717
    0.0000    0.0000   15.0000 2714.5850   25.2008
    7.5000    0.0000   15.0000 2655.0364   24.9822
   -7.5000    7.5000   15.0000 2741.4077   24.7216
    0.0000    7.5000   15.0000 2747.7881   24.7859
    7.5000    7.5000   15.0000 2684.9041   24.4720
   -7.5000   15.0000   15.0000 2738.8604   24.0780
    0.0000   15.0000   15.0000 2763.5293   24.2397
    7.5000   15.0000   15.0000 2701.7102   24.0621
   -7.5000   22.5000   15.0000 2677.5015   22.8585
    0.0000   22.5000   15.0000 2697.8635   22.9440
    7.5000   22.5000   15.0000 2672.2385   23.3866
   -7.5000   30.0000   15.0000 2657.0134   22.2810
    0.0000   30.0000   15.0000 2635.3733   22.1659
    7.5000   30.0000   15.0000 2630.7964   22.9167
   -7.5000   37.5000   15.0000 2640.8518   22.4442
    0.0000   37.5000   15.0000 2638.9370   22.4073
    7.5000   37.5000   15.0000 2589.5439   22.8197
   -7.5000   45.0000   15.0000 2575.6116   22.8689
    0.0000   45.0000   15.0000 2582.7651   22.8673
    7.5000   45.0000   15.0000 2532.5803   23.1578
   -7.5000   52.5000   15.0000 2445.7812   23.2895
    0.0000   52.5000   15.0000 2455.6885   23.2814
    7.5000   52.5000   15.0000 2417.6340   23.5487
   -7.5000  -37.5000   22.5000 2529.9258   27.9898
    0.0000  -37.5000   22.5000 2553.6116   28.5571
    7.5000  -37.5000   22.5000 2554.9202   28.9780
   -7.5000  -30.0000   22.5000 2562.1646   27.1423
    0.0000  -30.0000   22.5000 2592.4146   27.6166
    7.5000  -30.0000   22.5000 2578.4368   27.9108
   -7.5000  -22.5000   22.5000 2590.2126   26.4826
    0.0000  -22.5000   22.5000 2620.7041   26.8619
    7.5000  -22.5000   22.5000 2597.2661   27.0628
   -7.5000  -15.0000   22.5000 2620.1152   26.0251
    0.0000  -15.0000   22.5000 2638.0327   26.3295
    7.5000  -15.0000   22.5000 2612.1155   26.4527
   -7.5000   -7.5000   22.5000 2645.8772   25.6053
    0.0000   -7.5000   22.5000 2665.4612   25.8774
    7.5000   -7.5000   22.5000 2629.5730   25.8978
   -7.5000    0.0000   22.5000 2660.9702   25.1448
    0.0000    0.0000   22.5000 2681.6265   25.3784
    7.5000    0.0000   22.5000 2643.2471   25.3530
   -7.5000    7.5000   22.5000 2672.1226   24.5400
    0.0000    7.5000   22.5000 2700.5752   24.7978
    7.5000    7.5000   22.5000 2666.0679   24.8042
   -7.5000   15.0000   22.5000 2672.4656   23.8893
    0.0000   15.0000   22.5000 2711.8320   24.1454
    7.5000   15.0000   22.5000 2665.0439   24.3058
   -7.5000   22.5000   22.5000 2633.1936   22.8727
    0.0000   22.5000   22.5000 2620.7930   22.8478
    7.5000   22.5000   22.5000 2629.0137   23.6227
   -7.5000   30.0000   22.5000 2646.2451   22.7919
    0.0000   30.0000   22.5000 2642.7969   22.8286
    7.5000   30.0000   22.5000 2615.1013   23.4682
   -7.5000   37.5000   22.5000 2637.4963   23.2879
    0.0000   37.5000   22.5000 2635.3401   23.3110
    7.5000   37.5000   22.5000 2590.7302   23.7087
   -7.5000   45.0000   22.5000 2562.8879   23.7360
    0.0000   45.0000   22.5000 2563.4780   23.7264
    7.5000   45.0000   22.5000 2515.6724   24.0203
   -7.5000   52.5000   22.5000 2435.6255   24.1296
    0.0000   52.5000   22.5000 2443.8894   24.1346
    7.5000   52.5000   22.5000 2402.2112   24.3649
   -7.5000  -37.5000   30.0000 2514.5820   28.6814
    0.0000  -37.5000   30.0000 2537.8203   29.3167
    7.5000  -37.5000   30.0000 2534.1001   29.9663
   -7.5000  -30.0000   30.0000 2543.3718   27.7124
    0.0000  -30.0000   30.0000 2572.2231   28.2034
    7.5000  -30.0000   30.0000 2554.3442   28.7187
   -7.5000  -22.5000   30.0000 2569.0916   26.9173
    0.0000  -22.5000   30.0000 2592.4121   27.3326
    7.5000  -22.5000   30.0000 2577.8103   27.7767
   -7.5000  -15.0000   30.0000 2585.3230   26.3102
    0.0000  -15.0000   30.0000 2601.2822   26.6280
    7.5000  -15.0000   30.0000 2588.0222   27.0488
   -7.5000   -7.5000   30.0000 2600.2815   25.7360
    0.0000   -7.5000   30.0000 2620.2063   26.0037
    7.5000   -7.5000   30.0000 2606.1443   26.4164
   -7.5000    0.0000   30.0000 2605.2068   25.1885
    0.0000    0.0000   30.0000 2628.0498   25.4286
    7.5000    0.0000   30.0000 2622.8147   25.8239
   -7.5000    7.5000   30.0000 2615.0750   24.6815
    0.0000    7.5000   30.0000 2639.0525   24.8790
    7.5000    7.5000   30.0000 2628.1533   25.3191
   -7.5000   15.0000   30.0000 2611.4233   24.0458
    0.0000   15.0000   30.0000 2610.7751   24.0392
    7.5000   15.0000   30.0000 2616.6238   24.7485
   -7.5000   22.5000   30.0000 2591.9087   23.3858
    0.0000   22.5000   30.0000 2592.4436   23.4150
    7.5000   22.5000   30.0000 2578.0413   24.1472
   -7.5000   30.0000   30.0000 2615.2429   23.7459
    0.0000   30.0000   30.0000 2622.8176   23.7951
    7.5000   30.0000   30.0000 2598.3196   24.3840
   -7.5000   37.5000   30.0000 2596.4138   24.3167
    0.0000   37.5000   30.0000 2598.0322   24.3136
    7.5000   37.5000   30.0000 2559.7268   24.8008
   -7.5000   45.0000   30.0000 2517.2019   24.7888
    0.0000   45.0000   30.0000 2520.8274   24.7881
    7.5000   45.0000   30.0000 2481.8101   25.1798
   -7.5000   52.5000   30.0000 2388.6470   25.0857
    0.0000   52.5000   30.0000 2396.1072   25.0880
    7.5000   52.5000   30.0000 2362.3081   25.4212
   -7.5000  -37.5000   37.5000 2479.9546   29.2309
    0.0000  -37.5000   37.5000 2503.7192   30.0231
    7.5000  -37.5000   37.5000 2502.5405   31.0794
   -7.5000  -30.0000   37.5000 2507.1262   28.2165
    0.0000  -30.0000   37.5000 2538.7075   28.8462
    7.5000  -30.0000   37.5000 2531.0969   29.7393
   -7.5000  -22.5000   37.5000 2527.2065   27.3441
    0.0000  -22.5000   37.5000 2559.0266   27.8345
    7.5000  -22.5000   37.5000 2555.8323   28.6478
   -7.5000  -15.0000   37.5000 2533.3450   26.5396
    0.0000  -15.0000   37.5000 2564.1235   26.9347
    7.5000  -15.0000   37.5000 2559.2964   27.7346
   -7.5000   -7.5000   37.5000 2528.5496   25.7770
    0.0000   -7.5000   37.5000 2564.5354   26.1709
    7.5000   -7.5000   37.5000 2579.0498   26.9777
   -7.5000    0.0000   37.5000 2539.2258   25.2479
    0.0000    0.0000   37.5000 2562.6394   25.5355
    7.5000    0.0000   37.5000 2592.8188   26.3650
   -7.5000    7.5000   37.5000 2558.9487   24.8693
    0.0000    7.5000   37.5000 2573.7637   25.0696
    7.5000    7.5000   37.5000 2581.8652   25.8346
   -7.5000   15.0000   37.5000 2547.3945   24.4385
    0.0000   15.0000   37.5000 2549.7080   24.4960
    7.5000   15.0000   37.5000 2551.4290   25.3721
   -7.5000   22.5000   37.5000 2555.0601   24.2174
    0.0000   22.5000   37.5000 2550.8684   24.3282
    7.5000   22.5000   37.5000 2540.8674   25.0939
   -7.5000   30.0000   37.5000 2562.8003   24.7982
    0.0000   30.0000   37.5000 2575.8918   24.8469
    7.5000   30.0000   37.5000 2554.3086   25.5126
   -7.5000   37.5000   37.5000 2535.6907   25.4452
    0.0000   37.5000   37.5000 2542.4319   25.4882
    7.5000   37.5000   37.5000 2512.3997   26.0087
   -7.5000   45.0000   37.5000 2452.3223   25.8981
    0.0000   45.0000   37.5000 2458.6899   25.9061
    7.5000   45.0000   37.5000 2426.0286   26.4018
   -7.5000   52.5000   37.5000 2328.7178   26.1060
    0.0000   52.5000   37.5000 2335.6680   26.0906
    7.5000   52.5000   37.5000 2300.8708   26.5378
   -7.5000  -37.5000   45.0000 2408.2041   29.9165
    0.0000  -37.5000   45.0000 2433.8049   30.8445
    7.5000  -37.5000   45.0000 2434.0073   32.2471
   -7.5000  -30.0000   45.0000 2430.4021   28.7229
    0.0000  -30.0000   45.0000 2466.3652   29.5105
    7.5000  -30.0000   45.0000 2459.9712   30.7414
   -7.5000  -22.5000   45.0000 2443.0005   27.6808
    0.0000  -22.5000   45.0000 2476.0676   28.3261
    7.5000  -22.5000   45.0000 2482.4543   29.4759
   -7.5000  -15.0000   45.0000 2437.5139   26.6428
    0.0000  -15.0000   45.0000 2472.8640   27.2909
    7.5000  -15.0000   45.0000 2499.1777   28.4449
   -7.5000   -7.5000   45.0000 2442.6777   25.9045
    0.0000   -7.5000   45.0000 2476.9297   26.4046
    7.5000   -7.5000   45.0000 2510.5535   27.5594
   -7.5000    0.0000   45.0000 2458.7788   25.4057
    0.0000    0.0000   45.0000 2493.9805   25.8679
    7.5000    0.0000   45.0000 2508.6497   26.8538
   -7.5000    7.5000   45.0000 2472.1353   25.0434
    0.0000    7.5000   45.0000 2489.4834   25.3451
    7.5000    7.5000   45.0000 2498.3594   26.3535
   -7.5000   15.0000   45.0000 2475.2341   24.8341
    0.0000   15.0000   45.0000 2486.5247   25.0345
    7.5000   15.0000   45.0000 2480.1682   26.0251
   -7.5000   22.5000   45.0000 2482.3545   25.0737
    0.0000   22.5000   45.0000 2485.1372   25.2095
    7.5000   22.5000   45.0000 2478.3811   26.0587
   -7.5000   30.0000   45.0000 2473.6294   25.8639
    0.0000   30.0000   45.0000 2492.4617   25.9663
    7.5000   30.0000   45.0000 2471.6509   26.6333
   -7.5000   37.5000   45.0000 2443.5771   26.5872
    0.0000   37.5000   45.0000 2448.2388   26.6570
    7.5000   37.5000   45.0000 2422.7224   27.2394
   -7.5000   45.0000   45.0000 2360.1091   27.0460
    0.0000   45.0000   45.0000 2363.7817   27.0525
    7.5000   45.0000   45.0000 2332.9402   27.6211
   -7.5000   52.5000   45.0000 2240.3594   27.1485
    0.0000   52.5000   45.0000 2252.4292   27.0837
    7.5000   52.5000   45.0000 2208.6143   27.6599

---------------------------------------------------------------------
imgreg_4dfp /opt/freesurfer/average/711-2C_as_mni_average_305 /opt/freesurfer/average/711-2B_as_mni_average_305_mask talsrcimg_g11 none talsrcimg_to_711-2C_as_mni_average_305_t4 1283
---------------------------------------------------------------------

freesurfer imgreg_4dfp.c
/opt/freesurfer/average/711-2C_as_mni_average_305.4dfp.img
       256       256       256         1
  1.000000  1.000000  1.000000
orientation T byte_order littleendian
Reading image: /opt/freesurfer/average/711-2C_as_mni_average_305.4dfp.img
dimensions:      256       256       256
mmppix:       1.0000   -1.0000   -1.0000
center:     128.0000 -129.0000 -129.0000
/opt/freesurfer/average/711-2B_as_mni_average_305_mask.4dfp.img
       256       256       256         1
  1.000000  1.000000  1.000000
orientation T byte_order littleendian
Reading mask: /opt/freesurfer/average/711-2B_as_mni_average_305_mask.4dfp.img (2306576 pixels)
talsrcimg_g11.4dfp.img
       320       320       320         1
  0.700000  0.700000  0.700000
orientation T byte_order littleendian
Reading image: talsrcimg_g11.4dfp.img
dimensions:      320       320       320
mmppix:       0.7000   -0.7000   -0.7000
center:     112.0000 -112.7000 -112.7000
rotation matrix determinant  1.000000
fimgreg.f
image alignment mode   1283 decimal      503 hex
parameters
    0.0000   15.0000    7.5000    0.0000    0.0000    0.0000
eta,q 0.88160 24.59032
niter,ni,del,rscale     5    3   12.0000    1.2000
parameter  1  0.504565 ->  0.500000 qaram    1.1500
parameter  4  0.589669 ->  0.500000 qaram    1.1500
parameters
   -3.4500   17.1009    8.0047   -3.4500   -0.8316   -0.2719
eta,q 0.89054 24.49338
  0.1197  0.1315  0.1380  0.1119  0.1162  0.1111
  0.1151  0.1259  0.1297  0.1102  0.1120  0.1107
  0.1160  0.1193  0.1190  0.1095  0.1095  0.1100
  0.1205  0.1148  0.1120  0.1117  0.1098  0.1094
  0.1254  0.1121  0.1150  0.1141  0.1121  0.1098
  0.1347  0.1136  0.1247  0.1158  0.1161  0.1102
  0.1482  0.1190  0.1316  0.1169  0.1195  0.1121
niter,ni,del,rscale     6    3   12.0000    1.2000
parameters
   -2.7534   17.6355    7.9292   -3.8714   -1.4856    0.0850
eta,q 0.89020 24.44504
  0.1418  0.1261  0.1317  0.1137  0.1157  0.1106
  0.1259  0.1198  0.1230  0.1112  0.1122  0.1101
  0.1140  0.1142  0.1129  0.1105  0.1102  0.1100
  0.1095  0.1105  0.1098  0.1097  0.1099  0.1099
  0.1155  0.1090  0.1177  0.1099  0.1112  0.1097
  0.1229  0.1137  0.1260  0.1125  0.1146  0.1095
  0.1282  0.1237  0.1295  0.1147  0.1187  0.1107
niter,ni,del,rscale     5    3   12.0000    1.2000
parameters
   -2.5849   17.7482    7.8419   -4.0266   -1.7270   -0.4133
eta,q 0.89001 24.44052
  0.1373  0.1248  0.1310  0.1138  0.1162  0.1104
  0.1227  0.1185  0.1222  0.1107  0.1128  0.1099
  0.1113  0.1137  0.1125  0.1100  0.1105  0.1100
  0.1098  0.1102  0.1100  0.1099  0.1099  0.1100
  0.1177  0.1089  0.1176  0.1096  0.1105  0.1097
  0.1245  0.1151  0.1254  0.1116  0.1135  0.1096
  0.1305  0.1268  0.1288  0.1140  0.1175  0.1112
niter,ni,del,rscale     4    3   12.0000    1.2000
parameters
   -2.5495   17.9014    7.8357   -4.0540   -1.7686   -0.2061
eta,q 0.89019 24.41997
  0.1358  0.1246  0.1313  0.1140  0.1166  0.1105
  0.1215  0.1182  0.1222  0.1111  0.1131  0.1098
  0.1106  0.1136  0.1123  0.1099  0.1104  0.1097
  0.1100  0.1101  0.1098  0.1098  0.1098  0.1098
  0.1182  0.1085  0.1171  0.1095  0.1103  0.1097
  0.1244  0.1147  0.1248  0.1113  0.1131  0.1095
  0.1306  0.1262  0.1280  0.1141  0.1169  0.1106
niter,ni,del,rscale     3    3   12.0000    1.2000
parameters
   -2.5296   17.9013    7.8086   -4.0865   -1.7980   -0.4040
eta,q 0.89016 24.42160
  0.1358  0.1242  0.1311  0.1140  0.1165  0.1104
  0.1217  0.1179  0.1220  0.1110  0.1131  0.1097
  0.1106  0.1134  0.1122  0.1098  0.1104  0.1098
  0.1098  0.1099  0.1099  0.1098  0.1098  0.1098
  0.1181  0.1087  0.1172  0.1096  0.1101  0.1096
  0.1246  0.1155  0.1248  0.1113  0.1130  0.1095
  0.1309  0.1274  0.1281  0.1140  0.1169  0.1108
niter,ni,del,rscale     2    3   12.0000    1.2000
parameters
   -2.5306   17.9454    7.8152   -4.0898   -1.7960   -0.3178
eta,q 0.89024 24.41589
  0.1355  0.1243  0.1313  0.1140  0.1166  0.1105
  0.1214  0.1179  0.1221  0.1111  0.1131  0.1097
  0.1104  0.1135  0.1122  0.1098  0.1103  0.1097
  0.1098  0.1098  0.1098  0.1098  0.1098  0.1098
  0.1182  0.1086  0.1170  0.1095  0.1102  0.1096
  0.1245  0.1152  0.1246  0.1112  0.1130  0.1094
  0.1309  0.1270  0.1278  0.1141  0.1168  0.1106
niter,ni,del,rscale     1    3   12.0000    1.2000
parameters
   -2.5267   17.9359    7.8095   -4.0966   -1.8031   -0.3882
eta,q 0.89021 24.41769
  0.1355  0.1241  0.1312  0.1140  0.1166  0.1104
  0.1216  0.1178  0.1221  0.1111  0.1131  0.1097
  0.1105  0.1134  0.1122  0.1098  0.1103  0.1097
  0.1098  0.1098  0.1098  0.1098  0.1098  0.1098
  0.1181  0.1086  0.1170  0.1096  0.1101  0.1096
  0.1245  0.1155  0.1247  0.1113  0.1130  0.1095
  0.1309  0.1274  0.1279  0.1140  0.1168  0.1107
registration optimization eta report
parameter search radius
    6.9000    6.0000    6.0000    6.9000    6.0000    6.0000
100000*second partial in parameter space
       47.       45.       50.       10.       20.        3.
  0.1355  0.1241  0.1312  0.1140  0.1166  0.1104
  0.1216  0.1178  0.1221  0.1111  0.1131  0.1097
  0.1105  0.1134  0.1122  0.1098  0.1103  0.1097
  0.1098  0.1098  0.1098  0.1098  0.1098  0.1098
  0.1181  0.1086  0.1170  0.1096  0.1101  0.1096
  0.1245  0.1155  0.1247  0.1113  0.1130  0.1095
  0.1309  0.1274  0.1279  0.1140  0.1168  0.1107
   -2.5267   17.9359    7.8095   -4.0966   -1.8031   -0.3882
eta,q 0.89021 24.41769

---------------------------------------------------------------------
imgreg_4dfp /opt/freesurfer/average/711-2C_as_mni_average_305 /opt/freesurfer/average/711-2B_as_mni_average_305_mask talsrcimg_g11 none talsrcimg_to_711-2C_as_mni_average_305_t4 3335
---------------------------------------------------------------------

freesurfer imgreg_4dfp.c
/opt/freesurfer/average/711-2C_as_mni_average_305.4dfp.img
       256       256       256         1
  1.000000  1.000000  1.000000
orientation T byte_order littleendian
Reading image: /opt/freesurfer/average/711-2C_as_mni_average_305.4dfp.img
dimensions:      256       256       256
mmppix:       1.0000   -1.0000   -1.0000
center:     128.0000 -129.0000 -129.0000
/opt/freesurfer/average/711-2B_as_mni_average_305_mask.4dfp.img
       256       256       256         1
  1.000000  1.000000  1.000000
orientation T byte_order littleendian
Reading mask: /opt/freesurfer/average/711-2B_as_mni_average_305_mask.4dfp.img (2306576 pixels)
talsrcimg_g11.4dfp.img
       320       320       320         1
  0.700000  0.700000  0.700000
orientation T byte_order littleendian
Reading image: talsrcimg_g11.4dfp.img
dimensions:      320       320       320
mmppix:       0.7000   -0.7000   -0.7000
center:     112.0000 -112.7000 -112.7000
fimgreg.f
image alignment mode   3335 decimal      D07 hex
parameters
   -2.5267   17.9359    7.8095   -0.0518   -0.2563   -0.3049
    0.4511    3.1867   -0.6772    7.1224   -3.1464   -7.1403
eta,q 0.89417 24.63743
niter,ni,del,rscale     5    3    5.0000    1.2000
parameter  4  2.413516 ->  0.500000 qaram    1.1500
parameter  5  0.532176 ->  0.500000 qaram    1.1500
parameter  6  0.680571 ->  0.500000 qaram    1.1500
parameter  7 -0.502503 -> -0.500000 qaram    1.1500
parameter 10  0.969371 ->  0.500000 qaram    1.1500
parameters
   -2.9938   18.5532    7.0972   -4.1918   -4.3963   -4.4449
    4.5911    3.5287   -2.2396    2.9824   -2.2648  -10.1156
eta,q 0.92144 25.71864
  0.1089  0.1091  0.1072  0.0815  0.0865  0.0809  0.0876  0.0911  0.0808  0.0782  0.0816  0.0787
  0.1067  0.1075  0.1055  0.0862  0.0868  0.0809  0.0846  0.0856  0.0803  0.0785  0.0801  0.0786
  0.1057  0.1063  0.1049  0.0942  0.0872  0.0820  0.0825  0.0819  0.0801  0.0791  0.0791  0.0786
  0.1058  0.1056  0.1053  0.1049  0.0881  0.0869  0.0810  0.0803  0.0802  0.0801  0.0787  0.0786
  0.1071  0.1053  0.1068  0.1166  0.0909  0.0976  0.0803  0.0808  0.0805  0.0815  0.0787  0.0787
  0.1094  0.1057  0.1090  0.1289  0.0974  0.1128  0.0803  0.0839  0.0809  0.0833  0.0793  0.0790
  0.1126  0.1068  0.1116  0.1407  0.1072  0.1296  0.0810  0.0896  0.0817  0.0858  0.0804  0.0794
niter,ni,del,rscale     7    3    5.0000    1.2000
parameter  2 -9.398606 -> -0.500000 qaram    1.1500
parameter  3  0.652776 ->  0.500000 qaram    1.1500
parameter  4  0.602215 ->  0.500000 qaram    1.3225
parameter 12  0.674753 ->  0.500000 qaram    1.1500
parameters
   -3.7766   19.9332    5.7172   -8.9528   -6.5443   -6.1205
    6.1232    3.2959   -3.5099    2.6075   -0.9351  -14.2556
eta,q 0.92890 25.89833
  0.0801  0.0850  0.0738  0.0706  0.0717  0.0740  0.0735  0.0738  0.0715  0.0722  0.0717  0.0712
  0.0786  0.0827  0.0737  0.0699  0.0712  0.0730  0.0723  0.0723  0.0713  0.0717  0.0714  0.0711
  0.0781  0.0804  0.0738  0.0701  0.0705  0.0719  0.0716  0.0715  0.0712  0.0714  0.0712  0.0711
  0.0786  0.0781  0.0742  0.0737  0.0697  0.0703  0.0713  0.0712  0.0712  0.0712  0.0712  0.0712
  0.0800  0.0758  0.0749  0.0818  0.0697  0.0699  0.0711  0.0712  0.0713  0.0713  0.0712  0.0713
  0.0825  0.0736  0.0758  0.0945  0.0738  0.0745  0.0715  0.0721  0.0715  0.0719  0.0712  0.0713
  0.0860  0.0718  0.0771  0.1087  0.0834  0.0865  0.0723  0.0746  0.0718  0.0724  0.0714  0.0713
niter,ni,del,rscale     7    3    5.0000    1.2000
parameter  2-18.236336 -> -0.500000 qaram    1.3225
parameter  3  2.955684 ->  0.500000 qaram    1.3225
parameter 10 -0.544531 -> -0.500000 qaram    1.3225
parameter 12  1.117315 ->  0.500000 qaram    1.3225
parameters
   -3.6113   21.5202    4.1302  -11.5142   -9.2157   -7.6587
    8.6111    4.6523   -1.8228    7.3685    1.9496  -19.0166
eta,q 0.93295 25.74777
  0.0732  0.0779  0.0656  0.0702  0.0683  0.0701  0.0697  0.0699  0.0685  0.0699  0.0682  0.0671
  0.0720  0.0757  0.0660  0.0685  0.0682  0.0693  0.0690  0.0691  0.0683  0.0687  0.0679  0.0670
  0.0713  0.0735  0.0665  0.0670  0.0676  0.0686  0.0686  0.0685  0.0681  0.0681  0.0677  0.0672
  0.0711  0.0711  0.0671  0.0662  0.0668  0.0676  0.0682  0.0680  0.0679  0.0679  0.0675  0.0675
  0.0712  0.0687  0.0678  0.0675  0.0675  0.0668  0.0680  0.0679  0.0679  0.0677  0.0675  0.0678
  0.0717  0.0666  0.0685  0.0745  0.0732  0.0696  0.0682  0.0682  0.0679  0.0675  0.0675  0.0682
  0.0726  0.0647  0.0692  0.0879  0.0829  0.0792  0.0686  0.0690  0.0682  0.0677  0.0676  0.0686
niter,ni,del,rscale     7    3    5.0000    1.2000
parameter  2-67.738457 -> -0.500000 qaram    1.5209
parameter  3  1.156696 ->  0.500000 qaram    1.5209
parameter 10 -0.579888 -> -0.500000 qaram    1.5209
parameter 12  0.712667 ->  0.500000 qaram    1.5209
parameters
   -3.0734   23.3452    2.3051  -12.9978  -11.8347   -9.7326
    8.6117    5.5420   -1.5728   12.8437    2.5037  -24.4917
eta,q 0.93791 25.60078
  0.0693  0.0749  0.0610  0.0658  0.0628  0.0650  0.0643  0.0652  0.0636  0.0655  0.0631  0.0623
  0.0682  0.0723  0.0611  0.0643  0.0626  0.0643  0.0637  0.0643  0.0633  0.0641  0.0629  0.0621
  0.0675  0.0696  0.0616  0.0627  0.0623  0.0634  0.0632  0.0636  0.0631  0.0635  0.0627  0.0622
  0.0671  0.0670  0.0625  0.0612  0.0618  0.0623  0.0631  0.0631  0.0630  0.0630  0.0626  0.0626
  0.0670  0.0644  0.0635  0.0613  0.0620  0.0623  0.0633  0.0631  0.0631  0.0627  0.0626  0.0632
  0.0673  0.0617  0.0648  0.0649  0.0661  0.0673  0.0636  0.0634  0.0632  0.0626  0.0627  0.0638
  0.0679  0.0592  0.0662  0.0748  0.0747  0.0795  0.0643  0.0646  0.0635  0.0627  0.0630  0.0645
niter,ni,del,rscale     7    3    5.0000    1.2000
parameter  2********** -> -0.500000 qaram    1.7490
parameter  3  0.884528 ->  0.500000 qaram    1.7490
parameter 10 -0.614627 -> -0.500000 qaram    1.7490
parameters
   -2.5539   25.4441    0.2063  -13.7170  -14.7097  -12.1526
    7.8011    6.7255   -1.4640   19.1401    3.8422  -28.5601
eta,q 0.94529 25.44762
  0.0641  0.0717  0.0550  0.0594  0.0558  0.0581  0.0573  0.0588  0.0568  0.0607  0.0559  0.0555
  0.0631  0.0686  0.0547  0.0579  0.0557  0.0573  0.0566  0.0576  0.0565  0.0581  0.0556  0.0549
  0.0624  0.0653  0.0553  0.0564  0.0554  0.0564  0.0563  0.0567  0.0563  0.0571  0.0552  0.0547
  0.0621  0.0620  0.0564  0.0548  0.0551  0.0555  0.0563  0.0563  0.0562  0.0562  0.0551  0.0550
  0.0621  0.0587  0.0579  0.0542  0.0557  0.0561  0.0565  0.0561  0.0562  0.0553  0.0550  0.0557
  0.0623  0.0555  0.0597  0.0564  0.0599  0.0630  0.0570  0.0564  0.0564  0.0551  0.0551  0.0566
  0.0629  0.0524  0.0616  0.0645  0.0686  0.0768  0.0578  0.0577  0.0569  0.0555  0.0555  0.0576
niter,ni,del,rscale     7    3    5.0000    1.2000
parameter  2 -4.429384 -> -0.500000 qaram    2.0114
parameters
   -2.2513   27.8577   -0.9576  -13.7521  -16.4584  -13.9269
    8.0903    6.4028   -2.5477   21.0791    4.9836  -29.3130
eta,q 0.95161 25.26337
  0.0569  0.0680  0.0498  0.0524  0.0492  0.0522  0.0505  0.0515  0.0496  0.0565  0.0492  0.0509
  0.0558  0.0637  0.0475  0.0507  0.0487  0.0508  0.0495  0.0500  0.0491  0.0515  0.0489  0.0487
  0.0550  0.0592  0.0472  0.0490  0.0480  0.0493  0.0489  0.0491  0.0488  0.0497  0.0486  0.0483
  0.0547  0.0547  0.0479  0.0473  0.0473  0.0478  0.0487  0.0487  0.0488  0.0487  0.0485  0.0484
  0.0548  0.0505  0.0491  0.0462  0.0469  0.0477  0.0489  0.0489  0.0490  0.0485  0.0484  0.0490
  0.0552  0.0469  0.0509  0.0479  0.0494  0.0538  0.0493  0.0499  0.0496  0.0497  0.0485  0.0499
  0.0560  0.0441  0.0532  0.0554  0.0575  0.0672  0.0502  0.0525  0.0504  0.0525  0.0489  0.0510
niter,ni,del,rscale     7    3    5.0000    1.2000
parameter  2 -1.187547 -> -0.500000 qaram    2.3131
parameters
   -2.4457   30.6334   -0.5266  -13.2637  -17.6082  -13.5011
    6.5201    5.5527   -4.9338   25.4174    2.9496  -29.1160
eta,q 0.95686 25.09771
  0.0501  0.0620  0.0480  0.0491  0.0476  0.0497  0.0449  0.0463  0.0442  0.0573  0.0433  0.0458
  0.0491  0.0572  0.0451  0.0473  0.0463  0.0480  0.0440  0.0448  0.0436  0.0489  0.0432  0.0436
  0.0485  0.0525  0.0439  0.0455  0.0448  0.0460  0.0436  0.0439  0.0435  0.0448  0.0431  0.0431
  0.0484  0.0484  0.0437  0.0437  0.0435  0.0441  0.0437  0.0436  0.0437  0.0435  0.0431  0.0431
  0.0487  0.0453  0.0440  0.0424  0.0426  0.0421  0.0442  0.0439  0.0442  0.0431  0.0432  0.0435
  0.0495  0.0433  0.0448  0.0436  0.0459  0.0429  0.0450  0.0453  0.0449  0.0435  0.0435  0.0442
  0.0507  0.0431  0.0460  0.0506  0.0564  0.0520  0.0466  0.0490  0.0457  0.0448  0.0440  0.0450
niter,ni,del,rscale     7    3    5.0000    1.2000
parameter  2 -0.543345 -> -0.500000 qaram    2.6600
parameter 11  0.570989 ->  0.500000 qaram    1.1500
parameters
   -2.9379   33.8254    0.4556  -12.9321  -19.4233  -11.4670
    4.6031    3.6607   -7.1713   27.0868   -1.1904  -27.8443
eta,q 0.96147 24.89098
  0.0444  0.0571  0.0443  0.0457  0.0452  0.0476  0.0405  0.0408  0.0395  0.0525  0.0384  0.0427
  0.0436  0.0514  0.0420  0.0440  0.0435  0.0458  0.0395  0.0397  0.0391  0.0444  0.0384  0.0392
  0.0431  0.0465  0.0410  0.0423  0.0418  0.0437  0.0392  0.0392  0.0390  0.0407  0.0385  0.0384
  0.0431  0.0430  0.0406  0.0405  0.0403  0.0413  0.0394  0.0392  0.0391  0.0390  0.0386  0.0384
  0.0437  0.0412  0.0405  0.0389  0.0401  0.0387  0.0400  0.0399  0.0395  0.0381  0.0387  0.0388
  0.0448  0.0406  0.0407  0.0399  0.0472  0.0383  0.0409  0.0419  0.0400  0.0388  0.0391  0.0394
  0.0462  0.0428  0.0417  0.0481  0.0628  0.0455  0.0423  0.0465  0.0406  0.0475  0.0398  0.0401
niter,ni,del,rscale     7    3    5.0000    1.2000
parameters
   -3.2375   32.9780    0.6636  -11.7144  -18.4358  -11.3751
    5.7015    4.3054   -5.9024   25.1835   -4.8240  -27.2213
eta,q 0.96219 25.05189
  0.0401  0.0493  0.0421  0.0448  0.0436  0.0455  0.0413  0.0413  0.0391  0.0437  0.0378  0.0416
  0.0392  0.0439  0.0405  0.0430  0.0419  0.0432  0.0389  0.0391  0.0382  0.0399  0.0377  0.0381
  0.0386  0.0403  0.0396  0.0410  0.0401  0.0406  0.0379  0.0380  0.0377  0.0383  0.0377  0.0376
  0.0385  0.0385  0.0390  0.0390  0.0383  0.0376  0.0375  0.0375  0.0375  0.0375  0.0378  0.0377
  0.0389  0.0386  0.0389  0.0372  0.0366  0.0350  0.0377  0.0375  0.0375  0.0372  0.0379  0.0383
  0.0398  0.0446  0.0397  0.0373  0.0367  0.0372  0.0383  0.0382  0.0377  0.0408  0.0382  0.0390
  0.0412  0.0655  0.0420  0.0449  0.0439  0.0506  0.0394  0.0401  0.0382  0.0556  0.0387  0.0397
niter,ni,del,rscale     6    3    5.0000    1.2000
parameters
   -3.2965   32.6625    1.0158  -12.0848  -17.6452  -10.7355
    5.3145    4.3917   -5.3520   24.3949   -3.8709  -26.3972
eta,q 0.96286 25.07764
  0.0401  0.0509  0.0412  0.0441  0.0439  0.0455  0.0394  0.0404  0.0384  0.0461  0.0378  0.0415
  0.0388  0.0444  0.0397  0.0421  0.0420  0.0431  0.0378  0.0380  0.0375  0.0404  0.0373  0.0377
  0.0380  0.0400  0.0387  0.0400  0.0400  0.0405  0.0371  0.0370  0.0371  0.0380  0.0371  0.0369
  0.0378  0.0378  0.0380  0.0379  0.0381  0.0376  0.0369  0.0369  0.0369  0.0369  0.0371  0.0371
  0.0381  0.0375  0.0378  0.0365  0.0364  0.0349  0.0373  0.0373  0.0370  0.0366  0.0371  0.0376
  0.0390  0.0416  0.0385  0.0390  0.0364  0.0358  0.0383  0.0382  0.0373  0.0393  0.0372  0.0384
  0.0404  0.0591  0.0407  0.0496  0.0449  0.0476  0.0399  0.0399  0.0379  0.0524  0.0375  0.0392
niter,ni,del,rscale     5    3    5.0000    1.2000
parameters
   -3.2719   32.3094    1.1895  -11.8646  -17.3272  -10.5306
    5.1418    4.2118   -5.7110   24.0262   -3.2344  -26.2778
eta,q 0.96323 25.13050
  0.0396  0.0515  0.0410  0.0438  0.0432  0.0451  0.0394  0.0400  0.0380  0.0465  0.0376  0.0402
  0.0383  0.0445  0.0392  0.0418  0.0412  0.0426  0.0378  0.0378  0.0371  0.0406  0.0371  0.0371
  0.0375  0.0394  0.0381  0.0395  0.0391  0.0399  0.0370  0.0369  0.0368  0.0379  0.0369  0.0366
  0.0371  0.0371  0.0374  0.0373  0.0372  0.0370  0.0367  0.0367  0.0367  0.0367  0.0368  0.0368
  0.0374  0.0370  0.0372  0.0356  0.0354  0.0343  0.0371  0.0371  0.0369  0.0364  0.0368  0.0374
  0.0382  0.0420  0.0382  0.0373  0.0362  0.0364  0.0380  0.0381  0.0374  0.0387  0.0370  0.0382
  0.0396  0.0607  0.0410  0.0469  0.0459  0.0494  0.0395  0.0403  0.0382  0.0505  0.0374  0.0390
niter,ni,del,rscale     4    3    5.0000    1.2000
parameters
   -3.2672   32.1274    1.2263  -11.9214  -17.2267  -10.4281
    5.2057    4.2066   -5.8561   24.1160   -3.0980  -26.3746
eta,q 0.96328 25.15539
  0.0394  0.0526  0.0407  0.0435  0.0430  0.0451  0.0396  0.0402  0.0382  0.0471  0.0375  0.0398
  0.0379  0.0452  0.0388  0.0414  0.0410  0.0426  0.0378  0.0380  0.0373  0.0410  0.0370  0.0371
  0.0371  0.0395  0.0376  0.0391  0.0389  0.0398  0.0370  0.0370  0.0369  0.0381  0.0368  0.0366
  0.0368  0.0368  0.0369  0.0369  0.0369  0.0369  0.0368  0.0367  0.0367  0.0367  0.0367  0.0367
  0.0370  0.0365  0.0369  0.0352  0.0352  0.0343  0.0371  0.0371  0.0370  0.0364  0.0368  0.0373
  0.0379  0.0414  0.0381  0.0375  0.0364  0.0368  0.0379  0.0380  0.0375  0.0383  0.0370  0.0381
  0.0394  0.0596  0.0412  0.0478  0.0466  0.0499  0.0394  0.0402  0.0382  0.0489  0.0375  0.0390
niter,ni,del,rscale     3    3    5.0000    1.2000
parameters
   -3.2686   32.0817    1.1913  -11.9288  -17.2175  -10.4639
    5.2386    4.2200   -5.8573   24.2250   -3.1073  -26.4637
eta,q 0.96322 25.16373
  0.0393  0.0532  0.0406  0.0435  0.0428  0.0450  0.0396  0.0402  0.0383  0.0470  0.0375  0.0399
  0.0379  0.0456  0.0386  0.0413  0.0408  0.0425  0.0379  0.0381  0.0374  0.0409  0.0371  0.0371
  0.0370  0.0397  0.0374  0.0390  0.0387  0.0398  0.0371  0.0371  0.0369  0.0381  0.0369  0.0367
  0.0367  0.0367  0.0368  0.0368  0.0368  0.0368  0.0368  0.0368  0.0368  0.0368  0.0368  0.0368
  0.0370  0.0363  0.0368  0.0351  0.0351  0.0342  0.0371  0.0371  0.0370  0.0364  0.0368  0.0374
  0.0379  0.0408  0.0381  0.0372  0.0364  0.0371  0.0380  0.0381  0.0375  0.0383  0.0371  0.0382
  0.0394  0.0584  0.0414  0.0476  0.0469  0.0508  0.0394  0.0402  0.0382  0.0487  0.0375  0.0391
registration optimization eta report
parameter search radius
    2.4000    6.3840    4.1976    9.5220    8.2800    8.2800
    8.2800    7.2000    7.2000   12.5928    8.2800   10.9503
100000*second partial in parameter space
       46.       48.       24.       10.       13.       17.
        4.        7.        3.        7.        1.        2.
  0.0393  0.0532  0.0406  0.0435  0.0428  0.0450  0.0396  0.0402  0.0383  0.0470  0.0375  0.0399
  0.0379  0.0456  0.0386  0.0413  0.0408  0.0425  0.0379  0.0381  0.0374  0.0409  0.0371  0.0371
  0.0370  0.0397  0.0374  0.0390  0.0387  0.0398  0.0371  0.0371  0.0369  0.0381  0.0369  0.0367
  0.0367  0.0367  0.0368  0.0368  0.0368  0.0368  0.0368  0.0368  0.0368  0.0368  0.0368  0.0368
  0.0370  0.0363  0.0368  0.0351  0.0351  0.0342  0.0371  0.0371  0.0370  0.0364  0.0368  0.0374
  0.0379  0.0408  0.0381  0.0372  0.0364  0.0371  0.0380  0.0381  0.0375  0.0383  0.0371  0.0382
  0.0394  0.0584  0.0414  0.0476  0.0469  0.0508  0.0394  0.0402  0.0382  0.0487  0.0375  0.0391
   -3.2686   32.0817    1.1913  -11.9288  -17.2175  -10.4639
    5.2386    4.2200   -5.8573   24.2250   -3.1073  -26.4637
eta,q 0.96322 25.16373

---------------------------------------------------------------------
imgreg_4dfp /opt/freesurfer/average/711-2C_as_mni_average_305 /opt/freesurfer/average/711-2B_as_mni_average_305_mask talsrcimg_g11 none talsrcimg_to_711-2C_as_mni_average_305_t4 2311
---------------------------------------------------------------------

freesurfer imgreg_4dfp.c
/opt/freesurfer/average/711-2C_as_mni_average_305.4dfp.img
       256       256       256         1
  1.000000  1.000000  1.000000
orientation T byte_order littleendian
Reading image: /opt/freesurfer/average/711-2C_as_mni_average_305.4dfp.img
dimensions:      256       256       256
mmppix:       1.0000   -1.0000   -1.0000
center:     128.0000 -129.0000 -129.0000
/opt/freesurfer/average/711-2B_as_mni_average_305_mask.4dfp.img
       256       256       256         1
  1.000000  1.000000  1.000000
orientation T byte_order littleendian
Reading mask: /opt/freesurfer/average/711-2B_as_mni_average_305_mask.4dfp.img (2306576 pixels)
talsrcimg_g11.4dfp.img
       320       320       320         1
  0.700000  0.700000  0.700000
orientation T byte_order littleendian
Reading image: talsrcimg_g11.4dfp.img
dimensions:      320       320       320
mmppix:       0.7000   -0.7000   -0.7000
center:     112.0000 -112.7000 -112.7000
fimgreg.f
image alignment mode   2311 decimal      907 hex
parameters
   -3.2686   32.0817    1.1913  -11.9288  -17.2175  -10.4639
    5.2386    4.2200   -5.8573   24.2250   -3.1073  -26.4637
eta,q 0.96322 25.16374
niter,ni,del,rscale     5    3    5.0000    0.8000
parameter  2 -0.895702 -> -0.500000 qaram    1.1500
parameter  4 -1.030845 -> -0.500000 qaram    1.1500
parameters
   -3.2558   33.0017    1.7621   -9.1688  -16.7397   -8.3016
    5.6333    4.2312   -5.2158   23.4527   -3.0521  -27.3244
eta,q 0.96710 25.34339
  0.0380  0.0388  0.0371  0.0396  0.0379  0.0396  0.0356  0.0372  0.0350  0.0345  0.0343  0.0336
  0.0373  0.0379  0.0368  0.0384  0.0368  0.0380  0.0341  0.0348  0.0338  0.0335  0.0335  0.0330
  0.0369  0.0373  0.0365  0.0373  0.0357  0.0362  0.0333  0.0335  0.0332  0.0330  0.0331  0.0329
  0.0368  0.0368  0.0363  0.0362  0.0348  0.0345  0.0330  0.0330  0.0330  0.0330  0.0330  0.0330
  0.0369  0.0365  0.0362  0.0353  0.0341  0.0332  0.0332  0.0334  0.0331  0.0334  0.0331  0.0332
  0.0373  0.0363  0.0362  0.0347  0.0346  0.0331  0.0338  0.0347  0.0334  0.0343  0.0335  0.0336
  0.0379  0.0362  0.0365  0.0351  0.0379  0.0353  0.0348  0.0372  0.0340  0.0360  0.0342  0.0340
niter,ni,del,rscale     6    3    5.0000    0.9000
parameters
   -3.3327   32.6019    1.0877  -10.3508  -16.9637   -8.9820
    5.0975    4.1290   -5.3963   25.9553   -2.8061  -29.6159
eta,q 0.96665 25.47156
  0.0358  0.0343  0.0333  0.0368  0.0369  0.0389  0.0353  0.0368  0.0351  0.0372  0.0346  0.0336
  0.0341  0.0334  0.0328  0.0352  0.0355  0.0370  0.0343  0.0350  0.0342  0.0354  0.0340  0.0334
  0.0331  0.0329  0.0326  0.0336  0.0343  0.0350  0.0339  0.0342  0.0339  0.0344  0.0336  0.0334
  0.0329  0.0329  0.0329  0.0326  0.0331  0.0332  0.0338  0.0338  0.0338  0.0338  0.0335  0.0335
  0.0334  0.0333  0.0336  0.0333  0.0324  0.0332  0.0341  0.0340  0.0340  0.0336  0.0336  0.0338
  0.0345  0.0345  0.0347  0.0375  0.0341  0.0374  0.0348  0.0350  0.0344  0.0335  0.0339  0.0342
  0.0363  0.0366  0.0363  0.0457  0.0399  0.0471  0.0359  0.0373  0.0351  0.0338  0.0344  0.0347
niter,ni,del,rscale     5    3    5.0000    0.8000
parameters
   -3.3847   33.0491    0.7381  -10.2969  -17.3192   -9.3547
    5.2806    4.1599   -5.0941   27.4944   -2.8842  -30.2403
eta,q 0.96657 25.49387
  0.0350  0.0352  0.0340  0.0371  0.0362  0.0386  0.0352  0.0363  0.0347  0.0357  0.0342  0.0340
  0.0340  0.0343  0.0334  0.0357  0.0351  0.0368  0.0343  0.0347  0.0340  0.0346  0.0338  0.0335
  0.0335  0.0337  0.0332  0.0343  0.0341  0.0350  0.0338  0.0340  0.0337  0.0340  0.0335  0.0334
  0.0334  0.0333  0.0332  0.0331  0.0331  0.0333  0.0337  0.0337  0.0337  0.0337  0.0335  0.0335
  0.0336  0.0332  0.0335  0.0326  0.0327  0.0330  0.0338  0.0338  0.0337  0.0335  0.0336  0.0336
  0.0342  0.0334  0.0342  0.0340  0.0343  0.0360  0.0342  0.0346  0.0340  0.0335  0.0338  0.0339
  0.0351  0.0340  0.0352  0.0386  0.0395  0.0436  0.0350  0.0363  0.0344  0.0341  0.0343  0.0343
niter,ni,del,rscale     4    3    5.0000    0.7000
parameters
   -3.4464   33.3308    0.4143   -9.9038  -17.2393   -9.5244
    5.3052    4.1975   -4.8564   28.1351   -2.8739  -30.3352
eta,q 0.96687 25.52711
  0.0346  0.0347  0.0339  0.0367  0.0358  0.0378  0.0345  0.0356  0.0341  0.0348  0.0338  0.0339
  0.0339  0.0341  0.0335  0.0355  0.0349  0.0362  0.0337  0.0342  0.0335  0.0340  0.0334  0.0333
  0.0335  0.0337  0.0333  0.0343  0.0340  0.0345  0.0333  0.0335  0.0333  0.0335  0.0332  0.0331
  0.0334  0.0334  0.0334  0.0333  0.0331  0.0331  0.0332  0.0332  0.0332  0.0332  0.0331  0.0331
  0.0336  0.0333  0.0336  0.0328  0.0325  0.0327  0.0333  0.0333  0.0333  0.0331  0.0332  0.0333
  0.0341  0.0335  0.0341  0.0336  0.0334  0.0349  0.0337  0.0341  0.0335  0.0333  0.0334  0.0335
  0.0348  0.0341  0.0348  0.0367  0.0369  0.0408  0.0344  0.0356  0.0339  0.0341  0.0338  0.0338
niter,ni,del,rscale     3    3    5.0000    0.6000
parameters
   -3.4760   33.3515    0.2759   -9.6101  -16.8084   -9.4604
    5.3125    4.1906   -4.7344   28.3407   -2.8729  -30.1599
eta,q 0.96730 25.56877
  0.0341  0.0339  0.0337  0.0359  0.0353  0.0368  0.0338  0.0347  0.0335  0.0340  0.0333  0.0335
  0.0335  0.0335  0.0333  0.0349  0.0345  0.0354  0.0332  0.0336  0.0330  0.0333  0.0329  0.0329
  0.0332  0.0333  0.0331  0.0339  0.0338  0.0340  0.0328  0.0330  0.0328  0.0329  0.0327  0.0327
  0.0331  0.0331  0.0331  0.0331  0.0330  0.0328  0.0327  0.0327  0.0327  0.0327  0.0327  0.0327
  0.0333  0.0332  0.0333  0.0328  0.0325  0.0324  0.0328  0.0329  0.0328  0.0327  0.0327  0.0328
  0.0336  0.0334  0.0336  0.0335  0.0329  0.0338  0.0332  0.0335  0.0330  0.0330  0.0329  0.0330
  0.0342  0.0340  0.0340  0.0359  0.0351  0.0379  0.0338  0.0348  0.0333  0.0338  0.0332  0.0332
niter,ni,del,rscale     2    3    5.0000    0.5000
parameters
   -3.4803   33.2142    0.2493   -9.3742  -16.2811   -9.2756
    5.3004    4.1839   -4.6895   28.3014   -2.9025  -29.9066
eta,q 0.96775 25.60745
  0.0335  0.0332  0.0332  0.0348  0.0345  0.0357  0.0332  0.0339  0.0329  0.0332  0.0327  0.0330
  0.0330  0.0329  0.0329  0.0340  0.0339  0.0345  0.0326  0.0330  0.0325  0.0327  0.0324  0.0325
  0.0328  0.0328  0.0327  0.0333  0.0332  0.0333  0.0323  0.0324  0.0323  0.0324  0.0323  0.0323
  0.0327  0.0327  0.0327  0.0327  0.0326  0.0324  0.0322  0.0322  0.0322  0.0322  0.0322  0.0322
  0.0328  0.0328  0.0328  0.0325  0.0322  0.0321  0.0323  0.0324  0.0323  0.0323  0.0323  0.0323
  0.0331  0.0331  0.0330  0.0331  0.0325  0.0330  0.0327  0.0329  0.0325  0.0327  0.0324  0.0325
  0.0335  0.0337  0.0333  0.0348  0.0340  0.0358  0.0331  0.0340  0.0328  0.0334  0.0327  0.0327
niter,ni,del,rscale     1    3    5.0000    0.4000
parameters
   -3.4711   33.0247    0.2835   -9.2024  -15.7974   -9.0490
    5.2877    4.1864   -4.6858   28.1373   -2.9297  -29.6343
eta,q 0.96809 25.63527
  0.0329  0.0326  0.0327  0.0338  0.0337  0.0345  0.0325  0.0331  0.0324  0.0326  0.0322  0.0324
  0.0325  0.0324  0.0325  0.0332  0.0332  0.0336  0.0322  0.0324  0.0321  0.0322  0.0320  0.0321
  0.0323  0.0323  0.0323  0.0326  0.0327  0.0327  0.0320  0.0320  0.0319  0.0320  0.0319  0.0320
  0.0323  0.0322  0.0322  0.0322  0.0322  0.0320  0.0319  0.0319  0.0319  0.0319  0.0319  0.0319
  0.0323  0.0324  0.0323  0.0322  0.0320  0.0318  0.0320  0.0320  0.0320  0.0320  0.0319  0.0319
  0.0325  0.0327  0.0324  0.0326  0.0322  0.0324  0.0322  0.0324  0.0321  0.0323  0.0321  0.0320
  0.0328  0.0331  0.0326  0.0337  0.0331  0.0342  0.0325  0.0331  0.0323  0.0328  0.0322  0.0322
registration optimization eta report
parameter search radius
    0.8000    0.9200    0.8000    2.7600    2.4000    2.4000
    2.4000    2.4000    2.4000    2.4000    2.4000    2.4000
100000*second partial in parameter space
       92.       72.       65.       20.       21.       41.
       11.       21.        8.       14.        6.        7.
  0.0329  0.0326  0.0327  0.0338  0.0337  0.0345  0.0325  0.0331  0.0324  0.0326  0.0322  0.0324
  0.0325  0.0324  0.0325  0.0332  0.0332  0.0336  0.0322  0.0324  0.0321  0.0322  0.0320  0.0321
  0.0323  0.0323  0.0323  0.0326  0.0327  0.0327  0.0320  0.0320  0.0319  0.0320  0.0319  0.0320
  0.0323  0.0322  0.0322  0.0322  0.0322  0.0320  0.0319  0.0319  0.0319  0.0319  0.0319  0.0319
  0.0323  0.0324  0.0323  0.0322  0.0320  0.0318  0.0320  0.0320  0.0320  0.0320  0.0319  0.0319
  0.0325  0.0327  0.0324  0.0326  0.0322  0.0324  0.0322  0.0324  0.0321  0.0323  0.0321  0.0320
  0.0328  0.0331  0.0326  0.0337  0.0331  0.0342  0.0325  0.0331  0.0323  0.0328  0.0322  0.0322
   -3.4711   33.0247    0.2835   -9.2024  -15.7974   -9.0490
    5.2877    4.1864   -4.6858   28.1373   -2.9297  -29.6343
eta,q 0.96809 25.63527

---------------------------------------------------------------------
imgreg_4dfp /opt/freesurfer/average/711-2C_as_mni_average_305 /opt/freesurfer/average/711-2B_as_mni_average_305_mask talsrcimg_g11 none talsrcimg_to_711-2C_as_mni_average_305_t4 2311
---------------------------------------------------------------------

freesurfer imgreg_4dfp.c
/opt/freesurfer/average/711-2C_as_mni_average_305.4dfp.img
       256       256       256         1
  1.000000  1.000000  1.000000
orientation T byte_order littleendian
Reading image: /opt/freesurfer/average/711-2C_as_mni_average_305.4dfp.img
dimensions:      256       256       256
mmppix:       1.0000   -1.0000   -1.0000
center:     128.0000 -129.0000 -129.0000
/opt/freesurfer/average/711-2B_as_mni_average_305_mask.4dfp.img
       256       256       256         1
  1.000000  1.000000  1.000000
orientation T byte_order littleendian
Reading mask: /opt/freesurfer/average/711-2B_as_mni_average_305_mask.4dfp.img (2306576 pixels)
talsrcimg_g11.4dfp.img
       320       320       320         1
  0.700000  0.700000  0.700000
orientation T byte_order littleendian
Reading image: talsrcimg_g11.4dfp.img
dimensions:      320       320       320
mmppix:       0.7000   -0.7000   -0.7000
center:     112.0000 -112.7000 -112.7000
fimgreg.f
image alignment mode   2311 decimal      907 hex
parameters
   -3.4711   33.0247    0.2835   -9.2024  -15.7974   -9.0490
    5.2877    4.1864   -4.6858   28.1373   -2.9297  -29.6343
eta,q 0.96809 25.63527
niter,ni,del,rscale     5    3    5.0000    0.8000
parameters
   -3.4180   32.6783    0.3944   -9.9759  -16.4990   -9.7209
    5.1535    4.2074   -4.8930   27.7634   -2.8900  -29.7824
eta,q 0.96683 25.58276
  0.0348  0.0330  0.0341  0.0349  0.0354  0.0381  0.0345  0.0363  0.0340  0.0344  0.0339  0.0340
  0.0331  0.0324  0.0329  0.0336  0.0343  0.0362  0.0337  0.0345  0.0334  0.0338  0.0335  0.0333
  0.0322  0.0320  0.0322  0.0326  0.0332  0.0342  0.0333  0.0335  0.0332  0.0334  0.0333  0.0331
  0.0319  0.0319  0.0319  0.0319  0.0322  0.0326  0.0331  0.0331  0.0331  0.0331  0.0332  0.0332
  0.0322  0.0323  0.0320  0.0323  0.0320  0.0329  0.0333  0.0333  0.0333  0.0332  0.0332  0.0333
  0.0330  0.0334  0.0326  0.0347  0.0346  0.0372  0.0338  0.0343  0.0336  0.0338  0.0335  0.0336
  0.0343  0.0353  0.0335  0.0397  0.0413  0.0463  0.0347  0.0364  0.0342  0.0354  0.0339  0.0340
niter,ni,del,rscale     4    3    5.0000    0.7000
parameters
   -3.4457   33.2017    0.3629   -9.6210  -16.9291   -9.5582
    5.2682    4.1917   -4.7759   27.9632   -2.8430  -30.0144
eta,q 0.96710 25.55319
  0.0345  0.0346  0.0339  0.0358  0.0355  0.0379  0.0344  0.0355  0.0339  0.0343  0.0336  0.0336
  0.0337  0.0340  0.0334  0.0348  0.0346  0.0363  0.0335  0.0341  0.0333  0.0336  0.0332  0.0330
  0.0333  0.0335  0.0331  0.0338  0.0337  0.0346  0.0331  0.0333  0.0330  0.0332  0.0330  0.0329
  0.0332  0.0332  0.0330  0.0330  0.0328  0.0331  0.0329  0.0329  0.0329  0.0329  0.0329  0.0329
  0.0334  0.0330  0.0331  0.0326  0.0326  0.0324  0.0331  0.0331  0.0330  0.0329  0.0330  0.0331
  0.0338  0.0331  0.0334  0.0333  0.0343  0.0339  0.0335  0.0340  0.0333  0.0333  0.0332  0.0333
  0.0346  0.0334  0.0339  0.0357  0.0390  0.0390  0.0342  0.0357  0.0337  0.0343  0.0336  0.0336
niter,ni,del,rscale     3    3    5.0000    0.6000
parameters
   -3.4706   33.2723    0.3043   -9.3851  -16.7420   -9.4120
    5.2577    4.1613   -4.7135   28.1313   -2.8342  -29.9798
eta,q 0.96743 25.57364
  0.0340  0.0336  0.0336  0.0352  0.0351  0.0368  0.0338  0.0347  0.0334  0.0338  0.0332  0.0333
  0.0333  0.0333  0.0332  0.0343  0.0343  0.0354  0.0331  0.0335  0.0329  0.0332  0.0328  0.0328
  0.0330  0.0330  0.0329  0.0335  0.0336  0.0339  0.0327  0.0328  0.0326  0.0328  0.0326  0.0326
  0.0329  0.0329  0.0329  0.0329  0.0328  0.0327  0.0326  0.0326  0.0326  0.0326  0.0326  0.0326
  0.0331  0.0329  0.0330  0.0327  0.0324  0.0322  0.0327  0.0328  0.0327  0.0326  0.0326  0.0327
  0.0334  0.0331  0.0333  0.0333  0.0330  0.0335  0.0331  0.0335  0.0329  0.0329  0.0328  0.0329
  0.0341  0.0335  0.0337  0.0352  0.0356  0.0375  0.0337  0.0349  0.0333  0.0337  0.0332  0.0331
niter,ni,del,rscale     2    3    5.0000    0.5000
parameters
   -3.4748   33.1864    0.2844   -9.2101  -16.2881   -9.2348
    5.2720    4.1578   -4.6836   28.1479   -2.8536  -29.7951
eta,q 0.96780 25.60510
  0.0335  0.0330  0.0331  0.0343  0.0344  0.0356  0.0332  0.0339  0.0328  0.0332  0.0327  0.0329
  0.0329  0.0328  0.0328  0.0336  0.0338  0.0344  0.0326  0.0330  0.0325  0.0327  0.0324  0.0324
  0.0327  0.0326  0.0326  0.0330  0.0332  0.0332  0.0323  0.0324  0.0322  0.0324  0.0322  0.0322
  0.0326  0.0326  0.0326  0.0326  0.0325  0.0323  0.0322  0.0322  0.0322  0.0322  0.0322  0.0322
  0.0327  0.0326  0.0326  0.0325  0.0322  0.0320  0.0323  0.0323  0.0323  0.0322  0.0323  0.0323
  0.0330  0.0329  0.0329  0.0330  0.0325  0.0330  0.0326  0.0329  0.0325  0.0326  0.0324  0.0324
  0.0334  0.0333  0.0332  0.0343  0.0340  0.0357  0.0331  0.0340  0.0328  0.0333  0.0327  0.0326
niter,ni,del,rscale     1    3    5.0000    0.4000
parameters
   -3.4674   33.0171    0.3094   -9.0839  -15.8006   -9.0263
    5.2727    4.1627   -4.6738   28.0374   -2.8916  -29.5507
eta,q 0.96811 25.63240
  0.0328  0.0324  0.0326  0.0334  0.0337  0.0345  0.0325  0.0331  0.0324  0.0326  0.0322  0.0324
  0.0325  0.0323  0.0324  0.0329  0.0332  0.0335  0.0322  0.0324  0.0321  0.0322  0.0320  0.0321
  0.0323  0.0322  0.0322  0.0325  0.0326  0.0326  0.0319  0.0320  0.0319  0.0320  0.0319  0.0319
  0.0322  0.0322  0.0322  0.0322  0.0322  0.0320  0.0319  0.0319  0.0319  0.0319  0.0319  0.0319
  0.0323  0.0323  0.0322  0.0322  0.0319  0.0318  0.0320  0.0320  0.0319  0.0320  0.0319  0.0319
  0.0325  0.0325  0.0324  0.0325  0.0321  0.0324  0.0322  0.0324  0.0321  0.0322  0.0320  0.0320
  0.0328  0.0329  0.0326  0.0334  0.0331  0.0342  0.0325  0.0331  0.0323  0.0328  0.0322  0.0322
registration optimization eta report
parameter search radius
    0.8000    0.8000    0.8000    2.4000    2.4000    2.4000
    2.4000    2.4000    2.4000    2.4000    2.4000    2.4000
100000*second partial in parameter space
       96.       70.       66.       21.       21.       41.
       12.       21.        8.       14.        6.        7.
  0.0328  0.0324  0.0326  0.0334  0.0337  0.0345  0.0325  0.0331  0.0324  0.0326  0.0322  0.0324
  0.0325  0.0323  0.0324  0.0329  0.0332  0.0335  0.0322  0.0324  0.0321  0.0322  0.0320  0.0321
  0.0323  0.0322  0.0322  0.0325  0.0326  0.0326  0.0319  0.0320  0.0319  0.0320  0.0319  0.0319
  0.0322  0.0322  0.0322  0.0322  0.0322  0.0320  0.0319  0.0319  0.0319  0.0319  0.0319  0.0319
  0.0323  0.0323  0.0322  0.0322  0.0319  0.0318  0.0320  0.0320  0.0319  0.0320  0.0319  0.0319
  0.0325  0.0325  0.0324  0.0325  0.0321  0.0324  0.0322  0.0324  0.0321  0.0322  0.0320  0.0320
  0.0328  0.0329  0.0326  0.0334  0.0331  0.0342  0.0325  0.0331  0.0323  0.0328  0.0322  0.0322
   -3.4674   33.0171    0.3094   -9.0839  -15.8006   -9.0263
    5.2727    4.1627   -4.6738   28.0374   -2.8916  -29.5507
eta,q 0.96811 25.63240

---------------------------------------------------------------------
compute_vox2vox talsrcimg talsrcimg_to_711-2C_as_mni_average_305_t4 /opt/freesurfer/average/711-2C_as_mni_average_305
---------------------------------------------------------------------

freesurfer compute_vox2vox.c
Reading: talsrcimg.4dfp.ifh
Reading: talsrcimg_to_711-2C_as_mni_average_305_t4
Reading: /opt/freesurfer/average/711-2C_as_mni_average_305.4dfp.ifh
Writing: talsrcimg_to_711-2C_as_mni_average_305_t4_vox2vox.txt

start time Fri Mar 13 07:19:23 CET 2026
end		time Fri Mar 13 07:19:45 CET 2026

mpr2mni305 success

avi2talxfm orig_nu.mgz /opt/freesurfer/average/mni305.cor.mgz talsrcimg_to_711-2C_as_mni_average_305_t4_vox2vox.txt transforms/talairach.auto.xfm
avi2talxfm done
mv -f /out/sourcedata/freesurfer/sub-v2s5x29549_ses-1/mri/talsrcimg_to_711-2C_as_mni_average_305_t4_vox2vox.txt /out/sourcedata/freesurfer/sub-v2s5x29549_ses-1/mri/transforms/talsrcimg_to_711-2C_as_mni_average_305_t4_vox2vox.txt
lta_convert --src orig_nu.mgz --trg /opt/freesurfer/average/mni305.cor.mgz --inxfm transforms/talairach.auto.xfm --outlta transforms/talairach.auto.xfm.lta --subject fsaverage
7.3.2

--src: orig_nu.mgz src image (geometry).
--trg: /opt/freesurfer/average/mni305.cor.mgz trg image (geometry).
--inmni: transforms/talairach.auto.xfm input MNI/XFM transform.
--outlta: transforms/talairach.auto.xfm.lta output LTA.
--s: fsaverage subject name
 LTA read, type : 1
 1.09509  -0.02615  -0.07775   2.04542;
 0.04923   0.99075   0.34463  -28.13882;
 0.04439  -0.33136   1.06858  -21.34277;
 0.00000   0.00000   0.00000   1.00000;
setting subject to fsaverage
Writing  LTA to file transforms/talairach.auto.xfm.lta...
lta_convert successful.
 
 
Started at Fri Mar 13 07:19:23 CET 2026
Ended   at Fri Mar 13 07:19:45 CET 2026
talairach_avi done
