0426b858-3aab-4112-b7cb-0d8c9bdda55f oesteban@Mac:~/workspace/abide_preproc/derivatives/v2s5 timestamp=1772959802s
04d594ad-108d-47fc-b822-c62d82185cf8 oesteban@dna055:/tmp/59578684/oesteban/bootstrap-fmriprep/59578684_1423/project/derivatives/v2s5 timestamp=1773384307.679174736s
0830a15f-2bda-4703-8d1b-c8bbae9984e0 oesteban@dna013:/tmp/59578685/oesteban/bootstrap-fmriprep/59578685_1424/project/derivatives/v2s5 timestamp=1773384512.796273818s
0d24be50-3beb-4cfa-a49d-438e5b9c84f6 oesteban@dna039:/tmp/59578679/oesteban/bootstrap-fmriprep/59578679_1419/project/derivatives/v2s5 timestamp=1773384016.115321373s
166c70e2-fa28-4784-acb5-77adcb5b116c oesteban@dna060:/tmp/59578695/oesteban/bootstrap-fmriprep/59578695_1428/project/derivatives/v2s5 timestamp=1773385059.032965917s
1dde4a05-0bcd-4ec3-848c-c7d00319c8d8 oesteban@dna035:/tmp/59578658/oesteban/bootstrap-fmriprep/59578658_1403/project/derivatives/v2s5 timestamp=1773380814.160337996s
22e1516b-a040-47b0-8d2c-57c2462b9af8 oesteban@dna079:/tmp/59578667/oesteban/bootstrap-fmriprep/59578667_1410/project/derivatives/v2s5 timestamp=1773382376.981303902s
2aecaac1-1f22-492e-aa39-e7ee269dff83 oesteban@dna086:/tmp/59578662/oesteban/bootstrap-fmriprep/59578662_1406/project/derivatives/v2s5 timestamp=1773382123.03216407s
2c86499a-03fc-472b-b8c1-129180578798 oesteban@dna059:/tmp/59578681/oesteban/bootstrap-fmriprep/59578681_1420/project/derivatives/v2s5 timestamp=1773384130.496517137s
2df46d19-3113-4e60-85eb-b17b3bc378af oesteban@dna086:/tmp/59578686/oesteban/bootstrap-fmriprep/59578686_1425/project/derivatives/v2s5 timestamp=1773384541.037148454s
2e4af1d7-f6dd-43fa-aebc-fe7410532c71 oesteban@dna017:/tmp/59578671/oesteban/bootstrap-fmriprep/59578671_1413/project/derivatives/v2s5 timestamp=1773382757.029445548s
315d9801-0b91-4682-9cba-f2ba8270e849 oesteban@dna013:/tmp/59578682/oesteban/bootstrap-fmriprep/59578682_1421/project/derivatives/v2s5 timestamp=1773384212.439471842s
3286d98a-a6e2-4c1e-85b3-dd898f7402b2 oesteban@dna003:/tmp/59578676/oesteban/bootstrap-fmriprep/59578676_1416/project/derivatives/v2s5 timestamp=1773383745.835087593s
392a072f-a9e4-4ec8-b00a-d7019347e85b oesteban@dna020:/tmp/59578673/oesteban/bootstrap-fmriprep/59578673_1415/project/derivatives/v2s5 timestamp=1773383334.837549166s
3dbb4416-9684-46eb-a052-f0a4d4bc0a93 oesteban@dna003:/tmp/59578683/oesteban/bootstrap-fmriprep/59578683_1422/project/derivatives/v2s5 timestamp=1773384267.32077605s
4324fb3f-f1b8-4ddc-aa60-1f1860486a18 oesteban@dna061:/tmp/59578689/oesteban/bootstrap-fmriprep/59578689_1427/project/derivatives/v2s5 timestamp=1773384823.684785092s
49e685e0-86b9-4dee-b7d8-bfe462dfed5a oesteban@dna066:/tmp/59578672/oesteban/bootstrap-fmriprep/59578672_1414/project/derivatives/v2s5 timestamp=1773383163.368017525s
5b1c2d90-adfa-4c05-bf4b-bca61b4abbd9 oesteban@dna038:/tmp/59578699/oesteban/bootstrap-fmriprep/59578699_1430/project/derivatives/v2s5 timestamp=1773385152.284556304s
6a62959d-ef88-4281-9c4b-1850723e0a54 oesteban@dna034:/tmp/59578654/oesteban/bootstrap-fmriprep/59578654_1399/project/derivatives/v2s5 timestamp=1773380206.935624879s
6c2ec658-9681-4900-8188-34a8c4b04589 oesteban@dna038:/tmp/59578687/oesteban/bootstrap-fmriprep/59578687_1426/project/derivatives/v2s5 timestamp=1773384724.079773441s
747ecd83-5c18-44ac-b7b6-e49f32d2b563 oesteban@dna020:/tmp/59578653/oesteban/bootstrap-fmriprep/59578653_1398/project/derivatives/v2s5 timestamp=1773380168.972079087s
78b1719a-fb20-4de9-8dc4-4e7d3e4eca48 oesteban@dna078:/tmp/59578659/oesteban/bootstrap-fmriprep/59578659_1404/project/derivatives/v2s5 timestamp=1773381054.98746504s
7c0b71b0-dec1-491b-8dbb-56148d7ba9a3 oesteban@dna026:/tmp/59578656/oesteban/bootstrap-fmriprep/59578656_1401/project/derivatives/v2s5 timestamp=1773380595.243835908s
8c385b41-19cb-47cf-8480-af6d6890d0e5 oesteban@dna085:/tmp/59578666/oesteban/bootstrap-fmriprep/59578666_1409/project/derivatives/v2s5 timestamp=1773382354.144220161s
8ecd94ac-5106-4a06-ae60-9f0d9c461597 oesteban@dna071:/tmp/59578649/oesteban/bootstrap-fmriprep/59578649_1395/project/derivatives/v2s5 timestamp=1773379746.126384828s
90be150f-6a54-47da-ab1d-5bae3839576f oesteban@dna069:/tmp/59578668/oesteban/bootstrap-fmriprep/59578668_1411/project/derivatives/v2s5 timestamp=1773382423.687062981s
9a59bc3a-fe2e-4fb5-b6cb-144d203f1c86 oesteban@dna026:/tmp/59578664/oesteban/bootstrap-fmriprep/59578664_1407/project/derivatives/v2s5 timestamp=1773382205.805880091s
9b6e8cc2-4025-4e54-a438-59ea3c3a155f oesteban@dna063:/tmp/59578661/oesteban/bootstrap-fmriprep/59578661_1405/project/derivatives/v2s5 timestamp=1773381826.885405159s
a036860c-4137-465a-ac3b-65d970a442ab oesteban@dna075:/tmp/59578657/oesteban/bootstrap-fmriprep/59578657_1402/project/derivatives/v2s5 timestamp=1773380641.609805754s
aa2f0b8c-fa09-4327-ba6b-934ae4306d19 oesteban@dna003:/tmp/59578655/oesteban/bootstrap-fmriprep/59578655_1400/project/derivatives/v2s5 timestamp=1773380320.262175997s
b40627a4-c1f2-4efb-be1d-b9530512f98c oesteban@dna069:/tmp/59578665/oesteban/bootstrap-fmriprep/59578665_1408/project/derivatives/v2s5 timestamp=1773382294.978890035s
c038edad-8ea4-4f6f-b87c-9968240f2038 oesteban@dna061:/tmp/59578698/oesteban/bootstrap-fmriprep/59578698_1429/project/derivatives/v2s5 timestamp=1773385130.927704848s
c444baa4-af29-4283-a7ee-56e285da93da oesteban@dna071:/tmp/59578710/oesteban/bootstrap-fmriprep/59578710_1434/project/derivatives/v2s5 timestamp=1773386281.137982979s
de204693-b450-4299-84c7-0e072dc4bf29 oesteban@dna063:/tmp/59578706/oesteban/bootstrap-fmriprep/59578706_1432/project/derivatives/v2s5 timestamp=1773386120.3210633s
e8fccd14-0578-4869-80c8-dfe36aa074f4 oesteban@dna038:/tmp/59578651/oesteban/bootstrap-fmriprep/59578651_1397/project/derivatives/v2s5 timestamp=1773379891.539478886s
ef5f38d1-9150-4e56-bcbb-271e491b1b2e oesteban@dna059:/tmp/59578650/oesteban/bootstrap-fmriprep/59578650_1396/project/derivatives/v2s5 timestamp=1773379791.389400623s
f62c16a8-1ca6-4dac-ab8e-595d584107dc oesteban@dna073:/tmp/59578677/oesteban/bootstrap-fmriprep/59578677_1417/project/derivatives/v2s5 timestamp=1773383779.622094396s
f994b404-2e4c-4d79-ae2b-dce400f2483a oesteban@dna075:/tmp/59578702/oesteban/bootstrap-fmriprep/59578702_1431/project/derivatives/v2s5 timestamp=1773385495.414546565s
fba3cbe1-3fde-4ff1-9dde-e353b7fe52cc oesteban@dna072:/tmp/59578669/oesteban/bootstrap-fmriprep/59578669_1412/project/derivatives/v2s5 timestamp=1773382613.704498663s
fbed6eeb-b60b-4a6d-a5b8-03fad874a8ec git@0cf3a9a26dcd:/data/repos/abide-fmriprep/v2s5.git timestamp=1773379748.043705147s
