status file for recon-all
Fri Mar 13 10:55:25 CET 2026
#@# Tessellate lh Fri Mar 13 10:55:25 CET 2026
#@# Smooth1 lh Fri Mar 13 10:55:32 CET 2026
#@# Inflation1 lh Fri Mar 13 10:55:36 CET 2026
#@# QSphere lh Fri Mar 13 10:58:20 CET 2026
#@# Fix Topology lh Fri Mar 13 11:00:10 CET 2026
#@# Smooth2 lh Fri Mar 13 11:09:54 CET 2026
#@# Inflation2 lh Fri Mar 13 11:10:00 CET 2026
#@# Curv .H and .K lh Fri Mar 13 11:10:46 CET 2026
#@# Sphere lh Fri Mar 13 11:12:12 CET 2026
#@# Surf Reg lh Fri Mar 13 11:20:29 CET 2026
#@# Jacobian white lh Fri Mar 13 11:30:34 CET 2026
#@# AvgCurv lh Fri Mar 13 11:30:35 CET 2026
#@# Cortical Parc lh Fri Mar 13 11:30:37 CET 2026
#@# white curv lh Fri Mar 13 11:41:26 CET 2026
#@# white area lh Fri Mar 13 11:41:30 CET 2026
#@# pial curv lh Fri Mar 13 11:41:31 CET 2026
#@# pial area lh Fri Mar 13 11:41:35 CET 2026
#@# thickness lh Fri Mar 13 11:41:36 CET 2026
#@# area and vertex vol lh Fri Mar 13 11:42:30 CET 2026
#@# Curvature Stats lh Fri Mar 13 11:42:34 CET 2026
#@# Cortical Parc 2 lh Fri Mar 13 11:42:38 CET 2026
#@# Cortical Parc 3 lh Fri Mar 13 11:43:03 CET 2026
#@# WM/GM Contrast lh Fri Mar 13 11:43:21 CET 2026
recon-all -s sub-v2s5x29562_ses-1 finished without error at Fri Mar 13 11:43:31 CET 2026



#New# invocation of recon-all 



status file for recon-all
Fri Mar 13 12:45:11 CET 2026
#@# white curv lh Fri Mar 13 12:45:11 CET 2026
#@# white area lh Fri Mar 13 12:45:11 CET 2026
#@# pial curv lh Fri Mar 13 12:45:11 CET 2026
#@# pial area lh Fri Mar 13 12:45:11 CET 2026
#@# thickness lh Fri Mar 13 12:45:11 CET 2026
#@# area and vertex vol lh Fri Mar 13 12:45:11 CET 2026
#@# Parcellation Stats lh Fri Mar 13 12:45:11 CET 2026
#@# Parcellation Stats 2 lh Fri Mar 13 12:46:02 CET 2026
#@# Parcellation Stats 3 lh Fri Mar 13 12:46:30 CET 2026
#@# BA_exvivo Labels lh Fri Mar 13 12:46:55 CET 2026
recon-all -s sub-v2s5x29562_ses-1 finished without error at Fri Mar 13 12:51:46 CET 2026
