status file for recon-all
Fri Mar 13 11:43:33 CET 2026
#@# Tessellate rh Fri Mar 13 11:43:33 CET 2026
#@# Smooth1 rh Fri Mar 13 11:43:41 CET 2026
#@# Inflation1 rh Fri Mar 13 11:43:46 CET 2026
#@# QSphere rh Fri Mar 13 11:46:33 CET 2026
#@# Fix Topology rh Fri Mar 13 11:48:56 CET 2026
#@# Smooth2 rh Fri Mar 13 11:59:26 CET 2026
#@# Inflation2 rh Fri Mar 13 11:59:32 CET 2026
#@# Curv .H and .K rh Fri Mar 13 12:00:15 CET 2026
#@# Sphere rh Fri Mar 13 12:01:43 CET 2026
#@# Surf Reg rh Fri Mar 13 12:08:11 CET 2026
#@# Jacobian white rh Fri Mar 13 12:17:06 CET 2026
#@# AvgCurv rh Fri Mar 13 12:17:08 CET 2026
#@# Cortical Parc rh Fri Mar 13 12:17:10 CET 2026
#@# white curv rh Fri Mar 13 12:28:12 CET 2026
#@# white area rh Fri Mar 13 12:28:15 CET 2026
#@# pial curv rh Fri Mar 13 12:28:16 CET 2026
#@# pial area rh Fri Mar 13 12:28:20 CET 2026
#@# thickness rh Fri Mar 13 12:28:21 CET 2026
#@# area and vertex vol rh Fri Mar 13 12:29:16 CET 2026
#@# Curvature Stats rh Fri Mar 13 12:29:20 CET 2026
#@# Cortical Parc 2 rh Fri Mar 13 12:29:24 CET 2026
#@# Cortical Parc 3 rh Fri Mar 13 12:29:52 CET 2026
#@# WM/GM Contrast rh Fri Mar 13 12:30:11 CET 2026
recon-all -s sub-v2s5x29562_ses-1 finished without error at Fri Mar 13 12:30:22 CET 2026



#New# invocation of recon-all 



status file for recon-all
Fri Mar 13 12:51:49 CET 2026
#@# white curv rh Fri Mar 13 12:51:49 CET 2026
#@# white area rh Fri Mar 13 12:51:49 CET 2026
#@# pial curv rh Fri Mar 13 12:51:49 CET 2026
#@# pial area rh Fri Mar 13 12:51:49 CET 2026
#@# thickness rh Fri Mar 13 12:51:49 CET 2026
#@# area and vertex vol rh Fri Mar 13 12:51:49 CET 2026
#@# Parcellation Stats rh Fri Mar 13 12:51:49 CET 2026
#@# Parcellation Stats 2 rh Fri Mar 13 12:52:52 CET 2026
#@# Parcellation Stats 3 rh Fri Mar 13 12:53:20 CET 2026
#@# BA_exvivo Labels rh Fri Mar 13 12:53:48 CET 2026
recon-all -s sub-v2s5x29562_ses-1 finished without error at Fri Mar 13 12:58:44 CET 2026
