/out/sourcedata/freesurfer/sub-v2s5x29547_ses-1/mri
/opt/freesurfer/bin/talairach_avi
--i orig_nu.mgz --xfm transforms/talairach.auto.xfm
talairach_avi 7.3.2
Linux dna078 5.14.0-427.37.1.el9_4.x86_64 #1 SMP PREEMPT_DYNAMIC Fri Sep 13 12:41:50 EDT 2024 x86_64 x86_64 x86_64 GNU/Linux
Fri Mar 13 07:01:14 CET 2026
mri_convert orig_nu.mgz talsrcimg.img 
reading from orig_nu.mgz...
TR=0.00, TE=0.00, TI=0.00, flip angle=0.00
i_ras = (-1, 0, 0)
j_ras = (0, 0, -1)
k_ras = (0, 1, 0)
writing to talsrcimg.img...
Analyze Output Matrix
-0.70000   0.00000   0.00000   115.35220;
 0.00000   0.00000   0.70000  -87.81400;
 0.00000  -0.70000   0.00000   112.62199;
 0.00000   0.00000   0.00000   1.00000;
--------------------
INFO: set hdr.hist.orient to -1
mpr2mni305 talsrcimg
Fri Mar 13 07:01:14 CET 2026
/opt/freesurfer/bin/mpr2mni305 talsrcimg
mpr2mni305 7.3.2
target=711-2C_as_mni_average_305

---------------------------------------------------------------------
analyzeto4dfp talsrcimg -O0 -y
---------------------------------------------------------------------

freesurfer ifh2hdr.c
Fri Mar 13 07:01:15 2026
Writing: talsrcimg.4dfp.hdr
freesurfer analyzeto4dfp.c
Reading: talsrcimg.hdr
header size 348 bytes
hdr.dime.datatype	offset=70	value=2
hdr.dime.bitpix		offset=72	value=8
hdr.hist.orient		offset=252	value=-1
dimensionality     4
dimensions       320       320       320         1
Reading: talsrcimg.img
Writing: talsrcimg.4dfp.img
Writing: talsrcimg.4dfp.ifh
ifh2hdr talsrcimg -r0to218
ori=2

---------------------------------------------------------------------
gauss_4dfp talsrcimg 1.1
---------------------------------------------------------------------

freesurfer gauss_4dfp.c
Reading: talsrcimg.4dfp.img
Writing: talsrcimg_g11.4dfp.img
image dimensions 320 320 320 padded to 384 384 384
processing volume 1freesurfer ifh2hdr.c
Fri Mar 13 07:01:22 2026
Writing: talsrcimg_g11.4dfp.hdr

Writing: talsrcimg_g11.4dfp.ifh
including: talsrcimg.4dfp.img.rec in talsrcimg_g11.4dfp.img.rec

---------------------------------------------------------------------
imgreg_4dfp /opt/freesurfer/average/711-2C_as_mni_average_305 none talsrcimg_g11 none talsrcimg_to_711-2C_as_mni_average_305_t4 4355
---------------------------------------------------------------------

freesurfer imgreg_4dfp.c
/opt/freesurfer/average/711-2C_as_mni_average_305.4dfp.img
       256       256       256         1
  1.000000  1.000000  1.000000
orientation T byte_order littleendian
Reading image: /opt/freesurfer/average/711-2C_as_mni_average_305.4dfp.img
dimensions:      256       256       256
mmppix:       1.0000   -1.0000   -1.0000
center:     128.0000 -129.0000 -129.0000
talsrcimg_g11.4dfp.img
       320       320       320         1
  0.700000  0.700000  0.700000
orientation T byte_order littleendian
Reading image: talsrcimg_g11.4dfp.img
dimensions:      320       320       320
mmppix:       0.7000   -0.7000   -0.7000
center:     112.0000 -112.7000 -112.7000
t4_read: open error in t4_sub.f l:  41 t4_file(1:l)talsrcimg_to_711-2C_as_mni_average_305_t4 
t4_read: transform initialized to I4
rotation matrix determinant  1.000000
image alignment mode   4355 decimal     1103 hex
   -7.5000  -45.0000  -45.0000 4308.2891   26.4251
    0.0000  -45.0000  -45.0000 4568.4663   26.4373
    7.5000  -45.0000  -45.0000 4344.9624   26.3823
   -7.5000  -37.5000  -45.0000 4629.0820   26.5819
    0.0000  -37.5000  -45.0000 4891.2886   26.5851
    7.5000  -37.5000  -45.0000 4663.2817   26.5380
   -7.5000  -30.0000  -45.0000 4978.7407   26.1319
    0.0000  -30.0000  -45.0000 5253.4775   26.1393
    7.5000  -30.0000  -45.0000 5013.5981   26.0998
   -7.5000  -22.5000  -45.0000 5198.1802   25.0350
    0.0000  -22.5000  -45.0000 5479.8018   25.0415
    7.5000  -22.5000  -45.0000 5224.6558   25.0042
   -7.5000  -15.0000  -45.0000 5646.5850   24.1355
    0.0000  -15.0000  -45.0000 5945.6338   24.1387
    7.5000  -15.0000  -45.0000 5659.5352   24.0968
   -7.5000   -7.5000  -45.0000 6085.2871   23.3912
    0.0000   -7.5000  -45.0000 6401.6753   23.3936
    7.5000   -7.5000  -45.0000 6092.7407   23.3527
   -7.5000    0.0000  -45.0000 6642.6367   23.2417
    0.0000    0.0000  -45.0000 6991.2515   23.2438
    7.5000    0.0000  -45.0000 6649.6841   23.2067
   -7.5000    7.5000  -45.0000 6644.4346   23.2773
    0.0000    7.5000  -45.0000 6985.7798   23.2794
    7.5000    7.5000  -45.0000 6656.4893   23.2464
   -7.5000   15.0000  -45.0000 6577.3799   23.0248
    0.0000   15.0000  -45.0000 6907.6011   23.0287
    7.5000   15.0000  -45.0000 6591.5952   22.9986
   -7.5000   22.5000  -45.0000 6458.0747   22.4485
    0.0000   22.5000  -45.0000 6766.7075   22.4530
    7.5000   22.5000  -45.0000 6464.7119   22.4204
   -7.5000   30.0000  -45.0000 6506.8735   22.4011
    0.0000   30.0000  -45.0000 6824.9868   22.4042
    7.5000   30.0000  -45.0000 6516.4746   22.3657
   -7.5000   37.5000  -45.0000 6189.8750   21.6217
    0.0000   37.5000  -45.0000 6499.2905   21.6240
    7.5000   37.5000  -45.0000 6193.8354   21.5861
   -7.5000   45.0000  -45.0000 5847.9424   20.8045
    0.0000   45.0000  -45.0000 6126.3560   20.8063
    7.5000   45.0000  -45.0000 5852.0210   20.7731
   -7.5000  -45.0000  -37.5000 4560.8862   27.0628
    0.0000  -45.0000  -37.5000 4804.7358   27.0705
    7.5000  -45.0000  -37.5000 4591.6216   27.0134
   -7.5000  -37.5000  -37.5000 4888.4941   27.1895
    0.0000  -37.5000  -37.5000 5139.8320   27.1873
    7.5000  -37.5000  -37.5000 4931.1665   27.1415
   -7.5000  -30.0000  -37.5000 5288.9609   26.6913
    0.0000  -30.0000  -37.5000 5564.6719   26.6961
    7.5000  -30.0000  -37.5000 5331.9463   26.6548
   -7.5000  -22.5000  -37.5000 5535.0620   25.6047
    0.0000  -22.5000  -37.5000 5825.3711   25.6105
    7.5000  -22.5000  -37.5000 5570.6382   25.5667
   -7.5000  -15.0000  -37.5000 6029.8447   24.7091
    0.0000  -15.0000  -37.5000 6342.5068   24.7121
    7.5000  -15.0000  -37.5000 6050.1465   24.6622
   -7.5000   -7.5000  -37.5000 6511.3926   23.9634
    0.0000   -7.5000  -37.5000 6843.4634   23.9648
    7.5000   -7.5000  -37.5000 6524.6191   23.9193
   -7.5000    0.0000  -37.5000 7123.4829   23.8109
    0.0000    0.0000  -37.5000 7483.5171   23.8108
    7.5000    0.0000  -37.5000 7141.9238   23.7741
   -7.5000    7.5000  -37.5000 7117.0601   23.8480
    0.0000    7.5000  -37.5000 7467.4829   23.8474
    7.5000    7.5000  -37.5000 7129.2686   23.8154
   -7.5000   15.0000  -37.5000 7042.6523   23.5925
    0.0000   15.0000  -37.5000 7373.2456   23.5953
    7.5000   15.0000  -37.5000 7050.1646   23.5633
   -7.5000   22.5000  -37.5000 6907.3472   23.0180
    0.0000   22.5000  -37.5000 7222.9907   23.0220
    7.5000   22.5000  -37.5000 6903.5283   22.9845
   -7.5000   30.0000  -37.5000 6957.8164   22.9699
    0.0000   30.0000  -37.5000 7283.2822   22.9726
    7.5000   30.0000  -37.5000 6965.3135   22.9271
   -7.5000   37.5000  -37.5000 6625.0630   22.1701
    0.0000   37.5000  -37.5000 6926.4966   22.1715
    7.5000   37.5000  -37.5000 6634.0923   22.1294
   -7.5000   45.0000  -37.5000 6260.6763   21.3140
    0.0000   45.0000  -37.5000 6526.7578   21.3139
    7.5000   45.0000  -37.5000 6258.8628   21.2811
   -7.5000  -45.0000  -30.0000 4804.5425   27.5945
    0.0000  -45.0000  -30.0000 5056.2515   27.5971
    7.5000  -45.0000  -30.0000 4855.2227   27.5352
   -7.5000  -37.5000  -30.0000 5168.8291   27.7719
    0.0000  -37.5000  -30.0000 5431.9629   27.7681
    7.5000  -37.5000  -30.0000 5222.8843   27.7125
   -7.5000  -30.0000  -30.0000 5611.0957   27.2650
    0.0000  -30.0000  -30.0000 5906.2456   27.2717
    7.5000  -30.0000  -30.0000 5668.0513   27.2175
   -7.5000  -22.5000  -30.0000 5890.3286   26.1699
    0.0000  -22.5000  -30.0000 6205.4048   26.1793
    7.5000  -22.5000  -30.0000 5941.3062   26.1241
   -7.5000  -15.0000  -30.0000 6427.6685   25.2526
    0.0000  -15.0000  -30.0000 6763.1836   25.2575
    7.5000  -15.0000  -30.0000 6465.5874   25.2017
   -7.5000   -7.5000  -30.0000 6957.9561   24.5035
    0.0000   -7.5000  -30.0000 7328.2061   24.5029
    7.5000   -7.5000  -30.0000 6988.4839   24.4550
   -7.5000    0.0000  -30.0000 7637.3901   24.3629
    0.0000    0.0000  -30.0000 8028.7378   24.3586
    7.5000    0.0000  -30.0000 7663.0376   24.3188
   -7.5000    7.5000  -30.0000 7633.0352   24.4171
    0.0000    7.5000  -30.0000 8011.7202   24.4150
    7.5000    7.5000  -30.0000 7649.8193   24.3749
   -7.5000   15.0000  -30.0000 7552.1919   24.1618
    0.0000   15.0000  -30.0000 7907.2485   24.1668
    7.5000   15.0000  -30.0000 7565.5576   24.1236
   -7.5000   22.5000  -30.0000 7397.7075   23.5751
    0.0000   22.5000  -30.0000 7737.2285   23.5824
    7.5000   22.5000  -30.0000 7401.6577   23.5356
   -7.5000   30.0000  -30.0000 7439.9565   23.5089
    0.0000   30.0000  -30.0000 7788.0547   23.5132
    7.5000   30.0000  -30.0000 7466.6016   23.4623
   -7.5000   37.5000  -30.0000 7076.0708   22.7048
    0.0000   37.5000  -30.0000 7389.9365   22.7044
    7.5000   37.5000  -30.0000 7102.4131   22.6600
   -7.5000   45.0000  -30.0000 6680.6201   21.8428
    0.0000   45.0000  -30.0000 6955.9131   21.8389
    7.5000   45.0000  -30.0000 6706.1016   21.8032
   -7.5000  -45.0000  -22.5000 4850.8657   27.2316
    0.0000  -45.0000  -22.5000 5105.3467   27.2273
    7.5000  -45.0000  -22.5000 4908.5347   27.1542
   -7.5000  -37.5000  -22.5000 5221.3716   27.4297
    0.0000  -37.5000  -22.5000 5498.2866   27.4261
    7.5000  -37.5000  -22.5000 5287.2227   27.3547
   -7.5000  -30.0000  -22.5000 5677.0098   26.9379
    0.0000  -30.0000  -22.5000 5984.7031   26.9457
    7.5000  -30.0000  -22.5000 5744.6440   26.8782
   -7.5000  -22.5000  -22.5000 5986.9209   25.8506
    0.0000  -22.5000  -22.5000 6307.2412   25.8599
    7.5000  -22.5000  -22.5000 6045.6401   25.7965
   -7.5000  -15.0000  -22.5000 6566.7734   24.9379
    0.0000  -15.0000  -22.5000 6919.2070   24.9391
    7.5000  -15.0000  -22.5000 6612.6968   24.8796
   -7.5000   -7.5000  -22.5000 7164.7910   24.2124
    0.0000   -7.5000  -22.5000 7542.7109   24.2050
    7.5000   -7.5000  -22.5000 7197.4233   24.1530
   -7.5000    0.0000  -22.5000 7899.5410   24.0914
    0.0000    0.0000  -22.5000 8298.9795   24.0808
    7.5000    0.0000  -22.5000 7912.6841   24.0319
   -7.5000    7.5000  -22.5000 7899.2178   24.1568
    0.0000    7.5000  -22.5000 8281.5527   24.1530
    7.5000    7.5000  -22.5000 7905.0435   24.0999
   -7.5000   15.0000  -22.5000 7805.5840   23.8969
    0.0000   15.0000  -22.5000 8176.1807   23.9025
    7.5000   15.0000  -22.5000 7811.9375   23.8483
   -7.5000   22.5000  -22.5000 7632.2969   23.2982
    0.0000   22.5000  -22.5000 8000.4072   23.3054
    7.5000   22.5000  -22.5000 7654.1128   23.2517
   -7.5000   30.0000  -22.5000 7669.3159   23.2212
    0.0000   30.0000  -22.5000 8028.5605   23.2223
    7.5000   30.0000  -22.5000 7716.3008   23.1677
   -7.5000   37.5000  -22.5000 7301.2881   22.4340
    0.0000   37.5000  -22.5000 7622.8076   22.4272
    7.5000   37.5000  -22.5000 7349.5225   22.3791
   -7.5000   45.0000  -22.5000 6907.3848   21.5994
    0.0000   45.0000  -22.5000 7189.1323   21.5899
    7.5000   45.0000  -22.5000 6956.6040   21.5460
   -7.5000  -45.0000  -15.0000 5080.5791   27.7122
    0.0000  -45.0000  -15.0000 5340.6006   27.7085
    7.5000  -45.0000  -15.0000 5134.0522   27.6362
   -7.5000  -37.5000  -15.0000 5472.5767   27.9601
    0.0000  -37.5000  -15.0000 5756.3320   27.9578
    7.5000  -37.5000  -15.0000 5529.1045   27.8854
   -7.5000  -30.0000  -15.0000 5949.5161   27.4436
    0.0000  -30.0000  -15.0000 6265.1230   27.4489
    7.5000  -30.0000  -15.0000 6001.8691   27.3852
   -7.5000  -22.5000  -15.0000 6294.4053   26.3503
    0.0000  -22.5000  -15.0000 6624.9233   26.3561
    7.5000  -22.5000  -15.0000 6338.9233   26.3017
   -7.5000  -15.0000  -15.0000 6945.4414   25.4399
    0.0000  -15.0000  -15.0000 7326.0542   25.4384
    7.5000  -15.0000  -15.0000 6979.0898   25.3887
   -7.5000   -7.5000  -15.0000 7636.6318   24.7230
    0.0000   -7.5000  -15.0000 8046.3667   24.7139
    7.5000   -7.5000  -15.0000 7654.0718   24.6666
   -7.5000    0.0000  -15.0000 8483.7578   24.6057
    0.0000    0.0000  -15.0000 8899.5820   24.5951
    7.5000    0.0000  -15.0000 8461.6123   24.5450
   -7.5000    7.5000  -15.0000 8507.4346   24.6660
    0.0000    7.5000  -15.0000 8914.0078   24.6620
    7.5000    7.5000  -15.0000 8481.1572   24.6076
   -7.5000   15.0000  -15.0000 8386.0156   24.3968
    0.0000   15.0000  -15.0000 8802.6348   24.3999
    7.5000   15.0000  -15.0000 8384.6475   24.3487
   -7.5000   22.5000  -15.0000 8179.2773   23.7938
    0.0000   22.5000  -15.0000 8599.5264   23.7981
    7.5000   22.5000  -15.0000 8210.4141   23.7513
   -7.5000   30.0000  -15.0000 8200.6396   23.7173
    0.0000   30.0000  -15.0000 8607.6719   23.7161
    7.5000   30.0000  -15.0000 8260.5625   23.6700
   -7.5000   37.5000  -15.0000 7814.3379   22.9418
    0.0000   37.5000  -15.0000 8197.2891   22.9336
    7.5000   37.5000  -15.0000 7883.3877   22.8897
   -7.5000   45.0000  -15.0000 7387.8818   22.1139
    0.0000   45.0000  -15.0000 7726.2446   22.1044
    7.5000   45.0000  -15.0000 7441.8813   22.0593
   -7.5000  -45.0000   -7.5000 5359.1240   28.4913
    0.0000  -45.0000   -7.5000 5632.8887   28.4947
    7.5000  -45.0000   -7.5000 5405.9019   28.4299
   -7.5000  -37.5000   -7.5000 5783.4810   28.7466
    0.0000  -37.5000   -7.5000 6087.4863   28.7463
    7.5000  -37.5000   -7.5000 5826.3081   28.6849
   -7.5000  -30.0000   -7.5000 6296.7891   28.1873
    0.0000  -30.0000   -7.5000 6631.8066   28.1918
    7.5000  -30.0000   -7.5000 6336.1978   28.1426
   -7.5000  -22.5000   -7.5000 6658.6226   27.0737
    0.0000  -22.5000   -7.5000 7018.7217   27.0782
    7.5000  -22.5000   -7.5000 6688.3481   27.0387
   -7.5000  -15.0000   -7.5000 7363.0396   26.1591
    0.0000  -15.0000   -7.5000 7771.2856   26.1593
    7.5000  -15.0000   -7.5000 7380.1924   26.1196
   -7.5000   -7.5000   -7.5000 8136.8110   25.4281
    0.0000   -7.5000   -7.5000 8585.8662   25.4243
    7.5000   -7.5000   -7.5000 8128.0835   25.3827
   -7.5000    0.0000   -7.5000 9117.3721   25.2969
    0.0000    0.0000   -7.5000 9589.6729   25.2923
    7.5000    0.0000   -7.5000 9071.3184   25.2471
   -7.5000    7.5000   -7.5000 9286.2207   25.3433
    0.0000    7.5000   -7.5000 9796.0801   25.3415
    7.5000    7.5000   -7.5000 9227.8652   25.2962
   -7.5000   15.0000   -7.5000 9198.4658   25.0684
    0.0000   15.0000   -7.5000 9762.9248   25.0705
    7.5000   15.0000   -7.5000 9187.0049   25.0314
   -7.5000   22.5000   -7.5000 8923.6230   24.4724
    0.0000   22.5000   -7.5000 9479.3418   24.4757
    7.5000   22.5000   -7.5000 8963.1660   24.4407
   -7.5000   30.0000   -7.5000 8901.5693   24.4055
    0.0000   30.0000   -7.5000 9448.3115   24.4060
    7.5000   30.0000   -7.5000 8949.5508   24.3691
   -7.5000   37.5000   -7.5000 8464.8662   23.6308
    0.0000   37.5000   -7.5000 8966.2979   23.6274
    7.5000   37.5000   -7.5000 8510.0781   23.5886
   -7.5000   45.0000   -7.5000 8002.8403   22.7904
    0.0000   45.0000   -7.5000 8437.6562   22.7863
    7.5000   45.0000   -7.5000 8014.5293   22.7455
   -7.5000  -45.0000    0.0000 5598.7524   29.1172
    0.0000  -45.0000    0.0000 5886.6743   29.1265
    7.5000  -45.0000    0.0000 5656.1143   29.0699
   -7.5000  -37.5000    0.0000 6054.0747   29.3624
    0.0000  -37.5000    0.0000 6379.5103   29.3638
    7.5000  -37.5000    0.0000 6106.9463   29.3163
   -7.5000  -30.0000    0.0000 6613.0684   28.7788
    0.0000  -30.0000    0.0000 6991.6255   28.7846
    7.5000  -30.0000    0.0000 6662.0391   28.7474
   -7.5000  -22.5000    0.0000 7016.8076   27.6618
    0.0000  -22.5000    0.0000 7453.5894   27.6669
    7.5000  -22.5000    0.0000 7061.5889   27.6331
   -7.5000  -15.0000    0.0000 7776.2466   26.7477
    0.0000  -15.0000    0.0000 8295.5332   26.7499
    7.5000  -15.0000    0.0000 7811.2080   26.7105
   -7.5000   -7.5000    0.0000 8601.7285   25.9945
    0.0000   -7.5000    0.0000 9196.6494   25.9959
    7.5000   -7.5000    0.0000 8614.6963   25.9552
   -7.5000    0.0000    0.0000 9719.0176   25.8409
    0.0000    0.0000    0.000010408.0186   25.8417
    7.5000    0.0000    0.0000 9673.7891   25.8032
   -7.5000    7.5000    0.000010071.4893   25.8717
    0.0000    7.5000    0.000010900.2295   25.8726
    7.5000    7.5000    0.0000 9996.0664   25.8386
   -7.5000   15.0000    0.000010112.8447   25.6008
    0.0000   15.0000    0.000011134.7070   25.6037
    7.5000   15.0000    0.000010134.5342   25.5746
   -7.5000   22.5000    0.0000 9775.1680   25.0243
    0.0000   22.5000    0.000010703.3975   25.0278
    7.5000   22.5000    0.0000 9816.6680   24.9976
   -7.5000   30.0000    0.0000 9595.9424   24.9706
    0.0000   30.0000    0.000010403.3525   24.9729
    7.5000   30.0000    0.0000 9638.5400   24.9363
   -7.5000   37.5000    0.0000 9052.5830   24.1866
    0.0000   37.5000    0.0000 9730.5703   24.1880
    7.5000   37.5000    0.0000 9066.5244   24.1500
   -7.5000   45.0000    0.0000 8542.6973   23.3253
    0.0000   45.0000    0.0000 9109.7373   23.3260
    7.5000   45.0000    0.0000 8539.4492   23.2913
   -7.5000  -45.0000    7.5000 5422.2041   29.6959
    0.0000  -45.0000    7.5000 5760.9302   29.7051
    7.5000  -45.0000    7.5000 5510.9248   29.6467
   -7.5000  -37.5000    7.5000 5871.3911   29.9178
    0.0000  -37.5000    7.5000 6255.6616   29.9181
    7.5000  -37.5000    7.5000 5958.4907   29.8703
   -7.5000  -30.0000    7.5000 6419.0786   29.3148
    0.0000  -30.0000    7.5000 6882.4067   29.3223
    7.5000  -30.0000    7.5000 6507.0498   29.2795
   -7.5000  -22.5000    7.5000 6802.5581   28.1699
    0.0000  -22.5000    7.5000 7345.2119   28.1771
    7.5000  -22.5000    7.5000 6894.6460   28.1321
   -7.5000  -15.0000    7.5000 7538.4360   27.2198
    0.0000  -15.0000    7.5000 8181.2866   27.2232
    7.5000  -15.0000    7.5000 7623.1714   27.1722
   -7.5000   -7.5000    7.5000 8322.0654   26.4253
    0.0000   -7.5000    7.5000 9034.7256   26.4271
    7.5000   -7.5000    7.5000 8369.4912   26.3801
   -7.5000    0.0000    7.5000 9431.0078   26.2546
    0.0000    0.0000    7.500010178.3125   26.2554
    7.5000    0.0000    7.5000 9417.3418   26.2170
   -7.5000    7.5000    7.5000 9798.6826   26.2886
    0.0000    7.5000    7.500010821.0381   26.2899
    7.5000    7.5000    7.5000 9866.5039   26.2559
   -7.5000   15.0000    7.5000 9914.2656   26.0269
    0.0000   15.0000    7.500011275.8145   26.0317
    7.5000   15.0000    7.500010143.6572   25.9979
   -7.5000   22.5000    7.5000 9565.2910   25.4537
    0.0000   22.5000    7.500010751.6572   25.4588
    7.5000   22.5000    7.5000 9737.1602   25.4198
   -7.5000   30.0000    7.5000 9309.8906   25.3976
    0.0000   30.0000    7.500010287.7314   25.4006
    7.5000   30.0000    7.5000 9430.2148   25.3537
   -7.5000   37.5000    7.5000 8758.4932   24.5855
    0.0000   37.5000    7.5000 9558.6104   24.5872
    7.5000   37.5000    7.5000 8851.3750   24.5435
   -7.5000   45.0000    7.5000 8266.5186   23.6987
    0.0000   45.0000    7.5000 8946.1494   23.6994
    7.5000   45.0000    7.5000 8357.3789   23.6648
   -7.5000  -45.0000   15.0000 5169.2427   30.5314
    0.0000  -45.0000   15.0000 5567.6167   30.5318
    7.5000  -45.0000   15.0000 5294.5220   30.4597
   -7.5000  -37.5000   15.0000 5618.5479   30.7252
    0.0000  -37.5000   15.0000 6068.4956   30.7199
    7.5000  -37.5000   15.0000 5743.8838   30.6549
   -7.5000  -30.0000   15.0000 6174.3081   30.0841
    0.0000  -30.0000   15.0000 6688.4355   30.0917
    7.5000  -30.0000   15.0000 6301.0776   30.0282
   -7.5000  -22.5000   15.0000 6560.6411   28.8762
    0.0000  -22.5000   15.0000 7118.1636   28.8865
    7.5000  -22.5000   15.0000 6682.8491   28.8213
   -7.5000  -15.0000   15.0000 7267.2349   27.8591
    0.0000  -15.0000   15.0000 7882.5273   27.8632
    7.5000  -15.0000   15.0000 7378.2607   27.7972
   -7.5000   -7.5000   15.0000 8035.5000   27.0218
    0.0000   -7.5000   15.0000 8671.1270   27.0192
    7.5000   -7.5000   15.0000 8112.0342   26.9628
   -7.5000    0.0000   15.0000 9098.5283   26.8546
    0.0000    0.0000   15.0000 9868.6240   26.8479
    7.5000    0.0000   15.0000 9219.3555   26.8009
   -7.5000    7.5000   15.0000 9354.8252   26.9085
    0.0000    7.5000   15.000010529.4346   26.9051
    7.5000    7.5000   15.0000 9705.0166   26.8579
   -7.5000   15.0000   15.0000 9351.9131   26.6486
    0.0000   15.0000   15.000010619.9453   26.6541
    7.5000   15.0000   15.0000 9727.6787   26.6033
   -7.5000   22.5000   15.0000 9032.1318   26.0528
    0.0000   22.5000   15.0000 9996.5977   26.0605
    7.5000   22.5000   15.0000 9238.1406   26.0050
   -7.5000   30.0000   15.0000 8893.6455   25.9779
    0.0000   30.0000   15.0000 9695.9893   25.9814
    7.5000   30.0000   15.0000 9025.2109   25.9210
   -7.5000   37.5000   15.0000 8426.3105   25.1380
    0.0000   37.5000   15.0000 9145.0039   25.1358
    7.5000   37.5000   15.0000 8553.5908   25.0833
   -7.5000   45.0000   15.0000 7979.4854   24.2403
    0.0000   45.0000   15.0000 8622.1602   24.2342
    7.5000   45.0000   15.0000 8088.4858   24.1919
   -7.5000  -45.0000   22.5000 4937.1748   31.3418
    0.0000  -45.0000   22.5000 5302.8560   31.3363
    7.5000  -45.0000   22.5000 5046.3799   31.2520
   -7.5000  -37.5000   22.5000 5387.9561   31.5473
    0.0000  -37.5000   22.5000 5770.2676   31.5432
    7.5000  -37.5000   22.5000 5487.3823   31.4624
   -7.5000  -30.0000   22.5000 5922.7373   30.8520
    0.0000  -30.0000   22.5000 6344.8442   30.8629
    7.5000  -30.0000   22.5000 6029.9570   30.7875
   -7.5000  -22.5000   22.5000 6284.5537   29.5586
    0.0000  -22.5000   22.5000 6754.1870   29.5710
    7.5000  -22.5000   22.5000 6388.3521   29.4993
   -7.5000  -15.0000   22.5000 6934.1694   28.4663
    0.0000  -15.0000   22.5000 7453.0981   28.4685
    7.5000  -15.0000   22.5000 7033.1304   28.4000
   -7.5000   -7.5000   22.5000 7635.9595   27.5970
    0.0000   -7.5000   22.5000 8192.5898   27.5881
    7.5000   -7.5000   22.5000 7734.5488   27.5281
   -7.5000    0.0000   22.5000 8548.7061   27.4489
    0.0000    0.0000   22.5000 9305.6797   27.4360
    7.5000    0.0000   22.5000 8769.5645   27.3804
   -7.5000    7.5000   22.5000 8661.6318   27.5233
    0.0000    7.5000   22.5000 9675.0801   27.5189
    7.5000    7.5000   22.5000 9028.4629   27.4596
   -7.5000   15.0000   22.5000 8608.8408   27.2513
    0.0000   15.0000   22.5000 9460.5215   27.2590
    7.5000   15.0000   22.5000 8840.1719   27.1986
   -7.5000   22.5000   22.5000 8410.7627   26.6335
    0.0000   22.5000   22.5000 9033.0908   26.6430
    7.5000   22.5000   22.5000 8478.4209   26.5822
   -7.5000   30.0000   22.5000 8389.5840   26.5369
    0.0000   30.0000   22.5000 8985.0518   26.5387
    7.5000   30.0000   22.5000 8455.2764   26.4758
   -7.5000   37.5000   22.5000 8003.6445   25.6955
    0.0000   37.5000   22.5000 8590.1260   25.6874
    7.5000   37.5000   22.5000 8099.3687   25.6316
   -7.5000   45.0000   22.5000 7615.1953   24.8107
    0.0000   45.0000   22.5000 8175.9824   24.7991
    7.5000   45.0000   22.5000 7692.3999   24.7488
   -7.5000  -45.0000   30.0000 4932.2661   32.4611
    0.0000  -45.0000   30.0000 5234.3955   32.4512
    7.5000  -45.0000   30.0000 4999.4697   32.3561
   -7.5000  -37.5000   30.0000 5374.6709   32.7106
    0.0000  -37.5000   30.0000 5705.6699   32.7035
    7.5000  -37.5000   30.0000 5448.3384   32.6090
   -7.5000  -30.0000   30.0000 5891.6689   31.9789
    0.0000  -30.0000   30.0000 6280.2056   31.9828
    7.5000  -30.0000   30.0000 5975.0840   31.9002
   -7.5000  -22.5000   30.0000 6229.4155   30.5881
    0.0000  -22.5000   30.0000 6652.6274   30.5926
    7.5000  -22.5000   30.0000 6318.1953   30.5208
   -7.5000  -15.0000   30.0000 6857.6807   29.4093
    0.0000  -15.0000   30.0000 7301.7910   29.4039
    7.5000  -15.0000   30.0000 6925.8130   29.3375
   -7.5000   -7.5000   30.0000 7515.3213   28.4934
    0.0000   -7.5000   30.0000 8029.1348   28.4781
    7.5000   -7.5000   30.0000 7594.7070   28.4160
   -7.5000    0.0000   30.0000 8348.3047   28.3560
    0.0000    0.0000   30.0000 9064.2949   28.3390
    7.5000    0.0000   30.0000 8578.3486   28.2746
   -7.5000    7.5000   30.0000 8428.0674   28.4470
    0.0000    7.5000   30.0000 9222.7119   28.4388
    7.5000    7.5000   30.0000 8682.5156   28.3699
   -7.5000   15.0000   30.0000 8391.4824   28.1646
    0.0000   15.0000   30.0000 8973.2158   28.1660
    7.5000   15.0000   30.0000 8449.3379   28.1006
   -7.5000   22.5000   30.0000 8242.1777   27.5071
    0.0000   22.5000   30.0000 8724.7607   27.5099
    7.5000   22.5000   30.0000 8239.3965   27.4486
   -7.5000   30.0000   30.0000 8247.8867   27.3909
    0.0000   30.0000   30.0000 8779.2246   27.3861
    7.5000   30.0000   30.0000 8289.1826   27.3249
   -7.5000   37.5000   30.0000 7877.0894   26.5276
    0.0000   37.5000   30.0000 8418.6328   26.5136
    7.5000   37.5000   30.0000 7937.7734   26.4558
   -7.5000   45.0000   30.0000 7498.4028   25.6306
    0.0000   45.0000   30.0000 8002.5771   25.6153
    7.5000   45.0000   30.0000 7543.1562   25.5571
   -7.5000  -45.0000   37.5000 4709.7905   32.9953
    0.0000  -45.0000   37.5000 4989.3564   32.9930
    7.5000  -45.0000   37.5000 4755.6006   32.8928
   -7.5000  -37.5000   37.5000 5121.9971   33.2610
    0.0000  -37.5000   37.5000 5432.1382   33.2542
    7.5000  -37.5000   37.5000 5171.6646   33.1597
   -7.5000  -30.0000   37.5000 5596.2520   32.5105
    0.0000  -30.0000   37.5000 5930.2749   32.5118
    7.5000  -30.0000   37.5000 5650.5840   32.4355
   -7.5000  -22.5000   37.5000 5914.6875   31.0828
    0.0000  -22.5000   37.5000 6251.3501   31.0835
    7.5000  -22.5000   37.5000 5958.3462   31.0207
   -7.5000  -15.0000   37.5000 6519.5166   29.8810
    0.0000  -15.0000   37.5000 6888.6172   29.8747
    7.5000  -15.0000   37.5000 6539.6313   29.8113
   -7.5000   -7.5000   37.5000 7104.8315   28.9280
    0.0000   -7.5000   37.5000 7573.6060   28.9162
    7.5000   -7.5000   37.5000 7172.4111   28.8511
   -7.5000    0.0000   37.5000 7845.6196   28.7818
    0.0000    0.0000   37.5000 8461.8555   28.7696
    7.5000    0.0000   37.5000 8028.3984   28.7010
   -7.5000    7.5000   37.5000 7910.6895   28.8648
    0.0000    7.5000   37.5000 8483.2021   28.8572
    7.5000    7.5000   37.5000 8012.7075   28.7896
   -7.5000   15.0000   37.5000 7854.8672   28.5695
    0.0000   15.0000   37.5000 8305.9580   28.5679
    7.5000   15.0000   37.5000 7831.6787   28.5087
   -7.5000   22.5000   37.5000 7738.5498   27.9097
    0.0000   22.5000   37.5000 8164.0293   27.9092
    7.5000   22.5000   37.5000 7715.5586   27.8546
   -7.5000   30.0000   37.5000 7754.1562   27.7985
    0.0000   30.0000   37.5000 8207.0732   27.7931
    7.5000   30.0000   37.5000 7767.8950   27.7348
   -7.5000   37.5000   37.5000 7411.7041   26.9296
    0.0000   37.5000   37.5000 7858.9526   26.9187
    7.5000   37.5000   37.5000 7438.2090   26.8583
   -7.5000   45.0000   37.5000 7047.2202   26.0123
    0.0000   45.0000   37.5000 7477.0332   26.0014
    7.5000   45.0000   37.5000 7057.7749   25.9393
   -7.5000  -45.0000   45.0000 4468.9233   33.4642
    0.0000  -45.0000   45.0000 4741.1201   33.4672
    7.5000  -45.0000   45.0000 4513.8882   33.3719
   -7.5000  -37.5000   45.0000 4839.9502   33.7306
    0.0000  -37.5000   45.0000 5121.7534   33.7277
    7.5000  -37.5000   45.0000 4887.4141   33.6466
   -7.5000  -30.0000   45.0000 5289.6919   32.9293
    0.0000  -30.0000   45.0000 5578.2349   32.9348
    7.5000  -30.0000   45.0000 5331.3838   32.8688
   -7.5000  -22.5000   45.0000 5594.8462   31.5121
    0.0000  -22.5000   45.0000 5892.1182   31.5148
    7.5000  -22.5000   45.0000 5628.2754   31.4554
   -7.5000  -15.0000   45.0000 6152.8584   30.3097
    0.0000  -15.0000   45.0000 6493.3018   30.3039
    7.5000  -15.0000   45.0000 6184.0762   30.2385
   -7.5000   -7.5000   45.0000 6684.6353   29.3143
    0.0000   -7.5000   45.0000 7113.2749   29.3061
    7.5000   -7.5000   45.0000 6761.1484   29.2401
   -7.5000    0.0000   45.0000 7362.2739   29.1615
    0.0000    0.0000   45.0000 7871.2529   29.1548
    7.5000    0.0000   45.0000 7489.0371   29.0913
   -7.5000    7.5000   45.0000 7388.7783   29.2412
    0.0000    7.5000   45.0000 7842.8149   29.2381
    7.5000    7.5000   45.0000 7438.9951   29.1802
   -7.5000   15.0000   45.0000 7317.5991   28.9355
    0.0000   15.0000   45.0000 7723.9771   28.9368
    7.5000   15.0000   45.0000 7303.4053   28.8860
   -7.5000   22.5000   45.0000 7211.2588   28.2691
    0.0000   22.5000   45.0000 7611.5903   28.2695
    7.5000   22.5000   45.0000 7205.0034   28.2178
   -7.5000   30.0000   45.0000 7211.4907   28.1602
    0.0000   30.0000   45.0000 7621.7290   28.1551
    7.5000   30.0000   45.0000 7233.0469   28.0953
   -7.5000   37.5000   45.0000 6891.1323   27.2783
    0.0000   37.5000   45.0000 7290.4761   27.2709
    7.5000   37.5000   45.0000 6917.8467   27.2094
   -7.5000   45.0000   45.0000 6559.3408   26.3389
    0.0000   45.0000   45.0000 6940.0864   26.3328
    7.5000   45.0000   45.0000 6575.1802   26.2755

---------------------------------------------------------------------
imgreg_4dfp /opt/freesurfer/average/711-2C_as_mni_average_305 /opt/freesurfer/average/711-2B_as_mni_average_305_mask talsrcimg_g11 none talsrcimg_to_711-2C_as_mni_average_305_t4 4355
---------------------------------------------------------------------

freesurfer imgreg_4dfp.c
/opt/freesurfer/average/711-2C_as_mni_average_305.4dfp.img
       256       256       256         1
  1.000000  1.000000  1.000000
orientation T byte_order littleendian
Reading image: /opt/freesurfer/average/711-2C_as_mni_average_305.4dfp.img
dimensions:      256       256       256
mmppix:       1.0000   -1.0000   -1.0000
center:     128.0000 -129.0000 -129.0000
/opt/freesurfer/average/711-2B_as_mni_average_305_mask.4dfp.img
       256       256       256         1
  1.000000  1.000000  1.000000
orientation T byte_order littleendian
Reading mask: /opt/freesurfer/average/711-2B_as_mni_average_305_mask.4dfp.img (2306576 pixels)
talsrcimg_g11.4dfp.img
       320       320       320         1
  0.700000  0.700000  0.700000
orientation T byte_order littleendian
Reading image: talsrcimg_g11.4dfp.img
dimensions:      320       320       320
mmppix:       0.7000   -0.7000   -0.7000
center:     112.0000 -112.7000 -112.7000
rotation matrix determinant  1.000000
image alignment mode   4355 decimal     1103 hex
   -7.5000  -30.0000  -37.5000 2212.2800   37.6897
    0.0000  -30.0000  -37.5000 2223.8022   37.2121
    7.5000  -30.0000  -37.5000 2218.6318   37.2795
   -7.5000  -22.5000  -37.5000 2306.8240   34.7653
    0.0000  -22.5000  -37.5000 2317.3396   34.4084
    7.5000  -22.5000  -37.5000 2309.6833   34.4642
   -7.5000  -15.0000  -37.5000 2374.1956   32.3917
    0.0000  -15.0000  -37.5000 2376.9895   32.0322
    7.5000  -15.0000  -37.5000 2366.9832   32.1938
   -7.5000   -7.5000  -37.5000 2416.8770   30.4112
    0.0000   -7.5000  -37.5000 2420.3135   30.0849
    7.5000   -7.5000  -37.5000 2410.2727   30.2558
   -7.5000    0.0000  -37.5000 2439.8037   28.9010
    0.0000    0.0000  -37.5000 2443.4827   28.6113
    7.5000    0.0000  -37.5000 2438.0554   28.8637
   -7.5000    7.5000  -37.5000 2446.6294   27.9182
    0.0000    7.5000  -37.5000 2453.8066   27.6510
    7.5000    7.5000  -37.5000 2446.8254   28.0074
   -7.5000   15.0000  -37.5000 2431.9478   27.3103
    0.0000   15.0000  -37.5000 2445.8125   27.0905
    7.5000   15.0000  -37.5000 2436.7090   27.3972
   -7.5000   22.5000  -37.5000 2422.1416   27.2360
    0.0000   22.5000  -37.5000 2433.5554   26.9617
    7.5000   22.5000  -37.5000 2422.8123   27.2831
   -7.5000   30.0000  -37.5000 2394.0066   27.4553
    0.0000   30.0000  -37.5000 2415.5234   27.2766
    7.5000   30.0000  -37.5000 2400.7751   27.5477
   -7.5000   37.5000  -37.5000 2345.3782   27.9171
    0.0000   37.5000  -37.5000 2360.7896   27.7463
    7.5000   37.5000  -37.5000 2344.0649   28.0658
   -7.5000   45.0000  -37.5000 2245.2029   28.3570
    0.0000   45.0000  -37.5000 2260.2842   28.1294
    7.5000   45.0000  -37.5000 2244.0630   28.5357
   -7.5000   52.5000  -37.5000 2104.5229   28.6689
    0.0000   52.5000  -37.5000 2120.6489   28.4675
    7.5000   52.5000  -37.5000 2107.5796   28.7829
   -7.5000   60.0000  -37.5000 1941.8348   29.0264
    0.0000   60.0000  -37.5000 1955.3416   28.8505
    7.5000   60.0000  -37.5000 1944.8716   29.2114
   -7.5000  -30.0000  -30.0000 2339.0776   37.7180
    0.0000  -30.0000  -30.0000 2350.1001   37.1770
    7.5000  -30.0000  -30.0000 2346.2161   37.2793
   -7.5000  -22.5000  -30.0000 2439.2441   34.6664
    0.0000  -22.5000  -30.0000 2448.8088   34.2264
    7.5000  -22.5000  -30.0000 2445.2974   34.3401
   -7.5000  -15.0000  -30.0000 2508.5884   32.0897
    0.0000  -15.0000  -30.0000 2513.1021   31.7313
    7.5000  -15.0000  -30.0000 2509.7710   31.8477
   -7.5000   -7.5000  -30.0000 2554.1011   30.0478
    0.0000   -7.5000  -30.0000 2562.6377   29.7511
    7.5000   -7.5000  -30.0000 2556.2939   29.9109
   -7.5000    0.0000  -30.0000 2577.1785   28.4673
    0.0000    0.0000  -30.0000 2592.1985   28.1454
    7.5000    0.0000  -30.0000 2584.6973   28.3568
   -7.5000    7.5000  -30.0000 2587.9797   27.2883
    0.0000    7.5000  -30.0000 2605.5132   27.0316
    7.5000    7.5000  -30.0000 2595.8577   27.2984
   -7.5000   15.0000  -30.0000 2575.6306   26.6139
    0.0000   15.0000  -30.0000 2594.4031   26.3439
    7.5000   15.0000  -30.0000 2586.5447   26.6885
   -7.5000   22.5000  -30.0000 2566.4556   26.3890
    0.0000   22.5000  -30.0000 2579.3269   26.1442
    7.5000   22.5000  -30.0000 2571.4507   26.4621
   -7.5000   30.0000  -30.0000 2543.9521   26.6086
    0.0000   30.0000  -30.0000 2563.9304   26.3806
    7.5000   30.0000  -30.0000 2555.7988   26.7105
   -7.5000   37.5000  -30.0000 2489.2056   27.0716
    0.0000   37.5000  -30.0000 2505.2625   26.8551
    7.5000   37.5000  -30.0000 2495.9321   27.1916
   -7.5000   45.0000  -30.0000 2381.8950   27.5099
    0.0000   45.0000  -30.0000 2394.7029   27.2524
    7.5000   45.0000  -30.0000 2385.2737   27.6606
   -7.5000   52.5000  -30.0000 2241.9829   27.9129
    0.0000   52.5000  -30.0000 2254.9446   27.6178
    7.5000   52.5000  -30.0000 2247.2703   28.0211
   -7.5000   60.0000  -30.0000 2073.1641   28.3475
    0.0000   60.0000  -30.0000 2087.9468   28.0902
    7.5000   60.0000  -30.0000 2081.7896   28.4909
   -7.5000  -30.0000  -22.5000 2372.6270   37.1286
    0.0000  -30.0000  -22.5000 2387.2844   36.6704
    7.5000  -30.0000  -22.5000 2388.2659   36.6380
   -7.5000  -22.5000  -22.5000 2471.0784   34.1183
    0.0000  -22.5000  -22.5000 2482.9385   33.6730
    7.5000  -22.5000  -22.5000 2485.1260   33.7177
   -7.5000  -15.0000  -22.5000 2537.1833   31.5297
    0.0000  -15.0000  -22.5000 2550.7178   31.1987
    7.5000  -15.0000  -22.5000 2548.3022   31.2247
   -7.5000   -7.5000  -22.5000 2583.8569   29.4152
    0.0000   -7.5000  -22.5000 2597.3582   29.0962
    7.5000   -7.5000  -22.5000 2594.6780   29.2244
   -7.5000    0.0000  -22.5000 2614.0464   27.7769
    0.0000    0.0000  -22.5000 2628.3372   27.4317
    7.5000    0.0000  -22.5000 2622.6943   27.6131
   -7.5000    7.5000  -22.5000 2629.3301   26.4784
    0.0000    7.5000  -22.5000 2643.1755   26.1020
    7.5000    7.5000  -22.5000 2637.3665   26.3728
   -7.5000   15.0000  -22.5000 2618.1772   25.6505
    0.0000   15.0000  -22.5000 2631.6851   25.3023
    7.5000   15.0000  -22.5000 2627.6711   25.6429
   -7.5000   22.5000  -22.5000 2601.7864   25.2220
    0.0000   22.5000  -22.5000 2621.6006   24.9334
    7.5000   22.5000  -22.5000 2614.1858   25.2748
   -7.5000   30.0000  -22.5000 2585.9124   25.3998
    0.0000   30.0000  -22.5000 2609.0425   25.1299
    7.5000   30.0000  -22.5000 2604.7964   25.4530
   -7.5000   37.5000  -22.5000 2533.5552   25.8070
    0.0000   37.5000  -22.5000 2554.6426   25.5348
    7.5000   37.5000  -22.5000 2553.0383   25.8952
   -7.5000   45.0000  -22.5000 2434.1475   26.1594
    0.0000   45.0000  -22.5000 2447.5845   25.9033
    7.5000   45.0000  -22.5000 2444.1069   26.2785
   -7.5000   52.5000  -22.5000 2296.2185   26.5505
    0.0000   52.5000  -22.5000 2308.9314   26.2754
    7.5000   52.5000  -22.5000 2308.7327   26.7073
   -7.5000   60.0000  -22.5000 2124.0942   26.9183
    0.0000   60.0000  -22.5000 2139.5181   26.6819
    7.5000   60.0000  -22.5000 2135.2185   27.0756
   -7.5000  -30.0000  -15.0000 2440.6858   36.9572
    0.0000  -30.0000  -15.0000 2457.4392   36.4209
    7.5000  -30.0000  -15.0000 2461.0095   36.3466
   -7.5000  -22.5000  -15.0000 2546.3076   33.7977
    0.0000  -22.5000  -15.0000 2558.8223   33.3570
    7.5000  -22.5000  -15.0000 2560.7500   33.3026
   -7.5000  -15.0000  -15.0000 2621.0872   31.1491
    0.0000  -15.0000  -15.0000 2634.3635   30.8024
    7.5000  -15.0000  -15.0000 2632.6626   30.7972
   -7.5000   -7.5000  -15.0000 2677.9863   29.0540
    0.0000   -7.5000  -15.0000 2687.9417   28.7208
    7.5000   -7.5000  -15.0000 2687.6035   28.8140
   -7.5000    0.0000  -15.0000 2715.8206   27.3989
    0.0000    0.0000  -15.0000 2723.8413   27.0215
    7.5000    0.0000  -15.0000 2726.3987   27.1930
   -7.5000    7.5000  -15.0000 2737.1504   26.0971
    0.0000    7.5000  -15.0000 2748.8279   25.7163
    7.5000    7.5000  -15.0000 2745.8982   25.9731
   -7.5000   15.0000  -15.0000 2716.2039   25.1465
    0.0000   15.0000  -15.0000 2733.7385   24.7896
    7.5000   15.0000  -15.0000 2729.8752   25.1688
   -7.5000   22.5000  -15.0000 2696.4812   24.4747
    0.0000   22.5000  -15.0000 2719.4302   24.1421
    7.5000   22.5000  -15.0000 2714.9795   24.6330
   -7.5000   30.0000  -15.0000 2686.3367   24.5453
    0.0000   30.0000  -15.0000 2704.8406   24.2282
    7.5000   30.0000  -15.0000 2703.0303   24.7203
   -7.5000   37.5000  -15.0000 2634.3032   24.8974
    0.0000   37.5000  -15.0000 2659.5762   24.5686
    7.5000   37.5000  -15.0000 2657.9153   25.0524
   -7.5000   45.0000  -15.0000 2532.4634   25.2557
    0.0000   45.0000  -15.0000 2555.1848   24.9440
    7.5000   45.0000  -15.0000 2553.7668   25.4118
   -7.5000   52.5000  -15.0000 2391.3870   25.7467
    0.0000   52.5000  -15.0000 2408.1980   25.3811
    7.5000   52.5000  -15.0000 2408.0615   25.9066
   -7.5000   60.0000  -15.0000 2216.9668   26.1830
    0.0000   60.0000  -15.0000 2231.1990   25.8659
    7.5000   60.0000  -15.0000 2225.5073   26.3120
   -7.5000  -30.0000   -7.5000 2475.9421   36.8866
    0.0000  -30.0000   -7.5000 2494.1616   36.4138
    7.5000  -30.0000   -7.5000 2493.3711   36.1425
   -7.5000  -22.5000   -7.5000 2579.4827   33.5331
    0.0000  -22.5000   -7.5000 2592.5698   33.1491
    7.5000  -22.5000   -7.5000 2590.7202   32.9459
   -7.5000  -15.0000   -7.5000 2657.7771   30.8007
    0.0000  -15.0000   -7.5000 2669.7798   30.5506
    7.5000  -15.0000   -7.5000 2666.6050   30.3298
   -7.5000   -7.5000   -7.5000 2727.7100   28.6842
    0.0000   -7.5000   -7.5000 2728.7490   28.4679
    7.5000   -7.5000   -7.5000 2726.4414   28.2985
   -7.5000    0.0000   -7.5000 2774.1174   27.1377
    0.0000    0.0000   -7.5000 2771.8669   26.9274
    7.5000    0.0000   -7.5000 2769.9492   26.8599
   -7.5000    7.5000   -7.5000 2807.9165   26.0667
    0.0000    7.5000   -7.5000 2816.7029   25.9469
    7.5000    7.5000   -7.5000 2811.8828   25.9003
   -7.5000   15.0000   -7.5000 2786.9771   25.0478
    0.0000   15.0000   -7.5000 2807.4841   24.9864
    7.5000   15.0000   -7.5000 2798.6057   25.0527
   -7.5000   22.5000   -7.5000 2752.6272   23.9750
    0.0000   22.5000   -7.5000 2777.7061   23.8899
    7.5000   22.5000   -7.5000 2767.6309   24.2258
   -7.5000   30.0000   -7.5000 2745.2161   23.8275
    0.0000   30.0000   -7.5000 2762.6455   23.6886
    7.5000   30.0000   -7.5000 2752.9189   24.0201
   -7.5000   37.5000   -7.5000 2693.9219   24.0533
    0.0000   37.5000   -7.5000 2728.9998   23.8489
    7.5000   37.5000   -7.5000 2709.2542   24.1429
   -7.5000   45.0000   -7.5000 2598.4612   24.4853
    0.0000   45.0000   -7.5000 2621.2439   24.2316
    7.5000   45.0000   -7.5000 2610.9639   24.5063
   -7.5000   52.5000   -7.5000 2444.8892   25.0002
    0.0000   52.5000   -7.5000 2467.6826   24.7198
    7.5000   52.5000   -7.5000 2453.9041   24.9522
   -7.5000   60.0000   -7.5000 2273.9106   25.5813
    0.0000   60.0000   -7.5000 2294.9810   25.3087
    7.5000   60.0000   -7.5000 2281.3755   25.5308
   -7.5000  -30.0000    0.0000 2483.9343   36.9647
    0.0000  -30.0000    0.0000 2502.0168   36.7037
    7.5000  -30.0000    0.0000 2491.2178   36.2180
   -7.5000  -22.5000    0.0000 2589.3303   33.5434
    0.0000  -22.5000    0.0000 2608.5090   33.4495
    7.5000  -22.5000    0.0000 2596.1572   32.9334
   -7.5000  -15.0000    0.0000 2678.8066   30.7175
    0.0000  -15.0000    0.0000 2699.9297   30.8744
    7.5000  -15.0000    0.0000 2682.9341   30.2751
   -7.5000   -7.5000    0.0000 2759.5745   28.5236
    0.0000   -7.5000    0.0000 2779.5593   28.8363
    7.5000   -7.5000    0.0000 2757.9092   28.2381
   -7.5000    0.0000    0.0000 2823.7280   27.2069
    0.0000    0.0000    0.0000 2851.1179   27.6780
    7.5000    0.0000    0.0000 2817.7087   26.9547
   -7.5000    7.5000    0.0000 2872.6067   26.3590
    0.0000    7.5000    0.0000 2916.7710   26.9036
    7.5000    7.5000    0.0000 2866.8335   26.0969
   -7.5000   15.0000    0.0000 2862.7043   25.4969
    0.0000   15.0000    0.0000 2935.4893   26.2368
    7.5000   15.0000    0.0000 2868.2000   25.3473
   -7.5000   22.5000    0.0000 2804.3960   24.0819
    0.0000   22.5000    0.0000 2852.8857   24.5394
    7.5000   22.5000    0.0000 2814.4583   24.2018
   -7.5000   30.0000    0.0000 2765.5842   23.2976
    0.0000   30.0000    0.0000 2799.7773   23.4961
    7.5000   30.0000    0.0000 2769.2275   23.4399
   -7.5000   37.5000    0.0000 2704.6411   23.2437
    0.0000   37.5000    0.0000 2740.5137   23.2335
    7.5000   37.5000    0.0000 2718.2043   23.2621
   -7.5000   45.0000    0.0000 2601.3516   23.7434
    0.0000   45.0000    0.0000 2624.2124   23.5352
    7.5000   45.0000    0.0000 2602.3376   23.5548
   -7.5000   52.5000    0.0000 2467.3447   24.3615
    0.0000   52.5000    0.0000 2492.7383   24.1542
    7.5000   52.5000    0.0000 2477.4724   24.2187
   -7.5000   60.0000    0.0000 2305.3735   25.0787
    0.0000   60.0000    0.0000 2327.6758   24.8581
    7.5000   60.0000    0.0000 2312.4937   24.9737
   -7.5000  -30.0000    7.5000 2471.6992   37.0973
    0.0000  -30.0000    7.5000 2500.4434   37.4163
    7.5000  -30.0000    7.5000 2471.0447   36.5640
   -7.5000  -22.5000    7.5000 2580.6919   33.6609
    0.0000  -22.5000    7.5000 2621.6055   34.1889
    7.5000  -22.5000    7.5000 2581.6721   33.2767
   -7.5000  -15.0000    7.5000 2677.9717   30.7585
    0.0000  -15.0000    7.5000 2729.9658   31.4732
    7.5000  -15.0000    7.5000 2679.5142   30.5312
   -7.5000   -7.5000    7.5000 2767.5327   28.5623
    0.0000   -7.5000    7.5000 2830.7620   29.4554
    7.5000   -7.5000    7.5000 2772.2517   28.5111
   -7.5000    0.0000    7.5000 2848.1770   27.2497
    0.0000    0.0000    7.5000 2914.1445   28.1620
    7.5000    0.0000    7.5000 2851.5142   27.1975
   -7.5000    7.5000    7.5000 2909.4536   26.4431
    0.0000    7.5000    7.5000 2986.0054   27.2958
    7.5000    7.5000    7.5000 2915.6892   26.3351
   -7.5000   15.0000    7.5000 2903.2080   25.6325
    0.0000   15.0000    7.5000 3017.3379   26.7443
    7.5000   15.0000    7.5000 2925.9600   25.6235
   -7.5000   22.5000    7.5000 2818.2793   24.1290
    0.0000   22.5000    7.5000 2910.3376   25.0453
    7.5000   22.5000    7.5000 2848.2349   24.3104
   -7.5000   30.0000    7.5000 2733.3118   23.0254
    0.0000   30.0000    7.5000 2780.3198   23.4548
    7.5000   30.0000    7.5000 2746.0435   23.1086
   -7.5000   37.5000    7.5000 2678.1743   22.9028
    0.0000   37.5000    7.5000 2697.8481   22.8483
    7.5000   37.5000    7.5000 2668.3823   22.7442
   -7.5000   45.0000    7.5000 2594.8589   23.3440
    0.0000   45.0000    7.5000 2610.6143   23.1571
    7.5000   45.0000    7.5000 2592.4607   23.1565
   -7.5000   52.5000    7.5000 2469.5818   23.9830
    0.0000   52.5000    7.5000 2495.2224   23.7338
    7.5000   52.5000    7.5000 2476.3362   23.8226
   -7.5000   60.0000    7.5000 2312.2109   24.6794
    0.0000   60.0000    7.5000 2333.1577   24.3672
    7.5000   60.0000    7.5000 2316.7344   24.5097
   -7.5000  -30.0000   15.0000 2464.7556   37.8183
    0.0000  -30.0000   15.0000 2505.4434   38.3440
    7.5000  -30.0000   15.0000 2465.5139   37.4606
   -7.5000  -22.5000   15.0000 2573.8293   34.0637
    0.0000  -22.5000   15.0000 2615.9565   34.7405
    7.5000  -22.5000   15.0000 2575.9282   33.9078
   -7.5000  -15.0000   15.0000 2672.8970   30.8731
    0.0000  -15.0000   15.0000 2722.5085   31.6080
    7.5000  -15.0000   15.0000 2675.9976   30.8367
   -7.5000   -7.5000   15.0000 2761.4915   28.4574
    0.0000   -7.5000   15.0000 2811.4509   29.2090
    7.5000   -7.5000   15.0000 2769.9932   28.5267
   -7.5000    0.0000   15.0000 2831.4573   26.9907
    0.0000    0.0000   15.0000 2892.1086   27.6500
    7.5000    0.0000   15.0000 2848.5820   27.0324
   -7.5000    7.5000   15.0000 2880.2542   25.9211
    0.0000    7.5000   15.0000 2978.4858   26.7148
    7.5000    7.5000   15.0000 2911.8110   26.0301
   -7.5000   15.0000   15.0000 2837.9421   24.7791
    0.0000   15.0000   15.0000 2997.3228   25.8843
    7.5000   15.0000   15.0000 2912.3008   25.1266
   -7.5000   22.5000   15.0000 2744.8862   23.3779
    0.0000   22.5000   15.0000 2818.4380   23.7806
    7.5000   22.5000   15.0000 2787.3618   23.5953
   -7.5000   30.0000   15.0000 2696.0452   22.8785
    0.0000   30.0000   15.0000 2697.4321   22.6018
    7.5000   30.0000   15.0000 2677.7104   22.5397
   -7.5000   37.5000   15.0000 2655.7112   22.9987
    0.0000   37.5000   15.0000 2659.1089   22.6280
    7.5000   37.5000   15.0000 2650.5974   22.6228
   -7.5000   45.0000   15.0000 2577.5217   23.4347
    0.0000   45.0000   15.0000 2589.6245   23.0983
    7.5000   45.0000   15.0000 2578.3149   23.2089
   -7.5000   52.5000   15.0000 2458.8931   23.9839
    0.0000   52.5000   15.0000 2473.6543   23.6885
    7.5000   52.5000   15.0000 2458.1318   23.7907
   -7.5000   60.0000   15.0000 2295.3528   24.6424
    0.0000   60.0000   15.0000 2316.8501   24.3567
    7.5000   60.0000   15.0000 2300.5291   24.3959
   -7.5000  -30.0000   22.5000 2447.4460   38.3541
    0.0000  -30.0000   22.5000 2471.0811   38.5315
    7.5000  -30.0000   22.5000 2448.3987   37.9951
   -7.5000  -22.5000   22.5000 2551.7163   34.2594
    0.0000  -22.5000   22.5000 2576.3621   34.5373
    7.5000  -22.5000   22.5000 2545.3203   34.0288
   -7.5000  -15.0000   22.5000 2639.9880   30.8042
    0.0000  -15.0000   22.5000 2672.1167   31.1765
    7.5000  -15.0000   22.5000 2639.9832   30.6811
   -7.5000   -7.5000   22.5000 2709.5759   28.1595
    0.0000   -7.5000   22.5000 2758.9941   28.6206
    7.5000   -7.5000   22.5000 2724.2673   28.1416
   -7.5000    0.0000   22.5000 2766.6851   26.3666
    0.0000    0.0000   22.5000 2824.9084   26.7688
    7.5000    0.0000   22.5000 2784.5352   26.3958
   -7.5000    7.5000   22.5000 2780.1680   24.9977
    0.0000    7.5000   22.5000 2856.1252   25.5451
    7.5000    7.5000   22.5000 2815.5908   25.1502
   -7.5000   15.0000   22.5000 2720.7891   23.7997
    0.0000   15.0000   22.5000 2798.8232   24.1867
    7.5000   15.0000   22.5000 2769.9294   24.0033
   -7.5000   22.5000   22.5000 2688.3296   22.8637
    0.0000   22.5000   22.5000 2680.8906   22.4317
    7.5000   22.5000   22.5000 2664.7175   22.6001
   -7.5000   30.0000   22.5000 2684.4946   22.7843
    0.0000   30.0000   22.5000 2671.8733   22.2844
    7.5000   30.0000   22.5000 2664.3354   22.3863
   -7.5000   37.5000   22.5000 2645.9961   23.1492
    0.0000   37.5000   22.5000 2654.8464   22.7643
    7.5000   37.5000   22.5000 2650.6746   22.8314
   -7.5000   45.0000   22.5000 2565.3730   23.7965
    0.0000   45.0000   22.5000 2582.4268   23.4512
    7.5000   45.0000   22.5000 2571.2717   23.5392
   -7.5000   52.5000   22.5000 2443.9670   24.5016
    0.0000   52.5000   22.5000 2458.0244   24.1727
    7.5000   52.5000   22.5000 2449.2476   24.2571
   -7.5000   60.0000   22.5000 2275.1667   25.1272
    0.0000   60.0000   22.5000 2292.8792   24.7673
    7.5000   60.0000   22.5000 2286.3384   24.8679
   -7.5000  -30.0000   30.0000 2407.0222   38.5935
    0.0000  -30.0000   30.0000 2415.7029   38.3750
    7.5000  -30.0000   30.0000 2409.2954   38.1937
   -7.5000  -22.5000   30.0000 2510.4492   34.3300
    0.0000  -22.5000   30.0000 2526.4048   34.3378
    7.5000  -22.5000   30.0000 2505.5842   33.9855
   -7.5000  -15.0000   30.0000 2586.1677   30.7371
    0.0000  -15.0000   30.0000 2602.0007   30.7672
    7.5000  -15.0000   30.0000 2584.5444   30.4699
   -7.5000   -7.5000   30.0000 2655.3987   28.0711
    0.0000   -7.5000   30.0000 2670.1729   28.0495
    7.5000   -7.5000   30.0000 2658.6743   27.8669
   -7.5000    0.0000   30.0000 2707.7881   26.1773
    0.0000    0.0000   30.0000 2743.5906   26.3027
    7.5000    0.0000   30.0000 2723.6287   26.1141
   -7.5000    7.5000   30.0000 2715.7402   24.7399
    0.0000    7.5000   30.0000 2780.0378   25.1280
    7.5000    7.5000   30.0000 2753.4380   24.8896
   -7.5000   15.0000   30.0000 2690.9573   23.6933
    0.0000   15.0000   30.0000 2689.0427   23.5313
    7.5000   15.0000   30.0000 2674.4382   23.4207
   -7.5000   22.5000   30.0000 2688.7820   23.0097
    0.0000   22.5000   30.0000 2669.4932   22.4784
    7.5000   22.5000   30.0000 2657.0024   22.5635
   -7.5000   30.0000   30.0000 2685.0911   23.1649
    0.0000   30.0000   30.0000 2695.1111   22.6998
    7.5000   30.0000   30.0000 2680.8591   22.7828
   -7.5000   37.5000   30.0000 2633.6890   23.6441
    0.0000   37.5000   30.0000 2653.5264   23.3269
    7.5000   37.5000   30.0000 2641.8418   23.3653
   -7.5000   45.0000   30.0000 2534.5571   24.3324
    0.0000   45.0000   30.0000 2557.8303   24.0308
    7.5000   45.0000   30.0000 2545.1873   24.1062
   -7.5000   52.5000   30.0000 2394.7109   25.0759
    0.0000   52.5000   30.0000 2416.5830   24.7393
    7.5000   52.5000   30.0000 2411.4648   24.8510
   -7.5000   60.0000   30.0000 2226.5032   25.6956
    0.0000   60.0000   30.0000 2253.5203   25.3812
    7.5000   60.0000   30.0000 2248.6484   25.4575
   -7.5000  -30.0000   37.5000 2365.9487   38.9646
    0.0000  -30.0000   37.5000 2358.5200   38.4392
    7.5000  -30.0000   37.5000 2360.9932   38.3417
   -7.5000  -22.5000   37.5000 2459.3245   34.5061
    0.0000  -22.5000   37.5000 2455.5867   34.2007
    7.5000  -22.5000   37.5000 2453.9854   34.0898
   -7.5000  -15.0000   37.5000 2539.3433   30.9361
    0.0000  -15.0000   37.5000 2532.5364   30.6617
    7.5000  -15.0000   37.5000 2534.2654   30.5676
   -7.5000   -7.5000   37.5000 2614.5400   28.3676
    0.0000   -7.5000   37.5000 2622.6372   28.1278
    7.5000   -7.5000   37.5000 2612.9519   28.0395
   -7.5000    0.0000   37.5000 2660.3813   26.4409
    0.0000    0.0000   37.5000 2697.8892   26.4456
    7.5000    0.0000   37.5000 2682.1318   26.2835
   -7.5000    7.5000   37.5000 2674.6802   25.0485
    0.0000    7.5000   37.5000 2683.1877   24.8435
    7.5000    7.5000   37.5000 2667.8110   24.6549
   -7.5000   15.0000   37.5000 2667.5574   24.0881
    0.0000   15.0000   37.5000 2652.8291   23.4850
    7.5000   15.0000   37.5000 2636.3513   23.4333
   -7.5000   22.5000   37.5000 2669.8989   23.5638
    0.0000   22.5000   37.5000 2670.6296   23.0709
    7.5000   22.5000   37.5000 2655.4280   23.1413
   -7.5000   30.0000   37.5000 2670.6262   23.8574
    0.0000   30.0000   37.5000 2689.3394   23.4380
    7.5000   30.0000   37.5000 2668.8171   23.5100
   -7.5000   37.5000   37.5000 2610.1296   24.4526
    0.0000   37.5000   37.5000 2628.9390   24.1220
    7.5000   37.5000   37.5000 2616.3696   24.1544
   -7.5000   45.0000   37.5000 2505.7002   25.2150
    0.0000   45.0000   37.5000 2519.6694   24.8675
    7.5000   45.0000   37.5000 2510.1150   24.9285
   -7.5000   52.5000   37.5000 2359.7288   25.9481
    0.0000   52.5000   37.5000 2376.2942   25.5701
    7.5000   52.5000   37.5000 2370.0759   25.6059
   -7.5000   60.0000   37.5000 2185.7097   26.4903
    0.0000   60.0000   37.5000 2206.7759   26.1351
    7.5000   60.0000   37.5000 2204.6814   26.1582
   -7.5000  -30.0000   45.0000 2282.3203   39.3829
    0.0000  -30.0000   45.0000 2266.8042   38.5076
    7.5000  -30.0000   45.0000 2282.8923   38.7061
   -7.5000  -22.5000   45.0000 2386.8115   34.9648
    0.0000  -22.5000   45.0000 2359.6519   34.1890
    7.5000  -22.5000   45.0000 2379.5278   34.3599
   -7.5000  -15.0000   45.0000 2475.7908   31.4393
    0.0000  -15.0000   45.0000 2453.0979   30.8330
    7.5000  -15.0000   45.0000 2465.0923   30.8677
   -7.5000   -7.5000   45.0000 2535.9526   28.7536
    0.0000   -7.5000   45.0000 2536.8958   28.3293
    7.5000   -7.5000   45.0000 2543.0012   28.3614
   -7.5000    0.0000   45.0000 2582.0022   26.8352
    0.0000    0.0000   45.0000 2591.0168   26.4736
    7.5000    0.0000   45.0000 2580.0862   26.4369
   -7.5000    7.5000   45.0000 2601.7717   25.5615
    0.0000    7.5000   45.0000 2588.7136   24.8675
    7.5000    7.5000   45.0000 2581.2122   24.8359
   -7.5000   15.0000   45.0000 2601.4915   24.5843
    0.0000   15.0000   45.0000 2605.1946   23.8994
    7.5000   15.0000   45.0000 2591.6248   23.9554
   -7.5000   22.5000   45.0000 2608.3215   24.2665
    0.0000   22.5000   45.0000 2624.5688   23.7645
    7.5000   22.5000   45.0000 2610.1416   23.8806
   -7.5000   30.0000   45.0000 2601.7820   24.6886
    0.0000   30.0000   45.0000 2625.1975   24.2207
    7.5000   30.0000   45.0000 2611.0608   24.2517
   -7.5000   37.5000   45.0000 2537.7959   25.3478
    0.0000   37.5000   45.0000 2552.0059   24.8938
    7.5000   37.5000   45.0000 2549.8770   24.8953
   -7.5000   45.0000   45.0000 2434.8435   26.1249
    0.0000   45.0000   45.0000 2443.6592   25.6265
    7.5000   45.0000   45.0000 2441.1050   25.6753
   -7.5000   52.5000   45.0000 2287.1279   26.7430
    0.0000   52.5000   45.0000 2303.8123   26.2685
    7.5000   52.5000   45.0000 2302.7866   26.3771
   -7.5000   60.0000   45.0000 2109.8232   27.2417
    0.0000   60.0000   45.0000 2123.2021   26.8041
    7.5000   60.0000   45.0000 2123.3179   26.9418
   -7.5000  -30.0000   52.5000 2174.7759   39.5571
    0.0000  -30.0000   52.5000 2157.4192   38.4302
    7.5000  -30.0000   52.5000 2177.1350   38.9325
   -7.5000  -22.5000   52.5000 2273.0347   35.0900
    0.0000  -22.5000   52.5000 2257.9304   34.1978
    7.5000  -22.5000   52.5000 2274.3787   34.5291
   -7.5000  -15.0000   52.5000 2359.1541   31.6103
    0.0000  -15.0000   52.5000 2353.9277   30.9487
    7.5000  -15.0000   52.5000 2363.8433   31.1249
   -7.5000   -7.5000   52.5000 2434.1270   29.1089
    0.0000   -7.5000   52.5000 2431.4836   28.5390
    7.5000   -7.5000   52.5000 2428.2039   28.5743
   -7.5000    0.0000   52.5000 2463.9092   27.2755
    0.0000    0.0000   52.5000 2463.2200   26.6205
    7.5000    0.0000   52.5000 2463.6348   26.6878
   -7.5000    7.5000   52.5000 2493.8638   26.0218
    0.0000    7.5000   52.5000 2486.9993   25.2091
    7.5000    7.5000   52.5000 2489.6853   25.2969
   -7.5000   15.0000   52.5000 2507.3477   25.1456
    0.0000   15.0000   52.5000 2519.7927   24.5024
    7.5000   15.0000   52.5000 2507.0374   24.6207
   -7.5000   22.5000   52.5000 2512.7581   24.9931
    0.0000   22.5000   52.5000 2533.6843   24.4413
    7.5000   22.5000   52.5000 2525.5818   24.5684
   -7.5000   30.0000   52.5000 2496.5903   25.3464
    0.0000   30.0000   52.5000 2521.6609   24.8143
    7.5000   30.0000   52.5000 2514.0193   24.9176
   -7.5000   37.5000   52.5000 2437.6377   25.9612
    0.0000   37.5000   52.5000 2450.5291   25.4254
    7.5000   37.5000   52.5000 2449.3059   25.5496
   -7.5000   45.0000   52.5000 2323.7354   26.6636
    0.0000   45.0000   52.5000 2348.9038   26.1164
    7.5000   45.0000   52.5000 2348.5154   26.2522
   -7.5000   52.5000   52.5000 2181.5100   27.3506
    0.0000   52.5000   52.5000 2206.3376   26.8706
    7.5000   52.5000   52.5000 2203.5291   26.9693
   -7.5000   60.0000   52.5000 2003.2407   27.8658
    0.0000   60.0000   52.5000 2020.4512   27.4086
    7.5000   60.0000   52.5000 2014.9637   27.5301

---------------------------------------------------------------------
imgreg_4dfp /opt/freesurfer/average/711-2C_as_mni_average_305 /opt/freesurfer/average/711-2B_as_mni_average_305_mask talsrcimg_g11 none talsrcimg_to_711-2C_as_mni_average_305_t4 1283
---------------------------------------------------------------------

freesurfer imgreg_4dfp.c
/opt/freesurfer/average/711-2C_as_mni_average_305.4dfp.img
       256       256       256         1
  1.000000  1.000000  1.000000
orientation T byte_order littleendian
Reading image: /opt/freesurfer/average/711-2C_as_mni_average_305.4dfp.img
dimensions:      256       256       256
mmppix:       1.0000   -1.0000   -1.0000
center:     128.0000 -129.0000 -129.0000
/opt/freesurfer/average/711-2B_as_mni_average_305_mask.4dfp.img
       256       256       256         1
  1.000000  1.000000  1.000000
orientation T byte_order littleendian
Reading mask: /opt/freesurfer/average/711-2B_as_mni_average_305_mask.4dfp.img (2306576 pixels)
talsrcimg_g11.4dfp.img
       320       320       320         1
  0.700000  0.700000  0.700000
orientation T byte_order littleendian
Reading image: talsrcimg_g11.4dfp.img
dimensions:      320       320       320
mmppix:       0.7000   -0.7000   -0.7000
center:     112.0000 -112.7000 -112.7000
rotation matrix determinant  1.000000
fimgreg.f
image alignment mode   1283 decimal      503 hex
parameters
    0.0000   15.0000    7.5000    0.0000    0.0000    0.0000
eta,q 0.94682 26.70160
niter,ni,del,rscale     5    3   12.0000    1.2000
parameter  3 -0.639676 -> -0.500000 qaram    1.1500
parameter  4  1.530859 ->  0.500000 qaram    1.1500
parameters
    0.5631   13.3378   10.9500   -3.4500    2.3141   -0.3094
eta,q 0.94926 26.74917
  0.0802  0.0595  0.0749  0.0504  0.0611  0.0540
  0.0676  0.0576  0.0671  0.0515  0.0575  0.0527
  0.0598  0.0560  0.0607  0.0527  0.0543  0.0516
  0.0567  0.0567  0.0559  0.0525  0.0520  0.0506
  0.0582  0.0574  0.0534  0.0536  0.0507  0.0508
  0.0634  0.0629  0.0523  0.0557  0.0508  0.0528
  0.0722  0.0736  0.0539  0.0574  0.0537  0.0555
niter,ni,del,rscale     6    3   12.0000    1.2000
parameter  4  0.567396 ->  0.500000 qaram    1.3225
parameters
    0.0215   14.6712    9.4532   -7.4175    1.6370    0.3356
eta,q 0.95436 27.05222
  0.0689  0.0682  0.0589  0.0493  0.0524  0.0523
  0.0571  0.0601  0.0514  0.0459  0.0490  0.0494
  0.0511  0.0547  0.0487  0.0464  0.0466  0.0470
  0.0507  0.0503  0.0483  0.0484  0.0457  0.0458
  0.0551  0.0479  0.0496  0.0517  0.0471  0.0457
  0.0634  0.0506  0.0608  0.0535  0.0512  0.0471
  0.0754  0.0584  0.0879  0.0549  0.0572  0.0505
niter,ni,del,rscale     6    3   12.0000    1.2000
parameters
    0.2047   15.4288    9.3036   -6.6608    1.4596    0.6780
eta,q 0.95488 26.99103
  0.0708  0.0706  0.0623  0.0587  0.0532  0.0510
  0.0562  0.0595  0.0524  0.0535  0.0496  0.0481
  0.0481  0.0503  0.0465  0.0477  0.0467  0.0462
  0.0456  0.0457  0.0450  0.0450  0.0451  0.0452
  0.0483  0.0450  0.0456  0.0469  0.0458  0.0451
  0.0556  0.0499  0.0487  0.0508  0.0494  0.0468
  0.0667  0.0623  0.0679  0.0543  0.0552  0.0503
niter,ni,del,rscale     5    3   12.0000    1.2000
parameters
    0.3132   15.2888    9.3361   -6.2889    1.3542    0.6841
eta,q 0.95449 26.98932
  0.0704  0.0655  0.0636  0.0578  0.0535  0.0507
  0.0561  0.0548  0.0527  0.0522  0.0498  0.0480
  0.0477  0.0479  0.0466  0.0467  0.0471  0.0463
  0.0451  0.0452  0.0452  0.0452  0.0455  0.0455
  0.0484  0.0465  0.0459  0.0478  0.0460  0.0456
  0.0561  0.0552  0.0484  0.0522  0.0494  0.0475
  0.0675  0.0689  0.0660  0.0544  0.0551  0.0513
niter,ni,del,rscale     4    3   12.0000    1.2000
parameters
    0.3134   15.2047    9.3109   -6.1155    1.3398    0.6607
eta,q 0.95431 26.99344
  0.0694  0.0656  0.0635  0.0574  0.0538  0.0508
  0.0556  0.0553  0.0525  0.0515  0.0500  0.0481
  0.0477  0.0483  0.0466  0.0463  0.0473  0.0465
  0.0455  0.0455  0.0456  0.0456  0.0457  0.0457
  0.0490  0.0467  0.0463  0.0483  0.0460  0.0457
  0.0567  0.0551  0.0488  0.0527  0.0492  0.0477
  0.0682  0.0681  0.0665  0.0545  0.0548  0.0515
niter,ni,del,rscale     3    3   12.0000    1.2000
parameters
    0.2999   15.1549    9.3126   -6.0369    1.3473    0.6374
eta,q 0.95422 26.99567
  0.0692  0.0656  0.0638  0.0571  0.0539  0.0509
  0.0556  0.0555  0.0525  0.0512  0.0501  0.0482
  0.0478  0.0485  0.0467  0.0461  0.0474  0.0466
  0.0457  0.0457  0.0457  0.0457  0.0458  0.0458
  0.0492  0.0467  0.0464  0.0485  0.0461  0.0458
  0.0568  0.0550  0.0489  0.0530  0.0492  0.0478
  0.0683  0.0677  0.0662  0.0545  0.0548  0.0516
registration optimization eta report
parameter search radius
    6.0000    6.0000    6.9000    7.9350    6.0000    6.0000
100000*second partial in parameter space
       64.       59.       42.       16.       24.       16.
  0.0692  0.0656  0.0638  0.0571  0.0539  0.0509
  0.0556  0.0555  0.0525  0.0512  0.0501  0.0482
  0.0478  0.0485  0.0467  0.0461  0.0474  0.0466
  0.0457  0.0457  0.0457  0.0457  0.0458  0.0458
  0.0492  0.0467  0.0464  0.0485  0.0461  0.0458
  0.0568  0.0550  0.0489  0.0530  0.0492  0.0478
  0.0683  0.0677  0.0662  0.0545  0.0548  0.0516
    0.2999   15.1549    9.3126   -6.0369    1.3473    0.6374
eta,q 0.95422 26.99567

---------------------------------------------------------------------
imgreg_4dfp /opt/freesurfer/average/711-2C_as_mni_average_305 /opt/freesurfer/average/711-2B_as_mni_average_305_mask talsrcimg_g11 none talsrcimg_to_711-2C_as_mni_average_305_t4 3335
---------------------------------------------------------------------

freesurfer imgreg_4dfp.c
/opt/freesurfer/average/711-2C_as_mni_average_305.4dfp.img
       256       256       256         1
  1.000000  1.000000  1.000000
orientation T byte_order littleendian
Reading image: /opt/freesurfer/average/711-2C_as_mni_average_305.4dfp.img
dimensions:      256       256       256
mmppix:       1.0000   -1.0000   -1.0000
center:     128.0000 -129.0000 -129.0000
/opt/freesurfer/average/711-2B_as_mni_average_305_mask.4dfp.img
       256       256       256         1
  1.000000  1.000000  1.000000
orientation T byte_order littleendian
Reading mask: /opt/freesurfer/average/711-2B_as_mni_average_305_mask.4dfp.img (2306576 pixels)
talsrcimg_g11.4dfp.img
       320       320       320         1
  0.700000  0.700000  0.700000
orientation T byte_order littleendian
Reading image: talsrcimg_g11.4dfp.img
dimensions:      320       320       320
mmppix:       0.7000   -0.7000   -0.7000
center:     112.0000 -112.7000 -112.7000
fimgreg.f
image alignment mode   3335 decimal      D07 hex
parameters
    0.2999   15.1549    9.3126   -0.0338   -0.5580   -0.5820
   -0.8590   -2.4550    1.1121   10.4902    2.3512  -10.5139
eta,q 0.95517 26.96259
niter,ni,del,rscale     5    3    5.0000    1.2000
parameter  5  0.529611 ->  0.500000 qaram    1.1500
parameter 12 -0.518714 -> -0.500000 qaram    1.1500
parameters
    0.5588   16.3181    9.8889   -2.4520   -4.6980   -2.3454
   -0.4160   -1.6323    0.6104   10.9092    4.8473   -6.3739
eta,q 0.95733 26.45466
  0.0498  0.0510  0.0465  0.0457  0.0421  0.0450  0.0449  0.0475  0.0441  0.0455  0.0436  0.0440
  0.0473  0.0485  0.0453  0.0447  0.0424  0.0438  0.0438  0.0448  0.0433  0.0441  0.0432  0.0434
  0.0456  0.0464  0.0445  0.0436  0.0428  0.0431  0.0432  0.0433  0.0430  0.0432  0.0430  0.0430
  0.0448  0.0448  0.0439  0.0437  0.0437  0.0425  0.0429  0.0429  0.0429  0.0429  0.0428  0.0428
  0.0450  0.0439  0.0436  0.0457  0.0472  0.0427  0.0429  0.0431  0.0430  0.0429  0.0428  0.0427
  0.0460  0.0440  0.0439  0.0506  0.0544  0.0466  0.0434  0.0440  0.0435  0.0436  0.0428  0.0427
  0.0481  0.0451  0.0449  0.0587  0.0652  0.0560  0.0446  0.0455  0.0446  0.0450  0.0430  0.0427
niter,ni,del,rscale     6    3    5.0000    1.2000
parameter  2 -0.539203 -> -0.500000 qaram    1.1500
parameters
    1.0532   17.6981   10.7388   -2.2305   -7.5325   -3.7540
   -0.5327   -2.0395   -0.1230   11.3451    3.5158   -4.9633
eta,q 0.95804 26.06921
  0.0460  0.0459  0.0443  0.0453  0.0426  0.0454  0.0436  0.0451  0.0429  0.0439  0.0422  0.0428
  0.0445  0.0443  0.0434  0.0441  0.0419  0.0438  0.0427  0.0433  0.0424  0.0431  0.0421  0.0424
  0.0434  0.0432  0.0426  0.0429  0.0417  0.0425  0.0422  0.0423  0.0421  0.0425  0.0420  0.0421
  0.0427  0.0425  0.0420  0.0416  0.0415  0.0417  0.0420  0.0420  0.0420  0.0420  0.0420  0.0420
  0.0425  0.0421  0.0416  0.0413  0.0424  0.0425  0.0422  0.0426  0.0423  0.0420  0.0420  0.0419
  0.0430  0.0420  0.0417  0.0425  0.0479  0.0460  0.0427  0.0439  0.0427  0.0425  0.0422  0.0420
  0.0442  0.0423  0.0426  0.0461  0.0594  0.0531  0.0437  0.0458  0.0433  0.0438  0.0426  0.0424
niter,ni,del,rscale     6    3    5.0000    1.2000
parameters
    1.0934   17.7959   11.1807   -2.0162   -8.8472   -4.6739
   -0.4166   -1.9898    0.1840   10.9461    3.1415   -3.1581
eta,q 0.95774 25.89251
  0.0445  0.0439  0.0437  0.0452  0.0439  0.0462  0.0439  0.0458  0.0432  0.0437  0.0425  0.0429
  0.0432  0.0427  0.0430  0.0441  0.0428  0.0446  0.0430  0.0437  0.0428  0.0430  0.0424  0.0426
  0.0423  0.0421  0.0424  0.0430  0.0421  0.0431  0.0425  0.0426  0.0424  0.0425  0.0423  0.0424
  0.0420  0.0420  0.0420  0.0418  0.0418  0.0419  0.0423  0.0423  0.0423  0.0423  0.0423  0.0423
  0.0422  0.0423  0.0418  0.0415  0.0415  0.0423  0.0424  0.0426  0.0424  0.0424  0.0423  0.0423
  0.0430  0.0428  0.0421  0.0426  0.0427  0.0453  0.0429  0.0438  0.0427  0.0429  0.0424  0.0423
  0.0444  0.0435  0.0430  0.0460  0.0493  0.0514  0.0438  0.0456  0.0431  0.0443  0.0426  0.0426
niter,ni,del,rscale     5    3    5.0000    1.2000
parameters
    1.1089   18.0401   11.4370   -2.0140   -9.3493   -5.4060
   -0.6143   -2.0139    0.0320   10.7055    3.5263   -1.6659
eta,q 0.95742 25.77773
  0.0447  0.0441  0.0437  0.0454  0.0445  0.0467  0.0441  0.0458  0.0433  0.0439  0.0428  0.0432
  0.0434  0.0430  0.0431  0.0444  0.0434  0.0451  0.0432  0.0439  0.0429  0.0433  0.0427  0.0429
  0.0426  0.0424  0.0426  0.0433  0.0427  0.0436  0.0428  0.0429  0.0427  0.0428  0.0427  0.0428
  0.0423  0.0423  0.0423  0.0422  0.0422  0.0423  0.0426  0.0426  0.0426  0.0426  0.0426  0.0426
  0.0425  0.0425  0.0422  0.0420  0.0418  0.0424  0.0428  0.0430  0.0427  0.0427  0.0426  0.0425
  0.0433  0.0428  0.0425  0.0432  0.0422  0.0453  0.0433  0.0441  0.0430  0.0431  0.0426  0.0426
  0.0448  0.0433  0.0434  0.0466  0.0471  0.0511  0.0442  0.0458  0.0434  0.0444  0.0428  0.0430
niter,ni,del,rscale     4    3    5.0000    1.2000
parameters
    1.1255   18.2766   11.6239   -2.0575  -10.0036   -6.0329
   -0.7254   -2.1176   -0.4926   10.5516    4.5243   -0.6613
eta,q 0.95711 25.65625
  0.0450  0.0441  0.0439  0.0457  0.0448  0.0470  0.0445  0.0459  0.0435  0.0442  0.0431  0.0435
  0.0437  0.0432  0.0433  0.0447  0.0437  0.0455  0.0436  0.0442  0.0431  0.0436  0.0430  0.0433
  0.0429  0.0427  0.0429  0.0436  0.0430  0.0440  0.0431  0.0432  0.0430  0.0431  0.0430  0.0431
  0.0426  0.0426  0.0426  0.0426  0.0426  0.0427  0.0430  0.0430  0.0430  0.0430  0.0430  0.0429
  0.0428  0.0427  0.0425  0.0424  0.0421  0.0425  0.0432  0.0433  0.0431  0.0430  0.0429  0.0428
  0.0436  0.0430  0.0428  0.0436  0.0426  0.0453  0.0437  0.0444  0.0433  0.0433  0.0429  0.0429
  0.0450  0.0435  0.0438  0.0469  0.0478  0.0511  0.0445  0.0460  0.0437  0.0446  0.0431  0.0434
niter,ni,del,rscale     3    3    5.0000    1.2000
parameters
    1.1219   18.5619   11.7575   -2.0915  -10.6699   -6.5670
   -0.7383   -2.2455   -1.2729   10.6746    5.6479   -0.0074
eta,q 0.95686 25.54559
  0.0452  0.0443  0.0440  0.0460  0.0451  0.0473  0.0448  0.0460  0.0437  0.0445  0.0435  0.0438
  0.0440  0.0434  0.0436  0.0450  0.0440  0.0458  0.0439  0.0444  0.0433  0.0438  0.0433  0.0436
  0.0432  0.0430  0.0432  0.0438  0.0433  0.0443  0.0434  0.0435  0.0432  0.0434  0.0433  0.0433
  0.0429  0.0429  0.0429  0.0429  0.0429  0.0430  0.0432  0.0432  0.0432  0.0432  0.0432  0.0432
  0.0431  0.0430  0.0428  0.0427  0.0425  0.0427  0.0434  0.0435  0.0433  0.0432  0.0431  0.0430
  0.0439  0.0432  0.0431  0.0439  0.0430  0.0453  0.0440  0.0445  0.0436  0.0435  0.0432  0.0431
  0.0453  0.0437  0.0441  0.0472  0.0480  0.0510  0.0447  0.0462  0.0439  0.0447  0.0434  0.0439
niter,ni,del,rscale     2    3    5.0000    1.2000
parameters
    1.0981   18.8499   11.7986   -2.1090  -11.3303   -7.0074
   -0.6186   -2.3478   -1.8955   10.9864    6.1516    0.4200
eta,q 0.95664 25.45610
  0.0454  0.0444  0.0442  0.0462  0.0454  0.0475  0.0451  0.0460  0.0440  0.0448  0.0437  0.0441
  0.0442  0.0437  0.0438  0.0452  0.0443  0.0460  0.0441  0.0446  0.0436  0.0441  0.0436  0.0438
  0.0434  0.0433  0.0434  0.0441  0.0435  0.0446  0.0436  0.0437  0.0434  0.0436  0.0435  0.0436
  0.0431  0.0431  0.0431  0.0431  0.0431  0.0432  0.0434  0.0434  0.0434  0.0434  0.0434  0.0434
  0.0434  0.0432  0.0431  0.0430  0.0428  0.0428  0.0436  0.0437  0.0436  0.0433  0.0434  0.0432
  0.0442  0.0434  0.0434  0.0442  0.0434  0.0452  0.0441  0.0446  0.0438  0.0436  0.0434  0.0434
  0.0456  0.0439  0.0444  0.0473  0.0482  0.0509  0.0449  0.0462  0.0441  0.0448  0.0437  0.0443
niter,ni,del,rscale     1    3    5.0000    1.2000
parameters
    1.0824   19.1460   11.8173   -2.1203  -12.0057   -7.3893
   -0.4746   -2.3734   -2.0115   11.3504    6.0270    0.7378
eta,q 0.95641 25.37366
  0.0456  0.0446  0.0444  0.0464  0.0457  0.0477  0.0453  0.0461  0.0443  0.0450  0.0439  0.0444
  0.0444  0.0439  0.0440  0.0454  0.0445  0.0462  0.0443  0.0447  0.0438  0.0443  0.0438  0.0441
  0.0436  0.0435  0.0436  0.0443  0.0438  0.0448  0.0438  0.0439  0.0437  0.0439  0.0437  0.0438
  0.0434  0.0434  0.0434  0.0434  0.0434  0.0434  0.0436  0.0436  0.0436  0.0436  0.0436  0.0436
  0.0436  0.0434  0.0433  0.0432  0.0431  0.0429  0.0438  0.0439  0.0437  0.0435  0.0436  0.0435
  0.0444  0.0436  0.0436  0.0444  0.0438  0.0453  0.0443  0.0447  0.0439  0.0438  0.0437  0.0436
  0.0457  0.0441  0.0446  0.0475  0.0484  0.0509  0.0451  0.0462  0.0443  0.0450  0.0440  0.0446
registration optimization eta report
parameter search radius
    2.4000    2.7600    2.4000    7.2000    8.2800    7.2000
    7.2000    7.2000    7.2000    7.2000    7.2000    8.2800
100000*second partial in parameter space
       40.       14.       20.        7.        6.       12.
        3.        5.        1.        3.        1.        1.
  0.0456  0.0446  0.0444  0.0464  0.0457  0.0477  0.0453  0.0461  0.0443  0.0450  0.0439  0.0444
  0.0444  0.0439  0.0440  0.0454  0.0445  0.0462  0.0443  0.0447  0.0438  0.0443  0.0438  0.0441
  0.0436  0.0435  0.0436  0.0443  0.0438  0.0448  0.0438  0.0439  0.0437  0.0439  0.0437  0.0438
  0.0434  0.0434  0.0434  0.0434  0.0434  0.0434  0.0436  0.0436  0.0436  0.0436  0.0436  0.0436
  0.0436  0.0434  0.0433  0.0432  0.0431  0.0429  0.0438  0.0439  0.0437  0.0435  0.0436  0.0435
  0.0444  0.0436  0.0436  0.0444  0.0438  0.0453  0.0443  0.0447  0.0439  0.0438  0.0437  0.0436
  0.0457  0.0441  0.0446  0.0475  0.0484  0.0509  0.0451  0.0462  0.0443  0.0450  0.0440  0.0446
    1.0824   19.1460   11.8173   -2.1203  -12.0057   -7.3893
   -0.4746   -2.3734   -2.0115   11.3504    6.0270    0.7378
eta,q 0.95641 25.37366

---------------------------------------------------------------------
imgreg_4dfp /opt/freesurfer/average/711-2C_as_mni_average_305 /opt/freesurfer/average/711-2B_as_mni_average_305_mask talsrcimg_g11 none talsrcimg_to_711-2C_as_mni_average_305_t4 2311
---------------------------------------------------------------------

freesurfer imgreg_4dfp.c
/opt/freesurfer/average/711-2C_as_mni_average_305.4dfp.img
       256       256       256         1
  1.000000  1.000000  1.000000
orientation T byte_order littleendian
Reading image: /opt/freesurfer/average/711-2C_as_mni_average_305.4dfp.img
dimensions:      256       256       256
mmppix:       1.0000   -1.0000   -1.0000
center:     128.0000 -129.0000 -129.0000
/opt/freesurfer/average/711-2B_as_mni_average_305_mask.4dfp.img
       256       256       256         1
  1.000000  1.000000  1.000000
orientation T byte_order littleendian
Reading mask: /opt/freesurfer/average/711-2B_as_mni_average_305_mask.4dfp.img (2306576 pixels)
talsrcimg_g11.4dfp.img
       320       320       320         1
  0.700000  0.700000  0.700000
orientation T byte_order littleendian
Reading image: talsrcimg_g11.4dfp.img
dimensions:      320       320       320
mmppix:       0.7000   -0.7000   -0.7000
center:     112.0000 -112.7000 -112.7000
fimgreg.f
image alignment mode   2311 decimal      907 hex
parameters
    1.0824   19.1460   11.8173   -2.1203  -12.0057   -7.3893
   -0.4746   -2.3734   -2.0115   11.3504    6.0270    0.7378
eta,q 0.95641 25.37366
niter,ni,del,rscale     5    3    5.0000    0.8000
parameters
    1.1023   19.5783   12.1673   -1.2096  -11.2340   -7.2522
   -0.2968   -2.0163   -2.3227   10.8810    5.2000    1.1571
eta,q 0.95679 25.42993
  0.0446  0.0440  0.0441  0.0456  0.0443  0.0462  0.0442  0.0448  0.0435  0.0439  0.0434  0.0438
  0.0441  0.0438  0.0439  0.0448  0.0439  0.0452  0.0436  0.0439  0.0433  0.0436  0.0433  0.0436
  0.0437  0.0437  0.0437  0.0441  0.0436  0.0442  0.0433  0.0434  0.0432  0.0434  0.0433  0.0434
  0.0436  0.0436  0.0436  0.0435  0.0433  0.0433  0.0432  0.0432  0.0432  0.0432  0.0432  0.0432
  0.0437  0.0436  0.0435  0.0433  0.0432  0.0430  0.0433  0.0433  0.0433  0.0432  0.0433  0.0432
  0.0440  0.0436  0.0436  0.0437  0.0433  0.0440  0.0436  0.0436  0.0434  0.0436  0.0434  0.0433
  0.0446  0.0437  0.0439  0.0447  0.0440  0.0469  0.0440  0.0444  0.0435  0.0446  0.0437  0.0437
niter,ni,del,rscale     4    3    5.0000    0.7000
parameters
    1.0232   19.1139   12.2199   -1.0572  -10.0775   -6.8559
    0.1551   -1.8903   -2.2878   10.1663    5.1175    1.1779
eta,q 0.95710 25.55890
  0.0440  0.0433  0.0436  0.0447  0.0440  0.0457  0.0439  0.0441  0.0432  0.0434  0.0431  0.0433
  0.0435  0.0432  0.0434  0.0441  0.0436  0.0448  0.0433  0.0434  0.0430  0.0431  0.0430  0.0432
  0.0433  0.0432  0.0433  0.0435  0.0434  0.0439  0.0430  0.0430  0.0429  0.0430  0.0429  0.0430
  0.0432  0.0432  0.0432  0.0432  0.0432  0.0431  0.0429  0.0429  0.0429  0.0429  0.0429  0.0429
  0.0433  0.0433  0.0432  0.0432  0.0430  0.0427  0.0429  0.0430  0.0429  0.0430  0.0429  0.0429
  0.0437  0.0435  0.0433  0.0437  0.0430  0.0434  0.0432  0.0433  0.0430  0.0434  0.0430  0.0430
  0.0442  0.0438  0.0436  0.0447  0.0435  0.0455  0.0435  0.0439  0.0431  0.0442  0.0432  0.0434
niter,ni,del,rscale     3    3    5.0000    0.6000
parameter  5 -0.581591 -> -0.500000 qaram    1.1500
parameters
    0.9422   18.5474   12.3392   -0.9071   -8.0075   -6.5305
    0.8170   -1.8256   -1.5512    9.5245    4.2636    0.7235
eta,q 0.95750 25.76736
  0.0435  0.0429  0.0432  0.0441  0.0435  0.0449  0.0436  0.0434  0.0430  0.0430  0.0426  0.0428
  0.0431  0.0429  0.0431  0.0435  0.0432  0.0440  0.0430  0.0429  0.0427  0.0427  0.0425  0.0427
  0.0429  0.0429  0.0429  0.0431  0.0430  0.0432  0.0426  0.0426  0.0426  0.0425  0.0425  0.0425
  0.0429  0.0429  0.0429  0.0428  0.0428  0.0426  0.0425  0.0425  0.0425  0.0425  0.0425  0.0425
  0.0430  0.0430  0.0428  0.0429  0.0427  0.0424  0.0425  0.0426  0.0425  0.0426  0.0425  0.0425
  0.0433  0.0432  0.0429  0.0432  0.0426  0.0430  0.0427  0.0429  0.0426  0.0430  0.0426  0.0427
  0.0437  0.0434  0.0432  0.0440  0.0428  0.0446  0.0430  0.0434  0.0427  0.0437  0.0428  0.0431
niter,ni,del,rscale     3    3    5.0000    0.6000
parameters
    0.9015   17.9961   12.4124   -0.8756   -7.6493   -5.8099
    0.4483   -1.7591   -0.8685    9.2476    3.5416    0.0866
eta,q 0.95788 25.84444
  0.0432  0.0425  0.0428  0.0437  0.0431  0.0447  0.0426  0.0431  0.0426  0.0427  0.0422  0.0423
  0.0428  0.0424  0.0427  0.0431  0.0429  0.0438  0.0423  0.0425  0.0423  0.0424  0.0422  0.0422
  0.0426  0.0424  0.0425  0.0427  0.0427  0.0430  0.0421  0.0422  0.0422  0.0422  0.0421  0.0421
  0.0425  0.0425  0.0424  0.0424  0.0424  0.0424  0.0421  0.0421  0.0421  0.0421  0.0421  0.0421
  0.0426  0.0426  0.0424  0.0425  0.0422  0.0421  0.0422  0.0422  0.0421  0.0422  0.0422  0.0422
  0.0429  0.0429  0.0425  0.0429  0.0423  0.0424  0.0425  0.0425  0.0422  0.0425  0.0423  0.0424
  0.0433  0.0432  0.0428  0.0438  0.0432  0.0437  0.0428  0.0430  0.0423  0.0431  0.0424  0.0427
niter,ni,del,rscale     2    3    5.0000    0.5000
parameters
    0.9438   17.7702   12.3157   -0.7363   -6.4334   -5.3805
    0.5177   -1.5829   -0.4138    9.4475    3.1538   -0.7100
eta,q 0.95820 25.97756
  0.0427  0.0422  0.0424  0.0431  0.0427  0.0437  0.0424  0.0426  0.0422  0.0424  0.0419  0.0419
  0.0424  0.0422  0.0422  0.0426  0.0425  0.0430  0.0421  0.0422  0.0420  0.0422  0.0419  0.0419
  0.0422  0.0421  0.0421  0.0423  0.0423  0.0424  0.0419  0.0419  0.0419  0.0420  0.0418  0.0418
  0.0421  0.0421  0.0421  0.0421  0.0421  0.0419  0.0418  0.0418  0.0418  0.0418  0.0418  0.0418
  0.0422  0.0422  0.0421  0.0421  0.0419  0.0418  0.0419  0.0419  0.0418  0.0418  0.0418  0.0419
  0.0423  0.0423  0.0423  0.0424  0.0419  0.0421  0.0420  0.0421  0.0419  0.0420  0.0419  0.0421
  0.0426  0.0425  0.0425  0.0430  0.0423  0.0431  0.0423  0.0425  0.0420  0.0424  0.0420  0.0424
niter,ni,del,rscale     1    3    5.0000    0.4000
parameters
    0.9550   17.5671   12.1539   -0.6127   -5.9495   -4.7832
    0.3855   -1.4939   -0.1517    9.7936    3.0325   -1.6113
eta,q 0.95847 26.06801
  0.0422  0.0419  0.0419  0.0425  0.0422  0.0430  0.0419  0.0421  0.0418  0.0420  0.0417  0.0416
  0.0420  0.0418  0.0418  0.0421  0.0421  0.0425  0.0417  0.0418  0.0417  0.0419  0.0416  0.0416
  0.0418  0.0418  0.0418  0.0419  0.0419  0.0421  0.0416  0.0416  0.0416  0.0417  0.0416  0.0415
  0.0418  0.0418  0.0418  0.0418  0.0418  0.0417  0.0416  0.0416  0.0416  0.0416  0.0416  0.0416
  0.0418  0.0419  0.0418  0.0418  0.0417  0.0416  0.0416  0.0416  0.0416  0.0416  0.0416  0.0416
  0.0420  0.0420  0.0419  0.0420  0.0417  0.0417  0.0418  0.0418  0.0416  0.0416  0.0416  0.0418
  0.0422  0.0421  0.0421  0.0424  0.0421  0.0423  0.0419  0.0420  0.0417  0.0419  0.0417  0.0420
registration optimization eta report
parameter search radius
    0.8000    0.8000    0.8000    2.4000    2.7600    2.4000
    2.4000    2.4000    2.4000    2.4000    2.4000    2.4000
100000*second partial in parameter space
       59.       33.       37.       11.        5.       16.
        6.        8.        3.        7.        2.        4.
  0.0422  0.0419  0.0419  0.0425  0.0422  0.0430  0.0419  0.0421  0.0418  0.0420  0.0417  0.0416
  0.0420  0.0418  0.0418  0.0421  0.0421  0.0425  0.0417  0.0418  0.0417  0.0419  0.0416  0.0416
  0.0418  0.0418  0.0418  0.0419  0.0419  0.0421  0.0416  0.0416  0.0416  0.0417  0.0416  0.0415
  0.0418  0.0418  0.0418  0.0418  0.0418  0.0417  0.0416  0.0416  0.0416  0.0416  0.0416  0.0416
  0.0418  0.0419  0.0418  0.0418  0.0417  0.0416  0.0416  0.0416  0.0416  0.0416  0.0416  0.0416
  0.0420  0.0420  0.0419  0.0420  0.0417  0.0417  0.0418  0.0418  0.0416  0.0416  0.0416  0.0418
  0.0422  0.0421  0.0421  0.0424  0.0421  0.0423  0.0419  0.0420  0.0417  0.0419  0.0417  0.0420
    0.9550   17.5671   12.1539   -0.6127   -5.9495   -4.7832
    0.3855   -1.4939   -0.1517    9.7936    3.0325   -1.6113
eta,q 0.95847 26.06801

---------------------------------------------------------------------
imgreg_4dfp /opt/freesurfer/average/711-2C_as_mni_average_305 /opt/freesurfer/average/711-2B_as_mni_average_305_mask talsrcimg_g11 none talsrcimg_to_711-2C_as_mni_average_305_t4 2311
---------------------------------------------------------------------

freesurfer imgreg_4dfp.c
/opt/freesurfer/average/711-2C_as_mni_average_305.4dfp.img
       256       256       256         1
  1.000000  1.000000  1.000000
orientation T byte_order littleendian
Reading image: /opt/freesurfer/average/711-2C_as_mni_average_305.4dfp.img
dimensions:      256       256       256
mmppix:       1.0000   -1.0000   -1.0000
center:     128.0000 -129.0000 -129.0000
/opt/freesurfer/average/711-2B_as_mni_average_305_mask.4dfp.img
       256       256       256         1
  1.000000  1.000000  1.000000
orientation T byte_order littleendian
Reading mask: /opt/freesurfer/average/711-2B_as_mni_average_305_mask.4dfp.img (2306576 pixels)
talsrcimg_g11.4dfp.img
       320       320       320         1
  0.700000  0.700000  0.700000
orientation T byte_order littleendian
Reading image: talsrcimg_g11.4dfp.img
dimensions:      320       320       320
mmppix:       0.7000   -0.7000   -0.7000
center:     112.0000 -112.7000 -112.7000
fimgreg.f
image alignment mode   2311 decimal      907 hex
parameters
    0.9550   17.5671   12.1539   -0.6127   -5.9495   -4.7832
    0.3855   -1.4939   -0.1517    9.7936    3.0325   -1.6113
eta,q 0.95847 26.06800
niter,ni,del,rscale     5    3    5.0000    0.8000
parameters
    0.9500   17.3381   11.7751   -1.0450   -6.7270   -4.8328
   -0.1273   -1.6927    0.0037   10.1738    3.2442   -1.7030
eta,q 0.95835 26.05288
  0.0431  0.0422  0.0420  0.0434  0.0424  0.0446  0.0424  0.0433  0.0423  0.0428  0.0420  0.0420
  0.0422  0.0418  0.0417  0.0426  0.0421  0.0435  0.0420  0.0424  0.0420  0.0424  0.0418  0.0418
  0.0417  0.0416  0.0416  0.0419  0.0418  0.0425  0.0418  0.0418  0.0418  0.0420  0.0417  0.0417
  0.0415  0.0415  0.0415  0.0415  0.0416  0.0417  0.0417  0.0417  0.0417  0.0417  0.0416  0.0416
  0.0417  0.0417  0.0418  0.0418  0.0415  0.0416  0.0419  0.0420  0.0418  0.0416  0.0416  0.0416
  0.0422  0.0421  0.0423  0.0428  0.0421  0.0428  0.0422  0.0426  0.0419  0.0419  0.0417  0.0418
  0.0431  0.0428  0.0432  0.0448  0.0443  0.0456  0.0428  0.0436  0.0422  0.0428  0.0419  0.0422
niter,ni,del,rscale     4    3    5.0000    0.7000
parameters
    1.0096   17.5876   11.7661   -0.8897   -6.6890   -4.8180
   -0.1192   -1.6513   -0.0547   10.3745    3.1357   -1.9166
eta,q 0.95842 26.05555
  0.0428  0.0424  0.0422  0.0434  0.0423  0.0441  0.0423  0.0430  0.0421  0.0425  0.0418  0.0419
  0.0422  0.0420  0.0419  0.0427  0.0421  0.0432  0.0419  0.0422  0.0418  0.0422  0.0417  0.0417
  0.0418  0.0418  0.0417  0.0420  0.0418  0.0423  0.0417  0.0417  0.0416  0.0419  0.0416  0.0416
  0.0416  0.0416  0.0416  0.0416  0.0416  0.0416  0.0416  0.0416  0.0416  0.0416  0.0416  0.0416
  0.0417  0.0416  0.0417  0.0416  0.0414  0.0415  0.0417  0.0417  0.0417  0.0415  0.0416  0.0416
  0.0420  0.0417  0.0419  0.0422  0.0416  0.0425  0.0419  0.0422  0.0418  0.0418  0.0417  0.0417
  0.0426  0.0420  0.0423  0.0434  0.0427  0.0448  0.0423  0.0430  0.0421  0.0426  0.0419  0.0421
niter,ni,del,rscale     3    3    5.0000    0.6000
parameters
    1.0056   17.5875   11.7635   -0.7118   -6.2376   -4.6816
    0.0511   -1.5670    0.0038   10.4925    3.0754   -2.2440
eta,q 0.95855 26.10354
  0.0424  0.0420  0.0420  0.0430  0.0422  0.0436  0.0421  0.0426  0.0419  0.0423  0.0416  0.0417
  0.0419  0.0418  0.0418  0.0424  0.0420  0.0428  0.0417  0.0419  0.0416  0.0420  0.0415  0.0416
  0.0417  0.0416  0.0417  0.0419  0.0418  0.0420  0.0415  0.0416  0.0415  0.0417  0.0415  0.0415
  0.0416  0.0416  0.0416  0.0416  0.0416  0.0415  0.0415  0.0415  0.0414  0.0415  0.0414  0.0414
  0.0417  0.0416  0.0416  0.0416  0.0414  0.0414  0.0415  0.0416  0.0415  0.0414  0.0414  0.0415
  0.0419  0.0418  0.0418  0.0420  0.0415  0.0421  0.0417  0.0419  0.0416  0.0417  0.0415  0.0416
  0.0424  0.0420  0.0421  0.0429  0.0421  0.0438  0.0420  0.0425  0.0418  0.0423  0.0417  0.0419
niter,ni,del,rscale     2    3    5.0000    0.5000
parameters
    0.9784   17.5503   11.7156   -0.5653   -5.8852   -4.4151
    0.1510   -1.5036    0.0417   10.6042    3.0950   -2.7256
eta,q 0.95868 26.15180
  0.0420  0.0417  0.0418  0.0425  0.0419  0.0431  0.0418  0.0421  0.0416  0.0420  0.0415  0.0415
  0.0417  0.0416  0.0416  0.0420  0.0418  0.0424  0.0415  0.0417  0.0415  0.0417  0.0414  0.0414
  0.0415  0.0415  0.0415  0.0416  0.0416  0.0418  0.0414  0.0414  0.0414  0.0415  0.0413  0.0413
  0.0414  0.0414  0.0414  0.0414  0.0414  0.0414  0.0413  0.0413  0.0413  0.0413  0.0413  0.0413
  0.0415  0.0415  0.0415  0.0415  0.0413  0.0413  0.0414  0.0414  0.0414  0.0413  0.0413  0.0414
  0.0417  0.0416  0.0416  0.0418  0.0414  0.0417  0.0415  0.0416  0.0415  0.0415  0.0414  0.0415
  0.0420  0.0418  0.0419  0.0424  0.0419  0.0428  0.0418  0.0421  0.0416  0.0420  0.0415  0.0417
niter,ni,del,rscale     1    3    5.0000    0.4000
parameters
    0.9502   17.5174   11.6174   -0.4503   -5.5431   -4.1015
    0.2003   -1.4661    0.0593   10.7509    3.0879   -3.2820
eta,q 0.95879 26.20481
  0.0417  0.0415  0.0415  0.0420  0.0417  0.0425  0.0415  0.0418  0.0414  0.0417  0.0413  0.0413
  0.0415  0.0414  0.0414  0.0417  0.0415  0.0420  0.0414  0.0415  0.0413  0.0415  0.0413  0.0412
  0.0414  0.0413  0.0413  0.0414  0.0414  0.0416  0.0413  0.0413  0.0412  0.0413  0.0412  0.0412
  0.0413  0.0413  0.0413  0.0413  0.0413  0.0413  0.0412  0.0412  0.0412  0.0412  0.0412  0.0412
  0.0414  0.0413  0.0414  0.0413  0.0413  0.0412  0.0412  0.0413  0.0412  0.0412  0.0412  0.0413
  0.0415  0.0414  0.0415  0.0416  0.0413  0.0415  0.0413  0.0414  0.0413  0.0414  0.0413  0.0413
  0.0417  0.0416  0.0416  0.0420  0.0416  0.0421  0.0415  0.0417  0.0414  0.0417  0.0413  0.0415
registration optimization eta report
parameter search radius
    0.8000    0.8000    0.8000    2.4000    2.4000    2.4000
    2.4000    2.4000    2.4000    2.4000    2.4000    2.4000
100000*second partial in parameter space
       60.       37.       40.       12.        5.       18.
        5.        9.        4.        8.        2.        3.
  0.0417  0.0415  0.0415  0.0420  0.0417  0.0425  0.0415  0.0418  0.0414  0.0417  0.0413  0.0413
  0.0415  0.0414  0.0414  0.0417  0.0415  0.0420  0.0414  0.0415  0.0413  0.0415  0.0413  0.0412
  0.0414  0.0413  0.0413  0.0414  0.0414  0.0416  0.0413  0.0413  0.0412  0.0413  0.0412  0.0412
  0.0413  0.0413  0.0413  0.0413  0.0413  0.0413  0.0412  0.0412  0.0412  0.0412  0.0412  0.0412
  0.0414  0.0413  0.0414  0.0413  0.0413  0.0412  0.0412  0.0413  0.0412  0.0412  0.0412  0.0413
  0.0415  0.0414  0.0415  0.0416  0.0413  0.0415  0.0413  0.0414  0.0413  0.0414  0.0413  0.0413
  0.0417  0.0416  0.0416  0.0420  0.0416  0.0421  0.0415  0.0417  0.0414  0.0417  0.0413  0.0415
    0.9502   17.5174   11.6174   -0.4503   -5.5431   -4.1015
    0.2003   -1.4661    0.0593   10.7509    3.0879   -3.2820
eta,q 0.95879 26.20481

---------------------------------------------------------------------
compute_vox2vox talsrcimg talsrcimg_to_711-2C_as_mni_average_305_t4 /opt/freesurfer/average/711-2C_as_mni_average_305
---------------------------------------------------------------------

freesurfer compute_vox2vox.c
Reading: talsrcimg.4dfp.ifh
Reading: talsrcimg_to_711-2C_as_mni_average_305_t4
Reading: /opt/freesurfer/average/711-2C_as_mni_average_305.4dfp.ifh
Writing: talsrcimg_to_711-2C_as_mni_average_305_t4_vox2vox.txt

start time Fri Mar 13 07:01:14 CET 2026
end		time Fri Mar 13 07:01:35 CET 2026

mpr2mni305 success

avi2talxfm orig_nu.mgz /opt/freesurfer/average/mni305.cor.mgz talsrcimg_to_711-2C_as_mni_average_305_t4_vox2vox.txt transforms/talairach.auto.xfm
avi2talxfm done
mv -f /out/sourcedata/freesurfer/sub-v2s5x29547_ses-1/mri/talsrcimg_to_711-2C_as_mni_average_305_t4_vox2vox.txt /out/sourcedata/freesurfer/sub-v2s5x29547_ses-1/mri/transforms/talsrcimg_to_711-2C_as_mni_average_305_t4_vox2vox.txt
lta_convert --src orig_nu.mgz --trg /opt/freesurfer/average/mni305.cor.mgz --inxfm transforms/talairach.auto.xfm --outlta transforms/talairach.auto.xfm.lta --subject fsaverage
7.3.2

--src: orig_nu.mgz src image (geometry).
--trg: /opt/freesurfer/average/mni305.cor.mgz trg image (geometry).
--inmni: transforms/talairach.auto.xfm input MNI/XFM transform.
--outlta: transforms/talairach.auto.xfm.lta output LTA.
--s: fsaverage subject name
 LTA read, type : 1
 1.00404   0.01553  -0.00159  -4.14526;
-0.03223   1.03822   0.03614  -38.68626;
 0.00304  -0.11818   1.05457  -14.17088;
 0.00000   0.00000   0.00000   1.00000;
setting subject to fsaverage
Writing  LTA to file transforms/talairach.auto.xfm.lta...
lta_convert successful.
 
 
Started at Fri Mar 13 07:01:14 CET 2026
Ended   at Fri Mar 13 07:01:36 CET 2026
talairach_avi done
