Log file for defect2seg
Fri Mar 13 10:20:16 CET 2026

setenv SUBJECTS_DIR /out/sourcedata/freesurfer
cd /out/sourcedata/freesurfer/sub-v2s5x29538_ses-1/scripts
/opt/freesurfer/bin/defect2seg --s sub-v2s5x29538_ses-1 --rh-only --cortex

freesurfer-linux-ubuntu22_x86_64-7.3.2-20220804-6354275
defect2seg 7.3.2
Linux dna071 5.14.0-427.37.1.el9_4.x86_64 #1 SMP PREEMPT_DYNAMIC Fri Sep 13 12:41:50 EDT 2024 x86_64 x86_64 x86_64 GNU/Linux
pid 312824
mri_label2label --label-cortex /out/sourcedata/freesurfer/sub-v2s5x29538_ses-1/surf/rh.orig.nofix /out/sourcedata/freesurfer/sub-v2s5x29538_ses-1/mri/aseg.presurf.mgz 0 /out/sourcedata/freesurfer/sub-v2s5x29538_ses-1/label/rh.nofix.cortex.label

 Generating cortex label... RemoveHipAmgy=0
 NucAccIsMedialWall=0
 mris->useRealRAS=0
32 non-cortical segments detected
only using segment with 16069 vertices
erasing segment 1 (vno[0] = 124374)
erasing segment 2 (vno[0] = 131489)
erasing segment 3 (vno[0] = 148050)
erasing segment 4 (vno[0] = 149907)
erasing segment 5 (vno[0] = 151597)
erasing segment 6 (vno[0] = 151618)
erasing segment 7 (vno[0] = 157242)
erasing segment 8 (vno[0] = 162656)
erasing segment 9 (vno[0] = 211926)
erasing segment 10 (vno[0] = 219943)
erasing segment 11 (vno[0] = 220154)
erasing segment 12 (vno[0] = 226506)
erasing segment 13 (vno[0] = 228164)
erasing segment 14 (vno[0] = 229573)
erasing segment 15 (vno[0] = 229668)
erasing segment 16 (vno[0] = 232787)
erasing segment 17 (vno[0] = 234081)
erasing segment 18 (vno[0] = 234153)
erasing segment 19 (vno[0] = 234195)
erasing segment 20 (vno[0] = 234325)
erasing segment 21 (vno[0] = 234772)
erasing segment 22 (vno[0] = 235790)
erasing segment 23 (vno[0] = 235834)
erasing segment 24 (vno[0] = 235850)
erasing segment 25 (vno[0] = 237337)
erasing segment 26 (vno[0] = 242004)
erasing segment 27 (vno[0] = 244641)
erasing segment 28 (vno[0] = 250167)
erasing segment 29 (vno[0] = 251617)
erasing segment 30 (vno[0] = 261730)
erasing segment 31 (vno[0] = 307005)
mri_label2vol --defects /out/sourcedata/freesurfer/sub-v2s5x29538_ses-1/surf/rh.orig.nofix /out/sourcedata/freesurfer/sub-v2s5x29538_ses-1/surf/rh.defect_labels /out/sourcedata/freesurfer/sub-v2s5x29538_ses-1/mri/orig.mgz 2000 0 /out/sourcedata/freesurfer/sub-v2s5x29538_ses-1/mri/rh.surface.defects.mgz /out/sourcedata/freesurfer/sub-v2s5x29538_ses-1/label/rh.nofix.cortex.label
mri_label2vol supposed to be reproducible but seed not set
Contraining to label /out/sourcedata/freesurfer/sub-v2s5x29538_ses-1/label/rh.nofix.cortex.label
Changing input type 0 to MRI_INT
Converting defects to volume: offset=2000, merge=0
Writing to /out/sourcedata/freesurfer/sub-v2s5x29538_ses-1/mri/rh.surface.defects.mgz
mris_defects_pointset -s /out/sourcedata/freesurfer/sub-v2s5x29538_ses-1/surf/rh.orig.nofix -d /out/sourcedata/freesurfer/sub-v2s5x29538_ses-1/surf/rh.defect_labels -o /out/sourcedata/freesurfer/sub-v2s5x29538_ses-1/surf/rh.defects.pointset --label /out/sourcedata/freesurfer/sub-v2s5x29538_ses-1/label/rh.nofix.cortex.label
Reading in surface /out/sourcedata/freesurfer/sub-v2s5x29538_ses-1/surf/rh.orig.nofix
Reading in defect segmentation /out/sourcedata/freesurfer/sub-v2s5x29538_ses-1/surf/rh.defect_labels
Reading in label /out/sourcedata/freesurfer/sub-v2s5x29538_ses-1/label/rh.nofix.cortex.label
#VMPC# mris_defects_pointset 1451476
mris_defects_pointset done
 
Started at Fri Mar 13 10:20:16 CET 2026 
Ended   at Fri Mar 13 10:20:41 CET 2026
Defect2seg-Run-Time-Sec 25
Defect2seg-Run-Time-Min 0.50
Defect2seg-Run-Time-Hours 0.01
 
defect2seg Done
