status file for recon-all
Fri Mar 13 09:01:56 CET 2026
#@# Tessellate lh Fri Mar 13 09:01:56 CET 2026
#@# Smooth1 lh Fri Mar 13 09:02:01 CET 2026
#@# Inflation1 lh Fri Mar 13 09:02:05 CET 2026
#@# QSphere lh Fri Mar 13 09:04:54 CET 2026
#@# Fix Topology lh Fri Mar 13 09:06:47 CET 2026
#@# Smooth2 lh Fri Mar 13 09:25:04 CET 2026
#@# Inflation2 lh Fri Mar 13 09:25:09 CET 2026
#@# Curv .H and .K lh Fri Mar 13 09:28:10 CET 2026
#@# Sphere lh Fri Mar 13 09:29:41 CET 2026
#@# Surf Reg lh Fri Mar 13 09:38:41 CET 2026
#@# Jacobian white lh Fri Mar 13 09:51:43 CET 2026
#@# AvgCurv lh Fri Mar 13 09:51:44 CET 2026
#@# Cortical Parc lh Fri Mar 13 09:51:46 CET 2026
#@# white curv lh Fri Mar 13 10:11:18 CET 2026
#@# white area lh Fri Mar 13 10:11:21 CET 2026
#@# pial curv lh Fri Mar 13 10:11:22 CET 2026
#@# pial area lh Fri Mar 13 10:11:25 CET 2026
#@# thickness lh Fri Mar 13 10:11:27 CET 2026
#@# area and vertex vol lh Fri Mar 13 10:12:22 CET 2026
#@# Curvature Stats lh Fri Mar 13 10:12:25 CET 2026
#@# Cortical Parc 2 lh Fri Mar 13 10:12:29 CET 2026
#@# Cortical Parc 3 lh Fri Mar 13 10:12:53 CET 2026
#@# WM/GM Contrast lh Fri Mar 13 10:13:10 CET 2026
recon-all -s sub-v2s5x29538_ses-1 finished without error at Fri Mar 13 10:13:15 CET 2026



#New# invocation of recon-all 



status file for recon-all
Fri Mar 13 11:16:23 CET 2026
#@# white curv lh Fri Mar 13 11:16:24 CET 2026
#@# white area lh Fri Mar 13 11:16:24 CET 2026
#@# pial curv lh Fri Mar 13 11:16:24 CET 2026
#@# pial area lh Fri Mar 13 11:16:24 CET 2026
#@# thickness lh Fri Mar 13 11:16:24 CET 2026
#@# area and vertex vol lh Fri Mar 13 11:16:24 CET 2026
#@# Parcellation Stats lh Fri Mar 13 11:16:24 CET 2026
#@# Parcellation Stats 2 lh Fri Mar 13 11:17:28 CET 2026
#@# Parcellation Stats 3 lh Fri Mar 13 11:18:02 CET 2026
#@# BA_exvivo Labels lh Fri Mar 13 11:18:33 CET 2026
recon-all -s sub-v2s5x29538_ses-1 finished without error at Fri Mar 13 11:22:56 CET 2026
