status file for recon-all
Fri Mar 13 06:33:45 CET 2026
#@# MotionCor Fri Mar 13 06:33:49 CET 2026
#@# Talairach Fri Mar 13 06:34:01 CET 2026
#@# Talairach Failure Detection Fri Mar 13 06:39:26 CET 2026
#@# Nu Intensity Correction Fri Mar 13 06:39:26 CET 2026
#@# Intensity Normalization Fri Mar 13 06:44:50 CET 2026
recon-all -s sub-v2s5x29538_ses-1 finished without error at Fri Mar 13 06:49:17 CET 2026



#New# invocation of recon-all 



status file for recon-all
Fri Mar 13 06:57:27 CET 2026
#@# EM Registration Fri Mar 13 06:57:27 CET 2026
recon-all -s sub-v2s5x29538_ses-1 finished without error at Fri Mar 13 06:59:16 CET 2026



#New# invocation of recon-all 



status file for recon-all
Fri Mar 13 06:59:17 CET 2026
#@# CA Normalize Fri Mar 13 06:59:17 CET 2026
#@# CA Reg Fri Mar 13 07:00:39 CET 2026
#@# SubCort Seg Fri Mar 13 07:38:55 CET 2026
#@# CC Seg Fri Mar 13 08:50:28 CET 2026
#@# Merge ASeg Fri Mar 13 08:51:36 CET 2026
#@# Intensity Normalization2 Fri Mar 13 08:51:36 CET 2026
#@# Mask BFS Fri Mar 13 08:55:27 CET 2026
#@# WM Segmentation Fri Mar 13 08:55:28 CET 2026
#@# Fill Fri Mar 13 09:00:31 CET 2026
recon-all -s sub-v2s5x29538_ses-1 finished without error at Fri Mar 13 09:01:53 CET 2026



#New# invocation of recon-all 



status file for recon-all
Fri Mar 13 11:01:18 CET 2026
#@# white curv lh Fri Mar 13 11:01:19 CET 2026
#@# white area lh Fri Mar 13 11:01:19 CET 2026
#@# pial curv lh Fri Mar 13 11:01:19 CET 2026
#@# pial area lh Fri Mar 13 11:01:19 CET 2026
#@# thickness lh Fri Mar 13 11:01:19 CET 2026
#@# area and vertex vol lh Fri Mar 13 11:01:19 CET 2026
#@# white curv rh Fri Mar 13 11:01:19 CET 2026
#@# white area rh Fri Mar 13 11:01:19 CET 2026
#@# pial curv rh Fri Mar 13 11:01:19 CET 2026
#@# pial area rh Fri Mar 13 11:01:19 CET 2026
#@# thickness rh Fri Mar 13 11:01:19 CET 2026
#@# area and vertex vol rh Fri Mar 13 11:01:19 CET 2026
#@# Cortical ribbon mask Fri Mar 13 11:01:19 CET 2026
recon-all -s sub-v2s5x29538_ses-1 finished without error at Fri Mar 13 11:16:17 CET 2026



#New# invocation of recon-all 



status file for recon-all
Fri Mar 13 11:29:20 CET 2026
#@# white curv lh Fri Mar 13 11:29:20 CET 2026
#@# white area lh Fri Mar 13 11:29:20 CET 2026
#@# pial curv lh Fri Mar 13 11:29:20 CET 2026
#@# pial area lh Fri Mar 13 11:29:20 CET 2026
#@# thickness lh Fri Mar 13 11:29:20 CET 2026
#@# area and vertex vol lh Fri Mar 13 11:29:20 CET 2026
#@# white curv rh Fri Mar 13 11:29:20 CET 2026
#@# white area rh Fri Mar 13 11:29:20 CET 2026
#@# pial curv rh Fri Mar 13 11:29:20 CET 2026
#@# pial area rh Fri Mar 13 11:29:20 CET 2026
#@# thickness rh Fri Mar 13 11:29:20 CET 2026
#@# area and vertex vol rh Fri Mar 13 11:29:20 CET 2026
#@# Curvature Stats lh Fri Mar 13 11:29:20 CET 2026
#@# Curvature Stats rh Fri Mar 13 11:29:25 CET 2026
#@# Relabel Hypointensities Fri Mar 13 11:29:29 CET 2026
#@# APas-to-ASeg Fri Mar 13 11:30:05 CET 2026
#@# AParc-to-ASeg aparc Fri Mar 13 11:30:20 CET 2026
#@# AParc-to-ASeg aparc.a2009s Fri Mar 13 11:31:56 CET 2026
#@# AParc-to-ASeg aparc.DKTatlas Fri Mar 13 11:33:34 CET 2026
#@# WMParc Fri Mar 13 11:35:00 CET 2026
#@# ASeg Stats Fri Mar 13 11:38:39 CET 2026
recon-all -s sub-v2s5x29538_ses-1 finished without error at Fri Mar 13 11:39:19 CET 2026
