status file for recon-all
Fri Mar 13 10:13:18 CET 2026
#@# Tessellate rh Fri Mar 13 10:13:18 CET 2026
#@# Smooth1 rh Fri Mar 13 10:13:23 CET 2026
#@# Inflation1 rh Fri Mar 13 10:13:27 CET 2026
#@# QSphere rh Fri Mar 13 10:16:31 CET 2026
#@# Fix Topology rh Fri Mar 13 10:18:05 CET 2026
#@# Smooth2 rh Fri Mar 13 10:27:36 CET 2026
#@# Inflation2 rh Fri Mar 13 10:27:41 CET 2026
#@# Curv .H and .K rh Fri Mar 13 10:28:27 CET 2026
#@# Sphere rh Fri Mar 13 10:29:56 CET 2026
#@# Surf Reg rh Fri Mar 13 10:37:08 CET 2026
#@# Jacobian white rh Fri Mar 13 10:47:58 CET 2026
#@# AvgCurv rh Fri Mar 13 10:48:00 CET 2026
#@# Cortical Parc rh Fri Mar 13 10:48:01 CET 2026
#@# white curv rh Fri Mar 13 10:59:24 CET 2026
#@# white area rh Fri Mar 13 10:59:28 CET 2026
#@# pial curv rh Fri Mar 13 10:59:29 CET 2026
#@# pial area rh Fri Mar 13 10:59:32 CET 2026
#@# thickness rh Fri Mar 13 10:59:33 CET 2026
#@# area and vertex vol rh Fri Mar 13 11:00:23 CET 2026
#@# Curvature Stats rh Fri Mar 13 11:00:26 CET 2026
#@# Cortical Parc 2 rh Fri Mar 13 11:00:30 CET 2026
#@# Cortical Parc 3 rh Fri Mar 13 11:00:52 CET 2026
#@# WM/GM Contrast rh Fri Mar 13 11:01:09 CET 2026
recon-all -s sub-v2s5x29538_ses-1 finished without error at Fri Mar 13 11:01:14 CET 2026



#New# invocation of recon-all 



status file for recon-all
Fri Mar 13 11:22:58 CET 2026
#@# white curv rh Fri Mar 13 11:22:58 CET 2026
#@# white area rh Fri Mar 13 11:22:58 CET 2026
#@# pial curv rh Fri Mar 13 11:22:58 CET 2026
#@# pial area rh Fri Mar 13 11:22:58 CET 2026
#@# thickness rh Fri Mar 13 11:22:58 CET 2026
#@# area and vertex vol rh Fri Mar 13 11:22:58 CET 2026
#@# Parcellation Stats rh Fri Mar 13 11:22:58 CET 2026
#@# Parcellation Stats 2 rh Fri Mar 13 11:24:01 CET 2026
#@# Parcellation Stats 3 rh Fri Mar 13 11:24:34 CET 2026
#@# BA_exvivo Labels rh Fri Mar 13 11:25:06 CET 2026
recon-all -s sub-v2s5x29538_ses-1 finished without error at Fri Mar 13 11:29:16 CET 2026
