status file for recon-all
Fri Mar 13 07:34:54 CET 2026
#@# MotionCor Fri Mar 13 07:35:00 CET 2026
#@# Talairach Fri Mar 13 07:35:18 CET 2026
#@# Talairach Failure Detection Fri Mar 13 07:42:26 CET 2026
#@# Nu Intensity Correction Fri Mar 13 07:42:26 CET 2026
#@# Intensity Normalization Fri Mar 13 07:48:55 CET 2026
recon-all -s sub-v2s5x29558_ses-1 finished without error at Fri Mar 13 07:54:17 CET 2026



#New# invocation of recon-all 



status file for recon-all
Fri Mar 13 08:04:49 CET 2026
#@# EM Registration Fri Mar 13 08:04:49 CET 2026
recon-all -s sub-v2s5x29558_ses-1 finished without error at Fri Mar 13 08:07:05 CET 2026



#New# invocation of recon-all 



status file for recon-all
Fri Mar 13 08:07:07 CET 2026
#@# CA Normalize Fri Mar 13 08:07:07 CET 2026
#@# CA Reg Fri Mar 13 08:09:01 CET 2026
#@# SubCort Seg Fri Mar 13 08:57:42 CET 2026
#@# CC Seg Fri Mar 13 10:25:57 CET 2026
#@# Merge ASeg Fri Mar 13 10:26:55 CET 2026
#@# Intensity Normalization2 Fri Mar 13 10:26:55 CET 2026
#@# Mask BFS Fri Mar 13 10:32:03 CET 2026
#@# WM Segmentation Fri Mar 13 10:32:04 CET 2026
#@# Fill Fri Mar 13 10:37:53 CET 2026
recon-all -s sub-v2s5x29558_ses-1 finished without error at Fri Mar 13 10:39:47 CET 2026



#New# invocation of recon-all 



status file for recon-all
Fri Mar 13 12:48:44 CET 2026
#@# white curv lh Fri Mar 13 12:48:44 CET 2026
#@# white area lh Fri Mar 13 12:48:44 CET 2026
#@# pial curv lh Fri Mar 13 12:48:44 CET 2026
#@# pial area lh Fri Mar 13 12:48:44 CET 2026
#@# thickness lh Fri Mar 13 12:48:44 CET 2026
#@# area and vertex vol lh Fri Mar 13 12:48:44 CET 2026
#@# white curv rh Fri Mar 13 12:48:44 CET 2026
#@# white area rh Fri Mar 13 12:48:44 CET 2026
#@# pial curv rh Fri Mar 13 12:48:44 CET 2026
#@# pial area rh Fri Mar 13 12:48:44 CET 2026
#@# thickness rh Fri Mar 13 12:48:44 CET 2026
#@# area and vertex vol rh Fri Mar 13 12:48:44 CET 2026
#@# Cortical ribbon mask Fri Mar 13 12:48:44 CET 2026
recon-all -s sub-v2s5x29558_ses-1 finished without error at Fri Mar 13 13:27:45 CET 2026



#New# invocation of recon-all 



status file for recon-all
Fri Mar 13 13:46:13 CET 2026
#@# white curv lh Fri Mar 13 13:46:13 CET 2026
#@# white area lh Fri Mar 13 13:46:13 CET 2026
#@# pial curv lh Fri Mar 13 13:46:13 CET 2026
#@# pial area lh Fri Mar 13 13:46:13 CET 2026
#@# thickness lh Fri Mar 13 13:46:13 CET 2026
#@# area and vertex vol lh Fri Mar 13 13:46:13 CET 2026
#@# white curv rh Fri Mar 13 13:46:13 CET 2026
#@# white area rh Fri Mar 13 13:46:13 CET 2026
#@# pial curv rh Fri Mar 13 13:46:13 CET 2026
#@# pial area rh Fri Mar 13 13:46:13 CET 2026
#@# thickness rh Fri Mar 13 13:46:13 CET 2026
#@# area and vertex vol rh Fri Mar 13 13:46:13 CET 2026
#@# Curvature Stats lh Fri Mar 13 13:46:13 CET 2026
#@# Curvature Stats rh Fri Mar 13 13:46:19 CET 2026
#@# Relabel Hypointensities Fri Mar 13 13:46:27 CET 2026
#@# APas-to-ASeg Fri Mar 13 13:47:14 CET 2026
#@# AParc-to-ASeg aparc Fri Mar 13 13:47:40 CET 2026
#@# AParc-to-ASeg aparc.a2009s Fri Mar 13 13:49:56 CET 2026
#@# AParc-to-ASeg aparc.DKTatlas Fri Mar 13 13:52:26 CET 2026
#@# WMParc Fri Mar 13 13:54:45 CET 2026
#@# ASeg Stats Fri Mar 13 14:01:21 CET 2026
recon-all -s sub-v2s5x29558_ses-1 finished without error at Fri Mar 13 14:02:24 CET 2026
