status file for recon-all
Fri Mar 13 10:39:53 CET 2026
#@# Tessellate lh Fri Mar 13 10:39:53 CET 2026
#@# Smooth1 lh Fri Mar 13 10:40:01 CET 2026
#@# Inflation1 lh Fri Mar 13 10:40:08 CET 2026
#@# QSphere lh Fri Mar 13 10:43:01 CET 2026
#@# Fix Topology lh Fri Mar 13 10:45:48 CET 2026
#@# Smooth2 lh Fri Mar 13 11:01:46 CET 2026
#@# Inflation2 lh Fri Mar 13 11:01:53 CET 2026
#@# Curv .H and .K lh Fri Mar 13 11:02:47 CET 2026
#@# Sphere lh Fri Mar 13 11:04:49 CET 2026
#@# Surf Reg lh Fri Mar 13 11:14:06 CET 2026
#@# Jacobian white lh Fri Mar 13 11:26:57 CET 2026
#@# AvgCurv lh Fri Mar 13 11:26:59 CET 2026
#@# Cortical Parc lh Fri Mar 13 11:27:01 CET 2026
#@# white curv lh Fri Mar 13 11:42:16 CET 2026
#@# white area lh Fri Mar 13 11:42:20 CET 2026
#@# pial curv lh Fri Mar 13 11:42:23 CET 2026
#@# pial area lh Fri Mar 13 11:42:27 CET 2026
#@# thickness lh Fri Mar 13 11:42:29 CET 2026
#@# area and vertex vol lh Fri Mar 13 11:43:45 CET 2026
#@# Curvature Stats lh Fri Mar 13 11:43:49 CET 2026
#@# Cortical Parc 2 lh Fri Mar 13 11:43:55 CET 2026
#@# Cortical Parc 3 lh Fri Mar 13 11:44:29 CET 2026
#@# WM/GM Contrast lh Fri Mar 13 11:44:51 CET 2026
recon-all -s sub-v2s5x29558_ses-1 finished without error at Fri Mar 13 11:45:03 CET 2026



#New# invocation of recon-all 



status file for recon-all
Fri Mar 13 13:27:49 CET 2026
#@# white curv lh Fri Mar 13 13:27:49 CET 2026
#@# white area lh Fri Mar 13 13:27:49 CET 2026
#@# pial curv lh Fri Mar 13 13:27:49 CET 2026
#@# pial area lh Fri Mar 13 13:27:49 CET 2026
#@# thickness lh Fri Mar 13 13:27:49 CET 2026
#@# area and vertex vol lh Fri Mar 13 13:27:49 CET 2026
#@# Parcellation Stats lh Fri Mar 13 13:27:49 CET 2026
#@# Parcellation Stats 2 lh Fri Mar 13 13:29:18 CET 2026
#@# Parcellation Stats 3 lh Fri Mar 13 13:30:04 CET 2026
#@# BA_exvivo Labels lh Fri Mar 13 13:30:49 CET 2026
recon-all -s sub-v2s5x29558_ses-1 finished without error at Fri Mar 13 13:37:01 CET 2026
