status file for recon-all
Fri Mar 13 11:45:06 CET 2026
#@# Tessellate rh Fri Mar 13 11:45:06 CET 2026
#@# Smooth1 rh Fri Mar 13 11:45:13 CET 2026
#@# Inflation1 rh Fri Mar 13 11:45:20 CET 2026
#@# QSphere rh Fri Mar 13 11:48:34 CET 2026
#@# Fix Topology rh Fri Mar 13 11:50:54 CET 2026
#@# Smooth2 rh Fri Mar 13 12:05:10 CET 2026
#@# Inflation2 rh Fri Mar 13 12:05:17 CET 2026
#@# Curv .H and .K rh Fri Mar 13 12:06:11 CET 2026
#@# Sphere rh Fri Mar 13 12:08:09 CET 2026
#@# Surf Reg rh Fri Mar 13 12:17:41 CET 2026
#@# Jacobian white rh Fri Mar 13 12:30:24 CET 2026
#@# AvgCurv rh Fri Mar 13 12:30:26 CET 2026
#@# Cortical Parc rh Fri Mar 13 12:30:28 CET 2026
#@# white curv rh Fri Mar 13 12:45:44 CET 2026
#@# white area rh Fri Mar 13 12:45:48 CET 2026
#@# pial curv rh Fri Mar 13 12:45:50 CET 2026
#@# pial area rh Fri Mar 13 12:45:56 CET 2026
#@# thickness rh Fri Mar 13 12:45:58 CET 2026
#@# area and vertex vol rh Fri Mar 13 12:47:23 CET 2026
#@# Curvature Stats rh Fri Mar 13 12:47:27 CET 2026
#@# Cortical Parc 2 rh Fri Mar 13 12:47:36 CET 2026
#@# Cortical Parc 3 rh Fri Mar 13 12:48:06 CET 2026
#@# WM/GM Contrast rh Fri Mar 13 12:48:29 CET 2026
recon-all -s sub-v2s5x29558_ses-1 finished without error at Fri Mar 13 12:48:40 CET 2026



#New# invocation of recon-all 



status file for recon-all
Fri Mar 13 13:37:03 CET 2026
#@# white curv rh Fri Mar 13 13:37:03 CET 2026
#@# white area rh Fri Mar 13 13:37:03 CET 2026
#@# pial curv rh Fri Mar 13 13:37:03 CET 2026
#@# pial area rh Fri Mar 13 13:37:03 CET 2026
#@# thickness rh Fri Mar 13 13:37:03 CET 2026
#@# area and vertex vol rh Fri Mar 13 13:37:03 CET 2026
#@# Parcellation Stats rh Fri Mar 13 13:37:03 CET 2026
#@# Parcellation Stats 2 rh Fri Mar 13 13:38:32 CET 2026
#@# Parcellation Stats 3 rh Fri Mar 13 13:39:18 CET 2026
#@# BA_exvivo Labels rh Fri Mar 13 13:40:02 CET 2026
recon-all -s sub-v2s5x29558_ses-1 finished without error at Fri Mar 13 13:46:09 CET 2026
