/out/sourcedata/freesurfer/sub-v2s5x29545_ses-1/mri
/opt/freesurfer/bin/talairach_avi
--i orig_nu.mgz --xfm transforms/talairach.auto.xfm
talairach_avi 7.3.2
Linux dna075 5.14.0-427.37.1.el9_4.x86_64 #1 SMP PREEMPT_DYNAMIC Fri Sep 13 12:41:50 EDT 2024 x86_64 x86_64 x86_64 GNU/Linux
Fri Mar 13 06:54:22 CET 2026
mri_convert orig_nu.mgz talsrcimg.img 
reading from orig_nu.mgz...
TR=0.00, TE=0.00, TI=0.00, flip angle=0.00
i_ras = (-1, 0, 0)
j_ras = (0, 0, -1)
k_ras = (0, 1, 0)
writing to talsrcimg.img...
Analyze Output Matrix
-0.70000   0.00000   0.00000   111.72019;
 0.00000   0.00000   0.70000  -89.63000;
 0.00000  -0.70000   0.00000   103.54199;
 0.00000   0.00000   0.00000   1.00000;
--------------------
INFO: set hdr.hist.orient to -1
mpr2mni305 talsrcimg
Fri Mar 13 06:54:23 CET 2026
/opt/freesurfer/bin/mpr2mni305 talsrcimg
mpr2mni305 7.3.2
target=711-2C_as_mni_average_305

---------------------------------------------------------------------
analyzeto4dfp talsrcimg -O0 -y
---------------------------------------------------------------------

freesurfer ifh2hdr.c
Fri Mar 13 06:54:23 2026
Writing: talsrcimg.4dfp.hdr
freesurfer analyzeto4dfp.c
Reading: talsrcimg.hdr
header size 348 bytes
hdr.dime.datatype	offset=70	value=2
hdr.dime.bitpix		offset=72	value=8
hdr.hist.orient		offset=252	value=-1
dimensionality     4
dimensions       320       320       320         1
Reading: talsrcimg.img
Writing: talsrcimg.4dfp.img
Writing: talsrcimg.4dfp.ifh
ifh2hdr talsrcimg -r0to229
ori=2

---------------------------------------------------------------------
gauss_4dfp talsrcimg 1.1
---------------------------------------------------------------------

freesurfer gauss_4dfp.c
Reading: talsrcimg.4dfp.img
Writing: talsrcimg_g11.4dfp.img
image dimensions 320 320 320 padded to 384 384 384
processing volume 1freesurfer ifh2hdr.c
Fri Mar 13 06:54:31 2026
Writing: talsrcimg_g11.4dfp.hdr

Writing: talsrcimg_g11.4dfp.ifh
including: talsrcimg.4dfp.img.rec in talsrcimg_g11.4dfp.img.rec

---------------------------------------------------------------------
imgreg_4dfp /opt/freesurfer/average/711-2C_as_mni_average_305 none talsrcimg_g11 none talsrcimg_to_711-2C_as_mni_average_305_t4 4355
---------------------------------------------------------------------

freesurfer imgreg_4dfp.c
/opt/freesurfer/average/711-2C_as_mni_average_305.4dfp.img
       256       256       256         1
  1.000000  1.000000  1.000000
orientation T byte_order littleendian
Reading image: /opt/freesurfer/average/711-2C_as_mni_average_305.4dfp.img
dimensions:      256       256       256
mmppix:       1.0000   -1.0000   -1.0000
center:     128.0000 -129.0000 -129.0000
talsrcimg_g11.4dfp.img
       320       320       320         1
  0.700000  0.700000  0.700000
orientation T byte_order littleendian
Reading image: talsrcimg_g11.4dfp.img
dimensions:      320       320       320
mmppix:       0.7000   -0.7000   -0.7000
center:     112.0000 -112.7000 -112.7000
t4_read: open error in t4_sub.f l:  41 t4_file(1:l)talsrcimg_to_711-2C_as_mni_average_305_t4 
t4_read: transform initialized to I4
rotation matrix determinant  1.000000
image alignment mode   4355 decimal     1103 hex
   -7.5000  -45.0000  -45.0000 4475.3110   20.1096
    0.0000  -45.0000  -45.0000 4745.9219   20.1526
    7.5000  -45.0000  -45.0000 4548.7827   20.1384
   -7.5000  -37.5000  -45.0000 4841.4194   20.1070
    0.0000  -37.5000  -45.0000 5112.8633   20.1393
    7.5000  -37.5000  -45.0000 4902.2134   20.1186
   -7.5000  -30.0000  -45.0000 5270.4600   19.7121
    0.0000  -30.0000  -45.0000 5566.8330   19.7433
    7.5000  -30.0000  -45.0000 5338.0947   19.7169
   -7.5000  -22.5000  -45.0000 5584.5972   18.9594
    0.0000  -22.5000  -45.0000 5910.0513   18.9993
    7.5000  -22.5000  -45.0000 5667.3682   18.9848
   -7.5000  -15.0000  -45.0000 6129.6152   18.3630
    0.0000  -15.0000  -45.0000 6498.5537   18.4139
    7.5000  -15.0000  -45.0000 6231.0547   18.4139
   -7.5000   -7.5000  -45.0000 6673.1206   17.9479
    0.0000   -7.5000  -45.0000 7054.4424   17.9975
    7.5000   -7.5000  -45.0000 6763.5923   18.0006
   -7.5000    0.0000  -45.0000 7289.2397   17.8056
    0.0000    0.0000  -45.0000 7680.8208   17.8410
    7.5000    0.0000  -45.0000 7357.1641   17.8341
   -7.5000    7.5000  -45.0000 7290.4897   17.7953
    0.0000    7.5000  -45.0000 7677.3682   17.8172
    7.5000    7.5000  -45.0000 7338.5439   17.7978
   -7.5000   15.0000  -45.0000 7230.2534   17.5690
    0.0000   15.0000  -45.0000 7611.1611   17.5917
    7.5000   15.0000  -45.0000 7300.2896   17.5700
   -7.5000   22.5000  -45.0000 7084.7666   17.1397
    0.0000   22.5000  -45.0000 7480.3652   17.1740
    7.5000   22.5000  -45.0000 7174.6665   17.1618
   -7.5000   30.0000  -45.0000 7116.7227   17.1332
    0.0000   30.0000  -45.0000 7521.7407   17.1799
    7.5000   30.0000  -45.0000 7205.9756   17.1796
   -7.5000   37.5000  -45.0000 6877.0830   16.5676
    0.0000   37.5000  -45.0000 7257.9146   16.6133
    7.5000   37.5000  -45.0000 6965.5645   16.6161
   -7.5000   45.0000  -45.0000 6522.4399   15.9384
    0.0000   45.0000  -45.0000 6866.3643   15.9701
    7.5000   45.0000  -45.0000 6592.9741   15.9639
   -7.5000  -45.0000  -37.5000 4761.7329   20.9741
    0.0000  -45.0000  -37.5000 5042.0991   21.0153
    7.5000  -45.0000  -37.5000 4831.3228   20.9967
   -7.5000  -37.5000  -37.5000 5160.1084   20.9871
    0.0000  -37.5000  -37.5000 5448.0435   21.0199
    7.5000  -37.5000  -37.5000 5224.8462   21.0006
   -7.5000  -30.0000  -37.5000 5639.2139   20.5466
    0.0000  -30.0000  -37.5000 5959.4907   20.5807
    7.5000  -30.0000  -37.5000 5717.8872   20.5564
   -7.5000  -22.5000  -37.5000 5992.0693   19.7789
    0.0000  -22.5000  -37.5000 6338.8335   19.8213
    7.5000  -22.5000  -37.5000 6085.0601   19.8046
   -7.5000  -15.0000  -37.5000 6592.4873   19.1738
    0.0000  -15.0000  -37.5000 6964.3145   19.2275
    7.5000  -15.0000  -37.5000 6685.6836   19.2231
   -7.5000   -7.5000  -37.5000 7202.8052   18.7523
    0.0000   -7.5000  -37.5000 7578.7466   18.8047
    7.5000   -7.5000  -37.5000 7280.4639   18.8039
   -7.5000    0.0000  -37.5000 7858.6802   18.5967
    0.0000    0.0000  -37.5000 8259.0449   18.6345
    7.5000    0.0000  -37.5000 7921.4927   18.6259
   -7.5000    7.5000  -37.5000 7849.2817   18.5714
    0.0000    7.5000  -37.5000 8260.1953   18.5960
    7.5000    7.5000  -37.5000 7904.8970   18.5774
   -7.5000   15.0000  -37.5000 7789.8003   18.3296
    0.0000   15.0000  -37.5000 8198.6465   18.3545
    7.5000   15.0000  -37.5000 7869.4731   18.3339
   -7.5000   22.5000  -37.5000 7640.9619   17.8974
    0.0000   22.5000  -37.5000 8057.6270   17.9337
    7.5000   22.5000  -37.5000 7730.7573   17.9195
   -7.5000   30.0000  -37.5000 7654.0312   17.9041
    0.0000   30.0000  -37.5000 8070.4937   17.9533
    7.5000   30.0000  -37.5000 7748.3555   17.9489
   -7.5000   37.5000  -37.5000 7390.1528   17.3234
    0.0000   37.5000  -37.5000 7784.5571   17.3717
    7.5000   37.5000  -37.5000 7485.6904   17.3709
   -7.5000   45.0000  -37.5000 7013.4209   16.6465
    0.0000   45.0000  -37.5000 7374.9751   16.6804
    7.5000   45.0000  -37.5000 7090.5688   16.6727
   -7.5000  -45.0000  -30.0000 5061.9355   21.7686
    0.0000  -45.0000  -30.0000 5355.3462   21.8034
    7.5000  -45.0000  -30.0000 5128.3804   21.7774
   -7.5000  -37.5000  -30.0000 5487.9702   21.8141
    0.0000  -37.5000  -30.0000 5800.6152   21.8440
    7.5000  -37.5000  -30.0000 5557.3037   21.8230
   -7.5000  -30.0000  -30.0000 6015.1094   21.3396
    0.0000  -30.0000  -30.0000 6366.0098   21.3748
    7.5000  -30.0000  -30.0000 6103.7803   21.3516
   -7.5000  -22.5000  -30.0000 6390.3398   20.5477
    0.0000  -22.5000  -30.0000 6776.4434   20.5899
    7.5000  -22.5000  -30.0000 6489.7549   20.5708
   -7.5000  -15.0000  -30.0000 7053.7065   19.9196
    0.0000  -15.0000  -30.0000 7442.6230   19.9685
    7.5000  -15.0000  -30.0000 7138.3140   19.9566
   -7.5000   -7.5000  -30.0000 7711.9482   19.4882
    0.0000   -7.5000  -30.0000 8119.3872   19.5327
    7.5000   -7.5000  -30.0000 7786.8848   19.5238
   -7.5000    0.0000  -30.0000 8434.0469   19.3292
    0.0000    0.0000  -30.0000 8868.6396   19.3622
    7.5000    0.0000  -30.0000 8489.8350   19.3488
   -7.5000    7.5000  -30.0000 8434.3867   19.3034
    0.0000    7.5000  -30.0000 8876.1416   19.3277
    7.5000    7.5000  -30.0000 8496.9590   19.3090
   -7.5000   15.0000  -30.0000 8383.2119   19.0521
    0.0000   15.0000  -30.0000 8835.6572   19.0786
    7.5000   15.0000  -30.0000 8463.8184   19.0588
   -7.5000   22.5000  -30.0000 8209.3564   18.6103
    0.0000   22.5000  -30.0000 8675.9658   18.6466
    7.5000   22.5000  -30.0000 8308.1250   18.6297
   -7.5000   30.0000  -30.0000 8201.7129   18.6159
    0.0000   30.0000  -30.0000 8663.8350   18.6606
    7.5000   30.0000  -30.0000 8305.8633   18.6494
   -7.5000   37.5000  -30.0000 7906.2754   18.0295
    0.0000   37.5000  -30.0000 8326.2529   18.0707
    7.5000   37.5000  -30.0000 7986.6445   18.0625
   -7.5000   45.0000  -30.0000 7489.2188   17.3298
    0.0000   45.0000  -30.0000 7870.2290   17.3593
    7.5000   45.0000  -30.0000 7573.3677   17.3474
   -7.5000  -45.0000  -22.5000 5225.0117   21.6833
    0.0000  -45.0000  -22.5000 5529.7432   21.7127
    7.5000  -45.0000  -22.5000 5292.7168   21.6837
   -7.5000  -37.5000  -22.5000 5677.6304   21.7467
    0.0000  -37.5000  -22.5000 6001.6606   21.7724
    7.5000  -37.5000  -22.5000 5743.5059   21.7502
   -7.5000  -30.0000  -22.5000 6224.8657   21.2880
    0.0000  -30.0000  -22.5000 6583.1445   21.3198
    7.5000  -30.0000  -22.5000 6305.8711   21.2979
   -7.5000  -22.5000  -22.5000 6618.5718   20.4984
    0.0000  -22.5000  -22.5000 7000.8545   20.5359
    7.5000  -22.5000  -22.5000 6709.3765   20.5174
   -7.5000  -15.0000  -22.5000 7303.7490   19.8670
    0.0000  -15.0000  -22.5000 7715.3926   19.9062
    7.5000  -15.0000  -22.5000 7392.5410   19.8906
   -7.5000   -7.5000  -22.5000 8016.6187   19.4372
    0.0000   -7.5000  -22.5000 8470.3213   19.4699
    7.5000   -7.5000  -22.5000 8096.7715   19.4556
   -7.5000    0.0000  -22.5000 8798.2949   19.2861
    0.0000    0.0000  -22.5000 9292.1680   19.3110
    7.5000    0.0000  -22.5000 8873.2266   19.2947
   -7.5000    7.5000  -22.5000 8822.5039   19.2694
    0.0000    7.5000  -22.5000 9324.9238   19.2900
    7.5000    7.5000  -22.5000 8892.5010   19.2723
   -7.5000   15.0000  -22.5000 8769.0010   19.0225
    0.0000   15.0000  -22.5000 9287.6094   19.0472
    7.5000   15.0000  -22.5000 8847.8271   19.0296
   -7.5000   22.5000  -22.5000 8567.2422   18.5758
    0.0000   22.5000  -22.5000 9098.5381   18.6083
    7.5000   22.5000  -22.5000 8659.9990   18.5917
   -7.5000   30.0000  -22.5000 8549.2949   18.5730
    0.0000   30.0000  -22.5000 9069.2461   18.6090
    7.5000   30.0000  -22.5000 8644.7422   18.5945
   -7.5000   37.5000  -22.5000 8220.3613   17.9847
    0.0000   37.5000  -22.5000 8700.7725   18.0151
    7.5000   37.5000  -22.5000 8310.2451   18.0019
   -7.5000   45.0000  -22.5000 7780.3145   17.2912
    0.0000   45.0000  -22.5000 8212.9619   17.3134
    7.5000   45.0000  -22.5000 7881.8599   17.2988
   -7.5000  -45.0000  -15.0000 5486.5791   22.5770
    0.0000  -45.0000  -15.0000 5797.4224   22.6114
    7.5000  -45.0000  -15.0000 5553.2144   22.5834
   -7.5000  -37.5000  -15.0000 5979.7603   22.6598
    0.0000  -37.5000  -15.0000 6305.8994   22.6876
    7.5000  -37.5000  -15.0000 6032.1445   22.6624
   -7.5000  -30.0000  -15.0000 6565.4961   22.1608
    0.0000  -30.0000  -15.0000 6930.3267   22.1920
    7.5000  -30.0000  -15.0000 6626.1021   22.1670
   -7.5000  -22.5000  -15.0000 6989.9854   21.3330
    0.0000  -22.5000  -15.0000 7373.3862   21.3703
    7.5000  -22.5000  -15.0000 7053.6094   21.3527
   -7.5000  -15.0000  -15.0000 7721.2036   20.6688
    0.0000  -15.0000  -15.0000 8153.9214   20.7075
    7.5000  -15.0000  -15.0000 7792.2734   20.6942
   -7.5000   -7.5000  -15.0000 8502.8164   20.2133
    0.0000   -7.5000  -15.0000 9003.0928   20.2459
    7.5000   -7.5000  -15.0000 8573.0967   20.2327
   -7.5000    0.0000  -15.0000 9367.7275   20.0596
    0.0000    0.0000  -15.0000 9940.3896   20.0842
    7.5000    0.0000  -15.0000 9454.7275   20.0672
   -7.5000    7.5000  -15.0000 9451.5205   20.0503
    0.0000    7.5000  -15.000010056.1201   20.0701
    7.5000    7.5000  -15.0000 9557.9141   20.0501
   -7.5000   15.0000  -15.0000 9372.8418   19.8051
    0.0000   15.0000  -15.000010033.8633   19.8295
    7.5000   15.0000  -15.0000 9496.0361   19.8102
   -7.5000   22.5000  -15.0000 9111.9697   19.3512
    0.0000   22.5000  -15.0000 9782.4258   19.3838
    7.5000   22.5000  -15.0000 9232.9785   19.3679
   -7.5000   30.0000  -15.0000 9079.0996   19.3374
    0.0000   30.0000  -15.0000 9720.9941   19.3731
    7.5000   30.0000  -15.0000 9183.3936   19.3607
   -7.5000   37.5000  -15.0000 8714.7783   18.7314
    0.0000   37.5000  -15.0000 9297.6514   18.7617
    7.5000   37.5000  -15.0000 8809.8643   18.7494
   -7.5000   45.0000  -15.0000 8252.0693   18.0281
    0.0000   45.0000  -15.0000 8765.5840   18.0503
    7.5000   45.0000  -15.0000 8354.7334   18.0349
   -7.5000  -45.0000   -7.5000 5707.0918   23.4154
    0.0000  -45.0000   -7.5000 6029.1318   23.4586
    7.5000  -45.0000   -7.5000 5778.9053   23.4360
   -7.5000  -37.5000   -7.5000 6237.2856   23.4866
    0.0000  -37.5000   -7.5000 6590.2568   23.5201
    7.5000  -37.5000   -7.5000 6306.2427   23.4938
   -7.5000  -30.0000   -7.5000 6855.5566   22.9387
    0.0000  -30.0000   -7.5000 7257.2021   22.9718
    7.5000  -30.0000   -7.5000 6936.4829   22.9434
   -7.5000  -22.5000   -7.5000 7290.7529   22.0771
    0.0000  -22.5000   -7.5000 7736.6260   22.1180
    7.5000  -22.5000   -7.5000 7382.4761   22.1016
   -7.5000  -15.0000   -7.5000 8053.1821   21.3909
    0.0000  -15.0000   -7.5000 8577.2051   21.4379
    7.5000  -15.0000   -7.5000 8156.4668   21.4317
   -7.5000   -7.5000   -7.5000 8876.3379   20.9149
    0.0000   -7.5000   -7.5000 9469.8467   20.9584
    7.5000   -7.5000   -7.5000 8970.2754   20.9531
   -7.5000    0.0000   -7.5000 9834.2910   20.7546
    0.0000    0.0000   -7.500010518.3604   20.7864
    7.5000    0.0000   -7.5000 9939.0850   20.7726
   -7.5000    7.5000   -7.500010010.6260   20.7436
    0.0000    7.5000   -7.500010810.8916   20.7656
    7.5000    7.5000   -7.500010191.5273   20.7431
   -7.5000   15.0000   -7.5000 9967.1494   20.4961
    0.0000   15.0000   -7.500010959.9316   20.5211
    7.5000   15.0000   -7.500010241.5762   20.4987
   -7.5000   22.5000   -7.5000 9660.2832   20.0410
    0.0000   22.5000   -7.500010621.2842   20.0768
    7.5000   22.5000   -7.5000 9862.2031   20.0625
   -7.5000   30.0000   -7.5000 9577.5400   20.0258
    0.0000   30.0000   -7.500010429.8818   20.0693
    7.5000   30.0000   -7.5000 9728.9941   20.0635
   -7.5000   37.5000   -7.5000 9181.0850   19.4105
    0.0000   37.5000   -7.5000 9937.9619   19.4508
    7.5000   37.5000   -7.5000 9309.1152   19.4458
   -7.5000   45.0000   -7.5000 8702.5488   18.6982
    0.0000   45.0000   -7.5000 9384.9531   18.7268
    7.5000   45.0000   -7.5000 8835.5508   18.7144
   -7.5000  -45.0000    0.0000 5865.8672   24.0559
    0.0000  -45.0000    0.0000 6243.3589   24.1047
    7.5000  -45.0000    0.0000 5966.1812   24.0856
   -7.5000  -37.5000    0.0000 6428.9956   24.1017
    0.0000  -37.5000    0.0000 6845.7241   24.1393
    7.5000  -37.5000    0.0000 6524.6621   24.1150
   -7.5000  -30.0000    0.0000 7077.1357   23.5116
    0.0000  -30.0000    0.0000 7538.1846   23.5481
    7.5000  -30.0000    0.0000 7189.4126   23.5186
   -7.5000  -22.5000    0.0000 7551.0107   22.6318
    0.0000  -22.5000    0.0000 8045.4102   22.6776
    7.5000  -22.5000    0.0000 7672.8125   22.6609
   -7.5000  -15.0000    0.0000 8365.3682   21.9379
    0.0000  -15.0000    0.0000 8941.9600   21.9958
    7.5000  -15.0000    0.0000 8512.7598   21.9940
   -7.5000   -7.5000    0.0000 9253.5342   21.4537
    0.0000   -7.5000    0.0000 9919.2295   21.5101
    7.5000   -7.5000    0.0000 9386.2725   21.5111
   -7.5000    0.0000    0.000010313.4170   21.2821
    0.0000    0.0000    0.000011144.6299   21.3227
    7.5000    0.0000    0.000010451.8701   21.3127
   -7.5000    7.5000    0.000010579.8271   21.2578
    0.0000    7.5000    0.000011763.9473   21.2834
    7.5000    7.5000    0.000010900.3428   21.2606
   -7.5000   15.0000    0.000010539.5225   21.0020
    0.0000   15.0000    0.000012089.6455   21.0288
    7.5000   15.0000    0.000011029.5645   21.0045
   -7.5000   22.5000    0.000010174.8418   20.5513
    0.0000   22.5000    0.000011529.4033   20.5911
    7.5000   22.5000    0.000010556.5430   20.5769
   -7.5000   30.0000    0.000010057.6914   20.5471
    0.0000   30.0000    0.000011160.9180   20.6006
    7.5000   30.0000    0.000010305.2510   20.5987
   -7.5000   37.5000    0.0000 9579.8740   19.9333
    0.0000   37.5000    0.000010510.9609   19.9856
    7.5000   37.5000    0.0000 9773.8525   19.9864
   -7.5000   45.0000    0.0000 9061.2090   19.2103
    0.0000   45.0000    0.0000 9871.2383   19.2469
    7.5000   45.0000    0.0000 9238.3193   19.2379
   -7.5000  -45.0000    7.5000 5577.8833   24.2359
    0.0000  -45.0000    7.5000 5967.4482   24.2831
    7.5000  -45.0000    7.5000 5707.9668   24.2612
   -7.5000  -37.5000    7.5000 6133.4595   24.2725
    0.0000  -37.5000    7.5000 6548.4858   24.3105
    7.5000  -37.5000    7.5000 6271.3979   24.2880
   -7.5000  -30.0000    7.5000 6773.7563   23.6720
    0.0000  -30.0000    7.5000 7221.2212   23.7116
    7.5000  -30.0000    7.5000 6914.4473   23.6836
   -7.5000  -22.5000    7.5000 7227.2075   22.7916
    0.0000  -22.5000    7.5000 7743.5073   22.8407
    7.5000  -22.5000    7.5000 7374.1284   22.8217
   -7.5000  -15.0000    7.5000 7989.5894   22.0986
    0.0000  -15.0000    7.5000 8638.7090   22.1605
    7.5000  -15.0000    7.5000 8170.7144   22.1554
   -7.5000   -7.5000    7.5000 8819.6953   21.6172
    0.0000   -7.5000    7.5000 9598.5527   21.6773
    7.5000   -7.5000    7.5000 9010.1982   21.6762
   -7.5000    0.0000    7.5000 9813.9785   21.4403
    0.0000    0.0000    7.500010776.6201   21.4837
    7.5000    0.0000    7.500010043.5928   21.4735
   -7.5000    7.5000    7.500010017.0049   21.4045
    0.0000    7.5000    7.500011275.1660   21.4330
    7.5000    7.5000    7.500010416.2861   21.4113
   -7.5000   15.0000    7.5000 9932.7910   21.1401
    0.0000   15.0000    7.500011339.0264   21.1691
    7.5000   15.0000    7.500010440.7070   21.1453
   -7.5000   22.5000    7.5000 9659.7334   20.6894
    0.0000   22.5000    7.500010907.7754   20.7316
    7.5000   22.5000    7.500010087.5332   20.7154
   -7.5000   30.0000    7.5000 9625.9658   20.6974
    0.0000   30.0000    7.500010687.3711   20.7544
    7.5000   30.0000    7.5000 9942.2852   20.7494
   -7.5000   37.5000    7.5000 9133.0625   20.0863
    0.0000   37.5000    7.500010029.3789   20.1420
    7.5000   37.5000    7.5000 9357.8125   20.1410
   -7.5000   45.0000    7.5000 8610.6943   19.3531
    0.0000   45.0000    7.5000 9386.2354   19.3923
    7.5000   45.0000    7.5000 8793.6084   19.3831
   -7.5000  -45.0000   15.0000 5275.7041   24.9397
    0.0000  -45.0000   15.0000 5662.2334   24.9794
    7.5000  -45.0000   15.0000 5408.6904   24.9482
   -7.5000  -37.5000   15.0000 5809.6445   24.9522
    0.0000  -37.5000   15.0000 6251.9365   24.9863
    7.5000  -37.5000   15.0000 5959.7900   24.9604
   -7.5000  -30.0000   15.0000 6433.3882   24.3135
    0.0000  -30.0000   15.0000 6927.7104   24.3535
    7.5000  -30.0000   15.0000 6572.5288   24.3246
   -7.5000  -22.5000   15.0000 6857.0815   23.3903
    0.0000  -22.5000   15.0000 7396.6270   23.4381
    7.5000  -22.5000   15.0000 7003.3857   23.4143
   -7.5000  -15.0000   15.0000 7584.1802   22.6593
    0.0000  -15.0000   15.0000 8160.3721   22.7148
    7.5000  -15.0000   15.0000 7722.2515   22.7002
   -7.5000   -7.5000   15.0000 8352.4316   22.1601
    0.0000   -7.5000   15.0000 8966.2168   22.2105
    7.5000   -7.5000   15.0000 8482.3887   22.2000
   -7.5000    0.0000   15.0000 9278.4639   21.9800
    0.0000    0.0000   15.0000 9971.6328   22.0173
    7.5000    0.0000   15.0000 9415.3418   22.0016
   -7.5000    7.5000   15.0000 9383.3027   21.9449
    0.0000    7.5000   15.000010184.4365   21.9722
    7.5000    7.5000   15.0000 9618.1865   21.9497
   -7.5000   15.0000   15.0000 9286.4365   21.6720
    0.0000   15.0000   15.000010058.4053   21.7016
    7.5000   15.0000   15.0000 9520.4385   21.6773
   -7.5000   22.5000   15.0000 9125.0107   21.2054
    0.0000   22.5000   15.0000 9790.1406   21.2465
    7.5000   22.5000   15.0000 9282.4795   21.2256
   -7.5000   30.0000   15.0000 9146.8076   21.2133
    0.0000   30.0000   15.0000 9827.4580   21.2641
    7.5000   30.0000   15.0000 9300.9912   21.2504
   -7.5000   37.5000   15.0000 8689.7109   20.5899
    0.0000   37.5000   15.0000 9375.2959   20.6368
    7.5000   37.5000   15.0000 8842.1172   20.6271
   -7.5000   45.0000   15.0000 8184.1519   19.8403
    0.0000   45.0000   15.0000 8829.4492   19.8739
    7.5000   45.0000   15.0000 8326.8701   19.8597
   -7.5000  -45.0000   22.5000 4953.6929   25.7440
    0.0000  -45.0000   22.5000 5322.0010   25.7793
    7.5000  -45.0000   22.5000 5054.6440   25.7428
   -7.5000  -37.5000   22.5000 5482.4766   25.7690
    0.0000  -37.5000   22.5000 5864.5791   25.7985
    7.5000  -37.5000   22.5000 5574.2749   25.7693
   -7.5000  -30.0000   22.5000 6066.1709   25.0862
    0.0000  -30.0000   22.5000 6442.7852   25.1236
    7.5000  -30.0000   22.5000 6126.8711   25.0939
   -7.5000  -22.5000   22.5000 6453.1562   24.0971
    0.0000  -22.5000   22.5000 6823.9214   24.1423
    7.5000  -22.5000   22.5000 6508.8423   24.1175
   -7.5000  -15.0000   22.5000 7129.5176   23.3049
    0.0000  -15.0000   22.5000 7507.9849   23.3527
    7.5000  -15.0000   22.5000 7171.9380   23.3330
   -7.5000   -7.5000   22.5000 7840.2021   22.7679
    0.0000   -7.5000   22.5000 8270.6758   22.8073
    7.5000   -7.5000   22.5000 7898.8711   22.7899
   -7.5000    0.0000   22.5000 8659.0703   22.5857
    0.0000    0.0000   22.5000 9190.0840   22.6145
    7.5000    0.0000   22.5000 8753.4551   22.5945
   -7.5000    7.5000   22.5000 8674.1768   22.5643
    0.0000    7.5000   22.5000 9280.0322   22.5874
    7.5000    7.5000   22.5000 8835.2158   22.5646
   -7.5000   15.0000   22.5000 8597.5225   22.2912
    0.0000   15.0000   22.5000 9152.9473   22.3196
    7.5000   15.0000   22.5000 8708.2871   22.2961
   -7.5000   22.5000   22.5000 8463.6689   21.8185
    0.0000   22.5000   22.5000 8976.9639   21.8576
    7.5000   22.5000   22.5000 8527.4248   21.8356
   -7.5000   30.0000   22.5000 8522.4951   21.8124
    0.0000   30.0000   22.5000 9057.7773   21.8562
    7.5000   30.0000   22.5000 8586.8066   21.8379
   -7.5000   37.5000   22.5000 8129.2891   21.1727
    0.0000   37.5000   22.5000 8652.0781   21.2094
    7.5000   37.5000   22.5000 8182.4976   21.1933
   -7.5000   45.0000   22.5000 7686.6689   20.4150
    0.0000   45.0000   22.5000 8194.9561   20.4410
    7.5000   45.0000   22.5000 7753.3018   20.4229
   -7.5000  -45.0000   30.0000 4850.8364   26.9084
    0.0000  -45.0000   30.0000 5160.1963   26.9498
    7.5000  -45.0000   30.0000 4905.9331   26.9129
   -7.5000  -37.5000   30.0000 5354.6216   26.9313
    0.0000  -37.5000   30.0000 5663.0854   26.9646
    7.5000  -37.5000   30.0000 5397.2656   26.9313
   -7.5000  -30.0000   30.0000 5909.7769   26.2167
    0.0000  -30.0000   30.0000 6206.8286   26.2563
    7.5000  -30.0000   30.0000 5945.1606   26.2231
   -7.5000  -22.5000   30.0000 6278.5156   25.1323
    0.0000  -22.5000   30.0000 6571.8438   25.1802
    7.5000  -22.5000   30.0000 6312.0366   25.1570
   -7.5000  -15.0000   30.0000 6921.0283   24.2619
    0.0000  -15.0000   30.0000 7244.5220   24.3105
    7.5000  -15.0000   30.0000 6965.6890   24.2931
   -7.5000   -7.5000   30.0000 7604.3882   23.6754
    0.0000   -7.5000   30.0000 7989.7769   23.7146
    7.5000   -7.5000   30.0000 7666.1436   23.6975
   -7.5000    0.0000   30.0000 8373.5791   23.4918
    0.0000    0.0000   30.0000 8841.2969   23.5200
    7.5000    0.0000   30.0000 8458.5391   23.4982
   -7.5000    7.5000   30.0000 8364.2012   23.4843
    0.0000    7.5000   30.0000 8860.1484   23.5068
    7.5000    7.5000   30.0000 8458.2207   23.4813
   -7.5000   15.0000   30.0000 8275.5967   23.2076
    0.0000   15.0000   30.0000 8736.2285   23.2374
    7.5000   15.0000   30.0000 8324.5049   23.2124
   -7.5000   22.5000   30.0000 8155.7534   22.7098
    0.0000   22.5000   30.0000 8613.6357   22.7511
    7.5000   22.5000   30.0000 8198.5244   22.7306
   -7.5000   30.0000   30.0000 8212.8828   22.6870
    0.0000   30.0000   30.0000 8695.2783   22.7316
    7.5000   30.0000   30.0000 8259.2744   22.7155
   -7.5000   37.5000   30.0000 7858.8354   22.0137
    0.0000   37.5000   30.0000 8330.9287   22.0501
    7.5000   37.5000   30.0000 7896.2134   22.0342
   -7.5000   45.0000   30.0000 7451.8828   21.2340
    0.0000   45.0000   30.0000 7883.2207   21.2594
    7.5000   45.0000   30.0000 7483.8369   21.2398
   -7.5000  -45.0000   37.5000 4518.9189   27.7494
    0.0000  -45.0000   37.5000 4810.7866   27.8148
    7.5000  -45.0000   37.5000 4572.4346   27.7954
   -7.5000  -37.5000   37.5000 4983.1831   27.7601
    0.0000  -37.5000   37.5000 5254.6040   27.8136
    7.5000  -37.5000   37.5000 5027.9038   27.7888
   -7.5000  -30.0000   37.5000 5501.6431   26.9924
    0.0000  -30.0000   37.5000 5761.3550   27.0454
    7.5000  -30.0000   37.5000 5543.2612   27.0163
   -7.5000  -22.5000   37.5000 5853.3237   25.8766
    0.0000  -22.5000   37.5000 6123.4014   25.9371
    7.5000  -22.5000   37.5000 5898.0820   25.9221
   -7.5000  -15.0000   37.5000 6449.4961   24.9456
    0.0000  -15.0000   37.5000 6749.3501   25.0120
    7.5000  -15.0000   37.5000 6513.2397   25.0101
   -7.5000   -7.5000   37.5000 7067.6870   24.3099
    0.0000   -7.5000   37.5000 7413.8774   24.3713
    7.5000   -7.5000   37.5000 7145.0269   24.3720
   -7.5000    0.0000   37.5000 7760.0068   24.1135
    0.0000    0.0000   37.5000 8157.7705   24.1605
    7.5000    0.0000   37.5000 7850.8916   24.1514
   -7.5000    7.5000   37.5000 7735.0845   24.1057
    0.0000    7.5000   37.5000 8131.6890   24.1406
    7.5000    7.5000   37.5000 7795.2134   24.1200
   -7.5000   15.0000   37.5000 7634.7480   23.8210
    0.0000   15.0000   37.5000 8016.1816   23.8601
    7.5000   15.0000   37.5000 7680.1084   23.8380
   -7.5000   22.5000   37.5000 7512.8892   23.3196
    0.0000   22.5000   37.5000 7920.5254   23.3713
    7.5000   22.5000   37.5000 7573.0132   23.3585
   -7.5000   30.0000   37.5000 7569.8555   23.2947
    0.0000   30.0000   37.5000 7999.1338   23.3555
    7.5000   30.0000   37.5000 7632.8022   23.3535
   -7.5000   37.5000   37.5000 7263.1509   22.5986
    0.0000   37.5000   37.5000 7669.2656   22.6555
    7.5000   37.5000   37.5000 7310.2275   22.6559
   -7.5000   45.0000   37.5000 6895.1533   21.7933
    0.0000   45.0000   37.5000 7263.8921   21.8357
    7.5000   45.0000   37.5000 6927.4692   21.8275
   -7.5000  -45.0000   45.0000 4192.4966   28.6603
    0.0000  -45.0000   45.0000 4466.3706   28.7524
    7.5000  -45.0000   45.0000 4243.0303   28.7361
   -7.5000  -37.5000   45.0000 4623.0698   28.6317
    0.0000  -37.5000   45.0000 4875.5708   28.7092
    7.5000  -37.5000   45.0000 4656.4536   28.6868
   -7.5000  -30.0000   45.0000 5106.3423   27.7932
    0.0000  -30.0000   45.0000 5359.9014   27.8683
    7.5000  -30.0000   45.0000 5140.1362   27.8359
   -7.5000  -22.5000   45.0000 5443.5259   26.6436
    0.0000  -22.5000   45.0000 5714.5723   26.7272
    7.5000  -22.5000   45.0000 5490.5986   26.7115
   -7.5000  -15.0000   45.0000 6003.4111   25.7035
    0.0000  -15.0000   45.0000 6308.4814   25.7998
    7.5000  -15.0000   45.0000 6072.6978   25.8047
   -7.5000   -7.5000   45.0000 6563.9795   25.0323
    0.0000   -7.5000   45.0000 6908.1138   25.1248
    7.5000   -7.5000   45.0000 6653.0698   25.1341
   -7.5000    0.0000   45.0000 7184.7217   24.8270
    0.0000    0.0000   45.0000 7550.2559   24.8987
    7.5000    0.0000   45.0000 7264.9854   24.8940
   -7.5000    7.5000   45.0000 7151.5708   24.8058
    0.0000    7.5000   45.0000 7496.7983   24.8586
    7.5000    7.5000   45.0000 7192.2988   24.8365
   -7.5000   15.0000   45.0000 7026.4868   24.4941
    0.0000   15.0000   45.0000 7385.5576   24.5488
    7.5000   15.0000   45.0000 7084.6606   24.5233
   -7.5000   22.5000   45.0000 6915.0254   23.9771
    0.0000   22.5000   45.0000 7291.9102   24.0478
    7.5000   22.5000   45.0000 6988.9834   24.0350
   -7.5000   30.0000   45.0000 6964.6113   23.9609
    0.0000   30.0000   45.0000 7358.1230   24.0487
    7.5000   30.0000   45.0000 7052.1167   24.0527
   -7.5000   37.5000   45.0000 6682.0576   23.2563
    0.0000   37.5000   45.0000 7064.5200   23.3419
    7.5000   37.5000   45.0000 6748.6860   23.3503
   -7.5000   45.0000   45.0000 6339.9761   22.4240
    0.0000   45.0000   45.0000 6700.1968   22.4887
    7.5000   45.0000   45.0000 6389.7959   22.4844

---------------------------------------------------------------------
imgreg_4dfp /opt/freesurfer/average/711-2C_as_mni_average_305 /opt/freesurfer/average/711-2B_as_mni_average_305_mask talsrcimg_g11 none talsrcimg_to_711-2C_as_mni_average_305_t4 4355
---------------------------------------------------------------------

freesurfer imgreg_4dfp.c
/opt/freesurfer/average/711-2C_as_mni_average_305.4dfp.img
       256       256       256         1
  1.000000  1.000000  1.000000
orientation T byte_order littleendian
Reading image: /opt/freesurfer/average/711-2C_as_mni_average_305.4dfp.img
dimensions:      256       256       256
mmppix:       1.0000   -1.0000   -1.0000
center:     128.0000 -129.0000 -129.0000
/opt/freesurfer/average/711-2B_as_mni_average_305_mask.4dfp.img
       256       256       256         1
  1.000000  1.000000  1.000000
orientation T byte_order littleendian
Reading mask: /opt/freesurfer/average/711-2B_as_mni_average_305_mask.4dfp.img (2306576 pixels)
talsrcimg_g11.4dfp.img
       320       320       320         1
  0.700000  0.700000  0.700000
orientation T byte_order littleendian
Reading image: talsrcimg_g11.4dfp.img
dimensions:      320       320       320
mmppix:       0.7000   -0.7000   -0.7000
center:     112.0000 -112.7000 -112.7000
rotation matrix determinant  1.000000
image alignment mode   4355 decimal     1103 hex
   -7.5000  -30.0000  -45.0000 2057.9197   25.1799
    0.0000  -30.0000  -45.0000 2071.4207   25.0960
    7.5000  -30.0000  -45.0000 2065.9741   25.1179
   -7.5000  -22.5000  -45.0000 2153.3738   22.9666
    0.0000  -22.5000  -45.0000 2170.8040   22.8732
    7.5000  -22.5000  -45.0000 2163.9419   22.9164
   -7.5000  -15.0000  -45.0000 2223.8625   21.2422
    0.0000  -15.0000  -45.0000 2244.2361   21.1221
    7.5000  -15.0000  -45.0000 2236.2043   21.1846
   -7.5000   -7.5000  -45.0000 2266.5513   19.9514
    0.0000   -7.5000  -45.0000 2284.2131   19.7956
    7.5000   -7.5000  -45.0000 2275.9924   19.8952
   -7.5000    0.0000  -45.0000 2296.9353   19.0168
    0.0000    0.0000  -45.0000 2307.6917   18.8313
    7.5000    0.0000  -45.0000 2300.0623   18.9391
   -7.5000    7.5000  -45.0000 2315.7461   18.3936
    0.0000    7.5000  -45.0000 2326.2329   18.1977
    7.5000    7.5000  -45.0000 2317.3184   18.2806
   -7.5000   15.0000  -45.0000 2312.6555   18.0685
    0.0000   15.0000  -45.0000 2325.8821   17.8528
    7.5000   15.0000  -45.0000 2319.9841   17.9683
   -7.5000   22.5000  -45.0000 2301.9500   17.9505
    0.0000   22.5000  -45.0000 2317.9075   17.7643
    7.5000   22.5000  -45.0000 2309.5732   17.8755
   -7.5000   30.0000  -45.0000 2280.4639   18.1190
    0.0000   30.0000  -45.0000 2302.6130   17.9797
    7.5000   30.0000  -45.0000 2295.5232   18.1225
   -7.5000   37.5000  -45.0000 2233.9038   18.4332
    0.0000   37.5000  -45.0000 2251.8335   18.2675
    7.5000   37.5000  -45.0000 2246.9368   18.4753
   -7.5000   45.0000  -45.0000 2143.1926   18.7465
    0.0000   45.0000  -45.0000 2160.9651   18.5695
    7.5000   45.0000  -45.0000 2152.7439   18.7398
   -7.5000   52.5000  -45.0000 2015.1976   19.0551
    0.0000   52.5000  -45.0000 2032.3978   18.8553
    7.5000   52.5000  -45.0000 2026.7584   18.9897
   -7.5000   60.0000  -45.0000 1861.9899   19.3580
    0.0000   60.0000  -45.0000 1882.5382   19.1886
    7.5000   60.0000  -45.0000 1879.4417   19.2919
   -7.5000  -30.0000  -37.5000 2185.9287   25.4418
    0.0000  -30.0000  -37.5000 2206.4851   25.3112
    7.5000  -30.0000  -37.5000 2201.0762   25.3590
   -7.5000  -22.5000  -37.5000 2291.3240   23.1840
    0.0000  -22.5000  -37.5000 2314.3037   23.0295
    7.5000  -22.5000  -37.5000 2310.0872   23.0840
   -7.5000  -15.0000  -37.5000 2371.0513   21.4013
    0.0000  -15.0000  -37.5000 2392.3044   21.2036
    7.5000  -15.0000  -37.5000 2390.4775   21.2820
   -7.5000   -7.5000  -37.5000 2425.7949   20.0638
    0.0000   -7.5000  -37.5000 2440.8213   19.8528
    7.5000   -7.5000  -37.5000 2440.2368   19.9112
   -7.5000    0.0000  -37.5000 2456.3516   19.0067
    0.0000    0.0000  -37.5000 2471.2031   18.7652
    7.5000    0.0000  -37.5000 2469.8247   18.8517
   -7.5000    7.5000  -37.5000 2477.9607   18.2537
    0.0000    7.5000  -37.5000 2494.8430   18.0276
    7.5000    7.5000  -37.5000 2489.6270   18.1051
   -7.5000   15.0000  -37.5000 2481.4497   17.8780
    0.0000   15.0000  -37.5000 2499.1423   17.6830
    7.5000   15.0000  -37.5000 2493.3652   17.7859
   -7.5000   22.5000  -37.5000 2471.4688   17.6867
    0.0000   22.5000  -37.5000 2491.2983   17.4899
    7.5000   22.5000  -37.5000 2478.5762   17.6161
   -7.5000   30.0000  -37.5000 2453.7239   17.8349
    0.0000   30.0000  -37.5000 2481.7295   17.6816
    7.5000   30.0000  -37.5000 2471.7908   17.8046
   -7.5000   37.5000  -37.5000 2402.4780   18.1320
    0.0000   37.5000  -37.5000 2428.2788   17.9645
    7.5000   37.5000  -37.5000 2421.0725   18.1416
   -7.5000   45.0000  -37.5000 2306.7856   18.4864
    0.0000   45.0000  -37.5000 2330.8545   18.2870
    7.5000   45.0000  -37.5000 2322.6638   18.4500
   -7.5000   52.5000  -37.5000 2170.3977   18.8495
    0.0000   52.5000  -37.5000 2197.9287   18.6142
    7.5000   52.5000  -37.5000 2190.3003   18.7395
   -7.5000   60.0000  -37.5000 2004.7634   19.1694
    0.0000   60.0000  -37.5000 2035.9347   18.9534
    7.5000   60.0000  -37.5000 2031.7302   19.0406
   -7.5000  -30.0000  -30.0000 2288.6819   25.5031
    0.0000  -30.0000  -30.0000 2310.2607   25.2792
    7.5000  -30.0000  -30.0000 2304.2742   25.3680
   -7.5000  -22.5000  -30.0000 2398.8679   23.1451
    0.0000  -22.5000  -30.0000 2426.1348   22.9349
    7.5000  -22.5000  -30.0000 2421.8748   23.0328
   -7.5000  -15.0000  -30.0000 2487.4690   21.3106
    0.0000  -15.0000  -30.0000 2509.3191   21.0665
    7.5000  -15.0000  -30.0000 2508.2632   21.1554
   -7.5000   -7.5000  -30.0000 2547.0046   19.8609
    0.0000   -7.5000  -30.0000 2565.0271   19.6333
    7.5000   -7.5000  -30.0000 2563.4385   19.7044
   -7.5000    0.0000  -30.0000 2587.7146   18.7605
    0.0000    0.0000  -30.0000 2607.6130   18.5472
    7.5000    0.0000  -30.0000 2604.4507   18.5971
   -7.5000    7.5000  -30.0000 2614.8328   17.8942
    0.0000    7.5000  -30.0000 2636.4116   17.7129
    7.5000    7.5000  -30.0000 2630.6252   17.7397
   -7.5000   15.0000  -30.0000 2624.0481   17.5038
    0.0000   15.0000  -30.0000 2647.2681   17.2799
    7.5000   15.0000  -30.0000 2639.5366   17.3425
   -7.5000   22.5000  -30.0000 2616.8936   17.2643
    0.0000   22.5000  -30.0000 2641.0259   17.0303
    7.5000   22.5000  -30.0000 2628.2366   17.1290
   -7.5000   30.0000  -30.0000 2604.9580   17.3744
    0.0000   30.0000  -30.0000 2634.0149   17.1748
    7.5000   30.0000  -30.0000 2624.3516   17.2876
   -7.5000   37.5000  -30.0000 2555.5955   17.6618
    0.0000   37.5000  -30.0000 2583.4788   17.4566
    7.5000   37.5000  -30.0000 2573.1694   17.6061
   -7.5000   45.0000  -30.0000 2454.1582   18.0341
    0.0000   45.0000  -30.0000 2475.7251   17.8137
    7.5000   45.0000  -30.0000 2468.9619   17.9575
   -7.5000   52.5000  -30.0000 2311.2922   18.4257
    0.0000   52.5000  -30.0000 2333.7375   18.1702
    7.5000   52.5000  -30.0000 2330.2671   18.2976
   -7.5000   60.0000  -30.0000 2139.1150   18.7843
    0.0000   60.0000  -30.0000 2165.2964   18.5249
    7.5000   60.0000  -30.0000 2163.0535   18.6305
   -7.5000  -30.0000  -22.5000 2313.0103   24.6467
    0.0000  -30.0000  -22.5000 2332.6877   24.4118
    7.5000  -30.0000  -22.5000 2324.7197   24.4244
   -7.5000  -22.5000  -22.5000 2427.3687   22.3034
    0.0000  -22.5000  -22.5000 2448.0552   22.1006
    7.5000  -22.5000  -22.5000 2443.1719   22.0945
   -7.5000  -15.0000  -22.5000 2520.1775   20.4503
    0.0000  -15.0000  -22.5000 2538.5754   20.2440
    7.5000  -15.0000  -22.5000 2536.9761   20.2634
   -7.5000   -7.5000  -22.5000 2590.9468   18.9496
    0.0000   -7.5000  -22.5000 2610.8833   18.7756
    7.5000   -7.5000  -22.5000 2604.0303   18.8113
   -7.5000    0.0000  -22.5000 2640.9353   17.8033
    0.0000    0.0000  -22.5000 2662.5925   17.6256
    7.5000    0.0000  -22.5000 2656.5273   17.6788
   -7.5000    7.5000  -22.5000 2677.6243   16.9416
    0.0000    7.5000  -22.5000 2700.0872   16.7401
    7.5000    7.5000  -22.5000 2689.3582   16.8052
   -7.5000   15.0000  -22.5000 2690.3682   16.4693
    0.0000   15.0000  -22.5000 2708.5247   16.2335
    7.5000   15.0000  -22.5000 2698.1045   16.2669
   -7.5000   22.5000  -22.5000 2683.8154   16.1777
    0.0000   22.5000  -22.5000 2706.9265   15.9482
    7.5000   22.5000  -22.5000 2692.0405   16.0150
   -7.5000   30.0000  -22.5000 2677.3201   16.2667
    0.0000   30.0000  -22.5000 2700.0342   16.0403
    7.5000   30.0000  -22.5000 2687.6250   16.1186
   -7.5000   37.5000  -22.5000 2627.6306   16.5459
    0.0000   37.5000  -22.5000 2647.8054   16.3222
    7.5000   37.5000  -22.5000 2638.0002   16.4306
   -7.5000   45.0000  -22.5000 2522.3792   16.9317
    0.0000   45.0000  -22.5000 2540.5439   16.6978
    7.5000   45.0000  -22.5000 2528.8181   16.8043
   -7.5000   52.5000  -22.5000 2375.6543   17.3398
    0.0000   52.5000  -22.5000 2392.1741   17.0683
    7.5000   52.5000  -22.5000 2383.4917   17.1638
   -7.5000   60.0000  -22.5000 2197.6682   17.7451
    0.0000   60.0000  -22.5000 2216.9128   17.4505
    7.5000   60.0000  -22.5000 2209.5769   17.5405
   -7.5000  -30.0000  -15.0000 2377.8232   24.9191
    0.0000  -30.0000  -15.0000 2396.3501   24.6247
    7.5000  -30.0000  -15.0000 2382.1064   24.5546
   -7.5000  -22.5000  -15.0000 2494.0127   22.4714
    0.0000  -22.5000  -15.0000 2512.5374   22.1998
    7.5000  -22.5000  -15.0000 2503.9443   22.1428
   -7.5000  -15.0000  -15.0000 2594.4226   20.4965
    0.0000  -15.0000  -15.0000 2611.8533   20.2642
    7.5000  -15.0000  -15.0000 2604.1338   20.2062
   -7.5000   -7.5000  -15.0000 2677.9624   18.8988
    0.0000   -7.5000  -15.0000 2695.9258   18.7263
    7.5000   -7.5000  -15.0000 2687.0789   18.6685
   -7.5000    0.0000  -15.0000 2744.3071   17.6459
    0.0000    0.0000  -15.0000 2758.4475   17.4796
    7.5000    0.0000  -15.0000 2756.1362   17.4514
   -7.5000    7.5000  -15.0000 2792.7119   16.7480
    0.0000    7.5000  -15.0000 2806.0500   16.5782
    7.5000    7.5000  -15.0000 2800.6057   16.5745
   -7.5000   15.0000  -15.0000 2808.8101   16.2098
    0.0000   15.0000  -15.0000 2827.9722   16.0080
    7.5000   15.0000  -15.0000 2816.7390   16.0136
   -7.5000   22.5000  -15.0000 2797.2583   15.7850
    0.0000   22.5000  -15.0000 2824.4565   15.5601
    7.5000   22.5000  -15.0000 2808.0811   15.6015
   -7.5000   30.0000  -15.0000 2793.5217   15.8375
    0.0000   30.0000  -15.0000 2813.2476   15.5961
    7.5000   30.0000  -15.0000 2796.6292   15.6661
   -7.5000   37.5000  -15.0000 2745.0601   16.1411
    0.0000   37.5000  -15.0000 2762.3110   15.8754
    7.5000   37.5000  -15.0000 2750.6262   15.9537
   -7.5000   45.0000  -15.0000 2635.8745   16.5653
    0.0000   45.0000  -15.0000 2651.4958   16.2708
    7.5000   45.0000  -15.0000 2639.9094   16.3469
   -7.5000   52.5000  -15.0000 2486.0625   17.0605
    0.0000   52.5000  -15.0000 2502.0408   16.7142
    7.5000   52.5000  -15.0000 2494.0894   16.8245
   -7.5000   60.0000  -15.0000 2303.9094   17.5590
    0.0000   60.0000  -15.0000 2324.8408   17.2114
    7.5000   60.0000  -15.0000 2312.4014   17.3410
   -7.5000  -30.0000   -7.5000 2413.4587   25.2383
    0.0000  -30.0000   -7.5000 2435.1382   25.0283
    7.5000  -30.0000   -7.5000 2426.2522   24.9522
   -7.5000  -22.5000   -7.5000 2522.8721   22.6207
    0.0000  -22.5000   -7.5000 2550.3777   22.4716
    7.5000  -22.5000   -7.5000 2540.0916   22.3949
   -7.5000  -15.0000   -7.5000 2619.5964   20.5214
    0.0000  -15.0000   -7.5000 2652.3345   20.4440
    7.5000  -15.0000   -7.5000 2638.4097   20.3136
   -7.5000   -7.5000   -7.5000 2706.6841   18.8270
    0.0000   -7.5000   -7.5000 2735.9631   18.7795
    7.5000   -7.5000   -7.5000 2723.5945   18.6431
   -7.5000    0.0000   -7.5000 2786.7146   17.4985
    0.0000    0.0000   -7.5000 2807.4941   17.4562
    7.5000    0.0000   -7.5000 2801.3015   17.3380
   -7.5000    7.5000   -7.5000 2849.1575   16.6094
    0.0000    7.5000   -7.5000 2873.9258   16.6058
    7.5000    7.5000   -7.5000 2868.6411   16.5203
   -7.5000   15.0000   -7.5000 2880.5237   16.0458
    0.0000   15.0000   -7.5000 2920.9419   16.0630
    7.5000   15.0000   -7.5000 2906.8494   15.9589
   -7.5000   22.5000   -7.5000 2870.8352   15.5001
    0.0000   22.5000   -7.5000 2917.8086   15.4420
    7.5000   22.5000   -7.5000 2896.8933   15.4205
   -7.5000   30.0000   -7.5000 2857.5046   15.4584
    0.0000   30.0000   -7.5000 2895.2527   15.2904
    7.5000   30.0000   -7.5000 2872.5918   15.3426
   -7.5000   37.5000   -7.5000 2814.0789   15.7400
    0.0000   37.5000   -7.5000 2844.0479   15.5497
    7.5000   37.5000   -7.5000 2827.5334   15.5707
   -7.5000   45.0000   -7.5000 2711.7839   16.2680
    0.0000   45.0000   -7.5000 2739.1150   15.9969
    7.5000   45.0000   -7.5000 2729.9690   16.0406
   -7.5000   52.5000   -7.5000 2556.6934   16.8687
    0.0000   52.5000   -7.5000 2583.3416   16.5728
    7.5000   52.5000   -7.5000 2572.9780   16.6297
   -7.5000   60.0000   -7.5000 2373.9636   17.4443
    0.0000   60.0000   -7.5000 2397.3682   17.1396
    7.5000   60.0000   -7.5000 2388.9629   17.2209
   -7.5000  -30.0000    0.0000 2398.8076   25.4745
    0.0000  -30.0000    0.0000 2430.8557   25.4400
    7.5000  -30.0000    0.0000 2415.1455   25.3894
   -7.5000  -22.5000    0.0000 2511.1199   22.7881
    0.0000  -22.5000    0.0000 2544.0469   22.7425
    7.5000  -22.5000    0.0000 2526.9717   22.7311
   -7.5000  -15.0000    0.0000 2620.3342   20.6483
    0.0000  -15.0000    0.0000 2650.9590   20.6604
    7.5000  -15.0000    0.0000 2632.5947   20.5952
   -7.5000   -7.5000    0.0000 2713.8232   18.9273
    0.0000   -7.5000    0.0000 2743.4146   19.0260
    7.5000   -7.5000    0.0000 2726.8718   18.8810
   -7.5000    0.0000    0.0000 2799.4363   17.6172
    0.0000    0.0000    0.0000 2836.8237   17.7863
    7.5000    0.0000    0.0000 2819.4062   17.6129
   -7.5000    7.5000    0.0000 2877.0762   16.7492
    0.0000    7.5000    0.0000 2928.5500   17.0404
    7.5000    7.5000    0.0000 2906.4546   16.7990
   -7.5000   15.0000    0.0000 2920.3127   16.1057
    0.0000   15.0000    0.0000 3011.6736   16.5646
    7.5000   15.0000    0.0000 2966.9243   16.2260
   -7.5000   22.5000    0.0000 2903.5435   15.4503
    0.0000   22.5000    0.0000 3000.2615   15.8176
    7.5000   22.5000    0.0000 2952.9172   15.5542
   -7.5000   30.0000    0.0000 2883.8311   15.2806
    0.0000   30.0000    0.0000 2937.6118   15.2178
    7.5000   30.0000    0.0000 2907.6648   15.2296
   -7.5000   37.5000    0.0000 2839.2009   15.5949
    0.0000   37.5000    0.0000 2876.3120   15.3707
    7.5000   37.5000    0.0000 2860.6736   15.4771
   -7.5000   45.0000    0.0000 2737.9917   16.1264
    0.0000   45.0000    0.0000 2771.4023   15.9023
    7.5000   45.0000    0.0000 2759.4082   15.9849
   -7.5000   52.5000    0.0000 2586.6838   16.7477
    0.0000   52.5000    0.0000 2617.1360   16.5343
    7.5000   52.5000    0.0000 2603.5491   16.5690
   -7.5000   60.0000    0.0000 2399.1753   17.3469
    0.0000   60.0000    0.0000 2430.2410   17.1475
    7.5000   60.0000    0.0000 2422.2510   17.1562
   -7.5000  -30.0000    7.5000 2375.7585   25.9317
    0.0000  -30.0000    7.5000 2402.6741   25.8449
    7.5000  -30.0000    7.5000 2392.6521   25.9400
   -7.5000  -22.5000    7.5000 2486.6248   23.1993
    0.0000  -22.5000    7.5000 2515.6394   23.2014
    7.5000  -22.5000    7.5000 2502.2812   23.2597
   -7.5000  -15.0000    7.5000 2588.7810   20.9826
    0.0000  -15.0000    7.5000 2626.6360   21.1692
    7.5000  -15.0000    7.5000 2606.7329   21.1179
   -7.5000   -7.5000    7.5000 2689.2947   19.1563
    0.0000   -7.5000    7.5000 2740.4106   19.5276
    7.5000   -7.5000    7.5000 2710.5061   19.3575
   -7.5000    0.0000    7.5000 2783.4436   17.7602
    0.0000    0.0000    7.5000 2840.6267   18.2157
    7.5000    0.0000    7.5000 2810.6313   18.0309
   -7.5000    7.5000    7.5000 2869.5129   16.8969
    0.0000    7.5000    7.5000 2940.9263   17.3539
    7.5000    7.5000    7.5000 2909.2834   17.1681
   -7.5000   15.0000    7.5000 2907.5100   16.1674
    0.0000   15.0000    7.5000 3008.1392   16.6599
    7.5000   15.0000    7.5000 2969.1201   16.4592
   -7.5000   22.5000    7.5000 2896.2021   15.6155
    0.0000   22.5000    7.5000 2978.9929   15.7984
    7.5000   22.5000    7.5000 2949.7737   15.7709
   -7.5000   30.0000    7.5000 2896.2224   15.5802
    0.0000   30.0000    7.5000 2944.9902   15.5271
    7.5000   30.0000    7.5000 2925.5120   15.6404
   -7.5000   37.5000    7.5000 2842.4780   15.8331
    0.0000   37.5000    7.5000 2883.2649   15.7026
    7.5000   37.5000    7.5000 2868.4612   15.7889
   -7.5000   45.0000    7.5000 2735.0103   16.3011
    0.0000   45.0000    7.5000 2769.0500   16.1352
    7.5000   45.0000    7.5000 2754.2500   16.1980
   -7.5000   52.5000    7.5000 2589.7720   16.8779
    0.0000   52.5000    7.5000 2614.5181   16.6614
    7.5000   52.5000    7.5000 2603.9763   16.6863
   -7.5000   60.0000    7.5000 2404.6006   17.4666
    0.0000   60.0000    7.5000 2432.1917   17.1907
    7.5000   60.0000    7.5000 2427.0037   17.2410
   -7.5000  -30.0000   15.0000 2344.2141   26.8709
    0.0000  -30.0000   15.0000 2374.7190   26.9719
    7.5000  -30.0000   15.0000 2359.3015   27.0635
   -7.5000  -22.5000   15.0000 2458.0381   24.0823
    0.0000  -22.5000   15.0000 2491.1729   24.2392
    7.5000  -22.5000   15.0000 2474.6553   24.2523
   -7.5000  -15.0000   15.0000 2568.1938   21.7465
    0.0000  -15.0000   15.0000 2599.1929   21.9451
    7.5000  -15.0000   15.0000 2582.9214   21.9169
   -7.5000   -7.5000   15.0000 2670.3335   19.8408
    0.0000   -7.5000   15.0000 2697.5354   19.9950
    7.5000   -7.5000   15.0000 2683.8162   20.0005
   -7.5000    0.0000   15.0000 2769.2051   18.4262
    0.0000    0.0000   15.0000 2795.7507   18.5726
    7.5000    0.0000   15.0000 2777.2083   18.5600
   -7.5000    7.5000   15.0000 2853.5549   17.4130
    0.0000    7.5000   15.0000 2895.0085   17.5900
    7.5000    7.5000   15.0000 2873.8250   17.5236
   -7.5000   15.0000   15.0000 2880.4639   16.5662
    0.0000   15.0000   15.0000 2932.7542   16.6926
    7.5000   15.0000   15.0000 2913.1680   16.6141
   -7.5000   22.5000   15.0000 2895.0261   16.1902
    0.0000   22.5000   15.0000 2921.1838   16.0095
    7.5000   22.5000   15.0000 2910.8345   16.1121
   -7.5000   30.0000   15.0000 2900.2468   16.3204
    0.0000   30.0000   15.0000 2926.8770   16.0946
    7.5000   30.0000   15.0000 2906.6174   16.2072
   -7.5000   37.5000   15.0000 2834.5337   16.6451
    0.0000   37.5000   15.0000 2869.7488   16.4820
    7.5000   37.5000   15.0000 2849.7627   16.5288
   -7.5000   45.0000   15.0000 2715.8433   17.0061
    0.0000   45.0000   15.0000 2747.3191   16.8869
    7.5000   45.0000   15.0000 2727.0859   16.9188
   -7.5000   52.5000   15.0000 2562.9504   17.3922
    0.0000   52.5000   15.0000 2590.5798   17.2443
    7.5000   52.5000   15.0000 2579.0886   17.2817
   -7.5000   60.0000   15.0000 2379.7131   17.8069
    0.0000   60.0000   15.0000 2408.2097   17.6039
    7.5000   60.0000   15.0000 2404.4985   17.6417
   -7.5000  -30.0000   22.5000 2308.2903   28.2287
    0.0000  -30.0000   22.5000 2319.3777   27.9872
    7.5000  -30.0000   22.5000 2309.6472   28.2050
   -7.5000  -22.5000   22.5000 2422.5483   25.1422
    0.0000  -22.5000   22.5000 2432.4814   24.9112
    7.5000  -22.5000   22.5000 2428.6306   25.0958
   -7.5000  -15.0000   22.5000 2539.0842   22.6395
    0.0000  -15.0000   22.5000 2545.6606   22.4689
    7.5000  -15.0000   22.5000 2545.4761   22.6157
   -7.5000   -7.5000   22.5000 2640.9309   20.6331
    0.0000   -7.5000   22.5000 2648.7874   20.4959
    7.5000   -7.5000   22.5000 2647.3457   20.6417
   -7.5000    0.0000   22.5000 2736.1108   19.1715
    0.0000    0.0000   22.5000 2751.9033   19.1025
    7.5000    0.0000   22.5000 2736.8462   19.1600
   -7.5000    7.5000   22.5000 2797.6965   18.0054
    0.0000    7.5000   22.5000 2833.9507   18.0007
    7.5000    7.5000   22.5000 2812.2705   17.9828
   -7.5000   15.0000   22.5000 2843.9304   17.1737
    0.0000   15.0000   22.5000 2868.0525   16.9882
    7.5000   15.0000   22.5000 2854.8262   17.0343
   -7.5000   22.5000   22.5000 2858.2563   16.8754
    0.0000   22.5000   22.5000 2884.8884   16.6568
    7.5000   22.5000   22.5000 2860.9519   16.7215
   -7.5000   30.0000   22.5000 2857.2188   17.0881
    0.0000   30.0000   22.5000 2885.4182   16.8656
    7.5000   30.0000   22.5000 2864.5049   16.9284
   -7.5000   37.5000   22.5000 2792.5884   17.4635
    0.0000   37.5000   22.5000 2823.5549   17.2474
    7.5000   37.5000   22.5000 2803.2368   17.2983
   -7.5000   45.0000   22.5000 2678.9912   17.8609
    0.0000   45.0000   22.5000 2701.0503   17.6659
    7.5000   45.0000   22.5000 2685.0828   17.7106
   -7.5000   52.5000   22.5000 2528.5391   18.2444
    0.0000   52.5000   22.5000 2549.5205   18.0316
    7.5000   52.5000   22.5000 2540.2244   18.0922
   -7.5000   60.0000   22.5000 2342.8916   18.5801
    0.0000   60.0000   22.5000 2371.3928   18.3743
    7.5000   60.0000   22.5000 2363.6562   18.3876
   -7.5000  -30.0000   30.0000 2254.1875   29.5082
    0.0000  -30.0000   30.0000 2252.9917   28.9646
    7.5000  -30.0000   30.0000 2257.6802   29.3848
   -7.5000  -22.5000   30.0000 2375.9692   26.2557
    0.0000  -22.5000   30.0000 2372.8669   25.7100
    7.5000  -22.5000   30.0000 2380.8523   26.1261
   -7.5000  -15.0000   30.0000 2497.8093   23.6885
    0.0000  -15.0000   30.0000 2488.8489   23.1954
    7.5000  -15.0000   30.0000 2498.1025   23.5583
   -7.5000   -7.5000   30.0000 2599.6560   21.6120
    0.0000   -7.5000   30.0000 2594.2529   21.2500
    7.5000   -7.5000   30.0000 2598.0127   21.5014
   -7.5000    0.0000   30.0000 2682.2576   20.0199
    0.0000    0.0000   30.0000 2689.3489   19.7695
    7.5000    0.0000   30.0000 2684.7351   19.9263
   -7.5000    7.5000   30.0000 2742.1577   18.8353
    0.0000    7.5000   30.0000 2755.4417   18.5685
    7.5000    7.5000   30.0000 2752.8105   18.6909
   -7.5000   15.0000   30.0000 2786.3137   17.9919
    0.0000   15.0000   30.0000 2806.2136   17.6820
    7.5000   15.0000   30.0000 2793.0361   17.8086
   -7.5000   22.5000   30.0000 2805.6809   17.7778
    0.0000   22.5000   30.0000 2829.1653   17.5278
    7.5000   22.5000   30.0000 2805.3269   17.6268
   -7.5000   30.0000   30.0000 2797.2014   17.9959
    0.0000   30.0000   30.0000 2822.8899   17.7700
    7.5000   30.0000   30.0000 2802.7231   17.8435
   -7.5000   37.5000   30.0000 2732.4543   18.3727
    0.0000   37.5000   30.0000 2762.0093   18.1679
    7.5000   37.5000   30.0000 2750.0266   18.2240
   -7.5000   45.0000   30.0000 2624.9617   18.7761
    0.0000   45.0000   30.0000 2640.7712   18.5272
    7.5000   45.0000   30.0000 2631.9417   18.6039
   -7.5000   52.5000   30.0000 2474.2939   19.1288
    0.0000   52.5000   30.0000 2491.0818   18.8606
    7.5000   52.5000   30.0000 2484.0850   18.9571
   -7.5000   60.0000   30.0000 2288.3882   19.4454
    0.0000   60.0000   30.0000 2312.2646   19.2176
    7.5000   60.0000   30.0000 2305.3716   19.2906
   -7.5000  -30.0000   37.5000 2199.6494   30.8799
    0.0000  -30.0000   37.5000 2189.6982   29.9848
    7.5000  -30.0000   37.5000 2203.3223   30.6868
   -7.5000  -22.5000   37.5000 2326.2625   27.4714
    0.0000  -22.5000   37.5000 2315.7820   26.6893
    7.5000  -22.5000   37.5000 2330.5923   27.3352
   -7.5000  -15.0000   37.5000 2442.2668   24.8233
    0.0000  -15.0000   37.5000 2427.6543   24.1880
    7.5000  -15.0000   37.5000 2443.5024   24.6926
   -7.5000   -7.5000   37.5000 2538.0435   22.7229
    0.0000   -7.5000   37.5000 2527.7495   22.2129
    7.5000   -7.5000   37.5000 2537.9448   22.5841
   -7.5000    0.0000   37.5000 2616.2297   21.1045
    0.0000    0.0000   37.5000 2612.2935   20.6526
    7.5000    0.0000   37.5000 2620.9924   20.9493
   -7.5000    7.5000   37.5000 2675.4600   19.8722
    0.0000    7.5000   37.5000 2673.3032   19.4142
    7.5000    7.5000   37.5000 2681.0662   19.6836
   -7.5000   15.0000   37.5000 2717.3704   19.0837
    0.0000   15.0000   37.5000 2724.0779   18.7023
    7.5000   15.0000   37.5000 2717.6418   18.8985
   -7.5000   22.5000   37.5000 2726.1143   18.8988
    0.0000   22.5000   37.5000 2747.3066   18.6022
    7.5000   22.5000   37.5000 2731.6707   18.7302
   -7.5000   30.0000   37.5000 2718.8997   19.0799
    0.0000   30.0000   37.5000 2746.9067   18.7965
    7.5000   30.0000   37.5000 2731.7422   18.8984
   -7.5000   37.5000   37.5000 2665.2705   19.4026
    0.0000   37.5000   37.5000 2690.7102   19.1484
    7.5000   37.5000   37.5000 2679.8425   19.2668
   -7.5000   45.0000   37.5000 2558.1042   19.8109
    0.0000   45.0000   37.5000 2574.7271   19.5290
    7.5000   45.0000   37.5000 2564.7739   19.6725
   -7.5000   52.5000   37.5000 2403.5020   20.1109
    0.0000   52.5000   37.5000 2421.5972   19.8071
    7.5000   52.5000   37.5000 2409.6895   19.9444
   -7.5000   60.0000   37.5000 2214.3230   20.4038
    0.0000   60.0000   37.5000 2236.5820   20.1484
    7.5000   60.0000   37.5000 2229.1958   20.2334
   -7.5000  -30.0000   45.0000 2118.0793   32.3182
    0.0000  -30.0000   45.0000 2114.6184   31.2784
    7.5000  -30.0000   45.0000 2125.4565   32.0704
   -7.5000  -22.5000   45.0000 2244.2820   28.8300
    0.0000  -22.5000   45.0000 2241.4824   27.9147
    7.5000  -22.5000   45.0000 2250.2834   28.6169
   -7.5000  -15.0000   45.0000 2354.6140   26.1185
    0.0000  -15.0000   45.0000 2352.2576   25.3668
    7.5000  -15.0000   45.0000 2359.1941   25.9468
   -7.5000   -7.5000   45.0000 2438.9773   23.8875
    0.0000   -7.5000   45.0000 2443.2615   23.3646
    7.5000   -7.5000   45.0000 2451.0410   23.8051
   -7.5000    0.0000   45.0000 2516.5820   22.2171
    0.0000    0.0000   45.0000 2515.4983   21.7144
    7.5000    0.0000   45.0000 2524.9314   22.0812
   -7.5000    7.5000   45.0000 2578.3315   20.9962
    0.0000    7.5000   45.0000 2572.1633   20.5153
    7.5000    7.5000   45.0000 2577.7573   20.7978
   -7.5000   15.0000   45.0000 2609.3708   20.2452
    0.0000   15.0000   45.0000 2618.4072   19.8862
    7.5000   15.0000   45.0000 2616.9641   20.0864
   -7.5000   22.5000   45.0000 2618.5408   20.1157
    0.0000   22.5000   45.0000 2639.7390   19.8336
    7.5000   22.5000   45.0000 2631.5532   19.9759
   -7.5000   30.0000   45.0000 2607.3994   20.2981
    0.0000   30.0000   45.0000 2636.7053   19.9886
    7.5000   30.0000   45.0000 2628.7485   20.1318
   -7.5000   37.5000   45.0000 2555.4734   20.5708
    0.0000   37.5000   45.0000 2588.3562   20.2750
    7.5000   37.5000   45.0000 2577.5315   20.4621
   -7.5000   45.0000   45.0000 2445.3242   20.9543
    0.0000   45.0000   45.0000 2471.0845   20.6614
    7.5000   45.0000   45.0000 2463.3101   20.8397
   -7.5000   52.5000   45.0000 2299.7712   21.1920
    0.0000   52.5000   45.0000 2320.2915   20.9081
    7.5000   52.5000   45.0000 2308.4329   21.0197
   -7.5000   60.0000   45.0000 2115.3560   21.3972
    0.0000   60.0000   45.0000 2132.1162   21.1562
    7.5000   60.0000   45.0000 2127.5522   21.2470

---------------------------------------------------------------------
imgreg_4dfp /opt/freesurfer/average/711-2C_as_mni_average_305 /opt/freesurfer/average/711-2B_as_mni_average_305_mask talsrcimg_g11 none talsrcimg_to_711-2C_as_mni_average_305_t4 1283
---------------------------------------------------------------------

freesurfer imgreg_4dfp.c
/opt/freesurfer/average/711-2C_as_mni_average_305.4dfp.img
       256       256       256         1
  1.000000  1.000000  1.000000
orientation T byte_order littleendian
Reading image: /opt/freesurfer/average/711-2C_as_mni_average_305.4dfp.img
dimensions:      256       256       256
mmppix:       1.0000   -1.0000   -1.0000
center:     128.0000 -129.0000 -129.0000
/opt/freesurfer/average/711-2B_as_mni_average_305_mask.4dfp.img
       256       256       256         1
  1.000000  1.000000  1.000000
orientation T byte_order littleendian
Reading mask: /opt/freesurfer/average/711-2B_as_mni_average_305_mask.4dfp.img (2306576 pixels)
talsrcimg_g11.4dfp.img
       320       320       320         1
  0.700000  0.700000  0.700000
orientation T byte_order littleendian
Reading image: talsrcimg_g11.4dfp.img
dimensions:      320       320       320
mmppix:       0.7000   -0.7000   -0.7000
center:     112.0000 -112.7000 -112.7000
rotation matrix determinant  1.000000
fimgreg.f
image alignment mode   1283 decimal      503 hex
parameters
    0.0000   15.0000    0.0000    0.0000    0.0000    0.0000
eta,q 0.94155 16.62463
niter,ni,del,rscale     5    3   12.0000    1.2000
parameter  2 -0.502300 -> -0.500000 qaram    1.1500
parameter  4 16.459988 ->  0.500000 qaram    1.1500
parameters
    1.3497   18.4500    2.4477   -3.4500    1.3719    0.5609
eta,q 0.95114 16.55777
  0.0756  0.0716  0.0721  0.0485  0.0584  0.0523
  0.0686  0.0651  0.0662  0.0491  0.0546  0.0507
  0.0621  0.0591  0.0586  0.0505  0.0512  0.0497
  0.0559  0.0542  0.0516  0.0520  0.0494  0.0490
  0.0541  0.0515  0.0515  0.0531  0.0490  0.0489
  0.0573  0.0521  0.0539  0.0542  0.0501  0.0498
  0.0657  0.0548  0.0553  0.0555  0.0531  0.0515
niter,ni,del,rscale     6    3   12.0000    1.2000
parameter  4  1.695260 ->  0.500000 qaram    1.3225
parameters
    1.2345   19.1465    2.2195   -7.4175    1.3139    0.1018
eta,q 0.95341 16.61350
  0.0722  0.0667  0.0602  0.0465  0.0553  0.0499
  0.0587  0.0590  0.0509  0.0465  0.0508  0.0479
  0.0496  0.0525  0.0475  0.0473  0.0479  0.0467
  0.0489  0.0488  0.0490  0.0488  0.0467  0.0467
  0.0522  0.0514  0.0512  0.0519  0.0476  0.0478
  0.0609  0.0560  0.0538  0.0536  0.0505  0.0489
  0.0727  0.0604  0.0597  0.0546  0.0562  0.0505
niter,ni,del,rscale     6    3   12.0000    1.2000
parameters
    1.2528   20.1551    1.5428   -9.3200    1.0324    0.7336
eta,q 0.95438 16.58282
  0.0719  0.0708  0.0562  0.0496  0.0541  0.0506
  0.0578  0.0595  0.0483  0.0462  0.0495  0.0479
  0.0480  0.0511  0.0456  0.0454  0.0465  0.0463
  0.0466  0.0466  0.0467  0.0462  0.0457  0.0456
  0.0496  0.0479  0.0491  0.0479  0.0470  0.0458
  0.0581  0.0523  0.0531  0.0512  0.0502  0.0467
  0.0707  0.0600  0.0601  0.0544  0.0563  0.0489
niter,ni,del,rscale     5    3   12.0000    1.2000
parameters
    1.2995   20.4120    1.3334   -9.3515    0.9268    0.8127
eta,q 0.95445 16.56194
  0.0715  0.0673  0.0577  0.0532  0.0544  0.0496
  0.0576  0.0566  0.0495  0.0480  0.0500  0.0474
  0.0476  0.0480  0.0451  0.0455  0.0466  0.0461
  0.0456  0.0456  0.0457  0.0456  0.0456  0.0456
  0.0488  0.0480  0.0478  0.0464  0.0468  0.0458
  0.0573  0.0544  0.0518  0.0489  0.0498  0.0470
  0.0700  0.0642  0.0580  0.0525  0.0555  0.0497
niter,ni,del,rscale     4    3   12.0000    1.2000
parameters
    1.3263   20.4392    1.3209   -9.3704    0.8879    0.8190
eta,q 0.95444 16.56135
  0.0713  0.0659  0.0585  0.0533  0.0545  0.0495
  0.0576  0.0554  0.0503  0.0480  0.0502  0.0473
  0.0476  0.0474  0.0452  0.0455  0.0467  0.0461
  0.0455  0.0456  0.0456  0.0456  0.0456  0.0456
  0.0489  0.0484  0.0475  0.0465  0.0467  0.0458
  0.0576  0.0554  0.0513  0.0490  0.0497  0.0470
  0.0701  0.0651  0.0573  0.0525  0.0552  0.0498
registration optimization eta report
parameter search radius
    6.0000    6.9000    6.0000    7.9350    6.0000    6.0000
100000*second partial in parameter space
       70.       42.       35.       12.       26.       11.
  0.0713  0.0659  0.0585  0.0533  0.0545  0.0495
  0.0576  0.0554  0.0503  0.0480  0.0502  0.0473
  0.0476  0.0474  0.0452  0.0455  0.0467  0.0461
  0.0455  0.0456  0.0456  0.0456  0.0456  0.0456
  0.0489  0.0484  0.0475  0.0465  0.0467  0.0458
  0.0576  0.0554  0.0513  0.0490  0.0497  0.0470
  0.0701  0.0651  0.0573  0.0525  0.0552  0.0498
    1.3263   20.4392    1.3209   -9.3704    0.8879    0.8190
eta,q 0.95444 16.56135

---------------------------------------------------------------------
imgreg_4dfp /opt/freesurfer/average/711-2C_as_mni_average_305 /opt/freesurfer/average/711-2B_as_mni_average_305_mask talsrcimg_g11 none talsrcimg_to_711-2C_as_mni_average_305_t4 3335
---------------------------------------------------------------------

freesurfer imgreg_4dfp.c
/opt/freesurfer/average/711-2C_as_mni_average_305.4dfp.img
       256       256       256         1
  1.000000  1.000000  1.000000
orientation T byte_order littleendian
Reading image: /opt/freesurfer/average/711-2C_as_mni_average_305.4dfp.img
dimensions:      256       256       256
mmppix:       1.0000   -1.0000   -1.0000
center:     128.0000 -129.0000 -129.0000
/opt/freesurfer/average/711-2B_as_mni_average_305_mask.4dfp.img
       256       256       256         1
  1.000000  1.000000  1.000000
orientation T byte_order littleendian
Reading mask: /opt/freesurfer/average/711-2B_as_mni_average_305_mask.4dfp.img (2306576 pixels)
talsrcimg_g11.4dfp.img
       320       320       320         1
  0.700000  0.700000  0.700000
orientation T byte_order littleendian
Reading image: talsrcimg_g11.4dfp.img
dimensions:      320       320       320
mmppix:       0.7000   -0.7000   -0.7000
center:     112.0000 -112.7000 -112.7000
fimgreg.f
image alignment mode   3335 decimal      D07 hex
parameters
    1.3263   20.4392    1.3209   -0.0222   -1.3408   -1.3462
   -1.1581   -1.7614    1.4293   16.2581    1.5495  -16.2797
eta,q 0.95788 16.59272
niter,ni,del,rscale     5    3    5.0000    1.2000
parameter  5  1.089649 ->  0.500000 qaram    1.1500
parameter  6  0.575150 ->  0.500000 qaram    1.1500
parameter 11  0.517067 ->  0.500000 qaram    1.1500
parameter 12 -0.961378 -> -0.500000 qaram    1.1500
parameters
    1.3459   20.8420    1.4141   -3.0868   -5.4808   -5.4862
   -1.6005   -0.8531    3.1674   13.4649   -2.5905  -12.1397
eta,q 0.96694 16.48527
  0.0463  0.0468  0.0464  0.0423  0.0354  0.0374  0.0364  0.0398  0.0373  0.0353  0.0339  0.0364
  0.0440  0.0446  0.0442  0.0418  0.0362  0.0352  0.0354  0.0372  0.0361  0.0343  0.0338  0.0353
  0.0426  0.0430  0.0427  0.0416  0.0381  0.0346  0.0349  0.0356  0.0352  0.0340  0.0338  0.0345
  0.0421  0.0421  0.0420  0.0420  0.0416  0.0366  0.0348  0.0347  0.0346  0.0345  0.0340  0.0338
  0.0425  0.0421  0.0424  0.0439  0.0465  0.0430  0.0351  0.0347  0.0345  0.0358  0.0344  0.0333
  0.0439  0.0430  0.0438  0.0484  0.0525  0.0475  0.0358  0.0356  0.0348  0.0382  0.0352  0.0330
  0.0462  0.0445  0.0458  0.0558  0.0590  0.0515  0.0367  0.0378  0.0356  0.0416  0.0362  0.0329
niter,ni,del,rscale     7    3    5.0000    1.2000
parameter  2 -0.551092 -> -0.500000 qaram    1.1500
parameter  5  0.535096 ->  0.500000 qaram    1.3225
parameters
    1.3549   22.2220    0.4386    0.1334  -10.2418   -6.4990
   -1.6069    0.2851    3.7579   12.6511   -2.7117   -9.8525
eta,q 0.97030 16.30115
  0.0354  0.0389  0.0325  0.0349  0.0301  0.0364  0.0318  0.0373  0.0319  0.0319  0.0316  0.0312
  0.0341  0.0365  0.0319  0.0338  0.0295  0.0341  0.0308  0.0334  0.0309  0.0305  0.0304  0.0304
  0.0333  0.0345  0.0317  0.0327  0.0295  0.0316  0.0302  0.0310  0.0302  0.0298  0.0299  0.0300
  0.0331  0.0331  0.0321  0.0317  0.0306  0.0294  0.0300  0.0300  0.0299  0.0298  0.0297  0.0297
  0.0333  0.0322  0.0329  0.0308  0.0338  0.0307  0.0302  0.0300  0.0299  0.0304  0.0299  0.0297
  0.0341  0.0321  0.0342  0.0306  0.0389  0.0367  0.0308  0.0311  0.0305  0.0314  0.0305  0.0298
  0.0353  0.0329  0.0358  0.0322  0.0452  0.0422  0.0318  0.0337  0.0314  0.0329  0.0317  0.0301
niter,ni,del,rscale     7    3    5.0000    1.2000
parameters
    1.3447   22.9595    0.2340   -0.3464  -12.1080   -6.9386
   -1.8174    0.3614    3.9368   12.9708   -2.8598   -9.7458
eta,q 0.96985 16.16302
  0.0326  0.0342  0.0310  0.0328  0.0327  0.0364  0.0319  0.0348  0.0318  0.0325  0.0314  0.0309
  0.0309  0.0321  0.0300  0.0316  0.0312  0.0344  0.0309  0.0320  0.0309  0.0311  0.0306  0.0304
  0.0300  0.0306  0.0295  0.0305  0.0301  0.0322  0.0303  0.0306  0.0304  0.0303  0.0302  0.0302
  0.0297  0.0297  0.0295  0.0295  0.0296  0.0298  0.0301  0.0301  0.0301  0.0301  0.0301  0.0301
  0.0300  0.0295  0.0299  0.0292  0.0303  0.0298  0.0304  0.0305  0.0303  0.0304  0.0303  0.0302
  0.0310  0.0300  0.0306  0.0308  0.0333  0.0338  0.0311  0.0319  0.0308  0.0310  0.0307  0.0305
  0.0326  0.0311  0.0315  0.0358  0.0387  0.0403  0.0320  0.0346  0.0317  0.0319  0.0315  0.0308
niter,ni,del,rscale     6    3    5.0000    1.2000
parameters
    1.3803   23.3419    0.0031   -0.0093  -12.7761   -7.3422
   -1.9612    0.4621    4.1249   13.7885   -3.2243   -9.7021
eta,q 0.96961 16.12662
  0.0328  0.0333  0.0314  0.0336  0.0336  0.0364  0.0321  0.0350  0.0319  0.0326  0.0316  0.0311
  0.0313  0.0317  0.0305  0.0324  0.0320  0.0345  0.0311  0.0323  0.0311  0.0313  0.0308  0.0307
  0.0304  0.0306  0.0301  0.0312  0.0307  0.0324  0.0305  0.0308  0.0306  0.0306  0.0305  0.0304
  0.0301  0.0301  0.0301  0.0301  0.0299  0.0301  0.0304  0.0304  0.0304  0.0304  0.0304  0.0304
  0.0304  0.0303  0.0305  0.0294  0.0300  0.0299  0.0306  0.0307  0.0305  0.0305  0.0305  0.0304
  0.0312  0.0309  0.0310  0.0304  0.0317  0.0335  0.0313  0.0321  0.0310  0.0309  0.0310  0.0307
  0.0326  0.0319  0.0317  0.0344  0.0361  0.0403  0.0322  0.0348  0.0318  0.0317  0.0318  0.0310
niter,ni,del,rscale     5    3    5.0000    1.2000
parameters
    1.4125   23.6361   -0.3759    0.0192  -13.3160   -7.8313
   -2.1065    0.6252    4.3766   14.9621   -3.7069   -9.3841
eta,q 0.96930 16.08899
  0.0330  0.0330  0.0314  0.0338  0.0337  0.0363  0.0324  0.0353  0.0322  0.0327  0.0319  0.0314
  0.0316  0.0316  0.0306  0.0326  0.0322  0.0346  0.0315  0.0326  0.0314  0.0316  0.0311  0.0310
  0.0307  0.0307  0.0303  0.0314  0.0310  0.0326  0.0309  0.0312  0.0309  0.0310  0.0308  0.0308
  0.0304  0.0304  0.0304  0.0303  0.0303  0.0303  0.0307  0.0307  0.0307  0.0307  0.0307  0.0307
  0.0306  0.0305  0.0307  0.0297  0.0303  0.0302  0.0310  0.0310  0.0308  0.0308  0.0309  0.0307
  0.0315  0.0311  0.0313  0.0309  0.0317  0.0339  0.0316  0.0323  0.0313  0.0310  0.0313  0.0309
  0.0329  0.0320  0.0320  0.0354  0.0359  0.0405  0.0325  0.0349  0.0320  0.0317  0.0321  0.0313
niter,ni,del,rscale     4    3    5.0000    1.2000
parameters
    1.4506   24.0856   -0.8653   -0.0010  -14.2769   -8.5299
   -2.2715    0.8322    4.5623   17.1033   -3.9559   -8.6692
eta,q 0.96898 16.02175
  0.0333  0.0333  0.0315  0.0340  0.0335  0.0361  0.0327  0.0355  0.0327  0.0332  0.0322  0.0318
  0.0318  0.0320  0.0307  0.0328  0.0322  0.0345  0.0319  0.0329  0.0319  0.0323  0.0314  0.0314
  0.0310  0.0311  0.0305  0.0316  0.0311  0.0328  0.0313  0.0316  0.0314  0.0316  0.0311  0.0311
  0.0307  0.0307  0.0306  0.0305  0.0305  0.0306  0.0312  0.0312  0.0312  0.0311  0.0310  0.0310
  0.0309  0.0307  0.0310  0.0299  0.0306  0.0306  0.0314  0.0314  0.0313  0.0310  0.0312  0.0310
  0.0317  0.0311  0.0316  0.0312  0.0322  0.0345  0.0320  0.0326  0.0318  0.0312  0.0316  0.0312
  0.0331  0.0320  0.0323  0.0357  0.0365  0.0409  0.0328  0.0350  0.0325  0.0317  0.0323  0.0316
niter,ni,del,rscale     3    3    5.0000    1.2000
parameters
    1.4779   24.8061   -1.6252   -0.0845  -15.9352   -9.6307
   -2.3866    0.9514    4.2916   19.8838   -3.4835   -7.8549
eta,q 0.96870 15.89832
  0.0334  0.0341  0.0314  0.0339  0.0331  0.0355  0.0330  0.0354  0.0330  0.0342  0.0327  0.0321
  0.0321  0.0326  0.0308  0.0329  0.0319  0.0342  0.0322  0.0331  0.0322  0.0331  0.0318  0.0317
  0.0313  0.0316  0.0307  0.0317  0.0311  0.0327  0.0317  0.0319  0.0317  0.0322  0.0315  0.0314
  0.0310  0.0310  0.0309  0.0307  0.0307  0.0308  0.0316  0.0316  0.0316  0.0316  0.0313  0.0313
  0.0313  0.0309  0.0313  0.0301  0.0310  0.0310  0.0318  0.0318  0.0318  0.0313  0.0314  0.0313
  0.0320  0.0312  0.0320  0.0314  0.0330  0.0354  0.0323  0.0329  0.0324  0.0314  0.0317  0.0315
  0.0333  0.0320  0.0328  0.0358  0.0374  0.0416  0.0331  0.0351  0.0332  0.0320  0.0324  0.0319
niter,ni,del,rscale     2    3    5.0000    1.2000
parameters
    1.4754   25.5582   -2.5529   -0.0307  -17.6124  -10.9693
   -2.3854    0.8339    4.0385   21.5294   -3.1374   -7.5694
eta,q 0.96828 15.77090
  0.0335  0.0346  0.0314  0.0340  0.0331  0.0351  0.0332  0.0352  0.0333  0.0343  0.0328  0.0324
  0.0322  0.0331  0.0310  0.0330  0.0320  0.0339  0.0325  0.0331  0.0325  0.0331  0.0322  0.0320
  0.0315  0.0320  0.0309  0.0320  0.0312  0.0326  0.0320  0.0321  0.0320  0.0323  0.0318  0.0318
  0.0313  0.0313  0.0311  0.0309  0.0309  0.0310  0.0318  0.0318  0.0318  0.0318  0.0317  0.0317
  0.0315  0.0311  0.0315  0.0303  0.0312  0.0312  0.0320  0.0321  0.0320  0.0317  0.0318  0.0317
  0.0322  0.0314  0.0322  0.0314  0.0331  0.0355  0.0325  0.0332  0.0326  0.0320  0.0320  0.0319
  0.0335  0.0323  0.0331  0.0355  0.0374  0.0422  0.0332  0.0355  0.0335  0.0328  0.0327  0.0323
niter,ni,del,rscale     1    3    5.0000    1.2000
parameters
    1.4258   26.1448   -3.5779    0.1244  -18.4963  -12.3827
   -2.1927    0.6910    4.0144   22.8572   -2.9226   -7.4332
eta,q 0.96783 15.69678
  0.0336  0.0346  0.0318  0.0345  0.0338  0.0350  0.0337  0.0355  0.0337  0.0344  0.0332  0.0327
  0.0325  0.0332  0.0314  0.0335  0.0327  0.0340  0.0329  0.0335  0.0329  0.0333  0.0326  0.0324
  0.0319  0.0322  0.0314  0.0325  0.0318  0.0329  0.0324  0.0325  0.0324  0.0326  0.0323  0.0322
  0.0317  0.0317  0.0316  0.0314  0.0313  0.0314  0.0322  0.0322  0.0322  0.0322  0.0322  0.0322
  0.0320  0.0317  0.0320  0.0307  0.0314  0.0315  0.0324  0.0325  0.0324  0.0322  0.0322  0.0322
  0.0326  0.0321  0.0324  0.0318  0.0326  0.0353  0.0328  0.0336  0.0329  0.0325  0.0325  0.0324
  0.0338  0.0329  0.0330  0.0357  0.0362  0.0423  0.0335  0.0359  0.0338  0.0332  0.0331  0.0327
registration optimization eta report
parameter search radius
    2.4000    2.7600    2.4000    7.2000    9.5220    8.2800
    7.2000    7.2000    7.2000    7.2000    8.2800    8.2800
100000*second partial in parameter space
       35.       27.       13.        7.        4.       11.
        3.        7.        3.        3.        1.        1.
  0.0336  0.0346  0.0318  0.0345  0.0338  0.0350  0.0337  0.0355  0.0337  0.0344  0.0332  0.0327
  0.0325  0.0332  0.0314  0.0335  0.0327  0.0340  0.0329  0.0335  0.0329  0.0333  0.0326  0.0324
  0.0319  0.0322  0.0314  0.0325  0.0318  0.0329  0.0324  0.0325  0.0324  0.0326  0.0323  0.0322
  0.0317  0.0317  0.0316  0.0314  0.0313  0.0314  0.0322  0.0322  0.0322  0.0322  0.0322  0.0322
  0.0320  0.0317  0.0320  0.0307  0.0314  0.0315  0.0324  0.0325  0.0324  0.0322  0.0322  0.0322
  0.0326  0.0321  0.0324  0.0318  0.0326  0.0353  0.0328  0.0336  0.0329  0.0325  0.0325  0.0324
  0.0338  0.0329  0.0330  0.0357  0.0362  0.0423  0.0335  0.0359  0.0338  0.0332  0.0331  0.0327
    1.4258   26.1448   -3.5779    0.1244  -18.4963  -12.3827
   -2.1927    0.6910    4.0144   22.8572   -2.9226   -7.4332
eta,q 0.96783 15.69678

---------------------------------------------------------------------
imgreg_4dfp /opt/freesurfer/average/711-2C_as_mni_average_305 /opt/freesurfer/average/711-2B_as_mni_average_305_mask talsrcimg_g11 none talsrcimg_to_711-2C_as_mni_average_305_t4 2311
---------------------------------------------------------------------

freesurfer imgreg_4dfp.c
/opt/freesurfer/average/711-2C_as_mni_average_305.4dfp.img
       256       256       256         1
  1.000000  1.000000  1.000000
orientation T byte_order littleendian
Reading image: /opt/freesurfer/average/711-2C_as_mni_average_305.4dfp.img
dimensions:      256       256       256
mmppix:       1.0000   -1.0000   -1.0000
center:     128.0000 -129.0000 -129.0000
/opt/freesurfer/average/711-2B_as_mni_average_305_mask.4dfp.img
       256       256       256         1
  1.000000  1.000000  1.000000
orientation T byte_order littleendian
Reading mask: /opt/freesurfer/average/711-2B_as_mni_average_305_mask.4dfp.img (2306576 pixels)
talsrcimg_g11.4dfp.img
       320       320       320         1
  0.700000  0.700000  0.700000
orientation T byte_order littleendian
Reading image: talsrcimg_g11.4dfp.img
dimensions:      320       320       320
mmppix:       0.7000   -0.7000   -0.7000
center:     112.0000 -112.7000 -112.7000
fimgreg.f
image alignment mode   2311 decimal      907 hex
parameters
    1.4258   26.1448   -3.5779    0.1244  -18.4963  -12.3827
   -2.1927    0.6910    4.0144   22.8572   -2.9226   -7.4332
eta,q 0.96783 15.69678
niter,ni,del,rscale     5    3    5.0000    0.8000
parameter  3  0.826590 ->  0.500000 qaram    1.1500
parameters
    1.3237   26.5966   -4.4979    2.2160  -17.4039  -12.4891
   -1.9774    0.5500    3.7823   22.9846   -3.0530   -8.8155
eta,q 0.96874 15.79827
  0.0329  0.0332  0.0320  0.0340  0.0322  0.0332  0.0321  0.0338  0.0319  0.0320  0.0320  0.0314
  0.0325  0.0327  0.0319  0.0333  0.0318  0.0326  0.0316  0.0324  0.0316  0.0316  0.0316  0.0313
  0.0322  0.0324  0.0320  0.0326  0.0315  0.0320  0.0314  0.0315  0.0313  0.0314  0.0313  0.0313
  0.0322  0.0322  0.0321  0.0319  0.0313  0.0312  0.0313  0.0313  0.0313  0.0313  0.0313  0.0313
  0.0323  0.0321  0.0323  0.0314  0.0312  0.0310  0.0314  0.0316  0.0314  0.0313  0.0314  0.0313
  0.0326  0.0322  0.0325  0.0314  0.0313  0.0320  0.0316  0.0326  0.0316  0.0315  0.0316  0.0315
  0.0331  0.0324  0.0328  0.0323  0.0317  0.0342  0.0319  0.0341  0.0321  0.0320  0.0321  0.0316
niter,ni,del,rscale     5    3    5.0000    0.8000
parameters
    1.2689   26.6551   -4.4211    1.5378  -17.2729  -11.9644
   -1.9200    0.4295    3.8379   23.1075   -3.0971   -9.3933
eta,q 0.96884 15.80422
  0.0325  0.0319  0.0320  0.0331  0.0321  0.0335  0.0319  0.0336  0.0319  0.0319  0.0318  0.0313
  0.0318  0.0316  0.0316  0.0324  0.0318  0.0329  0.0314  0.0322  0.0315  0.0315  0.0314  0.0312
  0.0314  0.0313  0.0313  0.0317  0.0315  0.0322  0.0312  0.0314  0.0312  0.0313  0.0312  0.0312
  0.0313  0.0313  0.0313  0.0313  0.0314  0.0314  0.0312  0.0312  0.0312  0.0312  0.0312  0.0312
  0.0314  0.0313  0.0314  0.0315  0.0314  0.0309  0.0312  0.0315  0.0312  0.0312  0.0312  0.0312
  0.0319  0.0315  0.0316  0.0328  0.0316  0.0316  0.0315  0.0324  0.0315  0.0314  0.0315  0.0313
  0.0327  0.0318  0.0318  0.0356  0.0322  0.0334  0.0318  0.0338  0.0318  0.0319  0.0319  0.0314
niter,ni,del,rscale     4    3    5.0000    0.7000
parameters
    1.2710   26.6549   -4.3099    1.6190  -17.0831  -11.5832
   -1.9431    0.4053    3.8182   22.9483   -3.0897   -9.7923
eta,q 0.96901 15.82210
  0.0321  0.0316  0.0319  0.0328  0.0317  0.0331  0.0315  0.0331  0.0315  0.0315  0.0316  0.0311
  0.0316  0.0314  0.0314  0.0322  0.0314  0.0325  0.0312  0.0319  0.0312  0.0312  0.0312  0.0311
  0.0313  0.0312  0.0312  0.0316  0.0312  0.0318  0.0310  0.0312  0.0310  0.0310  0.0310  0.0310
  0.0312  0.0312  0.0312  0.0312  0.0311  0.0311  0.0310  0.0310  0.0310  0.0310  0.0310  0.0310
  0.0313  0.0312  0.0312  0.0311  0.0311  0.0308  0.0311  0.0312  0.0311  0.0311  0.0310  0.0310
  0.0316  0.0314  0.0314  0.0316  0.0313  0.0315  0.0312  0.0319  0.0312  0.0313  0.0312  0.0311
  0.0321  0.0316  0.0316  0.0332  0.0317  0.0330  0.0315  0.0331  0.0315  0.0316  0.0316  0.0312
niter,ni,del,rscale     3    3    5.0000    0.6000
parameters
    1.2839   26.6028   -4.1082    1.8131  -16.8604  -11.1301
   -2.0008    0.4013    3.7853   22.6334   -3.0732  -10.1744
eta,q 0.96921 15.84447
  0.0317  0.0313  0.0316  0.0324  0.0314  0.0327  0.0312  0.0325  0.0312  0.0311  0.0313  0.0309
  0.0313  0.0311  0.0313  0.0319  0.0312  0.0322  0.0309  0.0315  0.0310  0.0309  0.0310  0.0308
  0.0311  0.0310  0.0311  0.0314  0.0310  0.0315  0.0308  0.0310  0.0308  0.0308  0.0308  0.0308
  0.0310  0.0310  0.0310  0.0310  0.0309  0.0309  0.0308  0.0308  0.0308  0.0308  0.0308  0.0308
  0.0311  0.0310  0.0310  0.0309  0.0310  0.0307  0.0308  0.0310  0.0308  0.0309  0.0308  0.0308
  0.0313  0.0312  0.0311  0.0313  0.0310  0.0312  0.0310  0.0315  0.0310  0.0310  0.0310  0.0309
  0.0317  0.0314  0.0313  0.0324  0.0313  0.0324  0.0312  0.0325  0.0312  0.0313  0.0313  0.0309
niter,ni,del,rscale     2    3    5.0000    0.5000
parameters
    1.3034   26.5039   -3.8179    1.9709  -16.6131  -10.6031
   -2.0713    0.4046    3.7500   22.2499   -3.0680  -10.3956
eta,q 0.96941 15.86703
  0.0313  0.0310  0.0314  0.0319  0.0310  0.0323  0.0309  0.0319  0.0309  0.0308  0.0310  0.0307
  0.0310  0.0309  0.0311  0.0314  0.0309  0.0318  0.0307  0.0311  0.0307  0.0307  0.0307  0.0306
  0.0309  0.0308  0.0309  0.0310  0.0308  0.0312  0.0306  0.0307  0.0306  0.0306  0.0306  0.0306
  0.0308  0.0308  0.0308  0.0308  0.0307  0.0307  0.0306  0.0306  0.0306  0.0306  0.0306  0.0306
  0.0308  0.0308  0.0308  0.0307  0.0308  0.0306  0.0306  0.0307  0.0306  0.0306  0.0306  0.0306
  0.0310  0.0309  0.0308  0.0311  0.0308  0.0309  0.0307  0.0312  0.0307  0.0308  0.0308  0.0306
  0.0313  0.0311  0.0310  0.0319  0.0310  0.0317  0.0309  0.0318  0.0309  0.0310  0.0309  0.0307
niter,ni,del,rscale     1    3    5.0000    0.4000
parameters
    1.3262   26.3831   -3.4542    2.0850  -16.3978  -10.0268
   -2.1652    0.4251    3.7482   21.7995   -3.0874  -10.5374
eta,q 0.96960 15.88710
  0.0310  0.0307  0.0311  0.0313  0.0307  0.0318  0.0306  0.0313  0.0306  0.0305  0.0306  0.0304
  0.0308  0.0306  0.0308  0.0310  0.0306  0.0313  0.0305  0.0308  0.0305  0.0304  0.0305  0.0304
  0.0306  0.0306  0.0307  0.0307  0.0306  0.0309  0.0304  0.0305  0.0304  0.0304  0.0304  0.0304
  0.0306  0.0306  0.0306  0.0306  0.0305  0.0305  0.0304  0.0304  0.0304  0.0304  0.0304  0.0304
  0.0306  0.0306  0.0306  0.0306  0.0305  0.0304  0.0304  0.0305  0.0304  0.0304  0.0304  0.0304
  0.0307  0.0307  0.0306  0.0308  0.0306  0.0306  0.0305  0.0308  0.0305  0.0305  0.0305  0.0304
  0.0309  0.0308  0.0306  0.0313  0.0307  0.0311  0.0306  0.0312  0.0306  0.0307  0.0306  0.0305
registration optimization eta report
parameter search radius
    0.8000    0.8000    0.9200    2.4000    2.4000    2.4000
    2.4000    2.4000    2.4000    2.4000    2.4000    2.4000
100000*second partial in parameter space
       56.       25.       32.       13.        3.       16.
        3.       15.        3.        3.        4.        1.
  0.0310  0.0307  0.0311  0.0313  0.0307  0.0318  0.0306  0.0313  0.0306  0.0305  0.0306  0.0304
  0.0308  0.0306  0.0308  0.0310  0.0306  0.0313  0.0305  0.0308  0.0305  0.0304  0.0305  0.0304
  0.0306  0.0306  0.0307  0.0307  0.0306  0.0309  0.0304  0.0305  0.0304  0.0304  0.0304  0.0304
  0.0306  0.0306  0.0306  0.0306  0.0305  0.0305  0.0304  0.0304  0.0304  0.0304  0.0304  0.0304
  0.0306  0.0306  0.0306  0.0306  0.0305  0.0304  0.0304  0.0305  0.0304  0.0304  0.0304  0.0304
  0.0307  0.0307  0.0306  0.0308  0.0306  0.0306  0.0305  0.0308  0.0305  0.0305  0.0305  0.0304
  0.0309  0.0308  0.0306  0.0313  0.0307  0.0311  0.0306  0.0312  0.0306  0.0307  0.0306  0.0305
    1.3262   26.3831   -3.4542    2.0850  -16.3978  -10.0268
   -2.1652    0.4251    3.7482   21.7995   -3.0874  -10.5374
eta,q 0.96960 15.88710

---------------------------------------------------------------------
imgreg_4dfp /opt/freesurfer/average/711-2C_as_mni_average_305 /opt/freesurfer/average/711-2B_as_mni_average_305_mask talsrcimg_g11 none talsrcimg_to_711-2C_as_mni_average_305_t4 2311
---------------------------------------------------------------------

freesurfer imgreg_4dfp.c
/opt/freesurfer/average/711-2C_as_mni_average_305.4dfp.img
       256       256       256         1
  1.000000  1.000000  1.000000
orientation T byte_order littleendian
Reading image: /opt/freesurfer/average/711-2C_as_mni_average_305.4dfp.img
dimensions:      256       256       256
mmppix:       1.0000   -1.0000   -1.0000
center:     128.0000 -129.0000 -129.0000
/opt/freesurfer/average/711-2B_as_mni_average_305_mask.4dfp.img
       256       256       256         1
  1.000000  1.000000  1.000000
orientation T byte_order littleendian
Reading mask: /opt/freesurfer/average/711-2B_as_mni_average_305_mask.4dfp.img (2306576 pixels)
talsrcimg_g11.4dfp.img
       320       320       320         1
  0.700000  0.700000  0.700000
orientation T byte_order littleendian
Reading image: talsrcimg_g11.4dfp.img
dimensions:      320       320       320
mmppix:       0.7000   -0.7000   -0.7000
center:     112.0000 -112.7000 -112.7000
fimgreg.f
image alignment mode   2311 decimal      907 hex
parameters
    1.3262   26.3831   -3.4542    2.0850  -16.3978  -10.0268
   -2.1652    0.4251    3.7482   21.7995   -3.0874  -10.5374
eta,q 0.96960 15.88711
niter,ni,del,rscale     5    3    5.0000    0.8000
parameters
    1.3410   26.2515   -2.9387    1.2736  -16.7769  -10.1147
   -2.1750    0.5177    3.7965   21.8732   -3.1993   -9.9613
eta,q 0.96948 15.86171
  0.0319  0.0309  0.0318  0.0321  0.0311  0.0331  0.0312  0.0331  0.0313  0.0314  0.0311  0.0308
  0.0311  0.0306  0.0311  0.0314  0.0308  0.0323  0.0308  0.0316  0.0309  0.0309  0.0308  0.0307
  0.0306  0.0304  0.0307  0.0307  0.0306  0.0314  0.0306  0.0308  0.0306  0.0306  0.0306  0.0306
  0.0304  0.0304  0.0304  0.0303  0.0305  0.0305  0.0305  0.0305  0.0305  0.0305  0.0305  0.0305
  0.0306  0.0305  0.0303  0.0307  0.0305  0.0304  0.0306  0.0308  0.0306  0.0306  0.0306  0.0305
  0.0311  0.0308  0.0304  0.0321  0.0308  0.0315  0.0308  0.0315  0.0308  0.0308  0.0308  0.0306
  0.0319  0.0312  0.0307  0.0351  0.0316  0.0343  0.0312  0.0329  0.0312  0.0314  0.0312  0.0307
niter,ni,del,rscale     4    3    5.0000    0.7000
parameters
    1.3792   26.1739   -3.0311    1.4667  -16.6443   -9.9961
   -2.2335    0.5848    3.8002   21.6663   -3.2515  -10.0158
eta,q 0.96959 15.87408
  0.0315  0.0310  0.0310  0.0322  0.0310  0.0327  0.0309  0.0326  0.0310  0.0310  0.0310  0.0306
  0.0310  0.0307  0.0307  0.0316  0.0307  0.0320  0.0306  0.0313  0.0307  0.0306  0.0306  0.0305
  0.0306  0.0306  0.0305  0.0310  0.0306  0.0312  0.0304  0.0306  0.0305  0.0305  0.0305  0.0304
  0.0305  0.0305  0.0305  0.0305  0.0305  0.0305  0.0304  0.0304  0.0304  0.0304  0.0304  0.0304
  0.0306  0.0306  0.0306  0.0304  0.0305  0.0303  0.0305  0.0306  0.0305  0.0305  0.0305  0.0304
  0.0309  0.0308  0.0308  0.0309  0.0306  0.0312  0.0307  0.0313  0.0307  0.0307  0.0307  0.0305
  0.0314  0.0311  0.0311  0.0324  0.0310  0.0332  0.0309  0.0324  0.0310  0.0311  0.0310  0.0306
niter,ni,del,rscale     3    3    5.0000    0.6000
parameters
    1.3952   26.1529   -2.9492    1.6835  -16.4856   -9.7077
   -2.2989    0.6096    3.7831   21.4264   -3.2804  -10.2049
eta,q 0.96973 15.88870
  0.0311  0.0308  0.0309  0.0318  0.0308  0.0324  0.0306  0.0320  0.0307  0.0307  0.0307  0.0304
  0.0307  0.0306  0.0306  0.0313  0.0306  0.0317  0.0304  0.0310  0.0304  0.0304  0.0305  0.0303
  0.0305  0.0304  0.0305  0.0308  0.0304  0.0310  0.0303  0.0304  0.0303  0.0303  0.0303  0.0303
  0.0304  0.0304  0.0304  0.0304  0.0304  0.0304  0.0303  0.0303  0.0303  0.0303  0.0303  0.0303
  0.0305  0.0305  0.0304  0.0303  0.0304  0.0302  0.0303  0.0304  0.0303  0.0303  0.0303  0.0303
  0.0307  0.0306  0.0306  0.0307  0.0305  0.0309  0.0305  0.0310  0.0305  0.0305  0.0305  0.0303
  0.0311  0.0308  0.0307  0.0318  0.0308  0.0322  0.0307  0.0319  0.0307  0.0308  0.0307  0.0304
niter,ni,del,rscale     2    3    5.0000    0.5000
parameters
    1.4130   26.0939   -2.7400    1.8442  -16.3472   -9.3115
   -2.3693    0.6330    3.7694   21.1127   -3.3178  -10.3392
eta,q 0.96988 15.90268
  0.0308  0.0305  0.0307  0.0314  0.0305  0.0319  0.0304  0.0314  0.0304  0.0304  0.0305  0.0302
  0.0305  0.0304  0.0305  0.0309  0.0304  0.0313  0.0302  0.0307  0.0302  0.0302  0.0303  0.0302
  0.0303  0.0303  0.0303  0.0305  0.0303  0.0307  0.0301  0.0303  0.0302  0.0301  0.0301  0.0301
  0.0303  0.0303  0.0303  0.0303  0.0302  0.0302  0.0301  0.0301  0.0301  0.0301  0.0301  0.0301
  0.0303  0.0303  0.0303  0.0302  0.0302  0.0301  0.0302  0.0303  0.0302  0.0302  0.0302  0.0301
  0.0305  0.0304  0.0303  0.0305  0.0303  0.0305  0.0303  0.0307  0.0303  0.0303  0.0303  0.0302
  0.0308  0.0306  0.0304  0.0313  0.0305  0.0315  0.0304  0.0313  0.0304  0.0305  0.0305  0.0302
niter,ni,del,rscale     1    3    5.0000    0.4000
parameters
    1.4260   26.0046   -2.4671    1.9576  -16.2344   -8.8974
   -2.4312    0.6607    3.7597   20.7643   -3.3546  -10.4300
eta,q 0.97002 15.91616
  0.0305  0.0302  0.0305  0.0309  0.0303  0.0314  0.0302  0.0308  0.0302  0.0302  0.0302  0.0300
  0.0303  0.0302  0.0303  0.0305  0.0302  0.0309  0.0301  0.0304  0.0301  0.0300  0.0301  0.0300
  0.0302  0.0301  0.0302  0.0303  0.0301  0.0304  0.0300  0.0301  0.0300  0.0300  0.0300  0.0300
  0.0301  0.0301  0.0301  0.0301  0.0301  0.0301  0.0300  0.0300  0.0300  0.0300  0.0300  0.0300
  0.0302  0.0302  0.0301  0.0301  0.0301  0.0300  0.0300  0.0301  0.0300  0.0300  0.0300  0.0300
  0.0303  0.0302  0.0301  0.0303  0.0301  0.0303  0.0301  0.0303  0.0301  0.0301  0.0301  0.0300
  0.0305  0.0303  0.0302  0.0308  0.0302  0.0309  0.0302  0.0308  0.0302  0.0303  0.0302  0.0301
registration optimization eta report
parameter search radius
    0.8000    0.8000    0.8000    2.4000    2.4000    2.4000
    2.4000    2.4000    2.4000    2.4000    2.4000    2.4000
100000*second partial in parameter space
       57.       26.       35.       13.        3.       19.
        3.       14.        3.        4.        4.        1.
  0.0305  0.0302  0.0305  0.0309  0.0303  0.0314  0.0302  0.0308  0.0302  0.0302  0.0302  0.0300
  0.0303  0.0302  0.0303  0.0305  0.0302  0.0309  0.0301  0.0304  0.0301  0.0300  0.0301  0.0300
  0.0302  0.0301  0.0302  0.0303  0.0301  0.0304  0.0300  0.0301  0.0300  0.0300  0.0300  0.0300
  0.0301  0.0301  0.0301  0.0301  0.0301  0.0301  0.0300  0.0300  0.0300  0.0300  0.0300  0.0300
  0.0302  0.0302  0.0301  0.0301  0.0301  0.0300  0.0300  0.0301  0.0300  0.0300  0.0300  0.0300
  0.0303  0.0302  0.0301  0.0303  0.0301  0.0303  0.0301  0.0303  0.0301  0.0301  0.0301  0.0300
  0.0305  0.0303  0.0302  0.0308  0.0302  0.0309  0.0302  0.0308  0.0302  0.0303  0.0302  0.0301
    1.4260   26.0046   -2.4671    1.9576  -16.2344   -8.8974
   -2.4312    0.6607    3.7597   20.7643   -3.3546  -10.4300
eta,q 0.97002 15.91616

---------------------------------------------------------------------
compute_vox2vox talsrcimg talsrcimg_to_711-2C_as_mni_average_305_t4 /opt/freesurfer/average/711-2C_as_mni_average_305
---------------------------------------------------------------------

freesurfer compute_vox2vox.c
Reading: talsrcimg.4dfp.ifh
Reading: talsrcimg_to_711-2C_as_mni_average_305_t4
Reading: /opt/freesurfer/average/711-2C_as_mni_average_305.4dfp.ifh
Writing: talsrcimg_to_711-2C_as_mni_average_305_t4_vox2vox.txt

start time Fri Mar 13 06:54:23 CET 2026
end		time Fri Mar 13 06:54:44 CET 2026

mpr2mni305 success

avi2talxfm orig_nu.mgz /opt/freesurfer/average/mni305.cor.mgz talsrcimg_to_711-2C_as_mni_average_305_t4_vox2vox.txt transforms/talairach.auto.xfm
avi2talxfm done
mv -f /out/sourcedata/freesurfer/sub-v2s5x29545_ses-1/mri/talsrcimg_to_711-2C_as_mni_average_305_t4_vox2vox.txt /out/sourcedata/freesurfer/sub-v2s5x29545_ses-1/mri/transforms/talsrcimg_to_711-2C_as_mni_average_305_t4_vox2vox.txt
lta_convert --src orig_nu.mgz --trg /opt/freesurfer/average/mni305.cor.mgz --inxfm transforms/talairach.auto.xfm --outlta transforms/talairach.auto.xfm.lta --subject fsaverage
7.3.2

--src: orig_nu.mgz src image (geometry).
--trg: /opt/freesurfer/average/mni305.cor.mgz trg image (geometry).
--inmni: transforms/talairach.auto.xfm input MNI/XFM transform.
--outlta: transforms/talairach.auto.xfm.lta output LTA.
--s: fsaverage subject name
 LTA read, type : 1
 0.97938  -0.01321   0.02678  -0.62535;
 0.03017   1.06696   0.13373  -24.50206;
-0.05144  -0.26389   1.15946  -14.25778;
 0.00000   0.00000   0.00000   1.00000;
setting subject to fsaverage
Writing  LTA to file transforms/talairach.auto.xfm.lta...
lta_convert successful.
 
 
Started at Fri Mar 13 06:54:22 CET 2026
Ended   at Fri Mar 13 06:54:44 CET 2026
talairach_avi done
