Log file for defect2seg
Fri Mar 13 11:51:03 CET 2026

setenv SUBJECTS_DIR /out/sourcedata/freesurfer
cd /out/sourcedata/freesurfer/sub-v2s5x29559_ses-1/scripts
/opt/freesurfer/bin/defect2seg --s sub-v2s5x29559_ses-1 --rh-only --cortex

freesurfer-linux-ubuntu22_x86_64-7.3.2-20220804-6354275
defect2seg 7.3.2
Linux dna003 5.14.0-427.37.1.el9_4.x86_64 #1 SMP PREEMPT_DYNAMIC Fri Sep 13 12:41:50 EDT 2024 x86_64 x86_64 x86_64 GNU/Linux
pid 2704461
mri_label2label --label-cortex /out/sourcedata/freesurfer/sub-v2s5x29559_ses-1/surf/rh.orig.nofix /out/sourcedata/freesurfer/sub-v2s5x29559_ses-1/mri/aseg.presurf.mgz 0 /out/sourcedata/freesurfer/sub-v2s5x29559_ses-1/label/rh.nofix.cortex.label

 Generating cortex label... RemoveHipAmgy=0
 NucAccIsMedialWall=0
 mris->useRealRAS=0
53 non-cortical segments detected
only using segment with 17160 vertices
erasing segment 1 (vno[0] = 107556)
erasing segment 2 (vno[0] = 109191)
erasing segment 3 (vno[0] = 109220)
erasing segment 4 (vno[0] = 122477)
erasing segment 5 (vno[0] = 122756)
erasing segment 6 (vno[0] = 128276)
erasing segment 7 (vno[0] = 144105)
erasing segment 8 (vno[0] = 151477)
erasing segment 9 (vno[0] = 163421)
erasing segment 10 (vno[0] = 165354)
erasing segment 11 (vno[0] = 167179)
erasing segment 12 (vno[0] = 172232)
erasing segment 13 (vno[0] = 180667)
erasing segment 14 (vno[0] = 186108)
erasing segment 15 (vno[0] = 191866)
erasing segment 16 (vno[0] = 192819)
erasing segment 17 (vno[0] = 193749)
erasing segment 18 (vno[0] = 196786)
erasing segment 19 (vno[0] = 200265)
erasing segment 20 (vno[0] = 202402)
erasing segment 21 (vno[0] = 205854)
erasing segment 22 (vno[0] = 206569)
erasing segment 23 (vno[0] = 211874)
erasing segment 24 (vno[0] = 213514)
erasing segment 25 (vno[0] = 215364)
erasing segment 26 (vno[0] = 215592)
erasing segment 27 (vno[0] = 216935)
erasing segment 28 (vno[0] = 217003)
erasing segment 29 (vno[0] = 218858)
erasing segment 30 (vno[0] = 218949)
erasing segment 31 (vno[0] = 218951)
erasing segment 32 (vno[0] = 219118)
erasing segment 33 (vno[0] = 219148)
erasing segment 34 (vno[0] = 220653)
erasing segment 35 (vno[0] = 220687)
erasing segment 36 (vno[0] = 220723)
erasing segment 37 (vno[0] = 222225)
erasing segment 38 (vno[0] = 222311)
erasing segment 39 (vno[0] = 222582)
erasing segment 40 (vno[0] = 222646)
erasing segment 41 (vno[0] = 223869)
erasing segment 42 (vno[0] = 223968)
erasing segment 43 (vno[0] = 225682)
erasing segment 44 (vno[0] = 225864)
erasing segment 45 (vno[0] = 228844)
erasing segment 46 (vno[0] = 230137)
erasing segment 47 (vno[0] = 234429)
erasing segment 48 (vno[0] = 235861)
erasing segment 49 (vno[0] = 238990)
erasing segment 50 (vno[0] = 251512)
erasing segment 51 (vno[0] = 255150)
erasing segment 52 (vno[0] = 264659)
mri_label2vol --defects /out/sourcedata/freesurfer/sub-v2s5x29559_ses-1/surf/rh.orig.nofix /out/sourcedata/freesurfer/sub-v2s5x29559_ses-1/surf/rh.defect_labels /out/sourcedata/freesurfer/sub-v2s5x29559_ses-1/mri/orig.mgz 2000 0 /out/sourcedata/freesurfer/sub-v2s5x29559_ses-1/mri/rh.surface.defects.mgz /out/sourcedata/freesurfer/sub-v2s5x29559_ses-1/label/rh.nofix.cortex.label
mri_label2vol supposed to be reproducible but seed not set
Contraining to label /out/sourcedata/freesurfer/sub-v2s5x29559_ses-1/label/rh.nofix.cortex.label
Changing input type 0 to MRI_INT
Converting defects to volume: offset=2000, merge=0
Writing to /out/sourcedata/freesurfer/sub-v2s5x29559_ses-1/mri/rh.surface.defects.mgz
mris_defects_pointset -s /out/sourcedata/freesurfer/sub-v2s5x29559_ses-1/surf/rh.orig.nofix -d /out/sourcedata/freesurfer/sub-v2s5x29559_ses-1/surf/rh.defect_labels -o /out/sourcedata/freesurfer/sub-v2s5x29559_ses-1/surf/rh.defects.pointset --label /out/sourcedata/freesurfer/sub-v2s5x29559_ses-1/label/rh.nofix.cortex.label
Reading in surface /out/sourcedata/freesurfer/sub-v2s5x29559_ses-1/surf/rh.orig.nofix
Reading in defect segmentation /out/sourcedata/freesurfer/sub-v2s5x29559_ses-1/surf/rh.defect_labels
Reading in label /out/sourcedata/freesurfer/sub-v2s5x29559_ses-1/label/rh.nofix.cortex.label
#VMPC# mris_defects_pointset 1492204
mris_defects_pointset done
 
Started at Fri Mar 13 11:51:03 CET 2026 
Ended   at Fri Mar 13 11:51:43 CET 2026
Defect2seg-Run-Time-Sec 40
Defect2seg-Run-Time-Min 0.80
Defect2seg-Run-Time-Hours 0.01
 
defect2seg Done
