status file for recon-all
Fri Mar 13 07:41:29 CET 2026
#@# MotionCor Fri Mar 13 07:41:34 CET 2026
#@# Talairach Fri Mar 13 07:41:52 CET 2026
#@# Talairach Failure Detection Fri Mar 13 07:49:00 CET 2026
#@# Nu Intensity Correction Fri Mar 13 07:49:00 CET 2026
#@# Intensity Normalization Fri Mar 13 07:55:20 CET 2026
recon-all -s sub-v2s5x29559_ses-1 finished without error at Fri Mar 13 08:01:24 CET 2026



#New# invocation of recon-all 



status file for recon-all
Fri Mar 13 08:11:24 CET 2026
#@# EM Registration Fri Mar 13 08:11:24 CET 2026
recon-all -s sub-v2s5x29559_ses-1 finished without error at Fri Mar 13 08:13:28 CET 2026



#New# invocation of recon-all 



status file for recon-all
Fri Mar 13 08:13:32 CET 2026
#@# CA Normalize Fri Mar 13 08:13:32 CET 2026
#@# CA Reg Fri Mar 13 08:15:28 CET 2026
#@# SubCort Seg Fri Mar 13 09:04:28 CET 2026
#@# CC Seg Fri Mar 13 10:32:59 CET 2026
#@# Merge ASeg Fri Mar 13 10:34:48 CET 2026
#@# Intensity Normalization2 Fri Mar 13 10:34:48 CET 2026
#@# Mask BFS Fri Mar 13 10:40:11 CET 2026
#@# WM Segmentation Fri Mar 13 10:40:12 CET 2026
#@# Fill Fri Mar 13 10:46:16 CET 2026
recon-all -s sub-v2s5x29559_ses-1 finished without error at Fri Mar 13 10:48:02 CET 2026



#New# invocation of recon-all 



status file for recon-all
Fri Mar 13 12:39:37 CET 2026
#@# white curv lh Fri Mar 13 12:39:37 CET 2026
#@# white area lh Fri Mar 13 12:39:37 CET 2026
#@# pial curv lh Fri Mar 13 12:39:37 CET 2026
#@# pial area lh Fri Mar 13 12:39:37 CET 2026
#@# thickness lh Fri Mar 13 12:39:37 CET 2026
#@# area and vertex vol lh Fri Mar 13 12:39:37 CET 2026
#@# white curv rh Fri Mar 13 12:39:38 CET 2026
#@# white area rh Fri Mar 13 12:39:38 CET 2026
#@# pial curv rh Fri Mar 13 12:39:38 CET 2026
#@# pial area rh Fri Mar 13 12:39:38 CET 2026
#@# thickness rh Fri Mar 13 12:39:38 CET 2026
#@# area and vertex vol rh Fri Mar 13 12:39:38 CET 2026
#@# Cortical ribbon mask Fri Mar 13 12:39:38 CET 2026
recon-all -s sub-v2s5x29559_ses-1 finished without error at Fri Mar 13 13:30:24 CET 2026



#New# invocation of recon-all 



status file for recon-all
Fri Mar 13 13:46:32 CET 2026
#@# white curv lh Fri Mar 13 13:46:32 CET 2026
#@# white area lh Fri Mar 13 13:46:32 CET 2026
#@# pial curv lh Fri Mar 13 13:46:32 CET 2026
#@# pial area lh Fri Mar 13 13:46:32 CET 2026
#@# thickness lh Fri Mar 13 13:46:32 CET 2026
#@# area and vertex vol lh Fri Mar 13 13:46:32 CET 2026
#@# white curv rh Fri Mar 13 13:46:32 CET 2026
#@# white area rh Fri Mar 13 13:46:32 CET 2026
#@# pial curv rh Fri Mar 13 13:46:32 CET 2026
#@# pial area rh Fri Mar 13 13:46:32 CET 2026
#@# thickness rh Fri Mar 13 13:46:32 CET 2026
#@# area and vertex vol rh Fri Mar 13 13:46:32 CET 2026
#@# Curvature Stats lh Fri Mar 13 13:46:32 CET 2026
#@# Curvature Stats rh Fri Mar 13 13:46:37 CET 2026
#@# Relabel Hypointensities Fri Mar 13 13:46:43 CET 2026
#@# APas-to-ASeg Fri Mar 13 13:47:29 CET 2026
#@# AParc-to-ASeg aparc Fri Mar 13 13:47:51 CET 2026
#@# AParc-to-ASeg aparc.a2009s Fri Mar 13 13:50:28 CET 2026
#@# AParc-to-ASeg aparc.DKTatlas Fri Mar 13 13:53:05 CET 2026
#@# WMParc Fri Mar 13 13:55:38 CET 2026
#@# ASeg Stats Fri Mar 13 14:01:34 CET 2026
recon-all -s sub-v2s5x29559_ses-1 finished without error at Fri Mar 13 14:02:39 CET 2026
