status file for recon-all
Fri Mar 13 11:42:19 CET 2026
#@# Tessellate rh Fri Mar 13 11:42:19 CET 2026
#@# Smooth1 rh Fri Mar 13 11:42:26 CET 2026
#@# Inflation1 rh Fri Mar 13 11:42:32 CET 2026
#@# QSphere rh Fri Mar 13 11:45:14 CET 2026
#@# Fix Topology rh Fri Mar 13 11:47:27 CET 2026
#@# Smooth2 rh Fri Mar 13 12:01:02 CET 2026
#@# Inflation2 rh Fri Mar 13 12:01:09 CET 2026
#@# Curv .H and .K rh Fri Mar 13 12:02:05 CET 2026
#@# Sphere rh Fri Mar 13 12:03:52 CET 2026
#@# Surf Reg rh Fri Mar 13 12:12:22 CET 2026
#@# Jacobian white rh Fri Mar 13 12:23:59 CET 2026
#@# AvgCurv rh Fri Mar 13 12:24:01 CET 2026
#@# Cortical Parc rh Fri Mar 13 12:24:03 CET 2026
#@# white curv rh Fri Mar 13 12:37:01 CET 2026
#@# white area rh Fri Mar 13 12:37:05 CET 2026
#@# pial curv rh Fri Mar 13 12:37:07 CET 2026
#@# pial area rh Fri Mar 13 12:37:11 CET 2026
#@# thickness rh Fri Mar 13 12:37:13 CET 2026
#@# area and vertex vol rh Fri Mar 13 12:38:23 CET 2026
#@# Curvature Stats rh Fri Mar 13 12:38:26 CET 2026
#@# Cortical Parc 2 rh Fri Mar 13 12:38:32 CET 2026
#@# Cortical Parc 3 rh Fri Mar 13 12:39:02 CET 2026
#@# WM/GM Contrast rh Fri Mar 13 12:39:23 CET 2026
recon-all -s sub-v2s5x29559_ses-1 finished without error at Fri Mar 13 12:39:33 CET 2026



#New# invocation of recon-all 



status file for recon-all
Fri Mar 13 13:38:19 CET 2026
#@# white curv rh Fri Mar 13 13:38:19 CET 2026
#@# white area rh Fri Mar 13 13:38:19 CET 2026
#@# pial curv rh Fri Mar 13 13:38:19 CET 2026
#@# pial area rh Fri Mar 13 13:38:19 CET 2026
#@# thickness rh Fri Mar 13 13:38:19 CET 2026
#@# area and vertex vol rh Fri Mar 13 13:38:19 CET 2026
#@# Parcellation Stats rh Fri Mar 13 13:38:19 CET 2026
#@# Parcellation Stats 2 rh Fri Mar 13 13:39:35 CET 2026
#@# Parcellation Stats 3 rh Fri Mar 13 13:40:15 CET 2026
#@# BA_exvivo Labels rh Fri Mar 13 13:40:54 CET 2026
recon-all -s sub-v2s5x29559_ses-1 finished without error at Fri Mar 13 13:46:27 CET 2026
