status file for recon-all
Fri Mar 13 10:48:09 CET 2026
#@# Tessellate lh Fri Mar 13 10:48:09 CET 2026
#@# Smooth1 lh Fri Mar 13 10:48:16 CET 2026
#@# Inflation1 lh Fri Mar 13 10:48:22 CET 2026
#@# QSphere lh Fri Mar 13 10:51:14 CET 2026
#@# Fix Topology lh Fri Mar 13 10:53:27 CET 2026
#@# Smooth2 lh Fri Mar 13 11:05:52 CET 2026
#@# Inflation2 lh Fri Mar 13 11:05:59 CET 2026
#@# Curv .H and .K lh Fri Mar 13 11:06:45 CET 2026
#@# Sphere lh Fri Mar 13 11:08:31 CET 2026
#@# Surf Reg lh Fri Mar 13 11:16:02 CET 2026
#@# Jacobian white lh Fri Mar 13 11:26:20 CET 2026
#@# AvgCurv lh Fri Mar 13 11:26:22 CET 2026
#@# Cortical Parc lh Fri Mar 13 11:26:24 CET 2026
#@# white curv lh Fri Mar 13 11:39:43 CET 2026
#@# white area lh Fri Mar 13 11:39:47 CET 2026
#@# pial curv lh Fri Mar 13 11:39:48 CET 2026
#@# pial area lh Fri Mar 13 11:39:52 CET 2026
#@# thickness lh Fri Mar 13 11:39:53 CET 2026
#@# area and vertex vol lh Fri Mar 13 11:41:05 CET 2026
#@# Curvature Stats lh Fri Mar 13 11:41:08 CET 2026
#@# Cortical Parc 2 lh Fri Mar 13 11:41:14 CET 2026
#@# Cortical Parc 3 lh Fri Mar 13 11:41:44 CET 2026
#@# WM/GM Contrast lh Fri Mar 13 11:42:06 CET 2026
recon-all -s sub-v2s5x29559_ses-1 finished without error at Fri Mar 13 11:42:17 CET 2026



#New# invocation of recon-all 



status file for recon-all
Fri Mar 13 13:30:28 CET 2026
#@# white curv lh Fri Mar 13 13:30:28 CET 2026
#@# white area lh Fri Mar 13 13:30:28 CET 2026
#@# pial curv lh Fri Mar 13 13:30:28 CET 2026
#@# pial area lh Fri Mar 13 13:30:28 CET 2026
#@# thickness lh Fri Mar 13 13:30:29 CET 2026
#@# area and vertex vol lh Fri Mar 13 13:30:29 CET 2026
#@# Parcellation Stats lh Fri Mar 13 13:30:29 CET 2026
#@# Parcellation Stats 2 lh Fri Mar 13 13:31:44 CET 2026
#@# Parcellation Stats 3 lh Fri Mar 13 13:32:23 CET 2026
#@# BA_exvivo Labels lh Fri Mar 13 13:33:01 CET 2026
recon-all -s sub-v2s5x29559_ses-1 finished without error at Fri Mar 13 13:38:16 CET 2026
