Log file for defect2seg
Fri Mar 13 11:13:32 CET 2026

setenv SUBJECTS_DIR /out/sourcedata/freesurfer
cd /out/sourcedata/freesurfer/sub-v2s5x29548_ses-1/scripts
/opt/freesurfer/bin/defect2seg --s sub-v2s5x29548_ses-1 --rh-only --cortex

freesurfer-linux-ubuntu22_x86_64-7.3.2-20220804-6354275
defect2seg 7.3.2
Linux dna063 5.14.0-427.37.1.el9_4.x86_64 #1 SMP PREEMPT_DYNAMIC Fri Sep 13 12:41:50 EDT 2024 x86_64 x86_64 x86_64 GNU/Linux
pid 2224815
mri_label2label --label-cortex /out/sourcedata/freesurfer/sub-v2s5x29548_ses-1/surf/rh.orig.nofix /out/sourcedata/freesurfer/sub-v2s5x29548_ses-1/mri/aseg.presurf.mgz 0 /out/sourcedata/freesurfer/sub-v2s5x29548_ses-1/label/rh.nofix.cortex.label

 Generating cortex label... RemoveHipAmgy=0
 NucAccIsMedialWall=0
 mris->useRealRAS=0
60 non-cortical segments detected
only using segment with 17025 vertices
erasing segment 0 (vno[0] = 12901)
erasing segment 1 (vno[0] = 13961)
erasing segment 2 (vno[0] = 27080)
erasing segment 3 (vno[0] = 28703)
erasing segment 4 (vno[0] = 71296)
erasing segment 5 (vno[0] = 71314)
erasing segment 6 (vno[0] = 76788)
erasing segment 7 (vno[0] = 80723)
erasing segment 8 (vno[0] = 91186)
erasing segment 9 (vno[0] = 93067)
erasing segment 10 (vno[0] = 98672)
erasing segment 11 (vno[0] = 100287)
erasing segment 13 (vno[0] = 115128)
erasing segment 14 (vno[0] = 115266)
erasing segment 15 (vno[0] = 128326)
erasing segment 16 (vno[0] = 138359)
erasing segment 17 (vno[0] = 142349)
erasing segment 18 (vno[0] = 146396)
erasing segment 19 (vno[0] = 150243)
erasing segment 20 (vno[0] = 168820)
erasing segment 21 (vno[0] = 173990)
erasing segment 22 (vno[0] = 175134)
erasing segment 23 (vno[0] = 197532)
erasing segment 24 (vno[0] = 211510)
erasing segment 25 (vno[0] = 218667)
erasing segment 26 (vno[0] = 220664)
erasing segment 27 (vno[0] = 221383)
erasing segment 28 (vno[0] = 225134)
erasing segment 29 (vno[0] = 226862)
erasing segment 30 (vno[0] = 228662)
erasing segment 31 (vno[0] = 228701)
erasing segment 32 (vno[0] = 230387)
erasing segment 33 (vno[0] = 230616)
erasing segment 34 (vno[0] = 230639)
erasing segment 35 (vno[0] = 232370)
erasing segment 36 (vno[0] = 232373)
erasing segment 37 (vno[0] = 232383)
erasing segment 38 (vno[0] = 232397)
erasing segment 39 (vno[0] = 232484)
erasing segment 40 (vno[0] = 232554)
erasing segment 41 (vno[0] = 234035)
erasing segment 42 (vno[0] = 234152)
erasing segment 43 (vno[0] = 235589)
erasing segment 44 (vno[0] = 235827)
erasing segment 45 (vno[0] = 237389)
erasing segment 46 (vno[0] = 237416)
erasing segment 47 (vno[0] = 237474)
erasing segment 48 (vno[0] = 238882)
erasing segment 49 (vno[0] = 242043)
erasing segment 50 (vno[0] = 242318)
erasing segment 51 (vno[0] = 242387)
erasing segment 52 (vno[0] = 242458)
erasing segment 53 (vno[0] = 243749)
erasing segment 54 (vno[0] = 245342)
erasing segment 55 (vno[0] = 246885)
erasing segment 56 (vno[0] = 248469)
erasing segment 57 (vno[0] = 250239)
erasing segment 58 (vno[0] = 251816)
erasing segment 59 (vno[0] = 254616)
mri_label2vol --defects /out/sourcedata/freesurfer/sub-v2s5x29548_ses-1/surf/rh.orig.nofix /out/sourcedata/freesurfer/sub-v2s5x29548_ses-1/surf/rh.defect_labels /out/sourcedata/freesurfer/sub-v2s5x29548_ses-1/mri/orig.mgz 2000 0 /out/sourcedata/freesurfer/sub-v2s5x29548_ses-1/mri/rh.surface.defects.mgz /out/sourcedata/freesurfer/sub-v2s5x29548_ses-1/label/rh.nofix.cortex.label
mri_label2vol supposed to be reproducible but seed not set
Contraining to label /out/sourcedata/freesurfer/sub-v2s5x29548_ses-1/label/rh.nofix.cortex.label
Changing input type 0 to MRI_INT
Converting defects to volume: offset=2000, merge=0
Writing to /out/sourcedata/freesurfer/sub-v2s5x29548_ses-1/mri/rh.surface.defects.mgz
mris_defects_pointset -s /out/sourcedata/freesurfer/sub-v2s5x29548_ses-1/surf/rh.orig.nofix -d /out/sourcedata/freesurfer/sub-v2s5x29548_ses-1/surf/rh.defect_labels -o /out/sourcedata/freesurfer/sub-v2s5x29548_ses-1/surf/rh.defects.pointset --label /out/sourcedata/freesurfer/sub-v2s5x29548_ses-1/label/rh.nofix.cortex.label
Reading in surface /out/sourcedata/freesurfer/sub-v2s5x29548_ses-1/surf/rh.orig.nofix
Reading in defect segmentation /out/sourcedata/freesurfer/sub-v2s5x29548_ses-1/surf/rh.defect_labels
Reading in label /out/sourcedata/freesurfer/sub-v2s5x29548_ses-1/label/rh.nofix.cortex.label
#VMPC# mris_defects_pointset 1468136
mris_defects_pointset done
 
Started at Fri Mar 13 11:13:32 CET 2026 
Ended   at Fri Mar 13 11:14:11 CET 2026
Defect2seg-Run-Time-Sec 39
Defect2seg-Run-Time-Min 0.78
Defect2seg-Run-Time-Hours 0.01
 
defect2seg Done
