status file for recon-all
Fri Mar 13 10:16:43 CET 2026
#@# Tessellate lh Fri Mar 13 10:16:43 CET 2026
#@# Smooth1 lh Fri Mar 13 10:16:51 CET 2026
#@# Inflation1 lh Fri Mar 13 10:16:57 CET 2026
#@# QSphere lh Fri Mar 13 10:19:33 CET 2026
#@# Fix Topology lh Fri Mar 13 10:21:34 CET 2026
#@# Smooth2 lh Fri Mar 13 10:32:32 CET 2026
#@# Inflation2 lh Fri Mar 13 10:32:39 CET 2026
#@# Curv .H and .K lh Fri Mar 13 10:33:20 CET 2026
#@# Sphere lh Fri Mar 13 10:35:09 CET 2026
#@# Surf Reg lh Fri Mar 13 10:41:42 CET 2026
#@# Jacobian white lh Fri Mar 13 10:51:22 CET 2026
#@# AvgCurv lh Fri Mar 13 10:51:24 CET 2026
#@# Cortical Parc lh Fri Mar 13 10:51:26 CET 2026
#@# white curv lh Fri Mar 13 11:04:03 CET 2026
#@# white area lh Fri Mar 13 11:04:08 CET 2026
#@# pial curv lh Fri Mar 13 11:04:09 CET 2026
#@# pial area lh Fri Mar 13 11:04:13 CET 2026
#@# thickness lh Fri Mar 13 11:04:14 CET 2026
#@# area and vertex vol lh Fri Mar 13 11:05:26 CET 2026
#@# Curvature Stats lh Fri Mar 13 11:05:29 CET 2026
#@# Cortical Parc 2 lh Fri Mar 13 11:05:35 CET 2026
#@# Cortical Parc 3 lh Fri Mar 13 11:06:05 CET 2026
#@# WM/GM Contrast lh Fri Mar 13 11:06:26 CET 2026
recon-all -s sub-v2s5x29548_ses-1 finished without error at Fri Mar 13 11:06:36 CET 2026



#New# invocation of recon-all 



status file for recon-all
Fri Mar 13 12:35:30 CET 2026
#@# white curv lh Fri Mar 13 12:35:30 CET 2026
#@# white area lh Fri Mar 13 12:35:30 CET 2026
#@# pial curv lh Fri Mar 13 12:35:30 CET 2026
#@# pial area lh Fri Mar 13 12:35:30 CET 2026
#@# thickness lh Fri Mar 13 12:35:30 CET 2026
#@# area and vertex vol lh Fri Mar 13 12:35:30 CET 2026
#@# Parcellation Stats lh Fri Mar 13 12:35:30 CET 2026
#@# Parcellation Stats 2 lh Fri Mar 13 12:36:48 CET 2026
#@# Parcellation Stats 3 lh Fri Mar 13 12:37:28 CET 2026
#@# BA_exvivo Labels lh Fri Mar 13 12:38:08 CET 2026
recon-all -s sub-v2s5x29548_ses-1 finished without error at Fri Mar 13 12:43:33 CET 2026
