status file for recon-all
Fri Mar 13 11:06:39 CET 2026
#@# Tessellate rh Fri Mar 13 11:06:39 CET 2026
#@# Smooth1 rh Fri Mar 13 11:06:47 CET 2026
#@# Inflation1 rh Fri Mar 13 11:06:52 CET 2026
#@# QSphere rh Fri Mar 13 11:09:29 CET 2026
#@# Fix Topology rh Fri Mar 13 11:11:26 CET 2026
#@# Smooth2 rh Fri Mar 13 11:22:58 CET 2026
#@# Inflation2 rh Fri Mar 13 11:23:05 CET 2026
#@# Curv .H and .K rh Fri Mar 13 11:23:49 CET 2026
#@# Sphere rh Fri Mar 13 11:25:43 CET 2026
#@# Surf Reg rh Fri Mar 13 11:33:40 CET 2026
#@# Jacobian white rh Fri Mar 13 11:44:59 CET 2026
#@# AvgCurv rh Fri Mar 13 11:45:01 CET 2026
#@# Cortical Parc rh Fri Mar 13 11:45:02 CET 2026
#@# white curv rh Fri Mar 13 11:57:47 CET 2026
#@# white area rh Fri Mar 13 11:57:51 CET 2026
#@# pial curv rh Fri Mar 13 11:57:52 CET 2026
#@# pial area rh Fri Mar 13 11:57:56 CET 2026
#@# thickness rh Fri Mar 13 11:57:58 CET 2026
#@# area and vertex vol rh Fri Mar 13 11:59:11 CET 2026
#@# Curvature Stats rh Fri Mar 13 11:59:14 CET 2026
#@# Cortical Parc 2 rh Fri Mar 13 11:59:19 CET 2026
#@# Cortical Parc 3 rh Fri Mar 13 11:59:50 CET 2026
#@# WM/GM Contrast rh Fri Mar 13 12:00:12 CET 2026
recon-all -s sub-v2s5x29548_ses-1 finished without error at Fri Mar 13 12:00:22 CET 2026



#New# invocation of recon-all 



status file for recon-all
Fri Mar 13 12:43:35 CET 2026
#@# white curv rh Fri Mar 13 12:43:35 CET 2026
#@# white area rh Fri Mar 13 12:43:35 CET 2026
#@# pial curv rh Fri Mar 13 12:43:35 CET 2026
#@# pial area rh Fri Mar 13 12:43:35 CET 2026
#@# thickness rh Fri Mar 13 12:43:35 CET 2026
#@# area and vertex vol rh Fri Mar 13 12:43:35 CET 2026
#@# Parcellation Stats rh Fri Mar 13 12:43:35 CET 2026
#@# Parcellation Stats 2 rh Fri Mar 13 12:44:58 CET 2026
#@# Parcellation Stats 3 rh Fri Mar 13 12:45:41 CET 2026
#@# BA_exvivo Labels rh Fri Mar 13 12:46:23 CET 2026
recon-all -s sub-v2s5x29548_ses-1 finished without error at Fri Mar 13 12:51:52 CET 2026
