/out/sourcedata/freesurfer/sub-v2s5x29543_ses-1/mri
/opt/freesurfer/bin/talairach_avi
--i orig_nu.mgz --xfm transforms/talairach.auto.xfm
talairach_avi 7.3.2
Linux dna003 5.14.0-427.37.1.el9_4.x86_64 #1 SMP PREEMPT_DYNAMIC Fri Sep 13 12:41:50 EDT 2024 x86_64 x86_64 x86_64 GNU/Linux
Fri Mar 13 06:50:30 CET 2026
mri_convert orig_nu.mgz talsrcimg.img 
reading from orig_nu.mgz...
TR=0.00, TE=0.00, TI=0.00, flip angle=0.00
i_ras = (-1, 0, 0)
j_ras = (0, 0, -1)
k_ras = (0, 1, 0)
writing to talsrcimg.img...
Analyze Output Matrix
-0.70000   0.00000   0.00000   111.72019;
 0.00000   0.00000   0.70000  -96.28902;
 0.00000  -0.70000   0.00000   100.51540;
 0.00000   0.00000   0.00000   1.00000;
--------------------
INFO: set hdr.hist.orient to -1
mpr2mni305 talsrcimg
Fri Mar 13 06:50:31 CET 2026
/opt/freesurfer/bin/mpr2mni305 talsrcimg
mpr2mni305 7.3.2
target=711-2C_as_mni_average_305

---------------------------------------------------------------------
analyzeto4dfp talsrcimg -O0 -y
---------------------------------------------------------------------

freesurfer ifh2hdr.c
Fri Mar 13 06:50:31 2026
Writing: talsrcimg.4dfp.hdr
freesurfer analyzeto4dfp.c
Reading: talsrcimg.hdr
header size 348 bytes
hdr.dime.datatype	offset=70	value=2
hdr.dime.bitpix		offset=72	value=8
hdr.hist.orient		offset=252	value=-1
dimensionality     4
dimensions       320       320       320         1
Reading: talsrcimg.img
Writing: talsrcimg.4dfp.img
Writing: talsrcimg.4dfp.ifh
ifh2hdr talsrcimg -r0to226
ori=2

---------------------------------------------------------------------
gauss_4dfp talsrcimg 1.1
---------------------------------------------------------------------

freesurfer gauss_4dfp.c
Reading: talsrcimg.4dfp.img
Writing: talsrcimg_g11.4dfp.img
image dimensions 320 320 320 padded to 384 384 384
processing volume 1freesurfer ifh2hdr.c
Fri Mar 13 06:50:47 2026
Writing: talsrcimg_g11.4dfp.hdr

Writing: talsrcimg_g11.4dfp.ifh
including: talsrcimg.4dfp.img.rec in talsrcimg_g11.4dfp.img.rec

---------------------------------------------------------------------
imgreg_4dfp /opt/freesurfer/average/711-2C_as_mni_average_305 none talsrcimg_g11 none talsrcimg_to_711-2C_as_mni_average_305_t4 4355
---------------------------------------------------------------------

freesurfer imgreg_4dfp.c
/opt/freesurfer/average/711-2C_as_mni_average_305.4dfp.img
       256       256       256         1
  1.000000  1.000000  1.000000
orientation T byte_order littleendian
Reading image: /opt/freesurfer/average/711-2C_as_mni_average_305.4dfp.img
dimensions:      256       256       256
mmppix:       1.0000   -1.0000   -1.0000
center:     128.0000 -129.0000 -129.0000
talsrcimg_g11.4dfp.img
       320       320       320         1
  0.700000  0.700000  0.700000
orientation T byte_order littleendian
Reading image: talsrcimg_g11.4dfp.img
dimensions:      320       320       320
mmppix:       0.7000   -0.7000   -0.7000
center:     112.0000 -112.7000 -112.7000
t4_read: open error in t4_sub.f l:  41 t4_file(1:l)talsrcimg_to_711-2C_as_mni_average_305_t4 
t4_read: transform initialized to I4
rotation matrix determinant  1.000000
image alignment mode   4355 decimal     1103 hex
   -7.5000  -45.0000  -45.0000 4117.7441   23.6720
    0.0000  -45.0000  -45.0000 4379.8159   23.7168
    7.5000  -45.0000  -45.0000 4218.7847   23.7813
   -7.5000  -37.5000  -45.0000 4464.1572   23.6193
    0.0000  -37.5000  -45.0000 4731.8018   23.6535
    7.5000  -37.5000  -45.0000 4556.0400   23.7140
   -7.5000  -30.0000  -45.0000 4891.0010   23.1449
    0.0000  -30.0000  -45.0000 5185.2598   23.1861
    7.5000  -30.0000  -45.0000 4986.7500   23.2453
   -7.5000  -22.5000  -45.0000 5201.2314   22.2110
    0.0000  -22.5000  -45.0000 5529.4707   22.2459
    7.5000  -22.5000  -45.0000 5313.8745   22.2951
   -7.5000  -15.0000  -45.0000 5754.6909   21.4686
    0.0000  -15.0000  -45.0000 6115.8594   21.4857
    7.5000  -15.0000  -45.0000 5865.0884   21.5216
   -7.5000   -7.5000  -45.0000 6314.8589   20.9737
    0.0000   -7.5000  -45.0000 6707.6904   20.9876
    7.5000   -7.5000  -45.0000 6417.9609   21.0215
   -7.5000    0.0000  -45.0000 6913.6650   20.9040
    0.0000    0.0000  -45.0000 7337.7476   20.9270
    7.5000    0.0000  -45.0000 7017.0879   20.9671
   -7.5000    7.5000  -45.0000 6881.9609   20.9240
    0.0000    7.5000  -45.0000 7296.8730   20.9574
    7.5000    7.5000  -45.0000 6986.9888   21.0036
   -7.5000   15.0000  -45.0000 6801.4502   20.6648
    0.0000   15.0000  -45.0000 7218.6895   20.7026
    7.5000   15.0000  -45.0000 6908.4302   20.7512
   -7.5000   22.5000  -45.0000 6743.2749   20.1219
    0.0000   22.5000  -45.0000 7164.0190   20.1512
    7.5000   22.5000  -45.0000 6842.3604   20.1941
   -7.5000   30.0000  -45.0000 6838.0679   20.0976
    0.0000   30.0000  -45.0000 7282.8247   20.1132
    7.5000   30.0000  -45.0000 6935.1343   20.1467
   -7.5000   37.5000  -45.0000 6587.1587   19.4313
    0.0000   37.5000  -45.0000 7036.8633   19.4440
    7.5000   37.5000  -45.0000 6686.5957   19.4751
   -7.5000   45.0000  -45.0000 6292.3794   18.7119
    0.0000   45.0000  -45.0000 6721.1211   18.7325
    7.5000   45.0000  -45.0000 6384.6411   18.7683
   -7.5000  -45.0000  -37.5000 4361.3789   24.6344
    0.0000  -45.0000  -37.5000 4630.4531   24.6749
    7.5000  -45.0000  -37.5000 4443.2231   24.7557
   -7.5000  -37.5000  -37.5000 4733.4258   24.6029
    0.0000  -37.5000  -37.5000 5019.0923   24.6354
    7.5000  -37.5000  -37.5000 4815.5449   24.7144
   -7.5000  -30.0000  -37.5000 5208.7856   24.0668
    0.0000  -30.0000  -37.5000 5537.8701   24.1105
    7.5000  -30.0000  -37.5000 5301.4673   24.1870
   -7.5000  -22.5000  -37.5000 5574.5815   23.1186
    0.0000  -22.5000  -37.5000 5931.0596   23.1577
    7.5000  -22.5000  -37.5000 5670.2998   23.2191
   -7.5000  -15.0000  -37.5000 6171.5210   22.3647
    0.0000  -15.0000  -37.5000 6558.4458   22.3838
    7.5000  -15.0000  -37.5000 6275.4419   22.4287
   -7.5000   -7.5000  -37.5000 6773.4082   21.8565
    0.0000   -7.5000  -37.5000 7177.5566   21.8689
    7.5000   -7.5000  -37.5000 6867.0762   21.9119
   -7.5000    0.0000  -37.5000 7417.7568   21.7751
    0.0000    0.0000  -37.5000 7856.0098   21.7946
    7.5000    0.0000  -37.5000 7512.0679   21.8468
   -7.5000    7.5000  -37.5000 7382.4468   21.7854
    0.0000    7.5000  -37.5000 7822.0571   21.8164
    7.5000    7.5000  -37.5000 7486.6074   21.8773
   -7.5000   15.0000  -37.5000 7308.8164   21.5173
    0.0000   15.0000  -37.5000 7762.1597   21.5559
    7.5000   15.0000  -37.5000 7414.9199   21.6183
   -7.5000   22.5000  -37.5000 7237.1372   20.9724
    0.0000   22.5000  -37.5000 7711.2217   21.0049
    7.5000   22.5000  -37.5000 7347.7915   21.0583
   -7.5000   30.0000  -37.5000 7333.8770   20.9556
    0.0000   30.0000  -37.5000 7835.4663   20.9732
    7.5000   30.0000  -37.5000 7441.4097   21.0151
   -7.5000   37.5000  -37.5000 7062.7012   20.2649
    0.0000   37.5000  -37.5000 7546.4282   20.2763
    7.5000   37.5000  -37.5000 7151.6538   20.3159
   -7.5000   45.0000  -37.5000 6738.9888   19.4917
    0.0000   45.0000  -37.5000 7196.4922   19.5092
    7.5000   45.0000  -37.5000 6835.5059   19.5558
   -7.5000  -45.0000  -30.0000 4573.2983   25.5878
    0.0000  -45.0000  -30.0000 4849.4160   25.6219
    7.5000  -45.0000  -30.0000 4655.6543   25.7058
   -7.5000  -37.5000  -30.0000 5009.1982   25.5788
    0.0000  -37.5000  -30.0000 5307.4043   25.6069
    7.5000  -37.5000  -30.0000 5083.3398   25.6872
   -7.5000  -30.0000  -30.0000 5547.8726   24.9705
    0.0000  -30.0000  -30.0000 5889.7559   25.0169
    7.5000  -30.0000  -30.0000 5633.6494   25.0956
   -7.5000  -22.5000  -30.0000 5959.9253   23.9986
    0.0000  -22.5000  -30.0000 6329.5405   24.0454
    7.5000  -22.5000  -30.0000 6042.3506   24.1098
   -7.5000  -15.0000  -30.0000 6593.3086   23.2423
    0.0000  -15.0000  -30.0000 6984.7407   23.2676
    7.5000  -15.0000  -30.0000 6676.1294   23.3168
   -7.5000   -7.5000  -30.0000 7219.5229   22.7306
    0.0000   -7.5000  -30.0000 7644.1538   22.7422
    7.5000   -7.5000  -30.0000 7309.0508   22.7888
   -7.5000    0.0000  -30.0000 7916.7573   22.6412
    0.0000    0.0000  -30.0000 8382.6348   22.6557
    7.5000    0.0000  -30.0000 8008.2749   22.7106
   -7.5000    7.5000  -30.0000 7877.6387   22.6342
    0.0000    7.5000  -30.0000 8357.8604   22.6611
    7.5000    7.5000  -30.0000 7984.4385   22.7238
   -7.5000   15.0000  -30.0000 7790.1343   22.3478
    0.0000   15.0000  -30.0000 8296.1289   22.3875
    7.5000   15.0000  -30.0000 7905.7559   22.4509
   -7.5000   22.5000  -30.0000 7720.6582   21.8014
    0.0000   22.5000  -30.0000 8261.6914   21.8404
    7.5000   22.5000  -30.0000 7835.0488   21.8960
   -7.5000   30.0000  -30.0000 7845.7900   21.7998
    0.0000   30.0000  -30.0000 8411.2949   21.8229
    7.5000   30.0000  -30.0000 7944.2549   21.8687
   -7.5000   37.5000  -30.0000 7543.6685   21.1077
    0.0000   37.5000  -30.0000 8078.5078   21.1185
    7.5000   37.5000  -30.0000 7627.6738   21.1616
   -7.5000   45.0000  -30.0000 7174.8057   20.2992
    0.0000   45.0000  -30.0000 7685.2031   20.3122
    7.5000   45.0000  -30.0000 7262.9834   20.3614
   -7.5000  -45.0000  -22.5000 4705.1743   25.6635
    0.0000  -45.0000  -22.5000 4990.6362   25.6962
    7.5000  -45.0000  -22.5000 4777.7559   25.7649
   -7.5000  -37.5000  -22.5000 5172.1177   25.6576
    0.0000  -37.5000  -22.5000 5492.3750   25.6847
    7.5000  -37.5000  -22.5000 5247.6934   25.7458
   -7.5000  -30.0000  -22.5000 5730.0029   25.0300
    0.0000  -30.0000  -22.5000 6087.0840   25.0782
    7.5000  -30.0000  -22.5000 5818.9727   25.1408
   -7.5000  -22.5000  -22.5000 6149.9507   24.0424
    0.0000  -22.5000  -22.5000 6526.7051   24.0928
    7.5000  -22.5000  -22.5000 6239.0430   24.1475
   -7.5000  -15.0000  -22.5000 6825.1382   23.2928
    0.0000  -15.0000  -22.5000 7225.0459   23.3215
    7.5000  -15.0000  -22.5000 6906.5874   23.3656
   -7.5000   -7.5000  -22.5000 7487.7090   22.7909
    0.0000   -7.5000  -22.5000 7936.4897   22.8029
    7.5000   -7.5000  -22.5000 7583.0161   22.8432
   -7.5000    0.0000  -22.5000 8215.4160   22.7069
    0.0000    0.0000  -22.5000 8714.2646   22.7204
    7.5000    0.0000  -22.5000 8323.6670   22.7647
   -7.5000    7.5000  -22.5000 8182.2881   22.6939
    0.0000    7.5000  -22.5000 8696.0771   22.7208
    7.5000    7.5000  -22.5000 8294.5176   22.7688
   -7.5000   15.0000  -22.5000 8077.0254   22.3940
    0.0000   15.0000  -22.5000 8620.4033   22.4357
    7.5000   15.0000  -22.5000 8187.9287   22.4850
   -7.5000   22.5000  -22.5000 8023.3657   21.8411
    0.0000   22.5000  -22.5000 8603.9619   21.8836
    7.5000   22.5000  -22.5000 8112.6377   21.9305
   -7.5000   30.0000  -22.5000 8165.9468   21.8462
    0.0000   30.0000  -22.5000 8783.0244   21.8724
    7.5000   30.0000  -22.5000 8240.7822   21.9133
   -7.5000   37.5000  -22.5000 7847.8740   21.1636
    0.0000   37.5000  -22.5000 8446.9346   21.1747
    7.5000   37.5000  -22.5000 7903.5874   21.2120
   -7.5000   45.0000  -22.5000 7465.3091   20.3581
    0.0000   45.0000  -22.5000 8010.9941   20.3702
    7.5000   45.0000  -22.5000 7522.1602   20.4099
   -7.5000  -45.0000  -15.0000 4918.6216   26.8248
    0.0000  -45.0000  -15.0000 5227.7378   26.8617
    7.5000  -45.0000  -15.0000 5006.1187   26.9140
   -7.5000  -37.5000  -15.0000 5405.8291   26.8334
    0.0000  -37.5000  -15.0000 5744.9995   26.8619
    7.5000  -37.5000  -15.0000 5504.9961   26.9046
   -7.5000  -30.0000  -15.0000 5996.6475   26.1564
    0.0000  -30.0000  -15.0000 6375.4116   26.2030
    7.5000  -30.0000  -15.0000 6105.3560   26.2485
   -7.5000  -22.5000  -15.0000 6451.2241   25.1088
    0.0000  -22.5000  -15.0000 6845.0459   25.1551
    7.5000  -22.5000  -15.0000 6552.0059   25.1975
   -7.5000  -15.0000  -15.0000 7180.7915   24.3150
    0.0000  -15.0000  -15.0000 7612.9971   24.3404
    7.5000  -15.0000  -15.0000 7276.8164   24.3747
   -7.5000   -7.5000  -15.0000 7928.7144   23.7913
    0.0000   -7.5000  -15.0000 8412.8320   23.8032
    7.5000   -7.5000  -15.0000 8028.1426   23.8337
   -7.5000    0.0000  -15.0000 8729.0273   23.7134
    0.0000    0.0000  -15.0000 9282.0557   23.7296
    7.5000    0.0000  -15.0000 8859.3213   23.7614
   -7.5000    7.5000  -15.0000 8714.9883   23.7046
    0.0000    7.5000  -15.0000 9265.4980   23.7344
    7.5000    7.5000  -15.0000 8828.6328   23.7677
   -7.5000   15.0000  -15.0000 8610.1562   23.3940
    0.0000   15.0000  -15.0000 9182.2529   23.4360
    7.5000   15.0000  -15.0000 8675.5840   23.4716
   -7.5000   22.5000  -15.0000 8543.2178   22.8229
    0.0000   22.5000  -15.0000 9159.0586   22.8623
    7.5000   22.5000  -15.0000 8550.9463   22.8987
   -7.5000   30.0000  -15.0000 8686.9756   22.8208
    0.0000   30.0000  -15.0000 9334.4023   22.8436
    7.5000   30.0000  -15.0000 8688.7852   22.8757
   -7.5000   37.5000  -15.0000 8325.2090   22.1262
    0.0000   37.5000  -15.0000 8935.3193   22.1373
    7.5000   37.5000  -15.0000 8342.9277   22.1654
   -7.5000   45.0000  -15.0000 7912.4043   21.3119
    0.0000   45.0000  -15.0000 8466.9014   21.3265
    7.5000   45.0000  -15.0000 7925.6377   21.3551
   -7.5000  -45.0000   -7.5000 5070.0278   27.8053
    0.0000  -45.0000   -7.5000 5393.3247   27.8503
    7.5000  -45.0000   -7.5000 5158.0435   27.9023
   -7.5000  -37.5000   -7.5000 5606.1470   27.8109
    0.0000  -37.5000   -7.5000 5952.8003   27.8439
    7.5000  -37.5000   -7.5000 5695.8037   27.8879
   -7.5000  -30.0000   -7.5000 6225.8965   27.1149
    0.0000  -30.0000   -7.5000 6611.8506   27.1594
    7.5000  -30.0000   -7.5000 6331.1533   27.2045
   -7.5000  -22.5000   -7.5000 6696.5835   26.0269
    0.0000  -22.5000   -7.5000 7104.6929   26.0670
    7.5000  -22.5000   -7.5000 6794.2188   26.1072
   -7.5000  -15.0000   -7.5000 7472.1177   25.1837
    0.0000  -15.0000   -7.5000 7923.6650   25.2040
    7.5000  -15.0000   -7.5000 7552.7378   25.2340
   -7.5000   -7.5000   -7.5000 8289.9170   24.6282
    0.0000   -7.5000   -7.5000 8804.6797   24.6414
    7.5000   -7.5000   -7.5000 8373.9141   24.6690
   -7.5000    0.0000   -7.5000 9186.0342   24.5513
    0.0000    0.0000   -7.5000 9795.2285   24.5732
    7.5000    0.0000   -7.5000 9335.5713   24.6037
   -7.5000    7.5000   -7.5000 9227.7998   24.5558
    0.0000    7.5000   -7.5000 9899.6025   24.5902
    7.5000    7.5000   -7.5000 9404.0293   24.6237
   -7.5000   15.0000   -7.5000 9162.3672   24.2520
    0.0000   15.0000   -7.5000 9874.4678   24.2936
    7.5000   15.0000   -7.5000 9218.1924   24.3300
   -7.5000   22.5000   -7.5000 9076.8057   23.6711
    0.0000   22.5000   -7.5000 9688.4053   23.7053
    7.5000   22.5000   -7.5000 9018.0029   23.7402
   -7.5000   30.0000   -7.5000 9181.8408   23.6529
    0.0000   30.0000   -7.5000 9749.1123   23.6711
    7.5000   30.0000   -7.5000 9148.4043   23.6993
   -7.5000   37.5000   -7.5000 8809.7754   22.9396
    0.0000   37.5000   -7.5000 9367.7832   22.9517
    7.5000   37.5000   -7.5000 8814.6162   22.9771
   -7.5000   45.0000   -7.5000 8367.6035   22.1187
    0.0000   45.0000   -7.5000 8932.8086   22.1384
    7.5000   45.0000   -7.5000 8388.0938   22.1659
   -7.5000  -45.0000    0.0000 5177.5605   28.4549
    0.0000  -45.0000    0.0000 5526.5957   28.5056
    7.5000  -45.0000    0.0000 5274.3369   28.5775
   -7.5000  -37.5000    0.0000 5736.5591   28.4490
    0.0000  -37.5000    0.0000 6131.0918   28.4875
    7.5000  -37.5000    0.0000 5842.3047   28.5552
   -7.5000  -30.0000    0.0000 6386.0132   27.7387
    0.0000  -30.0000    0.0000 6820.7090   27.7857
    7.5000  -30.0000    0.0000 6493.9585   27.8515
   -7.5000  -22.5000    0.0000 6882.1113   26.6385
    0.0000  -22.5000    0.0000 7328.9497   26.6783
    7.5000  -22.5000    0.0000 6968.4126   26.7323
   -7.5000  -15.0000    0.0000 7686.5166   25.7663
    0.0000  -15.0000    0.0000 8153.2402   25.7853
    7.5000  -15.0000    0.0000 7746.4761   25.8239
   -7.5000   -7.5000    0.0000 8540.3174   25.1859
    0.0000   -7.5000    0.0000 9053.5752   25.2009
    7.5000   -7.5000    0.0000 8605.4404   25.2377
   -7.5000    0.0000    0.0000 9557.4229   25.1027
    0.0000    0.0000    0.000010212.5488   25.1282
    7.5000    0.0000    0.0000 9703.7129   25.1727
   -7.5000    7.5000    0.0000 9770.3535   25.1143
    0.0000    7.5000    0.000010684.2217   25.1523
    7.5000    7.5000    0.000010044.2773   25.2038
   -7.5000   15.0000    0.0000 9759.8896   24.8213
    0.0000   15.0000    0.000010613.7529   24.8646
    7.5000   15.0000    0.0000 9950.6504   24.9189
   -7.5000   22.5000    0.0000 9556.5137   24.2417
    0.0000   22.5000    0.000010138.8330   24.2752
    7.5000   22.5000    0.0000 9607.0605   24.3226
   -7.5000   30.0000    0.0000 9624.4746   24.2149
    0.0000   30.0000    0.000010157.4062   24.2322
    7.5000   30.0000    0.0000 9629.5850   24.2685
   -7.5000   37.5000    0.0000 9257.5850   23.4871
    0.0000   37.5000    0.0000 9839.8750   23.5009
    7.5000   37.5000    0.0000 9273.3545   23.5350
   -7.5000   45.0000    0.0000 8785.5293   22.6589
    0.0000   45.0000    0.0000 9394.5225   22.6820
    7.5000   45.0000    0.0000 8809.4141   22.7221
   -7.5000  -45.0000    7.5000 4842.6729   28.5096
    0.0000  -45.0000    7.5000 5196.4185   28.5558
    7.5000  -45.0000    7.5000 4918.8398   28.6503
   -7.5000  -37.5000    7.5000 5391.1064   28.4995
    0.0000  -37.5000    7.5000 5776.8047   28.5360
    7.5000  -37.5000    7.5000 5481.8052   28.6286
   -7.5000  -30.0000    7.5000 6051.4482   27.7742
    0.0000  -30.0000    7.5000 6450.5913   27.8234
    7.5000  -30.0000    7.5000 6139.3076   27.9126
   -7.5000  -22.5000    7.5000 6549.3804   26.6879
    0.0000  -22.5000    7.5000 6932.6528   26.7323
    7.5000  -22.5000    7.5000 6611.0713   26.8040
   -7.5000  -15.0000    7.5000 7307.3486   25.8250
    0.0000  -15.0000    7.5000 7704.2246   25.8468
    7.5000  -15.0000    7.5000 7344.7017   25.8995
   -7.5000   -7.5000    7.5000 8099.1348   25.2413
    0.0000   -7.5000    7.5000 8539.7354   25.2554
    7.5000   -7.5000    7.5000 8147.0474   25.3059
   -7.5000    0.0000    7.5000 9035.3516   25.1477
    0.0000    0.0000    7.5000 9680.2725   25.1699
    7.5000    0.0000    7.5000 9197.1230   25.2310
   -7.5000    7.5000    7.5000 9254.0771   25.1513
    0.0000    7.5000    7.500010303.4346   25.1862
    7.5000    7.5000    7.5000 9643.8174   25.2575
   -7.5000   15.0000    7.5000 9224.4336   24.8592
    0.0000   15.0000    7.500010326.9717   24.9029
    7.5000   15.0000    7.5000 9689.5830   24.9759
   -7.5000   22.5000    7.5000 9036.7549   24.2873
    0.0000   22.5000    7.5000 9920.9170   24.3243
    7.5000   22.5000    7.5000 9349.2607   24.3869
   -7.5000   30.0000    7.5000 9120.4004   24.2686
    0.0000   30.0000    7.5000 9896.5137   24.2888
    7.5000   30.0000    7.5000 9299.8662   24.3380
   -7.5000   37.5000    7.5000 8748.8379   23.5385
    0.0000   37.5000    7.5000 9454.2354   23.5516
    7.5000   37.5000    7.5000 8847.0518   23.5984
   -7.5000   45.0000    7.5000 8299.9443   22.6996
    0.0000   45.0000    7.5000 8922.9951   22.7196
    7.5000   45.0000    7.5000 8359.8672   22.7748
   -7.5000  -45.0000   15.0000 4639.1235   29.6411
    0.0000  -45.0000   15.0000 4953.8247   29.6832
    7.5000  -45.0000   15.0000 4684.4346   29.7872
   -7.5000  -37.5000   15.0000 5161.3691   29.5631
    0.0000  -37.5000   15.0000 5513.1074   29.5963
    7.5000  -37.5000   15.0000 5221.3818   29.6951
   -7.5000  -30.0000   15.0000 5780.1494   28.7286
    0.0000  -30.0000   15.0000 6159.4062   28.7834
    7.5000  -30.0000   15.0000 5843.5708   28.8792
   -7.5000  -22.5000   15.0000 6221.0254   27.5733
    0.0000  -22.5000   15.0000 6616.9951   27.6289
    7.5000  -22.5000   15.0000 6288.2056   27.7073
   -7.5000  -15.0000   15.0000 6920.4448   26.6763
    0.0000  -15.0000   15.0000 7355.8989   26.7071
    7.5000  -15.0000   15.0000 6982.6074   26.7672
   -7.5000   -7.5000   15.0000 7674.8228   26.0660
    0.0000   -7.5000   15.0000 8142.0435   26.0811
    7.5000   -7.5000   15.0000 7738.9614   26.1384
   -7.5000    0.0000   15.0000 8574.9502   25.9601
    0.0000    0.0000   15.0000 9182.8828   25.9782
    7.5000    0.0000   15.0000 8691.1387   26.0455
   -7.5000    7.5000   15.0000 8693.9648   25.9474
    0.0000    7.5000   15.0000 9494.9053   25.9792
    7.5000    7.5000   15.0000 8957.1826   26.0554
   -7.5000   15.0000   15.0000 8623.4395   25.6355
    0.0000   15.0000   15.0000 9359.6992   25.6824
    7.5000   15.0000   15.0000 8898.9766   25.7591
   -7.5000   22.5000   15.0000 8468.4941   25.0519
    0.0000   22.5000   15.0000 9076.8047   25.0983
    7.5000   22.5000   15.0000 8669.9678   25.1660
   -7.5000   30.0000   15.0000 8573.0088   25.0489
    0.0000   30.0000   15.0000 9186.7959   25.0772
    7.5000   30.0000   15.0000 8733.6943   25.1331
   -7.5000   37.5000   15.0000 8217.5293   24.3050
    0.0000   37.5000   15.0000 8800.2480   24.3191
    7.5000   37.5000   15.0000 8331.4746   24.3723
   -7.5000   45.0000   15.0000 7806.0698   23.4329
    0.0000   45.0000   15.0000 8320.1045   23.4492
    7.5000   45.0000   15.0000 7868.6587   23.5100
   -7.5000  -45.0000   22.5000 4339.1045   30.8016
    0.0000  -45.0000   22.5000 4645.1152   30.8416
    7.5000  -45.0000   22.5000 4381.4795   30.9279
   -7.5000  -37.5000   22.5000 4837.8037   30.6656
    0.0000  -37.5000   22.5000 5187.0747   30.6973
    7.5000  -37.5000   22.5000 4882.2163   30.7724
   -7.5000  -30.0000   22.5000 5415.8848   29.7249
    0.0000  -30.0000   22.5000 5800.9941   29.7844
    7.5000  -30.0000   22.5000 5476.5552   29.8612
   -7.5000  -22.5000   22.5000 5831.0439   28.4730
    0.0000  -22.5000   22.5000 6223.5483   28.5365
    7.5000  -22.5000   22.5000 5907.5581   28.6041
   -7.5000  -15.0000   22.5000 6493.7490   27.5241
    0.0000  -15.0000   22.5000 6894.0532   27.5606
    7.5000  -15.0000   22.5000 6566.1357   27.6149
   -7.5000   -7.5000   22.5000 7194.8999   26.8829
    0.0000   -7.5000   22.5000 7607.8462   26.8976
    7.5000   -7.5000   22.5000 7252.7227   26.9472
   -7.5000    0.0000   22.5000 8026.4644   26.7738
    0.0000    0.0000   22.5000 8505.1807   26.7894
    7.5000    0.0000   22.5000 8116.6069   26.8433
   -7.5000    7.5000   22.5000 8100.9585   26.7537
    0.0000    7.5000   22.5000 8631.7891   26.7856
    7.5000    7.5000   22.5000 8242.5332   26.8435
   -7.5000   15.0000   22.5000 7995.5186   26.4184
    0.0000   15.0000   22.5000 8434.4775   26.4697
    7.5000   15.0000   22.5000 8105.4897   26.5295
   -7.5000   22.5000   22.5000 7853.1768   25.8283
    0.0000   22.5000   22.5000 8224.8271   25.8818
    7.5000   22.5000   22.5000 7916.6724   25.9396
   -7.5000   30.0000   22.5000 7989.8032   25.8328
    0.0000   30.0000   22.5000 8372.8164   25.8659
    7.5000   30.0000   22.5000 8036.9595   25.9165
   -7.5000   37.5000   22.5000 7684.0479   25.0873
    0.0000   37.5000   22.5000 8078.9492   25.1011
    7.5000   37.5000   22.5000 7727.2505   25.1471
   -7.5000   45.0000   22.5000 7331.3975   24.2005
    0.0000   45.0000   22.5000 7719.0781   24.2146
    7.5000   45.0000   22.5000 7359.6353   24.2634
   -7.5000  -45.0000   30.0000 4199.3057   32.5331
    0.0000  -45.0000   30.0000 4500.3813   32.5813
    7.5000  -45.0000   30.0000 4245.5938   32.6587
   -7.5000  -37.5000   30.0000 4708.3223   32.3798
    0.0000  -37.5000   30.0000 5026.9448   32.4165
    7.5000  -37.5000   30.0000 4742.0220   32.4796
   -7.5000  -30.0000   30.0000 5259.0815   31.3572
    0.0000  -30.0000   30.0000 5608.9238   31.4193
    7.5000  -30.0000   30.0000 5327.0376   31.4871
   -7.5000  -22.5000   30.0000 5637.1196   29.9565
    0.0000  -22.5000   30.0000 5996.7095   30.0187
    7.5000  -22.5000   30.0000 5727.7666   30.0830
   -7.5000  -15.0000   30.0000 6266.7988   28.8942
    0.0000  -15.0000   30.0000 6634.9917   28.9281
    7.5000  -15.0000   30.0000 6352.3882   28.9809
   -7.5000   -7.5000   30.0000 6959.1035   28.1849
    0.0000   -7.5000   30.0000 7336.2686   28.2000
    7.5000   -7.5000   30.0000 7016.3008   28.2459
   -7.5000    0.0000   30.0000 7746.4243   28.0757
    0.0000    0.0000   30.0000 8205.4443   28.0960
    7.5000    0.0000   30.0000 7842.3042   28.1424
   -7.5000    7.5000   30.0000 7798.8452   28.0701
    0.0000    7.5000   30.0000 8283.4795   28.1084
    7.5000    7.5000   30.0000 7914.3267   28.1566
   -7.5000   15.0000   30.0000 7694.2554   27.7241
    0.0000   15.0000   30.0000 8098.7710   27.7794
    7.5000   15.0000   30.0000 7756.8066   27.8319
   -7.5000   22.5000   30.0000 7556.7988   27.0965
    0.0000   22.5000   30.0000 7913.6802   27.1491
    7.5000   22.5000   30.0000 7592.4810   27.2038
   -7.5000   30.0000   30.0000 7685.2119   27.0856
    0.0000   30.0000   30.0000 8054.8643   27.1161
    7.5000   30.0000   30.0000 7715.5371   27.1651
   -7.5000   37.5000   30.0000 7443.8086   26.2983
    0.0000   37.5000   30.0000 7802.5093   26.3123
    7.5000   37.5000   30.0000 7476.1978   26.3549
   -7.5000   45.0000   30.0000 7127.5679   25.3773
    0.0000   45.0000   30.0000 7471.7715   25.3956
    7.5000   45.0000   30.0000 7154.8691   25.4376
   -7.5000  -45.0000   37.5000 3920.6685   33.7760
    0.0000  -45.0000   37.5000 4155.6128   33.8425
    7.5000  -45.0000   37.5000 3957.2610   33.9232
   -7.5000  -37.5000   37.5000 4361.8057   33.6032
    0.0000  -37.5000   37.5000 4634.4087   33.6514
    7.5000  -37.5000   37.5000 4412.2910   33.7209
   -7.5000  -30.0000   37.5000 4863.6094   32.5619
    0.0000  -30.0000   37.5000 5174.0698   32.6296
    7.5000  -30.0000   37.5000 4952.4771   32.7029
   -7.5000  -22.5000   37.5000 5228.2441   31.0900
    0.0000  -22.5000   37.5000 5551.8237   31.1543
    7.5000  -22.5000   37.5000 5319.5830   31.2212
   -7.5000  -15.0000   37.5000 5830.5503   29.9073
    0.0000  -15.0000   37.5000 6175.4131   29.9431
    7.5000  -15.0000   37.5000 5896.2593   29.9938
   -7.5000   -7.5000   37.5000 6466.6084   29.1088
    0.0000   -7.5000   37.5000 6849.8755   29.1315
    7.5000   -7.5000   37.5000 6523.6055   29.1756
   -7.5000    0.0000   37.5000 7185.1196   28.9827
    0.0000    0.0000   37.5000 7638.8135   29.0145
    7.5000    0.0000   37.5000 7272.9492   29.0614
   -7.5000    7.5000   37.5000 7207.9336   28.9949
    0.0000    7.5000   37.5000 7654.7031   29.0437
    7.5000    7.5000   37.5000 7298.2974   29.0954
   -7.5000   15.0000   37.5000 7101.3564   28.6586
    0.0000   15.0000   37.5000 7507.6382   28.7200
    7.5000   15.0000   37.5000 7159.1572   28.7783
   -7.5000   22.5000   37.5000 6984.2915   28.0237
    0.0000   22.5000   37.5000 7353.3223   28.0778
    7.5000   22.5000   37.5000 7028.9287   28.1352
   -7.5000   30.0000   37.5000 7099.4487   27.9941
    0.0000   30.0000   37.5000 7468.2241   28.0262
    7.5000   30.0000   37.5000 7140.4785   28.0733
   -7.5000   37.5000   37.5000 6874.2295   27.1557
    0.0000   37.5000   37.5000 7216.5156   27.1766
    7.5000   37.5000   37.5000 6915.7095   27.2173
   -7.5000   45.0000   37.5000 6607.7212   26.1939
    0.0000   45.0000   37.5000 6940.2153   26.2227
    7.5000   45.0000   37.5000 6642.0361   26.2650
   -7.5000  -45.0000   45.0000 3633.1387   35.1033
    0.0000  -45.0000   45.0000 3836.8755   35.1595
    7.5000  -45.0000   45.0000 3660.8779   35.2715
   -7.5000  -37.5000   45.0000 4027.6965   34.8968
    0.0000  -37.5000   45.0000 4263.8940   34.9383
    7.5000  -37.5000   45.0000 4093.6377   35.0444
   -7.5000  -30.0000   45.0000 4491.9385   33.7556
    0.0000  -30.0000   45.0000 4771.2397   33.8161
    7.5000  -30.0000   45.0000 4594.4678   33.9223
   -7.5000  -22.5000   45.0000 4856.4473   32.2225
    0.0000  -22.5000   45.0000 5163.7412   32.2762
    7.5000  -22.5000   45.0000 4948.6890   32.3655
   -7.5000  -15.0000   45.0000 5417.9512   30.9676
    0.0000  -15.0000   45.0000 5749.0332   30.9897
    7.5000  -15.0000   45.0000 5481.1372   31.0546
   -7.5000   -7.5000   45.0000 6005.7778   30.1029
    0.0000   -7.5000   45.0000 6380.0488   30.1161
    7.5000   -7.5000   45.0000 6066.4424   30.1747
   -7.5000    0.0000   45.0000 6670.5811   29.9689
    0.0000    0.0000   45.0000 7093.0801   29.9949
    7.5000    0.0000   45.0000 6736.3394   30.0616
   -7.5000    7.5000   45.0000 6668.7251   29.9772
    0.0000    7.5000   45.0000 7082.8242   30.0212
    7.5000    7.5000   45.0000 6737.6294   30.0983
   -7.5000   15.0000   45.0000 6565.0732   29.6195
    0.0000   15.0000   45.0000 6955.5581   29.6750
    7.5000   15.0000   45.0000 6611.3062   29.7592
   -7.5000   22.5000   45.0000 6457.8398   28.9620
    0.0000   22.5000   45.0000 6820.7456   29.0064
    7.5000   22.5000   45.0000 6496.1191   29.0834
   -7.5000   30.0000   45.0000 6556.1763   28.9340
    0.0000   30.0000   45.0000 6903.7700   28.9540
    7.5000   30.0000   45.0000 6594.8628   29.0145
   -7.5000   37.5000   45.0000 6354.7402   28.0692
    0.0000   37.5000   45.0000 6673.8940   28.0813
    7.5000   37.5000   45.0000 6385.2578   28.1354
   -7.5000   45.0000   45.0000 6095.0684   27.0682
    0.0000   45.0000   45.0000 6402.4824   27.0916
    7.5000   45.0000   45.0000 6132.3008   27.1519

---------------------------------------------------------------------
imgreg_4dfp /opt/freesurfer/average/711-2C_as_mni_average_305 /opt/freesurfer/average/711-2B_as_mni_average_305_mask talsrcimg_g11 none talsrcimg_to_711-2C_as_mni_average_305_t4 4355
---------------------------------------------------------------------

freesurfer imgreg_4dfp.c
/opt/freesurfer/average/711-2C_as_mni_average_305.4dfp.img
       256       256       256         1
  1.000000  1.000000  1.000000
orientation T byte_order littleendian
Reading image: /opt/freesurfer/average/711-2C_as_mni_average_305.4dfp.img
dimensions:      256       256       256
mmppix:       1.0000   -1.0000   -1.0000
center:     128.0000 -129.0000 -129.0000
/opt/freesurfer/average/711-2B_as_mni_average_305_mask.4dfp.img
       256       256       256         1
  1.000000  1.000000  1.000000
orientation T byte_order littleendian
Reading mask: /opt/freesurfer/average/711-2B_as_mni_average_305_mask.4dfp.img (2306576 pixels)
talsrcimg_g11.4dfp.img
       320       320       320         1
  0.700000  0.700000  0.700000
orientation T byte_order littleendian
Reading image: talsrcimg_g11.4dfp.img
dimensions:      320       320       320
mmppix:       0.7000   -0.7000   -0.7000
center:     112.0000 -112.7000 -112.7000
rotation matrix determinant  1.000000
image alignment mode   4355 decimal     1103 hex
   -7.5000  -37.5000  -45.0000 1707.6012   32.7730
    0.0000  -37.5000  -45.0000 1725.3834   32.3861
    7.5000  -37.5000  -45.0000 1735.0381   32.3062
   -7.5000  -30.0000  -45.0000 1815.7249   29.0310
    0.0000  -30.0000  -45.0000 1834.3008   28.6875
    7.5000  -30.0000  -45.0000 1844.2501   28.5912
   -7.5000  -22.5000  -45.0000 1925.3195   26.0250
    0.0000  -22.5000  -45.0000 1946.0068   25.7508
    7.5000  -22.5000  -45.0000 1952.7273   25.6788
   -7.5000  -15.0000  -45.0000 2027.4991   23.6439
    0.0000  -15.0000  -45.0000 2046.8749   23.3991
    7.5000  -15.0000  -45.0000 2053.5806   23.3837
   -7.5000   -7.5000  -45.0000 2102.2546   21.8173
    0.0000   -7.5000  -45.0000 2122.4128   21.5788
    7.5000   -7.5000  -45.0000 2123.7253   21.5973
   -7.5000    0.0000  -45.0000 2150.2744   20.5609
    0.0000    0.0000  -45.0000 2171.5481   20.3451
    7.5000    0.0000  -45.0000 2171.1917   20.3356
   -7.5000    7.5000  -45.0000 2171.0081   19.7857
    0.0000    7.5000  -45.0000 2192.0625   19.5635
    7.5000    7.5000  -45.0000 2194.1331   19.5929
   -7.5000   15.0000  -45.0000 2187.5044   19.3708
    0.0000   15.0000  -45.0000 2206.5396   19.0763
    7.5000   15.0000  -45.0000 2205.2346   19.0940
   -7.5000   22.5000  -45.0000 2187.5681   19.2528
    0.0000   22.5000  -45.0000 2209.1360   18.9913
    7.5000   22.5000  -45.0000 2210.1472   18.9621
   -7.5000   30.0000  -45.0000 2175.1880   19.4067
    0.0000   30.0000  -45.0000 2199.3718   19.1480
    7.5000   30.0000  -45.0000 2200.4133   19.1148
   -7.5000   37.5000  -45.0000 2121.8025   19.7570
    0.0000   37.5000  -45.0000 2151.0632   19.5273
    7.5000   37.5000  -45.0000 2151.1377   19.4424
   -7.5000   45.0000  -45.0000 2025.3273   20.0972
    0.0000   45.0000  -45.0000 2055.2673   19.8962
    7.5000   45.0000  -45.0000 2054.2302   19.8368
   -7.5000   52.5000  -45.0000 1903.4143   20.4401
    0.0000   52.5000  -45.0000 1930.1311   20.3085
    7.5000   52.5000  -45.0000 1928.2067   20.2945
   -7.5000  -37.5000  -37.5000 1801.0455   33.2090
    0.0000  -37.5000  -37.5000 1818.5804   32.7341
    7.5000  -37.5000  -37.5000 1822.1656   32.6241
   -7.5000  -30.0000  -37.5000 1921.4905   29.3407
    0.0000  -30.0000  -37.5000 1944.3201   28.9859
    7.5000  -30.0000  -37.5000 1946.3167   28.8707
   -7.5000  -22.5000  -37.5000 2046.6746   26.2922
    0.0000  -22.5000  -37.5000 2070.0483   26.0632
    7.5000  -22.5000  -37.5000 2070.0891   25.9080
   -7.5000  -15.0000  -37.5000 2157.1960   23.8140
    0.0000  -15.0000  -37.5000 2181.3499   23.6087
    7.5000  -15.0000  -37.5000 2179.4404   23.4988
   -7.5000   -7.5000  -37.5000 2236.6060   21.8886
    0.0000   -7.5000  -37.5000 2255.4888   21.6040
    7.5000   -7.5000  -37.5000 2254.4260   21.5469
   -7.5000    0.0000  -37.5000 2295.6265   20.5169
    0.0000    0.0000  -37.5000 2313.3408   20.2252
    7.5000    0.0000  -37.5000 2311.0691   20.2094
   -7.5000    7.5000  -37.5000 2327.1277   19.6554
    0.0000    7.5000  -37.5000 2342.7258   19.3544
    7.5000    7.5000  -37.5000 2340.7053   19.3923
   -7.5000   15.0000  -37.5000 2354.4319   19.0727
    0.0000   15.0000  -37.5000 2367.5735   18.8071
    7.5000   15.0000  -37.5000 2365.0886   18.8503
   -7.5000   22.5000  -37.5000 2358.5474   18.9447
    0.0000   22.5000  -37.5000 2379.1575   18.7148
    7.5000   22.5000  -37.5000 2372.6606   18.7306
   -7.5000   30.0000  -37.5000 2343.2275   19.0811
    0.0000   30.0000  -37.5000 2364.8247   18.8947
    7.5000   30.0000  -37.5000 2361.3640   18.9119
   -7.5000   37.5000  -37.5000 2286.6379   19.4318
    0.0000   37.5000  -37.5000 2313.7285   19.1795
    7.5000   37.5000  -37.5000 2310.1216   19.1946
   -7.5000   45.0000  -37.5000 2183.2659   19.7347
    0.0000   45.0000  -37.5000 2214.5745   19.5347
    7.5000   45.0000  -37.5000 2210.4832   19.5353
   -7.5000   52.5000  -37.5000 2055.1719   20.0579
    0.0000   52.5000  -37.5000 2084.7275   19.9101
    7.5000   52.5000  -37.5000 2077.8323   19.9502
   -7.5000  -37.5000  -30.0000 1881.9315   33.7221
    0.0000  -37.5000  -30.0000 1901.3141   33.0285
    7.5000  -37.5000  -30.0000 1898.8590   33.0067
   -7.5000  -30.0000  -30.0000 2014.8768   29.6338
    0.0000  -30.0000  -30.0000 2037.2389   29.1094
    7.5000  -30.0000  -30.0000 2035.3188   29.0347
   -7.5000  -22.5000  -30.0000 2148.5220   26.4299
    0.0000  -22.5000  -30.0000 2172.3015   25.9754
    7.5000  -22.5000  -30.0000 2167.1829   25.8461
   -7.5000  -15.0000  -30.0000 2259.6978   23.8197
    0.0000  -15.0000  -30.0000 2283.1814   23.4829
    7.5000  -15.0000  -30.0000 2281.1843   23.3652
   -7.5000   -7.5000  -30.0000 2347.3127   21.8691
    0.0000   -7.5000  -30.0000 2366.7927   21.5411
    7.5000   -7.5000  -30.0000 2363.2588   21.4546
   -7.5000    0.0000  -30.0000 2416.3855   20.4063
    0.0000    0.0000  -30.0000 2431.1770   20.0373
    7.5000    0.0000  -30.0000 2424.7568   19.9737
   -7.5000    7.5000  -30.0000 2457.4124   19.3012
    0.0000    7.5000  -30.0000 2474.0513   19.0003
    7.5000    7.5000  -30.0000 2471.9780   18.9738
   -7.5000   15.0000  -30.0000 2489.5176   18.5696
    0.0000   15.0000  -30.0000 2507.0815   18.3419
    7.5000   15.0000  -30.0000 2502.0276   18.3358
   -7.5000   22.5000  -30.0000 2503.5562   18.3929
    0.0000   22.5000  -30.0000 2526.6870   18.2372
    7.5000   22.5000  -30.0000 2517.7346   18.2339
   -7.5000   30.0000  -30.0000 2492.3074   18.5681
    0.0000   30.0000  -30.0000 2512.1694   18.4151
    7.5000   30.0000  -30.0000 2503.3562   18.4179
   -7.5000   37.5000  -30.0000 2434.1792   18.9616
    0.0000   37.5000  -30.0000 2456.9272   18.7170
    7.5000   37.5000  -30.0000 2447.0435   18.7362
   -7.5000   45.0000  -30.0000 2329.7876   19.2855
    0.0000   45.0000  -30.0000 2354.6355   19.0373
    7.5000   45.0000  -30.0000 2344.7727   19.0542
   -7.5000   52.5000  -30.0000 2195.3506   19.5815
    0.0000   52.5000  -30.0000 2218.7915   19.3817
    7.5000   52.5000  -30.0000 2211.7756   19.4374
   -7.5000  -37.5000  -22.5000 1916.7444   33.1650
    0.0000  -37.5000  -22.5000 1938.4233   32.4940
    7.5000  -37.5000  -22.5000 1935.7865   32.4316
   -7.5000  -30.0000  -22.5000 2051.1445   28.9702
    0.0000  -30.0000  -22.5000 2076.1316   28.4401
    7.5000  -30.0000  -22.5000 2073.1682   28.3583
   -7.5000  -22.5000  -22.5000 2182.2673   25.7037
    0.0000  -22.5000  -22.5000 2206.5740   25.2295
    7.5000  -22.5000  -22.5000 2202.7507   25.1506
   -7.5000  -15.0000  -22.5000 2293.5244   23.1532
    0.0000  -15.0000  -22.5000 2316.8301   22.6903
    7.5000  -15.0000  -22.5000 2316.1370   22.6217
   -7.5000   -7.5000  -22.5000 2381.1074   21.1409
    0.0000   -7.5000  -22.5000 2404.5981   20.7591
    7.5000   -7.5000  -22.5000 2403.6174   20.6952
   -7.5000    0.0000  -22.5000 2455.2566   19.6086
    0.0000    0.0000  -22.5000 2479.8062   19.2902
    7.5000    0.0000  -22.5000 2474.6335   19.1644
   -7.5000    7.5000  -22.5000 2510.0422   18.3914
    0.0000    7.5000  -22.5000 2532.1143   18.0907
    7.5000    7.5000  -22.5000 2525.9001   17.9796
   -7.5000   15.0000  -22.5000 2543.6877   17.5191
    0.0000   15.0000  -22.5000 2566.5491   17.2611
    7.5000   15.0000  -22.5000 2559.0093   17.1917
   -7.5000   22.5000  -22.5000 2568.2017   17.2948
    0.0000   22.5000  -22.5000 2589.7830   17.0563
    7.5000   22.5000  -22.5000 2576.8748   17.0269
   -7.5000   30.0000  -22.5000 2569.4187   17.5288
    0.0000   30.0000  -22.5000 2585.6387   17.2812
    7.5000   30.0000  -22.5000 2572.5352   17.2676
   -7.5000   37.5000  -22.5000 2515.9775   17.8841
    0.0000   37.5000  -22.5000 2533.1768   17.6168
    7.5000   37.5000  -22.5000 2519.6851   17.5669
   -7.5000   45.0000  -22.5000 2404.1086   18.1792
    0.0000   45.0000  -22.5000 2424.7622   17.9199
    7.5000   45.0000  -22.5000 2413.0654   17.9126
   -7.5000   52.5000  -22.5000 2260.0508   18.4772
    0.0000   52.5000  -22.5000 2281.1541   18.2354
    7.5000   52.5000  -22.5000 2274.0017   18.3124
   -7.5000  -37.5000  -15.0000 1978.8317   33.9852
    0.0000  -37.5000  -15.0000 2006.5256   33.2882
    7.5000  -37.5000  -15.0000 2012.3273   33.2220
   -7.5000  -30.0000  -15.0000 2112.4758   29.6128
    0.0000  -30.0000  -15.0000 2142.7036   28.9545
    7.5000  -30.0000  -15.0000 2145.6748   28.9456
   -7.5000  -22.5000  -15.0000 2247.8450   26.1723
    0.0000  -22.5000  -15.0000 2277.1194   25.6034
    7.5000  -22.5000  -15.0000 2278.2827   25.5737
   -7.5000  -15.0000  -15.0000 2363.6514   23.5292
    0.0000  -15.0000  -15.0000 2391.4285   22.9628
    7.5000  -15.0000  -15.0000 2392.8748   22.9454
   -7.5000   -7.5000  -15.0000 2461.4907   21.3848
    0.0000   -7.5000  -15.0000 2486.3379   20.9172
    7.5000   -7.5000  -15.0000 2487.2485   20.8795
   -7.5000    0.0000  -15.0000 2546.1731   19.6841
    0.0000    0.0000  -15.0000 2572.3215   19.2920
    7.5000    0.0000  -15.0000 2570.1741   19.2082
   -7.5000    7.5000  -15.0000 2611.9670   18.3462
    0.0000    7.5000  -15.0000 2636.6318   17.9615
    7.5000    7.5000  -15.0000 2629.8481   17.8211
   -7.5000   15.0000  -15.0000 2654.8628   17.3770
    0.0000   15.0000  -15.0000 2675.0393   16.9691
    7.5000   15.0000  -15.0000 2663.1497   16.8514
   -7.5000   22.5000  -15.0000 2687.6094   16.9966
    0.0000   22.5000  -15.0000 2700.9526   16.6568
    7.5000   22.5000  -15.0000 2686.8696   16.5432
   -7.5000   30.0000  -15.0000 2688.5442   17.2002
    0.0000   30.0000  -15.0000 2705.8943   16.8851
    7.5000   30.0000  -15.0000 2687.4709   16.7677
   -7.5000   37.5000  -15.0000 2631.5554   17.5537
    0.0000   37.5000  -15.0000 2651.5911   17.2139
    7.5000   37.5000  -15.0000 2634.3062   17.1517
   -7.5000   45.0000  -15.0000 2527.9255   17.8996
    0.0000   45.0000  -15.0000 2541.0066   17.5150
    7.5000   45.0000  -15.0000 2533.7292   17.5840
   -7.5000   52.5000  -15.0000 2379.7585   18.3170
    0.0000   52.5000  -15.0000 2395.5325   17.9033
    7.5000   52.5000  -15.0000 2390.1062   18.0689
   -7.5000  -37.5000   -7.5000 2016.8137   34.9970
    0.0000  -37.5000   -7.5000 2038.8124   33.9878
    7.5000  -37.5000   -7.5000 2043.3278   33.9318
   -7.5000  -30.0000   -7.5000 2153.7258   30.3452
    0.0000  -30.0000   -7.5000 2173.5339   29.5066
    7.5000  -30.0000   -7.5000 2180.2871   29.4529
   -7.5000  -22.5000   -7.5000 2286.2844   26.7115
    0.0000  -22.5000   -7.5000 2306.4688   26.0150
    7.5000  -22.5000   -7.5000 2314.4436   25.9794
   -7.5000  -15.0000   -7.5000 2402.3989   23.9592
    0.0000  -15.0000   -7.5000 2422.5481   23.3462
    7.5000  -15.0000   -7.5000 2430.3157   23.2567
   -7.5000   -7.5000   -7.5000 2509.4553   21.6643
    0.0000   -7.5000   -7.5000 2526.5381   21.1207
    7.5000   -7.5000   -7.5000 2531.6892   21.0491
   -7.5000    0.0000   -7.5000 2595.7776   19.7783
    0.0000    0.0000   -7.5000 2615.9702   19.3671
    7.5000    0.0000   -7.5000 2616.7507   19.2871
   -7.5000    7.5000   -7.5000 2666.3940   18.3397
    0.0000    7.5000   -7.5000 2691.1160   18.0280
    7.5000    7.5000   -7.5000 2689.7578   17.8995
   -7.5000   15.0000   -7.5000 2717.7771   17.2850
    0.0000   15.0000   -7.5000 2738.9407   16.8642
    7.5000   15.0000   -7.5000 2728.8752   16.7572
   -7.5000   22.5000   -7.5000 2752.8750   16.8166
    0.0000   22.5000   -7.5000 2771.0342   16.3497
    7.5000   22.5000   -7.5000 2752.7300   16.2704
   -7.5000   30.0000   -7.5000 2758.6458   16.9383
    0.0000   30.0000   -7.5000 2773.6873   16.4839
    7.5000   30.0000   -7.5000 2757.2690   16.4459
   -7.5000   37.5000   -7.5000 2715.3406   17.2729
    0.0000   37.5000   -7.5000 2724.6465   16.7256
    7.5000   37.5000   -7.5000 2722.2854   16.8621
   -7.5000   45.0000   -7.5000 2614.0815   17.7226
    0.0000   45.0000   -7.5000 2619.3352   17.1679
    7.5000   45.0000   -7.5000 2624.6460   17.3880
   -7.5000   52.5000   -7.5000 2464.9358   18.2237
    0.0000   52.5000   -7.5000 2472.3762   17.7795
    7.5000   52.5000   -7.5000 2475.5054   17.9786
   -7.5000  -37.5000    0.0000 2014.5806   35.8954
    0.0000  -37.5000    0.0000 2039.9304   35.0007
    7.5000  -37.5000    0.0000 2035.7430   34.7798
   -7.5000  -30.0000    0.0000 2145.0852   31.0043
    0.0000  -30.0000    0.0000 2173.4365   30.2931
    7.5000  -30.0000    0.0000 2168.0637   30.0902
   -7.5000  -22.5000    0.0000 2277.1008   27.1899
    0.0000  -22.5000    0.0000 2300.8210   26.5348
    7.5000  -22.5000    0.0000 2295.7568   26.4412
   -7.5000  -15.0000    0.0000 2398.1394   24.2434
    0.0000  -15.0000    0.0000 2415.1306   23.6564
    7.5000  -15.0000    0.0000 2413.9263   23.5711
   -7.5000   -7.5000    0.0000 2513.9353   21.8588
    0.0000   -7.5000    0.0000 2529.0203   21.3625
    7.5000   -7.5000    0.0000 2525.4695   21.3306
   -7.5000    0.0000    0.0000 2618.2322   20.0087
    0.0000    0.0000    0.0000 2625.0981   19.5783
    7.5000    0.0000    0.0000 2621.1855   19.5703
   -7.5000    7.5000    0.0000 2701.8708   18.6742
    0.0000    7.5000    0.0000 2716.0034   18.4092
    7.5000    7.5000    0.0000 2709.6833   18.3482
   -7.5000   15.0000    0.0000 2760.2849   17.6232
    0.0000   15.0000    0.0000 2790.8340   17.4338
    7.5000   15.0000    0.0000 2772.2336   17.3472
   -7.5000   22.5000    0.0000 2795.4370   16.8474
    0.0000   22.5000    0.0000 2821.1851   16.4635
    7.5000   22.5000    0.0000 2795.0725   16.5109
   -7.5000   30.0000    0.0000 2796.4348   16.7359
    0.0000   30.0000    0.0000 2806.8152   16.1735
    7.5000   30.0000    0.0000 2792.0857   16.4132
   -7.5000   37.5000    0.0000 2755.0593   17.0958
    0.0000   37.5000    0.0000 2769.9561   16.5685
    7.5000   37.5000    0.0000 2754.5784   16.7618
   -7.5000   45.0000    0.0000 2653.9573   17.6280
    0.0000   45.0000    0.0000 2669.9663   17.2677
    7.5000   45.0000    0.0000 2661.1179   17.3455
   -7.5000   52.5000    0.0000 2503.2554   18.2543
    0.0000   52.5000    0.0000 2520.8167   17.9602
    7.5000   52.5000    0.0000 2514.3132   18.0100
   -7.5000  -37.5000    7.5000 1985.3345   37.0877
    0.0000  -37.5000    7.5000 2016.1738   36.2959
    7.5000  -37.5000    7.5000 2010.6857   36.1200
   -7.5000  -30.0000    7.5000 2127.1799   31.8968
    0.0000  -30.0000    7.5000 2151.0554   31.0652
    7.5000  -30.0000    7.5000 2149.2444   31.0617
   -7.5000  -22.5000    7.5000 2256.4424   27.8269
    0.0000  -22.5000    7.5000 2266.5962   26.9968
    7.5000  -22.5000    7.5000 2273.0913   27.1439
   -7.5000  -15.0000    7.5000 2376.8867   24.7083
    0.0000  -15.0000    7.5000 2380.1848   24.0122
    7.5000  -15.0000    7.5000 2391.3225   24.1507
   -7.5000   -7.5000    7.5000 2496.5227   22.2864
    0.0000   -7.5000    7.5000 2497.5964   21.7335
    7.5000   -7.5000    7.5000 2511.5496   21.9055
   -7.5000    0.0000    7.5000 2599.6711   20.4339
    0.0000    0.0000    7.5000 2613.0046   20.0832
    7.5000    0.0000    7.5000 2618.0815   20.2387
   -7.5000    7.5000    7.5000 2703.4333   19.2042
    0.0000    7.5000    7.5000 2741.9883   19.1290
    7.5000    7.5000    7.5000 2724.9194   19.1555
   -7.5000   15.0000    7.5000 2762.6045   18.0831
    0.0000   15.0000    7.5000 2840.4375   18.3191
    7.5000   15.0000    7.5000 2803.0125   18.2251
   -7.5000   22.5000    7.5000 2792.8513   17.1148
    0.0000   22.5000    7.5000 2840.4912   16.9327
    7.5000   22.5000    7.5000 2821.0508   17.1917
   -7.5000   30.0000    7.5000 2800.2209   16.8969
    0.0000   30.0000    7.5000 2825.3142   16.5081
    7.5000   30.0000    7.5000 2803.8027   16.7661
   -7.5000   37.5000    7.5000 2763.4119   17.1679
    0.0000   37.5000    7.5000 2791.6455   16.8286
    7.5000   37.5000    7.5000 2760.8164   16.8998
   -7.5000   45.0000    7.5000 2661.6240   17.7587
    0.0000   45.0000    7.5000 2683.5850   17.4588
    7.5000   45.0000    7.5000 2663.5171   17.4586
   -7.5000   52.5000    7.5000 2512.8577   18.4320
    0.0000   52.5000    7.5000 2528.8088   18.1465
    7.5000   52.5000    7.5000 2523.0295   18.1702
   -7.5000  -37.5000   15.0000 1947.4084   38.7713
    0.0000  -37.5000   15.0000 1965.5233   37.7869
    7.5000  -37.5000   15.0000 1967.2111   37.7085
   -7.5000  -30.0000   15.0000 2094.0110   33.0617
    0.0000  -30.0000   15.0000 2108.2913   32.1689
    7.5000  -30.0000   15.0000 2112.5461   32.3493
   -7.5000  -22.5000   15.0000 2225.2454   28.8981
    0.0000  -22.5000   15.0000 2234.5471   28.1039
    7.5000  -22.5000   15.0000 2245.3372   28.3709
   -7.5000  -15.0000   15.0000 2351.3167   25.7357
    0.0000  -15.0000   15.0000 2365.5974   25.2220
    7.5000  -15.0000   15.0000 2369.4329   25.4721
   -7.5000   -7.5000   15.0000 2470.5925   23.2950
    0.0000   -7.5000   15.0000 2489.6367   22.9296
    7.5000   -7.5000   15.0000 2495.2751   23.2681
   -7.5000    0.0000   15.0000 2583.1453   21.4329
    0.0000    0.0000   15.0000 2604.1572   21.1535
    7.5000    0.0000   15.0000 2612.2261   21.4768
   -7.5000    7.5000   15.0000 2688.1567   20.1008
    0.0000    7.5000   15.0000 2713.7708   19.9486
    7.5000    7.5000   15.0000 2714.8257   20.1510
   -7.5000   15.0000   15.0000 2746.2822   18.8444
    0.0000   15.0000   15.0000 2773.3767   18.6300
    7.5000   15.0000   15.0000 2778.9265   18.9980
   -7.5000   22.5000   15.0000 2785.7598   17.9812
    0.0000   22.5000   15.0000 2800.4917   17.5558
    7.5000   22.5000   15.0000 2804.6331   18.0176
   -7.5000   30.0000   15.0000 2799.3608   17.8019
    0.0000   30.0000   15.0000 2825.8467   17.4865
    7.5000   30.0000   15.0000 2809.6387   17.7059
   -7.5000   37.5000   15.0000 2752.6494   18.0308
    0.0000   37.5000   15.0000 2791.6179   17.7945
    7.5000   37.5000   15.0000 2767.4578   17.9001
   -7.5000   45.0000   15.0000 2652.4819   18.4140
    0.0000   45.0000   15.0000 2678.9526   18.1938
    7.5000   45.0000   15.0000 2660.1602   18.2413
   -7.5000   52.5000   15.0000 2499.8430   18.9316
    0.0000   52.5000   15.0000 2522.4719   18.7000
    7.5000   52.5000   15.0000 2511.8325   18.7284
   -7.5000  -37.5000   22.5000 1898.2148   40.9518
    0.0000  -37.5000   22.5000 1906.0940   40.1274
    7.5000  -37.5000   22.5000 1914.3949   40.0295
   -7.5000  -30.0000   22.5000 2054.2283   34.8956
    0.0000  -30.0000   22.5000 2066.5024   34.2752
    7.5000  -30.0000   22.5000 2073.6299   34.4530
   -7.5000  -22.5000   22.5000 2191.3218   30.5552
    0.0000  -22.5000   22.5000 2206.8376   30.0655
    7.5000  -22.5000   22.5000 2215.5740   30.3632
   -7.5000  -15.0000   22.5000 2317.4177   27.2328
    0.0000  -15.0000   22.5000 2335.7031   26.7454
    7.5000  -15.0000   22.5000 2341.8313   27.1594
   -7.5000   -7.5000   22.5000 2435.2412   24.5949
    0.0000   -7.5000   22.5000 2446.9531   24.1207
    7.5000   -7.5000   22.5000 2456.7048   24.6182
   -7.5000    0.0000   22.5000 2547.6423   22.6313
    0.0000    0.0000   22.5000 2561.0339   22.1575
    7.5000    0.0000   22.5000 2567.8149   22.5312
   -7.5000    7.5000   22.5000 2639.3457   21.0550
    0.0000    7.5000   22.5000 2651.9341   20.6173
    7.5000    7.5000   22.5000 2659.6604   20.9302
   -7.5000   15.0000   22.5000 2697.7073   19.7112
    0.0000   15.0000   22.5000 2698.3643   19.1597
    7.5000   15.0000   22.5000 2711.8054   19.6320
   -7.5000   22.5000   22.5000 2746.5842   18.9287
    0.0000   22.5000   22.5000 2743.8164   18.3618
    7.5000   22.5000   22.5000 2747.9556   18.8019
   -7.5000   30.0000   22.5000 2768.7507   18.8371
    0.0000   30.0000   22.5000 2773.2229   18.3392
    7.5000   30.0000   22.5000 2770.7710   18.6479
   -7.5000   37.5000   22.5000 2715.2893   19.0533
    0.0000   37.5000   22.5000 2735.5471   18.6616
    7.5000   37.5000   22.5000 2725.7126   18.8227
   -7.5000   45.0000   22.5000 2616.1003   19.4312
    0.0000   45.0000   22.5000 2641.0317   19.1203
    7.5000   45.0000   22.5000 2622.1406   19.2313
   -7.5000   52.5000   22.5000 2467.4836   19.8371
    0.0000   52.5000   22.5000 2491.7520   19.5806
    7.5000   52.5000   22.5000 2476.6025   19.6658
   -7.5000  -37.5000   30.0000 1843.4192   43.8186
    0.0000  -37.5000   30.0000 1851.9449   43.2657
    7.5000  -37.5000   30.0000 1858.3651   43.2050
   -7.5000  -30.0000   30.0000 2001.3380   37.3043
    0.0000  -30.0000   30.0000 2015.3380   36.6802
    7.5000  -30.0000   30.0000 2022.0406   36.9388
   -7.5000  -22.5000   30.0000 2136.3225   32.4000
    0.0000  -22.5000   30.0000 2155.2476   31.8263
    7.5000  -22.5000   30.0000 2161.3640   32.2850
   -7.5000  -15.0000   30.0000 2263.2561   28.7652
    0.0000  -15.0000   30.0000 2281.2441   28.1884
    7.5000  -15.0000   30.0000 2288.6084   28.7214
   -7.5000   -7.5000   30.0000 2385.8643   26.0136
    0.0000   -7.5000   30.0000 2404.0874   25.4260
    7.5000   -7.5000   30.0000 2402.3572   25.8529
   -7.5000    0.0000   30.0000 2489.5737   23.8421
    0.0000    0.0000   30.0000 2511.8625   23.2959
    7.5000    0.0000   30.0000 2510.8059   23.6418
   -7.5000    7.5000   30.0000 2571.4209   22.1558
    0.0000    7.5000   30.0000 2587.6763   21.6335
    7.5000    7.5000   30.0000 2589.1606   21.9415
   -7.5000   15.0000   30.0000 2628.8748   20.7984
    0.0000   15.0000   30.0000 2637.5815   20.2707
    7.5000   15.0000   30.0000 2637.8867   20.6554
   -7.5000   22.5000   30.0000 2681.2747   20.0833
    0.0000   22.5000   30.0000 2677.0864   19.5700
    7.5000   22.5000   30.0000 2679.5618   19.9576
   -7.5000   30.0000   30.0000 2699.8354   20.0229
    0.0000   30.0000   30.0000 2699.2676   19.5041
    7.5000   30.0000   30.0000 2695.7930   19.7993
   -7.5000   37.5000   30.0000 2655.3213   20.2304
    0.0000   37.5000   30.0000 2668.2305   19.7481
    7.5000   37.5000   30.0000 2662.7812   19.9513
   -7.5000   45.0000   30.0000 2552.9922   20.5707
    0.0000   45.0000   30.0000 2573.5862   20.1391
    7.5000   45.0000   30.0000 2559.5762   20.3088
   -7.5000   52.5000   30.0000 2410.5940   20.8917
    0.0000   52.5000   30.0000 2441.2561   20.5934
    7.5000   52.5000   30.0000 2424.8723   20.7088
   -7.5000  -37.5000   37.5000 1769.0712   46.8017
    0.0000  -37.5000   37.5000 1787.4880   46.0719
    7.5000  -37.5000   37.5000 1792.7236   46.2982
   -7.5000  -30.0000   37.5000 1928.3690   39.4910
    0.0000  -30.0000   37.5000 1950.0651   38.9109
    7.5000  -30.0000   37.5000 1955.8485   39.3143
   -7.5000  -22.5000   37.5000 2074.0095   34.1933
    0.0000  -22.5000   37.5000 2097.5330   33.6326
    7.5000  -22.5000   37.5000 2096.4700   34.1562
   -7.5000  -15.0000   37.5000 2205.6101   30.3919
    0.0000  -15.0000   37.5000 2231.4380   29.8147
    7.5000  -15.0000   37.5000 2223.0188   30.3000
   -7.5000   -7.5000   37.5000 2327.9783   27.5236
    0.0000   -7.5000   37.5000 2354.7817   26.9275
    7.5000   -7.5000   37.5000 2341.0811   27.3371
   -7.5000    0.0000   37.5000 2420.9373   25.2864
    0.0000    0.0000   37.5000 2457.2937   24.7683
    7.5000    0.0000   37.5000 2438.8420   25.0503
   -7.5000    7.5000   37.5000 2494.6111   23.5219
    0.0000    7.5000   37.5000 2519.3474   23.0055
    7.5000    7.5000   37.5000 2509.6592   23.3048
   -7.5000   15.0000   37.5000 2550.1060   22.1326
    0.0000   15.0000   37.5000 2573.1384   21.7010
    7.5000   15.0000   37.5000 2558.3315   22.0085
   -7.5000   22.5000   37.5000 2598.9492   21.4441
    0.0000   22.5000   37.5000 2609.7305   21.0555
    7.5000   22.5000   37.5000 2603.0781   21.3699
   -7.5000   30.0000   37.5000 2611.4238   21.3711
    0.0000   30.0000   37.5000 2623.0427   20.9438
    7.5000   30.0000   37.5000 2616.3069   21.1873
   -7.5000   37.5000   37.5000 2568.1152   21.5567
    0.0000   37.5000   37.5000 2581.7668   21.1356
    7.5000   37.5000   37.5000 2579.2920   21.3271
   -7.5000   45.0000   37.5000 2480.2263   21.8179
    0.0000   45.0000   37.5000 2502.8975   21.4069
    7.5000   45.0000   37.5000 2486.2705   21.5835
   -7.5000   52.5000   37.5000 2343.7773   22.0469
    0.0000   52.5000   37.5000 2373.8652   21.7345
    7.5000   52.5000   37.5000 2354.1365   21.9195
   -7.5000  -37.5000   45.0000 1678.5590   49.4881
    0.0000  -37.5000   45.0000 1701.2264   48.7811
    7.5000  -37.5000   45.0000 1707.7748   49.4761
   -7.5000  -30.0000   45.0000 1840.5442   41.6100
    0.0000  -30.0000   45.0000 1865.7151   41.0612
    7.5000  -30.0000   45.0000 1873.9337   41.8484
   -7.5000  -22.5000   45.0000 1989.8528   36.0701
    0.0000  -22.5000   45.0000 2019.8607   35.5899
    7.5000  -22.5000   45.0000 2015.8512   36.2755
   -7.5000  -15.0000   45.0000 2121.2986   32.1321
    0.0000  -15.0000   45.0000 2152.6155   31.7107
    7.5000  -15.0000   45.0000 2135.4546   32.1351
   -7.5000   -7.5000   45.0000 2235.2998   29.1288
    0.0000   -7.5000   45.0000 2276.1404   28.7382
    7.5000   -7.5000   45.0000 2250.9961   29.0580
   -7.5000    0.0000   45.0000 2331.3606   26.8440
    0.0000    0.0000   45.0000 2365.0537   26.3754
    7.5000    0.0000   45.0000 2341.8037   26.6629
   -7.5000    7.5000   45.0000 2397.2109   24.9884
    0.0000    7.5000   45.0000 2427.5098   24.5908
    7.5000    7.5000   45.0000 2404.6362   24.7970
   -7.5000   15.0000   45.0000 2450.2314   23.5786
    0.0000   15.0000   45.0000 2473.2915   23.3027
    7.5000   15.0000   45.0000 2450.6465   23.4930
   -7.5000   22.5000   45.0000 2488.7380   22.9834
    0.0000   22.5000   45.0000 2505.6255   22.6474
    7.5000   22.5000   45.0000 2494.1809   22.8629
   -7.5000   30.0000   45.0000 2498.1838   22.8642
    0.0000   30.0000   45.0000 2512.8345   22.5075
    7.5000   30.0000   45.0000 2507.0676   22.7190
   -7.5000   37.5000   45.0000 2453.5134   23.0455
    0.0000   37.5000   45.0000 2469.1467   22.6920
    7.5000   37.5000   45.0000 2463.1580   22.8678
   -7.5000   45.0000   45.0000 2365.3372   23.1907
    0.0000   45.0000   45.0000 2386.5027   22.8694
    7.5000   45.0000   45.0000 2376.8306   23.0099
   -7.5000   52.5000   45.0000 2245.8579   23.3064
    0.0000   52.5000   45.0000 2268.9023   22.9837
    7.5000   52.5000   45.0000 2256.3965   23.1461

---------------------------------------------------------------------
imgreg_4dfp /opt/freesurfer/average/711-2C_as_mni_average_305 /opt/freesurfer/average/711-2B_as_mni_average_305_mask talsrcimg_g11 none talsrcimg_to_711-2C_as_mni_average_305_t4 1283
---------------------------------------------------------------------

freesurfer imgreg_4dfp.c
/opt/freesurfer/average/711-2C_as_mni_average_305.4dfp.img
       256       256       256         1
  1.000000  1.000000  1.000000
orientation T byte_order littleendian
Reading image: /opt/freesurfer/average/711-2C_as_mni_average_305.4dfp.img
dimensions:      256       256       256
mmppix:       1.0000   -1.0000   -1.0000
center:     128.0000 -129.0000 -129.0000
/opt/freesurfer/average/711-2B_as_mni_average_305_mask.4dfp.img
       256       256       256         1
  1.000000  1.000000  1.000000
orientation T byte_order littleendian
Reading mask: /opt/freesurfer/average/711-2B_as_mni_average_305_mask.4dfp.img (2306576 pixels)
talsrcimg_g11.4dfp.img
       320       320       320         1
  0.700000  0.700000  0.700000
orientation T byte_order littleendian
Reading image: talsrcimg_g11.4dfp.img
dimensions:      320       320       320
mmppix:       0.7000   -0.7000   -0.7000
center:     112.0000 -112.7000 -112.7000
rotation matrix determinant  1.000000
fimgreg.f
image alignment mode   1283 decimal      503 hex
parameters
    0.0000   22.5000    7.5000    0.0000    0.0000    0.0000
eta,q 0.89061 17.08911
niter,ni,del,rscale     5    3   12.0000    1.2000
parameter  1 -0.598609 -> -0.500000 qaram    1.1500
parameter  2 -7.245415 ->  0.500000 qaram    1.1500
parameters
    3.4500   19.0500    6.7556   -2.0879   -1.0571   -1.1132
eta,q 0.89706 17.63747
  0.1258  0.1017  0.1113  0.1048  0.1071  0.1045
  0.1227  0.1011  0.1044  0.1033  0.1048  0.1040
  0.1186  0.1046  0.1037  0.1025  0.1032  0.1032
  0.1135  0.1092  0.1020  0.1028  0.1025  0.1028
  0.1089  0.1147  0.1026  0.1051  0.1033  0.1037
  0.1100  0.1162  0.1095  0.1088  0.1078  0.1054
  0.1135  0.1161  0.1181  0.1126  0.1138  0.1061
niter,ni,del,rscale     6    3   12.0000    1.2000
parameters
    3.4446   19.5089    6.6803   -4.0456   -1.5157   -2.2389
eta,q 0.89688 17.69251
  0.1203  0.1190  0.1161  0.1039  0.1090  0.1041
  0.1117  0.1098  0.1075  0.1042  0.1056  0.1033
  0.1024  0.1031  0.1049  0.1030  0.1039  0.1032
  0.1029  0.1029  0.1035  0.1036  0.1030  0.1031
  0.1083  0.1045  0.1033  0.1040  0.1038  0.1032
  0.1135  0.1075  0.1085  0.1053  0.1066  0.1045
  0.1172  0.1142  0.1171  0.1082  0.1119  0.1051
niter,ni,del,rscale     5    3   12.0000    1.2000
parameters
    4.0095   20.7308    6.8742   -4.9647   -1.5633   -2.9197
eta,q 0.89800 17.59866
  0.1236  0.1178  0.1177  0.1050  0.1097  0.1049
  0.1152  0.1120  0.1100  0.1047  0.1057  0.1028
  0.1044  0.1081  0.1056  0.1028  0.1034  0.1019
  0.1031  0.1040  0.1025  0.1023  0.1021  0.1021
  0.1077  0.1013  0.1026  0.1042  0.1027  0.1029
  0.1125  0.1046  0.1085  0.1054  0.1055  0.1043
  0.1162  0.1124  0.1167  0.1073  0.1105  0.1059
niter,ni,del,rscale     4    3   12.0000    1.2000
parameters
    4.7285   21.5198    7.0742   -4.9856   -1.8377   -2.8874
eta,q 0.89889 17.51014
  0.1224  0.1164  0.1182  0.1068  0.1078  0.1055
  0.1139  0.1131  0.1109  0.1057  0.1043  0.1029
  0.1040  0.1087  0.1051  0.1028  0.1022  0.1013
  0.1020  0.1027  0.1012  0.1010  0.1010  0.1011
  0.1054  0.1008  0.1022  0.1025  0.1018  0.1019
  0.1100  0.1082  0.1088  0.1048  0.1049  0.1033
  0.1143  0.1138  0.1173  0.1076  0.1097  0.1049
niter,ni,del,rscale     3    3   12.0000    1.2000
parameters
    5.2350   21.8835    7.1973   -5.0716   -2.1535   -2.7779
eta,q 0.89887 17.48648
  0.1206  0.1161  0.1184  0.1074  0.1068  0.1055
  0.1117  0.1133  0.1115  0.1061  0.1038  0.1031
  0.1026  0.1074  0.1053  0.1028  0.1022  0.1014
  0.1011  0.1016  0.1011  0.1010  0.1010  0.1011
  0.1051  0.1029  0.1028  0.1025  0.1017  0.1018
  0.1094  0.1107  0.1097  0.1053  0.1044  0.1032
  0.1141  0.1152  0.1183  0.1086  0.1088  0.1049
niter,ni,del,rscale     2    3   12.0000    1.2000
parameters
    5.5465   22.1041    7.2456   -5.1873   -2.4053   -2.7664
eta,q 0.89862 17.47425
  0.1195  0.1162  0.1185  0.1077  0.1066  0.1056
  0.1101  0.1134  0.1118  0.1065  0.1038  0.1032
  0.1017  0.1068  0.1053  0.1031  0.1024  0.1017
  0.1011  0.1015  0.1013  0.1013  0.1013  0.1014
  0.1055  0.1042  0.1034  0.1027  0.1018  0.1021
  0.1095  0.1115  0.1105  0.1055  0.1041  0.1034
  0.1144  0.1157  0.1191  0.1093  0.1081  0.1052
niter,ni,del,rscale     1    3   12.0000    1.2000
parameters
    5.7495   22.2466    7.2699   -5.2849   -2.6158   -2.7538
eta,q 0.89831 17.46676
  0.1190  0.1162  0.1188  0.1078  0.1065  0.1057
  0.1093  0.1134  0.1121  0.1068  0.1037  0.1035
  0.1014  0.1064  0.1055  0.1035  0.1026  0.1020
  0.1014  0.1017  0.1016  0.1016  0.1016  0.1017
  0.1059  0.1050  0.1039  0.1028  0.1020  0.1024
  0.1096  0.1120  0.1111  0.1056  0.1040  0.1036
  0.1146  0.1159  0.1196  0.1095  0.1076  0.1055
registration optimization eta report
parameter search radius
    6.9000    6.9000    6.0000    6.0000    6.0000    6.0000
100000*second partial in parameter space
       32.       27.       47.       18.       15.       11.
  0.1190  0.1162  0.1188  0.1078  0.1065  0.1057
  0.1093  0.1134  0.1121  0.1068  0.1037  0.1035
  0.1014  0.1064  0.1055  0.1035  0.1026  0.1020
  0.1014  0.1017  0.1016  0.1016  0.1016  0.1017
  0.1059  0.1050  0.1039  0.1028  0.1020  0.1024
  0.1096  0.1120  0.1111  0.1056  0.1040  0.1036
  0.1146  0.1159  0.1196  0.1095  0.1076  0.1055
    5.7495   22.2466    7.2699   -5.2849   -2.6158   -2.7538
eta,q 0.89831 17.46676

---------------------------------------------------------------------
imgreg_4dfp /opt/freesurfer/average/711-2C_as_mni_average_305 /opt/freesurfer/average/711-2B_as_mni_average_305_mask talsrcimg_g11 none talsrcimg_to_711-2C_as_mni_average_305_t4 3335
---------------------------------------------------------------------

freesurfer imgreg_4dfp.c
/opt/freesurfer/average/711-2C_as_mni_average_305.4dfp.img
       256       256       256         1
  1.000000  1.000000  1.000000
orientation T byte_order littleendian
Reading image: /opt/freesurfer/average/711-2C_as_mni_average_305.4dfp.img
dimensions:      256       256       256
mmppix:       1.0000   -1.0000   -1.0000
center:     128.0000 -129.0000 -129.0000
/opt/freesurfer/average/711-2B_as_mni_average_305_mask.4dfp.img
       256       256       256         1
  1.000000  1.000000  1.000000
orientation T byte_order littleendian
Reading mask: /opt/freesurfer/average/711-2B_as_mni_average_305_mask.4dfp.img (2306576 pixels)
talsrcimg_g11.4dfp.img
       320       320       320         1
  0.700000  0.700000  0.700000
orientation T byte_order littleendian
Reading image: talsrcimg_g11.4dfp.img
dimensions:      320       320       320
mmppix:       0.7000   -0.7000   -0.7000
center:     112.0000 -112.7000 -112.7000
fimgreg.f
image alignment mode   3335 decimal      D07 hex
parameters
    5.7495   22.2466    7.2699   -0.2196   -0.5199   -0.5289
    4.3641    4.9817   -4.7994    8.9819   -4.5638   -9.2013
eta,q 0.89647 17.61490
niter,ni,del,rscale     5    3    5.0000    1.2000
parameter  1  0.638372 ->  0.500000 qaram    1.1500
parameter  2 -4.069878 ->  0.500000 qaram    1.1500
parameter  4  1.968717 ->  0.500000 qaram    1.1500
parameter  5 16.106459 ->  0.500000 qaram    1.1500
parameter  6  0.665189 ->  0.500000 qaram    1.1500
parameter  7  0.893708 ->  0.500000 qaram    1.1500
parameter  8  0.666340 ->  0.500000 qaram    1.1500
parameter 10  0.513453 ->  0.500000 qaram    1.1500
parameters
    4.3695   20.8666    6.7967   -4.3596   -4.6599   -4.6689
    0.2241    0.8417   -4.6457    4.8419   -5.3362   -6.5729
eta,q 0.93159 18.06430
  0.1031  0.1003  0.1032  0.0882  0.0723  0.0743  0.0726  0.0713  0.0738  0.0706  0.0709  0.0744
  0.1024  0.1008  0.1016  0.0908  0.0766  0.0745  0.0724  0.0704  0.0720  0.0691  0.0695  0.0719
  0.1026  0.1016  0.1009  0.0948  0.0833  0.0750  0.0731  0.0711  0.0709  0.0691  0.0689  0.0701
  0.1035  0.1024  0.1010  0.1009  0.0917  0.0782  0.0745  0.0725  0.0705  0.0705  0.0690  0.0689
  0.1050  0.1029  0.1020  0.1083  0.0995  0.0855  0.0767  0.0743  0.0708  0.0732  0.0695  0.0684
  0.1068  0.1033  0.1036  0.1157  0.1059  0.0969  0.0793  0.0768  0.0719  0.0768  0.0704  0.0687
  0.1087  0.1039  0.1057  0.1229  0.1120  0.1082  0.0820  0.0807  0.0735  0.0812  0.0715  0.0698
niter,ni,del,rscale     7    3    5.0000    1.2000
parameter  1  0.713726 ->  0.500000 qaram    1.3225
parameter  3  2.164757 ->  0.500000 qaram    1.1500
parameter  4  0.663863 ->  0.500000 qaram    1.3225
parameter  5  0.745918 ->  0.500000 qaram    1.3225
parameter  8  0.792877 ->  0.500000 qaram    1.3225
parameter 12 -1.320743 -> -0.500000 qaram    1.1500
parameters
    2.7825   21.0256    5.4167   -9.1206   -9.4209   -7.0147
    0.7434   -3.9193   -2.0940    5.3142   -4.4494   -2.4329
eta,q 0.94851 17.94901
  0.0665  0.0720  0.0596  0.0581  0.0542  0.0579  0.0575  0.0536  0.0552  0.0570  0.0546  0.0556
  0.0661  0.0692  0.0612  0.0580  0.0538  0.0565  0.0559  0.0528  0.0542  0.0546  0.0534  0.0544
  0.0667  0.0672  0.0634  0.0589  0.0546  0.0550  0.0550  0.0534  0.0534  0.0533  0.0528  0.0534
  0.0684  0.0662  0.0662  0.0618  0.0581  0.0539  0.0548  0.0548  0.0529  0.0526  0.0526  0.0526
  0.0713  0.0665  0.0693  0.0675  0.0653  0.0558  0.0550  0.0567  0.0526  0.0529  0.0527  0.0519
  0.0751  0.0682  0.0728  0.0769  0.0738  0.0633  0.0556  0.0590  0.0527  0.0540  0.0530  0.0514
  0.0797  0.0710  0.0766  0.0874  0.0823  0.0760  0.0567  0.0611  0.0533  0.0561  0.0536  0.0512
niter,ni,del,rscale     7    3    5.0000    1.2000
parameter  2 -1.424529 -> -0.500000 qaram    1.3225
parameter  3  1.213043 ->  0.500000 qaram    1.3225
parameter 10 -0.639942 -> -0.500000 qaram    1.3225
parameter 11 -0.544802 -> -0.500000 qaram    1.1500
parameters
    1.8830   22.6126    3.8297  -10.8358  -12.4197   -8.7590
    0.3507   -3.9309   -3.9025   10.0752   -0.3094   -0.3864
eta,q 0.95413 17.57907
  0.0534  0.0609  0.0443  0.0503  0.0492  0.0511  0.0491  0.0536  0.0478  0.0510  0.0488  0.0485
  0.0518  0.0574  0.0448  0.0482  0.0477  0.0498  0.0482  0.0484  0.0474  0.0495  0.0477  0.0475
  0.0512  0.0541  0.0459  0.0464  0.0464  0.0481  0.0476  0.0471  0.0473  0.0483  0.0469  0.0467
  0.0515  0.0512  0.0476  0.0450  0.0457  0.0463  0.0474  0.0474  0.0474  0.0473  0.0464  0.0461
  0.0527  0.0488  0.0499  0.0454  0.0483  0.0470  0.0477  0.0485  0.0476  0.0467  0.0461  0.0458
  0.0551  0.0473  0.0525  0.0506  0.0559  0.0532  0.0484  0.0501  0.0479  0.0463  0.0461  0.0461
  0.0589  0.0467  0.0556  0.0615  0.0651  0.0638  0.0494  0.0521  0.0486  0.0470  0.0462  0.0471
niter,ni,del,rscale     7    3    5.0000    1.2000
parameter  2 -1.581967 -> -0.500000 qaram    1.5209
parameter  3  0.891210 ->  0.500000 qaram    1.5209
parameters
    1.3157   24.4377    2.0046   -9.2870  -15.3079  -10.3182
    2.0644   -4.8658   -3.8654   13.3550    2.0450   -1.5814
eta,q 0.96154 17.42536
  0.0481  0.0565  0.0386  0.0451  0.0413  0.0439  0.0430  0.0451  0.0408  0.0455  0.0408  0.0395
  0.0465  0.0528  0.0388  0.0431  0.0401  0.0427  0.0416  0.0406  0.0402  0.0434  0.0396  0.0389
  0.0458  0.0491  0.0397  0.0410  0.0389  0.0410  0.0407  0.0395  0.0399  0.0414  0.0389  0.0386
  0.0459  0.0457  0.0413  0.0390  0.0382  0.0388  0.0401  0.0400  0.0398  0.0398  0.0385  0.0384
  0.0467  0.0428  0.0436  0.0376  0.0400  0.0390  0.0401  0.0415  0.0399  0.0385  0.0384  0.0386
  0.0483  0.0409  0.0468  0.0383  0.0469  0.0445  0.0405  0.0436  0.0402  0.0387  0.0386  0.0393
  0.0504  0.0402  0.0507  0.0437  0.0570  0.0573  0.0413  0.0459  0.0408  0.0414  0.0391  0.0407
niter,ni,del,rscale     7    3    5.0000    1.2000
parameter  2 -1.185604 -> -0.500000 qaram    1.7490
parameter  3  0.583549 ->  0.500000 qaram    1.7490
parameters
    0.9005   26.5365   -0.0942   -8.8957  -17.4819  -11.5084
    2.5297   -5.1474   -3.5484   15.2993    4.7777   -4.5611
eta,q 0.96692 17.24242
  0.0417  0.0514  0.0328  0.0384  0.0360  0.0386  0.0363  0.0408  0.0356  0.0405  0.0344  0.0332
  0.0396  0.0467  0.0323  0.0363  0.0345  0.0372  0.0350  0.0354  0.0347  0.0378  0.0337  0.0331
  0.0385  0.0423  0.0327  0.0342  0.0330  0.0353  0.0342  0.0337  0.0341  0.0355  0.0333  0.0331
  0.0385  0.0383  0.0337  0.0323  0.0321  0.0327  0.0339  0.0339  0.0338  0.0338  0.0332  0.0331
  0.0394  0.0352  0.0355  0.0309  0.0327  0.0323  0.0341  0.0353  0.0340  0.0330  0.0331  0.0333
  0.0412  0.0333  0.0385  0.0324  0.0382  0.0371  0.0348  0.0373  0.0345  0.0339  0.0332  0.0337
  0.0439  0.0333  0.0427  0.0403  0.0478  0.0502  0.0358  0.0403  0.0353  0.0374  0.0334  0.0346
niter,ni,del,rscale     7    3    5.0000    1.2000
parameter  2 -0.578219 -> -0.500000 qaram    2.0114
parameter 12  0.615997 ->  0.500000 qaram    1.3225
parameters
    0.7108   28.9501   -1.2210   -8.9843  -19.3250  -12.3941
    2.7045   -6.0150   -3.8244   17.4580    8.1072   -9.3221
eta,q 0.96923 17.09896
  0.0369  0.0459  0.0324  0.0358  0.0352  0.0363  0.0340  0.0369  0.0330  0.0377  0.0319  0.0308
  0.0347  0.0408  0.0306  0.0339  0.0333  0.0351  0.0328  0.0328  0.0322  0.0349  0.0316  0.0308
  0.0334  0.0365  0.0302  0.0320  0.0316  0.0334  0.0321  0.0317  0.0318  0.0329  0.0313  0.0308
  0.0331  0.0331  0.0306  0.0302  0.0303  0.0310  0.0319  0.0319  0.0317  0.0317  0.0311  0.0310
  0.0338  0.0311  0.0315  0.0287  0.0308  0.0299  0.0321  0.0330  0.0319  0.0310  0.0311  0.0313
  0.0354  0.0307  0.0335  0.0306  0.0365  0.0334  0.0327  0.0349  0.0324  0.0314  0.0311  0.0318
  0.0380  0.0325  0.0371  0.0395  0.0460  0.0454  0.0338  0.0384  0.0331  0.0344  0.0312  0.0326
niter,ni,del,rscale     7    3    5.0000    1.2000
parameters
    0.6247   29.3899   -1.6682   -8.7796  -19.9185  -12.8350
    3.0609   -6.7443   -4.5177   20.0508    9.3330  -10.9962
eta,q 0.96959 17.11994
  0.0349  0.0403  0.0332  0.0363  0.0357  0.0364  0.0335  0.0364  0.0321  0.0364  0.0314  0.0310
  0.0326  0.0356  0.0311  0.0344  0.0337  0.0350  0.0321  0.0326  0.0314  0.0338  0.0310  0.0306
  0.0312  0.0323  0.0305  0.0324  0.0319  0.0331  0.0313  0.0313  0.0311  0.0320  0.0307  0.0304
  0.0308  0.0308  0.0306  0.0305  0.0304  0.0306  0.0311  0.0311  0.0310  0.0310  0.0305  0.0304
  0.0313  0.0308  0.0312  0.0290  0.0297  0.0289  0.0313  0.0319  0.0313  0.0304  0.0304  0.0306
  0.0328  0.0328  0.0323  0.0307  0.0325  0.0322  0.0319  0.0340  0.0318  0.0305  0.0305  0.0310
  0.0354  0.0379  0.0343  0.0389  0.0403  0.0427  0.0330  0.0384  0.0326  0.0328  0.0311  0.0319
niter,ni,del,rscale     6    3    5.0000    1.2000
parameters
    0.5984   29.7137   -2.3496   -8.8474  -20.5332  -13.6408
    3.5138   -6.8260   -4.7898   21.5757    9.9736  -10.6353
eta,q 0.96919 17.04114
  0.0347  0.0396  0.0328  0.0361  0.0351  0.0362  0.0335  0.0374  0.0324  0.0353  0.0316  0.0318
  0.0323  0.0350  0.0306  0.0341  0.0333  0.0348  0.0322  0.0331  0.0317  0.0333  0.0313  0.0312
  0.0309  0.0319  0.0300  0.0321  0.0316  0.0329  0.0315  0.0316  0.0313  0.0320  0.0310  0.0309
  0.0304  0.0304  0.0303  0.0301  0.0302  0.0304  0.0312  0.0312  0.0312  0.0312  0.0309  0.0308
  0.0309  0.0305  0.0311  0.0287  0.0294  0.0290  0.0313  0.0317  0.0314  0.0306  0.0308  0.0309
  0.0324  0.0325  0.0325  0.0309  0.0320  0.0334  0.0320  0.0334  0.0319  0.0310  0.0309  0.0311
  0.0349  0.0381  0.0349  0.0397  0.0398  0.0448  0.0330  0.0375  0.0326  0.0338  0.0316  0.0317
niter,ni,del,rscale     5    3    5.0000    1.2000
parameters
    0.5891   30.1148   -3.0675   -8.8015  -21.3183  -14.6519
    3.7535   -6.8410   -4.7804   23.0912    9.9996  -10.0987
eta,q 0.96875 16.93782
  0.0348  0.0399  0.0330  0.0363  0.0350  0.0359  0.0336  0.0373  0.0330  0.0355  0.0319  0.0323
  0.0326  0.0355  0.0309  0.0343  0.0334  0.0347  0.0325  0.0334  0.0323  0.0337  0.0316  0.0317
  0.0313  0.0324  0.0304  0.0324  0.0318  0.0330  0.0319  0.0320  0.0318  0.0325  0.0314  0.0314
  0.0308  0.0308  0.0307  0.0305  0.0304  0.0307  0.0316  0.0316  0.0316  0.0316  0.0313  0.0313
  0.0312  0.0308  0.0314  0.0290  0.0298  0.0294  0.0318  0.0320  0.0318  0.0310  0.0312  0.0313
  0.0326  0.0326  0.0328  0.0310  0.0325  0.0341  0.0324  0.0335  0.0322  0.0314  0.0314  0.0315
  0.0349  0.0381  0.0350  0.0394  0.0401  0.0453  0.0334  0.0374  0.0330  0.0342  0.0321  0.0321
niter,ni,del,rscale     4    3    5.0000    1.2000
parameters
    0.6035   30.5957   -3.9907   -8.7068  -22.2172  -15.9126
    3.9203   -6.6073   -4.3786   25.0108    9.7113   -9.6192
eta,q 0.96853 16.82482
  0.0349  0.0404  0.0328  0.0364  0.0350  0.0354  0.0337  0.0375  0.0335  0.0361  0.0320  0.0325
  0.0329  0.0362  0.0310  0.0345  0.0335  0.0344  0.0328  0.0338  0.0327  0.0344  0.0318  0.0320
  0.0317  0.0330  0.0307  0.0327  0.0320  0.0330  0.0322  0.0324  0.0322  0.0330  0.0316  0.0316
  0.0313  0.0313  0.0310  0.0308  0.0307  0.0310  0.0320  0.0320  0.0319  0.0319  0.0315  0.0315
  0.0316  0.0311  0.0318  0.0292  0.0302  0.0299  0.0321  0.0322  0.0320  0.0313  0.0314  0.0315
  0.0328  0.0329  0.0330  0.0311  0.0328  0.0347  0.0327  0.0335  0.0325  0.0316  0.0317  0.0318
  0.0350  0.0382  0.0352  0.0394  0.0403  0.0458  0.0336  0.0369  0.0332  0.0343  0.0323  0.0324
niter,ni,del,rscale     3    3    5.0000    1.2000
parameters
    0.6092   31.1173   -4.9559   -8.6195  -23.1806  -17.3345
    4.0820   -6.3888   -4.1600   26.5977   10.2411   -9.1538
eta,q 0.96823 16.71388
  0.0348  0.0410  0.0327  0.0363  0.0351  0.0350  0.0338  0.0372  0.0337  0.0365  0.0323  0.0328
  0.0329  0.0367  0.0312  0.0345  0.0336  0.0342  0.0330  0.0338  0.0329  0.0347  0.0321  0.0323
  0.0318  0.0333  0.0309  0.0328  0.0322  0.0329  0.0324  0.0326  0.0324  0.0332  0.0319  0.0319
  0.0315  0.0315  0.0312  0.0310  0.0309  0.0313  0.0322  0.0322  0.0322  0.0322  0.0318  0.0318
  0.0318  0.0313  0.0319  0.0294  0.0305  0.0302  0.0323  0.0324  0.0323  0.0316  0.0317  0.0318
  0.0328  0.0332  0.0331  0.0311  0.0332  0.0348  0.0328  0.0335  0.0328  0.0321  0.0319  0.0321
  0.0348  0.0384  0.0351  0.0392  0.0404  0.0457  0.0337  0.0367  0.0335  0.0350  0.0324  0.0327
niter,ni,del,rscale     2    3    5.0000    1.2000
parameters
    0.5760   31.5917   -5.6749   -8.6037  -24.0441  -18.6997
    4.1556   -6.3467   -4.3738   27.8116   11.2460   -8.4578
eta,q 0.96780 16.62378
  0.0348  0.0410  0.0332  0.0364  0.0355  0.0348  0.0341  0.0368  0.0338  0.0367  0.0327  0.0332
  0.0331  0.0367  0.0318  0.0348  0.0341  0.0342  0.0333  0.0340  0.0331  0.0349  0.0326  0.0327
  0.0321  0.0334  0.0315  0.0332  0.0327  0.0332  0.0327  0.0330  0.0326  0.0335  0.0324  0.0324
  0.0318  0.0318  0.0316  0.0315  0.0315  0.0318  0.0325  0.0325  0.0325  0.0325  0.0323  0.0322
  0.0321  0.0318  0.0321  0.0300  0.0311  0.0305  0.0327  0.0326  0.0327  0.0320  0.0322  0.0322
  0.0331  0.0337  0.0331  0.0317  0.0334  0.0341  0.0332  0.0337  0.0332  0.0326  0.0322  0.0325
  0.0350  0.0386  0.0347  0.0395  0.0402  0.0442  0.0340  0.0369  0.0339  0.0357  0.0327  0.0330
niter,ni,del,rscale     1    3    5.0000    1.2000
parameters
    0.5537   31.9009   -6.1130   -8.6165  -24.7670  -19.8499
    4.2630   -6.3193   -4.6394   28.6411   11.8642   -7.6083
eta,q 0.96736 16.55406
  0.0351  0.0407  0.0338  0.0367  0.0359  0.0349  0.0344  0.0367  0.0340  0.0368  0.0331  0.0336
  0.0335  0.0365  0.0326  0.0352  0.0346  0.0343  0.0336  0.0344  0.0334  0.0350  0.0329  0.0332
  0.0325  0.0335  0.0322  0.0337  0.0333  0.0335  0.0330  0.0334  0.0330  0.0338  0.0328  0.0328
  0.0322  0.0322  0.0321  0.0321  0.0321  0.0323  0.0328  0.0328  0.0328  0.0328  0.0327  0.0326
  0.0325  0.0324  0.0325  0.0307  0.0316  0.0311  0.0330  0.0328  0.0330  0.0324  0.0326  0.0327
  0.0335  0.0344  0.0332  0.0322  0.0337  0.0333  0.0335  0.0339  0.0335  0.0332  0.0327  0.0329
  0.0352  0.0393  0.0346  0.0397  0.0399  0.0420  0.0343  0.0371  0.0342  0.0364  0.0331  0.0334
registration optimization eta report
parameter search radius
    3.1740    4.8273    4.1976    9.5220    9.5220    8.2800
    8.2800    9.5220    7.2000    9.5220    8.2800    9.5220
100000*second partial in parameter space
       29.       34.       12.        7.        7.       10.
        2.        5.        2.        4.        1.        1.
  0.0351  0.0407  0.0338  0.0367  0.0359  0.0349  0.0344  0.0367  0.0340  0.0368  0.0331  0.0336
  0.0335  0.0365  0.0326  0.0352  0.0346  0.0343  0.0336  0.0344  0.0334  0.0350  0.0329  0.0332
  0.0325  0.0335  0.0322  0.0337  0.0333  0.0335  0.0330  0.0334  0.0330  0.0338  0.0328  0.0328
  0.0322  0.0322  0.0321  0.0321  0.0321  0.0323  0.0328  0.0328  0.0328  0.0328  0.0327  0.0326
  0.0325  0.0324  0.0325  0.0307  0.0316  0.0311  0.0330  0.0328  0.0330  0.0324  0.0326  0.0327
  0.0335  0.0344  0.0332  0.0322  0.0337  0.0333  0.0335  0.0339  0.0335  0.0332  0.0327  0.0329
  0.0352  0.0393  0.0346  0.0397  0.0399  0.0420  0.0343  0.0371  0.0342  0.0364  0.0331  0.0334
    0.5537   31.9009   -6.1130   -8.6165  -24.7670  -19.8499
    4.2630   -6.3193   -4.6394   28.6411   11.8642   -7.6083
eta,q 0.96736 16.55406

---------------------------------------------------------------------
imgreg_4dfp /opt/freesurfer/average/711-2C_as_mni_average_305 /opt/freesurfer/average/711-2B_as_mni_average_305_mask talsrcimg_g11 none talsrcimg_to_711-2C_as_mni_average_305_t4 2311
---------------------------------------------------------------------

freesurfer imgreg_4dfp.c
/opt/freesurfer/average/711-2C_as_mni_average_305.4dfp.img
       256       256       256         1
  1.000000  1.000000  1.000000
orientation T byte_order littleendian
Reading image: /opt/freesurfer/average/711-2C_as_mni_average_305.4dfp.img
dimensions:      256       256       256
mmppix:       1.0000   -1.0000   -1.0000
center:     128.0000 -129.0000 -129.0000
/opt/freesurfer/average/711-2B_as_mni_average_305_mask.4dfp.img
       256       256       256         1
  1.000000  1.000000  1.000000
orientation T byte_order littleendian
Reading mask: /opt/freesurfer/average/711-2B_as_mni_average_305_mask.4dfp.img (2306576 pixels)
talsrcimg_g11.4dfp.img
       320       320       320         1
  0.700000  0.700000  0.700000
orientation T byte_order littleendian
Reading image: talsrcimg_g11.4dfp.img
dimensions:      320       320       320
mmppix:       0.7000   -0.7000   -0.7000
center:     112.0000 -112.7000 -112.7000
fimgreg.f
image alignment mode   2311 decimal      907 hex
parameters
    0.5537   31.9009   -6.1130   -8.6165  -24.7670  -19.8499
    4.2630   -6.3193   -4.6394   28.6411   11.8642   -7.6083
eta,q 0.96736 16.55406
niter,ni,del,rscale     5    3    5.0000    0.8000
parameter  4 -1.574115 -> -0.500000 qaram    1.1500
parameter 12  0.640518 ->  0.500000 qaram    1.1500
parameters
    0.5983   32.3259   -6.4883   -5.8565  -22.9050  -18.3634
    4.5725   -6.9159   -4.5185   27.7835    9.8506  -10.3683
eta,q 0.96970 16.86677
  0.0334  0.0338  0.0327  0.0348  0.0332  0.0327  0.0317  0.0325  0.0315  0.0316  0.0306  0.0303
  0.0330  0.0332  0.0326  0.0341  0.0325  0.0322  0.0310  0.0313  0.0309  0.0310  0.0305  0.0303
  0.0327  0.0329  0.0326  0.0334  0.0319  0.0316  0.0306  0.0306  0.0306  0.0306  0.0304  0.0303
  0.0326  0.0326  0.0326  0.0326  0.0314  0.0310  0.0305  0.0305  0.0305  0.0305  0.0305  0.0304
  0.0327  0.0326  0.0326  0.0318  0.0310  0.0304  0.0305  0.0309  0.0305  0.0307  0.0308  0.0306
  0.0329  0.0327  0.0328  0.0313  0.0310  0.0304  0.0308  0.0320  0.0309  0.0317  0.0312  0.0309
  0.0333  0.0330  0.0329  0.0315  0.0318  0.0318  0.0314  0.0340  0.0314  0.0336  0.0320  0.0312
niter,ni,del,rscale     6    3    5.0000    0.9000
parameters
    0.4530   32.1048   -6.5959   -6.7010  -22.5886  -17.9452
    5.0855   -6.7189   -4.0764   28.0860    9.1706  -11.7858
eta,q 0.96974 16.90291
  0.0318  0.0311  0.0307  0.0334  0.0327  0.0330  0.0315  0.0331  0.0314  0.0321  0.0307  0.0305
  0.0309  0.0306  0.0304  0.0325  0.0319  0.0323  0.0309  0.0315  0.0308  0.0313  0.0305  0.0304
  0.0304  0.0303  0.0303  0.0313  0.0312  0.0315  0.0305  0.0306  0.0304  0.0307  0.0303  0.0303
  0.0303  0.0303  0.0303  0.0303  0.0306  0.0306  0.0303  0.0303  0.0303  0.0303  0.0303  0.0303
  0.0306  0.0305  0.0303  0.0304  0.0304  0.0297  0.0304  0.0304  0.0304  0.0302  0.0303  0.0304
  0.0313  0.0309  0.0305  0.0328  0.0309  0.0300  0.0306  0.0312  0.0306  0.0307  0.0306  0.0307
  0.0324  0.0318  0.0308  0.0382  0.0329  0.0337  0.0311  0.0327  0.0311  0.0320  0.0311  0.0311
niter,ni,del,rscale     5    3    5.0000    0.8000
parameters
    0.5082   32.2105   -6.7599   -6.5401  -22.3434  -17.6670
    4.8458   -6.5887   -3.8747   28.3278    8.6352  -12.6742
eta,q 0.97007 16.95510
  0.0315  0.0312  0.0305  0.0332  0.0319  0.0325  0.0307  0.0324  0.0308  0.0314  0.0303  0.0302
  0.0308  0.0307  0.0303  0.0323  0.0312  0.0318  0.0303  0.0310  0.0303  0.0307  0.0301  0.0300
  0.0304  0.0304  0.0303  0.0313  0.0306  0.0310  0.0300  0.0302  0.0300  0.0302  0.0300  0.0299
  0.0303  0.0303  0.0302  0.0302  0.0302  0.0301  0.0300  0.0300  0.0299  0.0299  0.0299  0.0299
  0.0303  0.0303  0.0303  0.0298  0.0300  0.0294  0.0301  0.0301  0.0300  0.0299  0.0300  0.0300
  0.0307  0.0305  0.0304  0.0308  0.0304  0.0299  0.0304  0.0308  0.0302  0.0303  0.0302  0.0302
  0.0313  0.0310  0.0306  0.0341  0.0321  0.0333  0.0309  0.0321  0.0307  0.0314  0.0306  0.0305
niter,ni,del,rscale     4    3    5.0000    0.7000
parameters
    0.5679   32.2324   -6.7181   -6.2237  -22.1559  -17.2314
    4.6427   -6.4154   -3.7089   28.3161    8.0804  -13.1500
eta,q 0.97049 17.00220
  0.0310  0.0306  0.0302  0.0326  0.0313  0.0320  0.0302  0.0318  0.0302  0.0306  0.0299  0.0298
  0.0304  0.0302  0.0300  0.0318  0.0307  0.0313  0.0298  0.0305  0.0298  0.0301  0.0297  0.0296
  0.0301  0.0300  0.0299  0.0309  0.0302  0.0305  0.0296  0.0298  0.0296  0.0297  0.0295  0.0295
  0.0299  0.0299  0.0299  0.0299  0.0298  0.0297  0.0295  0.0295  0.0295  0.0295  0.0295  0.0295
  0.0300  0.0300  0.0300  0.0296  0.0296  0.0291  0.0296  0.0297  0.0296  0.0295  0.0296  0.0296
  0.0303  0.0302  0.0300  0.0304  0.0301  0.0295  0.0299  0.0303  0.0298  0.0299  0.0298  0.0297
  0.0308  0.0306  0.0302  0.0328  0.0314  0.0321  0.0304  0.0314  0.0301  0.0308  0.0302  0.0300
niter,ni,del,rscale     3    3    5.0000    0.6000
parameters
    0.5869   32.2030   -6.5450   -5.9399  -21.9259  -16.6979
    4.4770   -6.2605   -3.5396   28.1197    7.5623  -13.4238
eta,q 0.97090 17.04573
  0.0303  0.0300  0.0299  0.0318  0.0306  0.0314  0.0297  0.0311  0.0297  0.0299  0.0294  0.0294
  0.0299  0.0297  0.0297  0.0311  0.0301  0.0307  0.0293  0.0300  0.0294  0.0295  0.0292  0.0292
  0.0296  0.0296  0.0296  0.0303  0.0297  0.0301  0.0292  0.0293  0.0292  0.0292  0.0291  0.0291
  0.0295  0.0295  0.0295  0.0295  0.0294  0.0294  0.0291  0.0291  0.0291  0.0291  0.0291  0.0291
  0.0296  0.0296  0.0295  0.0293  0.0293  0.0289  0.0292  0.0293  0.0291  0.0292  0.0292  0.0291
  0.0299  0.0297  0.0296  0.0300  0.0296  0.0292  0.0294  0.0298  0.0293  0.0295  0.0294  0.0293
  0.0303  0.0301  0.0297  0.0319  0.0306  0.0310  0.0298  0.0307  0.0296  0.0303  0.0297  0.0295
niter,ni,del,rscale     2    3    5.0000    0.5000
parameters
    0.5855   32.1222   -6.2892   -5.7007  -21.6383  -16.1105
    4.3313   -6.1178   -3.3585   27.7858    7.1110  -13.5636
eta,q 0.97128 17.08759
  0.0297  0.0294  0.0295  0.0311  0.0299  0.0307  0.0292  0.0303  0.0292  0.0293  0.0290  0.0289
  0.0294  0.0292  0.0293  0.0304  0.0296  0.0301  0.0289  0.0294  0.0289  0.0290  0.0288  0.0288
  0.0292  0.0291  0.0292  0.0296  0.0293  0.0296  0.0288  0.0289  0.0288  0.0288  0.0287  0.0287
  0.0291  0.0291  0.0291  0.0291  0.0290  0.0290  0.0287  0.0287  0.0287  0.0287  0.0287  0.0287
  0.0292  0.0292  0.0291  0.0290  0.0290  0.0286  0.0288  0.0289  0.0287  0.0288  0.0288  0.0287
  0.0294  0.0293  0.0291  0.0296  0.0292  0.0288  0.0290  0.0293  0.0289  0.0291  0.0290  0.0288
  0.0298  0.0296  0.0292  0.0310  0.0298  0.0301  0.0293  0.0300  0.0291  0.0297  0.0292  0.0290
niter,ni,del,rscale     1    3    5.0000    0.4000
parameters
    0.5745   31.9970   -5.9711   -5.5179  -21.3169  -15.5005
    4.2037   -5.9927   -3.1945   27.3599    6.7652  -13.6729
eta,q 0.97162 17.12954
  0.0292  0.0289  0.0291  0.0302  0.0293  0.0300  0.0287  0.0295  0.0287  0.0287  0.0286  0.0285
  0.0289  0.0288  0.0289  0.0296  0.0290  0.0296  0.0285  0.0289  0.0285  0.0285  0.0285  0.0285
  0.0288  0.0287  0.0288  0.0290  0.0288  0.0291  0.0284  0.0285  0.0284  0.0284  0.0284  0.0284
  0.0287  0.0287  0.0287  0.0287  0.0287  0.0286  0.0284  0.0284  0.0284  0.0284  0.0284  0.0284
  0.0288  0.0288  0.0287  0.0287  0.0286  0.0284  0.0284  0.0285  0.0284  0.0285  0.0284  0.0284
  0.0289  0.0289  0.0287  0.0291  0.0287  0.0285  0.0286  0.0288  0.0285  0.0287  0.0286  0.0285
  0.0292  0.0291  0.0288  0.0300  0.0291  0.0293  0.0288  0.0293  0.0286  0.0292  0.0288  0.0286
registration optimization eta report
parameter search radius
    0.8000    0.8000    0.8000    2.7600    2.4000    2.4000
    2.4000    2.4000    2.4000    2.4000    2.4000    2.7600
100000*second partial in parameter space
       72.       43.       30.       18.       10.       19.
        6.       18.        5.       10.        5.        2.
  0.0292  0.0289  0.0291  0.0302  0.0293  0.0300  0.0287  0.0295  0.0287  0.0287  0.0286  0.0285
  0.0289  0.0288  0.0289  0.0296  0.0290  0.0296  0.0285  0.0289  0.0285  0.0285  0.0285  0.0285
  0.0288  0.0287  0.0288  0.0290  0.0288  0.0291  0.0284  0.0285  0.0284  0.0284  0.0284  0.0284
  0.0287  0.0287  0.0287  0.0287  0.0287  0.0286  0.0284  0.0284  0.0284  0.0284  0.0284  0.0284
  0.0288  0.0288  0.0287  0.0287  0.0286  0.0284  0.0284  0.0285  0.0284  0.0285  0.0284  0.0284
  0.0289  0.0289  0.0287  0.0291  0.0287  0.0285  0.0286  0.0288  0.0285  0.0287  0.0286  0.0285
  0.0292  0.0291  0.0288  0.0300  0.0291  0.0293  0.0288  0.0293  0.0286  0.0292  0.0288  0.0286
    0.5745   31.9970   -5.9711   -5.5179  -21.3169  -15.5005
    4.2037   -5.9927   -3.1945   27.3599    6.7652  -13.6729
eta,q 0.97162 17.12954

---------------------------------------------------------------------
imgreg_4dfp /opt/freesurfer/average/711-2C_as_mni_average_305 /opt/freesurfer/average/711-2B_as_mni_average_305_mask talsrcimg_g11 none talsrcimg_to_711-2C_as_mni_average_305_t4 2311
---------------------------------------------------------------------

freesurfer imgreg_4dfp.c
/opt/freesurfer/average/711-2C_as_mni_average_305.4dfp.img
       256       256       256         1
  1.000000  1.000000  1.000000
orientation T byte_order littleendian
Reading image: /opt/freesurfer/average/711-2C_as_mni_average_305.4dfp.img
dimensions:      256       256       256
mmppix:       1.0000   -1.0000   -1.0000
center:     128.0000 -129.0000 -129.0000
/opt/freesurfer/average/711-2B_as_mni_average_305_mask.4dfp.img
       256       256       256         1
  1.000000  1.000000  1.000000
orientation T byte_order littleendian
Reading mask: /opt/freesurfer/average/711-2B_as_mni_average_305_mask.4dfp.img (2306576 pixels)
talsrcimg_g11.4dfp.img
       320       320       320         1
  0.700000  0.700000  0.700000
orientation T byte_order littleendian
Reading image: talsrcimg_g11.4dfp.img
dimensions:      320       320       320
mmppix:       0.7000   -0.7000   -0.7000
center:     112.0000 -112.7000 -112.7000
fimgreg.f
image alignment mode   2311 decimal      907 hex
parameters
    0.5745   31.9970   -5.9711   -5.5179  -21.3169  -15.5005
    4.2037   -5.9927   -3.1945   27.3599    6.7652  -13.6729
eta,q 0.97162 17.12955
niter,ni,del,rscale     5    3    5.0000    0.8000
parameters
    0.5663   31.7688   -5.5004   -6.2160  -21.8541  -16.0233
    4.0593   -5.9397   -3.3545   27.3351    7.0588  -12.9974
eta,q 0.97106 17.05343
  0.0304  0.0292  0.0300  0.0309  0.0302  0.0317  0.0298  0.0317  0.0298  0.0304  0.0296  0.0294
  0.0293  0.0287  0.0292  0.0300  0.0295  0.0308  0.0293  0.0300  0.0293  0.0298  0.0293  0.0292
  0.0286  0.0284  0.0286  0.0290  0.0289  0.0297  0.0291  0.0292  0.0290  0.0293  0.0291  0.0290
  0.0284  0.0284  0.0284  0.0283  0.0285  0.0286  0.0290  0.0290  0.0290  0.0290  0.0290  0.0290
  0.0286  0.0286  0.0283  0.0287  0.0286  0.0284  0.0291  0.0293  0.0291  0.0290  0.0290  0.0290
  0.0293  0.0291  0.0285  0.0307  0.0296  0.0306  0.0294  0.0301  0.0294  0.0295  0.0291  0.0290
  0.0304  0.0301  0.0287  0.0346  0.0322  0.0358  0.0300  0.0315  0.0299  0.0307  0.0295  0.0292
niter,ni,del,rscale     4    3    5.0000    0.7000
parameters
    0.6799   31.8515   -5.8686   -5.9348  -21.6818  -16.2186
    3.9828   -5.8654   -3.4147   27.4320    7.0198  -13.1150
eta,q 0.97115 17.06771
  0.0302  0.0298  0.0291  0.0313  0.0303  0.0313  0.0296  0.0312  0.0295  0.0301  0.0294  0.0291
  0.0296  0.0293  0.0289  0.0306  0.0297  0.0305  0.0292  0.0298  0.0291  0.0295  0.0291  0.0290
  0.0291  0.0291  0.0289  0.0297  0.0292  0.0296  0.0289  0.0291  0.0289  0.0291  0.0289  0.0289
  0.0289  0.0289  0.0289  0.0289  0.0288  0.0287  0.0289  0.0289  0.0289  0.0289  0.0289  0.0289
  0.0290  0.0290  0.0291  0.0287  0.0286  0.0284  0.0289  0.0291  0.0289  0.0289  0.0289  0.0289
  0.0293  0.0292  0.0293  0.0294  0.0291  0.0297  0.0292  0.0298  0.0292  0.0292  0.0291  0.0290
  0.0299  0.0296  0.0295  0.0314  0.0305  0.0334  0.0297  0.0310  0.0296  0.0302  0.0294  0.0292
niter,ni,del,rscale     3    3    5.0000    0.6000
parameters
    0.6878   31.8964   -5.9575   -5.6897  -21.5197  -16.0447
    3.9922   -5.8275   -3.3559   27.4217    6.8515  -13.2718
eta,q 0.97134 17.09242
  0.0298  0.0295  0.0291  0.0309  0.0300  0.0309  0.0293  0.0306  0.0292  0.0296  0.0291  0.0289
  0.0293  0.0291  0.0290  0.0302  0.0295  0.0302  0.0289  0.0295  0.0289  0.0291  0.0288  0.0287
  0.0290  0.0289  0.0289  0.0294  0.0291  0.0295  0.0287  0.0288  0.0287  0.0288  0.0287  0.0287
  0.0289  0.0289  0.0288  0.0288  0.0288  0.0287  0.0287  0.0287  0.0287  0.0287  0.0287  0.0287
  0.0289  0.0289  0.0289  0.0287  0.0287  0.0283  0.0287  0.0289  0.0287  0.0287  0.0287  0.0287
  0.0292  0.0291  0.0290  0.0293  0.0290  0.0290  0.0289  0.0295  0.0289  0.0290  0.0289  0.0288
  0.0297  0.0294  0.0292  0.0309  0.0301  0.0314  0.0293  0.0305  0.0292  0.0297  0.0292  0.0289
niter,ni,del,rscale     2    3    5.0000    0.5000
parameters
    0.6635   31.8747   -5.8646   -5.5126  -21.3154  -15.6517
    4.0024   -5.8005   -3.2524   27.2260    6.6493  -13.4023
eta,q 0.97159 17.12185
  0.0293  0.0291  0.0290  0.0303  0.0295  0.0304  0.0289  0.0299  0.0289  0.0291  0.0287  0.0286
  0.0289  0.0288  0.0288  0.0297  0.0292  0.0298  0.0286  0.0291  0.0286  0.0287  0.0286  0.0285
  0.0287  0.0287  0.0287  0.0291  0.0288  0.0292  0.0285  0.0286  0.0285  0.0285  0.0284  0.0284
  0.0287  0.0287  0.0287  0.0287  0.0286  0.0286  0.0284  0.0284  0.0284  0.0284  0.0284  0.0284
  0.0287  0.0287  0.0287  0.0286  0.0286  0.0283  0.0285  0.0286  0.0284  0.0285  0.0285  0.0284
  0.0290  0.0288  0.0287  0.0291  0.0288  0.0286  0.0286  0.0291  0.0286  0.0288  0.0286  0.0285
  0.0294  0.0291  0.0289  0.0302  0.0295  0.0301  0.0289  0.0298  0.0288  0.0294  0.0289  0.0286
niter,ni,del,rscale     1    3    5.0000    0.4000
parameters
    0.6317   31.8062   -5.6575   -5.3946  -21.0643  -15.1603
    3.9683   -5.7789   -3.1441   26.9263    6.4682  -13.5370
eta,q 0.97183 17.15534
  0.0289  0.0286  0.0287  0.0296  0.0290  0.0298  0.0285  0.0292  0.0285  0.0286  0.0284  0.0283
  0.0286  0.0285  0.0286  0.0291  0.0288  0.0293  0.0283  0.0286  0.0283  0.0283  0.0283  0.0282
  0.0285  0.0284  0.0285  0.0287  0.0285  0.0288  0.0282  0.0283  0.0282  0.0282  0.0282  0.0282
  0.0284  0.0284  0.0284  0.0284  0.0284  0.0284  0.0282  0.0282  0.0282  0.0282  0.0282  0.0282
  0.0285  0.0285  0.0284  0.0284  0.0283  0.0281  0.0282  0.0283  0.0282  0.0283  0.0282  0.0282
  0.0287  0.0286  0.0284  0.0288  0.0285  0.0283  0.0283  0.0286  0.0283  0.0285  0.0283  0.0282
  0.0289  0.0288  0.0285  0.0295  0.0289  0.0292  0.0285  0.0292  0.0284  0.0289  0.0285  0.0283
registration optimization eta report
parameter search radius
    0.8000    0.8000    0.8000    2.4000    2.4000    2.4000
    2.4000    2.4000    2.4000    2.4000    2.4000    2.4000
100000*second partial in parameter space
       76.       45.       33.       20.       10.       21.
        6.       18.        5.       10.        5.        2.
  0.0289  0.0286  0.0287  0.0296  0.0290  0.0298  0.0285  0.0292  0.0285  0.0286  0.0284  0.0283
  0.0286  0.0285  0.0286  0.0291  0.0288  0.0293  0.0283  0.0286  0.0283  0.0283  0.0283  0.0282
  0.0285  0.0284  0.0285  0.0287  0.0285  0.0288  0.0282  0.0283  0.0282  0.0282  0.0282  0.0282
  0.0284  0.0284  0.0284  0.0284  0.0284  0.0284  0.0282  0.0282  0.0282  0.0282  0.0282  0.0282
  0.0285  0.0285  0.0284  0.0284  0.0283  0.0281  0.0282  0.0283  0.0282  0.0283  0.0282  0.0282
  0.0287  0.0286  0.0284  0.0288  0.0285  0.0283  0.0283  0.0286  0.0283  0.0285  0.0283  0.0282
  0.0289  0.0288  0.0285  0.0295  0.0289  0.0292  0.0285  0.0292  0.0284  0.0289  0.0285  0.0283
    0.6317   31.8062   -5.6575   -5.3946  -21.0643  -15.1603
    3.9683   -5.7789   -3.1441   26.9263    6.4682  -13.5370
eta,q 0.97183 17.15534

---------------------------------------------------------------------
compute_vox2vox talsrcimg talsrcimg_to_711-2C_as_mni_average_305_t4 /opt/freesurfer/average/711-2C_as_mni_average_305
---------------------------------------------------------------------

freesurfer compute_vox2vox.c
Reading: talsrcimg.4dfp.ifh
Reading: talsrcimg_to_711-2C_as_mni_average_305_t4
Reading: /opt/freesurfer/average/711-2C_as_mni_average_305.4dfp.ifh
Writing: talsrcimg_to_711-2C_as_mni_average_305_t4_vox2vox.txt

start time Fri Mar 13 06:50:31 CET 2026
end		time Fri Mar 13 06:51:58 CET 2026

mpr2mni305 success

avi2talxfm orig_nu.mgz /opt/freesurfer/average/mni305.cor.mgz talsrcimg_to_711-2C_as_mni_average_305_t4_vox2vox.txt transforms/talairach.auto.xfm
avi2talxfm done
mv -f /out/sourcedata/freesurfer/sub-v2s5x29543_ses-1/mri/talsrcimg_to_711-2C_as_mni_average_305_t4_vox2vox.txt /out/sourcedata/freesurfer/sub-v2s5x29543_ses-1/mri/transforms/talsrcimg_to_711-2C_as_mni_average_305_t4_vox2vox.txt
lta_convert --src orig_nu.mgz --trg /opt/freesurfer/average/mni305.cor.mgz --inxfm transforms/talairach.auto.xfm --outlta transforms/talairach.auto.xfm.lta --subject fsaverage
7.3.2

--src: orig_nu.mgz src image (geometry).
--trg: /opt/freesurfer/average/mni305.cor.mgz trg image (geometry).
--inmni: transforms/talairach.auto.xfm input MNI/XFM transform.
--outlta: transforms/talairach.auto.xfm.lta output LTA.
--s: fsaverage subject name
 LTA read, type : 1
 1.05002   0.08372  -0.03843   0.27791;
-0.06959   1.11230   0.19425  -16.01831;
 0.06556  -0.37609   1.19906  -19.72362;
 0.00000   0.00000   0.00000   1.00000;
setting subject to fsaverage
Writing  LTA to file transforms/talairach.auto.xfm.lta...
lta_convert successful.
 
 
Started at Fri Mar 13 06:50:30 CET 2026
Ended   at Fri Mar 13 06:51:58 CET 2026
talairach_avi done
