/out/sourcedata/freesurfer/sub-v2s5x29540_ses-1/mri
/opt/freesurfer/bin/talairach_avi
--i orig_nu.mgz --xfm transforms/talairach.auto.xfm
talairach_avi 7.3.2
Linux dna038 5.14.0-427.37.1.el9_4.x86_64 #1 SMP PREEMPT_DYNAMIC Fri Sep 13 12:41:50 EDT 2024 x86_64 x86_64 x86_64 GNU/Linux
Fri Mar 13 06:43:43 CET 2026
mri_convert orig_nu.mgz talsrcimg.img 
reading from orig_nu.mgz...
TR=0.00, TE=0.00, TI=0.00, flip angle=0.00
i_ras = (-1, 0, 0)
j_ras = (0, 0, -1)
k_ras = (0, 1, 0)
writing to talsrcimg.img...
Analyze Output Matrix
-0.70000   0.00000   0.00000   115.95750;
 0.00000   0.00000   0.70000  -98.71000;
 0.00000  -0.70000   0.00000   81.75020;
 0.00000   0.00000   0.00000   1.00000;
--------------------
INFO: set hdr.hist.orient to -1
mpr2mni305 talsrcimg
Fri Mar 13 06:43:43 CET 2026
/opt/freesurfer/bin/mpr2mni305 talsrcimg
mpr2mni305 7.3.2
target=711-2C_as_mni_average_305

---------------------------------------------------------------------
analyzeto4dfp talsrcimg -O0 -y
---------------------------------------------------------------------

freesurfer ifh2hdr.c
Fri Mar 13 06:43:43 2026
Writing: talsrcimg.4dfp.hdr
freesurfer analyzeto4dfp.c
Reading: talsrcimg.hdr
header size 348 bytes
hdr.dime.datatype	offset=70	value=2
hdr.dime.bitpix		offset=72	value=8
hdr.hist.orient		offset=252	value=-1
dimensionality     4
dimensions       320       320       320         1
Reading: talsrcimg.img
Writing: talsrcimg.4dfp.img
Writing: talsrcimg.4dfp.ifh
ifh2hdr talsrcimg -r0to215
ori=2

---------------------------------------------------------------------
gauss_4dfp talsrcimg 1.1
---------------------------------------------------------------------

freesurfer gauss_4dfp.c
Reading: talsrcimg.4dfp.img
Writing: talsrcimg_g11.4dfp.img
image dimensions 320 320 320 padded to 384 384 384
processing volume 1freesurfer ifh2hdr.c
Fri Mar 13 06:44:00 2026
Writing: talsrcimg_g11.4dfp.hdr

Writing: talsrcimg_g11.4dfp.ifh
including: talsrcimg.4dfp.img.rec in talsrcimg_g11.4dfp.img.rec

---------------------------------------------------------------------
imgreg_4dfp /opt/freesurfer/average/711-2C_as_mni_average_305 none talsrcimg_g11 none talsrcimg_to_711-2C_as_mni_average_305_t4 4355
---------------------------------------------------------------------

freesurfer imgreg_4dfp.c
/opt/freesurfer/average/711-2C_as_mni_average_305.4dfp.img
       256       256       256         1
  1.000000  1.000000  1.000000
orientation T byte_order littleendian
Reading image: /opt/freesurfer/average/711-2C_as_mni_average_305.4dfp.img
dimensions:      256       256       256
mmppix:       1.0000   -1.0000   -1.0000
center:     128.0000 -129.0000 -129.0000
talsrcimg_g11.4dfp.img
       320       320       320         1
  0.700000  0.700000  0.700000
orientation T byte_order littleendian
Reading image: talsrcimg_g11.4dfp.img
dimensions:      320       320       320
mmppix:       0.7000   -0.7000   -0.7000
center:     112.0000 -112.7000 -112.7000
t4_read: open error in t4_sub.f l:  41 t4_file(1:l)talsrcimg_to_711-2C_as_mni_average_305_t4 
t4_read: transform initialized to I4
rotation matrix determinant  1.000000
image alignment mode   4355 decimal     1103 hex
   -7.5000  -45.0000  -45.0000 5053.2983   21.7252
    0.0000  -45.0000  -45.0000 5295.8701   21.7357
    7.5000  -45.0000  -45.0000 5089.3105   21.7174
   -7.5000  -37.5000  -45.0000 5402.8706   21.9271
    0.0000  -37.5000  -45.0000 5661.0908   21.9294
    7.5000  -37.5000  -45.0000 5451.5171   21.8934
   -7.5000  -30.0000  -45.0000 5814.5410   21.6372
    0.0000  -30.0000  -45.0000 6104.8701   21.6342
    7.5000  -30.0000  -45.0000 5871.1655   21.5947
   -7.5000  -22.5000  -45.0000 6101.2837   20.8994
    0.0000  -22.5000  -45.0000 6430.3872   20.9024
    7.5000  -22.5000  -45.0000 6167.2852   20.8723
   -7.5000  -15.0000  -45.0000 6688.5195   20.3790
    0.0000  -15.0000  -45.0000 7051.2598   20.3921
    7.5000  -15.0000  -45.0000 6750.3281   20.3730
   -7.5000   -7.5000  -45.0000 7274.4536   20.0368
    0.0000   -7.5000  -45.0000 7652.7285   20.0528
    7.5000   -7.5000  -45.0000 7330.4956   20.0390
   -7.5000    0.0000  -45.0000 7855.4521   19.9422
    0.0000    0.0000  -45.0000 8274.1602   19.9517
    7.5000    0.0000  -45.0000 7907.2524   19.9337
   -7.5000    7.5000  -45.0000 7741.9468   19.9443
    0.0000    7.5000  -45.0000 8170.2861   19.9450
    7.5000    7.5000  -45.0000 7778.5942   19.9164
   -7.5000   15.0000  -45.0000 7537.7368   19.6872
    0.0000   15.0000  -45.0000 7988.4741   19.6865
    7.5000   15.0000  -45.0000 7553.1382   19.6543
   -7.5000   22.5000  -45.0000 7305.2734   19.1900
    0.0000   22.5000  -45.0000 7747.4048   19.1955
    7.5000   22.5000  -45.0000 7310.0249   19.1693
   -7.5000   30.0000  -45.0000 7269.5176   19.2222
    0.0000   30.0000  -45.0000 7667.4673   19.2353
    7.5000   30.0000  -45.0000 7223.8687   19.2174
   -7.5000   37.5000  -45.0000 6916.2881   18.7097
    0.0000   37.5000  -45.0000 7285.8843   18.7247
    7.5000   37.5000  -45.0000 6841.0864   18.7108
   -7.5000   45.0000  -45.0000 6487.1631   18.2062
    0.0000   45.0000  -45.0000 6837.1387   18.2106
    7.5000   45.0000  -45.0000 6425.4980   18.1911
   -7.5000  -45.0000  -37.5000 5334.9111   22.6458
    0.0000  -45.0000  -37.5000 5594.8335   22.6569
    7.5000  -45.0000  -37.5000 5373.7417   22.6347
   -7.5000  -37.5000  -37.5000 5716.7515   22.8929
    0.0000  -37.5000  -37.5000 6001.8022   22.8947
    7.5000  -37.5000  -37.5000 5760.3726   22.8499
   -7.5000  -30.0000  -37.5000 6171.0757   22.5634
    0.0000  -30.0000  -37.5000 6492.6006   22.5608
    7.5000  -30.0000  -37.5000 6228.3354   22.5090
   -7.5000  -22.5000  -37.5000 6500.9893   21.7899
    0.0000  -22.5000  -37.5000 6857.1191   21.7946
    7.5000  -22.5000  -37.5000 6575.5420   21.7561
   -7.5000  -15.0000  -37.5000 7137.1543   21.2402
    0.0000  -15.0000  -37.5000 7530.9102   21.2554
    7.5000  -15.0000  -37.5000 7209.2266   21.2330
   -7.5000   -7.5000  -37.5000 7783.1001   20.8839
    0.0000   -7.5000  -37.5000 8210.4893   20.9013
    7.5000   -7.5000  -37.5000 7823.0674   20.8866
   -7.5000    0.0000  -37.5000 8399.8936   20.7932
    0.0000    0.0000  -37.5000 8894.0098   20.8034
    7.5000    0.0000  -37.5000 8431.1318   20.7823
   -7.5000    7.5000  -37.5000 8252.2148   20.8060
    0.0000    7.5000  -37.5000 8754.3604   20.8072
    7.5000    7.5000  -37.5000 8266.8330   20.7709
   -7.5000   15.0000  -37.5000 8045.0112   20.5430
    0.0000   15.0000  -37.5000 8544.1328   20.5433
    7.5000   15.0000  -37.5000 8030.0542   20.5009
   -7.5000   22.5000  -37.5000 7806.2085   20.0274
    0.0000   22.5000  -37.5000 8282.0527   20.0346
    7.5000   22.5000  -37.5000 7771.0566   20.0008
   -7.5000   30.0000  -37.5000 7764.5054   20.0505
    0.0000   30.0000  -37.5000 8214.2285   20.0655
    7.5000   30.0000  -37.5000 7685.7588   20.0445
   -7.5000   37.5000  -37.5000 7375.9810   19.5144
    0.0000   37.5000  -37.5000 7799.8027   19.5309
    7.5000   37.5000  -37.5000 7268.5835   19.5161
   -7.5000   45.0000  -37.5000 6928.1416   18.9781
    0.0000   45.0000  -37.5000 7336.5439   18.9831
    7.5000   45.0000  -37.5000 6818.9600   18.9605
   -7.5000  -45.0000  -30.0000 5617.6694   23.6027
    0.0000  -45.0000  -30.0000 5895.0522   23.6196
    7.5000  -45.0000  -30.0000 5679.3892   23.6088
   -7.5000  -37.5000  -30.0000 6033.8618   23.8791
    0.0000  -37.5000  -30.0000 6346.5513   23.8825
    7.5000  -37.5000  -30.0000 6097.8252   23.8492
   -7.5000  -30.0000  -30.0000 6559.5083   23.5101
    0.0000  -30.0000  -30.0000 6927.0503   23.5095
    7.5000  -30.0000  -30.0000 6622.1265   23.4683
   -7.5000  -22.5000  -30.0000 6926.9053   22.6962
    0.0000  -22.5000  -30.0000 7336.8423   22.7052
    7.5000  -22.5000  -30.0000 7006.1191   22.6768
   -7.5000  -15.0000  -30.0000 7623.6382   22.1176
    0.0000  -15.0000  -30.0000 8075.7036   22.1400
    7.5000  -15.0000  -30.0000 7680.2271   22.1288
   -7.5000   -7.5000  -30.0000 8320.4609   21.7494
    0.0000   -7.5000  -30.0000 8821.8467   21.7738
    7.5000   -7.5000  -30.0000 8337.6982   21.7707
   -7.5000    0.0000  -30.0000 8978.4326   21.6616
    0.0000    0.0000  -30.0000 9533.9023   21.6766
    7.5000    0.0000  -30.0000 8966.3809   21.6654
   -7.5000    7.5000  -30.0000 8819.8789   21.6790
    0.0000    7.5000  -30.0000 9352.4424   21.6823
    7.5000    7.5000  -30.0000 8771.4463   21.6548
   -7.5000   15.0000  -30.0000 8597.3740   21.4064
    0.0000   15.0000  -30.0000 9090.1240   21.4087
    7.5000   15.0000  -30.0000 8512.8545   21.3743
   -7.5000   22.5000  -30.0000 8333.8232   20.8757
    0.0000   22.5000  -30.0000 8801.3936   20.8871
    7.5000   22.5000  -30.0000 8233.3281   20.8619
   -7.5000   30.0000  -30.0000 8290.1699   20.8944
    0.0000   30.0000  -30.0000 8754.5078   20.9161
    7.5000   30.0000  -30.0000 8153.1387   20.9057
   -7.5000   37.5000  -30.0000 7879.2612   20.3547
    0.0000   37.5000  -30.0000 8300.4766   20.3780
    7.5000   37.5000  -30.0000 7708.9409   20.3742
   -7.5000   45.0000  -30.0000 7398.2236   19.8014
    0.0000   45.0000  -30.0000 7821.4424   19.8113
    7.5000   45.0000  -30.0000 7241.3701   19.7983
   -7.5000  -45.0000  -22.5000 5762.2632   23.5291
    0.0000  -45.0000  -22.5000 6049.2476   23.5521
    7.5000  -45.0000  -22.5000 5818.1387   23.5549
   -7.5000  -37.5000  -22.5000 6213.4888   23.7961
    0.0000  -37.5000  -22.5000 6550.0869   23.8051
    7.5000  -37.5000  -22.5000 6272.2524   23.7909
   -7.5000  -30.0000  -22.5000 6769.9575   23.4346
    0.0000  -30.0000  -22.5000 7171.3247   23.4398
    7.5000  -30.0000  -22.5000 6826.4629   23.4224
   -7.5000  -22.5000  -22.5000 7153.7412   22.6308
    0.0000  -22.5000  -22.5000 7587.7612   22.6456
    7.5000  -22.5000  -22.5000 7224.7378   22.6371
   -7.5000  -15.0000  -22.5000 7889.3730   22.0643
    0.0000  -15.0000  -22.5000 8355.7207   22.0929
    7.5000  -15.0000  -22.5000 7928.6392   22.0972
   -7.5000   -7.5000  -22.5000 8631.6318   21.7041
    0.0000   -7.5000  -22.5000 9140.0869   21.7342
    7.5000   -7.5000  -22.5000 8639.2109   21.7425
   -7.5000    0.0000  -22.5000 9336.6318   21.6144
    0.0000    0.0000  -22.5000 9884.8516   21.6340
    7.5000    0.0000  -22.5000 9293.9111   21.6347
   -7.5000    7.5000  -22.5000 9148.0635   21.6223
    0.0000    7.5000  -22.5000 9653.2744   21.6301
    7.5000    7.5000  -22.5000 9066.7207   21.6186
   -7.5000   15.0000  -22.5000 8884.2100   21.3457
    0.0000   15.0000  -22.5000 9329.8174   21.3527
    7.5000   15.0000  -22.5000 8757.8057   21.3372
   -7.5000   22.5000  -22.5000 8611.3711   20.8205
    0.0000   22.5000  -22.5000 9035.0840   20.8373
    7.5000   22.5000  -22.5000 8445.4209   20.8298
   -7.5000   30.0000  -22.5000 8589.4414   20.8475
    0.0000   30.0000  -22.5000 9004.8916   20.8750
    7.5000   30.0000  -22.5000 8382.0498   20.8789
   -7.5000   37.5000  -22.5000 8149.8174   20.3145
    0.0000   37.5000  -22.5000 8557.3818   20.3431
    7.5000   37.5000  -22.5000 7948.5815   20.3505
   -7.5000   45.0000  -22.5000 7645.3574   19.7572
    0.0000   45.0000  -22.5000 8043.2573   19.7719
    7.5000   45.0000  -22.5000 7470.7817   19.7705
   -7.5000  -45.0000  -15.0000 6039.9702   24.4388
    0.0000  -45.0000  -15.0000 6355.0723   24.4639
    7.5000  -45.0000  -15.0000 6085.3003   24.4722
   -7.5000  -37.5000  -15.0000 6522.1919   24.7181
    0.0000  -37.5000  -15.0000 6874.6250   24.7311
    7.5000  -37.5000  -15.0000 6578.0898   24.7273
   -7.5000  -30.0000  -15.0000 7116.1963   24.3184
    0.0000  -30.0000  -15.0000 7525.6118   24.3247
    7.5000  -30.0000  -15.0000 7189.8364   24.3199
   -7.5000  -22.5000  -15.0000 7519.8179   23.5014
    0.0000  -22.5000  -15.0000 7953.7891   23.5140
    7.5000  -22.5000  -15.0000 7585.3682   23.5132
   -7.5000  -15.0000  -15.0000 8321.3135   22.9266
    0.0000  -15.0000  -15.0000 8804.6963   22.9523
    7.5000  -15.0000  -15.0000 8356.7969   22.9592
   -7.5000   -7.5000  -15.0000 9136.2578   22.5518
    0.0000   -7.5000  -15.0000 9653.2930   22.5813
    7.5000   -7.5000  -15.0000 9128.8838   22.5904
   -7.5000    0.0000  -15.0000 9924.1982   22.4453
    0.0000    0.0000  -15.000010447.6143   22.4669
    7.5000    0.0000  -15.0000 9851.4980   22.4718
   -7.5000    7.5000  -15.0000 9733.9648   22.4386
    0.0000    7.5000  -15.000010202.6582   22.4490
    7.5000    7.5000  -15.0000 9625.3564   22.4467
   -7.5000   15.0000  -15.0000 9441.4824   22.1564
    0.0000   15.0000  -15.0000 9830.2725   22.1640
    7.5000   15.0000  -15.0000 9255.1416   22.1590
   -7.5000   22.5000  -15.0000 9144.1924   21.6382
    0.0000   22.5000  -15.0000 9477.9717   21.6531
    7.5000   22.5000  -15.0000 8897.4795   21.6527
   -7.5000   30.0000  -15.0000 9041.8936   21.6764
    0.0000   30.0000  -15.0000 9404.9531   21.7014
    7.5000   30.0000  -15.0000 8818.5312   21.7077
   -7.5000   37.5000  -15.0000 8534.1982   21.1379
    0.0000   37.5000  -15.0000 8890.6338   21.1659
    7.5000   37.5000  -15.0000 8346.3340   21.1741
   -7.5000   45.0000  -15.0000 8012.6289   20.5656
    0.0000   45.0000  -15.0000 8362.9199   20.5819
    7.5000   45.0000  -15.0000 7836.5190   20.5847
   -7.5000  -45.0000   -7.5000 6283.0884   25.3051
    0.0000  -45.0000   -7.5000 6616.2671   25.3220
    7.5000  -45.0000   -7.5000 6316.1538   25.3200
   -7.5000  -37.5000   -7.5000 6796.5918   25.5880
    0.0000  -37.5000   -7.5000 7169.6533   25.5962
    7.5000  -37.5000   -7.5000 6825.2524   25.5820
   -7.5000  -30.0000   -7.5000 7414.9756   25.1437
    0.0000  -30.0000   -7.5000 7831.4551   25.1452
    7.5000  -30.0000   -7.5000 7448.6821   25.1310
   -7.5000  -22.5000   -7.5000 7849.9624   24.3065
    0.0000  -22.5000   -7.5000 8284.1963   24.3126
    7.5000  -22.5000   -7.5000 7875.7568   24.3032
   -7.5000  -15.0000   -7.5000 8687.7266   23.7190
    0.0000  -15.0000   -7.5000 9156.4180   23.7364
    7.5000  -15.0000   -7.5000 8692.9941   23.7331
   -7.5000   -7.5000   -7.5000 9535.5674   23.3313
    0.0000   -7.5000   -7.500010041.2734   23.3526
    7.5000   -7.5000   -7.5000 9519.5176   23.3512
   -7.5000    0.0000   -7.500010410.9307   23.2153
    0.0000    0.0000   -7.500010912.1445   23.2307
    7.5000    0.0000   -7.500010336.9385   23.2264
   -7.5000    7.5000   -7.500010310.9062   23.2015
    0.0000    7.5000   -7.500010743.9785   23.2074
    7.5000    7.5000   -7.500010167.2549   23.1971
   -7.5000   15.0000   -7.500010024.0693   22.9145
    0.0000   15.0000   -7.500010325.4111   22.9179
    7.5000   15.0000   -7.5000 9800.1836   22.9060
   -7.5000   22.5000   -7.5000 9540.3779   22.3973
    0.0000   22.5000   -7.5000 9766.6055   22.4066
    7.5000   22.5000   -7.5000 9352.2607   22.3987
   -7.5000   30.0000   -7.5000 9353.9375   22.4409
    0.0000   30.0000   -7.5000 9599.5537   22.4583
    7.5000   30.0000   -7.5000 9222.8643   22.4551
   -7.5000   37.5000   -7.5000 8857.9512   21.8985
    0.0000   37.5000   -7.5000 9111.9883   21.9186
    7.5000   37.5000   -7.5000 8739.1113   21.9167
   -7.5000   45.0000   -7.5000 8372.4443   21.3212
    0.0000   45.0000   -7.5000 8651.1221   21.3309
    7.5000   45.0000   -7.5000 8228.8096   21.3247
   -7.5000  -45.0000    0.0000 6519.6382   25.9833
    0.0000  -45.0000    0.0000 6842.9165   25.9898
    7.5000  -45.0000    0.0000 6518.5762   25.9700
   -7.5000  -37.5000    0.0000 7009.3091   26.2712
    0.0000  -37.5000    0.0000 7381.4927   26.2705
    7.5000  -37.5000    0.0000 7018.1099   26.2323
   -7.5000  -30.0000    0.0000 7609.1963   25.7919
    0.0000  -30.0000    0.0000 8025.8916   25.7855
    7.5000  -30.0000    0.0000 7642.3931   25.7448
   -7.5000  -22.5000    0.0000 8025.6343   24.9292
    0.0000  -22.5000    0.0000 8485.2412   24.9282
    7.5000  -22.5000    0.0000 8075.3691   24.8976
   -7.5000  -15.0000    0.0000 8864.5137   24.3220
    0.0000  -15.0000    0.0000 9362.5605   24.3314
    7.5000  -15.0000    0.0000 8922.3125   24.3116
   -7.5000   -7.5000    0.0000 9754.3936   23.9214
    0.0000   -7.5000    0.000010268.0469   23.9345
    7.5000   -7.5000    0.0000 9788.5430   23.9194
   -7.5000    0.0000    0.000010700.3281   23.8062
    0.0000    0.0000    0.000011223.5889   23.8133
    7.5000    0.0000    0.000010682.4404   23.7938
   -7.5000    7.5000    0.000010699.9121   23.7971
    0.0000    7.5000    0.000011188.6699   23.7956
    7.5000    7.5000    0.000010614.8223   23.7657
   -7.5000   15.0000    0.000010444.0254   23.5089
    0.0000   15.0000    0.000010727.7422   23.5059
    7.5000   15.0000    0.000010375.8975   23.4729
   -7.5000   22.5000    0.0000 9920.4111   22.9855
    0.0000   22.5000    0.000010028.3633   22.9882
    7.5000   22.5000    0.0000 9901.8018   22.9616
   -7.5000   30.0000    0.0000 9789.1182   23.0252
    0.0000   30.0000    0.0000 9897.0557   23.0352
    7.5000   30.0000    0.0000 9729.4297   23.0166
   -7.5000   37.5000    0.0000 9315.0049   22.4777
    0.0000   37.5000    0.0000 9505.6338   22.4901
    7.5000   37.5000    0.0000 9195.7676   22.4747
   -7.5000   45.0000    0.0000 8797.2910   21.9048
    0.0000   45.0000    0.0000 9085.4453   21.9062
    7.5000   45.0000    0.0000 8632.9375   21.8848
   -7.5000  -45.0000    7.5000 6123.0322   26.1220
    0.0000  -45.0000    7.5000 6453.7925   26.1277
    7.5000  -45.0000    7.5000 6126.8501   26.1035
   -7.5000  -37.5000    7.5000 6576.9849   26.4234
    0.0000  -37.5000    7.5000 6950.3828   26.4193
    7.5000  -37.5000    7.5000 6616.0283   26.3706
   -7.5000  -30.0000    7.5000 7149.7310   25.9434
    0.0000  -30.0000    7.5000 7557.4868   25.9343
    7.5000  -30.0000    7.5000 7231.5396   25.8783
   -7.5000  -22.5000    7.5000 7561.7715   25.0645
    0.0000  -22.5000    7.5000 7985.4268   25.0631
    7.5000  -22.5000    7.5000 7656.7676   25.0216
   -7.5000  -15.0000    7.5000 8363.1807   24.4426
    0.0000  -15.0000    7.5000 8806.9463   24.4530
    7.5000  -15.0000    7.5000 8455.9951   24.4286
   -7.5000   -7.5000    7.5000 9202.7969   24.0384
    0.0000   -7.5000    7.5000 9647.5303   24.0520
    7.5000   -7.5000    7.5000 9255.5664   24.0361
   -7.5000    0.0000    7.500010059.9912   23.9337
    0.0000    0.0000    7.500010539.0273   23.9401
    7.5000    0.0000    7.500010103.7637   23.9174
   -7.5000    7.5000    7.500010028.0107   23.9363
    0.0000    7.5000    7.500010570.2725   23.9329
    7.5000    7.5000    7.500010077.6211   23.8938
   -7.5000   15.0000    7.5000 9816.3955   23.6495
    0.0000   15.0000    7.500010328.4150   23.6447
    7.5000   15.0000    7.5000 9951.8418   23.5991
   -7.5000   22.5000    7.5000 9475.6777   23.1132
    0.0000   22.5000    7.5000 9926.3125   23.1155
    7.5000   22.5000    7.5000 9596.4043   23.0789
   -7.5000   30.0000    7.5000 9463.2939   23.1438
    0.0000   30.0000    7.5000 9900.7432   23.1546
    7.5000   30.0000    7.5000 9458.4287   23.1316
   -7.5000   37.5000    7.5000 8997.0879   22.5901
    0.0000   37.5000    7.5000 9401.0439   22.6031
    7.5000   37.5000    7.5000 8904.7188   22.5868
   -7.5000   45.0000    7.5000 8428.6045   22.0196
    0.0000   45.0000    7.5000 8812.8242   22.0204
    7.5000   45.0000    7.5000 8306.8379   21.9955
   -7.5000  -45.0000   15.0000 5828.5903   26.9409
    0.0000  -45.0000   15.0000 6132.4761   26.9543
    7.5000  -45.0000   15.0000 5884.9629   26.9406
   -7.5000  -37.5000   15.0000 6272.1953   27.2217
    0.0000  -37.5000   15.0000 6597.5083   27.2200
    7.5000  -37.5000   15.0000 6338.9155   27.1798
   -7.5000  -30.0000   15.0000 6812.0210   26.7038
    0.0000  -30.0000   15.0000 7188.3179   26.6970
    7.5000  -30.0000   15.0000 6896.0347   26.6477
   -7.5000  -22.5000   15.0000 7192.3706   25.7650
    0.0000  -22.5000   15.0000 7592.7134   25.7691
    7.5000  -22.5000   15.0000 7258.7339   25.7350
   -7.5000  -15.0000   15.0000 7949.6157   25.1015
    0.0000  -15.0000   15.0000 8381.2129   25.1213
    7.5000  -15.0000   15.0000 7996.5835   25.1077
   -7.5000   -7.5000   15.0000 8710.0645   24.6802
    0.0000   -7.5000   15.0000 9186.0947   24.7029
    7.5000   -7.5000   15.0000 8766.6768   24.6989
   -7.5000    0.0000   15.0000 9512.7734   24.5819
    0.0000    0.0000   15.000010051.4893   24.5942
    7.5000    0.0000   15.0000 9588.6240   24.5809
   -7.5000    7.5000   15.0000 9471.4297   24.5921
    0.0000    7.5000   15.000010037.1045   24.5913
    7.5000    7.5000   15.0000 9555.5078   24.5587
   -7.5000   15.0000   15.0000 9231.2295   24.2952
    0.0000   15.0000   15.0000 9755.0752   24.2928
    7.5000   15.0000   15.0000 9365.6973   24.2519
   -7.5000   22.5000   15.0000 8916.8867   23.7330
    0.0000   22.5000   15.0000 9418.0088   23.7407
    7.5000   22.5000   15.0000 9008.4023   23.7107
   -7.5000   30.0000   15.0000 8908.2744   23.7571
    0.0000   30.0000   15.0000 9454.0352   23.7767
    7.5000   30.0000   15.0000 8931.6602   23.7640
   -7.5000   37.5000   15.0000 8458.2607   23.1934
    0.0000   37.5000   15.0000 8968.7715   23.2153
    7.5000   37.5000   15.0000 8435.0195   23.2104
   -7.5000   45.0000   15.0000 7899.2114   22.6175
    0.0000   45.0000   15.0000 8361.2969   22.6244
    7.5000   45.0000   15.0000 7855.8423   22.6086
   -7.5000  -45.0000   22.5000 5524.1904   27.8316
    0.0000  -45.0000   22.5000 5807.7261   27.8517
    7.5000  -45.0000   22.5000 5601.0815   27.8537
   -7.5000  -37.5000   22.5000 5941.2773   28.1030
    0.0000  -37.5000   22.5000 6255.4160   28.1059
    7.5000  -37.5000   22.5000 6011.5552   28.0872
   -7.5000  -30.0000   22.5000 6445.0654   27.5387
    0.0000  -30.0000   22.5000 6809.0381   27.5372
    7.5000  -30.0000   22.5000 6520.5122   27.5159
   -7.5000  -22.5000   22.5000 6802.9966   26.5505
    0.0000  -22.5000   22.5000 7182.9136   26.5613
    7.5000  -22.5000   22.5000 6863.2300   26.5516
   -7.5000  -15.0000   22.5000 7501.6191   25.8583
    0.0000  -15.0000   22.5000 7922.1196   25.8864
    7.5000  -15.0000   22.5000 7565.0723   25.8919
   -7.5000   -7.5000   22.5000 8223.8818   25.4143
    0.0000   -7.5000   22.5000 8687.9580   25.4447
    7.5000   -7.5000   22.5000 8318.7920   25.4541
   -7.5000    0.0000   22.5000 8974.4551   25.3007
    0.0000    0.0000   22.5000 9484.3770   25.3180
    7.5000    0.0000   22.5000 9086.5381   25.3177
   -7.5000    7.5000   22.5000 8898.8486   25.2962
    0.0000    7.5000   22.5000 9404.4316   25.2989
    7.5000    7.5000   22.5000 8994.1465   25.2841
   -7.5000   15.0000   22.5000 8626.3350   24.9835
    0.0000   15.0000   22.5000 9109.3193   24.9853
    7.5000   15.0000   22.5000 8748.1260   24.9666
   -7.5000   22.5000   22.5000 8310.0361   24.4268
    0.0000   22.5000   22.5000 8772.6846   24.4408
    7.5000   22.5000   22.5000 8394.0889   24.4323
   -7.5000   30.0000   22.5000 8271.0410   24.4636
    0.0000   30.0000   22.5000 8741.3740   24.4909
    7.5000   30.0000   22.5000 8303.7051   24.4958
   -7.5000   37.5000   22.5000 7813.1030   23.9019
    0.0000   37.5000   22.5000 8246.7744   23.9309
    7.5000   37.5000   22.5000 7815.1001   23.9390
   -7.5000   45.0000   22.5000 7292.5103   23.3134
    0.0000   45.0000   22.5000 7681.5098   23.3251
    7.5000   45.0000   22.5000 7282.8926   23.3221
   -7.5000  -45.0000   30.0000 5448.0479   29.1482
    0.0000  -45.0000   30.0000 5735.4292   29.1669
    7.5000  -45.0000   30.0000 5507.7271   29.1618
   -7.5000  -37.5000   30.0000 5854.6162   29.4202
    0.0000  -37.5000   30.0000 6172.0444   29.4258
    7.5000  -37.5000   30.0000 5910.1729   29.4089
   -7.5000  -30.0000   30.0000 6373.3418   28.8238
    0.0000  -30.0000   30.0000 6714.0923   28.8234
    7.5000  -30.0000   30.0000 6417.7119   28.8107
   -7.5000  -22.5000   30.0000 6727.3887   27.7710
    0.0000  -22.5000   30.0000 7093.2300   27.7796
    7.5000  -22.5000   30.0000 6767.6323   27.7732
   -7.5000  -15.0000   30.0000 7402.5146   27.0330
    0.0000  -15.0000   30.0000 7821.6421   27.0571
    7.5000  -15.0000   30.0000 7469.7593   27.0572
   -7.5000   -7.5000   30.0000 8078.1289   26.5575
    0.0000   -7.5000   30.0000 8538.8457   26.5848
    7.5000   -7.5000   30.0000 8175.9707   26.5847
   -7.5000    0.0000   30.0000 8774.2168   26.4295
    0.0000    0.0000   30.0000 9276.6475   26.4462
    7.5000    0.0000   30.0000 8853.0137   26.4406
   -7.5000    7.5000   30.0000 8648.5566   26.4115
    0.0000    7.5000   30.0000 9152.2783   26.4153
    7.5000    7.5000   30.0000 8720.1748   26.4034
   -7.5000   15.0000   30.0000 8360.4355   26.0772
    0.0000   15.0000   30.0000 8834.1641   26.0795
    7.5000   15.0000   30.0000 8441.8711   26.0680
   -7.5000   22.5000   30.0000 8034.6206   25.4996
    0.0000   22.5000   30.0000 8474.9951   25.5120
    7.5000   22.5000   30.0000 8081.8550   25.5067
   -7.5000   30.0000   30.0000 7947.2559   25.5482
    0.0000   30.0000   30.0000 8392.2783   25.5718
    7.5000   30.0000   30.0000 7965.9102   25.5718
   -7.5000   37.5000   30.0000 7475.4238   24.9702
    0.0000   37.5000   30.0000 7875.3311   24.9960
    7.5000   37.5000   30.0000 7488.1982   24.9953
   -7.5000   45.0000   30.0000 6969.2285   24.3576
    0.0000   45.0000   30.0000 7335.2959   24.3682
    7.5000   45.0000   30.0000 6990.0220   24.3604
   -7.5000  -45.0000   37.5000 5171.9209   30.1935
    0.0000  -45.0000   37.5000 5415.5405   30.2179
    7.5000  -45.0000   37.5000 5181.2778   30.1959
   -7.5000  -37.5000   37.5000 5563.3125   30.4806
    0.0000  -37.5000   37.5000 5837.5850   30.4954
    7.5000  -37.5000   37.5000 5583.1431   30.4546
   -7.5000  -30.0000   37.5000 6065.2603   29.8263
    0.0000  -30.0000   37.5000 6363.8330   29.8346
    7.5000  -30.0000   37.5000 6073.8530   29.7974
   -7.5000  -22.5000   37.5000 6390.2388   28.7322
    0.0000  -22.5000   37.5000 6732.2271   28.7472
    7.5000  -22.5000   37.5000 6415.9150   28.7209
   -7.5000  -15.0000   37.5000 6993.1426   27.9512
    0.0000  -15.0000   37.5000 7379.6777   27.9790
    7.5000  -15.0000   37.5000 7038.7690   27.9623
   -7.5000   -7.5000   37.5000 7600.5757   27.4438
    0.0000   -7.5000   37.5000 8023.6738   27.4736
    7.5000   -7.5000   37.5000 7646.4995   27.4579
   -7.5000    0.0000   37.5000 8235.4541   27.3137
    0.0000    0.0000   37.5000 8699.6816   27.3341
    7.5000    0.0000   37.5000 8261.9102   27.3121
   -7.5000    7.5000   37.5000 8088.9966   27.2927
    0.0000    7.5000   37.5000 8527.7910   27.3020
    7.5000    7.5000   37.5000 8112.5312   27.2712
   -7.5000   15.0000   37.5000 7798.2183   26.9358
    0.0000   15.0000   37.5000 8222.2842   26.9448
    7.5000   15.0000   37.5000 7836.3931   26.9144
   -7.5000   22.5000   37.5000 7474.8159   26.3360
    0.0000   22.5000   37.5000 7876.4873   26.3541
    7.5000   22.5000   37.5000 7490.6509   26.3318
   -7.5000   30.0000   37.5000 7350.8447   26.3851
    0.0000   30.0000   37.5000 7770.2275   26.4123
    7.5000   30.0000   37.5000 7382.9653   26.3963
   -7.5000   37.5000   37.5000 6902.0679   25.7966
    0.0000   37.5000   37.5000 7282.7168   25.8246
    7.5000   37.5000   37.5000 6944.1421   25.8085
   -7.5000   45.0000   37.5000 6434.9316   25.1771
    0.0000   45.0000   37.5000 6785.2695   25.1900
    7.5000   45.0000   37.5000 6471.4077   25.1658
   -7.5000  -45.0000   45.0000 4875.8755   31.2809
    0.0000  -45.0000   45.0000 5098.8467   31.3197
    7.5000  -45.0000   45.0000 4881.8501   31.3283
   -7.5000  -37.5000   45.0000 5257.0425   31.5708
    0.0000  -37.5000   45.0000 5508.2520   31.6019
    7.5000  -37.5000   45.0000 5266.3203   31.5867
   -7.5000  -30.0000   45.0000 5697.3755   30.8499
    0.0000  -30.0000   45.0000 5981.4565   30.8700
    7.5000  -30.0000   45.0000 5706.9629   30.8448
   -7.5000  -22.5000   45.0000 5970.9644   29.7289
    0.0000  -22.5000   45.0000 6287.5117   29.7501
    7.5000  -22.5000   45.0000 6001.2910   29.7332
   -7.5000  -15.0000   45.0000 6517.7769   28.9245
    0.0000  -15.0000   45.0000 6870.6206   28.9575
    7.5000  -15.0000   45.0000 6561.5674   28.9563
   -7.5000   -7.5000   45.0000 7086.3418   28.3795
    0.0000   -7.5000   45.0000 7464.2739   28.4175
    7.5000   -7.5000   45.0000 7118.5840   28.4266
   -7.5000    0.0000   45.0000 7665.2246   28.2414
    0.0000    0.0000   45.0000 8079.0854   28.2731
    7.5000    0.0000   45.0000 7699.1338   28.2784
   -7.5000    7.5000   45.0000 7508.5693   28.2145
    0.0000    7.5000   45.0000 7906.4805   28.2356
    7.5000    7.5000   45.0000 7545.0659   28.2247
   -7.5000   15.0000   45.0000 7244.2051   27.8378
    0.0000   15.0000   45.0000 7635.1279   27.8560
    7.5000   15.0000   45.0000 7288.3916   27.8364
   -7.5000   22.5000   45.0000 6935.0698   27.2167
    0.0000   22.5000   45.0000 7308.9912   27.2401
    7.5000   22.5000   45.0000 6970.1431   27.2262
   -7.5000   30.0000   45.0000 6811.4448   27.2715
    0.0000   30.0000   45.0000 7199.2344   27.3035
    7.5000   30.0000   45.0000 6871.8115   27.3018
   -7.5000   37.5000   45.0000 6386.6123   26.6650
    0.0000   37.5000   45.0000 6744.3584   26.7009
    7.5000   37.5000   45.0000 6456.3501   26.7072
   -7.5000   45.0000   45.0000 5951.8325   26.0277
    0.0000   45.0000   45.0000 6284.8760   26.0501
    7.5000   45.0000   45.0000 6015.6030   26.0498

---------------------------------------------------------------------
imgreg_4dfp /opt/freesurfer/average/711-2C_as_mni_average_305 /opt/freesurfer/average/711-2B_as_mni_average_305_mask talsrcimg_g11 none talsrcimg_to_711-2C_as_mni_average_305_t4 4355
---------------------------------------------------------------------

freesurfer imgreg_4dfp.c
/opt/freesurfer/average/711-2C_as_mni_average_305.4dfp.img
       256       256       256         1
  1.000000  1.000000  1.000000
orientation T byte_order littleendian
Reading image: /opt/freesurfer/average/711-2C_as_mni_average_305.4dfp.img
dimensions:      256       256       256
mmppix:       1.0000   -1.0000   -1.0000
center:     128.0000 -129.0000 -129.0000
/opt/freesurfer/average/711-2B_as_mni_average_305_mask.4dfp.img
       256       256       256         1
  1.000000  1.000000  1.000000
orientation T byte_order littleendian
Reading mask: /opt/freesurfer/average/711-2B_as_mni_average_305_mask.4dfp.img (2306576 pixels)
talsrcimg_g11.4dfp.img
       320       320       320         1
  0.700000  0.700000  0.700000
orientation T byte_order littleendian
Reading image: talsrcimg_g11.4dfp.img
dimensions:      320       320       320
mmppix:       0.7000   -0.7000   -0.7000
center:     112.0000 -112.7000 -112.7000
rotation matrix determinant  1.000000
image alignment mode   4355 decimal     1103 hex
   -7.5000  -45.0000  -45.0000 1942.4855   28.3696
    0.0000  -45.0000  -45.0000 1948.7849   28.1696
    7.5000  -45.0000  -45.0000 1945.9213   28.3952
   -7.5000  -37.5000  -45.0000 2013.0259   25.9876
    0.0000  -37.5000  -45.0000 2020.2704   25.7650
    7.5000  -37.5000  -45.0000 2019.4790   26.0195
   -7.5000  -30.0000  -45.0000 2070.7769   24.1448
    0.0000  -30.0000  -45.0000 2082.8079   23.9185
    7.5000  -30.0000  -45.0000 2076.1230   24.1066
   -7.5000  -22.5000  -45.0000 2113.4441   22.7209
    0.0000  -22.5000  -45.0000 2132.1179   22.5608
    7.5000  -22.5000  -45.0000 2120.0466   22.6422
   -7.5000  -15.0000  -45.0000 2150.0188   21.6039
    0.0000  -15.0000  -45.0000 2166.3850   21.4579
    7.5000  -15.0000  -45.0000 2155.3286   21.4886
   -7.5000   -7.5000  -45.0000 2180.8950   20.7320
    0.0000   -7.5000  -45.0000 2192.0881   20.6249
    7.5000   -7.5000  -45.0000 2183.2253   20.6257
   -7.5000    0.0000  -45.0000 2203.4487   20.1410
    0.0000    0.0000  -45.0000 2217.5955   20.0671
    7.5000    0.0000  -45.0000 2205.2463   20.0360
   -7.5000    7.5000  -45.0000 2215.5598   19.8503
    0.0000    7.5000  -45.0000 2239.6846   19.7492
    7.5000    7.5000  -45.0000 2222.2312   19.6470
   -7.5000   15.0000  -45.0000 2226.2336   19.7293
    0.0000   15.0000  -45.0000 2248.0581   19.6386
    7.5000   15.0000  -45.0000 2224.0469   19.5226
   -7.5000   22.5000  -45.0000 2221.4045   19.8620
    0.0000   22.5000  -45.0000 2247.8093   19.7457
    7.5000   22.5000  -45.0000 2224.8125   19.6243
   -7.5000   30.0000  -45.0000 2213.9246   20.1084
    0.0000   30.0000  -45.0000 2230.8630   19.9891
    7.5000   30.0000  -45.0000 2208.6719   19.9009
   -7.5000   37.5000  -45.0000 2166.2124   20.5592
    0.0000   37.5000  -45.0000 2184.6570   20.4071
    7.5000   37.5000  -45.0000 2158.2908   20.2834
   -7.5000   45.0000  -45.0000 2072.2800   20.9708
    0.0000   45.0000  -45.0000 2084.7500   20.7951
    7.5000   45.0000  -45.0000 2068.7383   20.6803
   -7.5000  -45.0000  -37.5000 2066.7532   29.0756
    0.0000  -45.0000  -37.5000 2080.2051   28.8363
    7.5000  -45.0000  -37.5000 2070.3882   29.0050
   -7.5000  -37.5000  -37.5000 2145.5066   26.4657
    0.0000  -37.5000  -37.5000 2164.7996   26.2870
    7.5000  -37.5000  -37.5000 2146.0259   26.4168
   -7.5000  -30.0000  -37.5000 2203.6504   24.4698
    0.0000  -30.0000  -37.5000 2223.3362   24.3107
    7.5000  -30.0000  -37.5000 2206.3191   24.3564
   -7.5000  -22.5000  -37.5000 2251.8279   22.8610
    0.0000  -22.5000  -37.5000 2273.2007   22.8104
    7.5000  -22.5000  -37.5000 2258.9802   22.7483
   -7.5000  -15.0000  -37.5000 2291.7100   21.6689
    0.0000  -15.0000  -37.5000 2309.3428   21.5705
    7.5000  -15.0000  -37.5000 2295.5161   21.4839
   -7.5000   -7.5000  -37.5000 2328.6101   20.7549
    0.0000   -7.5000  -37.5000 2343.8831   20.6707
    7.5000   -7.5000  -37.5000 2326.5266   20.5772
   -7.5000    0.0000  -37.5000 2352.9082   20.0832
    0.0000    0.0000  -37.5000 2373.5647   20.0190
    7.5000    0.0000  -37.5000 2351.4836   19.9020
   -7.5000    7.5000  -37.5000 2372.6711   19.6637
    0.0000    7.5000  -37.5000 2396.3208   19.5791
    7.5000    7.5000  -37.5000 2366.6348   19.4434
   -7.5000   15.0000  -37.5000 2386.4165   19.4572
    0.0000   15.0000  -37.5000 2409.8877   19.3859
    7.5000   15.0000  -37.5000 2377.9561   19.1975
   -7.5000   22.5000  -37.5000 2390.8506   19.5788
    0.0000   22.5000  -37.5000 2412.0894   19.4757
    7.5000   22.5000  -37.5000 2382.7852   19.2771
   -7.5000   30.0000  -37.5000 2380.6750   19.8818
    0.0000   30.0000  -37.5000 2398.8052   19.7924
    7.5000   30.0000  -37.5000 2369.0303   19.6294
   -7.5000   37.5000  -37.5000 2329.5173   20.3190
    0.0000   37.5000  -37.5000 2350.2964   20.2270
    7.5000   37.5000  -37.5000 2319.2544   20.0816
   -7.5000   45.0000  -37.5000 2236.6458   20.7615
    0.0000   45.0000  -37.5000 2253.9573   20.6743
    7.5000   45.0000  -37.5000 2227.4709   20.5475
   -7.5000  -45.0000  -30.0000 2162.8940   29.4195
    0.0000  -45.0000  -30.0000 2181.1499   29.1966
    7.5000  -45.0000  -30.0000 2175.2002   29.3927
   -7.5000  -37.5000  -30.0000 2249.9304   26.7026
    0.0000  -37.5000  -30.0000 2267.6340   26.5112
    7.5000  -37.5000  -30.0000 2256.4172   26.6580
   -7.5000  -30.0000  -30.0000 2318.3347   24.5710
    0.0000  -30.0000  -30.0000 2338.0530   24.4572
    7.5000  -30.0000  -30.0000 2322.1338   24.4220
   -7.5000  -22.5000  -30.0000 2376.3235   22.8690
    0.0000  -22.5000  -30.0000 2394.4429   22.7931
    7.5000  -22.5000  -30.0000 2381.3987   22.7152
   -7.5000  -15.0000  -30.0000 2418.5662   21.5337
    0.0000  -15.0000  -30.0000 2438.3176   21.4251
    7.5000  -15.0000  -30.0000 2419.2908   21.3390
   -7.5000   -7.5000  -30.0000 2455.3831   20.4756
    0.0000   -7.5000  -30.0000 2479.0117   20.3916
    7.5000   -7.5000  -30.0000 2450.4363   20.2669
   -7.5000    0.0000  -30.0000 2482.4226   19.7395
    0.0000    0.0000  -30.0000 2510.1973   19.6375
    7.5000    0.0000  -30.0000 2481.4158   19.4725
   -7.5000    7.5000  -30.0000 2506.5432   19.2442
    0.0000    7.5000  -30.0000 2531.6135   19.0884
    7.5000    7.5000  -30.0000 2498.8323   18.9651
   -7.5000   15.0000  -30.0000 2529.1113   18.9724
    0.0000   15.0000  -30.0000 2550.3894   18.8375
    7.5000   15.0000  -30.0000 2515.9246   18.6875
   -7.5000   22.5000  -30.0000 2533.7363   19.0599
    0.0000   22.5000  -30.0000 2554.4187   18.8874
    7.5000   22.5000  -30.0000 2524.5273   18.7568
   -7.5000   30.0000  -30.0000 2523.9067   19.3951
    0.0000   30.0000  -30.0000 2549.1636   19.2841
    7.5000   30.0000  -30.0000 2516.3804   19.1547
   -7.5000   37.5000  -30.0000 2479.9924   19.8495
    0.0000   37.5000  -30.0000 2505.1018   19.7651
    7.5000   37.5000  -30.0000 2469.3870   19.6909
   -7.5000   45.0000  -30.0000 2383.2002   20.3047
    0.0000   45.0000  -30.0000 2401.1145   20.1984
    7.5000   45.0000  -30.0000 2369.4082   20.1755
   -7.5000  -45.0000  -22.5000 2195.4404   28.8217
    0.0000  -45.0000  -22.5000 2208.2859   28.5993
    7.5000  -45.0000  -22.5000 2209.4731   28.8481
   -7.5000  -37.5000  -22.5000 2287.6423   26.0075
    0.0000  -37.5000  -22.5000 2304.4749   25.8555
    7.5000  -37.5000  -22.5000 2297.8521   25.9230
   -7.5000  -30.0000  -22.5000 2362.0164   23.8086
    0.0000  -30.0000  -22.5000 2384.4851   23.6766
    7.5000  -30.0000  -22.5000 2369.6277   23.6107
   -7.5000  -22.5000  -22.5000 2420.6387   22.0016
    0.0000  -22.5000  -22.5000 2447.6931   21.9043
    7.5000  -22.5000  -22.5000 2431.6074   21.8436
   -7.5000  -15.0000  -22.5000 2467.7419   20.5972
    0.0000  -15.0000  -22.5000 2493.3296   20.4481
    7.5000  -15.0000  -22.5000 2475.4790   20.3900
   -7.5000   -7.5000  -22.5000 2509.3813   19.5083
    0.0000   -7.5000  -22.5000 2532.6377   19.3415
    7.5000   -7.5000  -22.5000 2512.7449   19.2846
   -7.5000    0.0000  -22.5000 2538.6475   18.7188
    0.0000    0.0000  -22.5000 2564.5696   18.5122
    7.5000    0.0000  -22.5000 2543.9324   18.4669
   -7.5000    7.5000  -22.5000 2562.7307   18.1651
    0.0000    7.5000  -22.5000 2584.5469   17.9196
    7.5000    7.5000  -22.5000 2562.6658   17.9353
   -7.5000   15.0000  -22.5000 2579.9629   17.8105
    0.0000   15.0000  -22.5000 2599.3696   17.5726
    7.5000   15.0000  -22.5000 2575.4358   17.5964
   -7.5000   22.5000  -22.5000 2589.1794   17.8328
    0.0000   22.5000  -22.5000 2610.3557   17.6221
    7.5000   22.5000  -22.5000 2583.8772   17.6507
   -7.5000   30.0000  -22.5000 2586.7131   18.1949
    0.0000   30.0000  -22.5000 2611.6638   18.0221
    7.5000   30.0000  -22.5000 2585.4011   18.0435
   -7.5000   37.5000  -22.5000 2550.0476   18.7165
    0.0000   37.5000  -22.5000 2570.0581   18.5358
    7.5000   37.5000  -22.5000 2541.6318   18.5877
   -7.5000   45.0000  -22.5000 2456.9607   19.0907
    0.0000   45.0000  -22.5000 2468.1726   18.9537
    7.5000   45.0000  -22.5000 2441.5479   19.0710
   -7.5000  -45.0000  -15.0000 2287.7368   29.3585
    0.0000  -45.0000  -15.0000 2298.3960   29.1048
    7.5000  -45.0000  -15.0000 2283.5227   29.3039
   -7.5000  -37.5000  -15.0000 2376.3237   26.3377
    0.0000  -37.5000  -15.0000 2390.4004   26.1259
    7.5000  -37.5000  -15.0000 2382.2844   26.1957
   -7.5000  -30.0000  -15.0000 2451.6865   23.9361
    0.0000  -30.0000  -15.0000 2471.2451   23.6905
    7.5000  -30.0000  -15.0000 2465.9097   23.7361
   -7.5000  -22.5000  -15.0000 2506.3826   22.0176
    0.0000  -22.5000  -15.0000 2530.3467   21.7656
    7.5000  -22.5000  -15.0000 2530.2222   21.8884
   -7.5000  -15.0000  -15.0000 2563.2715   20.4893
    0.0000  -15.0000  -15.0000 2592.0273   20.2475
    7.5000  -15.0000  -15.0000 2584.4829   20.3217
   -7.5000   -7.5000  -15.0000 2603.6553   19.3370
    0.0000   -7.5000  -15.0000 2632.5454   19.0743
    7.5000   -7.5000  -15.0000 2625.7124   19.1579
   -7.5000    0.0000  -15.0000 2637.3542   18.5160
    0.0000    0.0000  -15.0000 2658.3735   18.1855
    7.5000    0.0000  -15.0000 2652.4685   18.3102
   -7.5000    7.5000  -15.0000 2659.2615   17.8993
    0.0000    7.5000  -15.0000 2676.5811   17.5218
    7.5000    7.5000  -15.0000 2672.5176   17.7223
   -7.5000   15.0000  -15.0000 2683.2693   17.4703
    0.0000   15.0000  -15.0000 2700.9343   17.0561
    7.5000   15.0000  -15.0000 2687.1978   17.3039
   -7.5000   22.5000  -15.0000 2702.4932   17.3726
    0.0000   22.5000  -15.0000 2718.5225   16.9964
    7.5000   22.5000  -15.0000 2701.8867   17.2297
   -7.5000   30.0000  -15.0000 2705.8499   17.7955
    0.0000   30.0000  -15.0000 2720.7051   17.4422
    7.5000   30.0000  -15.0000 2706.7383   17.6342
   -7.5000   37.5000  -15.0000 2660.9973   18.2688
    0.0000   37.5000  -15.0000 2673.3972   18.0008
    7.5000   37.5000  -15.0000 2656.5059   18.1946
   -7.5000   45.0000  -15.0000 2562.8433   18.7612
    0.0000   45.0000  -15.0000 2570.5771   18.5630
    7.5000   45.0000  -15.0000 2551.5095   18.8075
   -7.5000  -45.0000   -7.5000 2335.1440   29.7298
    0.0000  -45.0000   -7.5000 2347.5430   29.4598
    7.5000  -45.0000   -7.5000 2331.0679   29.6893
   -7.5000  -37.5000   -7.5000 2427.8420   26.5795
    0.0000  -37.5000   -7.5000 2443.2312   26.3015
    7.5000  -37.5000   -7.5000 2429.2305   26.4587
   -7.5000  -30.0000   -7.5000 2508.9346   23.9886
    0.0000  -30.0000   -7.5000 2529.4951   23.6887
    7.5000  -30.0000   -7.5000 2517.4160   23.8506
   -7.5000  -22.5000   -7.5000 2575.5649   21.9666
    0.0000  -22.5000   -7.5000 2598.7075   21.6075
    7.5000  -22.5000   -7.5000 2588.6201   21.8322
   -7.5000  -15.0000   -7.5000 2635.7014   20.4008
    0.0000  -15.0000   -7.5000 2656.7954   20.0010
    7.5000  -15.0000   -7.5000 2648.9324   20.2770
   -7.5000   -7.5000   -7.5000 2672.0378   19.2320
    0.0000   -7.5000   -7.5000 2695.4746   18.7910
    7.5000   -7.5000   -7.5000 2691.4363   19.1054
   -7.5000    0.0000   -7.5000 2707.6545   18.3825
    0.0000    0.0000   -7.5000 2720.0134   17.8884
    7.5000    0.0000   -7.5000 2718.1116   18.2367
   -7.5000    7.5000   -7.5000 2727.7053   17.7502
    0.0000    7.5000   -7.5000 2736.2153   17.2375
    7.5000    7.5000   -7.5000 2741.9487   17.5851
   -7.5000   15.0000   -7.5000 2752.0505   17.3264
    0.0000   15.0000   -7.5000 2759.2444   16.6971
    7.5000   15.0000   -7.5000 2759.7786   17.1453
   -7.5000   22.5000   -7.5000 2779.6250   17.0621
    0.0000   22.5000   -7.5000 2771.6960   16.3846
    7.5000   22.5000   -7.5000 2771.2097   16.9727
   -7.5000   30.0000   -7.5000 2777.1414   17.3561
    0.0000   30.0000   -7.5000 2766.1621   16.7846
    7.5000   30.0000   -7.5000 2769.0562   17.2974
   -7.5000   37.5000   -7.5000 2740.7568   17.9571
    0.0000   37.5000   -7.5000 2727.8147   17.4966
    7.5000   37.5000   -7.5000 2732.0564   18.0779
   -7.5000   45.0000   -7.5000 2649.4802   18.6973
    0.0000   45.0000   -7.5000 2638.4893   18.2738
    7.5000   45.0000   -7.5000 2631.4768   18.7570
   -7.5000  -45.0000    0.0000 2360.4541   30.2594
    0.0000  -45.0000    0.0000 2371.0256   29.9548
    7.5000  -45.0000    0.0000 2357.1460   30.2358
   -7.5000  -37.5000    0.0000 2453.2058   26.8600
    0.0000  -37.5000    0.0000 2455.8743   26.4611
    7.5000  -37.5000    0.0000 2448.3796   26.7346
   -7.5000  -30.0000    0.0000 2531.6626   24.0607
    0.0000  -30.0000    0.0000 2542.7620   23.6978
    7.5000  -30.0000    0.0000 2535.7615   23.9828
   -7.5000  -22.5000    0.0000 2597.1914   21.8805
    0.0000  -22.5000    0.0000 2618.1367   21.5367
    7.5000  -22.5000    0.0000 2606.7053   21.8695
   -7.5000  -15.0000    0.0000 2657.3386   20.2428
    0.0000  -15.0000    0.0000 2679.3743   19.8740
    7.5000  -15.0000    0.0000 2670.2964   20.3039
   -7.5000   -7.5000    0.0000 2697.5918   19.0834
    0.0000   -7.5000    0.0000 2718.1348   18.6740
    7.5000   -7.5000    0.0000 2708.5042   19.1131
   -7.5000    0.0000    0.0000 2732.7200   18.2421
    0.0000    0.0000    0.0000 2745.4126   17.7768
    7.5000    0.0000    0.0000 2738.4126   18.2321
   -7.5000    7.5000    0.0000 2763.3018   17.7362
    0.0000    7.5000    0.0000 2768.6294   17.1748
    7.5000    7.5000    0.0000 2767.2151   17.6306
   -7.5000   15.0000    0.0000 2798.6448   17.4353
    0.0000   15.0000    0.0000 2779.7119   16.7499
    7.5000   15.0000    0.0000 2792.8391   17.2995
   -7.5000   22.5000    0.0000 2818.5134   17.2149
    0.0000   22.5000    0.0000 2778.3943   16.4075
    7.5000   22.5000    0.0000 2809.4656   17.2839
   -7.5000   30.0000    0.0000 2819.1440   17.4446
    0.0000   30.0000    0.0000 2786.0642   16.7253
    7.5000   30.0000    0.0000 2807.7803   17.6180
   -7.5000   37.5000    0.0000 2785.3259   18.0797
    0.0000   37.5000    0.0000 2769.4229   17.5394
    7.5000   37.5000    0.0000 2758.4697   18.1404
   -7.5000   45.0000    0.0000 2683.1130   18.8666
    0.0000   45.0000    0.0000 2682.9285   18.4372
    7.5000   45.0000    0.0000 2655.8870   18.8034
   -7.5000  -45.0000    7.5000 2354.9880   30.6564
    0.0000  -45.0000    7.5000 2366.7134   30.4318
    7.5000  -45.0000    7.5000 2353.8354   30.6563
   -7.5000  -37.5000    7.5000 2441.2156   27.1221
    0.0000  -37.5000    7.5000 2460.3708   26.8241
    7.5000  -37.5000    7.5000 2452.9934   27.1800
   -7.5000  -30.0000    7.5000 2526.6096   24.2782
    0.0000  -30.0000    7.5000 2550.1404   23.9546
    7.5000  -30.0000    7.5000 2545.2903   24.3907
   -7.5000  -22.5000    7.5000 2604.3708   22.0369
    0.0000  -22.5000    7.5000 2626.2969   21.6714
    7.5000  -22.5000    7.5000 2622.2507   22.1697
   -7.5000  -15.0000    7.5000 2667.9509   20.4031
    0.0000  -15.0000    7.5000 2680.9377   19.9583
    7.5000  -15.0000    7.5000 2678.7664   20.5345
   -7.5000   -7.5000    7.5000 2715.5210   19.2295
    0.0000   -7.5000    7.5000 2718.6243   18.7220
    7.5000   -7.5000    7.5000 2716.4822   19.2820
   -7.5000    0.0000    7.5000 2744.4126   18.4268
    0.0000    0.0000    7.5000 2743.5630   17.8984
    7.5000    0.0000    7.5000 2744.2246   18.4102
   -7.5000    7.5000    7.5000 2774.3188   17.9899
    0.0000    7.5000    7.5000 2774.4187   17.4892
    7.5000    7.5000    7.5000 2771.7549   17.9437
   -7.5000   15.0000    7.5000 2805.4934   17.8158
    0.0000   15.0000    7.5000 2811.1838   17.4334
    7.5000   15.0000    7.5000 2801.4998   17.9110
   -7.5000   22.5000    7.5000 2827.3184   17.7472
    0.0000   22.5000    7.5000 2830.2002   17.3607
    7.5000   22.5000    7.5000 2823.5706   18.0276
   -7.5000   30.0000    7.5000 2834.7427   18.1223
    0.0000   30.0000    7.5000 2842.4399   17.7788
    7.5000   30.0000    7.5000 2819.9321   18.2736
   -7.5000   37.5000    7.5000 2798.9951   18.6992
    0.0000   37.5000    7.5000 2799.5906   18.3529
    7.5000   37.5000    7.5000 2769.6555   18.7266
   -7.5000   45.0000    7.5000 2684.1919   19.3734
    0.0000   45.0000    7.5000 2680.5344   18.9989
    7.5000   45.0000    7.5000 2653.2676   19.2949
   -7.5000  -45.0000   15.0000 2332.2544   31.1780
    0.0000  -45.0000   15.0000 2345.7500   30.9062
    7.5000  -45.0000   15.0000 2340.4375   31.3832
   -7.5000  -37.5000   15.0000 2428.7817   27.5816
    0.0000  -37.5000   15.0000 2443.2605   27.2302
    7.5000  -37.5000   15.0000 2440.7188   27.8146
   -7.5000  -30.0000   15.0000 2516.6863   24.7792
    0.0000  -30.0000   15.0000 2531.9050   24.3504
    7.5000  -30.0000   15.0000 2530.2395   24.9308
   -7.5000  -22.5000   15.0000 2603.1345   22.5399
    0.0000  -22.5000   15.0000 2620.5828   22.1418
    7.5000  -22.5000   15.0000 2609.0027   22.6310
   -7.5000  -15.0000   15.0000 2675.8684   20.9386
    0.0000  -15.0000   15.0000 2686.6738   20.4959
    7.5000  -15.0000   15.0000 2667.8811   21.0188
   -7.5000   -7.5000   15.0000 2723.6843   19.7938
    0.0000   -7.5000   15.0000 2732.4136   19.3814
    7.5000   -7.5000   15.0000 2711.4854   19.9066
   -7.5000    0.0000   15.0000 2752.5488   19.1079
    0.0000    0.0000   15.0000 2762.6985   18.7868
    7.5000    0.0000   15.0000 2742.4902   19.2194
   -7.5000    7.5000   15.0000 2780.6748   18.7566
    0.0000    7.5000   15.0000 2790.5637   18.4596
    7.5000    7.5000   15.0000 2771.1138   18.8888
   -7.5000   15.0000   15.0000 2799.9097   18.5904
    0.0000   15.0000   15.0000 2812.4883   18.3311
    7.5000   15.0000   15.0000 2794.6296   18.8366
   -7.5000   22.5000   15.0000 2821.5334   18.6209
    0.0000   22.5000   15.0000 2826.0022   18.3665
    7.5000   22.5000   15.0000 2811.8945   18.9241
   -7.5000   30.0000   15.0000 2826.6423   19.2202
    0.0000   30.0000   15.0000 2847.7419   19.0302
    7.5000   30.0000   15.0000 2814.8047   19.2870
   -7.5000   37.5000   15.0000 2781.5361   19.8827
    0.0000   37.5000   15.0000 2803.3286   19.7644
    7.5000   37.5000   15.0000 2763.7644   19.9329
   -7.5000   45.0000   15.0000 2658.7842   20.4693
    0.0000   45.0000   15.0000 2682.7236   20.4084
    7.5000   45.0000   15.0000 2643.2783   20.5285
   -7.5000  -45.0000   22.5000 2305.1816   31.8772
    0.0000  -45.0000   22.5000 2314.4961   31.5200
    7.5000  -45.0000   22.5000 2313.1531   32.1511
   -7.5000  -37.5000   22.5000 2404.5146   28.3281
    0.0000  -37.5000   22.5000 2414.1042   27.9258
    7.5000  -37.5000   22.5000 2407.2107   28.5043
   -7.5000  -30.0000   22.5000 2496.9763   25.5621
    0.0000  -30.0000   22.5000 2511.0420   25.1984
    7.5000  -30.0000   22.5000 2495.3486   25.6832
   -7.5000  -22.5000   22.5000 2588.2327   23.3947
    0.0000  -22.5000   22.5000 2600.5073   23.0952
    7.5000  -22.5000   22.5000 2580.8286   23.5398
   -7.5000  -15.0000   22.5000 2661.7087   21.8228
    0.0000  -15.0000   22.5000 2676.2109   21.5678
    7.5000  -15.0000   22.5000 2647.6387   22.0862
   -7.5000   -7.5000   22.5000 2712.6853   20.8203
    0.0000   -7.5000   22.5000 2727.6360   20.5396
    7.5000   -7.5000   22.5000 2700.4460   21.0662
   -7.5000    0.0000   22.5000 2739.2109   20.0731
    0.0000    0.0000   22.5000 2755.7717   19.8357
    7.5000    0.0000   22.5000 2730.3008   20.3454
   -7.5000    7.5000   22.5000 2764.4417   19.6473
    0.0000    7.5000   22.5000 2778.7068   19.3993
    7.5000    7.5000   22.5000 2749.5945   19.8976
   -7.5000   15.0000   22.5000 2777.4197   19.4796
    0.0000   15.0000   22.5000 2796.2581   19.2671
    7.5000   15.0000   22.5000 2765.9009   19.7722
   -7.5000   22.5000   22.5000 2794.0623   19.6780
    0.0000   22.5000   22.5000 2804.3826   19.4774
    7.5000   22.5000   22.5000 2775.3030   19.8864
   -7.5000   30.0000   22.5000 2790.5876   20.4057
    0.0000   30.0000   22.5000 2810.7168   20.2161
    7.5000   30.0000   22.5000 2773.8623   20.4248
   -7.5000   37.5000   22.5000 2731.8562   21.1495
    0.0000   37.5000   22.5000 2752.1531   20.9802
    7.5000   37.5000   22.5000 2717.2449   21.1534
   -7.5000   45.0000   22.5000 2613.4839   21.7898
    0.0000   45.0000   22.5000 2632.2500   21.6705
    7.5000   45.0000   22.5000 2601.7280   21.8034
   -7.5000  -45.0000   30.0000 2265.3350   32.9774
    0.0000  -45.0000   30.0000 2272.0925   32.6172
    7.5000  -45.0000   30.0000 2266.3157   33.2126
   -7.5000  -37.5000   30.0000 2366.1069   29.5192
    0.0000  -37.5000   30.0000 2380.1956   29.1779
    7.5000  -37.5000   30.0000 2364.8096   29.6685
   -7.5000  -30.0000   30.0000 2465.6978   26.8323
    0.0000  -30.0000   30.0000 2477.3972   26.5228
    7.5000  -30.0000   30.0000 2452.6628   26.9644
   -7.5000  -22.5000   30.0000 2553.2053   24.8042
    0.0000  -22.5000   30.0000 2568.0549   24.5892
    7.5000  -22.5000   30.0000 2541.1531   24.9874
   -7.5000  -15.0000   30.0000 2627.1619   23.2005
    0.0000  -15.0000   30.0000 2644.2417   23.0388
    7.5000  -15.0000   30.0000 2612.9910   23.5368
   -7.5000   -7.5000   30.0000 2666.9934   21.9698
    0.0000   -7.5000   30.0000 2689.1467   21.8344
    7.5000   -7.5000   30.0000 2657.7959   22.3845
   -7.5000    0.0000   30.0000 2701.2219   21.1561
    0.0000    0.0000   30.0000 2717.3337   21.0088
    7.5000    0.0000   30.0000 2680.5911   21.4914
   -7.5000    7.5000   30.0000 2727.7976   20.6878
    0.0000    7.5000   30.0000 2744.4612   20.5280
    7.5000    7.5000   30.0000 2701.2002   20.9762
   -7.5000   15.0000   30.0000 2741.0276   20.5678
    0.0000   15.0000   30.0000 2753.9553   20.4274
    7.5000   15.0000   30.0000 2716.0872   20.8460
   -7.5000   22.5000   30.0000 2751.9580   20.8610
    0.0000   22.5000   30.0000 2760.8901   20.6956
    7.5000   22.5000   30.0000 2719.7292   21.0194
   -7.5000   30.0000   30.0000 2732.6807   21.6499
    0.0000   30.0000   30.0000 2752.2629   21.4475
    7.5000   30.0000   30.0000 2708.8784   21.6573
   -7.5000   37.5000   30.0000 2660.3550   22.4600
    0.0000   37.5000   30.0000 2681.1514   22.2834
    7.5000   37.5000   30.0000 2649.1089   22.4345
   -7.5000   45.0000   30.0000 2547.9817   23.1614
    0.0000   45.0000   30.0000 2567.0425   23.0013
    7.5000   45.0000   30.0000 2543.5098   23.1491
   -7.5000  -45.0000   37.5000 2215.2603   34.9168
    0.0000  -45.0000   37.5000 2219.0315   34.5233
    7.5000  -45.0000   37.5000 2209.7295   35.1048
   -7.5000  -37.5000   37.5000 2319.6550   31.4525
    0.0000  -37.5000   37.5000 2326.1589   31.1440
    7.5000  -37.5000   37.5000 2313.6091   31.6789
   -7.5000  -30.0000   37.5000 2415.8142   28.7445
    0.0000  -30.0000   37.5000 2422.2766   28.5690
    7.5000  -30.0000   37.5000 2401.9802   28.9675
   -7.5000  -22.5000   37.5000 2496.1606   26.6359
    0.0000  -22.5000   37.5000 2510.6699   26.4849
    7.5000  -22.5000   37.5000 2483.6924   26.8203
   -7.5000  -15.0000   37.5000 2562.1301   24.7888
    0.0000  -15.0000   37.5000 2581.7742   24.6891
    7.5000  -15.0000   37.5000 2549.5618   25.0685
   -7.5000   -7.5000   37.5000 2602.3594   23.4392
    0.0000   -7.5000   37.5000 2620.4688   23.3501
    7.5000   -7.5000   37.5000 2591.4360   23.7525
   -7.5000    0.0000   37.5000 2641.0168   22.5705
    0.0000    0.0000   37.5000 2655.0994   22.4783
    7.5000    0.0000   37.5000 2614.6162   22.8025
   -7.5000    7.5000   37.5000 2668.8193   22.0520
    0.0000    7.5000   37.5000 2679.7593   21.8968
    7.5000    7.5000   37.5000 2637.9226   22.2688
   -7.5000   15.0000   37.5000 2683.5264   21.8349
    0.0000   15.0000   37.5000 2691.7559   21.7536
    7.5000   15.0000   37.5000 2649.2390   22.0305
   -7.5000   22.5000   37.5000 2684.7883   22.1523
    0.0000   22.5000   37.5000 2694.3284   22.0116
    7.5000   22.5000   37.5000 2648.9456   22.2632
   -7.5000   30.0000   37.5000 2657.0190   22.9262
    0.0000   30.0000   37.5000 2681.5303   22.7675
    7.5000   30.0000   37.5000 2637.9885   22.9757
   -7.5000   37.5000   37.5000 2583.6475   23.8496
    0.0000   37.5000   37.5000 2608.6509   23.7311
    7.5000   37.5000   37.5000 2578.9805   23.8742
   -7.5000   45.0000   37.5000 2471.2061   24.6184
    0.0000   45.0000   37.5000 2493.8354   24.5046
    7.5000   45.0000   37.5000 2466.4744   24.6084
   -7.5000  -45.0000   45.0000 2142.3093   37.5978
    0.0000  -45.0000   45.0000 2144.3188   37.3400
    7.5000  -45.0000   45.0000 2137.2869   37.8727
   -7.5000  -37.5000   45.0000 2243.3767   33.8533
    0.0000  -37.5000   45.0000 2248.4236   33.7173
    7.5000  -37.5000   45.0000 2230.6060   34.1418
   -7.5000  -30.0000   45.0000 2329.0947   30.9521
    0.0000  -30.0000   45.0000 2334.2888   30.7635
    7.5000  -30.0000   45.0000 2310.0825   31.0705
   -7.5000  -22.5000   45.0000 2401.5354   28.5030
    0.0000  -22.5000   45.0000 2414.7109   28.3942
    7.5000  -22.5000   45.0000 2386.6084   28.6426
   -7.5000  -15.0000   45.0000 2462.1899   26.5010
    0.0000  -15.0000   45.0000 2479.5486   26.4294
    7.5000  -15.0000   45.0000 2450.3513   26.7100
   -7.5000   -7.5000   45.0000 2510.8892   25.1264
    0.0000   -7.5000   45.0000 2524.7263   24.9942
    7.5000   -7.5000   45.0000 2494.6394   25.2561
   -7.5000    0.0000   45.0000 2546.2002   24.1802
    0.0000    0.0000   45.0000 2556.9031   24.0147
    7.5000    0.0000   45.0000 2523.5979   24.2708
   -7.5000    7.5000   45.0000 2569.0251   23.5558
    0.0000    7.5000   45.0000 2580.7791   23.4240
    7.5000    7.5000   45.0000 2541.0005   23.6716
   -7.5000   15.0000   45.0000 2585.9360   23.2834
    0.0000   15.0000   45.0000 2592.2695   23.2410
    7.5000   15.0000   45.0000 2553.6208   23.3982
   -7.5000   22.5000   45.0000 2585.8943   23.5917
    0.0000   22.5000   45.0000 2597.1565   23.4701
    7.5000   22.5000   45.0000 2551.7717   23.6422
   -7.5000   30.0000   45.0000 2555.7422   24.3376
    0.0000   30.0000   45.0000 2576.2458   24.2127
    7.5000   30.0000   45.0000 2538.5222   24.3846
   -7.5000   37.5000   45.0000 2477.2300   25.3015
    0.0000   37.5000   45.0000 2499.6824   25.1994
    7.5000   37.5000   45.0000 2474.4849   25.3806
   -7.5000   45.0000   45.0000 2364.1909   26.1456
    0.0000   45.0000   45.0000 2384.3523   26.0484
    7.5000   45.0000   45.0000 2359.7422   26.1959

---------------------------------------------------------------------
imgreg_4dfp /opt/freesurfer/average/711-2C_as_mni_average_305 /opt/freesurfer/average/711-2B_as_mni_average_305_mask talsrcimg_g11 none talsrcimg_to_711-2C_as_mni_average_305_t4 1283
---------------------------------------------------------------------

freesurfer imgreg_4dfp.c
/opt/freesurfer/average/711-2C_as_mni_average_305.4dfp.img
       256       256       256         1
  1.000000  1.000000  1.000000
orientation T byte_order littleendian
Reading image: /opt/freesurfer/average/711-2C_as_mni_average_305.4dfp.img
dimensions:      256       256       256
mmppix:       1.0000   -1.0000   -1.0000
center:     128.0000 -129.0000 -129.0000
/opt/freesurfer/average/711-2B_as_mni_average_305_mask.4dfp.img
       256       256       256         1
  1.000000  1.000000  1.000000
orientation T byte_order littleendian
Reading mask: /opt/freesurfer/average/711-2B_as_mni_average_305_mask.4dfp.img (2306576 pixels)
talsrcimg_g11.4dfp.img
       320       320       320         1
  0.700000  0.700000  0.700000
orientation T byte_order littleendian
Reading image: talsrcimg_g11.4dfp.img
dimensions:      320       320       320
mmppix:       0.7000   -0.7000   -0.7000
center:     112.0000 -112.7000 -112.7000
rotation matrix determinant  1.000000
fimgreg.f
image alignment mode   1283 decimal      503 hex
parameters
    0.0000   30.0000   15.0000    0.0000    0.0000    0.0000
eta,q 0.89383 18.95126
niter,ni,del,rscale     5    3   12.0000    1.2000
parameter  3  0.815159 ->  0.500000 qaram    1.1500
parameter  4 44.174969 ->  0.500000 qaram    1.1500
parameter  5 -1.142210 -> -0.500000 qaram    1.1500
parameters
   -1.5883   30.6013   11.5500   -3.4500    3.4500    1.8055
eta,q 0.90100 18.32564
  0.1082  0.1106  0.1039  0.1015  0.1114  0.1032
  0.1081  0.1089  0.1045  0.1022  0.1092  0.1008
  0.1069  0.1079  0.1055  0.1043  0.1071  0.1000
  0.1076  0.1069  0.1066  0.1048  0.1029  0.0990
  0.1077  0.1062  0.1097  0.1048  0.0995  0.0985
  0.1085  0.1070  0.1141  0.1058  0.0992  0.0990
  0.1144  0.1102  0.1189  0.1079  0.1002  0.1000
niter,ni,del,rscale     7    3   12.0000    1.2000
parameters
   -2.9993   31.9912   10.7722   -3.6512    4.5080    1.6972
eta,q 0.90392 18.32812
  0.1020  0.1071  0.1047  0.1024  0.1047  0.0996
  0.1004  0.1057  0.1004  0.0996  0.1015  0.0975
  0.0985  0.1026  0.0971  0.0973  0.0984  0.0963
  0.0990  0.0984  0.0962  0.0962  0.0961  0.0961
  0.1008  0.0961  0.0980  0.0977  0.0967  0.0961
  0.1039  0.0983  0.1032  0.1000  0.0987  0.0977
  0.1068  0.1040  0.1103  0.1031  0.1010  0.1001
niter,ni,del,rscale     6    3   12.0000    1.2000
parameters
   -3.1641   31.9761   10.7685   -3.5466    4.6165    1.7106
eta,q 0.90386 18.33666
  0.1007  0.1056  0.1069  0.1026  0.1030  0.0997
  0.0996  0.1024  0.1014  0.0995  0.1001  0.0978
  0.0972  0.0986  0.0977  0.0968  0.0972  0.0964
  0.0961  0.0961  0.0961  0.0961  0.0961  0.0961
  0.0964  0.0966  0.0971  0.0972  0.0975  0.0960
  0.0985  0.1011  0.1007  0.0991  0.0999  0.0976
  0.1026  0.1073  0.1077  0.1022  0.1024  0.0999
niter,ni,del,rscale     5    3   12.0000    1.2000
parameters
   -3.1955   31.9647   10.7878   -3.5027    4.6268    1.7214
eta,q 0.90384 18.34101
  0.1009  0.1055  0.1071  0.1026  0.1029  0.0997
  0.0997  0.1025  0.1016  0.0994  0.1000  0.0978
  0.0973  0.0986  0.0978  0.0967  0.0971  0.0964
  0.0961  0.0961  0.0961  0.0961  0.0962  0.0962
  0.0964  0.0967  0.0971  0.0973  0.0976  0.0960
  0.0983  0.1010  0.1007  0.0991  0.1001  0.0976
  0.1023  0.1072  0.1077  0.1023  0.1026  0.1000
registration optimization eta report
parameter search radius
    6.0000    6.0000    6.9000    6.9000    6.9000    6.0000
100000*second partial in parameter space
       15.       28.       24.       13.       13.       11.
  0.1009  0.1055  0.1071  0.1026  0.1029  0.0997
  0.0997  0.1025  0.1016  0.0994  0.1000  0.0978
  0.0973  0.0986  0.0978  0.0967  0.0971  0.0964
  0.0961  0.0961  0.0961  0.0961  0.0962  0.0962
  0.0964  0.0967  0.0971  0.0973  0.0976  0.0960
  0.0983  0.1010  0.1007  0.0991  0.1001  0.0976
  0.1023  0.1072  0.1077  0.1023  0.1026  0.1000
   -3.1955   31.9647   10.7878   -3.5027    4.6268    1.7214
eta,q 0.90384 18.34101

---------------------------------------------------------------------
imgreg_4dfp /opt/freesurfer/average/711-2C_as_mni_average_305 /opt/freesurfer/average/711-2B_as_mni_average_305_mask talsrcimg_g11 none talsrcimg_to_711-2C_as_mni_average_305_t4 3335
---------------------------------------------------------------------

freesurfer imgreg_4dfp.c
/opt/freesurfer/average/711-2C_as_mni_average_305.4dfp.img
       256       256       256         1
  1.000000  1.000000  1.000000
orientation T byte_order littleendian
Reading image: /opt/freesurfer/average/711-2C_as_mni_average_305.4dfp.img
dimensions:      256       256       256
mmppix:       1.0000   -1.0000   -1.0000
center:     128.0000 -129.0000 -129.0000
/opt/freesurfer/average/711-2B_as_mni_average_305_mask.4dfp.img
       256       256       256         1
  1.000000  1.000000  1.000000
orientation T byte_order littleendian
Reading mask: /opt/freesurfer/average/711-2B_as_mni_average_305_mask.4dfp.img (2306576 pixels)
talsrcimg_g11.4dfp.img
       320       320       320         1
  0.700000  0.700000  0.700000
orientation T byte_order littleendian
Reading image: talsrcimg_g11.4dfp.img
dimensions:      320       320       320
mmppix:       0.7000   -0.7000   -0.7000
center:     112.0000 -112.7000 -112.7000
fimgreg.f
image alignment mode   3335 decimal      D07 hex
parameters
   -3.1955   31.9647   10.7878   -0.3709   -0.2170   -0.5121
   -2.5057   -8.2314    2.9941    5.8649    8.0666   -6.0896
eta,q 0.90117 18.41245
niter,ni,del,rscale     5    3    5.0000    1.2000
parameter  1  0.533148 ->  0.500000 qaram    1.1500
parameter  2 -0.670198 -> -0.500000 qaram    1.1500
parameter  3  0.502949 ->  0.500000 qaram    1.1500
parameter  4********** ->  0.500000 qaram    1.1500
parameter  5  1.614495 ->  0.500000 qaram    1.1500
parameter  6  0.653660 ->  0.500000 qaram    1.1500
parameter  9  0.669224 ->  0.500000 qaram    1.1500
parameter 10 -1.623668 -> -0.500000 qaram    1.1500
parameter 11  1.730553 ->  0.500000 qaram    1.1500
parameter 12 -1.589600 -> -0.500000 qaram    1.1500
parameters
   -4.5755   33.3447    9.4078   -4.5109   -4.3570   -4.6521
   -3.8864   -9.8189   -1.1459   10.0049    3.9266   -1.9496
eta,q 0.91633 18.02143
  0.0988  0.0995  0.0983  0.0864  0.0891  0.0875  0.0887  0.0899  0.0876  0.0924  0.0845  0.0885
  0.0986  0.0990  0.0979  0.0903  0.0897  0.0878  0.0882  0.0883  0.0876  0.0906  0.0848  0.0872
  0.0986  0.0987  0.0979  0.0943  0.0907  0.0885  0.0879  0.0877  0.0876  0.0890  0.0852  0.0859
  0.0988  0.0985  0.0982  0.0978  0.0914  0.0900  0.0880  0.0879  0.0877  0.0876  0.0857  0.0849
  0.0993  0.0983  0.0988  0.1016  0.0923  0.0934  0.0883  0.0889  0.0880  0.0864  0.0863  0.0841
  0.0999  0.0982  0.0997  0.1059  0.0941  0.1000  0.0889  0.0904  0.0883  0.0855  0.0870  0.0835
  0.1007  0.0984  0.1007  0.1093  0.0957  0.1071  0.0895  0.0925  0.0887  0.0850  0.0878  0.0831
niter,ni,del,rscale     7    3    5.0000    1.2000
parameter  2 -0.608575 -> -0.500000 qaram    1.3225
parameter  3  2.533784 ->  0.500000 qaram    1.3225
parameter  4  1.713568 ->  0.500000 qaram    1.3225
parameter  5  1.173801 ->  0.500000 qaram    1.3225
parameter  6  0.690702 ->  0.500000 qaram    1.3225
parameter 10 -1.514521 -> -0.500000 qaram    1.3225
parameter 12 -1.095087 -> -0.500000 qaram    1.3225
parameters
   -5.6177   34.9317    7.8208   -9.2719   -9.1180   -9.4131
   -5.0549  -11.9993   -1.1009   14.7659    1.2785    2.8114
eta,q 0.92915 17.83397
  0.0842  0.0858  0.0802  0.0732  0.0738  0.0727  0.0742  0.0738  0.0742  0.0762  0.0721  0.0744
  0.0836  0.0847  0.0810  0.0746  0.0743  0.0730  0.0735  0.0732  0.0735  0.0749  0.0718  0.0733
  0.0833  0.0839  0.0820  0.0773  0.0745  0.0737  0.0732  0.0730  0.0731  0.0739  0.0716  0.0724
  0.0837  0.0833  0.0830  0.0813  0.0752  0.0744  0.0732  0.0731  0.0730  0.0730  0.0717  0.0716
  0.0844  0.0831  0.0843  0.0863  0.0762  0.0750  0.0735  0.0737  0.0731  0.0722  0.0721  0.0711
  0.0855  0.0830  0.0857  0.0913  0.0770  0.0762  0.0741  0.0745  0.0735  0.0716  0.0727  0.0708
  0.0867  0.0831  0.0873  0.0966  0.0786  0.0807  0.0751  0.0757  0.0741  0.0714  0.0736  0.0706
niter,ni,del,rscale     7    3    5.0000    1.2000
parameter  2 -0.622746 -> -0.500000 qaram    1.5209
parameter  3  1.705056 ->  0.500000 qaram    1.5209
parameter  4  0.595554 ->  0.500000 qaram    1.5209
parameter  5  0.583337 ->  0.500000 qaram    1.5209
parameter  6  4.975408 ->  0.500000 qaram    1.5209
parameter 10 12.756129 -> -0.500000 qaram    1.5209
parameters
   -4.8824   36.7568    5.9957  -14.7471  -14.5932  -14.8882
   -5.5617  -13.2653    0.2977   20.2411    3.7073    6.8571
eta,q 0.93788 17.55696
  0.0745  0.0731  0.0683  0.0677  0.0671  0.0629  0.0656  0.0651  0.0658  0.0680  0.0634  0.0643
  0.0729  0.0720  0.0688  0.0674  0.0672  0.0641  0.0650  0.0647  0.0652  0.0668  0.0629  0.0633
  0.0717  0.0711  0.0694  0.0676  0.0672  0.0657  0.0646  0.0645  0.0647  0.0657  0.0625  0.0626
  0.0708  0.0706  0.0703  0.0689  0.0674  0.0672  0.0645  0.0645  0.0645  0.0645  0.0623  0.0622
  0.0706  0.0703  0.0713  0.0728  0.0677  0.0684  0.0647  0.0647  0.0645  0.0632  0.0622  0.0621
  0.0709  0.0702  0.0724  0.0794  0.0684  0.0695  0.0653  0.0651  0.0647  0.0619  0.0623  0.0622
  0.0721  0.0703  0.0738  0.0856  0.0695  0.0722  0.0660  0.0657  0.0652  0.0607  0.0626  0.0623
niter,ni,del,rscale     7    3    5.0000    1.2000
parameter  2 -2.882041 -> -0.500000 qaram    1.7490
parameter  3  1.410179 ->  0.500000 qaram    1.7490
parameter  5  1.182074 ->  0.500000 qaram    1.7490
parameter  6  1.356579 ->  0.500000 qaram    1.7490
parameter 10 -1.123832 -> -0.500000 qaram    1.7490
parameters
   -3.6537   38.8556    3.8969  -18.1337  -20.8896  -21.1847
   -8.1555  -11.9194    0.6508   26.5375    3.9569    6.4568
eta,q 0.94686 17.19138
  0.0651  0.0659  0.0575  0.0600  0.0573  0.0544  0.0559  0.0574  0.0565  0.0609  0.0538  0.0536
  0.0638  0.0644  0.0580  0.0592  0.0578  0.0553  0.0555  0.0565  0.0558  0.0592  0.0535  0.0533
  0.0628  0.0629  0.0587  0.0585  0.0581  0.0563  0.0554  0.0558  0.0554  0.0571  0.0532  0.0531
  0.0621  0.0617  0.0597  0.0581  0.0584  0.0579  0.0555  0.0554  0.0553  0.0553  0.0531  0.0531
  0.0617  0.0605  0.0609  0.0593  0.0590  0.0601  0.0560  0.0553  0.0553  0.0537  0.0532  0.0532
  0.0618  0.0594  0.0624  0.0636  0.0599  0.0625  0.0568  0.0556  0.0557  0.0531  0.0534  0.0534
  0.0624  0.0587  0.0641  0.0702  0.0611  0.0656  0.0577  0.0564  0.0563  0.0532  0.0538  0.0537
niter,ni,del,rscale     7    3    5.0000    1.2000
parameter  3  0.530140 ->  0.500000 qaram    2.0114
parameter  5 -0.638386 -> -0.500000 qaram    2.0114
parameter 11 -1.287694 -> -0.500000 qaram    1.3225
parameters
   -3.5893   40.4155    1.4833  -17.7340  -13.6487  -26.2643
   -6.2285   -9.8211    3.3869   30.5938    8.7179    3.8791
eta,q 0.94926 17.41462
  0.0550  0.0579  0.0527  0.0554  0.0546  0.0519  0.0536  0.0535  0.0530  0.0558  0.0518  0.0511
  0.0540  0.0558  0.0525  0.0543  0.0541  0.0516  0.0526  0.0525  0.0521  0.0535  0.0515  0.0508
  0.0534  0.0541  0.0526  0.0534  0.0533  0.0514  0.0518  0.0518  0.0515  0.0519  0.0513  0.0507
  0.0531  0.0531  0.0528  0.0525  0.0524  0.0517  0.0514  0.0513  0.0512  0.0511  0.0511  0.0508
  0.0533  0.0528  0.0534  0.0520  0.0517  0.0526  0.0513  0.0512  0.0511  0.0511  0.0509  0.0509
  0.0539  0.0531  0.0543  0.0526  0.0517  0.0550  0.0516  0.0514  0.0512  0.0513  0.0508  0.0513
  0.0548  0.0538  0.0556  0.0562  0.0524  0.0595  0.0521  0.0519  0.0515  0.0520  0.0508  0.0517
niter,ni,del,rscale     7    3    5.0000    1.2000
parameter 10  0.107871 -> -0.500000 qaram    2.0114
parameters
   -3.7049   40.9580   -0.1076  -18.0686  -15.4049  -31.8367
   -4.2253   -6.8775    3.7238   37.8347   12.7226    3.9587
eta,q 0.94981 17.38279
  0.0522  0.0535  0.0510  0.0529  0.0524  0.0507  0.0526  0.0519  0.0516  0.0503  0.0512  0.0511
  0.0513  0.0519  0.0508  0.0523  0.0520  0.0509  0.0518  0.0515  0.0511  0.0506  0.0508  0.0506
  0.0509  0.0510  0.0507  0.0515  0.0510  0.0508  0.0512  0.0511  0.0508  0.0508  0.0505  0.0503
  0.0507  0.0507  0.0507  0.0507  0.0508  0.0508  0.0509  0.0508  0.0507  0.0507  0.0503  0.0502
  0.0510  0.0508  0.0509  0.0503  0.0510  0.0510  0.0508  0.0507  0.0508  0.0504  0.0502  0.0503
  0.0515  0.0514  0.0516  0.0512  0.0520  0.0516  0.0510  0.0507  0.0510  0.0503  0.0502  0.0506
  0.0524  0.0522  0.0528  0.0546  0.0544  0.0529  0.0514  0.0509  0.0514  0.0506  0.0504  0.0511
niter,ni,del,rscale     7    3    5.0000    1.2000
parameter  3  0.960334 ->  0.500000 qaram    2.3131
parameter  6  8.162616 ->  0.500000 qaram    2.0114
parameter  8 -0.508080 -> -0.500000 qaram    1.1500
parameter 12  1.347372 ->  0.500000 qaram    1.5209
parameters
   -3.4870   42.4815   -2.8833  -19.6497  -18.6759  -39.0775
   -1.8883   -2.7375    5.8138   33.3803   12.8685   -1.5165
eta,q 0.95268 17.11239
  0.0517  0.0540  0.0487  0.0502  0.0509  0.0476  0.0502  0.0496  0.0498  0.0481  0.0485  0.0472
  0.0509  0.0523  0.0490  0.0499  0.0502  0.0483  0.0495  0.0491  0.0491  0.0480  0.0482  0.0473
  0.0504  0.0510  0.0494  0.0495  0.0494  0.0488  0.0489  0.0486  0.0485  0.0480  0.0481  0.0476
  0.0502  0.0502  0.0499  0.0491  0.0493  0.0492  0.0485  0.0483  0.0482  0.0481  0.0480  0.0480
  0.0503  0.0499  0.0508  0.0489  0.0500  0.0497  0.0483  0.0482  0.0481  0.0480  0.0481  0.0487
  0.0506  0.0501  0.0520  0.0497  0.0517  0.0501  0.0485  0.0482  0.0483  0.0483  0.0482  0.0493
  0.0513  0.0508  0.0536  0.0529  0.0545  0.0511  0.0489  0.0483  0.0488  0.0495  0.0484  0.0500
niter,ni,del,rscale     7    3    5.0000    1.2000
parameter  2  1.088444 ->  0.500000 qaram    2.0114
parameter  3  1.355716 ->  0.500000 qaram    2.6600
parameter  5  1.273436 ->  0.500000 qaram    2.3131
parameters
   -3.1480   40.0678   -6.0753  -19.6095  -27.0029  -46.1271
   -2.8529   -4.8715    4.5756   30.3403    9.2768   -5.5422
eta,q 0.95991 17.07850
  0.0488  0.0463  0.0431  0.0457  0.0417  0.0411  0.0417  0.0413  0.0415  0.0421  0.0405  0.0408
  0.0481  0.0464  0.0437  0.0450  0.0410  0.0407  0.0410  0.0407  0.0408  0.0412  0.0404  0.0402
  0.0476  0.0467  0.0448  0.0444  0.0420  0.0406  0.0406  0.0404  0.0405  0.0405  0.0403  0.0401
  0.0473  0.0473  0.0465  0.0439  0.0439  0.0411  0.0406  0.0406  0.0404  0.0404  0.0404  0.0403
  0.0474  0.0481  0.0487  0.0436  0.0458  0.0421  0.0409  0.0410  0.0408  0.0412  0.0406  0.0409
  0.0477  0.0491  0.0512  0.0438  0.0473  0.0440  0.0416  0.0417  0.0414  0.0428  0.0409  0.0418
  0.0482  0.0500  0.0539  0.0467  0.0491  0.0461  0.0425  0.0424  0.0425  0.0447  0.0413  0.0429
niter,ni,del,rscale     7    3    5.0000    1.2000
parameter  4 -0.743703 -> -0.500000 qaram    1.7490
parameter 12  0.813955 ->  0.500000 qaram    1.7490
parameters
   -3.3856   40.6552   -9.1017  -13.3130  -27.7291  -41.7439
   -0.9159   -7.0653    4.4427   31.7810    9.1640  -11.8386
eta,q 0.96318 17.11795
  0.0412  0.0450  0.0401  0.0419  0.0441  0.0405  0.0410  0.0385  0.0396  0.0415  0.0381  0.0369
  0.0405  0.0425  0.0397  0.0411  0.0420  0.0396  0.0396  0.0380  0.0385  0.0401  0.0378  0.0368
  0.0402  0.0409  0.0396  0.0403  0.0398  0.0390  0.0386  0.0377  0.0379  0.0387  0.0376  0.0370
  0.0401  0.0401  0.0400  0.0396  0.0382  0.0383  0.0380  0.0379  0.0377  0.0377  0.0376  0.0376
  0.0403  0.0402  0.0412  0.0388  0.0397  0.0380  0.0379  0.0383  0.0380  0.0375  0.0376  0.0384
  0.0409  0.0413  0.0432  0.0380  0.0429  0.0382  0.0382  0.0390  0.0387  0.0386  0.0378  0.0393
  0.0417  0.0431  0.0458  0.0394  0.0452  0.0390  0.0389  0.0402  0.0397  0.0408  0.0382  0.0404
niter,ni,del,rscale     7    3    5.0000    1.2000
parameters
   -3.2053   40.1181  -11.0703  -16.0900  -26.9861  -41.3497
   -0.4132   -7.9540    4.7476   35.3975    8.0510  -17.5446
eta,q 0.96347 17.11497
  0.0393  0.0407  0.0377  0.0399  0.0440  0.0397  0.0391  0.0384  0.0391  0.0417  0.0374  0.0372
  0.0379  0.0384  0.0371  0.0389  0.0418  0.0387  0.0382  0.0378  0.0381  0.0400  0.0371  0.0366
  0.0371  0.0371  0.0368  0.0380  0.0396  0.0379  0.0376  0.0375  0.0376  0.0385  0.0369  0.0366
  0.0368  0.0368  0.0368  0.0367  0.0376  0.0374  0.0374  0.0374  0.0374  0.0374  0.0370  0.0370
  0.0370  0.0377  0.0375  0.0365  0.0377  0.0375  0.0375  0.0377  0.0375  0.0370  0.0371  0.0377
  0.0376  0.0399  0.0392  0.0422  0.0409  0.0382  0.0379  0.0382  0.0380  0.0376  0.0373  0.0388
  0.0387  0.0429  0.0416  0.0491  0.0436  0.0398  0.0387  0.0388  0.0388  0.0391  0.0376  0.0399
niter,ni,del,rscale     6    3    5.0000    1.2000
parameters
   -2.9995   40.1992  -12.9589  -17.2788  -27.5400  -40.9423
   -0.0800   -8.3816    5.0446   37.7966    7.7478  -20.8267
eta,q 0.96362 17.03316
  0.0383  0.0419  0.0376  0.0393  0.0426  0.0394  0.0384  0.0381  0.0385  0.0412  0.0371  0.0375
  0.0374  0.0391  0.0369  0.0383  0.0404  0.0383  0.0375  0.0374  0.0376  0.0392  0.0368  0.0366
  0.0368  0.0372  0.0365  0.0374  0.0383  0.0375  0.0370  0.0369  0.0370  0.0377  0.0366  0.0364
  0.0365  0.0365  0.0365  0.0364  0.0367  0.0368  0.0368  0.0368  0.0368  0.0368  0.0366  0.0366
  0.0366  0.0371  0.0373  0.0353  0.0379  0.0368  0.0369  0.0370  0.0369  0.0366  0.0367  0.0371
  0.0370  0.0389  0.0390  0.0368  0.0410  0.0377  0.0374  0.0376  0.0374  0.0375  0.0369  0.0380
  0.0378  0.0416  0.0415  0.0446  0.0435  0.0396  0.0381  0.0383  0.0383  0.0392  0.0371  0.0390
niter,ni,del,rscale     5    3    5.0000    1.2000
parameters
   -2.9055   40.2105  -14.0324  -17.1349  -28.5541  -40.6415
    0.0923   -8.5391    5.2978   39.4959    9.1888  -22.5138
eta,q 0.96374 16.98722
  0.0380  0.0415  0.0382  0.0395  0.0418  0.0393  0.0380  0.0379  0.0382  0.0407  0.0370  0.0376
  0.0372  0.0388  0.0371  0.0383  0.0397  0.0382  0.0372  0.0372  0.0373  0.0388  0.0367  0.0366
  0.0366  0.0370  0.0365  0.0373  0.0377  0.0372  0.0367  0.0367  0.0367  0.0373  0.0364  0.0362
  0.0364  0.0364  0.0364  0.0364  0.0364  0.0365  0.0365  0.0365  0.0365  0.0365  0.0364  0.0363
  0.0365  0.0370  0.0369  0.0353  0.0377  0.0365  0.0367  0.0367  0.0366  0.0364  0.0364  0.0368
  0.0370  0.0388  0.0382  0.0353  0.0406  0.0375  0.0372  0.0373  0.0371  0.0374  0.0365  0.0374
  0.0378  0.0414  0.0405  0.0419  0.0434  0.0396  0.0379  0.0380  0.0380  0.0393  0.0367  0.0383
niter,ni,del,rscale     4    3    5.0000    1.2000
parameters
   -2.8838   40.2222  -14.5720  -17.1590  -29.4100  -40.2863
    0.3162   -8.3695    5.5643   40.5581   10.1306  -23.1105
eta,q 0.96373 16.94390
  0.0378  0.0412  0.0387  0.0395  0.0417  0.0393  0.0380  0.0381  0.0381  0.0404  0.0370  0.0379
  0.0370  0.0386  0.0372  0.0383  0.0396  0.0382  0.0371  0.0372  0.0372  0.0386  0.0366  0.0368
  0.0365  0.0368  0.0365  0.0373  0.0377  0.0371  0.0366  0.0366  0.0366  0.0372  0.0364  0.0363
  0.0363  0.0363  0.0363  0.0363  0.0363  0.0364  0.0364  0.0364  0.0364  0.0364  0.0363  0.0363
  0.0364  0.0369  0.0366  0.0351  0.0373  0.0364  0.0365  0.0366  0.0365  0.0365  0.0363  0.0366
  0.0370  0.0386  0.0378  0.0352  0.0402  0.0376  0.0370  0.0371  0.0370  0.0374  0.0365  0.0372
  0.0378  0.0411  0.0398  0.0423  0.0432  0.0394  0.0377  0.0379  0.0379  0.0397  0.0367  0.0380
niter,ni,del,rscale     3    3    5.0000    1.2000
parameters
   -2.8791   40.3204  -14.7087  -17.1807  -29.9586  -39.9008
    0.4208   -8.2727    5.5794   41.0648   10.4262  -23.2404
eta,q 0.96369 16.91438
  0.0378  0.0412  0.0391  0.0396  0.0417  0.0393  0.0379  0.0381  0.0380  0.0402  0.0369  0.0381
  0.0370  0.0386  0.0375  0.0384  0.0396  0.0381  0.0370  0.0372  0.0371  0.0384  0.0366  0.0369
  0.0365  0.0369  0.0366  0.0373  0.0377  0.0371  0.0365  0.0366  0.0365  0.0371  0.0364  0.0363
  0.0363  0.0363  0.0363  0.0363  0.0363  0.0364  0.0363  0.0363  0.0363  0.0363  0.0363  0.0363
  0.0365  0.0368  0.0366  0.0350  0.0371  0.0365  0.0365  0.0366  0.0365  0.0366  0.0364  0.0366
  0.0370  0.0384  0.0376  0.0352  0.0399  0.0378  0.0370  0.0372  0.0371  0.0377  0.0366  0.0372
  0.0378  0.0409  0.0395  0.0424  0.0429  0.0392  0.0377  0.0380  0.0380  0.0401  0.0369  0.0380
niter,ni,del,rscale     2    3    5.0000    1.2000
parameters
   -2.8619   40.4080  -14.6650  -17.1723  -30.2514  -39.6175
    0.4298   -8.2244    5.5481   41.2602   10.4588  -23.2330
eta,q 0.96367 16.90015
  0.0379  0.0411  0.0394  0.0396  0.0417  0.0393  0.0378  0.0381  0.0380  0.0402  0.0369  0.0382
  0.0370  0.0386  0.0377  0.0384  0.0397  0.0381  0.0370  0.0372  0.0371  0.0384  0.0366  0.0370
  0.0365  0.0369  0.0367  0.0373  0.0377  0.0370  0.0365  0.0366  0.0365  0.0370  0.0364  0.0364
  0.0363  0.0363  0.0363  0.0363  0.0363  0.0364  0.0363  0.0363  0.0363  0.0363  0.0363  0.0363
  0.0365  0.0368  0.0366  0.0351  0.0370  0.0365  0.0365  0.0366  0.0365  0.0366  0.0364  0.0366
  0.0370  0.0384  0.0376  0.0353  0.0396  0.0379  0.0370  0.0372  0.0371  0.0378  0.0366  0.0372
  0.0378  0.0408  0.0394  0.0424  0.0426  0.0392  0.0378  0.0380  0.0380  0.0403  0.0369  0.0379
niter,ni,del,rscale     1    3    5.0000    1.2000
parameters
   -2.8485   40.4552  -14.5922  -17.1462  -30.3798  -39.4350
    0.4094   -8.2055    5.5396   41.3070   10.4773  -23.2052
eta,q 0.96367 16.89479
  0.0379  0.0410  0.0395  0.0396  0.0418  0.0392  0.0378  0.0381  0.0380  0.0401  0.0369  0.0382
  0.0371  0.0385  0.0378  0.0384  0.0397  0.0381  0.0370  0.0372  0.0371  0.0383  0.0366  0.0370
  0.0365  0.0369  0.0367  0.0374  0.0378  0.0370  0.0365  0.0365  0.0365  0.0370  0.0364  0.0364
  0.0363  0.0363  0.0363  0.0363  0.0363  0.0363  0.0363  0.0363  0.0363  0.0363  0.0363  0.0363
  0.0365  0.0368  0.0366  0.0351  0.0369  0.0365  0.0365  0.0366  0.0365  0.0367  0.0364  0.0366
  0.0370  0.0384  0.0376  0.0353  0.0395  0.0379  0.0370  0.0372  0.0371  0.0379  0.0366  0.0372
  0.0379  0.0409  0.0394  0.0424  0.0425  0.0393  0.0378  0.0380  0.0380  0.0404  0.0369  0.0379
registration optimization eta report
parameter search radius
    2.7600    4.8273    6.3840   12.5928   16.6540   14.4818
    7.2000    8.2800    8.2800   14.4818    9.5220   12.5928
100000*second partial in parameter space
       20.       20.        8.        3.        2.        1.
        3.        2.        2.        2.        1.        1.
  0.0379  0.0410  0.0395  0.0396  0.0418  0.0392  0.0378  0.0381  0.0380  0.0401  0.0369  0.0382
  0.0371  0.0385  0.0378  0.0384  0.0397  0.0381  0.0370  0.0372  0.0371  0.0383  0.0366  0.0370
  0.0365  0.0369  0.0367  0.0374  0.0378  0.0370  0.0365  0.0365  0.0365  0.0370  0.0364  0.0364
  0.0363  0.0363  0.0363  0.0363  0.0363  0.0363  0.0363  0.0363  0.0363  0.0363  0.0363  0.0363
  0.0365  0.0368  0.0366  0.0351  0.0369  0.0365  0.0365  0.0366  0.0365  0.0367  0.0364  0.0366
  0.0370  0.0384  0.0376  0.0353  0.0395  0.0379  0.0370  0.0372  0.0371  0.0379  0.0366  0.0372
  0.0379  0.0409  0.0394  0.0424  0.0425  0.0393  0.0378  0.0380  0.0380  0.0404  0.0369  0.0379
   -2.8485   40.4552  -14.5922  -17.1462  -30.3798  -39.4350
    0.4094   -8.2055    5.5396   41.3070   10.4773  -23.2052
eta,q 0.96367 16.89479

---------------------------------------------------------------------
imgreg_4dfp /opt/freesurfer/average/711-2C_as_mni_average_305 /opt/freesurfer/average/711-2B_as_mni_average_305_mask talsrcimg_g11 none talsrcimg_to_711-2C_as_mni_average_305_t4 2311
---------------------------------------------------------------------

freesurfer imgreg_4dfp.c
/opt/freesurfer/average/711-2C_as_mni_average_305.4dfp.img
       256       256       256         1
  1.000000  1.000000  1.000000
orientation T byte_order littleendian
Reading image: /opt/freesurfer/average/711-2C_as_mni_average_305.4dfp.img
dimensions:      256       256       256
mmppix:       1.0000   -1.0000   -1.0000
center:     128.0000 -129.0000 -129.0000
/opt/freesurfer/average/711-2B_as_mni_average_305_mask.4dfp.img
       256       256       256         1
  1.000000  1.000000  1.000000
orientation T byte_order littleendian
Reading mask: /opt/freesurfer/average/711-2B_as_mni_average_305_mask.4dfp.img (2306576 pixels)
talsrcimg_g11.4dfp.img
       320       320       320         1
  0.700000  0.700000  0.700000
orientation T byte_order littleendian
Reading image: talsrcimg_g11.4dfp.img
dimensions:      320       320       320
mmppix:       0.7000   -0.7000   -0.7000
center:     112.0000 -112.7000 -112.7000
fimgreg.f
image alignment mode   2311 decimal      907 hex
parameters
   -2.8485   40.4552  -14.5922  -17.1462  -30.3798  -39.4350
    0.4094   -8.2055    5.5396   41.3070   10.4773  -23.2052
eta,q 0.96367 16.89479
niter,ni,del,rscale     5    3    5.0000    0.8000
parameter  4  4.972752 -> -0.500000 qaram    1.1500
parameters
   -2.8318   40.5015  -14.3997  -14.3862  -28.9300  -37.6669
    0.2474   -8.5452    5.4812   40.8937   11.1335  -24.3823
eta,q 0.96472 16.99479
  0.0369  0.0369  0.0365  0.0375  0.0368  0.0361  0.0361  0.0359  0.0360  0.0358  0.0355  0.0354
  0.0366  0.0366  0.0364  0.0371  0.0363  0.0358  0.0356  0.0356  0.0356  0.0355  0.0354  0.0353
  0.0364  0.0364  0.0364  0.0367  0.0359  0.0356  0.0354  0.0354  0.0354  0.0353  0.0353  0.0353
  0.0363  0.0363  0.0363  0.0363  0.0355  0.0354  0.0353  0.0353  0.0353  0.0353  0.0353  0.0353
  0.0364  0.0364  0.0363  0.0359  0.0354  0.0353  0.0354  0.0354  0.0354  0.0354  0.0353  0.0354
  0.0366  0.0365  0.0364  0.0354  0.0355  0.0354  0.0357  0.0357  0.0356  0.0357  0.0353  0.0355
  0.0369  0.0368  0.0365  0.0349  0.0359  0.0355  0.0362  0.0361  0.0361  0.0360  0.0354  0.0357
niter,ni,del,rscale     5    3    5.0000    0.8000
parameter  4 -0.707899 -> -0.500000 qaram    1.3225
parameters
   -2.8157   40.0363  -13.9816  -11.2122  -29.0953  -37.0705
    0.2214   -9.0128    5.1794   40.6903    9.4078  -23.8367
eta,q 0.96573 17.07132
  0.0359  0.0356  0.0356  0.0368  0.0354  0.0350  0.0355  0.0353  0.0352  0.0349  0.0344  0.0347
  0.0356  0.0353  0.0354  0.0363  0.0349  0.0347  0.0348  0.0347  0.0347  0.0346  0.0343  0.0344
  0.0353  0.0352  0.0353  0.0358  0.0345  0.0345  0.0344  0.0344  0.0344  0.0344  0.0343  0.0343
  0.0353  0.0353  0.0352  0.0352  0.0343  0.0343  0.0343  0.0343  0.0343  0.0343  0.0343  0.0343
  0.0353  0.0355  0.0352  0.0346  0.0344  0.0343  0.0345  0.0345  0.0345  0.0344  0.0344  0.0343
  0.0355  0.0358  0.0352  0.0343  0.0349  0.0345  0.0349  0.0350  0.0348  0.0346  0.0346  0.0344
  0.0359  0.0364  0.0353  0.0351  0.0357  0.0348  0.0355  0.0358  0.0354  0.0350  0.0349  0.0345
niter,ni,del,rscale     5    3    5.0000    0.8000
parameters
   -2.8415   39.8358  -13.8885  -12.5483  -28.4053  -36.8045
    0.2570   -8.8371    5.5199   40.4282   10.3421  -24.0567
eta,q 0.96547 17.07398
  0.0354  0.0348  0.0346  0.0362  0.0359  0.0352  0.0355  0.0355  0.0355  0.0351  0.0348  0.0348
  0.0348  0.0345  0.0344  0.0356  0.0354  0.0349  0.0350  0.0350  0.0350  0.0348  0.0347  0.0346
  0.0344  0.0343  0.0343  0.0349  0.0349  0.0346  0.0347  0.0347  0.0347  0.0346  0.0346  0.0345
  0.0343  0.0343  0.0343  0.0343  0.0346  0.0346  0.0346  0.0346  0.0346  0.0345  0.0345  0.0345
  0.0344  0.0344  0.0343  0.0346  0.0346  0.0346  0.0347  0.0346  0.0346  0.0346  0.0345  0.0346
  0.0348  0.0347  0.0344  0.0369  0.0348  0.0348  0.0350  0.0349  0.0348  0.0349  0.0346  0.0347
  0.0355  0.0353  0.0345  0.0414  0.0354  0.0351  0.0355  0.0354  0.0353  0.0352  0.0347  0.0348
niter,ni,del,rscale     4    3    5.0000    0.7000
parameters
   -2.8603   39.8174  -13.7701  -12.5801  -28.2302  -36.6513
    0.1662   -8.8395    5.5225   40.3193   10.3930  -24.0398
eta,q 0.96548 17.08078
  0.0352  0.0351  0.0348  0.0363  0.0355  0.0350  0.0353  0.0352  0.0352  0.0350  0.0347  0.0348
  0.0348  0.0348  0.0346  0.0358  0.0351  0.0347  0.0348  0.0348  0.0348  0.0347  0.0346  0.0346
  0.0346  0.0346  0.0346  0.0352  0.0347  0.0346  0.0346  0.0346  0.0346  0.0346  0.0345  0.0345
  0.0345  0.0345  0.0345  0.0345  0.0345  0.0345  0.0345  0.0345  0.0345  0.0345  0.0345  0.0345
  0.0346  0.0346  0.0345  0.0342  0.0346  0.0346  0.0346  0.0346  0.0346  0.0346  0.0345  0.0346
  0.0348  0.0348  0.0346  0.0349  0.0348  0.0347  0.0349  0.0348  0.0348  0.0348  0.0346  0.0346
  0.0352  0.0351  0.0347  0.0372  0.0354  0.0349  0.0353  0.0352  0.0352  0.0350  0.0347  0.0347
niter,ni,del,rscale     3    3    5.0000    0.6000
parameters
   -2.8590   39.7922  -13.7146  -12.0646  -28.1955  -36.5567
    0.0846   -8.8906    5.4764   40.2546   10.0815  -24.0122
eta,q 0.96563 17.09254
  0.0350  0.0349  0.0347  0.0361  0.0351  0.0347  0.0350  0.0349  0.0349  0.0347  0.0345  0.0345
  0.0347  0.0347  0.0346  0.0356  0.0347  0.0345  0.0346  0.0346  0.0346  0.0345  0.0344  0.0344
  0.0346  0.0346  0.0345  0.0351  0.0345  0.0344  0.0344  0.0344  0.0344  0.0344  0.0344  0.0344
  0.0345  0.0345  0.0345  0.0345  0.0344  0.0344  0.0344  0.0344  0.0344  0.0344  0.0344  0.0344
  0.0346  0.0346  0.0345  0.0342  0.0344  0.0344  0.0345  0.0344  0.0344  0.0344  0.0344  0.0344
  0.0347  0.0347  0.0346  0.0345  0.0347  0.0345  0.0347  0.0346  0.0346  0.0345  0.0344  0.0344
  0.0350  0.0350  0.0347  0.0360  0.0351  0.0347  0.0350  0.0350  0.0349  0.0348  0.0345  0.0345
niter,ni,del,rscale     2    3    5.0000    0.5000
parameters
   -2.8537   39.7458  -13.6932  -11.6452  -28.1397  -36.4916
    0.0206   -8.9202    5.4406   40.1957    9.7858  -23.9794
eta,q 0.96573 17.10117
  0.0348  0.0347  0.0345  0.0357  0.0348  0.0345  0.0347  0.0347  0.0346  0.0345  0.0344  0.0344
  0.0345  0.0345  0.0344  0.0353  0.0345  0.0344  0.0345  0.0344  0.0344  0.0344  0.0343  0.0343
  0.0344  0.0344  0.0344  0.0348  0.0344  0.0343  0.0343  0.0343  0.0343  0.0343  0.0343  0.0343
  0.0344  0.0344  0.0344  0.0344  0.0343  0.0343  0.0343  0.0343  0.0343  0.0343  0.0343  0.0343
  0.0344  0.0344  0.0344  0.0342  0.0343  0.0343  0.0343  0.0343  0.0343  0.0343  0.0343  0.0343
  0.0345  0.0345  0.0344  0.0345  0.0345  0.0344  0.0345  0.0344  0.0344  0.0344  0.0343  0.0343
  0.0348  0.0347  0.0345  0.0356  0.0348  0.0345  0.0347  0.0347  0.0347  0.0345  0.0344  0.0344
niter,ni,del,rscale     1    3    5.0000    0.4000
parameters
   -2.8449   39.6971  -13.6821  -11.2795  -28.0962  -36.4615
   -0.0411   -8.9291    5.4276   40.1884    9.4512  -23.9436
eta,q 0.96580 17.10874
  0.0345  0.0345  0.0343  0.0353  0.0345  0.0343  0.0345  0.0345  0.0344  0.0344  0.0342  0.0343
  0.0344  0.0343  0.0343  0.0349  0.0344  0.0343  0.0343  0.0343  0.0343  0.0343  0.0342  0.0342
  0.0343  0.0343  0.0343  0.0346  0.0343  0.0342  0.0342  0.0342  0.0342  0.0342  0.0342  0.0342
  0.0343  0.0343  0.0343  0.0343  0.0342  0.0342  0.0342  0.0342  0.0342  0.0342  0.0342  0.0342
  0.0343  0.0343  0.0343  0.0342  0.0342  0.0342  0.0342  0.0342  0.0342  0.0342  0.0342  0.0342
  0.0344  0.0344  0.0343  0.0344  0.0343  0.0343  0.0343  0.0343  0.0343  0.0343  0.0342  0.0342
  0.0345  0.0345  0.0343  0.0351  0.0345  0.0343  0.0345  0.0345  0.0345  0.0344  0.0343  0.0343
registration optimization eta report
parameter search radius
    0.8000    0.8000    0.8000    3.1740    2.4000    2.4000
    2.4000    2.4000    2.4000    2.4000    2.4000    2.4000
100000*second partial in parameter space
       43.       32.       11.        9.        6.        2.
        5.        5.        4.        3.        1.        1.
  0.0345  0.0345  0.0343  0.0353  0.0345  0.0343  0.0345  0.0345  0.0344  0.0344  0.0342  0.0343
  0.0344  0.0343  0.0343  0.0349  0.0344  0.0343  0.0343  0.0343  0.0343  0.0343  0.0342  0.0342
  0.0343  0.0343  0.0343  0.0346  0.0343  0.0342  0.0342  0.0342  0.0342  0.0342  0.0342  0.0342
  0.0343  0.0343  0.0343  0.0343  0.0342  0.0342  0.0342  0.0342  0.0342  0.0342  0.0342  0.0342
  0.0343  0.0343  0.0343  0.0342  0.0342  0.0342  0.0342  0.0342  0.0342  0.0342  0.0342  0.0342
  0.0344  0.0344  0.0343  0.0344  0.0343  0.0343  0.0343  0.0343  0.0343  0.0343  0.0342  0.0342
  0.0345  0.0345  0.0343  0.0351  0.0345  0.0343  0.0345  0.0345  0.0345  0.0344  0.0343  0.0343
   -2.8449   39.6971  -13.6821  -11.2795  -28.0962  -36.4615
   -0.0411   -8.9291    5.4276   40.1884    9.4512  -23.9436
eta,q 0.96580 17.10874

---------------------------------------------------------------------
imgreg_4dfp /opt/freesurfer/average/711-2C_as_mni_average_305 /opt/freesurfer/average/711-2B_as_mni_average_305_mask talsrcimg_g11 none talsrcimg_to_711-2C_as_mni_average_305_t4 2311
---------------------------------------------------------------------

freesurfer imgreg_4dfp.c
/opt/freesurfer/average/711-2C_as_mni_average_305.4dfp.img
       256       256       256         1
  1.000000  1.000000  1.000000
orientation T byte_order littleendian
Reading image: /opt/freesurfer/average/711-2C_as_mni_average_305.4dfp.img
dimensions:      256       256       256
mmppix:       1.0000   -1.0000   -1.0000
center:     128.0000 -129.0000 -129.0000
/opt/freesurfer/average/711-2B_as_mni_average_305_mask.4dfp.img
       256       256       256         1
  1.000000  1.000000  1.000000
orientation T byte_order littleendian
Reading mask: /opt/freesurfer/average/711-2B_as_mni_average_305_mask.4dfp.img (2306576 pixels)
talsrcimg_g11.4dfp.img
       320       320       320         1
  0.700000  0.700000  0.700000
orientation T byte_order littleendian
Reading image: talsrcimg_g11.4dfp.img
dimensions:      320       320       320
mmppix:       0.7000   -0.7000   -0.7000
center:     112.0000 -112.7000 -112.7000
fimgreg.f
image alignment mode   2311 decimal      907 hex
parameters
   -2.8449   39.6971  -13.6821  -11.2795  -28.0962  -36.4615
   -0.0411   -8.9291    5.4276   40.1884    9.4512  -23.9436
eta,q 0.96580 17.10873
niter,ni,del,rscale     5    3    5.0000    0.8000
parameters
   -2.8231   39.6290  -13.6752  -11.9506  -28.2143  -36.5092
    0.0535   -8.8859    5.4913   40.2705    9.9347  -23.8338
eta,q 0.96565 17.09873
  0.0355  0.0350  0.0345  0.0357  0.0354  0.0349  0.0355  0.0354  0.0353  0.0350  0.0346  0.0347
  0.0348  0.0345  0.0343  0.0352  0.0349  0.0346  0.0348  0.0348  0.0348  0.0347  0.0345  0.0345
  0.0343  0.0343  0.0342  0.0346  0.0346  0.0344  0.0345  0.0345  0.0345  0.0344  0.0344  0.0344
  0.0342  0.0342  0.0342  0.0342  0.0343  0.0344  0.0344  0.0344  0.0344  0.0344  0.0344  0.0343
  0.0343  0.0343  0.0342  0.0343  0.0344  0.0344  0.0345  0.0344  0.0344  0.0344  0.0344  0.0344
  0.0347  0.0346  0.0343  0.0355  0.0349  0.0346  0.0348  0.0348  0.0347  0.0346  0.0344  0.0345
  0.0354  0.0351  0.0345  0.0380  0.0357  0.0349  0.0354  0.0353  0.0353  0.0349  0.0346  0.0346
niter,ni,del,rscale     4    3    5.0000    0.7000
parameters
   -2.8438   39.7296  -13.6759  -11.7639  -28.2989  -36.5069
    0.0376   -8.9179    5.4591   40.2695    9.7707  -23.8812
eta,q 0.96570 17.09602
  0.0351  0.0350  0.0346  0.0357  0.0352  0.0347  0.0352  0.0351  0.0350  0.0348  0.0345  0.0345
  0.0347  0.0347  0.0344  0.0353  0.0348  0.0345  0.0347  0.0346  0.0346  0.0345  0.0344  0.0344
  0.0344  0.0345  0.0344  0.0348  0.0345  0.0344  0.0344  0.0344  0.0344  0.0344  0.0343  0.0343
  0.0343  0.0344  0.0343  0.0343  0.0343  0.0343  0.0343  0.0343  0.0343  0.0343  0.0343  0.0343
  0.0344  0.0344  0.0344  0.0342  0.0344  0.0343  0.0344  0.0344  0.0344  0.0344  0.0343  0.0343
  0.0347  0.0346  0.0344  0.0346  0.0347  0.0345  0.0347  0.0347  0.0346  0.0345  0.0344  0.0344
  0.0351  0.0349  0.0346  0.0360  0.0353  0.0347  0.0352  0.0351  0.0350  0.0348  0.0345  0.0345
niter,ni,del,rscale     3    3    5.0000    0.6000
parameters
   -2.8466   39.7365  -13.6820  -11.4441  -28.2970  -36.4794
    0.0007   -8.9310    5.4312   40.2560    9.5238  -23.8903
eta,q 0.96577 17.09943
  0.0349  0.0348  0.0345  0.0355  0.0349  0.0346  0.0349  0.0349  0.0348  0.0346  0.0344  0.0344
  0.0346  0.0345  0.0344  0.0351  0.0346  0.0344  0.0345  0.0345  0.0345  0.0344  0.0343  0.0343
  0.0344  0.0344  0.0343  0.0347  0.0344  0.0343  0.0343  0.0343  0.0343  0.0343  0.0342  0.0342
  0.0343  0.0343  0.0343  0.0343  0.0342  0.0342  0.0342  0.0342  0.0342  0.0342  0.0342  0.0342
  0.0344  0.0343  0.0343  0.0342  0.0343  0.0343  0.0343  0.0343  0.0343  0.0343  0.0342  0.0343
  0.0346  0.0345  0.0344  0.0345  0.0345  0.0344  0.0345  0.0345  0.0345  0.0344  0.0343  0.0343
  0.0349  0.0348  0.0345  0.0354  0.0350  0.0346  0.0349  0.0349  0.0348  0.0346  0.0344  0.0344
niter,ni,del,rscale     2    3    5.0000    0.5000
parameters
   -2.8424   39.7061  -13.6763  -11.1656  -28.2478  -36.4536
   -0.0501   -8.9365    5.4143   40.2392    9.3288  -23.8823
eta,q 0.96582 17.10504
  0.0347  0.0345  0.0343  0.0352  0.0347  0.0344  0.0347  0.0346  0.0346  0.0344  0.0343  0.0343
  0.0344  0.0344  0.0343  0.0349  0.0345  0.0343  0.0344  0.0344  0.0344  0.0343  0.0342  0.0342
  0.0343  0.0343  0.0342  0.0345  0.0343  0.0342  0.0342  0.0342  0.0342  0.0342  0.0342  0.0342
  0.0342  0.0342  0.0342  0.0342  0.0342  0.0342  0.0342  0.0342  0.0342  0.0342  0.0342  0.0342
  0.0343  0.0343  0.0342  0.0341  0.0342  0.0342  0.0342  0.0342  0.0342  0.0342  0.0342  0.0342
  0.0344  0.0344  0.0343  0.0344  0.0344  0.0343  0.0344  0.0344  0.0344  0.0343  0.0342  0.0342
  0.0347  0.0346  0.0343  0.0351  0.0347  0.0344  0.0347  0.0346  0.0346  0.0344  0.0343  0.0343
niter,ni,del,rscale     1    3    5.0000    0.4000
parameters
   -2.8367   39.6714  -13.6678  -10.9496  -28.1856  -36.4406
   -0.0901   -8.9180    5.4036   40.2013    9.1632  -23.7981
eta,q 0.96585 17.10899
  0.0345  0.0344  0.0343  0.0349  0.0345  0.0343  0.0345  0.0345  0.0344  0.0343  0.0342  0.0342
  0.0343  0.0343  0.0342  0.0346  0.0343  0.0342  0.0343  0.0343  0.0343  0.0342  0.0342  0.0342
  0.0342  0.0342  0.0342  0.0344  0.0342  0.0342  0.0342  0.0342  0.0342  0.0342  0.0342  0.0342
  0.0342  0.0342  0.0342  0.0342  0.0342  0.0342  0.0342  0.0342  0.0342  0.0342  0.0342  0.0341
  0.0342  0.0342  0.0342  0.0341  0.0342  0.0342  0.0342  0.0342  0.0342  0.0342  0.0342  0.0342
  0.0343  0.0343  0.0342  0.0343  0.0343  0.0342  0.0343  0.0343  0.0343  0.0342  0.0342  0.0342
  0.0345  0.0344  0.0343  0.0348  0.0345  0.0343  0.0345  0.0345  0.0344  0.0343  0.0342  0.0342
registration optimization eta report
parameter search radius
    0.8000    0.8000    0.8000    2.4000    2.4000    2.4000
    2.4000    2.4000    2.4000    2.4000    2.4000    2.4000
100000*second partial in parameter space
       48.       33.       11.       12.        6.        3.
        6.        5.        5.        3.        1.        1.
  0.0345  0.0344  0.0343  0.0349  0.0345  0.0343  0.0345  0.0345  0.0344  0.0343  0.0342  0.0342
  0.0343  0.0343  0.0342  0.0346  0.0343  0.0342  0.0343  0.0343  0.0343  0.0342  0.0342  0.0342
  0.0342  0.0342  0.0342  0.0344  0.0342  0.0342  0.0342  0.0342  0.0342  0.0342  0.0342  0.0342
  0.0342  0.0342  0.0342  0.0342  0.0342  0.0342  0.0342  0.0342  0.0342  0.0342  0.0342  0.0341
  0.0342  0.0342  0.0342  0.0341  0.0342  0.0342  0.0342  0.0342  0.0342  0.0342  0.0342  0.0342
  0.0343  0.0343  0.0342  0.0343  0.0343  0.0342  0.0343  0.0343  0.0343  0.0342  0.0342  0.0342
  0.0345  0.0344  0.0343  0.0348  0.0345  0.0343  0.0345  0.0345  0.0344  0.0343  0.0342  0.0342
   -2.8367   39.6714  -13.6678  -10.9496  -28.1856  -36.4406
   -0.0901   -8.9180    5.4036   40.2013    9.1632  -23.7981
eta,q 0.96585 17.10899

---------------------------------------------------------------------
compute_vox2vox talsrcimg talsrcimg_to_711-2C_as_mni_average_305_t4 /opt/freesurfer/average/711-2C_as_mni_average_305
---------------------------------------------------------------------

freesurfer compute_vox2vox.c
Reading: talsrcimg.4dfp.ifh
Reading: talsrcimg_to_711-2C_as_mni_average_305_t4
Reading: /opt/freesurfer/average/711-2C_as_mni_average_305.4dfp.ifh
Writing: talsrcimg_to_711-2C_as_mni_average_305_t4_vox2vox.txt

start time Fri Mar 13 06:43:43 CET 2026
end		time Fri Mar 13 06:45:10 CET 2026

mpr2mni305 success

avi2talxfm orig_nu.mgz /opt/freesurfer/average/mni305.cor.mgz talsrcimg_to_711-2C_as_mni_average_305_t4_vox2vox.txt transforms/talairach.auto.xfm
avi2talxfm done
mv -f /out/sourcedata/freesurfer/sub-v2s5x29540_ses-1/mri/talsrcimg_to_711-2C_as_mni_average_305_t4_vox2vox.txt /out/sourcedata/freesurfer/sub-v2s5x29540_ses-1/mri/transforms/talsrcimg_to_711-2C_as_mni_average_305_t4_vox2vox.txt
lta_convert --src orig_nu.mgz --trg /opt/freesurfer/average/mni305.cor.mgz --inxfm transforms/talairach.auto.xfm --outlta transforms/talairach.auto.xfm.lta --subject fsaverage
7.3.2

--src: orig_nu.mgz src image (geometry).
--trg: /opt/freesurfer/average/mni305.cor.mgz trg image (geometry).
--inmni: transforms/talairach.auto.xfm input MNI/XFM transform.
--outlta: transforms/talairach.auto.xfm.lta output LTA.
--s: fsaverage subject name
 LTA read, type : 1
 1.10717   0.12770   0.04371  -0.79877;
-0.15775   1.28251   0.42480  -4.15401;
 0.00500  -0.72755   1.15139  -10.31892;
 0.00000   0.00000   0.00000   1.00000;
setting subject to fsaverage
Writing  LTA to file transforms/talairach.auto.xfm.lta...
lta_convert successful.
 
 
Started at Fri Mar 13 06:43:43 CET 2026
Ended   at Fri Mar 13 06:45:11 CET 2026
talairach_avi done
