Log file for defect2seg
Fri Mar 13 11:55:46 CET 2026

setenv SUBJECTS_DIR /out/sourcedata/freesurfer
cd /out/sourcedata/freesurfer/sub-v2s5x29569_ses-1/scripts
/opt/freesurfer/bin/defect2seg --s sub-v2s5x29569_ses-1 --rh-only --cortex

freesurfer-linux-ubuntu22_x86_64-7.3.2-20220804-6354275
defect2seg 7.3.2
Linux dna038 5.14.0-427.37.1.el9_4.x86_64 #1 SMP PREEMPT_DYNAMIC Fri Sep 13 12:41:50 EDT 2024 x86_64 x86_64 x86_64 GNU/Linux
pid 1382621
mri_label2label --label-cortex /out/sourcedata/freesurfer/sub-v2s5x29569_ses-1/surf/rh.orig.nofix /out/sourcedata/freesurfer/sub-v2s5x29569_ses-1/mri/aseg.presurf.mgz 0 /out/sourcedata/freesurfer/sub-v2s5x29569_ses-1/label/rh.nofix.cortex.label

 Generating cortex label... RemoveHipAmgy=0
 NucAccIsMedialWall=0
 mris->useRealRAS=0
56 non-cortical segments detected
only using segment with 16368 vertices
erasing segment 0 (vno[0] = 3569)
erasing segment 1 (vno[0] = 3620)
erasing segment 2 (vno[0] = 4496)
erasing segment 3 (vno[0] = 5357)
erasing segment 4 (vno[0] = 36877)
erasing segment 5 (vno[0] = 53288)
erasing segment 7 (vno[0] = 124102)
erasing segment 8 (vno[0] = 125927)
erasing segment 9 (vno[0] = 127665)
erasing segment 10 (vno[0] = 134743)
erasing segment 11 (vno[0] = 135044)
erasing segment 12 (vno[0] = 138026)
erasing segment 13 (vno[0] = 138331)
erasing segment 14 (vno[0] = 141067)
erasing segment 15 (vno[0] = 142611)
erasing segment 16 (vno[0] = 143152)
erasing segment 17 (vno[0] = 148631)
erasing segment 18 (vno[0] = 158140)
erasing segment 19 (vno[0] = 159680)
erasing segment 20 (vno[0] = 165569)
erasing segment 21 (vno[0] = 170285)
erasing segment 22 (vno[0] = 172319)
erasing segment 23 (vno[0] = 172664)
erasing segment 24 (vno[0] = 175513)
erasing segment 25 (vno[0] = 176578)
erasing segment 26 (vno[0] = 180054)
erasing segment 27 (vno[0] = 183066)
erasing segment 28 (vno[0] = 183787)
erasing segment 29 (vno[0] = 187368)
erasing segment 30 (vno[0] = 189725)
erasing segment 31 (vno[0] = 191160)
erasing segment 32 (vno[0] = 199439)
erasing segment 33 (vno[0] = 203965)
erasing segment 34 (vno[0] = 203976)
erasing segment 35 (vno[0] = 205566)
erasing segment 36 (vno[0] = 209777)
erasing segment 37 (vno[0] = 210204)
erasing segment 38 (vno[0] = 211634)
erasing segment 39 (vno[0] = 211782)
erasing segment 40 (vno[0] = 211810)
erasing segment 41 (vno[0] = 214803)
erasing segment 42 (vno[0] = 217750)
erasing segment 43 (vno[0] = 218009)
erasing segment 44 (vno[0] = 219157)
erasing segment 45 (vno[0] = 220460)
erasing segment 46 (vno[0] = 220495)
erasing segment 47 (vno[0] = 222002)
erasing segment 48 (vno[0] = 222040)
erasing segment 49 (vno[0] = 223417)
erasing segment 50 (vno[0] = 223457)
erasing segment 51 (vno[0] = 224966)
erasing segment 52 (vno[0] = 226738)
erasing segment 53 (vno[0] = 230737)
erasing segment 54 (vno[0] = 230798)
erasing segment 55 (vno[0] = 274906)
mri_label2vol --defects /out/sourcedata/freesurfer/sub-v2s5x29569_ses-1/surf/rh.orig.nofix /out/sourcedata/freesurfer/sub-v2s5x29569_ses-1/surf/rh.defect_labels /out/sourcedata/freesurfer/sub-v2s5x29569_ses-1/mri/orig.mgz 2000 0 /out/sourcedata/freesurfer/sub-v2s5x29569_ses-1/mri/rh.surface.defects.mgz /out/sourcedata/freesurfer/sub-v2s5x29569_ses-1/label/rh.nofix.cortex.label
mri_label2vol supposed to be reproducible but seed not set
Contraining to label /out/sourcedata/freesurfer/sub-v2s5x29569_ses-1/label/rh.nofix.cortex.label
Changing input type 0 to MRI_INT
Converting defects to volume: offset=2000, merge=0
Writing to /out/sourcedata/freesurfer/sub-v2s5x29569_ses-1/mri/rh.surface.defects.mgz
mris_defects_pointset -s /out/sourcedata/freesurfer/sub-v2s5x29569_ses-1/surf/rh.orig.nofix -d /out/sourcedata/freesurfer/sub-v2s5x29569_ses-1/surf/rh.defect_labels -o /out/sourcedata/freesurfer/sub-v2s5x29569_ses-1/surf/rh.defects.pointset --label /out/sourcedata/freesurfer/sub-v2s5x29569_ses-1/label/rh.nofix.cortex.label
Reading in surface /out/sourcedata/freesurfer/sub-v2s5x29569_ses-1/surf/rh.orig.nofix
Reading in defect segmentation /out/sourcedata/freesurfer/sub-v2s5x29569_ses-1/surf/rh.defect_labels
Reading in label /out/sourcedata/freesurfer/sub-v2s5x29569_ses-1/label/rh.nofix.cortex.label
#VMPC# mris_defects_pointset 1435984
mris_defects_pointset done
 
Started at Fri Mar 13 11:55:46 CET 2026 
Ended   at Fri Mar 13 11:56:23 CET 2026
Defect2seg-Run-Time-Sec 37
Defect2seg-Run-Time-Min 0.74
Defect2seg-Run-Time-Hours 0.01
 
defect2seg Done
