status file for recon-all
Fri Mar 13 07:58:16 CET 2026
#@# MotionCor Fri Mar 13 07:58:23 CET 2026
#@# Talairach Fri Mar 13 07:58:42 CET 2026
#@# Talairach Failure Detection Fri Mar 13 08:05:51 CET 2026
#@# Nu Intensity Correction Fri Mar 13 08:05:51 CET 2026
#@# Intensity Normalization Fri Mar 13 08:12:22 CET 2026
recon-all -s sub-v2s5x29569_ses-1 finished without error at Fri Mar 13 08:18:36 CET 2026



#New# invocation of recon-all 



status file for recon-all
Fri Mar 13 08:29:14 CET 2026
#@# EM Registration Fri Mar 13 08:29:14 CET 2026
recon-all -s sub-v2s5x29569_ses-1 finished without error at Fri Mar 13 08:31:06 CET 2026



#New# invocation of recon-all 



status file for recon-all
Fri Mar 13 08:31:08 CET 2026
#@# CA Normalize Fri Mar 13 08:31:08 CET 2026
#@# CA Reg Fri Mar 13 08:33:07 CET 2026
#@# SubCort Seg Fri Mar 13 09:18:42 CET 2026
#@# CC Seg Fri Mar 13 10:45:54 CET 2026
#@# Merge ASeg Fri Mar 13 10:47:15 CET 2026
#@# Intensity Normalization2 Fri Mar 13 10:47:15 CET 2026
#@# Mask BFS Fri Mar 13 10:52:23 CET 2026
#@# WM Segmentation Fri Mar 13 10:52:24 CET 2026
#@# Fill Fri Mar 13 10:58:14 CET 2026
recon-all -s sub-v2s5x29569_ses-1 finished without error at Fri Mar 13 11:00:04 CET 2026



#New# invocation of recon-all 



status file for recon-all
Fri Mar 13 12:39:03 CET 2026
#@# white curv lh Fri Mar 13 12:39:03 CET 2026
#@# white area lh Fri Mar 13 12:39:03 CET 2026
#@# pial curv lh Fri Mar 13 12:39:03 CET 2026
#@# pial area lh Fri Mar 13 12:39:03 CET 2026
#@# thickness lh Fri Mar 13 12:39:03 CET 2026
#@# area and vertex vol lh Fri Mar 13 12:39:03 CET 2026
#@# white curv rh Fri Mar 13 12:39:03 CET 2026
#@# white area rh Fri Mar 13 12:39:03 CET 2026
#@# pial curv rh Fri Mar 13 12:39:04 CET 2026
#@# pial area rh Fri Mar 13 12:39:04 CET 2026
#@# thickness rh Fri Mar 13 12:39:04 CET 2026
#@# area and vertex vol rh Fri Mar 13 12:39:04 CET 2026
#@# Cortical ribbon mask Fri Mar 13 12:39:04 CET 2026
recon-all -s sub-v2s5x29569_ses-1 finished without error at Fri Mar 13 13:11:05 CET 2026



#New# invocation of recon-all 



status file for recon-all
Fri Mar 13 13:26:11 CET 2026
#@# white curv lh Fri Mar 13 13:26:12 CET 2026
#@# white area lh Fri Mar 13 13:26:12 CET 2026
#@# pial curv lh Fri Mar 13 13:26:12 CET 2026
#@# pial area lh Fri Mar 13 13:26:12 CET 2026
#@# thickness lh Fri Mar 13 13:26:12 CET 2026
#@# area and vertex vol lh Fri Mar 13 13:26:12 CET 2026
#@# white curv rh Fri Mar 13 13:26:12 CET 2026
#@# white area rh Fri Mar 13 13:26:12 CET 2026
#@# pial curv rh Fri Mar 13 13:26:12 CET 2026
#@# pial area rh Fri Mar 13 13:26:12 CET 2026
#@# thickness rh Fri Mar 13 13:26:12 CET 2026
#@# area and vertex vol rh Fri Mar 13 13:26:12 CET 2026
#@# Curvature Stats lh Fri Mar 13 13:26:12 CET 2026
#@# Curvature Stats rh Fri Mar 13 13:26:16 CET 2026
#@# Relabel Hypointensities Fri Mar 13 13:26:21 CET 2026
#@# APas-to-ASeg Fri Mar 13 13:27:04 CET 2026
#@# AParc-to-ASeg aparc Fri Mar 13 13:27:22 CET 2026
#@# AParc-to-ASeg aparc.a2009s Fri Mar 13 13:30:15 CET 2026
#@# AParc-to-ASeg aparc.DKTatlas Fri Mar 13 13:33:09 CET 2026
#@# WMParc Fri Mar 13 13:35:57 CET 2026
#@# ASeg Stats Fri Mar 13 13:42:04 CET 2026
recon-all -s sub-v2s5x29569_ses-1 finished without error at Fri Mar 13 13:43:05 CET 2026
