status file for recon-all
Fri Mar 13 11:00:11 CET 2026
#@# Tessellate lh Fri Mar 13 11:00:11 CET 2026
#@# Smooth1 lh Fri Mar 13 11:00:19 CET 2026
#@# Inflation1 lh Fri Mar 13 11:00:24 CET 2026
#@# QSphere lh Fri Mar 13 11:02:44 CET 2026
#@# Fix Topology lh Fri Mar 13 11:04:36 CET 2026
#@# Smooth2 lh Fri Mar 13 11:15:31 CET 2026
#@# Inflation2 lh Fri Mar 13 11:15:37 CET 2026
#@# Curv .H and .K lh Fri Mar 13 11:16:14 CET 2026
#@# Sphere lh Fri Mar 13 11:17:57 CET 2026
#@# Surf Reg lh Fri Mar 13 11:25:16 CET 2026
#@# Jacobian white lh Fri Mar 13 11:34:29 CET 2026
#@# AvgCurv lh Fri Mar 13 11:34:30 CET 2026
#@# Cortical Parc lh Fri Mar 13 11:34:32 CET 2026
#@# white curv lh Fri Mar 13 11:45:52 CET 2026
#@# white area lh Fri Mar 13 11:45:56 CET 2026
#@# pial curv lh Fri Mar 13 11:45:58 CET 2026
#@# pial area lh Fri Mar 13 11:46:02 CET 2026
#@# thickness lh Fri Mar 13 11:46:03 CET 2026
#@# area and vertex vol lh Fri Mar 13 11:47:12 CET 2026
#@# Curvature Stats lh Fri Mar 13 11:47:15 CET 2026
#@# Cortical Parc 2 lh Fri Mar 13 11:47:20 CET 2026
#@# Cortical Parc 3 lh Fri Mar 13 11:47:47 CET 2026
#@# WM/GM Contrast lh Fri Mar 13 11:48:08 CET 2026
recon-all -s sub-v2s5x29569_ses-1 finished without error at Fri Mar 13 11:48:18 CET 2026



#New# invocation of recon-all 



status file for recon-all
Fri Mar 13 13:11:11 CET 2026
#@# white curv lh Fri Mar 13 13:11:11 CET 2026
#@# white area lh Fri Mar 13 13:11:11 CET 2026
#@# pial curv lh Fri Mar 13 13:11:11 CET 2026
#@# pial area lh Fri Mar 13 13:11:11 CET 2026
#@# thickness lh Fri Mar 13 13:11:11 CET 2026
#@# area and vertex vol lh Fri Mar 13 13:11:11 CET 2026
#@# Parcellation Stats lh Fri Mar 13 13:11:11 CET 2026
#@# Parcellation Stats 2 lh Fri Mar 13 13:12:20 CET 2026
#@# Parcellation Stats 3 lh Fri Mar 13 13:12:55 CET 2026
#@# BA_exvivo Labels lh Fri Mar 13 13:13:31 CET 2026
recon-all -s sub-v2s5x29569_ses-1 finished without error at Fri Mar 13 13:18:37 CET 2026
