Log file for defect2seg
Fri Mar 13 11:55:20 CET 2026

setenv SUBJECTS_DIR /out/sourcedata/freesurfer
cd /out/sourcedata/freesurfer/sub-v2s5x29564_ses-1/scripts
/opt/freesurfer/bin/defect2seg --s sub-v2s5x29564_ses-1 --rh-only --cortex

freesurfer-linux-ubuntu22_x86_64-7.3.2-20220804-6354275
defect2seg 7.3.2
Linux dna013 5.14.0-427.37.1.el9_4.x86_64 #1 SMP PREEMPT_DYNAMIC Fri Sep 13 12:41:50 EDT 2024 x86_64 x86_64 x86_64 GNU/Linux
pid 3577479
mri_label2label --label-cortex /out/sourcedata/freesurfer/sub-v2s5x29564_ses-1/surf/rh.orig.nofix /out/sourcedata/freesurfer/sub-v2s5x29564_ses-1/mri/aseg.presurf.mgz 0 /out/sourcedata/freesurfer/sub-v2s5x29564_ses-1/label/rh.nofix.cortex.label

 Generating cortex label... RemoveHipAmgy=0
 NucAccIsMedialWall=0
 mris->useRealRAS=0
28 non-cortical segments detected
only using segment with 15485 vertices
erasing segment 0 (vno[0] = 5870)
erasing segment 1 (vno[0] = 5925)
erasing segment 2 (vno[0] = 45715)
erasing segment 4 (vno[0] = 158940)
erasing segment 5 (vno[0] = 184756)
erasing segment 6 (vno[0] = 193692)
erasing segment 7 (vno[0] = 207890)
erasing segment 8 (vno[0] = 215825)
erasing segment 9 (vno[0] = 217783)
erasing segment 10 (vno[0] = 228669)
erasing segment 11 (vno[0] = 228670)
erasing segment 12 (vno[0] = 228782)
erasing segment 13 (vno[0] = 230132)
erasing segment 14 (vno[0] = 231332)
erasing segment 15 (vno[0] = 231490)
erasing segment 16 (vno[0] = 231589)
erasing segment 17 (vno[0] = 231680)
erasing segment 18 (vno[0] = 233298)
erasing segment 19 (vno[0] = 234480)
erasing segment 20 (vno[0] = 234889)
erasing segment 21 (vno[0] = 236167)
erasing segment 22 (vno[0] = 237693)
erasing segment 23 (vno[0] = 237753)
erasing segment 24 (vno[0] = 241256)
erasing segment 25 (vno[0] = 242764)
erasing segment 26 (vno[0] = 242800)
erasing segment 27 (vno[0] = 243011)
mri_label2vol --defects /out/sourcedata/freesurfer/sub-v2s5x29564_ses-1/surf/rh.orig.nofix /out/sourcedata/freesurfer/sub-v2s5x29564_ses-1/surf/rh.defect_labels /out/sourcedata/freesurfer/sub-v2s5x29564_ses-1/mri/orig.mgz 2000 0 /out/sourcedata/freesurfer/sub-v2s5x29564_ses-1/mri/rh.surface.defects.mgz /out/sourcedata/freesurfer/sub-v2s5x29564_ses-1/label/rh.nofix.cortex.label
mri_label2vol supposed to be reproducible but seed not set
Contraining to label /out/sourcedata/freesurfer/sub-v2s5x29564_ses-1/label/rh.nofix.cortex.label
Changing input type 0 to MRI_INT
Converting defects to volume: offset=2000, merge=0
Writing to /out/sourcedata/freesurfer/sub-v2s5x29564_ses-1/mri/rh.surface.defects.mgz
mris_defects_pointset -s /out/sourcedata/freesurfer/sub-v2s5x29564_ses-1/surf/rh.orig.nofix -d /out/sourcedata/freesurfer/sub-v2s5x29564_ses-1/surf/rh.defect_labels -o /out/sourcedata/freesurfer/sub-v2s5x29564_ses-1/surf/rh.defects.pointset --label /out/sourcedata/freesurfer/sub-v2s5x29564_ses-1/label/rh.nofix.cortex.label
Reading in surface /out/sourcedata/freesurfer/sub-v2s5x29564_ses-1/surf/rh.orig.nofix
Reading in defect segmentation /out/sourcedata/freesurfer/sub-v2s5x29564_ses-1/surf/rh.defect_labels
Reading in label /out/sourcedata/freesurfer/sub-v2s5x29564_ses-1/label/rh.nofix.cortex.label
#VMPC# mris_defects_pointset 1787300
mris_defects_pointset done
 
Started at Fri Mar 13 11:55:20 CET 2026 
Ended   at Fri Mar 13 11:56:03 CET 2026
Defect2seg-Run-Time-Sec 43
Defect2seg-Run-Time-Min 0.86
Defect2seg-Run-Time-Hours 0.01
 
defect2seg Done
