status file for recon-all
Fri Mar 13 11:48:05 CET 2026
#@# Tessellate rh Fri Mar 13 11:48:05 CET 2026
#@# Smooth1 rh Fri Mar 13 11:48:13 CET 2026
#@# Inflation1 rh Fri Mar 13 11:48:20 CET 2026
#@# QSphere rh Fri Mar 13 11:51:21 CET 2026
#@# Fix Topology rh Fri Mar 13 11:53:35 CET 2026
#@# Smooth2 rh Fri Mar 13 12:06:20 CET 2026
#@# Inflation2 rh Fri Mar 13 12:06:27 CET 2026
#@# Curv .H and .K rh Fri Mar 13 12:07:14 CET 2026
#@# Sphere rh Fri Mar 13 12:09:10 CET 2026
#@# Surf Reg rh Fri Mar 13 12:17:50 CET 2026
#@# Jacobian white rh Fri Mar 13 12:30:03 CET 2026
#@# AvgCurv rh Fri Mar 13 12:30:05 CET 2026
#@# Cortical Parc rh Fri Mar 13 12:30:07 CET 2026
#@# white curv rh Fri Mar 13 12:45:37 CET 2026
#@# white area rh Fri Mar 13 12:45:42 CET 2026
#@# pial curv rh Fri Mar 13 12:45:44 CET 2026
#@# pial area rh Fri Mar 13 12:45:48 CET 2026
#@# thickness rh Fri Mar 13 12:45:50 CET 2026
#@# area and vertex vol rh Fri Mar 13 12:47:05 CET 2026
#@# Curvature Stats rh Fri Mar 13 12:47:09 CET 2026
#@# Cortical Parc 2 rh Fri Mar 13 12:47:15 CET 2026
#@# Cortical Parc 3 rh Fri Mar 13 12:47:48 CET 2026
#@# WM/GM Contrast rh Fri Mar 13 12:48:12 CET 2026
recon-all -s sub-v2s5x29564_ses-1 finished without error at Fri Mar 13 12:48:22 CET 2026



#New# invocation of recon-all 



status file for recon-all
Fri Mar 13 14:06:28 CET 2026
#@# white curv rh Fri Mar 13 14:06:28 CET 2026
#@# white area rh Fri Mar 13 14:06:28 CET 2026
#@# pial curv rh Fri Mar 13 14:06:28 CET 2026
#@# pial area rh Fri Mar 13 14:06:28 CET 2026
#@# thickness rh Fri Mar 13 14:06:28 CET 2026
#@# area and vertex vol rh Fri Mar 13 14:06:28 CET 2026
#@# Parcellation Stats rh Fri Mar 13 14:06:28 CET 2026
#@# Parcellation Stats 2 rh Fri Mar 13 14:07:54 CET 2026
#@# Parcellation Stats 3 rh Fri Mar 13 14:08:39 CET 2026
#@# BA_exvivo Labels rh Fri Mar 13 14:09:22 CET 2026
recon-all -s sub-v2s5x29564_ses-1 finished without error at Fri Mar 13 14:15:19 CET 2026
