status file for recon-all
Fri Mar 13 10:48:18 CET 2026
#@# Tessellate lh Fri Mar 13 10:48:18 CET 2026
#@# Smooth1 lh Fri Mar 13 10:48:26 CET 2026
#@# Inflation1 lh Fri Mar 13 10:48:33 CET 2026
#@# QSphere lh Fri Mar 13 10:51:41 CET 2026
#@# Fix Topology lh Fri Mar 13 10:53:42 CET 2026
#@# Smooth2 lh Fri Mar 13 11:07:00 CET 2026
#@# Inflation2 lh Fri Mar 13 11:07:07 CET 2026
#@# Curv .H and .K lh Fri Mar 13 11:07:55 CET 2026
#@# Sphere lh Fri Mar 13 11:09:52 CET 2026
#@# Surf Reg lh Fri Mar 13 11:18:53 CET 2026
#@# Jacobian white lh Fri Mar 13 11:29:40 CET 2026
#@# AvgCurv lh Fri Mar 13 11:29:42 CET 2026
#@# Cortical Parc lh Fri Mar 13 11:29:44 CET 2026
#@# white curv lh Fri Mar 13 11:45:20 CET 2026
#@# white area lh Fri Mar 13 11:45:25 CET 2026
#@# pial curv lh Fri Mar 13 11:45:26 CET 2026
#@# pial area lh Fri Mar 13 11:45:31 CET 2026
#@# thickness lh Fri Mar 13 11:45:32 CET 2026
#@# area and vertex vol lh Fri Mar 13 11:46:47 CET 2026
#@# Curvature Stats lh Fri Mar 13 11:46:51 CET 2026
#@# Cortical Parc 2 lh Fri Mar 13 11:46:58 CET 2026
#@# Cortical Parc 3 lh Fri Mar 13 11:47:29 CET 2026
#@# WM/GM Contrast lh Fri Mar 13 11:47:52 CET 2026
recon-all -s sub-v2s5x29564_ses-1 finished without error at Fri Mar 13 11:48:03 CET 2026



#New# invocation of recon-all 



status file for recon-all
Fri Mar 13 13:57:27 CET 2026
#@# white curv lh Fri Mar 13 13:57:27 CET 2026
#@# white area lh Fri Mar 13 13:57:27 CET 2026
#@# pial curv lh Fri Mar 13 13:57:27 CET 2026
#@# pial area lh Fri Mar 13 13:57:27 CET 2026
#@# thickness lh Fri Mar 13 13:57:27 CET 2026
#@# area and vertex vol lh Fri Mar 13 13:57:27 CET 2026
#@# Parcellation Stats lh Fri Mar 13 13:57:27 CET 2026
#@# Parcellation Stats 2 lh Fri Mar 13 13:58:54 CET 2026
#@# Parcellation Stats 3 lh Fri Mar 13 13:59:39 CET 2026
#@# BA_exvivo Labels lh Fri Mar 13 14:00:24 CET 2026
recon-all -s sub-v2s5x29564_ses-1 finished without error at Fri Mar 13 14:06:26 CET 2026
