status file for recon-all
Fri Mar 13 07:49:15 CET 2026
#@# MotionCor Fri Mar 13 07:49:21 CET 2026
#@# Talairach Fri Mar 13 07:49:40 CET 2026
#@# Talairach Failure Detection Fri Mar 13 07:56:52 CET 2026
#@# Nu Intensity Correction Fri Mar 13 07:56:52 CET 2026
#@# Intensity Normalization Fri Mar 13 08:03:15 CET 2026
recon-all -s sub-v2s5x29564_ses-1 finished without error at Fri Mar 13 08:09:23 CET 2026



#New# invocation of recon-all 



status file for recon-all
Fri Mar 13 08:19:48 CET 2026
#@# EM Registration Fri Mar 13 08:19:48 CET 2026
recon-all -s sub-v2s5x29564_ses-1 finished without error at Fri Mar 13 08:22:00 CET 2026



#New# invocation of recon-all 



status file for recon-all
Fri Mar 13 08:22:04 CET 2026
#@# CA Normalize Fri Mar 13 08:22:04 CET 2026
#@# CA Reg Fri Mar 13 08:23:58 CET 2026
#@# SubCort Seg Fri Mar 13 09:06:13 CET 2026
#@# CC Seg Fri Mar 13 10:34:28 CET 2026
#@# Merge ASeg Fri Mar 13 10:35:30 CET 2026
#@# Intensity Normalization2 Fri Mar 13 10:35:30 CET 2026
#@# Mask BFS Fri Mar 13 10:40:29 CET 2026
#@# WM Segmentation Fri Mar 13 10:40:30 CET 2026
#@# Fill Fri Mar 13 10:46:20 CET 2026
recon-all -s sub-v2s5x29564_ses-1 finished without error at Fri Mar 13 10:48:12 CET 2026



#New# invocation of recon-all 



status file for recon-all
Fri Mar 13 12:48:29 CET 2026
#@# white curv lh Fri Mar 13 12:48:29 CET 2026
#@# white area lh Fri Mar 13 12:48:29 CET 2026
#@# pial curv lh Fri Mar 13 12:48:29 CET 2026
#@# pial area lh Fri Mar 13 12:48:29 CET 2026
#@# thickness lh Fri Mar 13 12:48:29 CET 2026
#@# area and vertex vol lh Fri Mar 13 12:48:29 CET 2026
#@# white curv rh Fri Mar 13 12:48:29 CET 2026
#@# white area rh Fri Mar 13 12:48:29 CET 2026
#@# pial curv rh Fri Mar 13 12:48:29 CET 2026
#@# pial area rh Fri Mar 13 12:48:29 CET 2026
#@# thickness rh Fri Mar 13 12:48:29 CET 2026
#@# area and vertex vol rh Fri Mar 13 12:48:29 CET 2026
#@# Cortical ribbon mask Fri Mar 13 12:48:29 CET 2026
recon-all -s sub-v2s5x29564_ses-1 finished without error at Fri Mar 13 13:57:21 CET 2026



#New# invocation of recon-all 



status file for recon-all
Fri Mar 13 14:15:24 CET 2026
#@# white curv lh Fri Mar 13 14:15:24 CET 2026
#@# white area lh Fri Mar 13 14:15:24 CET 2026
#@# pial curv lh Fri Mar 13 14:15:24 CET 2026
#@# pial area lh Fri Mar 13 14:15:24 CET 2026
#@# thickness lh Fri Mar 13 14:15:24 CET 2026
#@# area and vertex vol lh Fri Mar 13 14:15:24 CET 2026
#@# white curv rh Fri Mar 13 14:15:24 CET 2026
#@# white area rh Fri Mar 13 14:15:24 CET 2026
#@# pial curv rh Fri Mar 13 14:15:24 CET 2026
#@# pial area rh Fri Mar 13 14:15:24 CET 2026
#@# thickness rh Fri Mar 13 14:15:24 CET 2026
#@# area and vertex vol rh Fri Mar 13 14:15:24 CET 2026
#@# Curvature Stats lh Fri Mar 13 14:15:24 CET 2026
#@# Curvature Stats rh Fri Mar 13 14:15:32 CET 2026
#@# Relabel Hypointensities Fri Mar 13 14:15:38 CET 2026
#@# APas-to-ASeg Fri Mar 13 14:16:23 CET 2026
#@# AParc-to-ASeg aparc Fri Mar 13 14:16:51 CET 2026
#@# AParc-to-ASeg aparc.a2009s Fri Mar 13 14:19:30 CET 2026
#@# AParc-to-ASeg aparc.DKTatlas Fri Mar 13 14:22:15 CET 2026
#@# WMParc Fri Mar 13 14:25:05 CET 2026
#@# ASeg Stats Fri Mar 13 14:31:55 CET 2026
recon-all -s sub-v2s5x29564_ses-1 finished without error at Fri Mar 13 14:32:58 CET 2026
