/out/sourcedata/freesurfer/sub-v2s5x29572_ses-1/mri
/opt/freesurfer/bin/talairach_avi
--i orig_nu.mgz --xfm transforms/talairach.auto.xfm
talairach_avi 7.3.2
Linux dna061 5.14.0-427.37.1.el9_4.x86_64 #1 SMP PREEMPT_DYNAMIC Fri Sep 13 12:41:50 EDT 2024 x86_64 x86_64 x86_64 GNU/Linux
Fri Mar 13 08:11:19 CET 2026
mri_convert orig_nu.mgz talsrcimg.img 
reading from orig_nu.mgz...
TR=0.00, TE=0.00, TI=0.00, flip angle=0.00
i_ras = (-1, 0, 1.06438e-08)
j_ras = (0, 0, -1)
k_ras = (0, 1, 0)
writing to talsrcimg.img...
Analyze Output Matrix
-0.69999   0.00000   0.00000   110.58510;
 0.00000   0.00000   0.69999  -84.18121;
 0.00000  -0.69999   0.00000   82.91602;
 0.00000   0.00000   0.00000   1.00000;
--------------------
INFO: set hdr.hist.orient to -1
mpr2mni305 talsrcimg
Fri Mar 13 08:11:19 CET 2026
/opt/freesurfer/bin/mpr2mni305 talsrcimg
mpr2mni305 7.3.2
target=711-2C_as_mni_average_305

---------------------------------------------------------------------
analyzeto4dfp talsrcimg -O0 -y
---------------------------------------------------------------------

freesurfer ifh2hdr.c
Fri Mar 13 08:11:20 2026
Writing: talsrcimg.4dfp.hdr
freesurfer analyzeto4dfp.c
Reading: talsrcimg.hdr
header size 348 bytes
hdr.dime.datatype	offset=70	value=2
hdr.dime.bitpix		offset=72	value=8
hdr.hist.orient		offset=252	value=-1
dimensionality     4
dimensions       320       320       320         1
Reading: talsrcimg.img
Writing: talsrcimg.4dfp.img
Writing: talsrcimg.4dfp.ifh
ifh2hdr talsrcimg -r0to214
ori=2

---------------------------------------------------------------------
gauss_4dfp talsrcimg 1.1
---------------------------------------------------------------------

freesurfer gauss_4dfp.c
Reading: talsrcimg.4dfp.img
Writing: talsrcimg_g11.4dfp.img
image dimensions 320 320 320 padded to 384 384 384
processing volume 1freesurfer ifh2hdr.c
Fri Mar 13 08:11:37 2026
Writing: talsrcimg_g11.4dfp.hdr

Writing: talsrcimg_g11.4dfp.ifh
including: talsrcimg.4dfp.img.rec in talsrcimg_g11.4dfp.img.rec

---------------------------------------------------------------------
imgreg_4dfp /opt/freesurfer/average/711-2C_as_mni_average_305 none talsrcimg_g11 none talsrcimg_to_711-2C_as_mni_average_305_t4 4355
---------------------------------------------------------------------

freesurfer imgreg_4dfp.c
/opt/freesurfer/average/711-2C_as_mni_average_305.4dfp.img
       256       256       256         1
  1.000000  1.000000  1.000000
orientation T byte_order littleendian
Reading image: /opt/freesurfer/average/711-2C_as_mni_average_305.4dfp.img
dimensions:      256       256       256
mmppix:       1.0000   -1.0000   -1.0000
center:     128.0000 -129.0000 -129.0000
talsrcimg_g11.4dfp.img
       320       320       320         1
  0.699995  0.699995  0.699995
orientation T byte_order littleendian
Reading image: talsrcimg_g11.4dfp.img
dimensions:      320       320       320
mmppix:       0.7000   -0.7000   -0.7000
center:     111.9992 -112.6992 -112.6992
t4_read: open error in t4_sub.f l:  41 t4_file(1:l)talsrcimg_to_711-2C_as_mni_average_305_t4 
t4_read: transform initialized to I4
rotation matrix determinant  1.000000
image alignment mode   4355 decimal     1103 hex
   -7.5000  -45.0000  -45.0000 5215.9360   15.7954
    0.0000  -45.0000  -45.0000 5516.3438   15.7969
    7.5000  -45.0000  -45.0000 5318.9795   15.8220
   -7.5000  -37.5000  -45.0000 5591.2559   15.9931
    0.0000  -37.5000  -45.0000 5917.7754   15.9965
    7.5000  -37.5000  -45.0000 5704.3584   16.0222
   -7.5000  -30.0000  -45.0000 6057.5415   15.8715
    0.0000  -30.0000  -45.0000 6417.9751   15.8765
    7.5000  -30.0000  -45.0000 6182.3794   15.9018
   -7.5000  -22.5000  -45.0000 6386.8784   15.4097
    0.0000  -22.5000  -45.0000 6774.6040   15.4144
    7.5000  -22.5000  -45.0000 6523.0703   15.4372
   -7.5000  -15.0000  -45.0000 7034.9922   15.0731
    0.0000  -15.0000  -45.0000 7457.4434   15.0770
    7.5000  -15.0000  -45.0000 7178.2305   15.0971
   -7.5000   -7.5000  -45.0000 7673.8638   14.8128
    0.0000   -7.5000  -45.0000 8141.4219   14.8172
    7.5000   -7.5000  -45.0000 7837.0210   14.8373
   -7.5000    0.0000  -45.0000 8230.8662   14.6852
    0.0000    0.0000  -45.0000 8739.7705   14.6908
    7.5000    0.0000  -45.0000 8423.2188   14.7112
   -7.5000    7.5000  -45.0000 8037.0649   14.6775
    0.0000    7.5000  -45.0000 8549.2549   14.6845
    7.5000    7.5000  -45.0000 8250.8496   14.7071
   -7.5000   15.0000  -45.0000 7752.1885   14.4950
    0.0000   15.0000  -45.0000 8281.0459   14.5016
    7.5000   15.0000  -45.0000 7962.9331   14.5249
   -7.5000   22.5000  -45.0000 7426.7393   14.1550
    0.0000   22.5000  -45.0000 7950.3887   14.1596
    7.5000   22.5000  -45.0000 7640.6323   14.1800
   -7.5000   30.0000  -45.0000 7331.2222   14.2175
    0.0000   30.0000  -45.0000 7866.7104   14.2207
    7.5000   30.0000  -45.0000 7561.1289   14.2395
   -7.5000   37.5000  -45.0000 6938.5752   13.9252
    0.0000   37.5000  -45.0000 7462.3579   13.9274
    7.5000   37.5000  -45.0000 7180.0776   13.9456
   -7.5000   45.0000  -45.0000 6525.1367   13.6246
    0.0000   45.0000  -45.0000 7037.3638   13.6269
    7.5000   45.0000  -45.0000 6778.2944   13.6453
   -7.5000  -45.0000  -37.5000 5536.7788   16.3648
    0.0000  -45.0000  -37.5000 5858.8550   16.3798
    7.5000  -45.0000  -37.5000 5650.3848   16.4089
   -7.5000  -37.5000  -37.5000 5949.3838   16.5963
    0.0000  -37.5000  -37.5000 6297.7017   16.6117
    7.5000  -37.5000  -37.5000 6075.9600   16.6397
   -7.5000  -30.0000  -37.5000 6468.7798   16.4591
    0.0000  -30.0000  -37.5000 6856.4521   16.4744
    7.5000  -30.0000  -37.5000 6608.8452   16.4983
   -7.5000  -22.5000  -37.5000 6842.4082   15.9846
    0.0000  -22.5000  -37.5000 7260.3452   15.9991
    7.5000  -22.5000  -37.5000 6992.6611   16.0193
   -7.5000  -15.0000  -37.5000 7534.2139   15.6359
    0.0000  -15.0000  -37.5000 7998.1816   15.6504
    7.5000  -15.0000  -37.5000 7692.7217   15.6707
   -7.5000   -7.5000  -37.5000 8220.1992   15.3671
    0.0000   -7.5000  -37.5000 8737.3018   15.3830
    7.5000   -7.5000  -37.5000 8399.4297   15.4061
   -7.5000    0.0000  -37.5000 8805.6865   15.2372
    0.0000    0.0000  -37.5000 9390.2744   15.2545
    7.5000    0.0000  -37.5000 9040.2158   15.2788
   -7.5000    7.5000  -37.5000 8599.1475   15.2315
    0.0000    7.5000  -37.5000 9188.4199   15.2487
    7.5000    7.5000  -37.5000 8841.7520   15.2732
   -7.5000   15.0000  -37.5000 8278.7812   15.0454
    0.0000   15.0000  -37.5000 8877.4355   15.0607
    7.5000   15.0000  -37.5000 8505.6025   15.0825
   -7.5000   22.5000  -37.5000 7922.9546   14.6999
    0.0000   22.5000  -37.5000 8514.8193   14.7131
    7.5000   22.5000  -37.5000 8153.5615   14.7316
   -7.5000   30.0000  -37.5000 7812.6133   14.7603
    0.0000   30.0000  -37.5000 8428.9521   14.7731
    7.5000   30.0000  -37.5000 8081.0562   14.7922
   -7.5000   37.5000  -37.5000 7399.6860   14.4541
    0.0000   37.5000  -37.5000 8013.0781   14.4674
    7.5000   37.5000  -37.5000 7693.6855   14.4885
   -7.5000   45.0000  -37.5000 6980.7573   14.1283
    0.0000   45.0000  -37.5000 7559.3076   14.1422
    7.5000   45.0000  -37.5000 7262.1177   14.1641
   -7.5000  -45.0000  -30.0000 5888.4492   16.9875
    0.0000  -45.0000  -30.0000 6214.9082   17.0148
    7.5000  -45.0000  -30.0000 5997.0737   17.0428
   -7.5000  -37.5000  -30.0000 6340.5938   17.2439
    0.0000  -37.5000  -30.0000 6708.4780   17.2729
    7.5000  -37.5000  -30.0000 6460.2856   17.2996
   -7.5000  -30.0000  -30.0000 6901.7744   17.0802
    0.0000  -30.0000  -30.0000 7312.7603   17.1066
    7.5000  -30.0000  -30.0000 7032.4819   17.1280
   -7.5000  -22.5000  -30.0000 7291.7598   16.5867
    0.0000  -22.5000  -30.0000 7727.5894   16.6116
    7.5000  -22.5000  -30.0000 7438.4053   16.6313
   -7.5000  -15.0000  -30.0000 8031.3789   16.2271
    0.0000  -15.0000  -30.0000 8530.8770   16.2525
    7.5000  -15.0000  -30.0000 8204.7432   16.2751
   -7.5000   -7.5000  -30.0000 8771.5127   15.9511
    0.0000   -7.5000  -30.0000 9335.5068   15.9790
    7.5000   -7.5000  -30.0000 8984.6914   16.0055
   -7.5000    0.0000  -30.0000 9394.4746   15.8192
    0.0000    0.0000  -30.000010028.4150   15.8483
    7.5000    0.0000  -30.0000 9648.6729   15.8739
   -7.5000    7.5000  -30.0000 9182.0850   15.8125
    0.0000    7.5000  -30.0000 9835.7207   15.8405
    7.5000    7.5000  -30.0000 9453.9463   15.8634
   -7.5000   15.0000  -30.0000 8842.1807   15.6187
    0.0000   15.0000  -30.0000 9498.7695   15.6435
    7.5000   15.0000  -30.0000 9083.6055   15.6629
   -7.5000   22.5000  -30.0000 8451.4736   15.2679
    0.0000   22.5000  -30.0000 9086.3291   15.2904
    7.5000   22.5000  -30.0000 8678.0527   15.3083
   -7.5000   30.0000  -30.0000 8350.4238   15.3289
    0.0000   30.0000  -30.0000 9007.7773   15.3520
    7.5000   30.0000  -30.0000 8616.4893   15.3730
   -7.5000   37.5000  -30.0000 7905.8940   15.0225
    0.0000   37.5000  -30.0000 8556.2520   15.0474
    7.5000   37.5000  -30.0000 8179.2759   15.0717
   -7.5000   45.0000  -30.0000 7446.4131   14.6853
    0.0000   45.0000  -30.0000 8047.7354   14.7111
    7.5000   45.0000  -30.0000 7697.3867   14.7345
   -7.5000  -45.0000  -22.5000 6067.1772   17.2952
    0.0000  -45.0000  -22.5000 6419.2739   17.3186
    7.5000  -45.0000  -22.5000 6182.5303   17.3427
   -7.5000  -37.5000  -22.5000 6527.4414   17.5435
    0.0000  -37.5000  -22.5000 6909.5488   17.5709
    7.5000  -37.5000  -22.5000 6645.7524   17.5945
   -7.5000  -30.0000  -22.5000 7095.6470   17.3606
    0.0000  -30.0000  -22.5000 7501.2319   17.3835
    7.5000  -30.0000  -22.5000 7212.2231   17.4026
   -7.5000  -22.5000  -22.5000 7479.4375   16.8502
    0.0000  -22.5000  -22.5000 7916.3604   16.8716
    7.5000  -22.5000  -22.5000 7616.9922   16.8919
   -7.5000  -15.0000  -22.5000 8216.1016   16.4814
    0.0000  -15.0000  -22.5000 8733.8213   16.5037
    7.5000  -15.0000  -22.5000 8391.9492   16.5282
   -7.5000   -7.5000  -22.5000 8963.9980   16.1967
    0.0000   -7.5000  -22.5000 9550.2705   16.2226
    7.5000   -7.5000  -22.5000 9180.2148   16.2502
   -7.5000    0.0000  -22.5000 9623.8291   16.0601
    0.0000    0.0000  -22.500010285.1523   16.0874
    7.5000    0.0000  -22.5000 9892.5947   16.1115
   -7.5000    7.5000  -22.5000 9445.6201   16.0529
    0.0000    7.5000  -22.500010143.4141   16.0790
    7.5000    7.5000  -22.5000 9756.0361   16.0988
   -7.5000   15.0000  -22.5000 9144.0439   15.8561
    0.0000   15.0000  -22.5000 9850.3789   15.8783
    7.5000   15.0000  -22.5000 9418.8945   15.8959
   -7.5000   22.5000  -22.5000 8762.6221   15.5010
    0.0000   22.5000  -22.5000 9401.5801   15.5202
    7.5000   22.5000  -22.5000 8976.1670   15.5384
   -7.5000   30.0000  -22.5000 8654.5303   15.5645
    0.0000   30.0000  -22.5000 9297.5508   15.5848
    7.5000   30.0000  -22.5000 8842.8184   15.6074
   -7.5000   37.5000  -22.5000 8169.8018   15.2555
    0.0000   37.5000  -22.5000 8778.3486   15.2784
    7.5000   37.5000  -22.5000 8352.0068   15.3037
   -7.5000   45.0000  -22.5000 7670.2783   14.9148
    0.0000   45.0000  -22.5000 8261.8447   14.9391
    7.5000   45.0000  -22.5000 7864.1318   14.9612
   -7.5000  -45.0000  -15.0000 6388.8350   17.8469
    0.0000  -45.0000  -15.0000 6746.4219   17.8622
    7.5000  -45.0000  -15.0000 6483.7988   17.8841
   -7.5000  -37.5000  -15.0000 6864.2031   18.1111
    0.0000  -37.5000  -15.0000 7274.5117   18.1318
    7.5000  -37.5000  -15.0000 6979.7056   18.1540
   -7.5000  -30.0000  -15.0000 7451.0903   17.8986
    0.0000  -30.0000  -15.0000 7910.9995   17.9173
    7.5000  -30.0000  -15.0000 7592.7041   17.9393
   -7.5000  -22.5000  -15.0000 7855.3940   17.3779
    0.0000  -22.5000  -15.0000 8363.0215   17.3962
    7.5000  -22.5000  -15.0000 8035.3086   17.4222
   -7.5000  -15.0000  -15.0000 8630.5879   17.0022
    0.0000  -15.0000  -15.0000 9221.2256   17.0204
    7.5000  -15.0000  -15.0000 8852.5088   17.0485
   -7.5000   -7.5000  -15.0000 9407.6377   16.7097
    0.0000   -7.5000  -15.000010057.8018   16.7297
    7.5000   -7.5000  -15.0000 9672.5732   16.7573
   -7.5000    0.0000  -15.000010102.8232   16.5669
    0.0000    0.0000  -15.000010814.8633   16.5874
    7.5000    0.0000  -15.000010411.0352   16.6088
   -7.5000    7.5000  -15.0000 9942.8027   16.5553
    0.0000    7.5000  -15.000010727.1846   16.5759
    7.5000    7.5000  -15.000010346.9326   16.5948
   -7.5000   15.0000  -15.0000 9704.6377   16.3552
    0.0000   15.0000  -15.000010539.6885   16.3741
    7.5000   15.0000  -15.000010140.5117   16.3946
   -7.5000   22.5000  -15.0000 9383.3584   16.0007
    0.0000   22.5000  -15.000010092.9512   16.0173
    7.5000   22.5000  -15.0000 9616.5957   16.0402
   -7.5000   30.0000  -15.0000 9224.8691   16.0671
    0.0000   30.0000  -15.0000 9833.5303   16.0837
    7.5000   30.0000  -15.0000 9312.8213   16.1096
   -7.5000   37.5000  -15.0000 8660.0098   15.7588
    0.0000   37.5000  -15.0000 9269.8848   15.7758
    7.5000   37.5000  -15.0000 8767.8076   15.8011
   -7.5000   45.0000  -15.0000 8116.2202   15.4187
    0.0000   45.0000  -15.0000 8763.5957   15.4361
    7.5000   45.0000  -15.0000 8296.7822   15.4558
   -7.5000  -45.0000   -7.5000 6632.9751   18.3072
    0.0000  -45.0000   -7.5000 7036.3242   18.3189
    7.5000  -45.0000   -7.5000 6739.5786   18.3409
   -7.5000  -37.5000   -7.5000 7126.2646   18.5774
    0.0000  -37.5000   -7.5000 7595.0820   18.5926
    7.5000  -37.5000   -7.5000 7268.0215   18.6157
   -7.5000  -30.0000   -7.5000 7749.0801   18.3476
    0.0000  -30.0000   -7.5000 8264.8740   18.3637
    7.5000  -30.0000   -7.5000 7925.9966   18.3891
   -7.5000  -22.5000   -7.5000 8181.8228   17.8212
    0.0000  -22.5000   -7.5000 8749.3594   17.8376
    7.5000  -22.5000   -7.5000 8392.4355   17.8654
   -7.5000  -15.0000   -7.5000 8994.3105   17.4370
    0.0000  -15.0000   -7.5000 9627.2422   17.4529
    7.5000  -15.0000   -7.5000 9245.4385   17.4792
   -7.5000   -7.5000   -7.5000 9814.8213   17.1355
    0.0000   -7.5000   -7.500010484.0371   17.1511
    7.5000   -7.5000   -7.500010083.8555   17.1751
   -7.5000    0.0000   -7.500010551.9961   16.9852
    0.0000    0.0000   -7.500011294.7012   17.0007
    7.5000    0.0000   -7.500010882.8662   17.0200
   -7.5000    7.5000   -7.500010403.8135   16.9707
    0.0000    7.5000   -7.500011280.7158   16.9874
    7.5000    7.5000   -7.500010951.2979   17.0074
   -7.5000   15.0000   -7.500010149.9980   16.7717
    0.0000   15.0000   -7.500011172.4658   16.7883
    7.5000   15.0000   -7.500010814.7930   16.8118
   -7.5000   22.5000   -7.5000 9826.1201   16.4213
    0.0000   22.5000   -7.500010698.1006   16.4363
    7.5000   22.5000   -7.500010229.1787   16.4608
   -7.5000   30.0000   -7.5000 9681.1221   16.4893
    0.0000   30.0000   -7.500010450.3164   16.5035
    7.5000   30.0000   -7.5000 9886.1240   16.5279
   -7.5000   37.5000   -7.5000 9085.1084   16.1819
    0.0000   37.5000   -7.5000 9855.1992   16.1946
    7.5000   37.5000   -7.5000 9273.5605   16.2164
   -7.5000   45.0000   -7.5000 8522.0566   15.8432
    0.0000   45.0000   -7.5000 9274.7900   15.8550
    7.5000   45.0000   -7.5000 8739.9561   15.8725
   -7.5000  -45.0000    0.0000 6680.7148   18.2433
    0.0000  -45.0000    0.0000 7127.7021   18.2602
    7.5000  -45.0000    0.0000 6813.1963   18.2875
   -7.5000  -37.5000    0.0000 7203.6826   18.5279
    0.0000  -37.5000    0.0000 7691.9888   18.5447
    7.5000  -37.5000    0.0000 7361.0044   18.5726
   -7.5000  -30.0000    0.0000 7852.2441   18.3113
    0.0000  -30.0000    0.0000 8373.3828   18.3296
    7.5000  -30.0000    0.0000 8050.1699   18.3578
   -7.5000  -22.5000    0.0000 8310.2793   17.7986
    0.0000  -22.5000    0.0000 8846.4277   17.8178
    7.5000  -22.5000    0.0000 8533.1582   17.8443
   -7.5000  -15.0000    0.0000 9165.6553   17.4191
    0.0000  -15.0000    0.0000 9742.6221   17.4384
    7.5000  -15.0000    0.0000 9417.7949   17.4624
   -7.5000   -7.5000    0.000010033.5381   17.1213
    0.0000   -7.5000    0.000010649.9473   17.1399
    7.5000   -7.5000    0.000010302.3799   17.1631
   -7.5000    0.0000    0.000010793.1455   16.9723
    0.0000    0.0000    0.000011544.3789   16.9904
    7.5000    0.0000    0.000011163.9268   17.0126
   -7.5000    7.5000    0.000010632.4932   16.9583
    0.0000    7.5000    0.000011551.6875   16.9768
    7.5000    7.5000    0.000011217.3857   17.0011
   -7.5000   15.0000    0.000010353.7842   16.7648
    0.0000   15.0000    0.000011361.6641   16.7830
    7.5000   15.0000    0.000010952.5625   16.8088
   -7.5000   22.5000    0.0000 9987.9004   16.4219
    0.0000   22.5000    0.000010867.3125   16.4395
    7.5000   22.5000    0.000010355.7217   16.4632
   -7.5000   30.0000    0.0000 9847.6309   16.4865
    0.0000   30.0000    0.000010715.4580   16.5038
    7.5000   30.0000    0.000010157.6426   16.5262
   -7.5000   37.5000    0.0000 9287.6377   16.1832
    0.0000   37.5000    0.000010125.6621   16.1987
    7.5000   37.5000    0.0000 9601.6221   16.2197
   -7.5000   45.0000    0.0000 8723.3184   15.8488
    0.0000   45.0000    0.0000 9488.9219   15.8630
    7.5000   45.0000    0.0000 8997.0049   15.8831
   -7.5000  -45.0000    7.5000 6430.7476   18.7240
    0.0000  -45.0000    7.5000 6829.1343   18.7498
    7.5000  -45.0000    7.5000 6562.8931   18.7809
   -7.5000  -37.5000    7.5000 6934.3774   19.0192
    0.0000  -37.5000    7.5000 7337.7437   19.0437
    7.5000  -37.5000    7.5000 7080.9644   19.0731
   -7.5000  -30.0000    7.5000 7564.5957   18.7921
    0.0000  -30.0000    7.5000 7975.4580   18.8168
    7.5000  -30.0000    7.5000 7740.1851   18.8424
   -7.5000  -22.5000    7.5000 8010.2461   18.2527
    0.0000  -22.5000    7.5000 8442.4512   18.2781
    7.5000  -22.5000    7.5000 8220.5049   18.3011
   -7.5000  -15.0000    7.5000 8846.0029   17.8511
    0.0000  -15.0000    7.5000 9336.0879   17.8775
    7.5000  -15.0000    7.5000 9096.8477   17.9011
   -7.5000   -7.5000    7.5000 9678.9062   17.5374
    0.0000   -7.5000    7.500010253.0674   17.5643
    7.5000   -7.5000    7.5000 9962.4355   17.5901
   -7.5000    0.0000    7.500010414.3359   17.3837
    0.0000    0.0000    7.500011087.1533   17.4100
    7.5000    0.0000    7.500010746.8389   17.4358
   -7.5000    7.5000    7.500010240.8125   17.3733
    0.0000    7.5000    7.500010972.1523   17.3983
    7.5000    7.5000    7.500010636.5859   17.4238
   -7.5000   15.0000    7.5000 9979.0039   17.1783
    0.0000   15.0000    7.500010668.4170   17.2017
    7.5000   15.0000    7.500010236.2910   17.2251
   -7.5000   22.5000    7.5000 9596.6211   16.8268
    0.0000   22.5000    7.500010161.1064   16.8498
    7.5000   22.5000    7.5000 9699.5215   16.8707
   -7.5000   30.0000    7.5000 9438.6211   16.8914
    0.0000   30.0000    7.500010037.7695   16.9153
    7.5000   30.0000    7.5000 9583.3477   16.9373
   -7.5000   37.5000    7.5000 8896.7119   16.5823
    0.0000   37.5000    7.5000 9518.6748   16.6058
    7.5000   37.5000    7.5000 9085.8867   16.6294
   -7.5000   45.0000    7.5000 8357.9902   16.2431
    0.0000   45.0000    7.5000 8970.8115   16.2654
    7.5000   45.0000    7.5000 8551.2930   16.2887
   -7.5000  -45.0000   15.0000 6185.2808   19.4242
    0.0000  -45.0000   15.0000 6526.5874   19.4534
    7.5000  -45.0000   15.0000 6317.8711   19.4861
   -7.5000  -37.5000   15.0000 6664.8457   19.7302
    0.0000  -37.5000   15.0000 7023.0742   19.7614
    7.5000  -37.5000   15.0000 6826.1450   19.7928
   -7.5000  -30.0000   15.0000 7272.6445   19.5000
    0.0000  -30.0000   15.0000 7669.8843   19.5287
    7.5000  -30.0000   15.0000 7472.4375   19.5544
   -7.5000  -22.5000   15.0000 7715.5732   18.9288
    0.0000  -22.5000   15.0000 8151.6655   18.9570
    7.5000  -22.5000   15.0000 7939.4595   18.9811
   -7.5000  -15.0000   15.0000 8529.4814   18.4975
    0.0000  -15.0000   15.0000 9025.7871   18.5267
    7.5000  -15.0000   15.0000 8749.4961   18.5539
   -7.5000   -7.5000   15.0000 9299.8223   18.1632
    0.0000   -7.5000   15.0000 9832.0811   18.1945
    7.5000   -7.5000   15.0000 9503.7236   18.2255
   -7.5000    0.0000   15.0000 9955.2148   18.0032
    0.0000    0.0000   15.000010512.1494   18.0348
    7.5000    0.0000   15.000010161.3682   18.0644
   -7.5000    7.5000   15.0000 9784.5674   17.9954
    0.0000    7.5000   15.000010316.3945   18.0255
    7.5000    7.5000   15.0000 9991.0391   18.0521
   -7.5000   15.0000   15.0000 9499.5039   17.7937
    0.0000   15.0000   15.0000 9968.8750   17.8207
    7.5000   15.0000   15.0000 9584.7236   17.8438
   -7.5000   22.5000   15.0000 9073.5898   17.4285
    0.0000   22.5000   15.0000 9485.5654   17.4539
    7.5000   22.5000   15.0000 9104.1191   17.4757
   -7.5000   30.0000   15.0000 8930.8662   17.4956
    0.0000   30.0000   15.0000 9375.4727   17.5221
    7.5000   30.0000   15.0000 9007.8457   17.5474
   -7.5000   37.5000   15.0000 8419.6895   17.1812
    0.0000   37.5000   15.0000 8879.8301   17.2091
    7.5000   37.5000   15.0000 8510.8887   17.2376
   -7.5000   45.0000   15.0000 7906.2676   16.8385
    0.0000   45.0000   15.0000 8358.0771   16.8665
    7.5000   45.0000   15.0000 7992.0923   16.8937
   -7.5000  -45.0000   22.5000 5899.9844   20.2141
    0.0000  -45.0000   22.5000 6235.3403   20.2426
    7.5000  -45.0000   22.5000 6039.0776   20.2735
   -7.5000  -37.5000   22.5000 6353.7012   20.5331
    0.0000  -37.5000   22.5000 6725.4185   20.5686
    7.5000  -37.5000   22.5000 6522.7920   20.6006
   -7.5000  -30.0000   22.5000 6949.5439   20.2822
    0.0000  -30.0000   22.5000 7365.8213   20.3150
    7.5000  -30.0000   22.5000 7129.8330   20.3441
   -7.5000  -22.5000   22.5000 7371.3872   19.6891
    0.0000  -22.5000   22.5000 7804.4502   19.7207
    7.5000  -22.5000   22.5000 7547.4121   19.7515
   -7.5000  -15.0000   22.5000 8107.8862   19.2402
    0.0000  -15.0000   22.5000 8559.5879   19.2708
    7.5000  -15.0000   22.5000 8272.4473   19.3047
   -7.5000   -7.5000   22.5000 8794.5264   18.8834
    0.0000   -7.5000   22.5000 9249.3994   18.9155
    7.5000   -7.5000   22.5000 8927.9775   18.9508
   -7.5000    0.0000   22.5000 9403.9463   18.7119
    0.0000    0.0000   22.5000 9871.0635   18.7449
    7.5000    0.0000   22.5000 9551.6807   18.7752
   -7.5000    7.5000   22.5000 9217.4375   18.7002
    0.0000    7.5000   22.5000 9682.5654   18.7333
    7.5000    7.5000   22.5000 9361.7334   18.7601
   -7.5000   15.0000   22.5000 8930.5039   18.4856
    0.0000   15.0000   22.5000 9346.5742   18.5165
    7.5000   15.0000   22.5000 8999.8164   18.5427
   -7.5000   22.5000   22.5000 8515.8936   18.1177
    0.0000   22.5000   22.5000 8905.8291   18.1460
    7.5000   22.5000   22.5000 8571.2891   18.1733
   -7.5000   30.0000   22.5000 8376.9229   18.1948
    0.0000   30.0000   22.5000 8780.6357   18.2228
    7.5000   30.0000   22.5000 8453.7529   18.2542
   -7.5000   37.5000   22.5000 7899.3662   17.8884
    0.0000   37.5000   22.5000 8297.7227   17.9169
    7.5000   37.5000   22.5000 7974.9995   17.9496
   -7.5000   45.0000   22.5000 7410.3457   17.5507
    0.0000   45.0000   22.5000 7782.7085   17.5803
    7.5000   45.0000   22.5000 7469.0005   17.6086
   -7.5000  -45.0000   30.0000 5851.8467   21.0958
    0.0000  -45.0000   30.0000 6191.4189   21.1159
    7.5000  -45.0000   30.0000 5962.1553   21.1475
   -7.5000  -37.5000   30.0000 6301.5991   21.4279
    0.0000  -37.5000   30.0000 6676.0757   21.4557
    7.5000  -37.5000   30.0000 6435.0957   21.4873
   -7.5000  -30.0000   30.0000 6872.4106   21.1533
    0.0000  -30.0000   30.0000 7272.8911   21.1829
    7.5000  -30.0000   30.0000 7014.4429   21.2185
   -7.5000  -22.5000   30.0000 7252.4541   20.5371
    0.0000  -22.5000   30.0000 7658.3267   20.5678
    7.5000  -22.5000   30.0000 7398.4146   20.6079
   -7.5000  -15.0000   30.0000 7952.2856   20.0847
    0.0000  -15.0000   30.0000 8370.9424   20.1128
    7.5000  -15.0000   30.0000 8087.0317   20.1523
   -7.5000   -7.5000   30.0000 8594.1221   19.7147
    0.0000   -7.5000   30.0000 9030.0986   19.7415
    7.5000   -7.5000   30.0000 8725.9961   19.7781
   -7.5000    0.0000   30.0000 9161.0742   19.5311
    0.0000    0.0000   30.0000 9629.5967   19.5572
    7.5000    0.0000   30.0000 9307.9932   19.5861
   -7.5000    7.5000   30.0000 8960.0234   19.5109
    0.0000    7.5000   30.0000 9420.8105   19.5389
    7.5000    7.5000   30.0000 9099.4268   19.5671
   -7.5000   15.0000   30.0000 8673.3115   19.2783
    0.0000   15.0000   30.0000 9082.1357   19.3073
    7.5000   15.0000   30.0000 8749.1230   19.3397
   -7.5000   22.5000   30.0000 8250.8076   18.8947
    0.0000   22.5000   30.0000 8652.2598   18.9223
    7.5000   22.5000   30.0000 8330.4609   18.9574
   -7.5000   30.0000   30.0000 8123.0664   18.9868
    0.0000   30.0000   30.0000 8507.1035   19.0124
    7.5000   30.0000   30.0000 8198.2354   19.0491
   -7.5000   37.5000   30.0000 7656.9424   18.6842
    0.0000   37.5000   30.0000 8017.3599   18.7071
    7.5000   37.5000   30.0000 7717.8003   18.7408
   -7.5000   45.0000   30.0000 7168.5093   18.3443
    0.0000   45.0000   30.0000 7496.9639   18.3666
    7.5000   45.0000   30.0000 7228.3433   18.3936
   -7.5000  -45.0000   37.5000 5497.7026   21.6240
    0.0000  -45.0000   37.5000 5801.0830   21.6427
    7.5000  -45.0000   37.5000 5590.1729   21.6783
   -7.5000  -37.5000   37.5000 5914.6919   21.9713
    0.0000  -37.5000   37.5000 6249.3999   21.9943
    7.5000  -37.5000   37.5000 6020.1104   22.0299
   -7.5000  -30.0000   37.5000 6438.9634   21.6792
    0.0000  -30.0000   37.5000 6796.7812   21.7070
    7.5000  -30.0000   37.5000 6536.2544   21.7471
   -7.5000  -22.5000   37.5000 6767.1313   21.0590
    0.0000  -22.5000   37.5000 7131.0640   21.0916
    7.5000  -22.5000   37.5000 6862.7021   21.1390
   -7.5000  -15.0000   37.5000 7393.0083   20.6009
    0.0000  -15.0000   37.5000 7785.4951   20.6319
    7.5000  -15.0000   37.5000 7501.2402   20.6777
   -7.5000   -7.5000   37.5000 7985.1270   20.2310
    0.0000   -7.5000   37.5000 8413.4238   20.2567
    7.5000   -7.5000   37.5000 8122.7095   20.2955
   -7.5000    0.0000   37.5000 8520.9824   20.0351
    0.0000    0.0000   37.5000 8982.4727   20.0568
    7.5000    0.0000   37.5000 8687.1631   20.0855
   -7.5000    7.5000   37.5000 8315.3750   20.0091
    0.0000    7.5000   37.5000 8748.0879   20.0326
    7.5000    7.5000   37.5000 8462.3252   20.0614
   -7.5000   15.0000   37.5000 8013.2500   19.7640
    0.0000   15.0000   37.5000 8396.2832   19.7915
    7.5000   15.0000   37.5000 8120.4043   19.8279
   -7.5000   22.5000   37.5000 7612.6333   19.3763
    0.0000   22.5000   37.5000 7971.8057   19.4059
    7.5000   22.5000   37.5000 7711.0791   19.4474
   -7.5000   30.0000   37.5000 7485.9590   19.4796
    0.0000   30.0000   37.5000 7829.4253   19.5078
    7.5000   30.0000   37.5000 7591.3701   19.5503
   -7.5000   37.5000   37.5000 7063.8159   19.1668
    0.0000   37.5000   37.5000 7368.2202   19.1882
    7.5000   37.5000   37.5000 7138.8335   19.2239
   -7.5000   45.0000   37.5000 6604.5991   18.8025
    0.0000   45.0000   37.5000 6892.1494   18.8195
    7.5000   45.0000   37.5000 6678.6724   18.8458
   -7.5000  -45.0000   45.0000 5139.3071   22.2022
    0.0000  -45.0000   45.0000 5434.4082   22.2403
    7.5000  -45.0000   45.0000 5225.6108   22.2845
   -7.5000  -37.5000   45.0000 5522.8008   22.5616
    0.0000  -37.5000   45.0000 5848.5410   22.5988
    7.5000  -37.5000   45.0000 5616.7617   22.6433
   -7.5000  -30.0000   45.0000 5993.2690   22.2608
    0.0000  -30.0000   45.0000 6330.8589   22.2977
    7.5000  -30.0000   45.0000 6079.8047   22.3415
   -7.5000  -22.5000   45.0000 6293.3296   21.6362
    0.0000  -22.5000   45.0000 6642.6050   21.6745
    7.5000  -22.5000   45.0000 6376.1982   21.7168
   -7.5000  -15.0000   45.0000 6880.7642   21.1605
    0.0000  -15.0000   45.0000 7254.5835   21.2006
    7.5000  -15.0000   45.0000 6978.3057   21.2418
   -7.5000   -7.5000   45.0000 7425.3027   20.7754
    0.0000   -7.5000   45.0000 7839.4209   20.8155
    7.5000   -7.5000   45.0000 7555.2002   20.8574
   -7.5000    0.0000   45.0000 7895.9419   20.5627
    0.0000    0.0000   45.0000 8337.8145   20.6021
    7.5000    0.0000   45.0000 8051.9033   20.6424
   -7.5000    7.5000   45.0000 7673.4736   20.5422
    0.0000    7.5000   45.0000 8098.5845   20.5802
    7.5000    7.5000   45.0000 7819.2441   20.6210
   -7.5000   15.0000   45.0000 7396.9932   20.3016
    0.0000   15.0000   45.0000 7777.4985   20.3372
    7.5000   15.0000   45.0000 7514.3516   20.3773
   -7.5000   22.5000   45.0000 7049.7129   19.9130
    0.0000   22.5000   45.0000 7404.7017   19.9479
    7.5000   22.5000   45.0000 7158.1929   19.9856
   -7.5000   30.0000   45.0000 6926.6670   20.0185
    0.0000   30.0000   45.0000 7262.6431   20.0548
    7.5000   30.0000   45.0000 7028.6934   20.0933
   -7.5000   37.5000   45.0000 6526.6543   19.6715
    0.0000   37.5000   45.0000 6830.1367   19.7064
    7.5000   37.5000   45.0000 6608.4922   19.7449
   -7.5000   45.0000   45.0000 6097.1602   19.2741
    0.0000   45.0000   45.0000 6394.0225   19.3071
    7.5000   45.0000   45.0000 6183.9312   19.3438

---------------------------------------------------------------------
imgreg_4dfp /opt/freesurfer/average/711-2C_as_mni_average_305 /opt/freesurfer/average/711-2B_as_mni_average_305_mask talsrcimg_g11 none talsrcimg_to_711-2C_as_mni_average_305_t4 4355
---------------------------------------------------------------------

freesurfer imgreg_4dfp.c
/opt/freesurfer/average/711-2C_as_mni_average_305.4dfp.img
       256       256       256         1
  1.000000  1.000000  1.000000
orientation T byte_order littleendian
Reading image: /opt/freesurfer/average/711-2C_as_mni_average_305.4dfp.img
dimensions:      256       256       256
mmppix:       1.0000   -1.0000   -1.0000
center:     128.0000 -129.0000 -129.0000
/opt/freesurfer/average/711-2B_as_mni_average_305_mask.4dfp.img
       256       256       256         1
  1.000000  1.000000  1.000000
orientation T byte_order littleendian
Reading mask: /opt/freesurfer/average/711-2B_as_mni_average_305_mask.4dfp.img (2306576 pixels)
talsrcimg_g11.4dfp.img
       320       320       320         1
  0.699995  0.699995  0.699995
orientation T byte_order littleendian
Reading image: talsrcimg_g11.4dfp.img
dimensions:      320       320       320
mmppix:       0.7000   -0.7000   -0.7000
center:     111.9992 -112.6992 -112.6992
rotation matrix determinant  1.000000
image alignment mode   4355 decimal     1103 hex
   -7.5000  -37.5000  -45.0000 2142.9158   20.6073
    0.0000  -37.5000  -45.0000 2166.1846   20.3321
    7.5000  -37.5000  -45.0000 2160.4980   20.2550
   -7.5000  -30.0000  -45.0000 2199.5674   19.0554
    0.0000  -30.0000  -45.0000 2228.9084   18.8124
    7.5000  -30.0000  -45.0000 2223.2324   18.7377
   -7.5000  -22.5000  -45.0000 2245.1875   17.8645
    0.0000  -22.5000  -45.0000 2280.7000   17.6739
    7.5000  -22.5000  -45.0000 2273.0200   17.5776
   -7.5000  -15.0000  -45.0000 2282.5295   16.9560
    0.0000  -15.0000  -45.0000 2317.9963   16.7818
    7.5000  -15.0000  -45.0000 2309.7415   16.6749
   -7.5000   -7.5000  -45.0000 2309.3672   16.2301
    0.0000   -7.5000  -45.0000 2342.7146   16.0528
    7.5000   -7.5000  -45.0000 2335.1929   15.9363
   -7.5000    0.0000  -45.0000 2328.5752   15.7323
    0.0000    0.0000  -45.0000 2362.7412   15.5305
    7.5000    0.0000  -45.0000 2362.4431   15.4310
   -7.5000    7.5000  -45.0000 2346.3135   15.4190
    0.0000    7.5000  -45.0000 2379.9114   15.1741
    7.5000    7.5000  -45.0000 2386.1465   15.0859
   -7.5000   15.0000  -45.0000 2360.1536   15.2194
    0.0000   15.0000  -45.0000 2394.5698   14.9885
    7.5000   15.0000  -45.0000 2398.4214   14.8927
   -7.5000   22.5000  -45.0000 2360.2739   15.1903
    0.0000   22.5000  -45.0000 2397.9341   14.9793
    7.5000   22.5000  -45.0000 2399.0820   14.8922
   -7.5000   30.0000  -45.0000 2348.3252   15.4450
    0.0000   30.0000  -45.0000 2388.7126   15.2156
    7.5000   30.0000  -45.0000 2395.5342   15.1738
   -7.5000   37.5000  -45.0000 2301.8921   15.7963
    0.0000   37.5000  -45.0000 2339.7576   15.5442
    7.5000   37.5000  -45.0000 2346.8113   15.5133
   -7.5000   45.0000  -45.0000 2201.4568   16.1451
    0.0000   45.0000  -45.0000 2240.9253   15.8813
    7.5000   45.0000  -45.0000 2249.3403   15.8494
   -7.5000   52.5000  -45.0000 2069.9702   16.4656
    0.0000   52.5000  -45.0000 2106.2859   16.1728
    7.5000   52.5000  -45.0000 2117.4949   16.1324
   -7.5000  -37.5000  -37.5000 2277.9419   20.7337
    0.0000  -37.5000  -37.5000 2305.7778   20.5141
    7.5000  -37.5000  -37.5000 2299.3286   20.3617
   -7.5000  -30.0000  -37.5000 2342.2695   19.1525
    0.0000  -30.0000  -37.5000 2374.6631   18.9305
    7.5000  -30.0000  -37.5000 2367.8252   18.7706
   -7.5000  -22.5000  -37.5000 2397.7156   17.8956
    0.0000  -22.5000  -37.5000 2433.9373   17.6969
    7.5000  -22.5000  -37.5000 2425.7485   17.5479
   -7.5000  -15.0000  -37.5000 2440.4387   16.9010
    0.0000  -15.0000  -37.5000 2474.5903   16.6922
    7.5000  -15.0000  -37.5000 2466.2246   16.5590
   -7.5000   -7.5000  -37.5000 2466.0483   16.1192
    0.0000   -7.5000  -37.5000 2502.1594   15.9208
    7.5000   -7.5000  -37.5000 2494.3184   15.7924
   -7.5000    0.0000  -37.5000 2485.5823   15.5551
    0.0000    0.0000  -37.5000 2526.7043   15.3802
    7.5000    0.0000  -37.5000 2527.0312   15.2425
   -7.5000    7.5000  -37.5000 2505.6499   15.2003
    0.0000    7.5000  -37.5000 2544.6826   15.0101
    7.5000    7.5000  -37.5000 2546.6194   14.8628
   -7.5000   15.0000  -37.5000 2516.8872   14.9762
    0.0000   15.0000  -37.5000 2558.5657   14.7693
    7.5000   15.0000  -37.5000 2560.7847   14.6366
   -7.5000   22.5000  -37.5000 2520.8115   14.9527
    0.0000   22.5000  -37.5000 2563.0598   14.7111
    7.5000   22.5000  -37.5000 2565.4458   14.6242
   -7.5000   30.0000  -37.5000 2514.6885   15.2259
    0.0000   30.0000  -37.5000 2556.1223   14.9737
    7.5000   30.0000  -37.5000 2564.0129   14.9249
   -7.5000   37.5000  -37.5000 2465.7756   15.5985
    0.0000   37.5000  -37.5000 2509.3662   15.3446
    7.5000   37.5000  -37.5000 2515.3940   15.2911
   -7.5000   45.0000  -37.5000 2370.9534   15.9663
    0.0000   45.0000  -37.5000 2411.2783   15.6879
    7.5000   45.0000  -37.5000 2413.3323   15.6119
   -7.5000   52.5000  -37.5000 2229.4177   16.2586
    0.0000   52.5000  -37.5000 2265.9951   15.9472
    7.5000   52.5000  -37.5000 2270.4910   15.8665
   -7.5000  -37.5000  -30.0000 2401.7207   20.8130
    0.0000  -37.5000  -30.0000 2423.8748   20.5526
    7.5000  -37.5000  -30.0000 2417.1404   20.4223
   -7.5000  -30.0000  -30.0000 2468.1748   19.1248
    0.0000  -30.0000  -30.0000 2495.5735   18.8974
    7.5000  -30.0000  -30.0000 2487.2444   18.7266
   -7.5000  -22.5000  -30.0000 2520.0479   17.7753
    0.0000  -22.5000  -30.0000 2552.9397   17.5711
    7.5000  -22.5000  -30.0000 2543.4338   17.4007
   -7.5000  -15.0000  -30.0000 2566.7341   16.7443
    0.0000  -15.0000  -30.0000 2600.8987   16.5166
    7.5000  -15.0000  -30.0000 2588.8540   16.3517
   -7.5000   -7.5000  -30.0000 2598.5232   15.9359
    0.0000   -7.5000  -30.0000 2634.5408   15.7300
    7.5000   -7.5000  -30.0000 2628.4968   15.5937
   -7.5000    0.0000  -30.0000 2618.4248   15.3255
    0.0000    0.0000  -30.0000 2656.4292   15.1373
    7.5000    0.0000  -30.0000 2656.6172   14.9965
   -7.5000    7.5000  -30.0000 2634.7898   14.9038
    0.0000    7.5000  -30.0000 2675.0088   14.7457
    7.5000    7.5000  -30.0000 2676.3057   14.5871
   -7.5000   15.0000  -30.0000 2649.6218   14.6729
    0.0000   15.0000  -30.0000 2690.8997   14.4717
    7.5000   15.0000  -30.0000 2692.7656   14.3172
   -7.5000   22.5000  -30.0000 2663.1614   14.6506
    0.0000   22.5000  -30.0000 2699.7625   14.3351
    7.5000   22.5000  -30.0000 2698.7117   14.2218
   -7.5000   30.0000  -30.0000 2664.9045   14.9240
    0.0000   30.0000  -30.0000 2695.9236   14.6088
    7.5000   30.0000  -30.0000 2702.0459   14.5367
   -7.5000   37.5000  -30.0000 2611.6814   15.3244
    0.0000   37.5000  -30.0000 2648.7642   15.0277
    7.5000   37.5000  -30.0000 2655.7864   14.9359
   -7.5000   45.0000  -30.0000 2511.5830   15.6972
    0.0000   45.0000  -30.0000 2543.4302   15.3907
    7.5000   45.0000  -30.0000 2544.9517   15.2818
   -7.5000   52.5000  -30.0000 2367.1899   16.0516
    0.0000   52.5000  -30.0000 2394.0752   15.7035
    7.5000   52.5000  -30.0000 2397.8870   15.6129
   -7.5000  -37.5000  -22.5000 2436.1909   20.5150
    0.0000  -37.5000  -22.5000 2460.2588   20.2111
    7.5000  -37.5000  -22.5000 2454.6182   20.0876
   -7.5000  -30.0000  -22.5000 2500.0354   18.8269
    0.0000  -30.0000  -22.5000 2525.6672   18.5115
    7.5000  -30.0000  -22.5000 2517.1956   18.3679
   -7.5000  -22.5000  -22.5000 2555.5044   17.4866
    0.0000  -22.5000  -22.5000 2577.8120   17.1581
    7.5000  -22.5000  -22.5000 2571.8623   17.0043
   -7.5000  -15.0000  -22.5000 2601.4846   16.4042
    0.0000  -15.0000  -22.5000 2630.2620   16.1060
    7.5000  -15.0000  -22.5000 2621.4531   15.9413
   -7.5000   -7.5000  -22.5000 2629.6077   15.6297
    0.0000   -7.5000  -22.5000 2660.8271   15.3541
    7.5000   -7.5000  -22.5000 2652.5420   15.2067
   -7.5000    0.0000  -22.5000 2651.7751   15.0958
    0.0000    0.0000  -22.5000 2685.5410   14.8175
    7.5000    0.0000  -22.5000 2681.1423   14.6617
   -7.5000    7.5000  -22.5000 2674.5825   14.7167
    0.0000    7.5000  -22.5000 2709.6594   14.4482
    7.5000    7.5000  -22.5000 2708.5105   14.2943
   -7.5000   15.0000  -22.5000 2696.0908   14.5421
    0.0000   15.0000  -22.5000 2729.1328   14.2121
    7.5000   15.0000  -22.5000 2728.6687   14.0423
   -7.5000   22.5000  -22.5000 2711.5635   14.5231
    0.0000   22.5000  -22.5000 2736.8269   14.0666
    7.5000   22.5000  -22.5000 2732.5320   13.8801
   -7.5000   30.0000  -22.5000 2714.8918   14.7463
    0.0000   30.0000  -22.5000 2732.3484   14.2885
    7.5000   30.0000  -22.5000 2729.8989   14.1254
   -7.5000   37.5000  -22.5000 2660.0957   15.1324
    0.0000   37.5000  -22.5000 2683.9929   14.7308
    7.5000   37.5000  -22.5000 2686.0728   14.5570
   -7.5000   45.0000  -22.5000 2560.1831   15.5295
    0.0000   45.0000  -22.5000 2582.0942   15.0742
    7.5000   45.0000  -22.5000 2582.7944   14.9385
   -7.5000   52.5000  -22.5000 2415.4263   15.8984
    0.0000   52.5000  -22.5000 2432.9314   15.3986
    7.5000   52.5000  -22.5000 2433.6079   15.2679
   -7.5000  -37.5000  -15.0000 2523.9019   20.5695
    0.0000  -37.5000  -15.0000 2550.4546   20.2257
    7.5000  -37.5000  -15.0000 2538.2761   20.0355
   -7.5000  -30.0000  -15.0000 2581.1321   18.7558
    0.0000  -30.0000  -15.0000 2613.5281   18.4332
    7.5000  -30.0000  -15.0000 2602.6404   18.2599
   -7.5000  -22.5000  -15.0000 2635.9937   17.3278
    0.0000  -22.5000  -15.0000 2669.5408   17.0222
    7.5000  -22.5000  -15.0000 2661.4897   16.8547
   -7.5000  -15.0000  -15.0000 2684.9448   16.2084
    0.0000  -15.0000  -15.0000 2723.0696   15.9155
    7.5000  -15.0000  -15.0000 2714.2332   15.7584
   -7.5000   -7.5000  -15.0000 2717.3262   15.4078
    0.0000   -7.5000  -15.0000 2754.0671   15.1331
    7.5000   -7.5000  -15.0000 2751.5193   15.0030
   -7.5000    0.0000  -15.0000 2746.7336   14.8839
    0.0000    0.0000  -15.0000 2779.6648   14.5698
    7.5000    0.0000  -15.0000 2780.6682   14.4475
   -7.5000    7.5000  -15.0000 2777.3210   14.5429
    0.0000    7.5000  -15.0000 2808.4712   14.2204
    7.5000    7.5000  -15.0000 2811.1980   14.0794
   -7.5000   15.0000  -15.0000 2805.5627   14.3844
    0.0000   15.0000  -15.0000 2837.5200   14.0623
    7.5000   15.0000  -15.0000 2840.0066   13.8776
   -7.5000   22.5000  -15.0000 2825.6602   14.4836
    0.0000   22.5000  -15.0000 2854.7517   14.0005
    7.5000   22.5000  -15.0000 2848.5527   13.7962
   -7.5000   30.0000  -15.0000 2823.0383   14.6756
    0.0000   30.0000  -15.0000 2845.1733   14.1313
    7.5000   30.0000  -15.0000 2831.5505   13.8854
   -7.5000   37.5000  -15.0000 2761.2090   14.9754
    0.0000   37.5000  -15.0000 2786.7930   14.4259
    7.5000   37.5000  -15.0000 2780.8726   14.2124
   -7.5000   45.0000  -15.0000 2647.1084   15.3654
    0.0000   45.0000  -15.0000 2681.8943   14.8614
    7.5000   45.0000  -15.0000 2677.4976   14.6757
   -7.5000   52.5000  -15.0000 2499.4968   15.7931
    0.0000   52.5000  -15.0000 2537.1904   15.3713
    7.5000   52.5000  -15.0000 2532.1746   15.1941
   -7.5000  -37.5000   -7.5000 2567.9292   20.4804
    0.0000  -37.5000   -7.5000 2602.8308   20.1462
    7.5000  -37.5000   -7.5000 2590.1150   20.0068
   -7.5000  -30.0000   -7.5000 2627.3982   18.6635
    0.0000  -30.0000   -7.5000 2660.1873   18.2799
    7.5000  -30.0000   -7.5000 2653.5649   18.1828
   -7.5000  -22.5000   -7.5000 2684.5938   17.2201
    0.0000  -22.5000   -7.5000 2718.8718   16.8297
    7.5000  -22.5000   -7.5000 2716.8540   16.7345
   -7.5000  -15.0000   -7.5000 2736.1450   16.0734
    0.0000  -15.0000   -7.5000 2767.7783   15.7061
    7.5000  -15.0000   -7.5000 2765.9060   15.6000
   -7.5000   -7.5000   -7.5000 2769.6296   15.2940
    0.0000   -7.5000   -7.5000 2797.2920   14.8947
    7.5000   -7.5000   -7.5000 2804.2439   14.8303
   -7.5000    0.0000   -7.5000 2802.5601   14.7831
    0.0000    0.0000   -7.5000 2821.5664   14.3456
    7.5000    0.0000   -7.5000 2829.1189   14.2940
   -7.5000    7.5000   -7.5000 2839.3081   14.4906
    0.0000    7.5000   -7.5000 2857.5317   14.1132
    7.5000    7.5000   -7.5000 2862.9753   14.0317
   -7.5000   15.0000   -7.5000 2868.7383   14.3756
    0.0000   15.0000   -7.5000 2908.1316   14.1523
    7.5000   15.0000   -7.5000 2911.3730   14.0392
   -7.5000   22.5000   -7.5000 2881.6726   14.4452
    0.0000   22.5000   -7.5000 2937.2271   14.1442
    7.5000   22.5000   -7.5000 2935.8188   13.9777
   -7.5000   30.0000   -7.5000 2876.5200   14.6611
    0.0000   30.0000   -7.5000 2915.1882   14.1670
    7.5000   30.0000   -7.5000 2902.2935   13.9236
   -7.5000   37.5000   -7.5000 2812.2080   14.9401
    0.0000   37.5000   -7.5000 2850.8323   14.3751
    7.5000   37.5000   -7.5000 2835.2043   14.1406
   -7.5000   45.0000   -7.5000 2696.9333   15.3368
    0.0000   45.0000   -7.5000 2733.4524   14.8543
    7.5000   45.0000   -7.5000 2728.3337   14.6553
   -7.5000   52.5000   -7.5000 2543.9412   15.8527
    0.0000   52.5000   -7.5000 2580.8091   15.4424
    7.5000   52.5000   -7.5000 2577.4255   15.2589
   -7.5000  -37.5000    0.0000 2584.5759   20.4403
    0.0000  -37.5000    0.0000 2622.1663   20.0774
    7.5000  -37.5000    0.0000 2610.8984   20.0372
   -7.5000  -30.0000    0.0000 2649.1316   18.5962
    0.0000  -30.0000    0.0000 2677.8049   18.1391
    7.5000  -30.0000    0.0000 2676.7446   18.1588
   -7.5000  -22.5000    0.0000 2707.9526   17.1769
    0.0000  -22.5000    0.0000 2731.2542   16.6655
    7.5000  -22.5000    0.0000 2740.0686   16.6844
   -7.5000  -15.0000    0.0000 2759.1760   16.0961
    0.0000  -15.0000    0.0000 2773.4275   15.5681
    7.5000  -15.0000    0.0000 2782.8850   15.5867
   -7.5000   -7.5000    0.0000 2796.5383   15.3788
    0.0000   -7.5000    0.0000 2803.2571   14.8529
    7.5000   -7.5000    0.0000 2817.6770   14.8891
   -7.5000    0.0000    0.0000 2826.8186   14.9084
    0.0000    0.0000    0.0000 2839.4702   14.4210
    7.5000    0.0000    0.0000 2849.0769   14.4825
   -7.5000    7.5000    0.0000 2861.3674   14.6411
    0.0000    7.5000    0.0000 2887.4656   14.3105
    7.5000    7.5000    0.0000 2893.7395   14.3532
   -7.5000   15.0000    0.0000 2886.0759   14.5201
    0.0000   15.0000    0.0000 2930.1028   14.3036
    7.5000   15.0000    0.0000 2932.3403   14.2619
   -7.5000   22.5000    0.0000 2894.2141   14.6150
    0.0000   22.5000    0.0000 2950.2019   14.2447
    7.5000   22.5000    0.0000 2936.4417   14.0900
   -7.5000   30.0000    0.0000 2889.8369   14.8341
    0.0000   30.0000    0.0000 2938.4341   14.3909
    7.5000   30.0000    0.0000 2920.2434   14.1520
   -7.5000   37.5000    0.0000 2828.9727   15.1803
    0.0000   37.5000    0.0000 2877.7463   14.7487
    7.5000   37.5000    0.0000 2873.0283   14.5771
   -7.5000   45.0000    0.0000 2714.1689   15.6206
    0.0000   45.0000    0.0000 2755.0896   15.2116
    7.5000   45.0000    0.0000 2755.9094   15.0517
   -7.5000   52.5000    0.0000 2556.6743   16.1410
    0.0000   52.5000    0.0000 2591.8977   15.7442
    7.5000   52.5000    0.0000 2588.3479   15.5843
   -7.5000  -37.5000    7.5000 2586.2368   20.4079
    0.0000  -37.5000    7.5000 2599.7393   19.8733
    7.5000  -37.5000    7.5000 2602.2856   19.9973
   -7.5000  -30.0000    7.5000 2651.8606   18.6894
    0.0000  -30.0000    7.5000 2662.3022   18.0471
    7.5000  -30.0000    7.5000 2673.7810   18.2391
   -7.5000  -22.5000    7.5000 2712.6982   17.3545
    0.0000  -22.5000    7.5000 2718.5913   16.7382
    7.5000  -22.5000    7.5000 2734.5928   16.9137
   -7.5000  -15.0000    7.5000 2761.8950   16.3744
    0.0000  -15.0000    7.5000 2768.7463   15.8213
    7.5000  -15.0000    7.5000 2781.2222   15.9691
   -7.5000   -7.5000    7.5000 2800.6619   15.7016
    0.0000   -7.5000    7.5000 2809.7996   15.2226
    7.5000   -7.5000    7.5000 2822.8464   15.3524
   -7.5000    0.0000    7.5000 2825.6516   15.2263
    0.0000    0.0000    7.5000 2839.7747   14.8075
    7.5000    0.0000    7.5000 2851.3235   14.8863
   -7.5000    7.5000    7.5000 2852.3267   15.0178
    0.0000    7.5000    7.5000 2869.7930   14.5945
    7.5000    7.5000    7.5000 2878.4670   14.5894
   -7.5000   15.0000    7.5000 2877.1467   14.9553
    0.0000   15.0000    7.5000 2900.4827   14.4813
    7.5000   15.0000    7.5000 2902.9480   14.4159
   -7.5000   22.5000    7.5000 2891.4001   15.0760
    0.0000   22.5000    7.5000 2920.9014   14.4293
    7.5000   22.5000    7.5000 2904.9536   14.2440
   -7.5000   30.0000    7.5000 2873.2051   15.3409
    0.0000   30.0000    7.5000 2909.9458   14.7772
    7.5000   30.0000    7.5000 2903.5305   14.6182
   -7.5000   37.5000    7.5000 2807.4104   15.7147
    0.0000   37.5000    7.5000 2850.5718   15.3062
    7.5000   37.5000    7.5000 2849.9604   15.1425
   -7.5000   45.0000    7.5000 2691.3613   16.1780
    0.0000   45.0000    7.5000 2733.3843   15.8216
    7.5000   45.0000    7.5000 2732.6270   15.6558
   -7.5000   52.5000    7.5000 2531.1362   16.6732
    0.0000   52.5000    7.5000 2576.3528   16.3378
    7.5000   52.5000    7.5000 2575.8616   16.1974
   -7.5000  -37.5000   15.0000 2579.4670   20.7076
    0.0000  -37.5000   15.0000 2583.0046   20.1207
    7.5000  -37.5000   15.0000 2594.2192   20.4265
   -7.5000  -30.0000   15.0000 2643.9646   19.0647
    0.0000  -30.0000   15.0000 2654.2834   18.4724
    7.5000  -30.0000   15.0000 2668.9990   18.7745
   -7.5000  -22.5000   15.0000 2703.5894   17.8377
    0.0000  -22.5000   15.0000 2719.3960   17.3270
    7.5000  -22.5000   15.0000 2733.1240   17.5268
   -7.5000  -15.0000   15.0000 2754.1812   16.9558
    0.0000  -15.0000   15.0000 2770.9050   16.4716
    7.5000  -15.0000   15.0000 2776.6260   16.5800
   -7.5000   -7.5000   15.0000 2787.0417   16.2686
    0.0000   -7.5000   15.0000 2804.6406   15.8026
    7.5000   -7.5000   15.0000 2807.3953   15.8623
   -7.5000    0.0000   15.0000 2808.8596   15.7800
    0.0000    0.0000   15.0000 2820.9043   15.2805
    7.5000    0.0000   15.0000 2828.1025   15.3080
   -7.5000    7.5000   15.0000 2837.2273   15.5502
    0.0000    7.5000   15.0000 2844.2446   14.9996
    7.5000    7.5000   15.0000 2855.6536   15.0047
   -7.5000   15.0000   15.0000 2857.0813   15.5174
    0.0000   15.0000   15.0000 2864.1721   14.8763
    7.5000   15.0000   15.0000 2867.7722   14.7859
   -7.5000   22.5000   15.0000 2851.0933   15.6085
    0.0000   22.5000   15.0000 2872.3765   14.8596
    7.5000   22.5000   15.0000 2865.9661   14.7676
   -7.5000   30.0000   15.0000 2830.0239   15.9683
    0.0000   30.0000   15.0000 2857.1709   15.3705
    7.5000   30.0000   15.0000 2861.5583   15.2571
   -7.5000   37.5000   15.0000 2762.5425   16.4018
    0.0000   37.5000   15.0000 2792.0935   15.9466
    7.5000   37.5000   15.0000 2795.5105   15.8118
   -7.5000   45.0000   15.0000 2643.9788   16.9280
    0.0000   45.0000   15.0000 2678.6096   16.5064
    7.5000   45.0000   15.0000 2678.5962   16.3717
   -7.5000   52.5000   15.0000 2490.1252   17.4289
    0.0000   52.5000   15.0000 2535.3643   17.0264
    7.5000   52.5000   15.0000 2536.1191   16.9097
   -7.5000  -37.5000   22.5000 2554.5347   21.3795
    0.0000  -37.5000   22.5000 2572.1709   20.9190
    7.5000  -37.5000   22.5000 2577.2803   21.2191
   -7.5000  -30.0000   22.5000 2624.5796   19.8137
    0.0000  -30.0000   22.5000 2647.9275   19.3374
    7.5000  -30.0000   22.5000 2649.2253   19.5537
   -7.5000  -22.5000   22.5000 2683.8738   18.5934
    0.0000  -22.5000   22.5000 2709.5681   18.1203
    7.5000  -22.5000   22.5000 2710.9292   18.2366
   -7.5000  -15.0000   22.5000 2725.1250   17.6616
    0.0000  -15.0000   22.5000 2750.4116   17.1718
    7.5000  -15.0000   22.5000 2750.8430   17.2375
   -7.5000   -7.5000   22.5000 2752.9917   16.9114
    0.0000   -7.5000   22.5000 2768.7739   16.3698
    7.5000   -7.5000   22.5000 2773.2732   16.4053
   -7.5000    0.0000   22.5000 2779.1023   16.4160
    0.0000    0.0000   22.5000 2788.4824   15.8043
    7.5000    0.0000   22.5000 2800.4736   15.8522
   -7.5000    7.5000   22.5000 2803.3892   16.1829
    0.0000    7.5000   22.5000 2812.9460   15.5413
    7.5000    7.5000   22.5000 2821.0474   15.5430
   -7.5000   15.0000   22.5000 2810.2107   16.1368
    0.0000   15.0000   22.5000 2820.4243   15.4467
    7.5000   15.0000   22.5000 2827.7317   15.3976
   -7.5000   22.5000   22.5000 2797.1042   16.2294
    0.0000   22.5000   22.5000 2817.3210   15.5217
    7.5000   22.5000   22.5000 2818.9775   15.4859
   -7.5000   30.0000   22.5000 2770.7493   16.6398
    0.0000   30.0000   22.5000 2793.4871   16.0588
    7.5000   30.0000   22.5000 2802.0178   15.9904
   -7.5000   37.5000   22.5000 2699.0710   17.1682
    0.0000   37.5000   22.5000 2729.4290   16.6756
    7.5000   37.5000   22.5000 2732.8865   16.5692
   -7.5000   45.0000   22.5000 2586.6904   17.7239
    0.0000   45.0000   22.5000 2618.1345   17.2684
    7.5000   45.0000   22.5000 2616.6902   17.1513
   -7.5000   52.5000   22.5000 2430.5510   18.2060
    0.0000   52.5000   22.5000 2468.2346   17.7885
    7.5000   52.5000   22.5000 2473.7698   17.6307
   -7.5000  -37.5000   30.0000 2518.5779   22.4691
    0.0000  -37.5000   30.0000 2536.0398   22.0279
    7.5000  -37.5000   30.0000 2541.8394   22.1826
   -7.5000  -30.0000   30.0000 2589.2822   20.7789
    0.0000  -30.0000   30.0000 2615.4570   20.2873
    7.5000  -30.0000   30.0000 2613.8982   20.4111
   -7.5000  -22.5000   30.0000 2647.2244   19.4401
    0.0000  -22.5000   30.0000 2678.9834   18.9164
    7.5000  -22.5000   30.0000 2673.7295   19.0276
   -7.5000  -15.0000   30.0000 2680.6609   18.3990
    0.0000  -15.0000   30.0000 2710.6301   17.8671
    7.5000  -15.0000   30.0000 2710.5479   17.9340
   -7.5000   -7.5000   30.0000 2710.7837   17.6754
    0.0000   -7.5000   30.0000 2730.2954   17.0763
    7.5000   -7.5000   30.0000 2733.7314   17.0994
   -7.5000    0.0000   30.0000 2732.6047   17.1392
    0.0000    0.0000   30.0000 2750.4026   16.5155
    7.5000    0.0000   30.0000 2761.6042   16.5241
   -7.5000    7.5000   30.0000 2747.6982   16.8355
    0.0000    7.5000   30.0000 2770.0208   16.2358
    7.5000    7.5000   30.0000 2777.5784   16.2187
   -7.5000   15.0000   30.0000 2752.1443   16.8012
    0.0000   15.0000   30.0000 2770.7100   16.1532
    7.5000   15.0000   30.0000 2777.6711   16.1425
   -7.5000   22.5000   30.0000 2734.2224   16.8920
    0.0000   22.5000   30.0000 2754.8579   16.3015
    7.5000   22.5000   30.0000 2759.9714   16.2906
   -7.5000   30.0000   30.0000 2703.5156   17.3862
    0.0000   30.0000   30.0000 2719.7627   16.8286
    7.5000   30.0000   30.0000 2736.2893   16.7861
   -7.5000   37.5000   30.0000 2631.0308   18.0105
    0.0000   37.5000   30.0000 2656.1199   17.4672
    7.5000   37.5000   30.0000 2665.4609   17.4078
   -7.5000   45.0000   30.0000 2508.2827   18.5905
    0.0000   45.0000   30.0000 2536.8953   18.0656
    7.5000   45.0000   30.0000 2544.4597   18.0041
   -7.5000   52.5000   30.0000 2359.1951   19.0237
    0.0000   52.5000   30.0000 2390.4727   18.5766
    7.5000   52.5000   30.0000 2403.1411   18.4500
   -7.5000  -37.5000   37.5000 2472.3533   23.6232
    0.0000  -37.5000   37.5000 2487.1321   23.1600
    7.5000  -37.5000   37.5000 2491.4062   23.2309
   -7.5000  -30.0000   37.5000 2532.8521   21.7413
    0.0000  -30.0000   37.5000 2554.8958   21.2824
    7.5000  -30.0000   37.5000 2553.8840   21.3252
   -7.5000  -22.5000   37.5000 2582.2686   20.2650
    0.0000  -22.5000   37.5000 2611.4153   19.7415
    7.5000  -22.5000   37.5000 2607.7605   19.8019
   -7.5000  -15.0000   37.5000 2615.4243   19.1412
    0.0000  -15.0000   37.5000 2644.3154   18.5871
    7.5000  -15.0000   37.5000 2641.4802   18.6070
   -7.5000   -7.5000   37.5000 2641.3254   18.3204
    0.0000   -7.5000   37.5000 2672.8757   17.7500
    7.5000   -7.5000   37.5000 2678.2905   17.7929
   -7.5000    0.0000   37.5000 2667.0867   17.7322
    0.0000    0.0000   37.5000 2697.9065   17.1865
    7.5000    0.0000   37.5000 2708.5669   17.1989
   -7.5000    7.5000   37.5000 2677.1707   17.4000
    0.0000    7.5000   37.5000 2707.3091   16.8543
    7.5000    7.5000   37.5000 2719.7588   16.8407
   -7.5000   15.0000   37.5000 2670.5200   17.3279
    0.0000   15.0000   37.5000 2700.1260   16.7500
    7.5000   15.0000   37.5000 2710.4316   16.8054
   -7.5000   22.5000   37.5000 2651.6880   17.4853
    0.0000   22.5000   37.5000 2674.8835   16.9448
    7.5000   22.5000   37.5000 2685.1191   16.9548
   -7.5000   30.0000   37.5000 2615.4863   18.0606
    0.0000   30.0000   37.5000 2639.1858   17.4932
    7.5000   30.0000   37.5000 2660.9119   17.5034
   -7.5000   37.5000   37.5000 2541.8708   18.7483
    0.0000   37.5000   37.5000 2567.2327   18.2153
    7.5000   37.5000   37.5000 2584.4456   18.2071
   -7.5000   45.0000   37.5000 2419.4258   19.3958
    0.0000   45.0000   37.5000 2445.7651   18.8963
    7.5000   45.0000   37.5000 2462.0586   18.8314
   -7.5000   52.5000   37.5000 2273.3372   19.8400
    0.0000   52.5000   37.5000 2303.0803   19.4171
    7.5000   52.5000   37.5000 2320.1082   19.2858
   -7.5000  -37.5000   45.0000 2384.2769   24.7858
    0.0000  -37.5000   45.0000 2401.6887   24.2556
    7.5000  -37.5000   45.0000 2404.8340   24.3226
   -7.5000  -30.0000   45.0000 2437.2432   22.7170
    0.0000  -30.0000   45.0000 2455.2190   22.2204
    7.5000  -30.0000   45.0000 2455.2317   22.1975
   -7.5000  -22.5000   45.0000 2476.5100   21.0633
    0.0000  -22.5000   45.0000 2500.5669   20.5509
    7.5000  -22.5000   45.0000 2499.5627   20.5463
   -7.5000  -15.0000   45.0000 2514.0107   19.8868
    0.0000  -15.0000   45.0000 2544.5486   19.3653
    7.5000  -15.0000   45.0000 2543.4783   19.3792
   -7.5000   -7.5000   45.0000 2546.7969   19.0174
    0.0000   -7.5000   45.0000 2581.5354   18.5249
    7.5000   -7.5000   45.0000 2583.8171   18.4910
   -7.5000    0.0000   45.0000 2567.8955   18.3596
    0.0000    0.0000   45.0000 2603.9880   17.8915
    7.5000    0.0000   45.0000 2610.5632   17.8387
   -7.5000    7.5000   45.0000 2573.4326   17.9607
    0.0000    7.5000   45.0000 2607.6804   17.4891
    7.5000    7.5000   45.0000 2618.5281   17.4856
   -7.5000   15.0000   45.0000 2567.9375   17.8911
    0.0000   15.0000   45.0000 2601.7048   17.3949
    7.5000   15.0000   45.0000 2604.9519   17.4180
   -7.5000   22.5000   45.0000 2549.7148   18.0726
    0.0000   22.5000   45.0000 2574.4500   17.6285
    7.5000   22.5000   45.0000 2584.7170   17.5679
   -7.5000   30.0000   45.0000 2509.9163   18.7016
    0.0000   30.0000   45.0000 2529.7051   18.2101
    7.5000   30.0000   45.0000 2543.3752   18.1901
   -7.5000   37.5000   45.0000 2433.2617   19.4443
    0.0000   37.5000   45.0000 2451.4092   18.9772
    7.5000   37.5000   45.0000 2463.4436   18.9563
   -7.5000   45.0000   45.0000 2311.0085   20.1483
    0.0000   45.0000   45.0000 2337.7412   19.7212
    7.5000   45.0000   45.0000 2348.1572   19.6406
   -7.5000   52.5000   45.0000 2178.0620   20.6784
    0.0000   52.5000   45.0000 2199.0798   20.2689
    7.5000   52.5000   45.0000 2211.5757   20.1819

---------------------------------------------------------------------
imgreg_4dfp /opt/freesurfer/average/711-2C_as_mni_average_305 /opt/freesurfer/average/711-2B_as_mni_average_305_mask talsrcimg_g11 none talsrcimg_to_711-2C_as_mni_average_305_t4 1283
---------------------------------------------------------------------

freesurfer imgreg_4dfp.c
/opt/freesurfer/average/711-2C_as_mni_average_305.4dfp.img
       256       256       256         1
  1.000000  1.000000  1.000000
orientation T byte_order littleendian
Reading image: /opt/freesurfer/average/711-2C_as_mni_average_305.4dfp.img
dimensions:      256       256       256
mmppix:       1.0000   -1.0000   -1.0000
center:     128.0000 -129.0000 -129.0000
/opt/freesurfer/average/711-2B_as_mni_average_305_mask.4dfp.img
       256       256       256         1
  1.000000  1.000000  1.000000
orientation T byte_order littleendian
Reading mask: /opt/freesurfer/average/711-2B_as_mni_average_305_mask.4dfp.img (2306576 pixels)
talsrcimg_g11.4dfp.img
       320       320       320         1
  0.699995  0.699995  0.699995
orientation T byte_order littleendian
Reading image: talsrcimg_g11.4dfp.img
dimensions:      320       320       320
mmppix:       0.7000   -0.7000   -0.7000
center:     111.9992 -112.6992 -112.6992
rotation matrix determinant  1.000000
fimgreg.f
image alignment mode   1283 decimal      503 hex
parameters
    0.0000   22.5000    0.0000    0.0000    0.0000    0.0000
eta,q 0.92538 14.27298
niter,ni,del,rscale     5    3   12.0000    1.2000
parameter  2  0.523630 ->  0.500000 qaram    1.1500
parameter  3  0.655921 ->  0.500000 qaram    1.1500
parameter  6  0.757501 ->  0.500000 qaram    1.1500
parameters
    1.5263   19.0500   -3.4500   -0.3477    0.5639   -3.4500
eta,q 0.92754 14.16509
  0.0892  0.0753  0.0724  0.0739  0.0775  0.0708
  0.0820  0.0738  0.0721  0.0734  0.0745  0.0722
  0.0762  0.0740  0.0725  0.0725  0.0731  0.0727
  0.0747  0.0749  0.0738  0.0722  0.0722  0.0725
  0.0753  0.0771  0.0769  0.0718  0.0734  0.0726
  0.0770  0.0789  0.0809  0.0729  0.0741  0.0748
  0.0785  0.0811  0.0857  0.0755  0.0753  0.0779
niter,ni,del,rscale     7    3   12.0000    1.2000
parameter  4  0.615186 ->  0.500000 qaram    1.1500
parameter  6  0.578600 ->  0.500000 qaram    1.3225
parameters
    3.0566   21.8670   -4.2410   -3.7977   -0.3796   -7.4175
eta,q 0.93350 14.07451
  0.0832  0.0846  0.0783  0.0675  0.0718  0.0677
  0.0763  0.0777  0.0693  0.0676  0.0690  0.0662
  0.0742  0.0725  0.0668  0.0678  0.0680  0.0670
  0.0725  0.0703  0.0692  0.0682  0.0676  0.0678
  0.0698  0.0694  0.0718  0.0681  0.0688  0.0687
  0.0708  0.0693  0.0752  0.0684  0.0713  0.0699
  0.0759  0.0714  0.0803  0.0702  0.0761  0.0714
niter,ni,del,rscale     7    3   12.0000    1.2000
parameters
    2.8925   22.0739   -5.1502   -3.8959   -0.0439   -5.8703
eta,q 0.93414 14.03886
  0.0761  0.0780  0.0757  0.0694  0.0718  0.0738
  0.0710  0.0721  0.0673  0.0668  0.0681  0.0698
  0.0681  0.0680  0.0647  0.0663  0.0667  0.0664
  0.0665  0.0666  0.0666  0.0654  0.0654  0.0652
  0.0676  0.0691  0.0702  0.0661  0.0656  0.0664
  0.0722  0.0726  0.0742  0.0671  0.0675  0.0672
  0.0773  0.0755  0.0778  0.0696  0.0706  0.0686
niter,ni,del,rscale     6    3   12.0000    1.2000
parameters
    2.8222   22.6620   -5.0561   -4.9645    0.2000   -5.8719
eta,q 0.93408 14.03260
  0.0764  0.0767  0.0806  0.0678  0.0712  0.0698
  0.0706  0.0703  0.0704  0.0655  0.0679  0.0671
  0.0678  0.0668  0.0657  0.0657  0.0667  0.0659
  0.0659  0.0659  0.0661  0.0662  0.0660  0.0659
  0.0664  0.0672  0.0693  0.0666  0.0662  0.0660
  0.0713  0.0692  0.0736  0.0670  0.0672  0.0672
  0.0772  0.0727  0.0763  0.0686  0.0705  0.0697
niter,ni,del,rscale     5    3   12.0000    1.2000
parameters
    2.8138   22.9716   -5.4698   -5.2045    0.1253   -5.9468
eta,q 0.93444 14.03138
  0.0763  0.0755  0.0781  0.0685  0.0703  0.0689
  0.0708  0.0697  0.0689  0.0653  0.0672  0.0664
  0.0683  0.0669  0.0654  0.0648  0.0661  0.0657
  0.0659  0.0659  0.0660  0.0656  0.0655  0.0656
  0.0659  0.0668  0.0696  0.0663  0.0659  0.0654
  0.0708  0.0699  0.0743  0.0667  0.0671  0.0665
  0.0772  0.0730  0.0775  0.0677  0.0708  0.0691
niter,ni,del,rscale     4    3   12.0000    1.2000
parameters
    2.8542   23.1848   -5.6535   -5.5623    0.1003   -6.0184
eta,q 0.93473 14.03309
  0.0761  0.0747  0.0791  0.0683  0.0702  0.0684
  0.0708  0.0691  0.0698  0.0652  0.0670  0.0660
  0.0683  0.0664  0.0655  0.0645  0.0656  0.0656
  0.0656  0.0655  0.0655  0.0654  0.0653  0.0653
  0.0654  0.0665  0.0688  0.0663  0.0657  0.0649
  0.0704  0.0696  0.0739  0.0667  0.0668  0.0661
  0.0769  0.0728  0.0773  0.0676  0.0704  0.0688
niter,ni,del,rscale     3    3   12.0000    1.2000
parameters
    2.8768   23.3576   -5.9412   -6.0097    0.1050   -6.1088
eta,q 0.93518 14.03414
  0.0758  0.0743  0.0780  0.0682  0.0699  0.0680
  0.0707  0.0691  0.0698  0.0651  0.0668  0.0656
  0.0681  0.0663  0.0654  0.0642  0.0651  0.0653
  0.0653  0.0652  0.0652  0.0651  0.0648  0.0648
  0.0651  0.0662  0.0685  0.0663  0.0653  0.0646
  0.0702  0.0695  0.0739  0.0668  0.0665  0.0657
  0.0769  0.0728  0.0775  0.0675  0.0700  0.0684
niter,ni,del,rscale     2    3   12.0000    1.2000
parameters
    2.8573   23.5977   -6.2123   -6.5381    0.2106   -6.1785
eta,q 0.93560 14.03583
  0.0753  0.0742  0.0777  0.0681  0.0695  0.0679
  0.0704  0.0692  0.0700  0.0651  0.0666  0.0652
  0.0677  0.0663  0.0653  0.0640  0.0649  0.0647
  0.0648  0.0648  0.0648  0.0647  0.0644  0.0644
  0.0647  0.0658  0.0679  0.0663  0.0647  0.0643
  0.0700  0.0691  0.0735  0.0669  0.0661  0.0654
  0.0768  0.0726  0.0776  0.0676  0.0694  0.0682
niter,ni,del,rscale     1    3   12.0000    1.2000
parameters
    2.7516   23.8968   -6.4979   -7.1635    0.5029   -6.1664
eta,q 0.93604 14.03820
  0.0747  0.0743  0.0771  0.0682  0.0692  0.0684
  0.0697  0.0693  0.0701  0.0652  0.0669  0.0651
  0.0670  0.0663  0.0651  0.0638  0.0650  0.0640
  0.0644  0.0645  0.0644  0.0644  0.0640  0.0640
  0.0645  0.0654  0.0673  0.0663  0.0640  0.0641
  0.0698  0.0688  0.0731  0.0673  0.0656  0.0651
  0.0767  0.0726  0.0776  0.0679  0.0688  0.0683
registration optimization eta report
parameter search radius
    6.0000    6.9000    6.9000    6.9000    6.0000    7.9350
100000*second partial in parameter space
       31.       18.       27.        7.       14.        7.
  0.0747  0.0743  0.0771  0.0682  0.0692  0.0684
  0.0697  0.0693  0.0701  0.0652  0.0669  0.0651
  0.0670  0.0663  0.0651  0.0638  0.0650  0.0640
  0.0644  0.0645  0.0644  0.0644  0.0640  0.0640
  0.0645  0.0654  0.0673  0.0663  0.0640  0.0641
  0.0698  0.0688  0.0731  0.0673  0.0656  0.0651
  0.0767  0.0726  0.0776  0.0679  0.0688  0.0683
    2.7516   23.8968   -6.4979   -7.1635    0.5029   -6.1664
eta,q 0.93604 14.03820

---------------------------------------------------------------------
imgreg_4dfp /opt/freesurfer/average/711-2C_as_mni_average_305 /opt/freesurfer/average/711-2B_as_mni_average_305_mask talsrcimg_g11 none talsrcimg_to_711-2C_as_mni_average_305_t4 3335
---------------------------------------------------------------------

freesurfer imgreg_4dfp.c
/opt/freesurfer/average/711-2C_as_mni_average_305.4dfp.img
       256       256       256         1
  1.000000  1.000000  1.000000
orientation T byte_order littleendian
Reading image: /opt/freesurfer/average/711-2C_as_mni_average_305.4dfp.img
dimensions:      256       256       256
mmppix:       1.0000   -1.0000   -1.0000
center:     128.0000 -129.0000 -129.0000
/opt/freesurfer/average/711-2B_as_mni_average_305_mask.4dfp.img
       256       256       256         1
  1.000000  1.000000  1.000000
orientation T byte_order littleendian
Reading mask: /opt/freesurfer/average/711-2B_as_mni_average_305_mask.4dfp.img (2306576 pixels)
talsrcimg_g11.4dfp.img
       320       320       320         1
  0.699995  0.699995  0.699995
orientation T byte_order littleendian
Reading image: talsrcimg_g11.4dfp.img
dimensions:      320       320       320
mmppix:       0.7000   -0.7000   -0.7000
center:     111.9992 -112.6992 -112.6992
fimgreg.f
image alignment mode   3335 decimal      D07 hex
parameters
    2.7516   23.8968   -6.4979   -0.5824   -1.3664   -0.7844
   10.7665    0.4737  -10.7412   12.4914    0.8777  -12.4696
eta,q 0.93735 14.16629
niter,ni,del,rscale     5    3    5.0000    1.2000
parameter  4  8.238835 ->  0.500000 qaram    1.1500
parameter  5  1.482833 ->  0.500000 qaram    1.1500
parameter  6  0.617959 ->  0.500000 qaram    1.1500
parameter  9 -0.623560 -> -0.500000 qaram    1.1500
parameter 10  0.555292 ->  0.500000 qaram    1.1500
parameters
    3.3192   24.5181   -6.3160   -4.7224   -5.5064   -4.9244
    8.9361    0.3552   -6.6012    8.3514   -1.8439  -11.9836
eta,q 0.95856 14.48900
  0.0661  0.0651  0.0650  0.0444  0.0437  0.0438  0.0448  0.0499  0.0465  0.0418  0.0419  0.0425
  0.0646  0.0639  0.0637  0.0481  0.0450  0.0431  0.0434  0.0461  0.0449  0.0415  0.0414  0.0419
  0.0634  0.0630  0.0627  0.0543  0.0469  0.0432  0.0428  0.0437  0.0437  0.0417  0.0413  0.0415
  0.0627  0.0625  0.0623  0.0623  0.0496  0.0455  0.0430  0.0428  0.0428  0.0422  0.0415  0.0413
  0.0625  0.0623  0.0625  0.0704  0.0532  0.0508  0.0441  0.0435  0.0423  0.0433  0.0421  0.0413
  0.0629  0.0626  0.0632  0.0774  0.0573  0.0583  0.0460  0.0463  0.0422  0.0451  0.0430  0.0417
  0.0640  0.0634  0.0644  0.0826  0.0616  0.0657  0.0484  0.0506  0.0424  0.0475  0.0444  0.0423
niter,ni,del,rscale     7    3    5.0000    1.2000
parameter  3  2.164701 ->  0.500000 qaram    1.1500
parameter  4  0.541106 ->  0.500000 qaram    1.3225
parameter 10 -0.931509 -> -0.500000 qaram    1.3225
parameters
    3.2957   25.7023   -7.6960   -9.4834   -8.7470   -5.6079
    8.6813    1.5362   -5.5267   13.1124   -2.2434  -14.3927
eta,q 0.96435 14.45111
  0.0454  0.0443  0.0377  0.0383  0.0374  0.0389  0.0389  0.0405  0.0384  0.0398  0.0364  0.0360
  0.0433  0.0431  0.0385  0.0370  0.0368  0.0384  0.0378  0.0385  0.0374  0.0385  0.0361  0.0357
  0.0419  0.0421  0.0396  0.0367  0.0366  0.0377  0.0371  0.0375  0.0369  0.0374  0.0358  0.0356
  0.0414  0.0414  0.0411  0.0388  0.0368  0.0366  0.0369  0.0369  0.0367  0.0367  0.0357  0.0357
  0.0419  0.0411  0.0427  0.0442  0.0379  0.0358  0.0371  0.0366  0.0367  0.0360  0.0358  0.0360
  0.0433  0.0411  0.0445  0.0523  0.0399  0.0371  0.0379  0.0371  0.0370  0.0357  0.0361  0.0365
  0.0456  0.0415  0.0465  0.0609  0.0427  0.0426  0.0393  0.0388  0.0376  0.0357  0.0367  0.0373
niter,ni,del,rscale     7    3    5.0000    1.2000
parameter  2 -1.463053 -> -0.500000 qaram    1.1500
parameter  3  1.994503 ->  0.500000 qaram    1.3225
parameter 10 -1.080302 -> -0.500000 qaram    1.5209
parameters
    3.8654   27.0823   -9.2830  -10.8134  -10.8204   -7.1220
    7.9344    2.5815   -5.7538   18.5875   -3.9742  -17.5292
eta,q 0.96935 14.40367
  0.0394  0.0395  0.0309  0.0370  0.0336  0.0348  0.0347  0.0363  0.0342  0.0381  0.0312  0.0309
  0.0376  0.0380  0.0315  0.0353  0.0328  0.0343  0.0337  0.0346  0.0335  0.0363  0.0310  0.0307
  0.0364  0.0366  0.0326  0.0335  0.0324  0.0335  0.0332  0.0337  0.0330  0.0345  0.0308  0.0306
  0.0356  0.0355  0.0341  0.0318  0.0324  0.0324  0.0330  0.0330  0.0329  0.0329  0.0308  0.0308
  0.0355  0.0346  0.0357  0.0318  0.0329  0.0322  0.0334  0.0328  0.0330  0.0314  0.0310  0.0312
  0.0359  0.0339  0.0374  0.0362  0.0343  0.0350  0.0342  0.0333  0.0335  0.0307  0.0314  0.0319
  0.0370  0.0335  0.0393  0.0453  0.0367  0.0412  0.0356  0.0350  0.0344  0.0311  0.0322  0.0328
niter,ni,del,rscale     7    3    5.0000    1.2000
parameter  2 -1.131302 -> -0.500000 qaram    1.3225
parameter  3  0.965753 ->  0.500000 qaram    1.5209
parameter 12  0.751386 ->  0.500000 qaram    1.1500
parameters
    4.3334   28.6693  -11.1081  -10.8077  -12.3946   -8.2718
    7.4883    3.2335   -6.0130   20.5327   -5.4428  -21.6692
eta,q 0.97364 14.39045
  0.0341  0.0366  0.0270  0.0329  0.0286  0.0314  0.0296  0.0327  0.0295  0.0349  0.0273  0.0264
  0.0324  0.0341  0.0269  0.0311  0.0277  0.0302  0.0286  0.0299  0.0285  0.0321  0.0269  0.0263
  0.0313  0.0321  0.0275  0.0291  0.0271  0.0288  0.0279  0.0284  0.0278  0.0296  0.0268  0.0265
  0.0306  0.0306  0.0287  0.0270  0.0270  0.0269  0.0277  0.0277  0.0276  0.0276  0.0269  0.0268
  0.0306  0.0294  0.0303  0.0258  0.0274  0.0269  0.0280  0.0277  0.0279  0.0266  0.0270  0.0273
  0.0311  0.0285  0.0322  0.0281  0.0288  0.0311  0.0288  0.0287  0.0286  0.0277  0.0273  0.0281
  0.0322  0.0282  0.0344  0.0360  0.0314  0.0381  0.0302  0.0313  0.0298  0.0322  0.0279  0.0289
niter,ni,del,rscale     7    3    5.0000    1.2000
parameters
    4.4713   29.8867  -11.8189  -10.7338  -12.9736   -8.6757
    6.7939    3.9217   -5.8490   22.2024   -4.8230  -25.4572
eta,q 0.97494 14.41004
  0.0294  0.0322  0.0280  0.0315  0.0279  0.0310  0.0278  0.0321  0.0280  0.0335  0.0265  0.0255
  0.0278  0.0296  0.0262  0.0297  0.0266  0.0295  0.0267  0.0286  0.0268  0.0303  0.0258  0.0251
  0.0268  0.0276  0.0256  0.0277  0.0259  0.0277  0.0261  0.0267  0.0261  0.0277  0.0255  0.0251
  0.0264  0.0263  0.0259  0.0256  0.0256  0.0256  0.0259  0.0259  0.0258  0.0258  0.0254  0.0254
  0.0265  0.0259  0.0268  0.0244  0.0258  0.0251  0.0263  0.0260  0.0260  0.0251  0.0254  0.0260
  0.0273  0.0262  0.0282  0.0268  0.0268  0.0286  0.0273  0.0272  0.0267  0.0264  0.0257  0.0267
  0.0288  0.0271  0.0301  0.0342  0.0291  0.0347  0.0289  0.0301  0.0279  0.0308  0.0261  0.0277
niter,ni,del,rscale     6    3    5.0000    1.2000
parameters
    4.4251   30.0359  -12.0890  -10.6521  -13.4580   -8.8312
    6.6895    3.8832   -6.0088   23.2401   -4.1248  -25.7908
eta,q 0.97520 14.41819
  0.0279  0.0287  0.0284  0.0313  0.0274  0.0313  0.0275  0.0309  0.0272  0.0326  0.0263  0.0264
  0.0263  0.0267  0.0261  0.0293  0.0260  0.0295  0.0262  0.0277  0.0259  0.0293  0.0255  0.0253
  0.0254  0.0255  0.0250  0.0272  0.0252  0.0273  0.0254  0.0257  0.0252  0.0266  0.0250  0.0248
  0.0251  0.0251  0.0251  0.0250  0.0249  0.0249  0.0250  0.0250  0.0250  0.0250  0.0248  0.0248
  0.0254  0.0254  0.0258  0.0238  0.0252  0.0244  0.0253  0.0255  0.0253  0.0247  0.0249  0.0251
  0.0264  0.0263  0.0272  0.0263  0.0262  0.0281  0.0262  0.0275  0.0261  0.0265  0.0252  0.0257
  0.0282  0.0280  0.0290  0.0340  0.0284  0.0341  0.0278  0.0313  0.0273  0.0311  0.0258  0.0265
niter,ni,del,rscale     5    3    5.0000    1.2000
parameters
    4.4397   30.0656  -12.2100  -10.4920  -13.4884   -8.9545
    6.8377    3.6840   -6.1185   23.3213   -3.7561  -25.7400
eta,q 0.97525 14.42243
  0.0279  0.0282  0.0285  0.0313  0.0274  0.0314  0.0274  0.0307  0.0269  0.0317  0.0262  0.0265
  0.0262  0.0262  0.0260  0.0293  0.0260  0.0296  0.0261  0.0274  0.0257  0.0285  0.0254  0.0253
  0.0252  0.0251  0.0249  0.0271  0.0250  0.0272  0.0252  0.0255  0.0250  0.0260  0.0249  0.0248
  0.0248  0.0248  0.0248  0.0248  0.0246  0.0247  0.0248  0.0248  0.0248  0.0248  0.0247  0.0248
  0.0251  0.0252  0.0255  0.0235  0.0248  0.0241  0.0250  0.0253  0.0250  0.0249  0.0249  0.0250
  0.0261  0.0263  0.0268  0.0260  0.0256  0.0280  0.0258  0.0276  0.0258  0.0273  0.0252  0.0255
  0.0278  0.0280  0.0286  0.0338  0.0277  0.0342  0.0273  0.0317  0.0270  0.0325  0.0259  0.0263
niter,ni,del,rscale     4    3    5.0000    1.2000
parameters
    4.4184   30.0571  -12.2607  -10.4527  -13.4489   -9.0105
    6.8804    3.5596   -6.1218   23.2998   -3.5930  -25.6756
eta,q 0.97523 14.42441
  0.0278  0.0281  0.0286  0.0313  0.0274  0.0314  0.0274  0.0308  0.0270  0.0316  0.0261  0.0266
  0.0261  0.0261  0.0261  0.0293  0.0261  0.0296  0.0260  0.0275  0.0258  0.0284  0.0253  0.0254
  0.0251  0.0251  0.0249  0.0270  0.0251  0.0273  0.0251  0.0255  0.0250  0.0260  0.0249  0.0248
  0.0248  0.0248  0.0248  0.0247  0.0247  0.0247  0.0248  0.0247  0.0248  0.0248  0.0248  0.0248
  0.0251  0.0252  0.0254  0.0235  0.0248  0.0241  0.0250  0.0253  0.0250  0.0249  0.0249  0.0250
  0.0261  0.0263  0.0267  0.0263  0.0256  0.0278  0.0259  0.0275  0.0258  0.0274  0.0253  0.0255
  0.0279  0.0280  0.0284  0.0343  0.0277  0.0340  0.0274  0.0316  0.0270  0.0327  0.0260  0.0263
niter,ni,del,rscale     3    3    5.0000    1.2000
parameters
    4.4051   30.0507  -12.2840  -10.4354  -13.4214   -9.0263
    6.8752    3.5045   -6.1009   23.2722   -3.5426  -25.6380
eta,q 0.97522 14.42508
  0.0278  0.0281  0.0287  0.0313  0.0275  0.0314  0.0274  0.0309  0.0270  0.0316  0.0261  0.0266
  0.0261  0.0262  0.0261  0.0293  0.0261  0.0297  0.0260  0.0276  0.0258  0.0284  0.0253  0.0254
  0.0251  0.0251  0.0249  0.0271  0.0251  0.0273  0.0251  0.0256  0.0250  0.0260  0.0249  0.0248
  0.0248  0.0248  0.0248  0.0248  0.0248  0.0248  0.0248  0.0248  0.0248  0.0248  0.0248  0.0248
  0.0251  0.0252  0.0254  0.0236  0.0249  0.0241  0.0250  0.0252  0.0250  0.0250  0.0249  0.0250
  0.0262  0.0263  0.0267  0.0263  0.0257  0.0278  0.0259  0.0274  0.0258  0.0275  0.0253  0.0255
  0.0279  0.0280  0.0283  0.0344  0.0278  0.0339  0.0275  0.0315  0.0270  0.0327  0.0260  0.0263
registration optimization eta report
parameter search radius
    2.4000    3.1740    3.6501    9.5220    8.2800    8.2800
    7.2000    7.2000    8.2800   10.9503    7.2000    8.2800
100000*second partial in parameter space
       54.       32.       28.        9.        4.       11.
        5.       13.        3.        6.        3.        2.
  0.0278  0.0281  0.0287  0.0313  0.0275  0.0314  0.0274  0.0309  0.0270  0.0316  0.0261  0.0266
  0.0261  0.0262  0.0261  0.0293  0.0261  0.0297  0.0260  0.0276  0.0258  0.0284  0.0253  0.0254
  0.0251  0.0251  0.0249  0.0271  0.0251  0.0273  0.0251  0.0256  0.0250  0.0260  0.0249  0.0248
  0.0248  0.0248  0.0248  0.0248  0.0248  0.0248  0.0248  0.0248  0.0248  0.0248  0.0248  0.0248
  0.0251  0.0252  0.0254  0.0236  0.0249  0.0241  0.0250  0.0252  0.0250  0.0250  0.0249  0.0250
  0.0262  0.0263  0.0267  0.0263  0.0257  0.0278  0.0259  0.0274  0.0258  0.0275  0.0253  0.0255
  0.0279  0.0280  0.0283  0.0344  0.0278  0.0339  0.0275  0.0315  0.0270  0.0327  0.0260  0.0263
    4.4051   30.0507  -12.2840  -10.4354  -13.4214   -9.0263
    6.8752    3.5045   -6.1009   23.2722   -3.5426  -25.6380
eta,q 0.97522 14.42508

---------------------------------------------------------------------
imgreg_4dfp /opt/freesurfer/average/711-2C_as_mni_average_305 /opt/freesurfer/average/711-2B_as_mni_average_305_mask talsrcimg_g11 none talsrcimg_to_711-2C_as_mni_average_305_t4 2311
---------------------------------------------------------------------

freesurfer imgreg_4dfp.c
/opt/freesurfer/average/711-2C_as_mni_average_305.4dfp.img
       256       256       256         1
  1.000000  1.000000  1.000000
orientation T byte_order littleendian
Reading image: /opt/freesurfer/average/711-2C_as_mni_average_305.4dfp.img
dimensions:      256       256       256
mmppix:       1.0000   -1.0000   -1.0000
center:     128.0000 -129.0000 -129.0000
/opt/freesurfer/average/711-2B_as_mni_average_305_mask.4dfp.img
       256       256       256         1
  1.000000  1.000000  1.000000
orientation T byte_order littleendian
Reading mask: /opt/freesurfer/average/711-2B_as_mni_average_305_mask.4dfp.img (2306576 pixels)
talsrcimg_g11.4dfp.img
       320       320       320         1
  0.699995  0.699995  0.699995
orientation T byte_order littleendian
Reading image: talsrcimg_g11.4dfp.img
dimensions:      320       320       320
mmppix:       0.7000   -0.7000   -0.7000
center:     111.9992 -112.6992 -112.6992
fimgreg.f
image alignment mode   2311 decimal      907 hex
parameters
    4.4051   30.0507  -12.2840  -10.4354  -13.4214   -9.0263
    6.8752    3.5045   -6.1009   23.2722   -3.5426  -25.6380
eta,q 0.97522 14.42509
niter,ni,del,rscale     5    3    5.0000    0.8000
parameter  4 -0.683644 -> -0.500000 qaram    1.1500
parameters
    4.4059   29.9785  -12.6280   -7.6754  -14.0239   -8.9300
    6.4098    3.5439   -6.0339   24.5472   -3.8087  -25.2779
eta,q 0.97673 14.48450
  0.0261  0.0255  0.0252  0.0282  0.0242  0.0277  0.0248  0.0280  0.0244  0.0259  0.0244  0.0242
  0.0254  0.0251  0.0249  0.0271  0.0238  0.0262  0.0240  0.0256  0.0239  0.0248  0.0237  0.0237
  0.0249  0.0248  0.0247  0.0259  0.0235  0.0246  0.0236  0.0241  0.0236  0.0240  0.0234  0.0234
  0.0248  0.0248  0.0248  0.0247  0.0235  0.0235  0.0235  0.0235  0.0235  0.0235  0.0233  0.0233
  0.0249  0.0249  0.0250  0.0238  0.0237  0.0235  0.0238  0.0239  0.0236  0.0233  0.0235  0.0233
  0.0254  0.0252  0.0253  0.0236  0.0241  0.0250  0.0244  0.0254  0.0239  0.0235  0.0239  0.0235
  0.0261  0.0257  0.0258  0.0244  0.0247  0.0283  0.0255  0.0280  0.0244  0.0243  0.0247  0.0239
niter,ni,del,rscale     5    3    5.0000    0.8000
parameters
    4.3443   29.9873  -12.4337   -8.3625  -13.4355   -8.6007
    6.4106    3.4654   -6.1839   24.2642   -3.8785  -25.2512
eta,q 0.97670 14.49989
  0.0253  0.0243  0.0246  0.0267  0.0245  0.0280  0.0248  0.0276  0.0242  0.0249  0.0244  0.0240
  0.0241  0.0237  0.0239  0.0253  0.0240  0.0264  0.0240  0.0253  0.0237  0.0241  0.0238  0.0236
  0.0235  0.0234  0.0234  0.0240  0.0236  0.0246  0.0235  0.0238  0.0234  0.0235  0.0234  0.0234
  0.0233  0.0233  0.0233  0.0233  0.0234  0.0234  0.0233  0.0233  0.0233  0.0233  0.0233  0.0233
  0.0236  0.0234  0.0233  0.0238  0.0234  0.0232  0.0235  0.0238  0.0234  0.0235  0.0235  0.0234
  0.0244  0.0237  0.0236  0.0261  0.0236  0.0245  0.0240  0.0254  0.0238  0.0242  0.0238  0.0236
  0.0257  0.0242  0.0241  0.0303  0.0241  0.0278  0.0249  0.0280  0.0243  0.0255  0.0245  0.0240
niter,ni,del,rscale     4    3    5.0000    0.7000
parameters
    4.3485   29.9522  -12.3409   -8.3902  -13.5210   -8.2667
    6.3854    3.4964   -6.2136   24.2342   -3.9626  -25.1893
eta,q 0.97680 14.49765
  0.0249  0.0240  0.0242  0.0264  0.0240  0.0272  0.0244  0.0268  0.0239  0.0246  0.0241  0.0238
  0.0240  0.0236  0.0237  0.0252  0.0236  0.0257  0.0237  0.0249  0.0235  0.0239  0.0236  0.0234
  0.0235  0.0234  0.0234  0.0241  0.0234  0.0243  0.0233  0.0237  0.0233  0.0234  0.0233  0.0232
  0.0233  0.0233  0.0233  0.0233  0.0233  0.0233  0.0232  0.0232  0.0232  0.0232  0.0232  0.0232
  0.0235  0.0234  0.0234  0.0233  0.0234  0.0231  0.0233  0.0236  0.0233  0.0233  0.0233  0.0233
  0.0240  0.0237  0.0236  0.0245  0.0236  0.0242  0.0237  0.0247  0.0235  0.0238  0.0236  0.0234
  0.0248  0.0241  0.0240  0.0273  0.0240  0.0267  0.0244  0.0267  0.0239  0.0247  0.0242  0.0237
niter,ni,del,rscale     3    3    5.0000    0.6000
parameters
    4.3557   29.9450  -12.2084   -8.2635  -13.6820   -8.0101
    6.3532    3.5356   -6.1799   24.2494   -4.0483  -25.1273
eta,q 0.97691 14.49454
  0.0244  0.0237  0.0239  0.0257  0.0236  0.0262  0.0240  0.0258  0.0237  0.0241  0.0238  0.0235
  0.0237  0.0234  0.0236  0.0247  0.0233  0.0249  0.0235  0.0244  0.0233  0.0236  0.0234  0.0233
  0.0233  0.0233  0.0233  0.0238  0.0232  0.0238  0.0232  0.0234  0.0232  0.0233  0.0232  0.0231
  0.0232  0.0232  0.0232  0.0232  0.0232  0.0232  0.0231  0.0231  0.0231  0.0231  0.0231  0.0231
  0.0233  0.0233  0.0232  0.0232  0.0232  0.0231  0.0232  0.0234  0.0231  0.0232  0.0232  0.0231
  0.0237  0.0235  0.0234  0.0240  0.0234  0.0239  0.0235  0.0243  0.0233  0.0235  0.0234  0.0233
  0.0244  0.0237  0.0236  0.0259  0.0237  0.0259  0.0240  0.0258  0.0236  0.0242  0.0239  0.0235
niter,ni,del,rscale     2    3    5.0000    0.5000
parameters
    4.3572   29.9402  -12.0741   -8.1165  -13.8237   -7.8015
    6.3107    3.5569   -6.1358   24.2395   -4.1070  -25.0910
eta,q 0.97698 14.49090
  0.0239  0.0235  0.0237  0.0250  0.0234  0.0253  0.0236  0.0250  0.0234  0.0237  0.0235  0.0233
  0.0235  0.0233  0.0234  0.0242  0.0232  0.0243  0.0233  0.0239  0.0232  0.0234  0.0232  0.0231
  0.0232  0.0231  0.0232  0.0235  0.0231  0.0235  0.0231  0.0233  0.0231  0.0231  0.0231  0.0231
  0.0231  0.0231  0.0231  0.0231  0.0231  0.0231  0.0230  0.0230  0.0230  0.0230  0.0230  0.0230
  0.0232  0.0231  0.0231  0.0231  0.0231  0.0231  0.0231  0.0232  0.0231  0.0231  0.0231  0.0231
  0.0235  0.0233  0.0232  0.0237  0.0232  0.0236  0.0233  0.0239  0.0232  0.0233  0.0233  0.0231
  0.0239  0.0235  0.0234  0.0250  0.0234  0.0250  0.0237  0.0250  0.0234  0.0238  0.0236  0.0233
niter,ni,del,rscale     1    3    5.0000    0.4000
parameters
    4.3585   29.9500  -11.9687   -7.9943  -13.9933   -7.6059
    6.2598    3.5763   -6.1029   24.2403   -4.1423  -25.0511
eta,q 0.97703 14.48609
  0.0236  0.0233  0.0234  0.0243  0.0232  0.0245  0.0234  0.0243  0.0232  0.0234  0.0233  0.0232
  0.0233  0.0231  0.0232  0.0237  0.0231  0.0238  0.0231  0.0236  0.0231  0.0232  0.0231  0.0231
  0.0231  0.0230  0.0231  0.0233  0.0230  0.0233  0.0230  0.0231  0.0230  0.0230  0.0230  0.0230
  0.0230  0.0230  0.0230  0.0230  0.0230  0.0230  0.0230  0.0230  0.0230  0.0230  0.0230  0.0230
  0.0231  0.0230  0.0230  0.0230  0.0230  0.0230  0.0230  0.0231  0.0230  0.0230  0.0230  0.0230
  0.0233  0.0231  0.0231  0.0234  0.0231  0.0233  0.0232  0.0235  0.0231  0.0232  0.0231  0.0231
  0.0236  0.0233  0.0232  0.0243  0.0232  0.0242  0.0234  0.0242  0.0232  0.0234  0.0233  0.0232
registration optimization eta report
parameter search radius
    0.8000    0.8000    0.8000    2.7600    2.4000    2.4000
    2.4000    2.4000    2.4000    2.4000    2.4000    2.4000
100000*second partial in parameter space
       86.       39.       45.       17.        4.       24.
        7.       22.        4.        8.        6.        3.
  0.0236  0.0233  0.0234  0.0243  0.0232  0.0245  0.0234  0.0243  0.0232  0.0234  0.0233  0.0232
  0.0233  0.0231  0.0232  0.0237  0.0231  0.0238  0.0231  0.0236  0.0231  0.0232  0.0231  0.0231
  0.0231  0.0230  0.0231  0.0233  0.0230  0.0233  0.0230  0.0231  0.0230  0.0230  0.0230  0.0230
  0.0230  0.0230  0.0230  0.0230  0.0230  0.0230  0.0230  0.0230  0.0230  0.0230  0.0230  0.0230
  0.0231  0.0230  0.0230  0.0230  0.0230  0.0230  0.0230  0.0231  0.0230  0.0230  0.0230  0.0230
  0.0233  0.0231  0.0231  0.0234  0.0231  0.0233  0.0232  0.0235  0.0231  0.0232  0.0231  0.0231
  0.0236  0.0233  0.0232  0.0243  0.0232  0.0242  0.0234  0.0242  0.0232  0.0234  0.0233  0.0232
    4.3585   29.9500  -11.9687   -7.9943  -13.9933   -7.6059
    6.2598    3.5763   -6.1029   24.2403   -4.1423  -25.0511
eta,q 0.97703 14.48609

---------------------------------------------------------------------
imgreg_4dfp /opt/freesurfer/average/711-2C_as_mni_average_305 /opt/freesurfer/average/711-2B_as_mni_average_305_mask talsrcimg_g11 none talsrcimg_to_711-2C_as_mni_average_305_t4 2311
---------------------------------------------------------------------

freesurfer imgreg_4dfp.c
/opt/freesurfer/average/711-2C_as_mni_average_305.4dfp.img
       256       256       256         1
  1.000000  1.000000  1.000000
orientation T byte_order littleendian
Reading image: /opt/freesurfer/average/711-2C_as_mni_average_305.4dfp.img
dimensions:      256       256       256
mmppix:       1.0000   -1.0000   -1.0000
center:     128.0000 -129.0000 -129.0000
/opt/freesurfer/average/711-2B_as_mni_average_305_mask.4dfp.img
       256       256       256         1
  1.000000  1.000000  1.000000
orientation T byte_order littleendian
Reading mask: /opt/freesurfer/average/711-2B_as_mni_average_305_mask.4dfp.img (2306576 pixels)
talsrcimg_g11.4dfp.img
       320       320       320         1
  0.699995  0.699995  0.699995
orientation T byte_order littleendian
Reading image: talsrcimg_g11.4dfp.img
dimensions:      320       320       320
mmppix:       0.7000   -0.7000   -0.7000
center:     111.9992 -112.6992 -112.6992
fimgreg.f
image alignment mode   2311 decimal      907 hex
parameters
    4.3585   29.9500  -11.9687   -7.9943  -13.9933   -7.6059
    6.2598    3.5763   -6.1029   24.2403   -4.1423  -25.0511
eta,q 0.97703 14.48609
niter,ni,del,rscale     5    3    5.0000    0.8000
parameters
    4.3675   29.9793  -11.8292   -8.5387  -13.8458   -7.8799
    6.4204    3.5745   -6.1101   24.0458   -4.0788  -25.2945
eta,q 0.97684 14.48274
  0.0252  0.0240  0.0243  0.0257  0.0240  0.0271  0.0247  0.0274  0.0241  0.0247  0.0243  0.0238
  0.0240  0.0234  0.0235  0.0245  0.0235  0.0254  0.0239  0.0251  0.0235  0.0239  0.0237  0.0234
  0.0232  0.0231  0.0232  0.0235  0.0232  0.0239  0.0233  0.0237  0.0232  0.0233  0.0233  0.0232
  0.0230  0.0230  0.0230  0.0230  0.0231  0.0231  0.0231  0.0231  0.0231  0.0231  0.0231  0.0231
  0.0232  0.0231  0.0230  0.0233  0.0231  0.0233  0.0233  0.0236  0.0232  0.0233  0.0233  0.0232
  0.0240  0.0234  0.0234  0.0250  0.0234  0.0255  0.0237  0.0250  0.0235  0.0239  0.0236  0.0235
  0.0252  0.0239  0.0239  0.0282  0.0240  0.0290  0.0245  0.0275  0.0241  0.0252  0.0242  0.0239
niter,ni,del,rscale     4    3    5.0000    0.7000
parameters
    4.3779   29.9646  -12.0305   -8.3863  -13.8651   -7.9536
    6.3612    3.5887   -6.1609   24.2005   -4.0837  -25.2672
eta,q 0.97689 14.48642
  0.0247  0.0239  0.0237  0.0257  0.0238  0.0266  0.0243  0.0266  0.0238  0.0245  0.0240  0.0237
  0.0238  0.0235  0.0234  0.0247  0.0234  0.0251  0.0236  0.0247  0.0234  0.0238  0.0235  0.0233
  0.0233  0.0232  0.0231  0.0238  0.0232  0.0238  0.0233  0.0235  0.0232  0.0233  0.0232  0.0232
  0.0232  0.0232  0.0232  0.0231  0.0231  0.0231  0.0231  0.0231  0.0231  0.0231  0.0231  0.0231
  0.0233  0.0233  0.0233  0.0231  0.0232  0.0232  0.0233  0.0235  0.0232  0.0232  0.0232  0.0232
  0.0238  0.0235  0.0237  0.0239  0.0234  0.0247  0.0237  0.0246  0.0235  0.0236  0.0235  0.0233
  0.0247  0.0239  0.0241  0.0258  0.0238  0.0276  0.0244  0.0266  0.0239  0.0244  0.0240  0.0237
niter,ni,del,rscale     3    3    5.0000    0.6000
parameters
    4.3726   29.9586  -12.0692   -8.1764  -13.8936   -7.9047
    6.3301    3.5846   -6.1433   24.2436   -4.0855  -25.1833
eta,q 0.97695 14.48770
  0.0243  0.0236  0.0236  0.0252  0.0236  0.0259  0.0239  0.0257  0.0236  0.0241  0.0238  0.0235
  0.0236  0.0233  0.0233  0.0243  0.0233  0.0247  0.0235  0.0243  0.0233  0.0236  0.0234  0.0232
  0.0232  0.0232  0.0231  0.0236  0.0231  0.0236  0.0232  0.0234  0.0231  0.0232  0.0231  0.0231
  0.0231  0.0231  0.0231  0.0231  0.0231  0.0231  0.0231  0.0231  0.0231  0.0231  0.0231  0.0231
  0.0232  0.0232  0.0232  0.0231  0.0231  0.0231  0.0232  0.0233  0.0231  0.0231  0.0231  0.0231
  0.0236  0.0234  0.0234  0.0237  0.0233  0.0241  0.0235  0.0243  0.0233  0.0235  0.0234  0.0232
  0.0243  0.0236  0.0237  0.0251  0.0236  0.0262  0.0240  0.0258  0.0236  0.0241  0.0238  0.0235
niter,ni,del,rscale     2    3    5.0000    0.5000
parameters
    4.3678   29.9550  -12.0161   -8.0202  -13.9589   -7.7740
    6.2909    3.5860   -6.0989   24.2606   -4.1065  -25.0811
eta,q 0.97700 14.48707
  0.0239  0.0234  0.0235  0.0246  0.0234  0.0252  0.0236  0.0250  0.0234  0.0237  0.0235  0.0233
  0.0234  0.0232  0.0233  0.0239  0.0232  0.0242  0.0233  0.0239  0.0232  0.0233  0.0232  0.0231
  0.0231  0.0231  0.0231  0.0234  0.0231  0.0234  0.0231  0.0232  0.0230  0.0231  0.0231  0.0230
  0.0231  0.0231  0.0231  0.0231  0.0230  0.0230  0.0230  0.0230  0.0230  0.0230  0.0230  0.0230
  0.0232  0.0231  0.0231  0.0231  0.0231  0.0231  0.0231  0.0232  0.0230  0.0230  0.0230  0.0230
  0.0234  0.0232  0.0232  0.0235  0.0232  0.0236  0.0233  0.0239  0.0232  0.0233  0.0232  0.0231
  0.0239  0.0234  0.0234  0.0245  0.0234  0.0251  0.0237  0.0250  0.0234  0.0237  0.0235  0.0233
niter,ni,del,rscale     1    3    5.0000    0.4000
parameters
    4.3638   29.9537  -11.9486   -7.9106  -14.0443   -7.6146
    6.2486    3.5781   -6.0735   24.2470   -4.1384  -25.0228
eta,q 0.97703 14.48404
  0.0236  0.0232  0.0233  0.0240  0.0232  0.0245  0.0234  0.0243  0.0232  0.0234  0.0233  0.0232
  0.0232  0.0231  0.0231  0.0236  0.0231  0.0238  0.0232  0.0235  0.0231  0.0232  0.0231  0.0231
  0.0231  0.0230  0.0230  0.0232  0.0230  0.0232  0.0230  0.0231  0.0230  0.0230  0.0230  0.0230
  0.0230  0.0230  0.0230  0.0230  0.0230  0.0230  0.0230  0.0230  0.0230  0.0230  0.0230  0.0230
  0.0231  0.0230  0.0230  0.0230  0.0230  0.0230  0.0230  0.0231  0.0230  0.0230  0.0230  0.0230
  0.0233  0.0231  0.0231  0.0233  0.0231  0.0234  0.0232  0.0235  0.0231  0.0232  0.0231  0.0230
  0.0236  0.0232  0.0232  0.0240  0.0232  0.0242  0.0234  0.0243  0.0232  0.0235  0.0233  0.0231
registration optimization eta report
parameter search radius
    0.8000    0.8000    0.8000    2.4000    2.4000    2.4000
    2.4000    2.4000    2.4000    2.4000    2.4000    2.4000
100000*second partial in parameter space
       87.       38.       45.       17.        4.       24.
        7.       23.        4.        8.        6.        3.
  0.0236  0.0232  0.0233  0.0240  0.0232  0.0245  0.0234  0.0243  0.0232  0.0234  0.0233  0.0232
  0.0232  0.0231  0.0231  0.0236  0.0231  0.0238  0.0232  0.0235  0.0231  0.0232  0.0231  0.0231
  0.0231  0.0230  0.0230  0.0232  0.0230  0.0232  0.0230  0.0231  0.0230  0.0230  0.0230  0.0230
  0.0230  0.0230  0.0230  0.0230  0.0230  0.0230  0.0230  0.0230  0.0230  0.0230  0.0230  0.0230
  0.0231  0.0230  0.0230  0.0230  0.0230  0.0230  0.0230  0.0231  0.0230  0.0230  0.0230  0.0230
  0.0233  0.0231  0.0231  0.0233  0.0231  0.0234  0.0232  0.0235  0.0231  0.0232  0.0231  0.0230
  0.0236  0.0232  0.0232  0.0240  0.0232  0.0242  0.0234  0.0243  0.0232  0.0235  0.0233  0.0231
    4.3638   29.9537  -11.9486   -7.9106  -14.0443   -7.6146
    6.2486    3.5781   -6.0735   24.2470   -4.1384  -25.0228
eta,q 0.97703 14.48404

---------------------------------------------------------------------
compute_vox2vox talsrcimg talsrcimg_to_711-2C_as_mni_average_305_t4 /opt/freesurfer/average/711-2C_as_mni_average_305
---------------------------------------------------------------------

freesurfer compute_vox2vox.c
Reading: talsrcimg.4dfp.ifh
Reading: talsrcimg_to_711-2C_as_mni_average_305_t4
Reading: /opt/freesurfer/average/711-2C_as_mni_average_305.4dfp.ifh
Writing: talsrcimg_to_711-2C_as_mni_average_305_t4_vox2vox.txt

start time Fri Mar 13 08:11:19 CET 2026
end		time Fri Mar 13 08:12:50 CET 2026

mpr2mni305 success

avi2talxfm orig_nu.mgz /opt/freesurfer/average/mni305.cor.mgz talsrcimg_to_711-2C_as_mni_average_305_t4_vox2vox.txt transforms/talairach.auto.xfm
avi2talxfm done
mv -f /out/sourcedata/freesurfer/sub-v2s5x29572_ses-1/mri/talsrcimg_to_711-2C_as_mni_average_305_t4_vox2vox.txt /out/sourcedata/freesurfer/sub-v2s5x29572_ses-1/mri/transforms/talsrcimg_to_711-2C_as_mni_average_305_t4_vox2vox.txt
lta_convert --src orig_nu.mgz --trg /opt/freesurfer/average/mni305.cor.mgz --inxfm transforms/talairach.auto.xfm --outlta transforms/talairach.auto.xfm.lta --subject fsaverage
7.3.2

--src: orig_nu.mgz src image (geometry).
--trg: /opt/freesurfer/average/mni305.cor.mgz trg image (geometry).
--inmni: transforms/talairach.auto.xfm input MNI/XFM transform.
--outlta: transforms/talairach.auto.xfm.lta output LTA.
--s: fsaverage subject name
 LTA read, type : 1
 1.07947  -0.01971  -0.08421  -2.10227;
 0.06412   1.00443   0.28774  -17.13242;
 0.05819  -0.28473   1.07628   4.20308;
 0.00000   0.00000   0.00000   1.00000;
setting subject to fsaverage
Writing  LTA to file transforms/talairach.auto.xfm.lta...
lta_convert successful.
 
 
Started at Fri Mar 13 08:11:19 CET 2026
Ended   at Fri Mar 13 08:12:50 CET 2026
talairach_avi done
