status file for recon-all
Fri Mar 13 10:36:52 CET 2026
#@# Tessellate lh Fri Mar 13 10:36:52 CET 2026
#@# Smooth1 lh Fri Mar 13 10:36:57 CET 2026
#@# Inflation1 lh Fri Mar 13 10:37:01 CET 2026
#@# QSphere lh Fri Mar 13 10:39:40 CET 2026
#@# Fix Topology lh Fri Mar 13 10:41:12 CET 2026
#@# Smooth2 lh Fri Mar 13 10:50:20 CET 2026
#@# Inflation2 lh Fri Mar 13 10:50:25 CET 2026
#@# Curv .H and .K lh Fri Mar 13 10:51:13 CET 2026
#@# Sphere lh Fri Mar 13 10:52:39 CET 2026
#@# Surf Reg lh Fri Mar 13 11:01:31 CET 2026
#@# Jacobian white lh Fri Mar 13 11:13:16 CET 2026
#@# AvgCurv lh Fri Mar 13 11:13:17 CET 2026
#@# Cortical Parc lh Fri Mar 13 11:13:19 CET 2026
#@# white curv lh Fri Mar 13 11:24:04 CET 2026
#@# white area lh Fri Mar 13 11:24:07 CET 2026
#@# pial curv lh Fri Mar 13 11:24:08 CET 2026
#@# pial area lh Fri Mar 13 11:24:11 CET 2026
#@# thickness lh Fri Mar 13 11:24:12 CET 2026
#@# area and vertex vol lh Fri Mar 13 11:25:04 CET 2026
#@# Curvature Stats lh Fri Mar 13 11:25:06 CET 2026
#@# Cortical Parc 2 lh Fri Mar 13 11:25:11 CET 2026
#@# Cortical Parc 3 lh Fri Mar 13 11:25:33 CET 2026
#@# WM/GM Contrast lh Fri Mar 13 11:25:50 CET 2026
recon-all -s sub-v2s5x29574_ses-1 finished without error at Fri Mar 13 11:25:56 CET 2026



#New# invocation of recon-all 



status file for recon-all
Fri Mar 13 12:31:10 CET 2026
#@# white curv lh Fri Mar 13 12:31:10 CET 2026
#@# white area lh Fri Mar 13 12:31:10 CET 2026
#@# pial curv lh Fri Mar 13 12:31:10 CET 2026
#@# pial area lh Fri Mar 13 12:31:10 CET 2026
#@# thickness lh Fri Mar 13 12:31:10 CET 2026
#@# area and vertex vol lh Fri Mar 13 12:31:10 CET 2026
#@# Parcellation Stats lh Fri Mar 13 12:31:10 CET 2026
#@# Parcellation Stats 2 lh Fri Mar 13 12:32:10 CET 2026
#@# Parcellation Stats 3 lh Fri Mar 13 12:32:40 CET 2026
#@# BA_exvivo Labels lh Fri Mar 13 12:33:10 CET 2026
recon-all -s sub-v2s5x29574_ses-1 finished without error at Fri Mar 13 12:37:16 CET 2026
