status file for recon-all
Fri Mar 13 08:09:43 CET 2026
#@# MotionCor Fri Mar 13 08:09:47 CET 2026
#@# Talairach Fri Mar 13 08:09:58 CET 2026
#@# Talairach Failure Detection Fri Mar 13 08:15:21 CET 2026
#@# Nu Intensity Correction Fri Mar 13 08:15:21 CET 2026
#@# Intensity Normalization Fri Mar 13 08:20:43 CET 2026
recon-all -s sub-v2s5x29574_ses-1 finished without error at Fri Mar 13 08:27:58 CET 2026



#New# invocation of recon-all 



status file for recon-all
Fri Mar 13 08:35:58 CET 2026
#@# EM Registration Fri Mar 13 08:35:59 CET 2026
recon-all -s sub-v2s5x29574_ses-1 finished without error at Fri Mar 13 08:37:35 CET 2026



#New# invocation of recon-all 



status file for recon-all
Fri Mar 13 08:37:36 CET 2026
#@# CA Normalize Fri Mar 13 08:37:36 CET 2026
#@# CA Reg Fri Mar 13 08:39:00 CET 2026
#@# SubCort Seg Fri Mar 13 09:14:15 CET 2026
#@# CC Seg Fri Mar 13 10:25:27 CET 2026
#@# Merge ASeg Fri Mar 13 10:26:33 CET 2026
#@# Intensity Normalization2 Fri Mar 13 10:26:33 CET 2026
#@# Mask BFS Fri Mar 13 10:30:41 CET 2026
#@# WM Segmentation Fri Mar 13 10:30:42 CET 2026
#@# Fill Fri Mar 13 10:35:32 CET 2026
recon-all -s sub-v2s5x29574_ses-1 finished without error at Fri Mar 13 10:36:47 CET 2026



#New# invocation of recon-all 



status file for recon-all
Fri Mar 13 12:15:53 CET 2026
#@# white curv lh Fri Mar 13 12:15:53 CET 2026
#@# white area lh Fri Mar 13 12:15:53 CET 2026
#@# pial curv lh Fri Mar 13 12:15:53 CET 2026
#@# pial area lh Fri Mar 13 12:15:53 CET 2026
#@# thickness lh Fri Mar 13 12:15:53 CET 2026
#@# area and vertex vol lh Fri Mar 13 12:15:53 CET 2026
#@# white curv rh Fri Mar 13 12:15:53 CET 2026
#@# white area rh Fri Mar 13 12:15:53 CET 2026
#@# pial curv rh Fri Mar 13 12:15:53 CET 2026
#@# pial area rh Fri Mar 13 12:15:53 CET 2026
#@# thickness rh Fri Mar 13 12:15:53 CET 2026
#@# area and vertex vol rh Fri Mar 13 12:15:53 CET 2026
#@# Cortical ribbon mask Fri Mar 13 12:15:53 CET 2026
recon-all -s sub-v2s5x29574_ses-1 finished without error at Fri Mar 13 12:31:05 CET 2026



#New# invocation of recon-all 



status file for recon-all
Fri Mar 13 12:43:29 CET 2026
#@# white curv lh Fri Mar 13 12:43:29 CET 2026
#@# white area lh Fri Mar 13 12:43:29 CET 2026
#@# pial curv lh Fri Mar 13 12:43:29 CET 2026
#@# pial area lh Fri Mar 13 12:43:29 CET 2026
#@# thickness lh Fri Mar 13 12:43:29 CET 2026
#@# area and vertex vol lh Fri Mar 13 12:43:29 CET 2026
#@# white curv rh Fri Mar 13 12:43:29 CET 2026
#@# white area rh Fri Mar 13 12:43:29 CET 2026
#@# pial curv rh Fri Mar 13 12:43:29 CET 2026
#@# pial area rh Fri Mar 13 12:43:29 CET 2026
#@# thickness rh Fri Mar 13 12:43:29 CET 2026
#@# area and vertex vol rh Fri Mar 13 12:43:29 CET 2026
#@# Curvature Stats lh Fri Mar 13 12:43:29 CET 2026
#@# Curvature Stats rh Fri Mar 13 12:43:33 CET 2026
#@# Relabel Hypointensities Fri Mar 13 12:43:37 CET 2026
#@# APas-to-ASeg Fri Mar 13 12:44:11 CET 2026
#@# AParc-to-ASeg aparc Fri Mar 13 12:44:25 CET 2026
#@# AParc-to-ASeg aparc.a2009s Fri Mar 13 12:46:00 CET 2026
#@# AParc-to-ASeg aparc.DKTatlas Fri Mar 13 12:47:27 CET 2026
#@# WMParc Fri Mar 13 12:49:07 CET 2026
#@# ASeg Stats Fri Mar 13 12:52:42 CET 2026
recon-all -s sub-v2s5x29574_ses-1 finished without error at Fri Mar 13 12:53:17 CET 2026
