/out/sourcedata/freesurfer/sub-v2s5x29574_ses-1/mri
/opt/freesurfer/bin/talairach_avi
--i orig_nu.mgz --xfm transforms/talairach.auto.xfm
talairach_avi 7.3.2
Linux dna075 5.14.0-427.37.1.el9_4.x86_64 #1 SMP PREEMPT_DYNAMIC Fri Sep 13 12:41:50 EDT 2024 x86_64 x86_64 x86_64 GNU/Linux
Fri Mar 13 08:14:57 CET 2026
mri_convert orig_nu.mgz talsrcimg.img 
reading from orig_nu.mgz...
TR=0.00, TE=0.00, TI=0.00, flip angle=0.00
i_ras = (-1, 0, 0)
j_ras = (0, 0, -1)
k_ras = (0, 1, 0)
writing to talsrcimg.img...
Analyze Output Matrix
-0.70000   0.00000   0.00000   109.90420;
 0.00000   0.00000   0.70000  -85.39301;
 0.00000  -0.70000   0.00000   91.43550;
 0.00000   0.00000   0.00000   1.00000;
--------------------
INFO: set hdr.hist.orient to -1
mpr2mni305 talsrcimg
Fri Mar 13 08:14:57 CET 2026
/opt/freesurfer/bin/mpr2mni305 talsrcimg
mpr2mni305 7.3.2
target=711-2C_as_mni_average_305

---------------------------------------------------------------------
analyzeto4dfp talsrcimg -O0 -y
---------------------------------------------------------------------

freesurfer ifh2hdr.c
Fri Mar 13 08:14:57 2026
Writing: talsrcimg.4dfp.hdr
freesurfer analyzeto4dfp.c
Reading: talsrcimg.hdr
header size 348 bytes
hdr.dime.datatype	offset=70	value=2
hdr.dime.bitpix		offset=72	value=8
hdr.hist.orient		offset=252	value=-1
dimensionality     4
dimensions       320       320       320         1
Reading: talsrcimg.img
Writing: talsrcimg.4dfp.img
Writing: talsrcimg.4dfp.ifh
ifh2hdr talsrcimg -r0to223
ori=2

---------------------------------------------------------------------
gauss_4dfp talsrcimg 1.1
---------------------------------------------------------------------

freesurfer gauss_4dfp.c
Reading: talsrcimg.4dfp.img
Writing: talsrcimg_g11.4dfp.img
image dimensions 320 320 320 padded to 384 384 384
processing volume 1freesurfer ifh2hdr.c
Fri Mar 13 08:15:05 2026
Writing: talsrcimg_g11.4dfp.hdr

Writing: talsrcimg_g11.4dfp.ifh
including: talsrcimg.4dfp.img.rec in talsrcimg_g11.4dfp.img.rec

---------------------------------------------------------------------
imgreg_4dfp /opt/freesurfer/average/711-2C_as_mni_average_305 none talsrcimg_g11 none talsrcimg_to_711-2C_as_mni_average_305_t4 4355
---------------------------------------------------------------------

freesurfer imgreg_4dfp.c
/opt/freesurfer/average/711-2C_as_mni_average_305.4dfp.img
       256       256       256         1
  1.000000  1.000000  1.000000
orientation T byte_order littleendian
Reading image: /opt/freesurfer/average/711-2C_as_mni_average_305.4dfp.img
dimensions:      256       256       256
mmppix:       1.0000   -1.0000   -1.0000
center:     128.0000 -129.0000 -129.0000
talsrcimg_g11.4dfp.img
       320       320       320         1
  0.700000  0.700000  0.700000
orientation T byte_order littleendian
Reading image: talsrcimg_g11.4dfp.img
dimensions:      320       320       320
mmppix:       0.7000   -0.7000   -0.7000
center:     112.0000 -112.7000 -112.7000
t4_read: open error in t4_sub.f l:  41 t4_file(1:l)talsrcimg_to_711-2C_as_mni_average_305_t4 
t4_read: transform initialized to I4
rotation matrix determinant  1.000000
image alignment mode   4355 decimal     1103 hex
   -7.5000  -45.0000  -45.0000 4384.9795   20.5636
    0.0000  -45.0000  -45.0000 4653.0522   20.6278
    7.5000  -45.0000  -45.0000 4482.4468   20.6545
   -7.5000  -37.5000  -45.0000 4793.2563   20.4638
    0.0000  -37.5000  -45.0000 5080.9937   20.5357
    7.5000  -37.5000  -45.0000 4882.2607   20.5623
   -7.5000  -30.0000  -45.0000 5264.4517   20.0453
    0.0000  -30.0000  -45.0000 5578.6465   20.1141
    7.5000  -30.0000  -45.0000 5367.0723   20.1311
   -7.5000  -22.5000  -45.0000 5641.2876   19.2947
    0.0000  -22.5000  -45.0000 5967.0083   19.3605
    7.5000  -22.5000  -45.0000 5737.9326   19.3846
   -7.5000  -15.0000  -45.0000 6263.9673   18.8047
    0.0000  -15.0000  -45.0000 6628.7041   18.8643
    7.5000  -15.0000  -45.0000 6361.2388   18.8987
   -7.5000   -7.5000  -45.0000 6890.9399   18.4955
    0.0000   -7.5000  -45.0000 7296.5854   18.5469
    7.5000   -7.5000  -45.0000 6989.4390   18.5767
   -7.5000    0.0000  -45.0000 7539.1802   18.4019
    0.0000    0.0000  -45.0000 7984.9004   18.4505
    7.5000    0.0000  -45.0000 7633.2529   18.4697
   -7.5000    7.5000  -45.0000 7513.0342   18.3810
    0.0000    7.5000  -45.0000 7969.4390   18.4326
    7.5000    7.5000  -45.0000 7591.4062   18.4448
   -7.5000   15.0000  -45.0000 7415.5469   18.1239
    0.0000   15.0000  -45.0000 7859.1807   18.1782
    7.5000   15.0000  -45.0000 7494.4380   18.1907
   -7.5000   22.5000  -45.0000 7288.4600   17.6590
    0.0000   22.5000  -45.0000 7717.1958   17.7145
    7.5000   22.5000  -45.0000 7346.5615   17.7366
   -7.5000   30.0000  -45.0000 7341.3662   17.6651
    0.0000   30.0000  -45.0000 7774.7124   17.7199
    7.5000   30.0000  -45.0000 7390.8730   17.7518
   -7.5000   37.5000  -45.0000 7086.9023   17.1074
    0.0000   37.5000  -45.0000 7500.6108   17.1551
    7.5000   37.5000  -45.0000 7125.7876   17.1828
   -7.5000   45.0000  -45.0000 6779.2339   16.4728
    0.0000   45.0000  -45.0000 7173.6050   16.5164
    7.5000   45.0000  -45.0000 6813.6582   16.5336
   -7.5000  -45.0000  -37.5000 4598.8711   21.3827
    0.0000  -45.0000  -37.5000 4884.1841   21.4683
    7.5000  -45.0000  -37.5000 4692.1089   21.5061
   -7.5000  -37.5000  -37.5000 5045.0435   21.3114
    0.0000  -37.5000  -37.5000 5348.2983   21.3966
    7.5000  -37.5000  -37.5000 5138.5786   21.4311
   -7.5000  -30.0000  -37.5000 5590.3848   20.8761
    0.0000  -30.0000  -37.5000 5914.5415   20.9532
    7.5000  -30.0000  -37.5000 5693.2778   20.9729
   -7.5000  -22.5000  -37.5000 6015.8276   20.1190
    0.0000  -22.5000  -37.5000 6364.1870   20.1935
    7.5000  -22.5000  -37.5000 6109.2192   20.2182
   -7.5000  -15.0000  -37.5000 6698.5933   19.6057
    0.0000  -15.0000  -37.5000 7086.9619   19.6783
    7.5000  -15.0000  -37.5000 6788.8452   19.7157
   -7.5000   -7.5000  -37.5000 7356.6621   19.2640
    0.0000   -7.5000  -37.5000 7803.0688   19.3330
    7.5000   -7.5000  -37.5000 7454.9170   19.3704
   -7.5000    0.0000  -37.5000 8044.9541   19.1529
    0.0000    0.0000  -37.5000 8534.1123   19.2190
    7.5000    0.0000  -37.5000 8138.9341   19.2479
   -7.5000    7.5000  -37.5000 8031.4502   19.1392
    0.0000    7.5000  -37.5000 8527.3447   19.2025
    7.5000    7.5000  -37.5000 8105.2300   19.2213
   -7.5000   15.0000  -37.5000 7925.9185   18.8964
    0.0000   15.0000  -37.5000 8409.2969   18.9576
    7.5000   15.0000  -37.5000 8003.4692   18.9721
   -7.5000   22.5000  -37.5000 7775.0107   18.4372
    0.0000   22.5000  -37.5000 8263.7275   18.5005
    7.5000   22.5000  -37.5000 7846.7617   18.5234
   -7.5000   30.0000  -37.5000 7843.6187   18.4361
    0.0000   30.0000  -37.5000 8349.9141   18.5031
    7.5000   30.0000  -37.5000 7896.8296   18.5380
   -7.5000   37.5000  -37.5000 7571.7944   17.8338
    0.0000   37.5000  -37.5000 8048.7153   17.8978
    7.5000   37.5000  -37.5000 7606.5864   17.9326
   -7.5000   45.0000  -37.5000 7237.1367   17.1452
    0.0000   45.0000  -37.5000 7693.6504   17.2044
    7.5000   45.0000  -37.5000 7266.7812   17.2303
   -7.5000  -45.0000  -30.0000 4829.3154   22.2614
    0.0000  -45.0000  -30.0000 5117.2993   22.3497
    7.5000  -45.0000  -30.0000 4909.7236   22.3907
   -7.5000  -37.5000  -30.0000 5314.5391   22.2053
    0.0000  -37.5000  -30.0000 5631.3384   22.2892
    7.5000  -37.5000  -30.0000 5415.0063   22.3315
   -7.5000  -30.0000  -30.0000 5926.2627   21.7473
    0.0000  -30.0000  -30.0000 6272.4116   21.8212
    7.5000  -30.0000  -30.0000 6030.7788   21.8463
   -7.5000  -22.5000  -30.0000 6399.2334   20.9720
    0.0000  -22.5000  -30.0000 6763.9678   21.0445
    7.5000  -22.5000  -30.0000 6486.7285   21.0658
   -7.5000  -15.0000  -30.0000 7142.8291   20.4246
    0.0000  -15.0000  -30.0000 7546.7349   20.4960
    7.5000  -15.0000  -30.0000 7222.0454   20.5257
   -7.5000   -7.5000  -30.0000 7859.7036   20.0537
    0.0000   -7.5000  -30.0000 8325.6279   20.1242
    7.5000   -7.5000  -30.0000 7940.0620   20.1569
   -7.5000    0.0000  -30.0000 8587.3496   19.9349
    0.0000    0.0000  -30.0000 9116.1865   20.0023
    7.5000    0.0000  -30.0000 8671.1826   20.0335
   -7.5000    7.5000  -30.0000 8557.9824   19.9341
    0.0000    7.5000  -30.0000 9085.8984   19.9957
    7.5000    7.5000  -30.0000 8626.0752   20.0204
   -7.5000   15.0000  -30.0000 8432.0918   19.7026
    0.0000   15.0000  -30.0000 8945.7666   19.7610
    7.5000   15.0000  -30.0000 8498.2373   19.7790
   -7.5000   22.5000  -30.0000 8261.0654   19.2398
    0.0000   22.5000  -30.0000 8786.9102   19.3012
    7.5000   22.5000  -30.0000 8325.9805   19.3214
   -7.5000   30.0000  -30.0000 8350.4297   19.2239
    0.0000   30.0000  -30.0000 8888.8652   19.2901
    7.5000   30.0000  -30.0000 8401.8867   19.3179
   -7.5000   37.5000  -30.0000 8060.1689   18.5935
    0.0000   37.5000  -30.0000 8588.4785   18.6589
    7.5000   37.5000  -30.0000 8089.0229   18.6893
   -7.5000   45.0000  -30.0000 7694.4878   17.8737
    0.0000   45.0000  -30.0000 8192.9580   17.9340
    7.5000   45.0000  -30.0000 7713.5220   17.9620
   -7.5000  -45.0000  -22.5000 4915.4976   22.7561
    0.0000  -45.0000  -22.5000 5210.9082   22.8235
    7.5000  -45.0000  -22.5000 5013.4697   22.8582
   -7.5000  -37.5000  -22.5000 5402.4741   22.6625
    0.0000  -37.5000  -22.5000 5736.1973   22.7301
    7.5000  -37.5000  -22.5000 5517.0796   22.7751
   -7.5000  -30.0000  -22.5000 6034.0952   22.1744
    0.0000  -30.0000  -22.5000 6378.0010   22.2362
    7.5000  -30.0000  -22.5000 6131.8481   22.2679
   -7.5000  -22.5000  -22.5000 6524.2568   21.3675
    0.0000  -22.5000  -22.5000 6886.8433   21.4296
    7.5000  -22.5000  -22.5000 6594.5366   21.4508
   -7.5000  -15.0000  -22.5000 7307.2119   20.7959
    0.0000  -15.0000  -22.5000 7727.2793   20.8534
    7.5000  -15.0000  -22.5000 7375.0664   20.8756
   -7.5000   -7.5000  -22.5000 8063.5513   20.4151
    0.0000   -7.5000  -22.5000 8551.1729   20.4688
    7.5000   -7.5000  -22.5000 8135.3799   20.4904
   -7.5000    0.0000  -22.5000 8852.8252   20.2995
    0.0000    0.0000  -22.5000 9391.5488   20.3491
    7.5000    0.0000  -22.5000 8906.4854   20.3737
   -7.5000    7.5000  -22.5000 8833.7480   20.3047
    0.0000    7.5000  -22.5000 9356.7812   20.3515
    7.5000    7.5000  -22.5000 8861.0361   20.3774
   -7.5000   15.0000  -22.5000 8681.8584   20.0688
    0.0000   15.0000  -22.5000 9178.1748   20.1170
    7.5000   15.0000  -22.5000 8707.4287   20.1392
   -7.5000   22.5000  -22.5000 8501.2461   19.5896
    0.0000   22.5000  -22.5000 8989.6797   19.6415
    7.5000   22.5000  -22.5000 8516.8945   19.6617
   -7.5000   30.0000  -22.5000 8618.5273   19.5665
    0.0000   30.0000  -22.5000 9129.9160   19.6199
    7.5000   30.0000  -22.5000 8615.0889   19.6406
   -7.5000   37.5000  -22.5000 8327.4629   18.9271
    0.0000   37.5000  -22.5000 8812.8945   18.9769
    7.5000   37.5000  -22.5000 8309.5938   18.9971
   -7.5000   45.0000  -22.5000 7942.1216   18.2004
    0.0000   45.0000  -22.5000 8407.5635   18.2449
    7.5000   45.0000  -22.5000 7921.8730   18.2670
   -7.5000  -45.0000  -15.0000 5135.7656   23.6356
    0.0000  -45.0000  -15.0000 5450.3833   23.6831
    7.5000  -45.0000  -15.0000 5246.5239   23.7079
   -7.5000  -37.5000  -15.0000 5670.7119   23.5530
    0.0000  -37.5000  -15.0000 6018.0518   23.6108
    7.5000  -37.5000  -15.0000 5773.7319   23.6492
   -7.5000  -30.0000  -15.0000 6319.9111   23.0050
    0.0000  -30.0000  -15.0000 6693.0991   23.0629
    7.5000  -30.0000  -15.0000 6415.6655   23.0930
   -7.5000  -22.5000  -15.0000 6818.9175   22.1591
    0.0000  -22.5000  -15.0000 7220.5547   22.2163
    7.5000  -22.5000  -15.0000 6897.8467   22.2385
   -7.5000  -15.0000  -15.0000 7635.2285   21.5766
    0.0000  -15.0000  -15.0000 8088.8472   21.6237
    7.5000  -15.0000  -15.0000 7716.8037   21.6451
   -7.5000   -7.5000  -15.0000 8455.8486   21.2035
    0.0000   -7.5000  -15.0000 8970.2285   21.2411
    7.5000   -7.5000  -15.0000 8552.2227   21.2566
   -7.5000    0.0000  -15.0000 9325.3066   21.0962
    0.0000    0.0000  -15.0000 9909.5615   21.1298
    7.5000    0.0000  -15.0000 9401.0215   21.1455
   -7.5000    7.5000  -15.0000 9335.4180   21.0913
    0.0000    7.5000  -15.0000 9931.3262   21.1290
    7.5000    7.5000  -15.0000 9396.3613   21.1488
   -7.5000   15.0000  -15.0000 9187.9121   20.8310
    0.0000   15.0000  -15.0000 9731.8574   20.8760
    7.5000   15.0000  -15.0000 9219.7822   20.8970
   -7.5000   22.5000  -15.0000 8999.2695   20.3347
    0.0000   22.5000  -15.0000 9464.1338   20.3822
    7.5000   22.5000  -15.0000 8968.3828   20.4034
   -7.5000   30.0000  -15.0000 9155.2852   20.3180
    0.0000   30.0000  -15.0000 9578.9717   20.3617
    7.5000   30.0000  -15.0000 9094.9658   20.3816
   -7.5000   37.5000  -15.0000 8809.2686   19.6885
    0.0000   37.5000  -15.0000 9254.0996   19.7235
    7.5000   37.5000  -15.0000 8787.7197   19.7382
   -7.5000   45.0000  -15.0000 8364.6270   18.9603
    0.0000   45.0000  -15.0000 8833.9814   18.9905
    7.5000   45.0000  -15.0000 8367.2500   19.0047
   -7.5000  -45.0000   -7.5000 5280.1836   24.3410
    0.0000  -45.0000   -7.5000 5625.1963   24.3932
    7.5000  -45.0000   -7.5000 5400.0039   24.4175
   -7.5000  -37.5000   -7.5000 5833.0024   24.2666
    0.0000  -37.5000   -7.5000 6208.0474   24.3348
    7.5000  -37.5000   -7.5000 5950.6084   24.3666
   -7.5000  -30.0000   -7.5000 6533.1274   23.6697
    0.0000  -30.0000   -7.5000 6930.6250   23.7391
    7.5000  -30.0000   -7.5000 6626.4590   23.7631
   -7.5000  -22.5000   -7.5000 7063.0132   22.7960
    0.0000  -22.5000   -7.5000 7483.6860   22.8617
    7.5000  -22.5000   -7.5000 7142.2192   22.8877
   -7.5000  -15.0000   -7.5000 7917.7627   22.2143
    0.0000  -15.0000   -7.5000 8381.4932   22.2675
    7.5000  -15.0000   -7.5000 7992.3989   22.2986
   -7.5000   -7.5000   -7.5000 8783.1807   21.8486
    0.0000   -7.5000   -7.5000 9280.5674   21.8890
    7.5000   -7.5000   -7.5000 8845.0498   21.9120
   -7.5000    0.0000   -7.5000 9691.6172   21.7427
    0.0000    0.0000   -7.500010245.7949   21.7803
    7.5000    0.0000   -7.5000 9748.5391   21.7958
   -7.5000    7.5000   -7.5000 9757.7354   21.7215
    0.0000    7.5000   -7.500010417.9502   21.7676
    7.5000    7.5000   -7.5000 9862.8018   21.7819
   -7.5000   15.0000   -7.5000 9702.7324   21.4400
    0.0000   15.0000   -7.500010405.0820   21.4945
    7.5000   15.0000   -7.5000 9804.1162   21.5115
   -7.5000   22.5000   -7.5000 9561.2197   20.9391
    0.0000   22.5000   -7.500010104.2656   20.9943
    7.5000   22.5000   -7.5000 9573.8926   21.0185
   -7.5000   30.0000   -7.5000 9612.8740   20.9360
    0.0000   30.0000   -7.500010088.0020   20.9851
    7.5000   30.0000   -7.5000 9639.2021   21.0140
   -7.5000   37.5000   -7.5000 9194.9775   20.3190
    0.0000   37.5000   -7.5000 9665.9609   20.3568
    7.5000   37.5000   -7.5000 9254.8594   20.3784
   -7.5000   45.0000   -7.5000 8736.6719   19.5890
    0.0000   45.0000   -7.5000 9238.5303   19.6229
    7.5000   45.0000   -7.5000 8786.8818   19.6369
   -7.5000  -45.0000    0.0000 5356.9521   24.8044
    0.0000  -45.0000    0.0000 5719.9136   24.8805
    7.5000  -45.0000    0.0000 5476.2695   24.9137
   -7.5000  -37.5000    0.0000 5959.3755   24.7361
    0.0000  -37.5000    0.0000 6349.0464   24.8229
    7.5000  -37.5000    0.0000 6084.5352   24.8552
   -7.5000  -30.0000    0.0000 6699.4043   24.1181
    0.0000  -30.0000    0.0000 7105.1099   24.2011
    7.5000  -30.0000    0.0000 6795.7432   24.2213
   -7.5000  -22.5000    0.0000 7265.2300   23.2336
    0.0000  -22.5000    0.0000 7672.9307   23.3122
    7.5000  -22.5000    0.0000 7341.5439   23.3412
   -7.5000  -15.0000    0.0000 8165.8330   22.6506
    0.0000  -15.0000    0.0000 8613.2236   22.7209
    7.5000  -15.0000    0.0000 8230.3818   22.7627
   -7.5000   -7.5000    0.0000 9066.5605   22.2780
    0.0000   -7.5000    0.0000 9541.0615   22.3382
    7.5000   -7.5000    0.0000 9103.0156   22.3748
   -7.5000    0.0000    0.0000 9994.8672   22.1636
    0.0000    0.0000    0.000010557.9014   22.2214
    7.5000    0.0000    0.000010037.0107   22.2452
   -7.5000    7.5000    0.000010100.2285   22.1339
    0.0000    7.5000    0.000010834.3516   22.1962
    7.5000    7.5000    0.000010216.9443   22.2112
   -7.5000   15.0000    0.000010103.8232   21.8498
    0.0000   15.0000    0.000010951.1992   21.9156
    7.5000   15.0000    0.000010295.6943   21.9304
   -7.5000   22.5000    0.0000 9892.4004   21.3567
    0.0000   22.5000    0.000010606.1143   21.4235
    7.5000   22.5000    0.000010111.0176   21.4502
   -7.5000   30.0000    0.0000 9878.5244   21.3613
    0.0000   30.0000    0.000010512.2373   21.4263
    7.5000   30.0000    0.000010092.0820   21.4652
   -7.5000   37.5000    0.0000 9467.2773   20.7435
    0.0000   37.5000    0.000010048.6729   20.7998
    7.5000   37.5000    0.0000 9627.9141   20.8341
   -7.5000   45.0000    0.0000 9016.9385   20.0068
    0.0000   45.0000    0.0000 9575.9961   20.0590
    7.5000   45.0000    0.0000 9121.4980   20.0805
   -7.5000  -45.0000    7.5000 5080.7227   25.3948
    0.0000  -45.0000    7.5000 5409.2012   25.4992
    7.5000  -45.0000    7.5000 5173.8682   25.5460
   -7.5000  -37.5000    7.5000 5666.0620   25.2949
    0.0000  -37.5000    7.5000 6003.1567   25.3986
    7.5000  -37.5000    7.5000 5760.4429   25.4414
   -7.5000  -30.0000    7.5000 6369.1655   24.6581
    0.0000  -30.0000    7.5000 6740.9268   24.7509
    7.5000  -30.0000    7.5000 6459.2192   24.7752
   -7.5000  -22.5000    7.5000 6922.2007   23.7506
    0.0000  -22.5000    7.5000 7314.6680   23.8395
    7.5000  -22.5000    7.5000 6994.2397   23.8693
   -7.5000  -15.0000    7.5000 7788.5186   23.1367
    0.0000  -15.0000    7.5000 8238.8682   23.2231
    7.5000  -15.0000    7.5000 7849.9902   23.2681
   -7.5000   -7.5000    7.5000 8638.0615   22.7260
    0.0000   -7.5000    7.5000 9137.9238   22.8087
    7.5000   -7.5000    7.5000 8695.6719   22.8541
   -7.5000    0.0000    7.5000 9519.3584   22.5937
    0.0000    0.0000    7.500010091.3965   22.6735
    7.5000    0.0000    7.5000 9568.4482   22.7090
   -7.5000    7.5000    7.5000 9606.4863   22.5720
    0.0000    7.5000    7.500010258.2510   22.6485
    7.5000    7.5000    7.5000 9698.3105   22.6718
   -7.5000   15.0000    7.5000 9532.3525   22.3027
    0.0000   15.0000    7.500010142.5244   22.3764
    7.5000   15.0000    7.5000 9699.7236   22.3942
   -7.5000   22.5000    7.5000 9286.8779   21.8123
    0.0000   22.5000    7.5000 9770.0400   21.8880
    7.5000   22.5000    7.5000 9441.0762   21.9156
   -7.5000   30.0000    7.5000 9379.2744   21.8096
    0.0000   30.0000    7.5000 9838.1250   21.8896
    7.5000   30.0000    7.5000 9511.0898   21.9315
   -7.5000   37.5000    7.5000 9040.4941   21.1584
    0.0000   37.5000    7.5000 9528.5811   21.2356
    7.5000   37.5000    7.5000 9152.3896   21.2779
   -7.5000   45.0000    7.5000 8606.7412   20.3952
    0.0000   45.0000    7.5000 9080.9443   20.4672
    7.5000   45.0000    7.5000 8683.8115   20.4993
   -7.5000  -45.0000   15.0000 4786.4858   26.2075
    0.0000  -45.0000   15.0000 5063.2148   26.3179
    7.5000  -45.0000   15.0000 4850.8833   26.3694
   -7.5000  -37.5000   15.0000 5328.2075   26.0735
    0.0000  -37.5000   15.0000 5639.0630   26.1756
    7.5000  -37.5000   15.0000 5408.8042   26.2287
   -7.5000  -30.0000   15.0000 5995.7358   25.4022
    0.0000  -30.0000   15.0000 6336.8599   25.4894
    7.5000  -30.0000   15.0000 6056.8926   25.5207
   -7.5000  -22.5000   15.0000 6533.7725   24.4546
    0.0000  -22.5000   15.0000 6898.1938   24.5401
    7.5000  -22.5000   15.0000 6569.4980   24.5662
   -7.5000  -15.0000   15.0000 7352.5239   23.7907
    0.0000  -15.0000   15.0000 7774.0693   23.8766
    7.5000  -15.0000   15.0000 7381.7832   23.9130
   -7.5000   -7.5000   15.0000 8140.9458   23.3373
    0.0000   -7.5000   15.0000 8615.2988   23.4238
    7.5000   -7.5000   15.0000 8194.4727   23.4640
   -7.5000    0.0000   15.0000 8962.1152   23.1923
    0.0000    0.0000   15.0000 9489.6211   23.2749
    7.5000    0.0000   15.0000 9013.1523   23.3134
   -7.5000    7.5000   15.0000 8998.0586   23.1857
    0.0000    7.5000   15.0000 9585.3848   23.2596
    7.5000    7.5000   15.0000 9096.2695   23.2904
   -7.5000   15.0000   15.0000 8915.6484   22.9314
    0.0000   15.0000   15.0000 9404.6162   22.9999
    7.5000   15.0000   15.0000 9032.9170   23.0221
   -7.5000   22.5000   15.0000 8728.6465   22.4327
    0.0000   22.5000   15.0000 9129.1143   22.5051
    7.5000   22.5000   15.0000 8795.6699   22.5299
   -7.5000   30.0000   15.0000 8842.1133   22.4136
    0.0000   30.0000   15.0000 9266.6699   22.4933
    7.5000   30.0000   15.0000 8882.7959   22.5274
   -7.5000   37.5000   15.0000 8528.4727   21.7246
    0.0000   37.5000   15.0000 8948.7773   21.8051
    7.5000   37.5000   15.0000 8571.6367   21.8427
   -7.5000   45.0000   15.0000 8112.5444   20.9347
    0.0000   45.0000   15.0000 8519.1260   21.0093
    7.5000   45.0000   15.0000 8146.4023   21.0441
   -7.5000  -45.0000   22.5000 4470.6646   27.1138
    0.0000  -45.0000   22.5000 4726.0571   27.2132
    7.5000  -45.0000   22.5000 4526.8237   27.2638
   -7.5000  -37.5000   22.5000 4981.4229   26.9628
    0.0000  -37.5000   22.5000 5264.4385   27.0581
    7.5000  -37.5000   22.5000 5053.0957   27.1223
   -7.5000  -30.0000   22.5000 5624.5000   26.2563
    0.0000  -30.0000   22.5000 5936.2554   26.3398
    7.5000  -30.0000   22.5000 5669.8794   26.3857
   -7.5000  -22.5000   22.5000 6135.1396   25.2363
    0.0000  -22.5000   22.5000 6472.2773   25.3194
    7.5000  -22.5000   22.5000 6153.2036   25.3506
   -7.5000  -15.0000   22.5000 6884.3384   24.5206
    0.0000  -15.0000   22.5000 7282.0972   24.6003
    7.5000  -15.0000   22.5000 6914.4565   24.6320
   -7.5000   -7.5000   22.5000 7600.6851   24.0459
    0.0000   -7.5000   22.5000 8056.8208   24.1231
    7.5000   -7.5000   22.5000 7662.7451   24.1543
   -7.5000    0.0000   22.5000 8365.1611   23.9028
    0.0000    0.0000   22.5000 8882.6650   23.9748
    7.5000    0.0000   22.5000 8418.5840   24.0104
   -7.5000    7.5000   22.5000 8381.7852   23.9034
    0.0000    7.5000   22.5000 8911.1807   23.9691
    7.5000    7.5000   22.5000 8465.5684   24.0068
   -7.5000   15.0000   22.5000 8293.5752   23.6371
    0.0000   15.0000   22.5000 8724.4355   23.7019
    7.5000   15.0000   22.5000 8356.7861   23.7346
   -7.5000   22.5000   22.5000 8129.7217   23.1247
    0.0000   22.5000   22.5000 8514.0303   23.1942
    7.5000   22.5000   22.5000 8146.7808   23.2237
   -7.5000   30.0000   22.5000 8220.8594   23.0962
    0.0000   30.0000   22.5000 8626.7451   23.1700
    7.5000   30.0000   22.5000 8250.5947   23.1997
   -7.5000   37.5000   22.5000 7931.4668   22.4014
    0.0000   37.5000   22.5000 8302.2617   22.4733
    7.5000   37.5000   22.5000 7970.0176   22.5025
   -7.5000   45.0000   22.5000 7536.8247   21.6054
    0.0000   45.0000   22.5000 7900.1650   21.6705
    7.5000   45.0000   22.5000 7569.3188   21.7027
   -7.5000  -45.0000   30.0000 4332.9326   28.5048
    0.0000  -45.0000   30.0000 4580.6162   28.6138
    7.5000  -45.0000   30.0000 4391.4009   28.6625
   -7.5000  -37.5000   30.0000 4839.7021   28.3090
    0.0000  -37.5000   30.0000 5114.2197   28.4212
    7.5000  -37.5000   30.0000 4911.2983   28.4851
   -7.5000  -30.0000   30.0000 5489.3267   27.5317
    0.0000  -30.0000   30.0000 5793.3882   27.6355
    7.5000  -30.0000   30.0000 5535.7930   27.6860
   -7.5000  -22.5000   30.0000 5970.0903   26.4439
    0.0000  -22.5000   30.0000 6311.4468   26.5466
    7.5000  -22.5000   30.0000 6007.0229   26.5861
   -7.5000  -15.0000   30.0000 6656.6533   25.6735
    0.0000  -15.0000   30.0000 7065.7368   25.7670
    7.5000  -15.0000   30.0000 6719.1016   25.8061
   -7.5000   -7.5000   30.0000 7363.1460   25.1783
    0.0000   -7.5000   30.0000 7823.6973   25.2622
    7.5000   -7.5000   30.0000 7436.8779   25.2942
   -7.5000    0.0000   30.0000 8112.3457   25.0347
    0.0000    0.0000   30.0000 8637.3135   25.1114
    7.5000    0.0000   30.0000 8199.1650   25.1434
   -7.5000    7.5000   30.0000 8113.6880   25.0286
    0.0000    7.5000   30.0000 8641.5576   25.1047
    7.5000    7.5000   30.0000 8195.1963   25.1408
   -7.5000   15.0000   30.0000 8015.1714   24.7323
    0.0000   15.0000   30.0000 8465.0352   24.8135
    7.5000   15.0000   30.0000 8067.3350   24.8500
   -7.5000   22.5000   30.0000 7854.3608   24.1854
    0.0000   22.5000   30.0000 8264.7227   24.2713
    7.5000   22.5000   30.0000 7880.2686   24.3081
   -7.5000   30.0000   30.0000 7929.9639   24.1606
    0.0000   30.0000   30.0000 8336.0234   24.2469
    7.5000   30.0000   30.0000 7961.9854   24.2831
   -7.5000   37.5000   30.0000 7635.8604   23.4511
    0.0000   37.5000   30.0000 8016.4917   23.5293
    7.5000   37.5000   30.0000 7683.5366   23.5594
   -7.5000   45.0000   30.0000 7267.4941   22.6286
    0.0000   45.0000   30.0000 7638.2559   22.6979
    7.5000   45.0000   30.0000 7310.8159   22.7268
   -7.5000  -45.0000   37.5000 4009.8687   29.5571
    0.0000  -45.0000   37.5000 4236.9233   29.6416
    7.5000  -45.0000   37.5000 4061.6812   29.6688
   -7.5000  -37.5000   37.5000 4501.7930   29.3236
    0.0000  -37.5000   37.5000 4759.6211   29.4187
    7.5000  -37.5000   37.5000 4565.3140   29.4516
   -7.5000  -30.0000   37.5000 5101.9238   28.4619
    0.0000  -30.0000   37.5000 5394.0674   28.5520
    7.5000  -30.0000   37.5000 5151.7266   28.5693
   -7.5000  -22.5000   37.5000 5532.1084   27.3180
    0.0000  -22.5000   37.5000 5854.7744   27.4091
    7.5000  -22.5000   37.5000 5576.7852   27.4320
   -7.5000  -15.0000   37.5000 6174.5215   26.5411
    0.0000  -15.0000   37.5000 6551.4595   26.6237
    7.5000  -15.0000   37.5000 6241.7368   26.6597
   -7.5000   -7.5000   37.5000 6833.2344   26.0228
    0.0000   -7.5000   37.5000 7290.1548   26.0914
    7.5000   -7.5000   37.5000 6907.5576   26.1208
   -7.5000    0.0000   37.5000 7530.8193   25.8678
    0.0000    0.0000   37.5000 8050.0156   25.9279
    7.5000    0.0000   37.5000 7624.8569   25.9463
   -7.5000    7.5000   37.5000 7539.2583   25.8413
    0.0000    7.5000   37.5000 8029.6177   25.9044
    7.5000    7.5000   37.5000 7597.9863   25.9164
   -7.5000   15.0000   37.5000 7428.1196   25.5126
    0.0000   15.0000   37.5000 7871.0503   25.5829
    7.5000   15.0000   37.5000 7462.5078   25.5945
   -7.5000   22.5000   37.5000 7272.0864   24.9559
    0.0000   22.5000   37.5000 7690.8452   25.0316
    7.5000   22.5000   37.5000 7295.1406   25.0538
   -7.5000   30.0000   37.5000 7340.8242   24.9484
    0.0000   30.0000   37.5000 7739.8784   25.0243
    7.5000   30.0000   37.5000 7357.8452   25.0577
   -7.5000   37.5000   37.5000 7070.3076   24.2325
    0.0000   37.5000   37.5000 7441.7363   24.2967
    7.5000   37.5000   37.5000 7112.2026   24.3243
   -7.5000   45.0000   37.5000 6743.6162   23.3787
    0.0000   45.0000   37.5000 7090.2349   23.4331
    7.5000   45.0000   37.5000 6785.2446   23.4497
   -7.5000  -45.0000   45.0000 3680.2847   30.5996
    0.0000  -45.0000   45.0000 3905.9163   30.6966
    7.5000  -45.0000   45.0000 3738.7058   30.7450
   -7.5000  -37.5000   45.0000 4145.1963   30.3570
    0.0000  -37.5000   45.0000 4391.8408   30.4735
    7.5000  -37.5000   45.0000 4207.0547   30.5245
   -7.5000  -30.0000   45.0000 4699.5161   29.4132
    0.0000  -30.0000   45.0000 4952.5376   29.5226
    7.5000  -30.0000   45.0000 4747.9590   29.5468
   -7.5000  -22.5000   45.0000 5090.4316   28.2252
    0.0000  -22.5000   45.0000 5378.8857   28.3300
    7.5000  -22.5000   45.0000 5139.3232   28.3632
   -7.5000  -15.0000   45.0000 5697.3271   27.4232
    0.0000  -15.0000   45.0000 6047.7856   27.5155
    7.5000  -15.0000   45.0000 5766.1367   27.5692
   -7.5000   -7.5000   45.0000 6331.6001   26.8748
    0.0000   -7.5000   45.0000 6751.4419   26.9526
    7.5000   -7.5000   45.0000 6401.6133   27.0049
   -7.5000    0.0000   45.0000 6994.1226   26.6963
    0.0000    0.0000   45.0000 7465.7910   26.7700
    7.5000    0.0000   45.0000 7069.7671   26.8094
   -7.5000    7.5000   45.0000 6986.1436   26.6583
    0.0000    7.5000   45.0000 7442.7959   26.7381
    7.5000    7.5000   45.0000 7035.6362   26.7635
   -7.5000   15.0000   45.0000 6876.9556   26.3155
    0.0000   15.0000   45.0000 7294.1216   26.4007
    7.5000   15.0000   45.0000 6908.2329   26.4195
   -7.5000   22.5000   45.0000 6733.1719   25.7567
    0.0000   22.5000   45.0000 7116.4395   25.8439
    7.5000   22.5000   45.0000 6756.4097   25.8753
   -7.5000   30.0000   45.0000 6780.1880   25.7617
    0.0000   30.0000   45.0000 7163.3857   25.8465
    7.5000   30.0000   45.0000 6813.8101   25.8962
   -7.5000   37.5000   45.0000 6542.1450   25.0144
    0.0000   37.5000   45.0000 6900.3638   25.0869
    7.5000   37.5000   45.0000 6576.7363   25.1359
   -7.5000   45.0000   45.0000 6233.6421   24.1123
    0.0000   45.0000   45.0000 6573.3315   24.1789
    7.5000   45.0000   45.0000 6263.0205   24.2144

---------------------------------------------------------------------
imgreg_4dfp /opt/freesurfer/average/711-2C_as_mni_average_305 /opt/freesurfer/average/711-2B_as_mni_average_305_mask talsrcimg_g11 none talsrcimg_to_711-2C_as_mni_average_305_t4 4355
---------------------------------------------------------------------

freesurfer imgreg_4dfp.c
/opt/freesurfer/average/711-2C_as_mni_average_305.4dfp.img
       256       256       256         1
  1.000000  1.000000  1.000000
orientation T byte_order littleendian
Reading image: /opt/freesurfer/average/711-2C_as_mni_average_305.4dfp.img
dimensions:      256       256       256
mmppix:       1.0000   -1.0000   -1.0000
center:     128.0000 -129.0000 -129.0000
/opt/freesurfer/average/711-2B_as_mni_average_305_mask.4dfp.img
       256       256       256         1
  1.000000  1.000000  1.000000
orientation T byte_order littleendian
Reading mask: /opt/freesurfer/average/711-2B_as_mni_average_305_mask.4dfp.img (2306576 pixels)
talsrcimg_g11.4dfp.img
       320       320       320         1
  0.700000  0.700000  0.700000
orientation T byte_order littleendian
Reading image: talsrcimg_g11.4dfp.img
dimensions:      320       320       320
mmppix:       0.7000   -0.7000   -0.7000
center:     112.0000 -112.7000 -112.7000
rotation matrix determinant  1.000000
image alignment mode   4355 decimal     1103 hex
   -7.5000  -30.0000  -45.0000 1959.0149   24.2371
    0.0000  -30.0000  -45.0000 1985.8560   23.9730
    7.5000  -30.0000  -45.0000 1986.0787   24.0127
   -7.5000  -22.5000  -45.0000 2071.6604   21.5933
    0.0000  -22.5000  -45.0000 2094.9670   21.3988
    7.5000  -22.5000  -45.0000 2096.6233   21.4491
   -7.5000  -15.0000  -45.0000 2169.7195   19.5742
    0.0000  -15.0000  -45.0000 2197.9810   19.4087
    7.5000  -15.0000  -45.0000 2195.4585   19.4315
   -7.5000   -7.5000  -45.0000 2255.1406   18.0092
    0.0000   -7.5000  -45.0000 2283.8223   17.8682
    7.5000   -7.5000  -45.0000 2279.6157   17.8665
   -7.5000    0.0000  -45.0000 2311.1853   16.9351
    0.0000    0.0000  -45.0000 2340.0747   16.7794
    7.5000    0.0000  -45.0000 2337.2268   16.7904
   -7.5000    7.5000  -45.0000 2346.2986   16.2712
    0.0000    7.5000  -45.0000 2377.2349   16.1249
    7.5000    7.5000  -45.0000 2371.7573   16.1361
   -7.5000   15.0000  -45.0000 2365.4812   15.8766
    0.0000   15.0000  -45.0000 2397.2166   15.7208
    7.5000   15.0000  -45.0000 2388.5754   15.7439
   -7.5000   22.5000  -45.0000 2374.4111   15.7142
    0.0000   22.5000  -45.0000 2404.6675   15.5307
    7.5000   22.5000  -45.0000 2391.8584   15.5752
   -7.5000   30.0000  -45.0000 2361.9849   15.8610
    0.0000   30.0000  -45.0000 2392.6904   15.6988
    7.5000   30.0000  -45.0000 2382.7126   15.7496
   -7.5000   37.5000  -45.0000 2302.1206   16.1999
    0.0000   37.5000  -45.0000 2331.5310   16.0309
    7.5000   37.5000  -45.0000 2325.1694   16.0983
   -7.5000   45.0000  -45.0000 2192.8582   16.5276
    0.0000   45.0000  -45.0000 2221.0740   16.3849
    7.5000   45.0000  -45.0000 2213.7314   16.4558
   -7.5000   52.5000  -45.0000 2057.2112   16.8406
    0.0000   52.5000  -45.0000 2080.5310   16.6940
    7.5000   52.5000  -45.0000 2073.0459   16.7374
   -7.5000   60.0000  -45.0000 1896.3544   17.1968
    0.0000   60.0000  -45.0000 1917.1519   17.0317
    7.5000   60.0000  -45.0000 1909.5222   17.0781
   -7.5000  -30.0000  -37.5000 2076.0808   24.6126
    0.0000  -30.0000  -37.5000 2095.0852   24.3096
    7.5000  -30.0000  -37.5000 2101.0645   24.3989
   -7.5000  -22.5000  -37.5000 2198.9077   21.9320
    0.0000  -22.5000  -37.5000 2221.5449   21.7030
    7.5000  -22.5000  -37.5000 2223.9717   21.7648
   -7.5000  -15.0000  -37.5000 2303.7615   19.7694
    0.0000  -15.0000  -37.5000 2332.4189   19.6037
    7.5000  -15.0000  -37.5000 2329.3528   19.6252
   -7.5000   -7.5000  -37.5000 2393.9417   18.0927
    0.0000   -7.5000  -37.5000 2427.6313   17.9601
    7.5000   -7.5000  -37.5000 2421.3315   17.9814
   -7.5000    0.0000  -37.5000 2459.9116   16.9147
    0.0000    0.0000  -37.5000 2496.3308   16.7913
    7.5000    0.0000  -37.5000 2492.1829   16.7758
   -7.5000    7.5000  -37.5000 2510.2708   16.1744
    0.0000    7.5000  -37.5000 2543.8608   16.0041
    7.5000    7.5000  -37.5000 2537.9873   15.9871
   -7.5000   15.0000  -37.5000 2533.6082   15.7124
    0.0000   15.0000  -37.5000 2566.1123   15.5790
    7.5000   15.0000  -37.5000 2557.0122   15.5790
   -7.5000   22.5000  -37.5000 2538.7415   15.5321
    0.0000   22.5000  -37.5000 2570.0364   15.4174
    7.5000   22.5000  -37.5000 2560.0049   15.4483
   -7.5000   30.0000  -37.5000 2528.2217   15.6761
    0.0000   30.0000  -37.5000 2563.9722   15.5688
    7.5000   30.0000  -37.5000 2550.2876   15.6323
   -7.5000   37.5000  -37.5000 2474.1721   15.9829
    0.0000   37.5000  -37.5000 2505.1562   15.8416
    7.5000   37.5000  -37.5000 2492.8508   15.9367
   -7.5000   45.0000  -37.5000 2361.7217   16.3278
    0.0000   45.0000  -37.5000 2389.0256   16.1522
    7.5000   45.0000  -37.5000 2377.4233   16.2583
   -7.5000   52.5000  -37.5000 2215.9241   16.5988
    0.0000   52.5000  -37.5000 2238.4646   16.4343
    7.5000   52.5000  -37.5000 2222.7388   16.4921
   -7.5000   60.0000  -37.5000 2037.7753   16.9267
    0.0000   60.0000  -37.5000 2062.3159   16.7630
    7.5000   60.0000  -37.5000 2052.5586   16.8172
   -7.5000  -30.0000  -30.0000 2168.0273   25.0491
    0.0000  -30.0000  -30.0000 2191.1787   24.7006
    7.5000  -30.0000  -30.0000 2192.5500   24.8119
   -7.5000  -22.5000  -30.0000 2298.4548   22.2344
    0.0000  -22.5000  -30.0000 2324.0400   21.9576
    7.5000  -22.5000  -30.0000 2322.5479   22.0273
   -7.5000  -15.0000  -30.0000 2410.1174   19.9119
    0.0000  -15.0000  -30.0000 2439.7502   19.7304
    7.5000  -15.0000  -30.0000 2435.4988   19.7615
   -7.5000   -7.5000  -30.0000 2505.8242   18.1527
    0.0000   -7.5000  -30.0000 2536.7178   17.9908
    7.5000   -7.5000  -30.0000 2532.0977   17.9942
   -7.5000    0.0000  -30.0000 2584.5544   16.8522
    0.0000    0.0000  -30.0000 2622.1531   16.6568
    7.5000    0.0000  -30.0000 2615.0227   16.6758
   -7.5000    7.5000  -30.0000 2640.2434   15.9626
    0.0000    7.5000  -30.0000 2679.8601   15.7949
    7.5000    7.5000  -30.0000 2669.5652   15.7941
   -7.5000   15.0000  -30.0000 2669.6472   15.4200
    0.0000   15.0000  -30.0000 2709.1316   15.2536
    7.5000   15.0000  -30.0000 2697.5115   15.2711
   -7.5000   22.5000  -30.0000 2678.5117   15.2241
    0.0000   22.5000  -30.0000 2714.9451   15.0872
    7.5000   22.5000  -30.0000 2700.5063   15.1093
   -7.5000   30.0000  -30.0000 2672.4961   15.3734
    0.0000   30.0000  -30.0000 2711.7693   15.2431
    7.5000   30.0000  -30.0000 2694.1560   15.2868
   -7.5000   37.5000  -30.0000 2618.9441   15.6963
    0.0000   37.5000  -30.0000 2655.5027   15.5363
    7.5000   37.5000  -30.0000 2637.9221   15.6129
   -7.5000   45.0000  -30.0000 2506.1414   15.9970
    0.0000   45.0000  -30.0000 2533.5461   15.8155
    7.5000   45.0000  -30.0000 2518.8135   15.9111
   -7.5000   52.5000  -30.0000 2352.3188   16.2890
    0.0000   52.5000  -30.0000 2373.2141   16.1226
    7.5000   52.5000  -30.0000 2358.3723   16.2084
   -7.5000   60.0000  -30.0000 2162.2566   16.6528
    0.0000   60.0000  -30.0000 2185.6863   16.4689
    7.5000   60.0000  -30.0000 2178.5151   16.5481
   -7.5000  -30.0000  -22.5000 2176.3940   25.0228
    0.0000  -30.0000  -22.5000 2201.1360   24.6854
    7.5000  -30.0000  -22.5000 2199.9333   24.7672
   -7.5000  -22.5000  -22.5000 2307.8645   22.1875
    0.0000  -22.5000  -22.5000 2333.1848   21.8417
    7.5000  -22.5000  -22.5000 2330.4695   21.9096
   -7.5000  -15.0000  -22.5000 2429.0684   19.9017
    0.0000  -15.0000  -22.5000 2456.4985   19.5926
    7.5000  -15.0000  -22.5000 2452.8989   19.6334
   -7.5000   -7.5000  -22.5000 2527.3320   18.1076
    0.0000   -7.5000  -22.5000 2560.1914   17.8168
    7.5000   -7.5000  -22.5000 2554.2769   17.8284
   -7.5000    0.0000  -22.5000 2611.2473   16.7292
    0.0000    0.0000  -22.5000 2649.1641   16.4656
    7.5000    0.0000  -22.5000 2640.4946   16.4416
   -7.5000    7.5000  -22.5000 2669.6929   15.7259
    0.0000    7.5000  -22.5000 2708.8362   15.4689
    7.5000    7.5000  -22.5000 2698.1577   15.4697
   -7.5000   15.0000  -22.5000 2707.6431   15.0161
    0.0000   15.0000  -22.5000 2743.7756   14.7808
    7.5000   15.0000  -22.5000 2731.5188   14.8305
   -7.5000   22.5000  -22.5000 2720.2859   14.7288
    0.0000   22.5000  -22.5000 2753.6030   14.5189
    7.5000   22.5000  -22.5000 2737.3833   14.5553
   -7.5000   30.0000  -22.5000 2722.6108   14.9128
    0.0000   30.0000  -22.5000 2754.6248   14.6761
    7.5000   30.0000  -22.5000 2739.7063   14.7035
   -7.5000   37.5000  -22.5000 2670.6423   15.2690
    0.0000   37.5000  -22.5000 2701.0166   15.0049
    7.5000   37.5000  -22.5000 2687.9707   15.0511
   -7.5000   45.0000  -22.5000 2559.2974   15.5501
    0.0000   45.0000  -22.5000 2582.4111   15.2945
    7.5000   45.0000  -22.5000 2570.2620   15.3721
   -7.5000   52.5000  -22.5000 2405.2656   15.7791
    0.0000   52.5000  -22.5000 2424.0974   15.5070
    7.5000   52.5000  -22.5000 2409.9724   15.6798
   -7.5000   60.0000  -22.5000 2216.9978   16.0907
    0.0000   60.0000  -22.5000 2233.8723   15.7984
    7.5000   60.0000  -22.5000 2222.4404   15.9698
   -7.5000  -30.0000  -15.0000 2226.5957   25.3513
    0.0000  -30.0000  -15.0000 2253.4241   24.9615
    7.5000  -30.0000  -15.0000 2251.5674   24.9466
   -7.5000  -22.5000  -15.0000 2361.5020   22.2990
    0.0000  -22.5000  -15.0000 2393.2026   21.9496
    7.5000  -22.5000  -15.0000 2391.0354   21.9717
   -7.5000  -15.0000  -15.0000 2488.6514   19.9450
    0.0000  -15.0000  -15.0000 2522.5564   19.6236
    7.5000  -15.0000  -15.0000 2521.2971   19.6529
   -7.5000   -7.5000  -15.0000 2594.5930   18.1010
    0.0000   -7.5000  -15.0000 2633.6018   17.8158
    7.5000   -7.5000  -15.0000 2635.2607   17.8313
   -7.5000    0.0000  -15.0000 2688.8098   16.6813
    0.0000    0.0000  -15.0000 2726.1807   16.4240
    7.5000    0.0000  -15.0000 2726.1438   16.4435
   -7.5000    7.5000  -15.0000 2755.9094   15.5888
    0.0000    7.5000  -15.0000 2796.8389   15.3816
    7.5000    7.5000  -15.0000 2792.7480   15.4010
   -7.5000   15.0000  -15.0000 2802.0347   14.7886
    0.0000   15.0000  -15.0000 2844.1301   14.5945
    7.5000   15.0000  -15.0000 2837.9355   14.6434
   -7.5000   22.5000  -15.0000 2828.3323   14.4167
    0.0000   22.5000  -15.0000 2860.3528   14.0885
    7.5000   22.5000  -15.0000 2848.3486   14.2588
   -7.5000   30.0000  -15.0000 2835.2114   14.6061
    0.0000   30.0000  -15.0000 2859.1042   14.2778
    7.5000   30.0000  -15.0000 2850.4746   14.4172
   -7.5000   37.5000  -15.0000 2775.0791   14.8973
    0.0000   37.5000  -15.0000 2806.5452   14.6246
    7.5000   37.5000  -15.0000 2799.1431   14.7423
   -7.5000   45.0000  -15.0000 2660.6470   15.1538
    0.0000   45.0000  -15.0000 2692.6003   14.9099
    7.5000   45.0000  -15.0000 2681.2830   15.0782
   -7.5000   52.5000  -15.0000 2505.5083   15.4700
    0.0000   52.5000  -15.0000 2529.4233   15.2015
    7.5000   52.5000  -15.0000 2518.7612   15.4113
   -7.5000   60.0000  -15.0000 2317.6646   15.8711
    0.0000   60.0000  -15.0000 2336.5496   15.5963
    7.5000   60.0000  -15.0000 2326.0537   15.7952
   -7.5000  -30.0000   -7.5000 2239.6086   25.6445
    0.0000  -30.0000   -7.5000 2263.3499   25.1879
    7.5000  -30.0000   -7.5000 2266.4062   25.2232
   -7.5000  -22.5000   -7.5000 2378.9463   22.5162
    0.0000  -22.5000   -7.5000 2409.6777   22.1196
    7.5000  -22.5000   -7.5000 2410.2605   22.1454
   -7.5000  -15.0000   -7.5000 2508.2917   20.0537
    0.0000  -15.0000   -7.5000 2542.4172   19.6925
    7.5000  -15.0000   -7.5000 2546.9856   19.7583
   -7.5000   -7.5000   -7.5000 2622.2781   18.1552
    0.0000   -7.5000   -7.5000 2654.2151   17.8010
    7.5000   -7.5000   -7.5000 2660.4666   17.8869
   -7.5000    0.0000   -7.5000 2718.8411   16.6504
    0.0000    0.0000   -7.5000 2749.4270   16.3432
    7.5000    0.0000   -7.5000 2753.3779   16.4350
   -7.5000    7.5000   -7.5000 2796.8789   15.4994
    0.0000    7.5000   -7.5000 2834.0703   15.2774
    7.5000    7.5000   -7.5000 2835.1050   15.3605
   -7.5000   15.0000   -7.5000 2858.7415   14.7440
    0.0000   15.0000   -7.5000 2904.2412   14.5807
    7.5000   15.0000   -7.5000 2898.9119   14.6620
   -7.5000   22.5000   -7.5000 2896.2278   14.3165
    0.0000   22.5000   -7.5000 2943.1152   14.0837
    7.5000   22.5000   -7.5000 2929.0186   14.2654
   -7.5000   30.0000   -7.5000 2897.3918   14.3061
    0.0000   30.0000   -7.5000 2937.3577   14.0352
    7.5000   30.0000   -7.5000 2917.3411   14.3115
   -7.5000   37.5000   -7.5000 2831.0764   14.4841
    0.0000   37.5000   -7.5000 2868.0789   14.2625
    7.5000   37.5000   -7.5000 2853.3357   14.4947
   -7.5000   45.0000   -7.5000 2715.9458   14.8664
    0.0000   45.0000   -7.5000 2745.2649   14.5895
    7.5000   45.0000   -7.5000 2735.2163   14.8484
   -7.5000   52.5000   -7.5000 2566.2588   15.2731
    0.0000   52.5000   -7.5000 2593.7002   15.0500
    7.5000   52.5000   -7.5000 2574.9868   15.2603
   -7.5000   60.0000   -7.5000 2372.0645   15.7099
    0.0000   60.0000   -7.5000 2394.6909   15.5421
    7.5000   60.0000   -7.5000 2383.3000   15.6840
   -7.5000  -30.0000    0.0000 2227.2087   26.2925
    0.0000  -30.0000    0.0000 2252.5752   25.7517
    7.5000  -30.0000    0.0000 2251.6790   25.8062
   -7.5000  -22.5000    0.0000 2363.5347   22.9766
    0.0000  -22.5000    0.0000 2389.5842   22.4499
    7.5000  -22.5000    0.0000 2394.0957   22.5815
   -7.5000  -15.0000    0.0000 2491.6907   20.4429
    0.0000  -15.0000    0.0000 2518.2180   19.9492
    7.5000  -15.0000    0.0000 2523.8813   20.1078
   -7.5000   -7.5000    0.0000 2603.3333   18.4287
    0.0000   -7.5000    0.0000 2629.8645   17.9655
    7.5000   -7.5000    0.0000 2631.5906   18.1279
   -7.5000    0.0000    0.0000 2701.3899   16.7991
    0.0000    0.0000    0.0000 2732.7693   16.4248
    7.5000    0.0000    0.0000 2733.9636   16.6018
   -7.5000    7.5000    0.0000 2796.1064   15.5657
    0.0000    7.5000    0.0000 2837.9866   15.3270
    7.5000    7.5000    0.0000 2837.6160   15.5322
   -7.5000   15.0000    0.0000 2871.0991   14.8567
    0.0000   15.0000    0.0000 2915.9175   14.7116
    7.5000   15.0000    0.0000 2907.3787   14.9171
   -7.5000   22.5000    0.0000 2909.3296   14.4019
    0.0000   22.5000    0.0000 2972.5354   14.2363
    7.5000   22.5000    0.0000 2945.2527   14.5001
   -7.5000   30.0000    0.0000 2910.3113   14.2361
    0.0000   30.0000    0.0000 2958.1309   13.9909
    7.5000   30.0000    0.0000 2938.2014   14.3812
   -7.5000   37.5000    0.0000 2852.7849   14.3530
    0.0000   37.5000    0.0000 2883.9705   14.0604
    7.5000   37.5000    0.0000 2872.9456   14.4810
   -7.5000   45.0000    0.0000 2740.6567   14.7819
    0.0000   45.0000    0.0000 2771.8459   14.5492
    7.5000   45.0000    0.0000 2753.5129   14.7868
   -7.5000   52.5000    0.0000 2586.1262   15.2767
    0.0000   52.5000    0.0000 2609.1973   15.0978
    7.5000   52.5000    0.0000 2591.6128   15.2385
   -7.5000   60.0000    0.0000 2392.9712   15.7704
    0.0000   60.0000    0.0000 2410.4377   15.6182
    7.5000   60.0000    0.0000 2399.7041   15.7021
   -7.5000  -30.0000    7.5000 2193.6079   27.1140
    0.0000  -30.0000    7.5000 2219.1870   26.4227
    7.5000  -30.0000    7.5000 2222.8333   26.5685
   -7.5000  -22.5000    7.5000 2330.7480   23.6544
    0.0000  -22.5000    7.5000 2356.4797   23.0911
    7.5000  -22.5000    7.5000 2360.9756   23.3156
   -7.5000  -15.0000    7.5000 2455.3215   20.9659
    0.0000  -15.0000    7.5000 2484.3567   20.5223
    7.5000  -15.0000    7.5000 2481.3264   20.7302
   -7.5000   -7.5000    7.5000 2562.3406   18.8243
    0.0000   -7.5000    7.5000 2590.6204   18.4179
    7.5000   -7.5000    7.5000 2583.0920   18.6576
   -7.5000    0.0000    7.5000 2661.4902   17.1286
    0.0000    0.0000    7.5000 2694.5911   16.8119
    7.5000    0.0000    7.5000 2688.3113   17.0534
   -7.5000    7.5000    7.5000 2763.8950   15.9441
    0.0000    7.5000    7.5000 2796.5356   15.6352
    7.5000    7.5000    7.5000 2788.2314   15.9145
   -7.5000   15.0000    7.5000 2839.7510   15.1365
    0.0000   15.0000    7.5000 2882.2612   14.8659
    7.5000   15.0000    7.5000 2875.0171   15.1841
   -7.5000   22.5000    7.5000 2881.5349   14.6104
    0.0000   22.5000    7.5000 2923.9355   14.2550
    7.5000   22.5000    7.5000 2914.6428   14.7258
   -7.5000   30.0000    7.5000 2903.6719   14.4772
    0.0000   30.0000    7.5000 2922.5854   14.0755
    7.5000   30.0000    7.5000 2925.8313   14.5867
   -7.5000   37.5000    7.5000 2858.9312   14.6882
    0.0000   37.5000    7.5000 2882.9443   14.4022
    7.5000   37.5000    7.5000 2868.0898   14.7508
   -7.5000   45.0000    7.5000 2746.9688   15.0660
    0.0000   45.0000    7.5000 2771.1799   14.8499
    7.5000   45.0000    7.5000 2749.4155   15.1056
   -7.5000   52.5000    7.5000 2579.8831   15.5511
    0.0000   52.5000    7.5000 2603.2361   15.3962
    7.5000   52.5000    7.5000 2583.1514   15.5566
   -7.5000   60.0000    7.5000 2382.6677   16.0313
    0.0000   60.0000    7.5000 2400.7603   15.9037
    7.5000   60.0000    7.5000 2393.0056   16.0006
   -7.5000  -30.0000   15.0000 2152.0562   28.1698
    0.0000  -30.0000   15.0000 2175.5708   27.5376
    7.5000  -30.0000   15.0000 2176.7563   27.7372
   -7.5000  -22.5000   15.0000 2287.9187   24.4615
    0.0000  -22.5000   15.0000 2314.3635   24.0195
    7.5000  -22.5000   15.0000 2309.8794   24.2550
   -7.5000  -15.0000   15.0000 2410.4441   21.6564
    0.0000  -15.0000   15.0000 2436.5737   21.2646
    7.5000  -15.0000   15.0000 2427.0361   21.5133
   -7.5000   -7.5000   15.0000 2515.1592   19.4524
    0.0000   -7.5000   15.0000 2544.5564   19.1293
    7.5000   -7.5000   15.0000 2534.6443   19.4022
   -7.5000    0.0000   15.0000 2614.5681   17.7320
    0.0000    0.0000   15.0000 2645.4729   17.4119
    7.5000    0.0000   15.0000 2634.0354   17.7036
   -7.5000    7.5000   15.0000 2708.4827   16.4953
    0.0000    7.5000   15.0000 2741.5601   16.1950
    7.5000    7.5000   15.0000 2730.2759   16.5094
   -7.5000   15.0000   15.0000 2793.2935   15.6138
    0.0000   15.0000   15.0000 2833.5000   15.3237
    7.5000   15.0000   15.0000 2820.4792   15.6766
   -7.5000   22.5000   15.0000 2850.3521   15.1195
    0.0000   22.5000   15.0000 2871.8691   14.6605
    7.5000   22.5000   15.0000 2869.5356   15.1792
   -7.5000   30.0000   15.0000 2882.3499   15.0399
    0.0000   30.0000   15.0000 2908.8157   14.6686
    7.5000   30.0000   15.0000 2887.0352   15.0340
   -7.5000   37.5000   15.0000 2835.7129   15.2778
    0.0000   37.5000   15.0000 2860.8403   14.9762
    7.5000   37.5000   15.0000 2840.7593   15.2873
   -7.5000   45.0000   15.0000 2714.9355   15.6206
    0.0000   45.0000   15.0000 2744.1902   15.3686
    7.5000   45.0000   15.0000 2722.4817   15.6147
   -7.5000   52.5000   15.0000 2554.2627   16.0380
    0.0000   52.5000   15.0000 2575.4211   15.8311
    7.5000   52.5000   15.0000 2557.3484   16.0349
   -7.5000   60.0000   15.0000 2349.9531   16.4837
    0.0000   60.0000   15.0000 2372.6431   16.3409
    7.5000   60.0000   15.0000 2362.5359   16.4594
   -7.5000  -30.0000   22.5000 2099.9780   29.4038
    0.0000  -30.0000   22.5000 2124.0906   28.8440
    7.5000  -30.0000   22.5000 2120.1057   29.1035
   -7.5000  -22.5000   22.5000 2237.6235   25.6092
    0.0000  -22.5000   22.5000 2259.1294   25.1937
    7.5000  -22.5000   22.5000 2251.7485   25.4550
   -7.5000  -15.0000   22.5000 2355.1235   22.6735
    0.0000  -15.0000   22.5000 2380.7864   22.3868
    7.5000  -15.0000   22.5000 2370.2290   22.6225
   -7.5000   -7.5000   22.5000 2457.6958   20.3485
    0.0000   -7.5000   22.5000 2490.7300   20.0949
    7.5000   -7.5000   22.5000 2474.1975   20.3360
   -7.5000    0.0000   22.5000 2559.4377   18.5607
    0.0000    0.0000   22.5000 2592.6482   18.2782
    7.5000    0.0000   22.5000 2572.4871   18.5441
   -7.5000    7.5000   22.5000 2653.9968   17.3001
    0.0000    7.5000   22.5000 2689.1262   17.0035
    7.5000    7.5000   22.5000 2669.7664   17.2791
   -7.5000   15.0000   22.5000 2739.8943   16.3791
    0.0000   15.0000   22.5000 2771.5759   16.0024
    7.5000   15.0000   22.5000 2753.5100   16.3940
   -7.5000   22.5000   22.5000 2798.4814   15.8676
    0.0000   22.5000   22.5000 2821.1982   15.4717
    7.5000   22.5000   22.5000 2800.5344   15.8085
   -7.5000   30.0000   22.5000 2822.2197   15.8798
    0.0000   30.0000   22.5000 2851.0781   15.5298
    7.5000   30.0000   22.5000 2833.2695   15.7868
   -7.5000   37.5000   22.5000 2777.1404   16.0967
    0.0000   37.5000   22.5000 2799.6721   15.7746
    7.5000   37.5000   22.5000 2789.9092   16.0437
   -7.5000   45.0000   22.5000 2657.8022   16.4053
    0.0000   45.0000   22.5000 2682.9585   16.1119
    7.5000   45.0000   22.5000 2669.6003   16.3535
   -7.5000   52.5000   22.5000 2505.5322   16.7170
    0.0000   52.5000   22.5000 2532.6228   16.5079
    7.5000   52.5000   22.5000 2511.0034   16.6899
   -7.5000   60.0000   22.5000 2312.4766   17.1066
    0.0000   60.0000   22.5000 2338.8611   16.9429
    7.5000   60.0000   22.5000 2322.7395   17.0759
   -7.5000  -30.0000   30.0000 2035.5909   31.1611
    0.0000  -30.0000   30.0000 2055.4585   30.6890
    7.5000  -30.0000   30.0000 2051.4651   30.8900
   -7.5000  -22.5000   30.0000 2171.5664   27.1898
    0.0000  -22.5000   30.0000 2190.1230   26.8601
    7.5000  -22.5000   30.0000 2184.6372   27.0926
   -7.5000  -15.0000   30.0000 2285.1643   23.9882
    0.0000  -15.0000   30.0000 2312.5381   23.7774
    7.5000  -15.0000   30.0000 2300.4299   23.9395
   -7.5000   -7.5000   30.0000 2393.9004   21.4577
    0.0000   -7.5000   30.0000 2422.2190   21.2536
    7.5000   -7.5000   30.0000 2406.8020   21.4351
   -7.5000    0.0000   30.0000 2498.7913   19.6242
    0.0000    0.0000   30.0000 2533.3669   19.3666
    7.5000    0.0000   30.0000 2510.3650   19.5707
   -7.5000    7.5000   30.0000 2591.5911   18.2608
    0.0000    7.5000   30.0000 2632.2634   17.9510
    7.5000    7.5000   30.0000 2604.9441   18.1801
   -7.5000   15.0000   30.0000 2671.7683   17.3601
    0.0000   15.0000   30.0000 2709.0322   16.9927
    7.5000   15.0000   30.0000 2676.8713   17.3051
   -7.5000   22.5000   30.0000 2726.1509   16.8584
    0.0000   22.5000   30.0000 2753.2217   16.5338
    7.5000   22.5000   30.0000 2724.8706   16.7379
   -7.5000   30.0000   30.0000 2740.6250   16.8877
    0.0000   30.0000   30.0000 2767.5615   16.5950
    7.5000   30.0000   30.0000 2743.9106   16.7444
   -7.5000   37.5000   30.0000 2692.1733   17.0795
    0.0000   37.5000   30.0000 2714.8701   16.7888
    7.5000   37.5000   30.0000 2704.9448   16.9887
   -7.5000   45.0000   30.0000 2580.4602   17.3326
    0.0000   45.0000   30.0000 2609.0374   17.0627
    7.5000   45.0000   30.0000 2592.7588   17.2474
   -7.5000   52.5000   30.0000 2438.5635   17.5888
    0.0000   52.5000   30.0000 2468.4558   17.3462
    7.5000   52.5000   30.0000 2443.4155   17.5382
   -7.5000   60.0000   30.0000 2257.1143   17.8704
    0.0000   60.0000   30.0000 2281.8523   17.7253
    7.5000   60.0000   30.0000 2263.2136   17.8628
   -7.5000  -30.0000   37.5000 1961.7306   33.3328
    0.0000  -30.0000   37.5000 1980.6459   32.8819
    7.5000  -30.0000   37.5000 1975.9456   33.2143
   -7.5000  -22.5000   37.5000 2097.9753   28.9524
    0.0000  -22.5000   37.5000 2119.4919   28.6749
    7.5000  -22.5000   37.5000 2108.1533   28.8815
   -7.5000  -15.0000   37.5000 2209.3191   25.4641
    0.0000  -15.0000   37.5000 2234.1736   25.3065
    7.5000  -15.0000   37.5000 2225.2344   25.5045
   -7.5000   -7.5000   37.5000 2321.0857   22.8251
    0.0000   -7.5000   37.5000 2352.0986   22.6831
    7.5000   -7.5000   37.5000 2332.2078   22.8108
   -7.5000    0.0000   37.5000 2429.8909   20.8744
    0.0000    0.0000   37.5000 2468.3730   20.6412
    7.5000    0.0000   37.5000 2439.0991   20.8125
   -7.5000    7.5000   37.5000 2522.0337   19.4693
    0.0000    7.5000   37.5000 2562.8325   19.1968
    7.5000    7.5000   37.5000 2530.2876   19.3807
   -7.5000   15.0000   37.5000 2592.8289   18.5095
    0.0000   15.0000   37.5000 2631.1233   18.2600
    7.5000   15.0000   37.5000 2591.7856   18.4422
   -7.5000   22.5000   37.5000 2640.0024   18.0126
    0.0000   22.5000   37.5000 2671.9956   17.7770
    7.5000   22.5000   37.5000 2636.2183   17.8977
   -7.5000   30.0000   37.5000 2647.6746   18.0488
    0.0000   30.0000   37.5000 2677.3601   17.7932
    7.5000   30.0000   37.5000 2650.1213   17.8776
   -7.5000   37.5000   37.5000 2597.4116   18.2327
    0.0000   37.5000   37.5000 2622.2512   17.9675
    7.5000   37.5000   37.5000 2609.4973   18.1094
   -7.5000   45.0000   37.5000 2496.2180   18.4984
    0.0000   45.0000   37.5000 2518.4189   18.2353
    7.5000   45.0000   37.5000 2505.8269   18.3573
   -7.5000   52.5000   37.5000 2356.9807   18.5929
    0.0000   52.5000   37.5000 2382.5352   18.3853
    7.5000   52.5000   37.5000 2362.9282   18.5262
   -7.5000   60.0000   37.5000 2190.9370   18.7159
    0.0000   60.0000   37.5000 2215.2205   18.5715
    7.5000   60.0000   37.5000 2192.1201   18.7005
   -7.5000  -30.0000   45.0000 1862.9790   35.5707
    0.0000  -30.0000   45.0000 1880.7853   35.2136
    7.5000  -30.0000   45.0000 1877.4960   35.6543
   -7.5000  -22.5000   45.0000 1999.2612   30.8007
    0.0000  -22.5000   45.0000 2018.3640   30.4942
    7.5000  -22.5000   45.0000 2012.9596   30.8661
   -7.5000  -15.0000   45.0000 2113.6248   27.1054
    0.0000  -15.0000   45.0000 2133.7517   26.9129
    7.5000  -15.0000   45.0000 2124.9531   27.1812
   -7.5000   -7.5000   45.0000 2226.8257   24.3632
    0.0000   -7.5000   45.0000 2255.5017   24.2295
    7.5000   -7.5000   45.0000 2232.0500   24.3431
   -7.5000    0.0000   45.0000 2340.2454   22.3139
    0.0000    0.0000   45.0000 2371.3958   22.1431
    7.5000    0.0000   45.0000 2341.2688   22.2434
   -7.5000    7.5000   45.0000 2428.7268   20.8071
    0.0000    7.5000   45.0000 2462.6597   20.6097
    7.5000    7.5000   45.0000 2428.0017   20.7565
   -7.5000   15.0000   45.0000 2491.2705   19.7745
    0.0000   15.0000   45.0000 2521.7246   19.6379
    7.5000   15.0000   45.0000 2488.5029   19.7159
   -7.5000   22.5000   45.0000 2530.0776   19.2827
    0.0000   22.5000   45.0000 2554.0479   19.0891
    7.5000   22.5000   45.0000 2525.1975   19.1951
   -7.5000   30.0000   45.0000 2530.7117   19.2981
    0.0000   30.0000   45.0000 2556.7822   19.0978
    7.5000   30.0000   45.0000 2535.5139   19.1452
   -7.5000   37.5000   45.0000 2484.2588   19.4583
    0.0000   37.5000   45.0000 2507.9099   19.2598
    7.5000   37.5000   45.0000 2489.8147   19.3579
   -7.5000   45.0000   45.0000 2384.6177   19.6834
    0.0000   45.0000   45.0000 2405.5918   19.5012
    7.5000   45.0000   45.0000 2386.3267   19.5657
   -7.5000   52.5000   45.0000 2248.3569   19.6986
    0.0000   52.5000   45.0000 2267.0635   19.5639
    7.5000   52.5000   45.0000 2254.1853   19.6258
   -7.5000   60.0000   45.0000 2094.5945   19.6764
    0.0000   60.0000   45.0000 2115.5950   19.5510
    7.5000   60.0000   45.0000 2094.6057   19.6241

---------------------------------------------------------------------
imgreg_4dfp /opt/freesurfer/average/711-2C_as_mni_average_305 /opt/freesurfer/average/711-2B_as_mni_average_305_mask talsrcimg_g11 none talsrcimg_to_711-2C_as_mni_average_305_t4 1283
---------------------------------------------------------------------

freesurfer imgreg_4dfp.c
/opt/freesurfer/average/711-2C_as_mni_average_305.4dfp.img
       256       256       256         1
  1.000000  1.000000  1.000000
orientation T byte_order littleendian
Reading image: /opt/freesurfer/average/711-2C_as_mni_average_305.4dfp.img
dimensions:      256       256       256
mmppix:       1.0000   -1.0000   -1.0000
center:     128.0000 -129.0000 -129.0000
/opt/freesurfer/average/711-2B_as_mni_average_305_mask.4dfp.img
       256       256       256         1
  1.000000  1.000000  1.000000
orientation T byte_order littleendian
Reading mask: /opt/freesurfer/average/711-2B_as_mni_average_305_mask.4dfp.img (2306576 pixels)
talsrcimg_g11.4dfp.img
       320       320       320         1
  0.700000  0.700000  0.700000
orientation T byte_order littleendian
Reading image: talsrcimg_g11.4dfp.img
dimensions:      320       320       320
mmppix:       0.7000   -0.7000   -0.7000
center:     112.0000 -112.7000 -112.7000
rotation matrix determinant  1.000000
fimgreg.f
image alignment mode   1283 decimal      503 hex
parameters
    0.0000   22.5000    0.0000    0.0000    0.0000    0.0000
eta,q 0.93260 14.23277
niter,ni,del,rscale     5    3   12.0000    1.2000
parameter  4  1.633072 ->  0.500000 qaram    1.1500
parameters
    1.5158   24.9798   -2.2768   -3.4500    0.9178    2.5235
eta,q 0.93999 13.95604
  0.0805  0.0812  0.0675  0.0591  0.0659  0.0665
  0.0770  0.0764  0.0654  0.0597  0.0624  0.0642
  0.0715  0.0718  0.0645  0.0623  0.0607  0.0618
  0.0679  0.0679  0.0651  0.0647  0.0603  0.0602
  0.0682  0.0653  0.0686  0.0682  0.0602  0.0600
  0.0705  0.0663  0.0737  0.0728  0.0611  0.0602
  0.0730  0.0700  0.0795  0.0760  0.0629  0.0610
niter,ni,del,rscale     5    3   12.0000    1.2000
parameter  4  1.046124 ->  0.500000 qaram    1.3225
parameters
    1.7664   26.1381   -3.1457   -7.4175    2.1182    3.0705
eta,q 0.94294 14.00810
  0.0715  0.0721  0.0659  0.0552  0.0611  0.0600
  0.0650  0.0670  0.0613  0.0569  0.0592  0.0581
  0.0601  0.0625  0.0597  0.0577  0.0581  0.0572
  0.0600  0.0602  0.0597  0.0597  0.0572  0.0571
  0.0617  0.0599  0.0612  0.0633  0.0574  0.0571
  0.0641  0.0625  0.0652  0.0671  0.0582  0.0576
  0.0689  0.0656  0.0706  0.0727  0.0588  0.0589
niter,ni,del,rscale     5    3   12.0000    1.2000
parameter  4  2.101120 ->  0.500000 qaram    1.5209
parameter  6  0.562757 ->  0.500000 qaram    1.1500
parameters
    1.8024   26.6134   -3.9361  -11.9801    3.6968   -0.3795
eta,q 0.94720 14.05853
  0.0687  0.0639  0.0639  0.0494  0.0559  0.0537
  0.0608  0.0598  0.0590  0.0523  0.0542  0.0529
  0.0572  0.0579  0.0567  0.0553  0.0534  0.0528
  0.0571  0.0571  0.0569  0.0565  0.0532  0.0535
  0.0578  0.0563  0.0589  0.0582  0.0536  0.0548
  0.0611  0.0575  0.0626  0.0623  0.0534  0.0557
  0.0679  0.0627  0.0684  0.0676  0.0538  0.0564
niter,ni,del,rscale     6    3   12.0000    1.2000
parameter  4  0.736395 ->  0.500000 qaram    1.7490
parameters
    0.3967   28.0996   -4.3925  -17.2272    2.5762    0.7674
eta,q 0.95414 14.01661
  0.0576  0.0641  0.0612  0.0485  0.0498  0.0536
  0.0532  0.0590  0.0554  0.0464  0.0467  0.0507
  0.0518  0.0549  0.0514  0.0479  0.0459  0.0478
  0.0528  0.0519  0.0503  0.0502  0.0469  0.0461
  0.0548  0.0500  0.0528  0.0546  0.0484  0.0459
  0.0594  0.0511  0.0576  0.0576  0.0494  0.0475
  0.0662  0.0571  0.0652  0.0630  0.0520  0.0504
niter,ni,del,rscale     6    3   12.0000    1.2000
parameters
    1.4105   29.1973   -5.0893  -17.2052    2.3559    0.6593
eta,q 0.95562 13.94261
  0.0639  0.0642  0.0565  0.0590  0.0497  0.0515
  0.0564  0.0550  0.0500  0.0530  0.0464  0.0485
  0.0493  0.0487  0.0452  0.0451  0.0447  0.0454
  0.0459  0.0455  0.0448  0.0444  0.0444  0.0444
  0.0458  0.0449  0.0483  0.0475  0.0457  0.0454
  0.0484  0.0483  0.0548  0.0526  0.0474  0.0487
  0.0558  0.0542  0.0628  0.0582  0.0498  0.0521
niter,ni,del,rscale     5    3   12.0000    1.2000
parameters
    1.5080   29.3838   -5.1576  -17.2759    2.3913    0.6226
eta,q 0.95573 13.93788
  0.0597  0.0589  0.0595  0.0589  0.0502  0.0517
  0.0517  0.0507  0.0517  0.0527  0.0467  0.0486
  0.0460  0.0461  0.0466  0.0449  0.0448  0.0454
  0.0444  0.0444  0.0443  0.0443  0.0443  0.0443
  0.0455  0.0455  0.0467  0.0476  0.0453  0.0452
  0.0502  0.0508  0.0526  0.0526  0.0471  0.0485
  0.0593  0.0564  0.0600  0.0586  0.0495  0.0521
niter,ni,del,rscale     4    3   12.0000    1.2000
parameters
    1.5052   29.4250   -5.1661  -17.3174    2.4005    0.6116
eta,q 0.95576 13.93769
  0.0592  0.0581  0.0598  0.0589  0.0501  0.0518
  0.0512  0.0502  0.0519  0.0528  0.0466  0.0486
  0.0457  0.0458  0.0468  0.0449  0.0447  0.0455
  0.0443  0.0443  0.0443  0.0443  0.0442  0.0442
  0.0455  0.0458  0.0466  0.0475  0.0453  0.0452
  0.0505  0.0513  0.0524  0.0524  0.0471  0.0484
  0.0597  0.0567  0.0597  0.0586  0.0495  0.0521
registration optimization eta report
parameter search radius
    6.0000    6.0000    6.0000   10.4940    6.0000    6.9000
100000*second partial in parameter space
       43.       36.       42.       13.       15.       16.
  0.0592  0.0581  0.0598  0.0589  0.0501  0.0518
  0.0512  0.0502  0.0519  0.0528  0.0466  0.0486
  0.0457  0.0458  0.0468  0.0449  0.0447  0.0455
  0.0443  0.0443  0.0443  0.0443  0.0442  0.0442
  0.0455  0.0458  0.0466  0.0475  0.0453  0.0452
  0.0505  0.0513  0.0524  0.0524  0.0471  0.0484
  0.0597  0.0567  0.0597  0.0586  0.0495  0.0521
    1.5052   29.4250   -5.1661  -17.3174    2.4005    0.6116
eta,q 0.95576 13.93769

---------------------------------------------------------------------
imgreg_4dfp /opt/freesurfer/average/711-2C_as_mni_average_305 /opt/freesurfer/average/711-2B_as_mni_average_305_mask talsrcimg_g11 none talsrcimg_to_711-2C_as_mni_average_305_t4 3335
---------------------------------------------------------------------

freesurfer imgreg_4dfp.c
/opt/freesurfer/average/711-2C_as_mni_average_305.4dfp.img
       256       256       256         1
  1.000000  1.000000  1.000000
orientation T byte_order littleendian
Reading image: /opt/freesurfer/average/711-2C_as_mni_average_305.4dfp.img
dimensions:      256       256       256
mmppix:       1.0000   -1.0000   -1.0000
center:     128.0000 -129.0000 -129.0000
/opt/freesurfer/average/711-2B_as_mni_average_305_mask.4dfp.img
       256       256       256         1
  1.000000  1.000000  1.000000
orientation T byte_order littleendian
Reading mask: /opt/freesurfer/average/711-2B_as_mni_average_305_mask.4dfp.img (2306576 pixels)
talsrcimg_g11.4dfp.img
       320       320       320         1
  0.700000  0.700000  0.700000
orientation T byte_order littleendian
Reading image: talsrcimg_g11.4dfp.img
dimensions:      320       320       320
mmppix:       0.7000   -0.7000   -0.7000
center:     112.0000 -112.7000 -112.7000
fimgreg.f
image alignment mode   3335 decimal      D07 hex
parameters
    1.5052   29.4250   -5.1661   -0.0934   -4.5251   -4.6167
    0.2276   -4.3161    1.0665   29.7220    4.1884  -29.7403
eta,q 0.95629 14.16919
niter,ni,del,rscale     5    3    5.0000    1.2000
parameter  4  1.629058 ->  0.500000 qaram    1.1500
parameter  5  2.093296 ->  0.500000 qaram    1.1500
parameters
    1.2113   29.8879   -5.2282   -4.2334   -8.6651   -6.9607
   -0.4992   -5.1506    2.1818   28.3532    1.9646  -30.6764
eta,q 0.96825 14.19077
  0.0464  0.0466  0.0464  0.0363  0.0300  0.0345  0.0343  0.0369  0.0347  0.0346  0.0326  0.0331
  0.0449  0.0452  0.0448  0.0368  0.0315  0.0332  0.0330  0.0339  0.0334  0.0330  0.0320  0.0321
  0.0439  0.0442  0.0438  0.0392  0.0339  0.0321  0.0323  0.0323  0.0325  0.0322  0.0318  0.0317
  0.0437  0.0437  0.0436  0.0436  0.0373  0.0321  0.0321  0.0321  0.0320  0.0320  0.0320  0.0318
  0.0444  0.0436  0.0440  0.0490  0.0412  0.0341  0.0326  0.0332  0.0320  0.0328  0.0325  0.0323
  0.0459  0.0441  0.0450  0.0542  0.0454  0.0394  0.0338  0.0359  0.0325  0.0350  0.0333  0.0329
  0.0482  0.0450  0.0466  0.0583  0.0494  0.0461  0.0355  0.0397  0.0335  0.0384  0.0344  0.0336
niter,ni,del,rscale     6    3    5.0000    1.2000
parameter  5  0.854363 ->  0.500000 qaram    1.3225
parameters
    0.7051   30.6966   -5.7343   -6.9888  -13.4261   -6.0831
   -0.1903   -5.0594    3.2562   29.9910    2.7546  -34.1465
eta,q 0.97223 14.06486
  0.0341  0.0354  0.0322  0.0336  0.0284  0.0329  0.0307  0.0336  0.0305  0.0330  0.0295  0.0283
  0.0323  0.0336  0.0315  0.0323  0.0288  0.0316  0.0296  0.0304  0.0295  0.0311  0.0288  0.0278
  0.0315  0.0323  0.0311  0.0311  0.0296  0.0303  0.0288  0.0288  0.0288  0.0295  0.0284  0.0278
  0.0318  0.0315  0.0312  0.0311  0.0311  0.0290  0.0285  0.0285  0.0285  0.0285  0.0282  0.0282
  0.0328  0.0312  0.0317  0.0337  0.0336  0.0281  0.0286  0.0290  0.0285  0.0282  0.0282  0.0287
  0.0346  0.0315  0.0325  0.0384  0.0372  0.0291  0.0293  0.0305  0.0289  0.0288  0.0285  0.0294
  0.0371  0.0323  0.0336  0.0440  0.0413  0.0324  0.0304  0.0330  0.0296  0.0304  0.0290  0.0303
niter,ni,del,rscale     6    3    5.0000    1.2000
parameters
    0.6869   30.9614   -5.4054   -7.4771  -17.9502   -6.0920
   -0.2429   -5.4602    3.1740   31.4004    3.5273  -35.1736
eta,q 0.97320 13.87731
  0.0311  0.0304  0.0303  0.0322  0.0279  0.0311  0.0295  0.0311  0.0287  0.0304  0.0282  0.0279
  0.0292  0.0290  0.0289  0.0305  0.0271  0.0296  0.0282  0.0284  0.0278  0.0288  0.0275  0.0271
  0.0281  0.0281  0.0280  0.0290  0.0273  0.0284  0.0274  0.0272  0.0273  0.0278  0.0271  0.0268
  0.0278  0.0278  0.0278  0.0278  0.0279  0.0272  0.0272  0.0272  0.0271  0.0271  0.0269  0.0269
  0.0281  0.0279  0.0279  0.0278  0.0294  0.0267  0.0274  0.0278  0.0273  0.0268  0.0269  0.0272
  0.0293  0.0284  0.0284  0.0303  0.0324  0.0282  0.0283  0.0293  0.0279  0.0273  0.0272  0.0278
  0.0312  0.0294  0.0291  0.0349  0.0368  0.0326  0.0296  0.0319  0.0287  0.0287  0.0277  0.0286
niter,ni,del,rscale     5    3    5.0000    1.2000
parameters
    0.5595   31.0834   -5.2539   -7.3464  -19.0099   -6.3176
   -0.1211   -5.6488    3.1728   31.6005    3.7205  -35.6215
eta,q 0.97325 13.83044
  0.0297  0.0291  0.0288  0.0317  0.0294  0.0308  0.0294  0.0311  0.0284  0.0292  0.0279  0.0281
  0.0280  0.0278  0.0276  0.0299  0.0279  0.0293  0.0281  0.0283  0.0275  0.0279  0.0273  0.0272
  0.0270  0.0270  0.0270  0.0282  0.0268  0.0280  0.0271  0.0270  0.0270  0.0272  0.0269  0.0268
  0.0268  0.0268  0.0268  0.0268  0.0268  0.0267  0.0268  0.0268  0.0268  0.0268  0.0268  0.0268
  0.0273  0.0271  0.0270  0.0265  0.0274  0.0263  0.0271  0.0273  0.0270  0.0267  0.0268  0.0270
  0.0285  0.0277  0.0274  0.0285  0.0286  0.0282  0.0279  0.0288  0.0276  0.0275  0.0272  0.0276
  0.0304  0.0285  0.0282  0.0326  0.0312  0.0331  0.0292  0.0315  0.0284  0.0292  0.0278  0.0283
niter,ni,del,rscale     4    3    5.0000    1.2000
parameters
    0.5231   31.2380   -5.3059   -7.2491  -19.2484   -6.4713
   -0.0810   -5.7026    3.1624   31.8441    3.7943  -35.8355
eta,q 0.97325 13.82417
  0.0300  0.0291  0.0283  0.0316  0.0298  0.0308  0.0293  0.0312  0.0284  0.0291  0.0279  0.0281
  0.0281  0.0278  0.0274  0.0298  0.0282  0.0293  0.0280  0.0284  0.0275  0.0278  0.0273  0.0272
  0.0271  0.0270  0.0268  0.0281  0.0270  0.0280  0.0271  0.0270  0.0270  0.0272  0.0269  0.0268
  0.0267  0.0267  0.0268  0.0267  0.0267  0.0267  0.0268  0.0268  0.0268  0.0268  0.0267  0.0267
  0.0272  0.0270  0.0270  0.0265  0.0272  0.0263  0.0271  0.0272  0.0270  0.0267  0.0268  0.0270
  0.0283  0.0276  0.0275  0.0285  0.0282  0.0281  0.0279  0.0286  0.0276  0.0274  0.0272  0.0275
  0.0302  0.0284  0.0284  0.0327  0.0303  0.0329  0.0292  0.0312  0.0284  0.0290  0.0279  0.0282
niter,ni,del,rscale     3    3    5.0000    1.2000
parameters
    0.5085   31.3008   -5.3764   -7.2001  -19.3525   -6.5529
   -0.0412   -5.7240    3.1740   31.9841    3.8512  -35.9270
eta,q 0.97325 13.82346
  0.0301  0.0289  0.0283  0.0316  0.0298  0.0309  0.0293  0.0313  0.0284  0.0290  0.0279  0.0282
  0.0282  0.0276  0.0273  0.0298  0.0283  0.0293  0.0280  0.0284  0.0275  0.0278  0.0272  0.0273
  0.0271  0.0269  0.0268  0.0281  0.0271  0.0280  0.0271  0.0270  0.0269  0.0271  0.0269  0.0268
  0.0267  0.0267  0.0268  0.0267  0.0267  0.0267  0.0268  0.0268  0.0268  0.0268  0.0268  0.0268
  0.0271  0.0270  0.0270  0.0265  0.0271  0.0263  0.0271  0.0272  0.0270  0.0267  0.0268  0.0270
  0.0283  0.0277  0.0275  0.0286  0.0281  0.0281  0.0279  0.0286  0.0275  0.0274  0.0272  0.0275
  0.0301  0.0286  0.0284  0.0328  0.0302  0.0326  0.0292  0.0312  0.0284  0.0291  0.0279  0.0281
niter,ni,del,rscale     2    3    5.0000    1.2000
parameters
    0.4987   31.3287   -5.4179   -7.1755  -19.3958   -6.6012
   -0.0160   -5.7435    3.1761   32.0460    3.9018  -35.9604
eta,q 0.97325 13.82323
  0.0301  0.0288  0.0283  0.0317  0.0299  0.0309  0.0293  0.0313  0.0284  0.0289  0.0279  0.0282
  0.0282  0.0276  0.0274  0.0298  0.0283  0.0294  0.0279  0.0284  0.0275  0.0278  0.0272  0.0273
  0.0271  0.0269  0.0268  0.0281  0.0271  0.0280  0.0271  0.0270  0.0269  0.0271  0.0269  0.0268
  0.0268  0.0268  0.0268  0.0267  0.0267  0.0267  0.0268  0.0268  0.0268  0.0268  0.0268  0.0268
  0.0271  0.0270  0.0270  0.0265  0.0271  0.0262  0.0271  0.0272  0.0270  0.0267  0.0269  0.0270
  0.0283  0.0277  0.0275  0.0287  0.0281  0.0280  0.0279  0.0286  0.0275  0.0274  0.0272  0.0274
  0.0301  0.0286  0.0283  0.0328  0.0301  0.0326  0.0292  0.0312  0.0284  0.0291  0.0279  0.0281
niter,ni,del,rscale     1    3    5.0000    1.2000
parameters
    0.4937   31.3417   -5.4394   -7.1619  -19.4181   -6.6219
   -0.0045   -5.7588    3.1793   32.0788    3.9307  -35.9775
eta,q 0.97325 13.82327
  0.0301  0.0288  0.0283  0.0317  0.0299  0.0309  0.0292  0.0313  0.0284  0.0289  0.0279  0.0282
  0.0282  0.0276  0.0274  0.0298  0.0283  0.0294  0.0279  0.0284  0.0275  0.0277  0.0272  0.0273
  0.0271  0.0269  0.0268  0.0281  0.0271  0.0280  0.0271  0.0270  0.0269  0.0271  0.0269  0.0268
  0.0268  0.0268  0.0268  0.0268  0.0267  0.0267  0.0268  0.0268  0.0268  0.0268  0.0268  0.0268
  0.0271  0.0271  0.0270  0.0266  0.0271  0.0262  0.0271  0.0272  0.0270  0.0267  0.0268  0.0270
  0.0283  0.0277  0.0275  0.0287  0.0281  0.0280  0.0279  0.0286  0.0275  0.0274  0.0272  0.0274
  0.0301  0.0286  0.0283  0.0329  0.0301  0.0325  0.0292  0.0312  0.0284  0.0292  0.0279  0.0281
registration optimization eta report
parameter search radius
    2.4000    2.4000    2.4000    8.2800    9.5220    7.2000
    7.2000    7.2000    7.2000    7.2000    7.2000    7.2000
100000*second partial in parameter space
       58.       34.       27.        8.        4.       10.
        5.        9.        3.        4.        2.        3.
  0.0301  0.0288  0.0283  0.0317  0.0299  0.0309  0.0292  0.0313  0.0284  0.0289  0.0279  0.0282
  0.0282  0.0276  0.0274  0.0298  0.0283  0.0294  0.0279  0.0284  0.0275  0.0277  0.0272  0.0273
  0.0271  0.0269  0.0268  0.0281  0.0271  0.0280  0.0271  0.0270  0.0269  0.0271  0.0269  0.0268
  0.0268  0.0268  0.0268  0.0268  0.0267  0.0267  0.0268  0.0268  0.0268  0.0268  0.0268  0.0268
  0.0271  0.0271  0.0270  0.0266  0.0271  0.0262  0.0271  0.0272  0.0270  0.0267  0.0268  0.0270
  0.0283  0.0277  0.0275  0.0287  0.0281  0.0280  0.0279  0.0286  0.0275  0.0274  0.0272  0.0274
  0.0301  0.0286  0.0283  0.0329  0.0301  0.0325  0.0292  0.0312  0.0284  0.0292  0.0279  0.0281
    0.4937   31.3417   -5.4394   -7.1619  -19.4181   -6.6219
   -0.0045   -5.7588    3.1793   32.0788    3.9307  -35.9775
eta,q 0.97325 13.82327

---------------------------------------------------------------------
imgreg_4dfp /opt/freesurfer/average/711-2C_as_mni_average_305 /opt/freesurfer/average/711-2B_as_mni_average_305_mask talsrcimg_g11 none talsrcimg_to_711-2C_as_mni_average_305_t4 2311
---------------------------------------------------------------------

freesurfer imgreg_4dfp.c
/opt/freesurfer/average/711-2C_as_mni_average_305.4dfp.img
       256       256       256         1
  1.000000  1.000000  1.000000
orientation T byte_order littleendian
Reading image: /opt/freesurfer/average/711-2C_as_mni_average_305.4dfp.img
dimensions:      256       256       256
mmppix:       1.0000   -1.0000   -1.0000
center:     128.0000 -129.0000 -129.0000
/opt/freesurfer/average/711-2B_as_mni_average_305_mask.4dfp.img
       256       256       256         1
  1.000000  1.000000  1.000000
orientation T byte_order littleendian
Reading mask: /opt/freesurfer/average/711-2B_as_mni_average_305_mask.4dfp.img (2306576 pixels)
talsrcimg_g11.4dfp.img
       320       320       320         1
  0.700000  0.700000  0.700000
orientation T byte_order littleendian
Reading image: talsrcimg_g11.4dfp.img
dimensions:      320       320       320
mmppix:       0.7000   -0.7000   -0.7000
center:     112.0000 -112.7000 -112.7000
fimgreg.f
image alignment mode   2311 decimal      907 hex
parameters
    0.4937   31.3417   -5.4394   -7.1619  -19.4181   -6.6219
   -0.0045   -5.7588    3.1793   32.0788    3.9307  -35.9775
eta,q 0.97325 13.82326
niter,ni,del,rscale     5    3    5.0000    0.8000
parameters
    0.4788   31.2534   -5.5140   -5.9334  -19.4111   -5.7391
   -0.0548   -5.7156    3.1360   32.3155    3.7111  -35.5154
eta,q 0.97399 13.86302
  0.0282  0.0276  0.0274  0.0294  0.0273  0.0292  0.0272  0.0288  0.0268  0.0273  0.0267  0.0270
  0.0274  0.0271  0.0270  0.0284  0.0268  0.0282  0.0266  0.0272  0.0264  0.0267  0.0263  0.0264
  0.0269  0.0268  0.0268  0.0275  0.0265  0.0273  0.0262  0.0263  0.0261  0.0263  0.0261  0.0261
  0.0268  0.0268  0.0267  0.0267  0.0264  0.0264  0.0260  0.0260  0.0260  0.0260  0.0260  0.0260
  0.0269  0.0269  0.0269  0.0264  0.0266  0.0259  0.0262  0.0263  0.0261  0.0260  0.0261  0.0261
  0.0274  0.0272  0.0271  0.0267  0.0268  0.0264  0.0266  0.0271  0.0264  0.0264  0.0264  0.0263
  0.0283  0.0277  0.0275  0.0279  0.0272  0.0282  0.0273  0.0287  0.0268  0.0273  0.0269  0.0266
niter,ni,del,rscale     4    3    5.0000    0.7000
parameters
    0.4685   31.1228   -5.4990   -6.0354  -19.5056   -5.5338
   -0.0894   -5.6718    3.1635   32.2096    3.7508  -35.4129
eta,q 0.97403 13.85838
  0.0274  0.0266  0.0267  0.0279  0.0267  0.0284  0.0269  0.0281  0.0266  0.0269  0.0266  0.0266
  0.0266  0.0262  0.0263  0.0271  0.0263  0.0275  0.0264  0.0268  0.0263  0.0265  0.0262  0.0262
  0.0261  0.0260  0.0261  0.0264  0.0261  0.0267  0.0261  0.0262  0.0260  0.0262  0.0260  0.0260
  0.0260  0.0260  0.0260  0.0260  0.0260  0.0260  0.0260  0.0260  0.0260  0.0260  0.0260  0.0260
  0.0262  0.0262  0.0261  0.0261  0.0261  0.0259  0.0261  0.0261  0.0260  0.0260  0.0260  0.0260
  0.0266  0.0264  0.0263  0.0269  0.0264  0.0267  0.0264  0.0268  0.0262  0.0264  0.0262  0.0262
  0.0274  0.0269  0.0267  0.0284  0.0268  0.0285  0.0269  0.0280  0.0266  0.0272  0.0266  0.0265
niter,ni,del,rscale     3    3    5.0000    0.6000
parameters
    0.4686   31.1091   -5.4248   -5.9375  -19.6244   -5.2979
   -0.1046   -5.6662    3.1521   32.2009    3.7448  -35.3178
eta,q 0.97411 13.85355
  0.0270  0.0265  0.0266  0.0275  0.0265  0.0279  0.0266  0.0275  0.0264  0.0267  0.0264  0.0264
  0.0264  0.0262  0.0263  0.0269  0.0262  0.0272  0.0262  0.0266  0.0261  0.0263  0.0261  0.0261
  0.0261  0.0260  0.0261  0.0263  0.0260  0.0265  0.0260  0.0261  0.0259  0.0261  0.0260  0.0260
  0.0260  0.0260  0.0260  0.0260  0.0259  0.0259  0.0259  0.0259  0.0259  0.0259  0.0259  0.0259
  0.0261  0.0260  0.0260  0.0260  0.0260  0.0259  0.0260  0.0260  0.0260  0.0259  0.0259  0.0260
  0.0264  0.0262  0.0262  0.0265  0.0262  0.0264  0.0262  0.0266  0.0261  0.0262  0.0261  0.0261
  0.0270  0.0265  0.0264  0.0276  0.0265  0.0278  0.0266  0.0275  0.0264  0.0268  0.0264  0.0263
niter,ni,del,rscale     2    3    5.0000    0.5000
parameters
    0.4679   31.0947   -5.3599   -5.8612  -19.7510   -5.1009
   -0.1192   -5.6438    3.1488   32.2034    3.7488  -35.2693
eta,q 0.97414 13.84826
  0.0266  0.0263  0.0263  0.0271  0.0263  0.0274  0.0264  0.0270  0.0262  0.0264  0.0262  0.0262
  0.0262  0.0261  0.0261  0.0265  0.0260  0.0268  0.0261  0.0264  0.0260  0.0262  0.0260  0.0260
  0.0260  0.0259  0.0260  0.0261  0.0259  0.0262  0.0259  0.0260  0.0259  0.0260  0.0259  0.0259
  0.0259  0.0259  0.0259  0.0259  0.0259  0.0259  0.0259  0.0259  0.0259  0.0259  0.0259  0.0259
  0.0260  0.0259  0.0259  0.0259  0.0260  0.0259  0.0259  0.0260  0.0259  0.0259  0.0259  0.0259
  0.0262  0.0261  0.0260  0.0263  0.0261  0.0263  0.0261  0.0263  0.0260  0.0261  0.0260  0.0260
  0.0266  0.0263  0.0262  0.0271  0.0263  0.0273  0.0264  0.0270  0.0262  0.0265  0.0262  0.0262
niter,ni,del,rscale     1    3    5.0000    0.4000
parameters
    0.4679   31.0888   -5.3016   -5.7990  -19.8811   -4.9158
   -0.1243   -5.6241    3.1516   32.1908    3.7613  -35.1820
eta,q 0.97417 13.84157
  0.0263  0.0261  0.0262  0.0266  0.0261  0.0269  0.0262  0.0266  0.0261  0.0262  0.0261  0.0261
  0.0261  0.0260  0.0260  0.0263  0.0259  0.0265  0.0260  0.0262  0.0259  0.0260  0.0259  0.0259
  0.0259  0.0259  0.0259  0.0260  0.0259  0.0261  0.0259  0.0259  0.0259  0.0259  0.0259  0.0259
  0.0259  0.0259  0.0259  0.0259  0.0258  0.0258  0.0258  0.0258  0.0258  0.0258  0.0258  0.0258
  0.0259  0.0259  0.0259  0.0259  0.0259  0.0258  0.0259  0.0259  0.0259  0.0259  0.0259  0.0258
  0.0261  0.0260  0.0259  0.0261  0.0260  0.0262  0.0260  0.0261  0.0259  0.0260  0.0259  0.0259
  0.0263  0.0261  0.0261  0.0266  0.0261  0.0267  0.0262  0.0266  0.0261  0.0263  0.0261  0.0260
registration optimization eta report
parameter search radius
    0.8000    0.8000    0.8000    2.4000    2.4000    2.4000
    2.4000    2.4000    2.4000    2.4000    2.4000    2.4000
100000*second partial in parameter space
       75.       42.       41.       14.        5.       17.
        6.       13.        4.        7.        4.        4.
  0.0263  0.0261  0.0262  0.0266  0.0261  0.0269  0.0262  0.0266  0.0261  0.0262  0.0261  0.0261
  0.0261  0.0260  0.0260  0.0263  0.0259  0.0265  0.0260  0.0262  0.0259  0.0260  0.0259  0.0259
  0.0259  0.0259  0.0259  0.0260  0.0259  0.0261  0.0259  0.0259  0.0259  0.0259  0.0259  0.0259
  0.0259  0.0259  0.0259  0.0259  0.0258  0.0258  0.0258  0.0258  0.0258  0.0258  0.0258  0.0258
  0.0259  0.0259  0.0259  0.0259  0.0259  0.0258  0.0259  0.0259  0.0259  0.0259  0.0259  0.0258
  0.0261  0.0260  0.0259  0.0261  0.0260  0.0262  0.0260  0.0261  0.0259  0.0260  0.0259  0.0259
  0.0263  0.0261  0.0261  0.0266  0.0261  0.0267  0.0262  0.0266  0.0261  0.0263  0.0261  0.0260
    0.4679   31.0888   -5.3016   -5.7990  -19.8811   -4.9158
   -0.1243   -5.6241    3.1516   32.1908    3.7613  -35.1820
eta,q 0.97417 13.84157

---------------------------------------------------------------------
imgreg_4dfp /opt/freesurfer/average/711-2C_as_mni_average_305 /opt/freesurfer/average/711-2B_as_mni_average_305_mask talsrcimg_g11 none talsrcimg_to_711-2C_as_mni_average_305_t4 2311
---------------------------------------------------------------------

freesurfer imgreg_4dfp.c
/opt/freesurfer/average/711-2C_as_mni_average_305.4dfp.img
       256       256       256         1
  1.000000  1.000000  1.000000
orientation T byte_order littleendian
Reading image: /opt/freesurfer/average/711-2C_as_mni_average_305.4dfp.img
dimensions:      256       256       256
mmppix:       1.0000   -1.0000   -1.0000
center:     128.0000 -129.0000 -129.0000
/opt/freesurfer/average/711-2B_as_mni_average_305_mask.4dfp.img
       256       256       256         1
  1.000000  1.000000  1.000000
orientation T byte_order littleendian
Reading mask: /opt/freesurfer/average/711-2B_as_mni_average_305_mask.4dfp.img (2306576 pixels)
talsrcimg_g11.4dfp.img
       320       320       320         1
  0.700000  0.700000  0.700000
orientation T byte_order littleendian
Reading image: talsrcimg_g11.4dfp.img
dimensions:      320       320       320
mmppix:       0.7000   -0.7000   -0.7000
center:     112.0000 -112.7000 -112.7000
fimgreg.f
image alignment mode   2311 decimal      907 hex
parameters
    0.4679   31.0888   -5.3016   -5.7990  -19.8811   -4.9158
   -0.1243   -5.6241    3.1516   32.1908    3.7613  -35.1820
eta,q 0.97417 13.84157
niter,ni,del,rscale     5    3    5.0000    0.8000
parameters
    0.4860   31.1352   -5.2729   -6.3327  -19.6113   -5.5136
   -0.0682   -5.6930    3.1493   31.9590    3.7572  -35.3935
eta,q 0.97397 13.83960
  0.0278  0.0270  0.0270  0.0279  0.0270  0.0283  0.0273  0.0285  0.0269  0.0271  0.0268  0.0267
  0.0267  0.0263  0.0264  0.0270  0.0264  0.0274  0.0266  0.0270  0.0264  0.0266  0.0264  0.0263
  0.0260  0.0260  0.0260  0.0262  0.0260  0.0265  0.0262  0.0262  0.0261  0.0262  0.0261  0.0261
  0.0258  0.0258  0.0258  0.0258  0.0259  0.0259  0.0260  0.0260  0.0260  0.0260  0.0260  0.0260
  0.0260  0.0260  0.0259  0.0262  0.0260  0.0262  0.0262  0.0263  0.0261  0.0261  0.0261  0.0262
  0.0267  0.0263  0.0263  0.0275  0.0263  0.0279  0.0266  0.0271  0.0264  0.0266  0.0264  0.0264
  0.0277  0.0268  0.0269  0.0297  0.0268  0.0309  0.0272  0.0287  0.0269  0.0276  0.0268  0.0268
niter,ni,del,rscale     4    3    5.0000    0.7000
parameters
    0.4738   31.1181   -5.3658   -6.0849  -19.5131   -5.4146
   -0.1094   -5.6660    3.1701   32.1020    3.7272  -35.3530
eta,q 0.97405 13.85338
  0.0274  0.0268  0.0266  0.0281  0.0268  0.0283  0.0269  0.0280  0.0266  0.0270  0.0265  0.0266
  0.0266  0.0263  0.0263  0.0272  0.0263  0.0274  0.0264  0.0268  0.0263  0.0265  0.0262  0.0262
  0.0262  0.0261  0.0261  0.0265  0.0261  0.0266  0.0261  0.0262  0.0260  0.0262  0.0260  0.0260
  0.0260  0.0260  0.0260  0.0260  0.0260  0.0260  0.0260  0.0260  0.0260  0.0260  0.0259  0.0259
  0.0262  0.0261  0.0261  0.0260  0.0261  0.0259  0.0261  0.0261  0.0260  0.0260  0.0260  0.0260
  0.0266  0.0264  0.0264  0.0266  0.0263  0.0267  0.0264  0.0268  0.0262  0.0263  0.0262  0.0262
  0.0274  0.0268  0.0268  0.0279  0.0267  0.0286  0.0269  0.0280  0.0266  0.0270  0.0266  0.0265
niter,ni,del,rscale     3    3    5.0000    0.6000
parameters
    0.4711   31.0908   -5.3775   -5.9676  -19.6208   -5.2528
   -0.1231   -5.6570    3.1632   32.1518    3.7291  -35.3022
eta,q 0.97410 13.85230
  0.0270  0.0265  0.0265  0.0275  0.0265  0.0278  0.0266  0.0275  0.0264  0.0267  0.0264  0.0264
  0.0264  0.0262  0.0262  0.0268  0.0262  0.0271  0.0262  0.0266  0.0261  0.0263  0.0261  0.0261
  0.0261  0.0260  0.0260  0.0263  0.0260  0.0264  0.0260  0.0261  0.0260  0.0261  0.0259  0.0259
  0.0260  0.0259  0.0259  0.0259  0.0259  0.0259  0.0259  0.0259  0.0259  0.0259  0.0259  0.0259
  0.0261  0.0260  0.0260  0.0260  0.0260  0.0259  0.0260  0.0260  0.0260  0.0259  0.0259  0.0260
  0.0264  0.0262  0.0262  0.0265  0.0262  0.0265  0.0262  0.0265  0.0261  0.0262  0.0261  0.0261
  0.0270  0.0265  0.0265  0.0275  0.0265  0.0279  0.0266  0.0275  0.0264  0.0268  0.0264  0.0263
niter,ni,del,rscale     2    3    5.0000    0.5000
parameters
    0.4711   31.0842   -5.3415   -5.8736  -19.7477   -5.0640
   -0.1260   -5.6379    3.1510   32.1641    3.7416  -35.2387
eta,q 0.97414 13.84739
  0.0266  0.0263  0.0263  0.0271  0.0263  0.0274  0.0264  0.0270  0.0262  0.0264  0.0262  0.0262
  0.0262  0.0261  0.0261  0.0265  0.0260  0.0268  0.0261  0.0263  0.0260  0.0262  0.0260  0.0260
  0.0260  0.0259  0.0260  0.0261  0.0259  0.0262  0.0259  0.0260  0.0259  0.0260  0.0259  0.0259
  0.0259  0.0259  0.0259  0.0259  0.0259  0.0259  0.0259  0.0259  0.0259  0.0259  0.0259  0.0259
  0.0260  0.0259  0.0259  0.0259  0.0260  0.0259  0.0259  0.0260  0.0259  0.0259  0.0259  0.0259
  0.0262  0.0261  0.0261  0.0263  0.0261  0.0263  0.0261  0.0263  0.0260  0.0261  0.0260  0.0260
  0.0266  0.0263  0.0263  0.0271  0.0263  0.0273  0.0264  0.0270  0.0262  0.0265  0.0262  0.0262
niter,ni,del,rscale     1    3    5.0000    0.4000
parameters
    0.4713   31.0848   -5.2908   -5.8110  -19.8831   -4.8978
   -0.1282   -5.6179    3.1427   32.1822    3.7515  -35.1769
eta,q 0.97417 13.84113
  0.0263  0.0261  0.0261  0.0266  0.0261  0.0269  0.0262  0.0266  0.0261  0.0262  0.0261  0.0261
  0.0261  0.0260  0.0260  0.0263  0.0259  0.0265  0.0260  0.0262  0.0259  0.0260  0.0259  0.0259
  0.0259  0.0259  0.0259  0.0260  0.0259  0.0261  0.0259  0.0259  0.0259  0.0259  0.0259  0.0259
  0.0259  0.0259  0.0259  0.0258  0.0258  0.0258  0.0258  0.0258  0.0258  0.0258  0.0258  0.0258
  0.0259  0.0259  0.0259  0.0259  0.0259  0.0258  0.0259  0.0259  0.0259  0.0258  0.0259  0.0259
  0.0261  0.0260  0.0259  0.0261  0.0260  0.0262  0.0260  0.0261  0.0259  0.0260  0.0259  0.0259
  0.0263  0.0261  0.0261  0.0266  0.0261  0.0267  0.0262  0.0266  0.0261  0.0262  0.0261  0.0260
registration optimization eta report
parameter search radius
    0.8000    0.8000    0.8000    2.4000    2.4000    2.4000
    2.4000    2.4000    2.4000    2.4000    2.4000    2.4000
100000*second partial in parameter space
       75.       41.       41.       14.        5.       17.
        6.       13.        4.        7.        4.        4.
  0.0263  0.0261  0.0261  0.0266  0.0261  0.0269  0.0262  0.0266  0.0261  0.0262  0.0261  0.0261
  0.0261  0.0260  0.0260  0.0263  0.0259  0.0265  0.0260  0.0262  0.0259  0.0260  0.0259  0.0259
  0.0259  0.0259  0.0259  0.0260  0.0259  0.0261  0.0259  0.0259  0.0259  0.0259  0.0259  0.0259
  0.0259  0.0259  0.0259  0.0258  0.0258  0.0258  0.0258  0.0258  0.0258  0.0258  0.0258  0.0258
  0.0259  0.0259  0.0259  0.0259  0.0259  0.0258  0.0259  0.0259  0.0259  0.0258  0.0259  0.0259
  0.0261  0.0260  0.0259  0.0261  0.0260  0.0262  0.0260  0.0261  0.0259  0.0260  0.0259  0.0259
  0.0263  0.0261  0.0261  0.0266  0.0261  0.0267  0.0262  0.0266  0.0261  0.0262  0.0261  0.0260
    0.4713   31.0848   -5.2908   -5.8110  -19.8831   -4.8978
   -0.1282   -5.6179    3.1427   32.1822    3.7515  -35.1769
eta,q 0.97417 13.84113

---------------------------------------------------------------------
compute_vox2vox talsrcimg talsrcimg_to_711-2C_as_mni_average_305_t4 /opt/freesurfer/average/711-2C_as_mni_average_305
---------------------------------------------------------------------

freesurfer compute_vox2vox.c
Reading: talsrcimg.4dfp.ifh
Reading: talsrcimg_to_711-2C_as_mni_average_305_t4
Reading: /opt/freesurfer/average/711-2C_as_mni_average_305.4dfp.ifh
Writing: talsrcimg_to_711-2C_as_mni_average_305_t4_vox2vox.txt

start time Fri Mar 13 08:14:57 CET 2026
end		time Fri Mar 13 08:15:18 CET 2026

mpr2mni305 success

avi2talxfm orig_nu.mgz /opt/freesurfer/average/mni305.cor.mgz talsrcimg_to_711-2C_as_mni_average_305_t4_vox2vox.txt transforms/talairach.auto.xfm
avi2talxfm done
mv -f /out/sourcedata/freesurfer/sub-v2s5x29574_ses-1/mri/talsrcimg_to_711-2C_as_mni_average_305_t4_vox2vox.txt /out/sourcedata/freesurfer/sub-v2s5x29574_ses-1/mri/transforms/talsrcimg_to_711-2C_as_mni_average_305_t4_vox2vox.txt
lta_convert --src orig_nu.mgz --trg /opt/freesurfer/average/mni305.cor.mgz --inxfm transforms/talairach.auto.xfm --outlta transforms/talairach.auto.xfm.lta --subject fsaverage
7.3.2

--src: orig_nu.mgz src image (geometry).
--trg: /opt/freesurfer/average/mni305.cor.mgz trg image (geometry).
--inmni: transforms/talairach.auto.xfm input MNI/XFM transform.
--outlta: transforms/talairach.auto.xfm.lta output LTA.
--s: fsaverage subject name
 LTA read, type : 1
 1.05870   0.05395   0.02538   1.06168;
-0.04973   0.91294   0.40077  -24.51172;
-0.02155  -0.36884   1.08620  -2.85470;
 0.00000   0.00000   0.00000   1.00000;
setting subject to fsaverage
Writing  LTA to file transforms/talairach.auto.xfm.lta...
lta_convert successful.
 
 
Started at Fri Mar 13 08:14:57 CET 2026
Ended   at Fri Mar 13 08:15:18 CET 2026
talairach_avi done
