/out/sourcedata/freesurfer/sub-v2s5x29561_ses-1/mri
/opt/freesurfer/bin/talairach_avi
--i orig_nu.mgz --xfm transforms/talairach.auto.xfm
talairach_avi 7.3.2
Linux dna065 5.14.0-427.37.1.el9_4.x86_64 #1 SMP PREEMPT_DYNAMIC Fri Sep 13 12:41:50 EDT 2024 x86_64 x86_64 x86_64 GNU/Linux
Sat Mar 14 10:24:12 CET 2026
mri_convert orig_nu.mgz talsrcimg.img 
reading from orig_nu.mgz...
TR=0.00, TE=0.00, TI=0.00, flip angle=0.00
i_ras = (-1, 0, 0)
j_ras = (0, 0, -1)
k_ras = (0, 1, 0)
writing to talsrcimg.img...
Analyze Output Matrix
-0.70000   0.00000   0.00000   111.72019;
 0.00000   0.00000   0.70000  -85.99800;
 0.00000  -0.70000   0.00000   84.17149;
 0.00000   0.00000   0.00000   1.00000;
--------------------
INFO: set hdr.hist.orient to -1
mpr2mni305 talsrcimg
Sat Mar 14 10:24:12 CET 2026
/opt/freesurfer/bin/mpr2mni305 talsrcimg
mpr2mni305 7.3.2
target=711-2C_as_mni_average_305

---------------------------------------------------------------------
analyzeto4dfp talsrcimg -O0 -y
---------------------------------------------------------------------

freesurfer ifh2hdr.c
Sat Mar 14 10:24:13 2026
Writing: talsrcimg.4dfp.hdr
freesurfer analyzeto4dfp.c
Reading: talsrcimg.hdr
header size 348 bytes
hdr.dime.datatype	offset=70	value=2
hdr.dime.bitpix		offset=72	value=8
hdr.hist.orient		offset=252	value=-1
dimensionality     4
dimensions       320       320       320         1
Reading: talsrcimg.img
Writing: talsrcimg.4dfp.img
Writing: talsrcimg.4dfp.ifh
ifh2hdr talsrcimg -r0to204
ori=2

---------------------------------------------------------------------
gauss_4dfp talsrcimg 1.1
---------------------------------------------------------------------

freesurfer gauss_4dfp.c
Reading: talsrcimg.4dfp.img
Writing: talsrcimg_g11.4dfp.img
image dimensions 320 320 320 padded to 384 384 384
processing volume 1freesurfer ifh2hdr.c
Sat Mar 14 10:24:20 2026
Writing: talsrcimg_g11.4dfp.hdr

Writing: talsrcimg_g11.4dfp.ifh
including: talsrcimg.4dfp.img.rec in talsrcimg_g11.4dfp.img.rec

---------------------------------------------------------------------
imgreg_4dfp /opt/freesurfer/average/711-2C_as_mni_average_305 none talsrcimg_g11 none talsrcimg_to_711-2C_as_mni_average_305_t4 4355
---------------------------------------------------------------------

freesurfer imgreg_4dfp.c
/opt/freesurfer/average/711-2C_as_mni_average_305.4dfp.img
       256       256       256         1
  1.000000  1.000000  1.000000
orientation T byte_order littleendian
Reading image: /opt/freesurfer/average/711-2C_as_mni_average_305.4dfp.img
dimensions:      256       256       256
mmppix:       1.0000   -1.0000   -1.0000
center:     128.0000 -129.0000 -129.0000
talsrcimg_g11.4dfp.img
       320       320       320         1
  0.700000  0.700000  0.700000
orientation T byte_order littleendian
Reading image: talsrcimg_g11.4dfp.img
dimensions:      320       320       320
mmppix:       0.7000   -0.7000   -0.7000
center:     112.0000 -112.7000 -112.7000
t4_read: open error in t4_sub.f l:  41 t4_file(1:l)talsrcimg_to_711-2C_as_mni_average_305_t4 
t4_read: transform initialized to I4
rotation matrix determinant  1.000000
image alignment mode   4355 decimal     1103 hex
   -7.5000  -45.0000  -45.0000 5488.5596   18.8160
    0.0000  -45.0000  -45.0000 5783.6543   18.8049
    7.5000  -45.0000  -45.0000 5475.7227   18.7893
   -7.5000  -37.5000  -45.0000 5819.2041   19.1114
    0.0000  -37.5000  -45.0000 6129.8218   19.1015
    7.5000  -37.5000  -45.0000 5817.3008   19.0824
   -7.5000  -30.0000  -45.0000 6214.7275   18.9958
    0.0000  -30.0000  -45.0000 6538.1318   18.9936
    7.5000  -30.0000  -45.0000 6226.3140   18.9859
   -7.5000  -22.5000  -45.0000 6462.6348   18.4860
    0.0000  -22.5000  -45.0000 6776.9297   18.4869
    7.5000  -22.5000  -45.0000 6465.7026   18.4909
   -7.5000  -15.0000  -45.0000 6979.5537   18.1055
    0.0000  -15.0000  -45.0000 7298.2769   18.1036
    7.5000  -15.0000  -45.0000 6964.0806   18.1068
   -7.5000   -7.5000  -45.0000 7456.3452   17.8907
    0.0000   -7.5000  -45.0000 7787.8882   17.8813
    7.5000   -7.5000  -45.0000 7443.3838   17.8718
   -7.5000    0.0000  -45.0000 7895.8281   17.8439
    0.0000    0.0000  -45.0000 8263.1406   17.8339
    7.5000    0.0000  -45.0000 7882.4785   17.8141
   -7.5000    7.5000  -45.0000 7608.3687   17.8882
    0.0000    7.5000  -45.0000 7960.6011   17.8823
    7.5000    7.5000  -45.0000 7586.8315   17.8632
   -7.5000   15.0000  -45.0000 7253.4546   17.7801
    0.0000   15.0000  -45.0000 7600.5273   17.7779
    7.5000   15.0000  -45.0000 7225.6714   17.7689
   -7.5000   22.5000  -45.0000 6888.8896   17.4932
    0.0000   22.5000  -45.0000 7225.2568   17.4937
    7.5000   22.5000  -45.0000 6856.0742   17.4947
   -7.5000   30.0000  -45.0000 6719.9917   17.7149
    0.0000   30.0000  -45.0000 7043.3740   17.7108
    7.5000   30.0000  -45.0000 6684.8599   17.7115
   -7.5000   37.5000  -45.0000 6280.1226   17.4451
    0.0000   37.5000  -45.0000 6588.1416   17.4298
    7.5000   37.5000  -45.0000 6268.5039   17.4154
   -7.5000   45.0000  -45.0000 5841.9658   17.2042
    0.0000   45.0000  -45.0000 6144.7686   17.1855
    7.5000   45.0000  -45.0000 5866.3906   17.1618
   -7.5000  -45.0000  -37.5000 5742.6943   19.3028
    0.0000  -45.0000  -37.5000 6037.5752   19.2845
    7.5000  -45.0000  -37.5000 5732.5605   19.2657
   -7.5000  -37.5000  -37.5000 6111.2466   19.6365
    0.0000  -37.5000  -37.5000 6413.5298   19.6203
    7.5000  -37.5000  -37.5000 6104.8740   19.5981
   -7.5000  -30.0000  -37.5000 6561.3433   19.5074
    0.0000  -30.0000  -37.5000 6883.8809   19.4997
    7.5000  -30.0000  -37.5000 6569.9917   19.4895
   -7.5000  -22.5000  -37.5000 6830.9111   18.9977
    0.0000  -22.5000  -37.5000 7145.5181   18.9936
    7.5000  -22.5000  -37.5000 6833.9150   18.9952
   -7.5000  -15.0000  -37.5000 7386.8452   18.6125
    0.0000  -15.0000  -37.5000 7715.9741   18.6053
    7.5000  -15.0000  -37.5000 7377.1509   18.6052
   -7.5000   -7.5000  -37.5000 7908.6304   18.3888
    0.0000   -7.5000  -37.5000 8252.1201   18.3736
    7.5000   -7.5000  -37.5000 7891.0479   18.3601
   -7.5000    0.0000  -37.5000 8382.8975   18.3360
    0.0000    0.0000  -37.5000 8772.4854   18.3200
    7.5000    0.0000  -37.5000 8369.6729   18.2966
   -7.5000    7.5000  -37.5000 8085.9819   18.3824
    0.0000    7.5000  -37.5000 8471.2617   18.3711
    7.5000    7.5000  -37.5000 8062.5879   18.3497
   -7.5000   15.0000  -37.5000 7718.0923   18.2761
    0.0000   15.0000  -37.5000 8088.8901   18.2693
    7.5000   15.0000  -37.5000 7689.0757   18.2586
   -7.5000   22.5000  -37.5000 7339.5317   17.9922
    0.0000   22.5000  -37.5000 7696.3159   17.9882
    7.5000   22.5000  -37.5000 7308.8306   17.9871
   -7.5000   30.0000  -37.5000 7173.3716   18.2116
    0.0000   30.0000  -37.5000 7515.8926   18.2024
    7.5000   30.0000  -37.5000 7146.4302   18.1995
   -7.5000   37.5000  -37.5000 6711.5688   17.9219
    0.0000   37.5000  -37.5000 7029.8208   17.9010
    7.5000   37.5000  -37.5000 6700.4507   17.8829
   -7.5000   45.0000  -37.5000 6239.1763   17.6448
    0.0000   45.0000  -37.5000 6550.9292   17.6194
    7.5000   45.0000  -37.5000 6273.3047   17.5916
   -7.5000  -45.0000  -30.0000 5998.7139   19.8579
    0.0000  -45.0000  -30.0000 6294.7690   19.8324
    7.5000  -45.0000  -30.0000 5987.6860   19.8045
   -7.5000  -37.5000  -30.0000 6397.3296   20.2241
    0.0000  -37.5000  -30.0000 6696.1030   20.1998
    7.5000  -37.5000  -30.0000 6385.3057   20.1683
   -7.5000  -30.0000  -30.0000 6900.1187   20.0815
    0.0000  -30.0000  -30.0000 7220.6860   20.0653
    7.5000  -30.0000  -30.0000 6898.4609   20.0439
   -7.5000  -22.5000  -30.0000 7205.7798   19.5686
    0.0000  -22.5000  -30.0000 7528.7427   19.5570
    7.5000  -22.5000  -30.0000 7194.3345   19.5458
   -7.5000  -15.0000  -30.0000 7812.6216   19.1733
    0.0000  -15.0000  -30.0000 8159.6646   19.1606
    7.5000  -15.0000  -30.0000 7797.3691   19.1475
   -7.5000   -7.5000  -30.0000 8390.5879   18.9383
    0.0000   -7.5000  -30.0000 8780.4404   18.9183
    7.5000   -7.5000  -30.0000 8373.9248   18.8938
   -7.5000    0.0000  -30.0000 8915.8770   18.8800
    0.0000    0.0000  -30.0000 9351.9766   18.8580
    7.5000    0.0000  -30.0000 8916.7744   18.8256
   -7.5000    7.5000  -30.0000 8599.5566   18.9286
    0.0000    7.5000  -30.0000 9037.1904   18.9096
    7.5000    7.5000  -30.0000 8616.0850   18.8793
   -7.5000   15.0000  -30.0000 8217.6162   18.8254
    0.0000   15.0000  -30.0000 8626.2373   18.8105
    7.5000   15.0000  -30.0000 8219.7236   18.7892
   -7.5000   22.5000  -30.0000 7821.0117   18.5470
    0.0000   22.5000  -30.0000 8202.0283   18.5362
    7.5000   22.5000  -30.0000 7815.8350   18.5225
   -7.5000   30.0000  -30.0000 7656.9009   18.7652
    0.0000   30.0000  -30.0000 8034.1431   18.7510
    7.5000   30.0000  -30.0000 7658.2905   18.7348
   -7.5000   37.5000  -30.0000 7153.1782   18.4693
    0.0000   37.5000  -30.0000 7514.3921   18.4445
    7.5000   37.5000  -30.0000 7171.6572   18.4157
   -7.5000   45.0000  -30.0000 6643.1211   18.1716
    0.0000   45.0000  -30.0000 6997.4927   18.1403
    7.5000   45.0000  -30.0000 6697.8311   18.1036
   -7.5000  -45.0000  -22.5000 6099.8604   20.4209
    0.0000  -45.0000  -22.5000 6392.1123   20.3977
    7.5000  -45.0000  -22.5000 6093.2227   20.3652
   -7.5000  -37.5000  -22.5000 6483.0400   20.7730
    0.0000  -37.5000  -22.5000 6785.7939   20.7503
    7.5000  -37.5000  -22.5000 6486.4380   20.7168
   -7.5000  -30.0000  -22.5000 6989.1260   20.6072
    0.0000  -30.0000  -22.5000 7298.6260   20.5921
    7.5000  -30.0000  -22.5000 6988.9839   20.5663
   -7.5000  -22.5000  -22.5000 7308.5781   20.0687
    0.0000  -22.5000  -22.5000 7612.0244   20.0574
    7.5000  -22.5000  -22.5000 7275.4653   20.0380
   -7.5000  -15.0000  -22.5000 7950.3184   19.6531
    0.0000  -15.0000  -22.5000 8294.9277   19.6410
    7.5000  -15.0000  -22.5000 7910.8936   19.6183
   -7.5000   -7.5000  -22.5000 8587.2822   19.4064
    0.0000   -7.5000  -22.5000 9016.7021   19.3880
    7.5000   -7.5000  -22.5000 8575.6768   19.3560
   -7.5000    0.0000  -22.5000 9209.0684   19.3457
    0.0000    0.0000  -22.5000 9724.9502   19.3254
    7.5000    0.0000  -22.5000 9248.0137   19.2889
   -7.5000    7.5000  -22.5000 8912.7227   19.3954
    0.0000    7.5000  -22.5000 9439.5146   19.3774
    7.5000    7.5000  -22.5000 8990.8145   19.3442
   -7.5000   15.0000  -22.5000 8505.2539   19.2917
    0.0000   15.0000  -22.5000 8981.4297   19.2769
    7.5000   15.0000  -22.5000 8561.6260   19.2504
   -7.5000   22.5000  -22.5000 8079.7646   19.0096
    0.0000   22.5000  -22.5000 8523.8525   18.9990
    7.5000   22.5000  -22.5000 8113.3037   18.9768
   -7.5000   30.0000  -22.5000 7904.7568   19.2363
    0.0000   30.0000  -22.5000 8371.0010   19.2232
    7.5000   30.0000  -22.5000 7932.7520   19.1968
   -7.5000   37.5000  -22.5000 7398.3467   18.9381
    0.0000   37.5000  -22.5000 7847.3911   18.9154
    7.5000   37.5000  -22.5000 7432.6611   18.8789
   -7.5000   45.0000  -22.5000 6911.6675   18.6406
    0.0000   45.0000  -22.5000 7327.1309   18.6119
    7.5000   45.0000  -22.5000 6946.3071   18.5714
   -7.5000  -45.0000  -15.0000 6384.3945   20.9986
    0.0000  -45.0000  -15.0000 6699.4873   20.9828
    7.5000  -45.0000  -15.0000 6370.7856   20.9553
   -7.5000  -37.5000  -15.0000 6787.6406   21.3785
    0.0000  -37.5000  -15.0000 7124.8506   21.3623
    7.5000  -37.5000  -15.0000 6787.8311   21.3333
   -7.5000  -30.0000  -15.0000 7310.6553   21.1826
    0.0000  -30.0000  -15.0000 7667.5884   21.1735
    7.5000  -30.0000  -15.0000 7301.3115   21.1510
   -7.5000  -22.5000  -15.0000 7619.8433   20.6304
    0.0000  -22.5000  -15.0000 7989.4688   20.6241
    7.5000  -22.5000  -15.0000 7605.2012   20.6072
   -7.5000  -15.0000  -15.0000 8299.7168   20.2081
    0.0000  -15.0000  -15.0000 8707.4854   20.2011
    7.5000  -15.0000  -15.0000 8285.7031   20.1820
   -7.5000   -7.5000  -15.0000 9021.7578   19.9611
    0.0000   -7.5000  -15.0000 9515.7490   19.9485
    7.5000   -7.5000  -15.0000 9029.5811   19.9213
   -7.5000    0.0000  -15.0000 9763.4375   19.8996
    0.0000    0.0000  -15.000010442.4590   19.8857
    7.5000    0.0000  -15.0000 9833.4170   19.8542
   -7.5000    7.5000  -15.0000 9575.1221   19.9461
    0.0000    7.5000  -15.000010356.3760   19.9341
    7.5000    7.5000  -15.0000 9671.5244   19.9045
   -7.5000   15.0000  -15.0000 9182.3857   19.8376
    0.0000   15.0000  -15.0000 9925.7451   19.8277
    7.5000   15.0000  -15.0000 9260.1953   19.8035
   -7.5000   22.5000  -15.0000 8708.8789   19.5546
    0.0000   22.5000  -15.0000 9383.1260   19.5485
    7.5000   22.5000  -15.0000 8725.4893   19.5285
   -7.5000   30.0000  -15.0000 8498.4502   19.7864
    0.0000   30.0000  -15.0000 9161.9990   19.7784
    7.5000   30.0000  -15.0000 8489.1895   19.7556
   -7.5000   37.5000  -15.0000 7936.5449   19.4949
    0.0000   37.5000  -15.0000 8545.5303   19.4779
    7.5000   37.5000  -15.0000 7917.7217   19.4458
   -7.5000   45.0000  -15.0000 7415.1328   19.2054
    0.0000   45.0000  -15.0000 7956.7637   19.1839
    7.5000   45.0000  -15.0000 7394.4116   19.1489
   -7.5000  -45.0000   -7.5000 6586.9370   21.4382
    0.0000  -45.0000   -7.5000 6926.0967   21.4281
    7.5000  -45.0000   -7.5000 6581.0747   21.4091
   -7.5000  -37.5000   -7.5000 7041.8486   21.8298
    0.0000  -37.5000   -7.5000 7381.9766   21.8199
    7.5000  -37.5000   -7.5000 7041.1274   21.7977
   -7.5000  -30.0000   -7.5000 7597.3857   21.6079
    0.0000  -30.0000   -7.5000 7964.3457   21.6055
    7.5000  -30.0000   -7.5000 7604.0918   21.5917
   -7.5000  -22.5000   -7.5000 7936.3667   21.0437
    0.0000  -22.5000   -7.5000 8343.2100   21.0436
    7.5000  -22.5000   -7.5000 7957.0742   21.0387
   -7.5000  -15.0000   -7.5000 8689.2637   20.6191
    0.0000  -15.0000   -7.5000 9175.3232   20.6171
    7.5000  -15.0000   -7.5000 8690.8506   20.6113
   -7.5000   -7.5000   -7.5000 9496.2812   20.3746
    0.0000   -7.5000   -7.500010112.3369   20.3660
    7.5000   -7.5000   -7.5000 9455.8613   20.3500
   -7.5000    0.0000   -7.500010371.6572   20.3126
    0.0000    0.0000   -7.500011221.2822   20.3036
    7.5000    0.0000   -7.500010305.6230   20.2801
   -7.5000    7.5000   -7.500010276.6719   20.3551
    0.0000    7.5000   -7.500011432.4326   20.3492
    7.5000    7.5000   -7.500010255.7373   20.3263
   -7.5000   15.0000   -7.5000 9933.7578   20.2419
    0.0000   15.0000   -7.500011189.1514   20.2386
    7.5000   15.0000   -7.5000 9955.0361   20.2229
   -7.5000   22.5000   -7.5000 9368.3418   19.9594
    0.0000   22.5000   -7.500010466.8721   19.9590
    7.5000   22.5000   -7.5000 9345.1572   19.9508
   -7.5000   30.0000   -7.5000 9048.1572   20.1959
    0.0000   30.0000   -7.5000 9976.9932   20.1922
    7.5000   30.0000   -7.5000 8985.9150   20.1831
   -7.5000   37.5000   -7.5000 8416.4893   19.9149
    0.0000   37.5000   -7.5000 9190.5303   19.9008
    7.5000   37.5000   -7.5000 8377.5068   19.8795
   -7.5000   45.0000   -7.5000 7852.2393   19.6368
    0.0000   45.0000   -7.5000 8513.9404   19.6195
    7.5000   45.0000   -7.5000 7852.1333   19.5925
   -7.5000  -45.0000    0.0000 6583.2695   21.1049
    0.0000  -45.0000    0.0000 6903.6445   21.0921
    7.5000  -45.0000    0.0000 6529.1562   21.0776
   -7.5000  -37.5000    0.0000 7083.7222   21.5137
    0.0000  -37.5000    0.0000 7433.2896   21.5019
    7.5000  -37.5000    0.0000 7022.4468   21.4832
   -7.5000  -30.0000    0.0000 7696.6621   21.3042
    0.0000  -30.0000    0.0000 8120.0249   21.3004
    7.5000  -30.0000    0.0000 7652.4302   21.2923
   -7.5000  -22.5000    0.0000 8112.5146   20.7614
    0.0000  -22.5000    0.0000 8609.3174   20.7609
    7.5000  -22.5000    0.0000 8056.4248   20.7643
   -7.5000  -15.0000    0.0000 8928.0176   20.3556
    0.0000  -15.0000    0.0000 9527.5928   20.3523
    7.5000  -15.0000    0.0000 8827.4814   20.3551
   -7.5000   -7.5000    0.0000 9757.3691   20.1218
    0.0000   -7.5000    0.000010442.9189   20.1111
    7.5000   -7.5000    0.0000 9588.0078   20.1018
   -7.5000    0.0000    0.000010599.3008   20.0614
    0.0000    0.0000    0.000011457.7734   20.0502
    7.5000    0.0000    0.000010440.6738   20.0309
   -7.5000    7.5000    0.000010402.8438   20.1006
    0.0000    7.5000    0.000011576.1934   20.0935
    7.5000    7.5000    0.000010434.7432   20.0748
   -7.5000   15.0000    0.000010031.9209   19.9864
    0.0000   15.0000    0.000011225.9453   19.9830
    7.5000   15.0000    0.000010101.4775   19.9738
   -7.5000   22.5000    0.0000 9449.1709   19.7091
    0.0000   22.5000    0.000010426.6318   19.7083
    7.5000   22.5000    0.0000 9450.4863   19.7088
   -7.5000   30.0000    0.0000 9135.0840   19.9348
    0.0000   30.0000    0.0000 9989.3408   19.9294
    7.5000   30.0000    0.0000 9105.1631   19.9295
   -7.5000   37.5000    0.0000 8510.2246   19.6591
    0.0000   37.5000    0.0000 9305.2812   19.6423
    7.5000   37.5000    0.0000 8535.4043   19.6279
   -7.5000   45.0000    0.0000 7954.2446   19.3839
    0.0000   45.0000    0.0000 8660.9141   19.3637
    7.5000   45.0000    0.0000 7997.2729   19.3406
   -7.5000  -45.0000    7.5000 6416.9922   22.0862
    0.0000  -45.0000    7.5000 6777.1675   22.0627
    7.5000  -45.0000    7.5000 6351.9102   22.0418
   -7.5000  -37.5000    7.5000 6937.0068   22.4784
    0.0000  -37.5000    7.5000 7344.8569   22.4563
    7.5000  -37.5000    7.5000 6859.0352   22.4316
   -7.5000  -30.0000    7.5000 7555.1182   22.2355
    0.0000  -30.0000    7.5000 8026.6582   22.2234
    7.5000  -30.0000    7.5000 7483.5005   22.2117
   -7.5000  -22.5000    7.5000 7943.5874   21.6520
    0.0000  -22.5000    7.5000 8437.3574   21.6449
    7.5000  -22.5000    7.5000 7857.1572   21.6462
   -7.5000  -15.0000    7.5000 8682.5527   21.2138
    0.0000  -15.0000    7.5000 9220.1680   21.2039
    7.5000  -15.0000    7.5000 8591.0674   21.2029
   -7.5000   -7.5000    7.5000 9413.4277   20.9571
    0.0000   -7.5000    7.500010010.8623   20.9383
    7.5000   -7.5000    7.5000 9321.1885   20.9226
   -7.5000    0.0000    7.500010131.9902   20.8898
    0.0000    0.0000    7.500010874.8359   20.8696
    7.5000    0.0000    7.500010129.4062   20.8433
   -7.5000    7.5000    7.5000 9869.9785   20.9318
    0.0000    7.5000    7.500010774.9082   20.9160
    7.5000    7.5000    7.500010001.3486   20.8923
   -7.5000   15.0000    7.5000 9466.4629   20.8206
    0.0000   15.0000    7.500010192.3398   20.8102
    7.5000   15.0000    7.5000 9459.5176   20.7981
   -7.5000   22.5000    7.5000 8967.0146   20.5423
    0.0000   22.5000    7.5000 9508.8408   20.5357
    7.5000   22.5000    7.5000 8846.5527   20.5339
   -7.5000   30.0000    7.5000 8790.3418   20.7858
    0.0000   30.0000    7.5000 9372.7158   20.7736
    7.5000   30.0000    7.5000 8682.0605   20.7697
   -7.5000   37.5000    7.5000 8288.7295   20.5061
    0.0000   37.5000    7.5000 8919.4473   20.4811
    7.5000   37.5000    7.5000 8244.1250   20.4603
   -7.5000   45.0000    7.5000 7779.2837   20.2289
    0.0000   45.0000    7.5000 8376.1914   20.1981
    7.5000   45.0000    7.5000 7763.6572   20.1668
   -7.5000  -45.0000   15.0000 6257.2422   23.4070
    0.0000  -45.0000   15.0000 6626.9170   23.3792
    7.5000  -45.0000   15.0000 6203.5156   23.3475
   -7.5000  -37.5000   15.0000 6743.2583   23.7986
    0.0000  -37.5000   15.0000 7133.2944   23.7713
    7.5000  -37.5000   15.0000 6690.2876   23.7357
   -7.5000  -30.0000   15.0000 7320.8809   23.5141
    0.0000  -30.0000   15.0000 7723.6865   23.4975
    7.5000  -30.0000   15.0000 7281.7085   23.4739
   -7.5000  -22.5000   15.0000 7651.7891   22.8709
    0.0000  -22.5000   15.0000 8055.1860   22.8608
    7.5000  -22.5000   15.0000 7624.0137   22.8485
   -7.5000  -15.0000   15.0000 8313.9844   22.3800
    0.0000  -15.0000   15.0000 8750.9365   22.3685
    7.5000  -15.0000   15.0000 8292.5928   22.3532
   -7.5000   -7.5000   15.0000 8984.7002   22.0891
    0.0000   -7.5000   15.0000 9445.2217   22.0683
    7.5000   -7.5000   15.0000 8955.4209   22.0399
   -7.5000    0.0000   15.0000 9656.0029   22.0164
    0.0000    0.0000   15.000010243.8066   21.9924
    7.5000    0.0000   15.0000 9698.2012   21.9553
   -7.5000    7.5000   15.0000 9414.3779   22.0679
    0.0000    7.5000   15.000010058.6602   22.0472
    7.5000    7.5000   15.0000 9482.1572   22.0130
   -7.5000   15.0000   15.0000 9073.3555   21.9639
    0.0000   15.0000   15.0000 9524.0723   21.9487
    7.5000   15.0000   15.0000 8933.8496   21.9250
   -7.5000   22.5000   15.0000 8637.2461   21.6826
    0.0000   22.5000   15.0000 9029.0225   21.6731
    7.5000   22.5000   15.0000 8422.6611   21.6577
   -7.5000   30.0000   15.0000 8514.0684   21.9454
    0.0000   30.0000   15.0000 8989.7637   21.9322
    7.5000   30.0000   15.0000 8344.3643   21.9130
   -7.5000   37.5000   15.0000 8067.7749   21.6602
    0.0000   37.5000   15.0000 8601.4365   21.6337
    7.5000   37.5000   15.0000 7956.3452   21.5996
   -7.5000   45.0000   15.0000 7590.5596   21.3746
    0.0000   45.0000   15.0000 8104.3311   21.3391
    7.5000   45.0000   15.0000 7515.0215   21.2962
   -7.5000  -45.0000   22.5000 5980.7637   24.7410
    0.0000  -45.0000   22.5000 6303.5317   24.7102
    7.5000  -45.0000   22.5000 5940.7397   24.6699
   -7.5000  -37.5000   22.5000 6438.9277   25.1578
    0.0000  -37.5000   22.5000 6772.1030   25.1259
    7.5000  -37.5000   22.5000 6419.1279   25.0842
   -7.5000  -30.0000   22.5000 6991.9907   24.8375
    0.0000  -30.0000   22.5000 7338.1323   24.8161
    7.5000  -30.0000   22.5000 6992.1035   24.7838
   -7.5000  -22.5000   22.5000 7305.7432   24.1287
    0.0000  -22.5000   22.5000 7649.2588   24.1140
    7.5000  -22.5000   22.5000 7317.3218   24.0893
   -7.5000  -15.0000   22.5000 7926.5005   23.5850
    0.0000  -15.0000   22.5000 8274.0557   23.5707
    7.5000  -15.0000   22.5000 7930.4062   23.5418
   -7.5000   -7.5000   22.5000 8572.5049   23.2651
    0.0000   -7.5000   22.5000 8948.0664   23.2425
    7.5000   -7.5000   22.5000 8568.1406   23.2026
   -7.5000    0.0000   22.5000 9218.6416   23.1879
    0.0000    0.0000   22.5000 9711.9043   23.1614
    7.5000    0.0000   22.5000 9289.8965   23.1162
   -7.5000    7.5000   22.5000 9029.1807   23.2427
    0.0000    7.5000   22.5000 9499.1416   23.2177
    7.5000    7.5000   22.5000 9037.6133   23.1765
   -7.5000   15.0000   22.5000 8706.7793   23.1375
    0.0000   15.0000   22.5000 9061.0635   23.1166
    7.5000   15.0000   22.5000 8558.1953   23.0834
   -7.5000   22.5000   22.5000 8310.8887   22.8655
    0.0000   22.5000   22.5000 8673.8584   22.8516
    7.5000   22.5000   22.5000 8141.1099   22.8232
   -7.5000   30.0000   22.5000 8207.4600   23.1553
    0.0000   30.0000   22.5000 8627.0283   23.1396
    7.5000   30.0000   22.5000 8055.6406   23.1059
   -7.5000   37.5000   22.5000 7763.5513   22.8618
    0.0000   37.5000   22.5000 8196.6777   22.8334
    7.5000   37.5000   22.5000 7657.9351   22.7870
   -7.5000   45.0000   22.5000 7300.5864   22.5540
    0.0000   45.0000   22.5000 7718.9556   22.5160
    7.5000   45.0000   22.5000 7228.4502   22.4649
   -7.5000  -45.0000   30.0000 5852.8438   25.4891
    0.0000  -45.0000   30.0000 6175.3213   25.4707
    7.5000  -45.0000   30.0000 5855.3579   25.4357
   -7.5000  -37.5000   30.0000 6312.2905   25.9322
    0.0000  -37.5000   30.0000 6651.2383   25.9117
    7.5000  -37.5000   30.0000 6324.4512   25.8738
   -7.5000  -30.0000   30.0000 6872.0923   25.6279
    0.0000  -30.0000   30.0000 7222.1689   25.6177
    7.5000  -30.0000   30.0000 6914.6729   25.5877
   -7.5000  -22.5000   30.0000 7183.5146   24.9008
    0.0000  -22.5000   30.0000 7515.5049   24.8964
    7.5000  -22.5000   30.0000 7241.5874   24.8743
   -7.5000  -15.0000   30.0000 7789.3047   24.3297
    0.0000  -15.0000   30.0000 8116.1753   24.3252
    7.5000  -15.0000   30.0000 7832.7314   24.3007
   -7.5000   -7.5000   30.0000 8415.8887   23.9960
    0.0000   -7.5000   30.0000 8779.4893   23.9828
    7.5000   -7.5000   30.0000 8461.2324   23.9480
   -7.5000    0.0000   30.0000 9056.5000   23.9195
    0.0000    0.0000   30.0000 9511.0049   23.9026
    7.5000    0.0000   30.0000 9132.4570   23.8616
   -7.5000    7.5000   30.0000 8857.5244   23.9763
    0.0000    7.5000   30.0000 9279.7119   23.9608
    7.5000    7.5000   30.0000 8862.0684   23.9219
   -7.5000   15.0000   30.0000 8520.5625   23.8650
    0.0000   15.0000   30.0000 8875.1230   23.8534
    7.5000   15.0000   30.0000 8441.7188   23.8211
   -7.5000   22.5000   30.0000 8137.9014   23.5732
    0.0000   22.5000   30.0000 8513.8936   23.5688
    7.5000   22.5000   30.0000 8061.9741   23.5423
   -7.5000   30.0000   30.0000 8031.3306   23.8552
    0.0000   30.0000   30.0000 8440.1260   23.8492
    7.5000   30.0000   30.0000 7962.3008   23.8195
   -7.5000   37.5000   30.0000 7582.4707   23.5254
    0.0000   37.5000   30.0000 7988.8018   23.5062
    7.5000   37.5000   30.0000 7546.3428   23.4642
   -7.5000   45.0000   30.0000 7117.7007   23.1794
    0.0000   45.0000   30.0000 7507.6313   23.1519
    7.5000   45.0000   30.0000 7097.3950   23.1053
   -7.5000  -45.0000   37.5000 5481.9360   26.2210
    0.0000  -45.0000   37.5000 5779.3374   26.1981
    7.5000  -45.0000   37.5000 5473.5190   26.1702
   -7.5000  -37.5000   37.5000 5899.2275   26.6745
    0.0000  -37.5000   37.5000 6208.0767   26.6517
    7.5000  -37.5000   37.5000 5905.0293   26.6164
   -7.5000  -30.0000   37.5000 6406.2715   26.3340
    0.0000  -30.0000   37.5000 6713.5156   26.3234
    7.5000  -30.0000   37.5000 6441.9062   26.2980
   -7.5000  -22.5000   37.5000 6693.7314   25.5886
    0.0000  -22.5000   37.5000 6981.1660   25.5832
    7.5000  -22.5000   37.5000 6737.6978   25.5709
   -7.5000  -15.0000   37.5000 7268.0137   25.0080
    0.0000  -15.0000   37.5000 7557.4297   25.0000
    7.5000  -15.0000   37.5000 7304.8384   24.9879
   -7.5000   -7.5000   37.5000 7845.3408   24.6647
    0.0000   -7.5000   37.5000 8178.7412   24.6460
    7.5000   -7.5000   37.5000 7896.8589   24.6210
   -7.5000    0.0000   37.5000 8430.3457   24.5872
    0.0000    0.0000   37.5000 8828.1631   24.5663
    7.5000    0.0000   37.5000 8490.8838   24.5305
   -7.5000    7.5000   37.5000 8222.8457   24.6318
    0.0000    7.5000   37.5000 8585.1592   24.6152
    7.5000    7.5000   37.5000 8216.2988   24.5788
   -7.5000   15.0000   37.5000 7877.1929   24.4957
    0.0000   15.0000   37.5000 8213.0859   24.4843
    7.5000   15.0000   37.5000 7836.5659   24.4566
   -7.5000   22.5000   37.5000 7511.7759   24.1882
    0.0000   22.5000   37.5000 7870.0039   24.1825
    7.5000   22.5000   37.5000 7484.5098   24.1657
   -7.5000   30.0000   37.5000 7395.5996   24.4697
    0.0000   30.0000   37.5000 7773.0205   24.4593
    7.5000   30.0000   37.5000 7378.8452   24.4426
   -7.5000   37.5000   37.5000 6986.8296   24.1270
    0.0000   37.5000   37.5000 7351.3789   24.1008
    7.5000   37.5000   37.5000 6986.2837   24.0679
   -7.5000   45.0000   37.5000 6567.6660   23.7490
    0.0000   45.0000   37.5000 6928.5220   23.7171
    7.5000   45.0000   37.5000 6579.6978   23.6755
   -7.5000  -45.0000   45.0000 5187.2910   27.1683
    0.0000  -45.0000   45.0000 5462.7661   27.1325
    7.5000  -45.0000   45.0000 5157.8511   27.1052
   -7.5000  -37.5000   45.0000 5572.9160   27.6252
    0.0000  -37.5000   45.0000 5849.4087   27.5930
    7.5000  -37.5000   45.0000 5556.3721   27.5577
   -7.5000  -30.0000   45.0000 6044.0562   27.2269
    0.0000  -30.0000   45.0000 6315.0996   27.2106
    7.5000  -30.0000   45.0000 6043.8540   27.1889
   -7.5000  -22.5000   45.0000 6308.0410   26.4468
    0.0000  -22.5000   45.0000 6576.8906   26.4361
    7.5000  -22.5000   45.0000 6314.8247   26.4316
   -7.5000  -15.0000   45.0000 6814.8662   25.8549
    0.0000  -15.0000   45.0000 7115.0894   25.8375
    7.5000  -15.0000   45.0000 6844.4492   25.8330
   -7.5000   -7.5000   45.0000 7342.5010   25.4939
    0.0000   -7.5000   45.0000 7679.5562   25.4632
    7.5000   -7.5000   45.0000 7372.1221   25.4421
   -7.5000    0.0000   45.0000 7854.1880   25.4119
    0.0000    0.0000   45.0000 8224.0615   25.3807
    7.5000    0.0000   45.0000 7879.1484   25.3454
   -7.5000    7.5000   45.0000 7639.4092   25.4504
    0.0000    7.5000   45.0000 7980.5410   25.4278
    7.5000    7.5000   45.0000 7625.8940   25.3925
   -7.5000   15.0000   45.0000 7323.9868   25.2978
    0.0000   15.0000   45.0000 7658.4360   25.2829
    7.5000   15.0000   45.0000 7302.0215   25.2600
   -7.5000   22.5000   45.0000 6988.4570   24.9784
    0.0000   22.5000   45.0000 7338.7671   24.9675
    7.5000   22.5000   45.0000 6981.6196   24.9581
   -7.5000   30.0000   45.0000 6879.3774   25.2610
    0.0000   30.0000   45.0000 7233.6943   25.2396
    7.5000   30.0000   45.0000 6873.3184   25.2299
   -7.5000   37.5000   45.0000 6496.0483   24.8884
    0.0000   37.5000   45.0000 6843.8140   24.8488
    7.5000   37.5000   45.0000 6494.5527   24.8189
   -7.5000   45.0000   45.0000 6113.3848   24.4700
    0.0000   45.0000   45.0000 6466.3862   24.4253
    7.5000   45.0000   45.0000 6127.2339   24.3843

---------------------------------------------------------------------
imgreg_4dfp /opt/freesurfer/average/711-2C_as_mni_average_305 /opt/freesurfer/average/711-2B_as_mni_average_305_mask talsrcimg_g11 none talsrcimg_to_711-2C_as_mni_average_305_t4 4355
---------------------------------------------------------------------

freesurfer imgreg_4dfp.c
/opt/freesurfer/average/711-2C_as_mni_average_305.4dfp.img
       256       256       256         1
  1.000000  1.000000  1.000000
orientation T byte_order littleendian
Reading image: /opt/freesurfer/average/711-2C_as_mni_average_305.4dfp.img
dimensions:      256       256       256
mmppix:       1.0000   -1.0000   -1.0000
center:     128.0000 -129.0000 -129.0000
/opt/freesurfer/average/711-2B_as_mni_average_305_mask.4dfp.img
       256       256       256         1
  1.000000  1.000000  1.000000
orientation T byte_order littleendian
Reading mask: /opt/freesurfer/average/711-2B_as_mni_average_305_mask.4dfp.img (2306576 pixels)
talsrcimg_g11.4dfp.img
       320       320       320         1
  0.700000  0.700000  0.700000
orientation T byte_order littleendian
Reading image: talsrcimg_g11.4dfp.img
dimensions:      320       320       320
mmppix:       0.7000   -0.7000   -0.7000
center:     112.0000 -112.7000 -112.7000
rotation matrix determinant  1.000000
image alignment mode   4355 decimal     1103 hex
   -7.5000  -37.5000  -45.0000 2127.4980   24.4035
    0.0000  -37.5000  -45.0000 2141.1130   24.2807
    7.5000  -37.5000  -45.0000 2118.7014   24.5388
   -7.5000  -30.0000  -45.0000 2158.4390   23.2114
    0.0000  -30.0000  -45.0000 2170.4717   23.0497
    7.5000  -30.0000  -45.0000 2150.7305   23.3549
   -7.5000  -22.5000  -45.0000 2174.2383   22.2740
    0.0000  -22.5000  -45.0000 2182.5862   22.0790
    7.5000  -22.5000  -45.0000 2170.0334   22.3996
   -7.5000  -15.0000  -45.0000 2188.3623   21.5323
    0.0000  -15.0000  -45.0000 2191.9890   21.3161
    7.5000  -15.0000  -45.0000 2186.6177   21.6048
   -7.5000   -7.5000  -45.0000 2201.5215   20.9909
    0.0000   -7.5000  -45.0000 2200.6187   20.7385
    7.5000   -7.5000  -45.0000 2204.5420   21.0010
   -7.5000    0.0000  -45.0000 2214.8230   20.6263
    0.0000    0.0000  -45.0000 2214.9915   20.3631
    7.5000    0.0000  -45.0000 2217.2661   20.6464
   -7.5000    7.5000  -45.0000 2223.7026   20.5132
    0.0000    7.5000  -45.0000 2229.0952   20.2342
    7.5000    7.5000  -45.0000 2230.2759   20.5488
   -7.5000   15.0000  -45.0000 2232.5833   20.6124
    0.0000   15.0000  -45.0000 2242.2676   20.3778
    7.5000   15.0000  -45.0000 2241.4216   20.6487
   -7.5000   22.5000  -45.0000 2241.5386   21.0976
    0.0000   22.5000  -45.0000 2257.8262   20.8708
    7.5000   22.5000  -45.0000 2259.6572   21.1519
   -7.5000   30.0000  -45.0000 2241.9031   21.8961
    0.0000   30.0000  -45.0000 2258.3823   21.6547
    7.5000   30.0000  -45.0000 2265.5801   21.9318
   -7.5000   37.5000  -45.0000 2199.1738   22.7990
    0.0000   37.5000  -45.0000 2218.6709   22.5247
    7.5000   37.5000  -45.0000 2223.6565   22.7781
   -7.5000   45.0000  -45.0000 2099.5217   23.5691
    0.0000   45.0000  -45.0000 2125.6614   23.3287
    7.5000   45.0000  -45.0000 2129.5923   23.5224
   -7.5000   52.5000  -45.0000 1964.8568   24.1772
    0.0000   52.5000  -45.0000 1991.6436   24.0674
    7.5000   52.5000  -45.0000 1994.6389   24.1652
   -7.5000  -37.5000  -37.5000 2278.4556   24.7890
    0.0000  -37.5000  -37.5000 2279.2358   24.5837
    7.5000  -37.5000  -37.5000 2258.5146   24.8556
   -7.5000  -30.0000  -37.5000 2310.0750   23.5558
    0.0000  -30.0000  -37.5000 2314.1479   23.3330
    7.5000  -30.0000  -37.5000 2297.7085   23.6656
   -7.5000  -22.5000  -37.5000 2316.3232   22.5533
    0.0000  -22.5000  -37.5000 2321.9487   22.2964
    7.5000  -22.5000  -37.5000 2316.8672   22.6594
   -7.5000  -15.0000  -37.5000 2323.4675   21.7040
    0.0000  -15.0000  -37.5000 2323.7004   21.4316
    7.5000  -15.0000  -37.5000 2327.6677   21.7902
   -7.5000   -7.5000  -37.5000 2335.9548   20.9977
    0.0000   -7.5000  -37.5000 2335.5083   20.7871
    7.5000   -7.5000  -37.5000 2339.7039   21.0599
   -7.5000    0.0000  -37.5000 2345.4900   20.5264
    0.0000    0.0000  -37.5000 2352.5083   20.3202
    7.5000    0.0000  -37.5000 2353.7917   20.5499
   -7.5000    7.5000  -37.5000 2361.3599   20.3279
    0.0000    7.5000  -37.5000 2368.7778   20.0875
    7.5000    7.5000  -37.5000 2371.8938   20.3596
   -7.5000   15.0000  -37.5000 2378.7229   20.4114
    0.0000   15.0000  -37.5000 2379.9902   20.1376
    7.5000   15.0000  -37.5000 2392.1189   20.4426
   -7.5000   22.5000  -37.5000 2396.7739   20.8588
    0.0000   22.5000  -37.5000 2397.2805   20.5831
    7.5000   22.5000  -37.5000 2418.8032   20.8969
   -7.5000   30.0000  -37.5000 2402.8184   21.6396
    0.0000   30.0000  -37.5000 2406.5488   21.3038
    7.5000   30.0000  -37.5000 2427.6111   21.6259
   -7.5000   37.5000  -37.5000 2363.5486   22.5486
    0.0000   37.5000  -37.5000 2371.1975   22.1310
    7.5000   37.5000  -37.5000 2382.9553   22.4077
   -7.5000   45.0000  -37.5000 2262.7190   23.2880
    0.0000   45.0000  -37.5000 2274.4021   22.9338
    7.5000   45.0000  -37.5000 2284.5730   23.1304
   -7.5000   52.5000  -37.5000 2117.4819   23.9002
    0.0000   52.5000  -37.5000 2132.6179   23.6186
    7.5000   52.5000  -37.5000 2140.2051   23.8196
   -7.5000  -37.5000  -30.0000 2390.5618   25.1073
    0.0000  -37.5000  -30.0000 2389.6284   24.8481
    7.5000  -37.5000  -30.0000 2374.7732   25.1146
   -7.5000  -30.0000  -30.0000 2422.6909   23.8657
    0.0000  -30.0000  -30.0000 2422.4714   23.6010
    7.5000  -30.0000  -30.0000 2411.4424   23.8521
   -7.5000  -22.5000  -30.0000 2435.8647   22.7890
    0.0000  -22.5000  -30.0000 2436.1462   22.5293
    7.5000  -22.5000  -30.0000 2428.8325   22.8140
   -7.5000  -15.0000  -30.0000 2438.5376   21.8194
    0.0000  -15.0000  -30.0000 2439.7517   21.5990
    7.5000  -15.0000  -30.0000 2436.6528   21.8684
   -7.5000   -7.5000  -30.0000 2446.5234   21.0277
    0.0000   -7.5000  -30.0000 2446.9131   20.8481
    7.5000   -7.5000  -30.0000 2447.3796   21.1232
   -7.5000    0.0000  -30.0000 2455.9824   20.4467
    0.0000    0.0000  -30.0000 2452.7039   20.2521
    7.5000    0.0000  -30.0000 2464.0474   20.5699
   -7.5000    7.5000  -30.0000 2473.9509   20.2004
    0.0000    7.5000  -30.0000 2465.1045   19.8993
    7.5000    7.5000  -30.0000 2489.2610   20.2504
   -7.5000   15.0000  -30.0000 2501.7468   20.2057
    0.0000   15.0000  -30.0000 2491.0286   19.8748
    7.5000   15.0000  -30.0000 2513.5503   20.2794
   -7.5000   22.5000  -30.0000 2528.7891   20.6500
    0.0000   22.5000  -30.0000 2518.4775   20.2584
    7.5000   22.5000  -30.0000 2545.4600   20.6754
   -7.5000   30.0000  -30.0000 2541.2266   21.4202
    0.0000   30.0000  -30.0000 2535.0107   20.9919
    7.5000   30.0000  -30.0000 2562.9880   21.3496
   -7.5000   37.5000  -30.0000 2498.2488   22.2415
    0.0000   37.5000  -30.0000 2499.0037   21.7806
    7.5000   37.5000  -30.0000 2518.6846   22.1011
   -7.5000   45.0000  -30.0000 2392.7148   22.9026
    0.0000   45.0000  -30.0000 2399.6230   22.5411
    7.5000   45.0000  -30.0000 2411.6812   22.7918
   -7.5000   52.5000  -30.0000 2247.7866   23.5694
    0.0000   52.5000  -30.0000 2252.8408   23.2072
    7.5000   52.5000  -30.0000 2262.6519   23.4895
   -7.5000  -37.5000  -22.5000 2405.0620   25.4530
    0.0000  -37.5000  -22.5000 2410.3599   25.1774
    7.5000  -37.5000  -22.5000 2407.0591   25.5047
   -7.5000  -30.0000  -22.5000 2440.9001   24.1554
    0.0000  -30.0000  -22.5000 2444.4575   23.8589
    7.5000  -30.0000  -22.5000 2443.2976   24.1771
   -7.5000  -22.5000  -22.5000 2467.7812   23.1130
    0.0000  -22.5000  -22.5000 2464.1997   22.7922
    7.5000  -22.5000  -22.5000 2464.8674   23.1241
   -7.5000  -15.0000  -22.5000 2485.0730   22.2762
    0.0000  -15.0000  -22.5000 2475.7305   21.9654
    7.5000  -15.0000  -22.5000 2484.7607   22.3060
   -7.5000   -7.5000  -22.5000 2497.3406   21.6241
    0.0000   -7.5000  -22.5000 2486.0784   21.3719
    7.5000   -7.5000  -22.5000 2506.2715   21.6737
   -7.5000    0.0000  -22.5000 2508.8142   21.1342
    0.0000    0.0000  -22.5000 2493.8625   20.9508
    7.5000    0.0000  -22.5000 2527.8899   21.2600
   -7.5000    7.5000  -22.5000 2523.3320   20.7994
    0.0000    7.5000  -22.5000 2507.3911   20.6078
    7.5000    7.5000  -22.5000 2557.2261   20.9890
   -7.5000   15.0000  -22.5000 2550.1514   20.6364
    0.0000   15.0000  -22.5000 2533.3538   20.3491
    7.5000   15.0000  -22.5000 2591.0603   20.8687
   -7.5000   22.5000  -22.5000 2586.8076   20.8983
    0.0000   22.5000  -22.5000 2567.9600   20.4829
    7.5000   22.5000  -22.5000 2619.0032   21.0315
   -7.5000   30.0000  -22.5000 2599.1716   21.5272
    0.0000   30.0000  -22.5000 2591.1743   21.1036
    7.5000   30.0000  -22.5000 2625.6101   21.5236
   -7.5000   37.5000  -22.5000 2556.6567   22.1966
    0.0000   37.5000  -22.5000 2556.6113   21.7543
    7.5000   37.5000  -22.5000 2582.0781   22.0626
   -7.5000   45.0000  -22.5000 2452.3125   22.8651
    0.0000   45.0000  -22.5000 2452.6716   22.4037
    7.5000   45.0000  -22.5000 2473.7246   22.6652
   -7.5000   52.5000  -22.5000 2308.5706   23.4566
    0.0000   52.5000  -22.5000 2304.3845   22.9915
    7.5000   52.5000  -22.5000 2322.5212   23.2937
   -7.5000  -37.5000  -15.0000 2473.6421   25.6380
    0.0000  -37.5000  -15.0000 2488.6423   25.4106
    7.5000  -37.5000  -15.0000 2479.2346   25.6797
   -7.5000  -30.0000  -15.0000 2506.0747   24.1843
    0.0000  -30.0000  -15.0000 2521.6458   23.9367
    7.5000  -30.0000  -15.0000 2510.0264   24.1824
   -7.5000  -22.5000  -15.0000 2527.8311   23.0130
    0.0000  -22.5000  -15.0000 2539.5713   22.7839
    7.5000  -22.5000  -15.0000 2535.3899   23.0204
   -7.5000  -15.0000  -15.0000 2540.4922   22.2049
    0.0000  -15.0000  -15.0000 2547.8140   22.0532
    7.5000  -15.0000  -15.0000 2559.0027   22.2462
   -7.5000   -7.5000  -15.0000 2561.3867   21.6688
    0.0000   -7.5000  -15.0000 2573.0867   21.6151
    7.5000   -7.5000  -15.0000 2595.8894   21.7719
   -7.5000    0.0000  -15.0000 2592.7451   21.3187
    0.0000    0.0000  -15.0000 2617.2500   21.4443
    7.5000    0.0000  -15.0000 2642.5994   21.5221
   -7.5000    7.5000  -15.0000 2624.3269   21.0914
    0.0000    7.5000  -15.0000 2676.5396   21.4530
    7.5000    7.5000  -15.0000 2689.5134   21.3295
   -7.5000   15.0000  -15.0000 2651.9263   20.7917
    0.0000   15.0000  -15.0000 2711.4182   21.0808
    7.5000   15.0000  -15.0000 2714.8000   21.0728
   -7.5000   22.5000  -15.0000 2686.5244   20.7264
    0.0000   22.5000  -15.0000 2728.2739   20.7664
    7.5000   22.5000  -15.0000 2722.3000   20.9000
   -7.5000   30.0000  -15.0000 2693.2673   21.2066
    0.0000   30.0000  -15.0000 2735.0566   21.1070
    7.5000   30.0000  -15.0000 2719.8831   21.1594
   -7.5000   37.5000  -15.0000 2644.0635   21.7465
    0.0000   37.5000  -15.0000 2679.6077   21.5842
    7.5000   37.5000  -15.0000 2664.9219   21.5161
   -7.5000   45.0000  -15.0000 2541.4619   22.4303
    0.0000   45.0000  -15.0000 2560.2913   22.0955
    7.5000   45.0000  -15.0000 2552.6377   22.0372
   -7.5000   52.5000  -15.0000 2395.5442   23.1535
    0.0000   52.5000  -15.0000 2414.1863   22.7850
    7.5000   52.5000  -15.0000 2402.7930   22.7164
   -7.5000  -37.5000   -7.5000 2493.8425   25.7185
    0.0000  -37.5000   -7.5000 2507.7317   25.5933
    7.5000  -37.5000   -7.5000 2512.5046   25.8818
   -7.5000  -30.0000   -7.5000 2527.8923   24.2608
    0.0000  -30.0000   -7.5000 2530.0237   24.0615
    7.5000  -30.0000   -7.5000 2547.6836   24.3961
   -7.5000  -22.5000   -7.5000 2555.9431   23.1932
    0.0000  -22.5000   -7.5000 2553.1077   23.0857
    7.5000  -22.5000   -7.5000 2585.0732   23.3906
   -7.5000  -15.0000   -7.5000 2592.5574   22.5737
    0.0000  -15.0000   -7.5000 2600.6382   22.6287
    7.5000  -15.0000   -7.5000 2631.7205   22.7665
   -7.5000   -7.5000   -7.5000 2633.6262   22.1545
    0.0000   -7.5000   -7.5000 2680.7512   22.4295
    7.5000   -7.5000   -7.5000 2684.3496   22.2993
   -7.5000    0.0000   -7.5000 2689.5681   21.8626
    0.0000    0.0000   -7.5000 2783.3938   22.3834
    7.5000    0.0000   -7.5000 2734.7922   21.9301
   -7.5000    7.5000   -7.5000 2746.4290   21.7218
    0.0000    7.5000   -7.5000 2879.7834   22.5522
    7.5000    7.5000   -7.5000 2781.2571   21.7096
   -7.5000   15.0000   -7.5000 2771.4404   21.4181
    0.0000   15.0000   -7.5000 2935.6226   22.3834
    7.5000   15.0000   -7.5000 2803.4780   21.4072
   -7.5000   22.5000   -7.5000 2775.2075   21.0286
    0.0000   22.5000   -7.5000 2889.3088   21.5092
    7.5000   22.5000   -7.5000 2802.3323   20.9912
   -7.5000   30.0000   -7.5000 2745.3176   20.9369
    0.0000   30.0000   -7.5000 2833.1799   21.1837
    7.5000   30.0000   -7.5000 2773.7803   20.8401
   -7.5000   37.5000   -7.5000 2695.9780   21.4109
    0.0000   37.5000   -7.5000 2732.4241   21.2532
    7.5000   37.5000   -7.5000 2705.5835   21.0961
   -7.5000   45.0000   -7.5000 2598.2905   22.1781
    0.0000   45.0000   -7.5000 2611.2654   21.7954
    7.5000   45.0000   -7.5000 2598.7542   21.7132
   -7.5000   52.5000   -7.5000 2448.7766   22.9608
    0.0000   52.5000   -7.5000 2464.4712   22.6050
    7.5000   52.5000   -7.5000 2462.0063   22.5797
   -7.5000  -37.5000    0.0000 2512.1597   26.3892
    0.0000  -37.5000    0.0000 2519.2871   26.1638
    7.5000  -37.5000    0.0000 2529.4639   26.4608
   -7.5000  -30.0000    0.0000 2559.4438   24.9921
    0.0000  -30.0000    0.0000 2578.7620   24.9846
    7.5000  -30.0000    0.0000 2581.8977   25.1442
   -7.5000  -22.5000    0.0000 2608.3066   24.0363
    0.0000  -22.5000    0.0000 2655.3596   24.3228
    7.5000  -22.5000    0.0000 2636.7800   24.2915
   -7.5000  -15.0000    0.0000 2667.3379   23.4543
    0.0000  -15.0000    0.0000 2737.0498   23.9018
    7.5000  -15.0000    0.0000 2693.3738   23.6460
   -7.5000   -7.5000    0.0000 2722.8062   22.9232
    0.0000   -7.5000    0.0000 2811.5962   23.4744
    7.5000   -7.5000    0.0000 2740.1877   23.0231
   -7.5000    0.0000    0.0000 2782.9377   22.4722
    0.0000    0.0000    0.0000 2871.2966   23.0045
    7.5000    0.0000    0.0000 2788.9446   22.4684
   -7.5000    7.5000    0.0000 2834.2773   22.1436
    0.0000    7.5000    0.0000 2925.1611   22.7537
    7.5000    7.5000    0.0000 2844.0215   22.1083
   -7.5000   15.0000    0.0000 2857.0342   21.7498
    0.0000   15.0000    0.0000 2961.8262   22.4286
    7.5000   15.0000    0.0000 2874.0537   21.7601
   -7.5000   22.5000    0.0000 2827.5837   21.3300
    0.0000   22.5000    0.0000 2922.2908   21.5847
    7.5000   22.5000    0.0000 2858.1416   21.1860
   -7.5000   30.0000    0.0000 2800.3594   21.2976
    0.0000   30.0000    0.0000 2837.7903   21.0289
    7.5000   30.0000    0.0000 2802.3374   20.9048
   -7.5000   37.5000    0.0000 2729.4932   21.6262
    0.0000   37.5000    0.0000 2756.7354   21.2332
    7.5000   37.5000    0.0000 2729.7866   21.1788
   -7.5000   45.0000    0.0000 2618.5835   22.2294
    0.0000   45.0000    0.0000 2642.9219   21.8664
    7.5000   45.0000    0.0000 2620.0718   21.8262
   -7.5000   52.5000    0.0000 2475.2649   23.0522
    0.0000   52.5000    0.0000 2491.3469   22.6918
    7.5000   52.5000    0.0000 2483.8152   22.6467
   -7.5000  -37.5000    7.5000 2563.5569   27.6814
    0.0000  -37.5000    7.5000 2609.5037   27.7573
    7.5000  -37.5000    7.5000 2568.6433   27.8885
   -7.5000  -30.0000    7.5000 2615.5398   26.1944
    0.0000  -30.0000    7.5000 2680.0056   26.4928
    7.5000  -30.0000    7.5000 2630.2661   26.4968
   -7.5000  -22.5000    7.5000 2662.5684   25.0840
    0.0000  -22.5000    7.5000 2725.3086   25.4086
    7.5000  -22.5000    7.5000 2683.6372   25.4277
   -7.5000  -15.0000    7.5000 2707.3606   24.2233
    0.0000  -15.0000    7.5000 2760.6108   24.5177
    7.5000  -15.0000    7.5000 2728.8557   24.4870
   -7.5000   -7.5000    7.5000 2748.8340   23.4799
    0.0000   -7.5000    7.5000 2792.5046   23.7116
    7.5000   -7.5000    7.5000 2763.6436   23.6166
   -7.5000    0.0000    7.5000 2791.0095   22.8681
    0.0000    0.0000    7.5000 2828.8982   23.0083
    7.5000    0.0000    7.5000 2801.5813   22.8672
   -7.5000    7.5000    7.5000 2819.1343   22.3272
    0.0000    7.5000    7.5000 2867.3196   22.5030
    7.5000    7.5000    7.5000 2829.7588   22.2693
   -7.5000   15.0000    7.5000 2815.1147   21.6800
    0.0000   15.0000    7.5000 2872.2312   21.7168
    7.5000   15.0000    7.5000 2830.9038   21.6103
   -7.5000   22.5000    7.5000 2814.3518   21.4737
    0.0000   22.5000    7.5000 2816.2637   20.8566
    7.5000   22.5000    7.5000 2795.1538   20.9343
   -7.5000   30.0000    7.5000 2803.6516   21.7008
    0.0000   30.0000    7.5000 2814.8091   20.9645
    7.5000   30.0000    7.5000 2782.5044   20.9816
   -7.5000   37.5000    7.5000 2747.0232   22.2219
    0.0000   37.5000    7.5000 2776.7917   21.7003
    7.5000   37.5000    7.5000 2748.4863   21.6924
   -7.5000   45.0000    7.5000 2635.9023   22.9314
    0.0000   45.0000    7.5000 2662.8372   22.6080
    7.5000   45.0000    7.5000 2645.5095   22.5421
   -7.5000   52.5000    7.5000 2485.0752   23.7571
    0.0000   52.5000    7.5000 2506.3340   23.4477
    7.5000   52.5000    7.5000 2499.5674   23.3765
   -7.5000  -37.5000   15.0000 2595.5566   28.9324
    0.0000  -37.5000   15.0000 2639.5557   28.9972
    7.5000  -37.5000   15.0000 2602.8513   29.3098
   -7.5000  -30.0000   15.0000 2639.2791   27.2485
    0.0000  -30.0000   15.0000 2672.6980   27.2988
    7.5000  -30.0000   15.0000 2654.0247   27.6392
   -7.5000  -22.5000   15.0000 2674.4211   25.9286
    0.0000  -22.5000   15.0000 2697.0457   25.8934
    7.5000  -22.5000   15.0000 2694.1016   26.2770
   -7.5000  -15.0000   15.0000 2707.0798   24.8705
    0.0000  -15.0000   15.0000 2717.5024   24.7703
    7.5000  -15.0000   15.0000 2726.2793   25.0863
   -7.5000   -7.5000   15.0000 2734.6089   23.9758
    0.0000   -7.5000   15.0000 2740.3389   23.8109
    7.5000   -7.5000   15.0000 2750.9622   24.0107
   -7.5000    0.0000   15.0000 2758.8845   23.2300
    0.0000    0.0000   15.0000 2765.9700   22.9964
    7.5000    0.0000   15.0000 2767.8174   23.0955
   -7.5000    7.5000   15.0000 2774.4385   22.5527
    0.0000    7.5000   15.0000 2795.6238   22.4643
    7.5000    7.5000   15.0000 2790.0989   22.4254
   -7.5000   15.0000   15.0000 2791.1436   22.0298
    0.0000   15.0000   15.0000 2787.0479   21.5529
    7.5000   15.0000   15.0000 2776.9912   21.6419
   -7.5000   22.5000   15.0000 2800.3630   21.9887
    0.0000   22.5000   15.0000 2782.4255   21.1486
    7.5000   22.5000   15.0000 2761.1260   21.2023
   -7.5000   30.0000   15.0000 2789.7883   22.2637
    0.0000   30.0000   15.0000 2810.0283   21.6038
    7.5000   30.0000   15.0000 2782.5945   21.5776
   -7.5000   37.5000   15.0000 2738.0356   22.8975
    0.0000   37.5000   15.0000 2772.6753   22.3997
    7.5000   37.5000   15.0000 2746.9092   22.3137
   -7.5000   45.0000   15.0000 2629.3010   23.7260
    0.0000   45.0000   15.0000 2658.8770   23.3206
    7.5000   45.0000   15.0000 2642.6624   23.2558
   -7.5000   52.5000   15.0000 2472.9668   24.5889
    0.0000   52.5000   15.0000 2504.3916   24.2751
    7.5000   52.5000   15.0000 2497.2014   24.1903
   -7.5000  -37.5000   22.5000 2578.5239   29.9802
    0.0000  -37.5000   22.5000 2600.0083   29.7487
    7.5000  -37.5000   22.5000 2589.3406   30.3877
   -7.5000  -30.0000   22.5000 2625.8154   28.1691
    0.0000  -30.0000   22.5000 2632.6824   27.8348
    7.5000  -30.0000   22.5000 2635.0686   28.5024
   -7.5000  -22.5000   22.5000 2661.5720   26.6716
    0.0000  -22.5000   22.5000 2655.2729   26.2859
    7.5000  -22.5000   22.5000 2671.7419   26.9355
   -7.5000  -15.0000   22.5000 2685.9822   25.4755
    0.0000  -15.0000   22.5000 2677.1021   25.0698
    7.5000  -15.0000   22.5000 2696.9470   25.5400
   -7.5000   -7.5000   22.5000 2706.5139   24.4888
    0.0000   -7.5000   22.5000 2695.8494   24.0575
    7.5000   -7.5000   22.5000 2715.6599   24.3915
   -7.5000    0.0000   22.5000 2727.1838   23.7142
    0.0000    0.0000   22.5000 2721.1091   23.2396
    7.5000    0.0000   22.5000 2738.3962   23.5028
   -7.5000    7.5000   22.5000 2740.7278   23.0353
    0.0000    7.5000   22.5000 2730.3833   22.5494
    7.5000    7.5000   22.5000 2745.9639   22.6731
   -7.5000   15.0000   22.5000 2760.2144   22.6283
    0.0000   15.0000   22.5000 2733.8333   21.7388
    7.5000   15.0000   22.5000 2730.1335   21.8631
   -7.5000   22.5000   22.5000 2767.1846   22.6370
    0.0000   22.5000   22.5000 2762.2612   21.8340
    7.5000   22.5000   22.5000 2752.7681   21.8610
   -7.5000   30.0000   22.5000 2759.3242   23.0315
    0.0000   30.0000   22.5000 2784.6108   22.4268
    7.5000   30.0000   22.5000 2764.9077   22.3653
   -7.5000   37.5000   22.5000 2709.2461   23.7602
    0.0000   37.5000   22.5000 2740.1624   23.2407
    7.5000   37.5000   22.5000 2723.3247   23.1539
   -7.5000   45.0000   22.5000 2604.5833   24.5993
    0.0000   45.0000   22.5000 2632.6558   24.1420
    7.5000   45.0000   22.5000 2619.6082   24.0610
   -7.5000   52.5000   22.5000 2450.3896   25.4537
    0.0000   52.5000   22.5000 2481.1826   25.0657
    7.5000   52.5000   22.5000 2473.8647   24.9588
   -7.5000  -37.5000   30.0000 2536.7881   30.8341
    0.0000  -37.5000   30.0000 2547.2258   30.3390
    7.5000  -37.5000   30.0000 2547.1182   31.2581
   -7.5000  -30.0000   30.0000 2584.6216   28.9124
    0.0000  -30.0000   30.0000 2578.6482   28.3212
    7.5000  -30.0000   30.0000 2596.9512   29.2294
   -7.5000  -22.5000   30.0000 2621.1516   27.3596
    0.0000  -22.5000   30.0000 2605.4182   26.7096
    7.5000  -22.5000   30.0000 2636.0850   27.4963
   -7.5000  -15.0000   30.0000 2650.7737   26.0629
    0.0000  -15.0000   30.0000 2623.8574   25.3784
    7.5000  -15.0000   30.0000 2659.6118   26.0009
   -7.5000   -7.5000   30.0000 2671.1399   25.0297
    0.0000   -7.5000   30.0000 2643.9167   24.3207
    7.5000   -7.5000   30.0000 2680.3047   24.7895
   -7.5000    0.0000   30.0000 2686.3574   24.1459
    0.0000    0.0000   30.0000 2668.9172   23.4730
    7.5000    0.0000   30.0000 2692.1394   23.8170
   -7.5000    7.5000   30.0000 2707.2483   23.5608
    0.0000    7.5000   30.0000 2678.2639   22.7370
    7.5000    7.5000   30.0000 2698.1809   22.9544
   -7.5000   15.0000   30.0000 2716.7871   23.1279
    0.0000   15.0000   30.0000 2696.0728   22.2490
    7.5000   15.0000   30.0000 2703.4883   22.4051
   -7.5000   22.5000   30.0000 2724.3093   23.2895
    0.0000   22.5000   30.0000 2724.5864   22.5570
    7.5000   22.5000   30.0000 2729.3928   22.5998
   -7.5000   30.0000   30.0000 2715.4563   23.8435
    0.0000   30.0000   30.0000 2732.7380   23.2052
    7.5000   30.0000   30.0000 2732.2378   23.1749
   -7.5000   37.5000   30.0000 2665.7449   24.6316
    0.0000   37.5000   30.0000 2687.5757   24.0192
    7.5000   37.5000   30.0000 2681.8052   23.9257
   -7.5000   45.0000   30.0000 2561.3552   25.5269
    0.0000   45.0000   30.0000 2582.8567   24.9506
    7.5000   45.0000   30.0000 2577.0188   24.8786
   -7.5000   52.5000   30.0000 2405.9407   26.3563
    0.0000   52.5000   30.0000 2434.5879   25.8775
    7.5000   52.5000   30.0000 2433.1807   25.7737
   -7.5000  -37.5000   37.5000 2444.2268   31.3082
    0.0000  -37.5000   37.5000 2448.4741   30.7474
    7.5000  -37.5000   37.5000 2453.7417   31.8579
   -7.5000  -30.0000   37.5000 2486.1055   29.1030
    0.0000  -30.0000   37.5000 2476.4536   28.4255
    7.5000  -30.0000   37.5000 2499.0151   29.5037
   -7.5000  -22.5000   37.5000 2515.2214   27.3426
    0.0000  -22.5000   37.5000 2495.2900   26.5439
    7.5000  -22.5000   37.5000 2528.8223   27.5162
   -7.5000  -15.0000   37.5000 2535.5786   25.9764
    0.0000  -15.0000   37.5000 2512.0317   25.1225
    7.5000  -15.0000   37.5000 2553.7090   25.9365
   -7.5000   -7.5000   37.5000 2558.0874   24.9158
    0.0000   -7.5000   37.5000 2536.7134   24.0955
    7.5000   -7.5000   37.5000 2573.7549   24.7169
   -7.5000    0.0000   37.5000 2590.9014   24.0832
    0.0000    0.0000   37.5000 2568.7800   23.2898
    7.5000    0.0000   37.5000 2597.9590   23.7962
   -7.5000    7.5000   37.5000 2608.2373   23.5597
    0.0000    7.5000   37.5000 2587.5393   22.7379
    7.5000    7.5000   37.5000 2605.7751   23.0559
   -7.5000   15.0000   37.5000 2617.7217   23.2907
    0.0000   15.0000   37.5000 2606.6858   22.5156
    7.5000   15.0000   37.5000 2617.6929   22.7603
   -7.5000   22.5000   37.5000 2626.9685   23.5803
    0.0000   22.5000   37.5000 2632.7932   22.9328
    7.5000   22.5000   37.5000 2642.3794   23.0352
   -7.5000   30.0000   37.5000 2619.7231   24.2660
    0.0000   30.0000   37.5000 2635.5430   23.6570
    7.5000   30.0000   37.5000 2641.9805   23.6866
   -7.5000   37.5000   37.5000 2577.3926   25.1240
    0.0000   37.5000   37.5000 2591.6011   24.4978
    7.5000   37.5000   37.5000 2596.3274   24.4719
   -7.5000   45.0000   37.5000 2478.2949   26.1017
    0.0000   45.0000   37.5000 2501.0315   25.4702
    7.5000   45.0000   37.5000 2505.0032   25.4068
   -7.5000   52.5000   37.5000 2334.7734   27.0758
    0.0000   52.5000   37.5000 2365.7048   26.5048
    7.5000   52.5000   37.5000 2364.6548   26.3757
   -7.5000  -37.5000   45.0000 2321.1548   31.9867
    0.0000  -37.5000   45.0000 2324.4353   31.3631
    7.5000  -37.5000   45.0000 2332.1626   32.4588
   -7.5000  -30.0000   45.0000 2368.4365   29.5568
    0.0000  -30.0000   45.0000 2360.8174   28.8194
    7.5000  -30.0000   45.0000 2379.6309   29.8609
   -7.5000  -22.5000   45.0000 2409.9336   27.6683
    0.0000  -22.5000   45.0000 2393.9229   26.8048
    7.5000  -22.5000   45.0000 2413.6169   27.7469
   -7.5000  -15.0000   45.0000 2435.0239   26.1792
    0.0000  -15.0000   45.0000 2426.6753   25.3519
    7.5000  -15.0000   45.0000 2442.2913   26.0998
   -7.5000   -7.5000   45.0000 2459.5374   24.9837
    0.0000   -7.5000   45.0000 2452.0159   24.2183
    7.5000   -7.5000   45.0000 2470.3740   24.8683
   -7.5000    0.0000   45.0000 2478.1313   24.1686
    0.0000    0.0000   45.0000 2476.0891   23.3981
    7.5000    0.0000   45.0000 2486.3816   23.8314
   -7.5000    7.5000   45.0000 2495.6021   23.7070
    0.0000    7.5000   45.0000 2494.3215   22.9669
    7.5000    7.5000   45.0000 2503.6697   23.2976
   -7.5000   15.0000   45.0000 2514.8679   23.5972
    0.0000   15.0000   45.0000 2521.8926   22.9985
    7.5000   15.0000   45.0000 2524.2681   23.2141
   -7.5000   22.5000   45.0000 2523.8418   24.0783
    0.0000   22.5000   45.0000 2544.9160   23.6167
    7.5000   22.5000   45.0000 2545.9971   23.6775
   -7.5000   30.0000   45.0000 2512.4556   24.9028
    0.0000   30.0000   45.0000 2537.6797   24.4360
    7.5000   30.0000   45.0000 2544.1301   24.4803
   -7.5000   37.5000   45.0000 2462.9976   25.8395
    0.0000   37.5000   45.0000 2486.4839   25.2957
    7.5000   37.5000   45.0000 2491.5637   25.2809
   -7.5000   45.0000   45.0000 2365.7961   26.7405
    0.0000   45.0000   45.0000 2397.2656   26.1886
    7.5000   45.0000   45.0000 2398.3086   26.1104
   -7.5000   52.5000   45.0000 2235.7646   27.7150
    0.0000   52.5000   45.0000 2266.8179   27.1890
    7.5000   52.5000   45.0000 2267.6760   27.0187

---------------------------------------------------------------------
imgreg_4dfp /opt/freesurfer/average/711-2C_as_mni_average_305 /opt/freesurfer/average/711-2B_as_mni_average_305_mask talsrcimg_g11 none talsrcimg_to_711-2C_as_mni_average_305_t4 1283
---------------------------------------------------------------------

freesurfer imgreg_4dfp.c
/opt/freesurfer/average/711-2C_as_mni_average_305.4dfp.img
       256       256       256         1
  1.000000  1.000000  1.000000
orientation T byte_order littleendian
Reading image: /opt/freesurfer/average/711-2C_as_mni_average_305.4dfp.img
dimensions:      256       256       256
mmppix:       1.0000   -1.0000   -1.0000
center:     128.0000 -129.0000 -129.0000
/opt/freesurfer/average/711-2B_as_mni_average_305_mask.4dfp.img
       256       256       256         1
  1.000000  1.000000  1.000000
orientation T byte_order littleendian
Reading mask: /opt/freesurfer/average/711-2B_as_mni_average_305_mask.4dfp.img (2306576 pixels)
talsrcimg_g11.4dfp.img
       320       320       320         1
  0.700000  0.700000  0.700000
orientation T byte_order littleendian
Reading image: talsrcimg_g11.4dfp.img
dimensions:      320       320       320
mmppix:       0.7000   -0.7000   -0.7000
center:     112.0000 -112.7000 -112.7000
rotation matrix determinant  1.000000
fimgreg.f
image alignment mode   1283 decimal      503 hex
parameters
    0.0000   15.0000    0.0000    0.0000    0.0000    0.0000
eta,q 0.93114 22.66001
niter,ni,del,rscale     5    3   12.0000    1.2000
parameter  3  0.552158 ->  0.500000 qaram    1.1500
parameter  4  1.430100 ->  0.500000 qaram    1.1500
parameter  6 47.418236 ->  0.500000 qaram    1.1500
parameters
    1.0607   15.0505   -3.4500   -3.4500   -2.0253   -3.4500
eta,q 0.94064 22.74145
  0.1001  0.0799  0.0670  0.0623  0.0670  0.0575
  0.0914  0.0739  0.0656  0.0632  0.0632  0.0589
  0.0796  0.0703  0.0668  0.0646  0.0624  0.0606
  0.0703  0.0687  0.0687  0.0657  0.0636  0.0624
  0.0693  0.0701  0.0729  0.0683  0.0670  0.0639
  0.0760  0.0733  0.0814  0.0713  0.0724  0.0652
  0.0885  0.0798  0.0926  0.0738  0.0784  0.0672
niter,ni,del,rscale     7    3   12.0000    1.2000
parameter  4  0.592673 ->  0.500000 qaram    1.3225
parameter  6  0.995708 ->  0.500000 qaram    1.3225
parameters
    1.2208   16.7886   -3.3803   -7.4175   -1.7334   -7.4175
eta,q 0.94592 22.85931
  0.0952  0.0763  0.0815  0.0569  0.0682  0.0553
  0.0792  0.0689  0.0636  0.0567  0.0615  0.0541
  0.0654  0.0629  0.0580  0.0571  0.0580  0.0545
  0.0594  0.0593  0.0578  0.0578  0.0567  0.0567
  0.0625  0.0578  0.0596  0.0599  0.0576  0.0592
  0.0760  0.0601  0.0664  0.0637  0.0603  0.0609
  0.0926  0.0641  0.0776  0.0681  0.0660  0.0622
niter,ni,del,rscale     7    3   12.0000    1.2000
parameter  4  0.775740 ->  0.500000 qaram    1.5209
parameters
    1.4288   18.2444   -4.0056  -11.9801   -1.2543   -8.0669
eta,q 0.95009 22.81528
  0.0914  0.0709  0.0739  0.0508  0.0669  0.0559
  0.0754  0.0642  0.0578  0.0502  0.0580  0.0516
  0.0620  0.0580  0.0525  0.0504  0.0521  0.0501
  0.0541  0.0538  0.0532  0.0525  0.0501  0.0501
  0.0577  0.0535  0.0577  0.0554  0.0515  0.0519
  0.0723  0.0565  0.0671  0.0575  0.0555  0.0542
  0.0875  0.0603  0.0796  0.0612  0.0617  0.0566
niter,ni,del,rscale     7    3   12.0000    1.2000
parameters
    1.5916   19.9992   -4.8156  -14.6183   -1.1860   -8.1378
eta,q 0.95404 22.73239
  0.0886  0.0693  0.0675  0.0512  0.0627  0.0538
  0.0717  0.0620  0.0539  0.0481  0.0538  0.0489
  0.0567  0.0554  0.0468  0.0462  0.0481  0.0462
  0.0499  0.0499  0.0471  0.0463  0.0460  0.0460
  0.0554  0.0470  0.0523  0.0507  0.0482  0.0478
  0.0696  0.0495  0.0635  0.0560  0.0541  0.0501
  0.0844  0.0565  0.0784  0.0591  0.0614  0.0530
niter,ni,del,rscale     6    3   12.0000    1.2000
parameters
    1.7322   20.2906   -4.8813  -15.2258   -1.2745   -8.2032
eta,q 0.95401 22.72764
  0.0883  0.0644  0.0739  0.0538  0.0617  0.0538
  0.0690  0.0562  0.0548  0.0503  0.0533  0.0488
  0.0525  0.0498  0.0465  0.0475  0.0478  0.0462
  0.0460  0.0460  0.0458  0.0457  0.0460  0.0460
  0.0524  0.0466  0.0495  0.0466  0.0485  0.0478
  0.0677  0.0516  0.0577  0.0518  0.0546  0.0500
  0.0835  0.0632  0.0725  0.0571  0.0620  0.0528
niter,ni,del,rscale     5    3   12.0000    1.2000
parameters
    1.8037   20.3679   -4.9125  -15.4064   -1.3366   -8.2184
eta,q 0.95394 22.72854
  0.0877  0.0637  0.0739  0.0545  0.0618  0.0539
  0.0682  0.0555  0.0548  0.0508  0.0535  0.0490
  0.0519  0.0493  0.0467  0.0478  0.0480  0.0462
  0.0460  0.0460  0.0460  0.0460  0.0461  0.0461
  0.0529  0.0470  0.0494  0.0460  0.0484  0.0479
  0.0685  0.0525  0.0573  0.0507  0.0545  0.0500
  0.0843  0.0649  0.0721  0.0563  0.0619  0.0527
niter,ni,del,rscale     4    3   12.0000    1.2000
parameters
    1.8369   20.3930   -4.9233  -15.4513   -1.3709   -8.2193
eta,q 0.95392 22.72931
  0.0873  0.0635  0.0741  0.0547  0.0619  0.0540
  0.0677  0.0553  0.0548  0.0510  0.0536  0.0490
  0.0517  0.0491  0.0468  0.0479  0.0480  0.0462
  0.0461  0.0461  0.0461  0.0461  0.0461  0.0461
  0.0532  0.0472  0.0494  0.0459  0.0484  0.0479
  0.0689  0.0527  0.0572  0.0504  0.0544  0.0500
  0.0847  0.0654  0.0719  0.0561  0.0618  0.0527
registration optimization eta report
parameter search radius
    6.0000    6.0000    6.9000    9.1253    6.0000    7.9350
100000*second partial in parameter space
      108.       51.       58.       11.       43.       11.
  0.0873  0.0635  0.0741  0.0547  0.0619  0.0540
  0.0677  0.0553  0.0548  0.0510  0.0536  0.0490
  0.0517  0.0491  0.0468  0.0479  0.0480  0.0462
  0.0461  0.0461  0.0461  0.0461  0.0461  0.0461
  0.0532  0.0472  0.0494  0.0459  0.0484  0.0479
  0.0689  0.0527  0.0572  0.0504  0.0544  0.0500
  0.0847  0.0654  0.0719  0.0561  0.0618  0.0527
    1.8369   20.3930   -4.9233  -15.4513   -1.3709   -8.2193
eta,q 0.95392 22.72931

---------------------------------------------------------------------
imgreg_4dfp /opt/freesurfer/average/711-2C_as_mni_average_305 /opt/freesurfer/average/711-2B_as_mni_average_305_mask talsrcimg_g11 none talsrcimg_to_711-2C_as_mni_average_305_t4 3335
---------------------------------------------------------------------

freesurfer imgreg_4dfp.c
/opt/freesurfer/average/711-2C_as_mni_average_305.4dfp.img
       256       256       256         1
  1.000000  1.000000  1.000000
orientation T byte_order littleendian
Reading image: /opt/freesurfer/average/711-2C_as_mni_average_305.4dfp.img
dimensions:      256       256       256
mmppix:       1.0000   -1.0000   -1.0000
center:     128.0000 -129.0000 -129.0000
/opt/freesurfer/average/711-2B_as_mni_average_305_mask.4dfp.img
       256       256       256         1
  1.000000  1.000000  1.000000
orientation T byte_order littleendian
Reading mask: /opt/freesurfer/average/711-2B_as_mni_average_305_mask.4dfp.img (2306576 pixels)
talsrcimg_g11.4dfp.img
       320       320       320         1
  0.700000  0.700000  0.700000
orientation T byte_order littleendian
Reading image: talsrcimg_g11.4dfp.img
dimensions:      320       320       320
mmppix:       0.7000   -0.7000   -0.7000
center:     112.0000 -112.7000 -112.7000
fimgreg.f
image alignment mode   3335 decimal      D07 hex
parameters
    1.8369   20.3930   -4.9233   -1.0555   -4.5132   -3.6418
   13.1488    6.0911  -14.2922   26.0385   -2.3924  -26.6342
eta,q 0.95666 22.94120
niter,ni,del,rscale     5    3    5.0000    1.2000
parameter  4  0.634295 ->  0.500000 qaram    1.1500
parameter  5  0.588447 ->  0.500000 qaram    1.1500
parameters
    1.5799   21.4386   -5.5785   -5.1955   -8.6532   -4.6141
   11.0028    5.8267  -11.7841   23.8874   -0.8340  -25.3483
eta,q 0.96477 23.02873
  0.0497  0.0495  0.0442  0.0376  0.0361  0.0421  0.0371  0.0411  0.0392  0.0368  0.0370  0.0377
  0.0457  0.0469  0.0426  0.0369  0.0351  0.0399  0.0361  0.0375  0.0375  0.0358  0.0359  0.0361
  0.0436  0.0447  0.0420  0.0378  0.0352  0.0373  0.0357  0.0361  0.0364  0.0352  0.0354  0.0354
  0.0433  0.0432  0.0424  0.0420  0.0369  0.0350  0.0359  0.0357  0.0357  0.0355  0.0352  0.0352
  0.0449  0.0425  0.0436  0.0512  0.0403  0.0349  0.0368  0.0361  0.0355  0.0366  0.0352  0.0353
  0.0481  0.0427  0.0455  0.0651  0.0449  0.0406  0.0386  0.0377  0.0357  0.0384  0.0354  0.0356
  0.0529  0.0438  0.0482  0.0808  0.0500  0.0533  0.0415  0.0424  0.0363  0.0412  0.0358  0.0361
niter,ni,del,rscale     6    3    5.0000    1.2000
parameter  2 -0.891299 -> -0.500000 qaram    1.1500
parameter  3  0.537878 ->  0.500000 qaram    1.1500
parameters
    2.3193   22.8186   -6.9585   -7.1548   -9.7322   -5.1070
   10.6556    6.2559  -11.5240   24.6893   -0.9000  -25.9791
eta,q 0.96611 22.93480
  0.0404  0.0415  0.0329  0.0375  0.0383  0.0398  0.0366  0.0383  0.0361  0.0370  0.0347  0.0356
  0.0381  0.0389  0.0326  0.0357  0.0364  0.0379  0.0354  0.0355  0.0349  0.0355  0.0342  0.0342
  0.0364  0.0366  0.0326  0.0338  0.0345  0.0359  0.0345  0.0345  0.0343  0.0345  0.0340  0.0338
  0.0352  0.0348  0.0330  0.0326  0.0333  0.0336  0.0341  0.0341  0.0340  0.0341  0.0340  0.0340
  0.0348  0.0335  0.0336  0.0339  0.0344  0.0323  0.0343  0.0341  0.0342  0.0340  0.0341  0.0344
  0.0352  0.0329  0.0346  0.0404  0.0379  0.0363  0.0354  0.0348  0.0348  0.0345  0.0343  0.0350
  0.0366  0.0330  0.0359  0.0532  0.0432  0.0463  0.0375  0.0374  0.0358  0.0361  0.0346  0.0358
niter,ni,del,rscale     7    3    5.0000    1.2000
parameters
    2.6660   23.7868   -6.7810   -7.7672  -10.6492   -5.0379
   10.5409    6.6765  -11.5552   25.9488   -0.9580  -26.4677
eta,q 0.96647 22.87221
  0.0372  0.0389  0.0355  0.0383  0.0385  0.0398  0.0364  0.0373  0.0356  0.0366  0.0341  0.0352
  0.0357  0.0367  0.0341  0.0368  0.0368  0.0380  0.0352  0.0350  0.0346  0.0352  0.0337  0.0338
  0.0345  0.0349  0.0335  0.0350  0.0349  0.0360  0.0343  0.0342  0.0340  0.0344  0.0336  0.0335
  0.0339  0.0338  0.0333  0.0333  0.0336  0.0339  0.0338  0.0338  0.0338  0.0338  0.0336  0.0336
  0.0338  0.0333  0.0334  0.0327  0.0345  0.0322  0.0340  0.0338  0.0340  0.0335  0.0336  0.0339
  0.0344  0.0336  0.0340  0.0353  0.0377  0.0345  0.0350  0.0344  0.0346  0.0338  0.0338  0.0345
  0.0359  0.0348  0.0348  0.0437  0.0426  0.0429  0.0370  0.0366  0.0356  0.0354  0.0341  0.0353
niter,ni,del,rscale     6    3    5.0000    1.2000
parameters
    2.8281   24.2126   -7.0989   -7.7635  -11.4515   -5.3712
   10.3994    6.8168  -11.7669   26.9757   -0.7599  -27.1598
eta,q 0.96641 22.84261
  0.0362  0.0375  0.0348  0.0383  0.0383  0.0395  0.0363  0.0371  0.0354  0.0363  0.0342  0.0351
  0.0349  0.0357  0.0337  0.0368  0.0365  0.0378  0.0352  0.0350  0.0345  0.0353  0.0338  0.0338
  0.0340  0.0343  0.0333  0.0351  0.0346  0.0358  0.0343  0.0342  0.0340  0.0345  0.0336  0.0335
  0.0335  0.0335  0.0334  0.0333  0.0333  0.0335  0.0339  0.0339  0.0339  0.0339  0.0336  0.0336
  0.0336  0.0334  0.0337  0.0322  0.0340  0.0321  0.0340  0.0339  0.0341  0.0335  0.0337  0.0340
  0.0343  0.0342  0.0344  0.0340  0.0372  0.0354  0.0350  0.0345  0.0346  0.0339  0.0338  0.0346
  0.0358  0.0358  0.0355  0.0412  0.0421  0.0450  0.0369  0.0371  0.0356  0.0356  0.0341  0.0354
niter,ni,del,rscale     5    3    5.0000    1.2000
parameters
    2.8892   24.6148   -7.4357   -7.7380  -12.2046   -5.7536
   10.3559    6.9683  -11.9032   28.2327   -0.3113  -27.8633
eta,q 0.96636 22.81888
  0.0360  0.0374  0.0349  0.0383  0.0382  0.0395  0.0364  0.0372  0.0354  0.0365  0.0342  0.0350
  0.0348  0.0357  0.0338  0.0369  0.0366  0.0378  0.0353  0.0351  0.0346  0.0355  0.0338  0.0339
  0.0340  0.0344  0.0334  0.0352  0.0347  0.0359  0.0345  0.0343  0.0341  0.0347  0.0337  0.0336
  0.0336  0.0336  0.0335  0.0334  0.0333  0.0336  0.0340  0.0340  0.0340  0.0340  0.0337  0.0337
  0.0337  0.0335  0.0338  0.0322  0.0339  0.0323  0.0341  0.0340  0.0342  0.0335  0.0337  0.0341
  0.0345  0.0343  0.0345  0.0339  0.0370  0.0357  0.0350  0.0346  0.0347  0.0339  0.0338  0.0346
  0.0360  0.0359  0.0356  0.0412  0.0419  0.0450  0.0368  0.0373  0.0355  0.0356  0.0341  0.0353
niter,ni,del,rscale     4    3    5.0000    1.2000
parameters
    2.9390   25.0400   -7.9168   -7.7763  -13.0876   -6.3013
   10.3420    7.0329  -12.0451   29.7875   -0.1027  -28.5982
eta,q 0.96629 22.78370
  0.0360  0.0374  0.0347  0.0382  0.0380  0.0394  0.0364  0.0373  0.0356  0.0368  0.0342  0.0350
  0.0348  0.0357  0.0337  0.0368  0.0364  0.0378  0.0354  0.0353  0.0348  0.0358  0.0339  0.0340
  0.0340  0.0344  0.0333  0.0352  0.0347  0.0359  0.0347  0.0346  0.0343  0.0350  0.0338  0.0337
  0.0336  0.0336  0.0335  0.0333  0.0334  0.0337  0.0342  0.0342  0.0342  0.0342  0.0338  0.0338
  0.0338  0.0335  0.0339  0.0321  0.0339  0.0325  0.0343  0.0341  0.0344  0.0336  0.0338  0.0341
  0.0345  0.0342  0.0347  0.0339  0.0371  0.0365  0.0351  0.0348  0.0349  0.0339  0.0339  0.0346
  0.0360  0.0358  0.0358  0.0414  0.0422  0.0457  0.0368  0.0377  0.0357  0.0357  0.0342  0.0353
niter,ni,del,rscale     3    3    5.0000    1.2000
parameters
    3.0102   25.5811   -8.5410   -7.8607  -14.1679   -7.1119
   10.2300    7.3001  -11.9382   31.5044    0.1112  -29.3825
eta,q 0.96616 22.72521
  0.0360  0.0377  0.0345  0.0381  0.0378  0.0391  0.0363  0.0375  0.0358  0.0371  0.0343  0.0349
  0.0349  0.0360  0.0335  0.0368  0.0362  0.0376  0.0355  0.0356  0.0350  0.0362  0.0340  0.0340
  0.0341  0.0346  0.0333  0.0351  0.0346  0.0358  0.0348  0.0348  0.0346  0.0354  0.0339  0.0338
  0.0337  0.0337  0.0335  0.0333  0.0334  0.0337  0.0344  0.0344  0.0344  0.0344  0.0339  0.0339
  0.0338  0.0335  0.0339  0.0321  0.0340  0.0328  0.0345  0.0343  0.0345  0.0338  0.0339  0.0342
  0.0345  0.0341  0.0347  0.0338  0.0374  0.0373  0.0352  0.0348  0.0350  0.0340  0.0340  0.0346
  0.0359  0.0357  0.0359  0.0415  0.0426  0.0470  0.0369  0.0375  0.0358  0.0359  0.0342  0.0352
niter,ni,del,rscale     2    3    5.0000    1.2000
parameters
    3.1165   26.1945   -9.3843   -7.9634  -15.3800   -8.1801
    9.9728    7.5353  -11.7746   33.2090    1.0582  -30.1393
eta,q 0.96605 22.64520
  0.0360  0.0381  0.0341  0.0380  0.0376  0.0387  0.0363  0.0375  0.0360  0.0375  0.0344  0.0349
  0.0350  0.0362  0.0335  0.0367  0.0360  0.0373  0.0355  0.0357  0.0352  0.0365  0.0342  0.0341
  0.0342  0.0348  0.0333  0.0351  0.0345  0.0356  0.0349  0.0350  0.0347  0.0356  0.0341  0.0339
  0.0338  0.0338  0.0335  0.0333  0.0333  0.0337  0.0346  0.0346  0.0346  0.0346  0.0340  0.0340
  0.0339  0.0335  0.0340  0.0320  0.0341  0.0331  0.0346  0.0344  0.0347  0.0339  0.0340  0.0342
  0.0345  0.0341  0.0348  0.0337  0.0376  0.0380  0.0353  0.0349  0.0351  0.0342  0.0340  0.0346
  0.0359  0.0357  0.0361  0.0415  0.0428  0.0482  0.0369  0.0377  0.0359  0.0362  0.0342  0.0352
niter,ni,del,rscale     1    3    5.0000    1.2000
parameters
    3.2130   26.7603  -10.4125   -8.0254  -16.5437   -9.4563
    9.7769    7.4041  -11.7752   34.7976    2.3736  -31.0379
eta,q 0.96590 22.57469
  0.0360  0.0382  0.0340  0.0381  0.0376  0.0383  0.0362  0.0374  0.0360  0.0376  0.0345  0.0349
  0.0350  0.0364  0.0335  0.0368  0.0361  0.0370  0.0355  0.0358  0.0353  0.0366  0.0343  0.0342
  0.0343  0.0349  0.0335  0.0352  0.0345  0.0354  0.0350  0.0351  0.0348  0.0357  0.0343  0.0341
  0.0339  0.0339  0.0337  0.0334  0.0334  0.0338  0.0346  0.0347  0.0347  0.0347  0.0342  0.0341
  0.0340  0.0337  0.0341  0.0321  0.0341  0.0335  0.0347  0.0344  0.0348  0.0341  0.0341  0.0344
  0.0346  0.0343  0.0349  0.0337  0.0374  0.0388  0.0353  0.0351  0.0353  0.0344  0.0341  0.0347
  0.0359  0.0359  0.0360  0.0415  0.0426  0.0486  0.0368  0.0385  0.0361  0.0364  0.0344  0.0353
registration optimization eta report
parameter search radius
    2.4000    2.7600    2.7600    8.2800    8.2800    7.2000
    7.2000    7.2000    7.2000    7.2000    7.2000    7.2000
100000*second partial in parameter space
       35.       41.       18.       10.       10.       19.
        4.        7.        3.        5.        1.        2.
  0.0360  0.0382  0.0340  0.0381  0.0376  0.0383  0.0362  0.0374  0.0360  0.0376  0.0345  0.0349
  0.0350  0.0364  0.0335  0.0368  0.0361  0.0370  0.0355  0.0358  0.0353  0.0366  0.0343  0.0342
  0.0343  0.0349  0.0335  0.0352  0.0345  0.0354  0.0350  0.0351  0.0348  0.0357  0.0343  0.0341
  0.0339  0.0339  0.0337  0.0334  0.0334  0.0338  0.0346  0.0347  0.0347  0.0347  0.0342  0.0341
  0.0340  0.0337  0.0341  0.0321  0.0341  0.0335  0.0347  0.0344  0.0348  0.0341  0.0341  0.0344
  0.0346  0.0343  0.0349  0.0337  0.0374  0.0388  0.0353  0.0351  0.0353  0.0344  0.0341  0.0347
  0.0359  0.0359  0.0360  0.0415  0.0426  0.0486  0.0368  0.0385  0.0361  0.0364  0.0344  0.0353
    3.2130   26.7603  -10.4125   -8.0254  -16.5437   -9.4563
    9.7769    7.4041  -11.7752   34.7976    2.3736  -31.0379
eta,q 0.96590 22.57469

---------------------------------------------------------------------
imgreg_4dfp /opt/freesurfer/average/711-2C_as_mni_average_305 /opt/freesurfer/average/711-2B_as_mni_average_305_mask talsrcimg_g11 none talsrcimg_to_711-2C_as_mni_average_305_t4 2311
---------------------------------------------------------------------

freesurfer imgreg_4dfp.c
/opt/freesurfer/average/711-2C_as_mni_average_305.4dfp.img
       256       256       256         1
  1.000000  1.000000  1.000000
orientation T byte_order littleendian
Reading image: /opt/freesurfer/average/711-2C_as_mni_average_305.4dfp.img
dimensions:      256       256       256
mmppix:       1.0000   -1.0000   -1.0000
center:     128.0000 -129.0000 -129.0000
/opt/freesurfer/average/711-2B_as_mni_average_305_mask.4dfp.img
       256       256       256         1
  1.000000  1.000000  1.000000
orientation T byte_order littleendian
Reading mask: /opt/freesurfer/average/711-2B_as_mni_average_305_mask.4dfp.img (2306576 pixels)
talsrcimg_g11.4dfp.img
       320       320       320         1
  0.700000  0.700000  0.700000
orientation T byte_order littleendian
Reading image: talsrcimg_g11.4dfp.img
dimensions:      320       320       320
mmppix:       0.7000   -0.7000   -0.7000
center:     112.0000 -112.7000 -112.7000
fimgreg.f
image alignment mode   2311 decimal      907 hex
parameters
    3.2130   26.7603  -10.4125   -8.0254  -16.5437   -9.4563
    9.7769    7.4041  -11.7752   34.7976    2.3736  -31.0379
eta,q 0.96590 22.57468
niter,ni,del,rscale     5    3    5.0000    0.8000
parameter  3  1.078414 ->  0.500000 qaram    1.1500
parameter  4 -0.836310 -> -0.500000 qaram    1.1500
parameters
    3.3309   27.3456  -11.3325   -5.2654  -17.0501  -10.1780
    8.9399    7.2389  -11.8649   36.4924    1.1100  -31.9403
eta,q 0.96768 22.67609
  0.0350  0.0359  0.0336  0.0366  0.0344  0.0354  0.0338  0.0356  0.0337  0.0352  0.0327  0.0328
  0.0346  0.0351  0.0336  0.0357  0.0335  0.0343  0.0332  0.0342  0.0332  0.0343  0.0325  0.0324
  0.0343  0.0345  0.0338  0.0347  0.0328  0.0333  0.0328  0.0333  0.0329  0.0335  0.0324  0.0323
  0.0341  0.0341  0.0339  0.0337  0.0324  0.0324  0.0327  0.0327  0.0328  0.0328  0.0324  0.0324
  0.0341  0.0339  0.0342  0.0327  0.0327  0.0324  0.0331  0.0328  0.0329  0.0324  0.0325  0.0325
  0.0344  0.0340  0.0345  0.0323  0.0339  0.0350  0.0338  0.0339  0.0332  0.0325  0.0329  0.0328
  0.0348  0.0344  0.0348  0.0331  0.0361  0.0407  0.0351  0.0367  0.0338  0.0334  0.0335  0.0331
niter,ni,del,rscale     6    3    5.0000    0.9000
parameters
    2.8436   27.5205  -11.6611   -6.1529  -17.4813  -10.8179
    9.4527    7.1485  -11.8913   36.8803    1.4078  -32.4777
eta,q 0.96714 22.65453
  0.0332  0.0341  0.0330  0.0360  0.0350  0.0361  0.0345  0.0357  0.0340  0.0353  0.0333  0.0334
  0.0325  0.0332  0.0322  0.0348  0.0340  0.0349  0.0338  0.0342  0.0334  0.0344  0.0331  0.0330
  0.0322  0.0325  0.0321  0.0333  0.0331  0.0337  0.0333  0.0334  0.0331  0.0335  0.0329  0.0328
  0.0323  0.0322  0.0322  0.0321  0.0326  0.0326  0.0330  0.0329  0.0329  0.0329  0.0329  0.0329
  0.0329  0.0322  0.0325  0.0322  0.0328  0.0324  0.0329  0.0329  0.0330  0.0328  0.0329  0.0330
  0.0340  0.0327  0.0329  0.0353  0.0342  0.0350  0.0333  0.0338  0.0334  0.0335  0.0330  0.0333
  0.0356  0.0336  0.0335  0.0425  0.0366  0.0410  0.0342  0.0365  0.0340  0.0351  0.0333  0.0336
niter,ni,del,rscale     5    3    5.0000    0.8000
parameters
    2.9143   27.7140  -12.5684   -6.1771  -17.8050  -11.6527
    9.4346    7.3537  -11.8697   37.7210    1.2211  -33.0622
eta,q 0.96716 22.64306
  0.0341  0.0343  0.0329  0.0361  0.0347  0.0355  0.0342  0.0356  0.0339  0.0352  0.0333  0.0334
  0.0335  0.0336  0.0326  0.0350  0.0339  0.0344  0.0336  0.0343  0.0334  0.0343  0.0330  0.0329
  0.0330  0.0331  0.0326  0.0338  0.0331  0.0335  0.0332  0.0335  0.0331  0.0336  0.0329  0.0328
  0.0329  0.0329  0.0328  0.0326  0.0326  0.0327  0.0330  0.0330  0.0330  0.0330  0.0329  0.0329
  0.0329  0.0329  0.0331  0.0322  0.0328  0.0329  0.0331  0.0330  0.0331  0.0329  0.0329  0.0330
  0.0333  0.0332  0.0335  0.0335  0.0339  0.0356  0.0335  0.0336  0.0334  0.0332  0.0331  0.0332
  0.0339  0.0338  0.0340  0.0378  0.0359  0.0411  0.0344  0.0356  0.0339  0.0343  0.0334  0.0335
niter,ni,del,rscale     4    3    5.0000    0.7000
parameters
    2.9581   27.8719  -13.0008   -5.7357  -18.1170  -12.2033
    9.1264    7.5102  -11.8598   38.3374    1.0307  -33.4630
eta,q 0.96732 22.65055
  0.0338  0.0340  0.0331  0.0359  0.0342  0.0350  0.0337  0.0351  0.0335  0.0346  0.0331  0.0331
  0.0333  0.0334  0.0328  0.0348  0.0334  0.0340  0.0332  0.0339  0.0331  0.0338  0.0329  0.0328
  0.0330  0.0330  0.0327  0.0338  0.0328  0.0332  0.0329  0.0332  0.0328  0.0332  0.0327  0.0327
  0.0328  0.0328  0.0328  0.0327  0.0325  0.0325  0.0328  0.0328  0.0328  0.0328  0.0327  0.0327
  0.0329  0.0329  0.0330  0.0322  0.0327  0.0326  0.0329  0.0328  0.0328  0.0327  0.0327  0.0328
  0.0332  0.0331  0.0333  0.0330  0.0336  0.0343  0.0333  0.0334  0.0331  0.0330  0.0329  0.0330
  0.0337  0.0336  0.0336  0.0358  0.0351  0.0385  0.0341  0.0350  0.0335  0.0339  0.0332  0.0332
niter,ni,del,rscale     3    3    5.0000    0.6000
parameters
    2.9392   27.9879  -13.2868   -5.3443  -18.3326  -12.5160
    8.9312    7.5699  -11.8622   38.7625    0.8351  -33.6857
eta,q 0.96742 22.65891
  0.0334  0.0335  0.0330  0.0353  0.0337  0.0345  0.0334  0.0345  0.0332  0.0340  0.0329  0.0329
  0.0330  0.0331  0.0327  0.0344  0.0331  0.0337  0.0330  0.0335  0.0328  0.0334  0.0327  0.0326
  0.0328  0.0328  0.0326  0.0334  0.0327  0.0330  0.0327  0.0329  0.0327  0.0329  0.0326  0.0325
  0.0327  0.0327  0.0327  0.0326  0.0324  0.0324  0.0326  0.0326  0.0326  0.0326  0.0326  0.0326
  0.0328  0.0327  0.0328  0.0323  0.0326  0.0324  0.0327  0.0326  0.0326  0.0326  0.0326  0.0326
  0.0330  0.0329  0.0330  0.0329  0.0332  0.0335  0.0330  0.0332  0.0328  0.0329  0.0328  0.0328
  0.0335  0.0333  0.0333  0.0351  0.0343  0.0364  0.0336  0.0346  0.0332  0.0336  0.0331  0.0330
niter,ni,del,rscale     2    3    5.0000    0.5000
parameters
    2.8983   28.0651  -13.4525   -5.0088  -18.4791  -12.6028
    8.7898    7.5844  -11.8453   39.0068    0.7120  -33.8863
eta,q 0.96756 22.66205
  0.0331  0.0332  0.0328  0.0347  0.0334  0.0340  0.0331  0.0340  0.0329  0.0335  0.0328  0.0327
  0.0328  0.0329  0.0326  0.0339  0.0329  0.0334  0.0327  0.0332  0.0326  0.0330  0.0326  0.0325
  0.0326  0.0327  0.0325  0.0331  0.0326  0.0329  0.0325  0.0327  0.0325  0.0326  0.0325  0.0324
  0.0326  0.0326  0.0326  0.0325  0.0324  0.0324  0.0325  0.0325  0.0325  0.0324  0.0324  0.0324
  0.0327  0.0326  0.0326  0.0323  0.0325  0.0324  0.0325  0.0325  0.0325  0.0325  0.0325  0.0325
  0.0329  0.0328  0.0328  0.0329  0.0329  0.0330  0.0328  0.0330  0.0326  0.0327  0.0326  0.0326
  0.0333  0.0330  0.0330  0.0344  0.0337  0.0348  0.0332  0.0341  0.0329  0.0332  0.0329  0.0328
niter,ni,del,rscale     1    3    5.0000    0.4000
parameters
    2.8649   28.1085  -13.3886   -4.6964  -18.5503  -12.4556
    8.6579    7.5792  -11.8150   39.1268    0.4487  -33.7106
eta,q 0.96772 22.66294
  0.0328  0.0328  0.0327  0.0341  0.0330  0.0335  0.0327  0.0334  0.0326  0.0330  0.0325  0.0326
  0.0326  0.0326  0.0325  0.0334  0.0327  0.0331  0.0325  0.0328  0.0324  0.0326  0.0324  0.0324
  0.0325  0.0325  0.0324  0.0328  0.0325  0.0326  0.0323  0.0324  0.0323  0.0324  0.0323  0.0323
  0.0324  0.0324  0.0324  0.0324  0.0324  0.0324  0.0323  0.0323  0.0323  0.0323  0.0323  0.0323
  0.0325  0.0325  0.0325  0.0323  0.0324  0.0323  0.0323  0.0324  0.0323  0.0323  0.0324  0.0323
  0.0327  0.0326  0.0325  0.0327  0.0327  0.0326  0.0325  0.0327  0.0324  0.0325  0.0325  0.0324
  0.0329  0.0327  0.0326  0.0337  0.0332  0.0335  0.0328  0.0335  0.0326  0.0329  0.0327  0.0325
registration optimization eta report
parameter search radius
    0.8000    0.8000    0.9200    2.7600    2.4000    2.4000
    2.4000    2.4000    2.4000    2.4000    2.4000    2.4000
100000*second partial in parameter space
       70.       52.       30.       19.       13.       21.
        8.       20.        5.       11.        5.        4.
  0.0328  0.0328  0.0327  0.0341  0.0330  0.0335  0.0327  0.0334  0.0326  0.0330  0.0325  0.0326
  0.0326  0.0326  0.0325  0.0334  0.0327  0.0331  0.0325  0.0328  0.0324  0.0326  0.0324  0.0324
  0.0325  0.0325  0.0324  0.0328  0.0325  0.0326  0.0323  0.0324  0.0323  0.0324  0.0323  0.0323
  0.0324  0.0324  0.0324  0.0324  0.0324  0.0324  0.0323  0.0323  0.0323  0.0323  0.0323  0.0323
  0.0325  0.0325  0.0325  0.0323  0.0324  0.0323  0.0323  0.0324  0.0323  0.0323  0.0324  0.0323
  0.0327  0.0326  0.0325  0.0327  0.0327  0.0326  0.0325  0.0327  0.0324  0.0325  0.0325  0.0324
  0.0329  0.0327  0.0326  0.0337  0.0332  0.0335  0.0328  0.0335  0.0326  0.0329  0.0327  0.0325
    2.8649   28.1085  -13.3886   -4.6964  -18.5503  -12.4556
    8.6579    7.5792  -11.8150   39.1268    0.4487  -33.7106
eta,q 0.96772 22.66294

---------------------------------------------------------------------
imgreg_4dfp /opt/freesurfer/average/711-2C_as_mni_average_305 /opt/freesurfer/average/711-2B_as_mni_average_305_mask talsrcimg_g11 none talsrcimg_to_711-2C_as_mni_average_305_t4 2311
---------------------------------------------------------------------

freesurfer imgreg_4dfp.c
/opt/freesurfer/average/711-2C_as_mni_average_305.4dfp.img
       256       256       256         1
  1.000000  1.000000  1.000000
orientation T byte_order littleendian
Reading image: /opt/freesurfer/average/711-2C_as_mni_average_305.4dfp.img
dimensions:      256       256       256
mmppix:       1.0000   -1.0000   -1.0000
center:     128.0000 -129.0000 -129.0000
/opt/freesurfer/average/711-2B_as_mni_average_305_mask.4dfp.img
       256       256       256         1
  1.000000  1.000000  1.000000
orientation T byte_order littleendian
Reading mask: /opt/freesurfer/average/711-2B_as_mni_average_305_mask.4dfp.img (2306576 pixels)
talsrcimg_g11.4dfp.img
       320       320       320         1
  0.700000  0.700000  0.700000
orientation T byte_order littleendian
Reading image: talsrcimg_g11.4dfp.img
dimensions:      320       320       320
mmppix:       0.7000   -0.7000   -0.7000
center:     112.0000 -112.7000 -112.7000
fimgreg.f
image alignment mode   2311 decimal      907 hex
parameters
    2.8649   28.1085  -13.3886   -4.6964  -18.5503  -12.4556
    8.6579    7.5792  -11.8150   39.1268    0.4487  -33.7106
eta,q 0.96772 22.66295
niter,ni,del,rscale     5    3    5.0000    0.8000
parameters
    2.8121   28.1082  -13.0826   -5.3108  -18.8947  -12.9208
    8.8329    7.4928  -11.8207   39.0850    0.9622  -34.1295
eta,q 0.96718 22.65367
  0.0341  0.0336  0.0336  0.0353  0.0345  0.0356  0.0341  0.0356  0.0337  0.0346  0.0335  0.0333
  0.0331  0.0329  0.0328  0.0342  0.0336  0.0345  0.0335  0.0341  0.0332  0.0338  0.0331  0.0328
  0.0325  0.0324  0.0324  0.0331  0.0329  0.0334  0.0330  0.0332  0.0329  0.0331  0.0329  0.0327
  0.0323  0.0323  0.0323  0.0323  0.0325  0.0326  0.0328  0.0328  0.0328  0.0328  0.0328  0.0328
  0.0325  0.0324  0.0323  0.0325  0.0327  0.0324  0.0328  0.0328  0.0329  0.0329  0.0328  0.0329
  0.0332  0.0329  0.0325  0.0346  0.0338  0.0342  0.0332  0.0338  0.0332  0.0335  0.0329  0.0331
  0.0344  0.0336  0.0328  0.0391  0.0356  0.0390  0.0341  0.0363  0.0337  0.0350  0.0332  0.0334
niter,ni,del,rscale     4    3    5.0000    0.7000
parameter  3  0.528334 ->  0.500000 qaram    1.1500
parameters
    2.8464   28.1967  -13.8876   -5.3907  -18.9875  -13.5817
    8.9813    7.5256  -11.7930   39.5122    1.0481  -34.2682
eta,q 0.96709 22.63714
  0.0340  0.0338  0.0328  0.0353  0.0344  0.0350  0.0342  0.0354  0.0337  0.0346  0.0335  0.0335
  0.0333  0.0333  0.0326  0.0344  0.0337  0.0341  0.0336  0.0342  0.0333  0.0339  0.0332  0.0331
  0.0330  0.0330  0.0327  0.0334  0.0331  0.0333  0.0332  0.0334  0.0330  0.0333  0.0330  0.0329
  0.0328  0.0328  0.0328  0.0326  0.0327  0.0327  0.0330  0.0330  0.0330  0.0330  0.0329  0.0329
  0.0329  0.0329  0.0330  0.0326  0.0328  0.0328  0.0330  0.0330  0.0330  0.0330  0.0330  0.0330
  0.0332  0.0331  0.0332  0.0337  0.0335  0.0347  0.0334  0.0338  0.0333  0.0333  0.0331  0.0332
  0.0339  0.0336  0.0335  0.0365  0.0349  0.0392  0.0341  0.0356  0.0337  0.0342  0.0335  0.0334
niter,ni,del,rscale     4    3    5.0000    0.7000
parameters
    2.8476   28.2405  -14.0390   -5.2614  -19.0920  -13.9525
    8.8911    7.4911  -11.7701   39.7145    1.1321  -34.4612
eta,q 0.96702 22.63791
  0.0341  0.0339  0.0334  0.0356  0.0346  0.0352  0.0341  0.0354  0.0337  0.0345  0.0336  0.0335
  0.0334  0.0334  0.0330  0.0347  0.0338  0.0343  0.0335  0.0342  0.0333  0.0338  0.0333  0.0331
  0.0331  0.0331  0.0329  0.0337  0.0332  0.0335  0.0332  0.0334  0.0331  0.0333  0.0331  0.0330
  0.0329  0.0329  0.0329  0.0329  0.0328  0.0329  0.0330  0.0330  0.0330  0.0330  0.0330  0.0330
  0.0330  0.0330  0.0330  0.0327  0.0329  0.0327  0.0331  0.0331  0.0331  0.0330  0.0330  0.0331
  0.0334  0.0333  0.0333  0.0336  0.0337  0.0340  0.0335  0.0339  0.0333  0.0335  0.0332  0.0333
  0.0341  0.0338  0.0336  0.0361  0.0351  0.0378  0.0343  0.0358  0.0337  0.0344  0.0336  0.0335
niter,ni,del,rscale     3    3    5.0000    0.6000
parameters
    2.8288   28.2693  -14.3199   -5.0158  -19.1051  -14.1272
    8.8286    7.4622  -11.7447   39.8919    1.0374  -34.4171
eta,q 0.96708 22.63807
  0.0338  0.0337  0.0332  0.0353  0.0342  0.0348  0.0338  0.0349  0.0335  0.0342  0.0334  0.0334
  0.0334  0.0333  0.0330  0.0344  0.0336  0.0341  0.0334  0.0339  0.0332  0.0336  0.0331  0.0331
  0.0331  0.0331  0.0330  0.0336  0.0331  0.0334  0.0330  0.0332  0.0330  0.0331  0.0330  0.0329
  0.0330  0.0330  0.0330  0.0330  0.0329  0.0329  0.0329  0.0329  0.0329  0.0329  0.0329  0.0329
  0.0331  0.0330  0.0331  0.0328  0.0329  0.0327  0.0330  0.0330  0.0330  0.0330  0.0330  0.0330
  0.0334  0.0333  0.0333  0.0334  0.0334  0.0336  0.0334  0.0337  0.0332  0.0333  0.0331  0.0331
  0.0339  0.0336  0.0335  0.0352  0.0345  0.0361  0.0340  0.0352  0.0335  0.0340  0.0335  0.0333
niter,ni,del,rscale     2    3    5.0000    0.5000
parameters
    2.7916   28.2839  -14.3697   -4.7354  -19.0815  -14.0280
    8.7167    7.4225  -11.7269   39.9303    0.8670  -34.2298
eta,q 0.96718 22.64147
  0.0335  0.0334  0.0332  0.0347  0.0339  0.0344  0.0335  0.0344  0.0333  0.0337  0.0332  0.0332
  0.0332  0.0331  0.0330  0.0340  0.0334  0.0338  0.0331  0.0336  0.0330  0.0332  0.0330  0.0330
  0.0330  0.0330  0.0329  0.0334  0.0330  0.0332  0.0329  0.0331  0.0329  0.0329  0.0328  0.0328
  0.0329  0.0329  0.0329  0.0329  0.0328  0.0328  0.0328  0.0328  0.0328  0.0328  0.0328  0.0328
  0.0330  0.0330  0.0330  0.0328  0.0329  0.0327  0.0329  0.0329  0.0329  0.0329  0.0329  0.0329
  0.0332  0.0331  0.0331  0.0333  0.0333  0.0332  0.0332  0.0335  0.0330  0.0332  0.0330  0.0329
  0.0336  0.0334  0.0332  0.0345  0.0339  0.0346  0.0336  0.0346  0.0332  0.0337  0.0333  0.0331
niter,ni,del,rscale     1    3    5.0000    0.4000
parameters
    2.7534   28.2879  -14.2668   -4.4903  -19.0139  -13.6745
    8.6005    7.3768  -11.7148   39.8267    0.6763  -33.9171
eta,q 0.96731 22.64373
  0.0332  0.0331  0.0331  0.0341  0.0335  0.0339  0.0331  0.0338  0.0330  0.0332  0.0330  0.0330
  0.0330  0.0330  0.0329  0.0336  0.0331  0.0334  0.0329  0.0332  0.0328  0.0329  0.0328  0.0328
  0.0329  0.0329  0.0329  0.0331  0.0329  0.0331  0.0327  0.0328  0.0327  0.0327  0.0327  0.0327
  0.0328  0.0328  0.0328  0.0328  0.0328  0.0328  0.0327  0.0327  0.0327  0.0327  0.0327  0.0327
  0.0329  0.0329  0.0328  0.0328  0.0328  0.0326  0.0328  0.0328  0.0327  0.0328  0.0327  0.0327
  0.0331  0.0329  0.0329  0.0331  0.0330  0.0328  0.0329  0.0332  0.0328  0.0330  0.0329  0.0328
  0.0333  0.0331  0.0330  0.0339  0.0335  0.0336  0.0332  0.0340  0.0330  0.0334  0.0331  0.0328
registration optimization eta report
parameter search radius
    0.8000    0.8000    0.9200    2.4000    2.4000    2.4000
    2.4000    2.4000    2.4000    2.4000    2.4000    2.4000
100000*second partial in parameter space
       73.       50.       24.       21.       12.       17.
        9.       21.        5.       11.        6.        4.
  0.0332  0.0331  0.0331  0.0341  0.0335  0.0339  0.0331  0.0338  0.0330  0.0332  0.0330  0.0330
  0.0330  0.0330  0.0329  0.0336  0.0331  0.0334  0.0329  0.0332  0.0328  0.0329  0.0328  0.0328
  0.0329  0.0329  0.0329  0.0331  0.0329  0.0331  0.0327  0.0328  0.0327  0.0327  0.0327  0.0327
  0.0328  0.0328  0.0328  0.0328  0.0328  0.0328  0.0327  0.0327  0.0327  0.0327  0.0327  0.0327
  0.0329  0.0329  0.0328  0.0328  0.0328  0.0326  0.0328  0.0328  0.0327  0.0328  0.0327  0.0327
  0.0331  0.0329  0.0329  0.0331  0.0330  0.0328  0.0329  0.0332  0.0328  0.0330  0.0329  0.0328
  0.0333  0.0331  0.0330  0.0339  0.0335  0.0336  0.0332  0.0340  0.0330  0.0334  0.0331  0.0328
    2.7534   28.2879  -14.2668   -4.4903  -19.0139  -13.6745
    8.6005    7.3768  -11.7148   39.8267    0.6763  -33.9171
eta,q 0.96731 22.64373

---------------------------------------------------------------------
compute_vox2vox talsrcimg talsrcimg_to_711-2C_as_mni_average_305_t4 /opt/freesurfer/average/711-2C_as_mni_average_305
---------------------------------------------------------------------

freesurfer compute_vox2vox.c
Reading: talsrcimg.4dfp.ifh
Reading: talsrcimg_to_711-2C_as_mni_average_305_t4
Reading: /opt/freesurfer/average/711-2C_as_mni_average_305.4dfp.ifh
Writing: talsrcimg_to_711-2C_as_mni_average_305_t4_vox2vox.txt

start time Sat Mar 14 10:24:12 CET 2026
end		time Sat Mar 14 10:24:34 CET 2026

mpr2mni305 success

avi2talxfm orig_nu.mgz /opt/freesurfer/average/mni305.cor.mgz talsrcimg_to_711-2C_as_mni_average_305_t4_vox2vox.txt transforms/talairach.auto.xfm
avi2talxfm done
mv -f /out/sourcedata/freesurfer/sub-v2s5x29561_ses-1/mri/talsrcimg_to_711-2C_as_mni_average_305_t4_vox2vox.txt /out/sourcedata/freesurfer/sub-v2s5x29561_ses-1/mri/transforms/talsrcimg_to_711-2C_as_mni_average_305_t4_vox2vox.txt
lta_convert --src orig_nu.mgz --trg /opt/freesurfer/average/mni305.cor.mgz --inxfm transforms/talairach.auto.xfm --outlta transforms/talairach.auto.xfm.lta --subject fsaverage
7.3.2

--src: orig_nu.mgz src image (geometry).
--trg: /opt/freesurfer/average/mni305.cor.mgz trg image (geometry).
--inmni: transforms/talairach.auto.xfm input MNI/XFM transform.
--outlta: transforms/talairach.auto.xfm.lta output LTA.
--s: fsaverage subject name
 LTA read, type : 1
 1.03217  -0.03154  -0.12282  -1.49013;
 0.04239   0.96953   0.40154  -12.35629;
 0.12846  -0.48135   1.01955   5.66624;
 0.00000   0.00000   0.00000   1.00000;
setting subject to fsaverage
Writing  LTA to file transforms/talairach.auto.xfm.lta...
lta_convert successful.
 
 
Started at Sat Mar 14 10:24:12 CET 2026
Ended   at Sat Mar 14 10:24:35 CET 2026
talairach_avi done
