status file for recon-all
Fri Mar 13 09:45:56 CET 2026
#@# Tessellate lh Fri Mar 13 09:45:56 CET 2026
#@# Smooth1 lh Fri Mar 13 09:46:04 CET 2026
#@# Inflation1 lh Fri Mar 13 09:46:09 CET 2026
#@# QSphere lh Fri Mar 13 09:48:24 CET 2026
#@# Fix Topology lh Fri Mar 13 09:50:05 CET 2026
#@# Smooth2 lh Fri Mar 13 10:00:00 CET 2026
#@# Inflation2 lh Fri Mar 13 10:00:06 CET 2026
#@# Curv .H and .K lh Fri Mar 13 10:00:42 CET 2026
#@# Sphere lh Fri Mar 13 10:02:16 CET 2026
#@# Surf Reg lh Fri Mar 13 10:12:56 CET 2026
#@# Jacobian white lh Fri Mar 13 10:25:43 CET 2026
#@# AvgCurv lh Fri Mar 13 10:25:45 CET 2026
#@# Cortical Parc lh Fri Mar 13 10:25:46 CET 2026
#@# white curv lh Fri Mar 13 10:36:14 CET 2026
#@# white area lh Fri Mar 13 10:36:17 CET 2026
#@# pial curv lh Fri Mar 13 10:36:18 CET 2026
#@# pial area lh Fri Mar 13 10:36:22 CET 2026
#@# thickness lh Fri Mar 13 10:36:23 CET 2026
#@# area and vertex vol lh Fri Mar 13 10:37:24 CET 2026
#@# Curvature Stats lh Fri Mar 13 10:37:27 CET 2026
#@# Cortical Parc 2 lh Fri Mar 13 10:37:32 CET 2026
#@# Cortical Parc 3 lh Fri Mar 13 10:37:58 CET 2026
#@# WM/GM Contrast lh Fri Mar 13 10:38:17 CET 2026
recon-all -s sub-v2s5x29543_ses-1 finished without error at Fri Mar 13 10:38:26 CET 2026



#New# invocation of recon-all 



status file for recon-all
Fri Mar 13 11:47:49 CET 2026
#@# white curv lh Fri Mar 13 11:47:49 CET 2026
#@# white area lh Fri Mar 13 11:47:49 CET 2026
#@# pial curv lh Fri Mar 13 11:47:49 CET 2026
#@# pial area lh Fri Mar 13 11:47:49 CET 2026
#@# thickness lh Fri Mar 13 11:47:49 CET 2026
#@# area and vertex vol lh Fri Mar 13 11:47:49 CET 2026
#@# Parcellation Stats lh Fri Mar 13 11:47:49 CET 2026
#@# Parcellation Stats 2 lh Fri Mar 13 11:48:47 CET 2026
#@# Parcellation Stats 3 lh Fri Mar 13 11:49:17 CET 2026
#@# BA_exvivo Labels lh Fri Mar 13 11:49:48 CET 2026
recon-all -s sub-v2s5x29543_ses-1 finished without error at Fri Mar 13 11:54:26 CET 2026
