status file for recon-all
Fri Mar 13 10:38:28 CET 2026
#@# Tessellate rh Fri Mar 13 10:38:28 CET 2026
#@# Smooth1 rh Fri Mar 13 10:38:36 CET 2026
#@# Inflation1 rh Fri Mar 13 10:38:41 CET 2026
#@# QSphere rh Fri Mar 13 10:40:55 CET 2026
#@# Fix Topology rh Fri Mar 13 10:42:37 CET 2026
#@# Smooth2 rh Fri Mar 13 10:52:59 CET 2026
#@# Inflation2 rh Fri Mar 13 10:53:05 CET 2026
#@# Curv .H and .K rh Fri Mar 13 10:53:46 CET 2026
#@# Sphere rh Fri Mar 13 10:55:19 CET 2026
#@# Surf Reg rh Fri Mar 13 11:01:28 CET 2026
#@# Jacobian white rh Fri Mar 13 11:10:12 CET 2026
#@# AvgCurv rh Fri Mar 13 11:10:13 CET 2026
#@# Cortical Parc rh Fri Mar 13 11:10:15 CET 2026
#@# white curv rh Fri Mar 13 11:20:49 CET 2026
#@# white area rh Fri Mar 13 11:20:52 CET 2026
#@# pial curv rh Fri Mar 13 11:20:53 CET 2026
#@# pial area rh Fri Mar 13 11:20:57 CET 2026
#@# thickness rh Fri Mar 13 11:20:58 CET 2026
#@# area and vertex vol rh Fri Mar 13 11:21:59 CET 2026
#@# Curvature Stats rh Fri Mar 13 11:22:02 CET 2026
#@# Cortical Parc 2 rh Fri Mar 13 11:22:07 CET 2026
#@# Cortical Parc 3 rh Fri Mar 13 11:22:32 CET 2026
#@# WM/GM Contrast rh Fri Mar 13 11:22:51 CET 2026
recon-all -s sub-v2s5x29543_ses-1 finished without error at Fri Mar 13 11:23:01 CET 2026



#New# invocation of recon-all 



status file for recon-all
Fri Mar 13 11:54:30 CET 2026
#@# white curv rh Fri Mar 13 11:54:30 CET 2026
#@# white area rh Fri Mar 13 11:54:30 CET 2026
#@# pial curv rh Fri Mar 13 11:54:30 CET 2026
#@# pial area rh Fri Mar 13 11:54:30 CET 2026
#@# thickness rh Fri Mar 13 11:54:30 CET 2026
#@# area and vertex vol rh Fri Mar 13 11:54:30 CET 2026
#@# Parcellation Stats rh Fri Mar 13 11:54:30 CET 2026
#@# Parcellation Stats 2 rh Fri Mar 13 11:55:28 CET 2026
#@# Parcellation Stats 3 rh Fri Mar 13 11:55:58 CET 2026
#@# BA_exvivo Labels rh Fri Mar 13 11:56:38 CET 2026
recon-all -s sub-v2s5x29543_ses-1 finished without error at Fri Mar 13 12:01:15 CET 2026
