status file for recon-all
Fri Mar 13 06:44:28 CET 2026
#@# MotionCor Fri Mar 13 06:44:33 CET 2026
#@# Talairach Fri Mar 13 06:44:51 CET 2026
#@# Talairach Failure Detection Fri Mar 13 06:52:01 CET 2026
#@# Nu Intensity Correction Fri Mar 13 06:52:01 CET 2026
#@# Intensity Normalization Fri Mar 13 06:58:23 CET 2026
recon-all -s sub-v2s5x29543_ses-1 finished without error at Fri Mar 13 07:04:10 CET 2026



#New# invocation of recon-all 



status file for recon-all
Fri Mar 13 07:14:13 CET 2026
#@# EM Registration Fri Mar 13 07:14:13 CET 2026
recon-all -s sub-v2s5x29543_ses-1 finished without error at Fri Mar 13 07:16:09 CET 2026



#New# invocation of recon-all 



status file for recon-all
Fri Mar 13 07:16:13 CET 2026
#@# CA Normalize Fri Mar 13 07:16:13 CET 2026
#@# CA Reg Fri Mar 13 07:18:08 CET 2026
#@# SubCort Seg Fri Mar 13 08:05:42 CET 2026
#@# CC Seg Fri Mar 13 09:32:08 CET 2026
#@# Merge ASeg Fri Mar 13 09:33:32 CET 2026
#@# Intensity Normalization2 Fri Mar 13 09:33:32 CET 2026
#@# Mask BFS Fri Mar 13 09:38:24 CET 2026
#@# WM Segmentation Fri Mar 13 09:38:25 CET 2026
#@# Fill Fri Mar 13 09:44:00 CET 2026
recon-all -s sub-v2s5x29543_ses-1 finished without error at Fri Mar 13 09:45:49 CET 2026



#New# invocation of recon-all 



status file for recon-all
Fri Mar 13 11:23:04 CET 2026
#@# white curv lh Fri Mar 13 11:23:04 CET 2026
#@# white area lh Fri Mar 13 11:23:04 CET 2026
#@# pial curv lh Fri Mar 13 11:23:04 CET 2026
#@# pial area lh Fri Mar 13 11:23:05 CET 2026
#@# thickness lh Fri Mar 13 11:23:05 CET 2026
#@# area and vertex vol lh Fri Mar 13 11:23:05 CET 2026
#@# white curv rh Fri Mar 13 11:23:05 CET 2026
#@# white area rh Fri Mar 13 11:23:05 CET 2026
#@# pial curv rh Fri Mar 13 11:23:05 CET 2026
#@# pial area rh Fri Mar 13 11:23:05 CET 2026
#@# thickness rh Fri Mar 13 11:23:05 CET 2026
#@# area and vertex vol rh Fri Mar 13 11:23:05 CET 2026
#@# Cortical ribbon mask Fri Mar 13 11:23:05 CET 2026
recon-all -s sub-v2s5x29543_ses-1 finished without error at Fri Mar 13 11:47:44 CET 2026



#New# invocation of recon-all 



status file for recon-all
Fri Mar 13 12:01:19 CET 2026
#@# white curv lh Fri Mar 13 12:01:19 CET 2026
#@# white area lh Fri Mar 13 12:01:19 CET 2026
#@# pial curv lh Fri Mar 13 12:01:19 CET 2026
#@# pial area lh Fri Mar 13 12:01:19 CET 2026
#@# thickness lh Fri Mar 13 12:01:19 CET 2026
#@# area and vertex vol lh Fri Mar 13 12:01:19 CET 2026
#@# white curv rh Fri Mar 13 12:01:19 CET 2026
#@# white area rh Fri Mar 13 12:01:19 CET 2026
#@# pial curv rh Fri Mar 13 12:01:19 CET 2026
#@# pial area rh Fri Mar 13 12:01:19 CET 2026
#@# thickness rh Fri Mar 13 12:01:19 CET 2026
#@# area and vertex vol rh Fri Mar 13 12:01:19 CET 2026
#@# Curvature Stats lh Fri Mar 13 12:01:19 CET 2026
#@# Curvature Stats rh Fri Mar 13 12:01:23 CET 2026
#@# Relabel Hypointensities Fri Mar 13 12:01:28 CET 2026
#@# APas-to-ASeg Fri Mar 13 12:02:09 CET 2026
#@# AParc-to-ASeg aparc Fri Mar 13 12:02:25 CET 2026
#@# AParc-to-ASeg aparc.a2009s Fri Mar 13 12:04:51 CET 2026
#@# AParc-to-ASeg aparc.DKTatlas Fri Mar 13 12:07:09 CET 2026
#@# WMParc Fri Mar 13 12:09:23 CET 2026
#@# ASeg Stats Fri Mar 13 12:15:59 CET 2026
recon-all -s sub-v2s5x29543_ses-1 finished without error at Fri Mar 13 12:17:01 CET 2026
