Log file for defect2seg
Fri Mar 13 12:23:39 CET 2026

setenv SUBJECTS_DIR /out/sourcedata/freesurfer
cd /out/sourcedata/freesurfer/sub-v2s5x29566_ses-1/scripts
/opt/freesurfer/bin/defect2seg --s sub-v2s5x29566_ses-1 --rh-only --cortex

freesurfer-linux-ubuntu22_x86_64-7.3.2-20220804-6354275
defect2seg 7.3.2
Linux dna055 5.14.0-427.37.1.el9_4.x86_64 #1 SMP PREEMPT_DYNAMIC Fri Sep 13 12:41:50 EDT 2024 x86_64 x86_64 x86_64 GNU/Linux
pid 1572930
mri_label2label --label-cortex /out/sourcedata/freesurfer/sub-v2s5x29566_ses-1/surf/rh.orig.nofix /out/sourcedata/freesurfer/sub-v2s5x29566_ses-1/mri/aseg.presurf.mgz 0 /out/sourcedata/freesurfer/sub-v2s5x29566_ses-1/label/rh.nofix.cortex.label

 Generating cortex label... RemoveHipAmgy=0
 NucAccIsMedialWall=0
 mris->useRealRAS=0
48 non-cortical segments detected
only using segment with 18539 vertices
erasing segment 0 (vno[0] = 65080)
erasing segment 1 (vno[0] = 74108)
erasing segment 2 (vno[0] = 75884)
erasing segment 3 (vno[0] = 80201)
erasing segment 4 (vno[0] = 82466)
erasing segment 5 (vno[0] = 84229)
erasing segment 6 (vno[0] = 86190)
erasing segment 7 (vno[0] = 92092)
erasing segment 8 (vno[0] = 104471)
erasing segment 10 (vno[0] = 125166)
erasing segment 11 (vno[0] = 126854)
erasing segment 12 (vno[0] = 128521)
erasing segment 13 (vno[0] = 137968)
erasing segment 14 (vno[0] = 139215)
erasing segment 15 (vno[0] = 159246)
erasing segment 16 (vno[0] = 162993)
erasing segment 17 (vno[0] = 174907)
erasing segment 18 (vno[0] = 176681)
erasing segment 19 (vno[0] = 197457)
erasing segment 20 (vno[0] = 198284)
erasing segment 21 (vno[0] = 211973)
erasing segment 22 (vno[0] = 217490)
erasing segment 23 (vno[0] = 220192)
erasing segment 24 (vno[0] = 221548)
erasing segment 25 (vno[0] = 226640)
erasing segment 26 (vno[0] = 228068)
erasing segment 27 (vno[0] = 229393)
erasing segment 28 (vno[0] = 232966)
erasing segment 29 (vno[0] = 234925)
erasing segment 30 (vno[0] = 236615)
erasing segment 31 (vno[0] = 238073)
erasing segment 32 (vno[0] = 239511)
erasing segment 33 (vno[0] = 239689)
erasing segment 34 (vno[0] = 241053)
erasing segment 35 (vno[0] = 242807)
erasing segment 36 (vno[0] = 244068)
erasing segment 37 (vno[0] = 244155)
erasing segment 38 (vno[0] = 245339)
erasing segment 39 (vno[0] = 245426)
erasing segment 40 (vno[0] = 246785)
erasing segment 41 (vno[0] = 246848)
erasing segment 42 (vno[0] = 246893)
erasing segment 43 (vno[0] = 255622)
erasing segment 44 (vno[0] = 257271)
erasing segment 45 (vno[0] = 263150)
erasing segment 46 (vno[0] = 266446)
erasing segment 47 (vno[0] = 293742)
mri_label2vol --defects /out/sourcedata/freesurfer/sub-v2s5x29566_ses-1/surf/rh.orig.nofix /out/sourcedata/freesurfer/sub-v2s5x29566_ses-1/surf/rh.defect_labels /out/sourcedata/freesurfer/sub-v2s5x29566_ses-1/mri/orig.mgz 2000 0 /out/sourcedata/freesurfer/sub-v2s5x29566_ses-1/mri/rh.surface.defects.mgz /out/sourcedata/freesurfer/sub-v2s5x29566_ses-1/label/rh.nofix.cortex.label
mri_label2vol supposed to be reproducible but seed not set
Contraining to label /out/sourcedata/freesurfer/sub-v2s5x29566_ses-1/label/rh.nofix.cortex.label
Changing input type 0 to MRI_INT
Converting defects to volume: offset=2000, merge=0
Writing to /out/sourcedata/freesurfer/sub-v2s5x29566_ses-1/mri/rh.surface.defects.mgz
mris_defects_pointset -s /out/sourcedata/freesurfer/sub-v2s5x29566_ses-1/surf/rh.orig.nofix -d /out/sourcedata/freesurfer/sub-v2s5x29566_ses-1/surf/rh.defect_labels -o /out/sourcedata/freesurfer/sub-v2s5x29566_ses-1/surf/rh.defects.pointset --label /out/sourcedata/freesurfer/sub-v2s5x29566_ses-1/label/rh.nofix.cortex.label
Reading in surface /out/sourcedata/freesurfer/sub-v2s5x29566_ses-1/surf/rh.orig.nofix
Reading in defect segmentation /out/sourcedata/freesurfer/sub-v2s5x29566_ses-1/surf/rh.defect_labels
Reading in label /out/sourcedata/freesurfer/sub-v2s5x29566_ses-1/label/rh.nofix.cortex.label
#VMPC# mris_defects_pointset 1476020
mris_defects_pointset done
 
Started at Fri Mar 13 12:23:39 CET 2026 
Ended   at Fri Mar 13 12:24:25 CET 2026
Defect2seg-Run-Time-Sec 46
Defect2seg-Run-Time-Min 0.92
Defect2seg-Run-Time-Hours 0.01
 
defect2seg Done
