status file for recon-all
Fri Mar 13 12:14:54 CET 2026
#@# Tessellate rh Fri Mar 13 12:14:54 CET 2026
#@# Smooth1 rh Fri Mar 13 12:15:03 CET 2026
#@# Inflation1 rh Fri Mar 13 12:15:10 CET 2026
#@# QSphere rh Fri Mar 13 12:18:24 CET 2026
#@# Fix Topology rh Fri Mar 13 12:21:17 CET 2026
#@# Smooth2 rh Fri Mar 13 12:34:05 CET 2026
#@# Inflation2 rh Fri Mar 13 12:34:12 CET 2026
#@# Curv .H and .K rh Fri Mar 13 12:35:02 CET 2026
#@# Sphere rh Fri Mar 13 12:37:06 CET 2026
#@# Surf Reg rh Fri Mar 13 12:46:43 CET 2026
#@# Jacobian white rh Fri Mar 13 13:01:02 CET 2026
#@# AvgCurv rh Fri Mar 13 13:01:04 CET 2026
#@# Cortical Parc rh Fri Mar 13 13:01:06 CET 2026
#@# white curv rh Fri Mar 13 13:16:08 CET 2026
#@# white area rh Fri Mar 13 13:16:12 CET 2026
#@# pial curv rh Fri Mar 13 13:16:14 CET 2026
#@# pial area rh Fri Mar 13 13:16:19 CET 2026
#@# thickness rh Fri Mar 13 13:16:21 CET 2026
#@# area and vertex vol rh Fri Mar 13 13:17:36 CET 2026
#@# Curvature Stats rh Fri Mar 13 13:17:39 CET 2026
#@# Cortical Parc 2 rh Fri Mar 13 13:17:48 CET 2026
#@# Cortical Parc 3 rh Fri Mar 13 13:18:25 CET 2026
#@# WM/GM Contrast rh Fri Mar 13 13:18:50 CET 2026
recon-all -s sub-v2s5x29566_ses-1 finished without error at Fri Mar 13 13:19:02 CET 2026



#New# invocation of recon-all 



status file for recon-all
Fri Mar 13 14:04:20 CET 2026
#@# white curv rh Fri Mar 13 14:04:20 CET 2026
#@# white area rh Fri Mar 13 14:04:20 CET 2026
#@# pial curv rh Fri Mar 13 14:04:20 CET 2026
#@# pial area rh Fri Mar 13 14:04:20 CET 2026
#@# thickness rh Fri Mar 13 14:04:20 CET 2026
#@# area and vertex vol rh Fri Mar 13 14:04:20 CET 2026
#@# Parcellation Stats rh Fri Mar 13 14:04:20 CET 2026
#@# Parcellation Stats 2 rh Fri Mar 13 14:06:14 CET 2026
#@# Parcellation Stats 3 rh Fri Mar 13 14:07:08 CET 2026
#@# BA_exvivo Labels rh Fri Mar 13 14:07:51 CET 2026
recon-all -s sub-v2s5x29566_ses-1 finished without error at Fri Mar 13 14:14:22 CET 2026
