status file for recon-all
Fri Mar 13 07:50:59 CET 2026
#@# MotionCor Fri Mar 13 07:51:05 CET 2026
#@# Talairach Fri Mar 13 07:51:22 CET 2026
#@# Talairach Failure Detection Fri Mar 13 07:58:25 CET 2026
#@# Nu Intensity Correction Fri Mar 13 07:58:25 CET 2026
#@# Intensity Normalization Fri Mar 13 08:04:51 CET 2026
recon-all -s sub-v2s5x29566_ses-1 finished without error at Fri Mar 13 08:10:27 CET 2026



#New# invocation of recon-all 



status file for recon-all
Fri Mar 13 08:20:43 CET 2026
#@# EM Registration Fri Mar 13 08:20:43 CET 2026
recon-all -s sub-v2s5x29566_ses-1 finished without error at Fri Mar 13 08:23:49 CET 2026



#New# invocation of recon-all 



status file for recon-all
Fri Mar 13 08:23:51 CET 2026
#@# CA Normalize Fri Mar 13 08:23:51 CET 2026
#@# CA Reg Fri Mar 13 08:25:45 CET 2026
#@# SubCort Seg Fri Mar 13 09:16:09 CET 2026
#@# CC Seg Fri Mar 13 10:57:58 CET 2026
#@# Merge ASeg Fri Mar 13 10:59:03 CET 2026
#@# Intensity Normalization2 Fri Mar 13 10:59:03 CET 2026
#@# Mask BFS Fri Mar 13 11:04:04 CET 2026
#@# WM Segmentation Fri Mar 13 11:04:05 CET 2026
#@# Fill Fri Mar 13 11:10:47 CET 2026
recon-all -s sub-v2s5x29566_ses-1 finished without error at Fri Mar 13 11:12:38 CET 2026



#New# invocation of recon-all 



status file for recon-all
Fri Mar 13 13:19:10 CET 2026
#@# white curv lh Fri Mar 13 13:19:10 CET 2026
#@# white area lh Fri Mar 13 13:19:10 CET 2026
#@# pial curv lh Fri Mar 13 13:19:10 CET 2026
#@# pial area lh Fri Mar 13 13:19:10 CET 2026
#@# thickness lh Fri Mar 13 13:19:10 CET 2026
#@# area and vertex vol lh Fri Mar 13 13:19:10 CET 2026
#@# white curv rh Fri Mar 13 13:19:10 CET 2026
#@# white area rh Fri Mar 13 13:19:10 CET 2026
#@# pial curv rh Fri Mar 13 13:19:10 CET 2026
#@# pial area rh Fri Mar 13 13:19:10 CET 2026
#@# thickness rh Fri Mar 13 13:19:10 CET 2026
#@# area and vertex vol rh Fri Mar 13 13:19:10 CET 2026
#@# Cortical ribbon mask Fri Mar 13 13:19:10 CET 2026
recon-all -s sub-v2s5x29566_ses-1 finished without error at Fri Mar 13 13:54:21 CET 2026



#New# invocation of recon-all 



status file for recon-all
Fri Mar 13 14:14:26 CET 2026
#@# white curv lh Fri Mar 13 14:14:27 CET 2026
#@# white area lh Fri Mar 13 14:14:27 CET 2026
#@# pial curv lh Fri Mar 13 14:14:27 CET 2026
#@# pial area lh Fri Mar 13 14:14:27 CET 2026
#@# thickness lh Fri Mar 13 14:14:27 CET 2026
#@# area and vertex vol lh Fri Mar 13 14:14:27 CET 2026
#@# white curv rh Fri Mar 13 14:14:27 CET 2026
#@# white area rh Fri Mar 13 14:14:27 CET 2026
#@# pial curv rh Fri Mar 13 14:14:27 CET 2026
#@# pial area rh Fri Mar 13 14:14:27 CET 2026
#@# thickness rh Fri Mar 13 14:14:27 CET 2026
#@# area and vertex vol rh Fri Mar 13 14:14:27 CET 2026
#@# Curvature Stats lh Fri Mar 13 14:14:27 CET 2026
#@# Curvature Stats rh Fri Mar 13 14:14:33 CET 2026
#@# Relabel Hypointensities Fri Mar 13 14:14:40 CET 2026
#@# APas-to-ASeg Fri Mar 13 14:15:29 CET 2026
#@# AParc-to-ASeg aparc Fri Mar 13 14:15:51 CET 2026
#@# AParc-to-ASeg aparc.a2009s Fri Mar 13 14:18:37 CET 2026
#@# AParc-to-ASeg aparc.DKTatlas Fri Mar 13 14:21:11 CET 2026
#@# WMParc Fri Mar 13 14:24:00 CET 2026
#@# ASeg Stats Fri Mar 13 14:31:31 CET 2026
recon-all -s sub-v2s5x29566_ses-1 finished without error at Fri Mar 13 14:32:36 CET 2026
