status file for recon-all
Fri Mar 13 11:12:42 CET 2026
#@# Tessellate lh Fri Mar 13 11:12:42 CET 2026
#@# Smooth1 lh Fri Mar 13 11:12:49 CET 2026
#@# Inflation1 lh Fri Mar 13 11:12:56 CET 2026
#@# QSphere lh Fri Mar 13 11:16:00 CET 2026
#@# Fix Topology lh Fri Mar 13 11:18:33 CET 2026
#@# Smooth2 lh Fri Mar 13 11:32:13 CET 2026
#@# Inflation2 lh Fri Mar 13 11:32:20 CET 2026
#@# Curv .H and .K lh Fri Mar 13 11:33:10 CET 2026
#@# Sphere lh Fri Mar 13 11:35:09 CET 2026
#@# Surf Reg lh Fri Mar 13 11:43:56 CET 2026
#@# Jacobian white lh Fri Mar 13 11:57:22 CET 2026
#@# AvgCurv lh Fri Mar 13 11:57:24 CET 2026
#@# Cortical Parc lh Fri Mar 13 11:57:26 CET 2026
#@# white curv lh Fri Mar 13 12:11:50 CET 2026
#@# white area lh Fri Mar 13 12:11:54 CET 2026
#@# pial curv lh Fri Mar 13 12:11:56 CET 2026
#@# pial area lh Fri Mar 13 12:12:00 CET 2026
#@# thickness lh Fri Mar 13 12:12:02 CET 2026
#@# area and vertex vol lh Fri Mar 13 12:13:28 CET 2026
#@# Curvature Stats lh Fri Mar 13 12:13:33 CET 2026
#@# Cortical Parc 2 lh Fri Mar 13 12:13:39 CET 2026
#@# Cortical Parc 3 lh Fri Mar 13 12:14:14 CET 2026
#@# WM/GM Contrast lh Fri Mar 13 12:14:40 CET 2026
recon-all -s sub-v2s5x29566_ses-1 finished without error at Fri Mar 13 12:14:52 CET 2026



#New# invocation of recon-all 



status file for recon-all
Fri Mar 13 13:54:26 CET 2026
#@# white curv lh Fri Mar 13 13:54:26 CET 2026
#@# white area lh Fri Mar 13 13:54:27 CET 2026
#@# pial curv lh Fri Mar 13 13:54:27 CET 2026
#@# pial area lh Fri Mar 13 13:54:27 CET 2026
#@# thickness lh Fri Mar 13 13:54:27 CET 2026
#@# area and vertex vol lh Fri Mar 13 13:54:27 CET 2026
#@# Parcellation Stats lh Fri Mar 13 13:54:27 CET 2026
#@# Parcellation Stats 2 lh Fri Mar 13 13:55:55 CET 2026
#@# Parcellation Stats 3 lh Fri Mar 13 13:56:55 CET 2026
#@# BA_exvivo Labels lh Fri Mar 13 13:57:40 CET 2026
recon-all -s sub-v2s5x29566_ses-1 finished without error at Fri Mar 13 14:04:19 CET 2026
