Log file for defect2seg
Fri Mar 13 12:35:49 CET 2026

setenv SUBJECTS_DIR /out/sourcedata/freesurfer
cd /out/sourcedata/freesurfer/sub-v2s5x29573_ses-1/scripts
/opt/freesurfer/bin/defect2seg --s sub-v2s5x29573_ses-1 --rh-only --cortex

freesurfer-linux-ubuntu22_x86_64-7.3.2-20220804-6354275
defect2seg 7.3.2
Linux dna038 5.14.0-427.37.1.el9_4.x86_64 #1 SMP PREEMPT_DYNAMIC Fri Sep 13 12:41:50 EDT 2024 x86_64 x86_64 x86_64 GNU/Linux
pid 1391131
mri_label2label --label-cortex /out/sourcedata/freesurfer/sub-v2s5x29573_ses-1/surf/rh.orig.nofix /out/sourcedata/freesurfer/sub-v2s5x29573_ses-1/mri/aseg.presurf.mgz 0 /out/sourcedata/freesurfer/sub-v2s5x29573_ses-1/label/rh.nofix.cortex.label

 Generating cortex label... RemoveHipAmgy=0
 NucAccIsMedialWall=0
 mris->useRealRAS=0
49 non-cortical segments detected
only using segment with 18990 vertices
erasing segment 0 (vno[0] = 46894)
erasing segment 1 (vno[0] = 65366)
erasing segment 2 (vno[0] = 75470)
erasing segment 3 (vno[0] = 79097)
erasing segment 4 (vno[0] = 89570)
erasing segment 5 (vno[0] = 104127)
erasing segment 7 (vno[0] = 131926)
erasing segment 8 (vno[0] = 139447)
erasing segment 9 (vno[0] = 159478)
erasing segment 10 (vno[0] = 166487)
erasing segment 11 (vno[0] = 168271)
erasing segment 12 (vno[0] = 170767)
erasing segment 13 (vno[0] = 173382)
erasing segment 14 (vno[0] = 178544)
erasing segment 15 (vno[0] = 183809)
erasing segment 16 (vno[0] = 204646)
erasing segment 17 (vno[0] = 224045)
erasing segment 18 (vno[0] = 224114)
erasing segment 19 (vno[0] = 225652)
erasing segment 20 (vno[0] = 229404)
erasing segment 21 (vno[0] = 229407)
erasing segment 22 (vno[0] = 231027)
erasing segment 23 (vno[0] = 231114)
erasing segment 24 (vno[0] = 231141)
erasing segment 25 (vno[0] = 231145)
erasing segment 26 (vno[0] = 232754)
erasing segment 27 (vno[0] = 232859)
erasing segment 28 (vno[0] = 232928)
erasing segment 29 (vno[0] = 232945)
erasing segment 30 (vno[0] = 234405)
erasing segment 31 (vno[0] = 234480)
erasing segment 32 (vno[0] = 234530)
erasing segment 33 (vno[0] = 234686)
erasing segment 34 (vno[0] = 236231)
erasing segment 35 (vno[0] = 236245)
erasing segment 36 (vno[0] = 236261)
erasing segment 37 (vno[0] = 239516)
erasing segment 38 (vno[0] = 240953)
erasing segment 39 (vno[0] = 241092)
erasing segment 40 (vno[0] = 241250)
erasing segment 41 (vno[0] = 242787)
erasing segment 42 (vno[0] = 244441)
erasing segment 43 (vno[0] = 246005)
erasing segment 44 (vno[0] = 249238)
erasing segment 45 (vno[0] = 250921)
erasing segment 46 (vno[0] = 314594)
erasing segment 47 (vno[0] = 331632)
erasing segment 48 (vno[0] = 333383)
mri_label2vol --defects /out/sourcedata/freesurfer/sub-v2s5x29573_ses-1/surf/rh.orig.nofix /out/sourcedata/freesurfer/sub-v2s5x29573_ses-1/surf/rh.defect_labels /out/sourcedata/freesurfer/sub-v2s5x29573_ses-1/mri/orig.mgz 2000 0 /out/sourcedata/freesurfer/sub-v2s5x29573_ses-1/mri/rh.surface.defects.mgz /out/sourcedata/freesurfer/sub-v2s5x29573_ses-1/label/rh.nofix.cortex.label
mri_label2vol supposed to be reproducible but seed not set
Contraining to label /out/sourcedata/freesurfer/sub-v2s5x29573_ses-1/label/rh.nofix.cortex.label
Changing input type 0 to MRI_INT
Converting defects to volume: offset=2000, merge=0
Writing to /out/sourcedata/freesurfer/sub-v2s5x29573_ses-1/mri/rh.surface.defects.mgz
mris_defects_pointset -s /out/sourcedata/freesurfer/sub-v2s5x29573_ses-1/surf/rh.orig.nofix -d /out/sourcedata/freesurfer/sub-v2s5x29573_ses-1/surf/rh.defect_labels -o /out/sourcedata/freesurfer/sub-v2s5x29573_ses-1/surf/rh.defects.pointset --label /out/sourcedata/freesurfer/sub-v2s5x29573_ses-1/label/rh.nofix.cortex.label
Reading in surface /out/sourcedata/freesurfer/sub-v2s5x29573_ses-1/surf/rh.orig.nofix
Reading in defect segmentation /out/sourcedata/freesurfer/sub-v2s5x29573_ses-1/surf/rh.defect_labels
Reading in label /out/sourcedata/freesurfer/sub-v2s5x29573_ses-1/label/rh.nofix.cortex.label
#VMPC# mris_defects_pointset 1660540
mris_defects_pointset done
 
Started at Fri Mar 13 12:35:49 CET 2026 
Ended   at Fri Mar 13 12:36:28 CET 2026
Defect2seg-Run-Time-Sec 39
Defect2seg-Run-Time-Min 0.78
Defect2seg-Run-Time-Hours 0.01
 
defect2seg Done
