status file for recon-all
Fri Mar 13 08:05:07 CET 2026
#@# MotionCor Fri Mar 13 08:05:12 CET 2026
#@# Talairach Fri Mar 13 08:05:31 CET 2026
#@# Talairach Failure Detection Fri Mar 13 08:12:36 CET 2026
#@# Nu Intensity Correction Fri Mar 13 08:12:36 CET 2026
#@# Intensity Normalization Fri Mar 13 08:19:02 CET 2026
recon-all -s sub-v2s5x29573_ses-1 finished without error at Fri Mar 13 08:25:51 CET 2026



#New# invocation of recon-all 



status file for recon-all
Fri Mar 13 08:36:21 CET 2026
#@# EM Registration Fri Mar 13 08:36:21 CET 2026
recon-all -s sub-v2s5x29573_ses-1 finished without error at Fri Mar 13 08:38:39 CET 2026



#New# invocation of recon-all 



status file for recon-all
Fri Mar 13 08:38:41 CET 2026
#@# CA Normalize Fri Mar 13 08:38:41 CET 2026
#@# CA Reg Fri Mar 13 08:40:36 CET 2026
#@# SubCort Seg Fri Mar 13 09:30:58 CET 2026
#@# CC Seg Fri Mar 13 11:14:43 CET 2026
#@# Merge ASeg Fri Mar 13 11:16:02 CET 2026
#@# Intensity Normalization2 Fri Mar 13 11:16:02 CET 2026
#@# Mask BFS Fri Mar 13 11:21:21 CET 2026
#@# WM Segmentation Fri Mar 13 11:21:22 CET 2026
#@# Fill Fri Mar 13 11:27:44 CET 2026
recon-all -s sub-v2s5x29573_ses-1 finished without error at Fri Mar 13 11:29:36 CET 2026



#New# invocation of recon-all 



status file for recon-all
Fri Mar 13 13:24:07 CET 2026
#@# white curv lh Fri Mar 13 13:24:07 CET 2026
#@# white area lh Fri Mar 13 13:24:07 CET 2026
#@# pial curv lh Fri Mar 13 13:24:07 CET 2026
#@# pial area lh Fri Mar 13 13:24:08 CET 2026
#@# thickness lh Fri Mar 13 13:24:08 CET 2026
#@# area and vertex vol lh Fri Mar 13 13:24:08 CET 2026
#@# white curv rh Fri Mar 13 13:24:08 CET 2026
#@# white area rh Fri Mar 13 13:24:08 CET 2026
#@# pial curv rh Fri Mar 13 13:24:08 CET 2026
#@# pial area rh Fri Mar 13 13:24:08 CET 2026
#@# thickness rh Fri Mar 13 13:24:08 CET 2026
#@# area and vertex vol rh Fri Mar 13 13:24:08 CET 2026
#@# Cortical ribbon mask Fri Mar 13 13:24:08 CET 2026
recon-all -s sub-v2s5x29573_ses-1 finished without error at Fri Mar 13 14:18:19 CET 2026



#New# invocation of recon-all 



status file for recon-all
Fri Mar 13 14:36:16 CET 2026
#@# white curv lh Fri Mar 13 14:36:16 CET 2026
#@# white area lh Fri Mar 13 14:36:16 CET 2026
#@# pial curv lh Fri Mar 13 14:36:16 CET 2026
#@# pial area lh Fri Mar 13 14:36:16 CET 2026
#@# thickness lh Fri Mar 13 14:36:16 CET 2026
#@# area and vertex vol lh Fri Mar 13 14:36:16 CET 2026
#@# white curv rh Fri Mar 13 14:36:16 CET 2026
#@# white area rh Fri Mar 13 14:36:16 CET 2026
#@# pial curv rh Fri Mar 13 14:36:16 CET 2026
#@# pial area rh Fri Mar 13 14:36:17 CET 2026
#@# thickness rh Fri Mar 13 14:36:17 CET 2026
#@# area and vertex vol rh Fri Mar 13 14:36:17 CET 2026
#@# Curvature Stats lh Fri Mar 13 14:36:17 CET 2026
#@# Curvature Stats rh Fri Mar 13 14:36:22 CET 2026
#@# Relabel Hypointensities Fri Mar 13 14:36:28 CET 2026
#@# APas-to-ASeg Fri Mar 13 14:37:16 CET 2026
#@# AParc-to-ASeg aparc Fri Mar 13 14:37:38 CET 2026
#@# AParc-to-ASeg aparc.a2009s Fri Mar 13 14:40:43 CET 2026
#@# AParc-to-ASeg aparc.DKTatlas Fri Mar 13 14:43:44 CET 2026
#@# WMParc Fri Mar 13 14:46:50 CET 2026
#@# ASeg Stats Fri Mar 13 14:54:45 CET 2026
recon-all -s sub-v2s5x29573_ses-1 finished without error at Fri Mar 13 14:55:47 CET 2026
