status file for recon-all
Fri Mar 13 12:27:28 CET 2026
#@# Tessellate rh Fri Mar 13 12:27:28 CET 2026
#@# Smooth1 rh Fri Mar 13 12:27:37 CET 2026
#@# Inflation1 rh Fri Mar 13 12:27:43 CET 2026
#@# QSphere rh Fri Mar 13 12:31:06 CET 2026
#@# Fix Topology rh Fri Mar 13 12:33:26 CET 2026
#@# Smooth2 rh Fri Mar 13 12:46:13 CET 2026
#@# Inflation2 rh Fri Mar 13 12:46:20 CET 2026
#@# Curv .H and .K rh Fri Mar 13 12:47:11 CET 2026
#@# Sphere rh Fri Mar 13 12:49:07 CET 2026
#@# Surf Reg rh Fri Mar 13 12:54:56 CET 2026
#@# Jacobian white rh Fri Mar 13 13:07:07 CET 2026
#@# AvgCurv rh Fri Mar 13 13:07:09 CET 2026
#@# Cortical Parc rh Fri Mar 13 13:07:11 CET 2026
#@# white curv rh Fri Mar 13 13:21:18 CET 2026
#@# white area rh Fri Mar 13 13:21:22 CET 2026
#@# pial curv rh Fri Mar 13 13:21:24 CET 2026
#@# pial area rh Fri Mar 13 13:21:28 CET 2026
#@# thickness rh Fri Mar 13 13:21:30 CET 2026
#@# area and vertex vol rh Fri Mar 13 13:22:44 CET 2026
#@# Curvature Stats rh Fri Mar 13 13:22:48 CET 2026
#@# Cortical Parc 2 rh Fri Mar 13 13:22:54 CET 2026
#@# Cortical Parc 3 rh Fri Mar 13 13:23:26 CET 2026
#@# WM/GM Contrast rh Fri Mar 13 13:23:49 CET 2026
recon-all -s sub-v2s5x29573_ses-1 finished without error at Fri Mar 13 13:24:00 CET 2026



#New# invocation of recon-all 



status file for recon-all
Fri Mar 13 14:27:20 CET 2026
#@# white curv rh Fri Mar 13 14:27:21 CET 2026
#@# white area rh Fri Mar 13 14:27:21 CET 2026
#@# pial curv rh Fri Mar 13 14:27:21 CET 2026
#@# pial area rh Fri Mar 13 14:27:21 CET 2026
#@# thickness rh Fri Mar 13 14:27:21 CET 2026
#@# area and vertex vol rh Fri Mar 13 14:27:21 CET 2026
#@# Parcellation Stats rh Fri Mar 13 14:27:21 CET 2026
#@# Parcellation Stats 2 rh Fri Mar 13 14:28:48 CET 2026
#@# Parcellation Stats 3 rh Fri Mar 13 14:29:33 CET 2026
#@# BA_exvivo Labels rh Fri Mar 13 14:30:17 CET 2026
recon-all -s sub-v2s5x29573_ses-1 finished without error at Fri Mar 13 14:36:13 CET 2026
