/out/sourcedata/freesurfer/sub-v2s5x29575_ses-1/mri
/opt/freesurfer/bin/talairach_avi
--i orig_nu.mgz --xfm transforms/talairach.auto.xfm
talairach_avi 7.3.2
Linux dna063 5.14.0-427.37.1.el9_4.x86_64 #1 SMP PREEMPT_DYNAMIC Fri Sep 13 12:41:50 EDT 2024 x86_64 x86_64 x86_64 GNU/Linux
Fri Mar 13 08:27:38 CET 2026
mri_convert orig_nu.mgz talsrcimg.img 
reading from orig_nu.mgz...
TR=0.00, TE=0.00, TI=0.00, flip angle=0.00
i_ras = (-1, 0, 0)
j_ras = (0, 0, -1)
k_ras = (0, 1, 0)
writing to talsrcimg.img...
Analyze Output Matrix
-0.70000   0.00000   0.00000   111.72019;
 0.00000   0.00000   0.70000  -89.63000;
 0.00000  -0.70000   0.00000   100.51540;
 0.00000   0.00000   0.00000   1.00000;
--------------------
INFO: set hdr.hist.orient to -1
mpr2mni305 talsrcimg
Fri Mar 13 08:27:39 CET 2026
/opt/freesurfer/bin/mpr2mni305 talsrcimg
mpr2mni305 7.3.2
target=711-2C_as_mni_average_305

---------------------------------------------------------------------
analyzeto4dfp talsrcimg -O0 -y
---------------------------------------------------------------------

freesurfer ifh2hdr.c
Fri Mar 13 08:27:39 2026
Writing: talsrcimg.4dfp.hdr
freesurfer analyzeto4dfp.c
Reading: talsrcimg.hdr
header size 348 bytes
hdr.dime.datatype	offset=70	value=2
hdr.dime.bitpix		offset=72	value=8
hdr.hist.orient		offset=252	value=-1
dimensionality     4
dimensions       320       320       320         1
Reading: talsrcimg.img
Writing: talsrcimg.4dfp.img
Writing: talsrcimg.4dfp.ifh
ifh2hdr talsrcimg -r0to217
ori=2

---------------------------------------------------------------------
gauss_4dfp talsrcimg 1.1
---------------------------------------------------------------------

freesurfer gauss_4dfp.c
Reading: talsrcimg.4dfp.img
Writing: talsrcimg_g11.4dfp.img
image dimensions 320 320 320 padded to 384 384 384
processing volume 1freesurfer ifh2hdr.c
Fri Mar 13 08:27:55 2026
Writing: talsrcimg_g11.4dfp.hdr

Writing: talsrcimg_g11.4dfp.ifh
including: talsrcimg.4dfp.img.rec in talsrcimg_g11.4dfp.img.rec

---------------------------------------------------------------------
imgreg_4dfp /opt/freesurfer/average/711-2C_as_mni_average_305 none talsrcimg_g11 none talsrcimg_to_711-2C_as_mni_average_305_t4 4355
---------------------------------------------------------------------

freesurfer imgreg_4dfp.c
/opt/freesurfer/average/711-2C_as_mni_average_305.4dfp.img
       256       256       256         1
  1.000000  1.000000  1.000000
orientation T byte_order littleendian
Reading image: /opt/freesurfer/average/711-2C_as_mni_average_305.4dfp.img
dimensions:      256       256       256
mmppix:       1.0000   -1.0000   -1.0000
center:     128.0000 -129.0000 -129.0000
talsrcimg_g11.4dfp.img
       320       320       320         1
  0.700000  0.700000  0.700000
orientation T byte_order littleendian
Reading image: talsrcimg_g11.4dfp.img
dimensions:      320       320       320
mmppix:       0.7000   -0.7000   -0.7000
center:     112.0000 -112.7000 -112.7000
t4_read: open error in t4_sub.f l:  41 t4_file(1:l)talsrcimg_to_711-2C_as_mni_average_305_t4 
t4_read: transform initialized to I4
rotation matrix determinant  1.000000
image alignment mode   4355 decimal     1103 hex
   -7.5000  -45.0000  -45.0000 5105.5176   18.0753
    0.0000  -45.0000  -45.0000 5381.5884   18.1036
    7.5000  -45.0000  -45.0000 5112.9385   18.1287
   -7.5000  -37.5000  -45.0000 5419.4409   18.2971
    0.0000  -37.5000  -45.0000 5714.0708   18.3240
    7.5000  -37.5000  -45.0000 5428.8252   18.3474
   -7.5000  -30.0000  -45.0000 5802.8462   18.0828
    0.0000  -30.0000  -45.0000 6104.9917   18.1030
    7.5000  -30.0000  -45.0000 5786.8384   18.1119
   -7.5000  -22.5000  -45.0000 6054.0034   17.4531
    0.0000  -22.5000  -45.0000 6340.3101   17.4725
    7.5000  -22.5000  -45.0000 6011.2549   17.4762
   -7.5000  -15.0000  -45.0000 6597.4907   16.9956
    0.0000  -15.0000  -45.0000 6896.2124   17.0141
    7.5000  -15.0000  -45.0000 6532.0352   17.0239
   -7.5000   -7.5000  -45.0000 7084.0903   16.6735
    0.0000   -7.5000  -45.0000 7396.6299   16.6931
    7.5000   -7.5000  -45.0000 7010.8896   16.7128
   -7.5000    0.0000  -45.0000 7578.7231   16.5965
    0.0000    0.0000  -45.0000 7912.4590   16.6150
    7.5000    0.0000  -45.0000 7482.6650   16.6392
   -7.5000    7.5000  -45.0000 7379.9346   16.6108
    0.0000    7.5000  -45.0000 7698.5928   16.6272
    7.5000    7.5000  -45.0000 7278.9805   16.6456
   -7.5000   15.0000  -45.0000 7128.0664   16.4528
    0.0000   15.0000  -45.0000 7417.7773   16.4693
    7.5000   15.0000  -45.0000 7004.8774   16.4774
   -7.5000   22.5000  -45.0000 6868.6294   16.1518
    0.0000   22.5000  -45.0000 7143.5796   16.1681
    7.5000   22.5000  -45.0000 6720.1030   16.1701
   -7.5000   30.0000  -45.0000 6802.0850   16.3363
    0.0000   30.0000  -45.0000 7083.4741   16.3551
    7.5000   30.0000  -45.0000 6656.8452   16.3640
   -7.5000   37.5000  -45.0000 6464.2422   16.0575
    0.0000   37.5000  -45.0000 6730.5786   16.0774
    7.5000   37.5000  -45.0000 6322.5073   16.0951
   -7.5000   45.0000  -45.0000 6094.2563   15.7540
    0.0000   45.0000  -45.0000 6349.0488   15.7731
    7.5000   45.0000  -45.0000 5968.4648   15.7938
   -7.5000  -45.0000  -37.5000 5388.9785   18.5529
    0.0000  -45.0000  -37.5000 5674.8921   18.5784
    7.5000  -45.0000  -37.5000 5388.2471   18.5969
   -7.5000  -37.5000  -37.5000 5722.5317   18.7710
    0.0000  -37.5000  -37.5000 6007.5073   18.7965
    7.5000  -37.5000  -37.5000 5710.9668   18.8146
   -7.5000  -30.0000  -37.5000 6152.2461   18.5240
    0.0000  -30.0000  -37.5000 6429.5884   18.5452
    7.5000  -30.0000  -37.5000 6101.4741   18.5545
   -7.5000  -22.5000  -37.5000 6425.2446   17.8878
    0.0000  -22.5000  -37.5000 6702.2153   17.9073
    7.5000  -22.5000  -37.5000 6357.9326   17.9154
   -7.5000  -15.0000  -37.5000 7015.7549   17.4292
    0.0000  -15.0000  -37.5000 7313.6011   17.4471
    7.5000  -15.0000  -37.5000 6929.8887   17.4596
   -7.5000   -7.5000  -37.5000 7549.3462   17.1153
    0.0000   -7.5000  -37.5000 7875.8945   17.1327
    7.5000   -7.5000  -37.5000 7467.1304   17.1501
   -7.5000    0.0000  -37.5000 8090.6445   17.0453
    0.0000    0.0000  -37.5000 8429.2373   17.0610
    7.5000    0.0000  -37.5000 7983.2148   17.0791
   -7.5000    7.5000  -37.5000 7890.2720   17.0574
    0.0000    7.5000  -37.5000 8205.3018   17.0727
    7.5000    7.5000  -37.5000 7761.3755   17.0867
   -7.5000   15.0000  -37.5000 7628.7231   16.8861
    0.0000   15.0000  -37.5000 7916.3447   16.9032
    7.5000   15.0000  -37.5000 7486.1030   16.9119
   -7.5000   22.5000  -37.5000 7337.9995   16.5759
    0.0000   22.5000  -37.5000 7622.3296   16.5924
    7.5000   22.5000  -37.5000 7177.6406   16.5986
   -7.5000   30.0000  -37.5000 7265.5127   16.7592
    0.0000   30.0000  -37.5000 7547.8242   16.7773
    7.5000   30.0000  -37.5000 7106.9932   16.7888
   -7.5000   37.5000  -37.5000 6893.2124   16.4770
    0.0000   37.5000  -37.5000 7156.1987   16.4949
    7.5000   37.5000  -37.5000 6742.1113   16.5107
   -7.5000   45.0000  -37.5000 6527.3179   16.1557
    0.0000   45.0000  -37.5000 6767.1953   16.1717
    7.5000   45.0000  -37.5000 6376.4766   16.1867
   -7.5000  -45.0000  -30.0000 5663.4785   19.0477
    0.0000  -45.0000  -30.0000 5953.7905   19.0637
    7.5000  -45.0000  -30.0000 5652.1870   19.0720
   -7.5000  -37.5000  -30.0000 6046.2905   19.2943
    0.0000  -37.5000  -30.0000 6331.8101   19.3109
    7.5000  -37.5000  -30.0000 6010.8838   19.3183
   -7.5000  -30.0000  -30.0000 6541.6543   19.0249
    0.0000  -30.0000  -30.0000 6822.4185   19.0426
    7.5000  -30.0000  -30.0000 6470.8770   19.0466
   -7.5000  -22.5000  -30.0000 6853.1836   18.3853
    0.0000  -22.5000  -30.0000 7140.9883   18.4037
    7.5000  -22.5000  -30.0000 6762.8706   18.4102
   -7.5000  -15.0000  -30.0000 7473.2383   17.9170
    0.0000  -15.0000  -30.0000 7782.1011   17.9330
    7.5000  -15.0000  -30.0000 7363.4141   17.9436
   -7.5000   -7.5000  -30.0000 8057.6772   17.5983
    0.0000   -7.5000  -30.0000 8386.9141   17.6113
    7.5000   -7.5000  -30.0000 7949.4883   17.6244
   -7.5000    0.0000  -30.0000 8661.7959   17.5305
    0.0000    0.0000  -30.0000 8994.4941   17.5397
    7.5000    0.0000  -30.0000 8524.1631   17.5506
   -7.5000    7.5000  -30.0000 8455.5605   17.5446
    0.0000    7.5000  -30.0000 8779.7334   17.5545
    7.5000    7.5000  -30.0000 8306.4004   17.5616
   -7.5000   15.0000  -30.0000 8165.4111   17.3694
    0.0000   15.0000  -30.0000 8491.1074   17.3840
    7.5000   15.0000  -30.0000 8021.1626   17.3890
   -7.5000   22.5000  -30.0000 7848.9380   17.0572
    0.0000   22.5000  -30.0000 8162.1826   17.0729
    7.5000   22.5000  -30.0000 7680.7803   17.0780
   -7.5000   30.0000  -30.0000 7787.3921   17.2374
    0.0000   30.0000  -30.0000 8077.1187   17.2542
    7.5000   30.0000  -30.0000 7603.9839   17.2645
   -7.5000   37.5000  -30.0000 7381.1099   16.9553
    0.0000   37.5000  -30.0000 7644.0986   16.9695
    7.5000   37.5000  -30.0000 7214.3472   16.9813
   -7.5000   45.0000  -30.0000 6996.1348   16.6237
    0.0000   45.0000  -30.0000 7225.0962   16.6348
    7.5000   45.0000  -30.0000 6826.3394   16.6429
   -7.5000  -45.0000  -22.5000 5829.4316   18.8377
    0.0000  -45.0000  -22.5000 6112.6606   18.8453
    7.5000  -45.0000  -22.5000 5814.6035   18.8487
   -7.5000  -37.5000  -22.5000 6260.7690   19.0909
    0.0000  -37.5000  -22.5000 6539.5171   19.0967
    7.5000  -37.5000  -22.5000 6210.9902   19.0963
   -7.5000  -30.0000  -22.5000 6795.3882   18.8325
    0.0000  -30.0000  -22.5000 7081.4185   18.8410
    7.5000  -30.0000  -22.5000 6713.5591   18.8364
   -7.5000  -22.5000  -22.5000 7126.2300   18.2139
    0.0000  -22.5000  -22.5000 7425.1719   18.2274
    7.5000  -22.5000  -22.5000 7028.9639   18.2259
   -7.5000  -15.0000  -22.5000 7763.8062   17.7516
    0.0000  -15.0000  -22.5000 8085.7476   17.7646
    7.5000  -15.0000  -22.5000 7655.7485   17.7696
   -7.5000   -7.5000  -22.5000 8404.3311   17.4309
    0.0000   -7.5000  -22.5000 8744.0527   17.4411
    7.5000   -7.5000  -22.5000 8283.2129   17.4518
   -7.5000    0.0000  -22.5000 9044.2588   17.3608
    0.0000    0.0000  -22.5000 9397.3164   17.3654
    7.5000    0.0000  -22.5000 8899.0205   17.3738
   -7.5000    7.5000  -22.5000 8832.6738   17.3789
    0.0000    7.5000  -22.5000 9190.3379   17.3816
    7.5000    7.5000  -22.5000 8669.9463   17.3839
   -7.5000   15.0000  -22.5000 8529.0068   17.2128
    0.0000   15.0000  -22.5000 8889.8027   17.2200
    7.5000   15.0000  -22.5000 8355.4707   17.2182
   -7.5000   22.5000  -22.5000 8189.9595   16.9059
    0.0000   22.5000  -22.5000 8536.4551   16.9170
    7.5000   22.5000  -22.5000 8017.3613   16.9152
   -7.5000   30.0000  -22.5000 8144.2764   17.0783
    0.0000   30.0000  -22.5000 8464.7900   17.0924
    7.5000   30.0000  -22.5000 7966.0645   17.0979
   -7.5000   37.5000  -22.5000 7730.9575   16.7901
    0.0000   37.5000  -22.5000 8024.4375   16.8017
    7.5000   37.5000  -22.5000 7563.9429   16.8108
   -7.5000   45.0000  -22.5000 7321.1431   16.4544
    0.0000   45.0000  -22.5000 7567.0464   16.4618
    7.5000   45.0000  -22.5000 7143.9619   16.4672
   -7.5000  -45.0000  -15.0000 6170.2520   19.4307
    0.0000  -45.0000  -15.0000 6478.9009   19.4375
    7.5000  -45.0000  -15.0000 6153.9971   19.4449
   -7.5000  -37.5000  -15.0000 6622.0381   19.7104
    0.0000  -37.5000  -15.0000 6934.7056   19.7134
    7.5000  -37.5000  -15.0000 6589.7290   19.7158
   -7.5000  -30.0000  -15.0000 7209.2324   19.4305
    0.0000  -30.0000  -15.0000 7532.1919   19.4350
    7.5000  -30.0000  -15.0000 7151.9277   19.4306
   -7.5000  -22.5000  -15.0000 7583.4727   18.8026
    0.0000  -22.5000  -15.0000 7906.8291   18.8149
    7.5000  -22.5000  -15.0000 7498.5039   18.8124
   -7.5000  -15.0000  -15.0000 8275.3555   18.3287
    0.0000  -15.0000  -15.0000 8608.5488   18.3425
    7.5000  -15.0000  -15.0000 8170.9375   18.3481
   -7.5000   -7.5000  -15.0000 8971.7168   17.9903
    0.0000   -7.5000  -15.0000 9315.2373   18.0018
    7.5000   -7.5000  -15.0000 8845.9814   18.0152
   -7.5000    0.0000  -15.0000 9690.5596   17.9080
    0.0000    0.0000  -15.000010059.6133   17.9126
    7.5000    0.0000  -15.0000 9521.5361   17.9251
   -7.5000    7.5000  -15.0000 9495.1787   17.9261
    0.0000    7.5000  -15.0000 9904.8809   17.9263
    7.5000    7.5000  -15.0000 9330.9834   17.9310
   -7.5000   15.0000  -15.0000 9154.4619   17.7669
    0.0000   15.0000  -15.0000 9579.6250   17.7709
    7.5000   15.0000  -15.0000 9000.3506   17.7690
   -7.5000   22.5000  -15.0000 8786.8955   17.4682
    0.0000   22.5000  -15.0000 9182.5742   17.4783
    7.5000   22.5000  -15.0000 8636.4883   17.4752
   -7.5000   30.0000  -15.0000 8737.3613   17.6450
    0.0000   30.0000  -15.0000 9115.3135   17.6600
    7.5000   30.0000  -15.0000 8564.7422   17.6658
   -7.5000   37.5000  -15.0000 8304.1504   17.3542
    0.0000   37.5000  -15.0000 8643.4131   17.3668
    7.5000   37.5000  -15.0000 8132.8774   17.3781
   -7.5000   45.0000  -15.0000 7829.0859   17.0133
    0.0000   45.0000  -15.0000 8136.0786   17.0209
    7.5000   45.0000  -15.0000 7660.7329   17.0296
   -7.5000  -45.0000   -7.5000 6513.9805   20.0348
    0.0000  -45.0000   -7.5000 6837.1587   20.0528
    7.5000  -45.0000   -7.5000 6521.6768   20.0714
   -7.5000  -37.5000   -7.5000 7009.3149   20.3224
    0.0000  -37.5000   -7.5000 7336.0728   20.3361
    7.5000  -37.5000   -7.5000 6996.4526   20.3509
   -7.5000  -30.0000   -7.5000 7623.9092   20.0187
    0.0000  -30.0000   -7.5000 7985.8994   20.0302
    7.5000  -30.0000   -7.5000 7602.0029   20.0338
   -7.5000  -22.5000   -7.5000 8038.6396   19.3714
    0.0000  -22.5000   -7.5000 8408.1553   19.3895
    7.5000  -22.5000   -7.5000 7984.1787   19.3919
   -7.5000  -15.0000   -7.5000 8795.3516   18.8898
    0.0000  -15.0000   -7.5000 9185.0879   18.9099
    7.5000  -15.0000   -7.5000 8709.6660   18.9201
   -7.5000   -7.5000   -7.5000 9540.8965   18.5423
    0.0000   -7.5000   -7.5000 9965.1475   18.5611
    7.5000   -7.5000   -7.5000 9433.6973   18.5806
   -7.5000    0.0000   -7.500010316.2939   18.4517
    0.0000    0.0000   -7.500010780.0195   18.4644
    7.5000    0.0000   -7.500010159.4941   18.4853
   -7.5000    7.5000   -7.500010178.0332   18.4649
    0.0000    7.5000   -7.500010683.3369   18.4722
    7.5000    7.5000   -7.5000 9997.9600   18.4854
   -7.5000   15.0000   -7.5000 9855.6289   18.3050
    0.0000   15.0000   -7.500010394.5498   18.3148
    7.5000   15.0000   -7.5000 9704.2383   18.3190
   -7.5000   22.5000   -7.5000 9434.2656   18.0112
    0.0000   22.5000   -7.5000 9930.0273   18.0266
    7.5000   22.5000   -7.5000 9274.9473   18.0275
   -7.5000   30.0000   -7.5000 9381.1582   18.1981
    0.0000   30.0000   -7.5000 9841.7881   18.2190
    7.5000   30.0000   -7.5000 9174.3096   18.2288
   -7.5000   37.5000   -7.5000 8908.9863   17.9114
    0.0000   37.5000   -7.5000 9368.2451   17.9309
    7.5000   37.5000   -7.5000 8703.0566   17.9483
   -7.5000   45.0000   -7.5000 8422.3955   17.5705
    0.0000   45.0000   -7.5000 8829.9463   17.5852
    7.5000   45.0000   -7.5000 8222.9043   17.6023
   -7.5000  -45.0000    0.0000 6842.0664   20.4974
    0.0000  -45.0000    0.0000 7210.5059   20.5300
    7.5000  -45.0000    0.0000 6859.4844   20.5587
   -7.5000  -37.5000    0.0000 7337.6094   20.7855
    0.0000  -37.5000    0.0000 7732.1152   20.8148
    7.5000  -37.5000    0.0000 7346.5083   20.8405
   -7.5000  -30.0000    0.0000 7986.4165   20.4636
    0.0000  -30.0000    0.0000 8417.9902   20.4875
    7.5000  -30.0000    0.0000 7986.5361   20.5005
   -7.5000  -22.5000    0.0000 8435.8955   19.7939
    0.0000  -22.5000    0.0000 8885.9512   19.8203
    7.5000  -22.5000    0.0000 8416.2373   19.8313
   -7.5000  -15.0000    0.0000 9238.4961   19.3053
    0.0000  -15.0000    0.0000 9755.3916   19.3325
    7.5000  -15.0000    0.0000 9220.7490   19.3506
   -7.5000   -7.5000    0.000010065.2500   18.9580
    0.0000   -7.5000    0.000010627.1250   18.9848
    7.5000   -7.5000    0.0000 9996.5674   19.0108
   -7.5000    0.0000    0.000010910.8945   18.8682
    0.0000    0.0000    0.000011522.2344   18.8905
    7.5000    0.0000    0.000010779.9580   18.9180
   -7.5000    7.5000    0.000010865.9395   18.8760
    0.0000    7.5000    0.000011532.3896   18.8942
    7.5000    7.5000    0.000010627.0508   18.9145
   -7.5000   15.0000    0.000010691.8672   18.7078
    0.0000   15.0000    0.000011453.6953   18.7277
    7.5000   15.0000    0.000010405.4941   18.7395
   -7.5000   22.5000    0.000010287.4141   18.4121
    0.0000   22.5000    0.000010981.5684   18.4349
    7.5000   22.5000    0.0000 9970.0312   18.4434
   -7.5000   30.0000    0.000010157.1270   18.6065
    0.0000   30.0000    0.000010805.6230   18.6339
    7.5000   30.0000    0.0000 9829.2871   18.6507
   -7.5000   37.5000    0.0000 9600.8086   18.3280
    0.0000   37.5000    0.000010187.5283   18.3551
    7.5000   37.5000    0.0000 9300.8213   18.3791
   -7.5000   45.0000    0.0000 9023.9385   17.9942
    0.0000   45.0000    0.0000 9561.1914   18.0172
    7.5000   45.0000    0.0000 8770.4902   18.0410
   -7.5000  -45.0000    7.5000 6565.4229   20.6620
    0.0000  -45.0000    7.5000 6925.0811   20.6931
    7.5000  -45.0000    7.5000 6568.6260   20.7163
   -7.5000  -37.5000    7.5000 7064.4814   20.9465
    0.0000  -37.5000    7.5000 7450.2651   20.9768
    7.5000  -37.5000    7.5000 7065.0776   20.9983
   -7.5000  -30.0000    7.5000 7714.7798   20.6148
    0.0000  -30.0000    7.5000 8122.2769   20.6420
    7.5000  -30.0000    7.5000 7687.1108   20.6549
   -7.5000  -22.5000    7.5000 8148.1016   19.9299
    0.0000  -22.5000    7.5000 8573.3887   19.9572
    7.5000  -22.5000    7.5000 8097.4751   19.9705
   -7.5000  -15.0000    7.5000 8919.9092   19.4350
    0.0000  -15.0000    7.5000 9407.5234   19.4610
    7.5000  -15.0000    7.5000 8851.3066   19.4798
   -7.5000   -7.5000    7.5000 9709.0293   19.0939
    0.0000   -7.5000    7.500010256.3037   19.1179
    7.5000   -7.5000    7.5000 9586.1406   19.1412
   -7.5000    0.0000    7.500010559.1885   19.0143
    0.0000    0.0000    7.500011189.1064   19.0345
    7.5000    0.0000    7.500010377.5303   19.0566
   -7.5000    7.5000    7.500010662.5723   19.0201
    0.0000    7.5000    7.500011435.2236   19.0392
    7.5000    7.5000    7.500010297.3721   19.0559
   -7.5000   15.0000    7.500010697.7490   18.8399
    0.0000   15.0000    7.500011650.5273   18.8623
    7.5000   15.0000    7.500010172.3096   18.8743
   -7.5000   22.5000    7.500010293.0156   18.5328
    0.0000   22.5000    7.500011184.8174   18.5564
    7.5000   22.5000    7.5000 9829.2275   18.5673
   -7.5000   30.0000    7.500010046.4473   18.7279
    0.0000   30.0000    7.500010851.3750   18.7540
    7.5000   30.0000    7.5000 9684.2949   18.7717
   -7.5000   37.5000    7.5000 9431.6602   18.4532
    0.0000   37.5000    7.500010122.3594   18.4778
    7.5000   37.5000    7.5000 9126.8574   18.4995
   -7.5000   45.0000    7.5000 8845.0371   18.1241
    0.0000   45.0000    7.5000 9439.3623   18.1448
    7.5000   45.0000    7.5000 8590.9141   18.1636
   -7.5000  -45.0000   15.0000 6308.1797   21.0881
    0.0000  -45.0000   15.0000 6658.6592   21.1087
    7.5000  -45.0000   15.0000 6296.8477   21.1210
   -7.5000  -37.5000   15.0000 6805.4409   21.3563
    0.0000  -37.5000   15.0000 7159.2915   21.3771
    7.5000  -37.5000   15.0000 6763.6582   21.3876
   -7.5000  -30.0000   15.0000 7448.2324   20.9983
    0.0000  -30.0000   15.0000 7797.4268   21.0207
    7.5000  -30.0000   15.0000 7375.9355   21.0272
   -7.5000  -22.5000   15.0000 7877.3345   20.2924
    0.0000  -22.5000   15.0000 8209.6777   20.3164
    7.5000  -22.5000   15.0000 7769.8037   20.3260
   -7.5000  -15.0000   15.0000 8627.4150   19.7803
    0.0000  -15.0000   15.0000 9009.7510   19.8018
    7.5000  -15.0000   15.0000 8490.3984   19.8164
   -7.5000   -7.5000   15.0000 9407.0322   19.4315
    0.0000   -7.5000   15.0000 9845.6602   19.4490
    7.5000   -7.5000   15.0000 9222.5371   19.4665
   -7.5000    0.0000   15.000010278.0273   19.3564
    0.0000    0.0000   15.000010786.3945   19.3688
    7.5000    0.0000   15.000010006.4541   19.3833
   -7.5000    7.5000   15.000010306.6104   19.3607
    0.0000    7.5000   15.000010930.7988   19.3736
    7.5000    7.5000   15.0000 9956.0654   19.3832
   -7.5000   15.0000   15.000010104.8906   19.1735
    0.0000   15.0000   15.000010824.4180   19.1919
    7.5000   15.0000   15.0000 9795.9492   19.1993
   -7.5000   22.5000   15.0000 9627.3076   18.8584
    0.0000   22.5000   15.000010287.6523   18.8791
    7.5000   22.5000   15.0000 9423.3125   18.8870
   -7.5000   30.0000   15.0000 9514.8623   19.0571
    0.0000   30.0000   15.000010162.5420   19.0796
    7.5000   30.0000   15.0000 9305.5967   19.0939
   -7.5000   37.5000   15.0000 9074.2021   18.7828
    0.0000   37.5000   15.0000 9690.1807   18.8019
    7.5000   37.5000   15.0000 8804.2998   18.8180
   -7.5000   45.0000   15.0000 8520.1016   18.4546
    0.0000   45.0000   15.0000 9075.0156   18.4693
    7.5000   45.0000   15.0000 8256.6396   18.4809
   -7.5000  -45.0000   22.5000 6031.9097   21.4956
    0.0000  -45.0000   22.5000 6344.2158   21.5060
    7.5000  -45.0000   22.5000 5997.9575   21.5128
   -7.5000  -37.5000   22.5000 6515.2202   21.7619
    0.0000  -37.5000   22.5000 6813.2744   21.7703
    7.5000  -37.5000   22.5000 6423.5322   21.7724
   -7.5000  -30.0000   22.5000 7139.2212   21.3826
    0.0000  -30.0000   22.5000 7429.5825   21.3947
    7.5000  -30.0000   22.5000 7017.8521   21.3924
   -7.5000  -22.5000   22.5000 7570.7920   20.6582
    0.0000  -22.5000   22.5000 7859.5991   20.6765
    7.5000  -22.5000   22.5000 7430.0449   20.6780
   -7.5000  -15.0000   22.5000 8303.6484   20.1230
    0.0000  -15.0000   22.5000 8645.1904   20.1402
    7.5000  -15.0000   22.5000 8156.2910   20.1490
   -7.5000   -7.5000   22.5000 9022.7236   19.7515
    0.0000   -7.5000   22.5000 9391.7725   19.7648
    7.5000   -7.5000   22.5000 8838.6865   19.7797
   -7.5000    0.0000   22.5000 9775.1533   19.6714
    0.0000    0.0000   22.500010181.9072   19.6776
    7.5000    0.0000   22.5000 9548.2539   19.6894
   -7.5000    7.5000   22.5000 9676.1436   19.6797
    0.0000    7.5000   22.500010197.5146   19.6841
    7.5000    7.5000   22.5000 9438.4688   19.6887
   -7.5000   15.0000   22.5000 9369.3760   19.4978
    0.0000   15.0000   22.5000 9892.2246   19.5080
    7.5000   15.0000   22.5000 9226.8818   19.5084
   -7.5000   22.5000   22.5000 8912.6094   19.1942
    0.0000   22.5000   22.5000 9393.0703   19.2096
    7.5000   22.5000   22.5000 8829.0928   19.2103
   -7.5000   30.0000   22.5000 8891.0869   19.3947
    0.0000   30.0000   22.5000 9361.0625   19.4134
    7.5000   30.0000   22.5000 8729.7080   19.4226
   -7.5000   37.5000   22.5000 8517.4824   19.1224
    0.0000   37.5000   22.5000 8996.4814   19.1374
    7.5000   37.5000   22.5000 8287.7402   19.1505
   -7.5000   45.0000   22.5000 8027.0830   18.7987
    0.0000   45.0000   22.5000 8485.0703   18.8084
    7.5000   45.0000   22.5000 7791.7642   18.8167
   -7.5000  -45.0000   30.0000 6010.4136   22.1484
    0.0000  -45.0000   30.0000 6330.8750   22.1633
    7.5000  -45.0000   30.0000 5948.9443   22.1764
   -7.5000  -37.5000   30.0000 6497.7520   22.4381
    0.0000  -37.5000   30.0000 6815.8018   22.4476
    7.5000  -37.5000   30.0000 6395.4473   22.4542
   -7.5000  -30.0000   30.0000 7114.9019   22.0512
    0.0000  -30.0000   30.0000 7438.3872   22.0632
    7.5000  -30.0000   30.0000 7001.5254   22.0616
   -7.5000  -22.5000   30.0000 7521.1426   21.2907
    0.0000  -22.5000   30.0000 7834.5933   21.3127
    7.5000  -22.5000   30.0000 7406.2544   21.3133
   -7.5000  -15.0000   30.0000 8211.9219   20.7274
    0.0000  -15.0000   30.0000 8525.7510   20.7505
    7.5000  -15.0000   30.0000 8085.8716   20.7603
   -7.5000   -7.5000   30.0000 8870.0898   20.3299
    0.0000   -7.5000   30.0000 9186.6084   20.3489
    7.5000   -7.5000   30.0000 8710.7725   20.3681
   -7.5000    0.0000   30.0000 9575.0566   20.2403
    0.0000    0.0000   30.0000 9936.7783   20.2500
    7.5000    0.0000   30.0000 9380.7891   20.2678
   -7.5000    7.5000   30.0000 9412.9365   20.2490
    0.0000    7.5000   30.0000 9839.3984   20.2535
    7.5000    7.5000   30.0000 9251.4561   20.2620
   -7.5000   15.0000   30.0000 9093.6797   20.0687
    0.0000   15.0000   30.0000 9471.3369   20.0786
    7.5000   15.0000   30.0000 8990.4404   20.0795
   -7.5000   22.5000   30.0000 8703.6729   19.7633
    0.0000   22.5000   30.0000 9060.9258   19.7817
    7.5000   22.5000   30.0000 8588.5137   19.7813
   -7.5000   30.0000   30.0000 8662.7607   19.9747
    0.0000   30.0000   30.0000 9033.7021   19.9991
    7.5000   30.0000   30.0000 8497.5693   20.0092
   -7.5000   37.5000   30.0000 8250.2402   19.6983
    0.0000   37.5000   30.0000 8610.1719   19.7191
    7.5000   37.5000   30.0000 8037.7285   19.7356
   -7.5000   45.0000   30.0000 7778.9390   19.3684
    0.0000   45.0000   30.0000 8122.9604   19.3821
    7.5000   45.0000   30.0000 7559.3135   19.3954
   -7.5000  -45.0000   37.5000 5700.2798   22.5053
    0.0000  -45.0000   37.5000 6048.7695   22.5283
    7.5000  -45.0000   37.5000 5695.4233   22.5587
   -7.5000  -37.5000   37.5000 6148.8096   22.8014
    0.0000  -37.5000   37.5000 6491.8335   22.8174
    7.5000  -37.5000   37.5000 6127.3989   22.8434
   -7.5000  -30.0000   37.5000 6725.6401   22.4088
    0.0000  -30.0000   37.5000 7056.3955   22.4205
    7.5000  -30.0000   37.5000 6671.2769   22.4317
   -7.5000  -22.5000   37.5000 7087.4644   21.6358
    0.0000  -22.5000   37.5000 7375.2910   21.6565
    7.5000  -22.5000   37.5000 6999.2461   21.6655
   -7.5000  -15.0000   37.5000 7714.9624   21.0552
    0.0000  -15.0000   37.5000 7981.1606   21.0790
    7.5000  -15.0000   37.5000 7588.4800   21.0970
   -7.5000   -7.5000   37.5000 8327.5869   20.6418
    0.0000   -7.5000   37.5000 8582.6709   20.6647
    7.5000   -7.5000   37.5000 8172.9463   20.6941
   -7.5000    0.0000   37.5000 8983.7217   20.5449
    0.0000    0.0000   37.5000 9279.2012   20.5598
    7.5000    0.0000   37.5000 8826.9707   20.5910
   -7.5000    7.5000   37.5000 8771.0996   20.5473
    0.0000    7.5000   37.5000 9104.0703   20.5546
    7.5000    7.5000   37.5000 8655.1484   20.5764
   -7.5000   15.0000   37.5000 8459.7988   20.3587
    0.0000   15.0000   37.5000 8747.4033   20.3687
    7.5000   15.0000   37.5000 8348.9482   20.3795
   -7.5000   22.5000   37.5000 8104.0405   20.0573
    0.0000   22.5000   37.5000 8389.4043   20.0746
    7.5000   22.5000   37.5000 7979.1528   20.0812
   -7.5000   30.0000   37.5000 8042.9580   20.2843
    0.0000   30.0000   37.5000 8341.0264   20.3093
    7.5000   30.0000   37.5000 7897.7539   20.3266
   -7.5000   37.5000   37.5000 7641.6025   20.0159
    0.0000   37.5000   37.5000 7929.5674   20.0401
    7.5000   37.5000   37.5000 7481.9985   20.0668
   -7.5000   45.0000   37.5000 7216.2505   19.6858
    0.0000   45.0000   37.5000 7486.2935   19.7037
    7.5000   45.0000   37.5000 7041.3594   19.7304
   -7.5000  -45.0000   45.0000 5365.9155   22.9579
    0.0000  -45.0000   45.0000 5706.8633   23.0049
    7.5000  -45.0000   45.0000 5398.8174   23.0469
   -7.5000  -37.5000   45.0000 5783.9399   23.2545
    0.0000  -37.5000   45.0000 6124.7891   23.2972
    7.5000  -37.5000   45.0000 5795.1001   23.3370
   -7.5000  -30.0000   45.0000 6310.8022   22.8305
    0.0000  -30.0000   45.0000 6631.9146   22.8650
    7.5000  -30.0000   45.0000 6280.3076   22.8870
   -7.5000  -22.5000   45.0000 6646.2422   22.0496
    0.0000  -22.5000   45.0000 6911.9307   22.0872
    7.5000  -22.5000   45.0000 6563.8066   22.1052
   -7.5000  -15.0000   45.0000 7229.6973   21.4608
    0.0000  -15.0000   45.0000 7464.7290   21.5000
    7.5000  -15.0000   45.0000 7109.6357   21.5272
   -7.5000   -7.5000   45.0000 7788.5449   21.0225
    0.0000   -7.5000   45.0000 8036.4502   21.0610
    7.5000   -7.5000   45.0000 7662.3452   21.0987
   -7.5000    0.0000   45.0000 8373.7109   20.9199
    0.0000    0.0000   45.0000 8659.8320   20.9520
    7.5000    0.0000   45.0000 8261.7988   20.9914
   -7.5000    7.5000   45.0000 8150.5693   20.9194
    0.0000    7.5000   45.0000 8433.4648   20.9453
    7.5000    7.5000   45.0000 8071.0879   20.9755
   -7.5000   15.0000   45.0000 7846.5186   20.7216
    0.0000   15.0000   45.0000 8084.9531   20.7494
    7.5000   15.0000   45.0000 7752.8696   20.7682
   -7.5000   22.5000   45.0000 7518.0103   20.4146
    0.0000   22.5000   45.0000 7753.9443   20.4467
    7.5000   22.5000   45.0000 7408.2134   20.4612
   -7.5000   30.0000   45.0000 7441.0161   20.6446
    0.0000   30.0000   45.0000 7697.7646   20.6838
    7.5000   30.0000   45.0000 7318.9819   20.7093
   -7.5000   37.5000   45.0000 7067.5752   20.3620
    0.0000   37.5000   45.0000 7325.6069   20.4013
    7.5000   37.5000   45.0000 6939.1216   20.4364
   -7.5000   45.0000   45.0000 6686.4468   20.0113
    0.0000   45.0000   45.0000 6930.3979   20.0446
    7.5000   45.0000   45.0000 6547.2876   20.0795

---------------------------------------------------------------------
imgreg_4dfp /opt/freesurfer/average/711-2C_as_mni_average_305 /opt/freesurfer/average/711-2B_as_mni_average_305_mask talsrcimg_g11 none talsrcimg_to_711-2C_as_mni_average_305_t4 4355
---------------------------------------------------------------------

freesurfer imgreg_4dfp.c
/opt/freesurfer/average/711-2C_as_mni_average_305.4dfp.img
       256       256       256         1
  1.000000  1.000000  1.000000
orientation T byte_order littleendian
Reading image: /opt/freesurfer/average/711-2C_as_mni_average_305.4dfp.img
dimensions:      256       256       256
mmppix:       1.0000   -1.0000   -1.0000
center:     128.0000 -129.0000 -129.0000
/opt/freesurfer/average/711-2B_as_mni_average_305_mask.4dfp.img
       256       256       256         1
  1.000000  1.000000  1.000000
orientation T byte_order littleendian
Reading mask: /opt/freesurfer/average/711-2B_as_mni_average_305_mask.4dfp.img (2306576 pixels)
talsrcimg_g11.4dfp.img
       320       320       320         1
  0.700000  0.700000  0.700000
orientation T byte_order littleendian
Reading image: talsrcimg_g11.4dfp.img
dimensions:      320       320       320
mmppix:       0.7000   -0.7000   -0.7000
center:     112.0000 -112.7000 -112.7000
rotation matrix determinant  1.000000
image alignment mode   4355 decimal     1103 hex
   -7.5000  -30.0000  -37.5000 2311.0234   24.2146
    0.0000  -30.0000  -37.5000 2325.5845   24.1126
    7.5000  -30.0000  -37.5000 2315.5161   24.2214
   -7.5000  -22.5000  -37.5000 2364.6682   22.9675
    0.0000  -22.5000  -37.5000 2377.3113   22.8878
    7.5000  -22.5000  -37.5000 2363.5193   23.0203
   -7.5000  -15.0000  -37.5000 2406.5891   21.9906
    0.0000  -15.0000  -37.5000 2419.1021   21.9002
    7.5000  -15.0000  -37.5000 2406.1101   22.1117
   -7.5000   -7.5000  -37.5000 2437.2683   21.1726
    0.0000   -7.5000  -37.5000 2447.7480   21.0946
    7.5000   -7.5000  -37.5000 2433.5801   21.3463
   -7.5000    0.0000  -37.5000 2454.4099   20.5970
    0.0000    0.0000  -37.5000 2461.3970   20.4990
    7.5000    0.0000  -37.5000 2444.7307   20.7598
   -7.5000    7.5000  -37.5000 2462.0486   20.2014
    0.0000    7.5000  -37.5000 2461.4360   20.1041
    7.5000    7.5000  -37.5000 2444.8728   20.4073
   -7.5000   15.0000  -37.5000 2466.0466   19.8702
    0.0000   15.0000  -37.5000 2456.6411   19.7942
    7.5000   15.0000  -37.5000 2441.7544   20.1314
   -7.5000   22.5000  -37.5000 2460.5730   19.7177
    0.0000   22.5000  -37.5000 2451.5479   19.6707
    7.5000   22.5000  -37.5000 2434.3408   20.0140
   -7.5000   30.0000  -37.5000 2443.5466   19.8880
    0.0000   30.0000  -37.5000 2441.4275   19.9044
    7.5000   30.0000  -37.5000 2414.9470   20.2247
   -7.5000   37.5000  -37.5000 2394.3342   20.3160
    0.0000   37.5000  -37.5000 2389.2754   20.3463
    7.5000   37.5000  -37.5000 2361.8188   20.6841
   -7.5000   45.0000  -37.5000 2292.3066   20.7457
    0.0000   45.0000  -37.5000 2291.2922   20.8016
    7.5000   45.0000  -37.5000 2263.4312   21.1778
   -7.5000   52.5000  -37.5000 2152.3132   21.1286
    0.0000   52.5000  -37.5000 2155.4224   21.1864
    7.5000   52.5000  -37.5000 2128.7900   21.5126
   -7.5000   60.0000  -37.5000 1991.3214   21.4778
    0.0000   60.0000  -37.5000 1995.8282   21.5359
    7.5000   60.0000  -37.5000 1973.5967   21.9040
   -7.5000  -30.0000  -30.0000 2434.3213   23.9579
    0.0000  -30.0000  -30.0000 2454.3689   23.8355
    7.5000  -30.0000  -30.0000 2447.1094   24.0495
   -7.5000  -22.5000  -30.0000 2493.6191   22.6505
    0.0000  -22.5000  -30.0000 2512.1545   22.5588
    7.5000  -22.5000  -30.0000 2501.7114   22.8072
   -7.5000  -15.0000  -30.0000 2541.4495   21.6140
    0.0000  -15.0000  -30.0000 2556.1150   21.5297
    7.5000  -15.0000  -30.0000 2544.5024   21.7949
   -7.5000   -7.5000  -30.0000 2571.3318   20.8409
    0.0000   -7.5000  -30.0000 2582.0808   20.7476
    7.5000   -7.5000  -30.0000 2571.6760   20.9981
   -7.5000    0.0000  -30.0000 2596.5442   20.2584
    0.0000    0.0000  -30.0000 2601.4946   20.0888
    7.5000    0.0000  -30.0000 2590.5720   20.3496
   -7.5000    7.5000  -30.0000 2612.7097   19.7669
    0.0000    7.5000  -30.0000 2608.3467   19.6247
    7.5000    7.5000  -30.0000 2599.3022   19.9338
   -7.5000   15.0000  -30.0000 2616.8279   19.3515
    0.0000   15.0000  -30.0000 2611.1489   19.2949
    7.5000   15.0000  -30.0000 2598.9592   19.6416
   -7.5000   22.5000  -30.0000 2605.6931   19.1413
    0.0000   22.5000  -30.0000 2603.4827   19.1574
    7.5000   22.5000  -30.0000 2585.7087   19.4825
   -7.5000   30.0000  -30.0000 2592.6001   19.3268
    0.0000   30.0000  -30.0000 2588.6785   19.3156
    7.5000   30.0000  -30.0000 2567.4561   19.6996
   -7.5000   37.5000  -30.0000 2540.1555   19.7159
    0.0000   37.5000  -30.0000 2533.0107   19.6876
    7.5000   37.5000  -30.0000 2512.2625   20.1341
   -7.5000   45.0000  -30.0000 2435.5217   20.1993
    0.0000   45.0000  -30.0000 2429.9604   20.1618
    7.5000   45.0000  -30.0000 2408.8931   20.6102
   -7.5000   52.5000  -30.0000 2293.8826   20.5806
    0.0000   52.5000  -30.0000 2292.7649   20.5838
    7.5000   52.5000  -30.0000 2270.4231   20.9631
   -7.5000   60.0000  -30.0000 2120.6794   20.9651
    0.0000   60.0000  -30.0000 2122.7280   20.9762
    7.5000   60.0000  -30.0000 2102.9631   21.2913
   -7.5000  -30.0000  -22.5000 2485.0515   23.0465
    0.0000  -30.0000  -22.5000 2512.6248   22.8715
    7.5000  -30.0000  -22.5000 2506.5391   23.0737
   -7.5000  -22.5000  -22.5000 2542.6306   21.6877
    0.0000  -22.5000  -22.5000 2566.9348   21.5664
    7.5000  -22.5000  -22.5000 2560.2622   21.7780
   -7.5000  -15.0000  -22.5000 2587.3113   20.5648
    0.0000  -15.0000  -22.5000 2610.3113   20.4850
    7.5000  -15.0000  -22.5000 2600.2007   20.7118
   -7.5000   -7.5000  -22.5000 2623.9390   19.7299
    0.0000   -7.5000  -22.5000 2639.8967   19.6231
    7.5000   -7.5000  -22.5000 2628.4070   19.9052
   -7.5000    0.0000  -22.5000 2648.5742   19.0829
    0.0000    0.0000  -22.5000 2658.0010   18.9890
    7.5000    0.0000  -22.5000 2646.8176   19.2441
   -7.5000    7.5000  -22.5000 2664.5283   18.5656
    0.0000    7.5000  -22.5000 2670.4702   18.4740
    7.5000    7.5000  -22.5000 2657.6355   18.7575
   -7.5000   15.0000  -22.5000 2671.9778   18.1304
    0.0000   15.0000  -22.5000 2676.3606   18.0776
    7.5000   15.0000  -22.5000 2659.7236   18.4019
   -7.5000   22.5000  -22.5000 2667.8638   17.8481
    0.0000   22.5000  -22.5000 2668.1177   17.8391
    7.5000   22.5000  -22.5000 2655.1968   18.1833
   -7.5000   30.0000  -22.5000 2658.2827   18.0146
    0.0000   30.0000  -22.5000 2656.8196   17.9914
    7.5000   30.0000  -22.5000 2645.0366   18.4100
   -7.5000   37.5000  -22.5000 2609.5520   18.3964
    0.0000   37.5000  -22.5000 2604.7690   18.3459
    7.5000   37.5000  -22.5000 2596.5918   18.8000
   -7.5000   45.0000  -22.5000 2500.2549   18.8123
    0.0000   45.0000  -22.5000 2496.6997   18.7742
    7.5000   45.0000  -22.5000 2481.3809   19.2027
   -7.5000   52.5000  -22.5000 2352.5610   19.2441
    0.0000   52.5000  -22.5000 2350.7292   19.2136
    7.5000   52.5000  -22.5000 2335.3955   19.6129
   -7.5000   60.0000  -22.5000 2169.0125   19.6121
    0.0000   60.0000  -22.5000 2170.3774   19.5618
    7.5000   60.0000  -22.5000 2160.0911   19.9344
   -7.5000  -30.0000  -15.0000 2578.1472   22.9220
    0.0000  -30.0000  -15.0000 2614.8162   22.7604
    7.5000  -30.0000  -15.0000 2605.2068   22.9130
   -7.5000  -22.5000  -15.0000 2631.0930   21.5080
    0.0000  -22.5000  -15.0000 2663.3479   21.3465
    7.5000  -22.5000  -15.0000 2650.4922   21.5191
   -7.5000  -15.0000  -15.0000 2678.0735   20.3019
    0.0000  -15.0000  -15.0000 2702.0784   20.1515
    7.5000  -15.0000  -15.0000 2692.9854   20.3890
   -7.5000   -7.5000  -15.0000 2713.9722   19.3551
    0.0000   -7.5000  -15.0000 2735.2065   19.2642
    7.5000   -7.5000  -15.0000 2726.4514   19.5424
   -7.5000    0.0000  -15.0000 2744.4829   18.6358
    0.0000    0.0000  -15.0000 2760.4602   18.5765
    7.5000    0.0000  -15.0000 2751.3162   18.8389
   -7.5000    7.5000  -15.0000 2766.4985   18.0585
    0.0000    7.5000  -15.0000 2779.2124   18.0069
    7.5000    7.5000  -15.0000 2769.5818   18.2853
   -7.5000   15.0000  -15.0000 2778.6948   17.5624
    0.0000   15.0000  -15.0000 2787.0378   17.4997
    7.5000   15.0000  -15.0000 2775.7546   17.8829
   -7.5000   22.5000  -15.0000 2780.2559   17.2084
    0.0000   22.5000  -15.0000 2781.6790   17.1557
    7.5000   22.5000  -15.0000 2772.2603   17.6380
   -7.5000   30.0000  -15.0000 2773.6653   17.3862
    0.0000   30.0000  -15.0000 2773.4814   17.3284
    7.5000   30.0000  -15.0000 2767.4297   17.8121
   -7.5000   37.5000  -15.0000 2715.9844   17.7793
    0.0000   37.5000  -15.0000 2721.6594   17.7274
    7.5000   37.5000  -15.0000 2712.9939   18.2135
   -7.5000   45.0000  -15.0000 2607.7415   18.2113
    0.0000   45.0000  -15.0000 2611.5393   18.1940
    7.5000   45.0000  -15.0000 2598.5737   18.6757
   -7.5000   52.5000  -15.0000 2452.7976   18.6476
    0.0000   52.5000  -15.0000 2459.7739   18.6542
    7.5000   52.5000  -15.0000 2443.7302   19.1295
   -7.5000   60.0000  -15.0000 2274.8296   19.0745
    0.0000   60.0000  -15.0000 2279.2358   19.0316
    7.5000   60.0000  -15.0000 2264.0908   19.5101
   -7.5000  -30.0000   -7.5000 2644.6335   22.7771
    0.0000  -30.0000   -7.5000 2674.7949   22.5654
    7.5000  -30.0000   -7.5000 2671.4937   22.7302
   -7.5000  -22.5000   -7.5000 2692.6538   21.2614
    0.0000  -22.5000   -7.5000 2717.5662   21.1087
    7.5000  -22.5000   -7.5000 2713.1104   21.2491
   -7.5000  -15.0000   -7.5000 2731.2729   19.9806
    0.0000  -15.0000   -7.5000 2755.5540   19.8682
    7.5000  -15.0000   -7.5000 2749.1184   20.0357
   -7.5000   -7.5000   -7.5000 2764.8521   18.9576
    0.0000   -7.5000   -7.5000 2788.8162   18.8794
    7.5000   -7.5000   -7.5000 2777.7434   19.0682
   -7.5000    0.0000   -7.5000 2796.7097   18.1408
    0.0000    0.0000   -7.5000 2818.6260   18.1150
    7.5000    0.0000   -7.5000 2801.1172   18.3099
   -7.5000    7.5000   -7.5000 2827.0645   17.5311
    0.0000    7.5000   -7.5000 2846.0449   17.5512
    7.5000    7.5000   -7.5000 2828.4565   17.7263
   -7.5000   15.0000   -7.5000 2847.4812   17.0299
    0.0000   15.0000   -7.5000 2862.0886   17.0579
    7.5000   15.0000   -7.5000 2843.7808   17.3323
   -7.5000   22.5000   -7.5000 2850.8130   16.5588
    0.0000   22.5000   -7.5000 2862.6296   16.6056
    7.5000   22.5000   -7.5000 2842.7449   17.0803
   -7.5000   30.0000   -7.5000 2849.3457   16.7707
    0.0000   30.0000   -7.5000 2854.1240   16.7669
    7.5000   30.0000   -7.5000 2835.1499   17.2595
   -7.5000   37.5000   -7.5000 2798.0764   17.2269
    0.0000   37.5000   -7.5000 2812.0620   17.2491
    7.5000   37.5000   -7.5000 2788.3250   17.6848
   -7.5000   45.0000   -7.5000 2690.6448   17.7027
    0.0000   45.0000   -7.5000 2700.8948   17.7343
    7.5000   45.0000   -7.5000 2679.1140   18.1496
   -7.5000   52.5000   -7.5000 2534.0718   18.1360
    0.0000   52.5000   -7.5000 2534.6868   18.1154
    7.5000   52.5000   -7.5000 2523.6553   18.5668
   -7.5000   60.0000   -7.5000 2349.7175   18.6108
    0.0000   60.0000   -7.5000 2354.8347   18.5652
    7.5000   60.0000   -7.5000 2340.2629   19.0799
   -7.5000  -30.0000    0.0000 2664.8662   22.3075
    0.0000  -30.0000    0.0000 2699.3738   22.1757
    7.5000  -30.0000    0.0000 2689.9214   22.2397
   -7.5000  -22.5000    0.0000 2713.0969   20.8099
    0.0000  -22.5000    0.0000 2741.5332   20.7314
    7.5000  -22.5000    0.0000 2731.3213   20.8241
   -7.5000  -15.0000    0.0000 2752.6826   19.5794
    0.0000  -15.0000    0.0000 2778.4795   19.5689
    7.5000  -15.0000    0.0000 2767.3394   19.6786
   -7.5000   -7.5000    0.0000 2787.0657   18.5775
    0.0000   -7.5000    0.0000 2815.8918   18.6142
    7.5000   -7.5000    0.0000 2792.6550   18.6817
   -7.5000    0.0000    0.0000 2821.2224   17.7944
    0.0000    0.0000    0.0000 2850.4932   17.8792
    7.5000    0.0000    0.0000 2819.0935   17.9095
   -7.5000    7.5000    0.0000 2860.7795   17.2550
    0.0000    7.5000    0.0000 2882.7939   17.4002
    7.5000    7.5000    0.0000 2854.8152   17.3387
   -7.5000   15.0000    0.0000 2889.2173   16.8827
    0.0000   15.0000    0.0000 2920.5972   17.1511
    7.5000   15.0000    0.0000 2888.7529   17.0185
   -7.5000   22.5000    0.0000 2902.0508   16.4291
    0.0000   22.5000    0.0000 2937.0081   16.7441
    7.5000   22.5000    0.0000 2891.7695   16.8132
   -7.5000   30.0000    0.0000 2907.9614   16.4802
    0.0000   30.0000    0.0000 2927.6245   16.6934
    7.5000   30.0000    0.0000 2874.5623   16.8778
   -7.5000   37.5000    0.0000 2841.5544   16.8306
    0.0000   37.5000    0.0000 2859.2312   16.9191
    7.5000   37.5000    0.0000 2823.0518   17.2261
   -7.5000   45.0000    0.0000 2720.0049   17.1752
    0.0000   45.0000    0.0000 2733.0759   17.2011
    7.5000   45.0000    0.0000 2714.5039   17.6880
   -7.5000   52.5000    0.0000 2568.8774   17.6828
    0.0000   52.5000    0.0000 2579.3679   17.7318
    7.5000   52.5000    0.0000 2560.8210   18.1949
   -7.5000   60.0000    0.0000 2388.9014   18.3087
    0.0000   60.0000    0.0000 2395.9922   18.3140
    7.5000   60.0000    0.0000 2375.7761   18.7217
   -7.5000  -30.0000    7.5000 2672.9946   21.9428
    0.0000  -30.0000    7.5000 2703.5273   21.6689
    7.5000  -30.0000    7.5000 2693.3108   21.8074
   -7.5000  -22.5000    7.5000 2715.9163   20.3637
    0.0000  -22.5000    7.5000 2738.1025   20.1956
    7.5000  -22.5000    7.5000 2726.3638   20.3583
   -7.5000  -15.0000    7.5000 2747.5598   19.1490
    0.0000  -15.0000    7.5000 2771.6089   19.1192
    7.5000  -15.0000    7.5000 2757.6377   19.2289
   -7.5000   -7.5000    7.5000 2786.6323   18.2336
    0.0000   -7.5000    7.5000 2806.5315   18.2619
    7.5000   -7.5000    7.5000 2780.9045   18.2912
   -7.5000    0.0000    7.5000 2821.8174   17.5563
    0.0000    0.0000    7.5000 2850.1765   17.7346
    7.5000    0.0000    7.5000 2809.8750   17.6265
   -7.5000    7.5000    7.5000 2870.5359   17.1644
    0.0000    7.5000    7.5000 2900.5759   17.4848
    7.5000    7.5000    7.5000 2847.9365   17.2234
   -7.5000   15.0000    7.5000 2919.1450   17.0403
    0.0000   15.0000    7.5000 2966.5225   17.5143
    7.5000   15.0000    7.5000 2893.3958   17.0377
   -7.5000   22.5000    7.5000 2937.1467   16.6822
    0.0000   22.5000    7.5000 2996.6594   17.1625
    7.5000   22.5000    7.5000 2905.0769   16.7772
   -7.5000   30.0000    7.5000 2905.9353   16.3688
    0.0000   30.0000    7.5000 2947.0461   16.6892
    7.5000   30.0000    7.5000 2885.8511   16.7465
   -7.5000   37.5000    7.5000 2836.1411   16.4404
    0.0000   37.5000    7.5000 2853.6060   16.6011
    7.5000   37.5000    7.5000 2826.9089   17.0189
   -7.5000   45.0000    7.5000 2727.2175   16.9113
    0.0000   45.0000    7.5000 2741.4333   16.9710
    7.5000   45.0000    7.5000 2718.4348   17.4217
   -7.5000   52.5000    7.5000 2583.6108   17.5248
    0.0000   52.5000    7.5000 2592.8928   17.5045
    7.5000   52.5000    7.5000 2578.8325   17.9820
   -7.5000   60.0000    7.5000 2407.0305   18.1638
    0.0000   60.0000    7.5000 2408.5298   18.1348
    7.5000   60.0000    7.5000 2391.2451   18.5785
   -7.5000  -30.0000   15.0000 2673.8193   21.8114
    0.0000  -30.0000   15.0000 2698.0369   21.4256
    7.5000  -30.0000   15.0000 2683.6914   21.5953
   -7.5000  -22.5000   15.0000 2721.7686   20.3253
    0.0000  -22.5000   15.0000 2734.3416   20.0215
    7.5000  -22.5000   15.0000 2714.8384   20.1946
   -7.5000  -15.0000   15.0000 2753.4536   19.1679
    0.0000  -15.0000   15.0000 2758.1907   19.0043
    7.5000  -15.0000   15.0000 2739.3835   19.1452
   -7.5000   -7.5000   15.0000 2793.3403   18.3358
    0.0000   -7.5000   15.0000 2790.5974   18.3290
    7.5000   -7.5000   15.0000 2768.5015   18.4033
   -7.5000    0.0000   15.0000 2825.4656   17.7060
    0.0000    0.0000   15.0000 2829.0007   17.8281
    7.5000    0.0000   15.0000 2803.3167   17.8329
   -7.5000    7.5000   15.0000 2864.2493   17.2612
    0.0000    7.5000   15.0000 2879.9136   17.5073
    7.5000    7.5000   15.0000 2843.8306   17.4278
   -7.5000   15.0000   15.0000 2906.7781   16.9674
    0.0000   15.0000   15.0000 2936.2412   17.3069
    7.5000   15.0000   15.0000 2883.1848   17.1364
   -7.5000   22.5000   15.0000 2896.0315   16.4498
    0.0000   22.5000   15.0000 2937.2039   16.7608
    7.5000   22.5000   15.0000 2888.2925   16.8989
   -7.5000   30.0000   15.0000 2874.9517   16.4123
    0.0000   30.0000   15.0000 2890.2556   16.5143
    7.5000   30.0000   15.0000 2867.2134   16.9549
   -7.5000   37.5000   15.0000 2841.3206   16.8082
    0.0000   37.5000   15.0000 2852.8740   16.8896
    7.5000   37.5000   15.0000 2813.7812   17.2382
   -7.5000   45.0000   15.0000 2733.8110   17.3683
    0.0000   45.0000   15.0000 2740.4314   17.3927
    7.5000   45.0000   15.0000 2713.9448   17.6826
   -7.5000   52.5000   15.0000 2580.5388   17.8770
    0.0000   52.5000   15.0000 2585.9917   17.8595
    7.5000   52.5000   15.0000 2565.2402   18.1956
   -7.5000   60.0000   15.0000 2402.3442   18.3702
    0.0000   60.0000   15.0000 2402.3687   18.3489
    7.5000   60.0000   15.0000 2382.2498   18.7000
   -7.5000  -30.0000   22.5000 2666.3096   22.1124
    0.0000  -30.0000   22.5000 2681.7803   21.5600
    7.5000  -30.0000   22.5000 2663.1541   21.7094
   -7.5000  -22.5000   22.5000 2713.0803   20.6390
    0.0000  -22.5000   22.5000 2719.1321   20.2946
    7.5000  -22.5000   22.5000 2699.9268   20.4789
   -7.5000  -15.0000   22.5000 2752.0752   19.5594
    0.0000  -15.0000   22.5000 2749.6243   19.3570
    7.5000  -15.0000   22.5000 2728.9351   19.5488
   -7.5000   -7.5000   22.5000 2780.0981   18.6805
    0.0000   -7.5000   22.5000 2770.5815   18.5333
    7.5000   -7.5000   22.5000 2756.0449   18.7653
   -7.5000    0.0000   22.5000 2799.5298   17.9026
    0.0000    0.0000   22.5000 2792.0642   17.8750
    7.5000    0.0000   22.5000 2778.7844   18.0766
   -7.5000    7.5000   22.5000 2835.3730   17.3682
    0.0000    7.5000   22.5000 2827.5110   17.4669
    7.5000    7.5000   22.5000 2815.0649   17.6217
   -7.5000   15.0000   22.5000 2860.7837   16.9902
    0.0000   15.0000   22.5000 2878.2781   17.2172
    7.5000   15.0000   22.5000 2850.2407   17.2992
   -7.5000   22.5000   22.5000 2844.3235   16.5200
    0.0000   22.5000   22.5000 2854.9907   16.6210
    7.5000   22.5000   22.5000 2846.7104   17.1014
   -7.5000   30.0000   22.5000 2856.2341   16.7123
    0.0000   30.0000   22.5000 2862.2776   16.7626
    7.5000   30.0000   22.5000 2838.9392   17.2304
   -7.5000   37.5000   22.5000 2828.8472   17.2469
    0.0000   37.5000   22.5000 2835.1138   17.2968
    7.5000   37.5000   22.5000 2794.5337   17.6337
   -7.5000   45.0000   22.5000 2717.9795   17.9790
    0.0000   45.0000   22.5000 2725.5925   17.9468
    7.5000   45.0000   22.5000 2688.7776   18.2174
   -7.5000   52.5000   22.5000 2563.4080   18.5447
    0.0000   52.5000   22.5000 2562.1816   18.5065
    7.5000   52.5000   22.5000 2537.6067   18.7713
   -7.5000   60.0000   22.5000 2381.6899   18.9643
    0.0000   60.0000   22.5000 2379.6980   18.9176
    7.5000   60.0000   22.5000 2354.4788   19.2066
   -7.5000  -30.0000   30.0000 2638.6289   22.7050
    0.0000  -30.0000   30.0000 2651.2366   22.1801
    7.5000  -30.0000   30.0000 2633.4097   22.3433
   -7.5000  -22.5000   30.0000 2686.2915   21.1991
    0.0000  -22.5000   30.0000 2683.3491   20.7627
    7.5000  -22.5000   30.0000 2673.6145   21.0369
   -7.5000  -15.0000   30.0000 2723.9600   19.9618
    0.0000  -15.0000   30.0000 2709.0627   19.6145
    7.5000  -15.0000   30.0000 2700.5762   19.9740
   -7.5000   -7.5000   30.0000 2747.5928   18.9610
    0.0000   -7.5000   30.0000 2732.0757   18.7086
    7.5000   -7.5000   30.0000 2722.0803   19.0749
   -7.5000    0.0000   30.0000 2767.8164   18.2133
    0.0000    0.0000   30.0000 2746.7080   18.0613
    7.5000    0.0000   30.0000 2749.5144   18.4319
   -7.5000    7.5000   30.0000 2804.3708   17.7531
    0.0000    7.5000   30.0000 2785.1265   17.7021
    7.5000    7.5000   30.0000 2783.8220   17.9890
   -7.5000   15.0000   30.0000 2807.9072   17.2530
    0.0000   15.0000   30.0000 2805.5039   17.2355
    7.5000   15.0000   30.0000 2809.9214   17.6642
   -7.5000   22.5000   30.0000 2813.7615   16.9793
    0.0000   22.5000   30.0000 2810.1575   16.9787
    7.5000   22.5000   30.0000 2802.0679   17.4986
   -7.5000   30.0000   30.0000 2824.9087   17.3353
    0.0000   30.0000   30.0000 2827.2937   17.3569
    7.5000   30.0000   30.0000 2801.9202   17.7111
   -7.5000   37.5000   30.0000 2787.1379   17.9044
    0.0000   37.5000   30.0000 2785.5850   17.9254
    7.5000   37.5000   30.0000 2753.9380   18.1866
   -7.5000   45.0000   30.0000 2674.6980   18.5743
    0.0000   45.0000   30.0000 2672.8298   18.5059
    7.5000   45.0000   30.0000 2645.7795   18.8033
   -7.5000   52.5000   30.0000 2516.5239   19.1288
    0.0000   52.5000   30.0000 2516.4631   19.0799
    7.5000   52.5000   30.0000 2495.2288   19.3917
   -7.5000   60.0000   30.0000 2342.1997   19.5592
    0.0000   60.0000   30.0000 2341.8840   19.5315
    7.5000   60.0000   30.0000 2318.8845   19.8015
   -7.5000  -30.0000   37.5000 2589.7515   23.4439
    0.0000  -30.0000   37.5000 2591.2051   22.8489
    7.5000  -30.0000   37.5000 2591.4028   23.1472
   -7.5000  -22.5000   37.5000 2639.6621   21.8215
    0.0000  -22.5000   37.5000 2627.4822   21.2592
    7.5000  -22.5000   37.5000 2629.8325   21.6780
   -7.5000  -15.0000   37.5000 2676.0884   20.4540
    0.0000  -15.0000   37.5000 2656.8438   19.9493
    7.5000  -15.0000   37.5000 2658.3069   20.4919
   -7.5000   -7.5000   37.5000 2711.8162   19.4564
    0.0000   -7.5000   37.5000 2684.3472   19.0084
    7.5000   -7.5000   37.5000 2691.3110   19.5528
   -7.5000    0.0000   37.5000 2741.6462   18.7037
    0.0000    0.0000   37.5000 2718.4641   18.4134
    7.5000    0.0000   37.5000 2723.6057   18.8688
   -7.5000    7.5000   37.5000 2757.8184   18.1541
    0.0000    7.5000   37.5000 2737.6099   17.9962
    7.5000    7.5000   37.5000 2753.6697   18.4980
   -7.5000   15.0000   37.5000 2761.7815   17.7472
    0.0000   15.0000   37.5000 2748.8838   17.5708
    7.5000   15.0000   37.5000 2756.1218   18.2066
   -7.5000   22.5000   37.5000 2778.3289   17.6600
    0.0000   22.5000   37.5000 2762.4805   17.5787
    7.5000   22.5000   37.5000 2757.3987   18.0855
   -7.5000   30.0000   37.5000 2774.3022   18.1047
    0.0000   30.0000   37.5000 2767.2209   18.0220
    7.5000   30.0000   37.5000 2747.0168   18.3934
   -7.5000   37.5000   37.5000 2726.3384   18.6800
    0.0000   37.5000   37.5000 2720.0845   18.6112
    7.5000   37.5000   37.5000 2696.1055   18.9307
   -7.5000   45.0000   37.5000 2612.9182   19.3318
    0.0000   45.0000   37.5000 2611.3770   19.2306
    7.5000   45.0000   37.5000 2592.4221   19.5357
   -7.5000   52.5000   37.5000 2463.2986   19.8264
    0.0000   52.5000   37.5000 2462.5293   19.6906
    7.5000   52.5000   37.5000 2443.6487   20.0354
   -7.5000   60.0000   37.5000 2291.2593   20.2152
    0.0000   60.0000   37.5000 2300.1577   20.1242
    7.5000   60.0000   37.5000 2283.0601   20.4133
   -7.5000  -30.0000   45.0000 2505.9219   24.3323
    0.0000  -30.0000   45.0000 2503.9961   23.6472
    7.5000  -30.0000   45.0000 2507.9800   23.9765
   -7.5000  -22.5000   45.0000 2554.1135   22.5845
    0.0000  -22.5000   45.0000 2539.1643   21.8855
    7.5000  -22.5000   45.0000 2546.6802   22.4003
   -7.5000  -15.0000   45.0000 2591.5273   21.0970
    0.0000  -15.0000   45.0000 2570.8699   20.4529
    7.5000  -15.0000   45.0000 2579.2676   21.0868
   -7.5000   -7.5000   45.0000 2633.0134   19.9877
    0.0000   -7.5000   45.0000 2616.3838   19.4737
    7.5000   -7.5000   45.0000 2625.1689   20.1092
   -7.5000    0.0000   45.0000 2670.1890   19.2024
    0.0000    0.0000   45.0000 2651.0728   18.8206
    7.5000    0.0000   45.0000 2659.5034   19.4337
   -7.5000    7.5000   45.0000 2677.2144   18.6458
    0.0000    7.5000   45.0000 2660.9006   18.3982
    7.5000    7.5000   45.0000 2677.9832   19.0162
   -7.5000   15.0000   45.0000 2686.9219   18.3777
    0.0000   15.0000   45.0000 2666.6252   18.1355
    7.5000   15.0000   45.0000 2675.9885   18.8023
   -7.5000   22.5000   45.0000 2703.1282   18.4601
    0.0000   22.5000   45.0000 2678.1377   18.2861
    7.5000   22.5000   45.0000 2676.0928   18.8304
   -7.5000   30.0000   45.0000 2684.5605   18.9339
    0.0000   30.0000   45.0000 2675.4578   18.7501
    7.5000   30.0000   45.0000 2658.2803   19.1911
   -7.5000   37.5000   45.0000 2629.4624   19.5163
    0.0000   37.5000   45.0000 2625.9238   19.3465
    7.5000   37.5000   45.0000 2605.4858   19.7251
   -7.5000   45.0000   45.0000 2522.0757   20.0763
    0.0000   45.0000   45.0000 2519.4612   19.9343
    7.5000   45.0000   45.0000 2498.0432   20.3140
   -7.5000   52.5000   45.0000 2379.4563   20.5032
    0.0000   52.5000   45.0000 2383.4905   20.4061
    7.5000   52.5000   45.0000 2361.8721   20.7743
   -7.5000   60.0000   45.0000 2205.2083   20.8008
    0.0000   60.0000   45.0000 2215.6514   20.7335
    7.5000   60.0000   45.0000 2196.9707   21.0920
   -7.5000  -30.0000   52.5000 2390.8823   25.1064
    0.0000  -30.0000   52.5000 2395.5166   24.5017
    7.5000  -30.0000   52.5000 2396.7380   24.8188
   -7.5000  -22.5000   52.5000 2438.7686   23.2266
    0.0000  -22.5000   52.5000 2427.4167   22.5192
    7.5000  -22.5000   52.5000 2430.9302   23.0851
   -7.5000  -15.0000   52.5000 2485.2173   21.6899
    0.0000  -15.0000   52.5000 2475.9556   21.1051
    7.5000  -15.0000   52.5000 2471.2483   21.7005
   -7.5000   -7.5000   52.5000 2531.0588   20.5770
    0.0000   -7.5000   52.5000 2520.5732   20.0952
    7.5000   -7.5000   52.5000 2517.7654   20.6780
   -7.5000    0.0000   52.5000 2556.0754   19.7604
    0.0000    0.0000   52.5000 2549.5078   19.3905
    7.5000    0.0000   52.5000 2549.1069   19.9831
   -7.5000    7.5000   52.5000 2569.0957   19.2139
    0.0000    7.5000   52.5000 2559.0747   18.8832
    7.5000    7.5000   52.5000 2569.8555   19.5832
   -7.5000   15.0000   52.5000 2580.7991   18.9916
    0.0000   15.0000   52.5000 2565.3784   18.7888
    7.5000   15.0000   52.5000 2562.2437   19.3352
   -7.5000   22.5000   52.5000 2591.1299   19.2276
    0.0000   22.5000   52.5000 2568.6929   19.0447
    7.5000   22.5000   52.5000 2560.5984   19.4874
   -7.5000   30.0000   52.5000 2566.0515   19.7149
    0.0000   30.0000   52.5000 2558.6853   19.5194
    7.5000   30.0000   52.5000 2540.5522   19.8938
   -7.5000   37.5000   52.5000 2503.2222   20.2933
    0.0000   37.5000   52.5000 2499.1038   20.0865
    7.5000   37.5000   52.5000 2482.4167   20.5072
   -7.5000   45.0000   52.5000 2406.1724   20.7768
    0.0000   45.0000   52.5000 2405.2681   20.6187
    7.5000   45.0000   52.5000 2376.9202   21.0410
   -7.5000   52.5000   52.5000 2269.1428   21.1445
    0.0000   52.5000   52.5000 2272.1521   21.0331
    7.5000   52.5000   52.5000 2252.7671   21.4342
   -7.5000   60.0000   52.5000 2095.2664   21.4284
    0.0000   60.0000   52.5000 2102.3357   21.3345
    7.5000   60.0000   52.5000 2086.2998   21.6692

---------------------------------------------------------------------
imgreg_4dfp /opt/freesurfer/average/711-2C_as_mni_average_305 /opt/freesurfer/average/711-2B_as_mni_average_305_mask talsrcimg_g11 none talsrcimg_to_711-2C_as_mni_average_305_t4 1283
---------------------------------------------------------------------

freesurfer imgreg_4dfp.c
/opt/freesurfer/average/711-2C_as_mni_average_305.4dfp.img
       256       256       256         1
  1.000000  1.000000  1.000000
orientation T byte_order littleendian
Reading image: /opt/freesurfer/average/711-2C_as_mni_average_305.4dfp.img
dimensions:      256       256       256
mmppix:       1.0000   -1.0000   -1.0000
center:     128.0000 -129.0000 -129.0000
/opt/freesurfer/average/711-2B_as_mni_average_305_mask.4dfp.img
       256       256       256         1
  1.000000  1.000000  1.000000
orientation T byte_order littleendian
Reading mask: /opt/freesurfer/average/711-2B_as_mni_average_305_mask.4dfp.img (2306576 pixels)
talsrcimg_g11.4dfp.img
       320       320       320         1
  0.700000  0.700000  0.700000
orientation T byte_order littleendian
Reading image: talsrcimg_g11.4dfp.img
dimensions:      320       320       320
mmppix:       0.7000   -0.7000   -0.7000
center:     112.0000 -112.7000 -112.7000
rotation matrix determinant  1.000000
fimgreg.f
image alignment mode   1283 decimal      503 hex
parameters
    0.0000   22.5000    7.5000    0.0000    0.0000    0.0000
eta,q 0.93978 17.27241
niter,ni,del,rscale     5    3   12.0000    1.2000
parameter  4  1.057979 ->  0.500000 qaram    1.1500
parameter  6 -0.737106 -> -0.500000 qaram    1.1500
parameters
   -1.0950   21.4237    7.2331   -3.4500    0.6347    3.4500
eta,q 0.94827 17.43770
  0.0712  0.0634  0.0692  0.0516  0.0643  0.0585
  0.0617  0.0582  0.0636  0.0534  0.0589  0.0559
  0.0560  0.0552  0.0569  0.0541  0.0555  0.0544
  0.0569  0.0556  0.0549  0.0549  0.0538  0.0537
  0.0634  0.0590  0.0575  0.0570  0.0544  0.0525
  0.0740  0.0649  0.0634  0.0594  0.0569  0.0517
  0.0831  0.0694  0.0736  0.0638  0.0604  0.0524
niter,ni,del,rscale     6    3   12.0000    1.2000
parameter  4  1.733921 ->  0.500000 qaram    1.3225
parameters
   -1.3956   22.4955    6.5728   -7.4175    1.4189    2.6689
eta,q 0.95053 17.44398
  0.0742  0.0646  0.0658  0.0483  0.0593  0.0522
  0.0625  0.0577  0.0585  0.0491  0.0550  0.0499
  0.0534  0.0530  0.0525  0.0512  0.0518  0.0497
  0.0517  0.0514  0.0522  0.0516  0.0496  0.0494
  0.0571  0.0532  0.0562  0.0524  0.0497  0.0500
  0.0670  0.0543  0.0633  0.0537  0.0522  0.0514
  0.0773  0.0569  0.0731  0.0574  0.0556  0.0534
niter,ni,del,rscale     6    3   12.0000    1.2000
parameter  4  0.849651 ->  0.500000 qaram    1.5209
parameters
   -1.9424   24.3097    5.8347  -11.9801    2.3746    3.7425
eta,q 0.95625 17.49861
  0.0694  0.0630  0.0612  0.0461  0.0571  0.0511
  0.0579  0.0570  0.0543  0.0445  0.0515  0.0483
  0.0504  0.0524  0.0494  0.0450  0.0473  0.0459
  0.0495  0.0490  0.0481  0.0480  0.0444  0.0441
  0.0554  0.0480  0.0518  0.0520  0.0447  0.0438
  0.0652  0.0490  0.0600  0.0543  0.0475  0.0453
  0.0757  0.0530  0.0694  0.0578  0.0513  0.0484
niter,ni,del,rscale     6    3   12.0000    1.2000
parameters
   -2.2358   24.2928    5.4290  -12.5925    2.5335    3.9690
eta,q 0.95666 17.49261
  0.0704  0.0595  0.0597  0.0528  0.0545  0.0493
  0.0554  0.0517  0.0501  0.0480  0.0494  0.0469
  0.0455  0.0456  0.0446  0.0444  0.0454  0.0447
  0.0438  0.0434  0.0434  0.0434  0.0434  0.0434
  0.0514  0.0464  0.0459  0.0452  0.0451  0.0436
  0.0620  0.0514  0.0538  0.0508  0.0482  0.0459
  0.0721  0.0598  0.0648  0.0551  0.0537  0.0492
niter,ni,del,rscale     5    3   12.0000    1.2000
parameters
   -2.3041   24.3085    5.3558  -12.8752    2.5510    4.0708
eta,q 0.95668 17.48749
  0.0727  0.0595  0.0615  0.0533  0.0542  0.0491
  0.0570  0.0518  0.0512  0.0489  0.0492  0.0468
  0.0461  0.0455  0.0450  0.0446  0.0452  0.0446
  0.0433  0.0433  0.0433  0.0433  0.0433  0.0433
  0.0502  0.0463  0.0450  0.0445  0.0452  0.0436
  0.0609  0.0515  0.0519  0.0495  0.0485  0.0460
  0.0706  0.0592  0.0625  0.0549  0.0544  0.0494
niter,ni,del,rscale     4    3   12.0000    1.2000
parameters
   -2.3183   24.2952    5.3355  -12.9808    2.5461    4.1112
eta,q 0.95667 17.48689
  0.0733  0.0595  0.0617  0.0535  0.0542  0.0490
  0.0576  0.0518  0.0513  0.0493  0.0492  0.0468
  0.0463  0.0455  0.0451  0.0448  0.0452  0.0446
  0.0433  0.0433  0.0433  0.0433  0.0433  0.0433
  0.0500  0.0464  0.0449  0.0443  0.0452  0.0437
  0.0607  0.0518  0.0515  0.0489  0.0486  0.0461
  0.0704  0.0594  0.0621  0.0547  0.0545  0.0495
niter,ni,del,rscale     3    3   12.0000    1.2000
parameters
   -2.3220   24.2879    5.3289  -13.0193    2.5420    4.1259
eta,q 0.95667 17.48692
  0.0735  0.0595  0.0618  0.0536  0.0542  0.0490
  0.0577  0.0519  0.0513  0.0495  0.0492  0.0468
  0.0463  0.0456  0.0452  0.0448  0.0452  0.0445
  0.0433  0.0433  0.0433  0.0433  0.0433  0.0433
  0.0500  0.0464  0.0448  0.0443  0.0452  0.0437
  0.0607  0.0519  0.0514  0.0487  0.0487  0.0461
  0.0703  0.0594  0.0620  0.0546  0.0546  0.0496
registration optimization eta report
parameter search radius
    6.0000    6.0000    6.0000    9.1253    6.0000    6.9000
100000*second partial in parameter space
       76.       43.       52.       13.       30.       12.
  0.0735  0.0595  0.0618  0.0536  0.0542  0.0490
  0.0577  0.0519  0.0513  0.0495  0.0492  0.0468
  0.0463  0.0456  0.0452  0.0448  0.0452  0.0445
  0.0433  0.0433  0.0433  0.0433  0.0433  0.0433
  0.0500  0.0464  0.0448  0.0443  0.0452  0.0437
  0.0607  0.0519  0.0514  0.0487  0.0487  0.0461
  0.0703  0.0594  0.0620  0.0546  0.0546  0.0496
   -2.3220   24.2879    5.3289  -13.0193    2.5420    4.1259
eta,q 0.95667 17.48692

---------------------------------------------------------------------
imgreg_4dfp /opt/freesurfer/average/711-2C_as_mni_average_305 /opt/freesurfer/average/711-2B_as_mni_average_305_mask talsrcimg_g11 none talsrcimg_to_711-2C_as_mni_average_305_t4 3335
---------------------------------------------------------------------

freesurfer imgreg_4dfp.c
/opt/freesurfer/average/711-2C_as_mni_average_305.4dfp.img
       256       256       256         1
  1.000000  1.000000  1.000000
orientation T byte_order littleendian
Reading image: /opt/freesurfer/average/711-2C_as_mni_average_305.4dfp.img
dimensions:      256       256       256
mmppix:       1.0000   -1.0000   -1.0000
center:     128.0000 -129.0000 -129.0000
/opt/freesurfer/average/711-2B_as_mni_average_305_mask.4dfp.img
       256       256       256         1
  1.000000  1.000000  1.000000
orientation T byte_order littleendian
Reading mask: /opt/freesurfer/average/711-2B_as_mni_average_305_mask.4dfp.img (2306576 pixels)
talsrcimg_g11.4dfp.img
       320       320       320         1
  0.700000  0.700000  0.700000
orientation T byte_order littleendian
Reading image: talsrcimg_g11.4dfp.img
dimensions:      320       320       320
mmppix:       0.7000   -0.7000   -0.7000
center:     112.0000 -112.7000 -112.7000
fimgreg.f
image alignment mode   3335 decimal      D07 hex
parameters
   -2.3220   24.2879    5.3289   -0.3573   -2.7512   -2.6665
   -6.0134   -5.9309    7.1878   22.1587    4.4352  -22.5058
eta,q 0.95664 17.50085
niter,ni,del,rscale     5    3    5.0000    1.2000
parameter  5  0.858731 ->  0.500000 qaram    1.1500
parameter 10  0.611797 ->  0.500000 qaram    1.1500
parameters
   -2.6051   24.8964    5.2929   -3.2642   -6.8912   -4.4053
   -5.8119   -4.7915    8.8378   18.0187    5.3159  -19.3804
eta,q 0.96192 17.49080
  0.0476  0.0485  0.0468  0.0446  0.0388  0.0439  0.0426  0.0464  0.0417  0.0386  0.0397  0.0409
  0.0448  0.0461  0.0446  0.0432  0.0389  0.0419  0.0409  0.0427  0.0407  0.0383  0.0390  0.0395
  0.0434  0.0443  0.0433  0.0422  0.0398  0.0400  0.0399  0.0405  0.0400  0.0385  0.0385  0.0387
  0.0434  0.0432  0.0429  0.0429  0.0424  0.0390  0.0396  0.0396  0.0396  0.0394  0.0383  0.0383
  0.0445  0.0430  0.0435  0.0464  0.0466  0.0413  0.0400  0.0397  0.0394  0.0411  0.0383  0.0381
  0.0468  0.0436  0.0448  0.0527  0.0517  0.0474  0.0409  0.0408  0.0397  0.0434  0.0386  0.0381
  0.0499  0.0451  0.0469  0.0608  0.0569  0.0554  0.0421  0.0429  0.0404  0.0468  0.0392  0.0384
niter,ni,del,rscale     6    3    5.0000    1.2000
parameter  2 -1.349514 -> -0.500000 qaram    1.1500
parameters
   -2.9609   26.2764    5.6725   -3.0340  -10.8168   -3.7823
   -6.5094   -4.9675    9.7570   16.2652    5.1362  -18.4055
eta,q 0.96665 17.39507
  0.0402  0.0456  0.0373  0.0406  0.0355  0.0407  0.0359  0.0386  0.0362  0.0365  0.0345  0.0350
  0.0388  0.0429  0.0362  0.0388  0.0345  0.0387  0.0344  0.0356  0.0349  0.0346  0.0339  0.0341
  0.0381  0.0403  0.0355  0.0369  0.0342  0.0365  0.0337  0.0340  0.0341  0.0335  0.0335  0.0336
  0.0381  0.0380  0.0352  0.0352  0.0351  0.0342  0.0337  0.0336  0.0336  0.0336  0.0333  0.0334
  0.0387  0.0362  0.0352  0.0346  0.0382  0.0327  0.0343  0.0342  0.0336  0.0350  0.0335  0.0334
  0.0400  0.0350  0.0356  0.0366  0.0434  0.0347  0.0353  0.0359  0.0342  0.0373  0.0339  0.0337
  0.0420  0.0346  0.0363  0.0416  0.0494  0.0410  0.0367  0.0391  0.0352  0.0408  0.0347  0.0342
niter,ni,del,rscale     6    3    5.0000    1.2000
parameter  2 -0.756057 -> -0.500000 qaram    1.3225
parameters
   -3.0091   27.8634    5.8695   -2.7989  -12.6161   -3.7344
   -6.7875   -5.0750    9.7362   16.1453    4.6602  -18.9626
eta,q 0.96840 17.32416
  0.0365  0.0412  0.0336  0.0373  0.0350  0.0378  0.0344  0.0366  0.0340  0.0360  0.0327  0.0326
  0.0347  0.0382  0.0324  0.0354  0.0334  0.0359  0.0327  0.0335  0.0326  0.0337  0.0321  0.0319
  0.0337  0.0355  0.0317  0.0333  0.0321  0.0339  0.0318  0.0319  0.0319  0.0322  0.0317  0.0316
  0.0333  0.0333  0.0314  0.0314  0.0313  0.0317  0.0317  0.0316  0.0316  0.0316  0.0316  0.0316
  0.0337  0.0319  0.0316  0.0308  0.0326  0.0305  0.0322  0.0323  0.0319  0.0319  0.0318  0.0318
  0.0349  0.0314  0.0320  0.0331  0.0367  0.0334  0.0332  0.0339  0.0326  0.0335  0.0323  0.0322
  0.0368  0.0319  0.0329  0.0383  0.0427  0.0403  0.0346  0.0368  0.0340  0.0367  0.0331  0.0329
niter,ni,del,rscale     6    3    5.0000    1.2000
parameters
   -3.0114   28.4068    5.8550   -2.6533  -13.4919   -3.8331
   -6.7839   -4.9846    9.7256   16.6273    4.3422  -19.4442
eta,q 0.96831 17.28303
  0.0352  0.0375  0.0332  0.0373  0.0355  0.0375  0.0347  0.0370  0.0339  0.0362  0.0329  0.0327
  0.0332  0.0346  0.0321  0.0354  0.0339  0.0357  0.0329  0.0338  0.0327  0.0337  0.0322  0.0320
  0.0320  0.0326  0.0316  0.0333  0.0325  0.0338  0.0319  0.0321  0.0320  0.0323  0.0318  0.0317
  0.0316  0.0316  0.0314  0.0314  0.0313  0.0317  0.0317  0.0317  0.0318  0.0318  0.0317  0.0317
  0.0320  0.0315  0.0317  0.0309  0.0315  0.0306  0.0322  0.0323  0.0320  0.0317  0.0319  0.0319
  0.0332  0.0324  0.0322  0.0334  0.0343  0.0337  0.0331  0.0339  0.0327  0.0328  0.0324  0.0323
  0.0352  0.0346  0.0332  0.0386  0.0397  0.0405  0.0345  0.0365  0.0339  0.0355  0.0331  0.0329
niter,ni,del,rscale     5    3    5.0000    1.2000
parameters
   -3.0193   28.6212    5.7277   -2.5521  -13.8548   -3.9890
   -6.7552   -4.9226    9.8213   17.0903    4.1977  -19.7569
eta,q 0.96821 17.27009
  0.0353  0.0361  0.0332  0.0375  0.0358  0.0375  0.0348  0.0370  0.0339  0.0360  0.0331  0.0328
  0.0332  0.0337  0.0322  0.0355  0.0342  0.0358  0.0330  0.0339  0.0328  0.0336  0.0323  0.0322
  0.0320  0.0323  0.0317  0.0335  0.0328  0.0338  0.0320  0.0322  0.0321  0.0324  0.0319  0.0318
  0.0317  0.0317  0.0317  0.0316  0.0316  0.0317  0.0318  0.0319  0.0319  0.0319  0.0318  0.0318
  0.0321  0.0318  0.0319  0.0312  0.0312  0.0308  0.0323  0.0325  0.0320  0.0318  0.0320  0.0320
  0.0333  0.0329  0.0325  0.0337  0.0334  0.0339  0.0332  0.0340  0.0327  0.0327  0.0324  0.0323
  0.0353  0.0352  0.0335  0.0389  0.0384  0.0408  0.0346  0.0366  0.0339  0.0354  0.0332  0.0329
niter,ni,del,rscale     4    3    5.0000    1.2000
parameters
   -3.0295   28.7643    5.5976   -2.5106  -14.0689   -4.1360
   -6.7681   -4.9125    9.9225   17.4614    4.1275  -19.9768
eta,q 0.96811 17.26289
  0.0354  0.0358  0.0333  0.0375  0.0359  0.0376  0.0348  0.0370  0.0340  0.0358  0.0332  0.0329
  0.0333  0.0336  0.0323  0.0356  0.0343  0.0359  0.0331  0.0339  0.0328  0.0335  0.0324  0.0323
  0.0322  0.0324  0.0319  0.0336  0.0330  0.0339  0.0321  0.0323  0.0322  0.0324  0.0320  0.0319
  0.0318  0.0318  0.0318  0.0318  0.0317  0.0318  0.0319  0.0319  0.0319  0.0319  0.0319  0.0319
  0.0322  0.0319  0.0320  0.0314  0.0313  0.0308  0.0324  0.0326  0.0321  0.0318  0.0321  0.0321
  0.0334  0.0330  0.0326  0.0339  0.0333  0.0340  0.0333  0.0341  0.0327  0.0328  0.0325  0.0324
  0.0354  0.0352  0.0336  0.0392  0.0381  0.0408  0.0346  0.0367  0.0339  0.0354  0.0332  0.0329
niter,ni,del,rscale     3    3    5.0000    1.2000
parameters
   -3.0339   28.8864    5.4951   -2.4920  -14.2559   -4.2597
   -6.8083   -4.9163    9.9938   17.7656    4.0639  -20.1360
eta,q 0.96802 17.25535
  0.0354  0.0356  0.0334  0.0376  0.0360  0.0377  0.0348  0.0370  0.0340  0.0356  0.0333  0.0330
  0.0334  0.0336  0.0325  0.0357  0.0344  0.0359  0.0331  0.0340  0.0329  0.0335  0.0325  0.0324
  0.0323  0.0324  0.0320  0.0337  0.0331  0.0340  0.0322  0.0323  0.0322  0.0326  0.0321  0.0320
  0.0319  0.0319  0.0319  0.0319  0.0318  0.0319  0.0320  0.0320  0.0320  0.0320  0.0320  0.0320
  0.0323  0.0320  0.0321  0.0315  0.0314  0.0309  0.0324  0.0326  0.0322  0.0319  0.0321  0.0322
  0.0335  0.0331  0.0327  0.0340  0.0333  0.0340  0.0333  0.0341  0.0328  0.0328  0.0326  0.0325
  0.0354  0.0353  0.0336  0.0393  0.0380  0.0408  0.0347  0.0368  0.0339  0.0355  0.0333  0.0330
niter,ni,del,rscale     2    3    5.0000    1.2000
parameters
   -3.0338   29.0005    5.4081   -2.4829  -14.4360   -4.3666
   -6.8417   -4.9138   10.0444   18.0486    3.9903  -20.2864
eta,q 0.96794 17.24745
  0.0355  0.0356  0.0335  0.0376  0.0360  0.0377  0.0349  0.0370  0.0340  0.0355  0.0333  0.0330
  0.0335  0.0337  0.0326  0.0358  0.0345  0.0360  0.0332  0.0340  0.0329  0.0336  0.0326  0.0324
  0.0323  0.0325  0.0321  0.0338  0.0332  0.0341  0.0323  0.0324  0.0323  0.0327  0.0322  0.0321
  0.0320  0.0320  0.0320  0.0320  0.0319  0.0320  0.0321  0.0321  0.0321  0.0321  0.0321  0.0321
  0.0324  0.0321  0.0322  0.0316  0.0315  0.0310  0.0325  0.0327  0.0323  0.0320  0.0322  0.0322
  0.0336  0.0332  0.0328  0.0341  0.0333  0.0340  0.0334  0.0342  0.0329  0.0328  0.0326  0.0326
  0.0355  0.0353  0.0337  0.0394  0.0381  0.0408  0.0347  0.0368  0.0340  0.0355  0.0333  0.0330
niter,ni,del,rscale     1    3    5.0000    1.2000
parameters
   -3.0312   29.1114    5.3264   -2.4795  -14.6169   -4.4702
   -6.8788   -4.9013   10.0871   18.3299    3.9193  -20.4054
eta,q 0.96785 17.23870
  0.0356  0.0356  0.0335  0.0377  0.0360  0.0377  0.0349  0.0371  0.0341  0.0355  0.0334  0.0331
  0.0336  0.0337  0.0326  0.0358  0.0345  0.0361  0.0333  0.0341  0.0330  0.0337  0.0326  0.0325
  0.0324  0.0326  0.0322  0.0339  0.0332  0.0342  0.0324  0.0325  0.0324  0.0328  0.0323  0.0322
  0.0321  0.0321  0.0320  0.0320  0.0320  0.0321  0.0322  0.0322  0.0322  0.0322  0.0322  0.0322
  0.0325  0.0322  0.0323  0.0317  0.0315  0.0310  0.0326  0.0328  0.0324  0.0320  0.0323  0.0323
  0.0336  0.0332  0.0328  0.0342  0.0334  0.0340  0.0335  0.0342  0.0330  0.0329  0.0327  0.0326
  0.0355  0.0353  0.0337  0.0395  0.0381  0.0408  0.0348  0.0368  0.0340  0.0356  0.0334  0.0331
registration optimization eta report
parameter search radius
    2.4000    3.1740    2.4000    7.2000    8.2800    7.2000
    7.2000    7.2000    7.2000    8.2800    7.2000    7.2000
100000*second partial in parameter space
       60.       34.       27.       13.        8.       14.
        5.        9.        4.        5.        2.        2.
  0.0356  0.0356  0.0335  0.0377  0.0360  0.0377  0.0349  0.0371  0.0341  0.0355  0.0334  0.0331
  0.0336  0.0337  0.0326  0.0358  0.0345  0.0361  0.0333  0.0341  0.0330  0.0337  0.0326  0.0325
  0.0324  0.0326  0.0322  0.0339  0.0332  0.0342  0.0324  0.0325  0.0324  0.0328  0.0323  0.0322
  0.0321  0.0321  0.0320  0.0320  0.0320  0.0321  0.0322  0.0322  0.0322  0.0322  0.0322  0.0322
  0.0325  0.0322  0.0323  0.0317  0.0315  0.0310  0.0326  0.0328  0.0324  0.0320  0.0323  0.0323
  0.0336  0.0332  0.0328  0.0342  0.0334  0.0340  0.0335  0.0342  0.0330  0.0329  0.0327  0.0326
  0.0355  0.0353  0.0337  0.0395  0.0381  0.0408  0.0348  0.0368  0.0340  0.0356  0.0334  0.0331
   -3.0312   29.1114    5.3264   -2.4795  -14.6169   -4.4702
   -6.8788   -4.9013   10.0871   18.3299    3.9193  -20.4054
eta,q 0.96785 17.23870

---------------------------------------------------------------------
imgreg_4dfp /opt/freesurfer/average/711-2C_as_mni_average_305 /opt/freesurfer/average/711-2B_as_mni_average_305_mask talsrcimg_g11 none talsrcimg_to_711-2C_as_mni_average_305_t4 2311
---------------------------------------------------------------------

freesurfer imgreg_4dfp.c
/opt/freesurfer/average/711-2C_as_mni_average_305.4dfp.img
       256       256       256         1
  1.000000  1.000000  1.000000
orientation T byte_order littleendian
Reading image: /opt/freesurfer/average/711-2C_as_mni_average_305.4dfp.img
dimensions:      256       256       256
mmppix:       1.0000   -1.0000   -1.0000
center:     128.0000 -129.0000 -129.0000
/opt/freesurfer/average/711-2B_as_mni_average_305_mask.4dfp.img
       256       256       256         1
  1.000000  1.000000  1.000000
orientation T byte_order littleendian
Reading mask: /opt/freesurfer/average/711-2B_as_mni_average_305_mask.4dfp.img (2306576 pixels)
talsrcimg_g11.4dfp.img
       320       320       320         1
  0.700000  0.700000  0.700000
orientation T byte_order littleendian
Reading image: talsrcimg_g11.4dfp.img
dimensions:      320       320       320
mmppix:       0.7000   -0.7000   -0.7000
center:     112.0000 -112.7000 -112.7000
fimgreg.f
image alignment mode   2311 decimal      907 hex
parameters
   -3.0312   29.1114    5.3264   -2.4795  -14.6169   -4.4702
   -6.8788   -4.9013   10.0871   18.3299    3.9193  -20.4054
eta,q 0.96785 17.23870
niter,ni,del,rscale     5    3    5.0000    0.8000
parameters
   -3.0441   29.3951    5.1810   -1.5735  -13.6369   -3.7391
   -6.7957   -4.8699    9.8818   18.8229    3.9629  -20.7859
eta,q 0.96912 17.31173
  0.0337  0.0332  0.0327  0.0359  0.0337  0.0353  0.0328  0.0340  0.0321  0.0327  0.0319  0.0315
  0.0328  0.0327  0.0323  0.0346  0.0330  0.0341  0.0317  0.0323  0.0314  0.0319  0.0313  0.0311
  0.0323  0.0323  0.0321  0.0333  0.0323  0.0327  0.0311  0.0312  0.0310  0.0313  0.0310  0.0309
  0.0322  0.0321  0.0321  0.0321  0.0317  0.0314  0.0309  0.0309  0.0309  0.0309  0.0309  0.0309
  0.0323  0.0321  0.0322  0.0316  0.0314  0.0306  0.0312  0.0313  0.0311  0.0309  0.0310  0.0310
  0.0329  0.0323  0.0325  0.0323  0.0316  0.0314  0.0317  0.0323  0.0316  0.0313  0.0313  0.0313
  0.0337  0.0327  0.0329  0.0344  0.0329  0.0345  0.0326  0.0339  0.0323  0.0323  0.0318  0.0318
niter,ni,del,rscale     4    3    5.0000    0.7000
parameters
   -3.0485   28.9833    5.1356   -1.6320  -13.2031   -3.5598
   -6.7393   -4.9008    9.9609   18.6825    4.1264  -20.6888
eta,q 0.96937 17.34365
  0.0325  0.0312  0.0316  0.0337  0.0325  0.0343  0.0320  0.0331  0.0316  0.0318  0.0315  0.0313
  0.0316  0.0309  0.0311  0.0326  0.0319  0.0331  0.0312  0.0317  0.0311  0.0312  0.0310  0.0309
  0.0310  0.0308  0.0309  0.0315  0.0313  0.0318  0.0308  0.0308  0.0307  0.0308  0.0307  0.0307
  0.0309  0.0309  0.0308  0.0308  0.0308  0.0307  0.0306  0.0306  0.0306  0.0306  0.0306  0.0306
  0.0311  0.0311  0.0309  0.0310  0.0307  0.0304  0.0308  0.0309  0.0307  0.0307  0.0307  0.0307
  0.0316  0.0316  0.0312  0.0322  0.0311  0.0317  0.0312  0.0318  0.0310  0.0312  0.0309  0.0309
  0.0325  0.0324  0.0317  0.0345  0.0323  0.0347  0.0319  0.0331  0.0315  0.0322  0.0313  0.0312
niter,ni,del,rscale     3    3    5.0000    0.6000
parameters
   -3.0739   28.8453    5.1908   -1.5525  -12.9040   -3.2982
   -6.7410   -4.9682    9.9457   18.4107    4.2580  -20.5028
eta,q 0.96957 17.35481
  0.0318  0.0311  0.0314  0.0330  0.0320  0.0336  0.0315  0.0323  0.0311  0.0313  0.0311  0.0310
  0.0311  0.0308  0.0310  0.0320  0.0315  0.0325  0.0309  0.0312  0.0307  0.0309  0.0307  0.0307
  0.0307  0.0307  0.0307  0.0312  0.0310  0.0314  0.0305  0.0306  0.0305  0.0305  0.0305  0.0305
  0.0306  0.0306  0.0306  0.0306  0.0306  0.0306  0.0304  0.0304  0.0304  0.0304  0.0304  0.0304
  0.0308  0.0307  0.0307  0.0307  0.0305  0.0303  0.0306  0.0307  0.0305  0.0305  0.0305  0.0305
  0.0312  0.0310  0.0309  0.0315  0.0309  0.0312  0.0309  0.0313  0.0307  0.0310  0.0307  0.0306
  0.0319  0.0315  0.0312  0.0332  0.0318  0.0335  0.0314  0.0324  0.0312  0.0318  0.0310  0.0309
niter,ni,del,rscale     2    3    5.0000    0.5000
parameters
   -3.0846   28.6931    5.2790   -1.4851  -12.6026   -3.0291
   -6.7321   -4.9982    9.9106   18.0662    4.3603  -20.2493
eta,q 0.96973 17.36325
  0.0313  0.0308  0.0310  0.0322  0.0315  0.0328  0.0310  0.0317  0.0308  0.0309  0.0308  0.0307
  0.0308  0.0306  0.0307  0.0314  0.0311  0.0319  0.0306  0.0309  0.0305  0.0305  0.0305  0.0305
  0.0305  0.0304  0.0305  0.0308  0.0307  0.0310  0.0303  0.0304  0.0303  0.0303  0.0303  0.0303
  0.0304  0.0304  0.0304  0.0304  0.0304  0.0304  0.0303  0.0303  0.0303  0.0303  0.0303  0.0303
  0.0305  0.0305  0.0305  0.0305  0.0304  0.0302  0.0304  0.0304  0.0303  0.0304  0.0303  0.0303
  0.0308  0.0308  0.0306  0.0311  0.0306  0.0309  0.0306  0.0309  0.0305  0.0307  0.0305  0.0304
  0.0313  0.0311  0.0308  0.0323  0.0313  0.0325  0.0310  0.0317  0.0308  0.0313  0.0307  0.0306
niter,ni,del,rscale     1    3    5.0000    0.4000
parameters
   -3.0879   28.5259    5.3884   -1.4370  -12.2967   -2.7657
   -6.7196   -5.0072    9.8666   17.6560    4.4491  -19.9575
eta,q 0.96988 17.36983
  0.0308  0.0305  0.0307  0.0315  0.0310  0.0320  0.0306  0.0311  0.0305  0.0305  0.0305  0.0305
  0.0305  0.0303  0.0305  0.0309  0.0307  0.0313  0.0304  0.0305  0.0303  0.0303  0.0303  0.0303
  0.0303  0.0303  0.0303  0.0305  0.0304  0.0307  0.0302  0.0302  0.0302  0.0302  0.0302  0.0302
  0.0303  0.0303  0.0303  0.0302  0.0302  0.0302  0.0301  0.0301  0.0301  0.0301  0.0301  0.0301
  0.0303  0.0303  0.0303  0.0303  0.0302  0.0301  0.0302  0.0302  0.0302  0.0302  0.0302  0.0301
  0.0305  0.0305  0.0304  0.0307  0.0304  0.0306  0.0304  0.0306  0.0303  0.0305  0.0303  0.0302
  0.0309  0.0307  0.0305  0.0315  0.0308  0.0316  0.0306  0.0311  0.0305  0.0309  0.0304  0.0303
registration optimization eta report
parameter search radius
    0.8000    0.8000    0.8000    2.4000    2.4000    2.4000
    2.4000    2.4000    2.4000    2.4000    2.4000    2.4000
100000*second partial in parameter space
       91.       52.       56.       22.       11.       28.
        9.       17.        6.        9.        6.        5.
  0.0308  0.0305  0.0307  0.0315  0.0310  0.0320  0.0306  0.0311  0.0305  0.0305  0.0305  0.0305
  0.0305  0.0303  0.0305  0.0309  0.0307  0.0313  0.0304  0.0305  0.0303  0.0303  0.0303  0.0303
  0.0303  0.0303  0.0303  0.0305  0.0304  0.0307  0.0302  0.0302  0.0302  0.0302  0.0302  0.0302
  0.0303  0.0303  0.0303  0.0302  0.0302  0.0302  0.0301  0.0301  0.0301  0.0301  0.0301  0.0301
  0.0303  0.0303  0.0303  0.0303  0.0302  0.0301  0.0302  0.0302  0.0302  0.0302  0.0302  0.0301
  0.0305  0.0305  0.0304  0.0307  0.0304  0.0306  0.0304  0.0306  0.0303  0.0305  0.0303  0.0302
  0.0309  0.0307  0.0305  0.0315  0.0308  0.0316  0.0306  0.0311  0.0305  0.0309  0.0304  0.0303
   -3.0879   28.5259    5.3884   -1.4370  -12.2967   -2.7657
   -6.7196   -5.0072    9.8666   17.6560    4.4491  -19.9575
eta,q 0.96988 17.36983

---------------------------------------------------------------------
imgreg_4dfp /opt/freesurfer/average/711-2C_as_mni_average_305 /opt/freesurfer/average/711-2B_as_mni_average_305_mask talsrcimg_g11 none talsrcimg_to_711-2C_as_mni_average_305_t4 2311
---------------------------------------------------------------------

freesurfer imgreg_4dfp.c
/opt/freesurfer/average/711-2C_as_mni_average_305.4dfp.img
       256       256       256         1
  1.000000  1.000000  1.000000
orientation T byte_order littleendian
Reading image: /opt/freesurfer/average/711-2C_as_mni_average_305.4dfp.img
dimensions:      256       256       256
mmppix:       1.0000   -1.0000   -1.0000
center:     128.0000 -129.0000 -129.0000
/opt/freesurfer/average/711-2B_as_mni_average_305_mask.4dfp.img
       256       256       256         1
  1.000000  1.000000  1.000000
orientation T byte_order littleendian
Reading mask: /opt/freesurfer/average/711-2B_as_mni_average_305_mask.4dfp.img (2306576 pixels)
talsrcimg_g11.4dfp.img
       320       320       320         1
  0.700000  0.700000  0.700000
orientation T byte_order littleendian
Reading image: talsrcimg_g11.4dfp.img
dimensions:      320       320       320
mmppix:       0.7000   -0.7000   -0.7000
center:     112.0000 -112.7000 -112.7000
fimgreg.f
image alignment mode   2311 decimal      907 hex
parameters
   -3.0879   28.5259    5.3884   -1.4370  -12.2967   -2.7657
   -6.7196   -5.0072    9.8666   17.6560    4.4491  -19.9575
eta,q 0.96988 17.36983
niter,ni,del,rscale     5    3    5.0000    0.8000
parameters
   -3.0662   28.2913    5.5653   -1.9861  -12.6380   -3.1770
   -6.7528   -5.0214    9.9305   17.1834    4.4859  -19.7789
eta,q 0.96951 17.36104
  0.0326  0.0311  0.0320  0.0333  0.0321  0.0343  0.0321  0.0336  0.0316  0.0319  0.0315  0.0313
  0.0312  0.0305  0.0310  0.0319  0.0314  0.0329  0.0312  0.0318  0.0310  0.0311  0.0309  0.0309
  0.0304  0.0302  0.0304  0.0307  0.0307  0.0314  0.0306  0.0307  0.0306  0.0306  0.0306  0.0306
  0.0301  0.0301  0.0301  0.0301  0.0302  0.0303  0.0305  0.0305  0.0305  0.0305  0.0305  0.0305
  0.0304  0.0304  0.0302  0.0307  0.0303  0.0306  0.0307  0.0309  0.0306  0.0307  0.0306  0.0306
  0.0312  0.0310  0.0306  0.0327  0.0313  0.0331  0.0313  0.0319  0.0309  0.0314  0.0309  0.0308
  0.0324  0.0320  0.0312  0.0360  0.0334  0.0375  0.0321  0.0335  0.0316  0.0327  0.0315  0.0312
niter,ni,del,rscale     4    3    5.0000    0.7000
parameters
   -3.0736   28.4300    5.5520   -1.7424  -12.4497   -3.0544
   -6.7575   -5.0175    9.8470   17.2081    4.4748  -19.7561
eta,q 0.96970 17.36433
  0.0320  0.0315  0.0314  0.0336  0.0321  0.0340  0.0317  0.0329  0.0312  0.0317  0.0311  0.0310
  0.0312  0.0310  0.0309  0.0324  0.0315  0.0327  0.0309  0.0314  0.0307  0.0309  0.0307  0.0306
  0.0307  0.0307  0.0306  0.0313  0.0309  0.0315  0.0304  0.0305  0.0304  0.0305  0.0304  0.0304
  0.0305  0.0305  0.0305  0.0305  0.0304  0.0304  0.0303  0.0303  0.0303  0.0303  0.0303  0.0303
  0.0307  0.0305  0.0306  0.0304  0.0303  0.0301  0.0305  0.0306  0.0304  0.0304  0.0304  0.0304
  0.0312  0.0307  0.0309  0.0314  0.0309  0.0315  0.0310  0.0314  0.0307  0.0308  0.0307  0.0306
  0.0321  0.0312  0.0314  0.0335  0.0322  0.0345  0.0317  0.0328  0.0313  0.0317  0.0311  0.0309
niter,ni,del,rscale     3    3    5.0000    0.6000
parameters
   -3.0680   28.3505    5.5535   -1.6252  -12.2422   -2.8601
   -6.7355   -5.0010    9.8158   17.1226    4.4971  -19.6709
eta,q 0.96985 17.37169
  0.0316  0.0309  0.0310  0.0328  0.0317  0.0333  0.0313  0.0322  0.0309  0.0312  0.0308  0.0307
  0.0309  0.0306  0.0306  0.0317  0.0311  0.0322  0.0306  0.0310  0.0305  0.0306  0.0304  0.0304
  0.0304  0.0304  0.0304  0.0308  0.0306  0.0311  0.0302  0.0304  0.0302  0.0303  0.0302  0.0302
  0.0303  0.0303  0.0303  0.0303  0.0303  0.0302  0.0301  0.0301  0.0301  0.0301  0.0301  0.0301
  0.0304  0.0304  0.0304  0.0303  0.0302  0.0301  0.0303  0.0304  0.0302  0.0303  0.0302  0.0302
  0.0309  0.0307  0.0306  0.0312  0.0306  0.0311  0.0306  0.0310  0.0305  0.0306  0.0304  0.0304
  0.0315  0.0311  0.0310  0.0328  0.0316  0.0334  0.0312  0.0321  0.0309  0.0314  0.0308  0.0306
niter,ni,del,rscale     2    3    5.0000    0.5000
parameters
   -3.0674   28.2614    5.5922   -1.5447  -12.0447   -2.6496
   -6.7381   -4.9881    9.7779   16.9610    4.5338  -19.5224
eta,q 0.96997 17.37619
  0.0311  0.0306  0.0307  0.0320  0.0312  0.0325  0.0308  0.0315  0.0305  0.0308  0.0305  0.0305
  0.0305  0.0303  0.0304  0.0312  0.0308  0.0316  0.0304  0.0307  0.0303  0.0303  0.0303  0.0302
  0.0302  0.0302  0.0302  0.0305  0.0304  0.0308  0.0301  0.0302  0.0301  0.0301  0.0301  0.0301
  0.0301  0.0301  0.0302  0.0301  0.0301  0.0301  0.0300  0.0300  0.0300  0.0300  0.0300  0.0300
  0.0303  0.0302  0.0302  0.0302  0.0301  0.0300  0.0301  0.0302  0.0301  0.0301  0.0301  0.0301
  0.0306  0.0304  0.0304  0.0308  0.0304  0.0307  0.0304  0.0307  0.0303  0.0304  0.0302  0.0302
  0.0310  0.0308  0.0306  0.0320  0.0311  0.0324  0.0308  0.0315  0.0306  0.0310  0.0305  0.0304
niter,ni,del,rscale     1    3    5.0000    0.4000
parameters
   -3.0624   28.1628    5.6526   -1.4870  -11.8656   -2.4413
   -6.7396   -4.9671    9.7392   16.7503    4.5576  -19.3509
eta,q 0.97006 17.37882
  0.0306  0.0303  0.0305  0.0313  0.0308  0.0318  0.0305  0.0309  0.0303  0.0304  0.0303  0.0302
  0.0303  0.0301  0.0302  0.0307  0.0304  0.0311  0.0302  0.0304  0.0301  0.0301  0.0301  0.0301
  0.0301  0.0300  0.0301  0.0303  0.0302  0.0304  0.0300  0.0301  0.0300  0.0300  0.0300  0.0300
  0.0300  0.0300  0.0300  0.0300  0.0300  0.0300  0.0299  0.0299  0.0299  0.0299  0.0299  0.0299
  0.0301  0.0301  0.0300  0.0301  0.0300  0.0299  0.0300  0.0300  0.0300  0.0300  0.0300  0.0300
  0.0303  0.0302  0.0302  0.0305  0.0302  0.0304  0.0302  0.0304  0.0301  0.0303  0.0301  0.0300
  0.0306  0.0305  0.0303  0.0313  0.0306  0.0315  0.0304  0.0309  0.0303  0.0306  0.0303  0.0302
registration optimization eta report
parameter search radius
    0.8000    0.8000    0.8000    2.4000    2.4000    2.4000
    2.4000    2.4000    2.4000    2.4000    2.4000    2.4000
100000*second partial in parameter space
       94.       55.       58.       22.       12.       28.
        9.       17.        6.       10.        6.        5.
  0.0306  0.0303  0.0305  0.0313  0.0308  0.0318  0.0305  0.0309  0.0303  0.0304  0.0303  0.0302
  0.0303  0.0301  0.0302  0.0307  0.0304  0.0311  0.0302  0.0304  0.0301  0.0301  0.0301  0.0301
  0.0301  0.0300  0.0301  0.0303  0.0302  0.0304  0.0300  0.0301  0.0300  0.0300  0.0300  0.0300
  0.0300  0.0300  0.0300  0.0300  0.0300  0.0300  0.0299  0.0299  0.0299  0.0299  0.0299  0.0299
  0.0301  0.0301  0.0300  0.0301  0.0300  0.0299  0.0300  0.0300  0.0300  0.0300  0.0300  0.0300
  0.0303  0.0302  0.0302  0.0305  0.0302  0.0304  0.0302  0.0304  0.0301  0.0303  0.0301  0.0300
  0.0306  0.0305  0.0303  0.0313  0.0306  0.0315  0.0304  0.0309  0.0303  0.0306  0.0303  0.0302
   -3.0624   28.1628    5.6526   -1.4870  -11.8656   -2.4413
   -6.7396   -4.9671    9.7392   16.7503    4.5576  -19.3509
eta,q 0.97006 17.37882

---------------------------------------------------------------------
compute_vox2vox talsrcimg talsrcimg_to_711-2C_as_mni_average_305_t4 /opt/freesurfer/average/711-2C_as_mni_average_305
---------------------------------------------------------------------

freesurfer compute_vox2vox.c
Reading: talsrcimg.4dfp.ifh
Reading: talsrcimg_to_711-2C_as_mni_average_305_t4
Reading: /opt/freesurfer/average/711-2C_as_mni_average_305.4dfp.ifh
Writing: talsrcimg_to_711-2C_as_mni_average_305_t4_vox2vox.txt

start time Fri Mar 13 08:27:39 CET 2026
end		time Fri Mar 13 08:29:02 CET 2026

mpr2mni305 success

avi2talxfm orig_nu.mgz /opt/freesurfer/average/mni305.cor.mgz talsrcimg_to_711-2C_as_mni_average_305_t4_vox2vox.txt transforms/talairach.auto.xfm
avi2talxfm done
mv -f /out/sourcedata/freesurfer/sub-v2s5x29575_ses-1/mri/talsrcimg_to_711-2C_as_mni_average_305_t4_vox2vox.txt /out/sourcedata/freesurfer/sub-v2s5x29575_ses-1/mri/transforms/talsrcimg_to_711-2C_as_mni_average_305_t4_vox2vox.txt
lta_convert --src orig_nu.mgz --trg /opt/freesurfer/average/mni305.cor.mgz --inxfm transforms/talairach.auto.xfm --outlta transforms/talairach.auto.xfm.lta --subject fsaverage
7.3.2

--src: orig_nu.mgz src image (geometry).
--trg: /opt/freesurfer/average/mni305.cor.mgz trg image (geometry).
--inmni: transforms/talairach.auto.xfm input MNI/XFM transform.
--outlta: transforms/talairach.auto.xfm.lta output LTA.
--s: fsaverage subject name
 LTA read, type : 1
 1.00501   0.03660   0.08489   1.68067;
-0.06647   0.98537   0.21126  -32.25680;
-0.09842  -0.19132   1.08510  -12.37463;
 0.00000   0.00000   0.00000   1.00000;
setting subject to fsaverage
Writing  LTA to file transforms/talairach.auto.xfm.lta...
lta_convert successful.
 
 
Started at Fri Mar 13 08:27:38 CET 2026
Ended   at Fri Mar 13 08:29:03 CET 2026
talairach_avi done
