/out/sourcedata/freesurfer/sub-v2s5x29553_ses-1/mri
/opt/freesurfer/bin/talairach_avi
--i orig_nu.mgz --xfm transforms/talairach.auto.xfm
talairach_avi 7.3.2
Linux dna079 5.14.0-427.37.1.el9_4.x86_64 #1 SMP PREEMPT_DYNAMIC Fri Sep 13 12:41:50 EDT 2024 x86_64 x86_64 x86_64 GNU/Linux
Fri Mar 13 07:23:43 CET 2026
mri_convert orig_nu.mgz talsrcimg.img 
reading from orig_nu.mgz...
TR=0.00, TE=0.00, TI=0.00, flip angle=0.00
i_ras = (-1, 0, 0)
j_ras = (0, 0, -1)
k_ras = (0, 1, 0)
writing to talsrcimg.img...
Analyze Output Matrix
-0.70000   0.00000   0.00000   117.77350;
 0.00000   0.00000   0.70000  -82.97200;
 0.00000  -0.70000   0.00000   77.51300;
 0.00000   0.00000   0.00000   1.00000;
--------------------
INFO: set hdr.hist.orient to -1
mpr2mni305 talsrcimg
Fri Mar 13 07:23:43 CET 2026
/opt/freesurfer/bin/mpr2mni305 talsrcimg
mpr2mni305 7.3.2
target=711-2C_as_mni_average_305

---------------------------------------------------------------------
analyzeto4dfp talsrcimg -O0 -y
---------------------------------------------------------------------

freesurfer ifh2hdr.c
Fri Mar 13 07:23:44 2026
Writing: talsrcimg.4dfp.hdr
freesurfer analyzeto4dfp.c
Reading: talsrcimg.hdr
header size 348 bytes
hdr.dime.datatype	offset=70	value=2
hdr.dime.bitpix		offset=72	value=8
hdr.hist.orient		offset=252	value=-1
dimensionality     4
dimensions       320       320       320         1
Reading: talsrcimg.img
Writing: talsrcimg.4dfp.img
Writing: talsrcimg.4dfp.ifh
ifh2hdr talsrcimg -r0to218
ori=2

---------------------------------------------------------------------
gauss_4dfp talsrcimg 1.1
---------------------------------------------------------------------

freesurfer gauss_4dfp.c
Reading: talsrcimg.4dfp.img
Writing: talsrcimg_g11.4dfp.img
image dimensions 320 320 320 padded to 384 384 384
processing volume 1freesurfer ifh2hdr.c
Fri Mar 13 07:23:51 2026
Writing: talsrcimg_g11.4dfp.hdr

Writing: talsrcimg_g11.4dfp.ifh
including: talsrcimg.4dfp.img.rec in talsrcimg_g11.4dfp.img.rec

---------------------------------------------------------------------
imgreg_4dfp /opt/freesurfer/average/711-2C_as_mni_average_305 none talsrcimg_g11 none talsrcimg_to_711-2C_as_mni_average_305_t4 4355
---------------------------------------------------------------------

freesurfer imgreg_4dfp.c
/opt/freesurfer/average/711-2C_as_mni_average_305.4dfp.img
       256       256       256         1
  1.000000  1.000000  1.000000
orientation T byte_order littleendian
Reading image: /opt/freesurfer/average/711-2C_as_mni_average_305.4dfp.img
dimensions:      256       256       256
mmppix:       1.0000   -1.0000   -1.0000
center:     128.0000 -129.0000 -129.0000
talsrcimg_g11.4dfp.img
       320       320       320         1
  0.700000  0.700000  0.700000
orientation T byte_order littleendian
Reading image: talsrcimg_g11.4dfp.img
dimensions:      320       320       320
mmppix:       0.7000   -0.7000   -0.7000
center:     112.0000 -112.7000 -112.7000
t4_read: open error in t4_sub.f l:  41 t4_file(1:l)talsrcimg_to_711-2C_as_mni_average_305_t4 
t4_read: transform initialized to I4
rotation matrix determinant  1.000000
image alignment mode   4355 decimal     1103 hex
   -7.5000  -45.0000  -45.0000 5355.0229   22.9211
    0.0000  -45.0000  -45.0000 5659.9756   22.8854
    7.5000  -45.0000  -45.0000 5409.3979   22.8230
   -7.5000  -37.5000  -45.0000 5648.7319   23.2076
    0.0000  -37.5000  -45.0000 5980.5640   23.1752
    7.5000  -37.5000  -45.0000 5717.6597   23.1294
   -7.5000  -30.0000  -45.0000 5967.8013   22.9768
    0.0000  -30.0000  -45.0000 6314.7939   22.9464
    7.5000  -30.0000  -45.0000 6038.9683   22.8936
   -7.5000  -22.5000  -45.0000 6143.5151   22.3361
    0.0000  -22.5000  -45.0000 6494.7793   22.2985
    7.5000  -22.5000  -45.0000 6202.3999   22.2288
   -7.5000  -15.0000  -45.0000 6590.8354   21.7793
    0.0000  -15.0000  -45.0000 6951.8218   21.7384
    7.5000  -15.0000  -45.0000 6626.9438   21.6694
   -7.5000   -7.5000  -45.0000 7052.2002   21.4408
    0.0000   -7.5000  -45.0000 7438.3120   21.4054
    7.5000   -7.5000  -45.0000 7064.3491   21.3529
   -7.5000    0.0000  -45.0000 7467.3423   21.3321
    0.0000    0.0000  -45.0000 7886.9194   21.3066
    7.5000    0.0000  -45.0000 7456.6704   21.2725
   -7.5000    7.5000  -45.0000 7207.4854   21.4782
    0.0000    7.5000  -45.0000 7628.0186   21.4611
    7.5000    7.5000  -45.0000 7178.0425   21.4306
   -7.5000   15.0000  -45.0000 6851.4824   21.3843
    0.0000   15.0000  -45.0000 7272.9033   21.3616
    7.5000   15.0000  -45.0000 6818.4536   21.3144
   -7.5000   22.5000  -45.0000 6478.5542   21.0356
    0.0000   22.5000  -45.0000 6890.9863   20.9996
    7.5000   22.5000  -45.0000 6438.4692   20.9317
   -7.5000   30.0000  -45.0000 6298.7275   21.2809
    0.0000   30.0000  -45.0000 6727.3882   21.2367
    7.5000   30.0000  -45.0000 6286.0801   21.1638
   -7.5000   37.5000  -45.0000 5899.4097   20.9323
    0.0000   37.5000  -45.0000 6341.5718   20.8922
    7.5000   37.5000  -45.0000 5928.1987   20.8366
   -7.5000   45.0000  -45.0000 5507.4424   20.6366
    0.0000   45.0000  -45.0000 5956.6982   20.6092
    7.5000   45.0000  -45.0000 5575.0635   20.5766
   -7.5000  -45.0000  -37.5000 5573.8589   23.4914
    0.0000  -45.0000  -37.5000 5894.0454   23.4568
    7.5000  -45.0000  -37.5000 5612.1763   23.3810
   -7.5000  -37.5000  -37.5000 5876.4487   23.7601
    0.0000  -37.5000  -37.5000 6219.2690   23.7274
    7.5000  -37.5000  -37.5000 5928.4209   23.6650
   -7.5000  -30.0000  -37.5000 6236.2856   23.4959
    0.0000  -30.0000  -37.5000 6596.5938   23.4647
    7.5000  -30.0000  -37.5000 6292.8711   23.3957
   -7.5000  -22.5000  -37.5000 6444.7686   22.8574
    0.0000  -22.5000  -37.5000 6797.8809   22.8196
    7.5000  -22.5000  -37.5000 6497.3711   22.7350
   -7.5000  -15.0000  -37.5000 6926.2979   22.2923
    0.0000  -15.0000  -37.5000 7294.7515   22.2531
    7.5000  -15.0000  -37.5000 6968.1714   22.1722
   -7.5000   -7.5000  -37.5000 7436.1265   21.9436
    0.0000   -7.5000  -37.5000 7818.8125   21.9104
    7.5000   -7.5000  -37.5000 7441.1802   21.8475
   -7.5000    0.0000  -37.5000 7886.9531   21.8313
    0.0000    0.0000  -37.5000 8309.8311   21.8076
    7.5000    0.0000  -37.5000 7867.7964   21.7621
   -7.5000    7.5000  -37.5000 7604.3955   21.9855
    0.0000    7.5000  -37.5000 8019.1030   21.9685
    7.5000    7.5000  -37.5000 7564.9951   21.9244
   -7.5000   15.0000  -37.5000 7221.8271   21.8965
    0.0000   15.0000  -37.5000 7640.4658   21.8728
    7.5000   15.0000  -37.5000 7182.1953   21.8110
   -7.5000   22.5000  -37.5000 6838.3296   21.5485
    0.0000   22.5000  -37.5000 7268.5098   21.5127
    7.5000   22.5000  -37.5000 6812.9316   21.4315
   -7.5000   30.0000  -37.5000 6673.7617   21.7811
    0.0000   30.0000  -37.5000 7127.5151   21.7391
    7.5000   30.0000  -37.5000 6682.1650   21.6549
   -7.5000   37.5000  -37.5000 6267.2939   21.4048
    0.0000   37.5000  -37.5000 6719.2578   21.3677
    7.5000   37.5000  -37.5000 6293.4556   21.3020
   -7.5000   45.0000  -37.5000 5869.2627   21.0705
    0.0000   45.0000  -37.5000 6314.9775   21.0448
    7.5000   45.0000  -37.5000 5922.4072   21.0008
   -7.5000  -45.0000  -30.0000 5719.0503   23.9598
    0.0000  -45.0000  -30.0000 6052.9907   23.9137
    7.5000  -45.0000  -30.0000 5762.8730   23.8344
   -7.5000  -37.5000  -30.0000 6044.5825   24.2700
    0.0000  -37.5000  -30.0000 6397.2402   24.2279
    7.5000  -37.5000  -30.0000 6102.5239   24.1609
   -7.5000  -30.0000  -30.0000 6441.3521   23.9837
    0.0000  -30.0000  -30.0000 6817.3267   23.9450
    7.5000  -30.0000  -30.0000 6512.0459   23.8735
   -7.5000  -22.5000  -30.0000 6691.3960   23.3374
    0.0000  -22.5000  -30.0000 7057.1382   23.2923
    7.5000  -22.5000  -30.0000 6752.4565   23.2047
   -7.5000  -15.0000  -30.0000 7233.2671   22.7703
    0.0000  -15.0000  -30.0000 7617.5898   22.7240
    7.5000  -15.0000  -30.0000 7285.8198   22.6396
   -7.5000   -7.5000  -30.0000 7806.0298   22.4255
    0.0000   -7.5000  -30.0000 8215.2461   22.3835
    7.5000   -7.5000  -30.0000 7829.0752   22.3157
   -7.5000    0.0000  -30.0000 8331.4922   22.3181
    0.0000    0.0000  -30.0000 8774.2529   22.2854
    7.5000    0.0000  -30.0000 8318.4414   22.2350
   -7.5000    7.5000  -30.0000 8025.9351   22.4746
    0.0000    7.5000  -30.0000 8436.8984   22.4492
    7.5000    7.5000  -30.0000 7973.0718   22.4010
   -7.5000   15.0000  -30.0000 7614.8291   22.3762
    0.0000   15.0000  -30.0000 8003.2412   22.3452
    7.5000   15.0000  -30.0000 7542.7422   22.2806
   -7.5000   22.5000  -30.0000 7219.4136   22.0217
    0.0000   22.5000  -30.0000 7635.5615   21.9801
    7.5000   22.5000  -30.0000 7166.4507   21.8973
   -7.5000   30.0000  -30.0000 7071.5928   22.2496
    0.0000   30.0000  -30.0000 7528.2617   22.2010
    7.5000   30.0000  -30.0000 7066.4341   22.1140
   -7.5000   37.5000  -30.0000 6667.2070   21.8763
    0.0000   37.5000  -30.0000 7112.4131   21.8306
    7.5000   37.5000  -30.0000 6679.4741   21.7604
   -7.5000   45.0000  -30.0000 6259.5786   21.5323
    0.0000   45.0000  -30.0000 6695.3081   21.4981
    7.5000   45.0000  -30.0000 6289.6689   21.4503
   -7.5000  -45.0000  -22.5000 5692.4604   24.2422
    0.0000  -45.0000  -22.5000 6028.3125   24.1877
    7.5000  -45.0000  -22.5000 5763.9619   24.1134
   -7.5000  -37.5000  -22.5000 6019.8188   24.5545
    0.0000  -37.5000  -22.5000 6371.4150   24.5072
    7.5000  -37.5000  -22.5000 6103.3286   24.4453
   -7.5000  -30.0000  -22.5000 6406.2500   24.2474
    0.0000  -30.0000  -22.5000 6769.0723   24.2049
    7.5000  -30.0000  -22.5000 6491.6445   24.1397
   -7.5000  -22.5000  -22.5000 6660.0332   23.5710
    0.0000  -22.5000  -22.5000 7011.9316   23.5217
    7.5000  -22.5000  -22.5000 6715.9468   23.4406
   -7.5000  -15.0000  -22.5000 7223.5674   22.9846
    0.0000  -15.0000  -22.5000 7605.5435   22.9332
    7.5000  -15.0000  -22.5000 7271.0405   22.8550
   -7.5000   -7.5000  -22.5000 7851.9165   22.6428
    0.0000   -7.5000  -22.5000 8272.3652   22.5932
    7.5000   -7.5000  -22.5000 7884.6499   22.5294
   -7.5000    0.0000  -22.5000 8470.7744   22.5484
    0.0000    0.0000  -22.5000 8943.4922   22.5083
    7.5000    0.0000  -22.5000 8466.5576   22.4612
   -7.5000    7.5000  -22.5000 8224.5410   22.7124
    0.0000    7.5000  -22.5000 8621.5176   22.6817
    7.5000    7.5000  -22.5000 8166.2393   22.6379
   -7.5000   15.0000  -22.5000 7792.8472   22.6050
    0.0000   15.0000  -22.5000 8113.6411   22.5705
    7.5000   15.0000  -22.5000 7698.8931   22.5113
   -7.5000   22.5000  -22.5000 7380.3203   22.2313
    0.0000   22.5000  -22.5000 7717.8643   22.1865
    7.5000   22.5000  -22.5000 7306.4131   22.1103
   -7.5000   30.0000  -22.5000 7240.9209   22.4538
    0.0000   30.0000  -22.5000 7632.1846   22.4001
    7.5000   30.0000  -22.5000 7212.8555   22.3193
   -7.5000   37.5000  -22.5000 6846.0122   22.0859
    0.0000   37.5000  -22.5000 7248.4180   22.0324
    7.5000   37.5000  -22.5000 6834.5898   21.9660
   -7.5000   45.0000  -22.5000 6433.9136   21.7573
    0.0000   45.0000  -22.5000 6850.5645   21.7163
    7.5000   45.0000  -22.5000 6443.7661   21.6729
   -7.5000  -45.0000  -15.0000 5959.7329   24.9829
    0.0000  -45.0000  -15.0000 6281.7612   24.9303
    7.5000  -45.0000  -15.0000 6045.7690   24.8605
   -7.5000  -37.5000  -15.0000 6305.4238   25.3166
    0.0000  -37.5000  -15.0000 6656.6528   25.2709
    7.5000  -37.5000  -15.0000 6411.0391   25.2142
   -7.5000  -30.0000  -15.0000 6718.8594   24.9751
    0.0000  -30.0000  -15.0000 7091.3101   24.9329
    7.5000  -30.0000  -15.0000 6831.1948   24.8719
   -7.5000  -22.5000  -15.0000 6997.4922   24.2821
    0.0000  -22.5000  -15.0000 7361.7075   24.2324
    7.5000  -22.5000  -15.0000 7076.7515   24.1557
   -7.5000  -15.0000  -15.0000 7614.5635   23.6857
    0.0000  -15.0000  -15.0000 8000.0688   23.6330
    7.5000  -15.0000  -15.0000 7671.5405   23.5590
   -7.5000   -7.5000  -15.0000 8295.1387   23.3410
    0.0000   -7.5000  -15.0000 8730.7432   23.2911
    7.5000   -7.5000  -15.0000 8348.9434   23.2310
   -7.5000    0.0000  -15.0000 9004.4326   23.2436
    0.0000    0.0000  -15.0000 9527.7715   23.2039
    7.5000    0.0000  -15.0000 9041.7979   23.1607
   -7.5000    7.5000  -15.0000 8870.7168   23.4027
    0.0000    7.5000  -15.0000 9313.3057   23.3730
    7.5000    7.5000  -15.0000 8831.6250   23.3332
   -7.5000   15.0000  -15.0000 8483.6240   23.2907
    0.0000   15.0000  -15.0000 8782.7070   23.2567
    7.5000   15.0000  -15.0000 8363.5615   23.2014
   -7.5000   22.5000  -15.0000 8060.0474   22.9173
    0.0000   22.5000  -15.0000 8324.4531   22.8717
    7.5000   22.5000  -15.0000 7916.3760   22.7989
   -7.5000   30.0000  -15.0000 7913.7251   23.1485
    0.0000   30.0000  -15.0000 8256.9160   23.0930
    7.5000   30.0000  -15.0000 7783.9795   23.0155
   -7.5000   37.5000  -15.0000 7480.3662   22.7903
    0.0000   37.5000  -15.0000 7898.0371   22.7358
    7.5000   37.5000  -15.0000 7379.9282   22.6726
   -7.5000   45.0000  -15.0000 7011.8047   22.4664
    0.0000   45.0000  -15.0000 7486.1562   22.4260
    7.5000   45.0000  -15.0000 6949.4033   22.3867
   -7.5000  -45.0000   -7.5000 6161.6045   25.5731
    0.0000  -45.0000   -7.5000 6505.6353   25.5300
    7.5000  -45.0000   -7.5000 6284.1729   25.4608
   -7.5000  -37.5000   -7.5000 6531.7378   25.9068
    0.0000  -37.5000   -7.5000 6910.7666   25.8682
    7.5000  -37.5000   -7.5000 6684.2939   25.8143
   -7.5000  -30.0000   -7.5000 7000.1855   25.5460
    0.0000  -30.0000   -7.5000 7396.2583   25.5090
    7.5000  -30.0000   -7.5000 7146.2544   25.4486
   -7.5000  -22.5000   -7.5000 7342.7544   24.8530
    0.0000  -22.5000   -7.5000 7719.9956   24.8077
    7.5000  -22.5000   -7.5000 7440.2368   24.7306
   -7.5000  -15.0000   -7.5000 8045.8569   24.2520
    0.0000  -15.0000   -7.5000 8435.5000   24.2035
    7.5000  -15.0000   -7.5000 8099.7192   24.1279
   -7.5000   -7.5000   -7.5000 8797.9316   23.8939
    0.0000   -7.5000   -7.5000 9223.5469   23.8504
    7.5000   -7.5000   -7.5000 8804.2842   23.7909
   -7.5000    0.0000   -7.5000 9546.3125   23.7812
    0.0000    0.0000   -7.500010120.5186   23.7491
    7.5000    0.0000   -7.5000 9517.0762   23.7081
   -7.5000    7.5000   -7.5000 9488.6758   23.9348
    0.0000    7.5000   -7.500010108.2988   23.9119
    7.5000    7.5000   -7.5000 9395.3271   23.8745
   -7.5000   15.0000   -7.5000 9228.8350   23.8298
    0.0000   15.0000   -7.5000 9771.3496   23.8012
    7.5000   15.0000   -7.5000 9056.6484   23.7467
   -7.5000   22.5000   -7.5000 8840.8193   23.4723
    0.0000   22.5000   -7.5000 9336.4824   23.4298
    7.5000   22.5000   -7.5000 8606.8740   23.3553
   -7.5000   30.0000   -7.5000 8641.1836   23.7121
    0.0000   30.0000   -7.5000 9174.5635   23.6603
    7.5000   30.0000   -7.5000 8396.0625   23.5807
   -7.5000   37.5000   -7.5000 8083.8335   23.3557
    0.0000   37.5000   -7.5000 8636.3330   23.3073
    7.5000   37.5000   -7.5000 7881.9092   23.2444
   -7.5000   45.0000   -7.5000 7561.0195   23.0266
    0.0000   45.0000   -7.5000 8111.0552   22.9934
    7.5000   45.0000   -7.5000 7405.1108   22.9551
   -7.5000  -45.0000    0.0000 6183.7422   25.2887
    0.0000  -45.0000    0.0000 6540.6465   25.2533
    7.5000  -45.0000    0.0000 6305.4888   25.1847
   -7.5000  -37.5000    0.0000 6619.5615   25.6431
    0.0000  -37.5000    0.0000 7015.1465   25.6106
    7.5000  -37.5000    0.0000 6744.9731   25.5563
   -7.5000  -30.0000    0.0000 7171.2686   25.3098
    0.0000  -30.0000    0.0000 7591.6177   25.2779
    7.5000  -30.0000    0.0000 7259.6597   25.2149
   -7.5000  -22.5000    0.0000 7567.4595   24.6543
    0.0000  -22.5000    0.0000 7995.7173   24.6146
    7.5000  -22.5000    0.0000 7581.2603   24.5344
   -7.5000  -15.0000    0.0000 8318.6270   24.0753
    0.0000  -15.0000    0.0000 8805.1699   24.0328
    7.5000  -15.0000    0.0000 8254.1797   23.9553
   -7.5000   -7.5000    0.0000 9079.5342   23.7149
    0.0000   -7.5000    0.0000 9648.1113   23.6789
    7.5000   -7.5000    0.0000 8955.0654   23.6199
   -7.5000    0.0000    0.0000 9833.4814   23.5912
    0.0000    0.0000    0.000010558.0576   23.5661
    7.5000    0.0000    0.0000 9647.3984   23.5260
   -7.5000    7.5000    0.0000 9756.7969   23.7374
    0.0000    7.5000    0.000010532.3447   23.7204
    7.5000    7.5000    0.0000 9545.3984   23.6827
   -7.5000   15.0000    0.0000 9523.3555   23.6440
    0.0000   15.0000    0.000010308.0068   23.6202
    7.5000   15.0000    0.0000 9306.2002   23.5637
   -7.5000   22.5000    0.0000 9142.4033   23.3082
    0.0000   22.5000    0.0000 9924.0410   23.2703
    7.5000   22.5000    0.0000 8929.0957   23.1924
   -7.5000   30.0000    0.0000 8928.3887   23.5397
    0.0000   30.0000    0.0000 9687.9609   23.4942
    7.5000   30.0000    0.0000 8736.5459   23.4129
   -7.5000   37.5000    0.0000 8352.6406   23.1769
    0.0000   37.5000    0.0000 9038.6074   23.1363
    7.5000   37.5000    0.0000 8201.6123   23.0743
   -7.5000   45.0000    0.0000 7816.4043   22.8371
    0.0000   45.0000    0.0000 8446.1826   22.8102
    7.5000   45.0000    0.0000 7694.8862   22.7717
   -7.5000  -45.0000    7.5000 6065.2002   26.3103
    0.0000  -45.0000    7.5000 6432.6904   26.2642
    7.5000  -45.0000    7.5000 6055.2788   26.1835
   -7.5000  -37.5000    7.5000 6503.6816   26.6576
    0.0000  -37.5000    7.5000 6908.9746   26.6153
    7.5000  -37.5000    7.5000 6491.3169   26.5474
   -7.5000  -30.0000    7.5000 7036.0952   26.2794
    0.0000  -30.0000    7.5000 7476.3052   26.2387
    7.5000  -30.0000    7.5000 6996.8999   26.1616
   -7.5000  -22.5000    7.5000 7398.5156   25.5749
    0.0000  -22.5000    7.5000 7861.2158   25.5264
    7.5000  -22.5000    7.5000 7319.8428   25.4319
   -7.5000  -15.0000    7.5000 8091.0259   24.9509
    0.0000  -15.0000    7.5000 8630.1406   24.9005
    7.5000  -15.0000    7.5000 7979.0957   24.8115
   -7.5000   -7.5000    7.5000 8796.9229   24.5611
    0.0000   -7.5000    7.5000 9389.0000   24.5175
    7.5000   -7.5000    7.5000 8654.1689   24.4496
   -7.5000    0.0000    7.5000 9532.8223   24.4301
    0.0000    0.0000    7.500010225.7969   24.3982
    7.5000    0.0000    7.5000 9356.3896   24.3499
   -7.5000    7.5000    7.5000 9497.3369   24.5910
    0.0000    7.5000    7.500010237.2041   24.5675
    7.5000    7.5000    7.5000 9348.2979   24.5197
   -7.5000   15.0000    7.5000 9258.1855   24.5040
    0.0000   15.0000    7.5000 9953.6963   24.4726
    7.5000   15.0000    7.5000 9119.3682   24.4037
   -7.5000   22.5000    7.5000 8790.8447   24.1624
    0.0000   22.5000    7.5000 9313.2734   24.1167
    7.5000   22.5000    7.5000 8628.8604   24.0261
   -7.5000   30.0000    7.5000 8515.5088   24.4039
    0.0000   30.0000    7.5000 8978.1201   24.3507
    7.5000   30.0000    7.5000 8387.3643   24.2583
   -7.5000   37.5000    7.5000 8021.9204   24.0315
    0.0000   37.5000    7.5000 8491.1094   23.9835
    7.5000   37.5000    7.5000 7908.8330   23.9126
   -7.5000   45.0000    7.5000 7599.7466   23.6922
    0.0000   45.0000    7.5000 8094.4492   23.6580
    7.5000   45.0000    7.5000 7488.0293   23.6114
   -7.5000  -45.0000   15.0000 5851.5576   27.7758
    0.0000  -45.0000   15.0000 6202.9043   27.7117
    7.5000  -45.0000   15.0000 5803.3320   27.6220
   -7.5000  -37.5000   15.0000 6289.1738   28.1402
    0.0000  -37.5000   15.0000 6680.6665   28.0833
    7.5000  -37.5000   15.0000 6238.0547   28.0074
   -7.5000  -30.0000   15.0000 6796.3564   27.7000
    0.0000  -30.0000   15.0000 7220.0298   27.6484
    7.5000  -30.0000   15.0000 6729.5562   27.5658
   -7.5000  -22.5000   15.0000 7128.8022   26.9047
    0.0000  -22.5000   15.0000 7575.0688   26.8456
    7.5000  -22.5000   15.0000 7050.4258   26.7434
   -7.5000  -15.0000   15.0000 7780.1045   26.2151
    0.0000  -15.0000   15.0000 8281.3320   26.1537
    7.5000  -15.0000   15.0000 7691.9849   26.0568
   -7.5000   -7.5000   15.0000 8444.5059   25.7963
    0.0000   -7.5000   15.0000 8979.6250   25.7392
    7.5000   -7.5000   15.0000 8342.4932   25.6633
   -7.5000    0.0000   15.0000 9151.8037   25.6681
    0.0000    0.0000   15.0000 9787.0322   25.6228
    7.5000    0.0000   15.0000 9082.2041   25.5679
   -7.5000    7.5000   15.0000 9087.5449   25.8454
    0.0000    7.5000   15.0000 9749.8604   25.8106
    7.5000    7.5000   15.0000 9088.7842   25.7575
   -7.5000   15.0000   15.0000 8743.3613   25.7545
    0.0000   15.0000   15.0000 9177.5830   25.7134
    7.5000   15.0000   15.0000 8676.8701   25.6394
   -7.5000   22.5000   15.0000 8199.7520   25.3921
    0.0000   22.5000   15.0000 8479.1719   25.3378
    7.5000   22.5000   15.0000 8077.1240   25.2414
   -7.5000   30.0000   15.0000 8003.0229   25.6518
    0.0000   30.0000   15.0000 8303.2031   25.5879
    7.5000   30.0000   15.0000 7887.1426   25.4877
   -7.5000   37.5000   15.0000 7654.4390   25.2707
    0.0000   37.5000   15.0000 8021.4795   25.2092
    7.5000   37.5000   15.0000 7524.1719   25.1301
   -7.5000   45.0000   15.0000 7323.0264   24.9159
    0.0000   45.0000   15.0000 7718.7197   24.8688
    7.5000   45.0000   15.0000 7167.4790   24.8172
   -7.5000  -45.0000   22.5000 5526.2241   29.3533
    0.0000  -45.0000   22.5000 5861.0581   29.2793
    7.5000  -45.0000   22.5000 5514.0220   29.1920
   -7.5000  -37.5000   22.5000 5947.5518   29.7377
    0.0000  -37.5000   22.5000 6325.7764   29.6740
    7.5000  -37.5000   22.5000 5947.5400   29.6023
   -7.5000  -30.0000   22.5000 6440.7500   29.2585
    0.0000  -30.0000   22.5000 6846.3560   29.2017
    7.5000  -30.0000   22.5000 6425.0024   29.1232
   -7.5000  -22.5000   22.5000 6768.9688   28.3637
    0.0000  -22.5000   22.5000 7195.5625   28.2983
    7.5000  -22.5000   22.5000 6744.3599   28.1990
   -7.5000  -15.0000   22.5000 7400.1748   27.5912
    0.0000  -15.0000   22.5000 7868.4971   27.5233
    7.5000  -15.0000   22.5000 7378.7686   27.4293
   -7.5000   -7.5000   22.5000 8049.8574   27.1398
    0.0000   -7.5000   22.5000 8543.7832   27.0742
    7.5000   -7.5000   22.5000 8054.3140   27.0003
   -7.5000    0.0000   22.5000 8755.3271   27.0179
    0.0000    0.0000   22.5000 9358.9863   26.9648
    7.5000    0.0000   22.5000 8823.5508   26.9129
   -7.5000    7.5000   22.5000 8663.1074   27.2091
    0.0000    7.5000   22.5000 9201.8945   27.1687
    7.5000    7.5000   22.5000 8748.1270   27.1200
   -7.5000   15.0000   22.5000 8285.2227   27.1129
    0.0000   15.0000   22.5000 8594.0420   27.0676
    7.5000   15.0000   22.5000 8245.1982   26.9973
   -7.5000   22.5000   22.5000 7842.2617   26.7412
    0.0000   22.5000   22.5000 8086.2119   26.6821
    7.5000   22.5000   22.5000 7732.2349   26.5892
   -7.5000   30.0000   22.5000 7759.0044   27.0145
    0.0000   30.0000   22.5000 8084.4429   26.9436
    7.5000   30.0000   22.5000 7660.5830   26.8460
   -7.5000   37.5000   22.5000 7445.3569   26.6190
    0.0000   37.5000   22.5000 7813.9160   26.5480
    7.5000   37.5000   22.5000 7343.0464   26.4704
   -7.5000   45.0000   22.5000 7101.6812   26.2441
    0.0000   45.0000   22.5000 7463.2495   26.1901
    7.5000   45.0000   22.5000 6988.3525   26.1436
   -7.5000  -45.0000   30.0000 5377.4263   30.4690
    0.0000  -45.0000   30.0000 5704.7822   30.4067
    7.5000  -45.0000   30.0000 5415.6826   30.3212
   -7.5000  -37.5000   30.0000 5800.6514   30.8726
    0.0000  -37.5000   30.0000 6183.7749   30.8198
    7.5000  -37.5000   30.0000 5856.8306   30.7535
   -7.5000  -30.0000   30.0000 6293.0615   30.3776
    0.0000  -30.0000   30.0000 6711.6401   30.3313
    7.5000  -30.0000   30.0000 6353.3418   30.2567
   -7.5000  -22.5000   30.0000 6628.0283   29.4476
    0.0000  -22.5000   30.0000 7047.3120   29.3921
    7.5000  -22.5000   30.0000 6680.1616   29.2954
   -7.5000  -15.0000   30.0000 7246.0420   28.6312
    0.0000  -15.0000   30.0000 7683.4424   28.5714
    7.5000  -15.0000   30.0000 7318.5693   28.4800
   -7.5000   -7.5000   30.0000 7896.9775   28.1568
    0.0000   -7.5000   30.0000 8372.6787   28.0991
    7.5000   -7.5000   30.0000 8017.4189   28.0284
   -7.5000    0.0000   30.0000 8576.4639   28.0293
    0.0000    0.0000   30.0000 9154.3438   27.9839
    7.5000    0.0000   30.0000 8744.2227   27.9368
   -7.5000    7.5000   30.0000 8437.0508   28.2085
    0.0000    7.5000   30.0000 8901.0088   28.1775
    7.5000    7.5000   30.0000 8545.1738   28.1344
   -7.5000   15.0000   30.0000 8056.1528   28.1058
    0.0000   15.0000   30.0000 8351.3086   28.0706
    7.5000   15.0000   30.0000 8036.3887   28.0044
   -7.5000   22.5000   30.0000 7703.7095   27.7145
    0.0000   22.5000   30.0000 8004.2046   27.6646
    7.5000   22.5000   30.0000 7634.8369   27.5737
   -7.5000   30.0000   30.0000 7685.0688   27.9890
    0.0000   30.0000   30.0000 8048.0532   27.9257
    7.5000   30.0000   30.0000 7634.3716   27.8297
   -7.5000   37.5000   30.0000 7380.4473   27.5520
    0.0000   37.5000   30.0000 7739.4507   27.4883
    7.5000   37.5000   30.0000 7327.5239   27.4134
   -7.5000   45.0000   30.0000 7015.1182   27.1121
    0.0000   45.0000   30.0000 7389.0820   27.0665
    7.5000   45.0000   30.0000 6977.6719   27.0256
   -7.5000  -45.0000   37.5000 5008.5923   31.4654
    0.0000  -45.0000   37.5000 5329.7900   31.4035
    7.5000  -45.0000   37.5000 5079.2114   31.3061
   -7.5000  -37.5000   37.5000 5397.7969   31.8554
    0.0000  -37.5000   37.5000 5761.5576   31.8022
    7.5000  -37.5000   37.5000 5484.6040   31.7247
   -7.5000  -30.0000   37.5000 5858.9277   31.3086
    0.0000  -30.0000   37.5000 6243.9844   31.2595
    7.5000  -30.0000   37.5000 5953.1172   31.1713
   -7.5000  -22.5000   37.5000 6176.5635   30.3507
    0.0000  -22.5000   37.5000 6550.7441   30.2902
    7.5000  -22.5000   37.5000 6264.8613   30.1787
   -7.5000  -15.0000   37.5000 6771.6099   29.5027
    0.0000  -15.0000   37.5000 7172.7427   29.4357
    7.5000  -15.0000   37.5000 6888.1343   29.3300
   -7.5000   -7.5000   37.5000 7414.5317   28.9970
    0.0000   -7.5000   37.5000 7873.1230   28.9359
    7.5000   -7.5000   37.5000 7565.6328   28.8558
   -7.5000    0.0000   37.5000 8045.0977   28.8557
    0.0000    0.0000   37.5000 8569.8721   28.8109
    7.5000    0.0000   37.5000 8204.5000   28.7566
   -7.5000    7.5000   37.5000 7873.5610   29.0170
    0.0000    7.5000   37.5000 8269.0234   28.9876
    7.5000    7.5000   37.5000 7943.2148   28.9365
   -7.5000   15.0000   37.5000 7515.1973   28.8991
    0.0000   15.0000   37.5000 7818.3364   28.8629
    7.5000   15.0000   37.5000 7495.5962   28.7860
   -7.5000   22.5000   37.5000 7193.2319   28.5026
    0.0000   22.5000   37.5000 7530.0117   28.4469
    7.5000   22.5000   37.5000 7177.1113   28.3410
   -7.5000   30.0000   37.5000 7164.7754   28.7776
    0.0000   30.0000   37.5000 7533.8262   28.7067
    7.5000   30.0000   37.5000 7165.4517   28.5964
   -7.5000   37.5000   37.5000 6835.9321   28.3019
    0.0000   37.5000   37.5000 7196.2969   28.2343
    7.5000   37.5000   37.5000 6843.4165   28.1500
   -7.5000   45.0000   37.5000 6487.3364   27.7949
    0.0000   45.0000   37.5000 6849.4229   27.7492
    7.5000   45.0000   37.5000 6494.6392   27.7002
   -7.5000  -45.0000   45.0000 4706.1338   32.5766
    0.0000  -45.0000   45.0000 5011.0752   32.5237
    7.5000  -45.0000   45.0000 4773.1182   32.3885
   -7.5000  -37.5000   45.0000 5080.6650   32.9399
    0.0000  -37.5000   45.0000 5418.4009   32.8998
    7.5000  -37.5000   45.0000 5158.6484   32.7950
   -7.5000  -30.0000   45.0000 5529.5093   32.3228
    0.0000  -30.0000   45.0000 5888.4531   32.2876
    7.5000  -30.0000   45.0000 5619.6543   32.1744
   -7.5000  -22.5000   45.0000 5825.8325   31.3259
    0.0000  -22.5000   45.0000 6179.9277   31.2757
    7.5000  -22.5000   45.0000 5915.5449   31.1350
   -7.5000  -15.0000   45.0000 6364.7935   30.4537
    0.0000  -15.0000   45.0000 6752.4995   30.3921
    7.5000  -15.0000   45.0000 6480.3091   30.2522
   -7.5000   -7.5000   45.0000 6936.4722   29.8986
    0.0000   -7.5000   45.0000 7376.6777   29.8437
    7.5000   -7.5000   45.0000 7075.1846   29.7326
   -7.5000    0.0000   45.0000 7475.2778   29.7319
    0.0000    0.0000   45.0000 7962.5054   29.6975
    7.5000    0.0000   45.0000 7606.5962   29.6189
   -7.5000    7.5000   45.0000 7294.1118   29.8749
    0.0000    7.5000   45.0000 7677.8042   29.8598
    7.5000    7.5000   45.0000 7343.5356   29.7894
   -7.5000   15.0000   45.0000 6984.6709   29.7480
    0.0000   15.0000   45.0000 7317.8467   29.7256
    7.5000   15.0000   45.0000 6979.7354   29.6286
   -7.5000   22.5000   45.0000 6710.5049   29.3512
    0.0000   22.5000   45.0000 7080.6274   29.3044
    7.5000   22.5000   45.0000 6729.4419   29.1715
   -7.5000   30.0000   45.0000 6688.7383   29.6293
    0.0000   30.0000   45.0000 7077.7778   29.5642
    7.5000   30.0000   45.0000 6716.0850   29.4205
   -7.5000   37.5000   45.0000 6379.2993   29.0960
    0.0000   37.5000   45.0000 6744.4409   29.0354
    7.5000   37.5000   45.0000 6392.7314   28.9210
   -7.5000   45.0000   45.0000 6045.8882   28.5084
    0.0000   45.0000   45.0000 6408.1367   28.4727
    7.5000   45.0000   45.0000 6052.9805   28.3995

---------------------------------------------------------------------
imgreg_4dfp /opt/freesurfer/average/711-2C_as_mni_average_305 /opt/freesurfer/average/711-2B_as_mni_average_305_mask talsrcimg_g11 none talsrcimg_to_711-2C_as_mni_average_305_t4 4355
---------------------------------------------------------------------

freesurfer imgreg_4dfp.c
/opt/freesurfer/average/711-2C_as_mni_average_305.4dfp.img
       256       256       256         1
  1.000000  1.000000  1.000000
orientation T byte_order littleendian
Reading image: /opt/freesurfer/average/711-2C_as_mni_average_305.4dfp.img
dimensions:      256       256       256
mmppix:       1.0000   -1.0000   -1.0000
center:     128.0000 -129.0000 -129.0000
/opt/freesurfer/average/711-2B_as_mni_average_305_mask.4dfp.img
       256       256       256         1
  1.000000  1.000000  1.000000
orientation T byte_order littleendian
Reading mask: /opt/freesurfer/average/711-2B_as_mni_average_305_mask.4dfp.img (2306576 pixels)
talsrcimg_g11.4dfp.img
       320       320       320         1
  0.700000  0.700000  0.700000
orientation T byte_order littleendian
Reading image: talsrcimg_g11.4dfp.img
dimensions:      320       320       320
mmppix:       0.7000   -0.7000   -0.7000
center:     112.0000 -112.7000 -112.7000
rotation matrix determinant  1.000000
image alignment mode   4355 decimal     1103 hex
   -7.5000  -45.0000  -45.0000 2064.6958   30.7316
    0.0000  -45.0000  -45.0000 2070.5725   30.3371
    7.5000  -45.0000  -45.0000 2048.1997   30.1130
   -7.5000  -37.5000  -45.0000 2101.5735   29.1417
    0.0000  -37.5000  -45.0000 2107.4917   28.7935
    7.5000  -37.5000  -45.0000 2086.2830   28.5851
   -7.5000  -30.0000  -45.0000 2127.0083   27.8588
    0.0000  -30.0000  -45.0000 2132.2407   27.4629
    7.5000  -30.0000  -45.0000 2114.8918   27.2428
   -7.5000  -22.5000  -45.0000 2137.7297   26.7725
    0.0000  -22.5000  -45.0000 2145.9946   26.4338
    7.5000  -22.5000  -45.0000 2130.5618   26.1593
   -7.5000  -15.0000  -45.0000 2147.7627   25.8968
    0.0000  -15.0000  -45.0000 2155.5027   25.6175
    7.5000  -15.0000  -45.0000 2141.6277   25.2701
   -7.5000   -7.5000  -45.0000 2160.6775   25.3012
    0.0000   -7.5000  -45.0000 2167.9302   25.0241
    7.5000   -7.5000  -45.0000 2155.6042   24.7046
   -7.5000    0.0000  -45.0000 2177.6675   24.9902
    0.0000    0.0000  -45.0000 2181.2104   24.6731
    7.5000    0.0000  -45.0000 2171.1042   24.4342
   -7.5000    7.5000  -45.0000 2200.2388   24.8980
    0.0000    7.5000  -45.0000 2207.0815   24.5809
    7.5000    7.5000  -45.0000 2193.5569   24.4085
   -7.5000   15.0000  -45.0000 2222.0032   25.0944
    0.0000   15.0000  -45.0000 2232.0876   24.8030
    7.5000   15.0000  -45.0000 2217.5117   24.5779
   -7.5000   22.5000  -45.0000 2225.6826   25.6893
    0.0000   22.5000  -45.0000 2244.9741   25.4265
    7.5000   22.5000  -45.0000 2224.1653   25.1719
   -7.5000   30.0000  -45.0000 2213.6814   26.6211
    0.0000   30.0000  -45.0000 2236.9700   26.3847
    7.5000   30.0000  -45.0000 2213.7266   26.0998
   -7.5000   37.5000  -45.0000 2158.0498   27.6401
    0.0000   37.5000  -45.0000 2184.1245   27.3906
    7.5000   37.5000  -45.0000 2163.6421   27.1840
   -7.5000   45.0000  -45.0000 2059.4800   28.5698
    0.0000   45.0000  -45.0000 2085.3320   28.3446
    7.5000   45.0000  -45.0000 2067.0933   28.1566
   -7.5000  -45.0000  -37.5000 2201.6028   31.2921
    0.0000  -45.0000  -37.5000 2211.8362   30.8499
    7.5000  -45.0000  -37.5000 2183.3416   30.5741
   -7.5000  -37.5000  -37.5000 2244.8992   29.6372
    0.0000  -37.5000  -37.5000 2254.2729   29.1727
    7.5000  -37.5000  -37.5000 2229.8552   28.9687
   -7.5000  -30.0000  -37.5000 2273.9790   28.2456
    0.0000  -30.0000  -37.5000 2282.1418   27.7518
    7.5000  -30.0000  -37.5000 2262.2424   27.5725
   -7.5000  -22.5000  -37.5000 2289.8298   27.0794
    0.0000  -22.5000  -37.5000 2296.8528   26.6014
    7.5000  -22.5000  -37.5000 2281.0225   26.4029
   -7.5000  -15.0000  -37.5000 2294.0469   26.1278
    0.0000  -15.0000  -37.5000 2299.8333   25.6549
    7.5000  -15.0000  -37.5000 2289.8826   25.4508
   -7.5000   -7.5000  -37.5000 2299.0901   25.4126
    0.0000   -7.5000  -37.5000 2303.1995   25.0314
    7.5000   -7.5000  -37.5000 2295.1003   24.7544
   -7.5000    0.0000  -37.5000 2309.9231   25.0326
    0.0000    0.0000  -37.5000 2315.0085   24.6518
    7.5000    0.0000  -37.5000 2312.4600   24.3787
   -7.5000    7.5000  -37.5000 2332.5747   24.7469
    0.0000    7.5000  -37.5000 2337.1885   24.3669
    7.5000    7.5000  -37.5000 2331.5464   24.2096
   -7.5000   15.0000  -37.5000 2352.5022   24.8102
    0.0000   15.0000  -37.5000 2363.5386   24.4777
    7.5000   15.0000  -37.5000 2356.0486   24.3205
   -7.5000   22.5000  -37.5000 2362.3369   25.3507
    0.0000   22.5000  -37.5000 2386.4084   25.0943
    7.5000   22.5000  -37.5000 2370.9326   24.8879
   -7.5000   30.0000  -37.5000 2359.5413   26.2397
    0.0000   30.0000  -37.5000 2387.0291   25.9581
    7.5000   30.0000  -37.5000 2371.8025   25.7767
   -7.5000   37.5000  -37.5000 2312.6445   27.2307
    0.0000   37.5000  -37.5000 2336.6895   26.9489
    7.5000   37.5000  -37.5000 2325.1665   26.7820
   -7.5000   45.0000  -37.5000 2216.6978   28.1268
    0.0000   45.0000  -37.5000 2238.6653   27.8668
    7.5000   45.0000  -37.5000 2222.9978   27.6582
   -7.5000  -45.0000  -30.0000 2310.0510   31.7931
    0.0000  -45.0000  -30.0000 2329.5691   31.2884
    7.5000  -45.0000  -30.0000 2293.7075   31.0806
   -7.5000  -37.5000  -30.0000 2356.8230   30.0493
    0.0000  -37.5000  -30.0000 2370.1853   29.5054
    7.5000  -37.5000  -30.0000 2341.4719   29.3964
   -7.5000  -30.0000  -30.0000 2391.2566   28.5647
    0.0000  -30.0000  -30.0000 2402.2537   27.9715
    7.5000  -30.0000  -30.0000 2380.9653   27.8865
   -7.5000  -22.5000  -30.0000 2412.7039   27.3195
    0.0000  -22.5000  -30.0000 2417.2952   26.7362
    7.5000  -22.5000  -30.0000 2403.6045   26.6761
   -7.5000  -15.0000  -30.0000 2418.3752   26.2936
    0.0000  -15.0000  -30.0000 2423.2832   25.7338
    7.5000  -15.0000  -30.0000 2415.6448   25.6325
   -7.5000   -7.5000  -30.0000 2413.7351   25.5832
    0.0000   -7.5000  -30.0000 2420.3074   25.0122
    7.5000   -7.5000  -30.0000 2417.9058   24.8320
   -7.5000    0.0000  -30.0000 2423.8772   25.0789
    0.0000    0.0000  -30.0000 2429.2102   24.5562
    7.5000    0.0000  -30.0000 2429.4053   24.2969
   -7.5000    7.5000  -30.0000 2440.9114   24.6446
    0.0000    7.5000  -30.0000 2448.6499   24.1053
    7.5000    7.5000  -30.0000 2444.8757   23.9509
   -7.5000   15.0000  -30.0000 2463.2373   24.4248
    0.0000   15.0000  -30.0000 2475.8774   23.9313
    7.5000   15.0000  -30.0000 2468.9268   23.8545
   -7.5000   22.5000  -30.0000 2480.8684   24.9376
    0.0000   22.5000  -30.0000 2497.0588   24.5084
    7.5000   22.5000  -30.0000 2489.2444   24.3694
   -7.5000   30.0000  -30.0000 2483.4294   25.8942
    0.0000   30.0000  -30.0000 2503.9771   25.4339
    7.5000   30.0000  -30.0000 2497.8430   25.3079
   -7.5000   37.5000  -30.0000 2442.1545   26.8684
    0.0000   37.5000  -30.0000 2457.1970   26.4057
    7.5000   37.5000  -30.0000 2452.9995   26.2774
   -7.5000   45.0000  -30.0000 2348.8081   27.6892
    0.0000   45.0000  -30.0000 2363.8198   27.3069
    7.5000   45.0000  -30.0000 2351.9373   27.1321
   -7.5000  -45.0000  -22.5000 2319.8586   32.0856
    0.0000  -45.0000  -22.5000 2336.2581   31.5359
    7.5000  -45.0000  -22.5000 2315.7888   31.4550
   -7.5000  -37.5000  -22.5000 2361.1709   30.2991
    0.0000  -37.5000  -22.5000 2378.3953   29.7238
    7.5000  -37.5000  -22.5000 2355.2173   29.7194
   -7.5000  -30.0000  -22.5000 2393.1758   28.8027
    0.0000  -30.0000  -22.5000 2408.2366   28.1091
    7.5000  -30.0000  -22.5000 2389.8877   28.1702
   -7.5000  -22.5000  -22.5000 2419.5989   27.6111
    0.0000  -22.5000  -22.5000 2426.0249   26.8155
    7.5000  -22.5000  -22.5000 2416.7434   26.8518
   -7.5000  -15.0000  -22.5000 2436.0256   26.6842
    0.0000  -15.0000  -22.5000 2439.0730   25.8789
    7.5000  -15.0000  -22.5000 2435.6919   25.8298
   -7.5000   -7.5000  -22.5000 2450.0317   26.1050
    0.0000   -7.5000  -22.5000 2448.6414   25.2941
    7.5000   -7.5000  -22.5000 2450.2615   25.1794
   -7.5000    0.0000  -22.5000 2472.1572   25.7299
    0.0000    0.0000  -22.5000 2466.5210   24.9716
    7.5000    0.0000  -22.5000 2467.2988   24.7644
   -7.5000    7.5000  -22.5000 2487.6482   25.3634
    0.0000    7.5000  -22.5000 2479.9070   24.5561
    7.5000    7.5000  -22.5000 2488.5085   24.4695
   -7.5000   15.0000  -22.5000 2500.6584   24.9923
    0.0000   15.0000  -22.5000 2488.0559   24.0365
    7.5000   15.0000  -22.5000 2499.9795   24.2269
   -7.5000   22.5000  -22.5000 2527.8157   25.3508
    0.0000   22.5000  -22.5000 2510.3411   24.4072
    7.5000   22.5000  -22.5000 2525.6946   24.6246
   -7.5000   30.0000  -22.5000 2542.3638   26.2782
    0.0000   30.0000  -22.5000 2531.6062   25.3759
    7.5000   30.0000  -22.5000 2547.4861   25.4602
   -7.5000   37.5000  -22.5000 2509.9666   27.1135
    0.0000   37.5000  -22.5000 2503.5347   26.3248
    7.5000   37.5000  -22.5000 2514.0479   26.3829
   -7.5000   45.0000  -22.5000 2413.6782   27.7274
    0.0000   45.0000  -22.5000 2413.9600   27.0333
    7.5000   45.0000  -22.5000 2410.7017   27.0608
   -7.5000  -45.0000  -15.0000 2380.7432   32.7744
    0.0000  -45.0000  -15.0000 2387.0732   32.0607
    7.5000  -45.0000  -15.0000 2387.8572   32.2047
   -7.5000  -37.5000  -15.0000 2427.7227   30.7631
    0.0000  -37.5000  -15.0000 2428.5942   29.9900
    7.5000  -37.5000  -15.0000 2431.9023   30.2349
   -7.5000  -30.0000  -15.0000 2461.8533   29.0615
    0.0000  -30.0000  -15.0000 2458.9351   28.2425
    7.5000  -30.0000  -15.0000 2467.2336   28.4912
   -7.5000  -22.5000  -15.0000 2485.0691   27.7442
    0.0000  -22.5000  -15.0000 2478.6150   26.8523
    7.5000  -22.5000  -15.0000 2491.3472   27.0536
   -7.5000  -15.0000  -15.0000 2500.7966   26.7822
    0.0000  -15.0000  -15.0000 2494.5552   25.9432
    7.5000  -15.0000  -15.0000 2509.5789   26.0260
   -7.5000   -7.5000  -15.0000 2524.6392   26.2033
    0.0000   -7.5000  -15.0000 2513.9038   25.3550
    7.5000   -7.5000  -15.0000 2530.0884   25.4016
   -7.5000    0.0000  -15.0000 2553.2422   25.8454
    0.0000    0.0000  -15.0000 2534.0542   24.9964
    7.5000    0.0000  -15.0000 2556.4182   25.0149
   -7.5000    7.5000  -15.0000 2583.2356   25.5503
    0.0000    7.5000  -15.0000 2558.0212   24.7234
    7.5000    7.5000  -15.0000 2586.0315   24.7491
   -7.5000   15.0000  -15.0000 2615.9067   25.3189
    0.0000   15.0000  -15.0000 2568.8918   24.1542
    7.5000   15.0000  -15.0000 2610.1787   24.5783
   -7.5000   22.5000  -15.0000 2646.4563   25.4113
    0.0000   22.5000  -15.0000 2587.6033   24.2398
    7.5000   22.5000  -15.0000 2630.9272   24.6160
   -7.5000   30.0000  -15.0000 2658.4675   26.0099
    0.0000   30.0000  -15.0000 2616.3025   24.9653
    7.5000   30.0000  -15.0000 2641.8047   25.1528
   -7.5000   37.5000  -15.0000 2611.8765   26.5848
    0.0000   37.5000  -15.0000 2594.2583   25.7529
    7.5000   37.5000  -15.0000 2601.7847   25.8153
   -7.5000   45.0000  -15.0000 2494.4531   27.0696
    0.0000   45.0000  -15.0000 2500.9771   26.4042
    7.5000   45.0000  -15.0000 2493.4250   26.3658
   -7.5000  -45.0000   -7.5000 2394.6299   33.5355
    0.0000  -45.0000   -7.5000 2409.5833   32.7104
    7.5000  -45.0000   -7.5000 2411.8857   32.9822
   -7.5000  -37.5000   -7.5000 2435.0720   31.2609
    0.0000  -37.5000   -7.5000 2445.3035   30.4817
    7.5000  -37.5000   -7.5000 2456.4434   30.8211
   -7.5000  -30.0000   -7.5000 2469.7776   29.4488
    0.0000  -30.0000   -7.5000 2468.8525   28.6555
    7.5000  -30.0000   -7.5000 2490.4434   29.0096
   -7.5000  -22.5000   -7.5000 2498.2468   28.1166
    0.0000  -22.5000   -7.5000 2486.0486   27.2759
    7.5000  -22.5000   -7.5000 2523.9199   27.5697
   -7.5000  -15.0000   -7.5000 2527.4138   27.1888
    0.0000  -15.0000   -7.5000 2505.2327   26.3513
    7.5000  -15.0000   -7.5000 2555.3584   26.5237
   -7.5000   -7.5000   -7.5000 2567.7405   26.6090
    0.0000   -7.5000   -7.5000 2536.3511   25.7939
    7.5000   -7.5000   -7.5000 2585.4543   25.8424
   -7.5000    0.0000   -7.5000 2622.3848   26.2711
    0.0000    0.0000   -7.5000 2586.3547   25.5199
    7.5000    0.0000   -7.5000 2626.2056   25.4621
   -7.5000    7.5000   -7.5000 2679.5527   26.0949
    0.0000    7.5000   -7.5000 2657.2593   25.5492
    7.5000    7.5000   -7.5000 2673.0576   25.2600
   -7.5000   15.0000   -7.5000 2724.2417   25.9699
    0.0000   15.0000   -7.5000 2725.6716   25.4439
    7.5000   15.0000   -7.5000 2702.0459   25.0871
   -7.5000   22.5000   -7.5000 2745.3428   25.8792
    0.0000   22.5000   -7.5000 2740.8547   25.2814
    7.5000   22.5000   -7.5000 2712.2144   24.9294
   -7.5000   30.0000   -7.5000 2723.9961   25.8123
    0.0000   30.0000   -7.5000 2722.7881   25.2891
    7.5000   30.0000   -7.5000 2697.2185   24.9013
   -7.5000   37.5000   -7.5000 2641.1138   25.9388
    0.0000   37.5000   -7.5000 2649.8062   25.4713
    7.5000   37.5000   -7.5000 2627.7983   25.1592
   -7.5000   45.0000   -7.5000 2525.6069   26.3282
    0.0000   45.0000   -7.5000 2525.5442   25.7971
    7.5000   45.0000   -7.5000 2517.0913   25.6310
   -7.5000  -45.0000    0.0000 2397.8242   34.7914
    0.0000  -45.0000    0.0000 2403.4626   34.0170
    7.5000  -45.0000    0.0000 2433.3538   34.3529
   -7.5000  -37.5000    0.0000 2436.3013   32.3526
    0.0000  -37.5000    0.0000 2439.7229   31.6830
    7.5000  -37.5000    0.0000 2475.3499   31.9941
   -7.5000  -30.0000    0.0000 2475.4319   30.5075
    0.0000  -30.0000    0.0000 2472.4832   29.8567
    7.5000  -30.0000    0.0000 2512.4553   30.0011
   -7.5000  -22.5000    0.0000 2516.1172   29.1704
    0.0000  -22.5000    0.0000 2507.1414   28.4938
    7.5000  -22.5000    0.0000 2547.1646   28.4751
   -7.5000  -15.0000    0.0000 2568.8943   28.2078
    0.0000  -15.0000    0.0000 2562.1418   27.6123
    7.5000  -15.0000    0.0000 2577.3108   27.3276
   -7.5000   -7.5000    0.0000 2627.6909   27.4829
    0.0000   -7.5000    0.0000 2631.9746   27.0154
    7.5000   -7.5000    0.0000 2619.0740   26.5820
   -7.5000    0.0000    0.0000 2688.3162   26.9513
    0.0000    0.0000    0.0000 2713.8845   26.6797
    7.5000    0.0000    0.0000 2667.3328   26.0669
   -7.5000    7.5000    0.0000 2743.0144   26.5800
    0.0000    7.5000    0.0000 2782.3247   26.4615
    7.5000    7.5000    0.0000 2710.8296   25.7072
   -7.5000   15.0000    0.0000 2782.1567   26.2980
    0.0000   15.0000    0.0000 2833.8635   26.1691
    7.5000   15.0000    0.0000 2745.3828   25.4289
   -7.5000   22.5000    0.0000 2787.5891   26.0340
    0.0000   22.5000    0.0000 2850.3923   25.8954
    7.5000   22.5000    0.0000 2758.4658   25.1274
   -7.5000   30.0000    0.0000 2748.2668   25.7495
    0.0000   30.0000    0.0000 2811.7759   25.6888
    7.5000   30.0000    0.0000 2736.0522   24.9663
   -7.5000   37.5000    0.0000 2641.3525   25.6735
    0.0000   37.5000    0.0000 2680.5493   25.4099
    7.5000   37.5000    0.0000 2643.8367   25.0547
   -7.5000   45.0000    0.0000 2508.2761   25.9247
    0.0000   45.0000    0.0000 2515.4199   25.4201
    7.5000   45.0000    0.0000 2507.7007   25.3586
   -7.5000  -45.0000    7.5000 2400.6133   36.6766
    0.0000  -45.0000    7.5000 2421.8054   36.0416
    7.5000  -45.0000    7.5000 2419.8093   35.8499
   -7.5000  -37.5000    7.5000 2455.1716   34.1122
    0.0000  -37.5000    7.5000 2478.9976   33.5841
    7.5000  -37.5000    7.5000 2479.7273   33.4586
   -7.5000  -30.0000    7.5000 2509.3428   32.1560
    0.0000  -30.0000    7.5000 2530.1721   31.6503
    7.5000  -30.0000    7.5000 2529.5925   31.5240
   -7.5000  -22.5000    7.5000 2560.3467   30.6716
    0.0000  -22.5000    7.5000 2577.2041   30.1780
    7.5000  -22.5000    7.5000 2570.3044   29.9427
   -7.5000  -15.0000    7.5000 2616.5864   29.4465
    0.0000  -15.0000    7.5000 2636.9919   29.0992
    7.5000  -15.0000    7.5000 2605.3818   28.6742
   -7.5000   -7.5000    7.5000 2669.9429   28.3967
    0.0000   -7.5000    7.5000 2687.4824   28.1442
    7.5000   -7.5000    7.5000 2645.6143   27.5918
   -7.5000    0.0000    7.5000 2718.9390   27.5298
    0.0000    0.0000    7.5000 2732.0791   27.2056
    7.5000    0.0000    7.5000 2688.3965   26.7060
   -7.5000    7.5000    7.5000 2764.1292   26.9141
    0.0000    7.5000    7.5000 2776.2136   26.4761
    7.5000    7.5000    7.5000 2730.4678   26.1543
   -7.5000   15.0000    7.5000 2787.9919   26.3720
    0.0000   15.0000    7.5000 2800.8586   25.7722
    7.5000   15.0000    7.5000 2761.0347   25.6332
   -7.5000   22.5000    7.5000 2771.8586   25.7605
    0.0000   22.5000    7.5000 2787.5422   25.0194
    7.5000   22.5000    7.5000 2748.2063   24.9339
   -7.5000   30.0000    7.5000 2679.2310   25.2454
    0.0000   30.0000    7.5000 2684.5640   24.4680
    7.5000   30.0000    7.5000 2679.5056   24.4893
   -7.5000   37.5000    7.5000 2598.5396   25.3798
    0.0000   37.5000    7.5000 2581.0161   24.4865
    7.5000   37.5000    7.5000 2594.1875   24.7062
   -7.5000   45.0000    7.5000 2487.1470   25.9289
    0.0000   45.0000    7.5000 2491.9226   25.2987
    7.5000   45.0000    7.5000 2484.5242   25.3913
   -7.5000  -45.0000   15.0000 2436.1086   39.0747
    0.0000  -45.0000   15.0000 2476.5461   38.6163
    7.5000  -45.0000   15.0000 2429.8254   38.2225
   -7.5000  -37.5000   15.0000 2489.0823   36.1675
    0.0000  -37.5000   15.0000 2531.7598   35.8162
    7.5000  -37.5000   15.0000 2489.4746   35.5020
   -7.5000  -30.0000   15.0000 2544.5264   33.8250
    0.0000  -30.0000   15.0000 2577.7244   33.4870
    7.5000  -30.0000   15.0000 2547.5271   33.1811
   -7.5000  -22.5000   15.0000 2584.8325   31.9987
    0.0000  -22.5000   15.0000 2612.2253   31.6179
    7.5000  -22.5000   15.0000 2589.0837   31.3822
   -7.5000  -15.0000   15.0000 2622.0620   30.3793
    0.0000  -15.0000   15.0000 2640.8428   29.9808
    7.5000  -15.0000   15.0000 2626.5764   29.7701
   -7.5000   -7.5000   15.0000 2652.3684   28.9662
    0.0000   -7.5000   15.0000 2661.0059   28.4431
    7.5000   -7.5000   15.0000 2651.2212   28.2900
   -7.5000    0.0000   15.0000 2692.2288   27.8386
    0.0000    0.0000   15.0000 2679.0486   27.0986
    7.5000    0.0000   15.0000 2677.5002   27.1114
   -7.5000    7.5000   15.0000 2710.9802   26.9233
    0.0000    7.5000   15.0000 2690.9045   26.1472
    7.5000    7.5000   15.0000 2699.4414   26.3842
   -7.5000   15.0000   15.0000 2691.3225   25.8896
    0.0000   15.0000   15.0000 2678.3523   24.9625
    7.5000   15.0000   15.0000 2692.4360   25.4726
   -7.5000   22.5000   15.0000 2635.1101   24.8985
    0.0000   22.5000   15.0000 2599.5193   23.6923
    7.5000   22.5000   15.0000 2626.8196   24.3182
   -7.5000   30.0000   15.0000 2585.5649   24.5564
    0.0000   30.0000   15.0000 2545.5039   23.3640
    7.5000   30.0000   15.0000 2581.6348   23.8677
   -7.5000   37.5000   15.0000 2544.7983   24.9026
    0.0000   37.5000   15.0000 2540.2214   24.0674
    7.5000   37.5000   15.0000 2536.1655   24.3007
   -7.5000   45.0000   15.0000 2468.9092   25.7990
    0.0000   45.0000   15.0000 2480.3027   25.2680
    7.5000   45.0000   15.0000 2463.9451   25.2956
   -7.5000  -45.0000   22.5000 2430.3635   41.3001
    0.0000  -45.0000   22.5000 2475.0674   41.0204
    7.5000  -45.0000   22.5000 2432.3159   40.5597
   -7.5000  -37.5000   22.5000 2488.0352   37.9870
    0.0000  -37.5000   22.5000 2526.1636   37.6995
    7.5000  -37.5000   22.5000 2491.6289   37.3992
   -7.5000  -30.0000   22.5000 2530.9543   35.1509
    0.0000  -30.0000   22.5000 2561.2336   34.7737
    7.5000  -30.0000   22.5000 2538.7522   34.6342
   -7.5000  -22.5000   22.5000 2564.4189   32.9206
    0.0000  -22.5000   22.5000 2586.2183   32.3977
    7.5000  -22.5000   22.5000 2577.0190   32.4618
   -7.5000  -15.0000   22.5000 2595.8857   30.9861
    0.0000  -15.0000   22.5000 2600.8152   30.3635
    7.5000  -15.0000   22.5000 2606.5378   30.5486
   -7.5000   -7.5000   22.5000 2611.2378   29.2723
    0.0000   -7.5000   22.5000 2605.6641   28.5131
    7.5000   -7.5000   22.5000 2620.8542   28.8346
   -7.5000    0.0000   22.5000 2622.3560   27.9160
    0.0000    0.0000   22.5000 2605.1138   27.0558
    7.5000    0.0000   22.5000 2636.4604   27.5014
   -7.5000    7.5000   22.5000 2622.9463   26.7939
    0.0000    7.5000   22.5000 2611.6682   25.8888
    7.5000    7.5000   22.5000 2653.6960   26.5007
   -7.5000   15.0000   22.5000 2597.6104   25.6059
    0.0000   15.0000   22.5000 2582.0383   24.4552
    7.5000   15.0000   22.5000 2623.2661   25.2696
   -7.5000   22.5000   22.5000 2582.6748   24.7713
    0.0000   22.5000   22.5000 2527.3457   23.4619
    7.5000   22.5000   22.5000 2565.5535   24.1380
   -7.5000   30.0000   22.5000 2571.3428   24.7614
    0.0000   30.0000   22.5000 2562.9924   23.8430
    7.5000   30.0000   22.5000 2568.1355   24.1611
   -7.5000   37.5000   22.5000 2542.7695   25.2640
    0.0000   37.5000   22.5000 2553.0295   24.6498
    7.5000   37.5000   22.5000 2545.0532   24.8032
   -7.5000   45.0000   22.5000 2463.6536   26.1562
    0.0000   45.0000   22.5000 2481.6501   25.6598
    7.5000   45.0000   22.5000 2466.5608   25.7385
   -7.5000  -45.0000   30.0000 2388.0701   43.0249
    0.0000  -45.0000   30.0000 2424.9336   42.7736
    7.5000  -45.0000   30.0000 2401.2812   42.4775
   -7.5000  -37.5000   30.0000 2447.0933   39.3123
    0.0000  -37.5000   30.0000 2478.6453   38.9226
    7.5000  -37.5000   30.0000 2456.7212   38.8334
   -7.5000  -30.0000   30.0000 2487.3447   36.2068
    0.0000  -30.0000   30.0000 2514.6831   35.7104
    7.5000  -30.0000   30.0000 2504.2217   35.8657
   -7.5000  -22.5000   30.0000 2526.7056   33.6259
    0.0000  -22.5000   30.0000 2540.5676   32.9959
    7.5000  -22.5000   30.0000 2550.1055   33.4353
   -7.5000  -15.0000   30.0000 2553.7512   31.3884
    0.0000  -15.0000   30.0000 2553.7131   30.6764
    7.5000  -15.0000   30.0000 2572.9883   31.2335
   -7.5000   -7.5000   30.0000 2560.0952   29.5417
    0.0000   -7.5000   30.0000 2557.2007   28.7108
    7.5000   -7.5000   30.0000 2584.8376   29.3951
   -7.5000    0.0000   30.0000 2567.9355   28.1026
    0.0000    0.0000   30.0000 2557.3381   27.1947
    7.5000    0.0000   30.0000 2594.8862   27.9155
   -7.5000    7.5000   30.0000 2561.4219   26.7812
    0.0000    7.5000   30.0000 2567.2087   25.8920
    7.5000    7.5000   30.0000 2587.6628   26.5367
   -7.5000   15.0000   30.0000 2541.3794   25.5068
    0.0000   15.0000   30.0000 2496.5618   24.1823
    7.5000   15.0000   30.0000 2541.7151   24.9721
   -7.5000   22.5000   30.0000 2548.0083   24.8674
    0.0000   22.5000   30.0000 2529.2068   23.8421
    7.5000   22.5000   30.0000 2537.6030   24.2394
   -7.5000   30.0000   30.0000 2567.6338   25.2180
    0.0000   30.0000   30.0000 2572.0647   24.4885
    7.5000   30.0000   30.0000 2575.8035   24.6749
   -7.5000   37.5000   30.0000 2539.5891   25.8903
    0.0000   37.5000   30.0000 2542.6528   25.3300
    7.5000   37.5000   30.0000 2546.6882   25.4949
   -7.5000   45.0000   30.0000 2453.2896   26.7832
    0.0000   45.0000   30.0000 2469.9214   26.3309
    7.5000   45.0000   30.0000 2460.4490   26.4672
   -7.5000  -45.0000   37.5000 2320.3752   44.5513
    0.0000  -45.0000   37.5000 2357.0886   44.1197
    7.5000  -45.0000   37.5000 2334.0979   44.1332
   -7.5000  -37.5000   37.5000 2366.1873   40.1914
    0.0000  -37.5000   37.5000 2397.3989   39.6429
    7.5000  -37.5000   37.5000 2384.4897   39.9256
   -7.5000  -30.0000   37.5000 2402.1035   36.6101
    0.0000  -30.0000   37.5000 2428.6040   36.0440
    7.5000  -30.0000   37.5000 2433.5625   36.5866
   -7.5000  -22.5000   37.5000 2445.3606   33.7971
    0.0000  -22.5000   37.5000 2453.0366   33.1001
    7.5000  -22.5000   37.5000 2467.9851   33.8196
   -7.5000  -15.0000   37.5000 2467.7180   31.4366
    0.0000  -15.0000   37.5000 2472.4143   30.6449
    7.5000  -15.0000   37.5000 2494.0405   31.4135
   -7.5000   -7.5000   37.5000 2489.3975   29.5447
    0.0000   -7.5000   37.5000 2490.2236   28.7479
    7.5000   -7.5000   37.5000 2509.5010   29.5294
   -7.5000    0.0000   37.5000 2489.8000   27.9810
    0.0000    0.0000   37.5000 2499.1846   27.1880
    7.5000    0.0000   37.5000 2500.9612   27.8620
   -7.5000    7.5000   37.5000 2468.1790   26.4713
    0.0000    7.5000   37.5000 2456.5288   25.5616
    7.5000    7.5000   37.5000 2478.0010   26.2732
   -7.5000   15.0000   37.5000 2464.3855   25.2849
    0.0000   15.0000   37.5000 2443.9783   24.2793
    7.5000   15.0000   37.5000 2453.9524   24.9097
   -7.5000   22.5000   37.5000 2492.9585   25.0018
    0.0000   22.5000   37.5000 2498.3882   24.3010
    7.5000   22.5000   37.5000 2491.8408   24.5954
   -7.5000   30.0000   37.5000 2509.8804   25.4945
    0.0000   30.0000   37.5000 2527.3271   24.8798
    7.5000   30.0000   37.5000 2521.8206   25.0684
   -7.5000   37.5000   37.5000 2468.1121   26.2002
    0.0000   37.5000   37.5000 2490.0771   25.6768
    7.5000   37.5000   37.5000 2485.0366   25.8588
   -7.5000   45.0000   37.5000 2385.0562   27.0604
    0.0000   45.0000   37.5000 2413.1687   26.5951
    7.5000   45.0000   37.5000 2395.4946   26.7980
   -7.5000  -45.0000   45.0000 2200.8298   45.7365
    0.0000  -45.0000   45.0000 2229.3398   45.2290
    7.5000  -45.0000   45.0000 2214.9072   45.5646
   -7.5000  -37.5000   45.0000 2254.8242   41.0324
    0.0000  -37.5000   45.0000 2285.4233   40.5739
    7.5000  -37.5000   45.0000 2275.1484   41.0722
   -7.5000  -30.0000   45.0000 2300.8875   37.1904
    0.0000  -30.0000   45.0000 2322.6533   36.6698
    7.5000  -30.0000   45.0000 2321.2351   37.3505
   -7.5000  -22.5000   45.0000 2340.0225   34.0930
    0.0000  -22.5000   45.0000 2349.7249   33.4628
    7.5000  -22.5000   45.0000 2347.5408   34.1903
   -7.5000  -15.0000   45.0000 2354.5388   31.4913
    0.0000  -15.0000   45.0000 2364.4956   30.8297
    7.5000  -15.0000   45.0000 2370.9014   31.5680
   -7.5000   -7.5000   45.0000 2362.4995   29.4221
    0.0000   -7.5000   45.0000 2375.7610   28.7433
    7.5000   -7.5000   45.0000 2376.9299   29.4578
   -7.5000    0.0000   45.0000 2367.7749   27.7241
    0.0000    0.0000   45.0000 2375.8936   26.9853
    7.5000    0.0000   45.0000 2373.3237   27.5957
   -7.5000    7.5000   45.0000 2361.5269   26.1824
    0.0000    7.5000   45.0000 2363.7783   25.4094
    7.5000    7.5000   45.0000 2361.6394   25.9973
   -7.5000   15.0000   45.0000 2383.2600   25.2924
    0.0000   15.0000   45.0000 2386.5769   24.6255
    7.5000   15.0000   45.0000 2374.7200   25.0608
   -7.5000   22.5000   45.0000 2416.2903   25.3698
    0.0000   22.5000   45.0000 2436.1865   24.9230
    7.5000   22.5000   45.0000 2418.2961   25.0657
   -7.5000   30.0000   45.0000 2432.2598   26.0114
    0.0000   30.0000   45.0000 2457.4426   25.6250
    7.5000   30.0000   45.0000 2440.1772   25.6832
   -7.5000   37.5000   45.0000 2389.2495   26.7453
    0.0000   37.5000   45.0000 2414.3494   26.4237
    7.5000   37.5000   45.0000 2397.7893   26.4982
   -7.5000   45.0000   45.0000 2299.9807   27.5196
    0.0000   45.0000   45.0000 2333.0535   27.1922
    7.5000   45.0000   45.0000 2309.0771   27.3414

---------------------------------------------------------------------
imgreg_4dfp /opt/freesurfer/average/711-2C_as_mni_average_305 /opt/freesurfer/average/711-2B_as_mni_average_305_mask talsrcimg_g11 none talsrcimg_to_711-2C_as_mni_average_305_t4 1283
---------------------------------------------------------------------

freesurfer imgreg_4dfp.c
/opt/freesurfer/average/711-2C_as_mni_average_305.4dfp.img
       256       256       256         1
  1.000000  1.000000  1.000000
orientation T byte_order littleendian
Reading image: /opt/freesurfer/average/711-2C_as_mni_average_305.4dfp.img
dimensions:      256       256       256
mmppix:       1.0000   -1.0000   -1.0000
center:     128.0000 -129.0000 -129.0000
/opt/freesurfer/average/711-2B_as_mni_average_305_mask.4dfp.img
       256       256       256         1
  1.000000  1.000000  1.000000
orientation T byte_order littleendian
Reading mask: /opt/freesurfer/average/711-2B_as_mni_average_305_mask.4dfp.img (2306576 pixels)
talsrcimg_g11.4dfp.img
       320       320       320         1
  0.700000  0.700000  0.700000
orientation T byte_order littleendian
Reading image: talsrcimg_g11.4dfp.img
dimensions:      320       320       320
mmppix:       0.7000   -0.7000   -0.7000
center:     112.0000 -112.7000 -112.7000
rotation matrix determinant  1.000000
fimgreg.f
image alignment mode   1283 decimal      503 hex
parameters
    0.0000   22.5000    0.0000    0.0000    0.0000    0.0000
eta,q 0.89453 25.88655
niter,ni,del,rscale     5    3   12.0000    1.2000
parameter  4********** ->  0.500000 qaram    1.1500
parameter  5  0.513691 ->  0.500000 qaram    1.1500
parameters
   -1.2599   20.9871    0.3774   -3.4500   -3.4500   -1.7098
eta,q 0.90195 26.20987
  0.1206  0.1098  0.1210  0.0980  0.1010  0.0999
  0.1106  0.1075  0.1128  0.0998  0.0990  0.0985
  0.1066  0.1061  0.1080  0.1024  0.0984  0.0980
  0.1070  0.1057  0.1058  0.1057  0.1005  0.0987
  0.1174  0.1086  0.1068  0.1093  0.1054  0.0997
  0.1252  0.1127  0.1111  0.1117  0.1113  0.1008
  0.1257  0.1152  0.1173  0.1136  0.1174  0.1024
niter,ni,del,rscale     6    3   12.0000    1.2000
parameter  4  2.615299 ->  0.500000 qaram    1.3225
parameters
   -1.2537   19.6917    0.4165   -7.4175   -3.2185   -0.7832
eta,q 0.90784 26.37733
  0.1288  0.1040  0.1116  0.0916  0.1062  0.1002
  0.1132  0.1004  0.1021  0.0918  0.0989  0.0969
  0.0996  0.0978  0.0966  0.0940  0.0939  0.0941
  0.0980  0.0981  0.0976  0.0976  0.0923  0.0924
  0.1062  0.1011  0.1006  0.1017  0.0936  0.0926
  0.1172  0.1070  0.1040  0.1048  0.0976  0.0946
  0.1237  0.1108  0.1084  0.1070  0.1045  0.0966
niter,ni,del,rscale     6    3   12.0000    1.2000
parameter  4  0.588997 ->  0.500000 qaram    1.5209
parameters
   -1.3724   19.8488    0.0460  -11.9801   -2.7100   -1.0877
eta,q 0.90833 26.47710
  0.1250  0.1033  0.1064  0.0906  0.1049  0.0935
  0.1076  0.0987  0.0965  0.0916  0.0969  0.0931
  0.0938  0.0942  0.0915  0.0914  0.0925  0.0926
  0.0922  0.0919  0.0919  0.0915  0.0915  0.0915
  0.1010  0.0938  0.0951  0.0941  0.0921  0.0912
  0.1144  0.0989  0.1007  0.0993  0.0956  0.0923
  0.1217  0.1016  0.1084  0.1037  0.1006  0.0955
niter,ni,del,rscale     6    3   12.0000    1.2000
parameter  4  1.461185 ->  0.500000 qaram    1.7490
parameters
   -1.2765   22.7197   -1.1634  -17.2272   -2.1870   -3.6250
eta,q 0.91437 26.42356
  0.1207  0.1017  0.1006  0.0864  0.0998  0.0866
  0.1068  0.0976  0.0940  0.0857  0.0919  0.0860
  0.0950  0.0940  0.0916  0.0872  0.0883  0.0855
  0.0917  0.0917  0.0923  0.0915  0.0859  0.0856
  0.0958  0.0920  0.0956  0.0933  0.0856  0.0879
  0.1080  0.0920  0.1018  0.0964  0.0891  0.0918
  0.1170  0.0921  0.1114  0.0998  0.0967  0.0956
niter,ni,del,rscale     6    3   12.0000    1.2000
parameters
   -1.3603   22.4547   -0.9421  -19.7134   -1.5985   -4.5968
eta,q 0.91433 26.52523
  0.1157  0.0977  0.1040  0.0897  0.1003  0.0877
  0.0990  0.0898  0.0933  0.0884  0.0916  0.0861
  0.0865  0.0857  0.0869  0.0867  0.0873  0.0854
  0.0856  0.0855  0.0855  0.0856  0.0862  0.0857
  0.0908  0.0863  0.0872  0.0880  0.0848  0.0854
  0.1028  0.0916  0.0919  0.0934  0.0886  0.0873
  0.1143  0.1002  0.1009  0.0950  0.0963  0.0911
niter,ni,del,rscale     5    3   12.0000    1.2000
parameters
   -1.3820   21.8547   -0.8779  -20.0665   -1.2960   -4.7838
eta,q 0.91483 26.61358
  0.1149  0.0948  0.1024  0.0922  0.0998  0.0882
  0.0990  0.0895  0.0926  0.0888  0.0915  0.0866
  0.0874  0.0853  0.0868  0.0870  0.0873  0.0853
  0.0857  0.0857  0.0852  0.0852  0.0855  0.0852
  0.0904  0.0865  0.0869  0.0852  0.0849  0.0853
  0.1019  0.0912  0.0924  0.0899  0.0902  0.0860
  0.1126  0.1014  0.1014  0.0938  0.0977  0.0893
niter,ni,del,rscale     4    3   12.0000    1.2000
parameters
   -1.3697   21.7851   -0.8940  -20.1611   -1.2343   -4.7986
eta,q 0.91484 26.62306
  0.1155  0.0965  0.1020  0.0925  0.0990  0.0883
  0.1001  0.0907  0.0923  0.0890  0.0909  0.0868
  0.0879  0.0861  0.0867  0.0870  0.0872  0.0854
  0.0852  0.0852  0.0851  0.0851  0.0852  0.0852
  0.0901  0.0862  0.0871  0.0846  0.0853  0.0853
  0.1024  0.0890  0.0929  0.0889  0.0911  0.0859
  0.1129  0.0985  0.1018  0.0938  0.0987  0.0890
niter,ni,del,rscale     3    3   12.0000    1.2000
parameters
   -1.3628   21.7955   -0.9102  -20.1886   -1.2207   -4.8043
eta,q 0.91482 26.62111
  0.1155  0.0967  0.1020  0.0926  0.0987  0.0884
  0.1002  0.0909  0.0924  0.0891  0.0908  0.0868
  0.0879  0.0862  0.0867  0.0870  0.0872  0.0855
  0.0852  0.0852  0.0852  0.0852  0.0852  0.0852
  0.0902  0.0862  0.0872  0.0844  0.0854  0.0853
  0.1026  0.0888  0.0930  0.0886  0.0912  0.0859
  0.1129  0.0980  0.1018  0.0939  0.0989  0.0890
registration optimization eta report
parameter search radius
    6.0000    6.0000    6.0000   10.4940    6.9000    6.0000
100000*second partial in parameter space
       80.       35.       47.        8.       29.       10.
  0.1155  0.0967  0.1020  0.0926  0.0987  0.0884
  0.1002  0.0909  0.0924  0.0891  0.0908  0.0868
  0.0879  0.0862  0.0867  0.0870  0.0872  0.0855
  0.0852  0.0852  0.0852  0.0852  0.0852  0.0852
  0.0902  0.0862  0.0872  0.0844  0.0854  0.0853
  0.1026  0.0888  0.0930  0.0886  0.0912  0.0859
  0.1129  0.0980  0.1018  0.0939  0.0989  0.0890
   -1.3628   21.7955   -0.9102  -20.1886   -1.2207   -4.8043
eta,q 0.91482 26.62111

---------------------------------------------------------------------
imgreg_4dfp /opt/freesurfer/average/711-2C_as_mni_average_305 /opt/freesurfer/average/711-2B_as_mni_average_305_mask talsrcimg_g11 none talsrcimg_to_711-2C_as_mni_average_305_t4 3335
---------------------------------------------------------------------

freesurfer imgreg_4dfp.c
/opt/freesurfer/average/711-2C_as_mni_average_305.4dfp.img
       256       256       256         1
  1.000000  1.000000  1.000000
orientation T byte_order littleendian
Reading image: /opt/freesurfer/average/711-2C_as_mni_average_305.4dfp.img
dimensions:      256       256       256
mmppix:       1.0000   -1.0000   -1.0000
center:     128.0000 -129.0000 -129.0000
/opt/freesurfer/average/711-2B_as_mni_average_305_mask.4dfp.img
       256       256       256         1
  1.000000  1.000000  1.000000
orientation T byte_order littleendian
Reading mask: /opt/freesurfer/average/711-2B_as_mni_average_305_mask.4dfp.img (2306576 pixels)
talsrcimg_g11.4dfp.img
       320       320       320         1
  0.700000  0.700000  0.700000
orientation T byte_order littleendian
Reading image: talsrcimg_g11.4dfp.img
dimensions:      320       320       320
mmppix:       0.7000   -0.7000   -0.7000
center:     112.0000 -112.7000 -112.7000
fimgreg.f
image alignment mode   3335 decimal      D07 hex
parameters
   -1.3628   21.7955   -0.9102   -0.3740   -6.4120   -6.1651
    7.1281    4.8829   -8.3734   34.2224   -2.1304  -34.5033
eta,q 0.91775 26.74414
niter,ni,del,rscale     5    3    5.0000    1.2000
parameter  2 -0.509433 -> -0.500000 qaram    1.1500
parameter  4  5.767347 ->  0.500000 qaram    1.1500
parameter  5  1.783858 ->  0.500000 qaram    1.1500
parameter 12 -0.623685 -> -0.500000 qaram    1.1500
parameters
   -0.8897   23.1755   -2.0779   -4.5140  -10.5520   -9.1152
    6.7240    1.9093   -4.8338   32.0986    0.5308  -30.3633
eta,q 0.95413 27.64131
  0.0903  0.0861  0.0816  0.0477  0.0482  0.0512  0.0551  0.0520  0.0549  0.0485  0.0510  0.0488
  0.0865  0.0843  0.0809  0.0540  0.0496  0.0503  0.0524  0.0486  0.0521  0.0473  0.0490  0.0478
  0.0838  0.0829  0.0809  0.0654  0.0524  0.0497  0.0505  0.0479  0.0496  0.0467  0.0475  0.0470
  0.0823  0.0820  0.0815  0.0808  0.0566  0.0502  0.0498  0.0498  0.0479  0.0470  0.0467  0.0464
  0.0821  0.0815  0.0825  0.0965  0.0616  0.0531  0.0506  0.0544  0.0470  0.0481  0.0464  0.0460
  0.0834  0.0815  0.0841  0.1093  0.0669  0.0595  0.0531  0.0615  0.0471  0.0501  0.0465  0.0459
  0.0859  0.0820  0.0862  0.1203  0.0720  0.0691  0.0567  0.0703  0.0481  0.0529  0.0473  0.0461
niter,ni,del,rscale     7    3    5.0000    1.2000
parameter  4  0.637502 ->  0.500000 qaram    1.3225
parameter  6 -0.741404 -> -0.500000 qaram    1.1500
parameter 12  0.647599 ->  0.500000 qaram    1.3225
parameters
   -0.4967   23.8976   -3.1930   -9.2750  -13.3319   -4.9752
    5.8178    0.1208   -5.7207   30.2284    2.2454  -35.1243
eta,q 0.96451 27.85467
  0.0582  0.0524  0.0452  0.0410  0.0412  0.0418  0.0394  0.0410  0.0384  0.0390  0.0380  0.0357
  0.0524  0.0495  0.0449  0.0392  0.0397  0.0408  0.0378  0.0376  0.0370  0.0375  0.0370  0.0355
  0.0481  0.0472  0.0449  0.0391  0.0387  0.0398  0.0369  0.0364  0.0363  0.0362  0.0364  0.0356
  0.0459  0.0456  0.0451  0.0448  0.0388  0.0387  0.0366  0.0366  0.0363  0.0362  0.0361  0.0360
  0.0458  0.0451  0.0457  0.0587  0.0413  0.0373  0.0372  0.0386  0.0369  0.0380  0.0360  0.0367
  0.0480  0.0460  0.0466  0.0775  0.0458  0.0365  0.0388  0.0434  0.0380  0.0412  0.0362  0.0376
  0.0523  0.0480  0.0478  0.0931  0.0509  0.0383  0.0417  0.0516  0.0396  0.0456  0.0368  0.0386
niter,ni,del,rscale     7    3    5.0000    1.2000
parameter  2 -0.519245 -> -0.500000 qaram    1.3225
parameters
    0.0201   25.4846   -3.6579  -11.8724  -14.6954   -5.6405
    6.3334   -0.2200   -6.6987   31.5420    0.9685  -37.7695
eta,q 0.96396 27.65522
  0.0422  0.0427  0.0347  0.0414  0.0398  0.0402  0.0395  0.0394  0.0379  0.0391  0.0366  0.0373
  0.0390  0.0397  0.0342  0.0391  0.0384  0.0392  0.0382  0.0372  0.0371  0.0380  0.0364  0.0362
  0.0368  0.0371  0.0340  0.0364  0.0369  0.0380  0.0373  0.0366  0.0367  0.0371  0.0364  0.0360
  0.0355  0.0352  0.0341  0.0340  0.0359  0.0363  0.0368  0.0367  0.0367  0.0366  0.0364  0.0364
  0.0352  0.0341  0.0343  0.0367  0.0367  0.0346  0.0367  0.0370  0.0370  0.0363  0.0365  0.0370
  0.0361  0.0342  0.0348  0.0507  0.0402  0.0367  0.0374  0.0377  0.0377  0.0364  0.0366  0.0378
  0.0383  0.0353  0.0355  0.0734  0.0452  0.0469  0.0391  0.0398  0.0389  0.0381  0.0368  0.0388
niter,ni,del,rscale     7    3    5.0000    1.2000
parameters
    0.6056   25.7647   -3.5914  -13.2215  -15.4036   -5.9951
    6.3828    0.0918   -7.4573   31.9029   -0.9895  -37.6197
eta,q 0.96264 27.49622
  0.0397  0.0405  0.0368  0.0430  0.0408  0.0410  0.0397  0.0410  0.0385  0.0390  0.0375  0.0402
  0.0381  0.0380  0.0361  0.0410  0.0395  0.0400  0.0386  0.0379  0.0378  0.0380  0.0374  0.0379
  0.0368  0.0364  0.0358  0.0385  0.0381  0.0388  0.0378  0.0372  0.0375  0.0377  0.0373  0.0372
  0.0360  0.0358  0.0357  0.0357  0.0369  0.0372  0.0374  0.0374  0.0375  0.0374  0.0374  0.0373
  0.0358  0.0360  0.0359  0.0347  0.0369  0.0356  0.0375  0.0379  0.0377  0.0371  0.0375  0.0378
  0.0361  0.0370  0.0361  0.0409  0.0395  0.0376  0.0383  0.0386  0.0382  0.0373  0.0376  0.0385
  0.0375  0.0390  0.0366  0.0576  0.0441  0.0455  0.0400  0.0395  0.0390  0.0391  0.0378  0.0393
niter,ni,del,rscale     6    3    5.0000    1.2000
parameters
    0.9359   26.0987   -3.3684  -13.7252  -15.8272   -6.1906
    6.3696    0.1440   -8.0427   31.7457   -1.4385  -37.9757
eta,q 0.96208 27.40361
  0.0399  0.0412  0.0381  0.0441  0.0414  0.0416  0.0401  0.0415  0.0390  0.0390  0.0382  0.0401
  0.0387  0.0391  0.0376  0.0422  0.0402  0.0405  0.0391  0.0383  0.0383  0.0383  0.0380  0.0382
  0.0378  0.0378  0.0373  0.0399  0.0389  0.0394  0.0383  0.0376  0.0380  0.0381  0.0380  0.0378
  0.0374  0.0373  0.0372  0.0372  0.0377  0.0378  0.0379  0.0379  0.0380  0.0379  0.0380  0.0380
  0.0373  0.0373  0.0373  0.0352  0.0375  0.0362  0.0380  0.0386  0.0382  0.0376  0.0380  0.0384
  0.0378  0.0381  0.0375  0.0385  0.0396  0.0378  0.0388  0.0394  0.0386  0.0379  0.0381  0.0391
  0.0389  0.0399  0.0378  0.0517  0.0438  0.0454  0.0405  0.0403  0.0393  0.0397  0.0383  0.0398
niter,ni,del,rscale     5    3    5.0000    1.2000
parameters
    1.0612   26.2998   -3.2926  -13.8683  -16.1584   -6.2160
    6.3687    0.1841   -8.2094   32.0591   -1.4234  -38.1646
eta,q 0.96192 27.37491
  0.0400  0.0412  0.0386  0.0445  0.0417  0.0418  0.0403  0.0419  0.0393  0.0392  0.0384  0.0403
  0.0389  0.0394  0.0381  0.0426  0.0404  0.0408  0.0393  0.0384  0.0385  0.0385  0.0382  0.0384
  0.0382  0.0383  0.0379  0.0404  0.0392  0.0396  0.0385  0.0378  0.0382  0.0383  0.0381  0.0379
  0.0379  0.0379  0.0379  0.0379  0.0380  0.0381  0.0381  0.0381  0.0381  0.0381  0.0381  0.0381
  0.0380  0.0380  0.0380  0.0357  0.0377  0.0365  0.0382  0.0388  0.0383  0.0378  0.0381  0.0385
  0.0385  0.0388  0.0381  0.0381  0.0397  0.0378  0.0389  0.0397  0.0387  0.0379  0.0382  0.0392
  0.0397  0.0405  0.0384  0.0500  0.0438  0.0449  0.0406  0.0406  0.0393  0.0394  0.0384  0.0399
niter,ni,del,rscale     4    3    5.0000    1.2000
parameters
    1.1132   26.4156   -3.3705  -13.8994  -16.3686   -6.2712
    6.3576    0.3222   -8.2752   32.1612   -1.2742  -38.3248
eta,q 0.96181 27.35538
  0.0400  0.0410  0.0386  0.0446  0.0418  0.0419  0.0403  0.0421  0.0394  0.0391  0.0385  0.0405
  0.0390  0.0394  0.0382  0.0427  0.0405  0.0408  0.0393  0.0385  0.0387  0.0386  0.0383  0.0385
  0.0383  0.0385  0.0381  0.0406  0.0392  0.0396  0.0386  0.0378  0.0383  0.0385  0.0382  0.0380
  0.0381  0.0381  0.0381  0.0380  0.0381  0.0382  0.0382  0.0382  0.0382  0.0382  0.0382  0.0382
  0.0382  0.0382  0.0382  0.0358  0.0377  0.0365  0.0383  0.0389  0.0383  0.0378  0.0382  0.0387
  0.0387  0.0390  0.0384  0.0379  0.0396  0.0381  0.0390  0.0397  0.0387  0.0380  0.0383  0.0393
  0.0399  0.0408  0.0387  0.0496  0.0436  0.0450  0.0406  0.0406  0.0394  0.0396  0.0385  0.0400
niter,ni,del,rscale     3    3    5.0000    1.2000
parameters
    1.1445   26.4814   -3.4156  -13.8558  -16.4896   -6.2052
    6.3644    0.4417   -8.3019   32.3195   -1.1049  -38.3497
eta,q 0.96187 27.35434
  0.0400  0.0409  0.0388  0.0446  0.0419  0.0419  0.0402  0.0420  0.0394  0.0391  0.0385  0.0406
  0.0390  0.0395  0.0384  0.0428  0.0406  0.0408  0.0392  0.0385  0.0386  0.0386  0.0382  0.0385
  0.0384  0.0386  0.0382  0.0407  0.0393  0.0397  0.0385  0.0378  0.0383  0.0384  0.0382  0.0380
  0.0382  0.0382  0.0382  0.0382  0.0381  0.0382  0.0381  0.0381  0.0382  0.0382  0.0381  0.0381
  0.0383  0.0383  0.0383  0.0359  0.0378  0.0366  0.0382  0.0388  0.0383  0.0378  0.0382  0.0386
  0.0388  0.0391  0.0385  0.0379  0.0396  0.0380  0.0389  0.0397  0.0387  0.0380  0.0383  0.0392
  0.0400  0.0409  0.0387  0.0492  0.0435  0.0446  0.0406  0.0405  0.0393  0.0395  0.0384  0.0399
niter,ni,del,rscale     2    3    5.0000    1.2000
parameters
    1.1578   26.5079   -3.4536  -13.8158  -16.5467   -6.1267
    6.3962    0.5545   -8.3078   32.3318   -0.9154  -38.3245
eta,q 0.96192 27.35291
  0.0399  0.0408  0.0387  0.0446  0.0419  0.0419  0.0402  0.0418  0.0393  0.0390  0.0385  0.0406
  0.0390  0.0394  0.0383  0.0428  0.0406  0.0408  0.0392  0.0384  0.0386  0.0385  0.0382  0.0385
  0.0384  0.0385  0.0382  0.0406  0.0393  0.0396  0.0384  0.0377  0.0382  0.0384  0.0381  0.0379
  0.0381  0.0381  0.0381  0.0381  0.0381  0.0381  0.0381  0.0381  0.0381  0.0381  0.0381  0.0381
  0.0382  0.0383  0.0382  0.0358  0.0377  0.0365  0.0381  0.0387  0.0382  0.0377  0.0381  0.0385
  0.0388  0.0391  0.0384  0.0378  0.0394  0.0380  0.0388  0.0396  0.0386  0.0379  0.0382  0.0392
  0.0400  0.0409  0.0387  0.0492  0.0433  0.0444  0.0405  0.0404  0.0393  0.0396  0.0384  0.0399
niter,ni,del,rscale     1    3    5.0000    1.2000
parameters
    1.1609   26.5133   -3.4554  -13.7649  -16.5599   -6.0562
    6.4280    0.5705   -8.3113   32.3380   -0.8510  -38.2610
eta,q 0.96199 27.35631
  0.0398  0.0407  0.0387  0.0445  0.0418  0.0418  0.0401  0.0416  0.0392  0.0389  0.0384  0.0406
  0.0389  0.0393  0.0383  0.0427  0.0405  0.0408  0.0391  0.0382  0.0385  0.0384  0.0381  0.0384
  0.0383  0.0385  0.0381  0.0406  0.0392  0.0396  0.0384  0.0376  0.0381  0.0383  0.0380  0.0379
  0.0381  0.0381  0.0381  0.0381  0.0380  0.0380  0.0380  0.0380  0.0380  0.0380  0.0380  0.0380
  0.0382  0.0382  0.0382  0.0358  0.0376  0.0364  0.0381  0.0387  0.0381  0.0376  0.0381  0.0385
  0.0388  0.0391  0.0384  0.0377  0.0393  0.0380  0.0388  0.0395  0.0385  0.0379  0.0382  0.0391
  0.0400  0.0409  0.0387  0.0491  0.0432  0.0444  0.0404  0.0403  0.0392  0.0396  0.0383  0.0398
registration optimization eta report
parameter search radius
    2.4000    3.1740    2.4000    9.5220    8.2800    8.2800
    7.2000    7.2000    7.2000    7.2000    7.2000    9.5220
100000*second partial in parameter space
       32.       27.       10.       10.        7.        8.
        4.        6.        2.        3.        1.        2.
  0.0398  0.0407  0.0387  0.0445  0.0418  0.0418  0.0401  0.0416  0.0392  0.0389  0.0384  0.0406
  0.0389  0.0393  0.0383  0.0427  0.0405  0.0408  0.0391  0.0382  0.0385  0.0384  0.0381  0.0384
  0.0383  0.0385  0.0381  0.0406  0.0392  0.0396  0.0384  0.0376  0.0381  0.0383  0.0380  0.0379
  0.0381  0.0381  0.0381  0.0381  0.0380  0.0380  0.0380  0.0380  0.0380  0.0380  0.0380  0.0380
  0.0382  0.0382  0.0382  0.0358  0.0376  0.0364  0.0381  0.0387  0.0381  0.0376  0.0381  0.0385
  0.0388  0.0391  0.0384  0.0377  0.0393  0.0380  0.0388  0.0395  0.0385  0.0379  0.0382  0.0391
  0.0400  0.0409  0.0387  0.0491  0.0432  0.0444  0.0404  0.0403  0.0392  0.0396  0.0383  0.0398
    1.1609   26.5133   -3.4554  -13.7649  -16.5599   -6.0562
    6.4280    0.5705   -8.3113   32.3380   -0.8510  -38.2610
eta,q 0.96199 27.35631

---------------------------------------------------------------------
imgreg_4dfp /opt/freesurfer/average/711-2C_as_mni_average_305 /opt/freesurfer/average/711-2B_as_mni_average_305_mask talsrcimg_g11 none talsrcimg_to_711-2C_as_mni_average_305_t4 2311
---------------------------------------------------------------------

freesurfer imgreg_4dfp.c
/opt/freesurfer/average/711-2C_as_mni_average_305.4dfp.img
       256       256       256         1
  1.000000  1.000000  1.000000
orientation T byte_order littleendian
Reading image: /opt/freesurfer/average/711-2C_as_mni_average_305.4dfp.img
dimensions:      256       256       256
mmppix:       1.0000   -1.0000   -1.0000
center:     128.0000 -129.0000 -129.0000
/opt/freesurfer/average/711-2B_as_mni_average_305_mask.4dfp.img
       256       256       256         1
  1.000000  1.000000  1.000000
orientation T byte_order littleendian
Reading mask: /opt/freesurfer/average/711-2B_as_mni_average_305_mask.4dfp.img (2306576 pixels)
talsrcimg_g11.4dfp.img
       320       320       320         1
  0.700000  0.700000  0.700000
orientation T byte_order littleendian
Reading image: talsrcimg_g11.4dfp.img
dimensions:      320       320       320
mmppix:       0.7000   -0.7000   -0.7000
center:     112.0000 -112.7000 -112.7000
fimgreg.f
image alignment mode   2311 decimal      907 hex
parameters
    1.1609   26.5133   -3.4554  -13.7649  -16.5599   -6.0562
    6.4280    0.5705   -8.3113   32.3380   -0.8510  -38.2610
eta,q 0.96199 27.35630
niter,ni,del,rscale     5    3    5.0000    0.8000
parameter  4 -1.630783 -> -0.500000 qaram    1.1500
parameters
    1.2544   26.7050   -3.4769  -11.0049  -16.0507   -3.7261
    5.2827    1.8172   -7.6078   32.9009    0.7832  -38.2677
eta,q 0.96559 27.62192
  0.0388  0.0388  0.0382  0.0416  0.0381  0.0385  0.0358  0.0416  0.0359  0.0363  0.0357  0.0354
  0.0384  0.0384  0.0381  0.0405  0.0373  0.0377  0.0351  0.0373  0.0352  0.0357  0.0350  0.0347
  0.0381  0.0381  0.0380  0.0393  0.0366  0.0368  0.0346  0.0352  0.0348  0.0352  0.0347  0.0344
  0.0380  0.0380  0.0380  0.0380  0.0360  0.0359  0.0346  0.0346  0.0346  0.0346  0.0345  0.0344
  0.0380  0.0380  0.0380  0.0367  0.0358  0.0349  0.0352  0.0347  0.0347  0.0343  0.0344  0.0346
  0.0383  0.0382  0.0381  0.0358  0.0363  0.0346  0.0364  0.0352  0.0349  0.0347  0.0345  0.0349
  0.0387  0.0385  0.0382  0.0361  0.0377  0.0363  0.0383  0.0361  0.0353  0.0361  0.0346  0.0353
niter,ni,del,rscale     5    3    5.0000    0.8000
parameters
    0.7887   26.3101   -3.3296  -10.4113  -15.7028   -3.9426
    6.3089    1.2689   -7.5892   32.7756    1.4614  -38.0861
eta,q 0.96632 27.70177
  0.0350  0.0349  0.0353  0.0390  0.0361  0.0372  0.0362  0.0360  0.0347  0.0351  0.0345  0.0347
  0.0345  0.0345  0.0347  0.0375  0.0352  0.0361  0.0352  0.0342  0.0341  0.0346  0.0341  0.0340
  0.0343  0.0343  0.0344  0.0359  0.0344  0.0349  0.0344  0.0336  0.0338  0.0341  0.0338  0.0337
  0.0344  0.0343  0.0343  0.0343  0.0338  0.0337  0.0339  0.0337  0.0336  0.0336  0.0337  0.0337
  0.0348  0.0346  0.0344  0.0332  0.0337  0.0335  0.0337  0.0342  0.0338  0.0335  0.0337  0.0338
  0.0357  0.0352  0.0346  0.0341  0.0343  0.0352  0.0340  0.0353  0.0341  0.0342  0.0338  0.0341
  0.0370  0.0361  0.0349  0.0389  0.0359  0.0396  0.0349  0.0373  0.0347  0.0359  0.0341  0.0344
niter,ni,del,rscale     4    3    5.0000    0.7000
parameters
    0.4646   26.0850   -3.4526  -10.0264  -15.2013   -3.8255
    6.4504    0.9175   -7.3118   32.5981    1.8251  -37.8793
eta,q 0.96685 27.75718
  0.0344  0.0342  0.0341  0.0379  0.0354  0.0364  0.0348  0.0354  0.0341  0.0345  0.0339  0.0340
  0.0339  0.0338  0.0338  0.0365  0.0346  0.0354  0.0340  0.0338  0.0336  0.0340  0.0335  0.0335
  0.0336  0.0336  0.0336  0.0350  0.0339  0.0342  0.0334  0.0332  0.0332  0.0335  0.0332  0.0332
  0.0337  0.0336  0.0336  0.0336  0.0333  0.0332  0.0332  0.0331  0.0331  0.0331  0.0331  0.0331
  0.0340  0.0338  0.0337  0.0329  0.0332  0.0329  0.0332  0.0335  0.0332  0.0331  0.0332  0.0332
  0.0347  0.0342  0.0340  0.0340  0.0337  0.0340  0.0337  0.0345  0.0334  0.0338  0.0333  0.0335
  0.0358  0.0348  0.0343  0.0381  0.0349  0.0371  0.0347  0.0363  0.0339  0.0352  0.0336  0.0338
niter,ni,del,rscale     3    3    5.0000    0.6000
parameters
    0.3051   25.9209   -3.3946   -9.7118  -14.8919   -3.5065
    6.3895    0.7034   -7.0870   32.3765    1.8948  -37.6262
eta,q 0.96724 27.78185
  0.0340  0.0336  0.0337  0.0368  0.0346  0.0357  0.0340  0.0348  0.0335  0.0339  0.0333  0.0335
  0.0335  0.0333  0.0334  0.0355  0.0339  0.0347  0.0333  0.0335  0.0331  0.0334  0.0330  0.0330
  0.0332  0.0332  0.0332  0.0342  0.0333  0.0337  0.0329  0.0329  0.0328  0.0330  0.0328  0.0328
  0.0331  0.0331  0.0331  0.0331  0.0329  0.0329  0.0327  0.0327  0.0327  0.0327  0.0327  0.0327
  0.0334  0.0333  0.0332  0.0327  0.0329  0.0326  0.0329  0.0331  0.0328  0.0328  0.0328  0.0328
  0.0339  0.0336  0.0333  0.0337  0.0333  0.0333  0.0333  0.0339  0.0330  0.0334  0.0330  0.0330
  0.0347  0.0340  0.0336  0.0368  0.0343  0.0355  0.0342  0.0353  0.0333  0.0345  0.0333  0.0332
niter,ni,del,rscale     2    3    5.0000    0.5000
parameters
    0.2105   25.8064   -3.2380   -9.4379  -14.6836   -3.1592
    6.2792    0.6013   -6.8707   32.1509    1.8502  -37.3206
eta,q 0.96755 27.79125
  0.0335  0.0332  0.0333  0.0357  0.0338  0.0349  0.0333  0.0341  0.0331  0.0334  0.0329  0.0330
  0.0331  0.0329  0.0330  0.0346  0.0333  0.0341  0.0329  0.0331  0.0327  0.0329  0.0326  0.0327
  0.0328  0.0328  0.0328  0.0336  0.0329  0.0332  0.0326  0.0326  0.0325  0.0326  0.0325  0.0325
  0.0328  0.0327  0.0327  0.0327  0.0326  0.0326  0.0324  0.0324  0.0324  0.0324  0.0325  0.0325
  0.0329  0.0328  0.0328  0.0325  0.0326  0.0324  0.0326  0.0327  0.0325  0.0326  0.0325  0.0325
  0.0333  0.0331  0.0328  0.0333  0.0329  0.0329  0.0329  0.0333  0.0326  0.0330  0.0326  0.0326
  0.0339  0.0334  0.0330  0.0355  0.0337  0.0344  0.0335  0.0343  0.0329  0.0339  0.0329  0.0328
niter,ni,del,rscale     1    3    5.0000    0.4000
parameters
    0.1503   25.7240   -3.0657   -9.2001  -14.5414   -2.7722
    6.1551    0.5499   -6.6918   31.9051    1.7840  -36.9942
eta,q 0.96777 27.79083
  0.0330  0.0328  0.0329  0.0346  0.0332  0.0341  0.0328  0.0334  0.0327  0.0329  0.0325  0.0326
  0.0327  0.0326  0.0326  0.0338  0.0328  0.0334  0.0325  0.0327  0.0324  0.0325  0.0324  0.0324
  0.0325  0.0325  0.0325  0.0330  0.0325  0.0328  0.0323  0.0323  0.0323  0.0323  0.0323  0.0323
  0.0325  0.0325  0.0324  0.0324  0.0324  0.0323  0.0322  0.0322  0.0322  0.0322  0.0322  0.0322
  0.0326  0.0325  0.0324  0.0323  0.0324  0.0322  0.0323  0.0324  0.0323  0.0324  0.0323  0.0323
  0.0328  0.0327  0.0325  0.0329  0.0326  0.0325  0.0326  0.0328  0.0324  0.0327  0.0324  0.0323
  0.0332  0.0329  0.0326  0.0343  0.0331  0.0335  0.0330  0.0335  0.0326  0.0333  0.0326  0.0324
registration optimization eta report
parameter search radius
    0.8000    0.8000    0.8000    2.7600    2.4000    2.4000
    2.4000    2.4000    2.4000    2.4000    2.4000    2.4000
100000*second partial in parameter space
      101.       59.       45.       27.       13.       25.
       12.       21.        7.       15.        5.        5.
  0.0330  0.0328  0.0329  0.0346  0.0332  0.0341  0.0328  0.0334  0.0327  0.0329  0.0325  0.0326
  0.0327  0.0326  0.0326  0.0338  0.0328  0.0334  0.0325  0.0327  0.0324  0.0325  0.0324  0.0324
  0.0325  0.0325  0.0325  0.0330  0.0325  0.0328  0.0323  0.0323  0.0323  0.0323  0.0323  0.0323
  0.0325  0.0325  0.0324  0.0324  0.0324  0.0323  0.0322  0.0322  0.0322  0.0322  0.0322  0.0322
  0.0326  0.0325  0.0324  0.0323  0.0324  0.0322  0.0323  0.0324  0.0323  0.0324  0.0323  0.0323
  0.0328  0.0327  0.0325  0.0329  0.0326  0.0325  0.0326  0.0328  0.0324  0.0327  0.0324  0.0323
  0.0332  0.0329  0.0326  0.0343  0.0331  0.0335  0.0330  0.0335  0.0326  0.0333  0.0326  0.0324
    0.1503   25.7240   -3.0657   -9.2001  -14.5414   -2.7722
    6.1551    0.5499   -6.6918   31.9051    1.7840  -36.9942
eta,q 0.96777 27.79083

---------------------------------------------------------------------
imgreg_4dfp /opt/freesurfer/average/711-2C_as_mni_average_305 /opt/freesurfer/average/711-2B_as_mni_average_305_mask talsrcimg_g11 none talsrcimg_to_711-2C_as_mni_average_305_t4 2311
---------------------------------------------------------------------

freesurfer imgreg_4dfp.c
/opt/freesurfer/average/711-2C_as_mni_average_305.4dfp.img
       256       256       256         1
  1.000000  1.000000  1.000000
orientation T byte_order littleendian
Reading image: /opt/freesurfer/average/711-2C_as_mni_average_305.4dfp.img
dimensions:      256       256       256
mmppix:       1.0000   -1.0000   -1.0000
center:     128.0000 -129.0000 -129.0000
/opt/freesurfer/average/711-2B_as_mni_average_305_mask.4dfp.img
       256       256       256         1
  1.000000  1.000000  1.000000
orientation T byte_order littleendian
Reading mask: /opt/freesurfer/average/711-2B_as_mni_average_305_mask.4dfp.img (2306576 pixels)
talsrcimg_g11.4dfp.img
       320       320       320         1
  0.700000  0.700000  0.700000
orientation T byte_order littleendian
Reading image: talsrcimg_g11.4dfp.img
dimensions:      320       320       320
mmppix:       0.7000   -0.7000   -0.7000
center:     112.0000 -112.7000 -112.7000
fimgreg.f
image alignment mode   2311 decimal      907 hex
parameters
    0.1503   25.7240   -3.0657   -9.2001  -14.5414   -2.7722
    6.1551    0.5499   -6.6918   31.9051    1.7840  -36.9942
eta,q 0.96777 27.79082
niter,ni,del,rscale     5    3    5.0000    0.8000
parameters
    0.0867   25.6900   -2.8148   -9.9467  -14.8642   -3.2311
    6.2992    0.4010   -6.6200   31.8116    1.5860  -36.8466
eta,q 0.96713 27.77141
  0.0348  0.0338  0.0339  0.0362  0.0348  0.0362  0.0349  0.0361  0.0341  0.0349  0.0335  0.0338
  0.0334  0.0329  0.0330  0.0347  0.0339  0.0350  0.0339  0.0339  0.0334  0.0340  0.0331  0.0332
  0.0325  0.0324  0.0325  0.0332  0.0330  0.0337  0.0332  0.0330  0.0330  0.0333  0.0329  0.0329
  0.0322  0.0322  0.0322  0.0322  0.0326  0.0326  0.0329  0.0329  0.0328  0.0328  0.0329  0.0329
  0.0326  0.0325  0.0323  0.0327  0.0328  0.0326  0.0330  0.0332  0.0330  0.0329  0.0330  0.0330
  0.0336  0.0330  0.0326  0.0359  0.0339  0.0348  0.0336  0.0343  0.0334  0.0338  0.0332  0.0332
  0.0353  0.0339  0.0330  0.0424  0.0360  0.0400  0.0348  0.0365  0.0340  0.0355  0.0337  0.0336
niter,ni,del,rscale     4    3    5.0000    0.7000
parameters
    0.2005   25.7170   -3.0745   -9.7555  -14.6837   -3.2464
    6.0405    0.5548   -6.6141   31.7579    1.5660  -36.9858
eta,q 0.96731 27.77974
  0.0347  0.0340  0.0333  0.0366  0.0347  0.0359  0.0342  0.0359  0.0337  0.0344  0.0333  0.0334
  0.0338  0.0333  0.0330  0.0352  0.0339  0.0348  0.0334  0.0339  0.0331  0.0337  0.0330  0.0329
  0.0332  0.0330  0.0328  0.0339  0.0332  0.0337  0.0329  0.0329  0.0328  0.0330  0.0328  0.0327
  0.0329  0.0329  0.0329  0.0328  0.0327  0.0327  0.0327  0.0327  0.0327  0.0327  0.0327  0.0327
  0.0329  0.0330  0.0330  0.0325  0.0327  0.0324  0.0329  0.0329  0.0328  0.0328  0.0328  0.0328
  0.0334  0.0333  0.0333  0.0336  0.0333  0.0337  0.0336  0.0337  0.0331  0.0335  0.0330  0.0331
  0.0342  0.0339  0.0337  0.0370  0.0347  0.0371  0.0347  0.0353  0.0337  0.0348  0.0333  0.0334
niter,ni,del,rscale     3    3    5.0000    0.6000
parameters
    0.2011   25.6756   -3.1099   -9.4554  -14.5444   -3.0429
    5.9702    0.5935   -6.5906   31.7285    1.5948  -36.8919
eta,q 0.96758 27.78859
  0.0339  0.0335  0.0332  0.0358  0.0341  0.0353  0.0337  0.0349  0.0332  0.0339  0.0330  0.0331
  0.0333  0.0330  0.0329  0.0347  0.0335  0.0343  0.0330  0.0334  0.0328  0.0332  0.0327  0.0327
  0.0328  0.0328  0.0327  0.0336  0.0329  0.0333  0.0326  0.0326  0.0325  0.0327  0.0325  0.0325
  0.0327  0.0327  0.0327  0.0327  0.0325  0.0325  0.0324  0.0324  0.0324  0.0324  0.0324  0.0324
  0.0328  0.0328  0.0328  0.0324  0.0325  0.0323  0.0326  0.0327  0.0325  0.0325  0.0325  0.0325
  0.0332  0.0331  0.0330  0.0332  0.0331  0.0331  0.0330  0.0334  0.0328  0.0331  0.0327  0.0327
  0.0340  0.0336  0.0332  0.0356  0.0341  0.0354  0.0339  0.0348  0.0332  0.0342  0.0330  0.0329
niter,ni,del,rscale     2    3    5.0000    0.5000
parameters
    0.1581   25.6481   -3.0190   -9.2398  -14.4618   -2.7594
    5.9793    0.5725   -6.5539   31.6545    1.6238  -36.7246
eta,q 0.96776 27.78958
  0.0333  0.0330  0.0329  0.0349  0.0335  0.0346  0.0332  0.0341  0.0328  0.0334  0.0327  0.0327
  0.0328  0.0327  0.0326  0.0339  0.0330  0.0338  0.0327  0.0330  0.0325  0.0328  0.0324  0.0324
  0.0325  0.0325  0.0325  0.0331  0.0326  0.0329  0.0324  0.0324  0.0323  0.0324  0.0323  0.0323
  0.0324  0.0324  0.0324  0.0324  0.0323  0.0323  0.0322  0.0322  0.0322  0.0322  0.0322  0.0322
  0.0326  0.0325  0.0325  0.0323  0.0324  0.0322  0.0323  0.0324  0.0323  0.0324  0.0323  0.0323
  0.0329  0.0327  0.0326  0.0330  0.0328  0.0327  0.0327  0.0330  0.0325  0.0328  0.0324  0.0324
  0.0335  0.0331  0.0328  0.0347  0.0335  0.0343  0.0333  0.0341  0.0328  0.0336  0.0327  0.0326
niter,ni,del,rscale     1    3    5.0000    0.4000
parameters
    0.1233   25.6325   -2.8968   -9.0785  -14.4193   -2.4951
    5.9673    0.5389   -6.4963   31.5763    1.6234  -36.5693
eta,q 0.96788 27.78570
  0.0329  0.0326  0.0326  0.0340  0.0330  0.0339  0.0328  0.0333  0.0325  0.0330  0.0324  0.0324
  0.0325  0.0324  0.0324  0.0332  0.0326  0.0332  0.0324  0.0326  0.0323  0.0325  0.0323  0.0323
  0.0323  0.0323  0.0323  0.0326  0.0323  0.0326  0.0322  0.0322  0.0322  0.0322  0.0322  0.0322
  0.0322  0.0322  0.0322  0.0322  0.0322  0.0322  0.0321  0.0321  0.0321  0.0321  0.0321  0.0321
  0.0323  0.0323  0.0322  0.0322  0.0322  0.0321  0.0322  0.0323  0.0322  0.0322  0.0322  0.0322
  0.0326  0.0324  0.0323  0.0327  0.0325  0.0325  0.0324  0.0327  0.0323  0.0325  0.0323  0.0322
  0.0330  0.0327  0.0324  0.0338  0.0330  0.0335  0.0328  0.0334  0.0325  0.0331  0.0324  0.0324
registration optimization eta report
parameter search radius
    0.8000    0.8000    0.8000    2.4000    2.4000    2.4000
    2.4000    2.4000    2.4000    2.4000    2.4000    2.4000
100000*second partial in parameter space
      107.       66.       47.       29.       14.       26.
       12.       22.        7.       16.        6.        5.
  0.0329  0.0326  0.0326  0.0340  0.0330  0.0339  0.0328  0.0333  0.0325  0.0330  0.0324  0.0324
  0.0325  0.0324  0.0324  0.0332  0.0326  0.0332  0.0324  0.0326  0.0323  0.0325  0.0323  0.0323
  0.0323  0.0323  0.0323  0.0326  0.0323  0.0326  0.0322  0.0322  0.0322  0.0322  0.0322  0.0322
  0.0322  0.0322  0.0322  0.0322  0.0322  0.0322  0.0321  0.0321  0.0321  0.0321  0.0321  0.0321
  0.0323  0.0323  0.0322  0.0322  0.0322  0.0321  0.0322  0.0323  0.0322  0.0322  0.0322  0.0322
  0.0326  0.0324  0.0323  0.0327  0.0325  0.0325  0.0324  0.0327  0.0323  0.0325  0.0323  0.0322
  0.0330  0.0327  0.0324  0.0338  0.0330  0.0335  0.0328  0.0334  0.0325  0.0331  0.0324  0.0324
    0.1233   25.6325   -2.8968   -9.0785  -14.4193   -2.4951
    5.9673    0.5389   -6.4963   31.5763    1.6234  -36.5693
eta,q 0.96788 27.78570

---------------------------------------------------------------------
compute_vox2vox talsrcimg talsrcimg_to_711-2C_as_mni_average_305_t4 /opt/freesurfer/average/711-2C_as_mni_average_305
---------------------------------------------------------------------

freesurfer compute_vox2vox.c
Reading: talsrcimg.4dfp.ifh
Reading: talsrcimg_to_711-2C_as_mni_average_305_t4
Reading: /opt/freesurfer/average/711-2C_as_mni_average_305.4dfp.ifh
Writing: talsrcimg_to_711-2C_as_mni_average_305_t4_vox2vox.txt

start time Fri Mar 13 07:23:43 CET 2026
end		time Fri Mar 13 07:24:05 CET 2026

mpr2mni305 success

avi2talxfm orig_nu.mgz /opt/freesurfer/average/mni305.cor.mgz talsrcimg_to_711-2C_as_mni_average_305_t4_vox2vox.txt transforms/talairach.auto.xfm
avi2talxfm done
mv -f /out/sourcedata/freesurfer/sub-v2s5x29553_ses-1/mri/talsrcimg_to_711-2C_as_mni_average_305_t4_vox2vox.txt /out/sourcedata/freesurfer/sub-v2s5x29553_ses-1/mri/transforms/talsrcimg_to_711-2C_as_mni_average_305_t4_vox2vox.txt
lta_convert --src orig_nu.mgz --trg /opt/freesurfer/average/mni305.cor.mgz --inxfm transforms/talairach.auto.xfm --outlta transforms/talairach.auto.xfm.lta --subject fsaverage
7.3.2

--src: orig_nu.mgz src image (geometry).
--trg: /opt/freesurfer/average/mni305.cor.mgz trg image (geometry).
--inmni: transforms/talairach.auto.xfm input MNI/XFM transform.
--outlta: transforms/talairach.auto.xfm.lta output LTA.
--s: fsaverage subject name
 LTA read, type : 1
 1.09460   0.01640  -0.06932  -6.77923;
 0.01137   0.90109   0.38425  -20.93435;
 0.07890  -0.33123   1.02145   18.00488;
 0.00000   0.00000   0.00000   1.00000;
setting subject to fsaverage
Writing  LTA to file transforms/talairach.auto.xfm.lta...
lta_convert successful.
 
 
Started at Fri Mar 13 07:23:43 CET 2026
Ended   at Fri Mar 13 07:24:05 CET 2026
talairach_avi done
