/out/sourcedata/freesurfer/sub-v2s5x29565_ses-1/mri
/opt/freesurfer/bin/talairach_avi
--i orig_nu.mgz --xfm transforms/talairach.auto.xfm
talairach_avi 7.3.2
Linux dna003 5.14.0-427.37.1.el9_4.x86_64 #1 SMP PREEMPT_DYNAMIC Fri Sep 13 12:41:50 EDT 2024 x86_64 x86_64 x86_64 GNU/Linux
Fri Mar 13 07:56:25 CET 2026
mri_convert orig_nu.mgz talsrcimg.img 
reading from orig_nu.mgz...
TR=0.00, TE=0.00, TI=0.00, flip angle=0.00
i_ras = (-1, 0, 0)
j_ras = (0, 0, -1)
k_ras = (0, 1, 0)
writing to talsrcimg.img...
Analyze Output Matrix
-0.70000   0.00000   0.00000   118.98409;
 0.00000   0.00000   0.70000  -86.60400;
 0.00000  -0.70000   0.00000   115.64900;
 0.00000   0.00000   0.00000   1.00000;
--------------------
INFO: set hdr.hist.orient to -1
mpr2mni305 talsrcimg
Fri Mar 13 07:56:25 CET 2026
/opt/freesurfer/bin/mpr2mni305 talsrcimg
mpr2mni305 7.3.2
target=711-2C_as_mni_average_305

---------------------------------------------------------------------
analyzeto4dfp talsrcimg -O0 -y
---------------------------------------------------------------------

freesurfer ifh2hdr.c
Fri Mar 13 07:56:26 2026
Writing: talsrcimg.4dfp.hdr
freesurfer analyzeto4dfp.c
Reading: talsrcimg.hdr
header size 348 bytes
hdr.dime.datatype	offset=70	value=2
hdr.dime.bitpix		offset=72	value=8
hdr.hist.orient		offset=252	value=-1
dimensionality     4
dimensions       320       320       320         1
Reading: talsrcimg.img
Writing: talsrcimg.4dfp.img
Writing: talsrcimg.4dfp.ifh
ifh2hdr talsrcimg -r0to211
ori=2

---------------------------------------------------------------------
gauss_4dfp talsrcimg 1.1
---------------------------------------------------------------------

freesurfer gauss_4dfp.c
Reading: talsrcimg.4dfp.img
Writing: talsrcimg_g11.4dfp.img
image dimensions 320 320 320 padded to 384 384 384
processing volume 1freesurfer ifh2hdr.c
Fri Mar 13 07:56:42 2026
Writing: talsrcimg_g11.4dfp.hdr

Writing: talsrcimg_g11.4dfp.ifh
including: talsrcimg.4dfp.img.rec in talsrcimg_g11.4dfp.img.rec

---------------------------------------------------------------------
imgreg_4dfp /opt/freesurfer/average/711-2C_as_mni_average_305 none talsrcimg_g11 none talsrcimg_to_711-2C_as_mni_average_305_t4 4355
---------------------------------------------------------------------

freesurfer imgreg_4dfp.c
/opt/freesurfer/average/711-2C_as_mni_average_305.4dfp.img
       256       256       256         1
  1.000000  1.000000  1.000000
orientation T byte_order littleendian
Reading image: /opt/freesurfer/average/711-2C_as_mni_average_305.4dfp.img
dimensions:      256       256       256
mmppix:       1.0000   -1.0000   -1.0000
center:     128.0000 -129.0000 -129.0000
talsrcimg_g11.4dfp.img
       320       320       320         1
  0.700000  0.700000  0.700000
orientation T byte_order littleendian
Reading image: talsrcimg_g11.4dfp.img
dimensions:      320       320       320
mmppix:       0.7000   -0.7000   -0.7000
center:     112.0000 -112.7000 -112.7000
t4_read: open error in t4_sub.f l:  41 t4_file(1:l)talsrcimg_to_711-2C_as_mni_average_305_t4 
t4_read: transform initialized to I4
rotation matrix determinant  1.000000
image alignment mode   4355 decimal     1103 hex
   -7.5000  -45.0000  -45.0000 4121.5703   37.4613
    0.0000  -45.0000  -45.0000 4296.2500   37.4113
    7.5000  -45.0000  -45.0000 4076.2441   37.3892
   -7.5000  -37.5000  -45.0000 4376.3550   37.2202
    0.0000  -37.5000  -45.0000 4570.4565   37.1609
    7.5000  -37.5000  -45.0000 4335.2129   37.1274
   -7.5000  -30.0000  -45.0000 4716.4629   36.3002
    0.0000  -30.0000  -45.0000 4940.1157   36.2458
    7.5000  -30.0000  -45.0000 4680.4478   36.2090
   -7.5000  -22.5000  -45.0000 4967.9395   34.7074
    0.0000  -22.5000  -45.0000 5213.5879   34.6740
    7.5000  -22.5000  -45.0000 4928.2549   34.6601
   -7.5000  -15.0000  -45.0000 5416.4033   33.3526
    0.0000  -15.0000  -45.0000 5682.5479   33.3363
    7.5000  -15.0000  -45.0000 5368.7075   33.3413
   -7.5000   -7.5000  -45.0000 5958.5938   32.6422
    0.0000   -7.5000  -45.0000 6246.2549   32.6332
    7.5000   -7.5000  -45.0000 5879.8755   32.6437
   -7.5000    0.0000  -45.0000 6506.5498   32.5205
    0.0000    0.0000  -45.0000 6808.7788   32.4997
    7.5000    0.0000  -45.0000 6396.2275   32.4974
   -7.5000    7.5000  -45.0000 6478.4727   32.5558
    0.0000    7.5000  -45.0000 6783.1772   32.5162
    7.5000    7.5000  -45.0000 6374.9062   32.4966
   -7.5000   15.0000  -45.0000 6387.3623   32.1930
    0.0000   15.0000  -45.0000 6712.7812   32.1494
    7.5000   15.0000  -45.0000 6299.9805   32.1266
   -7.5000   22.5000  -45.0000 6358.8564   31.3888
    0.0000   22.5000  -45.0000 6688.1304   31.3568
    7.5000   22.5000  -45.0000 6254.1865   31.3453
   -7.5000   30.0000  -45.0000 6433.3862   31.3448
    0.0000   30.0000  -45.0000 6753.0391   31.3278
    7.5000   30.0000  -45.0000 6302.1953   31.3309
   -7.5000   37.5000  -45.0000 6241.3398   30.2617
    0.0000   37.5000  -45.0000 6544.8672   30.2527
    7.5000   37.5000  -45.0000 6096.0244   30.2621
   -7.5000   45.0000  -45.0000 5922.3105   29.1102
    0.0000   45.0000  -45.0000 6197.8491   29.0915
    7.5000   45.0000  -45.0000 5779.3223   29.0895
   -7.5000  -45.0000  -37.5000 4315.6313   38.5926
    0.0000  -45.0000  -37.5000 4490.3130   38.5197
    7.5000  -45.0000  -37.5000 4258.7954   38.4818
   -7.5000  -37.5000  -37.5000 4599.4575   38.3921
    0.0000  -37.5000  -37.5000 4795.5332   38.3279
    7.5000  -37.5000  -37.5000 4554.2852   38.2906
   -7.5000  -30.0000  -37.5000 4997.6719   37.3986
    0.0000  -30.0000  -37.5000 5225.7251   37.3544
    7.5000  -30.0000  -37.5000 4955.6548   37.3136
   -7.5000  -22.5000  -37.5000 5300.4258   35.8272
    0.0000  -22.5000  -37.5000 5553.8911   35.7945
    7.5000  -22.5000  -37.5000 5252.8813   35.7637
   -7.5000  -15.0000  -37.5000 5800.1021   34.5020
    0.0000  -15.0000  -37.5000 6066.6201   34.4712
    7.5000  -15.0000  -37.5000 5726.8442   34.4517
   -7.5000   -7.5000  -37.5000 6398.2949   33.7805
    0.0000   -7.5000  -37.5000 6697.3799   33.7474
    7.5000   -7.5000  -37.5000 6292.8794   33.7354
   -7.5000    0.0000  -37.5000 6981.6484   33.6139
    0.0000    0.0000  -37.5000 7297.2002   33.5734
    7.5000    0.0000  -37.5000 6849.9326   33.5592
   -7.5000    7.5000  -37.5000 6954.4038   33.6057
    0.0000    7.5000  -37.5000 7269.7480   33.5633
    7.5000    7.5000  -37.5000 6840.2456   33.5420
   -7.5000   15.0000  -37.5000 6875.5049   33.2286
    0.0000   15.0000  -37.5000 7216.0630   33.1924
    7.5000   15.0000  -37.5000 6754.6118   33.1665
   -7.5000   22.5000  -37.5000 6844.4932   32.4585
    0.0000   22.5000  -37.5000 7166.1875   32.4273
    7.5000   22.5000  -37.5000 6679.6831   32.4017
   -7.5000   30.0000  -37.5000 6881.4541   32.4565
    0.0000   30.0000  -37.5000 7197.7515   32.4259
    7.5000   30.0000  -37.5000 6713.0986   32.4064
   -7.5000   37.5000  -37.5000 6658.2432   31.3406
    0.0000   37.5000  -37.5000 6959.5952   31.3093
    7.5000   37.5000  -37.5000 6484.6465   31.2979
   -7.5000   45.0000  -37.5000 6338.7056   30.0890
    0.0000   45.0000  -37.5000 6638.0356   30.0528
    7.5000   45.0000  -37.5000 6164.6802   30.0400
   -7.5000  -45.0000  -30.0000 4525.7197   39.7990
    0.0000  -45.0000  -30.0000 4709.3125   39.7342
    7.5000  -45.0000  -30.0000 4477.3921   39.6829
   -7.5000  -37.5000  -30.0000 4875.6069   39.6635
    0.0000  -37.5000  -30.0000 5077.4946   39.6178
    7.5000  -37.5000  -30.0000 4826.0649   39.5832
   -7.5000  -30.0000  -30.0000 5323.9233   38.6081
    0.0000  -30.0000  -30.0000 5556.4009   38.5668
    7.5000  -30.0000  -30.0000 5258.4458   38.5176
   -7.5000  -22.5000  -30.0000 5674.7017   37.0081
    0.0000  -22.5000  -30.0000 5926.3174   36.9546
    7.5000  -22.5000  -30.0000 5588.1963   36.8917
   -7.5000  -15.0000  -30.0000 6207.6221   35.6608
    0.0000  -15.0000  -30.0000 6478.9297   35.6019
    7.5000  -15.0000  -30.0000 6099.9155   35.5401
   -7.5000   -7.5000  -30.0000 6856.3716   34.9250
    0.0000   -7.5000  -30.0000 7157.2915   34.8727
    7.5000   -7.5000  -30.0000 6733.8799   34.8273
   -7.5000    0.0000  -30.0000 7508.1509   34.7431
    0.0000    0.0000  -30.0000 7846.1299   34.7029
    7.5000    0.0000  -30.0000 7381.2969   34.6768
   -7.5000    7.5000  -30.0000 7484.6606   34.7228
    0.0000    7.5000  -30.0000 7827.7959   34.6933
    7.5000    7.5000  -30.0000 7354.9224   34.6746
   -7.5000   15.0000  -30.0000 7419.6519   34.3382
    0.0000   15.0000  -30.0000 7759.4512   34.3046
    7.5000   15.0000  -30.0000 7228.2744   34.2719
   -7.5000   22.5000  -30.0000 7362.5410   33.5710
    0.0000   22.5000  -30.0000 7670.7783   33.5228
    7.5000   22.5000  -30.0000 7122.1162   33.4697
   -7.5000   30.0000  -30.0000 7381.0278   33.5753
    0.0000   30.0000  -30.0000 7694.0835   33.5189
    7.5000   30.0000  -30.0000 7158.2026   33.4603
   -7.5000   37.5000  -30.0000 7129.9834   32.4489
    0.0000   37.5000  -30.0000 7436.2959   32.3997
    7.5000   37.5000  -30.0000 6915.3340   32.3573
   -7.5000   45.0000  -30.0000 6781.7578   31.1493
    0.0000   45.0000  -30.0000 7117.6953   31.1132
    7.5000   45.0000  -30.0000 6601.4019   31.0899
   -7.5000  -45.0000  -22.5000 4600.8506   39.4076
    0.0000  -45.0000  -22.5000 4785.7383   39.3790
    7.5000  -45.0000  -22.5000 4536.3770   39.3346
   -7.5000  -37.5000  -22.5000 5008.0000   39.3188
    0.0000  -37.5000  -22.5000 5219.0918   39.2993
    7.5000  -37.5000  -22.5000 4929.8203   39.2747
   -7.5000  -30.0000  -22.5000 5479.2314   38.3055
    0.0000  -30.0000  -22.5000 5711.7798   38.2642
    7.5000  -30.0000  -22.5000 5374.6611   38.2174
   -7.5000  -22.5000  -22.5000 5808.2056   36.7054
    0.0000  -22.5000  -22.5000 6060.9663   36.6418
    7.5000  -22.5000  -22.5000 5681.7681   36.5732
   -7.5000  -15.0000  -22.5000 6376.5391   35.3482
    0.0000  -15.0000  -22.5000 6671.2334   35.2874
    7.5000  -15.0000  -22.5000 6251.3745   35.2172
   -7.5000   -7.5000  -22.5000 7070.7065   34.6252
    0.0000   -7.5000  -22.5000 7397.9727   34.5859
    7.5000   -7.5000  -22.5000 6935.7114   34.5357
   -7.5000    0.0000  -22.5000 7788.6880   34.4661
    0.0000    0.0000  -22.5000 8157.9175   34.4498
    7.5000    0.0000  -22.5000 7631.6104   34.4268
   -7.5000    7.5000  -22.5000 7787.5957   34.4699
    0.0000    7.5000  -22.5000 8142.1133   34.4586
    7.5000    7.5000  -22.5000 7591.8496   34.4462
   -7.5000   15.0000  -22.5000 7719.5098   34.0915
    0.0000   15.0000  -22.5000 8044.1812   34.0588
    7.5000   15.0000  -22.5000 7438.4355   34.0276
   -7.5000   22.5000  -22.5000 7630.8423   33.3053
    0.0000   22.5000  -22.5000 7927.6812   33.2488
    7.5000   22.5000  -22.5000 7321.0571   33.1904
   -7.5000   30.0000  -22.5000 7665.1431   33.2822
    0.0000   30.0000  -22.5000 7979.4590   33.2240
    7.5000   30.0000  -22.5000 7395.5176   33.1578
   -7.5000   37.5000  -22.5000 7391.9746   32.1679
    0.0000   37.5000  -22.5000 7727.5024   32.1307
    7.5000   37.5000  -22.5000 7157.7324   32.0839
   -7.5000   45.0000  -22.5000 7047.1943   30.9009
    0.0000   45.0000  -22.5000 7397.9414   30.8863
    7.5000   45.0000  -22.5000 6869.8584   30.8657
   -7.5000  -45.0000  -15.0000 4895.7100   40.7594
    0.0000  -45.0000  -15.0000 5101.4971   40.7443
    7.5000  -45.0000  -15.0000 4811.2705   40.7117
   -7.5000  -37.5000  -15.0000 5314.4062   40.7147
    0.0000  -37.5000  -15.0000 5545.3716   40.6871
    7.5000  -37.5000  -15.0000 5209.3643   40.6595
   -7.5000  -30.0000  -15.0000 5817.6509   39.6603
    0.0000  -30.0000  -15.0000 6066.9253   39.5965
    7.5000  -30.0000  -15.0000 5686.2832   39.5465
   -7.5000  -22.5000  -15.0000 6161.9795   37.9908
    0.0000  -22.5000  -15.0000 6446.5635   37.9170
    7.5000  -22.5000  -15.0000 6030.3989   37.8606
   -7.5000  -15.0000  -15.0000 6778.4053   36.5561
    0.0000  -15.0000  -15.0000 7105.5742   36.5034
    7.5000  -15.0000  -15.0000 6649.7563   36.4553
   -7.5000   -7.5000  -15.0000 7575.6533   35.8061
    0.0000   -7.5000  -15.0000 7936.8975   35.7864
    7.5000   -7.5000  -15.0000 7434.3120   35.7571
   -7.5000    0.0000  -15.0000 8419.6152   35.6713
    0.0000    0.0000  -15.0000 8808.6035   35.6681
    7.5000    0.0000  -15.0000 8223.2148   35.6539
   -7.5000    7.5000  -15.0000 8444.1484   35.7076
    0.0000    7.5000  -15.0000 8824.3594   35.6893
    7.5000    7.5000  -15.0000 8192.4111   35.6732
   -7.5000   15.0000  -15.0000 8331.4092   35.3316
    0.0000   15.0000  -15.0000 8670.8682   35.2810
    7.5000   15.0000  -15.0000 8010.7451   35.2471
   -7.5000   22.5000  -15.0000 8193.6514   34.5096
    0.0000   22.5000  -15.0000 8517.0430   34.4437
    7.5000   22.5000  -15.0000 7881.8857   34.3952
   -7.5000   30.0000  -15.0000 8242.3809   34.4495
    0.0000   30.0000  -15.0000 8622.1729   34.3986
    7.5000   30.0000  -15.0000 7975.5366   34.3528
   -7.5000   37.5000  -15.0000 7941.5537   33.3166
    0.0000   37.5000  -15.0000 8314.6865   33.2976
    7.5000   37.5000  -15.0000 7728.8955   33.2700
   -7.5000   45.0000  -15.0000 7575.9673   32.0588
    0.0000   45.0000  -15.0000 7951.7139   32.0559
    7.5000   45.0000  -15.0000 7406.8071   32.0432
   -7.5000  -45.0000   -7.5000 5140.3218   42.0162
    0.0000  -45.0000   -7.5000 5359.2935   41.9912
    7.5000  -45.0000   -7.5000 5045.5679   41.9690
   -7.5000  -37.5000   -7.5000 5570.4834   41.9535
    0.0000  -37.5000   -7.5000 5823.2046   41.9036
    7.5000  -37.5000   -7.5000 5478.6914   41.8676
   -7.5000  -30.0000   -7.5000 6098.8208   40.8465
    0.0000  -30.0000   -7.5000 6386.9175   40.7724
    7.5000  -30.0000   -7.5000 5997.6538   40.7236
   -7.5000  -22.5000   -7.5000 6468.8350   39.1358
    0.0000  -22.5000   -7.5000 6781.0605   39.0760
    7.5000  -22.5000   -7.5000 6361.9077   39.0458
   -7.5000  -15.0000   -7.5000 7135.4102   37.6562
    0.0000  -15.0000   -7.5000 7476.3667   37.6273
    7.5000  -15.0000   -7.5000 7005.1562   37.6184
   -7.5000   -7.5000   -7.5000 7984.7104   36.8777
    0.0000   -7.5000   -7.5000 8353.9082   36.8756
    7.5000   -7.5000   -7.5000 7832.3081   36.8788
   -7.5000    0.0000   -7.5000 9007.4316   36.7433
    0.0000    0.0000   -7.5000 9404.1143   36.7383
    7.5000    0.0000   -7.5000 8772.7383   36.7344
   -7.5000    7.5000   -7.5000 9172.2471   36.7888
    0.0000    7.5000   -7.5000 9563.8994   36.7536
    7.5000    7.5000   -7.5000 8859.9580   36.7308
   -7.5000   15.0000   -7.5000 8973.1240   36.4153
    0.0000   15.0000   -7.5000 9350.4834   36.3557
    7.5000   15.0000   -7.5000 8696.4873   36.3226
   -7.5000   22.5000   -7.5000 8744.1562   35.5864
    0.0000   22.5000   -7.5000 9113.6045   35.5314
    7.5000   22.5000   -7.5000 8537.2852   35.5053
   -7.5000   30.0000   -7.5000 8780.5977   35.5158
    0.0000   30.0000   -7.5000 9204.8027   35.4867
    7.5000   30.0000   -7.5000 8597.6094   35.4769
   -7.5000   37.5000   -7.5000 8501.4023   34.3672
    0.0000   37.5000   -7.5000 8914.8398   34.3644
    7.5000   37.5000   -7.5000 8290.8281   34.3668
   -7.5000   45.0000   -7.5000 8177.6060   33.1026
    0.0000   45.0000   -7.5000 8557.0107   33.0982
    7.5000   45.0000   -7.5000 7907.5415   33.0946
   -7.5000  -45.0000    0.0000 5297.5928   42.9757
    0.0000  -45.0000    0.0000 5518.7812   42.9209
    7.5000  -45.0000    0.0000 5202.5557   42.8934
   -7.5000  -37.5000    0.0000 5749.7896   42.8693
    0.0000  -37.5000    0.0000 6014.8091   42.7986
    7.5000  -37.5000    0.0000 5665.0645   42.7539
   -7.5000  -30.0000    0.0000 6316.2988   41.6897
    0.0000  -30.0000    0.0000 6628.4395   41.6252
    7.5000  -30.0000    0.0000 6244.2061   41.5783
   -7.5000  -22.5000    0.0000 6741.6318   39.9681
    0.0000  -22.5000    0.0000 7067.5049   39.9311
    7.5000  -22.5000    0.0000 6655.1973   39.9138
   -7.5000  -15.0000    0.0000 7433.3765   38.4939
    0.0000  -15.0000    0.0000 7784.9180   38.4789
    7.5000  -15.0000    0.0000 7335.6660   38.4857
   -7.5000   -7.5000    0.0000 8301.6777   37.7032
    0.0000   -7.5000    0.0000 8662.8184   37.6958
    7.5000   -7.5000    0.0000 8191.6270   37.7081
   -7.5000    0.0000    0.0000 9520.2637   37.5456
    0.0000    0.0000    0.0000 9914.2656   37.5210
    7.5000    0.0000    0.0000 9232.8740   37.5155
   -7.5000    7.5000    0.000010026.7266   37.5626
    0.0000    7.5000    0.000010537.5479   37.5136
    7.5000    7.5000    0.0000 9541.5947   37.4854
   -7.5000   15.0000    0.0000 9860.8848   37.1780
    0.0000   15.0000    0.000010323.3330   37.1253
    7.5000   15.0000    0.0000 9484.8398   37.0942
   -7.5000   22.5000    0.0000 9460.8896   36.3716
    0.0000   22.5000    0.0000 9864.7314   36.3356
    7.5000   22.5000    0.0000 9251.8066   36.3209
   -7.5000   30.0000    0.0000 9464.5020   36.3293
    0.0000   30.0000    0.0000 9845.9844   36.3128
    7.5000   30.0000    0.0000 9202.7705   36.3173
   -7.5000   37.5000    0.0000 9144.0137   35.1790
    0.0000   37.5000    0.0000 9487.1426   35.1712
    7.5000   37.5000    0.0000 8762.7998   35.1822
   -7.5000   45.0000    0.0000 8750.1035   33.8906
    0.0000   45.0000    0.0000 9044.3975   33.8684
    7.5000   45.0000    0.0000 8293.3594   33.8634
   -7.5000  -45.0000    7.5000 5089.3638   43.8599
    0.0000  -45.0000    7.5000 5312.5474   43.7864
    7.5000  -45.0000    7.5000 5017.5952   43.7430
   -7.5000  -37.5000    7.5000 5520.5142   43.7026
    0.0000  -37.5000    7.5000 5791.5122   43.6364
    7.5000  -37.5000    7.5000 5484.2075   43.5915
   -7.5000  -30.0000    7.5000 6041.0093   42.4328
    0.0000  -30.0000    7.5000 6364.6733   42.3892
    7.5000  -30.0000    7.5000 6032.9424   42.3414
   -7.5000  -22.5000    7.5000 6447.0327   40.6750
    0.0000  -22.5000    7.5000 6781.7905   40.6460
    7.5000  -22.5000    7.5000 6415.4292   40.6121
   -7.5000  -15.0000    7.5000 7116.9658   39.1952
    0.0000  -15.0000    7.5000 7461.6470   39.1689
    7.5000  -15.0000    7.5000 7068.2671   39.1493
   -7.5000   -7.5000    7.5000 7979.0347   38.3894
    0.0000   -7.5000    7.5000 8334.9365   38.3596
    7.5000   -7.5000    7.5000 7903.2598   38.3477
   -7.5000    0.0000    7.5000 9254.7969   38.1998
    0.0000    0.0000    7.5000 9731.5137   38.1597
    7.5000    0.0000    7.5000 8898.8975   38.1430
   -7.5000    7.5000    7.5000 9876.2656   38.1809
    0.0000    7.5000    7.500010420.7744   38.1373
    7.5000    7.5000    7.5000 9199.9492   38.1111
   -7.5000   15.0000    7.5000 9718.4697   37.7780
    0.0000   15.0000    7.500010165.5596   37.7421
    7.5000   15.0000    7.5000 9200.2627   37.7114
   -7.5000   22.5000    7.5000 9333.6104   36.9865
    0.0000   22.5000    7.5000 9647.8291   36.9580
    7.5000   22.5000    7.5000 8960.7344   36.9299
   -7.5000   30.0000    7.5000 9313.7031   36.9814
    0.0000   30.0000    7.5000 9570.0283   36.9546
    7.5000   30.0000    7.5000 8877.6055   36.9345
   -7.5000   37.5000    7.5000 8890.7764   35.8175
    0.0000   37.5000    7.5000 9131.4160   35.7890
    7.5000   37.5000    7.5000 8438.2559   35.7773
   -7.5000   45.0000    7.5000 8397.8135   34.4811
    0.0000   45.0000    7.5000 8637.8672   34.4449
    7.5000   45.0000    7.5000 7983.4634   34.4298
   -7.5000  -45.0000   15.0000 4843.5806   45.0965
    0.0000  -45.0000   15.0000 5068.0459   45.0360
    7.5000  -45.0000   15.0000 4808.1196   44.9780
   -7.5000  -37.5000   15.0000 5271.5635   44.8886
    0.0000  -37.5000   15.0000 5551.3511   44.8499
    7.5000  -37.5000   15.0000 5282.8979   44.8115
   -7.5000  -30.0000   15.0000 5795.4810   43.5306
    0.0000  -30.0000   15.0000 6105.8555   43.4976
    7.5000  -30.0000   15.0000 5796.4160   43.4445
   -7.5000  -22.5000   15.0000 6200.1499   41.6952
    0.0000  -22.5000   15.0000 6518.5591   41.6483
    7.5000  -22.5000   15.0000 6149.1265   41.5811
   -7.5000  -15.0000   15.0000 6848.1587   40.1561
    0.0000  -15.0000   15.0000 7184.2988   40.1019
    7.5000  -15.0000   15.0000 6771.1255   40.0357
   -7.5000   -7.5000   15.0000 7719.7495   39.3190
    0.0000   -7.5000   15.0000 8105.2402   39.2708
    7.5000   -7.5000   15.0000 7579.1587   39.2217
   -7.5000    0.0000   15.0000 8889.3643   39.1088
    0.0000    0.0000   15.0000 9336.7939   39.0730
    7.5000    0.0000   15.0000 8526.6416   39.0445
   -7.5000    7.5000   15.0000 9043.7676   39.0767
    0.0000    7.5000   15.0000 9468.3838   39.0536
    7.5000    7.5000   15.0000 8635.4121   39.0336
   -7.5000   15.0000   15.0000 8775.8516   38.6676
    0.0000   15.0000   15.0000 9109.6914   38.6409
    7.5000   15.0000   15.0000 8556.0732   38.6066
   -7.5000   22.5000   15.0000 8635.4922   37.8699
    0.0000   22.5000   15.0000 8885.5771   37.8272
    7.5000   22.5000   15.0000 8398.7607   37.7707
   -7.5000   30.0000   15.0000 8744.4990   37.8747
    0.0000   30.0000   15.0000 8996.6260   37.8223
    7.5000   30.0000   15.0000 8399.4316   37.7593
   -7.5000   37.5000   15.0000 8356.8242   36.6826
    0.0000   37.5000   15.0000 8611.7754   36.6369
    7.5000   37.5000   15.0000 8011.4946   36.5908
   -7.5000   45.0000   15.0000 7895.8066   35.3015
    0.0000   45.0000   15.0000 8139.2646   35.2693
    7.5000   45.0000   15.0000 7574.8604   35.2436
   -7.5000  -45.0000   22.5000 4592.7900   46.3785
    0.0000  -45.0000   22.5000 4818.0088   46.3531
    7.5000  -45.0000   22.5000 4577.4390   46.2958
   -7.5000  -37.5000   22.5000 5037.8340   46.1220
    0.0000  -37.5000   22.5000 5293.3223   46.1068
    7.5000  -37.5000   22.5000 5018.0708   46.0747
   -7.5000  -30.0000   22.5000 5545.7358   44.6738
    0.0000  -30.0000   22.5000 5815.2651   44.6313
    7.5000  -30.0000   22.5000 5471.8530   44.5714
   -7.5000  -22.5000   22.5000 5908.0347   42.7016
    0.0000  -22.5000   22.5000 6189.6572   42.6315
    7.5000  -22.5000   22.5000 5792.3433   42.5449
   -7.5000  -15.0000   22.5000 6507.2554   41.0462
    0.0000  -15.0000   22.5000 6822.1621   40.9799
    7.5000  -15.0000   22.5000 6393.1465   40.8918
   -7.5000   -7.5000   22.5000 7343.5264   40.1813
    0.0000   -7.5000   22.5000 7702.9888   40.1412
    7.5000   -7.5000   22.5000 7181.7622   40.0783
   -7.5000    0.0000   22.5000 8250.4238   39.9988
    0.0000    0.0000   22.5000 8670.0674   39.9861
    7.5000    0.0000   22.5000 8015.1318   39.9571
   -7.5000    7.5000   22.5000 8219.7266   39.9965
    0.0000    7.5000   22.5000 8580.1240   39.9897
    7.5000    7.5000   22.5000 8048.7197   39.9736
   -7.5000   15.0000   22.5000 8032.9766   39.5753
    0.0000   15.0000   22.5000 8318.5537   39.5423
    7.5000   15.0000   22.5000 7914.7690   39.5030
   -7.5000   22.5000   22.5000 7972.4131   38.7458
    0.0000   22.5000   22.5000 8243.0977   38.6837
    7.5000   22.5000   22.5000 7806.1533   38.6103
   -7.5000   30.0000   22.5000 8099.4502   38.7158
    0.0000   30.0000   22.5000 8406.4707   38.6521
    7.5000   30.0000   22.5000 7911.7095   38.5691
   -7.5000   37.5000   22.5000 7781.9761   37.5208
    0.0000   37.5000   22.5000 8073.4722   37.4826
    7.5000   37.5000   22.5000 7579.9272   37.4237
   -7.5000   45.0000   22.5000 7381.8345   36.1544
    0.0000   45.0000   22.5000 7654.5620   36.1430
    7.5000   45.0000   22.5000 7163.0410   36.1167
   -7.5000  -45.0000   30.0000 4558.1289   48.4706
    0.0000  -45.0000   30.0000 4761.7544   48.4532
    7.5000  -45.0000   30.0000 4481.1411   48.4036
   -7.5000  -37.5000   30.0000 5008.2021   48.1893
    0.0000  -37.5000   30.0000 5240.8354   48.1564
    7.5000  -37.5000   30.0000 4912.8213   48.1157
   -7.5000  -30.0000   30.0000 5490.8013   46.6348
    0.0000  -30.0000   30.0000 5745.4937   46.5538
    7.5000  -30.0000   30.0000 5371.9775   46.4826
   -7.5000  -22.5000   30.0000 5824.0552   44.4617
    0.0000  -22.5000   30.0000 6088.7422   44.3671
    7.5000  -22.5000   30.0000 5712.2520   44.2858
   -7.5000  -15.0000   30.0000 6391.8037   42.6282
    0.0000  -15.0000   30.0000 6707.6001   42.5609
    7.5000  -15.0000   30.0000 6299.4268   42.4902
   -7.5000   -7.5000   30.0000 7158.7163   41.7011
    0.0000   -7.5000   30.0000 7525.9717   41.6769
    7.5000   -7.5000   30.0000 7043.8613   41.6327
   -7.5000    0.0000   30.0000 7935.8218   41.5522
    0.0000    0.0000   30.0000 8338.9766   41.5503
    7.5000    0.0000   30.0000 7817.0957   41.5280
   -7.5000    7.5000   30.0000 7875.0425   41.5972
    0.0000    7.5000   30.0000 8208.6016   41.5766
    7.5000    7.5000   30.0000 7798.9751   41.5529
   -7.5000   15.0000   30.0000 7768.4443   41.1679
    0.0000   15.0000   30.0000 8076.8589   41.1054
    7.5000   15.0000   30.0000 7687.7988   41.0579
   -7.5000   22.5000   30.0000 7718.4111   40.2640
    0.0000   22.5000   30.0000 8012.1201   40.1805
    7.5000   22.5000   30.0000 7602.9136   40.1116
   -7.5000   30.0000   30.0000 7828.0693   40.1840
    0.0000   30.0000   30.0000 8142.5732   40.1194
    7.5000   30.0000   30.0000 7713.2500   40.0528
   -7.5000   37.5000   30.0000 7561.7686   38.9393
    0.0000   37.5000   30.0000 7868.7256   38.9159
    7.5000   37.5000   30.0000 7416.7236   38.8743
   -7.5000   45.0000   30.0000 7199.8901   37.5585
    0.0000   45.0000   30.0000 7482.4678   37.5568
    7.5000   45.0000   30.0000 7020.6216   37.5366
   -7.5000  -45.0000   37.5000 4302.6357   49.7051
    0.0000  -45.0000   37.5000 4474.2510   49.6718
    7.5000  -45.0000   37.5000 4217.6890   49.6826
   -7.5000  -37.5000   37.5000 4714.4746   49.4386
    0.0000  -37.5000   37.5000 4919.1450   49.3689
    7.5000  -37.5000   37.5000 4628.6201   49.3558
   -7.5000  -30.0000   37.5000 5175.7144   47.8594
    0.0000  -30.0000   37.5000 5419.9551   47.7591
    7.5000  -30.0000   37.5000 5101.7314   47.7175
   -7.5000  -22.5000   37.5000 5484.9434   45.6170
    0.0000  -22.5000   37.5000 5777.8799   45.5376
    7.5000  -22.5000   37.5000 5431.3018   45.5139
   -7.5000  -15.0000   37.5000 6022.7271   43.6645
    0.0000  -15.0000   37.5000 6349.6357   43.6271
    7.5000  -15.0000   37.5000 5961.3999   43.6330
   -7.5000   -7.5000   37.5000 6685.4604   42.6727
    0.0000   -7.5000   37.5000 7047.8193   42.6711
    7.5000   -7.5000   37.5000 6620.8862   42.6991
   -7.5000    0.0000   37.5000 7356.7866   42.5136
    0.0000    0.0000   37.5000 7716.6245   42.5070
    7.5000    0.0000   37.5000 7285.3955   42.5296
   -7.5000    7.5000   37.5000 7309.8213   42.5592
    0.0000    7.5000   37.5000 7636.7109   42.5129
    7.5000    7.5000   37.5000 7258.2549   42.5095
   -7.5000   15.0000   37.5000 7217.7666   42.1199
    0.0000   15.0000   37.5000 7547.5127   42.0421
    7.5000   15.0000   37.5000 7183.6143   42.0188
   -7.5000   22.5000   37.5000 7168.4126   41.2121
    0.0000   22.5000   37.5000 7477.7534   41.1402
    7.5000   22.5000   37.5000 7112.7896   41.1204
   -7.5000   30.0000   37.5000 7285.7461   41.1294
    0.0000   30.0000   37.5000 7601.3926   41.0922
    7.5000   30.0000   37.5000 7215.6084   41.0961
   -7.5000   37.5000   37.5000 7033.6724   39.8468
    0.0000   37.5000   37.5000 7321.9375   39.8442
    7.5000   37.5000   37.5000 6926.5649   39.8698
   -7.5000   45.0000   37.5000 6694.6162   38.4228
    0.0000   45.0000   37.5000 6973.6455   38.4169
    7.5000   45.0000   37.5000 6557.3140   38.4373
   -7.5000  -45.0000   45.0000 4032.2224   50.8604
    0.0000  -45.0000   45.0000 4194.6201   50.8058
    7.5000  -45.0000   45.0000 3959.5981   50.7825
   -7.5000  -37.5000   45.0000 4403.8848   50.5292
    0.0000  -37.5000   45.0000 4601.0063   50.4473
    7.5000  -37.5000   45.0000 4344.1533   50.4013
   -7.5000  -30.0000   45.0000 4843.4243   48.9211
    0.0000  -30.0000   45.0000 5092.3477   48.8477
    7.5000  -30.0000   45.0000 4798.5728   48.7886
   -7.5000  -22.5000   45.0000 5178.9561   46.7073
    0.0000  -22.5000   45.0000 5451.7334   46.6771
    7.5000  -22.5000   45.0000 5119.9624   46.6506
   -7.5000  -15.0000   45.0000 5681.8838   44.7133
    0.0000  -15.0000   45.0000 5987.2505   44.7138
    7.5000  -15.0000   45.0000 5593.9028   44.7182
   -7.5000   -7.5000   45.0000 6280.9229   43.6759
    0.0000   -7.5000   45.0000 6617.9624   43.6839
    7.5000   -7.5000   45.0000 6197.2539   43.7015
   -7.5000    0.0000   45.0000 6852.6714   43.4740
    0.0000    0.0000   45.0000 7197.4502   43.4533
    7.5000    0.0000   45.0000 6778.6025   43.4538
   -7.5000    7.5000   45.0000 6792.5527   43.4617
    0.0000    7.5000   45.0000 7120.8682   43.4059
    7.5000    7.5000   45.0000 6746.3374   43.3790
   -7.5000   15.0000   45.0000 6689.9819   42.9843
    0.0000   15.0000   45.0000 7039.0083   42.9271
    7.5000   15.0000   45.0000 6665.9644   42.8916
   -7.5000   22.5000   45.0000 6624.3262   42.0991
    0.0000   22.5000   45.0000 6952.1006   42.0684
    7.5000   22.5000   45.0000 6591.8389   42.0471
   -7.5000   30.0000   45.0000 6738.5376   42.0748
    0.0000   30.0000   45.0000 7055.9126   42.0724
    7.5000   30.0000   45.0000 6696.2939   42.0745
   -7.5000   37.5000   45.0000 6513.5186   40.7720
    0.0000   37.5000   45.0000 6816.5151   40.7783
    7.5000   37.5000   45.0000 6439.0327   40.7940
   -7.5000   45.0000   45.0000 6189.6904   39.2660
    0.0000   45.0000   45.0000 6460.0522   39.2474
    7.5000   45.0000   45.0000 6069.5898   39.2478

---------------------------------------------------------------------
imgreg_4dfp /opt/freesurfer/average/711-2C_as_mni_average_305 /opt/freesurfer/average/711-2B_as_mni_average_305_mask talsrcimg_g11 none talsrcimg_to_711-2C_as_mni_average_305_t4 4355
---------------------------------------------------------------------

freesurfer imgreg_4dfp.c
/opt/freesurfer/average/711-2C_as_mni_average_305.4dfp.img
       256       256       256         1
  1.000000  1.000000  1.000000
orientation T byte_order littleendian
Reading image: /opt/freesurfer/average/711-2C_as_mni_average_305.4dfp.img
dimensions:      256       256       256
mmppix:       1.0000   -1.0000   -1.0000
center:     128.0000 -129.0000 -129.0000
/opt/freesurfer/average/711-2B_as_mni_average_305_mask.4dfp.img
       256       256       256         1
  1.000000  1.000000  1.000000
orientation T byte_order littleendian
Reading mask: /opt/freesurfer/average/711-2B_as_mni_average_305_mask.4dfp.img (2306576 pixels)
talsrcimg_g11.4dfp.img
       320       320       320         1
  0.700000  0.700000  0.700000
orientation T byte_order littleendian
Reading image: talsrcimg_g11.4dfp.img
dimensions:      320       320       320
mmppix:       0.7000   -0.7000   -0.7000
center:     112.0000 -112.7000 -112.7000
rotation matrix determinant  1.000000
image alignment mode   4355 decimal     1103 hex
   -7.5000  -37.5000  -45.0000 1828.0161   52.3091
    0.0000  -37.5000  -45.0000 1837.9978   52.1687
    7.5000  -37.5000  -45.0000 1819.9667   52.5518
   -7.5000  -30.0000  -45.0000 1931.6272   47.0231
    0.0000  -30.0000  -45.0000 1941.3333   46.9566
    7.5000  -30.0000  -45.0000 1921.3527   47.0770
   -7.5000  -22.5000  -45.0000 2030.8875   42.6536
    0.0000  -22.5000  -45.0000 2039.8594   42.6529
    7.5000  -22.5000  -45.0000 2020.8436   42.6619
   -7.5000  -15.0000  -45.0000 2113.5139   39.2451
    0.0000  -15.0000  -45.0000 2123.6245   39.3502
    7.5000  -15.0000  -45.0000 2103.6750   39.4138
   -7.5000   -7.5000  -45.0000 2162.8418   36.7299
    0.0000   -7.5000  -45.0000 2167.1458   36.8592
    7.5000   -7.5000  -45.0000 2141.7966   37.0127
   -7.5000    0.0000  -45.0000 2182.3613   34.7970
    0.0000    0.0000  -45.0000 2190.2964   34.9328
    7.5000    0.0000  -45.0000 2157.3196   35.0645
   -7.5000    7.5000  -45.0000 2184.5471   33.3044
    0.0000    7.5000  -45.0000 2191.5469   33.4206
    7.5000    7.5000  -45.0000 2157.7532   33.6398
   -7.5000   15.0000  -45.0000 2165.7578   32.3214
    0.0000   15.0000  -45.0000 2177.2517   32.4164
    7.5000   15.0000  -45.0000 2151.2588   32.7531
   -7.5000   22.5000  -45.0000 2166.9048   31.9359
    0.0000   22.5000  -45.0000 2177.7883   32.0731
    7.5000   22.5000  -45.0000 2139.3262   32.3873
   -7.5000   30.0000  -45.0000 2151.7007   32.0652
    0.0000   30.0000  -45.0000 2161.5854   32.2361
    7.5000   30.0000  -45.0000 2123.3896   32.5213
   -7.5000   37.5000  -45.0000 2095.9556   32.5124
    0.0000   37.5000  -45.0000 2103.9385   32.6150
    7.5000   37.5000  -45.0000 2069.8516   32.9577
   -7.5000   45.0000  -45.0000 1992.2997   32.9964
    0.0000   45.0000  -45.0000 1996.3362   33.0714
    7.5000   45.0000  -45.0000 1969.9617   33.4697
   -7.5000   52.5000  -45.0000 1868.1727   33.5442
    0.0000   52.5000  -45.0000 1874.6379   33.5923
    7.5000   52.5000  -45.0000 1848.2505   34.2039
   -7.5000  -37.5000  -37.5000 1940.1230   53.1564
    0.0000  -37.5000  -37.5000 1941.4933   52.9265
    7.5000  -37.5000  -37.5000 1922.9379   52.9819
   -7.5000  -30.0000  -37.5000 2062.9375   47.6991
    0.0000  -30.0000  -37.5000 2065.9531   47.5737
    7.5000  -30.0000  -37.5000 2041.2793   47.4885
   -7.5000  -22.5000  -37.5000 2177.6582   43.3609
    0.0000  -22.5000  -37.5000 2181.9431   43.3806
    7.5000  -22.5000  -37.5000 2154.0566   43.2276
   -7.5000  -15.0000  -37.5000 2267.6655   39.6581
    0.0000  -15.0000  -37.5000 2270.3076   39.7254
    7.5000  -15.0000  -37.5000 2238.4575   39.5974
   -7.5000   -7.5000  -37.5000 2325.4065   36.8174
    0.0000   -7.5000  -37.5000 2331.7776   36.9671
    7.5000   -7.5000  -37.5000 2292.9038   36.9438
   -7.5000    0.0000  -37.5000 2348.1562   34.6390
    0.0000    0.0000  -37.5000 2349.5864   34.7671
    7.5000    0.0000  -37.5000 2315.8652   34.8786
   -7.5000    7.5000  -37.5000 2354.2834   33.0738
    0.0000    7.5000  -37.5000 2355.6389   33.1639
    7.5000    7.5000  -37.5000 2322.0286   33.4026
   -7.5000   15.0000  -37.5000 2322.8479   31.9401
    0.0000   15.0000  -37.5000 2329.3000   32.0527
    7.5000   15.0000  -37.5000 2306.1089   32.3431
   -7.5000   22.5000  -37.5000 2329.3181   31.5530
    0.0000   22.5000  -37.5000 2333.2546   31.6079
    7.5000   22.5000  -37.5000 2299.7866   31.8904
   -7.5000   30.0000  -37.5000 2311.4309   31.6174
    0.0000   30.0000  -37.5000 2320.1541   31.7187
    7.5000   30.0000  -37.5000 2286.3069   32.0669
   -7.5000   37.5000  -37.5000 2257.8645   31.9807
    0.0000   37.5000  -37.5000 2266.1890   32.0828
    7.5000   37.5000  -37.5000 2232.2234   32.5114
   -7.5000   45.0000  -37.5000 2153.9150   32.4649
    0.0000   45.0000  -37.5000 2162.1296   32.6244
    7.5000   45.0000  -37.5000 2124.6274   33.0307
   -7.5000   52.5000  -37.5000 2023.5400   33.0704
    0.0000   52.5000  -37.5000 2030.2545   33.2795
    7.5000   52.5000  -37.5000 1988.3010   33.6907
   -7.5000  -37.5000  -30.0000 2049.5461   53.8705
    0.0000  -37.5000  -30.0000 2045.8459   53.5481
    7.5000  -37.5000  -30.0000 2034.0338   53.6898
   -7.5000  -30.0000  -30.0000 2182.0581   48.0623
    0.0000  -30.0000  -30.0000 2183.4729   47.9449
    7.5000  -30.0000  -30.0000 2162.1448   47.9273
   -7.5000  -22.5000  -30.0000 2303.3169   43.5395
    0.0000  -22.5000  -30.0000 2305.5923   43.5201
    7.5000  -22.5000  -30.0000 2272.7678   43.4295
   -7.5000  -15.0000  -30.0000 2395.6069   39.8624
    0.0000  -15.0000  -30.0000 2396.4919   39.8213
    7.5000  -15.0000  -30.0000 2354.7288   39.7109
   -7.5000   -7.5000  -30.0000 2461.0784   36.7771
    0.0000   -7.5000  -30.0000 2464.2036   36.7789
    7.5000   -7.5000  -30.0000 2424.0774   36.7013
   -7.5000    0.0000  -30.0000 2489.5776   34.3731
    0.0000    0.0000  -30.0000 2492.6135   34.3710
    7.5000    0.0000  -30.0000 2461.1658   34.5042
   -7.5000    7.5000  -30.0000 2497.6072   32.5852
    0.0000    7.5000  -30.0000 2502.7422   32.6299
    7.5000    7.5000  -30.0000 2468.5144   32.8193
   -7.5000   15.0000  -30.0000 2462.6968   31.2941
    0.0000   15.0000  -30.0000 2466.0046   31.4015
    7.5000   15.0000  -30.0000 2440.8135   31.5584
   -7.5000   22.5000  -30.0000 2472.0667   30.8346
    0.0000   22.5000  -30.0000 2470.1890   30.8533
    7.5000   22.5000  -30.0000 2435.7649   31.1318
   -7.5000   30.0000  -30.0000 2459.7227   30.8475
    0.0000   30.0000  -30.0000 2464.1392   30.9226
    7.5000   30.0000  -30.0000 2433.3604   31.2820
   -7.5000   37.5000  -30.0000 2400.9355   31.1752
    0.0000   37.5000  -30.0000 2409.8806   31.2752
    7.5000   37.5000  -30.0000 2375.0139   31.7106
   -7.5000   45.0000  -30.0000 2298.4724   31.7214
    0.0000   45.0000  -30.0000 2306.9304   31.8785
    7.5000   45.0000  -30.0000 2269.6697   32.3660
   -7.5000   52.5000  -30.0000 2160.0266   32.3723
    0.0000   52.5000  -30.0000 2167.8621   32.6184
    7.5000   52.5000  -30.0000 2126.5999   33.0545
   -7.5000  -37.5000  -22.5000 2098.4639   53.2987
    0.0000  -37.5000  -22.5000 2094.5640   52.8438
    7.5000  -37.5000  -22.5000 2064.1497   52.8239
   -7.5000  -30.0000  -22.5000 2226.9478   47.4638
    0.0000  -30.0000  -22.5000 2227.5046   47.1636
    7.5000  -30.0000  -22.5000 2195.4019   47.0353
   -7.5000  -22.5000  -22.5000 2335.1914   42.6646
    0.0000  -22.5000  -22.5000 2342.4185   42.4980
    7.5000  -22.5000  -22.5000 2301.7815   42.3872
   -7.5000  -15.0000  -22.5000 2431.1013   38.7963
    0.0000  -15.0000  -22.5000 2437.0364   38.6822
    7.5000  -15.0000  -22.5000 2392.2053   38.5891
   -7.5000   -7.5000  -22.5000 2496.1541   35.6075
    0.0000   -7.5000  -22.5000 2504.4678   35.4837
    7.5000   -7.5000  -22.5000 2458.1475   35.4584
   -7.5000    0.0000  -22.5000 2538.8291   33.1625
    0.0000    0.0000  -22.5000 2545.8127   33.1021
    7.5000    0.0000  -22.5000 2503.8125   33.1731
   -7.5000    7.5000  -22.5000 2546.9670   31.1905
    0.0000    7.5000  -22.5000 2550.2405   31.1976
    7.5000    7.5000  -22.5000 2516.0044   31.3242
   -7.5000   15.0000  -22.5000 2519.8306   29.6127
    0.0000   15.0000  -22.5000 2520.0898   29.7212
    7.5000   15.0000  -22.5000 2483.9202   29.8314
   -7.5000   22.5000  -22.5000 2525.2764   29.0281
    0.0000   22.5000  -22.5000 2521.3201   29.0820
    7.5000   22.5000  -22.5000 2481.1646   29.3626
   -7.5000   30.0000  -22.5000 2514.6765   29.0380
    0.0000   30.0000  -22.5000 2519.8167   29.0842
    7.5000   30.0000  -22.5000 2493.3162   29.5146
   -7.5000   37.5000  -22.5000 2465.8381   29.4214
    0.0000   37.5000  -22.5000 2472.9985   29.4761
    7.5000   37.5000  -22.5000 2440.3311   29.9142
   -7.5000   45.0000  -22.5000 2360.0598   30.0764
    0.0000   45.0000  -22.5000 2368.4954   30.1825
    7.5000   45.0000  -22.5000 2335.0974   30.6665
   -7.5000   52.5000  -22.5000 2210.5022   30.7630
    0.0000   52.5000  -22.5000 2213.3433   30.8584
    7.5000   52.5000  -22.5000 2190.0374   31.3868
   -7.5000  -37.5000  -15.0000 2166.1345   53.3129
    0.0000  -37.5000  -15.0000 2164.6868   52.9233
    7.5000  -37.5000  -15.0000 2118.9480   52.8953
   -7.5000  -30.0000  -15.0000 2294.6272   47.1105
    0.0000  -30.0000  -15.0000 2295.7893   46.8230
    7.5000  -30.0000  -15.0000 2246.2725   46.7170
   -7.5000  -22.5000  -15.0000 2406.2739   42.0589
    0.0000  -22.5000  -15.0000 2413.2478   41.8919
    7.5000  -22.5000  -15.0000 2363.9888   41.9379
   -7.5000  -15.0000  -15.0000 2505.8293   38.0677
    0.0000  -15.0000  -15.0000 2516.8206   37.9326
    7.5000  -15.0000  -15.0000 2472.6396   38.0993
   -7.5000   -7.5000  -15.0000 2590.3645   34.9951
    0.0000   -7.5000  -15.0000 2598.7112   34.8334
    7.5000   -7.5000  -15.0000 2557.1760   34.9917
   -7.5000    0.0000  -15.0000 2640.8848   32.4557
    0.0000    0.0000  -15.0000 2647.4341   32.2717
    7.5000    0.0000  -15.0000 2605.7158   32.5389
   -7.5000    7.5000  -15.0000 2657.5789   30.3940
    0.0000    7.5000  -15.0000 2665.8042   30.2892
    7.5000    7.5000  -15.0000 2624.4934   30.6180
   -7.5000   15.0000  -15.0000 2625.9512   28.4665
    0.0000   15.0000  -15.0000 2631.6199   28.5089
    7.5000   15.0000  -15.0000 2591.2341   28.8850
   -7.5000   22.5000  -15.0000 2627.4021   27.7107
    0.0000   22.5000  -15.0000 2622.5232   27.7801
    7.5000   22.5000  -15.0000 2591.4636   28.2743
   -7.5000   30.0000  -15.0000 2614.5942   27.8553
    0.0000   30.0000  -15.0000 2620.7542   27.8305
    7.5000   30.0000  -15.0000 2593.8743   28.3683
   -7.5000   37.5000  -15.0000 2563.8611   28.3741
    0.0000   37.5000  -15.0000 2569.9058   28.3549
    7.5000   37.5000  -15.0000 2547.7664   29.0177
   -7.5000   45.0000  -15.0000 2442.8125   29.0035
    0.0000   45.0000  -15.0000 2458.0698   29.0880
    7.5000   45.0000  -15.0000 2443.1072   29.8430
   -7.5000   52.5000  -15.0000 2299.0408   29.8024
    0.0000   52.5000  -15.0000 2307.3218   29.8781
    7.5000   52.5000  -15.0000 2288.0801   30.6433
   -7.5000  -37.5000   -7.5000 2199.9460   53.2836
    0.0000  -37.5000   -7.5000 2204.8035   53.0992
    7.5000  -37.5000   -7.5000 2167.7866   53.4995
   -7.5000  -30.0000   -7.5000 2322.6152   46.8136
    0.0000  -30.0000   -7.5000 2327.8708   46.5645
    7.5000  -30.0000   -7.5000 2293.7095   47.0312
   -7.5000  -22.5000   -7.5000 2435.0000   41.7124
    0.0000  -22.5000   -7.5000 2439.3979   41.3987
    7.5000  -22.5000   -7.5000 2401.0269   41.8331
   -7.5000  -15.0000   -7.5000 2545.0269   37.6294
    0.0000  -15.0000   -7.5000 2548.9395   37.2888
    7.5000  -15.0000   -7.5000 2507.0146   37.7425
   -7.5000   -7.5000   -7.5000 2632.8159   34.3328
    0.0000   -7.5000   -7.5000 2640.4529   34.0886
    7.5000   -7.5000   -7.5000 2596.5398   34.5094
   -7.5000    0.0000   -7.5000 2700.2415   31.8386
    0.0000    0.0000   -7.5000 2710.0669   31.6367
    7.5000    0.0000   -7.5000 2657.8794   32.0234
   -7.5000    7.5000   -7.5000 2731.3999   29.7921
    0.0000    7.5000   -7.5000 2744.8088   29.6420
    7.5000    7.5000   -7.5000 2690.4612   29.9918
   -7.5000   15.0000   -7.5000 2690.3225   27.5427
    0.0000   15.0000   -7.5000 2706.4141   27.4861
    7.5000   15.0000   -7.5000 2667.9187   28.2985
   -7.5000   22.5000   -7.5000 2677.1130   26.6236
    0.0000   22.5000   -7.5000 2676.5278   26.5554
    7.5000   22.5000   -7.5000 2656.9021   27.6413
   -7.5000   30.0000   -7.5000 2663.9399   26.8861
    0.0000   30.0000   -7.5000 2673.6189   26.8069
    7.5000   30.0000   -7.5000 2651.1458   27.6842
   -7.5000   37.5000   -7.5000 2604.7227   27.3121
    0.0000   37.5000   -7.5000 2627.3691   27.3134
    7.5000   37.5000   -7.5000 2609.0635   28.2202
   -7.5000   45.0000   -7.5000 2502.4019   28.0543
    0.0000   45.0000   -7.5000 2512.2424   28.0557
    7.5000   45.0000   -7.5000 2497.2324   28.9083
   -7.5000   52.5000   -7.5000 2361.0027   29.1082
    0.0000   52.5000   -7.5000 2366.5886   29.0944
    7.5000   52.5000   -7.5000 2340.7761   29.8890
   -7.5000  -37.5000    0.0000 2203.8115   53.6492
    0.0000  -37.5000    0.0000 2197.5623   53.2201
    7.5000  -37.5000    0.0000 2178.9087   54.0987
   -7.5000  -30.0000    0.0000 2329.0754   47.1429
    0.0000  -30.0000    0.0000 2321.0652   46.7623
    7.5000  -30.0000    0.0000 2303.1355   47.5034
   -7.5000  -22.5000    0.0000 2450.8428   41.9199
    0.0000  -22.5000    0.0000 2441.0447   41.4822
    7.5000  -22.5000    0.0000 2411.5752   42.2005
   -7.5000  -15.0000    0.0000 2559.3484   37.6304
    0.0000  -15.0000    0.0000 2548.5435   37.1731
    7.5000  -15.0000    0.0000 2517.8528   37.9734
   -7.5000   -7.5000    0.0000 2647.0664   34.2221
    0.0000   -7.5000    0.0000 2642.8640   33.7452
    7.5000   -7.5000    0.0000 2611.6118   34.5568
   -7.5000    0.0000    0.0000 2722.5552   31.6683
    0.0000    0.0000    0.0000 2725.7751   31.2455
    7.5000    0.0000    0.0000 2690.0256   31.9594
   -7.5000    7.5000    0.0000 2775.1091   30.0293
    0.0000    7.5000    0.0000 2787.1348   29.6478
    7.5000    7.5000    0.0000 2743.7471   30.1424
   -7.5000   15.0000    0.0000 2758.4209   27.9654
    0.0000   15.0000    0.0000 2786.4907   27.7220
    7.5000   15.0000    0.0000 2732.5291   28.4727
   -7.5000   22.5000    0.0000 2711.4744   26.4853
    0.0000   22.5000    0.0000 2717.7788   26.2809
    7.5000   22.5000    0.0000 2688.3186   27.4623
   -7.5000   30.0000    0.0000 2665.0154   26.2371
    0.0000   30.0000    0.0000 2682.9514   26.0454
    7.5000   30.0000    0.0000 2665.7932   27.1868
   -7.5000   37.5000    0.0000 2626.6914   26.6892
    0.0000   37.5000    0.0000 2623.8721   26.4478
    7.5000   37.5000    0.0000 2625.2720   27.4913
   -7.5000   45.0000    0.0000 2532.8059   27.6411
    0.0000   45.0000    0.0000 2524.2410   27.4537
    7.5000   45.0000    0.0000 2505.9480   28.2533
   -7.5000   52.5000    0.0000 2390.6353   28.7914
    0.0000   52.5000    0.0000 2383.6155   28.6216
    7.5000   52.5000    0.0000 2357.5676   29.2783
   -7.5000  -37.5000    7.5000 2189.7039   54.1102
    0.0000  -37.5000    7.5000 2189.6985   53.8707
    7.5000  -37.5000    7.5000 2172.0659   55.0862
   -7.5000  -30.0000    7.5000 2306.8982   47.1930
    0.0000  -30.0000    7.5000 2305.8794   46.8903
    7.5000  -30.0000    7.5000 2290.7917   48.1457
   -7.5000  -22.5000    7.5000 2419.3618   41.9066
    0.0000  -22.5000    7.5000 2422.8052   41.5424
    7.5000  -22.5000    7.5000 2397.4294   42.6789
   -7.5000  -15.0000    7.5000 2532.5754   37.7082
    0.0000  -15.0000    7.5000 2530.1646   37.2600
    7.5000  -15.0000    7.5000 2510.2346   38.4324
   -7.5000   -7.5000    7.5000 2632.9756   34.3215
    0.0000   -7.5000    7.5000 2631.7515   33.8850
    7.5000   -7.5000    7.5000 2610.7253   34.9121
   -7.5000    0.0000    7.5000 2726.1221   32.0021
    0.0000    0.0000    7.5000 2726.7983   31.5601
    7.5000    0.0000    7.5000 2691.5715   32.3267
   -7.5000    7.5000    7.5000 2810.2141   30.6443
    0.0000    7.5000    7.5000 2822.1697   30.2513
    7.5000    7.5000    7.5000 2748.0486   30.4306
   -7.5000   15.0000    7.5000 2805.9944   28.7438
    0.0000   15.0000    7.5000 2834.3276   28.5359
    7.5000   15.0000    7.5000 2733.8489   28.7311
   -7.5000   22.5000    7.5000 2680.8328   26.7732
    0.0000   22.5000    7.5000 2700.0073   26.5325
    7.5000   22.5000    7.5000 2686.5850   27.6380
   -7.5000   30.0000    7.5000 2657.9631   26.2494
    0.0000   30.0000    7.5000 2652.1572   25.8927
    7.5000   30.0000    7.5000 2659.8704   27.1804
   -7.5000   37.5000    7.5000 2619.7737   26.6353
    0.0000   37.5000    7.5000 2612.4587   26.3315
    7.5000   37.5000    7.5000 2607.8152   27.3026
   -7.5000   45.0000    7.5000 2527.2874   27.4940
    0.0000   45.0000    7.5000 2517.1643   27.2077
    7.5000   45.0000    7.5000 2511.6790   27.9680
   -7.5000   52.5000    7.5000 2388.8054   28.5159
    0.0000   52.5000    7.5000 2385.6877   28.2955
    7.5000   52.5000    7.5000 2366.4153   28.8796
   -7.5000  -37.5000   15.0000 2151.7424   54.8808
    0.0000  -37.5000   15.0000 2158.2913   54.7640
    7.5000  -37.5000   15.0000 2151.1230   56.4083
   -7.5000  -30.0000   15.0000 2271.2097   47.8278
    0.0000  -30.0000   15.0000 2281.1829   47.6867
    7.5000  -30.0000   15.0000 2272.5422   49.2000
   -7.5000  -22.5000   15.0000 2386.9929   42.6195
    0.0000  -22.5000   15.0000 2394.8203   42.3063
    7.5000  -22.5000   15.0000 2382.1670   43.6876
   -7.5000  -15.0000   15.0000 2501.2012   38.4362
    0.0000  -15.0000   15.0000 2507.5237   38.1873
    7.5000  -15.0000   15.0000 2483.2234   39.2630
   -7.5000   -7.5000   15.0000 2600.9666   35.0416
    0.0000   -7.5000   15.0000 2605.7051   34.7909
    7.5000   -7.5000   15.0000 2565.9724   35.5980
   -7.5000    0.0000   15.0000 2691.0723   32.5073
    0.0000    0.0000   15.0000 2691.1995   32.1190
    7.5000    0.0000   15.0000 2651.5398   32.7365
   -7.5000    7.5000   15.0000 2743.3633   30.3844
    0.0000    7.5000   15.0000 2744.6174   29.9321
    7.5000    7.5000   15.0000 2687.6050   30.2498
   -7.5000   15.0000   15.0000 2667.3340   27.7954
    0.0000   15.0000   15.0000 2689.8333   27.4788
    7.5000   15.0000   15.0000 2681.5017   28.5836
   -7.5000   22.5000   15.0000 2656.1450   26.7211
    0.0000   22.5000   15.0000 2630.9614   26.2393
    7.5000   22.5000   15.0000 2656.1348   27.7569
   -7.5000   30.0000   15.0000 2662.7031   26.7463
    0.0000   30.0000   15.0000 2655.3494   26.3882
    7.5000   30.0000   15.0000 2624.0945   27.4174
   -7.5000   37.5000   15.0000 2612.0664   27.4106
    0.0000   37.5000   15.0000 2611.2639   27.1430
    7.5000   37.5000   15.0000 2587.9360   27.7930
   -7.5000   45.0000   15.0000 2507.4216   28.1349
    0.0000   45.0000   15.0000 2511.0981   27.9354
    7.5000   45.0000   15.0000 2493.1333   28.4759
   -7.5000   52.5000   15.0000 2374.2397   28.9178
    0.0000   52.5000   15.0000 2379.8467   28.7872
    7.5000   52.5000   15.0000 2353.4883   29.2553
   -7.5000  -37.5000   22.5000 2111.2693   56.4389
    0.0000  -37.5000   22.5000 2116.1008   56.3969
    7.5000  -37.5000   22.5000 2114.7842   58.1689
   -7.5000  -30.0000   22.5000 2237.1125   49.2867
    0.0000  -30.0000   22.5000 2241.9587   49.1909
    7.5000  -30.0000   22.5000 2234.2207   50.6633
   -7.5000  -22.5000   22.5000 2353.9065   43.9568
    0.0000  -22.5000   22.5000 2357.2834   43.7491
    7.5000  -22.5000   22.5000 2336.9507   44.8440
   -7.5000  -15.0000   22.5000 2456.4214   39.4786
    0.0000  -15.0000   22.5000 2455.5459   39.2914
    7.5000  -15.0000   22.5000 2436.0178   40.3297
   -7.5000   -7.5000   22.5000 2539.7405   35.7542
    0.0000   -7.5000   22.5000 2539.5728   35.4886
    7.5000   -7.5000   22.5000 2522.9460   36.5194
   -7.5000    0.0000   22.5000 2619.4688   32.9034
    0.0000    0.0000   22.5000 2620.7534   32.5487
    7.5000    0.0000   22.5000 2580.9236   33.2200
   -7.5000    7.5000   22.5000 2628.9446   30.1245
    0.0000    7.5000   22.5000 2648.5742   29.7673
    7.5000    7.5000   22.5000 2625.5015   30.6828
   -7.5000   15.0000   22.5000 2623.8982   27.9121
    0.0000   15.0000   22.5000 2608.0806   27.5121
    7.5000   15.0000   22.5000 2633.6375   28.9771
   -7.5000   22.5000   22.5000 2663.7573   27.5060
    0.0000   22.5000   22.5000 2640.5332   27.0913
    7.5000   22.5000   22.5000 2623.0266   28.2383
   -7.5000   30.0000   22.5000 2669.9495   27.7325
    0.0000   30.0000   22.5000 2666.5164   27.3645
    7.5000   30.0000   22.5000 2623.4285   28.1796
   -7.5000   37.5000   22.5000 2607.9377   28.3331
    0.0000   37.5000   22.5000 2603.5544   28.0372
    7.5000   37.5000   22.5000 2573.2422   28.6208
   -7.5000   45.0000   22.5000 2497.4204   29.0937
    0.0000   45.0000   22.5000 2500.5720   28.9500
    7.5000   45.0000   22.5000 2470.3152   29.4283
   -7.5000   52.5000   22.5000 2356.3767   29.8253
    0.0000   52.5000   22.5000 2357.8301   29.7557
    7.5000   52.5000   22.5000 2327.5127   30.1649
   -7.5000  -37.5000   30.0000 2065.1851   59.0085
    0.0000  -37.5000   30.0000 2066.9568   58.8697
    7.5000  -37.5000   30.0000 2063.5293   60.3956
   -7.5000  -30.0000   30.0000 2194.8379   51.2644
    0.0000  -30.0000   30.0000 2201.7991   51.2112
    7.5000  -30.0000   30.0000 2180.8823   52.3519
   -7.5000  -22.5000   30.0000 2307.3013   45.3405
    0.0000  -22.5000   30.0000 2310.9465   45.2198
    7.5000  -22.5000   30.0000 2289.7314   46.3222
   -7.5000  -15.0000   30.0000 2392.3103   40.4592
    0.0000  -15.0000   30.0000 2393.9399   40.2287
    7.5000  -15.0000   30.0000 2380.1489   41.5090
   -7.5000   -7.5000   30.0000 2484.7517   36.6751
    0.0000   -7.5000   30.0000 2490.4250   36.3831
    7.5000   -7.5000   30.0000 2459.6091   37.4655
   -7.5000    0.0000   30.0000 2536.6626   33.3921
    0.0000    0.0000   30.0000 2552.7036   33.0830
    7.5000    0.0000   30.0000 2523.6541   34.1029
   -7.5000    7.5000   30.0000 2552.0500   30.4278
    0.0000    7.5000   30.0000 2545.8479   29.9628
    7.5000    7.5000   30.0000 2562.3501   31.5115
   -7.5000   15.0000   30.0000 2600.0220   28.7814
    0.0000   15.0000   30.0000 2590.6440   28.4974
    7.5000   15.0000   30.0000 2575.2463   29.7198
   -7.5000   22.5000   30.0000 2644.2693   28.6679
    0.0000   22.5000   30.0000 2628.9575   28.2524
    7.5000   22.5000   30.0000 2602.4709   29.3043
   -7.5000   30.0000   30.0000 2647.9321   28.9527
    0.0000   30.0000   30.0000 2646.1802   28.5759
    7.5000   30.0000   30.0000 2610.4932   29.4566
   -7.5000   37.5000   30.0000 2588.8992   29.6045
    0.0000   37.5000   30.0000 2589.9492   29.3116
    7.5000   37.5000   30.0000 2557.6550   30.0019
   -7.5000   45.0000   30.0000 2476.1316   30.2921
    0.0000   45.0000   30.0000 2470.9792   30.0938
    7.5000   45.0000   30.0000 2435.3311   30.6548
   -7.5000   52.5000   30.0000 2332.4458   31.0692
    0.0000   52.5000   30.0000 2327.9004   30.9169
    7.5000   52.5000   30.0000 2288.6670   31.2893
   -7.5000  -37.5000   37.5000 2005.2764   61.1180
    0.0000  -37.5000   37.5000 2018.3564   61.0941
    7.5000  -37.5000   37.5000 1997.7827   62.3779
   -7.5000  -30.0000   37.5000 2128.4561   52.8208
    0.0000  -30.0000   37.5000 2150.9023   52.7902
    7.5000  -30.0000   37.5000 2125.1321   54.0121
   -7.5000  -22.5000   37.5000 2233.4111   46.5054
    0.0000  -22.5000   37.5000 2256.0242   46.4971
    7.5000  -22.5000   37.5000 2231.1160   47.7436
   -7.5000  -15.0000   37.5000 2326.9402   41.6129
    0.0000  -15.0000   37.5000 2349.8840   41.6622
    7.5000  -15.0000   37.5000 2316.4578   42.7309
   -7.5000   -7.5000   37.5000 2400.1648   37.4647
    0.0000   -7.5000   37.5000 2425.6860   37.3830
    7.5000   -7.5000   37.5000 2391.4924   38.4811
   -7.5000    0.0000   37.5000 2449.0239   33.9385
    0.0000    0.0000   37.5000 2463.1328   33.6969
    7.5000    0.0000   37.5000 2456.3477   35.0723
   -7.5000    7.5000   37.5000 2497.7605   31.4306
    0.0000    7.5000   37.5000 2499.0020   31.1082
    7.5000    7.5000   37.5000 2478.3003   32.4616
   -7.5000   15.0000   37.5000 2553.2783   30.1890
    0.0000   15.0000   37.5000 2555.0417   29.9671
    7.5000   15.0000   37.5000 2530.7297   31.0640
   -7.5000   22.5000   37.5000 2589.8958   30.0754
    0.0000   22.5000   37.5000 2591.9480   29.7271
    7.5000   22.5000   37.5000 2563.0674   30.7574
   -7.5000   30.0000   37.5000 2593.2051   30.3622
    0.0000   30.0000   37.5000 2598.5503   30.0598
    7.5000   30.0000   37.5000 2565.2241   30.9821
   -7.5000   37.5000   37.5000 2540.2319   30.9336
    0.0000   37.5000   37.5000 2544.1670   30.7065
    7.5000   37.5000   37.5000 2509.6948   31.5463
   -7.5000   45.0000   37.5000 2423.1460   31.5690
    0.0000   45.0000   37.5000 2427.8643   31.3829
    7.5000   45.0000   37.5000 2389.2073   32.1472
   -7.5000   52.5000   37.5000 2274.0217   32.2381
    0.0000   52.5000   37.5000 2274.5767   32.1153
    7.5000   52.5000   37.5000 2238.1343   32.7036
   -7.5000  -37.5000   45.0000 1918.2969   62.9550
    0.0000  -37.5000   45.0000 1931.8115   62.8225
    7.5000  -37.5000   45.0000 1908.8085   64.1535
   -7.5000  -30.0000   45.0000 2040.6672   54.3649
    0.0000  -30.0000   45.0000 2060.4390   54.2529
    7.5000  -30.0000   45.0000 2030.3209   55.4075
   -7.5000  -22.5000   45.0000 2148.1992   47.9492
    0.0000  -22.5000   45.0000 2171.5129   47.9476
    7.5000  -22.5000   45.0000 2134.3425   49.0337
   -7.5000  -15.0000   45.0000 2233.3428   42.8330
    0.0000  -15.0000   45.0000 2260.6431   42.7760
    7.5000  -15.0000   45.0000 2223.2158   43.8933
   -7.5000   -7.5000   45.0000 2305.4993   38.5193
    0.0000   -7.5000   45.0000 2334.2412   38.4427
    7.5000   -7.5000   45.0000 2297.9097   39.5858
   -7.5000    0.0000   45.0000 2354.5056   34.9873
    0.0000    0.0000   45.0000 2368.8955   34.7802
    7.5000    0.0000   45.0000 2349.5581   36.1491
   -7.5000    7.5000   45.0000 2414.0813   32.8003
    0.0000    7.5000   45.0000 2424.3206   32.6251
    7.5000    7.5000   45.0000 2396.0752   33.7317
   -7.5000   15.0000   45.0000 2462.0137   31.7733
    0.0000   15.0000   45.0000 2477.8445   31.6471
    7.5000   15.0000   45.0000 2450.6814   32.5318
   -7.5000   22.5000   45.0000 2492.1704   31.6282
    0.0000   22.5000   45.0000 2509.8682   31.4344
    7.5000   22.5000   45.0000 2479.2512   32.3010
   -7.5000   30.0000   45.0000 2494.3972   31.9622
    0.0000   30.0000   45.0000 2501.8630   31.7588
    7.5000   30.0000   45.0000 2477.6750   32.5865
   -7.5000   37.5000   45.0000 2449.5620   32.3427
    0.0000   37.5000   45.0000 2458.9580   32.2168
    7.5000   37.5000   45.0000 2422.4026   33.0326
   -7.5000   45.0000   45.0000 2336.2102   32.8672
    0.0000   45.0000   45.0000 2342.0813   32.7498
    7.5000   45.0000   45.0000 2304.3047   33.5170
   -7.5000   52.5000   45.0000 2174.2957   33.4051
    0.0000   52.5000   45.0000 2182.1492   33.3240
    7.5000   52.5000   45.0000 2155.4126   33.9699

---------------------------------------------------------------------
imgreg_4dfp /opt/freesurfer/average/711-2C_as_mni_average_305 /opt/freesurfer/average/711-2B_as_mni_average_305_mask talsrcimg_g11 none talsrcimg_to_711-2C_as_mni_average_305_t4 1283
---------------------------------------------------------------------

freesurfer imgreg_4dfp.c
/opt/freesurfer/average/711-2C_as_mni_average_305.4dfp.img
       256       256       256         1
  1.000000  1.000000  1.000000
orientation T byte_order littleendian
Reading image: /opt/freesurfer/average/711-2C_as_mni_average_305.4dfp.img
dimensions:      256       256       256
mmppix:       1.0000   -1.0000   -1.0000
center:     128.0000 -129.0000 -129.0000
/opt/freesurfer/average/711-2B_as_mni_average_305_mask.4dfp.img
       256       256       256         1
  1.000000  1.000000  1.000000
orientation T byte_order littleendian
Reading mask: /opt/freesurfer/average/711-2B_as_mni_average_305_mask.4dfp.img (2306576 pixels)
talsrcimg_g11.4dfp.img
       320       320       320         1
  0.700000  0.700000  0.700000
orientation T byte_order littleendian
Reading image: talsrcimg_g11.4dfp.img
dimensions:      320       320       320
mmppix:       0.7000   -0.7000   -0.7000
center:     112.0000 -112.7000 -112.7000
rotation matrix determinant  1.000000
fimgreg.f
image alignment mode   1283 decimal      503 hex
parameters
    0.0000   15.0000    7.5000    0.0000    0.0000    0.0000
eta,q 0.89099 28.83410
niter,ni,del,rscale     5    3   12.0000    1.2000
parameter  6 -0.843110 ->  0.500000 qaram    1.1500
parameters
   -1.9618   12.0545    6.2472    0.4687   -1.9659   -3.4500
eta,q 0.90385 29.35433
  0.1181  0.1023  0.1103  0.1026  0.0942  0.0957
  0.1065  0.0952  0.1009  0.0973  0.0963  0.0960
  0.1009  0.0946  0.0954  0.0943  0.0966  0.0966
  0.1038  0.1009  0.0939  0.0943  0.0945  0.0966
  0.1193  0.1127  0.0992  0.0953  0.0937  0.0965
  0.1347  0.1284  0.1165  0.0969  0.0963  0.0963
  0.1418  0.1477  0.1379  0.0993  0.1001  0.0969
niter,ni,del,rscale     5    3   12.0000    1.2000
parameter  5 -3.725556 -> -0.500000 qaram    1.1500
parameters
   -3.0577   12.2845    6.0569    0.6632    1.4841   -3.7656
eta,q 0.90657 29.35877
  0.1082  0.1193  0.1191  0.1026  0.0979  0.0958
  0.0947  0.1104  0.1075  0.0988  0.0958  0.0948
  0.0960  0.1014  0.1017  0.0971  0.0967  0.0942
  0.0962  0.0969  0.0969  0.0973  0.0973  0.0933
  0.0968  0.0981  0.0960  0.0985  0.0948  0.0934
  0.1079  0.1046  0.1061  0.0997  0.0933  0.0949
  0.1221  0.1190  0.1272  0.1006  0.0953  0.0968
niter,ni,del,rscale     5    3   12.0000    1.2000
parameters
   -3.3986   12.4108    5.9111    0.5328    0.2045   -4.3441
eta,q 0.90507 29.33871
  0.1127  0.1157  0.1190  0.0990  0.0963  0.0963
  0.1013  0.1069  0.1077  0.0953  0.0970  0.0953
  0.0958  0.0977  0.0981  0.0933  0.0964  0.0952
  0.0934  0.0934  0.0934  0.0936  0.0935  0.0949
  0.0959  0.0940  0.0947  0.0943  0.0947  0.0953
  0.1043  0.1017  0.1055  0.0959  0.0980  0.0958
  0.1185  0.1174  0.1260  0.0990  0.1011  0.0968
niter,ni,del,rscale     4    3   12.0000    1.2000
parameters
   -3.3682   12.4576    5.8858    0.7876   -0.0882   -3.9695
eta,q 0.90459 29.33436
  0.1173  0.1167  0.1188  0.1007  0.0979  0.0975
  0.1010  0.1076  0.1078  0.0973  0.0969  0.0960
  0.0957  0.0986  0.0999  0.0949  0.0973  0.0956
  0.0949  0.0949  0.0949  0.0949  0.0950  0.0954
  0.0949  0.0959  0.0945  0.0960  0.0940  0.0958
  0.1014  0.1038  0.1037  0.0971  0.0967  0.0961
  0.1166  0.1190  0.1241  0.0991  0.1001  0.0968
niter,ni,del,rscale     3    3   12.0000    1.2000
parameters
   -3.2307   12.4084    5.9366    0.8734   -0.1848   -3.9159
eta,q 0.90457 29.34477
  0.1188  0.1164  0.1193  0.1008  0.0977  0.0972
  0.1016  0.1075  0.1083  0.0972  0.0968  0.0959
  0.0958  0.0987  0.1004  0.0951  0.0975  0.0955
  0.0954  0.0953  0.0954  0.0953  0.0953  0.0954
  0.0947  0.0962  0.0945  0.0965  0.0936  0.0959
  0.1008  0.1047  0.1031  0.0977  0.0962  0.0963
  0.1164  0.1202  0.1234  0.0996  0.0997  0.0968
niter,ni,del,rscale     2    3   12.0000    1.2000
parameters
   -3.2104   12.3778    5.9588    0.8968   -0.2165   -3.8870
eta,q 0.90455 29.35230
  0.1179  0.1165  0.1192  0.1009  0.0977  0.0972
  0.1008  0.1076  0.1082  0.0972  0.0968  0.0959
  0.0958  0.0989  0.1004  0.0951  0.0975  0.0955
  0.0954  0.0954  0.0954  0.0954  0.0954  0.0954
  0.0946  0.0962  0.0947  0.0967  0.0936  0.0959
  0.1014  0.1046  0.1034  0.0979  0.0961  0.0963
  0.1174  0.1201  0.1237  0.0998  0.0995  0.0968
registration optimization eta report
parameter search radius
    6.0000    6.0000    6.0000    6.0000    6.9000    6.9000
100000*second partial in parameter space
       66.       64.       74.       14.        7.        3.
  0.1179  0.1165  0.1192  0.1009  0.0977  0.0972
  0.1008  0.1076  0.1082  0.0972  0.0968  0.0959
  0.0958  0.0989  0.1004  0.0951  0.0975  0.0955
  0.0954  0.0954  0.0954  0.0954  0.0954  0.0954
  0.0946  0.0962  0.0947  0.0967  0.0936  0.0959
  0.1014  0.1046  0.1034  0.0979  0.0961  0.0963
  0.1174  0.1201  0.1237  0.0998  0.0995  0.0968
   -3.2104   12.3778    5.9588    0.8968   -0.2165   -3.8870
eta,q 0.90455 29.35230

---------------------------------------------------------------------
imgreg_4dfp /opt/freesurfer/average/711-2C_as_mni_average_305 /opt/freesurfer/average/711-2B_as_mni_average_305_mask talsrcimg_g11 none talsrcimg_to_711-2C_as_mni_average_305_t4 3335
---------------------------------------------------------------------

freesurfer imgreg_4dfp.c
/opt/freesurfer/average/711-2C_as_mni_average_305.4dfp.img
       256       256       256         1
  1.000000  1.000000  1.000000
orientation T byte_order littleendian
Reading image: /opt/freesurfer/average/711-2C_as_mni_average_305.4dfp.img
dimensions:      256       256       256
mmppix:       1.0000   -1.0000   -1.0000
center:     128.0000 -129.0000 -129.0000
/opt/freesurfer/average/711-2B_as_mni_average_305_mask.4dfp.img
       256       256       256         1
  1.000000  1.000000  1.000000
orientation T byte_order littleendian
Reading mask: /opt/freesurfer/average/711-2B_as_mni_average_305_mask.4dfp.img (2306576 pixels)
talsrcimg_g11.4dfp.img
       320       320       320         1
  0.700000  0.700000  0.700000
orientation T byte_order littleendian
Reading image: talsrcimg_g11.4dfp.img
dimensions:      320       320       320
mmppix:       0.7000   -0.7000   -0.7000
center:     112.0000 -112.7000 -112.7000
fimgreg.f
image alignment mode   3335 decimal      D07 hex
parameters
   -3.2104   12.3778    5.9588   -0.2308   -0.2427   -0.0130
    6.7840    0.2709   -6.7789   -1.5871   -0.3779    1.5651
eta,q 0.90664 29.69043
niter,ni,del,rscale     5    3    5.0000    1.2000
parameter  4  4.791526 ->  0.500000 qaram    1.1500
parameter  5  0.669504 ->  0.500000 qaram    1.1500
parameter  6  0.645079 ->  0.500000 qaram    1.1500
parameters
   -3.4367   12.1783    5.9472   -4.3708   -4.3827   -4.1530
    4.2904    0.1604   -3.9281   -4.8678    0.3026    0.9453
eta,q 0.93426 30.61640
  0.0972  0.0978  0.0980  0.0693  0.0707  0.0671  0.0685  0.0762  0.0705  0.0666  0.0699  0.0668
  0.0948  0.0953  0.0954  0.0738  0.0711  0.0671  0.0670  0.0713  0.0684  0.0659  0.0678  0.0662
  0.0935  0.0937  0.0938  0.0821  0.0722  0.0680  0.0666  0.0678  0.0672  0.0658  0.0664  0.0658
  0.0934  0.0933  0.0933  0.0933  0.0757  0.0713  0.0672  0.0666  0.0666  0.0664  0.0658  0.0657
  0.0943  0.0941  0.0939  0.1050  0.0846  0.0806  0.0687  0.0681  0.0664  0.0673  0.0660  0.0659
  0.0962  0.0963  0.0955  0.1152  0.0989  0.0953  0.0707  0.0718  0.0665  0.0686  0.0669  0.0664
  0.0988  0.0998  0.0980  0.1231  0.1132  0.1097  0.0736  0.0767  0.0669  0.0704  0.0686  0.0672
niter,ni,del,rscale     7    3    5.0000    1.2000
parameter  2 -2.168396 -> -0.500000 qaram    1.1500
parameter  4  0.537279 ->  0.500000 qaram    1.3225
parameter 10 -1.042162 -> -0.500000 qaram    1.1500
parameter 12 -0.660139 -> -0.500000 qaram    1.1500
parameters
   -3.2758   13.5583    6.3801   -9.1318   -7.3138   -4.8455
    2.8956   -0.8444   -1.3849   -0.7278    2.2452    5.0853
eta,q 0.94106 30.25152
  0.0726  0.0749  0.0640  0.0610  0.0623  0.0632  0.0614  0.0629  0.0613  0.0630  0.0609  0.0610
  0.0691  0.0717  0.0628  0.0598  0.0612  0.0625  0.0608  0.0608  0.0608  0.0619  0.0601  0.0603
  0.0668  0.0686  0.0620  0.0592  0.0601  0.0615  0.0605  0.0603  0.0605  0.0611  0.0596  0.0598
  0.0657  0.0657  0.0616  0.0615  0.0595  0.0602  0.0605  0.0605  0.0604  0.0603  0.0594  0.0593
  0.0662  0.0631  0.0615  0.0697  0.0623  0.0589  0.0608  0.0610  0.0603  0.0597  0.0593  0.0590
  0.0680  0.0611  0.0619  0.0826  0.0733  0.0600  0.0615  0.0622  0.0603  0.0593  0.0595  0.0589
  0.0710  0.0600  0.0627  0.0950  0.0883  0.0691  0.0627  0.0646  0.0605  0.0594  0.0598  0.0591
niter,ni,del,rscale     7    3    5.0000    1.2000
parameter  2 -3.882862 -> -0.500000 qaram    1.3225
parameter  3 -0.567972 -> -0.500000 qaram    1.1500
parameter 10 -1.331370 -> -0.500000 qaram    1.3225
parameters
   -2.9027   15.1453    7.7601  -11.3173   -9.6464   -6.0185
    2.0881   -1.8695   -1.3257    4.0332    2.5844    4.4702
eta,q 0.94612 29.88640
  0.0619  0.0692  0.0560  0.0579  0.0576  0.0590  0.0565  0.0574  0.0560  0.0585  0.0550  0.0559
  0.0605  0.0657  0.0551  0.0563  0.0563  0.0578  0.0559  0.0559  0.0557  0.0575  0.0543  0.0550
  0.0595  0.0622  0.0544  0.0545  0.0549  0.0564  0.0555  0.0554  0.0555  0.0565  0.0540  0.0542
  0.0589  0.0588  0.0537  0.0531  0.0540  0.0547  0.0555  0.0554  0.0554  0.0554  0.0538  0.0538
  0.0588  0.0557  0.0532  0.0540  0.0554  0.0546  0.0557  0.0559  0.0554  0.0543  0.0539  0.0539
  0.0593  0.0530  0.0531  0.0602  0.0626  0.0582  0.0562  0.0570  0.0556  0.0537  0.0542  0.0549
  0.0606  0.0508  0.0536  0.0744  0.0761  0.0665  0.0572  0.0588  0.0560  0.0541  0.0548  0.0574
niter,ni,del,rscale     7    3    5.0000    1.2000
parameter  2 -1.871338 -> -0.500000 qaram    1.5209
parameters
   -2.7975   16.9704    7.1017  -11.2836  -12.2295   -6.8379
    2.0807   -1.4690   -1.7880    6.4074    1.9995    2.9351
eta,q 0.95101 29.59219
  0.0560  0.0658  0.0500  0.0540  0.0517  0.0539  0.0512  0.0534  0.0506  0.0546  0.0494  0.0501
  0.0549  0.0617  0.0493  0.0523  0.0506  0.0526  0.0504  0.0512  0.0502  0.0531  0.0491  0.0496
  0.0542  0.0577  0.0488  0.0506  0.0493  0.0511  0.0500  0.0501  0.0499  0.0515  0.0490  0.0491
  0.0539  0.0539  0.0486  0.0487  0.0487  0.0493  0.0498  0.0498  0.0498  0.0498  0.0489  0.0489
  0.0540  0.0506  0.0491  0.0473  0.0505  0.0483  0.0500  0.0500  0.0499  0.0488  0.0490  0.0492
  0.0546  0.0481  0.0507  0.0489  0.0583  0.0514  0.0504  0.0509  0.0503  0.0492  0.0492  0.0502
  0.0557  0.0471  0.0539  0.0572  0.0716  0.0607  0.0512  0.0526  0.0509  0.0523  0.0496  0.0526
niter,ni,del,rscale     7    3    5.0000    1.2000
parameter  2 -1.181613 -> -0.500000 qaram    1.7490
parameters
   -2.5950   19.0692    6.4892  -10.7031  -14.6646   -7.0365
    1.7658   -1.4131   -2.2416    6.5764    1.5749    0.8386
eta,q 0.95530 29.24896
  0.0512  0.0619  0.0454  0.0495  0.0472  0.0492  0.0460  0.0485  0.0458  0.0500  0.0449  0.0450
  0.0501  0.0573  0.0447  0.0478  0.0459  0.0477  0.0452  0.0459  0.0451  0.0478  0.0447  0.0449
  0.0493  0.0529  0.0443  0.0461  0.0447  0.0462  0.0448  0.0448  0.0447  0.0460  0.0446  0.0447
  0.0490  0.0490  0.0442  0.0443  0.0439  0.0445  0.0447  0.0447  0.0447  0.0447  0.0446  0.0446
  0.0490  0.0458  0.0446  0.0425  0.0454  0.0432  0.0448  0.0451  0.0449  0.0442  0.0446  0.0447
  0.0495  0.0438  0.0457  0.0434  0.0526  0.0450  0.0454  0.0462  0.0453  0.0457  0.0447  0.0454
  0.0506  0.0439  0.0482  0.0512  0.0655  0.0531  0.0463  0.0481  0.0461  0.0514  0.0450  0.0470
niter,ni,del,rscale     7    3    5.0000    1.2000
parameter  2 -0.706889 -> -0.500000 qaram    2.0114
parameters
   -2.3932   21.4828    6.3117  -10.9640  -16.9941   -7.0809
    1.0982   -1.8430   -2.7042    6.2217    0.9716   -2.0028
eta,q 0.95792 28.81305
  0.0470  0.0572  0.0426  0.0463  0.0452  0.0467  0.0432  0.0451  0.0431  0.0474  0.0421  0.0423
  0.0458  0.0526  0.0420  0.0446  0.0436  0.0451  0.0425  0.0428  0.0425  0.0452  0.0421  0.0421
  0.0451  0.0483  0.0415  0.0430  0.0422  0.0435  0.0421  0.0421  0.0421  0.0432  0.0421  0.0421
  0.0447  0.0447  0.0412  0.0412  0.0414  0.0420  0.0421  0.0421  0.0420  0.0420  0.0421  0.0421
  0.0447  0.0421  0.0412  0.0396  0.0429  0.0409  0.0423  0.0425  0.0422  0.0419  0.0420  0.0423
  0.0453  0.0411  0.0418  0.0413  0.0503  0.0424  0.0428  0.0437  0.0427  0.0439  0.0420  0.0430
  0.0464  0.0429  0.0437  0.0510  0.0637  0.0496  0.0438  0.0456  0.0435  0.0503  0.0422  0.0445
niter,ni,del,rscale     7    3    5.0000    1.2000
parameter  3 -0.505072 -> -0.500000 qaram    1.3225
parameters
   -2.1785   22.6939    7.8987  -11.4964  -18.7292   -8.3149
    1.1553   -2.3695   -2.6899    5.7935    3.5212   -1.8683
eta,q 0.95759 28.49899
  0.0441  0.0528  0.0429  0.0458  0.0456  0.0470  0.0438  0.0449  0.0434  0.0474  0.0428  0.0436
  0.0431  0.0483  0.0422  0.0442  0.0439  0.0452  0.0431  0.0433  0.0428  0.0454  0.0427  0.0431
  0.0424  0.0445  0.0416  0.0425  0.0422  0.0434  0.0426  0.0426  0.0425  0.0436  0.0426  0.0427
  0.0421  0.0421  0.0411  0.0406  0.0410  0.0417  0.0424  0.0424  0.0424  0.0424  0.0425  0.0424
  0.0421  0.0410  0.0408  0.0391  0.0414  0.0417  0.0425  0.0427  0.0425  0.0422  0.0424  0.0423
  0.0425  0.0419  0.0407  0.0414  0.0468  0.0465  0.0430  0.0439  0.0428  0.0443  0.0424  0.0427
  0.0436  0.0464  0.0412  0.0518  0.0596  0.0560  0.0438  0.0459  0.0434  0.0505  0.0426  0.0438
niter,ni,del,rscale     7    3    5.0000    1.2000
parameters
   -2.2271   22.8270    7.9283  -10.9460  -18.8238   -8.6449
    0.9385   -2.9047   -3.2168    5.8132    2.7843   -1.7828
eta,q 0.95769 28.53613
  0.0442  0.0504  0.0440  0.0473  0.0471  0.0475  0.0437  0.0449  0.0432  0.0474  0.0425  0.0434
  0.0433  0.0466  0.0433  0.0458  0.0454  0.0457  0.0429  0.0434  0.0426  0.0453  0.0425  0.0429
  0.0427  0.0438  0.0428  0.0441  0.0437  0.0438  0.0424  0.0426  0.0424  0.0435  0.0424  0.0426
  0.0424  0.0424  0.0424  0.0423  0.0420  0.0421  0.0423  0.0423  0.0423  0.0423  0.0423  0.0423
  0.0425  0.0424  0.0422  0.0407  0.0410  0.0411  0.0424  0.0426  0.0424  0.0419  0.0422  0.0422
  0.0432  0.0444  0.0426  0.0418  0.0425  0.0439  0.0430  0.0439  0.0428  0.0435  0.0424  0.0426
  0.0445  0.0509  0.0445  0.0489  0.0505  0.0515  0.0439  0.0461  0.0435  0.0491  0.0429  0.0437
niter,ni,del,rscale     6    3    5.0000    1.2000
parameters
   -2.1428   22.8631    8.1429  -11.1423  -18.9804   -8.8877
    0.9887   -2.7128   -3.1318    5.7009    2.7052   -1.3808
eta,q 0.95745 28.49570
  0.0443  0.0500  0.0438  0.0472  0.0474  0.0478  0.0440  0.0458  0.0435  0.0476  0.0429  0.0438
  0.0433  0.0463  0.0432  0.0457  0.0457  0.0460  0.0432  0.0439  0.0430  0.0455  0.0428  0.0433
  0.0426  0.0436  0.0427  0.0441  0.0439  0.0442  0.0427  0.0430  0.0427  0.0437  0.0427  0.0429
  0.0423  0.0423  0.0423  0.0422  0.0423  0.0424  0.0426  0.0426  0.0425  0.0425  0.0426  0.0426
  0.0424  0.0423  0.0420  0.0407  0.0413  0.0413  0.0427  0.0427  0.0426  0.0422  0.0425  0.0425
  0.0429  0.0445  0.0423  0.0426  0.0429  0.0438  0.0432  0.0436  0.0429  0.0439  0.0426  0.0428
  0.0442  0.0513  0.0439  0.0514  0.0510  0.0517  0.0440  0.0456  0.0435  0.0496  0.0431  0.0439
niter,ni,del,rscale     5    3    5.0000    1.2000
parameters
   -2.1595   22.8294    8.2939  -11.0686  -19.1030   -9.1270
    1.0198   -2.7138   -3.1023    5.5781    2.6621   -0.9468
eta,q 0.95732 28.48660
  0.0443  0.0501  0.0440  0.0475  0.0476  0.0480  0.0441  0.0457  0.0437  0.0477  0.0430  0.0440
  0.0434  0.0464  0.0435  0.0460  0.0458  0.0462  0.0434  0.0440  0.0431  0.0456  0.0429  0.0434
  0.0428  0.0438  0.0430  0.0444  0.0441  0.0444  0.0429  0.0431  0.0428  0.0439  0.0428  0.0430
  0.0426  0.0426  0.0426  0.0425  0.0425  0.0425  0.0427  0.0427  0.0427  0.0427  0.0427  0.0427
  0.0427  0.0426  0.0423  0.0410  0.0415  0.0414  0.0428  0.0428  0.0428  0.0424  0.0427  0.0426
  0.0433  0.0449  0.0427  0.0425  0.0430  0.0440  0.0433  0.0439  0.0431  0.0440  0.0428  0.0429
  0.0445  0.0519  0.0443  0.0506  0.0510  0.0518  0.0442  0.0459  0.0436  0.0497  0.0432  0.0440
niter,ni,del,rscale     4    3    5.0000    1.2000
parameters
   -2.1710   22.7994    8.4273  -11.0841  -19.2404   -9.3415
    1.0210   -2.7043   -3.0821    5.4638    2.7055   -0.4953
eta,q 0.95713 28.46776
  0.0445  0.0502  0.0441  0.0476  0.0477  0.0482  0.0443  0.0459  0.0438  0.0478  0.0433  0.0442
  0.0435  0.0466  0.0436  0.0461  0.0460  0.0464  0.0435  0.0442  0.0433  0.0458  0.0431  0.0436
  0.0430  0.0440  0.0431  0.0445  0.0443  0.0446  0.0430  0.0433  0.0430  0.0441  0.0430  0.0432
  0.0427  0.0427  0.0427  0.0427  0.0427  0.0427  0.0429  0.0429  0.0429  0.0429  0.0429  0.0429
  0.0428  0.0427  0.0425  0.0411  0.0417  0.0415  0.0430  0.0430  0.0430  0.0426  0.0429  0.0428
  0.0434  0.0450  0.0428  0.0428  0.0432  0.0441  0.0435  0.0440  0.0433  0.0442  0.0430  0.0431
  0.0447  0.0521  0.0444  0.0511  0.0512  0.0519  0.0443  0.0460  0.0438  0.0499  0.0434  0.0442
niter,ni,del,rscale     3    3    5.0000    1.2000
parameters
   -2.1737   22.7758    8.5382  -11.0844  -19.3918   -9.5436
    1.0087   -2.7171   -3.1080    5.3601    2.7499   -0.0690
eta,q 0.95694 28.44861
  0.0446  0.0504  0.0443  0.0478  0.0479  0.0483  0.0445  0.0460  0.0440  0.0480  0.0434  0.0444
  0.0437  0.0468  0.0438  0.0463  0.0462  0.0465  0.0437  0.0443  0.0435  0.0460  0.0433  0.0438
  0.0431  0.0442  0.0433  0.0447  0.0444  0.0447  0.0432  0.0435  0.0431  0.0442  0.0432  0.0434
  0.0429  0.0429  0.0429  0.0428  0.0428  0.0429  0.0431  0.0431  0.0431  0.0431  0.0431  0.0431
  0.0430  0.0429  0.0427  0.0413  0.0419  0.0417  0.0432  0.0432  0.0432  0.0427  0.0430  0.0430
  0.0436  0.0451  0.0430  0.0430  0.0434  0.0442  0.0437  0.0442  0.0435  0.0444  0.0432  0.0433
  0.0448  0.0522  0.0446  0.0512  0.0514  0.0520  0.0445  0.0462  0.0440  0.0500  0.0436  0.0445
niter,ni,del,rscale     2    3    5.0000    1.2000
parameters
   -2.1703   22.7666    8.6438  -11.0996  -19.5574   -9.7408
    0.9927   -2.7299   -3.1273    5.2604    2.8013    0.3593
eta,q 0.95676 28.42664
  0.0448  0.0506  0.0445  0.0480  0.0480  0.0485  0.0447  0.0461  0.0442  0.0482  0.0436  0.0446
  0.0439  0.0470  0.0439  0.0465  0.0463  0.0467  0.0439  0.0445  0.0436  0.0462  0.0435  0.0440
  0.0433  0.0444  0.0434  0.0449  0.0446  0.0449  0.0434  0.0437  0.0433  0.0444  0.0434  0.0436
  0.0431  0.0431  0.0431  0.0430  0.0430  0.0431  0.0432  0.0432  0.0432  0.0432  0.0433  0.0433
  0.0431  0.0430  0.0429  0.0415  0.0421  0.0419  0.0434  0.0434  0.0434  0.0429  0.0432  0.0432
  0.0437  0.0452  0.0432  0.0432  0.0436  0.0443  0.0439  0.0444  0.0437  0.0446  0.0433  0.0434
  0.0450  0.0523  0.0448  0.0514  0.0516  0.0522  0.0447  0.0463  0.0442  0.0501  0.0437  0.0447
niter,ni,del,rscale     1    3    5.0000    1.2000
parameters
   -2.1631   22.7601    8.7456  -11.1118  -19.7313   -9.9378
    0.9623   -2.7483   -3.1533    5.1651    2.8855    0.7940
eta,q 0.95658 28.40399
  0.0450  0.0507  0.0446  0.0482  0.0482  0.0486  0.0448  0.0463  0.0444  0.0483  0.0438  0.0448
  0.0441  0.0472  0.0441  0.0467  0.0465  0.0469  0.0441  0.0447  0.0438  0.0463  0.0437  0.0442
  0.0435  0.0446  0.0436  0.0450  0.0448  0.0451  0.0436  0.0438  0.0435  0.0446  0.0436  0.0438
  0.0432  0.0432  0.0432  0.0432  0.0432  0.0433  0.0434  0.0434  0.0434  0.0434  0.0435  0.0435
  0.0433  0.0432  0.0430  0.0417  0.0423  0.0421  0.0436  0.0436  0.0435  0.0431  0.0434  0.0433
  0.0439  0.0454  0.0434  0.0434  0.0438  0.0444  0.0440  0.0446  0.0438  0.0447  0.0435  0.0436
  0.0452  0.0524  0.0450  0.0515  0.0517  0.0523  0.0449  0.0465  0.0444  0.0503  0.0439  0.0449
registration optimization eta report
parameter search radius
    2.4000    4.8273    3.1740    9.5220    8.2800    8.2800
    7.2000    7.2000    7.2000    9.5220    7.2000    8.2800
100000*second partial in parameter space
       32.       37.       16.        8.       10.       11.
        3.        6.        2.        7.        1.        2.
  0.0450  0.0507  0.0446  0.0482  0.0482  0.0486  0.0448  0.0463  0.0444  0.0483  0.0438  0.0448
  0.0441  0.0472  0.0441  0.0467  0.0465  0.0469  0.0441  0.0447  0.0438  0.0463  0.0437  0.0442
  0.0435  0.0446  0.0436  0.0450  0.0448  0.0451  0.0436  0.0438  0.0435  0.0446  0.0436  0.0438
  0.0432  0.0432  0.0432  0.0432  0.0432  0.0433  0.0434  0.0434  0.0434  0.0434  0.0435  0.0435
  0.0433  0.0432  0.0430  0.0417  0.0423  0.0421  0.0436  0.0436  0.0435  0.0431  0.0434  0.0433
  0.0439  0.0454  0.0434  0.0434  0.0438  0.0444  0.0440  0.0446  0.0438  0.0447  0.0435  0.0436
  0.0452  0.0524  0.0450  0.0515  0.0517  0.0523  0.0449  0.0465  0.0444  0.0503  0.0439  0.0449
   -2.1631   22.7601    8.7456  -11.1118  -19.7313   -9.9378
    0.9623   -2.7483   -3.1533    5.1651    2.8855    0.7940
eta,q 0.95658 28.40399

---------------------------------------------------------------------
imgreg_4dfp /opt/freesurfer/average/711-2C_as_mni_average_305 /opt/freesurfer/average/711-2B_as_mni_average_305_mask talsrcimg_g11 none talsrcimg_to_711-2C_as_mni_average_305_t4 2311
---------------------------------------------------------------------

freesurfer imgreg_4dfp.c
/opt/freesurfer/average/711-2C_as_mni_average_305.4dfp.img
       256       256       256         1
  1.000000  1.000000  1.000000
orientation T byte_order littleendian
Reading image: /opt/freesurfer/average/711-2C_as_mni_average_305.4dfp.img
dimensions:      256       256       256
mmppix:       1.0000   -1.0000   -1.0000
center:     128.0000 -129.0000 -129.0000
/opt/freesurfer/average/711-2B_as_mni_average_305_mask.4dfp.img
       256       256       256         1
  1.000000  1.000000  1.000000
orientation T byte_order littleendian
Reading mask: /opt/freesurfer/average/711-2B_as_mni_average_305_mask.4dfp.img (2306576 pixels)
talsrcimg_g11.4dfp.img
       320       320       320         1
  0.700000  0.700000  0.700000
orientation T byte_order littleendian
Reading image: talsrcimg_g11.4dfp.img
dimensions:      320       320       320
mmppix:       0.7000   -0.7000   -0.7000
center:     112.0000 -112.7000 -112.7000
fimgreg.f
image alignment mode   2311 decimal      907 hex
parameters
   -2.1631   22.7601    8.7456  -11.1118  -19.7313   -9.9378
    0.9623   -2.7483   -3.1533    5.1651    2.8855    0.7940
eta,q 0.95658 28.40400
niter,ni,del,rscale     5    3    5.0000    0.8000
parameter  2 -0.550173 -> -0.500000 qaram    1.1500
parameter  4 -1.034262 -> -0.500000 qaram    1.1500
parameters
   -2.0303   23.6801    8.8678   -8.3518  -19.7506   -9.7144
    0.8594   -2.9169   -3.2659    4.8668    0.7099   -0.6588
eta,q 0.95828 28.57333
  0.0443  0.0447  0.0436  0.0457  0.0444  0.0446  0.0429  0.0441  0.0425  0.0433  0.0419  0.0420
  0.0439  0.0442  0.0434  0.0450  0.0434  0.0436  0.0423  0.0427  0.0421  0.0426  0.0418  0.0418
  0.0436  0.0437  0.0433  0.0441  0.0426  0.0427  0.0420  0.0420  0.0419  0.0421  0.0418  0.0417
  0.0434  0.0434  0.0432  0.0432  0.0419  0.0419  0.0418  0.0419  0.0418  0.0418  0.0419  0.0417
  0.0434  0.0432  0.0432  0.0423  0.0417  0.0416  0.0420  0.0422  0.0419  0.0419  0.0421  0.0419
  0.0436  0.0432  0.0433  0.0419  0.0425  0.0423  0.0423  0.0430  0.0422  0.0426  0.0426  0.0423
  0.0441  0.0433  0.0436  0.0424  0.0453  0.0450  0.0431  0.0444  0.0426  0.0442  0.0432  0.0432
niter,ni,del,rscale     6    3    5.0000    0.9000
parameters
   -2.2214   23.5584    8.7477   -9.1255  -18.5474   -9.0866
    1.6972   -2.0185   -2.8624    4.7136    0.0338   -2.4716
eta,q 0.95887 28.68905
  0.0434  0.0429  0.0422  0.0452  0.0453  0.0449  0.0431  0.0455  0.0422  0.0432  0.0417  0.0414
  0.0423  0.0423  0.0420  0.0442  0.0441  0.0437  0.0421  0.0430  0.0416  0.0423  0.0414  0.0412
  0.0418  0.0419  0.0418  0.0429  0.0430  0.0426  0.0416  0.0417  0.0413  0.0416  0.0412  0.0411
  0.0417  0.0417  0.0417  0.0417  0.0421  0.0416  0.0413  0.0412  0.0412  0.0412  0.0412  0.0412
  0.0421  0.0418  0.0417  0.0418  0.0414  0.0409  0.0412  0.0413  0.0412  0.0412  0.0413  0.0414
  0.0429  0.0423  0.0420  0.0442  0.0416  0.0414  0.0415  0.0419  0.0414  0.0420  0.0416  0.0420
  0.0443  0.0434  0.0426  0.0503  0.0439  0.0446  0.0422  0.0431  0.0419  0.0440  0.0421  0.0430
niter,ni,del,rscale     5    3    5.0000    0.8000
parameters
   -2.3283   23.5465    8.9954   -8.8723  -17.9668   -8.6497
    1.8258   -1.7215   -2.7333    4.8034   -0.1998   -4.1627
eta,q 0.95954 28.80059
  0.0423  0.0422  0.0417  0.0444  0.0438  0.0438  0.0418  0.0437  0.0413  0.0424  0.0413  0.0407
  0.0417  0.0416  0.0415  0.0435  0.0427  0.0428  0.0411  0.0418  0.0409  0.0416  0.0408  0.0405
  0.0413  0.0413  0.0413  0.0423  0.0418  0.0417  0.0407  0.0408  0.0406  0.0409  0.0406  0.0405
  0.0411  0.0411  0.0411  0.0411  0.0410  0.0407  0.0405  0.0405  0.0405  0.0405  0.0405  0.0405
  0.0413  0.0412  0.0411  0.0406  0.0405  0.0402  0.0406  0.0408  0.0406  0.0405  0.0406  0.0407
  0.0419  0.0416  0.0412  0.0417  0.0410  0.0409  0.0410  0.0416  0.0408  0.0411  0.0409  0.0412
  0.0427  0.0423  0.0415  0.0451  0.0433  0.0438  0.0417  0.0429  0.0413  0.0426  0.0414  0.0421
niter,ni,del,rscale     4    3    5.0000    0.7000
parameters
   -2.3991   23.4917    8.8471   -8.4244  -16.8679   -7.9774
    1.8699   -1.5384   -2.7724    4.8997   -0.4754   -6.0201
eta,q 0.96052 28.96512
  0.0416  0.0413  0.0408  0.0436  0.0428  0.0426  0.0408  0.0424  0.0404  0.0412  0.0403  0.0396
  0.0410  0.0409  0.0407  0.0426  0.0418  0.0417  0.0401  0.0407  0.0399  0.0405  0.0398  0.0395
  0.0406  0.0406  0.0405  0.0415  0.0410  0.0407  0.0397  0.0398  0.0397  0.0399  0.0396  0.0395
  0.0405  0.0405  0.0405  0.0405  0.0403  0.0399  0.0396  0.0396  0.0396  0.0396  0.0396  0.0396
  0.0406  0.0405  0.0405  0.0401  0.0398  0.0394  0.0397  0.0399  0.0397  0.0396  0.0397  0.0398
  0.0411  0.0409  0.0407  0.0409  0.0400  0.0399  0.0401  0.0406  0.0399  0.0401  0.0400  0.0403
  0.0419  0.0415  0.0412  0.0434  0.0414  0.0419  0.0408  0.0418  0.0404  0.0414  0.0405  0.0410
niter,ni,del,rscale     3    3    5.0000    0.6000
parameter 12  0.538828 ->  0.500000 qaram    1.1500
parameters
   -2.4462   23.3893    8.4319   -8.0899  -15.8574   -6.7730
    1.9504   -1.3764   -2.7850    5.1834   -0.6244   -8.0901
eta,q 0.96165 29.13717
  0.0405  0.0402  0.0396  0.0422  0.0414  0.0414  0.0396  0.0410  0.0393  0.0400  0.0392  0.0384
  0.0399  0.0398  0.0395  0.0413  0.0406  0.0405  0.0390  0.0395  0.0388  0.0393  0.0388  0.0383
  0.0396  0.0396  0.0394  0.0403  0.0399  0.0397  0.0387  0.0387  0.0386  0.0388  0.0385  0.0384
  0.0395  0.0395  0.0395  0.0394  0.0393  0.0390  0.0385  0.0385  0.0385  0.0385  0.0385  0.0385
  0.0396  0.0396  0.0396  0.0392  0.0390  0.0385  0.0386  0.0388  0.0386  0.0385  0.0386  0.0387
  0.0400  0.0399  0.0399  0.0400  0.0391  0.0386  0.0389  0.0395  0.0388  0.0389  0.0389  0.0392
  0.0407  0.0405  0.0404  0.0420  0.0402  0.0397  0.0395  0.0405  0.0393  0.0398  0.0393  0.0398
niter,ni,del,rscale     3    3    5.0000    0.6000
parameter  3  0.523123 ->  0.500000 qaram    1.1500
parameters
   -2.4903   23.2282    7.7419   -8.0949  -15.1044   -5.5802
    1.9304   -1.2605   -2.7474    6.1593   -0.5733   -9.8301
eta,q 0.96277 29.30015
  0.0396  0.0391  0.0383  0.0410  0.0403  0.0404  0.0385  0.0402  0.0383  0.0395  0.0382  0.0374
  0.0389  0.0387  0.0382  0.0400  0.0395  0.0395  0.0380  0.0385  0.0379  0.0386  0.0377  0.0373
  0.0385  0.0384  0.0382  0.0390  0.0388  0.0387  0.0376  0.0377  0.0376  0.0380  0.0374  0.0372
  0.0383  0.0383  0.0383  0.0382  0.0382  0.0380  0.0375  0.0375  0.0375  0.0375  0.0373  0.0373
  0.0385  0.0385  0.0386  0.0382  0.0379  0.0375  0.0376  0.0378  0.0376  0.0373  0.0374  0.0376
  0.0390  0.0389  0.0391  0.0393  0.0381  0.0376  0.0379  0.0386  0.0378  0.0375  0.0377  0.0381
  0.0398  0.0396  0.0397  0.0418  0.0394  0.0387  0.0386  0.0396  0.0383  0.0382  0.0381  0.0389
niter,ni,del,rscale     3    3    5.0000    0.6000
parameters
   -2.5229   23.0196    7.0720   -8.1453  -14.5488   -4.8331
    1.8871   -1.1872   -2.6052    7.4127   -0.4840  -11.3435
eta,q 0.96369 29.45885
  0.0386  0.0380  0.0372  0.0399  0.0391  0.0393  0.0376  0.0393  0.0374  0.0387  0.0373  0.0366
  0.0378  0.0375  0.0371  0.0389  0.0383  0.0384  0.0371  0.0376  0.0370  0.0378  0.0368  0.0364
  0.0374  0.0373  0.0371  0.0378  0.0376  0.0376  0.0367  0.0368  0.0367  0.0371  0.0365  0.0363
  0.0372  0.0372  0.0372  0.0371  0.0371  0.0369  0.0366  0.0366  0.0366  0.0366  0.0364  0.0364
  0.0374  0.0374  0.0376  0.0371  0.0368  0.0365  0.0367  0.0370  0.0367  0.0364  0.0365  0.0366
  0.0379  0.0379  0.0383  0.0383  0.0371  0.0368  0.0370  0.0378  0.0369  0.0365  0.0368  0.0371
  0.0387  0.0387  0.0393  0.0409  0.0385  0.0383  0.0377  0.0389  0.0373  0.0371  0.0372  0.0377
niter,ni,del,rscale     2    3    5.0000    0.5000
parameters
   -2.5693   22.8775    6.5273   -7.9448  -13.9131   -4.2206
    1.7438   -1.0484   -2.4354    8.3738   -0.3620  -12.5175
eta,q 0.96441 29.62501
  0.0372  0.0368  0.0363  0.0386  0.0376  0.0379  0.0364  0.0380  0.0364  0.0373  0.0364  0.0358
  0.0367  0.0365  0.0362  0.0377  0.0370  0.0372  0.0361  0.0367  0.0361  0.0366  0.0359  0.0356
  0.0364  0.0364  0.0362  0.0368  0.0365  0.0365  0.0358  0.0359  0.0359  0.0361  0.0357  0.0356
  0.0363  0.0363  0.0363  0.0362  0.0361  0.0360  0.0358  0.0358  0.0358  0.0358  0.0356  0.0356
  0.0364  0.0364  0.0366  0.0361  0.0359  0.0357  0.0359  0.0360  0.0358  0.0356  0.0357  0.0358
  0.0368  0.0367  0.0371  0.0369  0.0361  0.0360  0.0361  0.0366  0.0360  0.0357  0.0359  0.0361
  0.0374  0.0373  0.0378  0.0386  0.0369  0.0370  0.0366  0.0375  0.0363  0.0362  0.0362  0.0366
niter,ni,del,rscale     1    3    5.0000    0.4000
parameter  3  0.528590 ->  0.500000 qaram    1.3225
parameters
   -2.6769   22.6877    5.9983   -7.7375  -13.3152   -3.5445
    1.6648   -0.8118   -2.2340    9.2349   -0.1107  -13.4647
eta,q 0.96503 29.80747
  0.0361  0.0359  0.0355  0.0373  0.0364  0.0367  0.0356  0.0369  0.0355  0.0363  0.0356  0.0351
  0.0358  0.0357  0.0355  0.0365  0.0360  0.0362  0.0353  0.0359  0.0353  0.0358  0.0353  0.0350
  0.0356  0.0356  0.0355  0.0359  0.0357  0.0357  0.0352  0.0353  0.0352  0.0354  0.0351  0.0350
  0.0356  0.0356  0.0356  0.0355  0.0354  0.0353  0.0351  0.0351  0.0351  0.0351  0.0350  0.0350
  0.0357  0.0357  0.0358  0.0354  0.0353  0.0351  0.0352  0.0352  0.0351  0.0350  0.0350  0.0351
  0.0360  0.0359  0.0361  0.0359  0.0354  0.0352  0.0354  0.0356  0.0352  0.0351  0.0352  0.0353
  0.0365  0.0363  0.0366  0.0370  0.0358  0.0358  0.0357  0.0362  0.0354  0.0353  0.0354  0.0356
niter,ni,del,rscale     1    3    5.0000    0.4000
parameters
   -2.8361   22.4628    5.4976   -7.7004  -12.9656   -2.9514
    1.7652   -0.5524   -2.0443   10.0749    0.2272  -14.0775
eta,q 0.96556 29.97338
  0.0354  0.0352  0.0349  0.0365  0.0357  0.0362  0.0351  0.0364  0.0350  0.0357  0.0351  0.0347
  0.0351  0.0350  0.0348  0.0358  0.0353  0.0356  0.0348  0.0354  0.0348  0.0352  0.0347  0.0345
  0.0350  0.0349  0.0348  0.0352  0.0350  0.0351  0.0346  0.0348  0.0346  0.0348  0.0345  0.0344
  0.0350  0.0350  0.0349  0.0348  0.0348  0.0347  0.0346  0.0346  0.0346  0.0346  0.0345  0.0345
  0.0351  0.0351  0.0352  0.0349  0.0347  0.0346  0.0346  0.0347  0.0346  0.0345  0.0345  0.0345
  0.0355  0.0354  0.0357  0.0355  0.0348  0.0347  0.0347  0.0351  0.0347  0.0345  0.0346  0.0347
  0.0360  0.0358  0.0363  0.0367  0.0354  0.0354  0.0350  0.0356  0.0349  0.0348  0.0348  0.0350
registration optimization eta report
parameter search radius
    0.8000    0.9200    1.0580    2.7600    2.4000    2.4000
    2.4000    2.4000    2.4000    2.4000    2.4000    2.7600
100000*second partial in parameter space
      112.       66.       62.       24.       13.       18.
        8.       25.        6.       12.        8.        5.
  0.0354  0.0352  0.0349  0.0365  0.0357  0.0362  0.0351  0.0364  0.0350  0.0357  0.0351  0.0347
  0.0351  0.0350  0.0348  0.0358  0.0353  0.0356  0.0348  0.0354  0.0348  0.0352  0.0347  0.0345
  0.0350  0.0349  0.0348  0.0352  0.0350  0.0351  0.0346  0.0348  0.0346  0.0348  0.0345  0.0344
  0.0350  0.0350  0.0349  0.0348  0.0348  0.0347  0.0346  0.0346  0.0346  0.0346  0.0345  0.0345
  0.0351  0.0351  0.0352  0.0349  0.0347  0.0346  0.0346  0.0347  0.0346  0.0345  0.0345  0.0345
  0.0355  0.0354  0.0357  0.0355  0.0348  0.0347  0.0347  0.0351  0.0347  0.0345  0.0346  0.0347
  0.0360  0.0358  0.0363  0.0367  0.0354  0.0354  0.0350  0.0356  0.0349  0.0348  0.0348  0.0350
   -2.8361   22.4628    5.4976   -7.7004  -12.9656   -2.9514
    1.7652   -0.5524   -2.0443   10.0749    0.2272  -14.0775
eta,q 0.96556 29.97338

---------------------------------------------------------------------
imgreg_4dfp /opt/freesurfer/average/711-2C_as_mni_average_305 /opt/freesurfer/average/711-2B_as_mni_average_305_mask talsrcimg_g11 none talsrcimg_to_711-2C_as_mni_average_305_t4 2311
---------------------------------------------------------------------

freesurfer imgreg_4dfp.c
/opt/freesurfer/average/711-2C_as_mni_average_305.4dfp.img
       256       256       256         1
  1.000000  1.000000  1.000000
orientation T byte_order littleendian
Reading image: /opt/freesurfer/average/711-2C_as_mni_average_305.4dfp.img
dimensions:      256       256       256
mmppix:       1.0000   -1.0000   -1.0000
center:     128.0000 -129.0000 -129.0000
/opt/freesurfer/average/711-2B_as_mni_average_305_mask.4dfp.img
       256       256       256         1
  1.000000  1.000000  1.000000
orientation T byte_order littleendian
Reading mask: /opt/freesurfer/average/711-2B_as_mni_average_305_mask.4dfp.img (2306576 pixels)
talsrcimg_g11.4dfp.img
       320       320       320         1
  0.700000  0.700000  0.700000
orientation T byte_order littleendian
Reading image: talsrcimg_g11.4dfp.img
dimensions:      320       320       320
mmppix:       0.7000   -0.7000   -0.7000
center:     112.0000 -112.7000 -112.7000
fimgreg.f
image alignment mode   2311 decimal      907 hex
parameters
   -2.8361   22.4628    5.4976   -7.7004  -12.9656   -2.9514
    1.7652   -0.5524   -2.0443   10.0749    0.2272  -14.0775
eta,q 0.96556 29.97339
niter,ni,del,rscale     5    3    5.0000    0.8000
parameters
   -2.9957   22.1996    4.9726   -8.3108  -13.6085   -3.2279
    2.0374   -0.3380   -1.8922   11.4525    0.6583  -14.3152
eta,q 0.96530 29.99924
  0.0367  0.0355  0.0349  0.0378  0.0369  0.0385  0.0364  0.0400  0.0360  0.0379  0.0363  0.0354
  0.0353  0.0349  0.0345  0.0365  0.0359  0.0372  0.0357  0.0367  0.0354  0.0366  0.0354  0.0350
  0.0346  0.0345  0.0343  0.0352  0.0351  0.0359  0.0351  0.0352  0.0351  0.0356  0.0349  0.0348
  0.0344  0.0344  0.0344  0.0343  0.0345  0.0347  0.0349  0.0349  0.0349  0.0349  0.0347  0.0347
  0.0349  0.0347  0.0349  0.0347  0.0344  0.0344  0.0350  0.0355  0.0350  0.0347  0.0348  0.0348
  0.0361  0.0355  0.0358  0.0371  0.0359  0.0360  0.0354  0.0367  0.0353  0.0349  0.0351  0.0351
  0.0378  0.0369  0.0372  0.0419  0.0410  0.0418  0.0362  0.0387  0.0359  0.0358  0.0357  0.0356
niter,ni,del,rscale     4    3    5.0000    0.7000
parameters
   -2.9440   22.4283    4.6862   -7.8852  -13.4270   -3.2002
    2.0785   -0.3345   -1.9453   11.6008    0.9261  -14.4036
eta,q 0.96565 30.03885
  0.0364  0.0360  0.0352  0.0380  0.0366  0.0377  0.0356  0.0384  0.0352  0.0362  0.0356  0.0349
  0.0355  0.0354  0.0349  0.0369  0.0357  0.0365  0.0349  0.0358  0.0347  0.0353  0.0349  0.0346
  0.0350  0.0349  0.0347  0.0357  0.0350  0.0353  0.0345  0.0346  0.0344  0.0346  0.0345  0.0344
  0.0347  0.0347  0.0347  0.0346  0.0344  0.0344  0.0344  0.0344  0.0344  0.0344  0.0343  0.0343
  0.0348  0.0347  0.0348  0.0343  0.0342  0.0340  0.0344  0.0349  0.0344  0.0344  0.0344  0.0344
  0.0353  0.0349  0.0353  0.0351  0.0346  0.0350  0.0348  0.0361  0.0347  0.0349  0.0348  0.0346
  0.0362  0.0354  0.0361  0.0376  0.0370  0.0390  0.0356  0.0381  0.0353  0.0361  0.0353  0.0350
niter,ni,del,rscale     3    3    5.0000    0.6000
parameters
   -3.0395   22.4063    4.5710   -7.6364  -13.0530   -2.9175
    2.1729   -0.3642   -1.9843   11.6793    1.1584  -14.5106
eta,q 0.96601 30.11199
  0.0355  0.0351  0.0349  0.0371  0.0360  0.0369  0.0350  0.0372  0.0347  0.0355  0.0351  0.0345
  0.0348  0.0347  0.0346  0.0361  0.0353  0.0359  0.0345  0.0352  0.0343  0.0347  0.0345  0.0342
  0.0344  0.0344  0.0344  0.0351  0.0347  0.0349  0.0342  0.0342  0.0341  0.0342  0.0341  0.0341
  0.0343  0.0343  0.0343  0.0343  0.0342  0.0341  0.0340  0.0340  0.0340  0.0340  0.0340  0.0340
  0.0346  0.0344  0.0344  0.0342  0.0340  0.0338  0.0341  0.0344  0.0341  0.0341  0.0341  0.0340
  0.0351  0.0347  0.0347  0.0350  0.0343  0.0344  0.0344  0.0355  0.0343  0.0345  0.0343  0.0342
  0.0359  0.0352  0.0352  0.0370  0.0358  0.0369  0.0350  0.0372  0.0347  0.0355  0.0348  0.0346
niter,ni,del,rscale     2    3    5.0000    0.5000
parameters
   -3.1271   22.2592    4.4575   -7.5200  -12.5749   -2.6263
    2.2902   -0.4135   -2.0008   11.8376    1.3614  -14.6507
eta,q 0.96631 30.19544
  0.0349  0.0344  0.0344  0.0361  0.0353  0.0361  0.0345  0.0362  0.0342  0.0349  0.0346  0.0341
  0.0343  0.0341  0.0341  0.0353  0.0348  0.0352  0.0341  0.0347  0.0339  0.0343  0.0341  0.0339
  0.0341  0.0340  0.0340  0.0345  0.0343  0.0345  0.0338  0.0339  0.0338  0.0339  0.0338  0.0337
  0.0340  0.0340  0.0340  0.0340  0.0340  0.0338  0.0337  0.0337  0.0337  0.0337  0.0337  0.0337
  0.0342  0.0341  0.0341  0.0340  0.0338  0.0336  0.0338  0.0340  0.0338  0.0337  0.0338  0.0337
  0.0346  0.0343  0.0343  0.0346  0.0340  0.0341  0.0340  0.0349  0.0339  0.0340  0.0340  0.0339
  0.0352  0.0348  0.0347  0.0362  0.0349  0.0359  0.0344  0.0363  0.0343  0.0347  0.0343  0.0342
niter,ni,del,rscale     1    3    5.0000    0.4000
parameters
   -3.1846   22.0815    4.3528   -7.4972  -12.1012   -2.3739
    2.3547   -0.4712   -1.9948   12.0074    1.5236  -14.8304
eta,q 0.96653 30.26807
  0.0343  0.0339  0.0340  0.0352  0.0346  0.0353  0.0340  0.0352  0.0338  0.0343  0.0341  0.0337
  0.0339  0.0338  0.0338  0.0345  0.0342  0.0346  0.0337  0.0342  0.0336  0.0339  0.0338  0.0336
  0.0337  0.0337  0.0337  0.0340  0.0339  0.0340  0.0336  0.0336  0.0335  0.0336  0.0335  0.0335
  0.0337  0.0337  0.0337  0.0337  0.0337  0.0336  0.0335  0.0335  0.0335  0.0335  0.0335  0.0335
  0.0338  0.0338  0.0337  0.0337  0.0335  0.0334  0.0335  0.0337  0.0335  0.0335  0.0335  0.0335
  0.0341  0.0340  0.0339  0.0342  0.0337  0.0338  0.0337  0.0344  0.0336  0.0337  0.0337  0.0336
  0.0345  0.0343  0.0342  0.0353  0.0342  0.0350  0.0340  0.0353  0.0339  0.0342  0.0339  0.0338
registration optimization eta report
parameter search radius
    0.8000    0.8000    0.8000    2.4000    2.4000    2.4000
    2.4000    2.4000    2.4000    2.4000    2.4000    2.4000
100000*second partial in parameter space
      115.       65.       62.       27.       13.       27.
        9.       31.        6.       14.        9.        5.
  0.0343  0.0339  0.0340  0.0352  0.0346  0.0353  0.0340  0.0352  0.0338  0.0343  0.0341  0.0337
  0.0339  0.0338  0.0338  0.0345  0.0342  0.0346  0.0337  0.0342  0.0336  0.0339  0.0338  0.0336
  0.0337  0.0337  0.0337  0.0340  0.0339  0.0340  0.0336  0.0336  0.0335  0.0336  0.0335  0.0335
  0.0337  0.0337  0.0337  0.0337  0.0337  0.0336  0.0335  0.0335  0.0335  0.0335  0.0335  0.0335
  0.0338  0.0338  0.0337  0.0337  0.0335  0.0334  0.0335  0.0337  0.0335  0.0335  0.0335  0.0335
  0.0341  0.0340  0.0339  0.0342  0.0337  0.0338  0.0337  0.0344  0.0336  0.0337  0.0337  0.0336
  0.0345  0.0343  0.0342  0.0353  0.0342  0.0350  0.0340  0.0353  0.0339  0.0342  0.0339  0.0338
   -3.1846   22.0815    4.3528   -7.4972  -12.1012   -2.3739
    2.3547   -0.4712   -1.9948   12.0074    1.5236  -14.8304
eta,q 0.96653 30.26807

---------------------------------------------------------------------
compute_vox2vox talsrcimg talsrcimg_to_711-2C_as_mni_average_305_t4 /opt/freesurfer/average/711-2C_as_mni_average_305
---------------------------------------------------------------------

freesurfer compute_vox2vox.c
Reading: talsrcimg.4dfp.ifh
Reading: talsrcimg_to_711-2C_as_mni_average_305_t4
Reading: /opt/freesurfer/average/711-2C_as_mni_average_305.4dfp.ifh
Writing: talsrcimg_to_711-2C_as_mni_average_305_t4_vox2vox.txt

start time Fri Mar 13 07:56:25 CET 2026
end		time Fri Mar 13 07:57:50 CET 2026

mpr2mni305 success

avi2talxfm orig_nu.mgz /opt/freesurfer/average/mni305.cor.mgz talsrcimg_to_711-2C_as_mni_average_305_t4_vox2vox.txt transforms/talairach.auto.xfm
avi2talxfm done
mv -f /out/sourcedata/freesurfer/sub-v2s5x29565_ses-1/mri/talsrcimg_to_711-2C_as_mni_average_305_t4_vox2vox.txt /out/sourcedata/freesurfer/sub-v2s5x29565_ses-1/mri/transforms/talsrcimg_to_711-2C_as_mni_average_305_t4_vox2vox.txt
lta_convert --src orig_nu.mgz --trg /opt/freesurfer/average/mni305.cor.mgz --inxfm transforms/talairach.auto.xfm --outlta transforms/talairach.auto.xfm.lta --subject fsaverage
7.3.2

--src: orig_nu.mgz src image (geometry).
--trg: /opt/freesurfer/average/mni305.cor.mgz trg image (geometry).
--inmni: transforms/talairach.auto.xfm input MNI/XFM transform.
--outlta: transforms/talairach.auto.xfm.lta output LTA.
--s: fsaverage subject name
 LTA read, type : 1
 1.08031   0.00860  -0.02749  -2.91599;
-0.01287   1.00339   0.16964  -35.05589;
 0.02627  -0.13687   1.11388  -23.89042;
 0.00000   0.00000   0.00000   1.00000;
setting subject to fsaverage
Writing  LTA to file transforms/talairach.auto.xfm.lta...
lta_convert successful.
 
 
Started at Fri Mar 13 07:56:25 CET 2026
Ended   at Fri Mar 13 07:57:50 CET 2026
talairach_avi done
