Log file for defect2seg
Fri Mar 13 11:20:02 CET 2026

setenv SUBJECTS_DIR /out/sourcedata/freesurfer
cd /out/sourcedata/freesurfer/sub-v2s5x29556_ses-1/scripts
/opt/freesurfer/bin/defect2seg --s sub-v2s5x29556_ses-1 --rh-only --cortex

freesurfer-linux-ubuntu22_x86_64-7.3.2-20220804-6354275
defect2seg 7.3.2
Linux dna017 5.14.0-427.37.1.el9_4.x86_64 #1 SMP PREEMPT_DYNAMIC Fri Sep 13 12:41:50 EDT 2024 x86_64 x86_64 x86_64 GNU/Linux
pid 1250861
mri_label2label --label-cortex /out/sourcedata/freesurfer/sub-v2s5x29556_ses-1/surf/rh.orig.nofix /out/sourcedata/freesurfer/sub-v2s5x29556_ses-1/mri/aseg.presurf.mgz 0 /out/sourcedata/freesurfer/sub-v2s5x29556_ses-1/label/rh.nofix.cortex.label

 Generating cortex label... RemoveHipAmgy=0
 NucAccIsMedialWall=0
 mris->useRealRAS=0
50 non-cortical segments detected
only using segment with 16247 vertices
erasing segment 0 (vno[0] = 38382)
erasing segment 1 (vno[0] = 57281)
erasing segment 3 (vno[0] = 125957)
erasing segment 4 (vno[0] = 129054)
erasing segment 5 (vno[0] = 130841)
erasing segment 6 (vno[0] = 137769)
erasing segment 7 (vno[0] = 137788)
erasing segment 8 (vno[0] = 139637)
erasing segment 9 (vno[0] = 141432)
erasing segment 10 (vno[0] = 161299)
erasing segment 11 (vno[0] = 162219)
erasing segment 12 (vno[0] = 198946)
erasing segment 13 (vno[0] = 203681)
erasing segment 14 (vno[0] = 208195)
erasing segment 15 (vno[0] = 211356)
erasing segment 16 (vno[0] = 214347)
erasing segment 17 (vno[0] = 214370)
erasing segment 18 (vno[0] = 218842)
erasing segment 19 (vno[0] = 220285)
erasing segment 20 (vno[0] = 220353)
erasing segment 21 (vno[0] = 220647)
erasing segment 22 (vno[0] = 221950)
erasing segment 23 (vno[0] = 221969)
erasing segment 24 (vno[0] = 221982)
erasing segment 25 (vno[0] = 222004)
erasing segment 26 (vno[0] = 222055)
erasing segment 27 (vno[0] = 222064)
erasing segment 28 (vno[0] = 222096)
erasing segment 29 (vno[0] = 222121)
erasing segment 30 (vno[0] = 223451)
erasing segment 31 (vno[0] = 223577)
erasing segment 32 (vno[0] = 225016)
erasing segment 33 (vno[0] = 225219)
erasing segment 34 (vno[0] = 225257)
erasing segment 35 (vno[0] = 227684)
erasing segment 36 (vno[0] = 229211)
erasing segment 37 (vno[0] = 230551)
erasing segment 38 (vno[0] = 233232)
erasing segment 39 (vno[0] = 233461)
erasing segment 40 (vno[0] = 234686)
erasing segment 41 (vno[0] = 234799)
erasing segment 42 (vno[0] = 235098)
erasing segment 43 (vno[0] = 235110)
erasing segment 44 (vno[0] = 239259)
erasing segment 45 (vno[0] = 253026)
erasing segment 46 (vno[0] = 254100)
erasing segment 47 (vno[0] = 255152)
erasing segment 48 (vno[0] = 293512)
erasing segment 49 (vno[0] = 294711)
mri_label2vol --defects /out/sourcedata/freesurfer/sub-v2s5x29556_ses-1/surf/rh.orig.nofix /out/sourcedata/freesurfer/sub-v2s5x29556_ses-1/surf/rh.defect_labels /out/sourcedata/freesurfer/sub-v2s5x29556_ses-1/mri/orig.mgz 2000 0 /out/sourcedata/freesurfer/sub-v2s5x29556_ses-1/mri/rh.surface.defects.mgz /out/sourcedata/freesurfer/sub-v2s5x29556_ses-1/label/rh.nofix.cortex.label
mri_label2vol supposed to be reproducible but seed not set
Contraining to label /out/sourcedata/freesurfer/sub-v2s5x29556_ses-1/label/rh.nofix.cortex.label
Changing input type 0 to MRI_INT
Converting defects to volume: offset=2000, merge=0
Writing to /out/sourcedata/freesurfer/sub-v2s5x29556_ses-1/mri/rh.surface.defects.mgz
mris_defects_pointset -s /out/sourcedata/freesurfer/sub-v2s5x29556_ses-1/surf/rh.orig.nofix -d /out/sourcedata/freesurfer/sub-v2s5x29556_ses-1/surf/rh.defect_labels -o /out/sourcedata/freesurfer/sub-v2s5x29556_ses-1/surf/rh.defects.pointset --label /out/sourcedata/freesurfer/sub-v2s5x29556_ses-1/label/rh.nofix.cortex.label
Reading in surface /out/sourcedata/freesurfer/sub-v2s5x29556_ses-1/surf/rh.orig.nofix
Reading in defect segmentation /out/sourcedata/freesurfer/sub-v2s5x29556_ses-1/surf/rh.defect_labels
Reading in label /out/sourcedata/freesurfer/sub-v2s5x29556_ses-1/label/rh.nofix.cortex.label
#VMPC# mris_defects_pointset 1437328
mris_defects_pointset done
 
Started at Fri Mar 13 11:20:02 CET 2026 
Ended   at Fri Mar 13 11:20:37 CET 2026
Defect2seg-Run-Time-Sec 35
Defect2seg-Run-Time-Min 0.70
Defect2seg-Run-Time-Hours 0.01
 
defect2seg Done
