status file for recon-all
Fri Mar 13 07:25:12 CET 2026
#@# MotionCor Fri Mar 13 07:25:17 CET 2026
#@# Talairach Fri Mar 13 07:25:34 CET 2026
#@# Talairach Failure Detection Fri Mar 13 07:32:42 CET 2026
#@# Nu Intensity Correction Fri Mar 13 07:32:42 CET 2026
#@# Intensity Normalization Fri Mar 13 07:39:03 CET 2026
recon-all -s sub-v2s5x29556_ses-1 finished without error at Fri Mar 13 07:43:38 CET 2026



#New# invocation of recon-all 



status file for recon-all
Fri Mar 13 07:53:55 CET 2026
#@# EM Registration Fri Mar 13 07:53:55 CET 2026
recon-all -s sub-v2s5x29556_ses-1 finished without error at Fri Mar 13 07:55:44 CET 2026



#New# invocation of recon-all 



status file for recon-all
Fri Mar 13 07:55:47 CET 2026
#@# CA Normalize Fri Mar 13 07:55:47 CET 2026
#@# CA Reg Fri Mar 13 07:57:37 CET 2026
#@# SubCort Seg Fri Mar 13 08:43:43 CET 2026
#@# CC Seg Fri Mar 13 10:15:35 CET 2026
#@# Merge ASeg Fri Mar 13 10:16:35 CET 2026
#@# Intensity Normalization2 Fri Mar 13 10:16:35 CET 2026
#@# Mask BFS Fri Mar 13 10:21:32 CET 2026
#@# WM Segmentation Fri Mar 13 10:21:33 CET 2026
#@# Fill Fri Mar 13 10:27:21 CET 2026
recon-all -s sub-v2s5x29556_ses-1 finished without error at Fri Mar 13 10:29:11 CET 2026



#New# invocation of recon-all 



status file for recon-all
Fri Mar 13 12:04:03 CET 2026
#@# white curv lh Fri Mar 13 12:04:03 CET 2026
#@# white area lh Fri Mar 13 12:04:03 CET 2026
#@# pial curv lh Fri Mar 13 12:04:03 CET 2026
#@# pial area lh Fri Mar 13 12:04:03 CET 2026
#@# thickness lh Fri Mar 13 12:04:03 CET 2026
#@# area and vertex vol lh Fri Mar 13 12:04:03 CET 2026
#@# white curv rh Fri Mar 13 12:04:03 CET 2026
#@# white area rh Fri Mar 13 12:04:03 CET 2026
#@# pial curv rh Fri Mar 13 12:04:03 CET 2026
#@# pial area rh Fri Mar 13 12:04:03 CET 2026
#@# thickness rh Fri Mar 13 12:04:03 CET 2026
#@# area and vertex vol rh Fri Mar 13 12:04:03 CET 2026
#@# Cortical ribbon mask Fri Mar 13 12:04:03 CET 2026
recon-all -s sub-v2s5x29556_ses-1 finished without error at Fri Mar 13 12:33:42 CET 2026



#New# invocation of recon-all 



status file for recon-all
Fri Mar 13 12:48:57 CET 2026
#@# white curv lh Fri Mar 13 12:48:57 CET 2026
#@# white area lh Fri Mar 13 12:48:57 CET 2026
#@# pial curv lh Fri Mar 13 12:48:57 CET 2026
#@# pial area lh Fri Mar 13 12:48:57 CET 2026
#@# thickness lh Fri Mar 13 12:48:57 CET 2026
#@# area and vertex vol lh Fri Mar 13 12:48:57 CET 2026
#@# white curv rh Fri Mar 13 12:48:57 CET 2026
#@# white area rh Fri Mar 13 12:48:57 CET 2026
#@# pial curv rh Fri Mar 13 12:48:57 CET 2026
#@# pial area rh Fri Mar 13 12:48:57 CET 2026
#@# thickness rh Fri Mar 13 12:48:57 CET 2026
#@# area and vertex vol rh Fri Mar 13 12:48:57 CET 2026
#@# Curvature Stats lh Fri Mar 13 12:48:57 CET 2026
#@# Curvature Stats rh Fri Mar 13 12:49:02 CET 2026
#@# Relabel Hypointensities Fri Mar 13 12:49:07 CET 2026
#@# APas-to-ASeg Fri Mar 13 12:49:49 CET 2026
#@# AParc-to-ASeg aparc Fri Mar 13 12:50:08 CET 2026
#@# AParc-to-ASeg aparc.a2009s Fri Mar 13 12:52:18 CET 2026
#@# AParc-to-ASeg aparc.DKTatlas Fri Mar 13 12:54:45 CET 2026
#@# WMParc Fri Mar 13 12:57:07 CET 2026
#@# ASeg Stats Fri Mar 13 13:03:40 CET 2026
recon-all -s sub-v2s5x29556_ses-1 finished without error at Fri Mar 13 13:04:41 CET 2026
