status file for recon-all
Fri Mar 13 10:29:16 CET 2026
#@# Tessellate lh Fri Mar 13 10:29:16 CET 2026
#@# Smooth1 lh Fri Mar 13 10:29:24 CET 2026
#@# Inflation1 lh Fri Mar 13 10:29:29 CET 2026
#@# QSphere lh Fri Mar 13 10:32:02 CET 2026
#@# Fix Topology lh Fri Mar 13 10:34:00 CET 2026
#@# Smooth2 lh Fri Mar 13 10:44:27 CET 2026
#@# Inflation2 lh Fri Mar 13 10:44:33 CET 2026
#@# Curv .H and .K lh Fri Mar 13 10:45:09 CET 2026
#@# Sphere lh Fri Mar 13 10:46:58 CET 2026
#@# Surf Reg lh Fri Mar 13 10:51:43 CET 2026
#@# Jacobian white lh Fri Mar 13 10:59:59 CET 2026
#@# AvgCurv lh Fri Mar 13 11:00:01 CET 2026
#@# Cortical Parc lh Fri Mar 13 11:00:02 CET 2026
#@# white curv lh Fri Mar 13 11:11:13 CET 2026
#@# white area lh Fri Mar 13 11:11:17 CET 2026
#@# pial curv lh Fri Mar 13 11:11:18 CET 2026
#@# pial area lh Fri Mar 13 11:11:22 CET 2026
#@# thickness lh Fri Mar 13 11:11:24 CET 2026
#@# area and vertex vol lh Fri Mar 13 11:12:36 CET 2026
#@# Curvature Stats lh Fri Mar 13 11:12:39 CET 2026
#@# Cortical Parc 2 lh Fri Mar 13 11:12:44 CET 2026
#@# Cortical Parc 3 lh Fri Mar 13 11:13:11 CET 2026
#@# WM/GM Contrast lh Fri Mar 13 11:13:31 CET 2026
recon-all -s sub-v2s5x29556_ses-1 finished without error at Fri Mar 13 11:13:41 CET 2026



#New# invocation of recon-all 



status file for recon-all
Fri Mar 13 12:33:46 CET 2026
#@# white curv lh Fri Mar 13 12:33:46 CET 2026
#@# white area lh Fri Mar 13 12:33:46 CET 2026
#@# pial curv lh Fri Mar 13 12:33:46 CET 2026
#@# pial area lh Fri Mar 13 12:33:46 CET 2026
#@# thickness lh Fri Mar 13 12:33:46 CET 2026
#@# area and vertex vol lh Fri Mar 13 12:33:46 CET 2026
#@# Parcellation Stats lh Fri Mar 13 12:33:46 CET 2026
#@# Parcellation Stats 2 lh Fri Mar 13 12:34:52 CET 2026
#@# Parcellation Stats 3 lh Fri Mar 13 12:35:26 CET 2026
#@# BA_exvivo Labels lh Fri Mar 13 12:35:59 CET 2026
recon-all -s sub-v2s5x29556_ses-1 finished without error at Fri Mar 13 12:41:07 CET 2026
