status file for recon-all
Fri Mar 13 11:13:42 CET 2026
#@# Tessellate rh Fri Mar 13 11:13:42 CET 2026
#@# Smooth1 rh Fri Mar 13 11:13:51 CET 2026
#@# Inflation1 rh Fri Mar 13 11:13:56 CET 2026
#@# QSphere rh Fri Mar 13 11:16:31 CET 2026
#@# Fix Topology rh Fri Mar 13 11:18:23 CET 2026
#@# Smooth2 rh Fri Mar 13 11:28:37 CET 2026
#@# Inflation2 rh Fri Mar 13 11:28:43 CET 2026
#@# Curv .H and .K rh Fri Mar 13 11:29:31 CET 2026
#@# Sphere rh Fri Mar 13 11:31:14 CET 2026
#@# Surf Reg rh Fri Mar 13 11:38:55 CET 2026
#@# Jacobian white rh Fri Mar 13 11:49:10 CET 2026
#@# AvgCurv rh Fri Mar 13 11:49:12 CET 2026
#@# Cortical Parc rh Fri Mar 13 11:49:14 CET 2026
#@# white curv rh Fri Mar 13 12:01:35 CET 2026
#@# white area rh Fri Mar 13 12:01:39 CET 2026
#@# pial curv rh Fri Mar 13 12:01:40 CET 2026
#@# pial area rh Fri Mar 13 12:01:44 CET 2026
#@# thickness rh Fri Mar 13 12:01:45 CET 2026
#@# area and vertex vol rh Fri Mar 13 12:02:51 CET 2026
#@# Curvature Stats rh Fri Mar 13 12:02:54 CET 2026
#@# Cortical Parc 2 rh Fri Mar 13 12:02:59 CET 2026
#@# Cortical Parc 3 rh Fri Mar 13 12:03:27 CET 2026
#@# WM/GM Contrast rh Fri Mar 13 12:03:49 CET 2026
recon-all -s sub-v2s5x29556_ses-1 finished without error at Fri Mar 13 12:03:59 CET 2026



#New# invocation of recon-all 



status file for recon-all
Fri Mar 13 12:41:11 CET 2026
#@# white curv rh Fri Mar 13 12:41:11 CET 2026
#@# white area rh Fri Mar 13 12:41:11 CET 2026
#@# pial curv rh Fri Mar 13 12:41:11 CET 2026
#@# pial area rh Fri Mar 13 12:41:11 CET 2026
#@# thickness rh Fri Mar 13 12:41:11 CET 2026
#@# area and vertex vol rh Fri Mar 13 12:41:11 CET 2026
#@# Parcellation Stats rh Fri Mar 13 12:41:11 CET 2026
#@# Parcellation Stats 2 rh Fri Mar 13 12:42:22 CET 2026
#@# Parcellation Stats 3 rh Fri Mar 13 12:42:58 CET 2026
#@# BA_exvivo Labels rh Fri Mar 13 12:43:34 CET 2026
recon-all -s sub-v2s5x29556_ses-1 finished without error at Fri Mar 13 12:48:53 CET 2026
