status file for recon-all
Fri Mar 13 07:21:49 CET 2026
#@# MotionCor Fri Mar 13 07:21:52 CET 2026
#@# Talairach Fri Mar 13 07:22:02 CET 2026
#@# Talairach Failure Detection Fri Mar 13 07:27:24 CET 2026
#@# Nu Intensity Correction Fri Mar 13 07:27:24 CET 2026
#@# Intensity Normalization Fri Mar 13 07:32:44 CET 2026
recon-all -s sub-v2s5x29555_ses-1 finished without error at Fri Mar 13 07:36:18 CET 2026



#New# invocation of recon-all 



status file for recon-all
Fri Mar 13 07:44:36 CET 2026
#@# EM Registration Fri Mar 13 07:44:36 CET 2026
recon-all -s sub-v2s5x29555_ses-1 finished without error at Fri Mar 13 07:47:11 CET 2026



#New# invocation of recon-all 



status file for recon-all
Fri Mar 13 07:47:13 CET 2026
#@# CA Normalize Fri Mar 13 07:47:13 CET 2026
#@# CA Reg Fri Mar 13 07:48:36 CET 2026
#@# SubCort Seg Fri Mar 13 08:28:11 CET 2026
#@# CC Seg Fri Mar 13 09:24:25 CET 2026
#@# Merge ASeg Fri Mar 13 09:25:00 CET 2026
#@# Intensity Normalization2 Fri Mar 13 09:25:00 CET 2026
#@# Mask BFS Fri Mar 13 09:29:01 CET 2026
#@# WM Segmentation Fri Mar 13 09:29:02 CET 2026
#@# Fill Fri Mar 13 09:33:28 CET 2026
recon-all -s sub-v2s5x29555_ses-1 finished without error at Fri Mar 13 09:34:40 CET 2026



#New# invocation of recon-all 



status file for recon-all
Fri Mar 13 10:44:45 CET 2026
#@# white curv lh Fri Mar 13 10:44:45 CET 2026
#@# white area lh Fri Mar 13 10:44:45 CET 2026
#@# pial curv lh Fri Mar 13 10:44:45 CET 2026
#@# pial area lh Fri Mar 13 10:44:45 CET 2026
#@# thickness lh Fri Mar 13 10:44:45 CET 2026
#@# area and vertex vol lh Fri Mar 13 10:44:45 CET 2026
#@# white curv rh Fri Mar 13 10:44:45 CET 2026
#@# white area rh Fri Mar 13 10:44:45 CET 2026
#@# pial curv rh Fri Mar 13 10:44:45 CET 2026
#@# pial area rh Fri Mar 13 10:44:45 CET 2026
#@# thickness rh Fri Mar 13 10:44:45 CET 2026
#@# area and vertex vol rh Fri Mar 13 10:44:46 CET 2026
#@# Cortical ribbon mask Fri Mar 13 10:44:46 CET 2026
recon-all -s sub-v2s5x29555_ses-1 finished without error at Fri Mar 13 10:55:14 CET 2026



#New# invocation of recon-all 



status file for recon-all
Fri Mar 13 11:05:02 CET 2026
#@# white curv lh Fri Mar 13 11:05:02 CET 2026
#@# white area lh Fri Mar 13 11:05:02 CET 2026
#@# pial curv lh Fri Mar 13 11:05:02 CET 2026
#@# pial area lh Fri Mar 13 11:05:02 CET 2026
#@# thickness lh Fri Mar 13 11:05:02 CET 2026
#@# area and vertex vol lh Fri Mar 13 11:05:02 CET 2026
#@# white curv rh Fri Mar 13 11:05:02 CET 2026
#@# white area rh Fri Mar 13 11:05:02 CET 2026
#@# pial curv rh Fri Mar 13 11:05:02 CET 2026
#@# pial area rh Fri Mar 13 11:05:02 CET 2026
#@# thickness rh Fri Mar 13 11:05:02 CET 2026
#@# area and vertex vol rh Fri Mar 13 11:05:02 CET 2026
#@# Curvature Stats lh Fri Mar 13 11:05:02 CET 2026
#@# Curvature Stats rh Fri Mar 13 11:05:06 CET 2026
#@# Relabel Hypointensities Fri Mar 13 11:05:09 CET 2026
#@# APas-to-ASeg Fri Mar 13 11:05:36 CET 2026
#@# AParc-to-ASeg aparc Fri Mar 13 11:05:48 CET 2026
#@# AParc-to-ASeg aparc.a2009s Fri Mar 13 11:07:27 CET 2026
#@# AParc-to-ASeg aparc.DKTatlas Fri Mar 13 11:08:50 CET 2026
#@# WMParc Fri Mar 13 11:10:07 CET 2026
#@# ASeg Stats Fri Mar 13 11:13:43 CET 2026
recon-all -s sub-v2s5x29555_ses-1 finished without error at Fri Mar 13 11:14:22 CET 2026
