status file for recon-all
Fri Mar 13 09:34:45 CET 2026
#@# Tessellate lh Fri Mar 13 09:34:45 CET 2026
#@# Smooth1 lh Fri Mar 13 09:34:51 CET 2026
#@# Inflation1 lh Fri Mar 13 09:34:55 CET 2026
#@# QSphere lh Fri Mar 13 09:37:05 CET 2026
#@# Fix Topology lh Fri Mar 13 09:38:39 CET 2026
#@# Smooth2 lh Fri Mar 13 09:46:10 CET 2026
#@# Inflation2 lh Fri Mar 13 09:46:14 CET 2026
#@# Curv .H and .K lh Fri Mar 13 09:46:50 CET 2026
#@# Sphere lh Fri Mar 13 09:48:12 CET 2026
#@# Surf Reg lh Fri Mar 13 09:52:19 CET 2026
#@# Jacobian white lh Fri Mar 13 09:58:22 CET 2026
#@# AvgCurv lh Fri Mar 13 09:58:23 CET 2026
#@# Cortical Parc lh Fri Mar 13 09:58:24 CET 2026
#@# white curv lh Fri Mar 13 10:06:56 CET 2026
#@# white area lh Fri Mar 13 10:06:58 CET 2026
#@# pial curv lh Fri Mar 13 10:06:59 CET 2026
#@# pial area lh Fri Mar 13 10:07:02 CET 2026
#@# thickness lh Fri Mar 13 10:07:03 CET 2026
#@# area and vertex vol lh Fri Mar 13 10:07:39 CET 2026
#@# Curvature Stats lh Fri Mar 13 10:07:42 CET 2026
#@# Cortical Parc 2 lh Fri Mar 13 10:07:44 CET 2026
#@# Cortical Parc 3 lh Fri Mar 13 10:08:01 CET 2026
#@# WM/GM Contrast lh Fri Mar 13 10:08:12 CET 2026
recon-all -s sub-v2s5x29555_ses-1 finished without error at Fri Mar 13 10:08:17 CET 2026



#New# invocation of recon-all 



status file for recon-all
Fri Mar 13 10:55:19 CET 2026
#@# white curv lh Fri Mar 13 10:55:20 CET 2026
#@# white area lh Fri Mar 13 10:55:20 CET 2026
#@# pial curv lh Fri Mar 13 10:55:20 CET 2026
#@# pial area lh Fri Mar 13 10:55:20 CET 2026
#@# thickness lh Fri Mar 13 10:55:20 CET 2026
#@# area and vertex vol lh Fri Mar 13 10:55:20 CET 2026
#@# Parcellation Stats lh Fri Mar 13 10:55:20 CET 2026
#@# Parcellation Stats 2 lh Fri Mar 13 10:55:56 CET 2026
#@# Parcellation Stats 3 lh Fri Mar 13 10:56:16 CET 2026
#@# BA_exvivo Labels lh Fri Mar 13 10:56:42 CET 2026
recon-all -s sub-v2s5x29555_ses-1 finished without error at Fri Mar 13 11:00:15 CET 2026
