/out/sourcedata/freesurfer/sub-v2s5x29573_ses-1/mri
/opt/freesurfer/bin/talairach_avi
--i orig_nu.mgz --xfm transforms/talairach.auto.xfm
talairach_avi 7.3.2
Linux dna038 5.14.0-427.37.1.el9_4.x86_64 #1 SMP PREEMPT_DYNAMIC Fri Sep 13 12:41:50 EDT 2024 x86_64 x86_64 x86_64 GNU/Linux
Fri Mar 13 08:11:10 CET 2026
mri_convert orig_nu.mgz talsrcimg.img 
reading from orig_nu.mgz...
TR=0.00, TE=0.00, TI=0.00, flip angle=0.00
i_ras = (-1, 0, 0)
j_ras = (0, 0, -1)
k_ras = (0, 1, 0)
writing to talsrcimg.img...
Analyze Output Matrix
-0.70000   0.00000   0.00000   111.11490;
 0.00000   0.00000   0.70000  -88.42000;
 0.00000  -0.70000   0.00000   107.17400;
 0.00000   0.00000   0.00000   1.00000;
--------------------
INFO: set hdr.hist.orient to -1
mpr2mni305 talsrcimg
Fri Mar 13 08:11:11 CET 2026
/opt/freesurfer/bin/mpr2mni305 talsrcimg
mpr2mni305 7.3.2
target=711-2C_as_mni_average_305

---------------------------------------------------------------------
analyzeto4dfp talsrcimg -O0 -y
---------------------------------------------------------------------

freesurfer ifh2hdr.c
Fri Mar 13 08:11:11 2026
Writing: talsrcimg.4dfp.hdr
freesurfer analyzeto4dfp.c
Reading: talsrcimg.hdr
header size 348 bytes
hdr.dime.datatype	offset=70	value=2
hdr.dime.bitpix		offset=72	value=8
hdr.hist.orient		offset=252	value=-1
dimensionality     4
dimensions       320       320       320         1
Reading: talsrcimg.img
Writing: talsrcimg.4dfp.img
Writing: talsrcimg.4dfp.ifh
ifh2hdr talsrcimg -r0to217
ori=2

---------------------------------------------------------------------
gauss_4dfp talsrcimg 1.1
---------------------------------------------------------------------

freesurfer gauss_4dfp.c
Reading: talsrcimg.4dfp.img
Writing: talsrcimg_g11.4dfp.img
image dimensions 320 320 320 padded to 384 384 384
processing volume 1freesurfer ifh2hdr.c
Fri Mar 13 08:11:27 2026
Writing: talsrcimg_g11.4dfp.hdr

Writing: talsrcimg_g11.4dfp.ifh
including: talsrcimg.4dfp.img.rec in talsrcimg_g11.4dfp.img.rec

---------------------------------------------------------------------
imgreg_4dfp /opt/freesurfer/average/711-2C_as_mni_average_305 none talsrcimg_g11 none talsrcimg_to_711-2C_as_mni_average_305_t4 4355
---------------------------------------------------------------------

freesurfer imgreg_4dfp.c
/opt/freesurfer/average/711-2C_as_mni_average_305.4dfp.img
       256       256       256         1
  1.000000  1.000000  1.000000
orientation T byte_order littleendian
Reading image: /opt/freesurfer/average/711-2C_as_mni_average_305.4dfp.img
dimensions:      256       256       256
mmppix:       1.0000   -1.0000   -1.0000
center:     128.0000 -129.0000 -129.0000
talsrcimg_g11.4dfp.img
       320       320       320         1
  0.700000  0.700000  0.700000
orientation T byte_order littleendian
Reading image: talsrcimg_g11.4dfp.img
dimensions:      320       320       320
mmppix:       0.7000   -0.7000   -0.7000
center:     112.0000 -112.7000 -112.7000
t4_read: open error in t4_sub.f l:  41 t4_file(1:l)talsrcimg_to_711-2C_as_mni_average_305_t4 
t4_read: transform initialized to I4
rotation matrix determinant  1.000000
image alignment mode   4355 decimal     1103 hex
   -7.5000  -45.0000  -45.0000 4436.7788   23.6732
    0.0000  -45.0000  -45.0000 4678.0347   23.6794
    7.5000  -45.0000  -45.0000 4448.7314   23.6397
   -7.5000  -37.5000  -45.0000 4791.5903   23.6866
    0.0000  -37.5000  -45.0000 5046.4673   23.6849
    7.5000  -37.5000  -45.0000 4779.9629   23.6305
   -7.5000  -30.0000  -45.0000 5193.4644   23.1781
    0.0000  -30.0000  -45.0000 5469.5796   23.1726
    7.5000  -30.0000  -45.0000 5174.0386   23.1201
   -7.5000  -22.5000  -45.0000 5481.8848   22.1904
    0.0000  -22.5000  -45.0000 5786.3091   22.1912
    7.5000  -22.5000  -45.0000 5487.5479   22.1551
   -7.5000  -15.0000  -45.0000 6036.6274   21.4220
    0.0000  -15.0000  -45.0000 6372.9282   21.4384
    7.5000  -15.0000  -45.0000 6050.9575   21.4278
   -7.5000   -7.5000  -45.0000 6583.9800   20.8709
    0.0000   -7.5000  -45.0000 6929.2769   20.8866
    7.5000   -7.5000  -45.0000 6585.8120   20.8751
   -7.5000    0.0000  -45.0000 7186.7681   20.7241
    0.0000    0.0000  -45.0000 7553.1870   20.7357
    7.5000    0.0000  -45.0000 7177.1484   20.7127
   -7.5000    7.5000  -45.0000 7167.2305   20.7659
    0.0000    7.5000  -45.0000 7522.6436   20.7675
    7.5000    7.5000  -45.0000 7138.0479   20.7286
   -7.5000   15.0000  -45.0000 7117.7427   20.5281
    0.0000   15.0000  -45.0000 7458.4370   20.5229
    7.5000   15.0000  -45.0000 7078.7222   20.4783
   -7.5000   22.5000  -45.0000 7004.3491   19.9929
    0.0000   22.5000  -45.0000 7361.8804   19.9967
    7.5000   22.5000  -45.0000 6981.5083   19.9697
   -7.5000   30.0000  -45.0000 7010.1089   19.9329
    0.0000   30.0000  -45.0000 7379.6699   19.9475
    7.5000   30.0000  -45.0000 6985.9287   19.9372
   -7.5000   37.5000  -45.0000 6790.9536   19.2572
    0.0000   37.5000  -45.0000 7150.1118   19.2722
    7.5000   37.5000  -45.0000 6745.2031   19.2615
   -7.5000   45.0000  -45.0000 6461.4346   18.5509
    0.0000   45.0000  -45.0000 6810.1113   18.5612
    7.5000   45.0000  -45.0000 6411.7363   18.5406
   -7.5000  -45.0000  -37.5000 4676.9058   24.4198
    0.0000  -45.0000  -37.5000 4940.3394   24.4277
    7.5000  -45.0000  -37.5000 4689.8374   24.3849
   -7.5000  -37.5000  -37.5000 5065.9292   24.4178
    0.0000  -37.5000  -37.5000 5340.8784   24.4187
    7.5000  -37.5000  -37.5000 5050.6992   24.3635
   -7.5000  -30.0000  -37.5000 5528.1128   23.8549
    0.0000  -30.0000  -37.5000 5824.2549   23.8575
    7.5000  -30.0000  -37.5000 5512.3965   23.8152
   -7.5000  -22.5000  -37.5000 5858.2104   22.8494
    0.0000  -22.5000  -37.5000 6183.1895   22.8640
    7.5000  -22.5000  -37.5000 5860.4995   22.8406
   -7.5000  -15.0000  -37.5000 6456.7964   22.0831
    0.0000  -15.0000  -37.5000 6809.3521   22.1104
    7.5000  -15.0000  -37.5000 6469.9819   22.1066
   -7.5000   -7.5000  -37.5000 7061.2104   21.5384
    0.0000   -7.5000  -37.5000 7419.6460   21.5607
    7.5000   -7.5000  -37.5000 7062.3550   21.5493
   -7.5000    0.0000  -37.5000 7724.9023   21.3932
    0.0000    0.0000  -37.5000 8105.7593   21.4073
    7.5000    0.0000  -37.5000 7721.3516   21.3819
   -7.5000    7.5000  -37.5000 7711.9800   21.4272
    0.0000    7.5000  -37.5000 8091.5879   21.4319
    7.5000    7.5000  -37.5000 7690.1704   21.3949
   -7.5000   15.0000  -37.5000 7645.2329   21.1698
    0.0000   15.0000  -37.5000 8009.4834   21.1729
    7.5000   15.0000  -37.5000 7619.2109   21.1376
   -7.5000   22.5000  -37.5000 7484.4756   20.6256
    0.0000   22.5000  -37.5000 7856.3428   20.6408
    7.5000   22.5000  -37.5000 7473.8999   20.6247
   -7.5000   30.0000  -37.5000 7494.2695   20.5727
    0.0000   30.0000  -37.5000 7862.5757   20.5974
    7.5000   30.0000  -37.5000 7470.5459   20.5933
   -7.5000   37.5000  -37.5000 7271.5840   19.8900
    0.0000   37.5000  -37.5000 7624.1006   19.9111
    7.5000   37.5000  -37.5000 7223.9360   19.9004
   -7.5000   45.0000  -37.5000 6949.4893   19.1498
    0.0000   45.0000  -37.5000 7285.6562   19.1625
    7.5000   45.0000  -37.5000 6894.2769   19.1397
   -7.5000  -45.0000  -30.0000 4912.6108   25.1297
    0.0000  -45.0000  -30.0000 5206.5225   25.1362
    7.5000  -45.0000  -30.0000 4926.4077   25.0978
   -7.5000  -37.5000  -30.0000 5347.4492   25.1594
    0.0000  -37.5000  -30.0000 5659.8125   25.1629
    7.5000  -37.5000  -30.0000 5337.8032   25.1121
   -7.5000  -30.0000  -30.0000 5871.0483   24.5426
    0.0000  -30.0000  -30.0000 6193.2861   24.5506
    7.5000  -30.0000  -30.0000 5858.9126   24.5158
   -7.5000  -22.5000  -30.0000 6238.5508   23.5148
    0.0000  -22.5000  -30.0000 6568.2017   23.5365
    7.5000  -22.5000  -30.0000 6232.6099   23.5218
   -7.5000  -15.0000  -30.0000 6896.8467   22.7501
    0.0000  -15.0000  -30.0000 7250.9512   22.7803
    7.5000  -15.0000  -30.0000 6891.7900   22.7822
   -7.5000   -7.5000  -30.0000 7564.9595   22.2138
    0.0000   -7.5000  -30.0000 7948.2954   22.2362
    7.5000   -7.5000  -30.0000 7568.6787   22.2272
   -7.5000    0.0000  -30.0000 8281.1191   22.0696
    0.0000    0.0000  -30.0000 8690.0283   22.0824
    7.5000    0.0000  -30.0000 8287.0547   22.0572
   -7.5000    7.5000  -30.0000 8267.2588   22.0915
    0.0000    7.5000  -30.0000 8675.9092   22.0973
    7.5000    7.5000  -30.0000 8258.0557   22.0622
   -7.5000   15.0000  -30.0000 8167.0371   21.8114
    0.0000   15.0000  -30.0000 8564.1045   21.8203
    7.5000   15.0000  -30.0000 8160.8901   21.7911
   -7.5000   22.5000  -30.0000 7992.5317   21.2595
    0.0000   22.5000  -30.0000 8401.3340   21.2806
    7.5000   22.5000  -30.0000 7983.6543   21.2715
   -7.5000   30.0000  -30.0000 8029.0029   21.2163
    0.0000   30.0000  -30.0000 8431.6992   21.2436
    7.5000   30.0000  -30.0000 8005.4644   21.2444
   -7.5000   37.5000  -30.0000 7776.0737   20.5443
    0.0000   37.5000  -30.0000 8155.2788   20.5656
    7.5000   37.5000  -30.0000 7737.7939   20.5572
   -7.5000   45.0000  -30.0000 7435.6191   19.7867
    0.0000   45.0000  -30.0000 7777.5200   19.7982
    7.5000   45.0000  -30.0000 7396.2559   19.7756
   -7.5000  -45.0000  -22.5000 5003.1997   25.2995
    0.0000  -45.0000  -22.5000 5296.4355   25.3109
    7.5000  -45.0000  -22.5000 5027.8843   25.2730
   -7.5000  -37.5000  -22.5000 5447.3975   25.3172
    0.0000  -37.5000  -22.5000 5753.4175   25.3295
    7.5000  -37.5000  -22.5000 5454.2788   25.2770
   -7.5000  -30.0000  -22.5000 5993.2681   24.6903
    0.0000  -30.0000  -22.5000 6309.0493   24.7047
    7.5000  -30.0000  -22.5000 5983.6260   24.6612
   -7.5000  -22.5000  -22.5000 6385.4316   23.6517
    0.0000  -22.5000  -22.5000 6707.5884   23.6756
    7.5000  -22.5000  -22.5000 6371.0029   23.6512
   -7.5000  -15.0000  -22.5000 7095.5752   22.8766
    0.0000  -15.0000  -22.5000 7449.3125   22.9063
    7.5000  -15.0000  -22.5000 7080.3394   22.9017
   -7.5000   -7.5000  -22.5000 7801.1362   22.3326
    0.0000   -7.5000  -22.5000 8205.2080   22.3551
    7.5000   -7.5000  -22.5000 7808.9097   22.3435
   -7.5000    0.0000  -22.5000 8560.1748   22.1861
    0.0000    0.0000  -22.5000 9008.7324   22.2013
    7.5000    0.0000  -22.5000 8591.4541   22.1740
   -7.5000    7.5000  -22.5000 8547.4297   22.2108
    0.0000    7.5000  -22.5000 9004.3428   22.2212
    7.5000    7.5000  -22.5000 8570.7051   22.1810
   -7.5000   15.0000  -22.5000 8441.3359   21.9314
    0.0000   15.0000  -22.5000 8890.0645   21.9455
    7.5000   15.0000  -22.5000 8449.9980   21.9083
   -7.5000   22.5000  -22.5000 8294.1006   21.3763
    0.0000   22.5000  -22.5000 8720.1221   21.3993
    7.5000   22.5000  -22.5000 8281.0957   21.3814
   -7.5000   30.0000  -22.5000 8354.5830   21.3308
    0.0000   30.0000  -22.5000 8795.2246   21.3572
    7.5000   30.0000  -22.5000 8347.4648   21.3518
   -7.5000   37.5000  -22.5000 8083.2959   20.6531
    0.0000   37.5000  -22.5000 8492.4805   20.6744
    7.5000   37.5000  -22.5000 8064.4385   20.6637
   -7.5000   45.0000  -22.5000 7723.1211   19.8912
    0.0000   45.0000  -22.5000 8102.9429   19.9048
    7.5000   45.0000  -22.5000 7720.0820   19.8803
   -7.5000  -45.0000  -15.0000 5261.0898   26.1837
    0.0000  -45.0000  -15.0000 5580.8330   26.2011
    7.5000  -45.0000  -15.0000 5294.3711   26.1651
   -7.5000  -37.5000  -15.0000 5746.6064   26.2171
    0.0000  -37.5000  -15.0000 6072.3389   26.2353
    7.5000  -37.5000  -15.0000 5752.6045   26.1807
   -7.5000  -30.0000  -15.0000 6345.5161   25.5669
    0.0000  -30.0000  -15.0000 6670.0571   25.5808
    7.5000  -30.0000  -15.0000 6327.8389   25.5239
   -7.5000  -22.5000  -15.0000 6775.2856   24.5122
    0.0000  -22.5000  -15.0000 7098.8599   24.5284
    7.5000  -22.5000  -15.0000 6742.1826   24.4885
   -7.5000  -15.0000  -15.0000 7539.3433   23.7028
    0.0000  -15.0000  -15.0000 7893.0479   23.7269
    7.5000  -15.0000  -15.0000 7512.0962   23.7143
   -7.5000   -7.5000  -15.0000 8313.3574   23.1215
    0.0000   -7.5000  -15.0000 8757.5840   23.1429
    7.5000   -7.5000  -15.0000 8312.2627   23.1307
   -7.5000    0.0000  -15.0000 9160.6035   22.9594
    0.0000    0.0000  -15.0000 9672.1064   22.9782
    7.5000    0.0000  -15.0000 9186.9170   22.9523
   -7.5000    7.5000  -15.0000 9177.2930   22.9915
    0.0000    7.5000  -15.0000 9717.7881   23.0054
    7.5000    7.5000  -15.0000 9225.9893   22.9609
   -7.5000   15.0000  -15.0000 9051.0381   22.7262
    0.0000   15.0000  -15.0000 9567.3047   22.7384
    7.5000   15.0000  -15.0000 9084.1973   22.6891
   -7.5000   22.5000  -15.0000 8883.8164   22.1758
    0.0000   22.5000  -15.0000 9364.0986   22.1928
    7.5000   22.5000  -15.0000 8889.6182   22.1618
   -7.5000   30.0000  -15.0000 8963.1904   22.1197
    0.0000   30.0000  -15.0000 9462.1406   22.1410
    7.5000   30.0000  -15.0000 8988.1016   22.1281
   -7.5000   37.5000  -15.0000 8659.2041   21.4153
    0.0000   37.5000  -15.0000 9142.1973   21.4357
    7.5000   37.5000  -15.0000 8679.0693   21.4244
   -7.5000   45.0000  -15.0000 8262.7803   20.6343
    0.0000   45.0000  -15.0000 8719.6533   20.6512
    7.5000   45.0000  -15.0000 8279.5977   20.6279
   -7.5000  -45.0000   -7.5000 5493.8486   26.9376
    0.0000  -45.0000   -7.5000 5805.9741   26.9553
    7.5000  -45.0000   -7.5000 5510.7969   26.9162
   -7.5000  -37.5000   -7.5000 6017.3569   26.9736
    0.0000  -37.5000   -7.5000 6351.7129   26.9876
    7.5000  -37.5000   -7.5000 6006.1143   26.9289
   -7.5000  -30.0000   -7.5000 6642.3872   26.3098
    0.0000  -30.0000   -7.5000 7003.5283   26.3165
    7.5000  -30.0000   -7.5000 6626.9248   26.2525
   -7.5000  -22.5000   -7.5000 7081.4390   25.2437
    0.0000  -22.5000   -7.5000 7468.1646   25.2512
    7.5000  -22.5000   -7.5000 7075.4600   25.2038
   -7.5000  -15.0000   -7.5000 7878.5781   24.4052
    0.0000  -15.0000   -7.5000 8317.9951   24.4262
    7.5000  -15.0000   -7.5000 7880.8833   24.4104
   -7.5000   -7.5000   -7.5000 8722.6914   23.7912
    0.0000   -7.5000   -7.5000 9242.3721   23.8124
    7.5000   -7.5000   -7.5000 8729.5010   23.7998
   -7.5000    0.0000   -7.5000 9683.1904   23.6146
    0.0000    0.0000   -7.500010302.6553   23.6342
    7.5000    0.0000   -7.5000 9691.1943   23.6090
   -7.5000    7.5000   -7.5000 9801.5742   23.6526
    0.0000    7.5000   -7.500010490.9844   23.6643
    7.5000    7.5000   -7.5000 9854.3379   23.6180
   -7.5000   15.0000   -7.5000 9754.4043   23.4025
    0.0000   15.0000   -7.500010429.1592   23.4072
    7.5000   15.0000   -7.5000 9797.8779   23.3517
   -7.5000   22.5000   -7.5000 9564.5215   22.8597
    0.0000   22.5000   -7.500010207.7969   22.8697
    7.5000   22.5000   -7.5000 9586.1816   22.8327
   -7.5000   30.0000   -7.5000 9618.8672   22.7941
    0.0000   30.0000   -7.500010287.4414   22.8127
    7.5000   30.0000   -7.5000 9620.2344   22.7973
   -7.5000   37.5000   -7.5000 9236.5332   22.0693
    0.0000   37.5000   -7.5000 9902.7676   22.0896
    7.5000   37.5000   -7.5000 9223.0645   22.0779
   -7.5000   45.0000   -7.5000 8834.8828   21.2748
    0.0000   45.0000   -7.5000 9433.1592   21.2924
    7.5000   45.0000   -7.5000 8775.1924   21.2698
   -7.5000  -45.0000    0.0000 5632.0337   27.4667
    0.0000  -45.0000    0.0000 5970.4473   27.4801
    7.5000  -45.0000    0.0000 5640.0757   27.4363
   -7.5000  -37.5000    0.0000 6211.5635   27.5059
    0.0000  -37.5000    0.0000 6573.8208   27.5118
    7.5000  -37.5000    0.0000 6210.3511   27.4507
   -7.5000  -30.0000    0.0000 6886.5845   26.8201
    0.0000  -30.0000    0.0000 7271.6616   26.8225
    7.5000  -30.0000    0.0000 6888.3696   26.7640
   -7.5000  -22.5000    0.0000 7355.8232   25.7362
    0.0000  -22.5000    0.0000 7780.7100   25.7452
    7.5000  -22.5000    0.0000 7372.0063   25.7051
   -7.5000  -15.0000    0.0000 8186.0952   24.8835
    0.0000  -15.0000    0.0000 8685.3516   24.9085
    7.5000  -15.0000    0.0000 8204.2021   24.8970
   -7.5000   -7.5000    0.0000 9084.7305   24.2582
    0.0000   -7.5000    0.0000 9655.2773   24.2813
    7.5000   -7.5000    0.0000 9079.8447   24.2690
   -7.5000    0.0000    0.000010133.8818   24.0777
    0.0000    0.0000    0.000010813.2783   24.0959
    7.5000    0.0000    0.000010114.7686   24.0702
   -7.5000    7.5000    0.000010390.5752   24.1150
    0.0000    7.5000    0.000011289.4814   24.1230
    7.5000    7.5000    0.000010369.5010   24.0791
   -7.5000   15.0000    0.000010524.1309   23.8654
    0.0000   15.0000    0.000011709.7529   23.8669
    7.5000   15.0000    0.000010542.8350   23.8168
   -7.5000   22.5000    0.000010348.3428   23.3232
    0.0000   22.5000    0.000011552.2168   23.3346
    7.5000   22.5000    0.000010334.5225   23.3044
   -7.5000   30.0000    0.000010291.2188   23.2561
    0.0000   30.0000    0.000011341.4375   23.2787
    7.5000   30.0000    0.000010217.2178   23.2676
   -7.5000   37.5000    0.0000 9758.7676   22.5296
    0.0000   37.5000    0.000010622.3096   22.5517
    7.5000   37.5000    0.0000 9683.1807   22.5401
   -7.5000   45.0000    0.0000 9266.7158   21.7337
    0.0000   45.0000    0.000010005.4463   21.7502
    7.5000   45.0000    0.0000 9207.0332   21.7269
   -7.5000  -45.0000    7.5000 5434.2827   28.1590
    0.0000  -45.0000    7.5000 5767.0874   28.1666
    7.5000  -45.0000    7.5000 5448.5859   28.1189
   -7.5000  -37.5000    7.5000 6004.1021   28.1707
    0.0000  -37.5000    7.5000 6348.4536   28.1708
    7.5000  -37.5000    7.5000 6010.3076   28.1086
   -7.5000  -30.0000    7.5000 6638.4932   27.4166
    0.0000  -30.0000    7.5000 7018.4136   27.4201
    7.5000  -30.0000    7.5000 6651.3052   27.3730
   -7.5000  -22.5000    7.5000 7082.3545   26.2715
    0.0000  -22.5000    7.5000 7492.3105   26.2895
    7.5000  -22.5000    7.5000 7105.2334   26.2643
   -7.5000  -15.0000    7.5000 7906.9912   25.3972
    0.0000  -15.0000    7.5000 8367.7168   25.4296
    7.5000  -15.0000    7.5000 7913.3218   25.4266
   -7.5000   -7.5000    7.5000 8780.2451   24.7696
    0.0000   -7.5000    7.5000 9305.1562   24.7953
    7.5000   -7.5000    7.5000 8764.7852   24.7833
   -7.5000    0.0000    7.5000 9818.5781   24.5953
    0.0000    0.0000    7.500010444.8086   24.6106
    7.5000    0.0000    7.5000 9779.7490   24.5821
   -7.5000    7.5000    7.500010076.7588   24.6240
    0.0000    7.5000    7.500010918.8193   24.6288
    7.5000    7.5000    7.500010060.5342   24.5872
   -7.5000   15.0000    7.500010167.7305   24.3485
    0.0000   15.0000    7.500011359.8584   24.3526
    7.5000   15.0000    7.500010251.2305   24.3134
   -7.5000   22.5000    7.5000 9971.7129   23.7846
    0.0000   22.5000    7.500011069.8564   23.8033
    7.5000   22.5000    7.500010012.1641   23.7863
   -7.5000   30.0000    7.5000 9889.8447   23.7263
    0.0000   30.0000    7.500010822.6572   23.7558
    7.5000   30.0000    7.5000 9859.1260   23.7524
   -7.5000   37.5000    7.5000 9368.7627   23.0040
    0.0000   37.5000    7.500010146.7559   23.0286
    7.5000   37.5000    7.5000 9299.6973   23.0173
   -7.5000   45.0000    7.5000 8888.4248   22.2009
    0.0000   45.0000    7.5000 9569.5322   22.2148
    7.5000   45.0000    7.5000 8826.9580   22.1891
   -7.5000  -45.0000   15.0000 5187.2114   29.0208
    0.0000  -45.0000   15.0000 5506.5410   29.0275
    7.5000  -45.0000   15.0000 5197.0283   28.9778
   -7.5000  -37.5000   15.0000 5742.9238   28.9863
    0.0000  -37.5000   15.0000 6081.2319   28.9899
    7.5000  -37.5000   15.0000 5757.7607   28.9267
   -7.5000  -30.0000   15.0000 6345.3018   28.1459
    0.0000  -30.0000   15.0000 6702.2988   28.1563
    7.5000  -30.0000   15.0000 6367.4463   28.1130
   -7.5000  -22.5000   15.0000 6793.0186   26.9288
    0.0000  -22.5000   15.0000 7165.5874   26.9564
    7.5000  -22.5000   15.0000 6807.2212   26.9367
   -7.5000  -15.0000   15.0000 7596.7969   26.0274
    0.0000  -15.0000   15.0000 8030.5288   26.0646
    7.5000  -15.0000   15.0000 7592.3647   26.0640
   -7.5000   -7.5000   15.0000 8407.8340   25.3962
    0.0000   -7.5000   15.0000 8890.9717   25.4228
    7.5000   -7.5000   15.0000 8395.3125   25.4089
   -7.5000    0.0000   15.0000 9346.7314   25.2273
    0.0000    0.0000   15.0000 9885.9600   25.2415
    7.5000    0.0000   15.0000 9323.4072   25.2087
   -7.5000    7.5000   15.0000 9490.5391   25.2450
    0.0000    7.5000   15.000010209.8877   25.2511
    7.5000    7.5000   15.0000 9549.2578   25.2077
   -7.5000   15.0000   15.0000 9476.6191   24.9392
    0.0000   15.0000   15.000010278.8779   24.9505
    7.5000   15.0000   15.0000 9607.5605   24.9145
   -7.5000   22.5000   15.0000 9261.5635   24.3506
    0.0000   22.5000   15.0000 9911.4092   24.3771
    7.5000   22.5000   15.0000 9295.4219   24.3645
   -7.5000   30.0000   15.0000 9280.3652   24.3030
    0.0000   30.0000   15.0000 9877.1738   24.3365
    7.5000   30.0000   15.0000 9233.7939   24.3349
   -7.5000   37.5000   15.0000 8900.6299   23.5849
    0.0000   37.5000   15.0000 9489.6982   23.6103
    7.5000   37.5000   15.0000 8832.2412   23.5974
   -7.5000   45.0000   15.0000 8463.6143   22.7714
    0.0000   45.0000   15.0000 9040.3545   22.7842
    7.5000   45.0000   15.0000 8406.0469   22.7547
   -7.5000  -45.0000   22.5000 4903.9971   29.8779
    0.0000  -45.0000   22.5000 5214.0479   29.8871
    7.5000  -45.0000   22.5000 4919.6670   29.8400
   -7.5000  -37.5000   22.5000 5435.3804   29.8365
    0.0000  -37.5000   22.5000 5764.8994   29.8489
    7.5000  -37.5000   22.5000 5448.1040   29.7854
   -7.5000  -30.0000   22.5000 6003.7910   28.9367
    0.0000  -30.0000   22.5000 6350.4146   28.9532
    7.5000  -30.0000   22.5000 6009.2524   28.9006
   -7.5000  -22.5000   22.5000 6423.9321   27.6540
    0.0000  -22.5000   22.5000 6768.1592   27.6817
    7.5000  -22.5000   22.5000 6409.0122   27.6508
   -7.5000  -15.0000   22.5000 7153.1968   26.7031
    0.0000  -15.0000   22.5000 7516.8813   26.7362
    7.5000  -15.0000   22.5000 7145.0742   26.7286
   -7.5000   -7.5000   22.5000 7897.3911   26.0355
    0.0000   -7.5000   22.5000 8268.3408   26.0587
    7.5000   -7.5000   22.5000 7880.7920   26.0429
   -7.5000    0.0000   22.5000 8753.2314   25.8559
    0.0000    0.0000   22.5000 9176.9902   25.8705
    7.5000    0.0000   22.5000 8733.9824   25.8371
   -7.5000    7.5000   22.5000 8847.6484   25.8743
    0.0000    7.5000   22.5000 9397.5762   25.8843
    7.5000    7.5000   22.5000 8905.6445   25.8363
   -7.5000   15.0000   22.5000 8779.2451   25.5621
    0.0000   15.0000   22.5000 9298.7646   25.5781
    7.5000   15.0000   22.5000 8834.9814   25.5332
   -7.5000   22.5000   22.5000 8617.6875   24.9757
    0.0000   22.5000   22.5000 9002.9609   25.0023
    7.5000   22.5000   22.5000 8560.6426   24.9796
   -7.5000   30.0000   22.5000 8716.0869   24.9270
    0.0000   30.0000   22.5000 9148.8789   24.9564
    7.5000   30.0000   22.5000 8630.1328   24.9478
   -7.5000   37.5000   22.5000 8389.4736   24.1989
    0.0000   37.5000   22.5000 8857.9814   24.2212
    7.5000   37.5000   22.5000 8312.8828   24.2066
   -7.5000   45.0000   22.5000 7972.8213   23.3709
    0.0000   45.0000   22.5000 8437.0459   23.3840
    7.5000   45.0000   22.5000 7917.8906   23.3539
   -7.5000  -45.0000   30.0000 4805.0771   31.1907
    0.0000  -45.0000   30.0000 5115.2915   31.2061
    7.5000  -45.0000   30.0000 4830.6250   31.1686
   -7.5000  -37.5000   30.0000 5328.6343   31.1173
    0.0000  -37.5000   30.0000 5654.5151   31.1365
    7.5000  -37.5000   30.0000 5338.5269   31.0769
   -7.5000  -30.0000   30.0000 5899.9810   30.1920
    0.0000  -30.0000   30.0000 6221.7080   30.2070
    7.5000  -30.0000   30.0000 5890.8711   30.1438
   -7.5000  -22.5000   30.0000 6298.2798   28.8346
    0.0000  -22.5000   30.0000 6603.3403   28.8510
    7.5000  -22.5000   30.0000 6279.9238   28.8065
   -7.5000  -15.0000   30.0000 6995.0825   27.7916
    0.0000  -15.0000   30.0000 7322.9731   27.8158
    7.5000  -15.0000   30.0000 7003.6724   27.8038
   -7.5000   -7.5000   30.0000 7695.8037   27.0539
    0.0000   -7.5000   30.0000 8059.6533   27.0741
    7.5000   -7.5000   30.0000 7720.0996   27.0628
   -7.5000    0.0000   30.0000 8523.2998   26.8589
    0.0000    0.0000   30.0000 8959.5137   26.8771
    7.5000    0.0000   30.0000 8541.4668   26.8506
   -7.5000    7.5000   30.0000 8571.7031   26.8932
    0.0000    7.5000   30.0000 9061.9209   26.9069
    7.5000    7.5000   30.0000 8641.1133   26.8587
   -7.5000   15.0000   30.0000 8502.7227   26.5875
    0.0000   15.0000   30.0000 8895.6855   26.6003
    7.5000   15.0000   30.0000 8493.5498   26.5457
   -7.5000   22.5000   30.0000 8364.0469   25.9817
    0.0000   22.5000   30.0000 8707.9678   25.9994
    7.5000   22.5000   30.0000 8286.7422   25.9656
   -7.5000   30.0000   30.0000 8508.4336   25.9164
    0.0000   30.0000   30.0000 8890.8213   25.9373
    7.5000   30.0000   30.0000 8433.7285   25.9246
   -7.5000   37.5000   30.0000 8199.0107   25.1413
    0.0000   37.5000   30.0000 8588.1816   25.1610
    7.5000   37.5000   30.0000 8133.9150   25.1505
   -7.5000   45.0000   30.0000 7798.6060   24.2774
    0.0000   45.0000   30.0000 8183.8677   24.2939
    7.5000   45.0000   30.0000 7742.0400   24.2699
   -7.5000  -45.0000   37.5000 4531.0366   32.0259
    0.0000  -45.0000   37.5000 4814.9302   32.0566
    7.5000  -45.0000   37.5000 4549.0146   32.0002
   -7.5000  -37.5000   37.5000 5015.4956   31.9194
    0.0000  -37.5000   37.5000 5313.0181   31.9456
    7.5000  -37.5000   37.5000 5013.3149   31.8667
   -7.5000  -30.0000   37.5000 5556.0698   30.9532
    0.0000  -30.0000   37.5000 5844.8237   30.9706
    7.5000  -30.0000   37.5000 5542.7979   30.8871
   -7.5000  -22.5000   37.5000 5938.4429   29.5867
    0.0000  -22.5000   37.5000 6231.0474   29.6044
    7.5000  -22.5000   37.5000 5933.4092   29.5410
   -7.5000  -15.0000   37.5000 6577.7588   28.4896
    0.0000  -15.0000   37.5000 6908.7793   28.5231
    7.5000  -15.0000   37.5000 6608.2261   28.4991
   -7.5000   -7.5000   37.5000 7227.1050   27.6940
    0.0000   -7.5000   37.5000 7591.1328   27.7258
    7.5000   -7.5000   37.5000 7256.7061   27.7051
   -7.5000    0.0000   37.5000 7987.0654   27.4723
    0.0000    0.0000   37.5000 8397.1875   27.5013
    7.5000    0.0000   37.5000 8021.8257   27.4662
   -7.5000    7.5000   37.5000 7996.3662   27.4996
    0.0000    7.5000   37.5000 8410.7754   27.5193
    7.5000    7.5000   37.5000 8032.3623   27.4594
   -7.5000   15.0000   37.5000 7920.7065   27.1919
    0.0000   15.0000   37.5000 8263.5957   27.2041
    7.5000   15.0000   37.5000 7885.7876   27.1331
   -7.5000   22.5000   37.5000 7799.8394   26.5929
    0.0000   22.5000   37.5000 8136.2739   26.6123
    7.5000   22.5000   37.5000 7731.2114   26.5636
   -7.5000   30.0000   37.5000 7920.0366   26.5314
    0.0000   30.0000   37.5000 8292.2061   26.5608
    7.5000   30.0000   37.5000 7873.0996   26.5376
   -7.5000   37.5000   37.5000 7631.9966   25.7306
    0.0000   37.5000   37.5000 8001.0483   25.7608
    7.5000   37.5000   37.5000 7596.3306   25.7418
   -7.5000   45.0000   37.5000 7266.6680   24.8288
    0.0000   45.0000   37.5000 7610.7036   24.8551
    7.5000   45.0000   37.5000 7223.5806   24.8234
   -7.5000  -45.0000   45.0000 4252.5234   32.8538
    0.0000  -45.0000   45.0000 4518.1426   32.8804
    7.5000  -45.0000   45.0000 4259.0874   32.8110
   -7.5000  -37.5000   45.0000 4680.5942   32.7358
    0.0000  -37.5000   45.0000 4956.2056   32.7520
    7.5000  -37.5000   45.0000 4679.7598   32.6563
   -7.5000  -30.0000   45.0000 5191.2432   31.6938
    0.0000  -30.0000   45.0000 5472.4380   31.7065
    7.5000  -30.0000   45.0000 5178.5527   31.6234
   -7.5000  -22.5000   45.0000 5559.4463   30.2745
    0.0000  -22.5000   45.0000 5856.8960   30.2988
    7.5000  -22.5000   45.0000 5560.8784   30.2462
   -7.5000  -15.0000   45.0000 6163.8501   29.1554
    0.0000  -15.0000   45.0000 6492.2109   29.2009
    7.5000  -15.0000   45.0000 6184.4043   29.1861
   -7.5000   -7.5000   45.0000 6780.9053   28.3223
    0.0000   -7.5000   45.0000 7129.2817   28.3610
    7.5000   -7.5000   45.0000 6788.6504   28.3393
   -7.5000    0.0000   45.0000 7459.3828   28.1032
    0.0000    0.0000   45.0000 7843.5840   28.1319
    7.5000    0.0000   45.0000 7488.5811   28.0886
   -7.5000    7.5000   45.0000 7460.1787   28.1298
    0.0000    7.5000   45.0000 7818.3018   28.1441
    7.5000    7.5000   45.0000 7454.4536   28.0779
   -7.5000   15.0000   45.0000 7362.4487   27.7959
    0.0000   15.0000   45.0000 7679.5210   27.8046
    7.5000   15.0000   45.0000 7319.7080   27.7359
   -7.5000   22.5000   45.0000 7220.1367   27.1702
    0.0000   22.5000   45.0000 7547.4526   27.1955
    7.5000   22.5000   45.0000 7177.9438   27.1573
   -7.5000   30.0000   45.0000 7327.6782   27.1071
    0.0000   30.0000   45.0000 7671.9932   27.1476
    7.5000   30.0000   45.0000 7293.1411   27.1334
   -7.5000   37.5000   45.0000 7071.0532   26.3001
    0.0000   37.5000   45.0000 7412.5366   26.3368
    7.5000   37.5000   45.0000 7035.4375   26.3167
   -7.5000   45.0000   45.0000 6739.8369   25.3830
    0.0000   45.0000   45.0000 7070.1665   25.4089
    7.5000   45.0000   45.0000 6696.4775   25.3698

---------------------------------------------------------------------
imgreg_4dfp /opt/freesurfer/average/711-2C_as_mni_average_305 /opt/freesurfer/average/711-2B_as_mni_average_305_mask talsrcimg_g11 none talsrcimg_to_711-2C_as_mni_average_305_t4 4355
---------------------------------------------------------------------

freesurfer imgreg_4dfp.c
/opt/freesurfer/average/711-2C_as_mni_average_305.4dfp.img
       256       256       256         1
  1.000000  1.000000  1.000000
orientation T byte_order littleendian
Reading image: /opt/freesurfer/average/711-2C_as_mni_average_305.4dfp.img
dimensions:      256       256       256
mmppix:       1.0000   -1.0000   -1.0000
center:     128.0000 -129.0000 -129.0000
/opt/freesurfer/average/711-2B_as_mni_average_305_mask.4dfp.img
       256       256       256         1
  1.000000  1.000000  1.000000
orientation T byte_order littleendian
Reading mask: /opt/freesurfer/average/711-2B_as_mni_average_305_mask.4dfp.img (2306576 pixels)
talsrcimg_g11.4dfp.img
       320       320       320         1
  0.700000  0.700000  0.700000
orientation T byte_order littleendian
Reading image: talsrcimg_g11.4dfp.img
dimensions:      320       320       320
mmppix:       0.7000   -0.7000   -0.7000
center:     112.0000 -112.7000 -112.7000
rotation matrix determinant  1.000000
image alignment mode   4355 decimal     1103 hex
   -7.5000  -30.0000  -45.0000 2001.2249   29.6592
    0.0000  -30.0000  -45.0000 2013.2089   29.7448
    7.5000  -30.0000  -45.0000 1998.8613   29.6961
   -7.5000  -22.5000  -45.0000 2110.9951   26.9121
    0.0000  -22.5000  -45.0000 2125.6008   26.9546
    7.5000  -22.5000  -45.0000 2113.1323   27.0129
   -7.5000  -15.0000  -45.0000 2201.9360   24.7571
    0.0000  -15.0000  -45.0000 2217.3123   24.8182
    7.5000  -15.0000  -45.0000 2200.7405   24.9104
   -7.5000   -7.5000  -45.0000 2259.6150   23.1709
    0.0000   -7.5000  -45.0000 2275.6145   23.1956
    7.5000   -7.5000  -45.0000 2257.9675   23.2883
   -7.5000    0.0000  -45.0000 2295.5874   21.9970
    0.0000    0.0000  -45.0000 2310.4055   21.9135
    7.5000    0.0000  -45.0000 2293.7234   22.0897
   -7.5000    7.5000  -45.0000 2312.0378   21.2425
    0.0000    7.5000  -45.0000 2322.8521   21.1112
    7.5000    7.5000  -45.0000 2307.5591   21.3219
   -7.5000   15.0000  -45.0000 2318.3618   20.8190
    0.0000   15.0000  -45.0000 2326.8596   20.6701
    7.5000   15.0000  -45.0000 2309.5647   20.8566
   -7.5000   22.5000  -45.0000 2316.2058   20.6624
    0.0000   22.5000  -45.0000 2324.3494   20.4627
    7.5000   22.5000  -45.0000 2307.3025   20.6497
   -7.5000   30.0000  -45.0000 2292.9092   20.8457
    0.0000   30.0000  -45.0000 2307.8447   20.7271
    7.5000   30.0000  -45.0000 2288.3203   20.9115
   -7.5000   37.5000  -45.0000 2241.6970   21.2506
    0.0000   37.5000  -45.0000 2257.1633   21.1223
    7.5000   37.5000  -45.0000 2237.0837   21.3291
   -7.5000   45.0000  -45.0000 2141.3127   21.6970
    0.0000   45.0000  -45.0000 2161.4150   21.6037
    7.5000   45.0000  -45.0000 2139.4456   21.8035
   -7.5000   52.5000  -45.0000 2013.8726   22.0450
    0.0000   52.5000  -45.0000 2034.8711   22.0030
    7.5000   52.5000  -45.0000 2010.2179   22.1528
   -7.5000   60.0000  -45.0000 1863.6238   22.4072
    0.0000   60.0000  -45.0000 1885.1123   22.3555
    7.5000   60.0000  -45.0000 1862.6360   22.4678
   -7.5000  -30.0000  -37.5000 2127.0813   29.9160
    0.0000  -30.0000  -37.5000 2143.2449   29.9340
    7.5000  -30.0000  -37.5000 2128.4678   29.9937
   -7.5000  -22.5000  -37.5000 2248.8655   27.0833
    0.0000  -22.5000  -37.5000 2267.8049   27.0111
    7.5000  -22.5000  -37.5000 2252.0344   27.1882
   -7.5000  -15.0000  -37.5000 2344.9827   24.8564
    0.0000  -15.0000  -37.5000 2367.2517   24.8135
    7.5000  -15.0000  -37.5000 2350.8606   24.9908
   -7.5000   -7.5000  -37.5000 2412.6416   23.2223
    0.0000   -7.5000  -37.5000 2431.8350   23.1425
    7.5000   -7.5000  -37.5000 2415.7449   23.3392
   -7.5000    0.0000  -37.5000 2457.3203   21.9718
    0.0000    0.0000  -37.5000 2473.7615   21.8038
    7.5000    0.0000  -37.5000 2460.2207   22.0116
   -7.5000    7.5000  -37.5000 2484.1123   21.0495
    0.0000    7.5000  -37.5000 2496.2871   20.8566
    7.5000    7.5000  -37.5000 2484.6326   21.0936
   -7.5000   15.0000  -37.5000 2490.5312   20.5534
    0.0000   15.0000  -37.5000 2497.3936   20.3750
    7.5000   15.0000  -37.5000 2485.8735   20.6304
   -7.5000   22.5000  -37.5000 2483.4075   20.2725
    0.0000   22.5000  -37.5000 2490.5164   20.1008
    7.5000   22.5000  -37.5000 2474.0938   20.3493
   -7.5000   30.0000  -37.5000 2461.7393   20.4445
    0.0000   30.0000  -37.5000 2478.7432   20.2962
    7.5000   30.0000  -37.5000 2462.1184   20.5607
   -7.5000   37.5000  -37.5000 2410.8938   20.8751
    0.0000   37.5000  -37.5000 2422.8621   20.6626
    7.5000   37.5000  -37.5000 2411.8264   20.9705
   -7.5000   45.0000  -37.5000 2309.9773   21.3358
    0.0000   45.0000  -37.5000 2324.4207   21.1355
    7.5000   45.0000  -37.5000 2310.5295   21.4508
   -7.5000   52.5000  -37.5000 2171.9736   21.6730
    0.0000   52.5000  -37.5000 2191.9270   21.5091
    7.5000   52.5000  -37.5000 2175.6753   21.7598
   -7.5000   60.0000  -37.5000 2010.3949   22.0020
    0.0000   60.0000  -37.5000 2027.7504   21.8629
    7.5000   60.0000  -37.5000 2014.5149   22.0928
   -7.5000  -30.0000  -30.0000 2239.1736   30.1451
    0.0000  -30.0000  -30.0000 2256.0676   30.1793
    7.5000  -30.0000  -30.0000 2240.8918   30.2205
   -7.5000  -22.5000  -30.0000 2362.7532   27.1833
    0.0000  -22.5000  -30.0000 2381.6379   27.1176
    7.5000  -22.5000  -30.0000 2366.3713   27.2816
   -7.5000  -15.0000  -30.0000 2463.0657   24.8307
    0.0000  -15.0000  -30.0000 2484.1108   24.7343
    7.5000  -15.0000  -30.0000 2470.0500   24.9878
   -7.5000   -7.5000  -30.0000 2541.8689   23.0744
    0.0000   -7.5000  -30.0000 2560.0891   22.9265
    7.5000   -7.5000  -30.0000 2550.2139   23.2091
   -7.5000    0.0000  -30.0000 2591.4512   21.7803
    0.0000    0.0000  -30.0000 2610.6313   21.5714
    7.5000    0.0000  -30.0000 2602.8267   21.8343
   -7.5000    7.5000  -30.0000 2627.6553   20.7565
    0.0000    7.5000  -30.0000 2641.8391   20.5420
    7.5000    7.5000  -30.0000 2632.8455   20.8010
   -7.5000   15.0000  -30.0000 2635.7483   20.1026
    0.0000   15.0000  -30.0000 2649.2048   19.9186
    7.5000   15.0000  -30.0000 2637.9841   20.1891
   -7.5000   22.5000  -30.0000 2626.3491   19.7542
    0.0000   22.5000  -30.0000 2639.1721   19.5622
    7.5000   22.5000  -30.0000 2623.6663   19.8427
   -7.5000   30.0000  -30.0000 2613.1013   19.9407
    0.0000   30.0000  -30.0000 2628.9148   19.7371
    7.5000   30.0000  -30.0000 2617.2566   20.0486
   -7.5000   37.5000  -30.0000 2563.0544   20.3955
    0.0000   37.5000  -30.0000 2574.3806   20.1170
    7.5000   37.5000  -30.0000 2567.2458   20.4618
   -7.5000   45.0000  -30.0000 2454.9028   20.8326
    0.0000   45.0000  -30.0000 2466.3638   20.5815
    7.5000   45.0000  -30.0000 2458.7251   20.9280
   -7.5000   52.5000  -30.0000 2310.6943   21.2503
    0.0000   52.5000  -30.0000 2323.1689   20.9911
    7.5000   52.5000  -30.0000 2312.6228   21.2718
   -7.5000   60.0000  -30.0000 2141.5374   21.6448
    0.0000   60.0000  -30.0000 2151.9458   21.3794
    7.5000   60.0000  -30.0000 2144.6206   21.6548
   -7.5000  -30.0000  -22.5000 2287.5403   30.1989
    0.0000  -30.0000  -22.5000 2301.2788   30.0646
    7.5000  -30.0000  -22.5000 2288.1279   30.1808
   -7.5000  -22.5000  -22.5000 2404.3987   27.1677
    0.0000  -22.5000  -22.5000 2420.4434   27.0279
    7.5000  -22.5000  -22.5000 2409.5527   27.1760
   -7.5000  -15.0000  -22.5000 2503.9336   24.7660
    0.0000  -15.0000  -22.5000 2522.0220   24.6025
    7.5000  -15.0000  -22.5000 2513.4619   24.8003
   -7.5000   -7.5000  -22.5000 2576.9460   22.8233
    0.0000   -7.5000  -22.5000 2596.6860   22.6920
    7.5000   -7.5000  -22.5000 2591.1721   22.8988
   -7.5000    0.0000  -22.5000 2632.2424   21.3681
    0.0000    0.0000  -22.5000 2648.0850   21.1947
    7.5000    0.0000  -22.5000 2644.9014   21.4572
   -7.5000    7.5000  -22.5000 2669.0942   20.2583
    0.0000    7.5000  -22.5000 2685.5989   20.0442
    7.5000    7.5000  -22.5000 2678.3701   20.3588
   -7.5000   15.0000  -22.5000 2688.8210   19.4771
    0.0000   15.0000  -22.5000 2697.3376   19.2199
    7.5000   15.0000  -22.5000 2688.5427   19.5700
   -7.5000   22.5000  -22.5000 2690.4880   19.0611
    0.0000   22.5000  -22.5000 2694.6621   18.7815
    7.5000   22.5000  -22.5000 2683.9524   19.1495
   -7.5000   30.0000  -22.5000 2680.4053   19.2339
    0.0000   30.0000  -22.5000 2689.3789   18.9594
    7.5000   30.0000  -22.5000 2687.4480   19.3312
   -7.5000   37.5000  -22.5000 2629.2434   19.6741
    0.0000   37.5000  -22.5000 2639.9336   19.3819
    7.5000   37.5000  -22.5000 2640.2373   19.7721
   -7.5000   45.0000  -22.5000 2525.2507   20.1274
    0.0000   45.0000  -22.5000 2532.7554   19.8153
    7.5000   45.0000  -22.5000 2532.1824   20.2129
   -7.5000   52.5000  -22.5000 2382.0415   20.4809
    0.0000   52.5000  -22.5000 2391.5039   20.2005
    7.5000   52.5000  -22.5000 2386.0657   20.5348
   -7.5000   60.0000  -22.5000 2202.3040   20.7827
    0.0000   60.0000  -22.5000 2213.0232   20.4778
    7.5000   60.0000  -22.5000 2208.0679   20.7977
   -7.5000  -30.0000  -15.0000 2350.7346   30.3779
    0.0000  -30.0000  -15.0000 2370.3774   30.1191
    7.5000  -30.0000  -15.0000 2360.0042   30.3091
   -7.5000  -22.5000  -15.0000 2473.4841   27.2175
    0.0000  -22.5000  -15.0000 2489.8826   26.9281
    7.5000  -22.5000  -15.0000 2479.8674   27.1356
   -7.5000  -15.0000  -15.0000 2577.5728   24.6772
    0.0000  -15.0000  -15.0000 2591.0945   24.3812
    7.5000  -15.0000  -15.0000 2584.6689   24.6046
   -7.5000   -7.5000  -15.0000 2661.9866   22.6505
    0.0000   -7.5000  -15.0000 2676.7119   22.4584
    7.5000   -7.5000  -15.0000 2669.7195   22.6247
   -7.5000    0.0000  -15.0000 2724.3167   21.0743
    0.0000    0.0000  -15.0000 2739.7209   20.9614
    7.5000    0.0000  -15.0000 2732.7026   21.1591
   -7.5000    7.5000  -15.0000 2768.9780   19.9020
    0.0000    7.5000  -15.0000 2781.4844   19.7155
    7.5000    7.5000  -15.0000 2776.8835   20.0360
   -7.5000   15.0000  -15.0000 2793.7192   19.0333
    0.0000   15.0000  -15.0000 2797.7146   18.7486
    7.5000   15.0000  -15.0000 2798.1309   19.1736
   -7.5000   22.5000  -15.0000 2792.4236   18.5367
    0.0000   22.5000  -15.0000 2793.9331   18.1622
    7.5000   22.5000  -15.0000 2789.0889   18.6588
   -7.5000   30.0000  -15.0000 2788.8489   18.7037
    0.0000   30.0000  -15.0000 2790.5164   18.3425
    7.5000   30.0000  -15.0000 2794.3577   18.8752
   -7.5000   37.5000  -15.0000 2743.4172   19.1381
    0.0000   37.5000  -15.0000 2747.4397   18.8084
    7.5000   37.5000  -15.0000 2756.8674   19.2873
   -7.5000   45.0000  -15.0000 2638.5022   19.5513
    0.0000   45.0000  -15.0000 2646.1946   19.2398
    7.5000   45.0000  -15.0000 2645.4355   19.6504
   -7.5000   52.5000  -15.0000 2491.3921   19.9753
    0.0000   52.5000  -15.0000 2496.1770   19.6046
    7.5000   52.5000  -15.0000 2498.2036   20.0178
   -7.5000   60.0000  -15.0000 2302.4182   20.3284
    0.0000   60.0000  -15.0000 2312.7615   19.9561
    7.5000   60.0000  -15.0000 2314.7468   20.3305
   -7.5000  -30.0000   -7.5000 2382.1111   30.5920
    0.0000  -30.0000   -7.5000 2405.1455   30.4106
    7.5000  -30.0000   -7.5000 2390.3130   30.4112
   -7.5000  -22.5000   -7.5000 2498.6736   27.1879
    0.0000  -22.5000   -7.5000 2521.2668   27.0503
    7.5000  -22.5000   -7.5000 2502.6941   27.1221
   -7.5000  -15.0000   -7.5000 2605.5283   24.5166
    0.0000  -15.0000   -7.5000 2627.2864   24.3483
    7.5000  -15.0000   -7.5000 2609.1423   24.4648
   -7.5000   -7.5000   -7.5000 2696.9788   22.3929
    0.0000   -7.5000   -7.5000 2724.0894   22.3025
    7.5000   -7.5000   -7.5000 2701.3257   22.3409
   -7.5000    0.0000   -7.5000 2770.3818   20.7644
    0.0000    0.0000   -7.5000 2793.1670   20.7305
    7.5000    0.0000   -7.5000 2775.7551   20.7868
   -7.5000    7.5000   -7.5000 2821.9412   19.6402
    0.0000    7.5000   -7.5000 2837.6780   19.6135
    7.5000    7.5000   -7.5000 2832.5876   19.7370
   -7.5000   15.0000   -7.5000 2858.5542   18.8310
    0.0000   15.0000   -7.5000 2876.7820   18.8086
    7.5000   15.0000   -7.5000 2870.9536   18.9655
   -7.5000   22.5000   -7.5000 2865.4150   18.2252
    0.0000   22.5000   -7.5000 2884.1011   18.0785
    7.5000   22.5000   -7.5000 2867.8518   18.4011
   -7.5000   30.0000   -7.5000 2865.8982   18.2746
    0.0000   30.0000   -7.5000 2887.1704   18.0865
    7.5000   30.0000   -7.5000 2864.1650   18.4379
   -7.5000   37.5000   -7.5000 2812.1338   18.5966
    0.0000   37.5000   -7.5000 2841.7375   18.4571
    7.5000   37.5000   -7.5000 2820.6235   18.6697
   -7.5000   45.0000   -7.5000 2706.8501   18.9914
    0.0000   45.0000   -7.5000 2731.8020   18.7927
    7.5000   45.0000   -7.5000 2714.4548   18.9841
   -7.5000   52.5000   -7.5000 2549.4128   19.4480
    0.0000   52.5000   -7.5000 2570.9807   19.1727
    7.5000   52.5000   -7.5000 2554.6946   19.3631
   -7.5000   60.0000   -7.5000 2366.4226   19.9482
    0.0000   60.0000   -7.5000 2391.9214   19.6967
    7.5000   60.0000   -7.5000 2371.6567   19.8521
   -7.5000  -30.0000    0.0000 2389.1816   30.9512
    0.0000  -30.0000    0.0000 2411.0005   30.8457
    7.5000  -30.0000    0.0000 2395.1353   30.8649
   -7.5000  -22.5000    0.0000 2501.8359   27.3842
    0.0000  -22.5000    0.0000 2521.0569   27.3006
    7.5000  -22.5000    0.0000 2504.8235   27.3810
   -7.5000  -15.0000    0.0000 2607.4709   24.5425
    0.0000  -15.0000    0.0000 2627.3025   24.4492
    7.5000  -15.0000    0.0000 2607.0088   24.5113
   -7.5000   -7.5000    0.0000 2703.8677   22.3018
    0.0000   -7.5000    0.0000 2728.2158   22.2583
    7.5000   -7.5000    0.0000 2702.6924   22.2620
   -7.5000    0.0000    0.0000 2787.7363   20.6936
    0.0000    0.0000    0.0000 2816.6096   20.7611
    7.5000    0.0000    0.0000 2792.4824   20.7248
   -7.5000    7.5000    0.0000 2856.9614   19.6487
    0.0000    7.5000    0.0000 2902.9597   19.8911
    7.5000    7.5000    0.0000 2862.3069   19.7177
   -7.5000   15.0000    0.0000 2916.7861   18.9244
    0.0000   15.0000    0.0000 2986.1663   19.3541
    7.5000   15.0000    0.0000 2917.7170   18.9789
   -7.5000   22.5000    0.0000 2923.6960   18.3397
    0.0000   22.5000    0.0000 2998.0869   18.7434
    7.5000   22.5000    0.0000 2920.2214   18.4263
   -7.5000   30.0000    0.0000 2905.7104   18.0295
    0.0000   30.0000    0.0000 2960.8496   18.1378
    7.5000   30.0000    0.0000 2896.8804   18.0661
   -7.5000   37.5000    0.0000 2836.5444   18.0678
    0.0000   37.5000    0.0000 2880.5073   18.0540
    7.5000   37.5000    0.0000 2846.6836   18.1168
   -7.5000   45.0000    0.0000 2730.3884   18.5146
    0.0000   45.0000    0.0000 2753.2073   18.2824
    7.5000   45.0000    0.0000 2740.3188   18.4709
   -7.5000   52.5000    0.0000 2586.0640   19.1263
    0.0000   52.5000    0.0000 2611.4128   18.8508
    7.5000   52.5000    0.0000 2591.3586   19.0857
   -7.5000   60.0000    0.0000 2411.1829   19.7537
    0.0000   60.0000    0.0000 2430.6562   19.4897
    7.5000   60.0000    0.0000 2413.0618   19.7229
   -7.5000  -30.0000    7.5000 2373.6086   31.3502
    0.0000  -30.0000    7.5000 2394.3044   31.0473
    7.5000  -30.0000    7.5000 2374.2026   31.1297
   -7.5000  -22.5000    7.5000 2483.3396   27.7950
    0.0000  -22.5000    7.5000 2496.8369   27.5459
    7.5000  -22.5000    7.5000 2475.7810   27.6725
   -7.5000  -15.0000    7.5000 2595.2852   24.9463
    0.0000  -15.0000    7.5000 2604.7776   24.8130
    7.5000  -15.0000    7.5000 2582.7551   24.8942
   -7.5000   -7.5000    7.5000 2701.1125   22.6594
    0.0000   -7.5000    7.5000 2715.4387   22.6627
    7.5000   -7.5000    7.5000 2689.7373   22.7042
   -7.5000    0.0000    7.5000 2792.8284   21.0019
    0.0000    0.0000    7.5000 2817.6587   21.1632
    7.5000    0.0000    7.5000 2785.7910   21.1117
   -7.5000    7.5000    7.5000 2870.2327   19.8537
    0.0000    7.5000    7.5000 2905.0847   20.0872
    7.5000    7.5000    7.5000 2863.2104   19.9354
   -7.5000   15.0000    7.5000 2943.7976   19.0163
    0.0000   15.0000    7.5000 3003.6279   19.4118
    7.5000   15.0000    7.5000 2939.3477   19.0831
   -7.5000   22.5000    7.5000 2949.2234   18.3952
    0.0000   22.5000    7.5000 3029.8284   18.7449
    7.5000   22.5000    7.5000 2947.7759   18.4875
   -7.5000   30.0000    7.5000 2900.4670   17.9966
    0.0000   30.0000    7.5000 2962.3066   18.0352
    7.5000   30.0000    7.5000 2903.3386   18.0650
   -7.5000   37.5000    7.5000 2837.1294   18.1257
    0.0000   37.5000    7.5000 2861.4880   17.8889
    7.5000   37.5000    7.5000 2832.4543   18.0711
   -7.5000   45.0000    7.5000 2738.7922   18.5265
    0.0000   45.0000    7.5000 2764.2720   18.2731
    7.5000   45.0000    7.5000 2737.0449   18.4375
   -7.5000   52.5000    7.5000 2602.7739   19.0587
    0.0000   52.5000    7.5000 2621.9146   18.8354
    7.5000   52.5000    7.5000 2597.7222   18.9523
   -7.5000   60.0000    7.5000 2420.7666   19.6284
    0.0000   60.0000    7.5000 2438.6931   19.3910
    7.5000   60.0000    7.5000 2425.2065   19.5287
   -7.5000  -30.0000   15.0000 2347.1960   32.1095
    0.0000  -30.0000   15.0000 2364.3259   31.7285
    7.5000  -30.0000   15.0000 2349.2310   31.9916
   -7.5000  -22.5000   15.0000 2458.8484   28.5079
    0.0000  -22.5000   15.0000 2469.2170   28.2631
    7.5000  -22.5000   15.0000 2452.5315   28.4699
   -7.5000  -15.0000   15.0000 2575.1184   25.6359
    0.0000  -15.0000   15.0000 2578.0730   25.4349
    7.5000  -15.0000   15.0000 2560.8577   25.6013
   -7.5000   -7.5000   15.0000 2672.5498   23.2274
    0.0000   -7.5000   15.0000 2678.0413   23.1035
    7.5000   -7.5000   15.0000 2663.6538   23.2771
   -7.5000    0.0000   15.0000 2762.2715   21.3444
    0.0000    0.0000   15.0000 2771.2686   21.2863
    7.5000    0.0000   15.0000 2759.1760   21.4207
   -7.5000    7.5000   15.0000 2844.9167   19.9560
    0.0000    7.5000   15.0000 2862.6375   19.9427
    7.5000    7.5000   15.0000 2842.5461   20.0398
   -7.5000   15.0000   15.0000 2913.2656   18.9902
    0.0000   15.0000   15.0000 2959.5647   19.0908
    7.5000   15.0000   15.0000 2913.2295   19.0674
   -7.5000   22.5000   15.0000 2899.3325   18.2360
    0.0000   22.5000   15.0000 2954.0156   18.1609
    7.5000   22.5000   15.0000 2909.6743   18.3622
   -7.5000   30.0000   15.0000 2885.9231   18.1125
    0.0000   30.0000   15.0000 2900.6829   17.7195
    7.5000   30.0000   15.0000 2872.1614   18.0677
   -7.5000   37.5000   15.0000 2845.3696   18.4521
    0.0000   37.5000   15.0000 2863.7925   18.1460
    7.5000   37.5000   15.0000 2833.8098   18.3410
   -7.5000   45.0000   15.0000 2743.2966   18.9689
    0.0000   45.0000   15.0000 2764.4146   18.7162
    7.5000   45.0000   15.0000 2740.3328   18.8773
   -7.5000   52.5000   15.0000 2601.5588   19.4991
    0.0000   52.5000   15.0000 2615.9099   19.2488
    7.5000   52.5000   15.0000 2598.2529   19.3595
   -7.5000   60.0000   15.0000 2417.2896   19.9404
    0.0000   60.0000   15.0000 2433.8369   19.6736
    7.5000   60.0000   15.0000 2422.4893   19.8041
   -7.5000  -30.0000   22.5000 2307.0378   33.2296
    0.0000  -30.0000   22.5000 2319.2134   32.7432
    7.5000  -30.0000   22.5000 2304.9453   33.1862
   -7.5000  -22.5000   22.5000 2423.7090   29.4473
    0.0000  -22.5000   22.5000 2428.1938   28.9687
    7.5000  -22.5000   22.5000 2412.8982   29.4050
   -7.5000  -15.0000   22.5000 2533.5105   26.3017
    0.0000  -15.0000   22.5000 2532.8010   25.8931
    7.5000  -15.0000   22.5000 2520.0852   26.2968
   -7.5000   -7.5000   22.5000 2627.3745   23.7423
    0.0000   -7.5000   22.5000 2621.6802   23.3314
    7.5000   -7.5000   22.5000 2619.2881   23.7434
   -7.5000    0.0000   22.5000 2721.9712   21.7965
    0.0000    0.0000   22.5000 2714.9788   21.4252
    7.5000    0.0000   22.5000 2715.4460   21.8008
   -7.5000    7.5000   22.5000 2809.6145   20.3470
    0.0000    7.5000   22.5000 2815.3394   20.0996
    7.5000    7.5000   22.5000 2805.1299   20.3788
   -7.5000   15.0000   22.5000 2856.8633   19.2892
    0.0000   15.0000   22.5000 2893.1133   19.1984
    7.5000   15.0000   22.5000 2869.5107   19.3984
   -7.5000   22.5000   22.5000 2859.0120   18.6089
    0.0000   22.5000   22.5000 2858.6941   18.1653
    7.5000   22.5000   22.5000 2850.7224   18.5857
   -7.5000   30.0000   22.5000 2870.0679   18.6247
    0.0000   30.0000   22.5000 2887.7881   18.2445
    7.5000   30.0000   22.5000 2850.0369   18.4590
   -7.5000   37.5000   22.5000 2835.5674   19.0191
    0.0000   37.5000   22.5000 2865.8350   18.7618
    7.5000   37.5000   22.5000 2829.7432   18.8993
   -7.5000   45.0000   22.5000 2721.9001   19.5665
    0.0000   45.0000   22.5000 2747.6855   19.3003
    7.5000   45.0000   22.5000 2724.5776   19.4548
   -7.5000   52.5000   22.5000 2570.3738   20.0227
    0.0000   52.5000   22.5000 2591.7759   19.7793
    7.5000   52.5000   22.5000 2579.0986   19.9327
   -7.5000   60.0000   22.5000 2380.0469   20.4065
    0.0000   60.0000   22.5000 2401.3276   20.1848
    7.5000   60.0000   22.5000 2390.5479   20.3037
   -7.5000  -30.0000   30.0000 2258.7588   34.5024
    0.0000  -30.0000   30.0000 2267.5732   33.8059
    7.5000  -30.0000   30.0000 2256.0347   34.3570
   -7.5000  -22.5000   30.0000 2375.7468   30.3567
    0.0000  -22.5000   30.0000 2378.2119   29.6452
    7.5000  -22.5000   30.0000 2366.5339   30.2599
   -7.5000  -15.0000   30.0000 2486.1702   27.0547
    0.0000  -15.0000   30.0000 2481.7944   26.3770
    7.5000  -15.0000   30.0000 2476.5273   27.0550
   -7.5000   -7.5000   30.0000 2585.5894   24.4018
    0.0000   -7.5000   30.0000 2579.2917   23.8272
    7.5000   -7.5000   30.0000 2580.4197   24.4148
   -7.5000    0.0000   30.0000 2680.5576   22.4137
    0.0000    0.0000   30.0000 2679.8508   21.9330
    7.5000    0.0000   30.0000 2676.0952   22.3713
   -7.5000    7.5000   30.0000 2758.9028   20.9590
    0.0000    7.5000   30.0000 2771.6660   20.6253
    7.5000    7.5000   30.0000 2763.7063   20.9512
   -7.5000   15.0000   30.0000 2801.6643   19.8945
    0.0000   15.0000   30.0000 2801.4016   19.4172
    7.5000   15.0000   30.0000 2802.5964   19.8160
   -7.5000   22.5000   30.0000 2817.6819   19.2813
    0.0000   22.5000   30.0000 2822.3425   18.7371
    7.5000   22.5000   30.0000 2799.7544   19.1025
   -7.5000   30.0000   30.0000 2840.5508   19.3943
    0.0000   30.0000   30.0000 2857.2527   19.0361
    7.5000   30.0000   30.0000 2829.8074   19.2032
   -7.5000   37.5000   30.0000 2796.5156   19.8525
    0.0000   37.5000   30.0000 2822.5342   19.5629
    7.5000   37.5000   30.0000 2795.6855   19.7041
   -7.5000   45.0000   30.0000 2681.6455   20.3816
    0.0000   45.0000   30.0000 2704.1482   20.0984
    7.5000   45.0000   30.0000 2687.5620   20.2320
   -7.5000   52.5000   30.0000 2529.0818   20.8069
    0.0000   52.5000   30.0000 2544.4258   20.5253
    7.5000   52.5000   30.0000 2533.0510   20.6604
   -7.5000   60.0000   30.0000 2338.8503   21.1605
    0.0000   60.0000   30.0000 2362.5952   20.9076
    7.5000   60.0000   30.0000 2348.0056   20.9917
   -7.5000  -30.0000   37.5000 2206.2214   35.6907
    0.0000  -30.0000   37.5000 2212.6724   34.7041
    7.5000  -30.0000   37.5000 2204.7222   35.3719
   -7.5000  -22.5000   37.5000 2321.9976   31.3790
    0.0000  -22.5000   37.5000 2325.5100   30.4845
    7.5000  -22.5000   37.5000 2319.2896   31.2516
   -7.5000  -15.0000   37.5000 2436.9995   27.9918
    0.0000  -15.0000   37.5000 2434.3726   27.1629
    7.5000  -15.0000   37.5000 2432.0547   27.9551
   -7.5000   -7.5000   37.5000 2542.2026   25.3141
    0.0000   -7.5000   37.5000 2542.0737   24.6148
    7.5000   -7.5000   37.5000 2536.6377   25.2529
   -7.5000    0.0000   37.5000 2634.3601   23.2455
    0.0000    0.0000   37.5000 2639.0261   22.7124
    7.5000    0.0000   37.5000 2629.3567   23.1616
   -7.5000    7.5000   37.5000 2697.8767   21.7338
    0.0000    7.5000   37.5000 2701.7869   21.2363
    7.5000    7.5000   37.5000 2702.2620   21.6511
   -7.5000   15.0000   37.5000 2740.9585   20.7202
    0.0000   15.0000   37.5000 2741.6672   20.1164
    7.5000   15.0000   37.5000 2731.2026   20.5405
   -7.5000   22.5000   37.5000 2771.9568   20.2025
    0.0000   22.5000   37.5000 2778.7598   19.6556
    7.5000   22.5000   37.5000 2754.6018   19.9786
   -7.5000   30.0000   37.5000 2784.0005   20.3289
    0.0000   30.0000   37.5000 2805.9353   19.9237
    7.5000   30.0000   37.5000 2779.7043   20.1332
   -7.5000   37.5000   37.5000 2729.3787   20.8073
    0.0000   37.5000   37.5000 2755.9170   20.4465
    7.5000   37.5000   37.5000 2737.1047   20.6434
   -7.5000   45.0000   37.5000 2619.3481   21.3305
    0.0000   45.0000   37.5000 2640.4429   20.9586
    7.5000   45.0000   37.5000 2627.9541   21.1340
   -7.5000   52.5000   37.5000 2469.6951   21.7280
    0.0000   52.5000   37.5000 2485.8071   21.4051
    7.5000   52.5000   37.5000 2475.0542   21.5163
   -7.5000   60.0000   37.5000 2290.6919   22.0204
    0.0000   60.0000   37.5000 2311.1340   21.7444
    7.5000   60.0000   37.5000 2295.3179   21.8249
   -7.5000  -30.0000   45.0000 2123.5398   36.7052
    0.0000  -30.0000   45.0000 2135.6250   35.8654
    7.5000  -30.0000   45.0000 2121.9309   36.4486
   -7.5000  -22.5000   45.0000 2242.6282   32.3706
    0.0000  -22.5000   45.0000 2252.9722   31.5991
    7.5000  -22.5000   45.0000 2241.2844   32.2748
   -7.5000  -15.0000   45.0000 2357.1487   28.9115
    0.0000  -15.0000   45.0000 2368.1343   28.2070
    7.5000  -15.0000   45.0000 2354.7068   28.9281
   -7.5000   -7.5000   45.0000 2459.8115   26.2328
    0.0000   -7.5000   45.0000 2469.9333   25.5887
    7.5000   -7.5000   45.0000 2456.1384   26.1530
   -7.5000    0.0000   45.0000 2546.3901   24.1343
    0.0000    0.0000   45.0000 2556.6909   23.5536
    7.5000    0.0000   45.0000 2547.8711   23.9911
   -7.5000    7.5000   45.0000 2604.6592   22.6353
    0.0000    7.5000   45.0000 2610.8193   22.0587
    7.5000    7.5000   45.0000 2606.6013   22.4704
   -7.5000   15.0000   45.0000 2651.7939   21.7092
    0.0000   15.0000   45.0000 2654.7542   21.1415
    7.5000   15.0000   45.0000 2639.6982   21.5034
   -7.5000   22.5000   45.0000 2675.9353   21.2116
    0.0000   22.5000   45.0000 2685.0801   20.7686
    7.5000   22.5000   45.0000 2667.7327   21.0110
   -7.5000   30.0000   45.0000 2679.2209   21.3569
    0.0000   30.0000   45.0000 2698.8118   20.9720
    7.5000   30.0000   45.0000 2680.9329   21.1761
   -7.5000   37.5000   45.0000 2634.8640   21.6914
    0.0000   37.5000   45.0000 2658.3823   21.3340
    7.5000   37.5000   45.0000 2637.7507   21.5950
   -7.5000   45.0000   45.0000 2530.7959   22.1976
    0.0000   45.0000   45.0000 2551.4995   21.8603
    7.5000   45.0000   45.0000 2533.3040   22.0727
   -7.5000   52.5000   45.0000 2383.4597   22.6312
    0.0000   52.5000   45.0000 2406.6865   22.2677
    7.5000   52.5000   45.0000 2387.9443   22.4395
   -7.5000   60.0000   45.0000 2204.9727   22.9188
    0.0000   60.0000   45.0000 2221.1836   22.6611
    7.5000   60.0000   45.0000 2207.1191   22.7285

---------------------------------------------------------------------
imgreg_4dfp /opt/freesurfer/average/711-2C_as_mni_average_305 /opt/freesurfer/average/711-2B_as_mni_average_305_mask talsrcimg_g11 none talsrcimg_to_711-2C_as_mni_average_305_t4 1283
---------------------------------------------------------------------

freesurfer imgreg_4dfp.c
/opt/freesurfer/average/711-2C_as_mni_average_305.4dfp.img
       256       256       256         1
  1.000000  1.000000  1.000000
orientation T byte_order littleendian
Reading image: /opt/freesurfer/average/711-2C_as_mni_average_305.4dfp.img
dimensions:      256       256       256
mmppix:       1.0000   -1.0000   -1.0000
center:     128.0000 -129.0000 -129.0000
/opt/freesurfer/average/711-2B_as_mni_average_305_mask.4dfp.img
       256       256       256         1
  1.000000  1.000000  1.000000
orientation T byte_order littleendian
Reading mask: /opt/freesurfer/average/711-2B_as_mni_average_305_mask.4dfp.img (2306576 pixels)
talsrcimg_g11.4dfp.img
       320       320       320         1
  0.700000  0.700000  0.700000
orientation T byte_order littleendian
Reading image: talsrcimg_g11.4dfp.img
dimensions:      320       320       320
mmppix:       0.7000   -0.7000   -0.7000
center:     112.0000 -112.7000 -112.7000
rotation matrix determinant  1.000000
fimgreg.f
image alignment mode   1283 decimal      503 hex
parameters
    0.0000   22.5000    7.5000    0.0000    0.0000    0.0000
eta,q 0.95068 18.84866
niter,ni,del,rscale     5    3   12.0000    1.2000
parameter  4 -4.670010 ->  0.500000 qaram    1.1500
parameters
    0.3415   20.6014    5.4362   -3.4500    0.6040    0.7761
eta,q 0.95412 19.14572
  0.0714  0.0550  0.0548  0.0435  0.0574  0.0515
  0.0634  0.0519  0.0518  0.0456  0.0525  0.0494
  0.0561  0.0517  0.0510  0.0489  0.0489  0.0474
  0.0520  0.0521  0.0517  0.0510  0.0465  0.0461
  0.0547  0.0540  0.0548  0.0525  0.0465  0.0459
  0.0599  0.0597  0.0608  0.0542  0.0496  0.0473
  0.0682  0.0692  0.0678  0.0568  0.0543  0.0498
niter,ni,del,rscale     5    3   12.0000    1.2000
parameter  4  2.432655 ->  0.500000 qaram    1.3225
parameters
   -0.0749   22.2701    4.9159   -7.4175    1.1716    0.2715
eta,q 0.96127 19.25976
  0.0659  0.0605  0.0554  0.0396  0.0525  0.0452
  0.0563  0.0541  0.0491  0.0385  0.0465  0.0418
  0.0481  0.0489  0.0461  0.0417  0.0417  0.0394
  0.0459  0.0455  0.0456  0.0455  0.0391  0.0388
  0.0525  0.0458  0.0474  0.0490  0.0393  0.0403
  0.0616  0.0470  0.0517  0.0521  0.0430  0.0435
  0.0698  0.0501  0.0598  0.0545  0.0489  0.0478
niter,ni,del,rscale     5    3   12.0000    1.2000
parameters
   -0.2581   22.7749    4.8234   -8.3320    1.3857    0.2268
eta,q 0.96237 19.24980
  0.0631  0.0600  0.0517  0.0486  0.0507  0.0455
  0.0509  0.0505  0.0441  0.0420  0.0448  0.0416
  0.0411  0.0428  0.0400  0.0381  0.0402  0.0389
  0.0387  0.0385  0.0386  0.0386  0.0377  0.0376
  0.0456  0.0416  0.0395  0.0433  0.0386  0.0386
  0.0549  0.0475  0.0439  0.0469  0.0432  0.0415
  0.0633  0.0534  0.0534  0.0512  0.0496  0.0460
niter,ni,del,rscale     4    3   12.0000    1.2000
parameters
   -0.3351   22.9529    4.7792   -8.5873    1.4605    0.2120
eta,q 0.96255 19.23810
  0.0637  0.0592  0.0513  0.0498  0.0502  0.0453
  0.0511  0.0494  0.0436  0.0438  0.0444  0.0415
  0.0405  0.0410  0.0392  0.0388  0.0398  0.0387
  0.0376  0.0375  0.0376  0.0376  0.0375  0.0374
  0.0448  0.0419  0.0385  0.0417  0.0387  0.0384
  0.0541  0.0483  0.0430  0.0457  0.0437  0.0413
  0.0623  0.0561  0.0526  0.0498  0.0501  0.0457
niter,ni,del,rscale     3    3   12.0000    1.2000
parameters
   -0.3604   23.0121    4.7626   -8.6826    1.4830    0.2068
eta,q 0.96259 19.23459
  0.0642  0.0588  0.0513  0.0500  0.0500  0.0453
  0.0516  0.0488  0.0436  0.0443  0.0443  0.0415
  0.0407  0.0404  0.0392  0.0391  0.0397  0.0387
  0.0374  0.0374  0.0374  0.0375  0.0374  0.0374
  0.0445  0.0422  0.0383  0.0412  0.0388  0.0383
  0.0539  0.0488  0.0428  0.0454  0.0439  0.0412
  0.0621  0.0570  0.0523  0.0494  0.0503  0.0456
niter,ni,del,rscale     2    3   12.0000    1.2000
parameters
   -0.3679   23.0348    4.7576   -8.7212    1.4895    0.2067
eta,q 0.96260 19.23318
  0.0644  0.0587  0.0513  0.0501  0.0500  0.0453
  0.0518  0.0486  0.0436  0.0445  0.0442  0.0415
  0.0408  0.0402  0.0391  0.0392  0.0396  0.0387
  0.0374  0.0374  0.0374  0.0374  0.0374  0.0374
  0.0444  0.0423  0.0382  0.0411  0.0388  0.0383
  0.0539  0.0490  0.0427  0.0453  0.0439  0.0412
  0.0620  0.0573  0.0522  0.0493  0.0503  0.0456
registration optimization eta report
parameter search radius
    6.0000    6.0000    6.0000    7.9350    6.0000    6.0000
100000*second partial in parameter space
       68.       54.       40.       18.       35.       22.
  0.0644  0.0587  0.0513  0.0501  0.0500  0.0453
  0.0518  0.0486  0.0436  0.0445  0.0442  0.0415
  0.0408  0.0402  0.0391  0.0392  0.0396  0.0387
  0.0374  0.0374  0.0374  0.0374  0.0374  0.0374
  0.0444  0.0423  0.0382  0.0411  0.0388  0.0383
  0.0539  0.0490  0.0427  0.0453  0.0439  0.0412
  0.0620  0.0573  0.0522  0.0493  0.0503  0.0456
   -0.3679   23.0348    4.7576   -8.7212    1.4895    0.2067
eta,q 0.96260 19.23318

---------------------------------------------------------------------
imgreg_4dfp /opt/freesurfer/average/711-2C_as_mni_average_305 /opt/freesurfer/average/711-2B_as_mni_average_305_mask talsrcimg_g11 none talsrcimg_to_711-2C_as_mni_average_305_t4 3335
---------------------------------------------------------------------

freesurfer imgreg_4dfp.c
/opt/freesurfer/average/711-2C_as_mni_average_305.4dfp.img
       256       256       256         1
  1.000000  1.000000  1.000000
orientation T byte_order littleendian
Reading image: /opt/freesurfer/average/711-2C_as_mni_average_305.4dfp.img
dimensions:      256       256       256
mmppix:       1.0000   -1.0000   -1.0000
center:     128.0000 -129.0000 -129.0000
/opt/freesurfer/average/711-2B_as_mni_average_305_mask.4dfp.img
       256       256       256         1
  1.000000  1.000000  1.000000
orientation T byte_order littleendian
Reading mask: /opt/freesurfer/average/711-2B_as_mni_average_305_mask.4dfp.img (2306576 pixels)
talsrcimg_g11.4dfp.img
       320       320       320         1
  0.700000  0.700000  0.700000
orientation T byte_order littleendian
Reading image: talsrcimg_g11.4dfp.img
dimensions:      320       320       320
mmppix:       0.7000   -0.7000   -0.7000
center:     112.0000 -112.7000 -112.7000
fimgreg.f
image alignment mode   3335 decimal      D07 hex
parameters
   -0.3679   23.0348    4.7576   -0.0344   -1.1554   -1.1896
    0.0376   -2.6239    0.3606   15.1532    2.5993  -15.1575
eta,q 0.96237 19.30232
niter,ni,del,rscale     5    3    5.0000    1.2000
parameter  5  0.651491 ->  0.500000 qaram    1.1500
parameters
   -0.4343   23.8281    4.8623   -3.2747   -5.2954   -0.7069
   -0.3805   -1.3585    2.6530   14.7987    4.4508  -13.7042
eta,q 0.96678 19.11884
  0.0424  0.0435  0.0394  0.0380  0.0345  0.0395  0.0363  0.0406  0.0373  0.0364  0.0348  0.0348
  0.0397  0.0409  0.0383  0.0368  0.0339  0.0376  0.0347  0.0369  0.0356  0.0346  0.0341  0.0341
  0.0380  0.0389  0.0375  0.0363  0.0343  0.0355  0.0338  0.0346  0.0343  0.0335  0.0336  0.0335
  0.0376  0.0376  0.0372  0.0372  0.0363  0.0339  0.0336  0.0336  0.0335  0.0333  0.0333  0.0333
  0.0384  0.0372  0.0373  0.0404  0.0402  0.0329  0.0341  0.0337  0.0333  0.0339  0.0333  0.0332
  0.0401  0.0376  0.0379  0.0462  0.0457  0.0341  0.0353  0.0348  0.0336  0.0350  0.0334  0.0335
  0.0428  0.0389  0.0391  0.0525  0.0518  0.0401  0.0368  0.0367  0.0344  0.0371  0.0338  0.0339
niter,ni,del,rscale     5    3    5.0000    1.2000
parameters
   -0.6597   24.7777    5.6201   -3.3372   -7.4066   -0.5791
   -0.9387   -1.6193    2.9797   14.6113    4.5768  -14.2055
eta,q 0.96751 18.96295
  0.0360  0.0384  0.0352  0.0369  0.0360  0.0382  0.0348  0.0369  0.0347  0.0354  0.0338  0.0334
  0.0343  0.0361  0.0341  0.0352  0.0342  0.0360  0.0334  0.0343  0.0335  0.0339  0.0330  0.0329
  0.0334  0.0343  0.0333  0.0337  0.0328  0.0341  0.0326  0.0328  0.0327  0.0329  0.0326  0.0326
  0.0332  0.0332  0.0327  0.0324  0.0325  0.0326  0.0325  0.0325  0.0325  0.0325  0.0325  0.0325
  0.0338  0.0327  0.0324  0.0321  0.0343  0.0321  0.0330  0.0332  0.0327  0.0328  0.0326  0.0326
  0.0352  0.0329  0.0326  0.0338  0.0388  0.0343  0.0340  0.0348  0.0333  0.0338  0.0330  0.0331
  0.0372  0.0338  0.0334  0.0387  0.0453  0.0394  0.0355  0.0375  0.0343  0.0360  0.0337  0.0337
niter,ni,del,rscale     4    3    5.0000    1.2000
parameters
   -0.6575   25.0929    5.5900   -2.9845   -8.1367   -0.5631
   -1.0001   -1.6193    3.0522   14.9235    4.5625  -14.6440
eta,q 0.96752 18.93840
  0.0359  0.0357  0.0342  0.0371  0.0370  0.0381  0.0351  0.0373  0.0345  0.0355  0.0338  0.0334
  0.0340  0.0341  0.0334  0.0355  0.0351  0.0359  0.0336  0.0346  0.0334  0.0340  0.0330  0.0329
  0.0329  0.0330  0.0328  0.0338  0.0334  0.0340  0.0327  0.0330  0.0327  0.0330  0.0326  0.0326
  0.0325  0.0325  0.0324  0.0325  0.0323  0.0325  0.0325  0.0325  0.0325  0.0325  0.0325  0.0325
  0.0329  0.0325  0.0325  0.0319  0.0326  0.0321  0.0329  0.0331  0.0327  0.0326  0.0326  0.0326
  0.0340  0.0332  0.0332  0.0332  0.0354  0.0345  0.0337  0.0346  0.0333  0.0334  0.0330  0.0330
  0.0359  0.0344  0.0345  0.0377  0.0407  0.0395  0.0351  0.0373  0.0344  0.0352  0.0338  0.0337
niter,ni,del,rscale     3    3    5.0000    1.2000
parameters
   -0.6660   25.2421    5.5216   -2.9202   -8.3511   -0.6171
   -0.9906   -1.6372    3.0950   15.1694    4.5641  -14.8481
eta,q 0.96745 18.93106
  0.0360  0.0351  0.0342  0.0371  0.0374  0.0380  0.0352  0.0373  0.0345  0.0354  0.0338  0.0335
  0.0340  0.0337  0.0333  0.0354  0.0355  0.0359  0.0337  0.0346  0.0334  0.0339  0.0330  0.0330
  0.0328  0.0328  0.0328  0.0338  0.0337  0.0340  0.0328  0.0330  0.0328  0.0330  0.0326  0.0326
  0.0325  0.0325  0.0325  0.0325  0.0325  0.0325  0.0326  0.0326  0.0326  0.0326  0.0325  0.0325
  0.0329  0.0327  0.0326  0.0321  0.0324  0.0322  0.0329  0.0331  0.0328  0.0326  0.0327  0.0327
  0.0341  0.0333  0.0332  0.0337  0.0346  0.0346  0.0337  0.0347  0.0334  0.0334  0.0331  0.0330
  0.0359  0.0345  0.0346  0.0386  0.0394  0.0398  0.0351  0.0373  0.0344  0.0352  0.0338  0.0337
niter,ni,del,rscale     2    3    5.0000    1.2000
parameters
   -0.6746   25.3137    5.4920   -2.8893   -8.4356   -0.6643
   -0.9845   -1.6477    3.1098   15.2892    4.5569  -14.9331
eta,q 0.96741 18.92757
  0.0360  0.0350  0.0343  0.0372  0.0375  0.0381  0.0352  0.0374  0.0344  0.0353  0.0339  0.0336
  0.0340  0.0336  0.0334  0.0355  0.0356  0.0359  0.0337  0.0346  0.0334  0.0339  0.0331  0.0330
  0.0329  0.0328  0.0328  0.0339  0.0339  0.0340  0.0328  0.0330  0.0328  0.0330  0.0327  0.0327
  0.0325  0.0325  0.0325  0.0326  0.0325  0.0326  0.0326  0.0326  0.0326  0.0326  0.0326  0.0326
  0.0330  0.0328  0.0326  0.0322  0.0323  0.0322  0.0329  0.0332  0.0328  0.0327  0.0327  0.0327
  0.0341  0.0335  0.0332  0.0338  0.0344  0.0346  0.0338  0.0347  0.0334  0.0335  0.0331  0.0330
  0.0360  0.0347  0.0346  0.0387  0.0392  0.0399  0.0351  0.0373  0.0344  0.0353  0.0338  0.0337
niter,ni,del,rscale     1    3    5.0000    1.2000
parameters
   -0.6793   25.3494    5.4815   -2.8761   -8.4744   -0.6880
   -0.9749   -1.6507    3.1188   15.3410    4.5456  -14.9637
eta,q 0.96740 18.92537
  0.0360  0.0349  0.0343  0.0372  0.0375  0.0381  0.0352  0.0374  0.0344  0.0352  0.0339  0.0336
  0.0341  0.0336  0.0335  0.0355  0.0356  0.0360  0.0337  0.0346  0.0334  0.0338  0.0331  0.0331
  0.0329  0.0328  0.0329  0.0339  0.0339  0.0340  0.0329  0.0331  0.0328  0.0330  0.0327  0.0327
  0.0326  0.0326  0.0326  0.0326  0.0326  0.0326  0.0326  0.0326  0.0326  0.0326  0.0326  0.0326
  0.0330  0.0328  0.0327  0.0322  0.0323  0.0322  0.0329  0.0332  0.0328  0.0327  0.0327  0.0327
  0.0342  0.0335  0.0333  0.0339  0.0344  0.0345  0.0338  0.0347  0.0334  0.0335  0.0331  0.0330
  0.0360  0.0347  0.0346  0.0388  0.0391  0.0398  0.0351  0.0373  0.0344  0.0354  0.0338  0.0337
registration optimization eta report
parameter search radius
    2.4000    2.4000    2.4000    7.2000    8.2800    7.2000
    7.2000    7.2000    7.2000    7.2000    7.2000    7.2000
100000*second partial in parameter space
       60.       39.       32.       11.        8.       13.
        5.        9.        4.        5.        2.        2.
  0.0360  0.0349  0.0343  0.0372  0.0375  0.0381  0.0352  0.0374  0.0344  0.0352  0.0339  0.0336
  0.0341  0.0336  0.0335  0.0355  0.0356  0.0360  0.0337  0.0346  0.0334  0.0338  0.0331  0.0331
  0.0329  0.0328  0.0329  0.0339  0.0339  0.0340  0.0329  0.0331  0.0328  0.0330  0.0327  0.0327
  0.0326  0.0326  0.0326  0.0326  0.0326  0.0326  0.0326  0.0326  0.0326  0.0326  0.0326  0.0326
  0.0330  0.0328  0.0327  0.0322  0.0323  0.0322  0.0329  0.0332  0.0328  0.0327  0.0327  0.0327
  0.0342  0.0335  0.0333  0.0339  0.0344  0.0345  0.0338  0.0347  0.0334  0.0335  0.0331  0.0330
  0.0360  0.0347  0.0346  0.0388  0.0391  0.0398  0.0351  0.0373  0.0344  0.0354  0.0338  0.0337
   -0.6793   25.3494    5.4815   -2.8761   -8.4744   -0.6880
   -0.9749   -1.6507    3.1188   15.3410    4.5456  -14.9637
eta,q 0.96740 18.92537

---------------------------------------------------------------------
imgreg_4dfp /opt/freesurfer/average/711-2C_as_mni_average_305 /opt/freesurfer/average/711-2B_as_mni_average_305_mask talsrcimg_g11 none talsrcimg_to_711-2C_as_mni_average_305_t4 2311
---------------------------------------------------------------------

freesurfer imgreg_4dfp.c
/opt/freesurfer/average/711-2C_as_mni_average_305.4dfp.img
       256       256       256         1
  1.000000  1.000000  1.000000
orientation T byte_order littleendian
Reading image: /opt/freesurfer/average/711-2C_as_mni_average_305.4dfp.img
dimensions:      256       256       256
mmppix:       1.0000   -1.0000   -1.0000
center:     128.0000 -129.0000 -129.0000
/opt/freesurfer/average/711-2B_as_mni_average_305_mask.4dfp.img
       256       256       256         1
  1.000000  1.000000  1.000000
orientation T byte_order littleendian
Reading mask: /opt/freesurfer/average/711-2B_as_mni_average_305_mask.4dfp.img (2306576 pixels)
talsrcimg_g11.4dfp.img
       320       320       320         1
  0.700000  0.700000  0.700000
orientation T byte_order littleendian
Reading image: talsrcimg_g11.4dfp.img
dimensions:      320       320       320
mmppix:       0.7000   -0.7000   -0.7000
center:     112.0000 -112.7000 -112.7000
fimgreg.f
image alignment mode   2311 decimal      907 hex
parameters
   -0.6793   25.3494    5.4815   -2.8761   -8.4744   -0.6880
   -0.9749   -1.6507    3.1188   15.3410    4.5456  -14.9637
eta,q 0.96740 18.92537
niter,ni,del,rscale     5    3    5.0000    0.8000
parameters
   -0.7050   25.3493    5.6392   -1.7168   -7.4278   -0.1484
   -0.8358   -1.4756    3.2790   15.3353    4.6820  -14.6759
eta,q 0.96822 19.00353
  0.0341  0.0336  0.0335  0.0355  0.0348  0.0353  0.0334  0.0346  0.0329  0.0332  0.0326  0.0324
  0.0332  0.0330  0.0331  0.0344  0.0338  0.0339  0.0325  0.0331  0.0323  0.0325  0.0321  0.0321
  0.0327  0.0327  0.0328  0.0334  0.0329  0.0328  0.0320  0.0321  0.0319  0.0320  0.0319  0.0319
  0.0326  0.0326  0.0326  0.0326  0.0322  0.0320  0.0318  0.0318  0.0318  0.0318  0.0318  0.0318
  0.0328  0.0327  0.0326  0.0322  0.0319  0.0317  0.0320  0.0320  0.0319  0.0319  0.0318  0.0318
  0.0333  0.0330  0.0328  0.0325  0.0323  0.0324  0.0324  0.0328  0.0322  0.0324  0.0321  0.0320
  0.0342  0.0336  0.0333  0.0339  0.0335  0.0346  0.0332  0.0342  0.0328  0.0333  0.0325  0.0323
niter,ni,del,rscale     4    3    5.0000    0.7000
parameters
   -0.6703   25.1205    5.4506   -1.8728   -7.1791    0.1991
   -0.9543   -1.5200    3.2477   15.2885    4.7248  -14.5254
eta,q 0.96836 19.03859
  0.0333  0.0324  0.0323  0.0338  0.0337  0.0344  0.0327  0.0336  0.0324  0.0327  0.0322  0.0321
  0.0325  0.0320  0.0320  0.0329  0.0329  0.0333  0.0321  0.0325  0.0320  0.0322  0.0319  0.0319
  0.0320  0.0318  0.0318  0.0322  0.0322  0.0324  0.0317  0.0318  0.0317  0.0318  0.0317  0.0317
  0.0318  0.0318  0.0318  0.0318  0.0318  0.0318  0.0316  0.0316  0.0316  0.0316  0.0316  0.0316
  0.0319  0.0320  0.0319  0.0318  0.0318  0.0315  0.0318  0.0319  0.0317  0.0317  0.0317  0.0317
  0.0324  0.0324  0.0322  0.0327  0.0323  0.0321  0.0322  0.0325  0.0320  0.0321  0.0319  0.0318
  0.0332  0.0331  0.0328  0.0346  0.0335  0.0341  0.0328  0.0337  0.0324  0.0329  0.0322  0.0321
niter,ni,del,rscale     3    3    5.0000    0.6000
parameters
   -0.6771   25.0467    5.4006   -1.7732   -7.0425    0.4134
   -0.9420   -1.5096    3.2338   15.2564    4.7829  -14.4487
eta,q 0.96845 19.05440
  0.0327  0.0323  0.0322  0.0333  0.0330  0.0336  0.0324  0.0331  0.0321  0.0324  0.0320  0.0319
  0.0321  0.0319  0.0319  0.0326  0.0324  0.0328  0.0319  0.0322  0.0318  0.0320  0.0317  0.0317
  0.0317  0.0317  0.0317  0.0320  0.0319  0.0321  0.0316  0.0317  0.0316  0.0317  0.0316  0.0316
  0.0316  0.0316  0.0316  0.0316  0.0316  0.0316  0.0315  0.0315  0.0316  0.0315  0.0316  0.0315
  0.0318  0.0317  0.0317  0.0316  0.0316  0.0315  0.0317  0.0317  0.0316  0.0316  0.0316  0.0316
  0.0321  0.0320  0.0319  0.0322  0.0321  0.0320  0.0319  0.0322  0.0318  0.0319  0.0317  0.0317
  0.0327  0.0325  0.0323  0.0334  0.0330  0.0336  0.0324  0.0331  0.0321  0.0325  0.0320  0.0319
niter,ni,del,rscale     2    3    5.0000    0.5000
parameters
   -0.6781   24.9979    5.3615   -1.6605   -6.9208    0.6354
   -0.9285   -1.5002    3.2144   15.2158    4.8411  -14.3807
eta,q 0.96853 19.06711
  0.0323  0.0320  0.0319  0.0328  0.0326  0.0330  0.0321  0.0326  0.0319  0.0321  0.0318  0.0317
  0.0319  0.0317  0.0317  0.0322  0.0321  0.0324  0.0317  0.0320  0.0316  0.0318  0.0316  0.0316
  0.0316  0.0316  0.0316  0.0318  0.0317  0.0319  0.0315  0.0316  0.0315  0.0315  0.0315  0.0315
  0.0316  0.0315  0.0315  0.0315  0.0315  0.0315  0.0315  0.0315  0.0315  0.0315  0.0315  0.0315
  0.0316  0.0316  0.0316  0.0316  0.0316  0.0314  0.0315  0.0316  0.0315  0.0315  0.0315  0.0315
  0.0319  0.0318  0.0317  0.0319  0.0319  0.0318  0.0317  0.0319  0.0317  0.0317  0.0316  0.0316
  0.0323  0.0321  0.0320  0.0328  0.0325  0.0329  0.0321  0.0326  0.0319  0.0322  0.0318  0.0317
niter,ni,del,rscale     1    3    5.0000    0.4000
parameters
   -0.6770   24.9473    5.3129   -1.5783   -6.8106    0.8523
   -0.9161   -1.5033    3.1675   15.1901    4.8585  -14.3969
eta,q 0.96858 19.07964
  0.0320  0.0318  0.0317  0.0323  0.0322  0.0325  0.0318  0.0321  0.0317  0.0318  0.0316  0.0316
  0.0317  0.0316  0.0316  0.0319  0.0318  0.0321  0.0316  0.0317  0.0315  0.0316  0.0315  0.0315
  0.0315  0.0315  0.0315  0.0316  0.0316  0.0317  0.0315  0.0315  0.0314  0.0315  0.0315  0.0314
  0.0315  0.0315  0.0315  0.0315  0.0315  0.0315  0.0314  0.0314  0.0314  0.0314  0.0314  0.0314
  0.0315  0.0315  0.0315  0.0315  0.0315  0.0314  0.0315  0.0315  0.0315  0.0315  0.0314  0.0314
  0.0317  0.0316  0.0316  0.0317  0.0317  0.0316  0.0316  0.0317  0.0316  0.0316  0.0315  0.0315
  0.0320  0.0319  0.0318  0.0323  0.0321  0.0323  0.0318  0.0321  0.0317  0.0319  0.0316  0.0316
registration optimization eta report
parameter search radius
    0.8000    0.8000    0.8000    2.4000    2.4000    2.4000
    2.4000    2.4000    2.4000    2.4000    2.4000    2.4000
100000*second partial in parameter space
       77.       53.       46.       14.       11.       17.
        7.       12.        5.        8.        4.        3.
  0.0320  0.0318  0.0317  0.0323  0.0322  0.0325  0.0318  0.0321  0.0317  0.0318  0.0316  0.0316
  0.0317  0.0316  0.0316  0.0319  0.0318  0.0321  0.0316  0.0317  0.0315  0.0316  0.0315  0.0315
  0.0315  0.0315  0.0315  0.0316  0.0316  0.0317  0.0315  0.0315  0.0314  0.0315  0.0315  0.0314
  0.0315  0.0315  0.0315  0.0315  0.0315  0.0315  0.0314  0.0314  0.0314  0.0314  0.0314  0.0314
  0.0315  0.0315  0.0315  0.0315  0.0315  0.0314  0.0315  0.0315  0.0315  0.0315  0.0314  0.0314
  0.0317  0.0316  0.0316  0.0317  0.0317  0.0316  0.0316  0.0317  0.0316  0.0316  0.0315  0.0315
  0.0320  0.0319  0.0318  0.0323  0.0321  0.0323  0.0318  0.0321  0.0317  0.0319  0.0316  0.0316
   -0.6770   24.9473    5.3129   -1.5783   -6.8106    0.8523
   -0.9161   -1.5033    3.1675   15.1901    4.8585  -14.3969
eta,q 0.96858 19.07964

---------------------------------------------------------------------
imgreg_4dfp /opt/freesurfer/average/711-2C_as_mni_average_305 /opt/freesurfer/average/711-2B_as_mni_average_305_mask talsrcimg_g11 none talsrcimg_to_711-2C_as_mni_average_305_t4 2311
---------------------------------------------------------------------

freesurfer imgreg_4dfp.c
/opt/freesurfer/average/711-2C_as_mni_average_305.4dfp.img
       256       256       256         1
  1.000000  1.000000  1.000000
orientation T byte_order littleendian
Reading image: /opt/freesurfer/average/711-2C_as_mni_average_305.4dfp.img
dimensions:      256       256       256
mmppix:       1.0000   -1.0000   -1.0000
center:     128.0000 -129.0000 -129.0000
/opt/freesurfer/average/711-2B_as_mni_average_305_mask.4dfp.img
       256       256       256         1
  1.000000  1.000000  1.000000
orientation T byte_order littleendian
Reading mask: /opt/freesurfer/average/711-2B_as_mni_average_305_mask.4dfp.img (2306576 pixels)
talsrcimg_g11.4dfp.img
       320       320       320         1
  0.700000  0.700000  0.700000
orientation T byte_order littleendian
Reading image: talsrcimg_g11.4dfp.img
dimensions:      320       320       320
mmppix:       0.7000   -0.7000   -0.7000
center:     112.0000 -112.7000 -112.7000
fimgreg.f
image alignment mode   2311 decimal      907 hex
parameters
   -0.6770   24.9473    5.3129   -1.5783   -6.8106    0.8523
   -0.9161   -1.5033    3.1675   15.1901    4.8585  -14.3969
eta,q 0.96858 19.07963
niter,ni,del,rscale     5    3    5.0000    0.8000
parameters
   -0.6428   24.8839    5.1523   -2.2174   -7.1706    0.1981
   -0.9751   -1.6565    3.1493   15.2712    4.6867  -14.5223
eta,q 0.96823 19.05773
  0.0336  0.0327  0.0324  0.0337  0.0335  0.0343  0.0331  0.0341  0.0328  0.0333  0.0323  0.0323
  0.0324  0.0320  0.0319  0.0327  0.0326  0.0331  0.0323  0.0327  0.0322  0.0325  0.0320  0.0320
  0.0317  0.0315  0.0315  0.0318  0.0319  0.0322  0.0319  0.0320  0.0319  0.0320  0.0318  0.0318
  0.0314  0.0314  0.0314  0.0314  0.0315  0.0316  0.0318  0.0318  0.0318  0.0318  0.0318  0.0318
  0.0316  0.0316  0.0316  0.0318  0.0317  0.0317  0.0319  0.0321  0.0319  0.0319  0.0318  0.0318
  0.0323  0.0321  0.0321  0.0332  0.0327  0.0338  0.0324  0.0329  0.0322  0.0323  0.0320  0.0320
  0.0333  0.0329  0.0330  0.0363  0.0347  0.0378  0.0331  0.0344  0.0327  0.0332  0.0324  0.0323
niter,ni,del,rscale     4    3    5.0000    0.7000
parameters
   -0.6929   25.0591    5.4065   -1.9626   -7.1654    0.1963
   -0.9361   -1.5345    3.2172   15.2622    4.7493  -14.4952
eta,q 0.96834 19.04188
  0.0330  0.0329  0.0327  0.0339  0.0334  0.0341  0.0328  0.0337  0.0325  0.0328  0.0322  0.0321
  0.0323  0.0323  0.0323  0.0330  0.0327  0.0331  0.0322  0.0326  0.0320  0.0322  0.0319  0.0319
  0.0319  0.0319  0.0320  0.0322  0.0320  0.0323  0.0318  0.0319  0.0317  0.0318  0.0317  0.0317
  0.0318  0.0318  0.0317  0.0317  0.0317  0.0317  0.0317  0.0317  0.0317  0.0317  0.0317  0.0317
  0.0320  0.0318  0.0317  0.0316  0.0317  0.0315  0.0318  0.0318  0.0317  0.0317  0.0317  0.0317
  0.0324  0.0320  0.0318  0.0322  0.0324  0.0324  0.0321  0.0324  0.0320  0.0321  0.0319  0.0318
  0.0332  0.0325  0.0322  0.0338  0.0337  0.0348  0.0327  0.0335  0.0324  0.0329  0.0322  0.0321
niter,ni,del,rscale     3    3    5.0000    0.6000
parameters
   -0.6835   25.0451    5.4100   -1.7714   -7.0386    0.4098
   -0.9271   -1.5137    3.2187   15.2378    4.8060  -14.4343
eta,q 0.96845 19.05368
  0.0327  0.0323  0.0322  0.0334  0.0330  0.0336  0.0324  0.0331  0.0322  0.0324  0.0320  0.0319
  0.0321  0.0320  0.0319  0.0326  0.0324  0.0328  0.0319  0.0322  0.0318  0.0320  0.0317  0.0317
  0.0318  0.0317  0.0317  0.0320  0.0319  0.0321  0.0316  0.0317  0.0316  0.0317  0.0316  0.0316
  0.0317  0.0317  0.0317  0.0317  0.0316  0.0316  0.0315  0.0316  0.0316  0.0316  0.0315  0.0315
  0.0318  0.0317  0.0317  0.0316  0.0316  0.0315  0.0316  0.0317  0.0316  0.0316  0.0316  0.0316
  0.0321  0.0320  0.0319  0.0321  0.0321  0.0320  0.0319  0.0322  0.0318  0.0319  0.0317  0.0317
  0.0327  0.0324  0.0323  0.0333  0.0330  0.0336  0.0324  0.0331  0.0321  0.0325  0.0320  0.0319
niter,ni,del,rscale     2    3    5.0000    0.5000
parameters
   -0.6801   24.9949    5.3647   -1.6608   -6.9175    0.6353
   -0.9247   -1.5076    3.2115   15.2120    4.8548  -14.3923
eta,q 0.96853 19.06735
  0.0323  0.0320  0.0319  0.0328  0.0326  0.0330  0.0321  0.0326  0.0319  0.0321  0.0318  0.0317
  0.0319  0.0317  0.0317  0.0322  0.0321  0.0324  0.0317  0.0320  0.0316  0.0318  0.0316  0.0316
  0.0316  0.0316  0.0316  0.0318  0.0317  0.0319  0.0315  0.0316  0.0315  0.0316  0.0315  0.0315
  0.0316  0.0315  0.0315  0.0316  0.0315  0.0315  0.0315  0.0315  0.0315  0.0315  0.0315  0.0315
  0.0316  0.0316  0.0316  0.0316  0.0316  0.0314  0.0315  0.0316  0.0315  0.0315  0.0315  0.0315
  0.0319  0.0318  0.0318  0.0319  0.0319  0.0318  0.0317  0.0319  0.0317  0.0317  0.0316  0.0316
  0.0323  0.0321  0.0320  0.0328  0.0325  0.0329  0.0321  0.0326  0.0319  0.0322  0.0318  0.0317
niter,ni,del,rscale     1    3    5.0000    0.4000
parameters
   -0.6790   24.9455    5.3106   -1.5788   -6.8050    0.8558
   -0.9240   -1.5098    3.1758   15.1863    4.8625  -14.4087
eta,q 0.96858 19.08006
  0.0320  0.0318  0.0317  0.0323  0.0322  0.0325  0.0318  0.0321  0.0317  0.0318  0.0316  0.0316
  0.0317  0.0316  0.0316  0.0319  0.0318  0.0321  0.0316  0.0317  0.0315  0.0316  0.0315  0.0315
  0.0315  0.0315  0.0315  0.0316  0.0316  0.0317  0.0315  0.0315  0.0314  0.0315  0.0314  0.0314
  0.0315  0.0315  0.0315  0.0315  0.0315  0.0315  0.0314  0.0314  0.0314  0.0314  0.0314  0.0314
  0.0315  0.0315  0.0315  0.0315  0.0315  0.0314  0.0315  0.0315  0.0315  0.0315  0.0314  0.0314
  0.0317  0.0316  0.0316  0.0317  0.0317  0.0316  0.0316  0.0317  0.0316  0.0316  0.0315  0.0315
  0.0320  0.0319  0.0318  0.0323  0.0321  0.0323  0.0318  0.0321  0.0317  0.0319  0.0316  0.0316
registration optimization eta report
parameter search radius
    0.8000    0.8000    0.8000    2.4000    2.4000    2.4000
    2.4000    2.4000    2.4000    2.4000    2.4000    2.4000
100000*second partial in parameter space
       77.       53.       46.       14.       11.       17.
        7.       12.        5.        7.        4.        3.
  0.0320  0.0318  0.0317  0.0323  0.0322  0.0325  0.0318  0.0321  0.0317  0.0318  0.0316  0.0316
  0.0317  0.0316  0.0316  0.0319  0.0318  0.0321  0.0316  0.0317  0.0315  0.0316  0.0315  0.0315
  0.0315  0.0315  0.0315  0.0316  0.0316  0.0317  0.0315  0.0315  0.0314  0.0315  0.0314  0.0314
  0.0315  0.0315  0.0315  0.0315  0.0315  0.0315  0.0314  0.0314  0.0314  0.0314  0.0314  0.0314
  0.0315  0.0315  0.0315  0.0315  0.0315  0.0314  0.0315  0.0315  0.0315  0.0315  0.0314  0.0314
  0.0317  0.0316  0.0316  0.0317  0.0317  0.0316  0.0316  0.0317  0.0316  0.0316  0.0315  0.0315
  0.0320  0.0319  0.0318  0.0323  0.0321  0.0323  0.0318  0.0321  0.0317  0.0319  0.0316  0.0316
   -0.6790   24.9455    5.3106   -1.5788   -6.8050    0.8558
   -0.9240   -1.5098    3.1758   15.1863    4.8625  -14.4087
eta,q 0.96858 19.08006

---------------------------------------------------------------------
compute_vox2vox talsrcimg talsrcimg_to_711-2C_as_mni_average_305_t4 /opt/freesurfer/average/711-2C_as_mni_average_305
---------------------------------------------------------------------

freesurfer compute_vox2vox.c
Reading: talsrcimg.4dfp.ifh
Reading: talsrcimg_to_711-2C_as_mni_average_305_t4
Reading: /opt/freesurfer/average/711-2C_as_mni_average_305.4dfp.ifh
Writing: talsrcimg_to_711-2C_as_mni_average_305_t4_vox2vox.txt

start time Fri Mar 13 08:11:11 CET 2026
end		time Fri Mar 13 08:12:33 CET 2026

mpr2mni305 success

avi2talxfm orig_nu.mgz /opt/freesurfer/average/mni305.cor.mgz talsrcimg_to_711-2C_as_mni_average_305_t4_vox2vox.txt transforms/talairach.auto.xfm
avi2talxfm done
mv -f /out/sourcedata/freesurfer/sub-v2s5x29573_ses-1/mri/talsrcimg_to_711-2C_as_mni_average_305_t4_vox2vox.txt /out/sourcedata/freesurfer/sub-v2s5x29573_ses-1/mri/transforms/talsrcimg_to_711-2C_as_mni_average_305_t4_vox2vox.txt
lta_convert --src orig_nu.mgz --trg /opt/freesurfer/average/mni305.cor.mgz --inxfm transforms/talairach.auto.xfm --outlta transforms/talairach.auto.xfm.lta --subject fsaverage
7.3.2

--src: orig_nu.mgz src image (geometry).
--trg: /opt/freesurfer/average/mni305.cor.mgz trg image (geometry).
--inmni: transforms/talairach.auto.xfm input MNI/XFM transform.
--outlta: transforms/talairach.auto.xfm.lta output LTA.
--s: fsaverage subject name
 LTA read, type : 1
 1.01499   0.01337   0.01213   1.67630;
-0.05265   0.96826   0.14918  -31.98995;
-0.02601  -0.15824   1.04830  -15.84467;
 0.00000   0.00000   0.00000   1.00000;
setting subject to fsaverage
Writing  LTA to file transforms/talairach.auto.xfm.lta...
lta_convert successful.
 
 
Started at Fri Mar 13 08:11:10 CET 2026
Ended   at Fri Mar 13 08:12:33 CET 2026
talairach_avi done
