/out/sourcedata/freesurfer/sub-v2s5x29567_ses-1/mri
/opt/freesurfer/bin/talairach_avi
--i orig_nu.mgz --xfm transforms/talairach.auto.xfm
talairach_avi 7.3.2
Linux dna013 5.14.0-427.37.1.el9_4.x86_64 #1 SMP PREEMPT_DYNAMIC Fri Sep 13 12:41:50 EDT 2024 x86_64 x86_64 x86_64 GNU/Linux
Fri Mar 13 08:00:22 CET 2026
mri_convert orig_nu.mgz talsrcimg.img 
reading from orig_nu.mgz...
TR=0.00, TE=0.00, TI=0.00, flip angle=0.00
i_ras = (-1, 0, 0)
j_ras = (0, 0, -1)
k_ras = (0, 1, 0)
writing to talsrcimg.img...
Analyze Output Matrix
-0.70000   0.00000   0.00000   114.14149;
 0.00000   0.00000   0.70000  -86.60400;
 0.00000  -0.70000   0.00000   83.56619;
 0.00000   0.00000   0.00000   1.00000;
--------------------
INFO: set hdr.hist.orient to -1
mpr2mni305 talsrcimg
Fri Mar 13 08:00:22 CET 2026
/opt/freesurfer/bin/mpr2mni305 talsrcimg
mpr2mni305 7.3.2
target=711-2C_as_mni_average_305

---------------------------------------------------------------------
analyzeto4dfp talsrcimg -O0 -y
---------------------------------------------------------------------

freesurfer ifh2hdr.c
Fri Mar 13 08:00:22 2026
Writing: talsrcimg.4dfp.hdr
freesurfer analyzeto4dfp.c
Reading: talsrcimg.hdr
header size 348 bytes
hdr.dime.datatype	offset=70	value=2
hdr.dime.bitpix		offset=72	value=8
hdr.hist.orient		offset=252	value=-1
dimensionality     4
dimensions       320       320       320         1
Reading: talsrcimg.img
Writing: talsrcimg.4dfp.img
Writing: talsrcimg.4dfp.ifh
ifh2hdr talsrcimg -r0to221
ori=2

---------------------------------------------------------------------
gauss_4dfp talsrcimg 1.1
---------------------------------------------------------------------

freesurfer gauss_4dfp.c
Reading: talsrcimg.4dfp.img
Writing: talsrcimg_g11.4dfp.img
image dimensions 320 320 320 padded to 384 384 384
processing volume 1freesurfer ifh2hdr.c
Fri Mar 13 08:00:39 2026
Writing: talsrcimg_g11.4dfp.hdr

Writing: talsrcimg_g11.4dfp.ifh
including: talsrcimg.4dfp.img.rec in talsrcimg_g11.4dfp.img.rec

---------------------------------------------------------------------
imgreg_4dfp /opt/freesurfer/average/711-2C_as_mni_average_305 none talsrcimg_g11 none talsrcimg_to_711-2C_as_mni_average_305_t4 4355
---------------------------------------------------------------------

freesurfer imgreg_4dfp.c
/opt/freesurfer/average/711-2C_as_mni_average_305.4dfp.img
       256       256       256         1
  1.000000  1.000000  1.000000
orientation T byte_order littleendian
Reading image: /opt/freesurfer/average/711-2C_as_mni_average_305.4dfp.img
dimensions:      256       256       256
mmppix:       1.0000   -1.0000   -1.0000
center:     128.0000 -129.0000 -129.0000
talsrcimg_g11.4dfp.img
       320       320       320         1
  0.700000  0.700000  0.700000
orientation T byte_order littleendian
Reading image: talsrcimg_g11.4dfp.img
dimensions:      320       320       320
mmppix:       0.7000   -0.7000   -0.7000
center:     112.0000 -112.7000 -112.7000
t4_read: open error in t4_sub.f l:  41 t4_file(1:l)talsrcimg_to_711-2C_as_mni_average_305_t4 
t4_read: transform initialized to I4
rotation matrix determinant  1.000000
image alignment mode   4355 decimal     1103 hex
   -7.5000  -45.0000  -45.0000 4576.0425   21.1639
    0.0000  -45.0000  -45.0000 4842.9771   21.2013
    7.5000  -45.0000  -45.0000 4623.0210   21.2035
   -7.5000  -37.5000  -45.0000 4965.5229   21.2379
    0.0000  -37.5000  -45.0000 5256.1421   21.2725
    7.5000  -37.5000  -45.0000 5011.2056   21.2792
   -7.5000  -30.0000  -45.0000 5439.0669   20.9411
    0.0000  -30.0000  -45.0000 5764.8799   20.9589
    7.5000  -30.0000  -45.0000 5483.2368   20.9637
   -7.5000  -22.5000  -45.0000 5770.3257   20.2646
    0.0000  -22.5000  -45.0000 6117.6484   20.2829
    7.5000  -22.5000  -45.0000 5806.1245   20.2857
   -7.5000  -15.0000  -45.0000 6342.6646   19.8012
    0.0000  -15.0000  -45.0000 6727.2412   19.8294
    7.5000  -15.0000  -45.0000 6382.3613   19.8286
   -7.5000   -7.5000  -45.0000 6927.3936   19.4896
    0.0000   -7.5000  -45.0000 7344.5537   19.5217
    7.5000   -7.5000  -45.0000 6974.6816   19.5185
   -7.5000    0.0000  -45.0000 7555.2134   19.4109
    0.0000    0.0000  -45.0000 7997.1211   19.4438
    7.5000    0.0000  -45.0000 7603.6943   19.4427
   -7.5000    7.5000  -45.0000 7545.5254   19.4007
    0.0000    7.5000  -45.0000 7951.6348   19.4246
    7.5000    7.5000  -45.0000 7572.1343   19.4254
   -7.5000   15.0000  -45.0000 7428.4492   19.1384
    0.0000   15.0000  -45.0000 7824.1709   19.1534
    7.5000   15.0000  -45.0000 7428.0044   19.1544
   -7.5000   22.5000  -45.0000 7247.6235   18.6425
    0.0000   22.5000  -45.0000 7622.3159   18.6616
    7.5000   22.5000  -45.0000 7218.3057   18.6632
   -7.5000   30.0000  -45.0000 7206.6997   18.6426
    0.0000   30.0000  -45.0000 7604.8047   18.6688
    7.5000   30.0000  -45.0000 7169.0737   18.6676
   -7.5000   37.5000  -45.0000 6876.3105   18.0461
    0.0000   37.5000  -45.0000 7269.2285   18.0757
    7.5000   37.5000  -45.0000 6838.3950   18.0722
   -7.5000   45.0000  -45.0000 6484.1270   17.3844
    0.0000   45.0000  -45.0000 6871.9814   17.4138
    7.5000   45.0000  -45.0000 6465.7876   17.4128
   -7.5000  -45.0000  -37.5000 4785.9419   22.1793
    0.0000  -45.0000  -37.5000 5089.3970   22.2217
    7.5000  -45.0000  -37.5000 4845.5781   22.2211
   -7.5000  -37.5000  -37.5000 5247.7896   22.3038
    0.0000  -37.5000  -37.5000 5569.9761   22.3387
    7.5000  -37.5000  -37.5000 5289.3130   22.3360
   -7.5000  -30.0000  -37.5000 5779.5439   21.9554
    0.0000  -30.0000  -37.5000 6132.5537   21.9786
    7.5000  -30.0000  -37.5000 5818.5991   21.9765
   -7.5000  -22.5000  -37.5000 6140.3101   21.2264
    0.0000  -22.5000  -37.5000 6500.4272   21.2581
    7.5000  -22.5000  -37.5000 6173.0630   21.2603
   -7.5000  -15.0000  -37.5000 6776.7314   20.7351
    0.0000  -15.0000  -37.5000 7159.0210   20.7781
    7.5000  -15.0000  -37.5000 6800.6211   20.7815
   -7.5000   -7.5000  -37.5000 7403.8428   20.4266
    0.0000   -7.5000  -37.5000 7828.4204   20.4690
    7.5000   -7.5000  -37.5000 7445.1567   20.4687
   -7.5000    0.0000  -37.5000 8088.6533   20.3673
    0.0000    0.0000  -37.5000 8519.2275   20.4040
    7.5000    0.0000  -37.5000 8118.9443   20.4003
   -7.5000    7.5000  -37.5000 8042.2188   20.3644
    0.0000    7.5000  -37.5000 8464.7861   20.3895
    7.5000    7.5000  -37.5000 8056.0762   20.3834
   -7.5000   15.0000  -37.5000 7911.7603   20.0792
    0.0000   15.0000  -37.5000 8325.0918   20.1001
    7.5000   15.0000  -37.5000 7899.3213   20.0950
   -7.5000   22.5000  -37.5000 7715.5308   19.5494
    0.0000   22.5000  -37.5000 8123.5737   19.5802
    7.5000   22.5000  -37.5000 7679.9004   19.5812
   -7.5000   30.0000  -37.5000 7700.8945   19.5399
    0.0000   30.0000  -37.5000 8124.2632   19.5792
    7.5000   30.0000  -37.5000 7642.7510   19.5818
   -7.5000   37.5000  -37.5000 7353.0688   18.9293
    0.0000   37.5000  -37.5000 7770.1519   18.9685
    7.5000   37.5000  -37.5000 7301.4307   18.9677
   -7.5000   45.0000  -37.5000 6951.2627   18.2399
    0.0000   45.0000  -37.5000 7334.0601   18.2727
    7.5000   45.0000  -37.5000 6907.9956   18.2694
   -7.5000  -45.0000  -30.0000 5018.9937   23.2270
    0.0000  -45.0000  -30.0000 5331.2031   23.2701
    7.5000  -45.0000  -30.0000 5064.8184   23.2656
   -7.5000  -37.5000  -30.0000 5515.7769   23.3619
    0.0000  -37.5000  -30.0000 5853.3711   23.3953
    7.5000  -37.5000  -30.0000 5557.4043   23.3846
   -7.5000  -30.0000  -30.0000 6107.6733   22.9602
    0.0000  -30.0000  -30.0000 6463.2920   22.9848
    7.5000  -30.0000  -30.0000 6136.3657   22.9736
   -7.5000  -22.5000  -30.0000 6507.0918   22.1956
    0.0000  -22.5000  -30.0000 6874.3608   22.2300
    7.5000  -22.5000  -30.0000 6533.4380   22.2240
   -7.5000  -15.0000  -30.0000 7206.9546   21.6854
    0.0000  -15.0000  -30.0000 7580.7402   21.7299
    7.5000  -15.0000  -30.0000 7216.6128   21.7280
   -7.5000   -7.5000  -30.0000 7895.2280   21.3771
    0.0000   -7.5000  -30.0000 8322.6807   21.4196
    7.5000   -7.5000  -30.0000 7915.8262   21.4150
   -7.5000    0.0000  -30.0000 8630.5439   21.3249
    0.0000    0.0000  -30.0000 9069.9209   21.3607
    7.5000    0.0000  -30.0000 8627.9424   21.3518
   -7.5000    7.5000  -30.0000 8556.8232   21.3175
    0.0000    7.5000  -30.0000 9003.9209   21.3418
    7.5000    7.5000  -30.0000 8544.4893   21.3281
   -7.5000   15.0000  -30.0000 8410.2002   21.0105
    0.0000   15.0000  -30.0000 8856.2021   21.0324
    7.5000   15.0000  -30.0000 8384.4463   21.0181
   -7.5000   22.5000  -30.0000 8197.4717   20.4604
    0.0000   22.5000  -30.0000 8637.7256   20.4928
    7.5000   22.5000  -30.0000 8136.5811   20.4859
   -7.5000   30.0000  -30.0000 8188.9556   20.4523
    0.0000   30.0000  -30.0000 8639.9463   20.4926
    7.5000   30.0000  -30.0000 8106.4995   20.4897
   -7.5000   37.5000  -30.0000 7831.6587   19.8403
    0.0000   37.5000  -30.0000 8263.9619   19.8797
    7.5000   37.5000  -30.0000 7751.3730   19.8749
   -7.5000   45.0000  -30.0000 7377.0894   19.1270
    0.0000   45.0000  -30.0000 7797.1089   19.1590
    7.5000   45.0000  -30.0000 7314.6167   19.1512
   -7.5000  -45.0000  -22.5000 5103.4556   23.7892
    0.0000  -45.0000  -22.5000 5415.9629   23.8183
    7.5000  -45.0000  -22.5000 5146.3867   23.8161
   -7.5000  -37.5000  -22.5000 5592.6626   23.8620
    0.0000  -37.5000  -22.5000 5923.7910   23.8853
    7.5000  -37.5000  -22.5000 5634.5737   23.8795
   -7.5000  -30.0000  -22.5000 6180.2051   23.4349
    0.0000  -30.0000  -22.5000 6520.5186   23.4466
    7.5000  -30.0000  -22.5000 6219.6455   23.4362
   -7.5000  -22.5000  -22.5000 6607.6948   22.6671
    0.0000  -22.5000  -22.5000 6947.5786   22.6816
    7.5000  -22.5000  -22.5000 6646.9307   22.6703
   -7.5000  -15.0000  -22.5000 7348.2603   22.1506
    0.0000  -15.0000  -22.5000 7721.0151   22.1736
    7.5000  -15.0000  -22.5000 7381.9688   22.1643
   -7.5000   -7.5000  -22.5000 8094.8975   21.8237
    0.0000   -7.5000  -22.5000 8493.4336   21.8484
    7.5000   -7.5000  -22.5000 8104.8823   21.8390
   -7.5000    0.0000  -22.5000 8863.5127   21.7524
    0.0000    0.0000  -22.5000 9305.2539   21.7761
    7.5000    0.0000  -22.5000 8861.4219   21.7675
   -7.5000    7.5000  -22.5000 8817.6689   21.7323
    0.0000    7.5000  -22.5000 9260.9629   21.7474
    7.5000    7.5000  -22.5000 8789.8271   21.7361
   -7.5000   15.0000  -22.5000 8655.1553   21.4227
    0.0000   15.0000  -22.5000 9081.8135   21.4321
    7.5000   15.0000  -22.5000 8595.9395   21.4172
   -7.5000   22.5000  -22.5000 8452.4023   20.8781
    0.0000   22.5000  -22.5000 8873.2568   20.8925
    7.5000   22.5000  -22.5000 8349.5693   20.8804
   -7.5000   30.0000  -22.5000 8452.8447   20.8826
    0.0000   30.0000  -22.5000 8895.5918   20.9030
    7.5000   30.0000  -22.5000 8328.3506   20.8931
   -7.5000   37.5000  -22.5000 8057.3013   20.2537
    0.0000   37.5000  -22.5000 8494.6729   20.2767
    7.5000   37.5000  -22.5000 7954.9351   20.2675
   -7.5000   45.0000  -22.5000 7602.4341   19.5107
    0.0000   45.0000  -22.5000 7994.7666   19.5319
    7.5000   45.0000  -22.5000 7520.7666   19.5243
   -7.5000  -45.0000  -15.0000 5288.9116   24.5939
    0.0000  -45.0000  -15.0000 5620.4248   24.6191
    7.5000  -45.0000  -15.0000 5325.9312   24.6221
   -7.5000  -37.5000  -15.0000 5795.3804   24.6702
    0.0000  -37.5000  -15.0000 6131.1133   24.6958
    7.5000  -37.5000  -15.0000 5829.6226   24.7018
   -7.5000  -30.0000  -15.0000 6409.5005   24.2210
    0.0000  -30.0000  -15.0000 6742.2461   24.2272
    7.5000  -30.0000  -15.0000 6448.5020   24.2244
   -7.5000  -22.5000  -15.0000 6871.8608   23.4617
    0.0000  -22.5000  -15.0000 7206.8047   23.4605
    7.5000  -22.5000  -15.0000 6901.0913   23.4498
   -7.5000  -15.0000  -15.0000 7664.9937   22.9384
    0.0000  -15.0000  -15.0000 8030.8438   22.9449
    7.5000  -15.0000  -15.0000 7685.1714   22.9319
   -7.5000   -7.5000  -15.0000 8467.7041   22.5826
    0.0000   -7.5000  -15.0000 8870.5898   22.5968
    7.5000   -7.5000  -15.0000 8445.4912   22.5856
   -7.5000    0.0000  -15.0000 9327.7295   22.4840
    0.0000    0.0000  -15.0000 9794.3896   22.5056
    7.5000    0.0000  -15.0000 9270.0664   22.5012
   -7.5000    7.5000  -15.0000 9363.1348   22.4539
    0.0000    7.5000  -15.0000 9861.7852   22.4695
    7.5000    7.5000  -15.0000 9260.1104   22.4667
   -7.5000   15.0000  -15.0000 9236.8525   22.1554
    0.0000   15.0000  -15.0000 9678.1182   22.1587
    7.5000   15.0000  -15.0000 9096.5352   22.1504
   -7.5000   22.5000  -15.0000 8957.8848   21.6306
    0.0000   22.5000  -15.0000 9392.0361   21.6318
    7.5000   22.5000  -15.0000 8783.3408   21.6202
   -7.5000   30.0000  -15.0000 8917.8096   21.6433
    0.0000   30.0000  -15.0000 9356.4658   21.6492
    7.5000   30.0000  -15.0000 8742.6455   21.6359
   -7.5000   37.5000  -15.0000 8514.4072   20.9909
    0.0000   37.5000  -15.0000 8931.6484   21.0042
    7.5000   37.5000  -15.0000 8355.2490   20.9933
   -7.5000   45.0000  -15.0000 8052.2441   20.2168
    0.0000   45.0000  -15.0000 8469.7637   20.2362
    7.5000   45.0000  -15.0000 7907.6235   20.2322
   -7.5000  -45.0000   -7.5000 5411.4141   25.2949
    0.0000  -45.0000   -7.5000 5726.3062   25.3281
    7.5000  -45.0000   -7.5000 5443.9678   25.3322
   -7.5000  -37.5000   -7.5000 5913.2271   25.3902
    0.0000  -37.5000   -7.5000 6271.5625   25.4258
    7.5000  -37.5000   -7.5000 5952.3242   25.4384
   -7.5000  -30.0000   -7.5000 6550.2480   24.9180
    0.0000  -30.0000   -7.5000 6950.9590   24.9305
    7.5000  -30.0000   -7.5000 6588.1548   24.9358
   -7.5000  -22.5000   -7.5000 7030.3398   24.1441
    0.0000  -22.5000   -7.5000 7442.3179   24.1478
    7.5000  -22.5000   -7.5000 7058.8882   24.1447
   -7.5000  -15.0000   -7.5000 7848.9927   23.6057
    0.0000  -15.0000   -7.5000 8292.2422   23.6180
    7.5000  -15.0000   -7.5000 7853.5142   23.6086
   -7.5000   -7.5000   -7.5000 8695.0469   23.2292
    0.0000   -7.5000   -7.5000 9155.4287   23.2499
    7.5000   -7.5000   -7.5000 8662.1777   23.2404
   -7.5000    0.0000   -7.5000 9689.0674   23.1193
    0.0000    0.0000   -7.500010194.4297   23.1486
    7.5000    0.0000   -7.5000 9604.5420   23.1467
   -7.5000    7.5000   -7.5000 9928.8623   23.0895
    0.0000    7.5000   -7.500010520.8213   23.1125
    7.5000    7.5000   -7.5000 9741.9297   23.1155
   -7.5000   15.0000   -7.5000 9901.1553   22.7988
    0.0000   15.0000   -7.500010499.1631   22.8077
    7.5000   15.0000   -7.5000 9645.3369   22.8075
   -7.5000   22.5000   -7.5000 9509.5068   22.2807
    0.0000   22.5000   -7.500010009.0303   22.2872
    7.5000   22.5000   -7.5000 9266.3652   22.2826
   -7.5000   30.0000   -7.5000 9402.7354   22.2916
    0.0000   30.0000   -7.5000 9872.7324   22.3032
    7.5000   30.0000   -7.5000 9161.2725   22.2936
   -7.5000   37.5000   -7.5000 8955.0264   21.6254
    0.0000   37.5000   -7.5000 9445.4238   21.6446
    7.5000   37.5000   -7.5000 8715.6348   21.6353
   -7.5000   45.0000   -7.5000 8496.0244   20.8395
    0.0000   45.0000   -7.5000 9002.3223   20.8658
    7.5000   45.0000   -7.5000 8253.0342   20.8641
   -7.5000  -45.0000    0.0000 5440.9839   25.8188
    0.0000  -45.0000    0.0000 5803.7183   25.8633
    7.5000  -45.0000    0.0000 5491.2324   25.8660
   -7.5000  -37.5000    0.0000 6002.5752   25.9487
    0.0000  -37.5000    0.0000 6387.9673   25.9910
    7.5000  -37.5000    0.0000 6053.3267   25.9995
   -7.5000  -30.0000    0.0000 6688.1118   25.4496
    0.0000  -30.0000    0.0000 7085.8672   25.4722
    7.5000  -30.0000    0.0000 6724.5410   25.4786
   -7.5000  -22.5000    0.0000 7190.4541   24.6347
    0.0000  -22.5000    0.0000 7605.1104   24.6576
    7.5000  -22.5000    0.0000 7221.4937   24.6616
   -7.5000  -15.0000    0.0000 8026.0479   24.0754
    0.0000  -15.0000    0.0000 8469.1309   24.1095
    7.5000  -15.0000    0.0000 8055.6738   24.1087
   -7.5000   -7.5000    0.0000 8929.2305   23.6988
    0.0000   -7.5000    0.0000 9402.4248   23.7369
    7.5000   -7.5000    0.0000 8929.5781   23.7329
   -7.5000    0.0000    0.000010067.4795   23.6037
    0.0000    0.0000    0.000010716.5605   23.6430
    7.5000    0.0000    0.0000 9949.0010   23.6416
   -7.5000    7.5000    0.000010362.3457   23.5837
    0.0000    7.5000    0.000011253.0654   23.6129
    7.5000    7.5000    0.000010121.5176   23.6142
   -7.5000   15.0000    0.000010285.9365   23.2860
    0.0000   15.0000    0.000011218.6699   23.3051
    7.5000   15.0000    0.0000 9989.8955   23.3068
   -7.5000   22.5000    0.0000 9853.5127   22.7510
    0.0000   22.5000    0.000010668.6230   22.7750
    7.5000   22.5000    0.0000 9584.6104   22.7774
   -7.5000   30.0000    0.0000 9741.4561   22.7505
    0.0000   30.0000    0.000010489.0000   22.7823
    7.5000   30.0000    0.0000 9462.6367   22.7810
   -7.5000   37.5000    0.0000 9275.5234   22.0888
    0.0000   37.5000    0.0000 9932.8154   22.1242
    7.5000   37.5000    0.0000 8978.0674   22.1198
   -7.5000   45.0000    0.0000 8777.2188   21.3169
    0.0000   45.0000    0.0000 9363.8691   21.3522
    7.5000   45.0000    0.0000 8480.4199   21.3510
   -7.5000  -45.0000    7.5000 5180.0903   26.6897
    0.0000  -45.0000    7.5000 5492.6440   26.7404
    7.5000  -45.0000    7.5000 5230.4404   26.7419
   -7.5000  -37.5000    7.5000 5715.5278   26.8082
    0.0000  -37.5000    7.5000 6078.7642   26.8494
    7.5000  -37.5000    7.5000 5761.5361   26.8480
   -7.5000  -30.0000    7.5000 6349.9443   26.2491
    0.0000  -30.0000    7.5000 6758.1768   26.2757
    7.5000  -30.0000    7.5000 6392.2964   26.2749
   -7.5000  -22.5000    7.5000 6840.7119   25.3554
    0.0000  -22.5000    7.5000 7284.3550   25.3923
    7.5000  -22.5000    7.5000 6879.5024   25.3969
   -7.5000  -15.0000    7.5000 7660.4326   24.7543
    0.0000  -15.0000    7.5000 8168.5498   24.8054
    7.5000  -15.0000    7.5000 7682.6709   24.8116
   -7.5000   -7.5000    7.5000 8578.0205   24.3749
    0.0000   -7.5000    7.5000 9158.0273   24.4253
    7.5000   -7.5000    7.5000 8532.8115   24.4270
   -7.5000    0.0000    7.5000 9600.7158   24.3018
    0.0000    0.0000    7.500010298.7109   24.3453
    7.5000    0.0000    7.5000 9452.5996   24.3426
   -7.5000    7.5000    7.5000 9721.3154   24.2911
    0.0000    7.5000    7.500010528.7432   24.3204
    7.5000    7.5000    7.5000 9521.9961   24.3146
   -7.5000   15.0000    7.5000 9548.4463   23.9687
    0.0000   15.0000    7.500010245.1416   23.9928
    7.5000   15.0000    7.5000 9367.0752   23.9882
   -7.5000   22.5000    7.5000 9177.9238   23.3919
    0.0000   22.5000    7.5000 9781.6016   23.4280
    7.5000   22.5000    7.5000 9041.4570   23.4310
   -7.5000   30.0000    7.5000 9174.1035   23.3798
    0.0000   30.0000    7.5000 9766.6016   23.4266
    7.5000   30.0000    7.5000 8994.3496   23.4317
   -7.5000   37.5000    7.5000 8767.4023   22.7160
    0.0000   37.5000    7.5000 9334.3711   22.7630
    7.5000   37.5000    7.5000 8554.9297   22.7638
   -7.5000   45.0000    7.5000 8296.6172   21.9464
    0.0000   45.0000    7.5000 8810.4189   21.9856
    7.5000   45.0000    7.5000 8055.2236   21.9833
   -7.5000  -45.0000   15.0000 4881.2085   27.8273
    0.0000  -45.0000   15.0000 5199.8188   27.8740
    7.5000  -45.0000   15.0000 4919.8501   27.8675
   -7.5000  -37.5000   15.0000 5415.2256   27.9102
    0.0000  -37.5000   15.0000 5796.0781   27.9447
    7.5000  -37.5000   15.0000 5438.1230   27.9319
   -7.5000  -30.0000   15.0000 6058.5947   27.2725
    0.0000  -30.0000   15.0000 6459.1177   27.2960
    7.5000  -30.0000   15.0000 6063.2607   27.2811
   -7.5000  -22.5000   15.0000 6539.0200   26.3076
    0.0000  -22.5000   15.0000 6956.1304   26.3439
    7.5000  -22.5000   15.0000 6529.5698   26.3329
   -7.5000  -15.0000   15.0000 7325.3252   25.6660
    0.0000  -15.0000   15.0000 7768.5923   25.7160
    7.5000  -15.0000   15.0000 7292.0610   25.7096
   -7.5000   -7.5000   15.0000 8130.5137   25.2735
    0.0000   -7.5000   15.0000 8590.6680   25.3213
    7.5000   -7.5000   15.0000 8062.1021   25.3134
   -7.5000    0.0000   15.0000 8969.9502   25.2076
    0.0000    0.0000   15.0000 9496.4707   25.2464
    7.5000    0.0000   15.0000 8877.2695   25.2354
   -7.5000    7.5000   15.0000 8982.5547   25.1946
    0.0000    7.5000   15.0000 9529.1455   25.2187
    7.5000    7.5000   15.0000 8870.8203   25.2024
   -7.5000   15.0000   15.0000 8783.7275   24.8459
    0.0000   15.0000   15.0000 9244.4072   24.8671
    7.5000   15.0000   15.0000 8709.5020   24.8486
   -7.5000   22.5000   15.0000 8482.2793   24.2360
    0.0000   22.5000   15.0000 8916.0771   24.2704
    7.5000   22.5000   15.0000 8425.7402   24.2589
   -7.5000   30.0000   15.0000 8502.0215   24.2241
    0.0000   30.0000   15.0000 8953.8223   24.2692
    7.5000   30.0000   15.0000 8399.8428   24.2619
   -7.5000   37.5000   15.0000 8150.1982   23.5504
    0.0000   37.5000   15.0000 8597.2344   23.5948
    7.5000   37.5000   15.0000 8027.6616   23.5868
   -7.5000   45.0000   15.0000 7725.1426   22.7635
    0.0000   45.0000   15.0000 8142.6860   22.7984
    7.5000   45.0000   15.0000 7581.4980   22.7886
   -7.5000  -45.0000   22.5000 4549.9819   29.1487
    0.0000  -45.0000   22.5000 4865.3267   29.1918
    7.5000  -45.0000   22.5000 4560.8081   29.1933
   -7.5000  -37.5000   22.5000 5066.9634   29.1972
    0.0000  -37.5000   22.5000 5413.6133   29.2286
    7.5000  -37.5000   22.5000 5060.1641   29.2231
   -7.5000  -30.0000   22.5000 5673.6147   28.5277
    0.0000  -30.0000   22.5000 6036.5400   28.5405
    7.5000  -30.0000   22.5000 5647.6084   28.5257
   -7.5000  -22.5000   22.5000 6107.2661   27.5095
    0.0000  -22.5000   22.5000 6471.0610   27.5260
    7.5000  -22.5000   22.5000 6062.1494   27.5082
   -7.5000  -15.0000   22.5000 6815.4131   26.8230
    0.0000  -15.0000   22.5000 7191.8120   26.8536
    7.5000  -15.0000   22.5000 6763.8994   26.8405
   -7.5000   -7.5000   22.5000 7490.9863   26.3817
    0.0000   -7.5000   22.5000 7904.9458   26.4172
    7.5000   -7.5000   22.5000 7475.9409   26.4077
   -7.5000    0.0000   22.5000 8247.8418   26.2841
    0.0000    0.0000   22.5000 8681.2598   26.3181
    7.5000    0.0000   22.5000 8235.7266   26.3107
   -7.5000    7.5000   22.5000 8236.1455   26.2565
    0.0000    7.5000   22.5000 8673.2188   26.2766
    7.5000    7.5000   22.5000 8216.6797   26.2636
   -7.5000   15.0000   22.5000 8080.1440   25.8997
    0.0000   15.0000   22.5000 8439.6006   25.9097
    7.5000   15.0000   22.5000 8054.1836   25.8894
   -7.5000   22.5000   22.5000 7859.3604   25.3010
    0.0000   22.5000   22.5000 8186.2114   25.3177
    7.5000   22.5000   22.5000 7808.2734   25.2994
   -7.5000   30.0000   22.5000 7856.0874   25.3029
    0.0000   30.0000   22.5000 8226.7363   25.3300
    7.5000   30.0000   22.5000 7790.1860   25.3162
   -7.5000   37.5000   22.5000 7556.4316   24.6019
    0.0000   37.5000   22.5000 7923.1938   24.6351
    7.5000   37.5000   22.5000 7469.4619   24.6254
   -7.5000   45.0000   22.5000 7172.8726   23.7652
    0.0000   45.0000   22.5000 7511.2266   23.7959
    7.5000   45.0000   22.5000 7064.9102   23.7892
   -7.5000  -45.0000   30.0000 4385.3530   30.9846
    0.0000  -45.0000   30.0000 4679.0024   31.0457
    7.5000  -45.0000   30.0000 4393.7852   31.0492
   -7.5000  -37.5000   30.0000 4873.6533   30.9855
    0.0000  -37.5000   30.0000 5200.4521   31.0461
    7.5000  -37.5000   30.0000 4888.8970   31.0543
   -7.5000  -30.0000   30.0000 5468.1362   30.2793
    0.0000  -30.0000   30.0000 5815.9150   30.3096
    7.5000  -30.0000   30.0000 5464.5630   30.3073
   -7.5000  -22.5000   30.0000 5883.6084   29.2277
    0.0000  -22.5000   30.0000 6237.5850   29.2471
    7.5000  -22.5000   30.0000 5871.1885   29.2343
   -7.5000  -15.0000   30.0000 6553.3267   28.4741
    0.0000  -15.0000   30.0000 6918.9194   28.5051
    7.5000  -15.0000   30.0000 6556.6875   28.4897
   -7.5000   -7.5000   30.0000 7208.6655   27.9527
    0.0000   -7.5000   30.0000 7605.1035   27.9936
    7.5000   -7.5000   30.0000 7257.0991   27.9802
   -7.5000    0.0000   30.0000 7933.7832   27.8041
    0.0000    0.0000   30.0000 8340.6006   27.8537
    7.5000    0.0000   30.0000 7972.9663   27.8480
   -7.5000    7.5000   30.0000 7929.5107   27.7616
    0.0000    7.5000   30.0000 8322.5576   27.8015
    7.5000    7.5000   30.0000 7948.8936   27.7977
   -7.5000   15.0000   30.0000 7805.1743   27.4078
    0.0000   15.0000   30.0000 8139.5386   27.4300
    7.5000   15.0000   30.0000 7799.4775   27.4197
   -7.5000   22.5000   30.0000 7594.9800   26.8126
    0.0000   22.5000   30.0000 7899.9346   26.8328
    7.5000   22.5000   30.0000 7561.9341   26.8188
   -7.5000   30.0000   30.0000 7600.5532   26.8286
    0.0000   30.0000   30.0000 7921.3979   26.8570
    7.5000   30.0000   30.0000 7547.1680   26.8411
   -7.5000   37.5000   30.0000 7310.3047   26.0614
    0.0000   37.5000   30.0000 7632.6255   26.0995
    7.5000   37.5000   30.0000 7245.9668   26.0863
   -7.5000   45.0000   30.0000 6933.5664   25.1323
    0.0000   45.0000   30.0000 7267.4097   25.1772
    7.5000   45.0000   30.0000 6858.3203   25.1721
   -7.5000  -45.0000   37.5000 4027.4307   32.4599
    0.0000  -45.0000   37.5000 4283.7852   32.5395
    7.5000  -45.0000   37.5000 4060.3438   32.5337
   -7.5000  -37.5000   37.5000 4485.9346   32.4482
    0.0000  -37.5000   37.5000 4783.5898   32.5250
    7.5000  -37.5000   37.5000 4515.6611   32.5287
   -7.5000  -30.0000   37.5000 5044.9336   31.6857
    0.0000  -30.0000   37.5000 5374.6821   31.7264
    7.5000  -30.0000   37.5000 5052.9199   31.7252
   -7.5000  -22.5000   37.5000 5446.1772   30.5590
    0.0000  -22.5000   37.5000 5772.6167   30.5907
    7.5000  -22.5000   37.5000 5457.2363   30.5832
   -7.5000  -15.0000   37.5000 6050.2881   29.7337
    0.0000  -15.0000   37.5000 6406.0278   29.7817
    7.5000  -15.0000   37.5000 6093.3345   29.7667
   -7.5000   -7.5000   37.5000 6679.7798   29.1486
    0.0000   -7.5000   37.5000 7059.4893   29.2064
    7.5000   -7.5000   37.5000 6745.2837   29.1873
   -7.5000    0.0000   37.5000 7346.1021   28.9921
    0.0000    0.0000   37.5000 7742.9800   29.0572
    7.5000    0.0000   37.5000 7395.7227   29.0443
   -7.5000    7.5000   37.5000 7333.6943   28.9613
    0.0000    7.5000   37.5000 7704.0420   29.0128
    7.5000    7.5000   37.5000 7363.3867   29.0062
   -7.5000   15.0000   37.5000 7216.5176   28.5968
    0.0000   15.0000   37.5000 7570.0747   28.6279
    7.5000   15.0000   37.5000 7231.1040   28.6206
   -7.5000   22.5000   37.5000 7018.9863   27.9759
    0.0000   22.5000   37.5000 7352.4209   28.0087
    7.5000   22.5000   37.5000 7013.4482   28.0000
   -7.5000   30.0000   37.5000 7036.7271   27.9774
    0.0000   30.0000   37.5000 7366.4644   28.0220
    7.5000   30.0000   37.5000 7015.1982   28.0071
   -7.5000   37.5000   37.5000 6770.6724   27.1702
    0.0000   37.5000   37.5000 7101.6011   27.2240
    7.5000   37.5000   37.5000 6740.1562   27.2054
   -7.5000   45.0000   37.5000 6430.2725   26.2025
    0.0000   45.0000   37.5000 6753.3633   26.2613
    7.5000   45.0000   37.5000 6393.7690   26.2496
   -7.5000  -45.0000   45.0000 3688.1770   34.0757
    0.0000  -45.0000   45.0000 3924.6453   34.1871
    7.5000  -45.0000   45.0000 3731.0120   34.1872
   -7.5000  -37.5000   45.0000 4128.3965   34.0722
    0.0000  -37.5000   45.0000 4395.5049   34.1649
    7.5000  -37.5000   45.0000 4160.5830   34.1767
   -7.5000  -30.0000   45.0000 4649.4121   33.2052
    0.0000  -30.0000   45.0000 4947.5757   33.2603
    7.5000  -30.0000   45.0000 4667.9287   33.2688
   -7.5000  -22.5000   45.0000 5006.7192   31.9729
    0.0000  -22.5000   45.0000 5321.1851   32.0359
    7.5000  -22.5000   45.0000 5039.0186   32.0427
   -7.5000  -15.0000   45.0000 5587.2993   31.0892
    0.0000  -15.0000   45.0000 5932.8765   31.1808
    7.5000  -15.0000   45.0000 5638.0034   31.1827
   -7.5000   -7.5000   45.0000 6171.2725   30.4471
    0.0000   -7.5000   45.0000 6563.8774   30.5427
    7.5000   -7.5000   45.0000 6243.3276   30.5371
   -7.5000    0.0000   45.0000 6794.1172   30.3010
    0.0000    0.0000   45.0000 7201.4653   30.3874
    7.5000    0.0000   45.0000 6850.0952   30.3824
   -7.5000    7.5000   45.0000 6782.7832   30.2868
    0.0000    7.5000   45.0000 7156.2417   30.3467
    7.5000    7.5000   45.0000 6798.3809   30.3446
   -7.5000   15.0000   45.0000 6667.8301   29.8972
    0.0000   15.0000   45.0000 7027.5693   29.9413
    7.5000   15.0000   45.0000 6677.1460   29.9415
   -7.5000   22.5000   45.0000 6493.1016   29.2278
    0.0000   22.5000   45.0000 6829.1406   29.2898
    7.5000   22.5000   45.0000 6500.4214   29.2955
   -7.5000   30.0000   45.0000 6495.6919   29.2092
    0.0000   30.0000   45.0000 6836.7505   29.2938
    7.5000   30.0000   45.0000 6503.8145   29.2950
   -7.5000   37.5000   45.0000 6250.3188   28.3660
    0.0000   37.5000   45.0000 6583.7588   28.4548
    7.5000   37.5000   45.0000 6243.8159   28.4485
   -7.5000   45.0000   45.0000 5942.3125   27.3681
    0.0000   45.0000   45.0000 6273.4795   27.4461
    7.5000   45.0000   45.0000 5926.1455   27.4416

---------------------------------------------------------------------
imgreg_4dfp /opt/freesurfer/average/711-2C_as_mni_average_305 /opt/freesurfer/average/711-2B_as_mni_average_305_mask talsrcimg_g11 none talsrcimg_to_711-2C_as_mni_average_305_t4 4355
---------------------------------------------------------------------

freesurfer imgreg_4dfp.c
/opt/freesurfer/average/711-2C_as_mni_average_305.4dfp.img
       256       256       256         1
  1.000000  1.000000  1.000000
orientation T byte_order littleendian
Reading image: /opt/freesurfer/average/711-2C_as_mni_average_305.4dfp.img
dimensions:      256       256       256
mmppix:       1.0000   -1.0000   -1.0000
center:     128.0000 -129.0000 -129.0000
/opt/freesurfer/average/711-2B_as_mni_average_305_mask.4dfp.img
       256       256       256         1
  1.000000  1.000000  1.000000
orientation T byte_order littleendian
Reading mask: /opt/freesurfer/average/711-2B_as_mni_average_305_mask.4dfp.img (2306576 pixels)
talsrcimg_g11.4dfp.img
       320       320       320         1
  0.700000  0.700000  0.700000
orientation T byte_order littleendian
Reading image: talsrcimg_g11.4dfp.img
dimensions:      320       320       320
mmppix:       0.7000   -0.7000   -0.7000
center:     112.0000 -112.7000 -112.7000
rotation matrix determinant  1.000000
image alignment mode   4355 decimal     1103 hex
   -7.5000  -37.5000  -45.0000 1879.4780   26.8676
    0.0000  -37.5000  -45.0000 1894.9276   26.8406
    7.5000  -37.5000  -45.0000 1889.5590   26.6985
   -7.5000  -30.0000  -45.0000 1984.5844   24.0556
    0.0000  -30.0000  -45.0000 2002.5543   24.0119
    7.5000  -30.0000  -45.0000 1993.8580   23.8999
   -7.5000  -22.5000  -45.0000 2073.0093   21.8302
    0.0000  -22.5000  -45.0000 2094.4258   21.7728
    7.5000  -22.5000  -45.0000 2079.5688   21.6501
   -7.5000  -15.0000  -45.0000 2151.2261   20.0999
    0.0000  -15.0000  -45.0000 2175.0271   20.0089
    7.5000  -15.0000  -45.0000 2155.9861   19.9174
   -7.5000   -7.5000  -45.0000 2213.6284   18.8134
    0.0000   -7.5000  -45.0000 2236.3320   18.6918
    7.5000   -7.5000  -45.0000 2217.5872   18.6682
   -7.5000    0.0000  -45.0000 2258.5579   17.9018
    0.0000    0.0000  -45.0000 2279.3149   17.8276
    7.5000    0.0000  -45.0000 2263.0977   17.8403
   -7.5000    7.5000  -45.0000 2293.9429   17.4281
    0.0000    7.5000  -45.0000 2312.5178   17.2955
    7.5000    7.5000  -45.0000 2298.6033   17.3898
   -7.5000   15.0000  -45.0000 2313.4233   17.2622
    0.0000   15.0000  -45.0000 2327.6624   17.1064
    7.5000   15.0000  -45.0000 2313.2751   17.2089
   -7.5000   22.5000  -45.0000 2325.0293   17.3568
    0.0000   22.5000  -45.0000 2339.0947   17.1104
    7.5000   22.5000  -45.0000 2321.7385   17.2524
   -7.5000   30.0000  -45.0000 2309.0530   17.6998
    0.0000   30.0000  -45.0000 2329.9946   17.5345
    7.5000   30.0000  -45.0000 2308.9053   17.6357
   -7.5000   37.5000  -45.0000 2253.4421   18.2435
    0.0000   37.5000  -45.0000 2278.8923   18.1048
    7.5000   37.5000  -45.0000 2253.6377   18.1542
   -7.5000   45.0000  -45.0000 2144.8538   18.6805
    0.0000   45.0000  -45.0000 2167.4434   18.5489
    7.5000   45.0000  -45.0000 2144.5498   18.6254
   -7.5000   52.5000  -45.0000 2010.4379   19.0218
    0.0000   52.5000  -45.0000 2028.2812   18.9351
    7.5000   52.5000  -45.0000 2004.6101   18.9628
   -7.5000  -37.5000  -37.5000 1983.5769   27.5677
    0.0000  -37.5000  -37.5000 2002.5643   27.4754
    7.5000  -37.5000  -37.5000 1994.5573   27.3612
   -7.5000  -30.0000  -37.5000 2099.5847   24.6470
    0.0000  -30.0000  -37.5000 2121.1885   24.5256
    7.5000  -30.0000  -37.5000 2108.8005   24.4719
   -7.5000  -22.5000  -37.5000 2197.2568   22.3004
    0.0000  -22.5000  -37.5000 2216.5964   22.1268
    7.5000  -22.5000  -37.5000 2201.0527   22.0920
   -7.5000  -15.0000  -37.5000 2278.9514   20.4791
    0.0000  -15.0000  -37.5000 2297.9568   20.2349
    7.5000  -15.0000  -37.5000 2280.6858   20.2292
   -7.5000   -7.5000  -37.5000 2350.6719   19.0227
    0.0000   -7.5000  -37.5000 2374.4253   18.7937
    7.5000   -7.5000  -37.5000 2358.2524   18.8060
   -7.5000    0.0000  -37.5000 2404.2375   18.0780
    0.0000    0.0000  -37.5000 2423.5371   17.8603
    7.5000    0.0000  -37.5000 2413.2434   17.8802
   -7.5000    7.5000  -37.5000 2443.6931   17.4093
    0.0000    7.5000  -37.5000 2460.3320   17.2350
    7.5000    7.5000  -37.5000 2451.3076   17.2738
   -7.5000   15.0000  -37.5000 2463.9673   17.1567
    0.0000   15.0000  -37.5000 2480.9839   17.0084
    7.5000   15.0000  -37.5000 2466.8196   17.0942
   -7.5000   22.5000  -37.5000 2476.1672   17.2044
    0.0000   22.5000  -37.5000 2494.8984   17.0060
    7.5000   22.5000  -37.5000 2480.5271   17.1383
   -7.5000   30.0000  -37.5000 2466.2744   17.5362
    0.0000   30.0000  -37.5000 2494.3979   17.3923
    7.5000   30.0000  -37.5000 2473.2817   17.5020
   -7.5000   37.5000  -37.5000 2414.2300   18.1013
    0.0000   37.5000  -37.5000 2439.8879   17.9049
    7.5000   37.5000  -37.5000 2418.3699   18.0259
   -7.5000   45.0000  -37.5000 2304.7371   18.5265
    0.0000   45.0000  -37.5000 2325.3350   18.3508
    7.5000   45.0000  -37.5000 2307.9575   18.4647
   -7.5000   52.5000  -37.5000 2162.6548   18.8328
    0.0000   52.5000  -37.5000 2181.2725   18.6805
    7.5000   52.5000  -37.5000 2161.1179   18.7742
   -7.5000  -37.5000  -30.0000 2066.1438   28.3208
    0.0000  -37.5000  -30.0000 2079.6519   28.1165
    7.5000  -37.5000  -30.0000 2070.1250   28.0444
   -7.5000  -30.0000  -30.0000 2190.0569   25.1960
    0.0000  -30.0000  -30.0000 2205.5220   24.9547
    7.5000  -30.0000  -30.0000 2191.6528   24.9150
   -7.5000  -22.5000  -30.0000 2294.2581   22.7079
    0.0000  -22.5000  -30.0000 2307.8567   22.3853
    7.5000  -22.5000  -30.0000 2292.8867   22.4210
   -7.5000  -15.0000  -30.0000 2384.8826   20.7248
    0.0000  -15.0000  -30.0000 2394.3267   20.3789
    7.5000  -15.0000  -30.0000 2384.4668   20.4141
   -7.5000   -7.5000  -30.0000 2461.7454   19.1542
    0.0000   -7.5000  -30.0000 2477.1855   18.8373
    7.5000   -7.5000  -30.0000 2468.7043   18.8697
   -7.5000    0.0000  -30.0000 2519.6538   17.9990
    0.0000    0.0000  -30.0000 2539.2612   17.7589
    7.5000    0.0000  -30.0000 2528.3760   17.7894
   -7.5000    7.5000  -30.0000 2562.5825   17.2290
    0.0000    7.5000  -30.0000 2584.8333   17.0514
    7.5000    7.5000  -30.0000 2571.0999   17.0626
   -7.5000   15.0000  -30.0000 2589.8584   16.8748
    0.0000   15.0000  -30.0000 2608.1570   16.6790
    7.5000   15.0000  -30.0000 2594.9080   16.7600
   -7.5000   22.5000  -30.0000 2605.9404   16.9057
    0.0000   22.5000  -30.0000 2619.5867   16.6760
    7.5000   22.5000  -30.0000 2610.0010   16.7926
   -7.5000   30.0000  -30.0000 2601.0623   17.2475
    0.0000   30.0000  -30.0000 2619.6169   17.0452
    7.5000   30.0000  -30.0000 2607.7166   17.1475
   -7.5000   37.5000  -30.0000 2548.7168   17.7874
    0.0000   37.5000  -30.0000 2566.8035   17.5609
    7.5000   37.5000  -30.0000 2550.7153   17.6653
   -7.5000   45.0000  -30.0000 2439.6423   18.2209
    0.0000   45.0000  -30.0000 2453.8174   18.0346
    7.5000   45.0000  -30.0000 2436.5532   18.1237
   -7.5000   52.5000  -30.0000 2296.3899   18.5790
    0.0000   52.5000  -30.0000 2305.8142   18.4138
    7.5000   52.5000  -30.0000 2288.9492   18.5038
   -7.5000  -37.5000  -22.5000 2096.5347   28.7294
    0.0000  -37.5000  -22.5000 2104.5171   28.3512
    7.5000  -37.5000  -22.5000 2099.8647   28.3597
   -7.5000  -30.0000  -22.5000 2218.5764   25.5543
    0.0000  -30.0000  -22.5000 2224.1484   25.1367
    7.5000  -30.0000  -22.5000 2222.5884   25.1894
   -7.5000  -22.5000  -22.5000 2324.3459   22.9915
    0.0000  -22.5000  -22.5000 2330.2832   22.4923
    7.5000  -22.5000  -22.5000 2329.0525   22.5813
   -7.5000  -15.0000  -22.5000 2415.1716   20.9599
    0.0000  -15.0000  -22.5000 2425.3445   20.4539
    7.5000  -15.0000  -22.5000 2424.7202   20.5484
   -7.5000   -7.5000  -22.5000 2489.9011   19.3075
    0.0000   -7.5000  -22.5000 2503.8164   18.8815
    7.5000   -7.5000  -22.5000 2500.1956   18.9117
   -7.5000    0.0000  -22.5000 2548.8965   17.9759
    0.0000    0.0000  -22.5000 2569.9512   17.6551
    7.5000    0.0000  -22.5000 2561.3955   17.6933
   -7.5000    7.5000  -22.5000 2598.2153   17.0568
    0.0000    7.5000  -22.5000 2613.1506   16.8166
    7.5000    7.5000  -22.5000 2607.2292   16.8480
   -7.5000   15.0000  -22.5000 2637.7244   16.5451
    0.0000   15.0000  -22.5000 2645.6777   16.2328
    7.5000   15.0000  -22.5000 2640.0923   16.4121
   -7.5000   22.5000  -22.5000 2660.9214   16.5256
    0.0000   22.5000  -22.5000 2663.2048   16.1988
    7.5000   22.5000  -22.5000 2658.1248   16.3691
   -7.5000   30.0000  -22.5000 2664.6035   16.8959
    0.0000   30.0000  -22.5000 2673.2825   16.5914
    7.5000   30.0000  -22.5000 2661.1057   16.6994
   -7.5000   37.5000  -22.5000 2620.2385   17.3800
    0.0000   37.5000  -22.5000 2628.1462   17.0902
    7.5000   37.5000  -22.5000 2615.5920   17.2359
   -7.5000   45.0000  -22.5000 2515.5925   17.7953
    0.0000   45.0000  -22.5000 2518.4749   17.5292
    7.5000   45.0000  -22.5000 2510.5691   17.7189
   -7.5000   52.5000  -22.5000 2373.0110   18.1578
    0.0000   52.5000  -22.5000 2372.2056   17.8659
    7.5000   52.5000  -22.5000 2363.4480   18.1095
   -7.5000  -37.5000  -15.0000 2133.7195   29.3681
    0.0000  -37.5000  -15.0000 2156.5654   28.9462
    7.5000  -37.5000  -15.0000 2145.1697   28.9538
   -7.5000  -30.0000  -15.0000 2259.6443   25.9436
    0.0000  -30.0000  -15.0000 2275.9270   25.4104
    7.5000  -30.0000  -15.0000 2271.8135   25.5978
   -7.5000  -22.5000  -15.0000 2377.5684   23.2749
    0.0000  -22.5000  -15.0000 2387.4656   22.6774
    7.5000  -22.5000  -15.0000 2385.5310   22.8791
   -7.5000  -15.0000  -15.0000 2482.7795   21.1786
    0.0000  -15.0000  -15.0000 2488.6360   20.6185
    7.5000  -15.0000  -15.0000 2487.4812   20.8005
   -7.5000   -7.5000  -15.0000 2564.5945   19.4818
    0.0000   -7.5000  -15.0000 2572.4282   18.9853
    7.5000   -7.5000  -15.0000 2570.9238   19.0707
   -7.5000    0.0000  -15.0000 2637.0286   18.1096
    0.0000    0.0000  -15.0000 2645.9546   17.6616
    7.5000    0.0000  -15.0000 2644.4893   17.7161
   -7.5000    7.5000  -15.0000 2690.8457   17.1488
    0.0000    7.5000  -15.0000 2698.8464   16.7814
    7.5000    7.5000  -15.0000 2698.9624   16.8609
   -7.5000   15.0000  -15.0000 2739.0876   16.5828
    0.0000   15.0000  -15.0000 2739.7446   16.1459
    7.5000   15.0000  -15.0000 2735.5212   16.3380
   -7.5000   22.5000  -15.0000 2768.6975   16.3740
    0.0000   22.5000  -15.0000 2759.4175   15.9111
    7.5000   22.5000  -15.0000 2756.5708   16.2400
   -7.5000   30.0000  -15.0000 2772.2837   16.6559
    0.0000   30.0000  -15.0000 2767.8345   16.2436
    7.5000   30.0000  -15.0000 2761.6514   16.5156
   -7.5000   37.5000  -15.0000 2725.2339   17.0563
    0.0000   37.5000  -15.0000 2724.3018   16.6280
    7.5000   37.5000  -15.0000 2715.4287   16.9577
   -7.5000   45.0000  -15.0000 2619.6829   17.4942
    0.0000   45.0000  -15.0000 2616.4138   17.0960
    7.5000   45.0000  -15.0000 2611.9167   17.4593
   -7.5000   52.5000  -15.0000 2471.4395   18.0024
    0.0000   52.5000  -15.0000 2465.6895   17.5910
    7.5000   52.5000  -15.0000 2463.0349   17.9806
   -7.5000  -37.5000   -7.5000 2139.9744   30.2130
    0.0000  -37.5000   -7.5000 2158.3611   29.7231
    7.5000  -37.5000   -7.5000 2151.0183   29.7046
   -7.5000  -30.0000   -7.5000 2262.3931   26.4865
    0.0000  -30.0000   -7.5000 2288.3379   26.0679
    7.5000  -30.0000   -7.5000 2271.9041   26.1057
   -7.5000  -22.5000   -7.5000 2382.3201   23.6455
    0.0000  -22.5000   -7.5000 2409.0928   23.2485
    7.5000  -22.5000   -7.5000 2390.6375   23.2692
   -7.5000  -15.0000   -7.5000 2491.2883   21.4300
    0.0000  -15.0000   -7.5000 2513.1069   20.9891
    7.5000  -15.0000   -7.5000 2495.0000   21.0584
   -7.5000   -7.5000   -7.5000 2579.5994   19.6687
    0.0000   -7.5000   -7.5000 2599.0120   19.2532
    7.5000   -7.5000   -7.5000 2585.7122   19.2436
   -7.5000    0.0000   -7.5000 2669.0234   18.3780
    0.0000    0.0000   -7.5000 2680.4951   17.9710
    7.5000    0.0000   -7.5000 2675.4460   17.9311
   -7.5000    7.5000   -7.5000 2748.2261   17.5471
    0.0000    7.5000   -7.5000 2754.6360   17.1821
    7.5000    7.5000   -7.5000 2749.1724   17.1672
   -7.5000   15.0000   -7.5000 2812.7791   16.9388
    0.0000   15.0000   -7.5000 2826.2161   16.6876
    7.5000   15.0000   -7.5000 2804.6082   16.6777
   -7.5000   22.5000   -7.5000 2829.0349   16.4408
    0.0000   22.5000   -7.5000 2849.4697   16.2087
    7.5000   22.5000   -7.5000 2819.0662   16.3413
   -7.5000   30.0000   -7.5000 2821.4084   16.3642
    0.0000   30.0000   -7.5000 2840.0752   16.1141
    7.5000   30.0000   -7.5000 2809.2046   16.3315
   -7.5000   37.5000   -7.5000 2775.0137   16.7779
    0.0000   37.5000   -7.5000 2788.4744   16.4846
    7.5000   37.5000   -7.5000 2763.8132   16.7292
   -7.5000   45.0000   -7.5000 2674.0601   17.3791
    0.0000   45.0000   -7.5000 2691.2903   17.1184
    7.5000   45.0000   -7.5000 2662.0730   17.3228
   -7.5000   52.5000   -7.5000 2527.3032   18.0432
    0.0000   52.5000   -7.5000 2542.1946   17.8070
    7.5000   52.5000   -7.5000 2514.4009   17.9513
   -7.5000  -37.5000    0.0000 2112.0901   31.3249
    0.0000  -37.5000    0.0000 2134.2493   30.8932
    7.5000  -37.5000    0.0000 2122.8618   30.8858
   -7.5000  -30.0000    0.0000 2236.9578   27.3539
    0.0000  -30.0000    0.0000 2253.7732   26.8835
    7.5000  -30.0000    0.0000 2247.0935   27.0028
   -7.5000  -22.5000    0.0000 2358.5840   24.3338
    0.0000  -22.5000    0.0000 2370.3438   23.8234
    7.5000  -22.5000    0.0000 2366.7820   24.0112
   -7.5000  -15.0000    0.0000 2469.3928   22.0873
    0.0000  -15.0000    0.0000 2475.3047   21.5788
    7.5000  -15.0000    0.0000 2478.0503   21.7583
   -7.5000   -7.5000    0.0000 2571.8052   20.3334
    0.0000   -7.5000    0.0000 2577.2717   19.8954
    7.5000   -7.5000    0.0000 2583.2600   19.9786
   -7.5000    0.0000    0.0000 2680.4514   19.0885
    0.0000    0.0000    0.0000 2699.7097   18.8074
    7.5000    0.0000    0.0000 2689.5955   18.6943
   -7.5000    7.5000    0.0000 2776.6636   18.1491
    0.0000    7.5000    0.0000 2828.2285   18.2260
    7.5000    7.5000    0.0000 2778.5161   17.8027
   -7.5000   15.0000    0.0000 2839.5435   17.4550
    0.0000   15.0000    0.0000 2911.6587   17.6324
    7.5000   15.0000    0.0000 2829.8538   17.1903
   -7.5000   22.5000    0.0000 2853.9314   16.7364
    0.0000   22.5000    0.0000 2914.9973   16.8161
    7.5000   22.5000    0.0000 2842.8748   16.6547
   -7.5000   30.0000    0.0000 2853.3252   16.6098
    0.0000   30.0000    0.0000 2897.7905   16.4984
    7.5000   30.0000    0.0000 2841.4954   16.5667
   -7.5000   37.5000    0.0000 2808.2664   16.9185
    0.0000   37.5000    0.0000 2837.7854   16.7871
    7.5000   37.5000    0.0000 2793.4431   16.8976
   -7.5000   45.0000    0.0000 2702.9824   17.5297
    0.0000   45.0000    0.0000 2723.8916   17.3482
    7.5000   45.0000    0.0000 2685.7161   17.4693
   -7.5000   52.5000    0.0000 2550.3694   18.3199
    0.0000   52.5000    0.0000 2557.2156   18.0970
    7.5000   52.5000    0.0000 2531.2400   18.1945
   -7.5000  -37.5000    7.5000 2064.9773   32.5317
    0.0000  -37.5000    7.5000 2076.9731   31.9343
    7.5000  -37.5000    7.5000 2077.8967   32.0790
   -7.5000  -30.0000    7.5000 2188.6135   28.5047
    0.0000  -30.0000    7.5000 2200.1731   28.0383
    7.5000  -30.0000    7.5000 2199.8838   28.2196
   -7.5000  -22.5000    7.5000 2323.1970   25.4941
    0.0000  -22.5000    7.5000 2333.6125   25.1409
    7.5000  -22.5000    7.5000 2329.0930   25.2772
   -7.5000  -15.0000    7.5000 2440.3503   23.2667
    0.0000  -15.0000    7.5000 2456.8472   23.0141
    7.5000  -15.0000    7.5000 2446.6626   23.0425
   -7.5000   -7.5000    7.5000 2552.7537   21.4818
    0.0000   -7.5000    7.5000 2576.3359   21.2981
    7.5000   -7.5000    7.5000 2560.3484   21.2616
   -7.5000    0.0000    7.5000 2667.2363   20.1149
    0.0000    0.0000    7.5000 2692.3599   19.9869
    7.5000    0.0000    7.5000 2666.8828   19.8284
   -7.5000    7.5000    7.5000 2766.3223   18.9593
    0.0000    7.5000    7.5000 2804.9141   18.9942
    7.5000    7.5000    7.5000 2760.3176   18.6968
   -7.5000   15.0000    7.5000 2826.7200   18.1350
    0.0000   15.0000    7.5000 2860.3623   18.1271
    7.5000   15.0000    7.5000 2811.2727   17.9690
   -7.5000   22.5000    7.5000 2854.7014   17.4309
    0.0000   22.5000    7.5000 2870.9802   17.2122
    7.5000   22.5000    7.5000 2838.3977   17.4262
   -7.5000   30.0000    7.5000 2872.1541   17.4087
    0.0000   30.0000    7.5000 2897.2585   17.2112
    7.5000   30.0000    7.5000 2851.7019   17.4316
   -7.5000   37.5000    7.5000 2821.6509   17.8246
    0.0000   37.5000    7.5000 2840.7683   17.6471
    7.5000   37.5000    7.5000 2800.8796   17.7475
   -7.5000   45.0000    7.5000 2707.4839   18.3776
    0.0000   45.0000    7.5000 2722.7649   18.1843
    7.5000   45.0000    7.5000 2683.0166   18.2558
   -7.5000   52.5000    7.5000 2548.0356   18.9960
    0.0000   52.5000    7.5000 2552.7224   18.7547
    7.5000   52.5000    7.5000 2525.3835   18.8279
   -7.5000  -37.5000   15.0000 2015.2750   34.7282
    0.0000  -37.5000   15.0000 2031.9574   34.3687
    7.5000  -37.5000   15.0000 2025.1310   34.3029
   -7.5000  -30.0000   15.0000 2151.7629   30.4994
    0.0000  -30.0000   15.0000 2172.9319   30.3085
    7.5000  -30.0000   15.0000 2161.6323   30.3027
   -7.5000  -22.5000   15.0000 2285.9231   27.3196
    0.0000  -22.5000   15.0000 2307.1763   27.0698
    7.5000  -22.5000   15.0000 2293.7581   27.1476
   -7.5000  -15.0000   15.0000 2405.8611   24.7971
    0.0000  -15.0000   15.0000 2423.2090   24.4600
    7.5000  -15.0000   15.0000 2413.0229   24.6092
   -7.5000   -7.5000   15.0000 2519.2148   22.7706
    0.0000   -7.5000   15.0000 2531.4236   22.4418
    7.5000   -7.5000   15.0000 2523.7620   22.5582
   -7.5000    0.0000   15.0000 2623.1499   21.1143
    0.0000    0.0000   15.0000 2634.8540   20.8407
    7.5000    0.0000   15.0000 2628.5212   20.9002
   -7.5000    7.5000   15.0000 2712.6147   19.8132
    0.0000    7.5000   15.0000 2721.4878   19.5746
    7.5000    7.5000   15.0000 2713.3359   19.6359
   -7.5000   15.0000   15.0000 2770.2917   18.8061
    0.0000   15.0000   15.0000 2776.5925   18.4844
    7.5000   15.0000   15.0000 2766.1101   18.7528
   -7.5000   22.5000   15.0000 2809.0491   18.2485
    0.0000   22.5000   15.0000 2815.6121   17.8925
    7.5000   22.5000   15.0000 2802.9734   18.2881
   -7.5000   30.0000   15.0000 2831.8887   18.3147
    0.0000   30.0000   15.0000 2848.9148   18.0602
    7.5000   30.0000   15.0000 2819.4258   18.2754
   -7.5000   37.5000   15.0000 2776.2024   18.7809
    0.0000   37.5000   15.0000 2792.6396   18.5752
    7.5000   37.5000   15.0000 2765.5576   18.6875
   -7.5000   45.0000   15.0000 2665.1453   19.3275
    0.0000   45.0000   15.0000 2673.3469   19.0822
    7.5000   45.0000   15.0000 2650.2771   19.2296
   -7.5000   52.5000   15.0000 2520.3977   19.8789
    0.0000   52.5000   15.0000 2524.8865   19.6104
    7.5000   52.5000   15.0000 2503.2500   19.7493
   -7.5000  -37.5000   22.5000 1963.1187   37.8222
    0.0000  -37.5000   22.5000 1982.7345   37.7117
    7.5000  -37.5000   22.5000 1969.5389   37.3876
   -7.5000  -30.0000   22.5000 2101.1343   33.0011
    0.0000  -30.0000   22.5000 2122.6726   32.7345
    7.5000  -30.0000   22.5000 2108.7329   32.8001
   -7.5000  -22.5000   22.5000 2226.3599   29.2805
    0.0000  -22.5000   22.5000 2245.1719   28.9011
    7.5000  -22.5000   22.5000 2232.0564   29.1163
   -7.5000  -15.0000   22.5000 2347.9758   26.3800
    0.0000  -15.0000   22.5000 2359.2737   25.9130
    7.5000  -15.0000   22.5000 2354.1147   26.2155
   -7.5000   -7.5000   22.5000 2458.1287   24.0354
    0.0000   -7.5000   22.5000 2463.2954   23.5610
    7.5000   -7.5000   22.5000 2465.1157   23.8874
   -7.5000    0.0000   22.5000 2555.0459   22.1521
    0.0000    0.0000   22.5000 2554.0156   21.7234
    7.5000    0.0000   22.5000 2568.1472   22.0596
   -7.5000    7.5000   22.5000 2642.0859   20.7349
    0.0000    7.5000   22.5000 2636.4983   20.3334
    7.5000    7.5000   22.5000 2653.7632   20.7254
   -7.5000   15.0000   22.5000 2700.4958   19.7016
    0.0000   15.0000   22.5000 2696.6729   19.2983
    7.5000   15.0000   22.5000 2699.1990   19.7750
   -7.5000   22.5000   22.5000 2750.1414   19.2888
    0.0000   22.5000   22.5000 2737.7791   18.9100
    7.5000   22.5000   22.5000 2738.1409   19.3543
   -7.5000   30.0000   22.5000 2755.8494   19.4384
    0.0000   30.0000   22.5000 2762.0063   19.1362
    7.5000   30.0000   22.5000 2749.5654   19.3757
   -7.5000   37.5000   22.5000 2708.4204   19.8757
    0.0000   37.5000   22.5000 2722.2505   19.6033
    7.5000   37.5000   22.5000 2701.1128   19.7446
   -7.5000   45.0000   22.5000 2598.9075   20.3938
    0.0000   45.0000   22.5000 2608.1987   20.1114
    7.5000   45.0000   22.5000 2590.6755   20.2433
   -7.5000   52.5000   22.5000 2458.9197   20.7915
    0.0000   52.5000   22.5000 2465.9390   20.5281
    7.5000   52.5000   22.5000 2444.3870   20.6708
   -7.5000  -37.5000   30.0000 1883.3208   41.0827
    0.0000  -37.5000   30.0000 1905.7292   40.8728
    7.5000  -37.5000   30.0000 1898.0972   40.6545
   -7.5000  -30.0000   30.0000 2027.3467   35.5913
    0.0000  -30.0000   30.0000 2049.9021   35.2516
    7.5000  -30.0000   30.0000 2041.9785   35.4163
   -7.5000  -22.5000   30.0000 2151.9128   31.3427
    0.0000  -22.5000   30.0000 2167.3767   30.8630
    7.5000  -22.5000   30.0000 2164.9226   31.3311
   -7.5000  -15.0000   30.0000 2274.3682   27.9827
    0.0000  -15.0000   30.0000 2285.4053   27.4754
    7.5000  -15.0000   30.0000 2282.8247   27.9998
   -7.5000   -7.5000   30.0000 2381.0125   25.3116
    0.0000   -7.5000   30.0000 2385.2847   24.7721
    7.5000   -7.5000   30.0000 2396.5615   25.4232
   -7.5000    0.0000   30.0000 2482.6257   23.3620
    0.0000    0.0000   30.0000 2481.0393   22.7828
    7.5000    0.0000   30.0000 2499.4324   23.4346
   -7.5000    7.5000   30.0000 2560.7344   21.8220
    0.0000    7.5000   30.0000 2559.3782   21.3836
    7.5000    7.5000   30.0000 2576.9438   21.9562
   -7.5000   15.0000   30.0000 2632.5129   20.9129
    0.0000   15.0000   30.0000 2625.2415   20.4533
    7.5000   15.0000   30.0000 2629.0901   21.0342
   -7.5000   22.5000   30.0000 2675.1643   20.5470
    0.0000   22.5000   30.0000 2659.0151   20.1223
    7.5000   22.5000   30.0000 2664.3669   20.6336
   -7.5000   30.0000   30.0000 2672.7180   20.7350
    0.0000   30.0000   30.0000 2669.5452   20.3392
    7.5000   30.0000   30.0000 2668.3040   20.6529
   -7.5000   37.5000   30.0000 2623.1836   21.1257
    0.0000   37.5000   30.0000 2630.9500   20.7854
    7.5000   37.5000   30.0000 2619.7979   20.9995
   -7.5000   45.0000   30.0000 2524.5232   21.5062
    0.0000   45.0000   30.0000 2538.2964   21.2176
    7.5000   45.0000   30.0000 2518.3108   21.3800
   -7.5000   52.5000   30.0000 2388.5354   21.8506
    0.0000   52.5000   30.0000 2403.5574   21.5802
    7.5000   52.5000   30.0000 2377.3337   21.7571
   -7.5000  -37.5000   37.5000 1795.6396   44.2039
    0.0000  -37.5000   37.5000 1822.2260   44.0054
    7.5000  -37.5000   37.5000 1822.7437   43.9819
   -7.5000  -30.0000   37.5000 1945.0394   38.1610
    0.0000  -30.0000   37.5000 1971.0625   37.7124
    7.5000  -30.0000   37.5000 1965.5990   38.0847
   -7.5000  -22.5000   37.5000 2074.3792   33.5479
    0.0000  -22.5000   37.5000 2096.2488   33.0557
    7.5000  -22.5000   37.5000 2088.6514   33.6193
   -7.5000  -15.0000   37.5000 2195.0291   29.8185
    0.0000  -15.0000   37.5000 2209.0076   29.1793
    7.5000  -15.0000   37.5000 2209.3855   30.0353
   -7.5000   -7.5000   37.5000 2301.3281   26.9544
    0.0000   -7.5000   37.5000 2313.4016   26.3429
    7.5000   -7.5000   37.5000 2317.6375   27.1612
   -7.5000    0.0000   37.5000 2394.5884   24.7928
    0.0000    0.0000   37.5000 2409.7583   24.2759
    7.5000    0.0000   37.5000 2409.2412   24.9651
   -7.5000    7.5000   37.5000 2480.4429   23.2766
    0.0000    7.5000   37.5000 2488.0881   22.7800
    7.5000    7.5000   37.5000 2490.0828   23.4629
   -7.5000   15.0000   37.5000 2545.6230   22.3710
    0.0000   15.0000   37.5000 2547.9834   21.9846
    7.5000   15.0000   37.5000 2543.5952   22.5538
   -7.5000   22.5000   37.5000 2582.0137   22.0251
    0.0000   22.5000   37.5000 2575.1489   21.6392
    7.5000   22.5000   37.5000 2572.9082   22.1120
   -7.5000   30.0000   37.5000 2582.3418   22.1983
    0.0000   30.0000   37.5000 2578.5806   21.8391
    7.5000   30.0000   37.5000 2576.7603   22.1206
   -7.5000   37.5000   37.5000 2532.7297   22.5279
    0.0000   37.5000   37.5000 2542.4163   22.2543
    7.5000   37.5000   37.5000 2529.0105   22.4526
   -7.5000   45.0000   37.5000 2432.6406   22.8677
    0.0000   45.0000   37.5000 2448.2336   22.6036
    7.5000   45.0000   37.5000 2429.4265   22.8043
   -7.5000   52.5000   37.5000 2301.5996   23.1338
    0.0000   52.5000   37.5000 2315.8733   22.8379
    7.5000   52.5000   37.5000 2292.5872   23.0750
   -7.5000  -37.5000   45.0000 1698.1567   47.9834
    0.0000  -37.5000   45.0000 1725.9391   47.6201
    7.5000  -37.5000   45.0000 1724.8566   47.8327
   -7.5000  -30.0000   45.0000 1844.6515   41.1172
    0.0000  -30.0000   45.0000 1869.6173   40.6032
    7.5000  -30.0000   45.0000 1863.6493   41.1441
   -7.5000  -22.5000   45.0000 1978.0492   35.9604
    0.0000  -22.5000   45.0000 1997.3051   35.3774
    7.5000  -22.5000   45.0000 1990.8757   36.2115
   -7.5000  -15.0000   45.0000 2086.6199   31.8761
    0.0000  -15.0000   45.0000 2110.4824   31.3640
    7.5000  -15.0000   45.0000 2105.3218   32.1639
   -7.5000   -7.5000   45.0000 2195.0452   28.8828
    0.0000   -7.5000   45.0000 2220.4331   28.3460
    7.5000   -7.5000   45.0000 2214.4585   29.0882
   -7.5000    0.0000   45.0000 2289.6816   26.6687
    0.0000    0.0000   45.0000 2314.1650   26.1086
    7.5000    0.0000   45.0000 2303.7351   26.8001
   -7.5000    7.5000   45.0000 2377.0923   25.0330
    0.0000    7.5000   45.0000 2391.1497   24.5674
    7.5000    7.5000   45.0000 2377.9834   25.1693
   -7.5000   15.0000   45.0000 2433.8008   24.0556
    0.0000   15.0000   45.0000 2438.3853   23.7484
    7.5000   15.0000   45.0000 2427.9829   24.1980
   -7.5000   22.5000   45.0000 2463.8813   23.7246
    0.0000   22.5000   45.0000 2459.6548   23.3657
    7.5000   22.5000   45.0000 2454.9561   23.7616
   -7.5000   30.0000   45.0000 2457.9771   23.8306
    0.0000   30.0000   45.0000 2459.2476   23.5305
    7.5000   30.0000   45.0000 2451.3879   23.7736
   -7.5000   37.5000   45.0000 2408.7773   24.1175
    0.0000   37.5000   45.0000 2421.4521   23.9028
    7.5000   37.5000   45.0000 2402.6296   24.0633
   -7.5000   45.0000   45.0000 2311.2532   24.4713
    0.0000   45.0000   45.0000 2331.8242   24.2783
    7.5000   45.0000   45.0000 2305.6982   24.3603
   -7.5000   52.5000   45.0000 2186.9578   24.6406
    0.0000   52.5000   45.0000 2202.5959   24.4309
    7.5000   52.5000   45.0000 2182.9504   24.5387

---------------------------------------------------------------------
imgreg_4dfp /opt/freesurfer/average/711-2C_as_mni_average_305 /opt/freesurfer/average/711-2B_as_mni_average_305_mask talsrcimg_g11 none talsrcimg_to_711-2C_as_mni_average_305_t4 1283
---------------------------------------------------------------------

freesurfer imgreg_4dfp.c
/opt/freesurfer/average/711-2C_as_mni_average_305.4dfp.img
       256       256       256         1
  1.000000  1.000000  1.000000
orientation T byte_order littleendian
Reading image: /opt/freesurfer/average/711-2C_as_mni_average_305.4dfp.img
dimensions:      256       256       256
mmppix:       1.0000   -1.0000   -1.0000
center:     128.0000 -129.0000 -129.0000
/opt/freesurfer/average/711-2B_as_mni_average_305_mask.4dfp.img
       256       256       256         1
  1.000000  1.000000  1.000000
orientation T byte_order littleendian
Reading mask: /opt/freesurfer/average/711-2B_as_mni_average_305_mask.4dfp.img (2306576 pixels)
talsrcimg_g11.4dfp.img
       320       320       320         1
  0.700000  0.700000  0.700000
orientation T byte_order littleendian
Reading image: talsrcimg_g11.4dfp.img
dimensions:      320       320       320
mmppix:       0.7000   -0.7000   -0.7000
center:     112.0000 -112.7000 -112.7000
rotation matrix determinant  1.000000
fimgreg.f
image alignment mode   1283 decimal      503 hex
parameters
    0.0000   22.5000    0.0000    0.0000    0.0000    0.0000
eta,q 0.91570 16.97080
niter,ni,del,rscale     5    3   12.0000    1.2000
parameter  4  1.340026 ->  0.500000 qaram    1.1500
parameters
   -1.4385   21.6486   -0.0538   -3.4500    0.6413   -1.8527
eta,q 0.92238 17.00093
  0.0947  0.0874  0.0940  0.0776  0.0876  0.0799
  0.0873  0.0837  0.0826  0.0781  0.0832  0.0782
  0.0826  0.0831  0.0827  0.0792  0.0797  0.0776
  0.0849  0.0825  0.0827  0.0826  0.0781  0.0780
  0.0924  0.0839  0.0838  0.0856  0.0783  0.0795
  0.0994  0.0882  0.0865  0.0881  0.0806  0.0823
  0.1036  0.0890  0.0916  0.0928  0.0845  0.0854
niter,ni,del,rscale     5    3   12.0000    1.2000
parameter  4  1.283004 ->  0.500000 qaram    1.3225
parameters
   -1.5813   21.8384   -0.1826   -7.4175    1.0050   -1.8128
eta,q 0.92474 17.09673
  0.0966  0.0857  0.0881  0.0737  0.0855  0.0794
  0.0888  0.0815  0.0839  0.0749  0.0815  0.0766
  0.0803  0.0776  0.0795  0.0767  0.0783  0.0752
  0.0776  0.0775  0.0775  0.0775  0.0754  0.0753
  0.0832  0.0771  0.0786  0.0801  0.0759  0.0758
  0.0914  0.0794  0.0835  0.0838  0.0796  0.0768
  0.0965  0.0855  0.0902  0.0871  0.0842  0.0789
niter,ni,del,rscale     5    3   12.0000    1.2000
parameters
   -1.7270   21.5635   -0.0958   -9.5787    1.0217   -1.6625
eta,q 0.92599 17.22548
  0.0971  0.0805  0.0867  0.0772  0.0842  0.0793
  0.0888  0.0768  0.0827  0.0749  0.0800  0.0760
  0.0797  0.0754  0.0766  0.0739  0.0762  0.0742
  0.0753  0.0752  0.0752  0.0752  0.0740  0.0740
  0.0814  0.0753  0.0764  0.0765  0.0753  0.0744
  0.0912  0.0765  0.0803  0.0784  0.0795  0.0759
  0.0980  0.0827  0.0873  0.0829  0.0847  0.0786
niter,ni,del,rscale     4    3   12.0000    1.2000
parameters
   -1.7172   21.8444   -0.4875   -9.8317    1.0804   -1.6312
eta,q 0.92641 17.19584
  0.0975  0.0814  0.0849  0.0794  0.0839  0.0786
  0.0887  0.0781  0.0801  0.0755  0.0797  0.0754
  0.0790  0.0759  0.0742  0.0737  0.0758  0.0737
  0.0740  0.0740  0.0739  0.0737  0.0736  0.0736
  0.0795  0.0743  0.0770  0.0757  0.0750  0.0740
  0.0893  0.0764  0.0814  0.0770  0.0791  0.0756
  0.0967  0.0810  0.0881  0.0788  0.0840  0.0782
niter,ni,del,rscale     3    3   12.0000    1.2000
parameters
   -1.6858   22.0916   -0.5632  -10.1166    1.0988   -1.6777
eta,q 0.92671 17.18886
  0.0972  0.0806  0.0863  0.0791  0.0836  0.0783
  0.0882  0.0774  0.0814  0.0752  0.0794  0.0750
  0.0784  0.0751  0.0746  0.0734  0.0754  0.0734
  0.0736  0.0736  0.0735  0.0734  0.0733  0.0733
  0.0791  0.0738  0.0763  0.0755  0.0749  0.0739
  0.0887  0.0758  0.0809  0.0769  0.0791  0.0755
  0.0960  0.0804  0.0871  0.0784  0.0839  0.0780
niter,ni,del,rscale     2    3   12.0000    1.2000
parameters
   -1.6728   22.2444   -0.6594  -10.3348    1.1299   -1.7151
eta,q 0.92689 17.18172
  0.0966  0.0803  0.0862  0.0791  0.0835  0.0781
  0.0876  0.0772  0.0815  0.0750  0.0794  0.0749
  0.0778  0.0749  0.0746  0.0732  0.0753  0.0732
  0.0733  0.0733  0.0732  0.0732  0.0731  0.0731
  0.0790  0.0735  0.0762  0.0753  0.0748  0.0737
  0.0884  0.0760  0.0810  0.0768  0.0789  0.0753
  0.0955  0.0805  0.0872  0.0780  0.0836  0.0778
niter,ni,del,rscale     1    3   12.0000    1.2000
parameters
   -1.6635   22.3828   -0.7302  -10.5198    1.1488   -1.7602
eta,q 0.92706 17.17480
  0.0963  0.0802  0.0863  0.0790  0.0833  0.0779
  0.0873  0.0770  0.0817  0.0749  0.0792  0.0748
  0.0774  0.0747  0.0746  0.0730  0.0751  0.0731
  0.0731  0.0731  0.0731  0.0730  0.0729  0.0729
  0.0789  0.0733  0.0761  0.0751  0.0747  0.0737
  0.0881  0.0759  0.0810  0.0768  0.0789  0.0753
  0.0950  0.0803  0.0872  0.0778  0.0835  0.0776
registration optimization eta report
parameter search radius
    6.0000    6.0000    6.0000    7.9350    6.0000    6.0000
100000*second partial in parameter space
       58.       20.       37.        8.       28.       14.
  0.0963  0.0802  0.0863  0.0790  0.0833  0.0779
  0.0873  0.0770  0.0817  0.0749  0.0792  0.0748
  0.0774  0.0747  0.0746  0.0730  0.0751  0.0731
  0.0731  0.0731  0.0731  0.0730  0.0729  0.0729
  0.0789  0.0733  0.0761  0.0751  0.0747  0.0737
  0.0881  0.0759  0.0810  0.0768  0.0789  0.0753
  0.0950  0.0803  0.0872  0.0778  0.0835  0.0776
   -1.6635   22.3828   -0.7302  -10.5198    1.1488   -1.7602
eta,q 0.92706 17.17480

---------------------------------------------------------------------
imgreg_4dfp /opt/freesurfer/average/711-2C_as_mni_average_305 /opt/freesurfer/average/711-2B_as_mni_average_305_mask talsrcimg_g11 none talsrcimg_to_711-2C_as_mni_average_305_t4 3335
---------------------------------------------------------------------

freesurfer imgreg_4dfp.c
/opt/freesurfer/average/711-2C_as_mni_average_305.4dfp.img
       256       256       256         1
  1.000000  1.000000  1.000000
orientation T byte_order littleendian
Reading image: /opt/freesurfer/average/711-2C_as_mni_average_305.4dfp.img
dimensions:      256       256       256
mmppix:       1.0000   -1.0000   -1.0000
center:     128.0000 -129.0000 -129.0000
/opt/freesurfer/average/711-2B_as_mni_average_305_mask.4dfp.img
       256       256       256         1
  1.000000  1.000000  1.000000
orientation T byte_order littleendian
Reading mask: /opt/freesurfer/average/711-2B_as_mni_average_305_mask.4dfp.img (2306576 pixels)
talsrcimg_g11.4dfp.img
       320       320       320         1
  0.700000  0.700000  0.700000
orientation T byte_order littleendian
Reading image: talsrcimg_g11.4dfp.img
dimensions:      320       320       320
mmppix:       0.7000   -0.7000   -0.7000
center:     112.0000 -112.7000 -112.7000
fimgreg.f
image alignment mode   3335 decimal      D07 hex
parameters
   -1.6635   22.3828   -0.7302   -0.0673   -1.7384   -1.7006
    3.3858   -1.4095   -3.0709   18.3094    2.0049  -18.2538
eta,q 0.92937 17.27388
niter,ni,del,rscale     5    3    5.0000    1.2000
parameter  4  1.101646 ->  0.500000 qaram    1.1500
parameter  5  2.567739 ->  0.500000 qaram    1.1500
parameter  6  0.708057 ->  0.500000 qaram    1.1500
parameters
   -1.6944   22.4054   -1.4747   -4.2073   -5.8784   -5.8406
    3.4350   -1.6607   -2.8925   16.4614    1.6227  -14.9341
eta,q 0.94778 17.53339
  0.0760  0.0722  0.0719  0.0611  0.0535  0.0527  0.0551  0.0580  0.0539  0.0538  0.0538  0.0551
  0.0731  0.0712  0.0708  0.0617  0.0559  0.0525  0.0538  0.0548  0.0532  0.0530  0.0532  0.0541
  0.0712  0.0707  0.0704  0.0643  0.0587  0.0534  0.0530  0.0532  0.0528  0.0526  0.0528  0.0532
  0.0706  0.0706  0.0706  0.0704  0.0622  0.0567  0.0526  0.0526  0.0526  0.0526  0.0526  0.0526
  0.0714  0.0709  0.0717  0.0794  0.0665  0.0634  0.0528  0.0531  0.0528  0.0533  0.0527  0.0523
  0.0734  0.0713  0.0734  0.0892  0.0711  0.0728  0.0537  0.0551  0.0531  0.0546  0.0533  0.0523
  0.0762  0.0720  0.0754  0.0978  0.0754  0.0824  0.0551  0.0591  0.0537  0.0567  0.0543  0.0528
niter,ni,del,rscale     7    3    5.0000    1.2000
parameter  3  1.344864 ->  0.500000 qaram    1.1500
parameter  5  1.066240 ->  0.500000 qaram    1.3225
parameter 11 -1.907749 -> -0.500000 qaram    1.1500
parameter 12  0.700101 ->  0.500000 qaram    1.1500
parameters
   -1.7659   23.4107   -2.8547   -7.1106  -10.6394   -9.1598
    3.8612   -1.8711   -3.9696   19.6966    5.7627  -19.0741
eta,q 0.95338 17.31564
  0.0553  0.0546  0.0494  0.0521  0.0461  0.0475  0.0499  0.0490  0.0484  0.0494  0.0479  0.0468
  0.0536  0.0535  0.0499  0.0512  0.0470  0.0477  0.0488  0.0480  0.0478  0.0485  0.0476  0.0466
  0.0525  0.0527  0.0507  0.0504  0.0485  0.0476  0.0480  0.0476  0.0476  0.0479  0.0475  0.0467
  0.0522  0.0522  0.0520  0.0501  0.0504  0.0473  0.0476  0.0476  0.0476  0.0476  0.0473  0.0471
  0.0526  0.0520  0.0536  0.0522  0.0532  0.0487  0.0478  0.0478  0.0479  0.0474  0.0472  0.0476
  0.0538  0.0520  0.0555  0.0590  0.0574  0.0539  0.0484  0.0482  0.0483  0.0473  0.0471  0.0483
  0.0557  0.0524  0.0577  0.0692  0.0623  0.0634  0.0495  0.0491  0.0489  0.0476  0.0470  0.0491
niter,ni,del,rscale     7    3    5.0000    1.2000
parameter  2 -1.245798 -> -0.500000 qaram    1.1500
parameter  3  1.567112 ->  0.500000 qaram    1.3225
parameter  5  0.748589 ->  0.500000 qaram    1.5209
parameter 10 -1.955076 -> -0.500000 qaram    1.1500
parameter 11 -1.817566 -> -0.500000 qaram    1.3225
parameters
   -1.4751   24.7907   -4.4417   -8.2998  -16.1145  -12.1734
    3.3813   -1.4922   -3.9968   23.8366   10.5237  -20.6369
eta,q 0.95984 16.95899
  0.0490  0.0508  0.0428  0.0460  0.0418  0.0419  0.0436  0.0432  0.0432  0.0455  0.0406  0.0409
  0.0478  0.0491  0.0434  0.0453  0.0416  0.0419  0.0426  0.0425  0.0425  0.0442  0.0405  0.0404
  0.0470  0.0477  0.0442  0.0444  0.0422  0.0419  0.0420  0.0420  0.0420  0.0430  0.0405  0.0402
  0.0466  0.0466  0.0453  0.0436  0.0439  0.0417  0.0419  0.0419  0.0419  0.0419  0.0404  0.0402
  0.0467  0.0457  0.0466  0.0432  0.0461  0.0419  0.0422  0.0419  0.0421  0.0410  0.0403  0.0406
  0.0471  0.0451  0.0482  0.0452  0.0492  0.0451  0.0430  0.0422  0.0426  0.0403  0.0402  0.0410
  0.0481  0.0448  0.0500  0.0511  0.0538  0.0510  0.0440  0.0430  0.0432  0.0398  0.0404  0.0415
niter,ni,del,rscale     7    3    5.0000    1.2000
parameter  2 -1.340720 -> -0.500000 qaram    1.3225
parameter  3  1.056497 ->  0.500000 qaram    1.5209
parameter 10 -0.765618 -> -0.500000 qaram    1.3225
parameter 12  1.825541 ->  0.500000 qaram    1.3225
parameters
   -1.3492   26.3777   -6.2668   -8.8477  -21.5097  -13.9991
    2.7760   -1.2182   -2.2085   28.5976    8.4732  -25.3979
eta,q 0.96593 16.67593
  0.0425  0.0473  0.0359  0.0393  0.0365  0.0374  0.0376  0.0384  0.0385  0.0408  0.0350  0.0338
  0.0412  0.0446  0.0362  0.0383  0.0359  0.0368  0.0367  0.0374  0.0373  0.0389  0.0349  0.0340
  0.0405  0.0422  0.0368  0.0373  0.0356  0.0362  0.0361  0.0366  0.0364  0.0372  0.0348  0.0343
  0.0402  0.0402  0.0377  0.0363  0.0365  0.0356  0.0360  0.0360  0.0360  0.0359  0.0347  0.0348
  0.0403  0.0386  0.0390  0.0359  0.0385  0.0355  0.0364  0.0359  0.0359  0.0350  0.0347  0.0353
  0.0410  0.0375  0.0407  0.0376  0.0412  0.0382  0.0372  0.0366  0.0362  0.0347  0.0351  0.0359
  0.0421  0.0370  0.0427  0.0421  0.0452  0.0433  0.0382  0.0386  0.0368  0.0350  0.0364  0.0366
niter,ni,del,rscale     7    3    5.0000    1.2000
parameter  2 -0.705457 -> -0.500000 qaram    1.5209
parameter  3  0.618034 ->  0.500000 qaram    1.7490
parameter 12  0.922118 ->  0.500000 qaram    1.5209
parameters
   -1.0022   28.2028   -8.3656   -7.3759  -23.0946  -15.0262
    2.8335   -2.1242   -3.0975   30.7260    7.0797  -30.8731
eta,q 0.96943 16.64186
  0.0367  0.0418  0.0319  0.0355  0.0342  0.0347  0.0338  0.0338  0.0329  0.0360  0.0318  0.0308
  0.0354  0.0387  0.0317  0.0343  0.0326  0.0335  0.0325  0.0326  0.0320  0.0339  0.0317  0.0305
  0.0345  0.0361  0.0319  0.0331  0.0314  0.0323  0.0317  0.0318  0.0316  0.0323  0.0315  0.0308
  0.0341  0.0340  0.0324  0.0317  0.0310  0.0310  0.0315  0.0315  0.0315  0.0315  0.0314  0.0314
  0.0341  0.0327  0.0332  0.0305  0.0320  0.0305  0.0317  0.0318  0.0319  0.0315  0.0313  0.0322
  0.0346  0.0324  0.0345  0.0311  0.0342  0.0338  0.0325  0.0332  0.0327  0.0323  0.0316  0.0331
  0.0355  0.0328  0.0363  0.0346  0.0370  0.0402  0.0337  0.0362  0.0337  0.0331  0.0328  0.0340
niter,ni,del,rscale     7    3    5.0000    1.2000
parameters
   -0.7740   28.4961   -8.6234   -7.5529  -23.8462  -15.2657
    2.8280   -1.8357   -3.3778   32.4300    5.9315  -31.9005
eta,q 0.96944 16.63974
  0.0336  0.0360  0.0333  0.0345  0.0345  0.0352  0.0334  0.0343  0.0326  0.0353  0.0314  0.0329
  0.0321  0.0333  0.0315  0.0332  0.0328  0.0337  0.0320  0.0322  0.0316  0.0330  0.0310  0.0311
  0.0311  0.0314  0.0307  0.0319  0.0314  0.0320  0.0311  0.0312  0.0309  0.0315  0.0308  0.0305
  0.0306  0.0305  0.0305  0.0305  0.0305  0.0306  0.0307  0.0307  0.0307  0.0307  0.0307  0.0307
  0.0306  0.0308  0.0310  0.0297  0.0311  0.0297  0.0311  0.0308  0.0311  0.0308  0.0307  0.0314
  0.0313  0.0322  0.0321  0.0317  0.0333  0.0314  0.0320  0.0317  0.0319  0.0317  0.0311  0.0323
  0.0327  0.0346  0.0339  0.0370  0.0363  0.0387  0.0334  0.0339  0.0329  0.0327  0.0324  0.0332
niter,ni,del,rscale     6    3    5.0000    1.2000
parameters
   -0.7638   28.6644   -9.1066   -7.4909  -24.5833  -15.8183
    2.8816   -1.5747   -3.9111   33.5571    6.2003  -32.0020
eta,q 0.96920 16.60789
  0.0329  0.0355  0.0329  0.0345  0.0342  0.0351  0.0334  0.0343  0.0326  0.0344  0.0318  0.0335
  0.0317  0.0330  0.0313  0.0333  0.0327  0.0337  0.0321  0.0322  0.0316  0.0325  0.0313  0.0315
  0.0309  0.0313  0.0306  0.0320  0.0313  0.0321  0.0312  0.0312  0.0310  0.0313  0.0310  0.0307
  0.0306  0.0306  0.0306  0.0305  0.0305  0.0306  0.0309  0.0309  0.0308  0.0308  0.0308  0.0308
  0.0308  0.0310  0.0311  0.0296  0.0310  0.0296  0.0311  0.0310  0.0312  0.0310  0.0307  0.0314
  0.0315  0.0325  0.0324  0.0313  0.0331  0.0319  0.0320  0.0318  0.0320  0.0318  0.0309  0.0321
  0.0330  0.0346  0.0342  0.0364  0.0360  0.0402  0.0333  0.0339  0.0331  0.0329  0.0320  0.0330
niter,ni,del,rscale     5    3    5.0000    1.2000
parameters
   -0.7141   29.0017   -9.7007   -7.6175  -25.5969  -16.6412
    3.0786   -1.5083   -4.2944   35.0366    6.8263  -31.8642
eta,q 0.96888 16.53435
  0.0331  0.0357  0.0328  0.0345  0.0340  0.0348  0.0336  0.0341  0.0329  0.0343  0.0320  0.0336
  0.0319  0.0332  0.0313  0.0334  0.0326  0.0336  0.0324  0.0323  0.0319  0.0328  0.0316  0.0317
  0.0311  0.0315  0.0307  0.0322  0.0314  0.0322  0.0316  0.0315  0.0314  0.0318  0.0313  0.0310
  0.0308  0.0308  0.0308  0.0307  0.0307  0.0309  0.0313  0.0313  0.0313  0.0312  0.0311  0.0311
  0.0310  0.0310  0.0314  0.0298  0.0313  0.0300  0.0315  0.0313  0.0316  0.0312  0.0310  0.0316
  0.0317  0.0322  0.0325  0.0317  0.0333  0.0326  0.0322  0.0321  0.0322  0.0318  0.0311  0.0322
  0.0330  0.0341  0.0342  0.0370  0.0360  0.0407  0.0334  0.0341  0.0332  0.0329  0.0321  0.0329
niter,ni,del,rscale     4    3    5.0000    1.2000
parameters
   -0.6812   29.5622  -10.7275   -7.9255  -27.1953  -17.9696
    3.3358   -1.5800   -3.9005   37.7492    5.6437  -32.0928
eta,q 0.96878 16.42016
  0.0332  0.0360  0.0324  0.0343  0.0338  0.0343  0.0335  0.0338  0.0335  0.0348  0.0317  0.0330
  0.0321  0.0337  0.0310  0.0333  0.0324  0.0333  0.0324  0.0324  0.0325  0.0335  0.0314  0.0316
  0.0314  0.0320  0.0307  0.0321  0.0314  0.0321  0.0318  0.0317  0.0318  0.0324  0.0313  0.0311
  0.0311  0.0311  0.0310  0.0307  0.0309  0.0310  0.0315  0.0315  0.0315  0.0315  0.0312  0.0312
  0.0313  0.0311  0.0318  0.0299  0.0316  0.0305  0.0317  0.0316  0.0317  0.0312  0.0312  0.0316
  0.0319  0.0320  0.0330  0.0319  0.0338  0.0337  0.0323  0.0322  0.0322  0.0317  0.0315  0.0321
  0.0331  0.0338  0.0346  0.0372  0.0366  0.0418  0.0332  0.0341  0.0331  0.0326  0.0324  0.0327
niter,ni,del,rscale     3    3    5.0000    1.2000
parameters
   -0.7996   30.3631  -12.4606   -8.3217  -28.9379  -19.7649
    3.5499   -1.5239   -3.5298   39.9542    5.1798  -31.9497
eta,q 0.96878 16.24497
  0.0327  0.0369  0.0315  0.0338  0.0336  0.0335  0.0331  0.0338  0.0333  0.0352  0.0318  0.0330
  0.0318  0.0344  0.0306  0.0328  0.0322  0.0326  0.0322  0.0323  0.0323  0.0336  0.0314  0.0316
  0.0313  0.0324  0.0305  0.0317  0.0312  0.0317  0.0316  0.0316  0.0316  0.0323  0.0313  0.0312
  0.0312  0.0312  0.0310  0.0305  0.0307  0.0308  0.0314  0.0314  0.0314  0.0314  0.0312  0.0312
  0.0314  0.0310  0.0320  0.0296  0.0315  0.0305  0.0315  0.0314  0.0315  0.0313  0.0312  0.0315
  0.0320  0.0319  0.0333  0.0316  0.0338  0.0345  0.0320  0.0321  0.0321  0.0318  0.0314  0.0320
  0.0331  0.0336  0.0350  0.0368  0.0368  0.0436  0.0329  0.0338  0.0330  0.0329  0.0321  0.0325
niter,ni,del,rscale     2    3    5.0000    1.2000
parameters
   -0.9063   30.9164  -13.6367   -8.2770  -29.8104  -21.4555
    3.6546   -1.5032   -3.6098   40.9168    5.1094  -31.7336
eta,q 0.96853 16.14845
  0.0326  0.0362  0.0320  0.0340  0.0340  0.0333  0.0332  0.0340  0.0331  0.0346  0.0321  0.0331
  0.0317  0.0338  0.0312  0.0332  0.0326  0.0325  0.0323  0.0324  0.0322  0.0332  0.0317  0.0319
  0.0313  0.0321  0.0310  0.0322  0.0316  0.0318  0.0317  0.0317  0.0317  0.0321  0.0315  0.0314
  0.0312  0.0312  0.0311  0.0310  0.0309  0.0310  0.0315  0.0315  0.0315  0.0315  0.0315  0.0315
  0.0314  0.0313  0.0317  0.0300  0.0313  0.0304  0.0316  0.0316  0.0317  0.0317  0.0314  0.0317
  0.0319  0.0323  0.0327  0.0314  0.0330  0.0335  0.0322  0.0323  0.0323  0.0323  0.0316  0.0321
  0.0329  0.0339  0.0341  0.0358  0.0358  0.0422  0.0331  0.0340  0.0331  0.0337  0.0322  0.0327
niter,ni,del,rscale     1    3    5.0000    1.2000
parameters
   -0.9422   31.2533  -14.3182   -8.1665  -30.2707  -22.6597
    3.7490   -1.4874   -3.7584   41.4849    5.0271  -31.5284
eta,q 0.96830 16.09715
  0.0329  0.0357  0.0325  0.0342  0.0343  0.0334  0.0334  0.0342  0.0332  0.0346  0.0323  0.0332
  0.0320  0.0336  0.0318  0.0334  0.0330  0.0327  0.0325  0.0326  0.0323  0.0332  0.0319  0.0321
  0.0316  0.0321  0.0314  0.0325  0.0320  0.0321  0.0319  0.0319  0.0318  0.0322  0.0317  0.0317
  0.0315  0.0315  0.0314  0.0314  0.0313  0.0314  0.0317  0.0317  0.0317  0.0317  0.0317  0.0317
  0.0317  0.0317  0.0318  0.0304  0.0315  0.0307  0.0318  0.0318  0.0319  0.0320  0.0317  0.0319
  0.0321  0.0327  0.0325  0.0316  0.0330  0.0318  0.0324  0.0325  0.0325  0.0327  0.0318  0.0323
  0.0330  0.0344  0.0335  0.0358  0.0354  0.0391  0.0333  0.0342  0.0333  0.0341  0.0324  0.0328
registration optimization eta report
parameter search radius
    2.4000    3.6501    4.1976    8.2800   10.9503    8.2800
    7.2000    7.2000    7.2000    9.5220    9.5220   10.9503
100000*second partial in parameter space
       26.       27.        9.        6.        3.        8.
        3.        5.        3.        3.        1.        1.
  0.0329  0.0357  0.0325  0.0342  0.0343  0.0334  0.0334  0.0342  0.0332  0.0346  0.0323  0.0332
  0.0320  0.0336  0.0318  0.0334  0.0330  0.0327  0.0325  0.0326  0.0323  0.0332  0.0319  0.0321
  0.0316  0.0321  0.0314  0.0325  0.0320  0.0321  0.0319  0.0319  0.0318  0.0322  0.0317  0.0317
  0.0315  0.0315  0.0314  0.0314  0.0313  0.0314  0.0317  0.0317  0.0317  0.0317  0.0317  0.0317
  0.0317  0.0317  0.0318  0.0304  0.0315  0.0307  0.0318  0.0318  0.0319  0.0320  0.0317  0.0319
  0.0321  0.0327  0.0325  0.0316  0.0330  0.0318  0.0324  0.0325  0.0325  0.0327  0.0318  0.0323
  0.0330  0.0344  0.0335  0.0358  0.0354  0.0391  0.0333  0.0342  0.0333  0.0341  0.0324  0.0328
   -0.9422   31.2533  -14.3182   -8.1665  -30.2707  -22.6597
    3.7490   -1.4874   -3.7584   41.4849    5.0271  -31.5284
eta,q 0.96830 16.09715

---------------------------------------------------------------------
imgreg_4dfp /opt/freesurfer/average/711-2C_as_mni_average_305 /opt/freesurfer/average/711-2B_as_mni_average_305_mask talsrcimg_g11 none talsrcimg_to_711-2C_as_mni_average_305_t4 2311
---------------------------------------------------------------------

freesurfer imgreg_4dfp.c
/opt/freesurfer/average/711-2C_as_mni_average_305.4dfp.img
       256       256       256         1
  1.000000  1.000000  1.000000
orientation T byte_order littleendian
Reading image: /opt/freesurfer/average/711-2C_as_mni_average_305.4dfp.img
dimensions:      256       256       256
mmppix:       1.0000   -1.0000   -1.0000
center:     128.0000 -129.0000 -129.0000
/opt/freesurfer/average/711-2B_as_mni_average_305_mask.4dfp.img
       256       256       256         1
  1.000000  1.000000  1.000000
orientation T byte_order littleendian
Reading mask: /opt/freesurfer/average/711-2B_as_mni_average_305_mask.4dfp.img (2306576 pixels)
talsrcimg_g11.4dfp.img
       320       320       320         1
  0.700000  0.700000  0.700000
orientation T byte_order littleendian
Reading image: talsrcimg_g11.4dfp.img
dimensions:      320       320       320
mmppix:       0.7000   -0.7000   -0.7000
center:     112.0000 -112.7000 -112.7000
fimgreg.f
image alignment mode   2311 decimal      907 hex
parameters
   -0.9422   31.2533  -14.3182   -8.1665  -30.2707  -22.6597
    3.7490   -1.4874   -3.7584   41.4849    5.0271  -31.5284
eta,q 0.96830 16.09715
niter,ni,del,rscale     5    3    5.0000    0.8000
parameter  4 -0.917522 -> -0.500000 qaram    1.1500
parameter  6 -0.559964 -> -0.500000 qaram    1.1500
parameters
   -0.9878   31.4052  -14.6287   -5.4065  -30.1743  -19.8997
    3.5578   -1.6743   -3.5563   41.6195    4.7967  -30.6976
eta,q 0.96961 16.25583
  0.0323  0.0325  0.0318  0.0334  0.0316  0.0318  0.0315  0.0338  0.0314  0.0313  0.0313  0.0311
  0.0319  0.0321  0.0317  0.0329  0.0312  0.0314  0.0309  0.0319  0.0309  0.0308  0.0308  0.0307
  0.0317  0.0318  0.0317  0.0323  0.0309  0.0311  0.0305  0.0308  0.0305  0.0305  0.0305  0.0305
  0.0317  0.0317  0.0317  0.0317  0.0307  0.0307  0.0304  0.0304  0.0304  0.0304  0.0304  0.0304
  0.0318  0.0317  0.0317  0.0310  0.0308  0.0305  0.0306  0.0309  0.0305  0.0305  0.0305  0.0304
  0.0320  0.0319  0.0318  0.0307  0.0311  0.0304  0.0310  0.0322  0.0308  0.0307  0.0309  0.0305
  0.0323  0.0323  0.0320  0.0313  0.0316  0.0308  0.0317  0.0344  0.0313  0.0312  0.0316  0.0307
niter,ni,del,rscale     6    3    5.0000    0.9000
parameters
   -1.0522   30.8048  -13.7785   -6.6103  -28.9974  -20.8085
    3.7697   -1.4765   -3.5425   40.8162    5.6633  -32.6475
eta,q 0.96954 16.31661
  0.0323  0.0307  0.0315  0.0326  0.0315  0.0320  0.0319  0.0332  0.0318  0.0313  0.0312  0.0307
  0.0313  0.0304  0.0309  0.0318  0.0311  0.0315  0.0312  0.0318  0.0311  0.0308  0.0309  0.0305
  0.0306  0.0303  0.0305  0.0308  0.0307  0.0309  0.0308  0.0309  0.0307  0.0306  0.0307  0.0305
  0.0304  0.0304  0.0303  0.0302  0.0304  0.0304  0.0306  0.0306  0.0306  0.0306  0.0306  0.0305
  0.0307  0.0307  0.0302  0.0309  0.0304  0.0298  0.0307  0.0308  0.0308  0.0308  0.0305  0.0307
  0.0314  0.0312  0.0302  0.0333  0.0305  0.0309  0.0311  0.0315  0.0311  0.0312  0.0306  0.0309
  0.0326  0.0319  0.0303  0.0372  0.0309  0.0364  0.0317  0.0329  0.0317  0.0318  0.0309  0.0311
niter,ni,del,rscale     5    3    5.0000    0.8000
parameters
   -0.9111   30.8920  -13.8371   -6.7216  -28.9983  -20.4436
    3.6781   -1.6190   -3.5704   41.1942    5.7134  -32.6025
eta,q 0.96960 16.32689
  0.0318  0.0314  0.0308  0.0327  0.0313  0.0321  0.0314  0.0324  0.0313  0.0314  0.0309  0.0308
  0.0311  0.0309  0.0306  0.0320  0.0309  0.0316  0.0308  0.0313  0.0308  0.0308  0.0306  0.0306
  0.0307  0.0306  0.0305  0.0312  0.0306  0.0310  0.0305  0.0306  0.0305  0.0305  0.0305  0.0304
  0.0305  0.0304  0.0304  0.0304  0.0305  0.0305  0.0304  0.0304  0.0304  0.0304  0.0304  0.0304
  0.0305  0.0305  0.0305  0.0302  0.0305  0.0301  0.0305  0.0306  0.0305  0.0305  0.0304  0.0305
  0.0308  0.0308  0.0306  0.0313  0.0308  0.0302  0.0309  0.0313  0.0308  0.0307  0.0306  0.0306
  0.0314  0.0312  0.0308  0.0338  0.0314  0.0326  0.0315  0.0327  0.0313  0.0311  0.0309  0.0308
niter,ni,del,rscale     4    3    5.0000    0.7000
parameters
   -0.9168   30.8217  -13.8999   -6.5089  -28.9690  -20.1432
    3.6705   -1.6607   -3.5951   41.2482    5.6225  -32.3245
eta,q 0.96974 16.34294
  0.0313  0.0310  0.0307  0.0324  0.0310  0.0318  0.0311  0.0321  0.0310  0.0309  0.0307  0.0306
  0.0308  0.0306  0.0305  0.0318  0.0307  0.0313  0.0306  0.0311  0.0306  0.0305  0.0305  0.0304
  0.0305  0.0304  0.0304  0.0311  0.0304  0.0308  0.0303  0.0305  0.0303  0.0303  0.0303  0.0303
  0.0304  0.0304  0.0304  0.0304  0.0303  0.0303  0.0303  0.0303  0.0303  0.0303  0.0303  0.0303
  0.0305  0.0305  0.0304  0.0302  0.0304  0.0300  0.0303  0.0304  0.0304  0.0303  0.0303  0.0303
  0.0308  0.0307  0.0305  0.0309  0.0306  0.0301  0.0306  0.0311  0.0306  0.0305  0.0305  0.0304
  0.0313  0.0311  0.0307  0.0327  0.0310  0.0321  0.0311  0.0322  0.0310  0.0308  0.0308  0.0305
niter,ni,del,rscale     3    3    5.0000    0.6000
parameters
   -0.9256   30.7457  -13.8466   -6.2346  -28.8594  -19.5612
    3.6495   -1.7156   -3.6155   41.1655    5.4184  -31.8856
eta,q 0.96994 16.36234
  0.0310  0.0307  0.0305  0.0321  0.0307  0.0314  0.0307  0.0317  0.0306  0.0304  0.0304  0.0304
  0.0306  0.0304  0.0304  0.0315  0.0304  0.0310  0.0303  0.0308  0.0303  0.0302  0.0302  0.0302
  0.0303  0.0303  0.0303  0.0308  0.0303  0.0305  0.0301  0.0302  0.0301  0.0301  0.0301  0.0301
  0.0303  0.0303  0.0303  0.0303  0.0302  0.0302  0.0301  0.0301  0.0301  0.0301  0.0301  0.0301
  0.0303  0.0303  0.0303  0.0301  0.0302  0.0299  0.0301  0.0302  0.0301  0.0301  0.0301  0.0301
  0.0306  0.0305  0.0303  0.0307  0.0304  0.0300  0.0303  0.0308  0.0303  0.0302  0.0303  0.0301
  0.0310  0.0308  0.0305  0.0321  0.0307  0.0312  0.0307  0.0318  0.0306  0.0305  0.0306  0.0302
niter,ni,del,rscale     2    3    5.0000    0.5000
parameters
   -0.9390   30.5963  -13.7001   -6.0253  -28.5936  -18.8685
    3.5958   -1.7641   -3.6499   41.0471    5.1758  -31.3998
eta,q 0.97015 16.39059
  0.0306  0.0303  0.0303  0.0315  0.0304  0.0310  0.0303  0.0311  0.0303  0.0301  0.0302  0.0301
  0.0303  0.0301  0.0302  0.0310  0.0302  0.0306  0.0300  0.0304  0.0300  0.0300  0.0300  0.0300
  0.0301  0.0301  0.0301  0.0305  0.0301  0.0303  0.0299  0.0300  0.0299  0.0299  0.0299  0.0299
  0.0301  0.0301  0.0301  0.0300  0.0300  0.0300  0.0299  0.0299  0.0299  0.0299  0.0299  0.0299
  0.0301  0.0301  0.0301  0.0300  0.0300  0.0298  0.0299  0.0300  0.0299  0.0299  0.0299  0.0299
  0.0303  0.0303  0.0301  0.0304  0.0301  0.0298  0.0301  0.0305  0.0301  0.0300  0.0301  0.0299
  0.0306  0.0305  0.0302  0.0315  0.0303  0.0306  0.0303  0.0313  0.0303  0.0302  0.0303  0.0300
niter,ni,del,rscale     1    3    5.0000    0.4000
parameters
   -0.9442   30.3908  -13.5753   -5.9171  -28.1891  -18.2461
    3.5179   -1.8048   -3.6943   41.0172    4.8998  -30.9649
eta,q 0.97033 16.42567
  0.0302  0.0300  0.0300  0.0309  0.0301  0.0306  0.0300  0.0306  0.0299  0.0299  0.0299  0.0298
  0.0300  0.0299  0.0299  0.0305  0.0300  0.0303  0.0298  0.0301  0.0298  0.0298  0.0298  0.0298
  0.0299  0.0298  0.0299  0.0301  0.0299  0.0301  0.0297  0.0298  0.0297  0.0297  0.0297  0.0297
  0.0299  0.0299  0.0298  0.0298  0.0298  0.0298  0.0297  0.0297  0.0297  0.0297  0.0297  0.0297
  0.0299  0.0299  0.0298  0.0298  0.0298  0.0296  0.0297  0.0298  0.0297  0.0297  0.0297  0.0297
  0.0300  0.0300  0.0299  0.0302  0.0299  0.0297  0.0298  0.0301  0.0298  0.0297  0.0298  0.0297
  0.0303  0.0302  0.0299  0.0309  0.0300  0.0303  0.0300  0.0307  0.0300  0.0299  0.0300  0.0297
registration optimization eta report
parameter search radius
    0.8000    0.8000    0.8000    2.7600    2.4000    2.7600
    2.4000    2.4000    2.4000    2.4000    2.4000    2.4000
100000*second partial in parameter space
       61.       34.       18.       14.        4.        8.
        5.       17.        5.        4.        5.        2.
  0.0302  0.0300  0.0300  0.0309  0.0301  0.0306  0.0300  0.0306  0.0299  0.0299  0.0299  0.0298
  0.0300  0.0299  0.0299  0.0305  0.0300  0.0303  0.0298  0.0301  0.0298  0.0298  0.0298  0.0298
  0.0299  0.0298  0.0299  0.0301  0.0299  0.0301  0.0297  0.0298  0.0297  0.0297  0.0297  0.0297
  0.0299  0.0299  0.0298  0.0298  0.0298  0.0298  0.0297  0.0297  0.0297  0.0297  0.0297  0.0297
  0.0299  0.0299  0.0298  0.0298  0.0298  0.0296  0.0297  0.0298  0.0297  0.0297  0.0297  0.0297
  0.0300  0.0300  0.0299  0.0302  0.0299  0.0297  0.0298  0.0301  0.0298  0.0297  0.0298  0.0297
  0.0303  0.0302  0.0299  0.0309  0.0300  0.0303  0.0300  0.0307  0.0300  0.0299  0.0300  0.0297
   -0.9442   30.3908  -13.5753   -5.9171  -28.1891  -18.2461
    3.5179   -1.8048   -3.6943   41.0172    4.8998  -30.9649
eta,q 0.97033 16.42567

---------------------------------------------------------------------
imgreg_4dfp /opt/freesurfer/average/711-2C_as_mni_average_305 /opt/freesurfer/average/711-2B_as_mni_average_305_mask talsrcimg_g11 none talsrcimg_to_711-2C_as_mni_average_305_t4 2311
---------------------------------------------------------------------

freesurfer imgreg_4dfp.c
/opt/freesurfer/average/711-2C_as_mni_average_305.4dfp.img
       256       256       256         1
  1.000000  1.000000  1.000000
orientation T byte_order littleendian
Reading image: /opt/freesurfer/average/711-2C_as_mni_average_305.4dfp.img
dimensions:      256       256       256
mmppix:       1.0000   -1.0000   -1.0000
center:     128.0000 -129.0000 -129.0000
/opt/freesurfer/average/711-2B_as_mni_average_305_mask.4dfp.img
       256       256       256         1
  1.000000  1.000000  1.000000
orientation T byte_order littleendian
Reading mask: /opt/freesurfer/average/711-2B_as_mni_average_305_mask.4dfp.img (2306576 pixels)
talsrcimg_g11.4dfp.img
       320       320       320         1
  0.700000  0.700000  0.700000
orientation T byte_order littleendian
Reading image: talsrcimg_g11.4dfp.img
dimensions:      320       320       320
mmppix:       0.7000   -0.7000   -0.7000
center:     112.0000 -112.7000 -112.7000
fimgreg.f
image alignment mode   2311 decimal      907 hex
parameters
   -0.9442   30.3908  -13.5753   -5.9171  -28.1891  -18.2461
    3.5179   -1.8048   -3.6943   41.0172    4.8998  -30.9649
eta,q 0.97033 16.42567
niter,ni,del,rscale     5    3    5.0000    0.8000
parameters
   -0.9637   30.2236  -13.3479   -6.5591  -28.2077  -19.0576
    3.5579   -1.5683   -3.5730   40.4322    5.2534  -31.7735
eta,q 0.96998 16.40585
  0.0313  0.0304  0.0305  0.0317  0.0306  0.0314  0.0311  0.0329  0.0311  0.0307  0.0307  0.0303
  0.0304  0.0299  0.0300  0.0309  0.0302  0.0309  0.0305  0.0314  0.0305  0.0303  0.0304  0.0301
  0.0299  0.0297  0.0297  0.0301  0.0299  0.0303  0.0302  0.0305  0.0302  0.0301  0.0302  0.0300
  0.0297  0.0297  0.0297  0.0297  0.0298  0.0298  0.0301  0.0301  0.0301  0.0301  0.0301  0.0300
  0.0299  0.0299  0.0297  0.0300  0.0298  0.0295  0.0302  0.0302  0.0302  0.0301  0.0301  0.0301
  0.0304  0.0302  0.0298  0.0315  0.0301  0.0311  0.0305  0.0310  0.0305  0.0305  0.0302  0.0303
  0.0314  0.0307  0.0301  0.0340  0.0307  0.0355  0.0311  0.0324  0.0310  0.0312  0.0306  0.0305
niter,ni,del,rscale     4    3    5.0000    0.7000
parameters
   -0.8937   30.4814  -13.4674   -6.3146  -28.4319  -19.1202
    3.4844   -1.5765   -3.5897   40.7690    5.2534  -31.8413
eta,q 0.97006 16.39673
  0.0311  0.0309  0.0303  0.0319  0.0305  0.0312  0.0308  0.0320  0.0307  0.0306  0.0305  0.0303
  0.0305  0.0305  0.0301  0.0312  0.0302  0.0307  0.0303  0.0309  0.0303  0.0302  0.0302  0.0301
  0.0302  0.0302  0.0300  0.0306  0.0300  0.0303  0.0300  0.0302  0.0300  0.0300  0.0300  0.0300
  0.0300  0.0300  0.0300  0.0300  0.0299  0.0299  0.0299  0.0299  0.0299  0.0299  0.0299  0.0299
  0.0301  0.0300  0.0301  0.0298  0.0300  0.0297  0.0300  0.0301  0.0300  0.0300  0.0300  0.0300
  0.0304  0.0302  0.0302  0.0305  0.0303  0.0300  0.0303  0.0308  0.0303  0.0301  0.0302  0.0301
  0.0309  0.0304  0.0303  0.0319  0.0307  0.0321  0.0308  0.0321  0.0307  0.0304  0.0305  0.0303
niter,ni,del,rscale     3    3    5.0000    0.6000
parameters
   -0.8809   30.4816  -13.5030   -6.1006  -28.4605  -18.7977
    3.4428   -1.6261   -3.6258   40.8224    5.1027  -31.5566
eta,q 0.97018 16.40261
  0.0307  0.0304  0.0302  0.0315  0.0304  0.0309  0.0305  0.0316  0.0304  0.0302  0.0303  0.0301
  0.0303  0.0302  0.0300  0.0310  0.0301  0.0306  0.0301  0.0306  0.0301  0.0300  0.0300  0.0300
  0.0300  0.0300  0.0300  0.0304  0.0300  0.0302  0.0299  0.0300  0.0299  0.0299  0.0299  0.0298
  0.0299  0.0299  0.0299  0.0299  0.0299  0.0299  0.0298  0.0298  0.0298  0.0298  0.0298  0.0298
  0.0300  0.0300  0.0300  0.0299  0.0299  0.0297  0.0299  0.0300  0.0299  0.0298  0.0299  0.0298
  0.0303  0.0302  0.0301  0.0304  0.0301  0.0298  0.0301  0.0306  0.0301  0.0300  0.0300  0.0299
  0.0307  0.0304  0.0302  0.0315  0.0304  0.0310  0.0305  0.0317  0.0304  0.0302  0.0304  0.0300
niter,ni,del,rscale     2    3    5.0000    0.5000
parameters
   -0.8908   30.3958  -13.4517   -5.9466  -28.2943  -18.2886
    3.4041   -1.6824   -3.6752   40.7962    4.8954  -31.1715
eta,q 0.97032 16.41950
  0.0304  0.0301  0.0300  0.0311  0.0302  0.0306  0.0301  0.0310  0.0301  0.0300  0.0300  0.0299
  0.0301  0.0299  0.0299  0.0306  0.0300  0.0303  0.0299  0.0303  0.0299  0.0298  0.0298  0.0298
  0.0299  0.0298  0.0298  0.0301  0.0299  0.0300  0.0297  0.0298  0.0297  0.0297  0.0297  0.0297
  0.0298  0.0298  0.0298  0.0298  0.0298  0.0298  0.0297  0.0297  0.0297  0.0297  0.0297  0.0297
  0.0299  0.0299  0.0298  0.0298  0.0298  0.0296  0.0297  0.0298  0.0297  0.0297  0.0297  0.0297
  0.0301  0.0300  0.0299  0.0302  0.0299  0.0296  0.0299  0.0303  0.0299  0.0298  0.0299  0.0297
  0.0304  0.0302  0.0300  0.0310  0.0301  0.0304  0.0302  0.0312  0.0301  0.0300  0.0301  0.0298
niter,ni,del,rscale     1    3    5.0000    0.4000
parameters
   -0.8952   30.2358  -13.3850   -5.8849  -27.9833  -17.8036
    3.3481   -1.7138   -3.7163   40.7692    4.6573  -30.7994
eta,q 0.97046 16.44315
  0.0301  0.0298  0.0298  0.0305  0.0299  0.0304  0.0298  0.0305  0.0298  0.0298  0.0298  0.0297
  0.0299  0.0297  0.0297  0.0302  0.0298  0.0301  0.0297  0.0300  0.0297  0.0297  0.0296  0.0296
  0.0297  0.0297  0.0297  0.0298  0.0297  0.0299  0.0296  0.0297  0.0296  0.0296  0.0296  0.0296
  0.0297  0.0297  0.0297  0.0297  0.0297  0.0297  0.0295  0.0295  0.0295  0.0295  0.0295  0.0295
  0.0297  0.0297  0.0297  0.0297  0.0297  0.0295  0.0296  0.0297  0.0296  0.0295  0.0296  0.0295
  0.0299  0.0298  0.0297  0.0300  0.0297  0.0296  0.0297  0.0300  0.0297  0.0296  0.0297  0.0296
  0.0301  0.0300  0.0298  0.0306  0.0298  0.0301  0.0299  0.0306  0.0298  0.0298  0.0299  0.0296
registration optimization eta report
parameter search radius
    0.8000    0.8000    0.8000    2.4000    2.4000    2.4000
    2.4000    2.4000    2.4000    2.4000    2.4000    2.4000
100000*second partial in parameter space
       64.       35.       20.       15.        4.       10.
        5.       17.        5.        4.        5.        2.
  0.0301  0.0298  0.0298  0.0305  0.0299  0.0304  0.0298  0.0305  0.0298  0.0298  0.0298  0.0297
  0.0299  0.0297  0.0297  0.0302  0.0298  0.0301  0.0297  0.0300  0.0297  0.0297  0.0296  0.0296
  0.0297  0.0297  0.0297  0.0298  0.0297  0.0299  0.0296  0.0297  0.0296  0.0296  0.0296  0.0296
  0.0297  0.0297  0.0297  0.0297  0.0297  0.0297  0.0295  0.0295  0.0295  0.0295  0.0295  0.0295
  0.0297  0.0297  0.0297  0.0297  0.0297  0.0295  0.0296  0.0297  0.0296  0.0295  0.0296  0.0295
  0.0299  0.0298  0.0297  0.0300  0.0297  0.0296  0.0297  0.0300  0.0297  0.0296  0.0297  0.0296
  0.0301  0.0300  0.0298  0.0306  0.0298  0.0301  0.0299  0.0306  0.0298  0.0298  0.0299  0.0296
   -0.8952   30.2358  -13.3850   -5.8849  -27.9833  -17.8036
    3.3481   -1.7138   -3.7163   40.7692    4.6573  -30.7994
eta,q 0.97046 16.44315

---------------------------------------------------------------------
compute_vox2vox talsrcimg talsrcimg_to_711-2C_as_mni_average_305_t4 /opt/freesurfer/average/711-2C_as_mni_average_305
---------------------------------------------------------------------

freesurfer compute_vox2vox.c
Reading: talsrcimg.4dfp.ifh
Reading: talsrcimg_to_711-2C_as_mni_average_305_t4
Reading: /opt/freesurfer/average/711-2C_as_mni_average_305.4dfp.ifh
Writing: talsrcimg_to_711-2C_as_mni_average_305_t4_vox2vox.txt

start time Fri Mar 13 08:00:22 CET 2026
end		time Fri Mar 13 08:01:46 CET 2026

mpr2mni305 success

avi2talxfm orig_nu.mgz /opt/freesurfer/average/mni305.cor.mgz talsrcimg_to_711-2C_as_mni_average_305_t4_vox2vox.txt transforms/talairach.auto.xfm
avi2talxfm done
mv -f /out/sourcedata/freesurfer/sub-v2s5x29567_ses-1/mri/talsrcimg_to_711-2C_as_mni_average_305_t4_vox2vox.txt /out/sourcedata/freesurfer/sub-v2s5x29567_ses-1/mri/transforms/talsrcimg_to_711-2C_as_mni_average_305_t4_vox2vox.txt
lta_convert --src orig_nu.mgz --trg /opt/freesurfer/average/mni305.cor.mgz --inxfm transforms/talairach.auto.xfm --outlta transforms/talairach.auto.xfm.lta --subject fsaverage
7.3.2

--src: orig_nu.mgz src image (geometry).
--trg: /opt/freesurfer/average/mni305.cor.mgz trg image (geometry).
--inmni: transforms/talairach.auto.xfm input MNI/XFM transform.
--outlta: transforms/talairach.auto.xfm.lta output LTA.
--s: fsaverage subject name
 LTA read, type : 1
 1.05933   0.03838  -0.03284  -1.00347;
-0.03262   1.00251   0.43026  -13.49740;
 0.07313  -0.56555   1.14330   5.49289;
 0.00000   0.00000   0.00000   1.00000;
setting subject to fsaverage
Writing  LTA to file transforms/talairach.auto.xfm.lta...
lta_convert successful.
 
 
Started at Fri Mar 13 08:00:22 CET 2026
Ended   at Fri Mar 13 08:01:47 CET 2026
talairach_avi done
