Log file for defect2seg
Fri Mar 13 11:07:24 CET 2026

setenv SUBJECTS_DIR /out/sourcedata/freesurfer
cd /out/sourcedata/freesurfer/sub-v2s5x29554_ses-1/scripts
/opt/freesurfer/bin/defect2seg --s sub-v2s5x29554_ses-1 --rh-only --cortex

freesurfer-linux-ubuntu22_x86_64-7.3.2-20220804-6354275
defect2seg 7.3.2
Linux dna069 5.14.0-427.37.1.el9_4.x86_64 #1 SMP PREEMPT_DYNAMIC Fri Sep 13 12:41:50 EDT 2024 x86_64 x86_64 x86_64 GNU/Linux
pid 950459
mri_label2label --label-cortex /out/sourcedata/freesurfer/sub-v2s5x29554_ses-1/surf/rh.orig.nofix /out/sourcedata/freesurfer/sub-v2s5x29554_ses-1/mri/aseg.presurf.mgz 0 /out/sourcedata/freesurfer/sub-v2s5x29554_ses-1/label/rh.nofix.cortex.label

 Generating cortex label... RemoveHipAmgy=0
 NucAccIsMedialWall=0
 mris->useRealRAS=0
39 non-cortical segments detected
only using segment with 17322 vertices
erasing segment 0 (vno[0] = 92149)
erasing segment 1 (vno[0] = 98137)
erasing segment 2 (vno[0] = 103901)
erasing segment 4 (vno[0] = 160014)
erasing segment 5 (vno[0] = 175657)
erasing segment 6 (vno[0] = 193015)
erasing segment 7 (vno[0] = 198620)
erasing segment 8 (vno[0] = 201865)
erasing segment 9 (vno[0] = 208706)
erasing segment 10 (vno[0] = 213288)
erasing segment 11 (vno[0] = 216322)
erasing segment 12 (vno[0] = 230276)
erasing segment 13 (vno[0] = 233611)
erasing segment 14 (vno[0] = 235109)
erasing segment 15 (vno[0] = 237122)
erasing segment 16 (vno[0] = 238376)
erasing segment 17 (vno[0] = 238425)
erasing segment 18 (vno[0] = 238426)
erasing segment 19 (vno[0] = 238560)
erasing segment 20 (vno[0] = 238611)
erasing segment 21 (vno[0] = 238736)
erasing segment 22 (vno[0] = 241736)
erasing segment 23 (vno[0] = 241905)
erasing segment 24 (vno[0] = 243235)
erasing segment 25 (vno[0] = 243294)
erasing segment 26 (vno[0] = 243490)
erasing segment 27 (vno[0] = 243554)
erasing segment 28 (vno[0] = 243739)
erasing segment 29 (vno[0] = 246250)
erasing segment 30 (vno[0] = 247897)
erasing segment 31 (vno[0] = 247936)
erasing segment 32 (vno[0] = 248064)
erasing segment 33 (vno[0] = 253927)
erasing segment 34 (vno[0] = 253960)
erasing segment 35 (vno[0] = 297807)
erasing segment 36 (vno[0] = 299730)
erasing segment 37 (vno[0] = 319342)
erasing segment 38 (vno[0] = 322947)
mri_label2vol --defects /out/sourcedata/freesurfer/sub-v2s5x29554_ses-1/surf/rh.orig.nofix /out/sourcedata/freesurfer/sub-v2s5x29554_ses-1/surf/rh.defect_labels /out/sourcedata/freesurfer/sub-v2s5x29554_ses-1/mri/orig.mgz 2000 0 /out/sourcedata/freesurfer/sub-v2s5x29554_ses-1/mri/rh.surface.defects.mgz /out/sourcedata/freesurfer/sub-v2s5x29554_ses-1/label/rh.nofix.cortex.label
mri_label2vol supposed to be reproducible but seed not set
Contraining to label /out/sourcedata/freesurfer/sub-v2s5x29554_ses-1/label/rh.nofix.cortex.label
Changing input type 0 to MRI_INT
Converting defects to volume: offset=2000, merge=0
Writing to /out/sourcedata/freesurfer/sub-v2s5x29554_ses-1/mri/rh.surface.defects.mgz
mris_defects_pointset -s /out/sourcedata/freesurfer/sub-v2s5x29554_ses-1/surf/rh.orig.nofix -d /out/sourcedata/freesurfer/sub-v2s5x29554_ses-1/surf/rh.defect_labels -o /out/sourcedata/freesurfer/sub-v2s5x29554_ses-1/surf/rh.defects.pointset --label /out/sourcedata/freesurfer/sub-v2s5x29554_ses-1/label/rh.nofix.cortex.label
Reading in surface /out/sourcedata/freesurfer/sub-v2s5x29554_ses-1/surf/rh.orig.nofix
Reading in defect segmentation /out/sourcedata/freesurfer/sub-v2s5x29554_ses-1/surf/rh.defect_labels
Reading in label /out/sourcedata/freesurfer/sub-v2s5x29554_ses-1/label/rh.nofix.cortex.label
#VMPC# mris_defects_pointset 1520688
mris_defects_pointset done
 
Started at Fri Mar 13 11:07:24 CET 2026 
Ended   at Fri Mar 13 11:07:51 CET 2026
Defect2seg-Run-Time-Sec 27
Defect2seg-Run-Time-Min 0.54
Defect2seg-Run-Time-Hours 0.01
 
defect2seg Done
