status file for recon-all
Fri Mar 13 07:18:43 CET 2026
#@# MotionCor Fri Mar 13 07:18:47 CET 2026
#@# Talairach Fri Mar 13 07:18:58 CET 2026
#@# Talairach Failure Detection Fri Mar 13 07:24:21 CET 2026
#@# Nu Intensity Correction Fri Mar 13 07:24:21 CET 2026
#@# Intensity Normalization Fri Mar 13 07:29:44 CET 2026
recon-all -s sub-v2s5x29554_ses-1 finished without error at Fri Mar 13 07:35:03 CET 2026



#New# invocation of recon-all 



status file for recon-all
Fri Mar 13 07:43:17 CET 2026
#@# EM Registration Fri Mar 13 07:43:17 CET 2026
recon-all -s sub-v2s5x29554_ses-1 finished without error at Fri Mar 13 07:44:56 CET 2026



#New# invocation of recon-all 



status file for recon-all
Fri Mar 13 07:44:59 CET 2026
#@# CA Normalize Fri Mar 13 07:44:59 CET 2026
#@# CA Reg Fri Mar 13 07:46:20 CET 2026
#@# SubCort Seg Fri Mar 13 08:41:08 CET 2026
#@# CC Seg Fri Mar 13 09:58:00 CET 2026
#@# Merge ASeg Fri Mar 13 09:58:36 CET 2026
#@# Intensity Normalization2 Fri Mar 13 09:58:36 CET 2026
#@# Mask BFS Fri Mar 13 10:02:38 CET 2026
#@# WM Segmentation Fri Mar 13 10:02:39 CET 2026
#@# Fill Fri Mar 13 10:07:40 CET 2026
recon-all -s sub-v2s5x29554_ses-1 finished without error at Fri Mar 13 10:08:53 CET 2026



#New# invocation of recon-all 



status file for recon-all
Fri Mar 13 11:51:39 CET 2026
#@# white curv lh Fri Mar 13 11:51:39 CET 2026
#@# white area lh Fri Mar 13 11:51:39 CET 2026
#@# pial curv lh Fri Mar 13 11:51:39 CET 2026
#@# pial area lh Fri Mar 13 11:51:39 CET 2026
#@# thickness lh Fri Mar 13 11:51:39 CET 2026
#@# area and vertex vol lh Fri Mar 13 11:51:39 CET 2026
#@# white curv rh Fri Mar 13 11:51:39 CET 2026
#@# white area rh Fri Mar 13 11:51:39 CET 2026
#@# pial curv rh Fri Mar 13 11:51:39 CET 2026
#@# pial area rh Fri Mar 13 11:51:39 CET 2026
#@# thickness rh Fri Mar 13 11:51:39 CET 2026
#@# area and vertex vol rh Fri Mar 13 11:51:39 CET 2026
#@# Cortical ribbon mask Fri Mar 13 11:51:39 CET 2026
recon-all -s sub-v2s5x29554_ses-1 finished without error at Fri Mar 13 12:15:07 CET 2026



#New# invocation of recon-all 



status file for recon-all
Fri Mar 13 12:29:26 CET 2026
#@# white curv lh Fri Mar 13 12:29:26 CET 2026
#@# white area lh Fri Mar 13 12:29:26 CET 2026
#@# pial curv lh Fri Mar 13 12:29:26 CET 2026
#@# pial area lh Fri Mar 13 12:29:26 CET 2026
#@# thickness lh Fri Mar 13 12:29:26 CET 2026
#@# area and vertex vol lh Fri Mar 13 12:29:26 CET 2026
#@# white curv rh Fri Mar 13 12:29:26 CET 2026
#@# white area rh Fri Mar 13 12:29:26 CET 2026
#@# pial curv rh Fri Mar 13 12:29:26 CET 2026
#@# pial area rh Fri Mar 13 12:29:26 CET 2026
#@# thickness rh Fri Mar 13 12:29:26 CET 2026
#@# area and vertex vol rh Fri Mar 13 12:29:26 CET 2026
#@# Curvature Stats lh Fri Mar 13 12:29:26 CET 2026
#@# Curvature Stats rh Fri Mar 13 12:29:30 CET 2026
#@# Relabel Hypointensities Fri Mar 13 12:29:35 CET 2026
#@# APas-to-ASeg Fri Mar 13 12:30:14 CET 2026
#@# AParc-to-ASeg aparc Fri Mar 13 12:30:32 CET 2026
#@# AParc-to-ASeg aparc.a2009s Fri Mar 13 12:32:56 CET 2026
#@# AParc-to-ASeg aparc.DKTatlas Fri Mar 13 12:35:16 CET 2026
#@# WMParc Fri Mar 13 12:37:45 CET 2026
#@# ASeg Stats Fri Mar 13 12:41:42 CET 2026
recon-all -s sub-v2s5x29554_ses-1 finished without error at Fri Mar 13 12:42:17 CET 2026
