status file for recon-all
Fri Mar 13 10:08:58 CET 2026
#@# Tessellate lh Fri Mar 13 10:08:58 CET 2026
#@# Smooth1 lh Fri Mar 13 10:09:04 CET 2026
#@# Inflation1 lh Fri Mar 13 10:09:09 CET 2026
#@# QSphere lh Fri Mar 13 10:12:34 CET 2026
#@# Fix Topology lh Fri Mar 13 10:14:08 CET 2026
#@# Smooth2 lh Fri Mar 13 10:24:15 CET 2026
#@# Inflation2 lh Fri Mar 13 10:24:21 CET 2026
#@# Curv .H and .K lh Fri Mar 13 10:25:10 CET 2026
#@# Sphere lh Fri Mar 13 10:26:42 CET 2026
#@# Surf Reg lh Fri Mar 13 10:34:11 CET 2026
#@# Jacobian white lh Fri Mar 13 10:44:42 CET 2026
#@# AvgCurv lh Fri Mar 13 10:44:44 CET 2026
#@# Cortical Parc lh Fri Mar 13 10:44:46 CET 2026
#@# white curv lh Fri Mar 13 10:56:46 CET 2026
#@# white area lh Fri Mar 13 10:56:50 CET 2026
#@# pial curv lh Fri Mar 13 10:56:52 CET 2026
#@# pial area lh Fri Mar 13 10:56:55 CET 2026
#@# thickness lh Fri Mar 13 10:56:57 CET 2026
#@# area and vertex vol lh Fri Mar 13 10:57:52 CET 2026
#@# Curvature Stats lh Fri Mar 13 10:57:55 CET 2026
#@# Cortical Parc 2 lh Fri Mar 13 10:58:00 CET 2026
#@# Cortical Parc 3 lh Fri Mar 13 10:58:25 CET 2026
#@# WM/GM Contrast lh Fri Mar 13 10:58:42 CET 2026
recon-all -s sub-v2s5x29554_ses-1 finished without error at Fri Mar 13 10:58:49 CET 2026



#New# invocation of recon-all 



status file for recon-all
Fri Mar 13 12:15:11 CET 2026
#@# white curv lh Fri Mar 13 12:15:11 CET 2026
#@# white area lh Fri Mar 13 12:15:11 CET 2026
#@# pial curv lh Fri Mar 13 12:15:11 CET 2026
#@# pial area lh Fri Mar 13 12:15:11 CET 2026
#@# thickness lh Fri Mar 13 12:15:11 CET 2026
#@# area and vertex vol lh Fri Mar 13 12:15:11 CET 2026
#@# Parcellation Stats lh Fri Mar 13 12:15:11 CET 2026
#@# Parcellation Stats 2 lh Fri Mar 13 12:16:22 CET 2026
#@# Parcellation Stats 3 lh Fri Mar 13 12:16:58 CET 2026
#@# BA_exvivo Labels lh Fri Mar 13 12:17:33 CET 2026
recon-all -s sub-v2s5x29554_ses-1 finished without error at Fri Mar 13 12:22:18 CET 2026
