/out/sourcedata/freesurfer/sub-v2s5x29550_ses-1/mri
/opt/freesurfer/bin/talairach_avi
--i orig_nu.mgz --xfm transforms/talairach.auto.xfm
talairach_avi 7.3.2
Linux dna026 5.14.0-427.37.1.el9_4.x86_64 #1 SMP PREEMPT_DYNAMIC Fri Sep 13 12:41:50 EDT 2024 x86_64 x86_64 x86_64 GNU/Linux
Fri Mar 13 07:21:50 CET 2026
mri_convert orig_nu.mgz talsrcimg.img 
reading from orig_nu.mgz...
TR=0.00, TE=0.00, TI=0.00, flip angle=0.00
i_ras = (-1, 0, 0)
j_ras = (0, 0, -1)
k_ras = (0, 1, 0)
writing to talsrcimg.img...
Analyze Output Matrix
-0.70000   0.00000   0.00000   111.72019;
 0.00000   0.00000   0.70000  -81.76100;
 0.00000  -0.70000   0.00000   83.56619;
 0.00000   0.00000   0.00000   1.00000;
--------------------
INFO: set hdr.hist.orient to -1
mpr2mni305 talsrcimg
Fri Mar 13 07:21:50 CET 2026
/opt/freesurfer/bin/mpr2mni305 talsrcimg
mpr2mni305 7.3.2
target=711-2C_as_mni_average_305

---------------------------------------------------------------------
analyzeto4dfp talsrcimg -O0 -y
---------------------------------------------------------------------

freesurfer ifh2hdr.c
Fri Mar 13 07:21:50 2026
Writing: talsrcimg.4dfp.hdr
freesurfer analyzeto4dfp.c
Reading: talsrcimg.hdr
header size 348 bytes
hdr.dime.datatype	offset=70	value=2
hdr.dime.bitpix		offset=72	value=8
hdr.hist.orient		offset=252	value=-1
dimensionality     4
dimensions       320       320       320         1
Reading: talsrcimg.img
Writing: talsrcimg.4dfp.img
Writing: talsrcimg.4dfp.ifh
ifh2hdr talsrcimg -r0to219
ori=2

---------------------------------------------------------------------
gauss_4dfp talsrcimg 1.1
---------------------------------------------------------------------

freesurfer gauss_4dfp.c
Reading: talsrcimg.4dfp.img
Writing: talsrcimg_g11.4dfp.img
image dimensions 320 320 320 padded to 384 384 384
processing volume 1freesurfer ifh2hdr.c
Fri Mar 13 07:22:07 2026
Writing: talsrcimg_g11.4dfp.hdr

Writing: talsrcimg_g11.4dfp.ifh
including: talsrcimg.4dfp.img.rec in talsrcimg_g11.4dfp.img.rec

---------------------------------------------------------------------
imgreg_4dfp /opt/freesurfer/average/711-2C_as_mni_average_305 none talsrcimg_g11 none talsrcimg_to_711-2C_as_mni_average_305_t4 4355
---------------------------------------------------------------------

freesurfer imgreg_4dfp.c
/opt/freesurfer/average/711-2C_as_mni_average_305.4dfp.img
       256       256       256         1
  1.000000  1.000000  1.000000
orientation T byte_order littleendian
Reading image: /opt/freesurfer/average/711-2C_as_mni_average_305.4dfp.img
dimensions:      256       256       256
mmppix:       1.0000   -1.0000   -1.0000
center:     128.0000 -129.0000 -129.0000
talsrcimg_g11.4dfp.img
       320       320       320         1
  0.700000  0.700000  0.700000
orientation T byte_order littleendian
Reading image: talsrcimg_g11.4dfp.img
dimensions:      320       320       320
mmppix:       0.7000   -0.7000   -0.7000
center:     112.0000 -112.7000 -112.7000
t4_read: open error in t4_sub.f l:  41 t4_file(1:l)talsrcimg_to_711-2C_as_mni_average_305_t4 
t4_read: transform initialized to I4
rotation matrix determinant  1.000000
image alignment mode   4355 decimal     1103 hex
   -7.5000  -45.0000  -45.0000 4248.5933   26.0491
    0.0000  -45.0000  -45.0000 4498.9897   26.0828
    7.5000  -45.0000  -45.0000 4338.5034   26.0901
   -7.5000  -37.5000  -45.0000 4599.9990   25.8999
    0.0000  -37.5000  -45.0000 4891.8252   25.9340
    7.5000  -37.5000  -45.0000 4690.4512   25.9251
   -7.5000  -30.0000  -45.0000 5000.8149   25.1660
    0.0000  -30.0000  -45.0000 5328.1538   25.2142
    7.5000  -30.0000  -45.0000 5110.9214   25.2139
   -7.5000  -22.5000  -45.0000 5302.7935   23.8739
    0.0000  -22.5000  -45.0000 5641.1099   23.9311
    7.5000  -22.5000  -45.0000 5398.3892   23.9621
   -7.5000  -15.0000  -45.0000 5838.8989   22.9206
    0.0000  -15.0000  -45.0000 6200.3804   22.9633
    7.5000  -15.0000  -45.0000 5920.4702   22.9894
   -7.5000   -7.5000  -45.0000 6396.9751   22.2391
    0.0000   -7.5000  -45.0000 6768.6582   22.2620
    7.5000   -7.5000  -45.0000 6454.3999   22.2585
   -7.5000    0.0000  -45.0000 6953.1641   21.7262
    0.0000    0.0000  -45.0000 7338.7593   21.7374
    7.5000    0.0000  -45.0000 7007.0205   21.7119
   -7.5000    7.5000  -45.0000 7011.3169   21.8161
    0.0000    7.5000  -45.0000 7402.0908   21.8385
    7.5000    7.5000  -45.0000 7071.3115   21.8211
   -7.5000   15.0000  -45.0000 6971.3374   21.5930
    0.0000   15.0000  -45.0000 7325.1553   21.6366
    7.5000   15.0000  -45.0000 7029.7969   21.6512
   -7.5000   22.5000  -45.0000 6844.1230   21.0902
    0.0000   22.5000  -45.0000 7192.7593   21.1413
    7.5000   22.5000  -45.0000 6870.8994   21.1775
   -7.5000   30.0000  -45.0000 6901.7261   20.8794
    0.0000   30.0000  -45.0000 7268.0347   20.9197
    7.5000   30.0000  -45.0000 6899.4878   20.9454
   -7.5000   37.5000  -45.0000 6639.9697   20.1469
    0.0000   37.5000  -45.0000 7006.2920   20.1677
    7.5000   37.5000  -45.0000 6613.6147   20.1648
   -7.5000   45.0000  -45.0000 6358.2974   19.4479
    0.0000   45.0000  -45.0000 6731.3921   19.4579
    7.5000   45.0000  -45.0000 6349.6787   19.4351
   -7.5000  -45.0000  -37.5000 4417.9634   26.8269
    0.0000  -45.0000  -37.5000 4701.3232   26.8448
    7.5000  -45.0000  -37.5000 4512.7529   26.8347
   -7.5000  -37.5000  -37.5000 4788.9683   26.6636
    0.0000  -37.5000  -37.5000 5109.6602   26.6901
    7.5000  -37.5000  -37.5000 4891.6113   26.6719
   -7.5000  -30.0000  -37.5000 5251.9858   25.9081
    0.0000  -30.0000  -37.5000 5598.5044   25.9494
    7.5000  -30.0000  -37.5000 5363.2495   25.9455
   -7.5000  -22.5000  -37.5000 5588.5488   24.6005
    0.0000  -22.5000  -37.5000 5951.9302   24.6478
    7.5000  -22.5000  -37.5000 5690.4214   24.6714
   -7.5000  -15.0000  -37.5000 6178.5112   23.6350
    0.0000  -15.0000  -37.5000 6559.1733   23.6664
    7.5000  -15.0000  -37.5000 6271.3599   23.6808
   -7.5000   -7.5000  -37.5000 6799.9668   22.9509
    0.0000   -7.5000  -37.5000 7185.1904   22.9624
    7.5000   -7.5000  -37.5000 6862.5615   22.9462
   -7.5000    0.0000  -37.5000 7409.7007   22.4358
    0.0000    0.0000  -37.5000 7818.3579   22.4396
    7.5000    0.0000  -37.5000 7467.7349   22.4057
   -7.5000    7.5000  -37.5000 7480.6646   22.5275
    0.0000    7.5000  -37.5000 7881.9102   22.5453
    7.5000    7.5000  -37.5000 7545.2588   22.5240
   -7.5000   15.0000  -37.5000 7418.9546   22.2958
    0.0000   15.0000  -37.5000 7807.0942   22.3350
    7.5000   15.0000  -37.5000 7472.5752   22.3470
   -7.5000   22.5000  -37.5000 7274.8125   21.7832
    0.0000   22.5000  -37.5000 7646.9717   21.8279
    7.5000   22.5000  -37.5000 7291.5796   21.8585
   -7.5000   30.0000  -37.5000 7360.7090   21.5690
    0.0000   30.0000  -37.5000 7740.4458   21.5998
    7.5000   30.0000  -37.5000 7341.4766   21.6155
   -7.5000   37.5000  -37.5000 7100.1426   20.8195
    0.0000   37.5000  -37.5000 7477.6406   20.8305
    7.5000   37.5000  -37.5000 7069.3237   20.8167
   -7.5000   45.0000  -37.5000 6824.1216   20.0831
    0.0000   45.0000  -37.5000 7198.3569   20.0866
    7.5000   45.0000  -37.5000 6793.6499   20.0562
   -7.5000  -45.0000  -30.0000 4589.0796   27.6449
    0.0000  -45.0000  -30.0000 4884.1387   27.6707
    7.5000  -45.0000  -30.0000 4680.2017   27.6629
   -7.5000  -37.5000  -30.0000 4987.2705   27.5244
    0.0000  -37.5000  -30.0000 5326.9531   27.5570
    7.5000  -37.5000  -30.0000 5091.0703   27.5470
   -7.5000  -30.0000  -30.0000 5503.2632   26.7133
    0.0000  -30.0000  -30.0000 5869.9038   26.7544
    7.5000  -30.0000  -30.0000 5606.0864   26.7592
   -7.5000  -22.5000  -30.0000 5881.6089   25.3911
    0.0000  -22.5000  -30.0000 6268.8638   25.4381
    7.5000  -22.5000  -30.0000 5989.2998   25.4663
   -7.5000  -15.0000  -30.0000 6535.9082   24.4226
    0.0000  -15.0000  -30.0000 6946.5444   24.4586
    7.5000  -15.0000  -30.0000 6640.3569   24.4743
   -7.5000   -7.5000  -30.0000 7193.9414   23.7268
    0.0000   -7.5000  -30.0000 7624.6680   23.7471
    7.5000   -7.5000  -30.0000 7287.6025   23.7316
   -7.5000    0.0000  -30.0000 7864.5210   23.1945
    0.0000    0.0000  -30.0000 8324.4531   23.2078
    7.5000    0.0000  -30.0000 7939.3149   23.1762
   -7.5000    7.5000  -30.0000 7965.5566   23.2780
    0.0000    7.5000  -30.0000 8416.2275   23.3016
    7.5000    7.5000  -30.0000 8045.0249   23.2861
   -7.5000   15.0000  -30.0000 7918.2690   23.0402
    0.0000   15.0000  -30.0000 8355.3877   23.0813
    7.5000   15.0000  -30.0000 7958.5166   23.1000
   -7.5000   22.5000  -30.0000 7768.2324   22.5316
    0.0000   22.5000  -30.0000 8160.1265   22.5776
    7.5000   22.5000  -30.0000 7751.7485   22.6114
   -7.5000   30.0000  -30.0000 7886.4678   22.3204
    0.0000   30.0000  -30.0000 8272.8711   22.3555
    7.5000   30.0000  -30.0000 7832.0229   22.3720
   -7.5000   37.5000  -30.0000 7623.7705   21.5635
    0.0000   37.5000  -30.0000 7997.1035   21.5825
    7.5000   37.5000  -30.0000 7552.8989   21.5694
   -7.5000   45.0000  -30.0000 7324.8174   20.7953
    0.0000   45.0000  -30.0000 7691.6074   20.8072
    7.5000   45.0000  -30.0000 7259.7349   20.7789
   -7.5000  -45.0000  -22.5000 4666.7300   28.5465
    0.0000  -45.0000  -22.5000 4955.7651   28.5865
    7.5000  -45.0000  -22.5000 4744.6982   28.5939
   -7.5000  -37.5000  -22.5000 5074.5894   28.4038
    0.0000  -37.5000  -22.5000 5402.9585   28.4397
    7.5000  -37.5000  -22.5000 5156.9922   28.4384
   -7.5000  -30.0000  -22.5000 5573.2158   27.4898
    0.0000  -30.0000  -22.5000 5938.6890   27.5285
    7.5000  -30.0000  -22.5000 5659.8184   27.5353
   -7.5000  -22.5000  -22.5000 5944.3125   26.1051
    0.0000  -22.5000  -22.5000 6331.9111   26.1565
    7.5000  -22.5000  -22.5000 6041.4263   26.1905
   -7.5000  -15.0000  -22.5000 6620.8882   25.1013
    0.0000  -15.0000  -22.5000 7030.7358   25.1493
    7.5000  -15.0000  -22.5000 6707.4639   25.1750
   -7.5000   -7.5000  -22.5000 7298.0483   24.3655
    0.0000   -7.5000  -22.5000 7743.3853   24.4013
    7.5000   -7.5000  -22.5000 7376.5332   24.3968
   -7.5000    0.0000  -22.5000 8017.9761   23.7954
    0.0000    0.0000  -22.5000 8509.7861   23.8193
    7.5000    0.0000  -22.5000 8075.5083   23.7946
   -7.5000    7.5000  -22.5000 8198.9238   23.8744
    0.0000    7.5000  -22.5000 8681.5625   23.9012
    7.5000    7.5000  -22.5000 8243.7490   23.8887
   -7.5000   15.0000  -22.5000 8246.4912   23.6342
    0.0000   15.0000  -22.5000 8700.0713   23.6756
    7.5000   15.0000  -22.5000 8235.8438   23.6964
   -7.5000   22.5000  -22.5000 8125.5757   23.1269
    0.0000   22.5000  -22.5000 8499.7520   23.1766
    7.5000   22.5000  -22.5000 8024.7319   23.2146
   -7.5000   30.0000  -22.5000 8273.5371   22.9115
    0.0000   30.0000  -22.5000 8599.2520   22.9569
    7.5000   30.0000  -22.5000 8106.6123   22.9813
   -7.5000   37.5000  -22.5000 7987.5962   22.1296
    0.0000   37.5000  -22.5000 8311.0459   22.1624
    7.5000   37.5000  -22.5000 7808.9229   22.1585
   -7.5000   45.0000  -22.5000 7636.2363   21.3340
    0.0000   45.0000  -22.5000 7960.1460   21.3554
    7.5000   45.0000  -22.5000 7492.8564   21.3333
   -7.5000  -45.0000  -15.0000 4867.6953   29.4839
    0.0000  -45.0000  -15.0000 5157.5723   29.5340
    7.5000  -45.0000  -15.0000 4926.9097   29.5562
   -7.5000  -37.5000  -15.0000 5314.6582   29.3768
    0.0000  -37.5000  -15.0000 5653.4736   29.4165
    7.5000  -37.5000  -15.0000 5378.9336   29.4221
   -7.5000  -30.0000  -15.0000 5830.6304   28.4020
    0.0000  -30.0000  -15.0000 6225.7471   28.4467
    7.5000  -30.0000  -15.0000 5914.6445   28.4554
   -7.5000  -22.5000  -15.0000 6214.4683   26.9910
    0.0000  -22.5000  -15.0000 6634.2803   27.0527
    7.5000  -22.5000  -15.0000 6323.1670   27.0947
   -7.5000  -15.0000  -15.0000 6917.3843   25.9639
    0.0000  -15.0000  -15.0000 7356.6338   26.0223
    7.5000  -15.0000  -15.0000 7006.5752   26.0603
   -7.5000   -7.5000  -15.0000 7636.4429   25.2028
    0.0000   -7.5000  -15.0000 8105.5972   25.2468
    7.5000   -7.5000  -15.0000 7697.4136   25.2538
   -7.5000    0.0000  -15.0000 8389.1846   24.6134
    0.0000    0.0000  -15.0000 8900.9521   24.6404
    7.5000    0.0000  -15.0000 8421.9717   24.6214
   -7.5000    7.5000  -15.0000 8622.4307   24.6893
    0.0000    7.5000  -15.0000 9167.0283   24.7182
    7.5000    7.5000  -15.0000 8638.4854   24.7069
   -7.5000   15.0000  -15.0000 8785.2324   24.4485
    0.0000   15.0000  -15.0000 9357.4365   24.4944
    7.5000   15.0000  -15.0000 8740.0273   24.5169
   -7.5000   22.5000  -15.0000 8762.6191   23.9451
    0.0000   22.5000  -15.0000 9236.7891   24.0017
    7.5000   22.5000  -15.0000 8622.5518   24.0461
   -7.5000   30.0000  -15.0000 8946.3809   23.7250
    0.0000   30.0000  -15.0000 9338.6211   23.7791
    7.5000   30.0000  -15.0000 8707.6523   23.8141
   -7.5000   37.5000  -15.0000 8602.8438   22.9297
    0.0000   37.5000  -15.0000 8954.2529   22.9695
    7.5000   37.5000  -15.0000 8360.2910   22.9756
   -7.5000   45.0000  -15.0000 8130.9028   22.1208
    0.0000   45.0000  -15.0000 8561.5576   22.1451
    7.5000   45.0000  -15.0000 7988.2993   22.1280
   -7.5000  -45.0000   -7.5000 4998.4946   30.2715
    0.0000  -45.0000   -7.5000 5303.9248   30.3190
    7.5000  -45.0000   -7.5000 5059.5854   30.3422
   -7.5000  -37.5000   -7.5000 5461.2480   30.1638
    0.0000  -37.5000   -7.5000 5823.3184   30.2032
    7.5000  -37.5000   -7.5000 5537.1050   30.2047
   -7.5000  -30.0000   -7.5000 6007.2559   29.1732
    0.0000  -30.0000   -7.5000 6415.6943   29.2241
    7.5000  -30.0000   -7.5000 6108.9956   29.2291
   -7.5000  -22.5000   -7.5000 6431.6699   27.7309
    0.0000  -22.5000   -7.5000 6852.1880   27.7975
    7.5000  -22.5000   -7.5000 6524.7480   27.8395
   -7.5000  -15.0000   -7.5000 7177.7041   26.6660
    0.0000  -15.0000   -7.5000 7618.0703   26.7235
    7.5000  -15.0000   -7.5000 7235.2568   26.7632
   -7.5000   -7.5000   -7.5000 7942.7427   25.8844
    0.0000   -7.5000   -7.5000 8408.6729   25.9228
    7.5000   -7.5000   -7.5000 7950.0381   25.9305
   -7.5000    0.0000   -7.5000 8732.2988   25.2890
    0.0000    0.0000   -7.5000 9258.1299   25.3098
    7.5000    0.0000   -7.5000 8697.9600   25.2890
   -7.5000    7.5000   -7.5000 8990.3906   25.3747
    0.0000    7.5000   -7.5000 9629.7246   25.4017
    7.5000    7.5000   -7.5000 8999.4404   25.3870
   -7.5000   15.0000   -7.5000 9206.0840   25.1364
    0.0000   15.0000   -7.500010078.5605   25.1848
    7.5000   15.0000   -7.5000 9251.0762   25.2050
   -7.5000   22.5000   -7.5000 9313.6572   24.6275
    0.0000   22.5000   -7.500010255.4209   24.6869
    7.5000   22.5000   -7.5000 9338.5166   24.7325
   -7.5000   30.0000   -7.5000 9580.0420   24.3936
    0.0000   30.0000   -7.500010411.4209   24.4472
    7.5000   30.0000   -7.5000 9499.0010   24.4843
   -7.5000   37.5000   -7.5000 9108.6562   23.5903
    0.0000   37.5000   -7.5000 9821.6523   23.6251
    7.5000   37.5000   -7.5000 9031.3545   23.6317
   -7.5000   45.0000   -7.5000 8523.0557   22.7834
    0.0000   45.0000   -7.5000 9186.6641   22.8020
    7.5000   45.0000   -7.5000 8484.3223   22.7833
   -7.5000  -45.0000    0.0000 5065.0103   30.8170
    0.0000  -45.0000    0.0000 5375.5117   30.8494
    7.5000  -45.0000    0.0000 5124.6992   30.8562
   -7.5000  -37.5000    0.0000 5568.0513   30.6832
    0.0000  -37.5000    0.0000 5930.9048   30.7156
    7.5000  -37.5000    0.0000 5638.9438   30.7030
   -7.5000  -30.0000    0.0000 6172.0469   29.7008
    0.0000  -30.0000    0.0000 6567.1113   29.7508
    7.5000  -30.0000    0.0000 6239.7051   29.7482
   -7.5000  -22.5000    0.0000 6625.7749   28.2266
    0.0000  -22.5000    0.0000 7035.5986   28.2888
    7.5000  -22.5000    0.0000 6682.5498   28.3229
   -7.5000  -15.0000    0.0000 7424.1401   27.1303
    0.0000  -15.0000    0.0000 7881.4995   27.1771
    7.5000  -15.0000    0.0000 7458.7153   27.2070
   -7.5000   -7.5000    0.0000 8249.5664   26.3432
    0.0000   -7.5000    0.0000 8800.9248   26.3668
    7.5000   -7.5000    0.0000 8275.3945   26.3631
   -7.5000    0.0000    0.0000 9109.8730   25.7525
    0.0000    0.0000    0.0000 9782.5996   25.7614
    7.5000    0.0000    0.0000 9135.2744   25.7315
   -7.5000    7.5000    0.0000 9399.1992   25.8486
    0.0000    7.5000    0.000010209.4727   25.8697
    7.5000    7.5000    0.0000 9462.0908   25.8480
   -7.5000   15.0000    0.0000 9633.9717   25.6079
    0.0000   15.0000    0.000010658.8350   25.6541
    7.5000   15.0000    0.0000 9709.6211   25.6692
   -7.5000   22.5000    0.0000 9754.5186   25.0869
    0.0000   22.5000    0.000010882.8613   25.1432
    7.5000   22.5000    0.0000 9802.4932   25.1838
   -7.5000   30.0000    0.0000 9927.1592   24.8413
    0.0000   30.0000    0.000010953.1523   24.8860
    7.5000   30.0000    0.0000 9981.5195   24.9155
   -7.5000   37.5000    0.0000 9355.1572   24.0409
    0.0000   37.5000    0.000010253.6172   24.0626
    7.5000   37.5000    0.0000 9445.7402   24.0595
   -7.5000   45.0000    0.0000 8837.6406   23.2456
    0.0000   45.0000    0.0000 9635.1074   23.2536
    7.5000   45.0000    0.0000 8861.3379   23.2266
   -7.5000  -45.0000    7.5000 4835.6372   32.0737
    0.0000  -45.0000    7.5000 5143.5962   32.1003
    7.5000  -45.0000    7.5000 4900.2349   32.0931
   -7.5000  -37.5000    7.5000 5320.4780   31.8818
    0.0000  -37.5000    7.5000 5685.1362   31.9170
    7.5000  -37.5000    7.5000 5395.9468   31.8976
   -7.5000  -30.0000    7.5000 5926.3950   30.8164
    0.0000  -30.0000    7.5000 6313.5059   30.8689
    7.5000  -30.0000    7.5000 5996.7305   30.8660
   -7.5000  -22.5000    7.5000 6384.9819   29.2240
    0.0000  -22.5000    7.5000 6786.9824   29.2842
    7.5000  -22.5000    7.5000 6454.6001   29.3155
   -7.5000  -15.0000    7.5000 7177.3252   28.0490
    0.0000  -15.0000    7.5000 7633.3398   28.0904
    7.5000  -15.0000    7.5000 7237.7173   28.1119
   -7.5000   -7.5000    7.5000 7990.4346   27.2185
    0.0000   -7.5000    7.5000 8527.7617   27.2358
    7.5000   -7.5000    7.5000 8031.3745   27.2206
   -7.5000    0.0000    7.5000 8807.8682   26.5947
    0.0000    0.0000    7.5000 9435.7471   26.6018
    7.5000    0.0000    7.5000 8824.1309   26.5641
   -7.5000    7.5000    7.5000 9052.3037   26.7008
    0.0000    7.5000    7.5000 9732.7529   26.7238
    7.5000    7.5000    7.5000 9036.7236   26.7001
   -7.5000   15.0000    7.5000 9184.3945   26.4505
    0.0000   15.0000    7.5000 9976.4043   26.4995
    7.5000   15.0000    7.5000 9165.2041   26.5155
   -7.5000   22.5000    7.5000 9128.9902   25.9062
    0.0000   22.5000    7.5000 9892.0381   25.9626
    7.5000   22.5000    7.5000 9172.3506   26.0020
   -7.5000   30.0000    7.5000 9167.0361   25.6423
    0.0000   30.0000    7.5000 9817.1396   25.6825
    7.5000   30.0000    7.5000 9260.8740   25.7051
   -7.5000   37.5000    7.5000 8757.1689   24.8193
    0.0000   37.5000    7.5000 9346.5439   24.8357
    7.5000   37.5000    7.5000 8812.6855   24.8229
   -7.5000   45.0000    7.5000 8400.5859   24.0057
    0.0000   45.0000    7.5000 9004.7510   24.0122
    7.5000   45.0000    7.5000 8387.6992   23.9781
   -7.5000  -45.0000   15.0000 4530.9966   33.5503
    0.0000  -45.0000   15.0000 4856.6733   33.5884
    7.5000  -45.0000   15.0000 4612.6113   33.5845
   -7.5000  -37.5000   15.0000 5029.3516   33.3632
    0.0000  -37.5000   15.0000 5396.3149   33.4092
    7.5000  -37.5000   15.0000 5112.2339   33.3979
   -7.5000  -30.0000   15.0000 5640.3555   32.2159
    0.0000  -30.0000   15.0000 6019.2002   32.2710
    7.5000  -30.0000   15.0000 5707.8145   32.2754
   -7.5000  -22.5000   15.0000 6082.3848   30.5251
    0.0000  -22.5000   15.0000 6465.9141   30.5866
    7.5000  -22.5000   15.0000 6141.3228   30.6218
   -7.5000  -15.0000   15.0000 6827.2954   29.2654
    0.0000  -15.0000   15.0000 7248.9888   29.3122
    7.5000  -15.0000   15.0000 6852.3027   29.3336
   -7.5000   -7.5000   15.0000 7582.2271   28.3682
    0.0000   -7.5000   15.0000 8042.3174   28.3953
    7.5000   -7.5000   15.0000 7573.6265   28.3787
   -7.5000    0.0000   15.0000 8321.8428   27.6840
    0.0000    0.0000   15.0000 8831.7412   27.7028
    7.5000    0.0000   15.0000 8281.9727   27.6658
   -7.5000    7.5000   15.0000 8490.0684   27.7907
    0.0000    7.5000   15.0000 9000.8750   27.8224
    7.5000    7.5000   15.0000 8456.0889   27.8036
   -7.5000   15.0000   15.0000 8536.8105   27.5324
    0.0000   15.0000   15.0000 9138.0635   27.5860
    7.5000   15.0000   15.0000 8546.1367   27.6087
   -7.5000   22.5000   15.0000 8393.1074   26.9758
    0.0000   22.5000   15.0000 8945.6787   27.0353
    7.5000   22.5000   15.0000 8501.9092   27.0779
   -7.5000   30.0000   15.0000 8482.3828   26.6980
    0.0000   30.0000   15.0000 8968.7715   26.7432
    7.5000   30.0000   15.0000 8586.0254   26.7653
   -7.5000   37.5000   15.0000 8210.9854   25.8405
    0.0000   37.5000   15.0000 8684.3770   25.8658
    7.5000   37.5000   15.0000 8236.1113   25.8518
   -7.5000   45.0000   15.0000 7926.3271   24.9890
    0.0000   45.0000   15.0000 8419.5498   25.0059
    7.5000   45.0000   15.0000 7879.2896   24.9726
   -7.5000  -45.0000   22.5000 4212.9531   35.2268
    0.0000  -45.0000   22.5000 4528.0146   35.2881
    7.5000  -45.0000   22.5000 4289.3823   35.3094
   -7.5000  -37.5000   22.5000 4711.6167   35.0252
    0.0000  -37.5000   22.5000 5055.5674   35.0785
    7.5000  -37.5000   22.5000 4765.3364   35.0828
   -7.5000  -30.0000   22.5000 5304.7319   33.7669
    0.0000  -30.0000   22.5000 5644.8760   33.8208
    7.5000  -30.0000   22.5000 5331.9204   33.8328
   -7.5000  -22.5000   22.5000 5744.1963   32.0085
    0.0000  -22.5000   22.5000 6090.1597   32.0805
    7.5000  -22.5000   22.5000 5744.4189   32.1302
   -7.5000  -15.0000   22.5000 6436.7798   30.6792
    0.0000  -15.0000   22.5000 6800.1240   30.7478
    7.5000  -15.0000   22.5000 6402.9512   30.7893
   -7.5000   -7.5000   22.5000 7103.4727   29.6806
    0.0000   -7.5000   22.5000 7492.6206   29.7332
    7.5000   -7.5000   22.5000 7054.8257   29.7355
   -7.5000    0.0000   22.5000 7754.6777   28.9121
    0.0000    0.0000   22.5000 8163.0249   28.9477
    7.5000    0.0000   22.5000 7704.1816   28.9220
   -7.5000    7.5000   22.5000 7892.4365   29.0184
    0.0000    7.5000   22.5000 8327.8115   29.0558
    7.5000    7.5000   22.5000 7877.5771   29.0432
   -7.5000   15.0000   22.5000 7927.5151   28.7604
    0.0000   15.0000   22.5000 8417.8369   28.8163
    7.5000   15.0000   22.5000 7966.0669   28.8460
   -7.5000   22.5000   22.5000 7792.1392   28.2198
    0.0000   22.5000   22.5000 8224.9072   28.2882
    7.5000   22.5000   22.5000 7869.6533   28.3422
   -7.5000   30.0000   22.5000 7954.3662   27.9229
    0.0000   30.0000   22.5000 8345.4014   27.9867
    7.5000   30.0000   22.5000 7977.7246   28.0253
   -7.5000   37.5000   22.5000 7736.8062   27.0259
    0.0000   37.5000   22.5000 8126.8008   27.0738
    7.5000   37.5000   22.5000 7706.2959   27.0761
   -7.5000   45.0000   22.5000 7460.0732   26.1333
    0.0000   45.0000   22.5000 7839.0269   26.1655
    7.5000   45.0000   22.5000 7403.4023   26.1422
   -7.5000  -45.0000   30.0000 4103.5981   37.2933
    0.0000  -45.0000   30.0000 4390.3848   37.3852
    7.5000  -45.0000   30.0000 4161.4585   37.4484
   -7.5000  -37.5000   30.0000 4603.3452   37.0673
    0.0000  -37.5000   30.0000 4897.0845   37.1384
    7.5000  -37.5000   30.0000 4644.7070   37.1638
   -7.5000  -30.0000   30.0000 5186.6177   35.7408
    0.0000  -30.0000   30.0000 5486.8467   35.8117
    7.5000  -30.0000   30.0000 5213.2788   35.8381
   -7.5000  -22.5000   30.0000 5619.3682   33.8890
    0.0000  -22.5000   30.0000 5925.5176   33.9836
    7.5000  -22.5000   30.0000 5620.7700   34.0586
   -7.5000  -15.0000   30.0000 6281.8706   32.4878
    0.0000  -15.0000   30.0000 6603.3271   32.5789
    7.5000  -15.0000   30.0000 6262.3906   32.6510
   -7.5000   -7.5000   30.0000 6906.3628   31.3697
    0.0000   -7.5000   30.0000 7253.4150   31.4425
    7.5000   -7.5000   30.0000 6887.3022   31.4713
   -7.5000    0.0000   30.0000 7539.9658   30.4926
    0.0000    0.0000   30.0000 7918.0278   30.5415
    7.5000    0.0000   30.0000 7520.7720   30.5313
   -7.5000    7.5000   30.0000 7690.1631   30.6064
    0.0000    7.5000   30.0000 8081.8477   30.6551
    7.5000    7.5000   30.0000 7709.9746   30.6526
   -7.5000   15.0000   30.0000 7706.6646   30.3594
    0.0000   15.0000   30.0000 8130.3276   30.4286
    7.5000   15.0000   30.0000 7755.0693   30.4713
   -7.5000   22.5000   30.0000 7578.1865   29.8230
    0.0000   22.5000   30.0000 7950.4976   29.9070
    7.5000   22.5000   30.0000 7623.3335   29.9821
   -7.5000   30.0000   30.0000 7753.7031   29.4972
    0.0000   30.0000   30.0000 8100.2339   29.5800
    7.5000   30.0000   30.0000 7743.9873   29.6445
   -7.5000   37.5000   30.0000 7547.4233   28.5233
    0.0000   37.5000   30.0000 7892.4209   28.5886
    7.5000   37.5000   30.0000 7506.7549   28.6136
   -7.5000   45.0000   30.0000 7273.8486   27.5619
    0.0000   45.0000   30.0000 7608.2344   27.6061
    7.5000   45.0000   30.0000 7221.8120   27.5968
   -7.5000  -45.0000   37.5000 3857.8193   38.8814
    0.0000  -45.0000   37.5000 4088.4775   38.9554
    7.5000  -45.0000   37.5000 3874.0310   38.9968
   -7.5000  -37.5000   37.5000 4331.5059   38.6148
    0.0000  -37.5000   37.5000 4558.7612   38.6729
    7.5000  -37.5000   37.5000 4339.3994   38.6670
   -7.5000  -30.0000   37.5000 4870.8018   37.2195
    0.0000  -30.0000   37.5000 5131.2720   37.2944
    7.5000  -30.0000   37.5000 4876.3022   37.2944
   -7.5000  -22.5000   37.5000 5259.3540   35.2479
    0.0000  -22.5000   37.5000 5541.2920   35.3515
    7.5000  -22.5000   37.5000 5260.5908   35.4202
   -7.5000  -15.0000   37.5000 5864.1050   33.7382
    0.0000  -15.0000   37.5000 6164.0098   33.8260
    7.5000  -15.0000   37.5000 5853.7183   33.8953
   -7.5000   -7.5000   37.5000 6468.1606   32.5632
    0.0000   -7.5000   37.5000 6776.0908   32.6183
    7.5000   -7.5000   37.5000 6441.6270   32.6355
   -7.5000    0.0000   37.5000 7084.4585   31.6408
    0.0000    0.0000   37.5000 7421.0220   31.6679
    7.5000    0.0000   37.5000 7052.1152   31.6362
   -7.5000    7.5000   37.5000 7212.4497   31.8068
    0.0000    7.5000   37.5000 7577.3091   31.8444
    7.5000    7.5000   37.5000 7218.4448   31.8183
   -7.5000   15.0000   37.5000 7200.4512   31.5589
    0.0000   15.0000   37.5000 7582.2588   31.6309
    7.5000   15.0000   37.5000 7229.1279   31.6595
   -7.5000   22.5000   37.5000 7077.5918   30.9829
    0.0000   22.5000   37.5000 7403.6157   31.0727
    7.5000   22.5000   37.5000 7081.7720   31.1457
   -7.5000   30.0000   37.5000 7241.5068   30.5871
    0.0000   30.0000   37.5000 7557.1328   30.6668
    7.5000   30.0000   37.5000 7203.3862   30.7299
   -7.5000   37.5000   37.5000 7047.3247   29.5642
    0.0000   37.5000   37.5000 7357.3530   29.6135
    7.5000   37.5000   37.5000 6991.8965   29.6283
   -7.5000   45.0000   37.5000 6788.2817   28.5963
    0.0000   45.0000   37.5000 7101.9785   28.6207
    7.5000   45.0000   37.5000 6732.9453   28.5921
   -7.5000  -45.0000   45.0000 3596.2244   40.5207
    0.0000  -45.0000   45.0000 3792.8337   40.5730
    7.5000  -45.0000   45.0000 3610.4292   40.5979
   -7.5000  -37.5000   45.0000 4029.1353   40.1366
    0.0000  -37.5000   45.0000 4242.1729   40.1952
    7.5000  -37.5000   45.0000 4034.5354   40.1903
   -7.5000  -30.0000   45.0000 4525.6836   38.6408
    0.0000  -30.0000   45.0000 4785.7236   38.7275
    7.5000  -30.0000   45.0000 4548.5269   38.7377
   -7.5000  -22.5000   45.0000 4886.6978   36.5572
    0.0000  -22.5000   45.0000 5150.5352   36.6613
    7.5000  -22.5000   45.0000 4902.3965   36.7366
   -7.5000  -15.0000   45.0000 5456.9873   34.9590
    0.0000  -15.0000   45.0000 5731.6187   35.0362
    7.5000  -15.0000   45.0000 5450.8760   35.1032
   -7.5000   -7.5000   45.0000 6034.9761   33.7697
    0.0000   -7.5000   45.0000 6353.0171   33.8054
    7.5000   -7.5000   45.0000 6011.2354   33.8119
   -7.5000    0.0000   45.0000 6617.9443   32.7845
    0.0000    0.0000   45.0000 6970.7910   32.7956
    7.5000    0.0000   45.0000 6587.1265   32.7566
   -7.5000    7.5000   45.0000 6739.6475   32.9585
    0.0000    7.5000   45.0000 7115.7446   32.9911
    7.5000    7.5000   45.0000 6749.3574   32.9668
   -7.5000   15.0000   45.0000 6691.8159   32.6986
    0.0000   15.0000   45.0000 7054.7480   32.7737
    7.5000   15.0000   45.0000 6724.8501   32.8115
   -7.5000   22.5000   45.0000 6565.4497   32.1050
    0.0000   22.5000   45.0000 6894.7324   32.1965
    7.5000   22.5000   45.0000 6568.5205   32.2785
   -7.5000   30.0000   45.0000 6725.3730   31.6841
    0.0000   30.0000   45.0000 7040.6797   31.7549
    7.5000   30.0000   45.0000 6700.3818   31.8173
   -7.5000   37.5000   45.0000 6529.9932   30.6213
    0.0000   37.5000   45.0000 6828.7886   30.6535
    7.5000   37.5000   45.0000 6499.2427   30.6590
   -7.5000   45.0000   45.0000 6279.8164   29.6112
    0.0000   45.0000   45.0000 6587.7358   29.6212
    7.5000   45.0000   45.0000 6255.3291   29.5860

---------------------------------------------------------------------
imgreg_4dfp /opt/freesurfer/average/711-2C_as_mni_average_305 /opt/freesurfer/average/711-2B_as_mni_average_305_mask talsrcimg_g11 none talsrcimg_to_711-2C_as_mni_average_305_t4 4355
---------------------------------------------------------------------

freesurfer imgreg_4dfp.c
/opt/freesurfer/average/711-2C_as_mni_average_305.4dfp.img
       256       256       256         1
  1.000000  1.000000  1.000000
orientation T byte_order littleendian
Reading image: /opt/freesurfer/average/711-2C_as_mni_average_305.4dfp.img
dimensions:      256       256       256
mmppix:       1.0000   -1.0000   -1.0000
center:     128.0000 -129.0000 -129.0000
/opt/freesurfer/average/711-2B_as_mni_average_305_mask.4dfp.img
       256       256       256         1
  1.000000  1.000000  1.000000
orientation T byte_order littleendian
Reading mask: /opt/freesurfer/average/711-2B_as_mni_average_305_mask.4dfp.img (2306576 pixels)
talsrcimg_g11.4dfp.img
       320       320       320         1
  0.700000  0.700000  0.700000
orientation T byte_order littleendian
Reading image: talsrcimg_g11.4dfp.img
dimensions:      320       320       320
mmppix:       0.7000   -0.7000   -0.7000
center:     112.0000 -112.7000 -112.7000
rotation matrix determinant  1.000000
image alignment mode   4355 decimal     1103 hex
   -7.5000  -15.0000  -45.0000 2117.9795   26.3914
    0.0000  -15.0000  -45.0000 2141.0667   26.1541
    7.5000  -15.0000  -45.0000 2133.5613   26.0031
   -7.5000   -7.5000  -45.0000 2186.6890   24.4379
    0.0000   -7.5000  -45.0000 2208.5007   24.1408
    7.5000   -7.5000  -45.0000 2200.7544   24.0553
   -7.5000    0.0000  -45.0000 2237.2703   23.0375
    0.0000    0.0000  -45.0000 2255.7112   22.6591
    7.5000    0.0000  -45.0000 2249.7344   22.5675
   -7.5000    7.5000  -45.0000 2271.4233   22.0047
    0.0000    7.5000  -45.0000 2288.9114   21.6113
    7.5000    7.5000  -45.0000 2280.4829   21.5160
   -7.5000   15.0000  -45.0000 2293.8647   21.3705
    0.0000   15.0000  -45.0000 2306.4817   20.9495
    7.5000   15.0000  -45.0000 2299.4761   20.9842
   -7.5000   22.5000  -45.0000 2308.8455   21.0572
    0.0000   22.5000  -45.0000 2323.2837   20.7270
    7.5000   22.5000  -45.0000 2309.9858   20.7645
   -7.5000   30.0000  -45.0000 2323.0139   21.1637
    0.0000   30.0000  -45.0000 2334.6348   20.9003
    7.5000   30.0000  -45.0000 2320.1450   20.9321
   -7.5000   37.5000  -45.0000 2282.1655   21.3645
    0.0000   37.5000  -45.0000 2300.2698   21.1560
    7.5000   37.5000  -45.0000 2281.0544   21.1288
   -7.5000   45.0000  -45.0000 2198.2024   21.7364
    0.0000   45.0000  -45.0000 2220.2378   21.5197
    7.5000   45.0000  -45.0000 2198.2524   21.4551
   -7.5000   52.5000  -45.0000 2076.9819   22.0447
    0.0000   52.5000  -45.0000 2100.6680   21.8495
    7.5000   52.5000  -45.0000 2085.6104   21.7766
   -7.5000   60.0000  -45.0000 1932.3351   22.2586
    0.0000   60.0000  -45.0000 1955.3748   22.1520
    7.5000   60.0000  -45.0000 1939.1898   22.0918
   -7.5000   67.5000  -45.0000 1770.8295   22.4387
    0.0000   67.5000  -45.0000 1792.8149   22.3334
    7.5000   67.5000  -45.0000 1769.1371   22.3550
   -7.5000   75.0000  -45.0000 1704.5927   24.1057
    0.0000   75.0000  -45.0000 1723.0220   24.0207
    7.5000   75.0000  -45.0000 1699.3506   24.0029
   -7.5000  -15.0000  -37.5000 2251.7068   26.8931
    0.0000  -15.0000  -37.5000 2276.1934   26.5628
    7.5000  -15.0000  -37.5000 2270.9895   26.4532
   -7.5000   -7.5000  -37.5000 2325.7659   24.7487
    0.0000   -7.5000  -37.5000 2344.3831   24.3524
    7.5000   -7.5000  -37.5000 2340.4175   24.2903
   -7.5000    0.0000  -37.5000 2377.0161   23.1230
    0.0000    0.0000  -37.5000 2398.6284   22.6759
    7.5000    0.0000  -37.5000 2397.3596   22.6028
   -7.5000    7.5000  -37.5000 2413.1113   22.0169
    0.0000    7.5000  -37.5000 2433.5198   21.5945
    7.5000    7.5000  -37.5000 2430.5024   21.5023
   -7.5000   15.0000  -37.5000 2434.5854   21.3195
    0.0000   15.0000  -37.5000 2446.9946   20.8256
    7.5000   15.0000  -37.5000 2452.1367   20.8412
   -7.5000   22.5000  -37.5000 2450.1531   20.9260
    0.0000   22.5000  -37.5000 2461.2422   20.4908
    7.5000   22.5000  -37.5000 2464.7734   20.5731
   -7.5000   30.0000  -37.5000 2468.2134   20.9746
    0.0000   30.0000  -37.5000 2477.4165   20.5964
    7.5000   30.0000  -37.5000 2474.1057   20.6731
   -7.5000   37.5000  -37.5000 2438.6387   21.1418
    0.0000   37.5000  -37.5000 2455.3608   20.8000
    7.5000   37.5000  -37.5000 2442.9756   20.8225
   -7.5000   45.0000  -37.5000 2360.3345   21.4881
    0.0000   45.0000  -37.5000 2376.6538   21.1246
    7.5000   45.0000  -37.5000 2362.8357   21.1418
   -7.5000   52.5000  -37.5000 2232.7810   21.7087
    0.0000   52.5000  -37.5000 2248.3789   21.4363
    7.5000   52.5000  -37.5000 2239.7207   21.4318
   -7.5000   60.0000  -37.5000 2071.7747   21.8553
    0.0000   60.0000  -37.5000 2089.5557   21.6802
    7.5000   60.0000  -37.5000 2081.3062   21.7276
   -7.5000   67.5000  -37.5000 1892.1749   21.9695
    0.0000   67.5000  -37.5000 1914.4846   21.8660
    7.5000   67.5000  -37.5000 1900.0537   21.9007
   -7.5000   75.0000  -37.5000 1821.7203   23.5865
    0.0000   75.0000  -37.5000 1846.0312   23.4164
    7.5000   75.0000  -37.5000 1829.7080   23.4846
   -7.5000  -15.0000  -30.0000 2353.0581   27.3169
    0.0000  -15.0000  -30.0000 2380.5452   26.9579
    7.5000  -15.0000  -30.0000 2375.4629   26.8596
   -7.5000   -7.5000  -30.0000 2427.2107   24.9990
    0.0000   -7.5000  -30.0000 2451.6885   24.5645
    7.5000   -7.5000  -30.0000 2449.3755   24.5303
   -7.5000    0.0000  -30.0000 2483.7275   23.2026
    0.0000    0.0000  -30.0000 2508.5427   22.7650
    7.5000    0.0000  -30.0000 2510.2434   22.7052
   -7.5000    7.5000  -30.0000 2522.1770   21.9677
    0.0000    7.5000  -30.0000 2542.7500   21.4490
    7.5000    7.5000  -30.0000 2548.0767   21.4161
   -7.5000   15.0000  -30.0000 2553.1982   21.2154
    0.0000   15.0000  -30.0000 2563.9956   20.6580
    7.5000   15.0000  -30.0000 2570.8743   20.6461
   -7.5000   22.5000  -30.0000 2576.0537   20.7021
    0.0000   22.5000  -30.0000 2577.2825   20.1288
    7.5000   22.5000  -30.0000 2582.5916   20.2230
   -7.5000   30.0000  -30.0000 2596.9912   20.6663
    0.0000   30.0000  -30.0000 2598.8936   20.1286
    7.5000   30.0000  -30.0000 2594.3770   20.2194
   -7.5000   37.5000  -30.0000 2566.5125   20.9015
    0.0000   37.5000  -30.0000 2575.4404   20.3568
    7.5000   37.5000  -30.0000 2567.7769   20.4173
   -7.5000   45.0000  -30.0000 2490.7385   21.1902
    0.0000   45.0000  -30.0000 2497.2183   20.6887
    7.5000   45.0000  -30.0000 2494.7136   20.7382
   -7.5000   52.5000  -30.0000 2365.5439   21.3421
    0.0000   52.5000  -30.0000 2372.6323   20.9761
    7.5000   52.5000  -30.0000 2369.1375   21.0318
   -7.5000   60.0000  -30.0000 2196.5776   21.4631
    0.0000   60.0000  -30.0000 2208.0942   21.1857
    7.5000   60.0000  -30.0000 2204.3650   21.3121
   -7.5000   67.5000  -30.0000 1998.0802   21.5299
    0.0000   67.5000  -30.0000 2016.3347   21.3322
    7.5000   67.5000  -30.0000 2012.4832   21.5077
   -7.5000   75.0000  -30.0000 1923.7087   23.0487
    0.0000   75.0000  -30.0000 1948.9587   22.8409
    7.5000   75.0000  -30.0000 1938.5312   22.9856
   -7.5000  -15.0000  -22.5000 2373.9229   27.8173
    0.0000  -15.0000  -22.5000 2392.3506   27.3369
    7.5000  -15.0000  -22.5000 2383.6492   27.2096
   -7.5000   -7.5000  -22.5000 2461.2097   25.4860
    0.0000   -7.5000  -22.5000 2477.8333   24.9639
    7.5000   -7.5000  -22.5000 2470.1460   24.8338
   -7.5000    0.0000  -22.5000 2531.5107   23.6979
    0.0000    0.0000  -22.5000 2544.7791   23.1534
    7.5000    0.0000  -22.5000 2535.7354   23.0446
   -7.5000    7.5000  -22.5000 2580.7131   22.4237
    0.0000    7.5000  -22.5000 2581.1575   21.7952
    7.5000    7.5000  -22.5000 2579.8665   21.6634
   -7.5000   15.0000  -22.5000 2620.3086   21.6197
    0.0000   15.0000  -22.5000 2599.6865   20.9521
    7.5000   15.0000  -22.5000 2604.7625   20.8420
   -7.5000   22.5000  -22.5000 2638.5837   21.0156
    0.0000   22.5000  -22.5000 2607.3228   20.2839
    7.5000   22.5000  -22.5000 2612.0015   20.3253
   -7.5000   30.0000  -22.5000 2661.1812   20.8480
    0.0000   30.0000  -22.5000 2625.4641   20.0209
    7.5000   30.0000  -22.5000 2621.3718   20.1865
   -7.5000   37.5000  -22.5000 2637.4963   20.9558
    0.0000   37.5000  -22.5000 2605.5725   20.2129
    7.5000   37.5000  -22.5000 2602.8418   20.3250
   -7.5000   45.0000  -22.5000 2553.7849   21.1333
    0.0000   45.0000  -22.5000 2534.3716   20.4779
    7.5000   45.0000  -22.5000 2537.6384   20.5594
   -7.5000   52.5000  -22.5000 2422.3542   21.1026
    0.0000   52.5000  -22.5000 2411.6628   20.5656
    7.5000   52.5000  -22.5000 2415.6250   20.7304
   -7.5000   60.0000  -22.5000 2254.8137   21.0793
    0.0000   60.0000  -22.5000 2252.0554   20.6596
    7.5000   60.0000  -22.5000 2253.6707   20.9560
   -7.5000   67.5000  -22.5000 2060.2749   21.1172
    0.0000   67.5000  -22.5000 2062.3047   20.7016
    7.5000   67.5000  -22.5000 2056.8918   21.0877
   -7.5000   75.0000  -22.5000 1991.3224   22.6206
    0.0000   75.0000  -22.5000 1999.7166   22.2884
    7.5000   75.0000  -22.5000 1985.7880   22.5322
   -7.5000  -15.0000  -15.0000 2421.5735   27.9408
    0.0000  -15.0000  -15.0000 2443.9507   27.5070
    7.5000  -15.0000  -15.0000 2434.0085   27.2645
   -7.5000   -7.5000  -15.0000 2517.5076   25.5255
    0.0000   -7.5000  -15.0000 2535.3181   25.0676
    7.5000   -7.5000  -15.0000 2525.7390   24.8232
   -7.5000    0.0000  -15.0000 2597.0403   23.7290
    0.0000    0.0000  -15.0000 2603.5010   23.2485
    7.5000    0.0000  -15.0000 2593.9346   22.9979
   -7.5000    7.5000  -15.0000 2664.2915   22.4311
    0.0000    7.5000  -15.0000 2659.4448   21.9289
    7.5000    7.5000  -15.0000 2643.5706   21.6614
   -7.5000   15.0000  -15.0000 2718.8647   21.6426
    0.0000   15.0000  -15.0000 2699.1587   21.1737
    7.5000   15.0000  -15.0000 2679.8647   20.8815
   -7.5000   22.5000  -15.0000 2756.0620   21.1056
    0.0000   22.5000  -15.0000 2722.1582   20.6153
    7.5000   22.5000  -15.0000 2707.9653   20.4532
   -7.5000   30.0000  -15.0000 2775.3259   20.7585
    0.0000   30.0000  -15.0000 2727.7727   20.0760
    7.5000   30.0000  -15.0000 2716.8081   20.2101
   -7.5000   37.5000  -15.0000 2740.4631   20.6022
    0.0000   37.5000  -15.0000 2707.0964   19.9688
    7.5000   37.5000  -15.0000 2694.0532   20.1409
   -7.5000   45.0000  -15.0000 2642.7102   20.6283
    0.0000   45.0000  -15.0000 2630.9756   20.1365
    7.5000   45.0000  -15.0000 2628.9001   20.2512
   -7.5000   52.5000  -15.0000 2501.7361   20.5464
    0.0000   52.5000  -15.0000 2507.1162   20.1824
    7.5000   52.5000  -15.0000 2506.1804   20.4088
   -7.5000   60.0000  -15.0000 2335.8374   20.5679
    0.0000   60.0000  -15.0000 2339.7766   20.2650
    7.5000   60.0000  -15.0000 2339.9409   20.6186
   -7.5000   67.5000  -15.0000 2150.6995   20.7584
    0.0000   67.5000  -15.0000 2164.9019   20.5521
    7.5000   67.5000  -15.0000 2144.1936   20.8422
   -7.5000   75.0000  -15.0000 2087.4333   22.3980
    0.0000   75.0000  -15.0000 2103.1008   22.2589
    7.5000   75.0000  -15.0000 2080.6208   22.4156
   -7.5000  -15.0000   -7.5000 2431.2664   28.2218
    0.0000  -15.0000   -7.5000 2446.7917   27.7430
    7.5000  -15.0000   -7.5000 2432.3416   27.4111
   -7.5000   -7.5000   -7.5000 2537.3181   25.7723
    0.0000   -7.5000   -7.5000 2544.0242   25.2776
    7.5000   -7.5000   -7.5000 2525.4180   24.9552
   -7.5000    0.0000   -7.5000 2626.1196   23.9503
    0.0000    0.0000   -7.5000 2624.8264   23.5023
    7.5000    0.0000   -7.5000 2599.8879   23.1691
   -7.5000    7.5000   -7.5000 2716.3679   22.6470
    0.0000    7.5000   -7.5000 2718.1580   22.3962
    7.5000    7.5000   -7.5000 2682.9163   21.9999
   -7.5000   15.0000   -7.5000 2778.8093   21.8050
    0.0000   15.0000   -7.5000 2804.0125   21.8387
    7.5000   15.0000   -7.5000 2752.6448   21.4216
   -7.5000   22.5000   -7.5000 2816.3010   21.2188
    0.0000   22.5000   -7.5000 2864.5344   21.5240
    7.5000   22.5000   -7.5000 2803.9604   21.1036
   -7.5000   30.0000   -7.5000 2834.9453   20.7520
    0.0000   30.0000   -7.5000 2868.5559   20.8556
    7.5000   30.0000   -7.5000 2812.1267   20.7220
   -7.5000   37.5000   -7.5000 2795.1074   20.2790
    0.0000   37.5000   -7.5000 2801.1711   20.1168
    7.5000   37.5000   -7.5000 2765.1792   20.2348
   -7.5000   45.0000   -7.5000 2677.8572   20.0244
    0.0000   45.0000   -7.5000 2689.8394   19.8409
    7.5000   45.0000   -7.5000 2670.1853   20.0089
   -7.5000   52.5000   -7.5000 2540.5081   20.0405
    0.0000   52.5000   -7.5000 2545.3923   19.8124
    7.5000   52.5000   -7.5000 2550.5972   20.1255
   -7.5000   60.0000   -7.5000 2389.4312   20.2864
    0.0000   60.0000   -7.5000 2400.4585   20.1080
    7.5000   60.0000   -7.5000 2394.4944   20.4458
   -7.5000   67.5000   -7.5000 2212.4265   20.6435
    0.0000   67.5000   -7.5000 2222.4888   20.5242
    7.5000   67.5000   -7.5000 2203.7039   20.7748
   -7.5000   75.0000   -7.5000 2146.5566   22.3037
    0.0000   75.0000   -7.5000 2163.4165   22.2693
    7.5000   75.0000   -7.5000 2138.6611   22.4529
   -7.5000  -15.0000    0.0000 2420.6782   29.0434
    0.0000  -15.0000    0.0000 2421.0552   28.5233
    7.5000  -15.0000    0.0000 2404.3770   28.2633
   -7.5000   -7.5000    0.0000 2532.0874   26.4650
    0.0000   -7.5000    0.0000 2539.0183   26.1569
    7.5000   -7.5000    0.0000 2518.3105   25.9463
   -7.5000    0.0000    0.0000 2632.5923   24.4964
    0.0000    0.0000    0.0000 2648.6953   24.3593
    7.5000    0.0000    0.0000 2624.8367   24.1943
   -7.5000    7.5000    0.0000 2724.9285   23.0479
    0.0000    7.5000    0.0000 2759.3960   23.1598
    7.5000    7.5000    0.0000 2723.3499   22.9413
   -7.5000   15.0000    0.0000 2794.0977   21.9797
    0.0000   15.0000    0.0000 2853.3008   22.2950
    7.5000   15.0000    0.0000 2801.2637   22.0672
   -7.5000   22.5000    0.0000 2844.5955   21.2835
    0.0000   22.5000    0.0000 2921.2485   21.7747
    7.5000   22.5000    0.0000 2862.8000   21.5545
   -7.5000   30.0000    0.0000 2858.3989   20.6790
    0.0000   30.0000    0.0000 2930.4514   20.9924
    7.5000   30.0000    0.0000 2872.4319   21.0493
   -7.5000   37.5000    0.0000 2791.6829   20.0356
    0.0000   37.5000    0.0000 2844.1138   20.1725
    7.5000   37.5000    0.0000 2798.1216   20.3372
   -7.5000   45.0000    0.0000 2685.2078   19.7611
    0.0000   45.0000    0.0000 2702.9817   19.7591
    7.5000   45.0000    0.0000 2697.8423   20.0857
   -7.5000   52.5000    0.0000 2558.4500   19.9747
    0.0000   52.5000    0.0000 2576.4883   19.8986
    7.5000   52.5000    0.0000 2571.4600   20.1811
   -7.5000   60.0000    0.0000 2410.5176   20.3302
    0.0000   60.0000    0.0000 2424.8167   20.2373
    7.5000   60.0000    0.0000 2412.3064   20.4627
   -7.5000   67.5000    0.0000 2233.3735   20.6855
    0.0000   67.5000    0.0000 2244.7419   20.5728
    7.5000   67.5000    0.0000 2223.0789   20.7962
   -7.5000   75.0000    0.0000 2169.8518   22.4369
    0.0000   75.0000    0.0000 2181.1606   22.3574
    7.5000   75.0000    0.0000 2157.0391   22.4796
   -7.5000  -15.0000    7.5000 2400.7444   30.4939
    0.0000  -15.0000    7.5000 2405.3772   30.1141
    7.5000  -15.0000    7.5000 2396.1384   30.2023
   -7.5000   -7.5000    7.5000 2509.7639   27.5974
    0.0000   -7.5000    7.5000 2523.5225   27.4346
    7.5000   -7.5000    7.5000 2512.9851   27.5105
   -7.5000    0.0000    7.5000 2614.5586   25.3504
    0.0000    0.0000    7.5000 2629.5730   25.2662
    7.5000    0.0000    7.5000 2614.1011   25.3177
   -7.5000    7.5000    7.5000 2705.4260   23.5925
    0.0000    7.5000    7.5000 2720.2905   23.6006
    7.5000    7.5000    7.5000 2704.5688   23.6467
   -7.5000   15.0000    7.5000 2783.8286   22.2850
    0.0000   15.0000    7.5000 2817.0959   22.4169
    7.5000   15.0000    7.5000 2784.4827   22.4105
   -7.5000   22.5000    7.5000 2831.4780   21.2787
    0.0000   22.5000    7.5000 2876.6829   21.4436
    7.5000   22.5000    7.5000 2846.8464   21.6264
   -7.5000   30.0000    7.5000 2831.7744   20.4369
    0.0000   30.0000    7.5000 2870.5513   20.3636
    7.5000   30.0000    7.5000 2849.3254   20.8639
   -7.5000   37.5000    7.5000 2768.8484   19.8652
    0.0000   37.5000    7.5000 2779.0952   19.6646
    7.5000   37.5000    7.5000 2782.2964   20.3214
   -7.5000   45.0000    7.5000 2696.5798   20.0590
    0.0000   45.0000    7.5000 2715.6775   19.8958
    7.5000   45.0000    7.5000 2695.5662   20.2384
   -7.5000   52.5000    7.5000 2581.1389   20.5697
    0.0000   52.5000    7.5000 2599.9705   20.5027
    7.5000   52.5000    7.5000 2584.2834   20.6497
   -7.5000   60.0000    7.5000 2424.8044   20.9556
    0.0000   60.0000    7.5000 2432.2825   20.9022
    7.5000   60.0000    7.5000 2413.0173   21.0613
   -7.5000   67.5000    7.5000 2231.2271   21.1743
    0.0000   67.5000    7.5000 2240.5383   21.1293
    7.5000   67.5000    7.5000 2216.0688   21.3058
   -7.5000   75.0000    7.5000 2160.7573   22.7671
    0.0000   75.0000    7.5000 2182.1572   22.7465
    7.5000   75.0000    7.5000 2150.5173   22.8286
   -7.5000  -15.0000   15.0000 2361.3855   31.7964
    0.0000  -15.0000   15.0000 2368.3191   31.5049
    7.5000  -15.0000   15.0000 2363.5300   31.7808
   -7.5000   -7.5000   15.0000 2470.1172   28.5585
    0.0000   -7.5000   15.0000 2481.4568   28.3762
    7.5000   -7.5000   15.0000 2474.4292   28.6723
   -7.5000    0.0000   15.0000 2574.7783   26.0743
    0.0000    0.0000   15.0000 2580.1550   25.8955
    7.5000    0.0000   15.0000 2572.2942   26.1847
   -7.5000    7.5000   15.0000 2661.4104   24.0856
    0.0000    7.5000   15.0000 2666.2771   23.8866
    7.5000    7.5000   15.0000 2665.0437   24.2285
   -7.5000   15.0000   15.0000 2742.2400   22.6026
    0.0000   15.0000   15.0000 2748.7361   22.4306
    7.5000   15.0000   15.0000 2748.4866   22.8514
   -7.5000   22.5000   15.0000 2784.4500   21.4117
    0.0000   22.5000   15.0000 2808.9885   21.3562
    7.5000   22.5000   15.0000 2801.3193   21.9030
   -7.5000   30.0000   15.0000 2794.6926   20.5259
    0.0000   30.0000   15.0000 2794.7769   20.2396
    7.5000   30.0000   15.0000 2813.5825   21.1655
   -7.5000   37.5000   15.0000 2766.9255   20.2691
    0.0000   37.5000   15.0000 2776.8999   20.0545
    7.5000   37.5000   15.0000 2761.6616   20.6420
   -7.5000   45.0000   15.0000 2702.6650   20.5950
    0.0000   45.0000   15.0000 2723.7217   20.4528
    7.5000   45.0000   15.0000 2685.3481   20.6976
   -7.5000   52.5000   15.0000 2580.1316   21.1697
    0.0000   52.5000   15.0000 2593.8860   21.0074
    7.5000   52.5000   15.0000 2569.3303   21.1607
   -7.5000   60.0000   15.0000 2415.8286   21.6865
    0.0000   60.0000   15.0000 2420.7075   21.5656
    7.5000   60.0000   15.0000 2400.1528   21.7402
   -7.5000   67.5000   15.0000 2219.0959   21.9206
    0.0000   67.5000   15.0000 2233.2141   21.9276
    7.5000   67.5000   15.0000 2199.7668   22.0197
   -7.5000   75.0000   15.0000 2141.1482   23.4604
    0.0000   75.0000   15.0000 2168.4761   23.4710
    7.5000   75.0000   15.0000 2134.2202   23.5103
   -7.5000  -15.0000   22.5000 2304.0156   32.9627
    0.0000  -15.0000   22.5000 2312.1526   32.6821
    7.5000  -15.0000   22.5000 2312.0906   33.2677
   -7.5000   -7.5000   22.5000 2419.4746   29.5041
    0.0000   -7.5000   22.5000 2420.7893   29.1509
    7.5000   -7.5000   22.5000 2421.6982   29.8199
   -7.5000    0.0000   22.5000 2519.6350   26.7735
    0.0000    0.0000   22.5000 2514.7107   26.4554
    7.5000    0.0000   22.5000 2517.6519   27.1130
   -7.5000    7.5000   22.5000 2607.0676   24.6415
    0.0000    7.5000   22.5000 2599.1714   24.3621
    7.5000    7.5000   22.5000 2614.2224   25.0450
   -7.5000   15.0000   22.5000 2687.8074   23.0767
    0.0000   15.0000   22.5000 2686.9246   22.8677
    7.5000   15.0000   22.5000 2690.9114   23.5185
   -7.5000   22.5000   22.5000 2723.3550   21.8692
    0.0000   22.5000   22.5000 2725.9094   21.6133
    7.5000   22.5000   22.5000 2737.2393   22.3828
   -7.5000   30.0000   22.5000 2759.8416   21.1211
    0.0000   30.0000   22.5000 2750.6636   20.7944
    7.5000   30.0000   22.5000 2757.0776   21.6596
   -7.5000   37.5000   22.5000 2749.4858   21.0859
    0.0000   37.5000   22.5000 2750.6453   20.8484
    7.5000   37.5000   22.5000 2730.5737   21.3400
   -7.5000   45.0000   22.5000 2672.0159   21.4364
    0.0000   45.0000   22.5000 2682.3665   21.2562
    7.5000   45.0000   22.5000 2654.1821   21.5378
   -7.5000   52.5000   22.5000 2550.1685   21.8887
    0.0000   52.5000   22.5000 2556.9670   21.7513
    7.5000   52.5000   22.5000 2531.1501   21.9391
   -7.5000   60.0000   22.5000 2376.5400   22.3118
    0.0000   60.0000   22.5000 2393.7375   22.2305
    7.5000   60.0000   22.5000 2364.8623   22.4480
   -7.5000   67.5000   22.5000 2188.8467   22.6346
    0.0000   67.5000   22.5000 2207.9868   22.6471
    7.5000   67.5000   22.5000 2173.7695   22.7918
   -7.5000   75.0000   22.5000 2115.5593   24.3869
    0.0000   75.0000   22.5000 2139.3845   24.3806
    7.5000   75.0000   22.5000 2108.0095   24.3919
   -7.5000  -15.0000   30.0000 2241.0391   34.2904
    0.0000  -15.0000   30.0000 2236.7593   33.7550
    7.5000  -15.0000   30.0000 2241.4844   34.6849
   -7.5000   -7.5000   30.0000 2354.4985   30.5220
    0.0000   -7.5000   30.0000 2349.8345   30.0538
    7.5000   -7.5000   30.0000 2354.0229   30.9928
   -7.5000    0.0000   30.0000 2456.8420   27.6820
    0.0000    0.0000   30.0000 2449.5127   27.2519
    7.5000    0.0000   30.0000 2456.9629   28.2042
   -7.5000    7.5000   30.0000 2545.7925   25.4866
    0.0000    7.5000   30.0000 2541.1421   25.1327
    7.5000    7.5000   30.0000 2547.0750   26.0039
   -7.5000   15.0000   30.0000 2623.9573   23.9002
    0.0000   15.0000   30.0000 2616.5120   23.5752
    7.5000   15.0000   30.0000 2621.8486   24.3723
   -7.5000   22.5000   30.0000 2658.8979   22.6398
    0.0000   22.5000   30.0000 2652.9697   22.3171
    7.5000   22.5000   30.0000 2662.6152   23.1880
   -7.5000   30.0000   30.0000 2704.7563   22.1003
    0.0000   30.0000   30.0000 2688.1809   21.7940
    7.5000   30.0000   30.0000 2683.4175   22.5313
   -7.5000   37.5000   30.0000 2693.4041   22.1276
    0.0000   37.5000   30.0000 2689.8169   21.8272
    7.5000   37.5000   30.0000 2673.0776   22.3133
   -7.5000   45.0000   30.0000 2615.4846   22.4621
    0.0000   45.0000   30.0000 2615.9255   22.1887
    7.5000   45.0000   30.0000 2596.3389   22.5288
   -7.5000   52.5000   30.0000 2488.1309   22.8135
    0.0000   52.5000   30.0000 2502.3452   22.6173
    7.5000   52.5000   30.0000 2469.5129   22.8705
   -7.5000   60.0000   30.0000 2329.9692   23.1777
    0.0000   60.0000   30.0000 2346.4265   23.0728
    7.5000   60.0000   30.0000 2315.3926   23.3273
   -7.5000   67.5000   30.0000 2144.2473   23.4510
    0.0000   67.5000   30.0000 2165.3157   23.4687
    7.5000   67.5000   30.0000 2133.6675   23.6820
   -7.5000   75.0000   30.0000 2061.0073   25.1461
    0.0000   75.0000   30.0000 2080.4722   25.2455
    7.5000   75.0000   30.0000 2055.5178   25.3662
   -7.5000  -15.0000   37.5000 2162.8232   35.5582
    0.0000  -15.0000   37.5000 2170.6431   35.0646
    7.5000  -15.0000   37.5000 2167.0010   36.1620
   -7.5000   -7.5000   37.5000 2283.7744   31.6810
    0.0000   -7.5000   37.5000 2283.6545   31.2029
    7.5000   -7.5000   37.5000 2282.7148   32.3730
   -7.5000    0.0000   37.5000 2388.9917   28.7633
    0.0000    0.0000   37.5000 2389.6731   28.3743
    7.5000    0.0000   37.5000 2387.3574   29.4468
   -7.5000    7.5000   37.5000 2478.8945   26.6434
    0.0000    7.5000   37.5000 2478.8105   26.2146
    7.5000    7.5000   37.5000 2474.7576   27.1891
   -7.5000   15.0000   37.5000 2539.6396   24.9912
    0.0000   15.0000   37.5000 2549.9290   24.6388
    7.5000   15.0000   37.5000 2539.7095   25.4332
   -7.5000   22.5000   37.5000 2585.3188   23.7444
    0.0000   22.5000   37.5000 2584.0439   23.4634
    7.5000   22.5000   37.5000 2580.3713   24.2332
   -7.5000   30.0000   37.5000 2624.9500   23.3438
    0.0000   30.0000   37.5000 2617.2805   23.0392
    7.5000   30.0000   37.5000 2603.7476   23.6803
   -7.5000   37.5000   37.5000 2611.1348   23.3529
    0.0000   37.5000   37.5000 2612.9937   23.0206
    7.5000   37.5000   37.5000 2594.3762   23.4873
   -7.5000   45.0000   37.5000 2538.7808   23.5939
    0.0000   45.0000   37.5000 2548.2822   23.2601
    7.5000   45.0000   37.5000 2524.6252   23.5825
   -7.5000   52.5000   37.5000 2418.5583   23.8163
    0.0000   52.5000   37.5000 2439.3101   23.5969
    7.5000   52.5000   37.5000 2403.3608   23.8898
   -7.5000   60.0000   37.5000 2268.1641   24.1285
    0.0000   60.0000   37.5000 2284.8857   24.0111
    7.5000   60.0000   37.5000 2249.1350   24.2835
   -7.5000   67.5000   37.5000 2081.5686   24.3034
    0.0000   67.5000   37.5000 2096.9382   24.3417
    7.5000   67.5000   37.5000 2068.0979   24.6297
   -7.5000   75.0000   37.5000 1995.3458   26.0717
    0.0000   75.0000   37.5000 2013.8401   26.1292
    7.5000   75.0000   37.5000 1987.2703   26.3779
   -7.5000  -15.0000   45.0000 2068.0427   37.0170
    0.0000  -15.0000   45.0000 2081.3650   36.5096
    7.5000  -15.0000   45.0000 2077.6743   37.7429
   -7.5000   -7.5000   45.0000 2192.1975   33.1113
    0.0000   -7.5000   45.0000 2207.9690   32.6627
    7.5000   -7.5000   45.0000 2189.8093   33.8040
   -7.5000    0.0000   45.0000 2302.6921   30.1650
    0.0000    0.0000   45.0000 2316.1467   29.7761
    7.5000    0.0000   45.0000 2288.4773   30.7508
   -7.5000    7.5000   45.0000 2383.5212   27.9658
    0.0000    7.5000   45.0000 2402.6770   27.7089
    7.5000    7.5000   45.0000 2373.8879   28.5099
   -7.5000   15.0000   45.0000 2438.8000   26.2461
    0.0000   15.0000   45.0000 2454.1846   25.9636
    7.5000   15.0000   45.0000 2439.6956   26.7579
   -7.5000   22.5000   45.0000 2480.0876   25.0270
    0.0000   22.5000   45.0000 2486.5046   24.8880
    7.5000   22.5000   45.0000 2464.8516   25.4777
   -7.5000   30.0000   45.0000 2518.7151   24.7003
    0.0000   30.0000   45.0000 2518.4346   24.4410
    7.5000   30.0000   45.0000 2499.4778   24.9790
   -7.5000   37.5000   45.0000 2496.5427   24.7113
    0.0000   37.5000   45.0000 2501.1514   24.3724
    7.5000   37.5000   45.0000 2482.9912   24.8061
   -7.5000   45.0000   45.0000 2427.7378   24.8631
    0.0000   45.0000   45.0000 2442.8845   24.5388
    7.5000   45.0000   45.0000 2415.2239   24.8616
   -7.5000   52.5000   45.0000 2317.2947   24.9493
    0.0000   52.5000   45.0000 2338.4136   24.7304
    7.5000   52.5000   45.0000 2303.8596   25.0269
   -7.5000   60.0000   45.0000 2176.1006   25.1110
    0.0000   60.0000   45.0000 2191.9424   24.9587
    7.5000   60.0000   45.0000 2156.2588   25.2312
   -7.5000   67.5000   45.0000 1992.7194   25.2030
    0.0000   67.5000   45.0000 2001.1080   25.1822
    7.5000   67.5000   45.0000 1977.1206   25.5009
   -7.5000   75.0000   45.0000 1903.8278   26.9421
    0.0000   75.0000   45.0000 1911.7965   26.9760
    7.5000   75.0000   45.0000 1892.1475   27.2002

---------------------------------------------------------------------
imgreg_4dfp /opt/freesurfer/average/711-2C_as_mni_average_305 /opt/freesurfer/average/711-2B_as_mni_average_305_mask talsrcimg_g11 none talsrcimg_to_711-2C_as_mni_average_305_t4 1283
---------------------------------------------------------------------

freesurfer imgreg_4dfp.c
/opt/freesurfer/average/711-2C_as_mni_average_305.4dfp.img
       256       256       256         1
  1.000000  1.000000  1.000000
orientation T byte_order littleendian
Reading image: /opt/freesurfer/average/711-2C_as_mni_average_305.4dfp.img
dimensions:      256       256       256
mmppix:       1.0000   -1.0000   -1.0000
center:     128.0000 -129.0000 -129.0000
/opt/freesurfer/average/711-2B_as_mni_average_305_mask.4dfp.img
       256       256       256         1
  1.000000  1.000000  1.000000
orientation T byte_order littleendian
Reading mask: /opt/freesurfer/average/711-2B_as_mni_average_305_mask.4dfp.img (2306576 pixels)
talsrcimg_g11.4dfp.img
       320       320       320         1
  0.700000  0.700000  0.700000
orientation T byte_order littleendian
Reading image: talsrcimg_g11.4dfp.img
dimensions:      320       320       320
mmppix:       0.7000   -0.7000   -0.7000
center:     112.0000 -112.7000 -112.7000
rotation matrix determinant  1.000000
fimgreg.f
image alignment mode   1283 decimal      503 hex
parameters
    0.0000   30.0000    0.0000    0.0000    0.0000    0.0000
eta,q 0.91872 21.12907
niter,ni,del,rscale     5    3   12.0000    1.2000
parameter  2  0.614485 ->  0.500000 qaram    1.1500
parameter  4  1.002764 ->  0.500000 qaram    1.1500
parameter  5 -0.870464 -> -0.500000 qaram    1.1500
parameters
   -0.1722   26.5500   -0.2205   -3.4500    3.4500    1.8375
eta,q 0.92688 21.49599
  0.1008  0.0834  0.0884  0.0762  0.0875  0.0814
  0.0902  0.0803  0.0840  0.0767  0.0838  0.0785
  0.0829  0.0801  0.0819  0.0777  0.0796  0.0756
  0.0835  0.0832  0.0799  0.0799  0.0768  0.0732
  0.0888  0.0895  0.0798  0.0819  0.0744  0.0722
  0.0943  0.0997  0.0833  0.0854  0.0730  0.0732
  0.0991  0.1017  0.0920  0.0897  0.0741  0.0758
niter,ni,del,rscale     7    3   12.0000    1.2000
parameter  4  0.778874 ->  0.500000 qaram    1.3225
parameters
   -0.5529   26.9611   -1.3805   -7.4175    2.1745    2.2578
eta,q 0.92850 21.62848
  0.0937  0.0889  0.0783  0.0700  0.0750  0.0749
  0.0811  0.0838  0.0733  0.0714  0.0718  0.0736
  0.0740  0.0785  0.0714  0.0717  0.0716  0.0725
  0.0731  0.0730  0.0725  0.0715  0.0717  0.0716
  0.0771  0.0722  0.0751  0.0754  0.0723  0.0714
  0.0871  0.0783  0.0778  0.0792  0.0748  0.0724
  0.0975  0.0889  0.0859  0.0830  0.0793  0.0746
niter,ni,del,rscale     7    3   12.0000    1.2000
parameter  4  4.412651 ->  0.500000 qaram    1.5209
parameters
   -0.1528   28.6179   -2.2003  -11.9801    3.0495    2.1822
eta,q 0.93635 21.68785
  0.0946  0.0869  0.0785  0.0623  0.0744  0.0672
  0.0807  0.0781  0.0717  0.0632  0.0683  0.0661
  0.0719  0.0742  0.0711  0.0680  0.0655  0.0650
  0.0715  0.0719  0.0715  0.0711  0.0640  0.0636
  0.0738  0.0718  0.0730  0.0717  0.0633  0.0634
  0.0787  0.0726  0.0759  0.0720  0.0651  0.0655
  0.0871  0.0766  0.0834  0.0801  0.0704  0.0684
niter,ni,del,rscale     7    3   12.0000    1.2000
parameters
   -0.6863   29.9333   -2.4191  -15.4133    3.2247    2.3938
eta,q 0.94114 21.62026
  0.0830  0.0818  0.0740  0.0667  0.0702  0.0647
  0.0678  0.0741  0.0660  0.0598  0.0639  0.0617
  0.0623  0.0693  0.0626  0.0590  0.0600  0.0600
  0.0636  0.0630  0.0614  0.0614  0.0590  0.0589
  0.0676  0.0620  0.0631  0.0688  0.0595  0.0588
  0.0760  0.0666  0.0675  0.0716  0.0627  0.0609
  0.0884  0.0730  0.0759  0.0728  0.0694  0.0644
niter,ni,del,rscale     6    3   12.0000    1.2000
parameters
   -0.7314   30.4454   -2.9858  -15.5266    3.2892    2.4010
eta,q 0.94225 21.60767
  0.0847  0.0825  0.0725  0.0725  0.0691  0.0634
  0.0676  0.0701  0.0621  0.0657  0.0625  0.0606
  0.0580  0.0625  0.0582  0.0588  0.0589  0.0589
  0.0589  0.0588  0.0583  0.0578  0.0578  0.0577
  0.0625  0.0591  0.0623  0.0608  0.0581  0.0579
  0.0700  0.0661  0.0681  0.0674  0.0618  0.0603
  0.0828  0.0766  0.0767  0.0718  0.0691  0.0639
niter,ni,del,rscale     5    3   12.0000    1.2000
parameters
   -0.7216   30.5486   -2.9814  -15.5981    3.2806    2.3782
eta,q 0.94231 21.60570
  0.0847  0.0800  0.0762  0.0725  0.0687  0.0633
  0.0672  0.0676  0.0641  0.0658  0.0623  0.0605
  0.0570  0.0609  0.0590  0.0589  0.0588  0.0588
  0.0577  0.0578  0.0577  0.0577  0.0577  0.0577
  0.0616  0.0601  0.0609  0.0606  0.0580  0.0579
  0.0690  0.0676  0.0662  0.0671  0.0619  0.0602
  0.0817  0.0782  0.0741  0.0718  0.0693  0.0639
niter,ni,del,rscale     4    3   12.0000    1.2000
parameters
   -0.7192   30.5686   -2.9925  -15.6278    3.2853    2.3714
eta,q 0.94232 21.60495
  0.0846  0.0795  0.0760  0.0726  0.0687  0.0633
  0.0671  0.0672  0.0640  0.0660  0.0623  0.0605
  0.0569  0.0606  0.0589  0.0590  0.0588  0.0588
  0.0577  0.0577  0.0577  0.0577  0.0577  0.0577
  0.0616  0.0604  0.0609  0.0606  0.0579  0.0578
  0.0690  0.0679  0.0662  0.0669  0.0618  0.0602
  0.0817  0.0787  0.0741  0.0718  0.0693  0.0638
registration optimization eta report
parameter search radius
    6.0000    6.9000    6.0000    9.1253    6.9000    6.0000
100000*second partial in parameter space
       73.       44.       48.       17.       25.       16.
  0.0846  0.0795  0.0760  0.0726  0.0687  0.0633
  0.0671  0.0672  0.0640  0.0660  0.0623  0.0605
  0.0569  0.0606  0.0589  0.0590  0.0588  0.0588
  0.0577  0.0577  0.0577  0.0577  0.0577  0.0577
  0.0616  0.0604  0.0609  0.0606  0.0579  0.0578
  0.0690  0.0679  0.0662  0.0669  0.0618  0.0602
  0.0817  0.0787  0.0741  0.0718  0.0693  0.0638
   -0.7192   30.5686   -2.9925  -15.6278    3.2853    2.3714
eta,q 0.94232 21.60495

---------------------------------------------------------------------
imgreg_4dfp /opt/freesurfer/average/711-2C_as_mni_average_305 /opt/freesurfer/average/711-2B_as_mni_average_305_mask talsrcimg_g11 none talsrcimg_to_711-2C_as_mni_average_305_t4 3335
---------------------------------------------------------------------

freesurfer imgreg_4dfp.c
/opt/freesurfer/average/711-2C_as_mni_average_305.4dfp.img
       256       256       256         1
  1.000000  1.000000  1.000000
orientation T byte_order littleendian
Reading image: /opt/freesurfer/average/711-2C_as_mni_average_305.4dfp.img
dimensions:      256       256       256
mmppix:       1.0000   -1.0000   -1.0000
center:     128.0000 -129.0000 -129.0000
/opt/freesurfer/average/711-2B_as_mni_average_305_mask.4dfp.img
       256       256       256         1
  1.000000  1.000000  1.000000
orientation T byte_order littleendian
Reading mask: /opt/freesurfer/average/711-2B_as_mni_average_305_mask.4dfp.img (2306576 pixels)
talsrcimg_g11.4dfp.img
       320       320       320         1
  0.700000  0.700000  0.700000
orientation T byte_order littleendian
Reading image: talsrcimg_g11.4dfp.img
dimensions:      320       320       320
mmppix:       0.7000   -0.7000   -0.7000
center:     112.0000 -112.7000 -112.7000
fimgreg.f
image alignment mode   3335 decimal      D07 hex
parameters
   -0.7192   30.5686   -2.9925   -0.2498   -3.7154   -3.8551
   -2.4422   -6.6289    4.1308   26.6872    5.7308  -26.8944
eta,q 0.94548 21.86073
niter,ni,del,rscale     5    3    5.0000    1.2000
parameter  4  1.859885 ->  0.500000 qaram    1.1500
parameter  5  1.217002 ->  0.500000 qaram    1.1500
parameters
   -1.0077   31.6100   -3.3526   -4.3898   -7.8554   -6.8381
   -0.9057   -5.6199    4.2597   23.9533    3.8258  -28.9295
eta,q 0.96687 22.14246
  0.0591  0.0591  0.0560  0.0356  0.0321  0.0354  0.0407  0.0464  0.0363  0.0348  0.0344  0.0339
  0.0561  0.0572  0.0545  0.0380  0.0339  0.0346  0.0374  0.0403  0.0349  0.0337  0.0336  0.0334
  0.0546  0.0555  0.0538  0.0439  0.0361  0.0341  0.0353  0.0361  0.0341  0.0334  0.0333  0.0331
  0.0545  0.0544  0.0537  0.0536  0.0392  0.0345  0.0342  0.0340  0.0337  0.0337  0.0334  0.0332
  0.0558  0.0538  0.0544  0.0650  0.0440  0.0374  0.0340  0.0340  0.0339  0.0353  0.0340  0.0337
  0.0582  0.0539  0.0559  0.0760  0.0500  0.0431  0.0349  0.0364  0.0347  0.0380  0.0351  0.0345
  0.0615  0.0548  0.0578  0.0861  0.0567  0.0520  0.0367  0.0411  0.0362  0.0413  0.0369  0.0355
niter,ni,del,rscale     6    3    5.0000    1.2000
parameter  5  0.520146 ->  0.500000 qaram    1.3225
parameters
   -1.3674   32.6522   -3.9877   -8.5177  -12.6164   -4.8687
   -0.3037   -6.0257    5.3476   25.3021    4.7923  -31.9723
eta,q 0.97195 21.99476
  0.0376  0.0372  0.0332  0.0324  0.0299  0.0331  0.0323  0.0341  0.0317  0.0327  0.0300  0.0285
  0.0347  0.0353  0.0326  0.0310  0.0295  0.0318  0.0305  0.0308  0.0303  0.0310  0.0292  0.0281
  0.0332  0.0339  0.0323  0.0304  0.0297  0.0306  0.0293  0.0291  0.0292  0.0296  0.0286  0.0281
  0.0331  0.0330  0.0324  0.0323  0.0305  0.0295  0.0287  0.0287  0.0287  0.0286  0.0283  0.0283
  0.0346  0.0324  0.0328  0.0388  0.0327  0.0286  0.0288  0.0294  0.0287  0.0283  0.0283  0.0288
  0.0373  0.0325  0.0337  0.0499  0.0370  0.0285  0.0297  0.0316  0.0293  0.0290  0.0286  0.0295
  0.0413  0.0333  0.0350  0.0622  0.0430  0.0312  0.0314  0.0357  0.0303  0.0308  0.0293  0.0305
niter,ni,del,rscale     6    3    5.0000    1.2000
parameters
   -1.0928   32.9427   -3.5594   -9.9209  -14.3265   -5.3457
   -0.7490   -6.3432    5.4543   25.7258    5.2044  -33.1901
eta,q 0.97152 21.82230
  0.0331  0.0312  0.0303  0.0330  0.0311  0.0323  0.0311  0.0329  0.0309  0.0317  0.0298  0.0294
  0.0306  0.0296  0.0291  0.0308  0.0296  0.0307  0.0297  0.0303  0.0297  0.0302  0.0291  0.0288
  0.0289  0.0284  0.0284  0.0291  0.0285  0.0294  0.0288  0.0289  0.0288  0.0290  0.0287  0.0285
  0.0281  0.0280  0.0280  0.0279  0.0284  0.0284  0.0285  0.0285  0.0285  0.0285  0.0285  0.0285
  0.0281  0.0281  0.0279  0.0284  0.0291  0.0280  0.0290  0.0291  0.0288  0.0287  0.0286  0.0288
  0.0292  0.0288  0.0282  0.0329  0.0310  0.0302  0.0302  0.0308  0.0296  0.0295  0.0289  0.0294
  0.0314  0.0299  0.0291  0.0423  0.0358  0.0355  0.0318  0.0338  0.0308  0.0312  0.0296  0.0302
niter,ni,del,rscale     5    3    5.0000    1.2000
parameters
   -1.0278   33.3499   -3.2968  -10.0814  -14.8228   -5.4608
   -0.8854   -6.4490    5.4444   25.6838    5.0023  -33.4486
eta,q 0.97150 21.74095
  0.0321  0.0318  0.0304  0.0341  0.0320  0.0325  0.0314  0.0330  0.0308  0.0315  0.0296  0.0298
  0.0302  0.0301  0.0295  0.0318  0.0303  0.0309  0.0298  0.0304  0.0295  0.0299  0.0290  0.0291
  0.0290  0.0290  0.0288  0.0299  0.0290  0.0295  0.0288  0.0290  0.0288  0.0288  0.0286  0.0287
  0.0285  0.0285  0.0284  0.0284  0.0285  0.0285  0.0285  0.0285  0.0285  0.0285  0.0285  0.0285
  0.0287  0.0285  0.0284  0.0278  0.0288  0.0281  0.0289  0.0290  0.0288  0.0289  0.0287  0.0287
  0.0299  0.0291  0.0288  0.0300  0.0301  0.0298  0.0300  0.0306  0.0296  0.0298  0.0291  0.0292
  0.0319  0.0301  0.0298  0.0368  0.0336  0.0342  0.0316  0.0333  0.0307  0.0316  0.0297  0.0300
niter,ni,del,rscale     4    3    5.0000    1.2000
parameters
   -1.0043   33.4837   -3.2495  -10.0780  -14.9412   -5.4780
   -0.9411   -6.4240    5.4344   25.6589    4.9058  -33.4835
eta,q 0.97149 21.72054
  0.0320  0.0313  0.0302  0.0342  0.0322  0.0326  0.0315  0.0332  0.0307  0.0315  0.0297  0.0299
  0.0302  0.0297  0.0294  0.0320  0.0306  0.0309  0.0299  0.0305  0.0295  0.0299  0.0290  0.0292
  0.0290  0.0288  0.0288  0.0300  0.0291  0.0295  0.0288  0.0290  0.0288  0.0288  0.0286  0.0287
  0.0285  0.0285  0.0285  0.0285  0.0285  0.0285  0.0285  0.0285  0.0285  0.0285  0.0285  0.0285
  0.0288  0.0287  0.0286  0.0279  0.0288  0.0282  0.0289  0.0290  0.0288  0.0289  0.0287  0.0287
  0.0300  0.0295  0.0292  0.0299  0.0299  0.0297  0.0299  0.0305  0.0296  0.0298  0.0291  0.0292
  0.0320  0.0306  0.0302  0.0363  0.0331  0.0339  0.0315  0.0331  0.0307  0.0316  0.0297  0.0299
niter,ni,del,rscale     3    3    5.0000    1.2000
parameters
   -0.9982   33.5071   -3.2353  -10.0679  -14.9541   -5.4994
   -0.9484   -6.4038    5.4251   25.6459    4.8767  -33.4917
eta,q 0.97149 21.71676
  0.0319  0.0310  0.0302  0.0342  0.0323  0.0326  0.0315  0.0332  0.0307  0.0315  0.0297  0.0299
  0.0301  0.0296  0.0294  0.0320  0.0306  0.0309  0.0299  0.0305  0.0295  0.0299  0.0290  0.0292
  0.0290  0.0287  0.0288  0.0300  0.0292  0.0295  0.0289  0.0290  0.0288  0.0288  0.0286  0.0287
  0.0285  0.0285  0.0285  0.0285  0.0285  0.0285  0.0285  0.0285  0.0285  0.0285  0.0285  0.0285
  0.0288  0.0288  0.0286  0.0279  0.0288  0.0282  0.0289  0.0290  0.0288  0.0289  0.0287  0.0287
  0.0300  0.0296  0.0292  0.0299  0.0298  0.0296  0.0299  0.0305  0.0296  0.0298  0.0291  0.0292
  0.0320  0.0308  0.0303  0.0363  0.0330  0.0340  0.0315  0.0331  0.0307  0.0316  0.0297  0.0299
registration optimization eta report
parameter search radius
    2.4000    2.4000    2.4000    8.2800    9.5220    7.2000
    7.2000    7.2000    7.2000    7.2000    7.2000    7.2000
100000*second partial in parameter space
       61.       42.       30.       10.        5.        9.
        6.        9.        4.        6.        2.        3.
  0.0319  0.0310  0.0302  0.0342  0.0323  0.0326  0.0315  0.0332  0.0307  0.0315  0.0297  0.0299
  0.0301  0.0296  0.0294  0.0320  0.0306  0.0309  0.0299  0.0305  0.0295  0.0299  0.0290  0.0292
  0.0290  0.0287  0.0288  0.0300  0.0292  0.0295  0.0289  0.0290  0.0288  0.0288  0.0286  0.0287
  0.0285  0.0285  0.0285  0.0285  0.0285  0.0285  0.0285  0.0285  0.0285  0.0285  0.0285  0.0285
  0.0288  0.0288  0.0286  0.0279  0.0288  0.0282  0.0289  0.0290  0.0288  0.0289  0.0287  0.0287
  0.0300  0.0296  0.0292  0.0299  0.0298  0.0296  0.0299  0.0305  0.0296  0.0298  0.0291  0.0292
  0.0320  0.0308  0.0303  0.0363  0.0330  0.0340  0.0315  0.0331  0.0307  0.0316  0.0297  0.0299
   -0.9982   33.5071   -3.2353  -10.0679  -14.9541   -5.4994
   -0.9484   -6.4038    5.4251   25.6459    4.8767  -33.4917
eta,q 0.97149 21.71676

---------------------------------------------------------------------
imgreg_4dfp /opt/freesurfer/average/711-2C_as_mni_average_305 /opt/freesurfer/average/711-2B_as_mni_average_305_mask talsrcimg_g11 none talsrcimg_to_711-2C_as_mni_average_305_t4 2311
---------------------------------------------------------------------

freesurfer imgreg_4dfp.c
/opt/freesurfer/average/711-2C_as_mni_average_305.4dfp.img
       256       256       256         1
  1.000000  1.000000  1.000000
orientation T byte_order littleendian
Reading image: /opt/freesurfer/average/711-2C_as_mni_average_305.4dfp.img
dimensions:      256       256       256
mmppix:       1.0000   -1.0000   -1.0000
center:     128.0000 -129.0000 -129.0000
/opt/freesurfer/average/711-2B_as_mni_average_305_mask.4dfp.img
       256       256       256         1
  1.000000  1.000000  1.000000
orientation T byte_order littleendian
Reading mask: /opt/freesurfer/average/711-2B_as_mni_average_305_mask.4dfp.img (2306576 pixels)
talsrcimg_g11.4dfp.img
       320       320       320         1
  0.700000  0.700000  0.700000
orientation T byte_order littleendian
Reading image: talsrcimg_g11.4dfp.img
dimensions:      320       320       320
mmppix:       0.7000   -0.7000   -0.7000
center:     112.0000 -112.7000 -112.7000
fimgreg.f
image alignment mode   2311 decimal      907 hex
parameters
   -0.9982   33.5071   -3.2353  -10.0679  -14.9541   -5.4994
   -0.9484   -6.4038    5.4251   25.6459    4.8767  -33.4917
eta,q 0.97149 21.71676
niter,ni,del,rscale     5    3    5.0000    0.8000
parameters
   -0.9565   33.4616   -3.1385   -8.1514  -14.7763   -4.7444
   -0.8730   -6.1824    5.3703   25.6628    4.3120  -32.8701
eta,q 0.97229 21.81105
  0.0301  0.0296  0.0293  0.0315  0.0290  0.0301  0.0293  0.0305  0.0288  0.0293  0.0282  0.0286
  0.0293  0.0289  0.0289  0.0303  0.0284  0.0292  0.0285  0.0289  0.0282  0.0284  0.0279  0.0282
  0.0287  0.0286  0.0286  0.0293  0.0280  0.0284  0.0280  0.0281  0.0279  0.0279  0.0278  0.0279
  0.0285  0.0285  0.0285  0.0285  0.0279  0.0279  0.0277  0.0277  0.0277  0.0277  0.0277  0.0277
  0.0286  0.0287  0.0285  0.0280  0.0280  0.0277  0.0279  0.0279  0.0279  0.0280  0.0279  0.0277
  0.0291  0.0291  0.0288  0.0280  0.0283  0.0279  0.0284  0.0286  0.0282  0.0284  0.0281  0.0279
  0.0300  0.0296  0.0292  0.0290  0.0288  0.0294  0.0293  0.0300  0.0288  0.0292  0.0285  0.0282
niter,ni,del,rscale     4    3    5.0000    0.7000
parameters
   -1.0330   33.0976   -3.4887   -8.2291  -14.4170   -4.3986
   -0.7184   -6.1733    5.4176   26.0849    4.4648  -32.8684
eta,q 0.97247 21.90157
  0.0290  0.0282  0.0280  0.0297  0.0285  0.0294  0.0288  0.0295  0.0284  0.0289  0.0281  0.0280
  0.0283  0.0278  0.0277  0.0288  0.0280  0.0287  0.0281  0.0284  0.0279  0.0282  0.0278  0.0278
  0.0278  0.0276  0.0276  0.0281  0.0277  0.0281  0.0277  0.0277  0.0276  0.0277  0.0276  0.0276
  0.0277  0.0277  0.0276  0.0276  0.0276  0.0276  0.0275  0.0275  0.0275  0.0275  0.0275  0.0275
  0.0279  0.0280  0.0278  0.0276  0.0277  0.0274  0.0276  0.0277  0.0276  0.0276  0.0276  0.0276
  0.0285  0.0284  0.0282  0.0284  0.0279  0.0278  0.0280  0.0283  0.0279  0.0279  0.0277  0.0278
  0.0294  0.0291  0.0287  0.0303  0.0282  0.0293  0.0286  0.0295  0.0284  0.0285  0.0280  0.0280
niter,ni,del,rscale     3    3    5.0000    0.6000
parameters
   -1.0069   32.9399   -3.6509   -8.0469  -14.2275   -4.2134
   -0.6700   -6.2360    5.4099   26.3287    4.4045  -32.8065
eta,q 0.97258 21.94903
  0.0287  0.0280  0.0279  0.0292  0.0281  0.0289  0.0283  0.0289  0.0281  0.0284  0.0278  0.0278
  0.0281  0.0277  0.0276  0.0285  0.0278  0.0284  0.0278  0.0281  0.0277  0.0279  0.0276  0.0276
  0.0277  0.0275  0.0275  0.0279  0.0276  0.0279  0.0275  0.0276  0.0275  0.0276  0.0275  0.0275
  0.0275  0.0275  0.0275  0.0275  0.0275  0.0275  0.0274  0.0274  0.0274  0.0274  0.0274  0.0274
  0.0276  0.0277  0.0276  0.0275  0.0275  0.0273  0.0275  0.0276  0.0275  0.0275  0.0275  0.0275
  0.0280  0.0279  0.0278  0.0280  0.0277  0.0278  0.0278  0.0281  0.0277  0.0277  0.0276  0.0276
  0.0286  0.0284  0.0282  0.0292  0.0280  0.0290  0.0283  0.0291  0.0281  0.0282  0.0278  0.0278
niter,ni,del,rscale     2    3    5.0000    0.5000
parameters
   -0.9979   32.8250   -3.7355   -7.8881  -14.0830   -3.9451
   -0.6605   -6.2775    5.3933   26.3902    4.3601  -32.6928
eta,q 0.97268 21.97708
  0.0282  0.0278  0.0277  0.0287  0.0278  0.0286  0.0280  0.0285  0.0278  0.0280  0.0276  0.0276
  0.0278  0.0275  0.0275  0.0282  0.0276  0.0281  0.0276  0.0278  0.0275  0.0277  0.0275  0.0274
  0.0275  0.0274  0.0274  0.0277  0.0274  0.0277  0.0274  0.0274  0.0274  0.0274  0.0273  0.0273
  0.0274  0.0274  0.0274  0.0274  0.0274  0.0274  0.0273  0.0273  0.0273  0.0273  0.0273  0.0273
  0.0275  0.0275  0.0275  0.0274  0.0274  0.0272  0.0274  0.0274  0.0274  0.0274  0.0273  0.0273
  0.0278  0.0277  0.0276  0.0278  0.0275  0.0276  0.0276  0.0278  0.0275  0.0276  0.0275  0.0274
  0.0282  0.0280  0.0279  0.0287  0.0278  0.0285  0.0280  0.0285  0.0278  0.0280  0.0276  0.0276
niter,ni,del,rscale     1    3    5.0000    0.4000
parameters
   -0.9833   32.7472   -3.7763   -7.7989  -14.0179   -3.7356
   -0.6455   -6.2987    5.3529   26.3777    4.3058  -32.5481
eta,q 0.97274 21.98934
  0.0279  0.0276  0.0275  0.0282  0.0276  0.0282  0.0277  0.0280  0.0275  0.0277  0.0274  0.0275
  0.0276  0.0274  0.0274  0.0278  0.0274  0.0278  0.0274  0.0276  0.0274  0.0275  0.0273  0.0273
  0.0274  0.0273  0.0273  0.0275  0.0274  0.0275  0.0273  0.0273  0.0273  0.0273  0.0273  0.0273
  0.0273  0.0273  0.0273  0.0273  0.0273  0.0273  0.0272  0.0272  0.0272  0.0273  0.0273  0.0272
  0.0274  0.0274  0.0273  0.0273  0.0273  0.0272  0.0273  0.0273  0.0273  0.0273  0.0273  0.0273
  0.0275  0.0275  0.0274  0.0276  0.0274  0.0275  0.0274  0.0276  0.0274  0.0275  0.0274  0.0273
  0.0278  0.0277  0.0276  0.0282  0.0276  0.0281  0.0277  0.0281  0.0276  0.0277  0.0274  0.0274
registration optimization eta report
parameter search radius
    0.8000    0.8000    0.8000    2.4000    2.4000    2.4000
    2.4000    2.4000    2.4000    2.4000    2.4000    2.4000
100000*second partial in parameter space
       84.       50.       41.       16.        5.       15.
        7.       14.        5.        8.        3.        3.
  0.0279  0.0276  0.0275  0.0282  0.0276  0.0282  0.0277  0.0280  0.0275  0.0277  0.0274  0.0275
  0.0276  0.0274  0.0274  0.0278  0.0274  0.0278  0.0274  0.0276  0.0274  0.0275  0.0273  0.0273
  0.0274  0.0273  0.0273  0.0275  0.0274  0.0275  0.0273  0.0273  0.0273  0.0273  0.0273  0.0273
  0.0273  0.0273  0.0273  0.0273  0.0273  0.0273  0.0272  0.0272  0.0272  0.0273  0.0273  0.0272
  0.0274  0.0274  0.0273  0.0273  0.0273  0.0272  0.0273  0.0273  0.0273  0.0273  0.0273  0.0273
  0.0275  0.0275  0.0274  0.0276  0.0274  0.0275  0.0274  0.0276  0.0274  0.0275  0.0274  0.0273
  0.0278  0.0277  0.0276  0.0282  0.0276  0.0281  0.0277  0.0281  0.0276  0.0277  0.0274  0.0274
   -0.9833   32.7472   -3.7763   -7.7989  -14.0179   -3.7356
   -0.6455   -6.2987    5.3529   26.3777    4.3058  -32.5481
eta,q 0.97274 21.98934

---------------------------------------------------------------------
imgreg_4dfp /opt/freesurfer/average/711-2C_as_mni_average_305 /opt/freesurfer/average/711-2B_as_mni_average_305_mask talsrcimg_g11 none talsrcimg_to_711-2C_as_mni_average_305_t4 2311
---------------------------------------------------------------------

freesurfer imgreg_4dfp.c
/opt/freesurfer/average/711-2C_as_mni_average_305.4dfp.img
       256       256       256         1
  1.000000  1.000000  1.000000
orientation T byte_order littleendian
Reading image: /opt/freesurfer/average/711-2C_as_mni_average_305.4dfp.img
dimensions:      256       256       256
mmppix:       1.0000   -1.0000   -1.0000
center:     128.0000 -129.0000 -129.0000
/opt/freesurfer/average/711-2B_as_mni_average_305_mask.4dfp.img
       256       256       256         1
  1.000000  1.000000  1.000000
orientation T byte_order littleendian
Reading mask: /opt/freesurfer/average/711-2B_as_mni_average_305_mask.4dfp.img (2306576 pixels)
talsrcimg_g11.4dfp.img
       320       320       320         1
  0.700000  0.700000  0.700000
orientation T byte_order littleendian
Reading image: talsrcimg_g11.4dfp.img
dimensions:      320       320       320
mmppix:       0.7000   -0.7000   -0.7000
center:     112.0000 -112.7000 -112.7000
fimgreg.f
image alignment mode   2311 decimal      907 hex
parameters
   -0.9833   32.7472   -3.7763   -7.7989  -14.0179   -3.7356
   -0.6455   -6.2987    5.3529   26.3777    4.3058  -32.5481
eta,q 0.97274 21.98934
niter,ni,del,rscale     5    3    5.0000    0.8000
parameters
   -1.0187   32.7597   -3.8003   -8.5189  -13.9304   -4.4842
   -0.7341   -6.3067    5.4894   26.3758    4.5396  -32.8340
eta,q 0.97241 21.97080
  0.0293  0.0286  0.0284  0.0296  0.0285  0.0295  0.0290  0.0303  0.0288  0.0291  0.0283  0.0281
  0.0282  0.0278  0.0277  0.0286  0.0279  0.0287  0.0282  0.0287  0.0281  0.0283  0.0279  0.0278
  0.0275  0.0274  0.0274  0.0277  0.0276  0.0279  0.0278  0.0279  0.0277  0.0278  0.0277  0.0276
  0.0273  0.0273  0.0273  0.0273  0.0274  0.0274  0.0276  0.0276  0.0276  0.0276  0.0276  0.0276
  0.0275  0.0274  0.0274  0.0276  0.0275  0.0277  0.0277  0.0278  0.0277  0.0277  0.0276  0.0277
  0.0283  0.0279  0.0278  0.0293  0.0278  0.0294  0.0283  0.0287  0.0280  0.0282  0.0278  0.0279
  0.0296  0.0285  0.0284  0.0328  0.0284  0.0328  0.0292  0.0304  0.0287  0.0293  0.0282  0.0283
niter,ni,del,rscale     4    3    5.0000    0.7000
parameters
   -0.9832   32.8778   -3.7108   -8.2934  -13.9718   -4.4349
   -0.7542   -6.2950    5.4575   26.4079    4.4596  -32.8700
eta,q 0.97248 21.96514
  0.0291  0.0287  0.0283  0.0298  0.0283  0.0294  0.0287  0.0296  0.0284  0.0287  0.0280  0.0280
  0.0283  0.0281  0.0280  0.0289  0.0279  0.0287  0.0281  0.0284  0.0279  0.0281  0.0277  0.0277
  0.0278  0.0277  0.0277  0.0281  0.0276  0.0281  0.0277  0.0277  0.0276  0.0277  0.0276  0.0276
  0.0276  0.0276  0.0276  0.0276  0.0275  0.0275  0.0275  0.0275  0.0275  0.0275  0.0275  0.0275
  0.0277  0.0277  0.0276  0.0275  0.0276  0.0273  0.0276  0.0277  0.0276  0.0276  0.0276  0.0276
  0.0282  0.0279  0.0278  0.0281  0.0279  0.0280  0.0280  0.0284  0.0279  0.0280  0.0278  0.0277
  0.0290  0.0283  0.0282  0.0299  0.0284  0.0300  0.0287  0.0296  0.0284  0.0287  0.0281  0.0280
niter,ni,del,rscale     3    3    5.0000    0.6000
parameters
   -0.9872   32.8421   -3.7218   -8.0863  -14.0002   -4.1816
   -0.7148   -6.2824    5.4309   26.4463    4.3876  -32.7785
eta,q 0.97260 21.97578
  0.0286  0.0282  0.0280  0.0293  0.0281  0.0290  0.0283  0.0290  0.0281  0.0284  0.0278  0.0278
  0.0280  0.0278  0.0277  0.0286  0.0277  0.0285  0.0278  0.0281  0.0277  0.0278  0.0276  0.0276
  0.0277  0.0276  0.0276  0.0279  0.0275  0.0279  0.0275  0.0276  0.0275  0.0275  0.0274  0.0275
  0.0275  0.0275  0.0275  0.0275  0.0275  0.0275  0.0274  0.0274  0.0274  0.0274  0.0274  0.0274
  0.0276  0.0276  0.0276  0.0274  0.0275  0.0273  0.0275  0.0275  0.0275  0.0275  0.0274  0.0274
  0.0280  0.0279  0.0277  0.0280  0.0277  0.0277  0.0278  0.0281  0.0277  0.0278  0.0276  0.0276
  0.0287  0.0282  0.0280  0.0292  0.0281  0.0290  0.0283  0.0290  0.0281  0.0284  0.0278  0.0278
niter,ni,del,rscale     2    3    5.0000    0.5000
parameters
   -0.9825   32.7755   -3.7730   -7.9229  -13.9809   -3.9407
   -0.6824   -6.2987    5.3941   26.4538    4.3346  -32.6843
eta,q 0.97269 21.98973
  0.0282  0.0278  0.0277  0.0287  0.0278  0.0286  0.0280  0.0285  0.0278  0.0280  0.0276  0.0276
  0.0278  0.0276  0.0275  0.0282  0.0276  0.0281  0.0276  0.0278  0.0275  0.0276  0.0274  0.0274
  0.0275  0.0274  0.0274  0.0277  0.0274  0.0277  0.0274  0.0274  0.0274  0.0274  0.0273  0.0273
  0.0274  0.0274  0.0274  0.0274  0.0274  0.0274  0.0273  0.0273  0.0273  0.0273  0.0273  0.0273
  0.0275  0.0275  0.0274  0.0274  0.0274  0.0272  0.0274  0.0274  0.0274  0.0274  0.0273  0.0273
  0.0277  0.0277  0.0276  0.0278  0.0276  0.0276  0.0276  0.0278  0.0275  0.0276  0.0275  0.0274
  0.0282  0.0279  0.0278  0.0287  0.0278  0.0285  0.0280  0.0285  0.0278  0.0280  0.0276  0.0276
niter,ni,del,rscale     1    3    5.0000    0.4000
parameters
   -0.9759   32.7283   -3.8140   -7.8118  -13.9533   -3.7380
   -0.6573   -6.3084    5.3450   26.4240    4.3063  -32.5656
eta,q 0.97275 21.99662
  0.0279  0.0276  0.0275  0.0282  0.0276  0.0282  0.0277  0.0280  0.0276  0.0277  0.0274  0.0275
  0.0276  0.0274  0.0274  0.0278  0.0274  0.0278  0.0275  0.0276  0.0274  0.0275  0.0273  0.0273
  0.0274  0.0273  0.0273  0.0275  0.0273  0.0275  0.0273  0.0273  0.0273  0.0273  0.0273  0.0273
  0.0273  0.0273  0.0273  0.0273  0.0273  0.0273  0.0272  0.0272  0.0272  0.0273  0.0272  0.0272
  0.0274  0.0274  0.0273  0.0273  0.0273  0.0272  0.0273  0.0273  0.0273  0.0273  0.0273  0.0273
  0.0275  0.0275  0.0274  0.0276  0.0274  0.0275  0.0274  0.0276  0.0274  0.0275  0.0274  0.0273
  0.0279  0.0277  0.0276  0.0282  0.0276  0.0281  0.0277  0.0281  0.0276  0.0278  0.0274  0.0274
registration optimization eta report
parameter search radius
    0.8000    0.8000    0.8000    2.4000    2.4000    2.4000
    2.4000    2.4000    2.4000    2.4000    2.4000    2.4000
100000*second partial in parameter space
       85.       51.       38.       16.        5.       15.
        7.       14.        5.        9.        3.        3.
  0.0279  0.0276  0.0275  0.0282  0.0276  0.0282  0.0277  0.0280  0.0276  0.0277  0.0274  0.0275
  0.0276  0.0274  0.0274  0.0278  0.0274  0.0278  0.0275  0.0276  0.0274  0.0275  0.0273  0.0273
  0.0274  0.0273  0.0273  0.0275  0.0273  0.0275  0.0273  0.0273  0.0273  0.0273  0.0273  0.0273
  0.0273  0.0273  0.0273  0.0273  0.0273  0.0273  0.0272  0.0272  0.0272  0.0273  0.0272  0.0272
  0.0274  0.0274  0.0273  0.0273  0.0273  0.0272  0.0273  0.0273  0.0273  0.0273  0.0273  0.0273
  0.0275  0.0275  0.0274  0.0276  0.0274  0.0275  0.0274  0.0276  0.0274  0.0275  0.0274  0.0273
  0.0279  0.0277  0.0276  0.0282  0.0276  0.0281  0.0277  0.0281  0.0276  0.0278  0.0274  0.0274
   -0.9759   32.7283   -3.8140   -7.8118  -13.9533   -3.7380
   -0.6573   -6.3084    5.3450   26.4240    4.3063  -32.5656
eta,q 0.97275 21.99662

---------------------------------------------------------------------
compute_vox2vox talsrcimg talsrcimg_to_711-2C_as_mni_average_305_t4 /opt/freesurfer/average/711-2C_as_mni_average_305
---------------------------------------------------------------------

freesurfer compute_vox2vox.c
Reading: talsrcimg.4dfp.ifh
Reading: talsrcimg_to_711-2C_as_mni_average_305_t4
Reading: /opt/freesurfer/average/711-2C_as_mni_average_305.4dfp.ifh
Writing: talsrcimg_to_711-2C_as_mni_average_305_t4_vox2vox.txt

start time Fri Mar 13 07:21:50 CET 2026
end		time Fri Mar 13 07:23:18 CET 2026

mpr2mni305 success

avi2talxfm orig_nu.mgz /opt/freesurfer/average/mni305.cor.mgz talsrcimg_to_711-2C_as_mni_average_305_t4_vox2vox.txt transforms/talairach.auto.xfm
avi2talxfm done
mv -f /out/sourcedata/freesurfer/sub-v2s5x29550_ses-1/mri/talsrcimg_to_711-2C_as_mni_average_305_t4_vox2vox.txt /out/sourcedata/freesurfer/sub-v2s5x29550_ses-1/mri/transforms/talsrcimg_to_711-2C_as_mni_average_305_t4_vox2vox.txt
lta_convert --src orig_nu.mgz --trg /opt/freesurfer/average/mni305.cor.mgz --inxfm transforms/talairach.auto.xfm --outlta transforms/talairach.auto.xfm.lta --subject fsaverage
7.3.2

--src: orig_nu.mgz src image (geometry).
--trg: /opt/freesurfer/average/mni305.cor.mgz trg image (geometry).
--inmni: transforms/talairach.auto.xfm input MNI/XFM transform.
--outlta: transforms/talairach.auto.xfm.lta output LTA.
--s: fsaverage subject name
 LTA read, type : 1
 1.08000   0.06206   0.03174   0.35805;
-0.06433   0.93737   0.35427  -27.16920;
-0.04733  -0.29171   1.05140   3.83663;
 0.00000   0.00000   0.00000   1.00000;
setting subject to fsaverage
Writing  LTA to file transforms/talairach.auto.xfm.lta...
lta_convert successful.
 
 
Started at Fri Mar 13 07:21:50 CET 2026
Ended   at Fri Mar 13 07:23:18 CET 2026
talairach_avi done
