/out/sourcedata/freesurfer/sub-v2s5x29551_ses-1/mri
/opt/freesurfer/bin/talairach_avi
--i orig_nu.mgz --xfm transforms/talairach.auto.xfm
talairach_avi 7.3.2
Linux dna069 5.14.0-427.37.1.el9_4.x86_64 #1 SMP PREEMPT_DYNAMIC Fri Sep 13 12:41:50 EDT 2024 x86_64 x86_64 x86_64 GNU/Linux
Fri Mar 13 07:21:40 CET 2026
mri_convert orig_nu.mgz talsrcimg.img 
reading from orig_nu.mgz...
TR=0.00, TE=0.00, TI=0.00, flip angle=0.00
i_ras = (-1, 0, 0)
j_ras = (0, 0, -1)
k_ras = (0, 1, 0)
writing to talsrcimg.img...
Analyze Output Matrix
-0.70000   0.00000   0.00000   112.32549;
 0.00000   0.00000   0.70000  -90.23599;
 0.00000  -0.70000   0.00000   72.67030;
 0.00000   0.00000   0.00000   1.00000;
--------------------
INFO: set hdr.hist.orient to -1
mpr2mni305 talsrcimg
Fri Mar 13 07:21:40 CET 2026
/opt/freesurfer/bin/mpr2mni305 talsrcimg
mpr2mni305 7.3.2
target=711-2C_as_mni_average_305

---------------------------------------------------------------------
analyzeto4dfp talsrcimg -O0 -y
---------------------------------------------------------------------

freesurfer ifh2hdr.c
Fri Mar 13 07:21:40 2026
Writing: talsrcimg.4dfp.hdr
freesurfer analyzeto4dfp.c
Reading: talsrcimg.hdr
header size 348 bytes
hdr.dime.datatype	offset=70	value=2
hdr.dime.bitpix		offset=72	value=8
hdr.hist.orient		offset=252	value=-1
dimensionality     4
dimensions       320       320       320         1
Reading: talsrcimg.img
Writing: talsrcimg.4dfp.img
Writing: talsrcimg.4dfp.ifh
ifh2hdr talsrcimg -r0to220
ori=2

---------------------------------------------------------------------
gauss_4dfp talsrcimg 1.1
---------------------------------------------------------------------

freesurfer gauss_4dfp.c
Reading: talsrcimg.4dfp.img
Writing: talsrcimg_g11.4dfp.img
image dimensions 320 320 320 padded to 384 384 384
processing volume 1freesurfer ifh2hdr.c
Fri Mar 13 07:21:48 2026
Writing: talsrcimg_g11.4dfp.hdr

Writing: talsrcimg_g11.4dfp.ifh
including: talsrcimg.4dfp.img.rec in talsrcimg_g11.4dfp.img.rec

---------------------------------------------------------------------
imgreg_4dfp /opt/freesurfer/average/711-2C_as_mni_average_305 none talsrcimg_g11 none talsrcimg_to_711-2C_as_mni_average_305_t4 4355
---------------------------------------------------------------------

freesurfer imgreg_4dfp.c
/opt/freesurfer/average/711-2C_as_mni_average_305.4dfp.img
       256       256       256         1
  1.000000  1.000000  1.000000
orientation T byte_order littleendian
Reading image: /opt/freesurfer/average/711-2C_as_mni_average_305.4dfp.img
dimensions:      256       256       256
mmppix:       1.0000   -1.0000   -1.0000
center:     128.0000 -129.0000 -129.0000
talsrcimg_g11.4dfp.img
       320       320       320         1
  0.700000  0.700000  0.700000
orientation T byte_order littleendian
Reading image: talsrcimg_g11.4dfp.img
dimensions:      320       320       320
mmppix:       0.7000   -0.7000   -0.7000
center:     112.0000 -112.7000 -112.7000
t4_read: open error in t4_sub.f l:  41 t4_file(1:l)talsrcimg_to_711-2C_as_mni_average_305_t4 
t4_read: transform initialized to I4
rotation matrix determinant  1.000000
image alignment mode   4355 decimal     1103 hex
   -7.5000  -45.0000  -45.0000 4305.9941   24.5535
    0.0000  -45.0000  -45.0000 4512.5986   24.5342
    7.5000  -45.0000  -45.0000 4317.4297   24.5278
   -7.5000  -37.5000  -45.0000 4686.6597   24.7972
    0.0000  -37.5000  -45.0000 4941.4746   24.7801
    7.5000  -37.5000  -45.0000 4695.6777   24.7579
   -7.5000  -30.0000  -45.0000 5098.0967   24.5387
    0.0000  -30.0000  -45.0000 5397.2080   24.5237
    7.5000  -30.0000  -45.0000 5114.7046   24.5056
   -7.5000  -22.5000  -45.0000 5414.5835   23.8244
    0.0000  -22.5000  -45.0000 5722.9292   23.8077
    7.5000  -22.5000  -45.0000 5437.1323   23.8051
   -7.5000  -15.0000  -45.0000 5953.7695   23.2761
    0.0000  -15.0000  -45.0000 6293.5679   23.2531
    7.5000  -15.0000  -45.0000 5983.1484   23.2612
   -7.5000   -7.5000  -45.0000 6518.4912   23.0741
    0.0000   -7.5000  -45.0000 6910.9956   23.0477
    7.5000   -7.5000  -45.0000 6555.6011   23.0522
   -7.5000    0.0000  -45.0000 7057.7466   23.0241
    0.0000    0.0000  -45.0000 7501.0679   23.0018
    7.5000    0.0000  -45.0000 7090.8994   22.9912
   -7.5000    7.5000  -45.0000 6986.4458   23.0346
    0.0000    7.5000  -45.0000 7408.1499   23.0199
    7.5000    7.5000  -45.0000 7005.6011   23.0005
   -7.5000   15.0000  -45.0000 6856.3115   22.7450
    0.0000   15.0000  -45.0000 7263.5249   22.7336
    7.5000   15.0000  -45.0000 6867.7598   22.7192
   -7.5000   22.5000  -45.0000 6716.8716   22.1555
    0.0000   22.5000  -45.0000 7114.8501   22.1408
    7.5000   22.5000  -45.0000 6721.8359   22.1387
   -7.5000   30.0000  -45.0000 6725.0854   22.1330
    0.0000   30.0000  -45.0000 7143.4492   22.1112
    7.5000   30.0000  -45.0000 6729.2173   22.1186
   -7.5000   37.5000  -45.0000 6433.1982   21.4010
    0.0000   37.5000  -45.0000 6868.6685   21.3763
    7.5000   37.5000  -45.0000 6423.5425   21.3804
   -7.5000   45.0000  -45.0000 6080.1895   20.6097
    0.0000   45.0000  -45.0000 6510.6743   20.5897
    7.5000   45.0000  -45.0000 6068.5479   20.5803
   -7.5000  -45.0000  -37.5000 4499.8550   25.6138
    0.0000  -45.0000  -37.5000 4741.1587   25.5893
    7.5000  -45.0000  -37.5000 4521.3853   25.5877
   -7.5000  -37.5000  -37.5000 4918.3262   25.8422
    0.0000  -37.5000  -37.5000 5194.8594   25.8110
    7.5000  -37.5000  -37.5000 4924.4824   25.7834
   -7.5000  -30.0000  -37.5000 5403.8643   25.5470
    0.0000  -30.0000  -37.5000 5718.4585   25.5177
    7.5000  -30.0000  -37.5000 5419.0610   25.4881
   -7.5000  -22.5000  -37.5000 5752.5347   24.7978
    0.0000  -22.5000  -37.5000 6088.3276   24.7739
    7.5000  -22.5000  -37.5000 5785.1816   24.7614
   -7.5000  -15.0000  -37.5000 6327.1670   24.2184
    0.0000  -15.0000  -37.5000 6700.7651   24.1960
    7.5000  -15.0000  -37.5000 6365.7842   24.2016
   -7.5000   -7.5000  -37.5000 6939.5654   24.0057
    0.0000   -7.5000  -37.5000 7349.5190   23.9819
    7.5000   -7.5000  -37.5000 6978.8062   23.9916
   -7.5000    0.0000  -37.5000 7512.1050   23.9623
    0.0000    0.0000  -37.5000 7949.9927   23.9364
    7.5000    0.0000  -37.5000 7539.3286   23.9291
   -7.5000    7.5000  -37.5000 7447.8149   23.9867
    0.0000    7.5000  -37.5000 7850.6597   23.9606
    7.5000    7.5000  -37.5000 7454.9873   23.9364
   -7.5000   15.0000  -37.5000 7314.6665   23.6907
    0.0000   15.0000  -37.5000 7717.1411   23.6669
    7.5000   15.0000  -37.5000 7320.6992   23.6433
   -7.5000   22.5000  -37.5000 7159.9951   23.0803
    0.0000   22.5000  -37.5000 7571.4697   23.0591
    7.5000   22.5000  -37.5000 7160.6001   23.0486
   -7.5000   30.0000  -37.5000 7150.1074   23.0435
    0.0000   30.0000  -37.5000 7576.9243   23.0222
    7.5000   30.0000  -37.5000 7153.7080   23.0274
   -7.5000   37.5000  -37.5000 6830.2290   22.2811
    0.0000   37.5000  -37.5000 7272.7837   22.2587
    7.5000   37.5000  -37.5000 6831.5278   22.2676
   -7.5000   45.0000  -37.5000 6471.4941   21.4496
    0.0000   45.0000  -37.5000 6912.4434   21.4264
    7.5000   45.0000  -37.5000 6471.6445   21.4199
   -7.5000  -45.0000  -30.0000 4671.8125   26.5604
    0.0000  -45.0000  -30.0000 4941.8145   26.5270
    7.5000  -45.0000  -30.0000 4694.0996   26.5218
   -7.5000  -37.5000  -30.0000 5143.0557   26.7977
    0.0000  -37.5000  -30.0000 5446.3086   26.7642
    7.5000  -37.5000  -30.0000 5162.0981   26.7419
   -7.5000  -30.0000  -30.0000 5701.2363   26.4704
    0.0000  -30.0000  -30.0000 6046.1392   26.4381
    7.5000  -30.0000  -30.0000 5730.2280   26.4123
   -7.5000  -22.5000  -30.0000 6088.1533   25.7146
    0.0000  -22.5000  -30.0000 6461.6328   25.6815
    7.5000  -22.5000  -30.0000 6128.5210   25.6648
   -7.5000  -15.0000  -30.0000 6712.8125   25.1283
    0.0000  -15.0000  -30.0000 7118.8271   25.0932
    7.5000  -15.0000  -30.0000 6762.3916   25.0893
   -7.5000   -7.5000  -30.0000 7372.8389   24.9046
    0.0000   -7.5000  -30.0000 7792.3223   24.8709
    7.5000   -7.5000  -30.0000 7411.3423   24.8729
   -7.5000    0.0000  -30.0000 7983.0430   24.8456
    0.0000    0.0000  -30.0000 8416.6670   24.8153
    7.5000    0.0000  -30.0000 8004.9482   24.8068
   -7.5000    7.5000  -30.0000 7903.8115   24.8598
    0.0000    7.5000  -30.0000 8312.3096   24.8327
    7.5000    7.5000  -30.0000 7913.5005   24.8128
   -7.5000   15.0000  -30.0000 7753.1548   24.5619
    0.0000   15.0000  -30.0000 8176.7212   24.5351
    7.5000   15.0000  -30.0000 7760.4712   24.5148
   -7.5000   22.5000  -30.0000 7581.6421   23.9584
    0.0000   22.5000  -30.0000 8028.5674   23.9287
    7.5000   22.5000  -30.0000 7591.9956   23.9144
   -7.5000   30.0000  -30.0000 7578.5356   23.9297
    0.0000   30.0000  -30.0000 8046.5703   23.8965
    7.5000   30.0000  -30.0000 7592.5190   23.8928
   -7.5000   37.5000  -30.0000 7247.6577   23.1512
    0.0000   37.5000  -30.0000 7717.0894   23.1198
    7.5000   37.5000  -30.0000 7257.0801   23.1216
   -7.5000   45.0000  -30.0000 6853.9326   22.2756
    0.0000   45.0000  -30.0000 7321.5889   22.2485
    7.5000   45.0000  -30.0000 6868.0386   22.2408
   -7.5000  -45.0000  -22.5000 4734.6987   26.4233
    0.0000  -45.0000  -22.5000 5018.2539   26.3858
    7.5000  -45.0000  -22.5000 4746.7256   26.3634
   -7.5000  -37.5000  -22.5000 5237.7036   26.6460
    0.0000  -37.5000  -22.5000 5556.8379   26.6210
    7.5000  -37.5000  -22.5000 5261.5625   26.5978
   -7.5000  -30.0000  -22.5000 5836.4229   26.3315
    0.0000  -30.0000  -22.5000 6185.9761   26.3056
    7.5000  -30.0000  -22.5000 5861.0708   26.2827
   -7.5000  -22.5000  -22.5000 6265.9043   25.6061
    0.0000  -22.5000  -22.5000 6634.0249   25.5661
    7.5000  -22.5000  -22.5000 6292.6304   25.5442
   -7.5000  -15.0000  -22.5000 6922.4302   25.0382
    0.0000  -15.0000  -22.5000 7328.9668   24.9873
    7.5000  -15.0000  -22.5000 6965.5400   24.9680
   -7.5000   -7.5000  -22.5000 7630.8203   24.8109
    0.0000   -7.5000  -22.5000 8064.7871   24.7643
    7.5000   -7.5000  -22.5000 7670.4756   24.7472
   -7.5000    0.0000  -22.5000 8267.4395   24.7345
    0.0000    0.0000  -22.5000 8734.9580   24.7029
    7.5000    0.0000  -22.5000 8295.3662   24.6824
   -7.5000    7.5000  -22.5000 8145.8574   24.7349
    0.0000    7.5000  -22.5000 8583.9502   24.7156
    7.5000    7.5000  -22.5000 8155.1943   24.6955
   -7.5000   15.0000  -22.5000 7986.0464   24.4439
    0.0000   15.0000  -22.5000 8412.1104   24.4222
    7.5000   15.0000  -22.5000 7971.6128   24.4040
   -7.5000   22.5000  -22.5000 7815.3164   23.8609
    0.0000   22.5000  -22.5000 8265.2939   23.8245
    7.5000   22.5000  -22.5000 7803.9600   23.8050
   -7.5000   30.0000  -22.5000 7827.4111   23.8446
    0.0000   30.0000  -22.5000 8311.1426   23.7964
    7.5000   30.0000  -22.5000 7830.0488   23.7781
   -7.5000   37.5000  -22.5000 7501.9712   23.0646
    0.0000   37.5000  -22.5000 7981.3711   23.0212
    7.5000   37.5000  -22.5000 7509.6387   23.0053
   -7.5000   45.0000  -22.5000 7080.9312   22.1760
    0.0000   45.0000  -22.5000 7553.5557   22.1476
    7.5000   45.0000  -22.5000 7103.9448   22.1293
   -7.5000  -45.0000  -15.0000 4944.8501   27.3862
    0.0000  -45.0000  -15.0000 5247.6250   27.3535
    7.5000  -45.0000  -15.0000 4964.6523   27.3214
   -7.5000  -37.5000  -15.0000 5457.5771   27.6391
    0.0000  -37.5000  -15.0000 5796.9482   27.6244
    7.5000  -37.5000  -15.0000 5487.8955   27.5986
   -7.5000  -30.0000  -15.0000 6087.5229   27.2815
    0.0000  -30.0000  -15.0000 6450.3115   27.2651
    7.5000  -30.0000  -15.0000 6119.7241   27.2450
   -7.5000  -22.5000  -15.0000 6564.5942   26.5415
    0.0000  -22.5000  -15.0000 6935.6035   26.5048
    7.5000  -22.5000  -15.0000 6581.7778   26.4856
   -7.5000  -15.0000  -15.0000 7316.7920   25.9644
    0.0000  -15.0000  -15.0000 7738.6011   25.9107
    7.5000  -15.0000  -15.0000 7335.6152   25.8891
   -7.5000   -7.5000  -15.0000 8108.5234   25.7306
    0.0000   -7.5000  -15.0000 8579.1543   25.6807
    7.5000   -7.5000  -15.0000 8142.0977   25.6550
   -7.5000    0.0000  -15.0000 8846.0176   25.6448
    0.0000    0.0000  -15.0000 9368.6299   25.6155
    7.5000    0.0000  -15.0000 8885.5430   25.5875
   -7.5000    7.5000  -15.0000 8709.5967   25.6341
    0.0000    7.5000  -15.0000 9165.4072   25.6231
    7.5000    7.5000  -15.0000 8712.1543   25.6013
   -7.5000   15.0000  -15.0000 8504.2295   25.3366
    0.0000   15.0000  -15.0000 8906.8066   25.3230
    7.5000   15.0000  -15.0000 8484.2139   25.3069
   -7.5000   22.5000  -15.0000 8322.4336   24.7550
    0.0000   22.5000  -15.0000 8727.1592   24.7213
    7.5000   22.5000  -15.0000 8293.4023   24.7038
   -7.5000   30.0000  -15.0000 8344.4482   24.7452
    0.0000   30.0000  -15.0000 8798.8252   24.6943
    7.5000   30.0000  -15.0000 8335.5342   24.6738
   -7.5000   37.5000  -15.0000 7985.0269   23.9562
    0.0000   37.5000  -15.0000 8444.8311   23.9095
    7.5000   37.5000  -15.0000 8000.7124   23.8856
   -7.5000   45.0000  -15.0000 7533.4189   23.0478
    0.0000   45.0000  -15.0000 7978.9844   23.0214
    7.5000   45.0000  -15.0000 7564.6572   22.9963
   -7.5000  -45.0000   -7.5000 5116.7783   28.2904
    0.0000  -45.0000   -7.5000 5432.7266   28.2673
    7.5000  -45.0000   -7.5000 5126.6421   28.2422
   -7.5000  -37.5000   -7.5000 5663.8037   28.5739
    0.0000  -37.5000   -7.5000 6002.2671   28.5628
    7.5000  -37.5000   -7.5000 5683.8569   28.5358
   -7.5000  -30.0000   -7.5000 6312.4297   28.1708
    0.0000  -30.0000   -7.5000 6679.9175   28.1603
    7.5000  -30.0000   -7.5000 6343.9941   28.1415
   -7.5000  -22.5000   -7.5000 6796.9810   27.3940
    0.0000  -22.5000   -7.5000 7177.6460   27.3703
    7.5000  -22.5000   -7.5000 6813.4971   27.3609
   -7.5000  -15.0000   -7.5000 7592.2324   26.7937
    0.0000  -15.0000   -7.5000 8030.4800   26.7557
    7.5000  -15.0000   -7.5000 7602.9805   26.7485
   -7.5000   -7.5000   -7.5000 8444.8828   26.5604
    0.0000   -7.5000   -7.5000 8987.8994   26.5212
    7.5000   -7.5000   -7.5000 8473.3516   26.5062
   -7.5000    0.0000   -7.5000 9302.4043   26.4855
    0.0000    0.0000   -7.5000 9968.2568   26.4606
    7.5000    0.0000   -7.5000 9350.6992   26.4360
   -7.5000    7.5000   -7.5000 9268.9141   26.4783
    0.0000    7.5000   -7.5000 9857.8447   26.4692
    7.5000    7.5000   -7.5000 9277.1445   26.4461
   -7.5000   15.0000   -7.5000 9029.3164   26.1691
    0.0000   15.0000   -7.5000 9458.3379   26.1610
    7.5000   15.0000   -7.5000 9004.7930   26.1458
   -7.5000   22.5000   -7.5000 8822.7480   25.5713
    0.0000   22.5000   -7.5000 9167.6504   25.5495
    7.5000   22.5000   -7.5000 8768.8564   25.5409
   -7.5000   30.0000   -7.5000 8881.5146   25.5550
    0.0000   30.0000   -7.5000 9279.7500   25.5187
    7.5000   30.0000   -7.5000 8849.6406   25.5117
   -7.5000   37.5000   -7.5000 8504.1973   24.7661
    0.0000   37.5000   -7.5000 8978.0166   24.7294
    7.5000   37.5000   -7.5000 8488.8535   24.7153
   -7.5000   45.0000   -7.5000 8050.4277   23.8613
    0.0000   45.0000   -7.5000 8590.7939   23.8389
    7.5000   45.0000   -7.5000 8038.5361   23.8167
   -7.5000  -45.0000    0.0000 5221.9160   29.0384
    0.0000  -45.0000    0.0000 5548.3745   29.0187
    7.5000  -45.0000    0.0000 5242.0435   29.0082
   -7.5000  -37.5000    0.0000 5786.5479   29.3435
    0.0000  -37.5000    0.0000 6156.3159   29.3234
    7.5000  -37.5000    0.0000 5808.6167   29.2930
   -7.5000  -30.0000    0.0000 6468.3623   28.9081
    0.0000  -30.0000    0.0000 6865.7021   28.8911
    7.5000  -30.0000    0.0000 6486.3130   28.8658
   -7.5000  -22.5000    0.0000 6986.6675   28.0852
    0.0000  -22.5000    0.0000 7407.7017   28.0685
    7.5000  -22.5000    0.0000 7002.8936   28.0627
   -7.5000  -15.0000    0.0000 7807.7622   27.4503
    0.0000  -15.0000    0.0000 8285.9482   27.4285
    7.5000  -15.0000    0.0000 7838.3848   27.4366
   -7.5000   -7.5000    0.0000 8680.9521   27.2151
    0.0000   -7.5000    0.0000 9216.6885   27.1887
    7.5000   -7.5000    0.0000 8720.1084   27.1925
   -7.5000    0.0000    0.0000 9584.9678   27.1605
    0.0000    0.0000    0.000010321.7832   27.1362
    7.5000    0.0000    0.0000 9647.4395   27.1211
   -7.5000    7.5000    0.0000 9708.9189   27.1702
    0.0000    7.5000    0.000010556.1631   27.1529
    7.5000    7.5000    0.0000 9799.4785   27.1264
   -7.5000   15.0000    0.0000 9626.4717   26.8534
    0.0000   15.0000    0.000010381.4219   26.8403
    7.5000   15.0000    0.0000 9704.7754   26.8198
   -7.5000   22.5000    0.0000 9472.5078   26.2313
    0.0000   22.5000    0.000010115.9600   26.2165
    7.5000   22.5000    0.0000 9479.8721   26.2115
   -7.5000   30.0000    0.0000 9487.3926   26.1971
    0.0000   30.0000    0.000010186.2754   26.1762
    7.5000   30.0000    0.0000 9463.9453   26.1837
   -7.5000   37.5000    0.0000 9092.5352   25.4066
    0.0000   37.5000    0.0000 9817.2383   25.3817
    7.5000   37.5000    0.0000 9032.0869   25.3851
   -7.5000   45.0000    0.0000 8589.1797   24.5165
    0.0000   45.0000    0.0000 9307.4492   24.4946
    7.5000   45.0000    0.0000 8523.7119   24.4809
   -7.5000  -45.0000    7.5000 4985.9116   29.5776
    0.0000  -45.0000    7.5000 5301.8237   29.5488
    7.5000  -45.0000    7.5000 5000.7920   29.5464
   -7.5000  -37.5000    7.5000 5548.7915   29.8692
    0.0000  -37.5000    7.5000 5882.7031   29.8332
    7.5000  -37.5000    7.5000 5562.5996   29.8012
   -7.5000  -30.0000    7.5000 6190.5562   29.4177
    0.0000  -30.0000    7.5000 6538.7339   29.3851
    7.5000  -30.0000    7.5000 6212.5098   29.3517
   -7.5000  -22.5000    7.5000 6653.6978   28.5604
    0.0000  -22.5000    7.5000 7055.3511   28.5347
    7.5000  -22.5000    7.5000 6712.3477   28.5210
   -7.5000  -15.0000    7.5000 7408.3657   27.8935
    0.0000  -15.0000    7.5000 7890.7134   27.8693
    7.5000  -15.0000    7.5000 7493.4751   27.8761
   -7.5000   -7.5000    7.5000 8221.9248   27.6479
    0.0000   -7.5000    7.5000 8754.8848   27.6208
    7.5000   -7.5000    7.5000 8295.1377   27.6317
   -7.5000    0.0000    7.5000 9091.0479   27.5990
    0.0000    0.0000    7.5000 9790.9639   27.5687
    7.5000    0.0000    7.5000 9159.0107   27.5596
   -7.5000    7.5000    7.5000 9281.8486   27.6210
    0.0000    7.5000    7.500010233.6084   27.5908
    7.5000    7.5000    7.5000 9365.2803   27.5626
   -7.5000   15.0000    7.5000 9287.7500   27.3020
    0.0000   15.0000    7.500010264.2051   27.2755
    7.5000   15.0000    7.5000 9349.8164   27.2486
   -7.5000   22.5000    7.5000 9127.8516   26.6614
    0.0000   22.5000    7.5000 9993.1396   26.6386
    7.5000   22.5000    7.5000 9140.4648   26.6271
   -7.5000   30.0000    7.5000 9112.9951   26.6166
    0.0000   30.0000    7.5000 9932.5586   26.5935
    7.5000   30.0000    7.5000 9077.6533   26.5999
   -7.5000   37.5000    7.5000 8685.8613   25.8099
    0.0000   37.5000    7.5000 9444.0703   25.7844
    7.5000   37.5000    7.5000 8633.9014   25.7945
   -7.5000   45.0000    7.5000 8171.4536   24.9123
    0.0000   45.0000    7.5000 8849.0010   24.8849
    7.5000   45.0000    7.5000 8107.5684   24.8767
   -7.5000  -45.0000   15.0000 4759.9297   30.6717
    0.0000  -45.0000   15.0000 5028.8325   30.6290
    7.5000  -45.0000   15.0000 4777.2100   30.6173
   -7.5000  -37.5000   15.0000 5276.4097   30.8923
    0.0000  -37.5000   15.0000 5595.8179   30.8508
    7.5000  -37.5000   15.0000 5306.9697   30.8190
   -7.5000  -30.0000   15.0000 5878.7021   30.3940
    0.0000  -30.0000   15.0000 6265.6733   30.3546
    7.5000  -30.0000   15.0000 5937.5576   30.3196
   -7.5000  -22.5000   15.0000 6338.9336   29.4978
    0.0000  -22.5000   15.0000 6770.5317   29.4575
    7.5000  -22.5000   15.0000 6430.0112   29.4337
   -7.5000  -15.0000   15.0000 7087.4561   28.7985
    0.0000  -15.0000   15.0000 7564.0625   28.7550
    7.5000  -15.0000   15.0000 7185.8130   28.7466
   -7.5000   -7.5000   15.0000 7903.7759   28.5326
    0.0000   -7.5000   15.0000 8409.2158   28.4903
    7.5000   -7.5000   15.0000 7979.2271   28.4884
   -7.5000    0.0000   15.0000 8782.0381   28.4664
    0.0000    0.0000   15.0000 9413.7832   28.4284
    7.5000    0.0000   15.0000 8831.4697   28.4136
   -7.5000    7.5000   15.0000 8934.3799   28.4809
    0.0000    7.5000   15.0000 9642.8359   28.4473
    7.5000    7.5000   15.0000 8958.6807   28.4193
   -7.5000   15.0000   15.0000 8820.4346   28.1576
    0.0000   15.0000   15.0000 9318.1641   28.1249
    7.5000   15.0000   15.0000 8757.9023   28.0968
   -7.5000   22.5000   15.0000 8615.1270   27.5097
    0.0000   22.5000   15.0000 8989.1914   27.4734
    7.5000   22.5000   15.0000 8525.3564   27.4528
   -7.5000   30.0000   15.0000 8619.3799   27.4720
    0.0000   30.0000   15.0000 9020.2148   27.4308
    7.5000   30.0000   15.0000 8542.7227   27.4229
   -7.5000   37.5000   15.0000 8221.6982   26.6346
    0.0000   37.5000   15.0000 8688.7100   26.5950
    7.5000   37.5000   15.0000 8167.4736   26.5931
   -7.5000   45.0000   15.0000 7743.8076   25.6952
    0.0000   45.0000   15.0000 8229.0830   25.6609
    7.5000   45.0000   15.0000 7697.7314   25.6476
   -7.5000  -45.0000   22.5000 4500.7217   31.8408
    0.0000  -45.0000   22.5000 4777.9248   31.7956
    7.5000  -45.0000   22.5000 4526.5923   31.7686
   -7.5000  -37.5000   22.5000 4996.8828   32.0278
    0.0000  -37.5000   22.5000 5342.4194   32.0000
    7.5000  -37.5000   22.5000 5048.0464   31.9713
   -7.5000  -30.0000   22.5000 5592.5635   31.4686
    0.0000  -30.0000   22.5000 5981.0796   31.4395
    7.5000  -30.0000   22.5000 5657.5879   31.4089
   -7.5000  -22.5000   22.5000 6051.0903   30.5388
    0.0000  -22.5000   22.5000 6460.9043   30.4906
    7.5000  -22.5000   22.5000 6119.6270   30.4600
   -7.5000  -15.0000   22.5000 6776.6729   29.8110
    0.0000  -15.0000   22.5000 7212.0977   29.7480
    7.5000  -15.0000   22.5000 6816.4102   29.7219
   -7.5000   -7.5000   22.5000 7549.8643   29.5173
    0.0000   -7.5000   22.5000 7998.2046   29.4597
    7.5000   -7.5000   22.5000 7567.2300   29.4384
   -7.5000    0.0000   22.5000 8343.8350   29.4167
    0.0000    0.0000   22.5000 8927.2236   29.3791
    7.5000    0.0000   22.5000 8372.3857   29.3545
   -7.5000    7.5000   22.5000 8385.0352   29.4093
    0.0000    7.5000   22.5000 8895.7842   29.3884
    7.5000    7.5000   22.5000 8391.5664   29.3636
   -7.5000   15.0000   22.5000 8207.6152   29.0823
    0.0000   15.0000   22.5000 8546.0664   29.0582
    7.5000   15.0000   22.5000 8144.1782   29.0337
   -7.5000   22.5000   22.5000 8022.5840   28.4581
    0.0000   22.5000   22.5000 8316.7656   28.4142
    7.5000   22.5000   22.5000 7942.4307   28.3870
   -7.5000   30.0000   22.5000 8034.1528   28.4387
    0.0000   30.0000   22.5000 8377.1172   28.3789
    7.5000   30.0000   22.5000 7969.5713   28.3543
   -7.5000   37.5000   22.5000 7687.5649   27.5777
    0.0000   37.5000   22.5000 8061.5830   27.5238
    7.5000   37.5000   22.5000 7636.2617   27.5038
   -7.5000   45.0000   22.5000 7279.0000   26.5894
    0.0000   45.0000   22.5000 7663.2388   26.5555
    7.5000   45.0000   22.5000 7234.6187   26.5332
   -7.5000  -45.0000   30.0000 4433.9502   33.4621
    0.0000  -45.0000   30.0000 4694.6348   33.4105
    7.5000  -45.0000   30.0000 4448.5562   33.3688
   -7.5000  -37.5000   30.0000 4947.7217   33.6859
    0.0000  -37.5000   30.0000 5287.9946   33.6612
    7.5000  -37.5000   30.0000 4987.2896   33.6321
   -7.5000  -30.0000   30.0000 5561.9409   33.0704
    0.0000  -30.0000   30.0000 5928.2744   33.0438
    7.5000  -30.0000   30.0000 5590.9014   33.0220
   -7.5000  -22.5000   30.0000 6011.5298   32.0539
    0.0000  -22.5000   30.0000 6382.2036   31.9990
    7.5000  -22.5000   30.0000 6023.6318   31.9741
   -7.5000  -15.0000   30.0000 6692.9858   31.2670
    0.0000  -15.0000   30.0000 7083.1812   31.1878
    7.5000  -15.0000   30.0000 6685.5605   31.1567
   -7.5000   -7.5000   30.0000 7425.3257   30.9504
    0.0000   -7.5000   30.0000 7844.7266   30.8761
    7.5000   -7.5000   30.0000 7432.1846   30.8401
   -7.5000    0.0000   30.0000 8153.5146   30.8378
    0.0000    0.0000   30.0000 8699.3301   30.7928
    7.5000    0.0000   30.0000 8202.1484   30.7569
   -7.5000    7.5000   30.0000 8138.7554   30.8206
    0.0000    7.5000   30.0000 8543.0898   30.8021
    7.5000    7.5000   30.0000 8150.0371   30.7776
   -7.5000   15.0000   30.0000 7945.5527   30.4740
    0.0000   15.0000   30.0000 8229.7441   30.4521
    7.5000   15.0000   30.0000 7901.3413   30.4349
   -7.5000   22.5000   30.0000 7789.8633   29.8256
    0.0000   22.5000   30.0000 8078.5239   29.7754
    7.5000   22.5000   30.0000 7732.2798   29.7527
   -7.5000   30.0000   30.0000 7835.0796   29.8118
    0.0000   30.0000   30.0000 8140.4839   29.7366
    7.5000   30.0000   30.0000 7776.5254   29.7072
   -7.5000   37.5000   30.0000 7507.6636   28.9135
    0.0000   37.5000   30.0000 7835.3975   28.8439
    7.5000   37.5000   30.0000 7451.8384   28.8103
   -7.5000   45.0000   30.0000 7116.9448   27.8739
    0.0000   45.0000   30.0000 7458.6172   27.8333
    7.5000   45.0000   30.0000 7079.2896   27.8008
   -7.5000  -45.0000   37.5000 4157.2720   34.7960
    0.0000  -45.0000   37.5000 4380.6133   34.7519
    7.5000  -45.0000   37.5000 4171.4043   34.7249
   -7.5000  -37.5000   37.5000 4647.5093   35.0261
    0.0000  -37.5000   37.5000 4939.7349   34.9980
    7.5000  -37.5000   37.5000 4667.1958   34.9689
   -7.5000  -30.0000   37.5000 5225.4834   34.3771
    0.0000  -30.0000   37.5000 5541.2676   34.3467
    7.5000  -30.0000   37.5000 5235.3579   34.3245
   -7.5000  -22.5000   37.5000 5614.7739   33.2709
    0.0000  -22.5000   37.5000 5947.3452   33.2207
    7.5000  -22.5000   37.5000 5632.9980   33.2082
   -7.5000  -15.0000   37.5000 6231.0229   32.3853
    0.0000  -15.0000   37.5000 6583.2285   32.3170
    7.5000  -15.0000   37.5000 6257.7373   32.3073
   -7.5000   -7.5000   37.5000 6925.5542   32.0409
    0.0000   -7.5000   37.5000 7326.2344   31.9745
    7.5000   -7.5000   37.5000 6978.4629   31.9572
   -7.5000    0.0000   37.5000 7611.5186   31.9447
    0.0000    0.0000   37.5000 8096.3335   31.9005
    7.5000    0.0000   37.5000 7687.2393   31.8728
   -7.5000    7.5000   37.5000 7573.4741   31.9524
    0.0000    7.5000   37.5000 7909.7168   31.9294
    7.5000    7.5000   37.5000 7590.4434   31.9039
   -7.5000   15.0000   37.5000 7396.7319   31.5876
    0.0000   15.0000   37.5000 7673.6611   31.5630
    7.5000   15.0000   37.5000 7368.8340   31.5453
   -7.5000   22.5000   37.5000 7245.8794   30.8985
    0.0000   22.5000   37.5000 7535.0571   30.8530
    7.5000   22.5000   37.5000 7226.0850   30.8412
   -7.5000   30.0000   37.5000 7295.1802   30.8586
    0.0000   30.0000   37.5000 7589.0107   30.7938
    7.5000   30.0000   37.5000 7277.8647   30.7842
   -7.5000   37.5000   37.5000 7007.0166   29.9279
    0.0000   37.5000   37.5000 7310.2437   29.8657
    7.5000   37.5000   37.5000 6991.1865   29.8494
   -7.5000   45.0000   37.5000 6645.7715   28.8709
    0.0000   45.0000   37.5000 6970.5864   28.8309
    7.5000   45.0000   37.5000 6638.3770   28.8059
   -7.5000  -45.0000   45.0000 3880.2117   36.2162
    0.0000  -45.0000   45.0000 4083.3210   36.1993
    7.5000  -45.0000   45.0000 3895.7522   36.1689
   -7.5000  -37.5000   45.0000 4339.8823   36.4485
    0.0000  -37.5000   45.0000 4604.3662   36.4366
    7.5000  -37.5000   45.0000 4349.4570   36.3848
   -7.5000  -30.0000   45.0000 4870.2588   35.7243
    0.0000  -30.0000   45.0000 5165.2227   35.7085
    7.5000  -30.0000   45.0000 4880.3916   35.6542
   -7.5000  -22.5000   45.0000 5239.3945   34.5628
    0.0000  -22.5000   45.0000 5555.0181   34.5364
    7.5000  -22.5000   45.0000 5258.6255   34.5003
   -7.5000  -15.0000   45.0000 5821.3130   33.5690
    0.0000  -15.0000   45.0000 6171.8232   33.5326
    7.5000  -15.0000   45.0000 5861.0479   33.5155
   -7.5000   -7.5000   45.0000 6472.8872   33.1773
    0.0000   -7.5000   45.0000 6887.7026   33.1405
    7.5000   -7.5000   45.0000 6548.3770   33.1263
   -7.5000    0.0000   45.0000 7091.0610   33.0848
    0.0000    0.0000   45.0000 7550.5713   33.0607
    7.5000    0.0000   45.0000 7161.3809   33.0301
   -7.5000    7.5000   45.0000 7045.5952   33.1219
    0.0000    7.5000   45.0000 7392.1543   33.1110
    7.5000    7.5000   45.0000 7050.7461   33.0662
   -7.5000   15.0000   45.0000 6889.1182   32.7568
    0.0000   15.0000   45.0000 7215.1875   32.7455
    7.5000   15.0000   45.0000 6872.2466   32.7008
   -7.5000   22.5000   45.0000 6743.9272   32.0338
    0.0000   22.5000   45.0000 7076.3804   32.0105
    7.5000   22.5000   45.0000 6743.0137   31.9783
   -7.5000   30.0000   45.0000 6780.5474   31.9624
    0.0000   30.0000   45.0000 7108.4697   31.9276
    7.5000   30.0000   45.0000 6797.6011   31.9110
   -7.5000   37.5000   45.0000 6527.3647   30.9757
    0.0000   37.5000   45.0000 6838.0967   30.9410
    7.5000   37.5000   45.0000 6535.8696   30.9277
   -7.5000   45.0000   45.0000 6184.8403   29.8825
    0.0000   45.0000   45.0000 6514.2534   29.8607
    7.5000   45.0000   45.0000 6192.2905   29.8330

---------------------------------------------------------------------
imgreg_4dfp /opt/freesurfer/average/711-2C_as_mni_average_305 /opt/freesurfer/average/711-2B_as_mni_average_305_mask talsrcimg_g11 none talsrcimg_to_711-2C_as_mni_average_305_t4 4355
---------------------------------------------------------------------

freesurfer imgreg_4dfp.c
/opt/freesurfer/average/711-2C_as_mni_average_305.4dfp.img
       256       256       256         1
  1.000000  1.000000  1.000000
orientation T byte_order littleendian
Reading image: /opt/freesurfer/average/711-2C_as_mni_average_305.4dfp.img
dimensions:      256       256       256
mmppix:       1.0000   -1.0000   -1.0000
center:     128.0000 -129.0000 -129.0000
/opt/freesurfer/average/711-2B_as_mni_average_305_mask.4dfp.img
       256       256       256         1
  1.000000  1.000000  1.000000
orientation T byte_order littleendian
Reading mask: /opt/freesurfer/average/711-2B_as_mni_average_305_mask.4dfp.img (2306576 pixels)
talsrcimg_g11.4dfp.img
       320       320       320         1
  0.700000  0.700000  0.700000
orientation T byte_order littleendian
Reading image: talsrcimg_g11.4dfp.img
dimensions:      320       320       320
mmppix:       0.7000   -0.7000   -0.7000
center:     112.0000 -112.7000 -112.7000
rotation matrix determinant  1.000000
image alignment mode   4355 decimal     1103 hex
   -7.5000  -37.5000  -45.0000 1753.5005   32.6001
    0.0000  -37.5000  -45.0000 1772.9697   32.6576
    7.5000  -37.5000  -45.0000 1763.8916   32.5792
   -7.5000  -30.0000  -45.0000 1854.1974   29.0561
    0.0000  -30.0000  -45.0000 1876.3188   29.1785
    7.5000  -30.0000  -45.0000 1866.3281   29.0067
   -7.5000  -22.5000  -45.0000 1953.0173   26.1818
    0.0000  -22.5000  -45.0000 1966.9017   26.3540
    7.5000  -22.5000  -45.0000 1963.3105   26.1482
   -7.5000  -15.0000  -45.0000 2036.5482   23.8667
    0.0000  -15.0000  -45.0000 2050.0127   23.9879
    7.5000  -15.0000  -45.0000 2046.9500   23.8285
   -7.5000   -7.5000  -45.0000 2110.4133   22.1510
    0.0000   -7.5000  -45.0000 2129.2700   22.2238
    7.5000   -7.5000  -45.0000 2119.3672   22.1791
   -7.5000    0.0000  -45.0000 2155.7571   21.1632
    0.0000    0.0000  -45.0000 2183.5579   21.1993
    7.5000    0.0000  -45.0000 2160.0386   21.2462
   -7.5000    7.5000  -45.0000 2183.1938   20.6203
    0.0000    7.5000  -45.0000 2210.0088   20.6324
    7.5000    7.5000  -45.0000 2189.0793   20.6865
   -7.5000   15.0000  -45.0000 2192.1543   20.4825
    0.0000   15.0000  -45.0000 2217.4331   20.4671
    7.5000   15.0000  -45.0000 2200.4458   20.5103
   -7.5000   22.5000  -45.0000 2189.1992   20.6726
    0.0000   22.5000  -45.0000 2217.4746   20.6788
    7.5000   22.5000  -45.0000 2199.5857   20.6726
   -7.5000   30.0000  -45.0000 2168.0935   21.2957
    0.0000   30.0000  -45.0000 2197.6665   21.2389
    7.5000   30.0000  -45.0000 2178.7549   21.2656
   -7.5000   37.5000  -45.0000 2100.6919   22.1345
    0.0000   37.5000  -45.0000 2131.8940   22.0731
    7.5000   37.5000  -45.0000 2109.8220   22.0594
   -7.5000   45.0000  -45.0000 1990.5610   22.9871
    0.0000   45.0000  -45.0000 2017.7941   23.0198
    7.5000   45.0000  -45.0000 1996.1208   22.8922
   -7.5000   52.5000  -45.0000 1855.1964   23.7446
    0.0000   52.5000  -45.0000 1878.6356   23.7759
    7.5000   52.5000  -45.0000 1862.1162   23.6562
   -7.5000  -37.5000  -37.5000 1867.1826   33.8119
    0.0000  -37.5000  -37.5000 1882.2340   33.7103
    7.5000  -37.5000  -37.5000 1875.9186   33.5596
   -7.5000  -30.0000  -37.5000 1982.3907   29.9610
    0.0000  -30.0000  -37.5000 1996.7545   29.8952
    7.5000  -30.0000  -37.5000 1990.1454   29.7676
   -7.5000  -22.5000  -37.5000 2085.5952   26.8768
    0.0000  -22.5000  -37.5000 2104.2615   26.8904
    7.5000  -22.5000  -37.5000 2098.2671   26.7619
   -7.5000  -15.0000  -37.5000 2175.8740   24.4703
    0.0000  -15.0000  -37.5000 2196.9519   24.4508
    7.5000  -15.0000  -37.5000 2185.9832   24.3782
   -7.5000   -7.5000  -37.5000 2252.9692   22.5817
    0.0000   -7.5000  -37.5000 2275.4958   22.5263
    7.5000   -7.5000  -37.5000 2265.0093   22.5159
   -7.5000    0.0000  -37.5000 2305.2576   21.3944
    0.0000    0.0000  -37.5000 2324.6748   21.2583
    7.5000    0.0000  -37.5000 2314.6570   21.3618
   -7.5000    7.5000  -37.5000 2345.7510   20.7356
    0.0000    7.5000  -37.5000 2361.1191   20.5580
    7.5000    7.5000  -37.5000 2349.8547   20.7204
   -7.5000   15.0000  -37.5000 2361.4688   20.5185
    0.0000   15.0000  -37.5000 2376.5376   20.3626
    7.5000   15.0000  -37.5000 2371.1741   20.5001
   -7.5000   22.5000  -37.5000 2354.7888   20.6820
    0.0000   22.5000  -37.5000 2375.1082   20.5629
    7.5000   22.5000  -37.5000 2370.7483   20.6714
   -7.5000   30.0000  -37.5000 2328.5601   21.2438
    0.0000   30.0000  -37.5000 2348.2412   21.0950
    7.5000   30.0000  -37.5000 2345.8704   21.1968
   -7.5000   37.5000  -37.5000 2257.6304   21.9808
    0.0000   37.5000  -37.5000 2290.2075   21.9047
    7.5000   37.5000  -37.5000 2277.4163   21.9889
   -7.5000   45.0000  -37.5000 2145.8115   22.8107
    0.0000   45.0000  -37.5000 2177.1418   22.7998
    7.5000   45.0000  -37.5000 2158.6558   22.7710
   -7.5000   52.5000  -37.5000 2000.1501   23.5765
    0.0000   52.5000  -37.5000 2031.8074   23.5470
    7.5000   52.5000  -37.5000 2014.2178   23.4847
   -7.5000  -37.5000  -30.0000 1962.6479   34.6110
    0.0000  -37.5000  -30.0000 1978.0082   34.5367
    7.5000  -37.5000  -30.0000 1977.7800   34.3329
   -7.5000  -30.0000  -30.0000 2089.4160   30.6914
    0.0000  -30.0000  -30.0000 2107.3203   30.5339
    7.5000  -30.0000  -30.0000 2107.2971   30.4512
   -7.5000  -22.5000  -30.0000 2199.8008   27.4680
    0.0000  -22.5000  -30.0000 2219.8103   27.2717
    7.5000  -22.5000  -30.0000 2216.5205   27.2773
   -7.5000  -15.0000  -30.0000 2291.3579   24.8793
    0.0000  -15.0000  -30.0000 2311.7581   24.6294
    7.5000  -15.0000  -30.0000 2303.4270   24.7125
   -7.5000   -7.5000  -30.0000 2366.6953   22.8238
    0.0000   -7.5000  -30.0000 2387.0986   22.6343
    7.5000   -7.5000  -30.0000 2378.4956   22.7157
   -7.5000    0.0000  -30.0000 2426.0015   21.4152
    0.0000    0.0000  -30.0000 2438.9714   21.1542
    7.5000    0.0000  -30.0000 2441.6030   21.2933
   -7.5000    7.5000  -30.0000 2476.1479   20.6205
    0.0000    7.5000  -30.0000 2483.3245   20.3077
    7.5000    7.5000  -30.0000 2490.4141   20.5173
   -7.5000   15.0000  -30.0000 2495.8958   20.2793
    0.0000   15.0000  -30.0000 2502.3328   20.0657
    7.5000   15.0000  -30.0000 2511.7271   20.2070
   -7.5000   22.5000  -30.0000 2489.7244   20.3963
    0.0000   22.5000  -30.0000 2508.5713   20.2616
    7.5000   22.5000  -30.0000 2508.8142   20.3770
   -7.5000   30.0000  -30.0000 2465.1099   20.9029
    0.0000   30.0000  -30.0000 2491.0444   20.7470
    7.5000   30.0000  -30.0000 2490.2307   20.8876
   -7.5000   37.5000  -30.0000 2395.0266   21.6623
    0.0000   37.5000  -30.0000 2423.6079   21.4567
    7.5000   37.5000  -30.0000 2422.5413   21.6463
   -7.5000   45.0000  -30.0000 2284.8433   22.4790
    0.0000   45.0000  -30.0000 2304.7917   22.2726
    7.5000   45.0000  -30.0000 2303.4565   22.3848
   -7.5000   52.5000  -30.0000 2134.3962   23.2566
    0.0000   52.5000  -30.0000 2150.3140   23.0518
    7.5000   52.5000  -30.0000 2148.7441   23.1313
   -7.5000  -37.5000  -22.5000 1997.1996   34.1180
    0.0000  -37.5000  -22.5000 2016.0253   33.9817
    7.5000  -37.5000  -22.5000 2005.1378   33.8478
   -7.5000  -30.0000  -22.5000 2129.5581   30.2463
    0.0000  -30.0000  -22.5000 2147.8450   30.0382
    7.5000  -30.0000  -22.5000 2141.5540   30.0149
   -7.5000  -22.5000  -22.5000 2243.1697   27.0971
    0.0000  -22.5000  -22.5000 2259.8113   26.8339
    7.5000  -22.5000  -22.5000 2256.0007   26.8502
   -7.5000  -15.0000  -22.5000 2331.5105   24.4312
    0.0000  -15.0000  -22.5000 2348.8567   24.1321
    7.5000  -15.0000  -22.5000 2346.8677   24.2395
   -7.5000   -7.5000  -22.5000 2405.6501   22.3371
    0.0000   -7.5000  -22.5000 2422.2014   21.9674
    7.5000   -7.5000  -22.5000 2424.0105   22.1511
   -7.5000    0.0000  -22.5000 2465.3564   20.7489
    0.0000    0.0000  -22.5000 2479.7861   20.3816
    7.5000    0.0000  -22.5000 2487.7312   20.5546
   -7.5000    7.5000  -22.5000 2507.7390   19.7270
    0.0000    7.5000  -22.5000 2521.3525   19.3624
    7.5000    7.5000  -22.5000 2529.0557   19.5502
   -7.5000   15.0000  -22.5000 2534.4451   19.2491
    0.0000   15.0000  -22.5000 2545.6577   19.0049
    7.5000   15.0000  -22.5000 2548.6692   19.1232
   -7.5000   22.5000  -22.5000 2538.2168   19.3289
    0.0000   22.5000  -22.5000 2554.2480   19.1349
    7.5000   22.5000  -22.5000 2555.8870   19.2584
   -7.5000   30.0000  -22.5000 2521.7168   19.8894
    0.0000   30.0000  -22.5000 2538.6021   19.6124
    7.5000   30.0000  -22.5000 2546.4197   19.8164
   -7.5000   37.5000  -22.5000 2458.6367   20.6209
    0.0000   37.5000  -22.5000 2468.3347   20.2482
    7.5000   37.5000  -22.5000 2482.1672   20.4923
   -7.5000   45.0000  -22.5000 2347.1521   21.3225
    0.0000   45.0000  -22.5000 2356.7178   20.9957
    7.5000   45.0000  -22.5000 2363.8787   21.1836
   -7.5000   52.5000  -22.5000 2191.6794   22.0526
    0.0000   52.5000  -22.5000 2203.4773   21.7924
    7.5000   52.5000  -22.5000 2207.8196   21.9239
   -7.5000  -37.5000  -15.0000 2055.1145   34.8427
    0.0000  -37.5000  -15.0000 2076.7712   34.6574
    7.5000  -37.5000  -15.0000 2067.0608   34.6548
   -7.5000  -30.0000  -15.0000 2190.7239   30.7417
    0.0000  -30.0000  -15.0000 2214.6584   30.4887
    7.5000  -30.0000  -15.0000 2199.3494   30.5338
   -7.5000  -22.5000  -15.0000 2316.0610   27.4799
    0.0000  -22.5000  -15.0000 2338.6438   27.1113
    7.5000  -22.5000  -15.0000 2323.7253   27.1974
   -7.5000  -15.0000  -15.0000 2423.0684   24.7687
    0.0000  -15.0000  -15.0000 2442.9741   24.3435
    7.5000  -15.0000  -15.0000 2430.5349   24.4279
   -7.5000   -7.5000  -15.0000 2504.7993   22.5986
    0.0000   -7.5000  -15.0000 2520.6470   22.1045
    7.5000   -7.5000  -15.0000 2518.4382   22.2432
   -7.5000    0.0000  -15.0000 2571.5562   20.8820
    0.0000    0.0000  -15.0000 2580.7622   20.4159
    7.5000    0.0000  -15.0000 2587.8960   20.6037
   -7.5000    7.5000  -15.0000 2606.4861   19.5896
    0.0000    7.5000  -15.0000 2613.9756   19.1568
    7.5000    7.5000  -15.0000 2624.5151   19.4055
   -7.5000   15.0000  -15.0000 2635.5684   18.8838
    0.0000   15.0000  -15.0000 2639.3367   18.4280
    7.5000   15.0000  -15.0000 2646.0818   18.7552
   -7.5000   22.5000  -15.0000 2650.5037   18.9152
    0.0000   22.5000  -15.0000 2642.3079   18.4788
    7.5000   22.5000  -15.0000 2660.8513   18.7879
   -7.5000   30.0000  -15.0000 2636.8115   19.5011
    0.0000   30.0000  -15.0000 2631.7561   19.0126
    7.5000   30.0000  -15.0000 2653.8367   19.3242
   -7.5000   37.5000  -15.0000 2576.1934   20.2835
    0.0000   37.5000  -15.0000 2574.3052   19.7396
    7.5000   37.5000  -15.0000 2594.5413   20.0538
   -7.5000   45.0000  -15.0000 2462.0388   21.0228
    0.0000   45.0000  -15.0000 2459.2371   20.5082
    7.5000   45.0000  -15.0000 2482.6721   20.8602
   -7.5000   52.5000  -15.0000 2304.1721   21.7632
    0.0000   52.5000  -15.0000 2308.8145   21.2898
    7.5000   52.5000  -15.0000 2325.7048   21.6418
   -7.5000  -37.5000   -7.5000 2098.7073   35.8053
    0.0000  -37.5000   -7.5000 2121.4973   35.4747
    7.5000  -37.5000   -7.5000 2113.9309   35.6133
   -7.5000  -30.0000   -7.5000 2237.0432   31.4309
    0.0000  -30.0000   -7.5000 2251.0515   30.9758
    7.5000  -30.0000   -7.5000 2250.6870   31.2111
   -7.5000  -22.5000   -7.5000 2360.2854   27.8957
    0.0000  -22.5000   -7.5000 2368.2629   27.4517
    7.5000  -22.5000   -7.5000 2370.2563   27.6272
   -7.5000  -15.0000   -7.5000 2467.4976   25.0233
    0.0000  -15.0000   -7.5000 2485.3027   24.6307
    7.5000  -15.0000   -7.5000 2475.6343   24.6961
   -7.5000   -7.5000   -7.5000 2558.4019   22.7659
    0.0000   -7.5000   -7.5000 2579.4160   22.3269
    7.5000   -7.5000   -7.5000 2570.0186   22.4022
   -7.5000    0.0000   -7.5000 2633.8689   21.0074
    0.0000    0.0000   -7.5000 2651.7954   20.6192
    7.5000    0.0000   -7.5000 2644.6233   20.6981
   -7.5000    7.5000   -7.5000 2670.8333   19.6777
    0.0000    7.5000   -7.5000 2687.7922   19.3745
    7.5000    7.5000   -7.5000 2686.9766   19.4647
   -7.5000   15.0000   -7.5000 2688.9939   18.7147
    0.0000   15.0000   -7.5000 2685.5264   18.1936
    7.5000   15.0000   -7.5000 2702.0117   18.6400
   -7.5000   22.5000   -7.5000 2704.4150   18.6076
    0.0000   22.5000   -7.5000 2682.9553   17.9889
    7.5000   22.5000   -7.5000 2714.0945   18.5423
   -7.5000   30.0000   -7.5000 2705.4597   19.2268
    0.0000   30.0000   -7.5000 2687.0093   18.6771
    7.5000   30.0000   -7.5000 2727.7644   19.0952
   -7.5000   37.5000   -7.5000 2650.7603   19.9752
    0.0000   37.5000   -7.5000 2650.2029   19.5153
    7.5000   37.5000   -7.5000 2677.3552   19.8208
   -7.5000   45.0000   -7.5000 2536.0911   20.7526
    0.0000   45.0000   -7.5000 2553.7917   20.3945
    7.5000   45.0000   -7.5000 2558.5020   20.5917
   -7.5000   52.5000   -7.5000 2382.0466   21.5468
    0.0000   52.5000   -7.5000 2404.0928   21.2632
    7.5000   52.5000   -7.5000 2404.2266   21.4227
   -7.5000  -37.5000    0.0000 2100.8884   36.6414
    0.0000  -37.5000    0.0000 2121.4639   36.2924
    7.5000  -37.5000    0.0000 2115.0759   36.3915
   -7.5000  -30.0000    0.0000 2234.1550   32.0517
    0.0000  -30.0000    0.0000 2260.2935   31.7534
    7.5000  -30.0000    0.0000 2248.9497   31.8973
   -7.5000  -22.5000    0.0000 2363.4253   28.4110
    0.0000  -22.5000    0.0000 2383.8777   28.0612
    7.5000  -22.5000    0.0000 2373.0664   28.2046
   -7.5000  -15.0000    0.0000 2478.1414   25.4491
    0.0000  -15.0000    0.0000 2500.8599   25.0803
    7.5000  -15.0000    0.0000 2488.8660   25.1820
   -7.5000   -7.5000    0.0000 2573.4326   23.0188
    0.0000   -7.5000    0.0000 2591.1289   22.6260
    7.5000   -7.5000    0.0000 2588.3857   22.7535
   -7.5000    0.0000    0.0000 2656.8250   21.2082
    0.0000    0.0000    0.0000 2675.4297   20.8529
    7.5000    0.0000    0.0000 2674.8564   20.9942
   -7.5000    7.5000    0.0000 2720.3069   20.0439
    0.0000    7.5000    0.0000 2738.8301   19.8212
    7.5000    7.5000    0.0000 2744.2966   19.8342
   -7.5000   15.0000    0.0000 2747.2798   19.3026
    0.0000   15.0000    0.0000 2782.9587   19.1412
    7.5000   15.0000    0.0000 2778.0122   19.2041
   -7.5000   22.5000    0.0000 2764.8772   19.0680
    0.0000   22.5000    0.0000 2791.5657   18.8340
    7.5000   22.5000    0.0000 2791.1621   19.0284
   -7.5000   30.0000    0.0000 2750.1047   19.2399
    0.0000   30.0000    0.0000 2783.6614   19.1544
    7.5000   30.0000    0.0000 2773.7637   19.1826
   -7.5000   37.5000    0.0000 2699.4397   19.8537
    0.0000   37.5000    0.0000 2735.5559   19.7472
    7.5000   37.5000    0.0000 2716.4312   19.7200
   -7.5000   45.0000    0.0000 2591.6575   20.6862
    0.0000   45.0000    0.0000 2614.5693   20.5119
    7.5000   45.0000    0.0000 2612.5312   20.5348
   -7.5000   52.5000    0.0000 2432.7634   21.6388
    0.0000   52.5000    0.0000 2449.7615   21.4029
    7.5000   52.5000    0.0000 2448.7715   21.4918
   -7.5000  -37.5000    7.5000 2092.9810   37.8265
    0.0000  -37.5000    7.5000 2118.6233   37.5617
    7.5000  -37.5000    7.5000 2104.8191   37.5903
   -7.5000  -30.0000    7.5000 2218.0466   32.8540
    0.0000  -30.0000    7.5000 2239.5522   32.4006
    7.5000  -30.0000    7.5000 2227.4590   32.6525
   -7.5000  -22.5000    7.5000 2336.6558   28.9926
    0.0000  -22.5000    7.5000 2352.3105   28.4571
    7.5000  -22.5000    7.5000 2356.0159   28.7568
   -7.5000  -15.0000    7.5000 2443.6091   25.8592
    0.0000  -15.0000    7.5000 2470.4832   25.4205
    7.5000  -15.0000    7.5000 2469.5986   25.6810
   -7.5000   -7.5000    7.5000 2547.2891   23.4282
    0.0000   -7.5000    7.5000 2572.0457   23.0542
    7.5000   -7.5000    7.5000 2574.7646   23.2450
   -7.5000    0.0000    7.5000 2647.4431   21.6852
    0.0000    0.0000    7.5000 2680.9033   21.4603
    7.5000    0.0000    7.5000 2674.9001   21.5848
   -7.5000    7.5000    7.5000 2737.1704   20.6987
    0.0000    7.5000    7.5000 2795.3186   20.6906
    7.5000    7.5000    7.5000 2770.7122   20.6489
   -7.5000   15.0000    7.5000 2799.6538   20.0255
    0.0000   15.0000    7.5000 2881.4067   20.1908
    7.5000   15.0000    7.5000 2834.8562   20.0464
   -7.5000   22.5000    7.5000 2818.7986   19.7472
    0.0000   22.5000    7.5000 2904.2710   19.8457
    7.5000   22.5000    7.5000 2844.1860   19.6842
   -7.5000   30.0000    7.5000 2789.7795   19.7284
    0.0000   30.0000    7.5000 2863.3921   19.7166
    7.5000   30.0000    7.5000 2812.3621   19.6119
   -7.5000   37.5000    7.5000 2720.5859   20.1586
    0.0000   37.5000    7.5000 2772.2998   19.9464
    7.5000   37.5000    7.5000 2743.8918   20.0422
   -7.5000   45.0000    7.5000 2600.9885   20.9015
    0.0000   45.0000    7.5000 2632.4563   20.7407
    7.5000   45.0000    7.5000 2615.5190   20.7898
   -7.5000   52.5000    7.5000 2444.4614   21.7820
    0.0000   52.5000    7.5000 2459.9893   21.5834
    7.5000   52.5000    7.5000 2452.6663   21.5972
   -7.5000  -37.5000   15.0000 2064.1924   39.0048
    0.0000  -37.5000   15.0000 2077.8381   38.6080
    7.5000  -37.5000   15.0000 2078.8911   38.8325
   -7.5000  -30.0000   15.0000 2186.9177   33.8939
    0.0000  -30.0000   15.0000 2207.3296   33.4096
    7.5000  -30.0000   15.0000 2205.4250   33.7257
   -7.5000  -22.5000   15.0000 2306.5386   29.9623
    0.0000  -22.5000   15.0000 2332.0315   29.5287
    7.5000  -22.5000   15.0000 2335.3977   29.8958
   -7.5000  -15.0000   15.0000 2423.0105   26.8840
    0.0000  -15.0000   15.0000 2447.0227   26.4685
    7.5000  -15.0000   15.0000 2452.4094   26.8338
   -7.5000   -7.5000   15.0000 2534.2317   24.4951
    0.0000   -7.5000   15.0000 2565.1492   24.1604
    7.5000   -7.5000   15.0000 2566.5857   24.4481
   -7.5000    0.0000   15.0000 2648.3357   22.7927
    0.0000    0.0000   15.0000 2683.3733   22.4619
    7.5000    0.0000   15.0000 2676.8875   22.6591
   -7.5000    7.5000   15.0000 2751.7971   21.7143
    0.0000    7.5000   15.0000 2784.3315   21.3573
    7.5000    7.5000   15.0000 2773.9800   21.4390
   -7.5000   15.0000   15.0000 2809.5808   20.6844
    0.0000   15.0000   15.0000 2841.7146   20.2858
    7.5000   15.0000   15.0000 2822.0828   20.4738
   -7.5000   22.5000   15.0000 2831.1624   20.2111
    0.0000   22.5000   15.0000 2835.3635   19.5951
    7.5000   22.5000   15.0000 2834.6292   19.9822
   -7.5000   30.0000   15.0000 2824.0991   20.3402
    0.0000   30.0000   15.0000 2826.0986   19.7118
    7.5000   30.0000   15.0000 2829.1802   20.0754
   -7.5000   37.5000   15.0000 2751.9446   20.8486
    0.0000   37.5000   15.0000 2775.4480   20.4329
    7.5000   37.5000   15.0000 2761.6558   20.6457
   -7.5000   45.0000   15.0000 2627.1660   21.6850
    0.0000   45.0000   15.0000 2650.9070   21.4632
    7.5000   45.0000   15.0000 2635.9495   21.5407
   -7.5000   52.5000   15.0000 2455.5298   22.5237
    0.0000   52.5000   15.0000 2472.4343   22.3450
    7.5000   52.5000   15.0000 2467.4680   22.3832
   -7.5000  -37.5000   22.5000 2027.7747   40.8090
    0.0000  -37.5000   22.5000 2052.1741   40.5051
    7.5000  -37.5000   22.5000 2048.8220   40.7058
   -7.5000  -30.0000   22.5000 2155.5940   35.3652
    0.0000  -30.0000   22.5000 2183.8013   35.0476
    7.5000  -30.0000   22.5000 2180.1750   35.4078
   -7.5000  -22.5000   22.5000 2280.8181   31.3747
    0.0000  -22.5000   22.5000 2313.8665   31.0050
    7.5000  -22.5000   22.5000 2309.9106   31.4121
   -7.5000  -15.0000   22.5000 2403.1292   28.3571
    0.0000  -15.0000   22.5000 2426.2659   27.8274
    7.5000  -15.0000   22.5000 2424.7944   28.2446
   -7.5000   -7.5000   22.5000 2520.6697   25.8551
    0.0000   -7.5000   22.5000 2541.3782   25.2703
    7.5000   -7.5000   22.5000 2540.2341   25.6330
   -7.5000    0.0000   22.5000 2626.5049   23.8982
    0.0000    0.0000   22.5000 2641.0215   23.2596
    7.5000    0.0000   22.5000 2648.1736   23.6119
   -7.5000    7.5000   22.5000 2721.0037   22.5098
    0.0000    7.5000   22.5000 2733.1033   21.9799
    7.5000    7.5000   22.5000 2739.9326   22.2513
   -7.5000   15.0000   22.5000 2773.5000   21.3417
    0.0000   15.0000   22.5000 2769.9414   20.6094
    7.5000   15.0000   22.5000 2778.2056   21.1064
   -7.5000   22.5000   22.5000 2816.7578   20.9567
    0.0000   22.5000   22.5000 2792.7795   20.0816
    7.5000   22.5000   22.5000 2810.5005   20.6416
   -7.5000   30.0000   22.5000 2807.5342   21.1192
    0.0000   30.0000   22.5000 2806.4685   20.4731
    7.5000   30.0000   22.5000 2809.4932   20.8055
   -7.5000   37.5000   22.5000 2737.7102   21.6775
    0.0000   37.5000   22.5000 2752.3916   21.1744
    7.5000   37.5000   22.5000 2740.8162   21.4088
   -7.5000   45.0000   22.5000 2614.8774   22.4657
    0.0000   45.0000   22.5000 2633.2046   22.1098
    7.5000   45.0000   22.5000 2627.3926   22.2548
   -7.5000   52.5000   22.5000 2437.9980   23.3406
    0.0000   52.5000   22.5000 2454.7466   23.1145
    7.5000   52.5000   22.5000 2456.8625   23.1771
   -7.5000  -37.5000   30.0000 1991.1829   43.0605
    0.0000  -37.5000   30.0000 2016.3881   42.8608
    7.5000  -37.5000   30.0000 2008.8632   43.0545
   -7.5000  -30.0000   30.0000 2126.2974   37.5221
    0.0000  -30.0000   30.0000 2155.0239   37.2108
    7.5000  -30.0000   30.0000 2138.9187   37.5071
   -7.5000  -22.5000   30.0000 2255.3438   33.3728
    0.0000  -22.5000   30.0000 2274.0667   32.7865
    7.5000  -22.5000   30.0000 2264.9641   33.2066
   -7.5000  -15.0000   30.0000 2370.2283   29.8795
    0.0000  -15.0000   30.0000 2388.6094   29.2218
    7.5000  -15.0000   30.0000 2377.7913   29.6527
   -7.5000   -7.5000   30.0000 2475.0649   27.0608
    0.0000   -7.5000   30.0000 2489.8142   26.2775
    7.5000   -7.5000   30.0000 2491.2002   26.7533
   -7.5000    0.0000   30.0000 2577.5564   25.0075
    0.0000    0.0000   30.0000 2584.7773   24.1824
    7.5000    0.0000   30.0000 2598.0017   24.7044
   -7.5000    7.5000   30.0000 2661.1597   23.4870
    0.0000    7.5000   30.0000 2668.4351   22.7594
    7.5000    7.5000   30.0000 2677.6909   23.1895
   -7.5000   15.0000   30.0000 2720.0198   22.2734
    0.0000   15.0000   30.0000 2697.8428   21.2636
    7.5000   15.0000   30.0000 2721.1501   21.9576
   -7.5000   22.5000   30.0000 2761.3020   21.9048
    0.0000   22.5000   30.0000 2746.2866   21.0936
    7.5000   22.5000   30.0000 2760.6804   21.5580
   -7.5000   30.0000   30.0000 2760.6384   22.1340
    0.0000   30.0000   30.0000 2751.9373   21.4563
    7.5000   30.0000   30.0000 2767.0857   21.8051
   -7.5000   37.5000   30.0000 2691.7122   22.6827
    0.0000   37.5000   30.0000 2694.6975   22.0974
    7.5000   37.5000   30.0000 2694.7073   22.4022
   -7.5000   45.0000   30.0000 2572.9517   23.4287
    0.0000   45.0000   30.0000 2586.9463   22.9990
    7.5000   45.0000   30.0000 2583.0408   23.2122
   -7.5000   52.5000   30.0000 2404.4333   24.2468
    0.0000   52.5000   30.0000 2425.5906   23.9819
    7.5000   52.5000   30.0000 2420.7205   24.0706
   -7.5000  -37.5000   37.5000 1935.7925   46.2286
    0.0000  -37.5000   37.5000 1959.3191   46.0408
    7.5000  -37.5000   37.5000 1947.1085   46.0684
   -7.5000  -30.0000   37.5000 2076.7671   39.9912
    0.0000  -30.0000   37.5000 2093.4036   39.5960
    7.5000  -30.0000   37.5000 2087.0759   39.9725
   -7.5000  -22.5000   37.5000 2197.0667   35.1842
    0.0000  -22.5000   37.5000 2212.9214   34.6526
    7.5000  -22.5000   37.5000 2203.5959   35.0651
   -7.5000  -15.0000   37.5000 2310.2285   31.3621
    0.0000  -15.0000   37.5000 2322.6167   30.6267
    7.5000  -15.0000   37.5000 2319.6277   31.1238
   -7.5000   -7.5000   37.5000 2413.3298   28.3495
    0.0000   -7.5000   37.5000 2427.3899   27.5370
    7.5000   -7.5000   37.5000 2432.4363   28.1223
   -7.5000    0.0000   37.5000 2513.3059   26.2374
    0.0000    0.0000   37.5000 2525.4961   25.5075
    7.5000    0.0000   37.5000 2532.2253   25.9443
   -7.5000    7.5000   37.5000 2594.3486   24.6309
    0.0000    7.5000   37.5000 2585.9973   23.6385
    7.5000    7.5000   37.5000 2605.3154   24.2993
   -7.5000   15.0000   37.5000 2651.9907   23.4297
    0.0000   15.0000   37.5000 2636.1953   22.5238
    7.5000   15.0000   37.5000 2645.4465   23.0894
   -7.5000   22.5000   37.5000 2687.3479   23.0942
    0.0000   22.5000   37.5000 2678.0747   22.3749
    7.5000   22.5000   37.5000 2686.1155   22.7840
   -7.5000   30.0000   37.5000 2686.2830   23.3537
    0.0000   30.0000   37.5000 2677.0381   22.6730
    7.5000   30.0000   37.5000 2692.9722   23.0099
   -7.5000   37.5000   37.5000 2617.0491   23.8560
    0.0000   37.5000   37.5000 2621.4304   23.2179
    7.5000   37.5000   37.5000 2628.3054   23.5574
   -7.5000   45.0000   37.5000 2503.1799   24.5208
    0.0000   45.0000   37.5000 2520.1836   23.9731
    7.5000   45.0000   37.5000 2517.8335   24.2651
   -7.5000   52.5000   37.5000 2346.7004   25.2352
    0.0000   52.5000   37.5000 2368.6338   24.8822
    7.5000   52.5000   37.5000 2359.5803   25.0969
   -7.5000  -37.5000   45.0000 1842.6445   49.2435
    0.0000  -37.5000   45.0000 1866.7856   49.1212
    7.5000  -37.5000   45.0000 1851.1893   48.9332
   -7.5000  -30.0000   45.0000 1985.5056   42.3080
    0.0000  -30.0000   45.0000 2007.0214   41.9741
    7.5000  -30.0000   45.0000 1994.8124   42.1146
   -7.5000  -22.5000   45.0000 2111.7793   36.9230
    0.0000  -22.5000   45.0000 2129.7905   36.4503
    7.5000  -22.5000   45.0000 2117.3015   36.7689
   -7.5000  -15.0000   45.0000 2221.0491   32.8126
    0.0000  -15.0000   45.0000 2241.6721   32.2123
    7.5000  -15.0000   45.0000 2234.4792   32.6340
   -7.5000   -7.5000   45.0000 2322.8108   29.7244
    0.0000   -7.5000   45.0000 2349.0669   29.0964
    7.5000   -7.5000   45.0000 2343.2705   29.5717
   -7.5000    0.0000   45.0000 2417.9709   27.5684
    0.0000    0.0000   45.0000 2440.9626   26.8748
    7.5000    0.0000   45.0000 2433.6230   27.2594
   -7.5000    7.5000   45.0000 2486.4639   25.8591
    0.0000    7.5000   45.0000 2497.8083   24.9698
    7.5000    7.5000   45.0000 2496.5725   25.5437
   -7.5000   15.0000   45.0000 2546.3279   24.7514
    0.0000   15.0000   45.0000 2550.5181   24.0665
    7.5000   15.0000   45.0000 2542.2705   24.4219
   -7.5000   22.5000   45.0000 2576.8740   24.4182
    0.0000   22.5000   45.0000 2585.9397   23.8371
    7.5000   22.5000   45.0000 2581.1631   24.0980
   -7.5000   30.0000   45.0000 2569.7961   24.6128
    0.0000   30.0000   45.0000 2576.6692   24.0593
    7.5000   30.0000   45.0000 2584.4756   24.2851
   -7.5000   37.5000   45.0000 2509.3220   25.0652
    0.0000   37.5000   45.0000 2518.3286   24.5648
    7.5000   37.5000   45.0000 2526.3345   24.7939
   -7.5000   45.0000   45.0000 2395.7803   25.6291
    0.0000   45.0000   45.0000 2418.0894   25.1330
    7.5000   45.0000   45.0000 2412.4602   25.3709
   -7.5000   52.5000   45.0000 2258.8040   26.2218
    0.0000   52.5000   45.0000 2287.7791   25.8175
    7.5000   52.5000   45.0000 2270.6836   26.0101

---------------------------------------------------------------------
imgreg_4dfp /opt/freesurfer/average/711-2C_as_mni_average_305 /opt/freesurfer/average/711-2B_as_mni_average_305_mask talsrcimg_g11 none talsrcimg_to_711-2C_as_mni_average_305_t4 1283
---------------------------------------------------------------------

freesurfer imgreg_4dfp.c
/opt/freesurfer/average/711-2C_as_mni_average_305.4dfp.img
       256       256       256         1
  1.000000  1.000000  1.000000
orientation T byte_order littleendian
Reading image: /opt/freesurfer/average/711-2C_as_mni_average_305.4dfp.img
dimensions:      256       256       256
mmppix:       1.0000   -1.0000   -1.0000
center:     128.0000 -129.0000 -129.0000
/opt/freesurfer/average/711-2B_as_mni_average_305_mask.4dfp.img
       256       256       256         1
  1.000000  1.000000  1.000000
orientation T byte_order littleendian
Reading mask: /opt/freesurfer/average/711-2B_as_mni_average_305_mask.4dfp.img (2306576 pixels)
talsrcimg_g11.4dfp.img
       320       320       320         1
  0.700000  0.700000  0.700000
orientation T byte_order littleendian
Reading image: talsrcimg_g11.4dfp.img
dimensions:      320       320       320
mmppix:       0.7000   -0.7000   -0.7000
center:     112.0000 -112.7000 -112.7000
rotation matrix determinant  1.000000
fimgreg.f
image alignment mode   1283 decimal      503 hex
parameters
    0.0000   22.5000    7.5000    0.0000    0.0000    0.0000
eta,q 0.91552 19.93511
niter,ni,del,rscale     5    3   12.0000    1.2000
parameter  4  2.527300 ->  0.500000 qaram    1.1500
parameter  6  0.545325 ->  0.500000 qaram    1.1500
parameters
   -0.2102   20.9855    7.5002   -3.4500    0.2530   -3.4500
eta,q 0.91693 19.73147
  0.1043  0.0926  0.1109  0.0824  0.0910  0.0840
  0.0919  0.0886  0.0991  0.0837  0.0878  0.0831
  0.0891  0.0895  0.0906  0.0863  0.0863  0.0834
  0.0893  0.0892  0.0896  0.0896  0.0842  0.0840
  0.0910  0.0898  0.0949  0.0932  0.0832  0.0851
  0.0982  0.0944  0.1016  0.0968  0.0854  0.0869
  0.1028  0.1007  0.1077  0.1004  0.0917  0.0885
niter,ni,del,rscale     6    3   12.0000    1.2000
parameters
   -0.0088   20.7627    7.5518   -6.7177    0.9101   -3.1863
eta,q 0.91957 19.88478
  0.1022  0.0940  0.1016  0.0835  0.0884  0.0845
  0.0907  0.0860  0.0915  0.0817  0.0849  0.0823
  0.0853  0.0822  0.0843  0.0818  0.0836  0.0811
  0.0831  0.0831  0.0828  0.0829  0.0814  0.0805
  0.0865  0.0864  0.0871  0.0860  0.0788  0.0808
  0.0934  0.0882  0.0921  0.0913  0.0807  0.0820
  0.0967  0.0937  0.0993  0.0971  0.0878  0.0840
niter,ni,del,rscale     5    3   12.0000    1.2000
parameters
   -0.2120   21.1704    7.0588   -8.1263    1.2080   -4.1374
eta,q 0.92093 19.88226
  0.0983  0.0960  0.0977  0.0833  0.0865  0.0823
  0.0879  0.0861  0.0871  0.0816  0.0838  0.0798
  0.0824  0.0820  0.0806  0.0802  0.0823  0.0791
  0.0804  0.0803  0.0804  0.0798  0.0798  0.0793
  0.0853  0.0820  0.0861  0.0814  0.0770  0.0806
  0.0939  0.0870  0.0936  0.0842  0.0804  0.0821
  0.0967  0.0901  0.1010  0.0888  0.0881  0.0830
niter,ni,del,rscale     4    3   12.0000    1.2000
parameters
   -0.1754   22.0911    6.7218  -10.0320    1.7130   -4.3816
eta,q 0.92245 19.89015
  0.0993  0.0964  0.0989  0.0808  0.0872  0.0828
  0.0887  0.0870  0.0869  0.0791  0.0838  0.0792
  0.0824  0.0820  0.0797  0.0784  0.0816  0.0776
  0.0791  0.0791  0.0789  0.0784  0.0784  0.0777
  0.0837  0.0797  0.0847  0.0800  0.0767  0.0793
  0.0927  0.0846  0.0926  0.0830  0.0802  0.0811
  0.0956  0.0870  0.1005  0.0865  0.0867  0.0819
niter,ni,del,rscale     3    3   12.0000    1.2000
parameters
    0.0289   23.3496    6.2466  -12.9697    1.6853   -4.0536
eta,q 0.92448 19.94011
  0.1000  0.0950  0.0968  0.0774  0.0853  0.0817
  0.0890  0.0867  0.0837  0.0764  0.0806  0.0790
  0.0819  0.0808  0.0770  0.0756  0.0782  0.0774
  0.0775  0.0775  0.0774  0.0766  0.0756  0.0756
  0.0821  0.0780  0.0833  0.0785  0.0763  0.0757
  0.0915  0.0818  0.0911  0.0814  0.0803  0.0779
  0.0944  0.0840  0.1000  0.0842  0.0864  0.0813
niter,ni,del,rscale     2    3   12.0000    1.2000
parameters
    0.4680   24.8204    5.6286  -14.9429    1.3729   -3.6571
eta,q 0.92727 19.85069
  0.1013  0.0954  0.0951  0.0769  0.0827  0.0799
  0.0897  0.0879  0.0806  0.0752  0.0780  0.0773
  0.0815  0.0799  0.0741  0.0729  0.0749  0.0751
  0.0755  0.0753  0.0742  0.0735  0.0728  0.0730
  0.0788  0.0742  0.0808  0.0764  0.0745  0.0727
  0.0886  0.0764  0.0910  0.0807  0.0792  0.0752
  0.0935  0.0835  0.1009  0.0833  0.0856  0.0797
niter,ni,del,rscale     1    3   12.0000    1.2000
parameters
    0.4289   25.3584    5.3177  -15.2348    1.3639   -3.4526
eta,q 0.92824 19.77748
  0.0962  0.0925  0.0981  0.0805  0.0831  0.0793
  0.0844  0.0841  0.0816  0.0771  0.0779  0.0767
  0.0769  0.0775  0.0733  0.0740  0.0746  0.0741
  0.0727  0.0727  0.0721  0.0719  0.0719  0.0719
  0.0784  0.0722  0.0778  0.0740  0.0728  0.0720
  0.0889  0.0784  0.0894  0.0779  0.0775  0.0749
  0.0935  0.0883  0.1000  0.0824  0.0840  0.0798
registration optimization eta report
parameter search radius
    6.0000    6.0000    6.0000    6.9000    6.0000    6.9000
100000*second partial in parameter space
       57.       49.       74.       19.       32.       16.
  0.0962  0.0925  0.0981  0.0805  0.0831  0.0793
  0.0844  0.0841  0.0816  0.0771  0.0779  0.0767
  0.0769  0.0775  0.0733  0.0740  0.0746  0.0741
  0.0727  0.0727  0.0721  0.0719  0.0719  0.0719
  0.0784  0.0722  0.0778  0.0740  0.0728  0.0720
  0.0889  0.0784  0.0894  0.0779  0.0775  0.0749
  0.0935  0.0883  0.1000  0.0824  0.0840  0.0798
    0.4289   25.3584    5.3177  -15.2348    1.3639   -3.4526
eta,q 0.92824 19.77748

---------------------------------------------------------------------
imgreg_4dfp /opt/freesurfer/average/711-2C_as_mni_average_305 /opt/freesurfer/average/711-2B_as_mni_average_305_mask talsrcimg_g11 none talsrcimg_to_711-2C_as_mni_average_305_t4 3335
---------------------------------------------------------------------

freesurfer imgreg_4dfp.c
/opt/freesurfer/average/711-2C_as_mni_average_305.4dfp.img
       256       256       256         1
  1.000000  1.000000  1.000000
orientation T byte_order littleendian
Reading image: /opt/freesurfer/average/711-2C_as_mni_average_305.4dfp.img
dimensions:      256       256       256
mmppix:       1.0000   -1.0000   -1.0000
center:     128.0000 -129.0000 -129.0000
/opt/freesurfer/average/711-2B_as_mni_average_305_mask.4dfp.img
       256       256       256         1
  1.000000  1.000000  1.000000
orientation T byte_order littleendian
Reading mask: /opt/freesurfer/average/711-2B_as_mni_average_305_mask.4dfp.img (2306576 pixels)
talsrcimg_g11.4dfp.img
       320       320       320         1
  0.700000  0.700000  0.700000
orientation T byte_order littleendian
Reading image: talsrcimg_g11.4dfp.img
dimensions:      320       320       320
mmppix:       0.7000   -0.7000   -0.7000
center:     112.0000 -112.7000 -112.7000
fimgreg.f
image alignment mode   3335 decimal      D07 hex
parameters
    0.4289   25.3584    5.3177   -0.2098   -3.7271   -3.5416
    6.4349   -0.7099   -6.0205   26.3681    2.3802  -26.2700
eta,q 0.93048 20.09710
niter,ni,del,rscale     5    3    5.0000    1.2000
parameter  4  1.574834 ->  0.500000 qaram    1.1500
parameter  5 -7.701906 ->  0.500000 qaram    1.1500
parameters
    0.2104   25.6571    5.0731   -4.3498   -7.8671   -6.5656
    3.7632    0.3746   -4.3477   22.7704    1.1192  -25.8791
eta,q 0.95858 20.43120
  0.0760  0.0724  0.0740  0.0507  0.0364  0.0455  0.0451  0.0555  0.0474  0.0426  0.0424  0.0435
  0.0721  0.0708  0.0710  0.0530  0.0422  0.0446  0.0437  0.0489  0.0453  0.0416  0.0418  0.0423
  0.0698  0.0698  0.0694  0.0587  0.0484  0.0437  0.0433  0.0450  0.0438  0.0416  0.0415  0.0417
  0.0695  0.0694  0.0694  0.0692  0.0542  0.0440  0.0439  0.0433  0.0430  0.0428  0.0414  0.0414
  0.0712  0.0695  0.0706  0.0832  0.0594  0.0499  0.0455  0.0430  0.0428  0.0456  0.0417  0.0416
  0.0743  0.0701  0.0729  0.0965  0.0644  0.0616  0.0478  0.0447  0.0434  0.0500  0.0423  0.0422
  0.0783  0.0711  0.0759  0.1077  0.0696  0.0800  0.0507  0.0499  0.0447  0.0564  0.0436  0.0430
niter,ni,del,rscale     6    3    5.0000    1.2000
parameter  3  0.982771 ->  0.500000 qaram    1.1500
parameter  5  1.204968 ->  0.500000 qaram    1.3225
parameters
   -0.2050   24.7978    3.6931   -8.0213  -12.6281   -6.3484
    4.8630   -0.1785   -4.4541   23.5759    4.3366  -28.8741
eta,q 0.96689 20.32517
  0.0451  0.0420  0.0396  0.0410  0.0337  0.0368  0.0367  0.0362  0.0360  0.0378  0.0342  0.0335
  0.0425  0.0410  0.0397  0.0399  0.0336  0.0359  0.0353  0.0348  0.0347  0.0361  0.0339  0.0332
  0.0413  0.0408  0.0401  0.0391  0.0353  0.0350  0.0343  0.0340  0.0339  0.0347  0.0337  0.0331
  0.0414  0.0412  0.0408  0.0398  0.0393  0.0339  0.0337  0.0336  0.0337  0.0337  0.0335  0.0333
  0.0427  0.0422  0.0417  0.0454  0.0448  0.0320  0.0336  0.0335  0.0340  0.0333  0.0333  0.0337
  0.0452  0.0436  0.0430  0.0591  0.0499  0.0331  0.0342  0.0347  0.0348  0.0341  0.0333  0.0342
  0.0488  0.0456  0.0446  0.0740  0.0543  0.0388  0.0354  0.0383  0.0361  0.0369  0.0336  0.0350
niter,ni,del,rscale     7    3    5.0000    1.2000
parameter 12  0.752781 ->  0.500000 qaram    1.1500
parameters
    0.0453   25.6552    3.4152   -9.3301  -16.9187   -6.4115
    5.5560    0.2423   -4.1435   25.4396    4.4425  -33.0141
eta,q 0.96798 20.01703
  0.0365  0.0387  0.0334  0.0366  0.0344  0.0357  0.0347  0.0352  0.0346  0.0355  0.0329  0.0321
  0.0349  0.0362  0.0328  0.0355  0.0333  0.0349  0.0338  0.0342  0.0337  0.0342  0.0327  0.0320
  0.0337  0.0343  0.0326  0.0341  0.0326  0.0341  0.0332  0.0335  0.0330  0.0333  0.0325  0.0321
  0.0331  0.0330  0.0325  0.0325  0.0332  0.0328  0.0328  0.0328  0.0327  0.0327  0.0324  0.0324
  0.0331  0.0325  0.0326  0.0321  0.0369  0.0309  0.0329  0.0324  0.0328  0.0323  0.0323  0.0328
  0.0339  0.0329  0.0331  0.0355  0.0430  0.0325  0.0333  0.0330  0.0334  0.0325  0.0325  0.0333
  0.0355  0.0341  0.0339  0.0465  0.0488  0.0387  0.0342  0.0354  0.0344  0.0338  0.0331  0.0338
niter,ni,del,rscale     7    3    5.0000    1.2000
parameters
    0.1577   26.4830    3.6246   -9.0296  -18.6601   -6.9110
    5.7629    0.2963   -4.4612   26.6680    5.3566  -33.7279
eta,q 0.96772 19.90638
  0.0344  0.0360  0.0331  0.0360  0.0353  0.0356  0.0341  0.0345  0.0337  0.0340  0.0329  0.0332
  0.0332  0.0341  0.0322  0.0348  0.0338  0.0346  0.0333  0.0335  0.0330  0.0330  0.0327  0.0325
  0.0324  0.0328  0.0319  0.0334  0.0325  0.0336  0.0327  0.0328  0.0325  0.0325  0.0325  0.0323
  0.0320  0.0320  0.0317  0.0317  0.0315  0.0320  0.0324  0.0324  0.0324  0.0324  0.0323  0.0323
  0.0322  0.0317  0.0318  0.0303  0.0321  0.0301  0.0325  0.0322  0.0326  0.0323  0.0323  0.0325
  0.0328  0.0320  0.0321  0.0313  0.0360  0.0324  0.0330  0.0328  0.0331  0.0324  0.0324  0.0329
  0.0341  0.0327  0.0327  0.0381  0.0423  0.0413  0.0341  0.0351  0.0340  0.0331  0.0328  0.0334
niter,ni,del,rscale     6    3    5.0000    1.2000
parameters
    0.0069   26.9016    3.4358   -9.1335  -19.5407   -7.4227
    6.1763    0.0240   -4.8120   27.7546    6.7236  -34.0727
eta,q 0.96713 19.84446
  0.0342  0.0347  0.0331  0.0363  0.0362  0.0361  0.0346  0.0348  0.0342  0.0340  0.0334  0.0337
  0.0331  0.0335  0.0326  0.0352  0.0348  0.0352  0.0338  0.0340  0.0335  0.0334  0.0333  0.0331
  0.0325  0.0327  0.0323  0.0339  0.0334  0.0342  0.0333  0.0334  0.0330  0.0331  0.0331  0.0329
  0.0323  0.0323  0.0322  0.0322  0.0323  0.0326  0.0330  0.0330  0.0330  0.0330  0.0329  0.0329
  0.0326  0.0323  0.0324  0.0309  0.0321  0.0308  0.0330  0.0328  0.0333  0.0329  0.0329  0.0330
  0.0334  0.0326  0.0328  0.0322  0.0347  0.0330  0.0335  0.0334  0.0337  0.0329  0.0329  0.0334
  0.0348  0.0334  0.0334  0.0398  0.0402  0.0417  0.0344  0.0360  0.0344  0.0336  0.0333  0.0337
niter,ni,del,rscale     5    3    5.0000    1.2000
parameters
   -0.1132   27.2184    3.1648   -9.2713  -20.2637   -8.0292
    6.5202   -0.2546   -5.1097   29.1920    7.6603  -34.0649
eta,q 0.96652 19.79591
  0.0347  0.0349  0.0336  0.0367  0.0366  0.0365  0.0351  0.0355  0.0348  0.0345  0.0340  0.0342
  0.0337  0.0339  0.0331  0.0357  0.0353  0.0357  0.0343  0.0347  0.0341  0.0341  0.0338  0.0337
  0.0330  0.0332  0.0329  0.0344  0.0341  0.0347  0.0338  0.0341  0.0337  0.0338  0.0337  0.0335
  0.0329  0.0329  0.0328  0.0328  0.0329  0.0332  0.0336  0.0336  0.0337  0.0337  0.0335  0.0335
  0.0332  0.0329  0.0330  0.0315  0.0325  0.0315  0.0337  0.0334  0.0339  0.0334  0.0334  0.0336
  0.0339  0.0333  0.0333  0.0327  0.0349  0.0339  0.0341  0.0341  0.0343  0.0334  0.0335  0.0338
  0.0352  0.0340  0.0339  0.0402  0.0400  0.0423  0.0349  0.0368  0.0349  0.0342  0.0339  0.0341
niter,ni,del,rscale     4    3    5.0000    1.2000
parameters
   -0.2137   27.6388    2.8288   -9.4018  -21.2500   -8.6755
    6.9342   -0.6241   -5.4850   31.2375    8.7487  -33.1390
eta,q 0.96603 19.72394
  0.0352  0.0355  0.0340  0.0370  0.0367  0.0369  0.0356  0.0361  0.0353  0.0352  0.0346  0.0346
  0.0342  0.0345  0.0336  0.0361  0.0356  0.0361  0.0349  0.0354  0.0348  0.0349  0.0344  0.0342
  0.0336  0.0338  0.0335  0.0349  0.0345  0.0353  0.0345  0.0348  0.0344  0.0346  0.0342  0.0340
  0.0335  0.0335  0.0334  0.0334  0.0335  0.0338  0.0343  0.0343  0.0343  0.0343  0.0340  0.0340
  0.0337  0.0335  0.0336  0.0321  0.0332  0.0323  0.0343  0.0341  0.0345  0.0340  0.0339  0.0340
  0.0344  0.0338  0.0339  0.0332  0.0356  0.0347  0.0347  0.0348  0.0349  0.0339  0.0340  0.0341
  0.0356  0.0344  0.0344  0.0404  0.0406  0.0422  0.0353  0.0376  0.0355  0.0348  0.0345  0.0343
niter,ni,del,rscale     3    3    5.0000    1.2000
parameters
   -0.3156   28.2127    2.5531   -9.6476  -22.7890   -9.4531
    7.4189   -0.9813   -5.7221   32.5310   11.4756  -29.6855
eta,q 0.96547 19.50628
  0.0357  0.0363  0.0345  0.0371  0.0368  0.0370  0.0360  0.0368  0.0360  0.0363  0.0352  0.0350
  0.0347  0.0351  0.0341  0.0363  0.0357  0.0365  0.0354  0.0361  0.0354  0.0358  0.0351  0.0348
  0.0341  0.0344  0.0339  0.0352  0.0349  0.0357  0.0350  0.0355  0.0351  0.0354  0.0349  0.0347
  0.0340  0.0340  0.0339  0.0339  0.0340  0.0344  0.0349  0.0349  0.0350  0.0350  0.0347  0.0346
  0.0342  0.0339  0.0340  0.0327  0.0340  0.0331  0.0350  0.0347  0.0352  0.0345  0.0346  0.0345
  0.0349  0.0341  0.0343  0.0337  0.0368  0.0357  0.0353  0.0356  0.0356  0.0344  0.0346  0.0345
  0.0359  0.0348  0.0348  0.0406  0.0419  0.0420  0.0358  0.0383  0.0361  0.0361  0.0349  0.0346
niter,ni,del,rscale     2    3    5.0000    1.2000
parameter 12 -0.720463 -> -0.500000 qaram    1.3225
parameters
   -0.3504   28.7127    2.6834  -10.1260  -24.6040  -10.4446
    7.1934   -0.7094   -5.7942   32.9236   13.2693  -24.9245
eta,q 0.96493 19.21715
  0.0364  0.0369  0.0355  0.0374  0.0372  0.0371  0.0365  0.0380  0.0366  0.0372  0.0359  0.0357
  0.0353  0.0357  0.0348  0.0366  0.0362  0.0367  0.0359  0.0372  0.0360  0.0365  0.0358  0.0355
  0.0347  0.0349  0.0345  0.0356  0.0353  0.0362  0.0356  0.0364  0.0356  0.0360  0.0356  0.0354
  0.0345  0.0345  0.0344  0.0344  0.0346  0.0350  0.0355  0.0355  0.0355  0.0355  0.0354  0.0352
  0.0348  0.0345  0.0345  0.0336  0.0348  0.0341  0.0358  0.0351  0.0356  0.0350  0.0352  0.0351
  0.0354  0.0347  0.0348  0.0348  0.0378  0.0364  0.0360  0.0359  0.0360  0.0352  0.0353  0.0351
  0.0365  0.0355  0.0353  0.0411  0.0428  0.0423  0.0364  0.0386  0.0367  0.0377  0.0357  0.0351
niter,ni,del,rscale     2    3    5.0000    1.2000
parameters
   -0.3225   28.9912    2.7687  -10.4747  -26.2585  -11.6075
    7.1259   -0.5017   -5.4358   33.0662   13.2632  -21.6962
eta,q 0.96424 18.99131
  0.0371  0.0372  0.0361  0.0379  0.0379  0.0373  0.0370  0.0384  0.0372  0.0379  0.0362  0.0364
  0.0359  0.0361  0.0355  0.0371  0.0367  0.0370  0.0363  0.0376  0.0365  0.0371  0.0361  0.0362
  0.0353  0.0354  0.0352  0.0361  0.0358  0.0364  0.0360  0.0368  0.0361  0.0364  0.0360  0.0360
  0.0351  0.0351  0.0350  0.0350  0.0352  0.0354  0.0359  0.0359  0.0359  0.0359  0.0358  0.0358
  0.0353  0.0351  0.0351  0.0344  0.0353  0.0349  0.0362  0.0355  0.0360  0.0355  0.0357  0.0358
  0.0359  0.0355  0.0354  0.0354  0.0380  0.0368  0.0365  0.0363  0.0364  0.0359  0.0359  0.0358
  0.0369  0.0364  0.0360  0.0408  0.0430  0.0427  0.0369  0.0392  0.0370  0.0387  0.0364  0.0360
niter,ni,del,rscale     1    3    5.0000    1.2000
parameters
   -0.4495   29.2840    2.2068  -10.3709  -27.3624  -12.9727
    7.4267   -0.6828   -5.4332   33.6640   12.0083  -20.7271
eta,q 0.96378 18.87042
  0.0372  0.0376  0.0360  0.0382  0.0386  0.0372  0.0374  0.0384  0.0376  0.0383  0.0362  0.0367
  0.0363  0.0367  0.0357  0.0376  0.0374  0.0369  0.0368  0.0377  0.0369  0.0375  0.0363  0.0365
  0.0358  0.0361  0.0357  0.0367  0.0363  0.0365  0.0364  0.0370  0.0365  0.0368  0.0363  0.0364
  0.0358  0.0358  0.0357  0.0357  0.0357  0.0358  0.0363  0.0363  0.0363  0.0363  0.0362  0.0362
  0.0360  0.0358  0.0358  0.0350  0.0356  0.0354  0.0364  0.0359  0.0365  0.0359  0.0361  0.0362
  0.0366  0.0361  0.0360  0.0355  0.0377  0.0369  0.0367  0.0368  0.0369  0.0362  0.0362  0.0363
  0.0374  0.0370  0.0365  0.0399  0.0422  0.0426  0.0372  0.0399  0.0375  0.0384  0.0366  0.0366
registration optimization eta report
parameter search radius
    2.4000    2.4000    2.7600    8.2800    9.5220    7.2000
    7.2000    7.2000    7.2000    7.2000    7.2000    9.5220
100000*second partial in parameter space
       26.       27.        7.        5.        5.        8.
        2.        6.        2.        4.        0.        0.
  0.0372  0.0376  0.0360  0.0382  0.0386  0.0372  0.0374  0.0384  0.0376  0.0383  0.0362  0.0367
  0.0363  0.0367  0.0357  0.0376  0.0374  0.0369  0.0368  0.0377  0.0369  0.0375  0.0363  0.0365
  0.0358  0.0361  0.0357  0.0367  0.0363  0.0365  0.0364  0.0370  0.0365  0.0368  0.0363  0.0364
  0.0358  0.0358  0.0357  0.0357  0.0357  0.0358  0.0363  0.0363  0.0363  0.0363  0.0362  0.0362
  0.0360  0.0358  0.0358  0.0350  0.0356  0.0354  0.0364  0.0359  0.0365  0.0359  0.0361  0.0362
  0.0366  0.0361  0.0360  0.0355  0.0377  0.0369  0.0367  0.0368  0.0369  0.0362  0.0362  0.0363
  0.0374  0.0370  0.0365  0.0399  0.0422  0.0426  0.0372  0.0399  0.0375  0.0384  0.0366  0.0366
   -0.4495   29.2840    2.2068  -10.3709  -27.3624  -12.9727
    7.4267   -0.6828   -5.4332   33.6640   12.0083  -20.7271
eta,q 0.96378 18.87042

---------------------------------------------------------------------
imgreg_4dfp /opt/freesurfer/average/711-2C_as_mni_average_305 /opt/freesurfer/average/711-2B_as_mni_average_305_mask talsrcimg_g11 none talsrcimg_to_711-2C_as_mni_average_305_t4 2311
---------------------------------------------------------------------

freesurfer imgreg_4dfp.c
/opt/freesurfer/average/711-2C_as_mni_average_305.4dfp.img
       256       256       256         1
  1.000000  1.000000  1.000000
orientation T byte_order littleendian
Reading image: /opt/freesurfer/average/711-2C_as_mni_average_305.4dfp.img
dimensions:      256       256       256
mmppix:       1.0000   -1.0000   -1.0000
center:     128.0000 -129.0000 -129.0000
/opt/freesurfer/average/711-2B_as_mni_average_305_mask.4dfp.img
       256       256       256         1
  1.000000  1.000000  1.000000
orientation T byte_order littleendian
Reading mask: /opt/freesurfer/average/711-2B_as_mni_average_305_mask.4dfp.img (2306576 pixels)
talsrcimg_g11.4dfp.img
       320       320       320         1
  0.700000  0.700000  0.700000
orientation T byte_order littleendian
Reading image: talsrcimg_g11.4dfp.img
dimensions:      320       320       320
mmppix:       0.7000   -0.7000   -0.7000
center:     112.0000 -112.7000 -112.7000
fimgreg.f
image alignment mode   2311 decimal      907 hex
parameters
   -0.4495   29.2840    2.2068  -10.3709  -27.3624  -12.9727
    7.4267   -0.6828   -5.4332   33.6640   12.0083  -20.7271
eta,q 0.96378 18.87042
niter,ni,del,rscale     5    3    5.0000    0.8000
parameter  3-40.463577 ->  0.500000 qaram    1.1500
parameter  4 -1.520643 -> -0.500000 qaram    1.1500
parameter 11  0.521422 ->  0.500000 qaram    1.1500
parameters
   -0.8461   29.6166    1.2868   -7.6109  -26.0290  -14.0962
    7.7023   -1.3454   -5.6303   33.9268    9.2483  -20.9863
eta,q 0.96475 19.13450
  0.0365  0.0370  0.0358  0.0374  0.0365  0.0358  0.0359  0.0365  0.0359  0.0364  0.0353  0.0354
  0.0363  0.0366  0.0359  0.0370  0.0360  0.0355  0.0356  0.0360  0.0356  0.0360  0.0353  0.0353
  0.0362  0.0363  0.0360  0.0364  0.0356  0.0353  0.0354  0.0355  0.0354  0.0356  0.0353  0.0353
  0.0362  0.0362  0.0361  0.0359  0.0353  0.0352  0.0352  0.0352  0.0353  0.0353  0.0353  0.0352
  0.0364  0.0362  0.0363  0.0355  0.0352  0.0353  0.0353  0.0354  0.0354  0.0352  0.0354  0.0353
  0.0366  0.0363  0.0364  0.0352  0.0352  0.0361  0.0354  0.0363  0.0357  0.0355  0.0356  0.0353
  0.0370  0.0365  0.0365  0.0352  0.0357  0.0379  0.0358  0.0382  0.0361  0.0365  0.0359  0.0355
niter,ni,del,rscale     7    3    5.0000    1.0000
parameter  3  0.891954 ->  0.500000 qaram    1.3225
parameters
   -0.8129   29.3349   -0.0357   -8.5860  -25.6690  -15.2474
    8.6440   -1.2522   -5.3696   34.3700    8.1156  -20.5430
eta,q 0.96461 19.04800
  0.0362  0.0360  0.0351  0.0371  0.0368  0.0359  0.0363  0.0371  0.0366  0.0369  0.0356  0.0358
  0.0357  0.0355  0.0351  0.0364  0.0362  0.0357  0.0359  0.0365  0.0360  0.0363  0.0355  0.0356
  0.0354  0.0353  0.0351  0.0358  0.0357  0.0355  0.0356  0.0359  0.0356  0.0358  0.0354  0.0354
  0.0352  0.0352  0.0352  0.0351  0.0354  0.0353  0.0355  0.0354  0.0354  0.0354  0.0354  0.0354
  0.0353  0.0354  0.0354  0.0347  0.0352  0.0351  0.0355  0.0352  0.0355  0.0353  0.0354  0.0354
  0.0356  0.0359  0.0356  0.0360  0.0355  0.0356  0.0356  0.0358  0.0358  0.0356  0.0355  0.0355
  0.0362  0.0367  0.0358  0.0417  0.0369  0.0383  0.0359  0.0376  0.0364  0.0369  0.0360  0.0357
niter,ni,del,rscale     7    3    5.0000    1.0000
parameters
   -0.8323   29.4781   -0.9772   -8.7647  -25.8777  -16.6716
    8.5816   -0.7992   -5.3404   34.9458    8.1933  -20.5947
eta,q 0.96465 18.99837
  0.0362  0.0367  0.0355  0.0372  0.0368  0.0358  0.0362  0.0370  0.0365  0.0369  0.0357  0.0357
  0.0357  0.0360  0.0353  0.0366  0.0362  0.0356  0.0358  0.0365  0.0359  0.0363  0.0356  0.0355
  0.0355  0.0356  0.0353  0.0360  0.0357  0.0355  0.0356  0.0360  0.0356  0.0358  0.0354  0.0354
  0.0354  0.0354  0.0354  0.0353  0.0354  0.0354  0.0355  0.0355  0.0354  0.0354  0.0354  0.0353
  0.0355  0.0355  0.0355  0.0347  0.0353  0.0353  0.0356  0.0353  0.0355  0.0353  0.0353  0.0354
  0.0358  0.0358  0.0357  0.0353  0.0359  0.0358  0.0358  0.0356  0.0359  0.0356  0.0354  0.0355
  0.0362  0.0363  0.0359  0.0390  0.0375  0.0384  0.0362  0.0371  0.0365  0.0367  0.0358  0.0357
niter,ni,del,rscale     6    3    5.0000    0.9000
parameters
   -0.7099   29.6568   -1.4610   -7.9654  -25.9201  -17.7872
    8.2507   -0.6767   -5.2924   35.4120    8.0333  -20.9018
eta,q 0.96492 19.05016
  0.0361  0.0364  0.0355  0.0369  0.0363  0.0355  0.0357  0.0365  0.0360  0.0364  0.0353  0.0353
  0.0357  0.0358  0.0354  0.0364  0.0358  0.0353  0.0354  0.0360  0.0355  0.0358  0.0352  0.0352
  0.0354  0.0355  0.0353  0.0359  0.0353  0.0352  0.0352  0.0355  0.0352  0.0354  0.0352  0.0351
  0.0354  0.0353  0.0353  0.0353  0.0351  0.0351  0.0351  0.0351  0.0351  0.0351  0.0351  0.0351
  0.0354  0.0354  0.0354  0.0347  0.0350  0.0351  0.0352  0.0350  0.0352  0.0350  0.0351  0.0351
  0.0356  0.0356  0.0356  0.0349  0.0354  0.0355  0.0354  0.0354  0.0355  0.0353  0.0352  0.0352
  0.0359  0.0361  0.0358  0.0370  0.0367  0.0370  0.0359  0.0368  0.0360  0.0362  0.0355  0.0354
niter,ni,del,rscale     5    3    5.0000    0.8000
parameters
   -0.5398   29.7307   -1.7200   -7.4917  -25.6929  -18.0275
    7.8705   -0.4776   -5.3085   35.5881    7.9857  -21.2600
eta,q 0.96512 19.10203
  0.0358  0.0358  0.0353  0.0365  0.0360  0.0353  0.0354  0.0361  0.0356  0.0359  0.0351  0.0351
  0.0354  0.0354  0.0351  0.0361  0.0355  0.0351  0.0351  0.0356  0.0352  0.0354  0.0350  0.0350
  0.0352  0.0352  0.0351  0.0356  0.0352  0.0350  0.0350  0.0352  0.0350  0.0351  0.0349  0.0349
  0.0351  0.0351  0.0351  0.0351  0.0349  0.0349  0.0349  0.0349  0.0349  0.0349  0.0349  0.0349
  0.0351  0.0351  0.0351  0.0346  0.0348  0.0348  0.0350  0.0348  0.0350  0.0349  0.0349  0.0349
  0.0352  0.0353  0.0352  0.0349  0.0351  0.0350  0.0352  0.0352  0.0352  0.0351  0.0350  0.0350
  0.0355  0.0357  0.0354  0.0367  0.0360  0.0356  0.0357  0.0362  0.0357  0.0359  0.0352  0.0351
niter,ni,del,rscale     4    3    5.0000    0.7000
parameters
   -0.4154   29.7166   -1.7965   -7.0104  -25.4604  -17.9657
    7.5125   -0.3305   -5.3720   35.6790    7.7878  -21.5842
eta,q 0.96530 19.15907
  0.0354  0.0354  0.0351  0.0361  0.0356  0.0351  0.0351  0.0358  0.0353  0.0355  0.0349  0.0348
  0.0352  0.0351  0.0350  0.0358  0.0352  0.0349  0.0349  0.0353  0.0350  0.0351  0.0348  0.0348
  0.0350  0.0349  0.0349  0.0353  0.0349  0.0348  0.0348  0.0350  0.0348  0.0349  0.0347  0.0347
  0.0349  0.0349  0.0349  0.0349  0.0347  0.0347  0.0347  0.0347  0.0347  0.0347  0.0347  0.0347
  0.0349  0.0349  0.0349  0.0345  0.0347  0.0347  0.0348  0.0347  0.0348  0.0347  0.0347  0.0347
  0.0350  0.0351  0.0350  0.0348  0.0349  0.0348  0.0350  0.0350  0.0350  0.0349  0.0348  0.0348
  0.0353  0.0354  0.0351  0.0362  0.0356  0.0352  0.0354  0.0359  0.0353  0.0356  0.0350  0.0349
niter,ni,del,rscale     3    3    5.0000    0.6000
parameters
   -0.3524   29.6906   -1.8046   -6.5351  -25.2275  -17.7183
    7.1935   -0.2403   -5.4873   35.6994    7.4569  -21.8547
eta,q 0.96545 19.21654
  0.0351  0.0351  0.0349  0.0358  0.0352  0.0349  0.0349  0.0354  0.0350  0.0352  0.0347  0.0347
  0.0349  0.0349  0.0348  0.0355  0.0350  0.0348  0.0347  0.0350  0.0347  0.0349  0.0346  0.0346
  0.0348  0.0347  0.0347  0.0351  0.0348  0.0347  0.0346  0.0348  0.0346  0.0347  0.0346  0.0346
  0.0347  0.0347  0.0347  0.0347  0.0346  0.0346  0.0346  0.0346  0.0345  0.0345  0.0345  0.0346
  0.0347  0.0347  0.0347  0.0345  0.0346  0.0345  0.0346  0.0345  0.0346  0.0346  0.0346  0.0346
  0.0348  0.0349  0.0348  0.0347  0.0347  0.0346  0.0348  0.0348  0.0348  0.0348  0.0346  0.0346
  0.0351  0.0351  0.0349  0.0358  0.0352  0.0349  0.0351  0.0355  0.0351  0.0353  0.0348  0.0347
niter,ni,del,rscale     2    3    5.0000    0.5000
parameters
   -0.3470   29.6655   -1.7420   -6.0446  -25.0106  -17.3472
    6.8720   -0.1659   -5.6669   35.6785    7.0076  -22.1271
eta,q 0.96557 19.27618
  0.0349  0.0348  0.0347  0.0355  0.0349  0.0347  0.0347  0.0351  0.0347  0.0349  0.0345  0.0345
  0.0347  0.0347  0.0346  0.0352  0.0347  0.0346  0.0345  0.0348  0.0346  0.0347  0.0345  0.0345
  0.0346  0.0346  0.0346  0.0349  0.0346  0.0345  0.0345  0.0346  0.0345  0.0345  0.0344  0.0344
  0.0346  0.0346  0.0346  0.0346  0.0345  0.0345  0.0344  0.0344  0.0344  0.0344  0.0344  0.0344
  0.0346  0.0346  0.0346  0.0344  0.0344  0.0344  0.0345  0.0344  0.0345  0.0344  0.0345  0.0344
  0.0347  0.0347  0.0346  0.0346  0.0346  0.0345  0.0346  0.0346  0.0346  0.0346  0.0345  0.0345
  0.0349  0.0349  0.0347  0.0353  0.0349  0.0347  0.0349  0.0352  0.0348  0.0350  0.0347  0.0345
niter,ni,del,rscale     1    3    5.0000    0.4000
parameters
   -0.3966   29.6459   -1.6547   -5.5207  -24.7846  -16.9854
    6.4902   -0.0676   -5.9023   35.6037    6.5405  -22.4056
eta,q 0.96569 19.33558
  0.0346  0.0346  0.0346  0.0352  0.0347  0.0345  0.0345  0.0348  0.0345  0.0346  0.0344  0.0344
  0.0345  0.0345  0.0345  0.0349  0.0345  0.0345  0.0344  0.0346  0.0344  0.0345  0.0344  0.0343
  0.0344  0.0344  0.0344  0.0347  0.0344  0.0344  0.0343  0.0344  0.0343  0.0344  0.0343  0.0343
  0.0344  0.0344  0.0344  0.0344  0.0343  0.0343  0.0343  0.0343  0.0343  0.0343  0.0343  0.0343
  0.0345  0.0345  0.0344  0.0343  0.0343  0.0343  0.0344  0.0343  0.0343  0.0343  0.0343  0.0343
  0.0345  0.0345  0.0345  0.0344  0.0344  0.0343  0.0345  0.0345  0.0344  0.0344  0.0344  0.0343
  0.0347  0.0346  0.0345  0.0349  0.0346  0.0345  0.0346  0.0348  0.0346  0.0347  0.0345  0.0344
registration optimization eta report
parameter search radius
    0.8000    0.8000    1.0580    2.7600    2.4000    2.4000
    2.4000    2.4000    2.4000    2.4000    2.7600    2.4000
100000*second partial in parameter space
       35.       32.        9.        8.        5.        3.
        4.        9.        4.        6.        2.        1.
  0.0346  0.0346  0.0346  0.0352  0.0347  0.0345  0.0345  0.0348  0.0345  0.0346  0.0344  0.0344
  0.0345  0.0345  0.0345  0.0349  0.0345  0.0345  0.0344  0.0346  0.0344  0.0345  0.0344  0.0343
  0.0344  0.0344  0.0344  0.0347  0.0344  0.0344  0.0343  0.0344  0.0343  0.0344  0.0343  0.0343
  0.0344  0.0344  0.0344  0.0344  0.0343  0.0343  0.0343  0.0343  0.0343  0.0343  0.0343  0.0343
  0.0345  0.0345  0.0344  0.0343  0.0343  0.0343  0.0344  0.0343  0.0343  0.0343  0.0343  0.0343
  0.0345  0.0345  0.0345  0.0344  0.0344  0.0343  0.0345  0.0345  0.0344  0.0344  0.0344  0.0343
  0.0347  0.0346  0.0345  0.0349  0.0346  0.0345  0.0346  0.0348  0.0346  0.0347  0.0345  0.0344
   -0.3966   29.6459   -1.6547   -5.5207  -24.7846  -16.9854
    6.4902   -0.0676   -5.9023   35.6037    6.5405  -22.4056
eta,q 0.96569 19.33558

---------------------------------------------------------------------
imgreg_4dfp /opt/freesurfer/average/711-2C_as_mni_average_305 /opt/freesurfer/average/711-2B_as_mni_average_305_mask talsrcimg_g11 none talsrcimg_to_711-2C_as_mni_average_305_t4 2311
---------------------------------------------------------------------

freesurfer imgreg_4dfp.c
/opt/freesurfer/average/711-2C_as_mni_average_305.4dfp.img
       256       256       256         1
  1.000000  1.000000  1.000000
orientation T byte_order littleendian
Reading image: /opt/freesurfer/average/711-2C_as_mni_average_305.4dfp.img
dimensions:      256       256       256
mmppix:       1.0000   -1.0000   -1.0000
center:     128.0000 -129.0000 -129.0000
/opt/freesurfer/average/711-2B_as_mni_average_305_mask.4dfp.img
       256       256       256         1
  1.000000  1.000000  1.000000
orientation T byte_order littleendian
Reading mask: /opt/freesurfer/average/711-2B_as_mni_average_305_mask.4dfp.img (2306576 pixels)
talsrcimg_g11.4dfp.img
       320       320       320         1
  0.700000  0.700000  0.700000
orientation T byte_order littleendian
Reading image: talsrcimg_g11.4dfp.img
dimensions:      320       320       320
mmppix:       0.7000   -0.7000   -0.7000
center:     112.0000 -112.7000 -112.7000
fimgreg.f
image alignment mode   2311 decimal      907 hex
parameters
   -0.3966   29.6459   -1.6547   -5.5207  -24.7846  -16.9854
    6.4902   -0.0676   -5.9023   35.6037    6.5405  -22.4056
eta,q 0.96569 19.33558
niter,ni,del,rscale     5    3    5.0000    0.8000
parameters
   -0.4951   29.6114   -1.5142   -6.5210  -25.4168  -17.1392
    7.6021   -0.5475   -5.2457   35.6178    7.2058  -21.9357
eta,q 0.96542 19.21319
  0.0352  0.0351  0.0346  0.0356  0.0354  0.0351  0.0353  0.0357  0.0355  0.0355  0.0348  0.0349
  0.0347  0.0347  0.0345  0.0352  0.0351  0.0349  0.0350  0.0352  0.0351  0.0351  0.0347  0.0347
  0.0344  0.0344  0.0343  0.0347  0.0348  0.0348  0.0348  0.0348  0.0348  0.0348  0.0347  0.0346
  0.0343  0.0343  0.0343  0.0343  0.0346  0.0346  0.0346  0.0346  0.0346  0.0346  0.0346  0.0346
  0.0345  0.0344  0.0343  0.0343  0.0346  0.0345  0.0345  0.0346  0.0346  0.0346  0.0346  0.0346
  0.0348  0.0347  0.0344  0.0358  0.0352  0.0347  0.0346  0.0352  0.0348  0.0349  0.0346  0.0346
  0.0355  0.0352  0.0345  0.0400  0.0365  0.0354  0.0349  0.0368  0.0352  0.0358  0.0348  0.0348
niter,ni,del,rscale     4    3    5.0000    0.7000
parameters
   -0.4913   29.6574   -1.4832   -6.5964  -25.4561  -17.1551
    7.4717   -0.5577   -5.3244   35.6863    7.3561  -21.8308
eta,q 0.96541 19.20929
  0.0352  0.0352  0.0347  0.0358  0.0354  0.0349  0.0351  0.0356  0.0352  0.0354  0.0348  0.0348
  0.0349  0.0349  0.0346  0.0354  0.0350  0.0348  0.0349  0.0352  0.0349  0.0350  0.0347  0.0347
  0.0347  0.0346  0.0346  0.0350  0.0348  0.0347  0.0347  0.0348  0.0347  0.0348  0.0346  0.0346
  0.0346  0.0346  0.0346  0.0346  0.0346  0.0346  0.0346  0.0346  0.0346  0.0346  0.0346  0.0346
  0.0346  0.0346  0.0346  0.0344  0.0346  0.0345  0.0346  0.0346  0.0347  0.0346  0.0346  0.0346
  0.0348  0.0348  0.0346  0.0349  0.0349  0.0346  0.0348  0.0349  0.0349  0.0348  0.0346  0.0347
  0.0353  0.0351  0.0347  0.0365  0.0356  0.0351  0.0352  0.0359  0.0352  0.0355  0.0348  0.0348
niter,ni,del,rscale     3    3    5.0000    0.6000
parameters
   -0.4507   29.6524   -1.5432   -6.1707  -25.3079  -17.1631
    7.1542   -0.4602   -5.5200   35.6913    7.0738  -21.9170
eta,q 0.96551 19.24990
  0.0351  0.0350  0.0347  0.0356  0.0351  0.0348  0.0348  0.0354  0.0349  0.0351  0.0346  0.0346
  0.0348  0.0348  0.0346  0.0353  0.0349  0.0347  0.0347  0.0350  0.0347  0.0348  0.0346  0.0345
  0.0347  0.0346  0.0346  0.0349  0.0347  0.0346  0.0345  0.0347  0.0345  0.0346  0.0345  0.0345
  0.0346  0.0346  0.0346  0.0346  0.0345  0.0345  0.0345  0.0345  0.0345  0.0345  0.0345  0.0345
  0.0346  0.0346  0.0346  0.0344  0.0345  0.0345  0.0345  0.0345  0.0345  0.0345  0.0345  0.0345
  0.0348  0.0348  0.0346  0.0346  0.0347  0.0346  0.0347  0.0347  0.0347  0.0347  0.0346  0.0346
  0.0350  0.0350  0.0347  0.0355  0.0352  0.0349  0.0351  0.0355  0.0350  0.0352  0.0347  0.0346
niter,ni,del,rscale     2    3    5.0000    0.5000
parameters
   -0.4637   29.6495   -1.5868   -5.7139  -25.0635  -16.9652
    6.7931   -0.3659   -5.7396   35.6553    6.6957  -22.1476
eta,q 0.96562 19.30269
  0.0348  0.0348  0.0346  0.0353  0.0349  0.0346  0.0346  0.0351  0.0346  0.0348  0.0345  0.0345
  0.0346  0.0346  0.0345  0.0350  0.0347  0.0345  0.0345  0.0348  0.0345  0.0346  0.0344  0.0344
  0.0345  0.0345  0.0345  0.0347  0.0345  0.0345  0.0344  0.0345  0.0344  0.0345  0.0344  0.0344
  0.0345  0.0345  0.0345  0.0345  0.0344  0.0344  0.0344  0.0344  0.0344  0.0344  0.0344  0.0344
  0.0345  0.0345  0.0345  0.0344  0.0344  0.0344  0.0344  0.0344  0.0344  0.0344  0.0344  0.0344
  0.0346  0.0346  0.0345  0.0345  0.0345  0.0344  0.0346  0.0346  0.0345  0.0346  0.0345  0.0344
  0.0348  0.0348  0.0346  0.0351  0.0348  0.0347  0.0348  0.0351  0.0347  0.0349  0.0346  0.0345
niter,ni,del,rscale     1    3    5.0000    0.4000
parameters
   -0.5143   29.6445   -1.5580   -5.2341  -24.8080  -16.6431
    6.3409   -0.2673   -6.0111   35.5862    6.3250  -22.5066
eta,q 0.96573 19.35975
  0.0346  0.0346  0.0344  0.0350  0.0346  0.0345  0.0344  0.0348  0.0344  0.0346  0.0343  0.0343
  0.0345  0.0345  0.0344  0.0348  0.0345  0.0344  0.0343  0.0346  0.0343  0.0344  0.0343  0.0343
  0.0344  0.0344  0.0344  0.0346  0.0344  0.0343  0.0343  0.0344  0.0343  0.0343  0.0343  0.0343
  0.0344  0.0344  0.0344  0.0344  0.0343  0.0343  0.0343  0.0343  0.0343  0.0343  0.0343  0.0343
  0.0344  0.0344  0.0344  0.0343  0.0343  0.0343  0.0343  0.0343  0.0343  0.0343  0.0343  0.0343
  0.0345  0.0345  0.0344  0.0344  0.0344  0.0343  0.0344  0.0344  0.0344  0.0344  0.0343  0.0343
  0.0346  0.0346  0.0344  0.0348  0.0346  0.0344  0.0346  0.0348  0.0345  0.0347  0.0344  0.0344
registration optimization eta report
parameter search radius
    0.8000    0.8000    0.8000    2.4000    2.4000    2.4000
    2.4000    2.4000    2.4000    2.4000    2.4000    2.4000
100000*second partial in parameter space
       37.       32.        9.        9.        5.        3.
        4.        9.        4.        6.        2.        1.
  0.0346  0.0346  0.0344  0.0350  0.0346  0.0345  0.0344  0.0348  0.0344  0.0346  0.0343  0.0343
  0.0345  0.0345  0.0344  0.0348  0.0345  0.0344  0.0343  0.0346  0.0343  0.0344  0.0343  0.0343
  0.0344  0.0344  0.0344  0.0346  0.0344  0.0343  0.0343  0.0344  0.0343  0.0343  0.0343  0.0343
  0.0344  0.0344  0.0344  0.0344  0.0343  0.0343  0.0343  0.0343  0.0343  0.0343  0.0343  0.0343
  0.0344  0.0344  0.0344  0.0343  0.0343  0.0343  0.0343  0.0343  0.0343  0.0343  0.0343  0.0343
  0.0345  0.0345  0.0344  0.0344  0.0344  0.0343  0.0344  0.0344  0.0344  0.0344  0.0343  0.0343
  0.0346  0.0346  0.0344  0.0348  0.0346  0.0344  0.0346  0.0348  0.0345  0.0347  0.0344  0.0344
   -0.5143   29.6445   -1.5580   -5.2341  -24.8080  -16.6431
    6.3409   -0.2673   -6.0111   35.5862    6.3250  -22.5066
eta,q 0.96573 19.35975

---------------------------------------------------------------------
compute_vox2vox talsrcimg talsrcimg_to_711-2C_as_mni_average_305_t4 /opt/freesurfer/average/711-2C_as_mni_average_305
---------------------------------------------------------------------

freesurfer compute_vox2vox.c
Reading: talsrcimg.4dfp.ifh
Reading: talsrcimg_to_711-2C_as_mni_average_305_t4
Reading: /opt/freesurfer/average/711-2C_as_mni_average_305.4dfp.ifh
Writing: talsrcimg_to_711-2C_as_mni_average_305_t4_vox2vox.txt

start time Fri Mar 13 07:21:40 CET 2026
end		time Fri Mar 13 07:22:02 CET 2026

mpr2mni305 success

avi2talxfm orig_nu.mgz /opt/freesurfer/average/mni305.cor.mgz talsrcimg_to_711-2C_as_mni_average_305_t4_vox2vox.txt transforms/talairach.auto.xfm
avi2talxfm done
mv -f /out/sourcedata/freesurfer/sub-v2s5x29551_ses-1/mri/talsrcimg_to_711-2C_as_mni_average_305_t4_vox2vox.txt /out/sourcedata/freesurfer/sub-v2s5x29551_ses-1/mri/transforms/talsrcimg_to_711-2C_as_mni_average_305_t4_vox2vox.txt
lta_convert --src orig_nu.mgz --trg /opt/freesurfer/average/mni305.cor.mgz --inxfm transforms/talairach.auto.xfm --outlta transforms/talairach.auto.xfm.lta --subject fsaverage
7.3.2

--src: orig_nu.mgz src image (geometry).
--trg: /opt/freesurfer/average/mni305.cor.mgz trg image (geometry).
--inmni: transforms/talairach.auto.xfm input MNI/XFM transform.
--outlta: transforms/talairach.auto.xfm.lta output LTA.
--s: fsaverage subject name
 LTA read, type : 1
 1.04789   0.03643  -0.07746  -0.60921;
-0.05045   1.06198   0.32213  -19.15783;
 0.10765  -0.49969   1.17128   22.35638;
 0.00000   0.00000   0.00000   1.00000;
setting subject to fsaverage
Writing  LTA to file transforms/talairach.auto.xfm.lta...
lta_convert successful.
 
 
Started at Fri Mar 13 07:21:40 CET 2026
Ended   at Fri Mar 13 07:22:02 CET 2026
talairach_avi done
