/out/sourcedata/freesurfer/sub-v2s5x29548_ses-1/mri
/opt/freesurfer/bin/talairach_avi
--i orig_nu.mgz --xfm transforms/talairach.auto.xfm
talairach_avi 7.3.2
Linux dna063 5.14.0-427.37.1.el9_4.x86_64 #1 SMP PREEMPT_DYNAMIC Fri Sep 13 12:41:50 EDT 2024 x86_64 x86_64 x86_64 GNU/Linux
Fri Mar 13 07:15:35 CET 2026
mri_convert orig_nu.mgz talsrcimg.img 
reading from orig_nu.mgz...
TR=0.00, TE=0.00, TI=0.00, flip angle=0.00
i_ras = (-1, 0, 0)
j_ras = (0, 0, -1)
k_ras = (0, 1, 0)
writing to talsrcimg.img...
Analyze Output Matrix
-0.70000   0.00000   0.00000   115.95750;
 0.00000   0.00000   0.70000  -91.44600;
 0.00000  -0.70000   0.00000   98.69940;
 0.00000   0.00000   0.00000   1.00000;
--------------------
INFO: set hdr.hist.orient to -1
mpr2mni305 talsrcimg
Fri Mar 13 07:15:35 CET 2026
/opt/freesurfer/bin/mpr2mni305 talsrcimg
mpr2mni305 7.3.2
target=711-2C_as_mni_average_305

---------------------------------------------------------------------
analyzeto4dfp talsrcimg -O0 -y
---------------------------------------------------------------------

freesurfer ifh2hdr.c
Fri Mar 13 07:15:36 2026
Writing: talsrcimg.4dfp.hdr
freesurfer analyzeto4dfp.c
Reading: talsrcimg.hdr
header size 348 bytes
hdr.dime.datatype	offset=70	value=2
hdr.dime.bitpix		offset=72	value=8
hdr.hist.orient		offset=252	value=-1
dimensionality     4
dimensions       320       320       320         1
Reading: talsrcimg.img
Writing: talsrcimg.4dfp.img
Writing: talsrcimg.4dfp.ifh
ifh2hdr talsrcimg -r0to220
ori=2

---------------------------------------------------------------------
gauss_4dfp talsrcimg 1.1
---------------------------------------------------------------------

freesurfer gauss_4dfp.c
Reading: talsrcimg.4dfp.img
Writing: talsrcimg_g11.4dfp.img
image dimensions 320 320 320 padded to 384 384 384
processing volume 1freesurfer ifh2hdr.c
Fri Mar 13 07:15:52 2026
Writing: talsrcimg_g11.4dfp.hdr

Writing: talsrcimg_g11.4dfp.ifh
including: talsrcimg.4dfp.img.rec in talsrcimg_g11.4dfp.img.rec

---------------------------------------------------------------------
imgreg_4dfp /opt/freesurfer/average/711-2C_as_mni_average_305 none talsrcimg_g11 none talsrcimg_to_711-2C_as_mni_average_305_t4 4355
---------------------------------------------------------------------

freesurfer imgreg_4dfp.c
/opt/freesurfer/average/711-2C_as_mni_average_305.4dfp.img
       256       256       256         1
  1.000000  1.000000  1.000000
orientation T byte_order littleendian
Reading image: /opt/freesurfer/average/711-2C_as_mni_average_305.4dfp.img
dimensions:      256       256       256
mmppix:       1.0000   -1.0000   -1.0000
center:     128.0000 -129.0000 -129.0000
talsrcimg_g11.4dfp.img
       320       320       320         1
  0.700000  0.700000  0.700000
orientation T byte_order littleendian
Reading image: talsrcimg_g11.4dfp.img
dimensions:      320       320       320
mmppix:       0.7000   -0.7000   -0.7000
center:     112.0000 -112.7000 -112.7000
t4_read: open error in t4_sub.f l:  41 t4_file(1:l)talsrcimg_to_711-2C_as_mni_average_305_t4 
t4_read: transform initialized to I4
rotation matrix determinant  1.000000
image alignment mode   4355 decimal     1103 hex
   -7.5000  -45.0000  -45.0000 4442.0913   24.3260
    0.0000  -45.0000  -45.0000 4710.3921   24.2782
    7.5000  -45.0000  -45.0000 4479.0986   24.2502
   -7.5000  -37.5000  -45.0000 4760.9404   24.3905
    0.0000  -37.5000  -45.0000 5044.4751   24.3432
    7.5000  -37.5000  -45.0000 4792.6968   24.3262
   -7.5000  -30.0000  -45.0000 5145.9990   23.9210
    0.0000  -30.0000  -45.0000 5451.2798   23.8477
    7.5000  -30.0000  -45.0000 5173.8301   23.8084
   -7.5000  -22.5000  -45.0000 5414.5190   22.9421
    0.0000  -22.5000  -45.0000 5729.7251   22.8603
    7.5000  -22.5000  -45.0000 5446.3486   22.8025
   -7.5000  -15.0000  -45.0000 5903.1104   22.1538
    0.0000  -15.0000  -45.0000 6242.4160   22.0874
    7.5000  -15.0000  -45.0000 5937.6396   22.0407
   -7.5000   -7.5000  -45.0000 6367.0405   21.5045
    0.0000   -7.5000  -45.0000 6733.0850   21.4619
    7.5000   -7.5000  -45.0000 6411.7339   21.4415
   -7.5000    0.0000  -45.0000 6923.7412   21.3061
    0.0000    0.0000  -45.0000 7325.5239   21.2796
    7.5000    0.0000  -45.0000 6976.7954   21.2792
   -7.5000    7.5000  -45.0000 6924.4810   21.2911
    0.0000    7.5000  -45.0000 7316.1348   21.2599
    7.5000    7.5000  -45.0000 6960.9658   21.2554
   -7.5000   15.0000  -45.0000 6884.3228   21.0044
    0.0000   15.0000  -45.0000 7277.1045   20.9537
    7.5000   15.0000  -45.0000 6910.7163   20.9248
   -7.5000   22.5000  -45.0000 6716.1665   20.4828
    0.0000   22.5000  -45.0000 7124.3525   20.4197
    7.5000   22.5000  -45.0000 6759.2827   20.3739
   -7.5000   30.0000  -45.0000 6692.5352   20.4697
    0.0000   30.0000  -45.0000 7123.9863   20.4121
    7.5000   30.0000  -45.0000 6738.1968   20.3709
   -7.5000   37.5000  -45.0000 6408.7822   19.8100
    0.0000   37.5000  -45.0000 6830.1440   19.7716
    7.5000   37.5000  -45.0000 6465.6284   19.7530
   -7.5000   45.0000  -45.0000 6074.8560   19.0719
    0.0000   45.0000  -45.0000 6465.8696   19.0481
    7.5000   45.0000  -45.0000 6139.5654   19.0478
   -7.5000  -45.0000  -37.5000 4675.1924   25.3302
    0.0000  -45.0000  -37.5000 4963.8652   25.2718
    7.5000  -45.0000  -37.5000 4709.5098   25.2408
   -7.5000  -37.5000  -37.5000 5030.9590   25.4017
    0.0000  -37.5000  -37.5000 5335.6045   25.3450
    7.5000  -37.5000  -37.5000 5064.9668   25.3204
   -7.5000  -30.0000  -37.5000 5465.2715   24.8814
    0.0000  -30.0000  -37.5000 5790.3433   24.8016
    7.5000  -30.0000  -37.5000 5503.8467   24.7520
   -7.5000  -22.5000  -37.5000 5763.8740   23.8797
    0.0000  -22.5000  -37.5000 6098.6133   23.7928
    7.5000  -22.5000  -37.5000 5812.3115   23.7240
   -7.5000  -15.0000  -37.5000 6299.2095   23.0774
    0.0000  -15.0000  -37.5000 6662.4800   23.0054
    7.5000  -15.0000  -37.5000 6357.3906   22.9520
   -7.5000   -7.5000  -37.5000 6826.1333   22.4147
    0.0000   -7.5000  -37.5000 7203.1157   22.3635
    7.5000   -7.5000  -37.5000 6887.2256   22.3372
   -7.5000    0.0000  -37.5000 7420.9810   22.2049
    0.0000    0.0000  -37.5000 7844.3057   22.1681
    7.5000    0.0000  -37.5000 7504.5156   22.1597
   -7.5000    7.5000  -37.5000 7412.8931   22.1774
    0.0000    7.5000  -37.5000 7832.0610   22.1376
    7.5000    7.5000  -37.5000 7471.0054   22.1236
   -7.5000   15.0000  -37.5000 7357.4258   21.8749
    0.0000   15.0000  -37.5000 7769.9585   21.8180
    7.5000   15.0000  -37.5000 7395.1689   21.7793
   -7.5000   22.5000  -37.5000 7169.8228   21.3494
    0.0000   22.5000  -37.5000 7593.9609   21.2813
    7.5000   22.5000  -37.5000 7215.0884   21.2267
   -7.5000   30.0000  -37.5000 7170.9614   21.3450
    0.0000   30.0000  -37.5000 7613.6475   21.2818
    7.5000   30.0000  -37.5000 7220.2598   21.2345
   -7.5000   37.5000  -37.5000 6881.8853   20.6654
    0.0000   37.5000  -37.5000 7309.9263   20.6192
    7.5000   37.5000  -37.5000 6947.7188   20.5951
   -7.5000   45.0000  -37.5000 6533.4067   19.8764
    0.0000   45.0000  -37.5000 6932.4766   19.8435
    7.5000   45.0000  -37.5000 6608.7744   19.8360
   -7.5000  -45.0000  -30.0000 4907.3135   26.2910
    0.0000  -45.0000  -30.0000 5214.7192   26.2326
    7.5000  -45.0000  -30.0000 4950.8115   26.2010
   -7.5000  -37.5000  -30.0000 5300.1196   26.3745
    0.0000  -37.5000  -30.0000 5627.9062   26.3178
    7.5000  -37.5000  -30.0000 5356.7856   26.2915
   -7.5000  -30.0000  -30.0000 5789.4351   25.8266
    0.0000  -30.0000  -30.0000 6139.3657   25.7512
    7.5000  -30.0000  -30.0000 5848.8345   25.6972
   -7.5000  -22.5000  -30.0000 6123.4585   24.8014
    0.0000  -22.5000  -30.0000 6473.4424   24.7209
    7.5000  -22.5000  -30.0000 6185.0474   24.6451
   -7.5000  -15.0000  -30.0000 6693.1001   23.9788
    0.0000  -15.0000  -30.0000 7066.4546   23.9117
    7.5000  -15.0000  -30.0000 6770.2422   23.8512
   -7.5000   -7.5000  -30.0000 7261.5200   23.2905
    0.0000   -7.5000  -30.0000 7661.4404   23.2405
    7.5000   -7.5000  -30.0000 7345.5654   23.2083
   -7.5000    0.0000  -30.0000 7910.5815   23.0630
    0.0000    0.0000  -30.0000 8357.8857   23.0260
    7.5000    0.0000  -30.0000 8029.6841   23.0129
   -7.5000    7.5000  -30.0000 7898.2798   23.0262
    0.0000    7.5000  -30.0000 8362.8076   22.9878
    7.5000    7.5000  -30.0000 7988.8027   22.9702
   -7.5000   15.0000  -30.0000 7851.4731   22.7193
    0.0000   15.0000  -30.0000 8314.2451   22.6662
    7.5000   15.0000  -30.0000 7914.6245   22.6232
   -7.5000   22.5000  -30.0000 7659.9067   22.1980
    0.0000   22.5000  -30.0000 8141.6714   22.1347
    7.5000   22.5000  -30.0000 7726.6738   22.0741
   -7.5000   30.0000  -30.0000 7664.0464   22.1989
    0.0000   30.0000  -30.0000 8167.6104   22.1395
    7.5000   30.0000  -30.0000 7735.4189   22.0857
   -7.5000   37.5000  -30.0000 7344.3335   21.5053
    0.0000   37.5000  -30.0000 7808.6621   21.4602
    7.5000   37.5000  -30.0000 7416.9595   21.4306
   -7.5000   45.0000  -30.0000 6954.3618   20.6773
    0.0000   45.0000  -30.0000 7376.9844   20.6442
    7.5000   45.0000  -30.0000 7052.9878   20.6324
   -7.5000  -45.0000  -22.5000 5016.0747   26.2323
    0.0000  -45.0000  -22.5000 5325.3779   26.1826
    7.5000  -45.0000  -22.5000 5074.8115   26.1555
   -7.5000  -37.5000  -22.5000 5444.7510   26.3156
    0.0000  -37.5000  -22.5000 5768.4160   26.2659
    7.5000  -37.5000  -22.5000 5515.3652   26.2475
   -7.5000  -30.0000  -22.5000 5966.0908   25.7958
    0.0000  -30.0000  -22.5000 6305.2969   25.7292
    7.5000  -30.0000  -22.5000 6033.0649   25.6827
   -7.5000  -22.5000  -22.5000 6298.3931   24.7752
    0.0000  -22.5000  -22.5000 6647.9893   24.7048
    7.5000  -22.5000  -22.5000 6368.6445   24.6333
   -7.5000  -15.0000  -22.5000 6889.7090   23.9507
    0.0000  -15.0000  -22.5000 7263.6445   23.8927
    7.5000  -15.0000  -22.5000 6970.4302   23.8320
   -7.5000   -7.5000  -22.5000 7483.6602   23.2559
    0.0000   -7.5000  -22.5000 7908.5596   23.2149
    7.5000   -7.5000  -22.5000 7582.4995   23.1828
   -7.5000    0.0000  -22.5000 8204.5684   23.0249
    0.0000    0.0000  -22.5000 8680.6396   22.9966
    7.5000    0.0000  -22.5000 8327.0215   22.9879
   -7.5000    7.5000  -22.5000 8220.8740   22.9960
    0.0000    7.5000  -22.5000 8710.4492   22.9657
    7.5000    7.5000  -22.5000 8312.3711   22.9551
   -7.5000   15.0000  -22.5000 8172.7329   22.6997
    0.0000   15.0000  -22.5000 8678.5908   22.6547
    7.5000   15.0000  -22.5000 8240.6611   22.6183
   -7.5000   22.5000  -22.5000 7975.4912   22.1811
    0.0000   22.5000  -22.5000 8502.8652   22.1261
    7.5000   22.5000  -22.5000 8040.2920   22.0687
   -7.5000   30.0000  -22.5000 7966.4609   22.1758
    0.0000   30.0000  -22.5000 8518.3721   22.1246
    7.5000   30.0000  -22.5000 8040.7437   22.0705
   -7.5000   37.5000  -22.5000 7628.6509   21.4736
    0.0000   37.5000  -22.5000 8135.3755   21.4366
    7.5000   37.5000  -22.5000 7725.4067   21.4072
   -7.5000   45.0000  -22.5000 7224.1646   20.6432
    0.0000   45.0000  -22.5000 7692.1221   20.6179
    7.5000   45.0000  -22.5000 7344.6597   20.6100
   -7.5000  -45.0000  -15.0000 5227.8350   27.2001
    0.0000  -45.0000  -15.0000 5551.2817   27.1547
    7.5000  -45.0000  -15.0000 5288.2603   27.1330
   -7.5000  -37.5000  -15.0000 5688.7031   27.3200
    0.0000  -37.5000  -15.0000 6039.0063   27.2742
    7.5000  -37.5000  -15.0000 5757.7095   27.2656
   -7.5000  -30.0000  -15.0000 6253.4814   26.7601
    0.0000  -30.0000  -15.0000 6611.2881   26.6931
    7.5000  -30.0000  -15.0000 6316.6973   26.6565
   -7.5000  -22.5000  -15.0000 6622.3892   25.6981
    0.0000  -22.5000  -15.0000 6977.8076   25.6249
    7.5000  -22.5000  -15.0000 6682.1968   25.5618
   -7.5000  -15.0000  -15.0000 7261.5151   24.8341
    0.0000  -15.0000  -15.0000 7650.7266   24.7744
    7.5000  -15.0000  -15.0000 7327.6221   24.7179
   -7.5000   -7.5000  -15.0000 7907.8984   24.1092
    0.0000   -7.5000  -15.0000 8357.0654   24.0712
    7.5000   -7.5000  -15.0000 8002.3145   24.0447
   -7.5000    0.0000  -15.0000 8731.0791   23.8766
    0.0000    0.0000  -15.0000 9246.2158   23.8547
    7.5000    0.0000  -15.0000 8832.5059   23.8559
   -7.5000    7.5000  -15.0000 8802.1924   23.8596
    0.0000    7.5000  -15.0000 9344.0205   23.8340
    7.5000    7.5000  -15.0000 8887.0479   23.8346
   -7.5000   15.0000  -15.0000 8750.0410   23.5647
    0.0000   15.0000  -15.0000 9317.8389   23.5204
    7.5000   15.0000  -15.0000 8826.2842   23.4931
   -7.5000   22.5000  -15.0000 8513.9365   23.0336
    0.0000   22.5000  -15.0000 9094.2295   22.9768
    7.5000   22.5000  -15.0000 8574.4756   22.9257
   -7.5000   30.0000  -15.0000 8509.4727   23.0154
    0.0000   30.0000  -15.0000 9093.2012   22.9629
    7.5000   30.0000  -15.0000 8567.5703   22.9125
   -7.5000   37.5000  -15.0000 8139.8413   22.2968
    0.0000   37.5000  -15.0000 8706.3555   22.2624
    7.5000   37.5000  -15.0000 8218.3232   22.2381
   -7.5000   45.0000  -15.0000 7706.9097   21.4586
    0.0000   45.0000  -15.0000 8215.7012   21.4389
    7.5000   45.0000  -15.0000 7800.1758   21.4400
   -7.5000  -45.0000   -7.5000 5419.6055   28.1027
    0.0000  -45.0000   -7.5000 5733.2690   28.0529
    7.5000  -45.0000   -7.5000 5467.1362   28.0307
   -7.5000  -37.5000   -7.5000 5900.9907   28.2405
    0.0000  -37.5000   -7.5000 6257.4644   28.1911
    7.5000  -37.5000   -7.5000 5968.8267   28.1840
   -7.5000  -30.0000   -7.5000 6477.7603   27.6192
    0.0000  -30.0000   -7.5000 6862.3271   27.5428
    7.5000  -30.0000   -7.5000 6537.5195   27.5089
   -7.5000  -22.5000   -7.5000 6862.8184   26.5185
    0.0000  -22.5000   -7.5000 7256.6636   26.4326
    7.5000  -22.5000   -7.5000 6909.9043   26.3740
   -7.5000  -15.0000   -7.5000 7561.5801   25.6248
    0.0000  -15.0000   -7.5000 7994.7764   25.5541
    7.5000  -15.0000   -7.5000 7600.2271   25.5028
   -7.5000   -7.5000   -7.5000 8272.2930   24.8831
    0.0000   -7.5000   -7.5000 8762.1670   24.8392
    7.5000   -7.5000   -7.5000 8320.3105   24.8182
   -7.5000    0.0000   -7.5000 9172.5293   24.6540
    0.0000    0.0000   -7.5000 9745.1523   24.6293
    7.5000    0.0000   -7.5000 9237.2002   24.6358
   -7.5000    7.5000   -7.5000 9346.8818   24.6402
    0.0000    7.5000   -7.500010015.3740   24.6108
    7.5000    7.5000   -7.5000 9432.2842   24.6155
   -7.5000   15.0000   -7.5000 9389.7236   24.3371
    0.0000   15.0000   -7.500010127.5361   24.2852
    7.5000   15.0000   -7.5000 9480.1699   24.2611
   -7.5000   22.5000   -7.5000 9181.3887   23.7933
    0.0000   22.5000   -7.5000 9891.4072   23.7267
    7.5000   22.5000   -7.5000 9180.6504   23.6793
   -7.5000   30.0000   -7.5000 9161.3066   23.7693
    0.0000   30.0000   -7.5000 9840.0146   23.7077
    7.5000   30.0000   -7.5000 9104.9199   23.6618
   -7.5000   37.5000   -7.5000 8706.6562   23.0488
    0.0000   37.5000   -7.5000 9359.9697   23.0090
    7.5000   37.5000   -7.5000 8676.6143   22.9897
   -7.5000   45.0000   -7.5000 8223.4365   22.2112
    0.0000   45.0000   -7.5000 8852.0537   22.1890
    7.5000   45.0000   -7.5000 8221.4590   22.1948
   -7.5000  -45.0000    0.0000 5522.0083   28.8445
    0.0000  -45.0000    0.0000 5884.8916   28.7848
    7.5000  -45.0000    0.0000 5572.5415   28.7574
   -7.5000  -37.5000    0.0000 6055.6553   28.9776
    0.0000  -37.5000    0.0000 6444.0327   28.9193
    7.5000  -37.5000    0.0000 6118.4985   28.9042
   -7.5000  -30.0000    0.0000 6665.0776   28.2973
    0.0000  -30.0000    0.0000 7069.6006   28.2097
    7.5000  -30.0000    0.0000 6715.4956   28.1677
   -7.5000  -22.5000    0.0000 7091.8467   27.1699
    0.0000  -22.5000    0.0000 7484.0024   27.0718
    7.5000  -22.5000    0.0000 7120.3394   27.0068
   -7.5000  -15.0000    0.0000 7855.8149   26.2604
    0.0000  -15.0000    0.0000 8276.5205   26.1794
    7.5000  -15.0000    0.0000 7870.7681   26.1264
   -7.5000   -7.5000    0.0000 8652.1787   25.5108
    0.0000   -7.5000    0.0000 9124.2373   25.4575
    7.5000   -7.5000    0.0000 8665.9160   25.4352
   -7.5000    0.0000    0.0000 9661.6973   25.2800
    0.0000    0.0000    0.000010281.9238   25.2457
    7.5000    0.0000    0.0000 9700.1289   25.2477
   -7.5000    7.5000    0.0000 9966.8496   25.2557
    0.0000    7.5000    0.000010972.6787   25.2165
    7.5000    7.5000    0.000010052.6367   25.2141
   -7.5000   15.0000    0.000010196.5654   24.9382
    0.0000   15.0000    0.000011494.9844   24.8765
    7.5000   15.0000    0.000010263.4043   24.8451
   -7.5000   22.5000    0.0000 9969.9883   24.3904
    0.0000   22.5000    0.000011055.8301   24.3139
    7.5000   22.5000    0.0000 9878.2656   24.2617
   -7.5000   30.0000    0.0000 9747.2314   24.3731
    0.0000   30.0000    0.000010635.7139   24.3023
    7.5000   30.0000    0.0000 9604.1943   24.2550
   -7.5000   37.5000    0.0000 9158.2734   23.6587
    0.0000   37.5000    0.0000 9959.6035   23.6101
    7.5000   37.5000    0.0000 9053.5664   23.5897
   -7.5000   45.0000    0.0000 8613.7188   22.8190
    0.0000   45.0000    0.0000 9361.4336   22.7880
    7.5000   45.0000    0.0000 8576.4434   22.7899
   -7.5000  -45.0000    7.5000 5280.6919   29.3683
    0.0000  -45.0000    7.5000 5628.1436   29.3025
    7.5000  -45.0000    7.5000 5334.6846   29.2705
   -7.5000  -37.5000    7.5000 5793.2188   29.4706
    0.0000  -37.5000    7.5000 6173.3682   29.4069
    7.5000  -37.5000    7.5000 5860.3027   29.3822
   -7.5000  -30.0000    7.5000 6362.3438   28.7530
    0.0000  -30.0000    7.5000 6740.2251   28.6627
    7.5000  -30.0000    7.5000 6409.5044   28.6085
   -7.5000  -22.5000    7.5000 6787.4028   27.5990
    0.0000  -22.5000    7.5000 7188.4551   27.4999
    7.5000  -22.5000    7.5000 6804.9766   27.4226
   -7.5000  -15.0000    7.5000 7543.0029   26.6756
    0.0000  -15.0000    7.5000 8031.7959   26.5934
    7.5000  -15.0000    7.5000 7542.0190   26.5331
   -7.5000   -7.5000    7.5000 8300.5938   25.9135
    0.0000   -7.5000    7.5000 8891.1172   25.8551
    7.5000   -7.5000    7.5000 8298.7490   25.8266
   -7.5000    0.0000    7.5000 9264.4648   25.6710
    0.0000    0.0000    7.500010033.5391   25.6294
    7.5000    0.0000    7.5000 9255.3867   25.6222
   -7.5000    7.5000    7.5000 9540.9414   25.6313
    0.0000    7.5000    7.500010653.6426   25.5865
    7.5000    7.5000    7.5000 9592.3135   25.5729
   -7.5000   15.0000    7.5000 9720.3906   25.3003
    0.0000   15.0000    7.500011018.8711   25.2357
    7.5000   15.0000    7.5000 9813.3984   25.1931
   -7.5000   22.5000    7.5000 9413.9658   24.7514
    0.0000   22.5000    7.500010466.6006   24.6735
    7.5000   22.5000    7.5000 9418.4014   24.6117
   -7.5000   30.0000    7.5000 9198.6650   24.7462
    0.0000   30.0000    7.500010040.8438   24.6738
    7.5000   30.0000    7.5000 9139.5840   24.6202
   -7.5000   37.5000    7.5000 8661.4922   24.0289
    0.0000   37.5000    7.5000 9425.8789   23.9758
    7.5000   37.5000    7.5000 8603.5000   23.9495
   -7.5000   45.0000    7.5000 8138.9790   23.1720
    0.0000   45.0000    7.5000 8843.9385   23.1344
    7.5000   45.0000    7.5000 8132.4878   23.1279
   -7.5000  -45.0000   15.0000 4992.9829   30.4196
    0.0000  -45.0000   15.0000 5366.4883   30.3491
    7.5000  -45.0000   15.0000 5046.7383   30.3140
   -7.5000  -37.5000   15.0000 5495.5054   30.4482
    0.0000  -37.5000   15.0000 5928.4141   30.3802
    7.5000  -37.5000   15.0000 5561.4854   30.3512
   -7.5000  -30.0000   15.0000 6091.8315   29.6799
    0.0000  -30.0000   15.0000 6541.5869   29.5901
    7.5000  -30.0000   15.0000 6132.5889   29.5275
   -7.5000  -22.5000   15.0000 6535.2603   28.4615
    0.0000  -22.5000   15.0000 6998.1089   28.3659
    7.5000  -22.5000   15.0000 6539.2344   28.2772
   -7.5000  -15.0000   15.0000 7235.5742   27.4914
    0.0000  -15.0000   15.0000 7744.2168   27.4119
    7.5000  -15.0000   15.0000 7243.6138   27.3417
   -7.5000   -7.5000   15.0000 7904.9932   26.6835
    0.0000   -7.5000   15.0000 8431.8711   26.6241
    7.5000   -7.5000   15.0000 7915.6250   26.5880
   -7.5000    0.0000   15.0000 8769.7461   26.4163
    0.0000    0.0000   15.0000 9348.3975   26.3723
    7.5000    0.0000   15.0000 8765.0742   26.3589
   -7.5000    7.5000   15.0000 8927.2715   26.3657
    0.0000    7.5000   15.0000 9664.3545   26.3202
    7.5000    7.5000   15.0000 8975.4482   26.3011
   -7.5000   15.0000   15.0000 8908.9141   26.0267
    0.0000   15.0000   15.0000 9635.1582   25.9638
    7.5000   15.0000   15.0000 9012.9932   25.9142
   -7.5000   22.5000   15.0000 8616.4463   25.4732
    0.0000   22.5000   15.0000 9189.2803   25.3980
    7.5000   22.5000   15.0000 8652.9932   25.3272
   -7.5000   30.0000   15.0000 8567.6113   25.4760
    0.0000   30.0000   15.0000 9140.2041   25.4055
    7.5000   30.0000   15.0000 8561.8584   25.3432
   -7.5000   37.5000   15.0000 8188.3486   24.7365
    0.0000   37.5000   15.0000 8792.1348   24.6826
    7.5000   37.5000   15.0000 8176.2817   24.6494
   -7.5000   45.0000   15.0000 7730.7974   23.8447
    0.0000   45.0000   15.0000 8306.1641   23.8050
    7.5000   45.0000   15.0000 7731.9834   23.7928
   -7.5000  -45.0000   22.5000 4682.1357   31.8342
    0.0000  -45.0000   22.5000 5042.8535   31.7634
    7.5000  -45.0000   22.5000 4720.9751   31.7227
   -7.5000  -37.5000   22.5000 5195.2329   31.8030
    0.0000  -37.5000   22.5000 5588.0977   31.7340
    7.5000  -37.5000   22.5000 5227.3857   31.7060
   -7.5000  -30.0000   22.5000 5773.6655   30.9699
    0.0000  -30.0000   22.5000 6157.3979   30.8802
    7.5000  -30.0000   22.5000 5778.2656   30.8166
   -7.5000  -22.5000   22.5000 6145.7402   29.6458
    0.0000  -22.5000   22.5000 6523.8081   29.5517
    7.5000  -22.5000   22.5000 6146.6035   29.4567
   -7.5000  -15.0000   22.5000 6740.1646   28.5834
    0.0000  -15.0000   22.5000 7136.6064   28.5055
    7.5000  -15.0000   22.5000 6780.5020   28.4252
   -7.5000   -7.5000   22.5000 7348.5522   27.6907
    0.0000   -7.5000   22.5000 7751.3018   27.6345
    7.5000   -7.5000   22.5000 7409.4014   27.5906
   -7.5000    0.0000   22.5000 8156.9854   27.3929
    0.0000    0.0000   22.5000 8621.0186   27.3535
    7.5000    0.0000   22.5000 8221.1572   27.3390
   -7.5000    7.5000   22.5000 8254.1025   27.3479
    0.0000    7.5000   22.5000 8804.0400   27.3066
    7.5000    7.5000   22.5000 8364.0371   27.2902
   -7.5000   15.0000   22.5000 8195.4268   27.0109
    0.0000   15.0000   22.5000 8691.3486   26.9510
    7.5000   15.0000   22.5000 8285.9287   26.9020
   -7.5000   22.5000   22.5000 7941.8389   26.4612
    0.0000   22.5000   22.5000 8371.5273   26.3882
    7.5000   22.5000   22.5000 7974.4312   26.3124
   -7.5000   30.0000   22.5000 7954.4497   26.4566
    0.0000   30.0000   22.5000 8426.1699   26.3878
    7.5000   30.0000   22.5000 7973.1401   26.3164
   -7.5000   37.5000   22.5000 7680.3936   25.6851
    0.0000   37.5000   22.5000 8171.6772   25.6342
    7.5000   37.5000   22.5000 7689.2646   25.5937
   -7.5000   45.0000   22.5000 7321.1812   24.7601
    0.0000   45.0000   22.5000 7787.0586   24.7245
    7.5000   45.0000   22.5000 7329.0732   24.7114
   -7.5000  -45.0000   30.0000 4559.9780   33.5878
    0.0000  -45.0000   30.0000 4865.6982   33.5246
    7.5000  -45.0000   30.0000 4565.1401   33.4790
   -7.5000  -37.5000   30.0000 5067.8208   33.5670
    0.0000  -37.5000   30.0000 5402.5254   33.5067
    7.5000  -37.5000   30.0000 5092.5103   33.4818
   -7.5000  -30.0000   30.0000 5616.6553   32.7071
    0.0000  -30.0000   30.0000 5943.4585   32.6162
    7.5000  -30.0000   30.0000 5634.1123   32.5513
   -7.5000  -22.5000   30.0000 5935.0903   31.2708
    0.0000  -22.5000   30.0000 6253.5308   31.1683
    7.5000  -22.5000   30.0000 5979.3091   31.0656
   -7.5000  -15.0000   30.0000 6513.0386   30.0704
    0.0000  -15.0000   30.0000 6843.1382   29.9851
    7.5000  -15.0000   30.0000 6598.2632   29.8933
   -7.5000   -7.5000   30.0000 7123.6836   29.0560
    0.0000   -7.5000   30.0000 7483.2988   29.0022
    7.5000   -7.5000   30.0000 7220.0664   28.9542
   -7.5000    0.0000   30.0000 7904.4863   28.7256
    0.0000    0.0000   30.0000 8304.0469   28.6967
    7.5000    0.0000   30.0000 8014.5054   28.6886
   -7.5000    7.5000   30.0000 7994.1050   28.7054
    0.0000    7.5000   30.0000 8435.0352   28.6737
    7.5000    7.5000   30.0000 8088.3691   28.6654
   -7.5000   15.0000   30.0000 7902.6006   28.3823
    0.0000   15.0000   30.0000 8294.0703   28.3242
    7.5000   15.0000   30.0000 7942.6050   28.2766
   -7.5000   22.5000   30.0000 7702.1514   27.8109
    0.0000   22.5000   30.0000 8080.4004   27.7326
    7.5000   22.5000   30.0000 7702.2144   27.6506
   -7.5000   30.0000   30.0000 7755.5474   27.7821
    0.0000   30.0000   30.0000 8181.5190   27.7077
    7.5000   30.0000   30.0000 7755.6958   27.6262
   -7.5000   37.5000   30.0000 7492.6582   26.9420
    0.0000   37.5000   30.0000 7919.9570   26.8932
    7.5000   37.5000   30.0000 7502.6587   26.8490
   -7.5000   45.0000   30.0000 7166.4077   25.9647
    0.0000   45.0000   30.0000 7589.9351   25.9386
    7.5000   45.0000   30.0000 7175.3994   25.9313
   -7.5000  -45.0000   37.5000 4228.0518   34.7831
    0.0000  -45.0000   37.5000 4490.8213   34.6946
    7.5000  -45.0000   37.5000 4243.9604   34.6747
   -7.5000  -37.5000   37.5000 4689.6226   34.7819
    0.0000  -37.5000   37.5000 4986.7622   34.7006
    7.5000  -37.5000   37.5000 4737.1787   34.7018
   -7.5000  -30.0000   37.5000 5199.7310   33.8476
    0.0000  -30.0000   37.5000 5490.3203   33.7295
    7.5000  -30.0000   37.5000 5259.1265   33.6880
   -7.5000  -22.5000   37.5000 5518.4756   32.3651
    0.0000  -22.5000   37.5000 5812.4102   32.2305
    7.5000  -22.5000   37.5000 5607.3799   32.1483
   -7.5000  -15.0000   37.5000 6082.2959   31.0828
    0.0000  -15.0000   37.5000 6396.1304   30.9684
    7.5000  -15.0000   37.5000 6185.7129   30.8974
   -7.5000   -7.5000   37.5000 6645.3872   29.9838
    0.0000   -7.5000   37.5000 6972.7295   29.9086
    7.5000   -7.5000   37.5000 6756.2988   29.8845
   -7.5000    0.0000   37.5000 7351.7412   29.6405
    0.0000    0.0000   37.5000 7714.0693   29.5957
    7.5000    0.0000   37.5000 7466.6675   29.6140
   -7.5000    7.5000   37.5000 7407.7495   29.6291
    0.0000    7.5000   37.5000 7781.2676   29.5818
    7.5000    7.5000   37.5000 7474.6328   29.5978
   -7.5000   15.0000   37.5000 7312.3994   29.2903
    0.0000   15.0000   37.5000 7648.2563   29.2119
    7.5000   15.0000   37.5000 7326.9941   29.1840
   -7.5000   22.5000   37.5000 7161.9033   28.6974
    0.0000   22.5000   37.5000 7496.9990   28.5951
    7.5000   22.5000   37.5000 7154.0566   28.5307
   -7.5000   30.0000   37.5000 7236.8867   28.6584
    0.0000   30.0000   37.5000 7608.6797   28.5596
    7.5000   30.0000   37.5000 7238.2051   28.4968
   -7.5000   37.5000   37.5000 6991.0430   27.7920
    0.0000   37.5000   37.5000 7362.8887   27.7235
    7.5000   37.5000   37.5000 7001.4609   27.7012
   -7.5000   45.0000   37.5000 6679.0762   26.7884
    0.0000   45.0000   37.5000 7051.5435   26.7479
    7.5000   45.0000   37.5000 6682.4585   26.7644
   -7.5000  -45.0000   45.0000 3927.1611   36.1300
    0.0000  -45.0000   45.0000 4175.2119   36.0289
    7.5000  -45.0000   45.0000 3939.1294   35.9789
   -7.5000  -37.5000   45.0000 4342.4126   36.1112
    0.0000  -37.5000   45.0000 4617.5273   36.0180
    7.5000  -37.5000   45.0000 4383.2778   35.9800
   -7.5000  -30.0000   45.0000 4808.4067   35.0616
    0.0000  -30.0000   45.0000 5095.8745   34.9266
    7.5000  -30.0000   45.0000 4867.6025   34.8465
   -7.5000  -22.5000   45.0000 5131.0854   33.5164
    0.0000  -22.5000   45.0000 5426.5195   33.3644
    7.5000  -22.5000   45.0000 5206.0059   33.2543
   -7.5000  -15.0000   45.0000 5686.7666   32.1941
    0.0000  -15.0000   45.0000 6008.5381   32.0672
    7.5000  -15.0000   45.0000 5768.2446   31.9824
   -7.5000   -7.5000   45.0000 6213.0547   31.0337
    0.0000   -7.5000   45.0000 6552.5234   30.9490
    7.5000   -7.5000   45.0000 6301.3931   30.9137
   -7.5000    0.0000   45.0000 6862.4126   30.6837
    0.0000    0.0000   45.0000 7217.2285   30.6293
    7.5000    0.0000   45.0000 6953.8667   30.6274
   -7.5000    7.5000   45.0000 6869.5400   30.6618
    0.0000    7.5000   45.0000 7212.0210   30.6033
    7.5000    7.5000   45.0000 6897.7427   30.5899
   -7.5000   15.0000   45.0000 6767.4375   30.2792
    0.0000   15.0000   45.0000 7095.5801   30.1880
    7.5000   15.0000   45.0000 6768.0718   30.1300
   -7.5000   22.5000   45.0000 6637.2949   29.6532
    0.0000   22.5000   45.0000 6971.4521   29.5379
    7.5000   22.5000   45.0000 6639.4077   29.4524
   -7.5000   30.0000   45.0000 6724.6313   29.6182
    0.0000   30.0000   45.0000 7073.3120   29.5089
    7.5000   30.0000   45.0000 6737.0024   29.4348
   -7.5000   37.5000   45.0000 6510.4033   28.7431
    0.0000   37.5000   45.0000 6854.4385   28.6660
    7.5000   37.5000   45.0000 6519.0972   28.6334
   -7.5000   45.0000   45.0000 6214.4526   27.7138
    0.0000   45.0000   45.0000 6567.1846   27.6646
    7.5000   45.0000   45.0000 6209.0962   27.6629

---------------------------------------------------------------------
imgreg_4dfp /opt/freesurfer/average/711-2C_as_mni_average_305 /opt/freesurfer/average/711-2B_as_mni_average_305_mask talsrcimg_g11 none talsrcimg_to_711-2C_as_mni_average_305_t4 4355
---------------------------------------------------------------------

freesurfer imgreg_4dfp.c
/opt/freesurfer/average/711-2C_as_mni_average_305.4dfp.img
       256       256       256         1
  1.000000  1.000000  1.000000
orientation T byte_order littleendian
Reading image: /opt/freesurfer/average/711-2C_as_mni_average_305.4dfp.img
dimensions:      256       256       256
mmppix:       1.0000   -1.0000   -1.0000
center:     128.0000 -129.0000 -129.0000
/opt/freesurfer/average/711-2B_as_mni_average_305_mask.4dfp.img
       256       256       256         1
  1.000000  1.000000  1.000000
orientation T byte_order littleendian
Reading mask: /opt/freesurfer/average/711-2B_as_mni_average_305_mask.4dfp.img (2306576 pixels)
talsrcimg_g11.4dfp.img
       320       320       320         1
  0.700000  0.700000  0.700000
orientation T byte_order littleendian
Reading image: talsrcimg_g11.4dfp.img
dimensions:      320       320       320
mmppix:       0.7000   -0.7000   -0.7000
center:     112.0000 -112.7000 -112.7000
rotation matrix determinant  1.000000
image alignment mode   4355 decimal     1103 hex
   -7.5000  -30.0000  -45.0000 1915.2748   28.6467
    0.0000  -30.0000  -45.0000 1934.4197   28.5168
    7.5000  -30.0000  -45.0000 1920.7571   28.1566
   -7.5000  -22.5000  -45.0000 2014.2295   26.2473
    0.0000  -22.5000  -45.0000 2032.9703   26.0517
    7.5000  -22.5000  -45.0000 2020.6809   25.8124
   -7.5000  -15.0000  -45.0000 2086.8923   24.3992
    0.0000  -15.0000  -45.0000 2104.7832   24.2069
    7.5000  -15.0000  -45.0000 2091.3877   24.0229
   -7.5000   -7.5000  -45.0000 2136.0315   23.0674
    0.0000   -7.5000  -45.0000 2151.3015   22.8657
    7.5000   -7.5000  -45.0000 2139.8018   22.7889
   -7.5000    0.0000  -45.0000 2167.2427   22.1846
    0.0000    0.0000  -45.0000 2180.9827   21.9444
    7.5000    0.0000  -45.0000 2166.4009   21.9393
   -7.5000    7.5000  -45.0000 2187.5818   21.6386
    0.0000    7.5000  -45.0000 2202.0063   21.3722
    7.5000    7.5000  -45.0000 2190.1194   21.4042
   -7.5000   15.0000  -45.0000 2200.6814   21.3571
    0.0000   15.0000  -45.0000 2214.8459   21.1029
    7.5000   15.0000  -45.0000 2202.9900   21.0823
   -7.5000   22.5000  -45.0000 2208.4338   21.3967
    0.0000   22.5000  -45.0000 2228.2539   21.0979
    7.5000   22.5000  -45.0000 2212.8303   21.0946
   -7.5000   30.0000  -45.0000 2188.9829   21.6912
    0.0000   30.0000  -45.0000 2217.8083   21.4517
    7.5000   30.0000  -45.0000 2202.1699   21.4416
   -7.5000   37.5000  -45.0000 2144.8982   22.2492
    0.0000   37.5000  -45.0000 2172.8215   21.9795
    7.5000   37.5000  -45.0000 2157.7197   21.9388
   -7.5000   45.0000  -45.0000 2051.0288   22.7182
    0.0000   45.0000  -45.0000 2078.6177   22.4881
    7.5000   45.0000  -45.0000 2070.5994   22.4704
   -7.5000   52.5000  -45.0000 1931.8549   23.0137
    0.0000   52.5000  -45.0000 1957.0378   22.8387
    7.5000   52.5000  -45.0000 1944.1912   22.8391
   -7.5000   60.0000  -45.0000 1787.7527   23.3211
    0.0000   60.0000  -45.0000 1804.3843   23.1387
    7.5000   60.0000  -45.0000 1795.8293   23.1162
   -7.5000  -30.0000  -37.5000 2045.6786   29.3613
    0.0000  -30.0000  -37.5000 2066.0964   28.9719
    7.5000  -30.0000  -37.5000 2053.1538   28.7227
   -7.5000  -22.5000  -37.5000 2152.3523   26.7999
    0.0000  -22.5000  -37.5000 2171.8220   26.4371
    7.5000  -22.5000  -37.5000 2160.5239   26.2847
   -7.5000  -15.0000  -37.5000 2235.4548   24.8270
    0.0000  -15.0000  -37.5000 2252.6226   24.5140
    7.5000  -15.0000  -37.5000 2243.0166   24.3855
   -7.5000   -7.5000  -37.5000 2300.4595   23.3740
    0.0000   -7.5000  -37.5000 2309.5959   23.0474
    7.5000   -7.5000  -37.5000 2302.0437   22.9542
   -7.5000    0.0000  -37.5000 2330.5251   22.2813
    0.0000    0.0000  -37.5000 2339.3467   21.9700
    7.5000    0.0000  -37.5000 2334.7607   21.9402
   -7.5000    7.5000  -37.5000 2359.2444   21.5655
    0.0000    7.5000  -37.5000 2369.7932   21.2247
    7.5000    7.5000  -37.5000 2363.6516   21.2600
   -7.5000   15.0000  -37.5000 2370.3770   21.2553
    0.0000   15.0000  -37.5000 2381.9094   20.9175
    7.5000   15.0000  -37.5000 2373.9622   20.9792
   -7.5000   22.5000  -37.5000 2369.0667   21.1856
    0.0000   22.5000  -37.5000 2386.0715   20.8669
    7.5000   22.5000  -37.5000 2376.7588   20.8931
   -7.5000   30.0000  -37.5000 2360.1184   21.4783
    0.0000   30.0000  -37.5000 2384.4998   21.2081
    7.5000   30.0000  -37.5000 2376.6003   21.2213
   -7.5000   37.5000  -37.5000 2315.9351   22.0102
    0.0000   37.5000  -37.5000 2342.9929   21.6729
    7.5000   37.5000  -37.5000 2332.1768   21.7346
   -7.5000   45.0000  -37.5000 2219.8821   22.5347
    0.0000   45.0000  -37.5000 2249.7664   22.1951
    7.5000   45.0000  -37.5000 2245.8203   22.2653
   -7.5000   52.5000  -37.5000 2090.9653   22.8289
    0.0000   52.5000  -37.5000 2120.2395   22.5772
    7.5000   52.5000  -37.5000 2111.4360   22.5955
   -7.5000   60.0000  -37.5000 1933.4172   23.1310
    0.0000   60.0000  -37.5000 1955.3428   22.8667
    7.5000   60.0000  -37.5000 1948.5481   22.9146
   -7.5000  -30.0000  -30.0000 2142.2324   29.8205
    0.0000  -30.0000  -30.0000 2167.9583   29.3333
    7.5000  -30.0000  -30.0000 2157.5771   29.1726
   -7.5000  -22.5000  -30.0000 2253.5166   27.1155
    0.0000  -22.5000  -30.0000 2276.8384   26.6040
    7.5000  -22.5000  -30.0000 2269.3772   26.5095
   -7.5000  -15.0000  -30.0000 2344.2886   25.0041
    0.0000  -15.0000  -30.0000 2358.7410   24.4779
    7.5000  -15.0000  -30.0000 2358.3074   24.4875
   -7.5000   -7.5000  -30.0000 2414.0034   23.4195
    0.0000   -7.5000  -30.0000 2427.3069   22.9734
    7.5000   -7.5000  -30.0000 2427.2495   22.9229
   -7.5000    0.0000  -30.0000 2455.5989   22.1829
    0.0000    0.0000  -30.0000 2469.3003   21.8668
    7.5000    0.0000  -30.0000 2472.4324   21.7736
   -7.5000    7.5000  -30.0000 2486.5510   21.2839
    0.0000    7.5000  -30.0000 2504.3013   20.9209
    7.5000    7.5000  -30.0000 2502.1252   20.8674
   -7.5000   15.0000  -30.0000 2499.9094   20.8677
    0.0000   15.0000  -30.0000 2521.0974   20.5267
    7.5000   15.0000  -30.0000 2516.1946   20.5566
   -7.5000   22.5000  -30.0000 2503.2405   20.7503
    0.0000   22.5000  -30.0000 2522.1592   20.4192
    7.5000   22.5000  -30.0000 2514.7856   20.4281
   -7.5000   30.0000  -30.0000 2507.5381   21.1111
    0.0000   30.0000  -30.0000 2530.1965   20.7665
    7.5000   30.0000  -30.0000 2524.3535   20.7866
   -7.5000   37.5000  -30.0000 2469.3308   21.6242
    0.0000   37.5000  -30.0000 2487.4250   21.1973
    7.5000   37.5000  -30.0000 2482.7900   21.2724
   -7.5000   45.0000  -30.0000 2368.3950   22.0523
    0.0000   45.0000  -30.0000 2387.2778   21.6552
    7.5000   45.0000  -30.0000 2387.9395   21.7616
   -7.5000   52.5000  -30.0000 2225.3501   22.3526
    0.0000   52.5000  -30.0000 2249.1641   22.0323
    7.5000   52.5000  -30.0000 2245.0122   22.1293
   -7.5000   60.0000  -30.0000 2060.8423   22.6946
    0.0000   60.0000  -30.0000 2080.4182   22.3609
    7.5000   60.0000  -30.0000 2075.0732   22.4122
   -7.5000  -30.0000  -22.5000 2161.0742   29.2576
    0.0000  -30.0000  -22.5000 2184.7161   28.6439
    7.5000  -30.0000  -22.5000 2179.5029   28.5742
   -7.5000  -22.5000  -22.5000 2265.6953   26.5067
    0.0000  -22.5000  -22.5000 2292.5537   25.9019
    7.5000  -22.5000  -22.5000 2289.7261   25.8671
   -7.5000  -15.0000  -22.5000 2356.4060   24.2857
    0.0000  -15.0000  -22.5000 2380.9985   23.7393
    7.5000  -15.0000  -22.5000 2378.2644   23.7164
   -7.5000   -7.5000  -22.5000 2431.6804   22.5812
    0.0000   -7.5000  -22.5000 2460.5881   22.1383
    7.5000   -7.5000  -22.5000 2454.3276   22.0648
   -7.5000    0.0000  -22.5000 2485.9934   21.2656
    0.0000    0.0000  -22.5000 2514.4473   20.8914
    7.5000    0.0000  -22.5000 2511.1145   20.7762
   -7.5000    7.5000  -22.5000 2527.5305   20.3345
    0.0000    7.5000  -22.5000 2555.7925   19.9518
    7.5000    7.5000  -22.5000 2549.3870   19.8603
   -7.5000   15.0000  -22.5000 2548.7273   19.8630
    0.0000   15.0000  -22.5000 2567.2197   19.4425
    7.5000   15.0000  -22.5000 2563.6646   19.4257
   -7.5000   22.5000  -22.5000 2559.1611   19.6397
    0.0000   22.5000  -22.5000 2573.6558   19.2525
    7.5000   22.5000  -22.5000 2561.4697   19.2212
   -7.5000   30.0000  -22.5000 2559.4851   19.9685
    0.0000   30.0000  -22.5000 2583.3826   19.5641
    7.5000   30.0000  -22.5000 2573.8416   19.5841
   -7.5000   37.5000  -22.5000 2520.7915   20.4378
    0.0000   37.5000  -22.5000 2544.0562   20.0189
    7.5000   37.5000  -22.5000 2540.0469   20.0621
   -7.5000   45.0000  -22.5000 2424.3557   20.8076
    0.0000   45.0000  -22.5000 2442.7332   20.4023
    7.5000   45.0000  -22.5000 2444.2542   20.5059
   -7.5000   52.5000  -22.5000 2287.7632   21.1215
    0.0000   52.5000  -22.5000 2303.4736   20.7462
    7.5000   52.5000  -22.5000 2300.0842   20.8728
   -7.5000   60.0000  -22.5000 2112.0386   21.4169
    0.0000   60.0000  -22.5000 2125.0300   21.0353
    7.5000   60.0000  -22.5000 2127.7839   21.1614
   -7.5000  -30.0000  -15.0000 2214.6279   29.5808
    0.0000  -30.0000  -15.0000 2243.8828   28.9272
    7.5000  -30.0000  -15.0000 2227.8831   28.8221
   -7.5000  -22.5000  -15.0000 2326.9546   26.6975
    0.0000  -22.5000  -15.0000 2352.0344   26.0478
    7.5000  -22.5000  -15.0000 2342.5667   25.9600
   -7.5000  -15.0000  -15.0000 2424.0508   24.3791
    0.0000  -15.0000  -15.0000 2448.5312   23.7686
    7.5000  -15.0000  -15.0000 2440.1890   23.7202
   -7.5000   -7.5000  -15.0000 2510.4124   22.5279
    0.0000   -7.5000  -15.0000 2537.5017   22.0303
    7.5000   -7.5000  -15.0000 2526.5127   21.9604
   -7.5000    0.0000  -15.0000 2581.8335   21.1306
    0.0000    0.0000  -15.0000 2602.7625   20.6714
    7.5000    0.0000  -15.0000 2593.4016   20.5536
   -7.5000    7.5000  -15.0000 2636.2898   20.1822
    0.0000    7.5000  -15.0000 2647.7070   19.6902
    7.5000    7.5000  -15.0000 2640.7144   19.6275
   -7.5000   15.0000  -15.0000 2664.3062   19.6721
    0.0000   15.0000  -15.0000 2675.5481   19.1486
    7.5000   15.0000  -15.0000 2670.4475   19.1658
   -7.5000   22.5000  -15.0000 2672.0828   19.3095
    0.0000   22.5000  -15.0000 2677.7263   18.7667
    7.5000   22.5000  -15.0000 2666.7173   18.8297
   -7.5000   30.0000  -15.0000 2674.2334   19.5638
    0.0000   30.0000  -15.0000 2684.2915   19.0745
    7.5000   30.0000  -15.0000 2679.8284   19.1136
   -7.5000   37.5000  -15.0000 2629.7275   19.9963
    0.0000   37.5000  -15.0000 2646.4822   19.4794
    7.5000   37.5000  -15.0000 2646.7153   19.5838
   -7.5000   45.0000  -15.0000 2525.1711   20.2872
    0.0000   45.0000  -15.0000 2542.8618   19.8132
    7.5000   45.0000  -15.0000 2543.0671   20.0080
   -7.5000   52.5000  -15.0000 2391.9338   20.6585
    0.0000   52.5000  -15.0000 2400.4954   20.1524
    7.5000   52.5000  -15.0000 2399.3606   20.4233
   -7.5000   60.0000  -15.0000 2219.4236   21.0844
    0.0000   60.0000  -15.0000 2236.3452   20.5947
    7.5000   60.0000  -15.0000 2225.3267   20.8194
   -7.5000  -30.0000   -7.5000 2241.1772   30.2527
    0.0000  -30.0000   -7.5000 2261.8813   29.4294
    7.5000  -30.0000   -7.5000 2252.1926   29.3869
   -7.5000  -22.5000   -7.5000 2350.9028   27.1430
    0.0000  -22.5000   -7.5000 2369.1843   26.4135
    7.5000  -22.5000   -7.5000 2360.7671   26.3023
   -7.5000  -15.0000   -7.5000 2455.5569   24.6753
    0.0000  -15.0000   -7.5000 2477.0166   24.0403
    7.5000  -15.0000   -7.5000 2462.1980   23.8588
   -7.5000   -7.5000   -7.5000 2546.4939   22.7164
    0.0000   -7.5000   -7.5000 2565.2656   22.1434
    7.5000   -7.5000   -7.5000 2547.9453   21.9777
   -7.5000    0.0000   -7.5000 2621.7239   21.1850
    0.0000    0.0000   -7.5000 2634.1694   20.7066
    7.5000    0.0000   -7.5000 2619.2031   20.5466
   -7.5000    7.5000   -7.5000 2691.7617   20.2253
    0.0000    7.5000   -7.5000 2706.0081   19.8512
    7.5000    7.5000   -7.5000 2687.0146   19.6620
   -7.5000   15.0000   -7.5000 2744.3140   19.6933
    0.0000   15.0000   -7.5000 2766.3247   19.3995
    7.5000   15.0000   -7.5000 2745.2646   19.2593
   -7.5000   22.5000   -7.5000 2754.4885   19.2446
    0.0000   22.5000   -7.5000 2769.1023   18.7899
    7.5000   22.5000   -7.5000 2742.9272   18.7773
   -7.5000   30.0000   -7.5000 2758.0339   19.3053
    0.0000   30.0000   -7.5000 2772.4453   18.8310
    7.5000   30.0000   -7.5000 2738.8271   18.7921
   -7.5000   37.5000   -7.5000 2698.8013   19.5305
    0.0000   37.5000   -7.5000 2722.3467   19.1307
    7.5000   37.5000   -7.5000 2701.9929   19.0509
   -7.5000   45.0000   -7.5000 2602.8357   19.8526
    0.0000   45.0000   -7.5000 2618.8660   19.3899
    7.5000   45.0000   -7.5000 2613.0918   19.4996
   -7.5000   52.5000   -7.5000 2469.2146   20.3403
    0.0000   52.5000   -7.5000 2487.3547   19.8996
    7.5000   52.5000   -7.5000 2469.4050   20.0376
   -7.5000   60.0000   -7.5000 2301.1270   20.9561
    0.0000   60.0000   -7.5000 2317.9377   20.5466
    7.5000   60.0000   -7.5000 2299.6782   20.6246
   -7.5000  -30.0000    0.0000 2231.4199   31.1126
    0.0000  -30.0000    0.0000 2245.0859   30.2025
    7.5000  -30.0000    0.0000 2229.8916   30.1356
   -7.5000  -22.5000    0.0000 2346.8064   27.8774
    0.0000  -22.5000    0.0000 2351.1726   26.9720
    7.5000  -22.5000    0.0000 2342.6316   26.9132
   -7.5000  -15.0000    0.0000 2463.8813   25.2862
    0.0000  -15.0000    0.0000 2459.9722   24.4690
    7.5000  -15.0000    0.0000 2456.4182   24.3750
   -7.5000   -7.5000    0.0000 2571.2146   23.3208
    0.0000   -7.5000    0.0000 2561.2668   22.6528
    7.5000   -7.5000    0.0000 2562.7837   22.5193
   -7.5000    0.0000    0.0000 2676.1838   21.8777
    0.0000    0.0000    0.0000 2674.5569   21.4681
    7.5000    0.0000    0.0000 2662.7505   21.1990
   -7.5000    7.5000    0.0000 2771.3464   20.9853
    0.0000    7.5000    0.0000 2800.4824   20.9302
    7.5000    7.5000    0.0000 2751.0261   20.3859
   -7.5000   15.0000    0.0000 2835.3164   20.3211
    0.0000   15.0000    0.0000 2913.6321   20.6684
    7.5000   15.0000    0.0000 2818.4014   19.7500
   -7.5000   22.5000    0.0000 2826.1179   19.5875
    0.0000   22.5000    0.0000 2901.5637   19.6528
    7.5000   22.5000    0.0000 2806.9785   18.9949
   -7.5000   30.0000    0.0000 2795.0737   19.1279
    0.0000   30.0000    0.0000 2842.0688   18.8901
    7.5000   30.0000    0.0000 2767.2974   18.5682
   -7.5000   37.5000    0.0000 2731.8203   19.1575
    0.0000   37.5000    0.0000 2755.4207   18.7404
    7.5000   37.5000    0.0000 2727.8689   18.7362
   -7.5000   45.0000    0.0000 2639.2542   19.6129
    0.0000   45.0000    0.0000 2666.2349   19.2169
    7.5000   45.0000    0.0000 2645.2629   19.2809
   -7.5000   52.5000    0.0000 2507.8862   20.2315
    0.0000   52.5000    0.0000 2532.7400   19.8911
    7.5000   52.5000    0.0000 2514.9546   19.9449
   -7.5000   60.0000    0.0000 2334.9270   20.8345
    0.0000   60.0000    0.0000 2355.5864   20.5151
    7.5000   60.0000    0.0000 2344.7500   20.5416
   -7.5000  -30.0000    7.5000 2208.6492   32.1021
    0.0000  -30.0000    7.5000 2201.9023   31.1810
    7.5000  -30.0000    7.5000 2199.2554   31.0587
   -7.5000  -22.5000    7.5000 2330.6025   28.8619
    0.0000  -22.5000    7.5000 2323.5552   28.0680
    7.5000  -22.5000    7.5000 2317.3003   27.8512
   -7.5000  -15.0000    7.5000 2460.5830   26.3279
    0.0000  -15.0000    7.5000 2465.7502   25.7673
    7.5000  -15.0000    7.5000 2446.5305   25.3797
   -7.5000   -7.5000    7.5000 2577.8486   24.2607
    0.0000   -7.5000    7.5000 2599.9116   23.9638
    7.5000   -7.5000    7.5000 2569.6707   23.5404
   -7.5000    0.0000    7.5000 2696.2642   22.7250
    0.0000    0.0000    7.5000 2744.5762   22.7270
    7.5000    0.0000    7.5000 2681.4729   22.1549
   -7.5000    7.5000    7.5000 2797.0940   21.6786
    0.0000    7.5000    7.5000 2868.3533   21.9358
    7.5000    7.5000    7.5000 2781.5813   21.2276
   -7.5000   15.0000    7.5000 2872.4561   20.8761
    0.0000   15.0000    7.5000 2972.1675   21.3343
    7.5000   15.0000    7.5000 2849.8826   20.4653
   -7.5000   22.5000    7.5000 2843.1948   19.9672
    0.0000   22.5000    7.5000 2931.4253   20.0818
    7.5000   22.5000    7.5000 2827.6912   19.5154
   -7.5000   30.0000    7.5000 2798.8135   19.2796
    0.0000   30.0000    7.5000 2823.1055   18.8598
    7.5000   30.0000    7.5000 2785.0593   18.9169
   -7.5000   37.5000    7.5000 2735.7893   19.2269
    0.0000   37.5000    7.5000 2771.2537   18.8617
    7.5000   37.5000    7.5000 2734.7881   18.9248
   -7.5000   45.0000    7.5000 2642.3037   19.6380
    0.0000   45.0000    7.5000 2672.4604   19.3547
    7.5000   45.0000    7.5000 2650.4392   19.3722
   -7.5000   52.5000    7.5000 2512.3062   20.2542
    0.0000   52.5000    7.5000 2533.5806   19.8985
    7.5000   52.5000    7.5000 2516.5012   19.9255
   -7.5000   60.0000    7.5000 2343.1118   20.8510
    0.0000   60.0000    7.5000 2361.6338   20.5130
    7.5000   60.0000    7.5000 2351.6521   20.5363
   -7.5000  -30.0000   15.0000 2201.0911   34.1034
    0.0000  -30.0000   15.0000 2213.7881   33.5401
    7.5000  -30.0000   15.0000 2185.9971   33.0544
   -7.5000  -22.5000   15.0000 2333.8516   30.7233
    0.0000  -22.5000   15.0000 2352.8999   30.2192
    7.5000  -22.5000   15.0000 2316.1733   29.8095
   -7.5000  -15.0000   15.0000 2462.0149   27.8935
    0.0000  -15.0000   15.0000 2485.6497   27.4332
    7.5000  -15.0000   15.0000 2453.7209   27.1187
   -7.5000   -7.5000   15.0000 2580.6101   25.5240
    0.0000   -7.5000   15.0000 2601.5049   25.1249
    7.5000   -7.5000   15.0000 2571.5388   24.8209
   -7.5000    0.0000   15.0000 2692.1875   23.6940
    0.0000    0.0000   15.0000 2713.0776   23.3481
    7.5000    0.0000   15.0000 2677.0947   23.0216
   -7.5000    7.5000   15.0000 2785.0210   22.3645
    0.0000    7.5000   15.0000 2812.7837   22.1139
    7.5000    7.5000   15.0000 2767.9504   21.8183
   -7.5000   15.0000   15.0000 2834.8169   21.2155
    0.0000   15.0000   15.0000 2892.2773   21.1236
    7.5000   15.0000   15.0000 2823.2593   20.7616
   -7.5000   22.5000   15.0000 2815.2463   20.3020
    0.0000   22.5000   15.0000 2831.4072   19.7263
    7.5000   22.5000   15.0000 2802.7012   19.8731
   -7.5000   30.0000   15.0000 2796.8191   19.9150
    0.0000   30.0000   15.0000 2818.9395   19.3609
    7.5000   30.0000   15.0000 2776.6008   19.4481
   -7.5000   37.5000   15.0000 2755.0764   20.1165
    0.0000   37.5000   15.0000 2796.7244   19.7747
    7.5000   37.5000   15.0000 2752.9092   19.7624
   -7.5000   45.0000   15.0000 2642.5276   20.5567
    0.0000   45.0000   15.0000 2678.8594   20.2869
    7.5000   45.0000   15.0000 2653.6462   20.2895
   -7.5000   52.5000   15.0000 2505.8010   20.9104
    0.0000   52.5000   15.0000 2522.3032   20.6075
    7.5000   52.5000   15.0000 2506.9761   20.6462
   -7.5000   60.0000   15.0000 2334.5854   21.2900
    0.0000   60.0000   15.0000 2351.8921   20.9722
    7.5000   60.0000   15.0000 2337.7761   20.9664
   -7.5000  -30.0000   22.5000 2191.5615   36.5774
    0.0000  -30.0000   22.5000 2209.5203   36.0204
    7.5000  -30.0000   22.5000 2183.3928   35.6967
   -7.5000  -22.5000   22.5000 2318.8928   32.5883
    0.0000  -22.5000   22.5000 2332.0334   31.8629
    7.5000  -22.5000   22.5000 2314.1543   31.8065
   -7.5000  -15.0000   22.5000 2435.6479   29.2737
    0.0000  -15.0000   22.5000 2445.0510   28.5216
    7.5000  -15.0000   22.5000 2438.7048   28.6296
   -7.5000   -7.5000   22.5000 2544.5549   26.5872
    0.0000   -7.5000   22.5000 2551.9072   25.9262
    7.5000   -7.5000   22.5000 2549.8201   26.0043
   -7.5000    0.0000   22.5000 2652.5549   24.5896
    0.0000    0.0000   22.5000 2654.6611   24.0076
    7.5000    0.0000   22.5000 2651.2019   24.0438
   -7.5000    7.5000   22.5000 2731.5437   23.0198
    0.0000    7.5000   22.5000 2745.7422   22.5749
    7.5000    7.5000   22.5000 2723.2358   22.4992
   -7.5000   15.0000   22.5000 2774.4922   21.7726
    0.0000   15.0000   22.5000 2791.4714   21.2630
    7.5000   15.0000   22.5000 2774.0842   21.3533
   -7.5000   22.5000   22.5000 2763.4077   20.8032
    0.0000   22.5000   22.5000 2773.5911   20.1135
    7.5000   22.5000   22.5000 2746.9832   20.3379
   -7.5000   30.0000   22.5000 2769.4761   20.6382
    0.0000   30.0000   22.5000 2794.1038   20.2020
    7.5000   30.0000   22.5000 2754.9080   20.1764
   -7.5000   37.5000   22.5000 2734.4880   20.9628
    0.0000   37.5000   22.5000 2770.7974   20.6380
    7.5000   37.5000   22.5000 2735.4546   20.5822
   -7.5000   45.0000   22.5000 2628.0686   21.4492
    0.0000   45.0000   22.5000 2652.9963   21.1076
    7.5000   45.0000   22.5000 2636.3254   21.1330
   -7.5000   52.5000   22.5000 2491.6187   21.8602
    0.0000   52.5000   22.5000 2512.7710   21.6126
    7.5000   52.5000   22.5000 2496.4016   21.6502
   -7.5000   60.0000   22.5000 2318.1160   22.2017
    0.0000   60.0000   22.5000 2338.6746   21.9589
    7.5000   60.0000   22.5000 2315.3655   21.9426
   -7.5000  -30.0000   30.0000 2146.0566   38.6940
    0.0000  -30.0000   30.0000 2153.3547   37.6986
    7.5000  -30.0000   30.0000 2153.0903   37.9384
   -7.5000  -22.5000   30.0000 2263.9685   34.0852
    0.0000  -22.5000   30.0000 2266.0786   33.0389
    7.5000  -22.5000   30.0000 2277.0854   33.5145
   -7.5000  -15.0000   30.0000 2380.1199   30.4688
    0.0000  -15.0000   30.0000 2381.0898   29.4843
    7.5000  -15.0000   30.0000 2400.5754   30.0641
   -7.5000   -7.5000   30.0000 2498.7864   27.7371
    0.0000   -7.5000   30.0000 2494.8667   26.7634
    7.5000   -7.5000   30.0000 2509.9570   27.3049
   -7.5000    0.0000   30.0000 2602.5320   25.6307
    0.0000    0.0000   30.0000 2592.1877   24.8109
    7.5000    0.0000   30.0000 2599.3577   25.1043
   -7.5000    7.5000   30.0000 2671.8550   23.9194
    0.0000    7.5000   30.0000 2667.5691   23.1974
    7.5000    7.5000   30.0000 2666.8940   23.4138
   -7.5000   15.0000   30.0000 2703.2795   22.5926
    0.0000   15.0000   30.0000 2700.5574   21.8021
    7.5000   15.0000   30.0000 2694.1677   22.1392
   -7.5000   22.5000   30.0000 2709.6863   21.6764
    0.0000   22.5000   30.0000 2718.3965   21.0519
    7.5000   22.5000   30.0000 2691.6526   21.2208
   -7.5000   30.0000   30.0000 2721.9509   21.6964
    0.0000   30.0000   30.0000 2743.2710   21.2172
    7.5000   30.0000   30.0000 2711.7563   21.2043
   -7.5000   37.5000   30.0000 2686.8030   22.0198
    0.0000   37.5000   30.0000 2712.0681   21.6001
    7.5000   37.5000   30.0000 2689.5671   21.6427
   -7.5000   45.0000   30.0000 2588.1499   22.5040
    0.0000   45.0000   30.0000 2612.0759   22.0851
    7.5000   45.0000   30.0000 2598.5461   22.1740
   -7.5000   52.5000   30.0000 2455.2278   22.8722
    0.0000   52.5000   30.0000 2475.1616   22.5202
    7.5000   52.5000   30.0000 2457.4468   22.5990
   -7.5000   60.0000   30.0000 2278.1792   23.2141
    0.0000   60.0000   30.0000 2298.9832   22.9042
    7.5000   60.0000   30.0000 2282.2820   22.9210
   -7.5000  -30.0000   37.5000 2076.2290   40.3607
    0.0000  -30.0000   37.5000 2093.1724   39.2511
    7.5000  -30.0000   37.5000 2100.6121   39.8844
   -7.5000  -22.5000   37.5000 2196.3027   35.5191
    0.0000  -22.5000   37.5000 2206.1211   34.3286
    7.5000  -22.5000   37.5000 2227.4902   35.1704
   -7.5000  -15.0000   37.5000 2317.2134   31.7996
    0.0000  -15.0000   37.5000 2323.7119   30.6565
    7.5000  -15.0000   37.5000 2345.2302   31.4375
   -7.5000   -7.5000   37.5000 2433.2205   28.9715
    0.0000   -7.5000   37.5000 2432.9324   27.9227
    7.5000   -7.5000   37.5000 2448.7498   28.5359
   -7.5000    0.0000   37.5000 2524.4463   26.7151
    0.0000    0.0000   37.5000 2517.6250   25.7514
    7.5000    0.0000   37.5000 2531.8464   26.2641
   -7.5000    7.5000   37.5000 2593.2244   24.9837
    0.0000    7.5000   37.5000 2590.4812   24.0894
    7.5000    7.5000   37.5000 2588.1140   24.4655
   -7.5000   15.0000   37.5000 2621.5752   23.6668
    0.0000   15.0000   37.5000 2620.9490   22.8937
    7.5000   15.0000   37.5000 2613.1213   23.1809
   -7.5000   22.5000   37.5000 2645.2212   22.8772
    0.0000   22.5000   37.5000 2649.7778   22.3174
    7.5000   22.5000   37.5000 2626.5608   22.4403
   -7.5000   30.0000   37.5000 2654.3081   22.9513
    0.0000   30.0000   37.5000 2675.5364   22.4710
    7.5000   30.0000   37.5000 2652.2249   22.4985
   -7.5000   37.5000   37.5000 2617.3337   23.2533
    0.0000   37.5000   37.5000 2644.1411   22.7847
    7.5000   37.5000   37.5000 2628.8413   22.9026
   -7.5000   45.0000   37.5000 2527.4045   23.6510
    0.0000   45.0000   37.5000 2553.5088   23.2192
    7.5000   45.0000   37.5000 2537.1340   23.3765
   -7.5000   52.5000   37.5000 2397.5293   23.9853
    0.0000   52.5000   37.5000 2417.6628   23.5985
    7.5000   52.5000   37.5000 2396.7231   23.7481
   -7.5000   60.0000   37.5000 2215.0400   24.2295
    0.0000   60.0000   37.5000 2232.0566   23.8691
    7.5000   60.0000   37.5000 2220.4236   23.9798
   -7.5000  -30.0000   45.0000 1990.6780   42.1646
    0.0000  -30.0000   45.0000 2009.7360   40.9929
    7.5000  -30.0000   45.0000 2014.8535   41.7665
   -7.5000  -22.5000   45.0000 2108.7568   37.0279
    0.0000  -22.5000   45.0000 2129.5693   35.9408
    7.5000  -22.5000   45.0000 2142.8513   36.8258
   -7.5000  -15.0000   45.0000 2230.2634   33.2878
    0.0000  -15.0000   45.0000 2251.7815   32.1908
    7.5000  -15.0000   45.0000 2260.3345   32.9027
   -7.5000   -7.5000   45.0000 2342.4148   30.3780
    0.0000   -7.5000   45.0000 2350.8152   29.2858
    7.5000   -7.5000   45.0000 2358.8257   29.9272
   -7.5000    0.0000   45.0000 2423.3459   28.0123
    0.0000    0.0000   45.0000 2430.9324   27.0165
    7.5000    0.0000   45.0000 2434.0347   27.5438
   -7.5000    7.5000   45.0000 2477.3440   26.2055
    0.0000    7.5000   45.0000 2480.8809   25.2962
    7.5000    7.5000   45.0000 2476.4661   25.6639
   -7.5000   15.0000   45.0000 2509.2295   24.9081
    0.0000   15.0000   45.0000 2517.8376   24.2457
    7.5000   15.0000   45.0000 2503.0317   24.4379
   -7.5000   22.5000   45.0000 2539.4453   24.2577
    0.0000   22.5000   45.0000 2553.9341   23.7476
    7.5000   22.5000   45.0000 2535.3604   23.8240
   -7.5000   30.0000   45.0000 2543.5859   24.3588
    0.0000   30.0000   45.0000 2572.5579   23.9210
    7.5000   30.0000   45.0000 2556.1917   23.9290
   -7.5000   37.5000   45.0000 2514.0391   24.5570
    0.0000   37.5000   45.0000 2542.8220   24.1639
    7.5000   37.5000   45.0000 2527.3962   24.2607
   -7.5000   45.0000   45.0000 2430.2144   24.8698
    0.0000   45.0000   45.0000 2468.4954   24.4325
    7.5000   45.0000   45.0000 2444.3425   24.5908
   -7.5000   52.5000   45.0000 2291.8230   25.1577
    0.0000   52.5000   45.0000 2320.1050   24.7202
    7.5000   52.5000   45.0000 2299.9666   24.8596
   -7.5000   60.0000   45.0000 2118.4131   25.2811
    0.0000   60.0000   45.0000 2135.4536   24.9216
    7.5000   60.0000   45.0000 2126.4995   24.9429

---------------------------------------------------------------------
imgreg_4dfp /opt/freesurfer/average/711-2C_as_mni_average_305 /opt/freesurfer/average/711-2B_as_mni_average_305_mask talsrcimg_g11 none talsrcimg_to_711-2C_as_mni_average_305_t4 1283
---------------------------------------------------------------------

freesurfer imgreg_4dfp.c
/opt/freesurfer/average/711-2C_as_mni_average_305.4dfp.img
       256       256       256         1
  1.000000  1.000000  1.000000
orientation T byte_order littleendian
Reading image: /opt/freesurfer/average/711-2C_as_mni_average_305.4dfp.img
dimensions:      256       256       256
mmppix:       1.0000   -1.0000   -1.0000
center:     128.0000 -129.0000 -129.0000
/opt/freesurfer/average/711-2B_as_mni_average_305_mask.4dfp.img
       256       256       256         1
  1.000000  1.000000  1.000000
orientation T byte_order littleendian
Reading mask: /opt/freesurfer/average/711-2B_as_mni_average_305_mask.4dfp.img (2306576 pixels)
talsrcimg_g11.4dfp.img
       320       320       320         1
  0.700000  0.700000  0.700000
orientation T byte_order littleendian
Reading image: talsrcimg_g11.4dfp.img
dimensions:      320       320       320
mmppix:       0.7000   -0.7000   -0.7000
center:     112.0000 -112.7000 -112.7000
rotation matrix determinant  1.000000
fimgreg.f
image alignment mode   1283 decimal      503 hex
parameters
    0.0000   15.0000    7.5000    0.0000    0.0000    0.0000
eta,q 0.93281 21.45399
niter,ni,del,rscale     5    3   12.0000    1.2000
parameters
    0.0781   17.5433    4.9462   -2.6728    0.2556   -2.9035
eta,q 0.94326 21.25932
  0.0982  0.0910  0.0682  0.0610  0.0694  0.0592
  0.0864  0.0828  0.0621  0.0592  0.0637  0.0571
  0.0748  0.0754  0.0605  0.0588  0.0604  0.0569
  0.0689  0.0689  0.0647  0.0603  0.0587  0.0586
  0.0724  0.0650  0.0717  0.0622  0.0591  0.0616
  0.0843  0.0661  0.0802  0.0642  0.0624  0.0650
  0.0980  0.0721  0.0880  0.0669  0.0680  0.0690
niter,ni,del,rscale     4    3   12.0000    1.2000
parameters
   -0.0612   18.7132    4.6537   -5.6404    0.9269   -3.5384
eta,q 0.94516 21.19705
  0.0895  0.0795  0.0748  0.0561  0.0686  0.0598
  0.0746  0.0700  0.0650  0.0556  0.0625  0.0571
  0.0618  0.0627  0.0581  0.0552  0.0584  0.0554
  0.0567  0.0568  0.0552  0.0552  0.0555  0.0549
  0.0622  0.0556  0.0599  0.0580  0.0549  0.0562
  0.0768  0.0606  0.0689  0.0608  0.0583  0.0588
  0.0927  0.0679  0.0777  0.0627  0.0648  0.0625
niter,ni,del,rscale     3    3   12.0000    1.2000
parameters
   -0.2528   19.8077    4.2295   -8.1674    1.5039   -4.0637
eta,q 0.94919 21.13964
  0.0882  0.0781  0.0726  0.0534  0.0671  0.0568
  0.0721  0.0684  0.0616  0.0518  0.0611  0.0534
  0.0593  0.0612  0.0544  0.0513  0.0551  0.0512
  0.0548  0.0548  0.0524  0.0524  0.0513  0.0509
  0.0611  0.0521  0.0567  0.0546  0.0517  0.0521
  0.0758  0.0573  0.0668  0.0575  0.0564  0.0550
  0.0919  0.0678  0.0783  0.0608  0.0633  0.0594
niter,ni,del,rscale     2    3   12.0000    1.2000
parameters
   -0.3514   20.6710    3.8038   -9.3643    1.7975   -4.3103
eta,q 0.95183 21.13365
  0.0881  0.0779  0.0723  0.0534  0.0645  0.0549
  0.0699  0.0665  0.0584  0.0497  0.0579  0.0510
  0.0559  0.0574  0.0503  0.0484  0.0517  0.0484
  0.0508  0.0508  0.0489  0.0487  0.0484  0.0482
  0.0571  0.0483  0.0539  0.0506  0.0497  0.0494
  0.0727  0.0547  0.0651  0.0546  0.0550  0.0518
  0.0896  0.0685  0.0781  0.0581  0.0626  0.0559
niter,ni,del,rscale     1    3   12.0000    1.2000
parameters
   -0.3983   21.1910    3.5237  -10.1167    1.9261   -4.2420
eta,q 0.95334 21.14453
  0.0881  0.0759  0.0743  0.0536  0.0626  0.0544
  0.0688  0.0638  0.0591  0.0490  0.0559  0.0501
  0.0537  0.0545  0.0495  0.0469  0.0498  0.0471
  0.0482  0.0482  0.0471  0.0470  0.0467  0.0466
  0.0545  0.0467  0.0523  0.0488  0.0484  0.0477
  0.0707  0.0550  0.0644  0.0526  0.0541  0.0499
  0.0885  0.0706  0.0782  0.0571  0.0622  0.0538
registration optimization eta report
parameter search radius
    6.0000    6.0000    6.0000    6.0000    6.0000    6.0000
100000*second partial in parameter space
      109.       70.       80.       23.       42.       21.
  0.0881  0.0759  0.0743  0.0536  0.0626  0.0544
  0.0688  0.0638  0.0591  0.0490  0.0559  0.0501
  0.0537  0.0545  0.0495  0.0469  0.0498  0.0471
  0.0482  0.0482  0.0471  0.0470  0.0467  0.0466
  0.0545  0.0467  0.0523  0.0488  0.0484  0.0477
  0.0707  0.0550  0.0644  0.0526  0.0541  0.0499
  0.0885  0.0706  0.0782  0.0571  0.0622  0.0538
   -0.3983   21.1910    3.5237  -10.1167    1.9261   -4.2420
eta,q 0.95334 21.14453

---------------------------------------------------------------------
imgreg_4dfp /opt/freesurfer/average/711-2C_as_mni_average_305 /opt/freesurfer/average/711-2B_as_mni_average_305_mask talsrcimg_g11 none talsrcimg_to_711-2C_as_mni_average_305_t4 3335
---------------------------------------------------------------------

freesurfer imgreg_4dfp.c
/opt/freesurfer/average/711-2C_as_mni_average_305.4dfp.img
       256       256       256         1
  1.000000  1.000000  1.000000
orientation T byte_order littleendian
Reading image: /opt/freesurfer/average/711-2C_as_mni_average_305.4dfp.img
dimensions:      256       256       256
mmppix:       1.0000   -1.0000   -1.0000
center:     128.0000 -129.0000 -129.0000
/opt/freesurfer/average/711-2B_as_mni_average_305_mask.4dfp.img
       256       256       256         1
  1.000000  1.000000  1.000000
orientation T byte_order littleendian
Reading mask: /opt/freesurfer/average/711-2B_as_mni_average_305_mask.4dfp.img (2306576 pixels)
talsrcimg_g11.4dfp.img
       320       320       320         1
  0.700000  0.700000  0.700000
orientation T byte_order littleendian
Reading image: talsrcimg_g11.4dfp.img
dimensions:      320       320       320
mmppix:       0.7000   -0.7000   -0.7000
center:     112.0000 -112.7000 -112.7000
fimgreg.f
image alignment mode   3335 decimal      D07 hex
parameters
   -0.3983   21.1910    3.5237   -0.3303   -1.8682   -1.6104
    7.8707   -2.0005   -7.3928   17.7620    3.3611  -17.5554
eta,q 0.95274 21.31273
niter,ni,del,rscale     5    3    5.0000    1.2000
parameter  2 -0.556473 -> -0.500000 qaram    1.1500
parameter  4  0.771287 ->  0.500000 qaram    1.1500
parameter  5  0.790548 ->  0.500000 qaram    1.1500
parameters
   -0.3483   22.5710    3.0315   -4.4703   -6.0082   -4.9635
    6.6574   -2.0192   -4.6278   15.8761    3.0047  -15.1593
eta,q 0.96739 21.18251
  0.0557  0.0555  0.0501  0.0384  0.0324  0.0360  0.0357  0.0393  0.0376  0.0351  0.0342  0.0354
  0.0513  0.0523  0.0470  0.0385  0.0336  0.0344  0.0341  0.0356  0.0355  0.0335  0.0333  0.0341
  0.0484  0.0494  0.0455  0.0402  0.0353  0.0330  0.0335  0.0338  0.0342  0.0328  0.0329  0.0333
  0.0473  0.0473  0.0458  0.0454  0.0387  0.0340  0.0335  0.0334  0.0334  0.0331  0.0328  0.0328
  0.0481  0.0460  0.0478  0.0550  0.0454  0.0425  0.0342  0.0341  0.0331  0.0343  0.0330  0.0326
  0.0507  0.0459  0.0511  0.0681  0.0550  0.0566  0.0357  0.0358  0.0332  0.0365  0.0335  0.0328
  0.0551  0.0471  0.0553  0.0813  0.0666  0.0697  0.0379  0.0392  0.0339  0.0396  0.0345  0.0333
niter,ni,del,rscale     7    3    5.0000    1.2000
parameter  2 -0.634639 -> -0.500000 qaram    1.3225
parameter  3  1.130289 ->  0.500000 qaram    1.1500
parameters
    0.0734   24.1580    1.6515   -6.3352   -9.3636   -6.3073
    5.6164   -2.5142   -4.9365   16.3351    2.6394  -16.2968
eta,q 0.97007 20.86024
  0.0381  0.0412  0.0286  0.0337  0.0309  0.0349  0.0320  0.0333  0.0318  0.0341  0.0306  0.0310
  0.0354  0.0376  0.0287  0.0318  0.0295  0.0329  0.0308  0.0312  0.0308  0.0323  0.0302  0.0303
  0.0336  0.0346  0.0295  0.0300  0.0290  0.0310  0.0301  0.0302  0.0302  0.0309  0.0300  0.0300
  0.0326  0.0324  0.0307  0.0289  0.0295  0.0290  0.0301  0.0300  0.0300  0.0300  0.0300  0.0300
  0.0325  0.0311  0.0323  0.0301  0.0328  0.0295  0.0306  0.0306  0.0303  0.0302  0.0300  0.0303
  0.0334  0.0307  0.0341  0.0359  0.0400  0.0362  0.0318  0.0320  0.0310  0.0314  0.0303  0.0309
  0.0353  0.0315  0.0363  0.0477  0.0503  0.0476  0.0337  0.0342  0.0322  0.0334  0.0308  0.0318
niter,ni,del,rscale     7    3    5.0000    1.2000
parameters
    0.4212   24.8648    0.8131   -6.0946  -10.6512   -7.2089
    5.5553   -2.1197   -5.1403   17.2468    2.6518  -17.1048
eta,q 0.96983 20.76681
  0.0340  0.0369  0.0305  0.0349  0.0334  0.0356  0.0328  0.0347  0.0320  0.0339  0.0308  0.0312
  0.0320  0.0335  0.0295  0.0331  0.0315  0.0335  0.0314  0.0318  0.0311  0.0324  0.0304  0.0306
  0.0306  0.0311  0.0293  0.0313  0.0300  0.0316  0.0306  0.0306  0.0305  0.0312  0.0303  0.0302
  0.0299  0.0298  0.0296  0.0293  0.0292  0.0295  0.0303  0.0303  0.0303  0.0303  0.0302  0.0302
  0.0299  0.0297  0.0303  0.0282  0.0294  0.0287  0.0306  0.0307  0.0306  0.0303  0.0303  0.0305
  0.0307  0.0306  0.0313  0.0299  0.0328  0.0345  0.0314  0.0317  0.0312  0.0311  0.0304  0.0310
  0.0323  0.0326  0.0328  0.0369  0.0403  0.0445  0.0330  0.0335  0.0322  0.0328  0.0308  0.0317
niter,ni,del,rscale     6    3    5.0000    1.2000
parameters
    0.4950   25.2007    0.6425   -5.8493  -10.9939   -7.5038
    5.5441   -1.9412   -5.2500   17.6753    2.7331  -17.4792
eta,q 0.96968 20.74655
  0.0334  0.0355  0.0317  0.0356  0.0346  0.0362  0.0329  0.0345  0.0320  0.0335  0.0309  0.0315
  0.0317  0.0327  0.0306  0.0338  0.0328  0.0342  0.0315  0.0317  0.0311  0.0321  0.0306  0.0308
  0.0306  0.0309  0.0302  0.0320  0.0311  0.0322  0.0307  0.0306  0.0305  0.0310  0.0304  0.0304
  0.0302  0.0302  0.0302  0.0301  0.0300  0.0301  0.0304  0.0304  0.0304  0.0304  0.0303  0.0303
  0.0304  0.0305  0.0304  0.0290  0.0297  0.0284  0.0306  0.0308  0.0306  0.0305  0.0304  0.0306
  0.0313  0.0316  0.0310  0.0306  0.0315  0.0319  0.0314  0.0319  0.0311  0.0314  0.0305  0.0310
  0.0331  0.0335  0.0320  0.0375  0.0375  0.0414  0.0330  0.0337  0.0321  0.0330  0.0309  0.0317
niter,ni,del,rscale     5    3    5.0000    1.2000
parameters
    0.5178   25.3247    0.4966   -5.8126  -11.0762   -7.6595
    5.5483   -1.8592   -5.3240   17.9178    2.9142  -17.6215
eta,q 0.96955 20.73941
  0.0334  0.0349  0.0318  0.0357  0.0350  0.0364  0.0330  0.0344  0.0320  0.0334  0.0310  0.0317
  0.0318  0.0323  0.0308  0.0340  0.0332  0.0344  0.0316  0.0317  0.0312  0.0320  0.0307  0.0310
  0.0307  0.0308  0.0304  0.0322  0.0315  0.0324  0.0308  0.0307  0.0306  0.0310  0.0305  0.0306
  0.0303  0.0303  0.0303  0.0303  0.0303  0.0303  0.0305  0.0305  0.0305  0.0305  0.0304  0.0305
  0.0306  0.0308  0.0306  0.0292  0.0299  0.0285  0.0307  0.0309  0.0307  0.0306  0.0305  0.0306
  0.0316  0.0320  0.0311  0.0312  0.0314  0.0315  0.0315  0.0320  0.0312  0.0315  0.0306  0.0311
  0.0334  0.0340  0.0320  0.0384  0.0371  0.0409  0.0331  0.0339  0.0321  0.0332  0.0309  0.0317
niter,ni,del,rscale     4    3    5.0000    1.2000
parameters
    0.5288   25.3771    0.4094   -5.7829  -11.1189   -7.7398
    5.5508   -1.8322   -5.3908   18.0501    3.0380  -17.6890
eta,q 0.96949 20.73702
  0.0335  0.0347  0.0319  0.0358  0.0351  0.0365  0.0330  0.0343  0.0321  0.0333  0.0310  0.0317
  0.0319  0.0323  0.0310  0.0341  0.0333  0.0345  0.0317  0.0318  0.0312  0.0320  0.0307  0.0310
  0.0308  0.0308  0.0305  0.0323  0.0316  0.0325  0.0308  0.0307  0.0307  0.0310  0.0306  0.0306
  0.0305  0.0304  0.0305  0.0304  0.0304  0.0304  0.0305  0.0305  0.0305  0.0305  0.0305  0.0305
  0.0307  0.0310  0.0307  0.0294  0.0300  0.0285  0.0307  0.0309  0.0307  0.0307  0.0306  0.0307
  0.0317  0.0322  0.0312  0.0313  0.0315  0.0313  0.0316  0.0321  0.0312  0.0316  0.0307  0.0311
  0.0335  0.0342  0.0320  0.0385  0.0370  0.0406  0.0331  0.0339  0.0321  0.0333  0.0310  0.0317
niter,ni,del,rscale     3    3    5.0000    1.2000
parameters
    0.5315   25.4057    0.3596   -5.7728  -11.1444   -7.7843
    5.5647   -1.8180   -5.4348   18.1211    3.1397  -17.7153
eta,q 0.96945 20.73493
  0.0335  0.0346  0.0320  0.0358  0.0352  0.0366  0.0331  0.0343  0.0321  0.0333  0.0310  0.0318
  0.0319  0.0323  0.0311  0.0341  0.0334  0.0346  0.0317  0.0318  0.0312  0.0320  0.0308  0.0311
  0.0309  0.0309  0.0306  0.0324  0.0317  0.0326  0.0309  0.0307  0.0307  0.0310  0.0306  0.0307
  0.0305  0.0305  0.0305  0.0305  0.0305  0.0305  0.0306  0.0306  0.0306  0.0305  0.0306  0.0305
  0.0308  0.0310  0.0307  0.0294  0.0301  0.0286  0.0308  0.0310  0.0307  0.0307  0.0306  0.0307
  0.0318  0.0323  0.0312  0.0314  0.0315  0.0313  0.0316  0.0321  0.0313  0.0317  0.0307  0.0311
  0.0336  0.0343  0.0320  0.0386  0.0371  0.0405  0.0331  0.0340  0.0321  0.0334  0.0310  0.0318
niter,ni,del,rscale     2    3    5.0000    1.2000
parameters
    0.5328   25.4249    0.3289   -5.7655  -11.1645   -7.8108
    5.5721   -1.8140   -5.4719   18.1659    3.1916  -17.7248
eta,q 0.96943 20.73322
  0.0335  0.0346  0.0321  0.0359  0.0352  0.0366  0.0331  0.0343  0.0321  0.0332  0.0311  0.0318
  0.0319  0.0323  0.0311  0.0342  0.0334  0.0346  0.0317  0.0318  0.0312  0.0320  0.0308  0.0311
  0.0309  0.0309  0.0307  0.0324  0.0317  0.0326  0.0309  0.0308  0.0307  0.0310  0.0306  0.0307
  0.0305  0.0305  0.0305  0.0306  0.0305  0.0306  0.0306  0.0306  0.0306  0.0306  0.0306  0.0306
  0.0308  0.0311  0.0307  0.0295  0.0301  0.0286  0.0308  0.0310  0.0308  0.0307  0.0306  0.0308
  0.0318  0.0324  0.0312  0.0314  0.0316  0.0312  0.0316  0.0321  0.0313  0.0317  0.0308  0.0312
  0.0336  0.0344  0.0320  0.0386  0.0371  0.0404  0.0331  0.0340  0.0321  0.0334  0.0311  0.0318
niter,ni,del,rscale     1    3    5.0000    1.2000
parameters
    0.5333   25.4359    0.3126   -5.7621  -11.1766   -7.8280
    5.5780   -1.8112   -5.4978   18.1890    3.2212  -17.7308
eta,q 0.96941 20.73213
  0.0335  0.0346  0.0321  0.0359  0.0352  0.0366  0.0331  0.0343  0.0321  0.0332  0.0311  0.0318
  0.0319  0.0323  0.0311  0.0342  0.0335  0.0346  0.0317  0.0318  0.0313  0.0320  0.0308  0.0311
  0.0310  0.0309  0.0307  0.0324  0.0317  0.0326  0.0309  0.0308  0.0307  0.0310  0.0306  0.0307
  0.0306  0.0306  0.0306  0.0306  0.0306  0.0306  0.0306  0.0306  0.0306  0.0306  0.0306  0.0306
  0.0308  0.0311  0.0308  0.0295  0.0302  0.0286  0.0308  0.0310  0.0308  0.0308  0.0306  0.0308
  0.0318  0.0324  0.0312  0.0314  0.0316  0.0312  0.0316  0.0321  0.0313  0.0317  0.0308  0.0312
  0.0336  0.0344  0.0320  0.0387  0.0371  0.0404  0.0331  0.0340  0.0321  0.0334  0.0311  0.0318
registration optimization eta report
parameter search radius
    2.4000    3.1740    2.7600    8.2800    8.2800    7.2000
    7.2000    7.2000    7.2000    7.2000    7.2000    7.2000
100000*second partial in parameter space
       52.       39.       20.       10.        8.       16.
        5.        7.        3.        5.        1.        2.
  0.0335  0.0346  0.0321  0.0359  0.0352  0.0366  0.0331  0.0343  0.0321  0.0332  0.0311  0.0318
  0.0319  0.0323  0.0311  0.0342  0.0335  0.0346  0.0317  0.0318  0.0313  0.0320  0.0308  0.0311
  0.0310  0.0309  0.0307  0.0324  0.0317  0.0326  0.0309  0.0308  0.0307  0.0310  0.0306  0.0307
  0.0306  0.0306  0.0306  0.0306  0.0306  0.0306  0.0306  0.0306  0.0306  0.0306  0.0306  0.0306
  0.0308  0.0311  0.0308  0.0295  0.0302  0.0286  0.0308  0.0310  0.0308  0.0308  0.0306  0.0308
  0.0318  0.0324  0.0312  0.0314  0.0316  0.0312  0.0316  0.0321  0.0313  0.0317  0.0308  0.0312
  0.0336  0.0344  0.0320  0.0387  0.0371  0.0404  0.0331  0.0340  0.0321  0.0334  0.0311  0.0318
    0.5333   25.4359    0.3126   -5.7621  -11.1766   -7.8280
    5.5780   -1.8112   -5.4978   18.1890    3.2212  -17.7308
eta,q 0.96941 20.73213

---------------------------------------------------------------------
imgreg_4dfp /opt/freesurfer/average/711-2C_as_mni_average_305 /opt/freesurfer/average/711-2B_as_mni_average_305_mask talsrcimg_g11 none talsrcimg_to_711-2C_as_mni_average_305_t4 2311
---------------------------------------------------------------------

freesurfer imgreg_4dfp.c
/opt/freesurfer/average/711-2C_as_mni_average_305.4dfp.img
       256       256       256         1
  1.000000  1.000000  1.000000
orientation T byte_order littleendian
Reading image: /opt/freesurfer/average/711-2C_as_mni_average_305.4dfp.img
dimensions:      256       256       256
mmppix:       1.0000   -1.0000   -1.0000
center:     128.0000 -129.0000 -129.0000
/opt/freesurfer/average/711-2B_as_mni_average_305_mask.4dfp.img
       256       256       256         1
  1.000000  1.000000  1.000000
orientation T byte_order littleendian
Reading mask: /opt/freesurfer/average/711-2B_as_mni_average_305_mask.4dfp.img (2306576 pixels)
talsrcimg_g11.4dfp.img
       320       320       320         1
  0.700000  0.700000  0.700000
orientation T byte_order littleendian
Reading image: talsrcimg_g11.4dfp.img
dimensions:      320       320       320
mmppix:       0.7000   -0.7000   -0.7000
center:     112.0000 -112.7000 -112.7000
fimgreg.f
image alignment mode   2311 decimal      907 hex
parameters
    0.5333   25.4359    0.3126   -5.7621  -11.1766   -7.8280
    5.5780   -1.8112   -5.4978   18.1890    3.2212  -17.7308
eta,q 0.96941 20.73213
niter,ni,del,rscale     5    3    5.0000    0.8000
parameter  4 -0.600825 -> -0.500000 qaram    1.1500
parameters
    0.5753   25.3482    0.2418   -3.0021  -10.0347   -6.5148
    5.2535   -1.3409   -4.7150   18.3889    2.7091  -17.8709
eta,q 0.97188 21.00210
  0.0320  0.0315  0.0310  0.0338  0.0317  0.0335  0.0298  0.0325  0.0295  0.0300  0.0288  0.0289
  0.0312  0.0309  0.0307  0.0327  0.0308  0.0321  0.0288  0.0300  0.0288  0.0290  0.0284  0.0284
  0.0308  0.0306  0.0306  0.0317  0.0300  0.0307  0.0283  0.0287  0.0284  0.0284  0.0282  0.0282
  0.0306  0.0306  0.0306  0.0306  0.0295  0.0293  0.0282  0.0282  0.0282  0.0281  0.0281  0.0281
  0.0307  0.0308  0.0306  0.0297  0.0293  0.0280  0.0284  0.0284  0.0282  0.0283  0.0283  0.0283
  0.0311  0.0311  0.0308  0.0296  0.0294  0.0279  0.0291  0.0293  0.0284  0.0288  0.0287  0.0285
  0.0319  0.0317  0.0311  0.0305  0.0305  0.0314  0.0303  0.0309  0.0288  0.0297  0.0292  0.0289
niter,ni,del,rscale     5    3    5.0000    0.8000
parameters
    0.3029   25.0025    0.1830   -4.1181   -9.6561   -6.7569
    5.5020   -1.6574   -4.5946   18.1315    3.0400  -18.0856
eta,q 0.97167 21.01055
  0.0296  0.0287  0.0290  0.0311  0.0303  0.0326  0.0300  0.0306  0.0293  0.0300  0.0290  0.0291
  0.0287  0.0282  0.0284  0.0297  0.0293  0.0312  0.0291  0.0292  0.0288  0.0291  0.0287  0.0286
  0.0281  0.0280  0.0280  0.0286  0.0286  0.0297  0.0286  0.0285  0.0285  0.0285  0.0284  0.0284
  0.0281  0.0281  0.0280  0.0280  0.0282  0.0282  0.0284  0.0284  0.0283  0.0283  0.0283  0.0283
  0.0286  0.0284  0.0282  0.0288  0.0281  0.0276  0.0284  0.0288  0.0284  0.0286  0.0284  0.0285
  0.0297  0.0289  0.0286  0.0318  0.0285  0.0301  0.0289  0.0297  0.0287  0.0293  0.0286  0.0288
  0.0313  0.0297  0.0291  0.0375  0.0300  0.0361  0.0297  0.0312  0.0292  0.0304  0.0289  0.0291
niter,ni,del,rscale     4    3    5.0000    0.7000
parameters
    0.3656   25.0010    0.1575   -4.0993   -9.4292   -6.5299
    5.4303   -1.7046   -4.5396   18.1854    3.0217  -18.1561
eta,q 0.97191 21.03419
  0.0299  0.0293  0.0290  0.0315  0.0299  0.0322  0.0292  0.0302  0.0288  0.0296  0.0286  0.0287
  0.0291  0.0287  0.0286  0.0303  0.0292  0.0309  0.0286  0.0289  0.0284  0.0288  0.0283  0.0283
  0.0286  0.0284  0.0284  0.0292  0.0286  0.0296  0.0282  0.0282  0.0282  0.0283  0.0281  0.0281
  0.0283  0.0283  0.0283  0.0283  0.0283  0.0283  0.0281  0.0281  0.0281  0.0281  0.0281  0.0281
  0.0284  0.0284  0.0284  0.0282  0.0282  0.0275  0.0282  0.0284  0.0281  0.0283  0.0281  0.0282
  0.0289  0.0287  0.0287  0.0294  0.0286  0.0287  0.0286  0.0290  0.0284  0.0287  0.0283  0.0284
  0.0297  0.0292  0.0290  0.0323  0.0299  0.0329  0.0294  0.0302  0.0288  0.0295  0.0286  0.0287
niter,ni,del,rscale     3    3    5.0000    0.6000
parameters
    0.3594   24.9522    0.1966   -3.8843   -9.3186   -6.2169
    5.4086   -1.6746   -4.4251   18.1927    2.9975  -18.1123
eta,q 0.97224 21.05744
  0.0292  0.0287  0.0287  0.0307  0.0292  0.0314  0.0287  0.0295  0.0284  0.0290  0.0282  0.0283
  0.0286  0.0283  0.0283  0.0297  0.0286  0.0303  0.0282  0.0285  0.0280  0.0283  0.0280  0.0280
  0.0282  0.0281  0.0281  0.0288  0.0282  0.0291  0.0279  0.0279  0.0278  0.0279  0.0278  0.0278
  0.0281  0.0281  0.0281  0.0281  0.0280  0.0280  0.0278  0.0278  0.0278  0.0278  0.0278  0.0278
  0.0282  0.0282  0.0282  0.0280  0.0280  0.0274  0.0278  0.0280  0.0278  0.0279  0.0278  0.0278
  0.0286  0.0284  0.0283  0.0288  0.0283  0.0283  0.0281  0.0285  0.0280  0.0283  0.0280  0.0280
  0.0292  0.0288  0.0286  0.0308  0.0292  0.0314  0.0287  0.0294  0.0283  0.0289  0.0282  0.0283
niter,ni,del,rscale     2    3    5.0000    0.5000
parameters
    0.3238   24.8897    0.2736   -3.6967   -9.2285   -5.8867
    5.4076   -1.6809   -4.3036   18.1493    2.9808  -18.0106
eta,q 0.97251 21.07480
  0.0285  0.0282  0.0283  0.0298  0.0285  0.0305  0.0281  0.0288  0.0279  0.0284  0.0278  0.0279
  0.0281  0.0279  0.0280  0.0290  0.0281  0.0296  0.0278  0.0280  0.0277  0.0279  0.0276  0.0277
  0.0278  0.0278  0.0278  0.0282  0.0279  0.0286  0.0276  0.0276  0.0276  0.0276  0.0275  0.0275
  0.0278  0.0278  0.0278  0.0278  0.0277  0.0277  0.0275  0.0275  0.0275  0.0275  0.0275  0.0275
  0.0279  0.0278  0.0278  0.0277  0.0277  0.0273  0.0275  0.0277  0.0275  0.0276  0.0275  0.0275
  0.0282  0.0280  0.0279  0.0283  0.0279  0.0280  0.0278  0.0281  0.0276  0.0279  0.0277  0.0277
  0.0286  0.0283  0.0282  0.0297  0.0285  0.0302  0.0282  0.0288  0.0279  0.0284  0.0279  0.0279
niter,ni,del,rscale     1    3    5.0000    0.4000
parameters
    0.2848   24.8212    0.3840   -3.5535   -9.1799   -5.5582
    5.4125   -1.7201   -4.2121   18.0844    2.9576  -17.8902
eta,q 0.97271 21.08461
  0.0280  0.0278  0.0280  0.0289  0.0279  0.0297  0.0277  0.0281  0.0276  0.0279  0.0275  0.0276
  0.0277  0.0276  0.0277  0.0283  0.0277  0.0289  0.0275  0.0276  0.0274  0.0275  0.0274  0.0274
  0.0275  0.0275  0.0276  0.0278  0.0275  0.0281  0.0273  0.0274  0.0273  0.0273  0.0273  0.0273
  0.0275  0.0275  0.0275  0.0275  0.0275  0.0275  0.0273  0.0273  0.0273  0.0273  0.0273  0.0273
  0.0276  0.0275  0.0275  0.0275  0.0275  0.0272  0.0273  0.0274  0.0273  0.0274  0.0273  0.0273
  0.0278  0.0277  0.0276  0.0279  0.0276  0.0277  0.0275  0.0277  0.0274  0.0276  0.0274  0.0274
  0.0281  0.0279  0.0277  0.0288  0.0279  0.0291  0.0277  0.0282  0.0275  0.0279  0.0275  0.0275
registration optimization eta report
parameter search radius
    0.8000    0.8000    0.8000    2.7600    2.4000    2.4000
    2.4000    2.4000    2.4000    2.4000    2.4000    2.4000
100000*second partial in parameter space
       85.       52.       57.       18.        8.       34.
        8.       15.        5.       11.        4.        5.
  0.0280  0.0278  0.0280  0.0289  0.0279  0.0297  0.0277  0.0281  0.0276  0.0279  0.0275  0.0276
  0.0277  0.0276  0.0277  0.0283  0.0277  0.0289  0.0275  0.0276  0.0274  0.0275  0.0274  0.0274
  0.0275  0.0275  0.0276  0.0278  0.0275  0.0281  0.0273  0.0274  0.0273  0.0273  0.0273  0.0273
  0.0275  0.0275  0.0275  0.0275  0.0275  0.0275  0.0273  0.0273  0.0273  0.0273  0.0273  0.0273
  0.0276  0.0275  0.0275  0.0275  0.0275  0.0272  0.0273  0.0274  0.0273  0.0274  0.0273  0.0273
  0.0278  0.0277  0.0276  0.0279  0.0276  0.0277  0.0275  0.0277  0.0274  0.0276  0.0274  0.0274
  0.0281  0.0279  0.0277  0.0288  0.0279  0.0291  0.0277  0.0282  0.0275  0.0279  0.0275  0.0275
    0.2848   24.8212    0.3840   -3.5535   -9.1799   -5.5582
    5.4125   -1.7201   -4.2121   18.0844    2.9576  -17.8902
eta,q 0.97271 21.08461

---------------------------------------------------------------------
imgreg_4dfp /opt/freesurfer/average/711-2C_as_mni_average_305 /opt/freesurfer/average/711-2B_as_mni_average_305_mask talsrcimg_g11 none talsrcimg_to_711-2C_as_mni_average_305_t4 2311
---------------------------------------------------------------------

freesurfer imgreg_4dfp.c
/opt/freesurfer/average/711-2C_as_mni_average_305.4dfp.img
       256       256       256         1
  1.000000  1.000000  1.000000
orientation T byte_order littleendian
Reading image: /opt/freesurfer/average/711-2C_as_mni_average_305.4dfp.img
dimensions:      256       256       256
mmppix:       1.0000   -1.0000   -1.0000
center:     128.0000 -129.0000 -129.0000
/opt/freesurfer/average/711-2B_as_mni_average_305_mask.4dfp.img
       256       256       256         1
  1.000000  1.000000  1.000000
orientation T byte_order littleendian
Reading mask: /opt/freesurfer/average/711-2B_as_mni_average_305_mask.4dfp.img (2306576 pixels)
talsrcimg_g11.4dfp.img
       320       320       320         1
  0.700000  0.700000  0.700000
orientation T byte_order littleendian
Reading image: talsrcimg_g11.4dfp.img
dimensions:      320       320       320
mmppix:       0.7000   -0.7000   -0.7000
center:     112.0000 -112.7000 -112.7000
fimgreg.f
image alignment mode   2311 decimal      907 hex
parameters
    0.2848   24.8212    0.3840   -3.5535   -9.1799   -5.5582
    5.4125   -1.7201   -4.2121   18.0844    2.9576  -17.8902
eta,q 0.97271 21.08461
niter,ni,del,rscale     5    3    5.0000    0.8000
parameters
    0.2156   24.7814    0.6257   -4.1953   -9.7174   -6.2349
    5.4621   -1.8865   -4.4650   17.9061    2.9054  -17.9090
eta,q 0.97202 21.01737
  0.0293  0.0286  0.0295  0.0300  0.0290  0.0319  0.0295  0.0305  0.0288  0.0298  0.0286  0.0288
  0.0282  0.0278  0.0283  0.0289  0.0282  0.0305  0.0287  0.0289  0.0284  0.0288  0.0283  0.0283
  0.0275  0.0274  0.0276  0.0279  0.0276  0.0289  0.0282  0.0281  0.0281  0.0282  0.0280  0.0280
  0.0273  0.0273  0.0273  0.0273  0.0274  0.0275  0.0280  0.0280  0.0280  0.0280  0.0280  0.0280
  0.0276  0.0275  0.0274  0.0277  0.0276  0.0277  0.0281  0.0284  0.0281  0.0283  0.0281  0.0281
  0.0284  0.0280  0.0278  0.0295  0.0284  0.0316  0.0286  0.0292  0.0285  0.0290  0.0283  0.0284
  0.0298  0.0287  0.0284  0.0333  0.0306  0.0383  0.0295  0.0307  0.0291  0.0301  0.0286  0.0288
niter,ni,del,rscale     4    3    5.0000    0.7000
parameters
    0.3303   24.9016    0.3850   -3.9293   -9.4905   -6.3554
    5.3646   -1.7295   -4.4502   18.0152    2.8820  -18.0348
eta,q 0.97209 21.03821
  0.0297  0.0291  0.0285  0.0306  0.0294  0.0317  0.0291  0.0303  0.0287  0.0295  0.0285  0.0285
  0.0288  0.0285  0.0281  0.0296  0.0287  0.0305  0.0284  0.0289  0.0283  0.0287  0.0281  0.0282
  0.0282  0.0281  0.0279  0.0286  0.0281  0.0291  0.0281  0.0281  0.0280  0.0281  0.0280  0.0279
  0.0280  0.0280  0.0280  0.0279  0.0278  0.0278  0.0279  0.0279  0.0279  0.0279  0.0279  0.0279
  0.0280  0.0280  0.0282  0.0278  0.0278  0.0273  0.0280  0.0281  0.0280  0.0281  0.0280  0.0280
  0.0285  0.0283  0.0285  0.0285  0.0281  0.0292  0.0284  0.0288  0.0282  0.0286  0.0282  0.0283
  0.0292  0.0288  0.0290  0.0306  0.0294  0.0340  0.0292  0.0299  0.0287  0.0294  0.0285  0.0286
niter,ni,del,rscale     3    3    5.0000    0.6000
parameters
    0.3310   24.9078    0.2806   -3.7070   -9.3430   -6.1724
    5.3512   -1.6568   -4.3718   18.1139    2.9185  -18.0312
eta,q 0.97231 21.06138
  0.0290  0.0286  0.0284  0.0301  0.0290  0.0312  0.0286  0.0295  0.0283  0.0290  0.0282  0.0282
  0.0284  0.0282  0.0281  0.0292  0.0284  0.0301  0.0281  0.0284  0.0280  0.0283  0.0279  0.0279
  0.0281  0.0280  0.0279  0.0284  0.0281  0.0290  0.0278  0.0279  0.0278  0.0278  0.0277  0.0277
  0.0279  0.0279  0.0279  0.0279  0.0278  0.0278  0.0277  0.0277  0.0277  0.0277  0.0277  0.0277
  0.0280  0.0280  0.0280  0.0278  0.0278  0.0273  0.0278  0.0279  0.0277  0.0278  0.0277  0.0278
  0.0284  0.0282  0.0283  0.0285  0.0281  0.0284  0.0281  0.0284  0.0279  0.0282  0.0279  0.0279
  0.0291  0.0286  0.0286  0.0300  0.0290  0.0317  0.0287  0.0293  0.0283  0.0288  0.0281  0.0282
niter,ni,del,rscale     2    3    5.0000    0.5000
parameters
    0.3048   24.8714    0.2924   -3.5602   -9.2523   -5.8821
    5.3667   -1.6613   -4.2733   18.1244    2.9428  -17.9607
eta,q 0.97254 21.07694
  0.0285  0.0282  0.0282  0.0293  0.0284  0.0305  0.0281  0.0288  0.0279  0.0284  0.0278  0.0279
  0.0280  0.0279  0.0279  0.0286  0.0281  0.0295  0.0278  0.0280  0.0277  0.0279  0.0276  0.0276
  0.0278  0.0277  0.0277  0.0280  0.0278  0.0285  0.0276  0.0276  0.0275  0.0276  0.0275  0.0275
  0.0277  0.0277  0.0277  0.0277  0.0277  0.0277  0.0275  0.0275  0.0275  0.0275  0.0275  0.0275
  0.0278  0.0278  0.0278  0.0277  0.0277  0.0273  0.0275  0.0276  0.0275  0.0276  0.0275  0.0275
  0.0281  0.0279  0.0279  0.0282  0.0279  0.0280  0.0277  0.0281  0.0276  0.0279  0.0276  0.0276
  0.0286  0.0282  0.0281  0.0292  0.0285  0.0303  0.0281  0.0288  0.0279  0.0283  0.0278  0.0278
niter,ni,del,rscale     1    3    5.0000    0.4000
parameters
    0.2732   24.8126    0.3836   -3.4602   -9.1941   -5.5631
    5.3933   -1.7004   -4.1945   18.0735    2.9379  -17.8604
eta,q 0.97272 21.08595
  0.0280  0.0278  0.0279  0.0286  0.0279  0.0296  0.0277  0.0282  0.0276  0.0279  0.0275  0.0276
  0.0277  0.0276  0.0277  0.0281  0.0277  0.0288  0.0275  0.0276  0.0274  0.0275  0.0274  0.0274
  0.0275  0.0275  0.0275  0.0277  0.0275  0.0281  0.0273  0.0274  0.0273  0.0273  0.0273  0.0273
  0.0275  0.0275  0.0275  0.0275  0.0274  0.0274  0.0273  0.0273  0.0273  0.0273  0.0273  0.0273
  0.0275  0.0275  0.0275  0.0275  0.0275  0.0272  0.0273  0.0274  0.0273  0.0274  0.0273  0.0273
  0.0277  0.0276  0.0276  0.0278  0.0276  0.0277  0.0275  0.0277  0.0274  0.0276  0.0274  0.0274
  0.0281  0.0278  0.0277  0.0285  0.0279  0.0291  0.0277  0.0282  0.0275  0.0279  0.0275  0.0275
registration optimization eta report
parameter search radius
    0.8000    0.8000    0.8000    2.4000    2.4000    2.4000
    2.4000    2.4000    2.4000    2.4000    2.4000    2.4000
100000*second partial in parameter space
       86.       52.       56.       19.        8.       34.
        8.       15.        5.       11.        5.        5.
  0.0280  0.0278  0.0279  0.0286  0.0279  0.0296  0.0277  0.0282  0.0276  0.0279  0.0275  0.0276
  0.0277  0.0276  0.0277  0.0281  0.0277  0.0288  0.0275  0.0276  0.0274  0.0275  0.0274  0.0274
  0.0275  0.0275  0.0275  0.0277  0.0275  0.0281  0.0273  0.0274  0.0273  0.0273  0.0273  0.0273
  0.0275  0.0275  0.0275  0.0275  0.0274  0.0274  0.0273  0.0273  0.0273  0.0273  0.0273  0.0273
  0.0275  0.0275  0.0275  0.0275  0.0275  0.0272  0.0273  0.0274  0.0273  0.0274  0.0273  0.0273
  0.0277  0.0276  0.0276  0.0278  0.0276  0.0277  0.0275  0.0277  0.0274  0.0276  0.0274  0.0274
  0.0281  0.0278  0.0277  0.0285  0.0279  0.0291  0.0277  0.0282  0.0275  0.0279  0.0275  0.0275
    0.2732   24.8126    0.3836   -3.4602   -9.1941   -5.5631
    5.3933   -1.7004   -4.1945   18.0735    2.9379  -17.8604
eta,q 0.97272 21.08595

---------------------------------------------------------------------
compute_vox2vox talsrcimg talsrcimg_to_711-2C_as_mni_average_305_t4 /opt/freesurfer/average/711-2C_as_mni_average_305
---------------------------------------------------------------------

freesurfer compute_vox2vox.c
Reading: talsrcimg.4dfp.ifh
Reading: talsrcimg_to_711-2C_as_mni_average_305_t4
Reading: /opt/freesurfer/average/711-2C_as_mni_average_305.4dfp.ifh
Writing: talsrcimg_to_711-2C_as_mni_average_305_t4_vox2vox.txt

start time Fri Mar 13 07:15:35 CET 2026
end		time Fri Mar 13 07:16:58 CET 2026

mpr2mni305 success

avi2talxfm orig_nu.mgz /opt/freesurfer/average/mni305.cor.mgz talsrcimg_to_711-2C_as_mni_average_305_t4_vox2vox.txt transforms/talairach.auto.xfm
avi2talxfm done
mv -f /out/sourcedata/freesurfer/sub-v2s5x29548_ses-1/mri/talsrcimg_to_711-2C_as_mni_average_305_t4_vox2vox.txt /out/sourcedata/freesurfer/sub-v2s5x29548_ses-1/mri/transforms/talsrcimg_to_711-2C_as_mni_average_305_t4_vox2vox.txt
lta_convert --src orig_nu.mgz --trg /opt/freesurfer/average/mni305.cor.mgz --inxfm transforms/talairach.auto.xfm --outlta transforms/talairach.auto.xfm.lta --subject fsaverage
7.3.2

--src: orig_nu.mgz src image (geometry).
--trg: /opt/freesurfer/average/mni305.cor.mgz trg image (geometry).
--inmni: transforms/talairach.auto.xfm input MNI/XFM transform.
--outlta: transforms/talairach.auto.xfm.lta output LTA.
--s: fsaverage subject name
 LTA read, type : 1
 1.03254   0.02923  -0.05558  -3.65671;
-0.02226   1.01986   0.20192  -24.45808;
 0.05213  -0.20164   1.05849  -7.40662;
 0.00000   0.00000   0.00000   1.00000;
setting subject to fsaverage
Writing  LTA to file transforms/talairach.auto.xfm.lta...
lta_convert successful.
 
 
Started at Fri Mar 13 07:15:35 CET 2026
Ended   at Fri Mar 13 07:16:59 CET 2026
talairach_avi done
