status file for recon-all
Fri Mar 13 07:53:47 CET 2026
#@# MotionCor Fri Mar 13 07:53:52 CET 2026
#@# Talairach Fri Mar 13 07:54:02 CET 2026
#@# Talairach Failure Detection Fri Mar 13 07:59:27 CET 2026
#@# Nu Intensity Correction Fri Mar 13 07:59:27 CET 2026
#@# Intensity Normalization Fri Mar 13 08:04:50 CET 2026
recon-all -s sub-v2s5x29568_ses-1 finished without error at Fri Mar 13 08:09:29 CET 2026



#New# invocation of recon-all 



status file for recon-all
Fri Mar 13 08:17:33 CET 2026
#@# EM Registration Fri Mar 13 08:17:33 CET 2026
recon-all -s sub-v2s5x29568_ses-1 finished without error at Fri Mar 13 08:19:29 CET 2026



#New# invocation of recon-all 



status file for recon-all
Fri Mar 13 08:19:31 CET 2026
#@# CA Normalize Fri Mar 13 08:19:31 CET 2026
#@# CA Reg Fri Mar 13 08:20:56 CET 2026
#@# SubCort Seg Fri Mar 13 09:07:09 CET 2026
#@# CC Seg Fri Mar 13 10:15:10 CET 2026
#@# Merge ASeg Fri Mar 13 10:16:25 CET 2026
#@# Intensity Normalization2 Fri Mar 13 10:16:25 CET 2026
#@# Mask BFS Fri Mar 13 10:20:43 CET 2026
#@# WM Segmentation Fri Mar 13 10:20:44 CET 2026
#@# Fill Fri Mar 13 10:25:32 CET 2026
recon-all -s sub-v2s5x29568_ses-1 finished without error at Fri Mar 13 10:26:43 CET 2026



#New# invocation of recon-all 



status file for recon-all
Fri Mar 13 11:57:18 CET 2026
#@# white curv lh Fri Mar 13 11:57:18 CET 2026
#@# white area lh Fri Mar 13 11:57:18 CET 2026
#@# pial curv lh Fri Mar 13 11:57:18 CET 2026
#@# pial area lh Fri Mar 13 11:57:18 CET 2026
#@# thickness lh Fri Mar 13 11:57:18 CET 2026
#@# area and vertex vol lh Fri Mar 13 11:57:18 CET 2026
#@# white curv rh Fri Mar 13 11:57:18 CET 2026
#@# white area rh Fri Mar 13 11:57:18 CET 2026
#@# pial curv rh Fri Mar 13 11:57:18 CET 2026
#@# pial area rh Fri Mar 13 11:57:18 CET 2026
#@# thickness rh Fri Mar 13 11:57:18 CET 2026
#@# area and vertex vol rh Fri Mar 13 11:57:18 CET 2026
#@# Cortical ribbon mask Fri Mar 13 11:57:18 CET 2026
recon-all -s sub-v2s5x29568_ses-1 finished without error at Fri Mar 13 12:19:23 CET 2026



#New# invocation of recon-all 



status file for recon-all
Fri Mar 13 12:33:25 CET 2026
#@# white curv lh Fri Mar 13 12:33:26 CET 2026
#@# white area lh Fri Mar 13 12:33:26 CET 2026
#@# pial curv lh Fri Mar 13 12:33:26 CET 2026
#@# pial area lh Fri Mar 13 12:33:26 CET 2026
#@# thickness lh Fri Mar 13 12:33:26 CET 2026
#@# area and vertex vol lh Fri Mar 13 12:33:26 CET 2026
#@# white curv rh Fri Mar 13 12:33:26 CET 2026
#@# white area rh Fri Mar 13 12:33:26 CET 2026
#@# pial curv rh Fri Mar 13 12:33:26 CET 2026
#@# pial area rh Fri Mar 13 12:33:26 CET 2026
#@# thickness rh Fri Mar 13 12:33:26 CET 2026
#@# area and vertex vol rh Fri Mar 13 12:33:26 CET 2026
#@# Curvature Stats lh Fri Mar 13 12:33:26 CET 2026
#@# Curvature Stats rh Fri Mar 13 12:33:30 CET 2026
#@# Relabel Hypointensities Fri Mar 13 12:33:35 CET 2026
#@# APas-to-ASeg Fri Mar 13 12:34:13 CET 2026
#@# AParc-to-ASeg aparc Fri Mar 13 12:34:29 CET 2026
#@# AParc-to-ASeg aparc.a2009s Fri Mar 13 12:36:34 CET 2026
#@# AParc-to-ASeg aparc.DKTatlas Fri Mar 13 12:38:51 CET 2026
#@# WMParc Fri Mar 13 12:40:57 CET 2026
#@# ASeg Stats Fri Mar 13 12:44:50 CET 2026
recon-all -s sub-v2s5x29568_ses-1 finished without error at Fri Mar 13 12:45:26 CET 2026
