/out/sourcedata/freesurfer/sub-v2s5x29559_ses-1/mri
/opt/freesurfer/bin/talairach_avi
--i orig_nu.mgz --xfm transforms/talairach.auto.xfm
talairach_avi 7.3.2
Linux dna003 5.14.0-427.37.1.el9_4.x86_64 #1 SMP PREEMPT_DYNAMIC Fri Sep 13 12:41:50 EDT 2024 x86_64 x86_64 x86_64 GNU/Linux
Fri Mar 13 07:47:33 CET 2026
mri_convert orig_nu.mgz talsrcimg.img 
reading from orig_nu.mgz...
TR=0.00, TE=0.00, TI=0.00, flip angle=0.00
i_ras = (-1, 0, 0)
j_ras = (0, 0, -1)
k_ras = (0, 1, 0)
writing to talsrcimg.img...
Analyze Output Matrix
-0.70000   0.00000   0.00000   114.74680;
 0.00000   0.00000   0.70000  -80.55000;
 0.00000  -0.70000   0.00000   113.83299;
 0.00000   0.00000   0.00000   1.00000;
--------------------
INFO: set hdr.hist.orient to -1
mpr2mni305 talsrcimg
Fri Mar 13 07:47:33 CET 2026
/opt/freesurfer/bin/mpr2mni305 talsrcimg
mpr2mni305 7.3.2
target=711-2C_as_mni_average_305

---------------------------------------------------------------------
analyzeto4dfp talsrcimg -O0 -y
---------------------------------------------------------------------

freesurfer ifh2hdr.c
Fri Mar 13 07:47:34 2026
Writing: talsrcimg.4dfp.hdr
freesurfer analyzeto4dfp.c
Reading: talsrcimg.hdr
header size 348 bytes
hdr.dime.datatype	offset=70	value=2
hdr.dime.bitpix		offset=72	value=8
hdr.hist.orient		offset=252	value=-1
dimensionality     4
dimensions       320       320       320         1
Reading: talsrcimg.img
Writing: talsrcimg.4dfp.img
Writing: talsrcimg.4dfp.ifh
ifh2hdr talsrcimg -r0to220
ori=2

---------------------------------------------------------------------
gauss_4dfp talsrcimg 1.1
---------------------------------------------------------------------

freesurfer gauss_4dfp.c
Reading: talsrcimg.4dfp.img
Writing: talsrcimg_g11.4dfp.img
image dimensions 320 320 320 padded to 384 384 384
processing volume 1freesurfer ifh2hdr.c
Fri Mar 13 07:47:50 2026
Writing: talsrcimg_g11.4dfp.hdr

Writing: talsrcimg_g11.4dfp.ifh
including: talsrcimg.4dfp.img.rec in talsrcimg_g11.4dfp.img.rec

---------------------------------------------------------------------
imgreg_4dfp /opt/freesurfer/average/711-2C_as_mni_average_305 none talsrcimg_g11 none talsrcimg_to_711-2C_as_mni_average_305_t4 4355
---------------------------------------------------------------------

freesurfer imgreg_4dfp.c
/opt/freesurfer/average/711-2C_as_mni_average_305.4dfp.img
       256       256       256         1
  1.000000  1.000000  1.000000
orientation T byte_order littleendian
Reading image: /opt/freesurfer/average/711-2C_as_mni_average_305.4dfp.img
dimensions:      256       256       256
mmppix:       1.0000   -1.0000   -1.0000
center:     128.0000 -129.0000 -129.0000
talsrcimg_g11.4dfp.img
       320       320       320         1
  0.700000  0.700000  0.700000
orientation T byte_order littleendian
Reading image: talsrcimg_g11.4dfp.img
dimensions:      320       320       320
mmppix:       0.7000   -0.7000   -0.7000
center:     112.0000 -112.7000 -112.7000
t4_read: open error in t4_sub.f l:  41 t4_file(1:l)talsrcimg_to_711-2C_as_mni_average_305_t4 
t4_read: transform initialized to I4
rotation matrix determinant  1.000000
image alignment mode   4355 decimal     1103 hex
   -7.5000  -45.0000  -45.0000 3896.2739   23.5459
    0.0000  -45.0000  -45.0000 4083.1565   23.5302
    7.5000  -45.0000  -45.0000 3895.3293   23.5487
   -7.5000  -37.5000  -45.0000 4220.6626   23.7307
    0.0000  -37.5000  -45.0000 4411.9126   23.7050
    7.5000  -37.5000  -45.0000 4217.2173   23.7120
   -7.5000  -30.0000  -45.0000 4601.6743   23.3279
    0.0000  -30.0000  -45.0000 4815.8066   23.2902
    7.5000  -30.0000  -45.0000 4602.8745   23.3026
   -7.5000  -22.5000  -45.0000 4878.8599   22.3015
    0.0000  -22.5000  -45.0000 5117.0854   22.2677
    7.5000  -22.5000  -45.0000 4878.3794   22.2847
   -7.5000  -15.0000  -45.0000 5388.7471   21.4488
    0.0000  -15.0000  -45.0000 5654.6738   21.4346
    7.5000  -15.0000  -45.0000 5383.4585   21.4550
   -7.5000   -7.5000  -45.0000 5946.4907   21.0582
    0.0000   -7.5000  -45.0000 6245.4165   21.0566
    7.5000   -7.5000  -45.0000 5938.5581   21.0782
   -7.5000    0.0000  -45.0000 6509.3999   21.0919
    0.0000    0.0000  -45.0000 6831.4546   21.0862
    7.5000    0.0000  -45.0000 6483.7061   21.1026
   -7.5000    7.5000  -45.0000 6475.7544   21.1618
    0.0000    7.5000  -45.0000 6767.4243   21.1400
    7.5000    7.5000  -45.0000 6433.1201   21.1502
   -7.5000   15.0000  -45.0000 6392.5396   20.8739
    0.0000   15.0000  -45.0000 6676.5576   20.8404
    7.5000   15.0000  -45.0000 6342.1323   20.8500
   -7.5000   22.5000  -45.0000 6367.9365   20.2554
    0.0000   22.5000  -45.0000 6649.9561   20.2265
    7.5000   22.5000  -45.0000 6304.3643   20.2401
   -7.5000   30.0000  -45.0000 6376.1230   20.1817
    0.0000   30.0000  -45.0000 6639.1733   20.1684
    7.5000   30.0000  -45.0000 6318.1001   20.1875
   -7.5000   37.5000  -45.0000 6149.0688   19.5315
    0.0000   37.5000  -45.0000 6403.8193   19.5302
    7.5000   37.5000  -45.0000 6120.4897   19.5502
   -7.5000   45.0000  -45.0000 5780.1763   18.8800
    0.0000   45.0000  -45.0000 6025.1714   18.8750
    7.5000   45.0000  -45.0000 5776.5586   18.8896
   -7.5000  -45.0000  -37.5000 4111.4375   24.0167
    0.0000  -45.0000  -37.5000 4288.9766   23.9947
    7.5000  -45.0000  -37.5000 4118.6016   24.0153
   -7.5000  -37.5000  -37.5000 4454.7881   24.2303
    0.0000  -37.5000  -37.5000 4640.0210   24.2050
    7.5000  -37.5000  -37.5000 4455.4932   24.2171
   -7.5000  -30.0000  -37.5000 4863.9595   23.7999
    0.0000  -30.0000  -37.5000 5071.7363   23.7747
    7.5000  -30.0000  -37.5000 4864.5029   23.7941
   -7.5000  -22.5000  -37.5000 5161.3462   22.7989
    0.0000  -22.5000  -37.5000 5397.5068   22.7834
    7.5000  -22.5000  -37.5000 5174.1572   22.8081
   -7.5000  -15.0000  -37.5000 5727.2979   21.9753
    0.0000  -15.0000  -37.5000 6002.8447   21.9728
    7.5000  -15.0000  -37.5000 5731.4795   21.9986
   -7.5000   -7.5000  -37.5000 6361.6724   21.5955
    0.0000   -7.5000  -37.5000 6680.4351   21.5938
    7.5000   -7.5000  -37.5000 6352.0996   21.6178
   -7.5000    0.0000  -37.5000 6995.2759   21.6150
    0.0000    0.0000  -37.5000 7340.5737   21.6030
    7.5000    0.0000  -37.5000 6973.7754   21.6202
   -7.5000    7.5000  -37.5000 6949.6377   21.6595
    0.0000    7.5000  -37.5000 7266.4766   21.6368
    7.5000    7.5000  -37.5000 6907.5894   21.6501
   -7.5000   15.0000  -37.5000 6850.2178   21.3577
    0.0000   15.0000  -37.5000 7166.4033   21.3346
    7.5000   15.0000  -37.5000 6793.2266   21.3503
   -7.5000   22.5000  -37.5000 6820.4287   20.7534
    0.0000   22.5000  -37.5000 7121.7290   20.7401
    7.5000   22.5000  -37.5000 6749.2061   20.7600
   -7.5000   30.0000  -37.5000 6821.3657   20.7014
    0.0000   30.0000  -37.5000 7110.3315   20.6989
    7.5000   30.0000  -37.5000 6757.3701   20.7229
   -7.5000   37.5000  -37.5000 6565.5918   20.0460
    0.0000   37.5000  -37.5000 6841.7651   20.0445
    7.5000   37.5000  -37.5000 6532.1504   20.0668
   -7.5000   45.0000  -37.5000 6186.1709   19.3484
    0.0000   45.0000  -37.5000 6426.9512   19.3377
    7.5000   45.0000  -37.5000 6176.6812   19.3530
   -7.5000  -45.0000  -30.0000 4342.5703   24.5818
    0.0000  -45.0000  -30.0000 4527.3965   24.5475
    7.5000  -45.0000  -30.0000 4350.5928   24.5665
   -7.5000  -37.5000  -30.0000 4709.4487   24.8221
    0.0000  -37.5000  -30.0000 4898.7002   24.7881
    7.5000  -37.5000  -30.0000 4704.5723   24.8017
   -7.5000  -30.0000  -30.0000 5147.7886   24.3685
    0.0000  -30.0000  -30.0000 5341.8770   24.3410
    7.5000  -30.0000  -30.0000 5130.5659   24.3634
   -7.5000  -22.5000  -30.0000 5467.6631   23.3800
    0.0000  -22.5000  -30.0000 5682.2720   23.3662
    7.5000  -22.5000  -30.0000 5448.2603   23.3943
   -7.5000  -15.0000  -30.0000 6078.4326   22.5642
    0.0000  -15.0000  -30.0000 6333.3145   22.5595
    7.5000  -15.0000  -30.0000 6047.5063   22.5850
   -7.5000   -7.5000  -30.0000 6793.1763   22.1811
    0.0000   -7.5000  -30.0000 7110.4951   22.1711
    7.5000   -7.5000  -30.0000 6747.4355   22.1912
   -7.5000    0.0000  -30.0000 7537.5215   22.1855
    0.0000    0.0000  -30.0000 7912.9531   22.1623
    7.5000    0.0000  -30.0000 7488.1196   22.1760
   -7.5000    7.5000  -30.0000 7534.3291   22.2147
    0.0000    7.5000  -30.0000 7896.5850   22.1844
    7.5000    7.5000  -30.0000 7470.3550   22.1978
   -7.5000   15.0000  -30.0000 7407.3843   21.9115
    0.0000   15.0000  -30.0000 7762.7368   21.8866
    7.5000   15.0000  -30.0000 7321.0444   21.9052
   -7.5000   22.5000  -30.0000 7348.3018   21.3205
    0.0000   22.5000  -30.0000 7675.9038   21.3081
    7.5000   22.5000  -30.0000 7242.3633   21.3308
   -7.5000   30.0000  -30.0000 7353.1060   21.2799
    0.0000   30.0000  -30.0000 7661.3110   21.2753
    7.5000   30.0000  -30.0000 7256.9766   21.2991
   -7.5000   37.5000  -30.0000 7045.8599   20.6213
    0.0000   37.5000  -30.0000 7344.0352   20.6122
    7.5000   37.5000  -30.0000 6990.7236   20.6309
   -7.5000   45.0000  -30.0000 6628.1045   19.8906
    0.0000   45.0000  -30.0000 6904.5483   19.8698
    7.5000   45.0000  -30.0000 6611.8979   19.8821
   -7.5000  -45.0000  -22.5000 4329.8208   25.6072
    0.0000  -45.0000  -22.5000 4524.6982   25.5714
    7.5000  -45.0000  -22.5000 4347.7593   25.5879
   -7.5000  -37.5000  -22.5000 4696.2910   25.8123
    0.0000  -37.5000  -22.5000 4902.3789   25.7735
    7.5000  -37.5000  -22.5000 4705.9307   25.7833
   -7.5000  -30.0000  -22.5000 5137.9092   25.3030
    0.0000  -30.0000  -22.5000 5349.9243   25.2647
    7.5000  -30.0000  -22.5000 5137.8169   25.2838
   -7.5000  -22.5000  -22.5000 5466.7412   24.2521
    0.0000  -22.5000  -22.5000 5684.7134   24.2263
    7.5000  -22.5000  -22.5000 5443.3271   24.2517
   -7.5000  -15.0000  -22.5000 6090.4595   23.3773
    0.0000  -15.0000  -22.5000 6342.9556   23.3640
    7.5000  -15.0000  -22.5000 6043.2671   23.3864
   -7.5000   -7.5000  -22.5000 6834.9434   22.9605
    0.0000   -7.5000  -22.5000 7172.5996   22.9473
    7.5000   -7.5000  -22.5000 6774.3901   22.9637
   -7.5000    0.0000  -22.5000 7710.0596   22.9541
    0.0000    0.0000  -22.5000 8143.0840   22.9303
    7.5000    0.0000  -22.5000 7656.0288   22.9408
   -7.5000    7.5000  -22.5000 7844.1260   22.9836
    0.0000    7.5000  -22.5000 8348.7666   22.9498
    7.5000    7.5000  -22.5000 7773.6216   22.9606
   -7.5000   15.0000  -22.5000 7749.7651   22.6795
    0.0000   15.0000  -22.5000 8243.0654   22.6459
    7.5000   15.0000  -22.5000 7627.4473   22.6617
   -7.5000   22.5000  -22.5000 7651.4336   22.0763
    0.0000   22.5000  -22.5000 8046.0552   22.0533
    7.5000   22.5000  -22.5000 7483.3564   22.0734
   -7.5000   30.0000  -22.5000 7632.4824   22.0334
    0.0000   30.0000  -22.5000 8032.1611   22.0210
    7.5000   30.0000  -22.5000 7480.5293   22.0420
   -7.5000   37.5000  -22.5000 7296.0293   21.3443
    0.0000   37.5000  -22.5000 7690.4634   21.3322
    7.5000   37.5000  -22.5000 7218.9248   21.3475
   -7.5000   45.0000  -22.5000 6887.5488   20.5797
    0.0000   45.0000  -22.5000 7236.2979   20.5584
    7.5000   45.0000  -22.5000 6852.3511   20.5678
   -7.5000  -45.0000  -15.0000 4560.6895   26.4087
    0.0000  -45.0000  -15.0000 4802.4263   26.3797
    7.5000  -45.0000  -15.0000 4605.3506   26.3968
   -7.5000  -37.5000  -15.0000 4952.4077   26.6777
    0.0000  -37.5000  -15.0000 5206.9629   26.6392
    7.5000  -37.5000  -15.0000 4979.2705   26.6446
   -7.5000  -30.0000  -15.0000 5423.4507   26.1516
    0.0000  -30.0000  -15.0000 5692.3745   26.0998
    7.5000  -30.0000  -15.0000 5429.2954   26.1112
   -7.5000  -22.5000  -15.0000 5755.7681   25.0567
    0.0000  -22.5000  -15.0000 6052.1167   25.0097
    7.5000  -22.5000  -15.0000 5735.7490   25.0266
   -7.5000  -15.0000  -15.0000 6387.4824   24.1311
    0.0000  -15.0000  -15.0000 6723.6646   24.1036
    7.5000  -15.0000  -15.0000 6336.6816   24.1210
   -7.5000   -7.5000  -15.0000 7181.9131   23.6913
    0.0000   -7.5000  -15.0000 7580.7505   23.6770
    7.5000   -7.5000  -15.0000 7110.9551   23.6933
   -7.5000    0.0000  -15.0000 8198.8027   23.7004
    0.0000    0.0000  -15.0000 8736.6006   23.6830
    7.5000    0.0000  -15.0000 8139.9233   23.6950
   -7.5000    7.5000  -15.0000 8558.2412   23.7585
    0.0000    7.5000  -15.0000 9275.8096   23.7257
    7.5000    7.5000  -15.0000 8450.6270   23.7341
   -7.5000   15.0000  -15.0000 8556.7266   23.4610
    0.0000   15.0000  -15.0000 9293.9160   23.4160
    7.5000   15.0000  -15.0000 8336.6230   23.4247
   -7.5000   22.5000  -15.0000 8334.9258   22.8351
    0.0000   22.5000  -15.0000 8962.1963   22.7943
    7.5000   22.5000  -15.0000 8081.0879   22.8070
   -7.5000   30.0000  -15.0000 8219.2510   22.7640
    0.0000   30.0000  -15.0000 8792.4268   22.7388
    7.5000   30.0000  -15.0000 8000.4678   22.7552
   -7.5000   37.5000  -15.0000 7821.7744   22.0574
    0.0000   37.5000  -15.0000 8337.7139   22.0443
    7.5000   37.5000  -15.0000 7686.6851   22.0595
   -7.5000   45.0000  -15.0000 7385.6309   21.3002
    0.0000   45.0000  -15.0000 7846.5430   21.2846
    7.5000   45.0000  -15.0000 7282.5229   21.2954
   -7.5000  -45.0000   -7.5000 4715.4390   27.0599
    0.0000  -45.0000   -7.5000 5042.3345   27.0426
    7.5000  -45.0000   -7.5000 4781.3823   27.0637
   -7.5000  -37.5000   -7.5000 5144.4106   27.3680
    0.0000  -37.5000   -7.5000 5490.0977   27.3363
    7.5000  -37.5000   -7.5000 5192.6226   27.3404
   -7.5000  -30.0000   -7.5000 5655.0977   26.8218
    0.0000  -30.0000   -7.5000 6028.9868   26.7690
    7.5000  -30.0000   -7.5000 5683.4497   26.7763
   -7.5000  -22.5000   -7.5000 6012.1597   25.6879
    0.0000  -22.5000   -7.5000 6417.6738   25.6353
    7.5000  -22.5000   -7.5000 6005.0361   25.6483
   -7.5000  -15.0000   -7.5000 6679.2734   24.7301
    0.0000  -15.0000   -7.5000 7130.5371   24.7021
    7.5000  -15.0000   -7.5000 6651.4858   24.7211
   -7.5000   -7.5000   -7.5000 7544.0093   24.2831
    0.0000   -7.5000   -7.5000 8049.1060   24.2763
    7.5000   -7.5000   -7.5000 7520.8232   24.2990
   -7.5000    0.0000   -7.5000 8761.9326   24.3130
    0.0000    0.0000   -7.5000 9374.6846   24.3063
    7.5000    0.0000   -7.5000 8689.3125   24.3237
   -7.5000    7.5000   -7.5000 9309.9326   24.3898
    0.0000    7.5000   -7.500010230.2090   24.3629
    7.5000    7.5000   -7.5000 9051.9424   24.3713
   -7.5000   15.0000   -7.5000 9326.7773   24.0870
    0.0000   15.0000   -7.500010332.8506   24.0406
    7.5000   15.0000   -7.5000 8973.2969   24.0456
   -7.5000   22.5000   -7.5000 8990.9395   23.4399
    0.0000   22.5000   -7.5000 9838.8193   23.3945
    7.5000   22.5000   -7.5000 8678.4814   23.4044
   -7.5000   30.0000   -7.5000 8806.7900   23.3503
    0.0000   30.0000   -7.5000 9550.0957   23.3245
    7.5000   30.0000   -7.5000 8542.8359   23.3425
   -7.5000   37.5000   -7.5000 8309.7812   22.6434
    0.0000   37.5000   -7.5000 8964.4824   22.6373
    7.5000   37.5000   -7.5000 8138.0913   22.6585
   -7.5000   45.0000   -7.5000 7829.0635   21.9040
    0.0000   45.0000   -7.5000 8392.6875   21.8979
    7.5000   45.0000   -7.5000 7692.2134   21.9136
   -7.5000  -45.0000    0.0000 4871.0195   27.5139
    0.0000  -45.0000    0.0000 5224.5010   27.4987
    7.5000  -45.0000    0.0000 4908.2822   27.5224
   -7.5000  -37.5000    0.0000 5356.2451   27.8197
    0.0000  -37.5000    0.0000 5737.5967   27.7925
    7.5000  -37.5000    0.0000 5370.2539   27.8000
   -7.5000  -30.0000    0.0000 5919.8145   27.2456
    0.0000  -30.0000    0.0000 6336.2188   27.2043
    7.5000  -30.0000    0.0000 5909.8789   27.2166
   -7.5000  -22.5000    0.0000 6308.5786   26.0972
    0.0000  -22.5000    0.0000 6751.7974   26.0597
    7.5000  -22.5000    0.0000 6286.9355   26.0790
   -7.5000  -15.0000    0.0000 7034.6406   25.1406
    0.0000  -15.0000    0.0000 7497.1416   25.1255
    7.5000  -15.0000    0.0000 7001.5522   25.1516
   -7.5000   -7.5000    0.0000 8049.7720   24.7016
    0.0000   -7.5000    0.0000 8518.4668   24.7015
    7.5000   -7.5000    0.0000 7949.6006   24.7304
   -7.5000    0.0000    0.0000 9400.9463   24.7385
    0.0000    0.0000    0.000010026.0859   24.7338
    7.5000    0.0000    0.0000 9098.4385   24.7548
   -7.5000    7.5000    0.0000 9770.6777   24.8066
    0.0000    7.5000    0.000010640.6738   24.7832
    7.5000    7.5000    0.0000 9351.9160   24.7945
   -7.5000   15.0000    0.0000 9556.4355   24.4888
    0.0000   15.0000    0.000010438.6035   24.4518
    7.5000   15.0000    0.0000 9211.8916   24.4615
   -7.5000   22.5000    0.0000 9256.7520   23.8382
    0.0000   22.5000    0.000010018.8037   23.8059
    7.5000   22.5000    0.0000 8979.0566   23.8215
   -7.5000   30.0000    0.0000 9167.7842   23.7554
    0.0000   30.0000    0.0000 9899.2207   23.7413
    7.5000   30.0000    0.0000 8934.7080   23.7658
   -7.5000   37.5000    0.0000 8675.3936   23.0617
    0.0000   37.5000    0.0000 9367.8936   23.0619
    7.5000   37.5000    0.0000 8525.5967   23.0889
   -7.5000   45.0000    0.0000 8162.2812   22.3302
    0.0000   45.0000    0.0000 8751.8486   22.3260
    7.5000   45.0000    0.0000 8031.0767   22.3450
   -7.5000  -45.0000    7.5000 4660.1104   28.7931
    0.0000  -45.0000    7.5000 4954.5894   28.7660
    7.5000  -45.0000    7.5000 4632.2358   28.7903
   -7.5000  -37.5000    7.5000 5138.6621   29.0268
    0.0000  -37.5000    7.5000 5463.9375   28.9951
    7.5000  -37.5000    7.5000 5082.7188   29.0082
   -7.5000  -30.0000    7.5000 5680.2344   28.3451
    0.0000  -30.0000    7.5000 6032.0654   28.3137
    7.5000  -30.0000    7.5000 5611.9033   28.3368
   -7.5000  -22.5000    7.5000 6089.7129   27.1326
    0.0000  -22.5000    7.5000 6453.9419   27.1135
    7.5000  -22.5000    7.5000 5986.7158   27.1443
   -7.5000  -15.0000    7.5000 6859.0830   26.1477
    0.0000  -15.0000    7.5000 7234.7534   26.1449
    7.5000  -15.0000    7.5000 6666.0469   26.1774
   -7.5000   -7.5000    7.5000 7825.2349   25.6994
    0.0000   -7.5000    7.5000 8237.0254   25.6977
    7.5000   -7.5000    7.5000 7518.7686   25.7275
   -7.5000    0.0000    7.5000 8865.9775   25.7169
    0.0000    0.0000    7.5000 9471.7520   25.7023
    7.5000    0.0000    7.5000 8492.9092   25.7226
   -7.5000    7.5000    7.5000 8897.8779   25.7420
    0.0000    7.5000    7.5000 9599.7637   25.7140
    7.5000    7.5000    7.5000 8609.4287   25.7290
   -7.5000   15.0000    7.5000 8640.0820   25.3905
    0.0000   15.0000    7.5000 9285.4551   25.3619
    7.5000   15.0000    7.5000 8472.9180   25.3807
   -7.5000   22.5000    7.5000 8527.7705   24.7376
    0.0000   22.5000    7.5000 9103.8447   24.7211
    7.5000   22.5000    7.5000 8357.8564   24.7462
   -7.5000   30.0000    7.5000 8637.0078   24.6908
    0.0000   30.0000    7.5000 9205.0879   24.6880
    7.5000   30.0000    7.5000 8441.3174   24.7184
   -7.5000   37.5000    7.5000 8259.3271   23.9916
    0.0000   37.5000    7.5000 8804.8984   23.9902
    7.5000   37.5000    7.5000 8096.8047   24.0181
   -7.5000   45.0000    7.5000 7815.7842   23.2134
    0.0000   45.0000    7.5000 8314.5459   23.2002
    7.5000   45.0000    7.5000 7657.0635   23.2185
   -7.5000  -45.0000   15.0000 4440.9014   30.1301
    0.0000  -45.0000   15.0000 4713.5146   30.0844
    7.5000  -45.0000   15.0000 4363.4214   30.1052
   -7.5000  -37.5000   15.0000 4904.3076   30.3424
    0.0000  -37.5000   15.0000 5197.1157   30.2958
    7.5000  -37.5000   15.0000 4808.5435   30.3069
   -7.5000  -30.0000   15.0000 5454.5034   29.6081
    0.0000  -30.0000   15.0000 5759.8110   29.5697
    7.5000  -30.0000   15.0000 5307.8926   29.5919
   -7.5000  -22.5000   15.0000 5856.5034   28.3234
    0.0000  -22.5000   15.0000 6173.8672   28.3042
    7.5000  -22.5000   15.0000 5656.6523   28.3354
   -7.5000  -15.0000   15.0000 6553.8872   27.2845
    0.0000  -15.0000   15.0000 6884.8130   27.2788
    7.5000  -15.0000   15.0000 6295.2217   27.3088
   -7.5000   -7.5000   15.0000 7341.9136   26.8028
    0.0000   -7.5000   15.0000 7772.6353   26.7907
    7.5000   -7.5000   15.0000 7062.2095   26.8148
   -7.5000    0.0000   15.0000 8168.4287   26.7888
    0.0000    0.0000   15.0000 8754.4326   26.7589
    7.5000    0.0000   15.0000 7933.1499   26.7734
   -7.5000    7.5000   15.0000 8126.3120   26.7821
    0.0000    7.5000   15.0000 8712.6484   26.7417
    7.5000    7.5000   15.0000 7996.1567   26.7541
   -7.5000   15.0000   15.0000 7991.1230   26.4175
    0.0000   15.0000   15.0000 8524.9824   26.3836
    7.5000   15.0000   15.0000 7903.6265   26.4020
   -7.5000   22.5000   15.0000 7975.2466   25.7660
    0.0000   22.5000   15.0000 8469.1074   25.7490
    7.5000   22.5000   15.0000 7847.9023   25.7737
   -7.5000   30.0000   15.0000 8145.5215   25.7448
    0.0000   30.0000   15.0000 8630.2061   25.7392
    7.5000   30.0000   15.0000 7960.2515   25.7673
   -7.5000   37.5000   15.0000 7815.1587   25.0196
    0.0000   37.5000   15.0000 8289.0684   25.0086
    7.5000   37.5000   15.0000 7634.0693   25.0311
   -7.5000   45.0000   15.0000 7417.1655   24.1809
    0.0000   45.0000   15.0000 7856.3896   24.1539
    7.5000   45.0000   15.0000 7231.3091   24.1671
   -7.5000  -45.0000   22.5000 4244.1011   31.2308
    0.0000  -45.0000   22.5000 4497.2046   31.1948
    7.5000  -45.0000   22.5000 4139.9688   31.2209
   -7.5000  -37.5000   22.5000 4705.0151   31.4833
    0.0000  -37.5000   22.5000 4976.9927   31.4408
    7.5000  -37.5000   22.5000 4553.1699   31.4555
   -7.5000  -30.0000   22.5000 5219.4023   30.7756
    0.0000  -30.0000   22.5000 5510.4507   30.7320
    7.5000  -30.0000   22.5000 5021.6553   30.7590
   -7.5000  -22.5000   22.5000 5578.9424   29.4425
    0.0000  -22.5000   22.5000 5860.7671   29.4147
    7.5000  -22.5000   22.5000 5364.9365   29.4510
   -7.5000  -15.0000   22.5000 6168.4248   28.3067
    0.0000  -15.0000   22.5000 6499.6938   28.2969
    7.5000  -15.0000   22.5000 5951.3076   28.3296
   -7.5000   -7.5000   22.5000 6848.3467   27.7659
    0.0000   -7.5000   22.5000 7282.9570   27.7576
    7.5000   -7.5000   22.5000 6674.5142   27.7824
   -7.5000    0.0000   22.5000 7567.0708   27.7332
    0.0000    0.0000   22.5000 8079.0063   27.7109
    7.5000    0.0000   22.5000 7440.8755   27.7269
   -7.5000    7.5000   22.5000 7542.9214   27.7359
    0.0000    7.5000   22.5000 8008.5854   27.6991
    7.5000    7.5000   22.5000 7462.8076   27.7144
   -7.5000   15.0000   22.5000 7453.2124   27.3803
    0.0000   15.0000   22.5000 7886.1357   27.3422
    7.5000   15.0000   22.5000 7378.2129   27.3641
   -7.5000   22.5000   22.5000 7443.5757   26.7311
    0.0000   22.5000   22.5000 7866.5713   26.7065
    7.5000   22.5000   22.5000 7325.5166   26.7351
   -7.5000   30.0000   22.5000 7619.1470   26.6996
    0.0000   30.0000   22.5000 8050.4102   26.6905
    7.5000   30.0000   22.5000 7454.7964   26.7212
   -7.5000   37.5000   22.5000 7314.7803   25.9406
    0.0000   37.5000   22.5000 7735.4951   25.9331
    7.5000   37.5000   22.5000 7159.3271   25.9563
   -7.5000   45.0000   22.5000 6937.4932   25.0677
    0.0000   45.0000   22.5000 7331.1680   25.0475
    7.5000   45.0000   22.5000 6787.6421   25.0620
   -7.5000  -45.0000   30.0000 4226.8501   32.5909
    0.0000  -45.0000   30.0000 4480.5791   32.5656
    7.5000  -45.0000   30.0000 4077.3501   32.6199
   -7.5000  -37.5000   30.0000 4682.1167   32.9068
    0.0000  -37.5000   30.0000 4953.9678   32.8741
    7.5000  -37.5000   30.0000 4490.1074   32.9118
   -7.5000  -30.0000   30.0000 5172.4243   32.2291
    0.0000  -30.0000   30.0000 5460.8604   32.1793
    7.5000  -30.0000   30.0000 4972.2417   32.2231
   -7.5000  -22.5000   30.0000 5486.0278   30.8519
    0.0000  -22.5000   30.0000 5784.6279   30.8038
    7.5000  -22.5000   30.0000 5298.7832   30.8516
   -7.5000  -15.0000   30.0000 6033.5928   29.6057
    0.0000  -15.0000   30.0000 6367.2095   29.5793
    7.5000  -15.0000   30.0000 5875.6797   29.6251
   -7.5000   -7.5000   30.0000 6683.1177   28.9840
    0.0000   -7.5000   30.0000 7082.6260   28.9743
    7.5000   -7.5000   30.0000 6567.5938   29.0181
   -7.5000    0.0000   30.0000 7353.5557   28.9450
    0.0000    0.0000   30.0000 7796.9585   28.9339
    7.5000    0.0000   30.0000 7264.7153   28.9728
   -7.5000    7.5000   30.0000 7333.8516   28.9825
    0.0000    7.5000   30.0000 7712.8755   28.9543
    7.5000    7.5000   30.0000 7258.8452   28.9888
   -7.5000   15.0000   30.0000 7233.9639   28.6448
    0.0000   15.0000   30.0000 7603.8413   28.6008
    7.5000   15.0000   30.0000 7153.7300   28.6351
   -7.5000   22.5000   30.0000 7209.6152   27.9644
    0.0000   22.5000   30.0000 7598.0400   27.9228
    7.5000   22.5000   30.0000 7097.2734   27.9613
   -7.5000   30.0000   30.0000 7382.3774   27.9000
    0.0000   30.0000   30.0000 7781.0459   27.8760
    7.5000   30.0000   30.0000 7253.9141   27.9188
   -7.5000   37.5000   30.0000 7073.3926   27.0762
    0.0000   37.5000   30.0000 7462.3511   27.0675
    7.5000   37.5000   30.0000 6951.7578   27.1084
   -7.5000   45.0000   30.0000 6711.7393   26.1631
    0.0000   45.0000   30.0000 7089.7715   26.1530
    7.5000   45.0000   30.0000 6578.8936   26.1882
   -7.5000  -45.0000   37.5000 4034.5339   33.4230
    0.0000  -45.0000   37.5000 4266.2432   33.4085
    7.5000  -45.0000   37.5000 3868.2275   33.4515
   -7.5000  -37.5000   37.5000 4433.9736   33.7865
    0.0000  -37.5000   37.5000 4697.1582   33.7525
    7.5000  -37.5000   37.5000 4253.0283   33.7744
   -7.5000  -30.0000   37.5000 4868.2964   33.0986
    0.0000  -30.0000   37.5000 5145.4365   33.0340
    7.5000  -30.0000   37.5000 4695.1089   33.0595
   -7.5000  -22.5000   37.5000 5170.0918   31.7049
    0.0000  -22.5000   37.5000 5435.2866   31.6376
    7.5000  -22.5000   37.5000 5010.5977   31.6671
   -7.5000  -15.0000   37.5000 5675.3721   30.4113
    0.0000  -15.0000   37.5000 5976.9575   30.3773
    7.5000  -15.0000   37.5000 5542.5923   30.4129
   -7.5000   -7.5000   37.5000 6277.0835   29.7401
    0.0000   -7.5000   37.5000 6624.1357   29.7358
    7.5000   -7.5000   37.5000 6179.3491   29.7772
   -7.5000    0.0000   37.5000 6883.0645   29.7150
    0.0000    0.0000   37.5000 7240.0103   29.7123
    7.5000    0.0000   37.5000 6802.5996   29.7488
   -7.5000    7.5000   37.5000 6843.8413   29.7796
    0.0000    7.5000   37.5000 7150.4614   29.7501
    7.5000    7.5000   37.5000 6756.5820   29.7755
   -7.5000   15.0000   37.5000 6729.9722   29.4321
    0.0000   15.0000   37.5000 7036.2739   29.3749
    7.5000   15.0000   37.5000 6632.2295   29.3943
   -7.5000   22.5000   37.5000 6653.0752   28.7204
    0.0000   22.5000   37.5000 6989.5498   28.6629
    7.5000   22.5000   37.5000 6555.0625   28.6863
   -7.5000   30.0000   37.5000 6804.2202   28.6327
    0.0000   30.0000   37.5000 7154.2495   28.6017
    7.5000   30.0000   37.5000 6709.2573   28.6351
   -7.5000   37.5000   37.5000 6521.2461   27.7807
    0.0000   37.5000   37.5000 6859.6099   27.7770
    7.5000   37.5000   37.5000 6427.3608   27.8157
   -7.5000   45.0000   37.5000 6176.6045   26.8558
    0.0000   45.0000   37.5000 6505.3789   26.8533
    7.5000   45.0000   37.5000 6079.1333   26.8863
   -7.5000  -45.0000   45.0000 3800.5010   34.2682
    0.0000  -45.0000   45.0000 4005.6565   34.2257
    7.5000  -45.0000   45.0000 3638.2913   34.2681
   -7.5000  -37.5000   45.0000 4163.1416   34.6318
    0.0000  -37.5000   45.0000 4382.0669   34.5693
    7.5000  -37.5000   45.0000 4009.9895   34.5922
   -7.5000  -30.0000   45.0000 4561.3442   33.8755
    0.0000  -30.0000   45.0000 4801.9097   33.7921
    7.5000  -30.0000   45.0000 4421.2129   33.8250
   -7.5000  -22.5000   45.0000 4853.1216   32.4685
    0.0000  -22.5000   45.0000 5093.0952   32.3959
    7.5000  -22.5000   45.0000 4716.6431   32.4336
   -7.5000  -15.0000   45.0000 5351.3706   31.2241
    0.0000  -15.0000   45.0000 5612.3228   31.1919
    7.5000  -15.0000   45.0000 5235.4536   31.2349
   -7.5000   -7.5000   45.0000 5900.8110   30.5575
    0.0000   -7.5000   45.0000 6176.9458   30.5484
    7.5000   -7.5000   45.0000 5806.8589   30.5937
   -7.5000    0.0000   45.0000 6422.2583   30.5164
    0.0000    0.0000   45.0000 6712.4048   30.4962
    7.5000    0.0000   45.0000 6342.2046   30.5325
   -7.5000    7.5000   45.0000 6343.8706   30.5430
    0.0000    7.5000   45.0000 6610.2832   30.4908
    7.5000    7.5000   45.0000 6255.6792   30.5171
   -7.5000   15.0000   45.0000 6215.4746   30.1548
    0.0000   15.0000   45.0000 6475.0991   30.0818
    7.5000   15.0000   45.0000 6121.0532   30.1070
   -7.5000   22.5000   45.0000 6109.8101   29.4422
    0.0000   22.5000   45.0000 6391.9707   29.3802
    7.5000   22.5000   45.0000 6031.8325   29.4109
   -7.5000   30.0000   45.0000 6245.4580   29.3916
    0.0000   30.0000   45.0000 6535.7852   29.3616
    7.5000   30.0000   45.0000 6154.2129   29.4018
   -7.5000   37.5000   45.0000 5972.7832   28.5343
    0.0000   37.5000   45.0000 6250.6719   28.5261
    7.5000   37.5000   45.0000 5867.7974   28.5685
   -7.5000   45.0000   45.0000 5650.4937   27.5626
    0.0000   45.0000   45.0000 5916.4526   27.5444
    7.5000   45.0000   45.0000 5546.9185   27.5772

---------------------------------------------------------------------
imgreg_4dfp /opt/freesurfer/average/711-2C_as_mni_average_305 /opt/freesurfer/average/711-2B_as_mni_average_305_mask talsrcimg_g11 none talsrcimg_to_711-2C_as_mni_average_305_t4 4355
---------------------------------------------------------------------

freesurfer imgreg_4dfp.c
/opt/freesurfer/average/711-2C_as_mni_average_305.4dfp.img
       256       256       256         1
  1.000000  1.000000  1.000000
orientation T byte_order littleendian
Reading image: /opt/freesurfer/average/711-2C_as_mni_average_305.4dfp.img
dimensions:      256       256       256
mmppix:       1.0000   -1.0000   -1.0000
center:     128.0000 -129.0000 -129.0000
/opt/freesurfer/average/711-2B_as_mni_average_305_mask.4dfp.img
       256       256       256         1
  1.000000  1.000000  1.000000
orientation T byte_order littleendian
Reading mask: /opt/freesurfer/average/711-2B_as_mni_average_305_mask.4dfp.img (2306576 pixels)
talsrcimg_g11.4dfp.img
       320       320       320         1
  0.700000  0.700000  0.700000
orientation T byte_order littleendian
Reading image: talsrcimg_g11.4dfp.img
dimensions:      320       320       320
mmppix:       0.7000   -0.7000   -0.7000
center:     112.0000 -112.7000 -112.7000
rotation matrix determinant  1.000000
image alignment mode   4355 decimal     1103 hex
   -7.5000  -37.5000  -45.0000 1901.2205   39.3401
    0.0000  -37.5000  -45.0000 1905.3051   38.4905
    7.5000  -37.5000  -45.0000 1909.2175   38.2900
   -7.5000  -30.0000  -45.0000 1993.3759   35.2252
    0.0000  -30.0000  -45.0000 2002.7140   34.6441
    7.5000  -30.0000  -45.0000 2006.7428   34.5028
   -7.5000  -22.5000  -45.0000 2077.3066   31.9461
    0.0000  -22.5000  -45.0000 2085.4304   31.5058
    7.5000  -22.5000  -45.0000 2093.7073   31.3735
   -7.5000  -15.0000  -45.0000 2150.5732   29.3990
    0.0000  -15.0000  -45.0000 2154.6865   28.9902
    7.5000  -15.0000  -45.0000 2162.2063   28.8309
   -7.5000   -7.5000  -45.0000 2198.4194   27.4031
    0.0000   -7.5000  -45.0000 2200.9734   26.9714
    7.5000   -7.5000  -45.0000 2208.0720   26.9002
   -7.5000    0.0000  -45.0000 2226.7500   25.8038
    0.0000    0.0000  -45.0000 2226.4043   25.3399
    7.5000    0.0000  -45.0000 2235.5352   25.4194
   -7.5000    7.5000  -45.0000 2243.1931   24.6191
    0.0000    7.5000  -45.0000 2240.6941   24.1299
    7.5000    7.5000  -45.0000 2247.5425   24.3063
   -7.5000   15.0000  -45.0000 2229.9004   23.6775
    0.0000   15.0000  -45.0000 2230.3823   23.3633
    7.5000   15.0000  -45.0000 2234.7534   23.5209
   -7.5000   22.5000  -45.0000 2242.4402   23.5763
    0.0000   22.5000  -45.0000 2246.7786   23.2627
    7.5000   22.5000  -45.0000 2244.5581   23.4711
   -7.5000   30.0000  -45.0000 2243.5488   23.9218
    0.0000   30.0000  -45.0000 2248.5676   23.5962
    7.5000   30.0000  -45.0000 2245.5203   23.8053
   -7.5000   37.5000  -45.0000 2198.5359   24.2987
    0.0000   37.5000  -45.0000 2204.8962   24.0304
    7.5000   37.5000  -45.0000 2200.0681   24.2411
   -7.5000   45.0000  -45.0000 2098.1013   24.6531
    0.0000   45.0000  -45.0000 2107.8450   24.3889
    7.5000   45.0000  -45.0000 2102.6094   24.6022
   -7.5000   52.5000  -45.0000 1971.8434   24.8252
    0.0000   52.5000  -45.0000 1984.3380   24.6474
    7.5000   52.5000  -45.0000 1978.6102   24.8648
   -7.5000  -37.5000  -37.5000 2014.1420   39.6460
    0.0000  -37.5000  -37.5000 2012.5624   38.6235
    7.5000  -37.5000  -37.5000 2019.6433   38.5516
   -7.5000  -30.0000  -37.5000 2111.6340   35.5024
    0.0000  -30.0000  -37.5000 2116.3186   34.7268
    7.5000  -30.0000  -37.5000 2122.7817   34.6471
   -7.5000  -22.5000  -37.5000 2196.9290   32.1669
    0.0000  -22.5000  -37.5000 2207.5911   31.5738
    7.5000  -22.5000  -37.5000 2211.7256   31.4617
   -7.5000  -15.0000  -37.5000 2276.9395   29.5142
    0.0000  -15.0000  -37.5000 2287.7163   29.0617
    7.5000  -15.0000  -37.5000 2289.6150   28.9245
   -7.5000   -7.5000  -37.5000 2335.7976   27.4368
    0.0000   -7.5000  -37.5000 2339.2659   27.0517
    7.5000   -7.5000  -37.5000 2346.0383   26.9214
   -7.5000    0.0000  -37.5000 2370.0601   25.8471
    0.0000    0.0000  -37.5000 2370.3464   25.4307
    7.5000    0.0000  -37.5000 2381.2109   25.3898
   -7.5000    7.5000  -37.5000 2386.8743   24.5195
    0.0000    7.5000  -37.5000 2380.6345   24.0205
    7.5000    7.5000  -37.5000 2386.0679   24.1040
   -7.5000   15.0000  -37.5000 2374.9314   23.3975
    0.0000   15.0000  -37.5000 2374.1118   22.9879
    7.5000   15.0000  -37.5000 2373.6013   23.1319
   -7.5000   22.5000  -37.5000 2386.6311   23.1753
    0.0000   22.5000  -37.5000 2388.6858   22.7987
    7.5000   22.5000  -37.5000 2386.3777   23.0371
   -7.5000   30.0000  -37.5000 2391.6094   23.5000
    0.0000   30.0000  -37.5000 2396.6470   23.1001
    7.5000   30.0000  -37.5000 2397.4812   23.3331
   -7.5000   37.5000  -37.5000 2348.4045   23.8793
    0.0000   37.5000  -37.5000 2353.4102   23.5006
    7.5000   37.5000  -37.5000 2354.5432   23.7291
   -7.5000   45.0000  -37.5000 2250.5774   24.2332
    0.0000   45.0000  -37.5000 2257.9114   23.8937
    7.5000   45.0000  -37.5000 2258.8872   24.1807
   -7.5000   52.5000  -37.5000 2117.5168   24.4529
    0.0000   52.5000  -37.5000 2123.7061   24.1709
    7.5000   52.5000  -37.5000 2125.0457   24.4710
   -7.5000  -37.5000  -30.0000 2109.7031   40.1083
    0.0000  -37.5000  -30.0000 2102.5491   38.8251
    7.5000  -37.5000  -30.0000 2103.5835   38.6591
   -7.5000  -30.0000  -30.0000 2210.3450   35.8960
    0.0000  -30.0000  -30.0000 2205.6284   34.7822
    7.5000  -30.0000  -30.0000 2209.0081   34.6267
   -7.5000  -22.5000  -30.0000 2299.1289   32.4771
    0.0000  -22.5000  -30.0000 2298.3464   31.5913
    7.5000  -22.5000  -30.0000 2300.3623   31.4621
   -7.5000  -15.0000  -30.0000 2384.3120   29.7708
    0.0000  -15.0000  -30.0000 2387.8789   29.1183
    7.5000  -15.0000  -30.0000 2386.6487   28.9048
   -7.5000   -7.5000  -30.0000 2453.2236   27.6247
    0.0000   -7.5000  -30.0000 2454.1084   27.1853
    7.5000   -7.5000  -30.0000 2449.6763   26.9373
   -7.5000    0.0000  -30.0000 2501.1277   25.9928
    0.0000    0.0000  -30.0000 2494.2544   25.5482
    7.5000    0.0000  -30.0000 2495.4729   25.3617
   -7.5000    7.5000  -30.0000 2515.9934   24.5867
    0.0000    7.5000  -30.0000 2506.8994   24.1499
    7.5000    7.5000  -30.0000 2509.0139   24.1011
   -7.5000   15.0000  -30.0000 2503.0266   23.2612
    0.0000   15.0000  -30.0000 2492.7937   22.8132
    7.5000   15.0000  -30.0000 2491.5962   22.9958
   -7.5000   22.5000  -30.0000 2508.3020   22.8244
    0.0000   22.5000  -30.0000 2501.0288   22.3781
    7.5000   22.5000  -30.0000 2499.8723   22.6951
   -7.5000   30.0000  -30.0000 2513.7622   23.0490
    0.0000   30.0000  -30.0000 2511.8792   22.6178
    7.5000   30.0000  -30.0000 2511.8066   22.9180
   -7.5000   37.5000  -30.0000 2475.3877   23.3755
    0.0000   37.5000  -30.0000 2477.6042   22.9863
    7.5000   37.5000  -30.0000 2477.8845   23.2569
   -7.5000   45.0000  -30.0000 2378.8977   23.7296
    0.0000   45.0000  -30.0000 2379.6643   23.4049
    7.5000   45.0000  -30.0000 2390.7913   23.7316
   -7.5000   52.5000  -30.0000 2238.8760   23.9836
    0.0000   52.5000  -30.0000 2244.8123   23.6734
    7.5000   52.5000  -30.0000 2250.0337   24.0527
   -7.5000  -37.5000  -22.5000 2120.4536   42.1303
    0.0000  -37.5000  -22.5000 2100.5986   40.8216
    7.5000  -37.5000  -22.5000 2097.0371   40.3802
   -7.5000  -30.0000  -22.5000 2231.7720   37.5541
    0.0000  -30.0000  -22.5000 2211.0620   36.4948
    7.5000  -30.0000  -22.5000 2208.9224   36.0540
   -7.5000  -22.5000  -22.5000 2335.2336   33.9770
    0.0000  -22.5000  -22.5000 2311.8079   33.1193
    7.5000  -22.5000  -22.5000 2307.6228   32.7223
   -7.5000  -15.0000  -22.5000 2435.2134   31.1462
    0.0000  -15.0000  -22.5000 2412.9946   30.5640
    7.5000  -15.0000  -22.5000 2402.3977   30.0116
   -7.5000   -7.5000  -22.5000 2512.0063   28.9371
    0.0000   -7.5000  -22.5000 2492.4287   28.5632
    7.5000   -7.5000  -22.5000 2476.5840   27.9813
   -7.5000    0.0000  -22.5000 2561.9211   27.2186
    0.0000    0.0000  -22.5000 2549.0481   27.0689
    7.5000    0.0000  -22.5000 2528.5569   26.4096
   -7.5000    7.5000  -22.5000 2579.8672   25.7687
    0.0000    7.5000  -22.5000 2579.8875   25.7798
    7.5000    7.5000  -22.5000 2551.8601   25.0837
   -7.5000   15.0000  -22.5000 2542.4739   24.0442
    0.0000   15.0000  -22.5000 2532.8606   23.9814
    7.5000   15.0000  -22.5000 2522.1372   23.6766
   -7.5000   22.5000  -22.5000 2528.5291   23.0318
    0.0000   22.5000  -22.5000 2510.3330   22.7894
    7.5000   22.5000  -22.5000 2511.2119   22.9197
   -7.5000   30.0000  -22.5000 2528.1208   22.9471
    0.0000   30.0000  -22.5000 2520.2896   22.7188
    7.5000   30.0000  -22.5000 2518.5396   22.8157
   -7.5000   37.5000  -22.5000 2487.7361   23.1295
    0.0000   37.5000  -22.5000 2492.8606   22.9034
    7.5000   37.5000  -22.5000 2491.0117   23.0546
   -7.5000   45.0000  -22.5000 2391.1655   23.3545
    0.0000   45.0000  -22.5000 2392.1348   23.1355
    7.5000   45.0000  -22.5000 2400.9480   23.3591
   -7.5000   52.5000  -22.5000 2259.5933   23.6761
    0.0000   52.5000  -22.5000 2260.6021   23.4096
    7.5000   52.5000  -22.5000 2267.2180   23.7191
   -7.5000  -37.5000  -15.0000 2170.4717   42.6792
    0.0000  -37.5000  -15.0000 2160.1123   41.7826
    7.5000  -37.5000  -15.0000 2136.5837   40.8791
   -7.5000  -30.0000  -15.0000 2282.6340   37.8674
    0.0000  -30.0000  -15.0000 2271.9885   37.1965
    7.5000  -30.0000  -15.0000 2244.6492   36.3776
   -7.5000  -22.5000  -15.0000 2387.8850   34.1394
    0.0000  -22.5000  -15.0000 2384.0259   33.7971
    7.5000  -22.5000  -15.0000 2344.5247   32.8593
   -7.5000  -15.0000  -15.0000 2496.8303   31.1804
    0.0000  -15.0000  -15.0000 2498.5867   31.1219
    7.5000  -15.0000  -15.0000 2448.8914   30.0767
   -7.5000   -7.5000  -15.0000 2592.3428   28.9217
    0.0000   -7.5000  -15.0000 2603.9136   29.0373
    7.5000   -7.5000  -15.0000 2538.3638   27.9623
   -7.5000    0.0000  -15.0000 2664.7319   27.4328
    0.0000    0.0000  -15.0000 2687.8079   27.7930
    7.5000    0.0000  -15.0000 2610.6379   26.5712
   -7.5000    7.5000  -15.0000 2712.3921   26.2065
    0.0000    7.5000  -15.0000 2764.8545   26.8772
    7.5000    7.5000  -15.0000 2655.7170   25.3800
   -7.5000   15.0000  -15.0000 2669.4746   24.5200
    0.0000   15.0000  -15.0000 2718.8743   25.1449
    7.5000   15.0000  -15.0000 2631.9211   23.9946
   -7.5000   22.5000  -15.0000 2618.6575   23.0144
    0.0000   22.5000  -15.0000 2634.5159   23.3601
    7.5000   22.5000  -15.0000 2585.1567   22.7875
   -7.5000   30.0000  -15.0000 2596.9041   22.3758
    0.0000   30.0000  -15.0000 2620.4983   22.5515
    7.5000   30.0000  -15.0000 2581.1196   22.2959
   -7.5000   37.5000  -15.0000 2546.7585   22.4231
    0.0000   37.5000  -15.0000 2570.4216   22.4408
    7.5000   37.5000  -15.0000 2551.7300   22.3920
   -7.5000   45.0000  -15.0000 2460.0271   22.8242
    0.0000   45.0000  -15.0000 2484.2002   22.7944
    7.5000   45.0000  -15.0000 2469.8035   22.8451
   -7.5000   52.5000  -15.0000 2337.3093   23.4127
    0.0000   52.5000  -15.0000 2361.0881   23.3981
    7.5000   52.5000  -15.0000 2346.1707   23.4271
   -7.5000  -37.5000   -7.5000 2189.1145   43.3074
    0.0000  -37.5000   -7.5000 2189.4111   43.2231
    7.5000  -37.5000   -7.5000 2142.4465   41.8137
   -7.5000  -30.0000   -7.5000 2305.9854   38.3249
    0.0000  -30.0000   -7.5000 2313.0100   38.4152
    7.5000  -30.0000   -7.5000 2257.9973   37.1583
   -7.5000  -22.5000   -7.5000 2413.9233   34.5656
    0.0000  -22.5000   -7.5000 2438.0007   34.8489
    7.5000  -22.5000   -7.5000 2363.3228   33.5867
   -7.5000  -15.0000   -7.5000 2533.8857   31.5690
    0.0000  -15.0000   -7.5000 2570.4294   32.0192
    7.5000  -15.0000   -7.5000 2481.0359   30.7120
   -7.5000   -7.5000   -7.5000 2642.4543   29.2730
    0.0000   -7.5000   -7.5000 2696.7095   29.9595
    7.5000   -7.5000   -7.5000 2586.0774   28.5404
   -7.5000    0.0000   -7.5000 2732.2812   27.8256
    0.0000    0.0000   -7.5000 2811.4236   28.6732
    7.5000    0.0000   -7.5000 2671.1936   27.0939
   -7.5000    7.5000   -7.5000 2809.0930   26.7484
    0.0000    7.5000   -7.5000 2928.0891   27.8723
    7.5000    7.5000   -7.5000 2726.1584   25.8491
   -7.5000   15.0000   -7.5000 2771.2727   25.1107
    0.0000   15.0000   -7.5000 2897.4373   26.3815
    7.5000   15.0000   -7.5000 2703.1589   24.3410
   -7.5000   22.5000   -7.5000 2661.9429   23.1629
    0.0000   22.5000   -7.5000 2738.2280   23.9803
    7.5000   22.5000   -7.5000 2630.9478   22.8429
   -7.5000   30.0000   -7.5000 2604.5835   22.0721
    0.0000   30.0000   -7.5000 2644.1187   22.4699
    7.5000   30.0000   -7.5000 2603.8628   22.1090
   -7.5000   37.5000   -7.5000 2565.3914   22.0292
    0.0000   37.5000   -7.5000 2604.0061   22.2162
    7.5000   37.5000   -7.5000 2579.7273   22.1939
   -7.5000   45.0000   -7.5000 2489.7610   22.5706
    0.0000   45.0000   -7.5000 2521.9282   22.7177
    7.5000   45.0000   -7.5000 2503.5742   22.7433
   -7.5000   52.5000   -7.5000 2373.5530   23.2811
    0.0000   52.5000   -7.5000 2390.7766   23.3324
    7.5000   52.5000   -7.5000 2382.4429   23.4092
   -7.5000  -37.5000    0.0000 2183.3127   44.3730
    0.0000  -37.5000    0.0000 2225.9741   44.9327
    7.5000  -37.5000    0.0000 2129.7756   43.0584
   -7.5000  -30.0000    0.0000 2309.2883   39.1685
    0.0000  -30.0000    0.0000 2353.1675   39.7966
    7.5000  -30.0000    0.0000 2253.7212   38.2160
   -7.5000  -22.5000    0.0000 2424.2603   35.3476
    0.0000  -22.5000    0.0000 2470.4644   36.0584
    7.5000  -22.5000    0.0000 2370.5347   34.5188
   -7.5000  -15.0000    0.0000 2540.8804   32.1196
    0.0000  -15.0000    0.0000 2595.6738   32.8995
    7.5000  -15.0000    0.0000 2489.5818   31.4442
   -7.5000   -7.5000    0.0000 2653.7012   29.6735
    0.0000   -7.5000    0.0000 2716.5398   30.5219
    7.5000   -7.5000    0.0000 2599.1990   29.0366
   -7.5000    0.0000    0.0000 2751.4036   28.0269
    0.0000    0.0000    0.0000 2830.1682   28.9676
    7.5000    0.0000    0.0000 2688.0356   27.3301
   -7.5000    7.5000    0.0000 2814.5500   26.5870
    0.0000    7.5000    0.0000 2930.5181   27.7737
    7.5000    7.5000    0.0000 2723.4309   25.6605
   -7.5000   15.0000    0.0000 2708.7715   24.3346
    0.0000   15.0000    0.0000 2827.0808   25.4969
    7.5000   15.0000    0.0000 2673.8840   23.9035
   -7.5000   22.5000    0.0000 2617.1487   22.5523
    0.0000   22.5000    0.0000 2659.7039   23.0904
    7.5000   22.5000    0.0000 2623.9592   22.6976
   -7.5000   30.0000    0.0000 2597.0288   22.0629
    0.0000   30.0000    0.0000 2635.4199   22.3698
    7.5000   30.0000    0.0000 2609.1040   22.3294
   -7.5000   37.5000    0.0000 2570.8601   22.2698
    0.0000   37.5000    0.0000 2613.4436   22.5718
    7.5000   37.5000    0.0000 2587.9807   22.5675
   -7.5000   45.0000    0.0000 2493.9602   22.8431
    0.0000   45.0000    0.0000 2517.7991   23.0297
    7.5000   45.0000    0.0000 2503.5952   23.0919
   -7.5000   52.5000    0.0000 2378.2078   23.4538
    0.0000   52.5000    0.0000 2386.0115   23.5306
    7.5000   52.5000    0.0000 2375.2041   23.5735
   -7.5000  -37.5000    7.5000 2162.2791   45.8060
    0.0000  -37.5000    7.5000 2198.6475   46.4509
    7.5000  -37.5000    7.5000 2098.8901   44.4467
   -7.5000  -30.0000    7.5000 2281.1028   40.0285
    0.0000  -30.0000    7.5000 2321.7417   40.8899
    7.5000  -30.0000    7.5000 2225.0962   39.1695
   -7.5000  -22.5000    7.5000 2390.0935   35.7931
    0.0000  -22.5000    7.5000 2430.9766   36.6151
    7.5000  -22.5000    7.5000 2339.5959   35.1946
   -7.5000  -15.0000    7.5000 2505.4702   32.4572
    0.0000  -15.0000    7.5000 2543.7896   33.2053
    7.5000  -15.0000    7.5000 2450.7434   31.8961
   -7.5000   -7.5000    7.5000 2606.9529   29.7566
    0.0000   -7.5000    7.5000 2655.0107   30.4736
    7.5000   -7.5000    7.5000 2546.6541   29.1234
   -7.5000    0.0000    7.5000 2659.1169   27.5638
    0.0000    0.0000    7.5000 2738.2964   28.3171
    7.5000    0.0000    7.5000 2607.1921   26.8759
   -7.5000    7.5000    7.5000 2622.6323   25.1425
    0.0000    7.5000    7.5000 2747.7722   26.2504
    7.5000    7.5000    7.5000 2620.1128   24.7813
   -7.5000   15.0000    7.5000 2543.6763   22.8265
    0.0000   15.0000    7.5000 2617.3777   23.5165
    7.5000   15.0000    7.5000 2598.7654   23.2239
   -7.5000   22.5000    7.5000 2566.3943   21.8912
    0.0000   22.5000    7.5000 2599.8606   22.1895
    7.5000   22.5000    7.5000 2591.2957   22.4771
   -7.5000   30.0000    7.5000 2583.3860   22.1585
    0.0000   30.0000    7.5000 2616.1438   22.3621
    7.5000   30.0000    7.5000 2604.3826   22.5493
   -7.5000   37.5000    7.5000 2561.8838   22.8150
    0.0000   37.5000    7.5000 2585.7034   22.9640
    7.5000   37.5000    7.5000 2570.5715   23.0842
   -7.5000   45.0000    7.5000 2484.1968   23.5904
    0.0000   45.0000    7.5000 2496.6931   23.6778
    7.5000   45.0000    7.5000 2486.0364   23.8028
   -7.5000   52.5000    7.5000 2367.5352   24.1979
    0.0000   52.5000    7.5000 2374.8098   24.2260
    7.5000   52.5000    7.5000 2358.3420   24.3417
   -7.5000  -37.5000   15.0000 2102.3740   46.4330
    0.0000  -37.5000   15.0000 2126.2642   47.0611
    7.5000  -37.5000   15.0000 2046.1036   45.2724
   -7.5000  -30.0000   15.0000 2225.7070   40.4635
    0.0000  -30.0000   15.0000 2250.1331   41.1190
    7.5000  -30.0000   15.0000 2174.5322   39.7494
   -7.5000  -22.5000   15.0000 2333.0061   35.9348
    0.0000  -22.5000   15.0000 2363.7666   36.5773
    7.5000  -22.5000   15.0000 2286.8145   35.4463
   -7.5000  -15.0000   15.0000 2426.9646   32.3238
    0.0000  -15.0000   15.0000 2464.7463   32.9255
    7.5000  -15.0000   15.0000 2392.4199   31.9935
   -7.5000   -7.5000   15.0000 2481.4121   29.2937
    0.0000   -7.5000   15.0000 2533.7585   29.9746
    7.5000   -7.5000   15.0000 2473.9844   29.1277
   -7.5000    0.0000   15.0000 2502.4021   26.7191
    0.0000    0.0000   15.0000 2589.8982   27.6028
    7.5000    0.0000   15.0000 2530.8293   26.7025
   -7.5000    7.5000   15.0000 2485.5786   24.2971
    0.0000    7.5000   15.0000 2556.2341   25.0302
    7.5000    7.5000   15.0000 2554.3550   24.6785
   -7.5000   15.0000   15.0000 2509.5149   22.4775
    0.0000   15.0000   15.0000 2545.7446   22.9026
    7.5000   15.0000   15.0000 2568.3184   23.1659
   -7.5000   22.5000   15.0000 2572.4600   22.1484
    0.0000   22.5000   15.0000 2590.3464   22.4243
    7.5000   22.5000   15.0000 2587.0273   22.7481
   -7.5000   30.0000   15.0000 2597.3909   22.6770
    0.0000   30.0000   15.0000 2613.4275   22.8379
    7.5000   30.0000   15.0000 2598.1055   23.0530
   -7.5000   37.5000   15.0000 2554.5913   23.4314
    0.0000   37.5000   15.0000 2569.2446   23.5307
    7.5000   37.5000   15.0000 2554.6238   23.7034
   -7.5000   45.0000   15.0000 2463.6040   24.2417
    0.0000   45.0000   15.0000 2479.8787   24.2735
    7.5000   45.0000   15.0000 2456.8140   24.3966
   -7.5000   52.5000   15.0000 2333.5898   24.9011
    0.0000   52.5000   15.0000 2345.9507   24.8838
    7.5000   52.5000   15.0000 2329.7014   25.0326
   -7.5000  -37.5000   22.5000 2037.6880   46.8361
    0.0000  -37.5000   22.5000 2051.5098   47.2651
    7.5000  -37.5000   22.5000 1994.9707   45.8974
   -7.5000  -30.0000   22.5000 2157.0164   40.7169
    0.0000  -30.0000   22.5000 2176.3206   41.2294
    7.5000  -30.0000   22.5000 2119.4890   40.1107
   -7.5000  -22.5000   22.5000 2255.5366   35.8897
    0.0000  -22.5000   22.5000 2285.1460   36.4562
    7.5000  -22.5000   22.5000 2228.7644   35.7120
   -7.5000  -15.0000   22.5000 2323.5525   32.0065
    0.0000  -15.0000   22.5000 2373.0540   32.6841
    7.5000  -15.0000   22.5000 2339.4165   32.2038
   -7.5000   -7.5000   22.5000 2383.0273   28.9377
    0.0000   -7.5000   22.5000 2439.0630   29.6385
    7.5000   -7.5000   22.5000 2417.9575   29.2721
   -7.5000    0.0000   22.5000 2404.9812   26.3066
    0.0000    0.0000   22.5000 2454.2761   26.9008
    7.5000    0.0000   22.5000 2467.7488   26.7739
   -7.5000    7.5000   22.5000 2443.7004   24.2391
    0.0000    7.5000   22.5000 2471.0793   24.5375
    7.5000    7.5000   22.5000 2503.5374   24.8946
   -7.5000   15.0000   22.5000 2501.1287   22.9368
    0.0000   15.0000   22.5000 2523.3188   23.1930
    7.5000   15.0000   22.5000 2531.7300   23.6128
   -7.5000   22.5000   22.5000 2559.9258   22.9122
    0.0000   22.5000   22.5000 2572.6697   23.1034
    7.5000   22.5000   22.5000 2560.3618   23.3809
   -7.5000   30.0000   22.5000 2577.1133   23.4299
    0.0000   30.0000   22.5000 2598.6099   23.5839
    7.5000   30.0000   22.5000 2563.8823   23.7598
   -7.5000   37.5000   22.5000 2529.4805   24.2168
    0.0000   37.5000   22.5000 2542.5688   24.3516
    7.5000   37.5000   22.5000 2523.2529   24.4491
   -7.5000   45.0000   22.5000 2425.6951   25.0444
    0.0000   45.0000   22.5000 2438.3765   25.0918
    7.5000   45.0000   22.5000 2427.5667   25.2487
   -7.5000   52.5000   22.5000 2285.6763   25.7519
    0.0000   52.5000   22.5000 2304.6895   25.7655
    7.5000   52.5000   22.5000 2293.3296   25.9177
   -7.5000  -37.5000   30.0000 1970.0601   47.1532
    0.0000  -37.5000   30.0000 1981.6174   47.6810
    7.5000  -37.5000   30.0000 1931.4852   46.2951
   -7.5000  -30.0000   30.0000 2082.8860   40.8352
    0.0000  -30.0000   30.0000 2099.6726   41.3554
    7.5000  -30.0000   30.0000 2059.0020   40.5776
   -7.5000  -22.5000   30.0000 2164.6655   35.7805
    0.0000  -22.5000   30.0000 2189.8018   36.2917
    7.5000  -22.5000   30.0000 2171.6162   36.0881
   -7.5000  -15.0000   30.0000 2234.3542   31.8743
    0.0000  -15.0000   30.0000 2263.8823   32.3970
    7.5000  -15.0000   30.0000 2265.4758   32.4288
   -7.5000   -7.5000   30.0000 2296.3398   28.7657
    0.0000   -7.5000   30.0000 2318.9187   29.1332
    7.5000   -7.5000   30.0000 2348.6191   29.4463
   -7.5000    0.0000   30.0000 2351.0657   26.3413
    0.0000    0.0000   30.0000 2366.4851   26.5685
    7.5000    0.0000   30.0000 2407.1001   27.0620
   -7.5000    7.5000   30.0000 2414.4851   24.6857
    0.0000    7.5000   30.0000 2423.0012   24.7892
    7.5000    7.5000   30.0000 2452.6299   25.4086
   -7.5000   15.0000   30.0000 2474.6707   23.7543
    0.0000   15.0000   30.0000 2480.3567   23.9075
    7.5000   15.0000   30.0000 2484.7668   24.3919
   -7.5000   22.5000   30.0000 2521.3721   23.7977
    0.0000   22.5000   30.0000 2529.6929   23.9161
    7.5000   22.5000   30.0000 2512.5088   24.2237
   -7.5000   30.0000   30.0000 2527.7754   24.2927
    0.0000   30.0000   30.0000 2544.9602   24.3645
    7.5000   30.0000   30.0000 2521.5962   24.6208
   -7.5000   37.5000   30.0000 2467.5681   25.0693
    0.0000   37.5000   30.0000 2486.5513   25.0825
    7.5000   37.5000   30.0000 2475.7854   25.2879
   -7.5000   45.0000   30.0000 2364.3638   25.8759
    0.0000   45.0000   30.0000 2386.2593   25.8631
    7.5000   45.0000   30.0000 2375.2178   26.0926
   -7.5000   52.5000   30.0000 2222.8855   26.6491
    0.0000   52.5000   30.0000 2239.6653   26.6559
    7.5000   52.5000   30.0000 2237.5364   26.8781
   -7.5000  -37.5000   37.5000 1891.5433   47.4568
    0.0000  -37.5000   37.5000 1906.3856   48.0258
    7.5000  -37.5000   37.5000 1871.4064   46.9881
   -7.5000  -30.0000   37.5000 1980.5806   40.8154
    0.0000  -30.0000   37.5000 2003.6587   41.3100
    7.5000  -30.0000   37.5000 1986.5544   41.0791
   -7.5000  -22.5000   37.5000 2058.7200   35.7073
    0.0000  -22.5000   37.5000 2079.5801   36.1929
    7.5000  -22.5000   37.5000 2089.7056   36.4461
   -7.5000  -15.0000   37.5000 2153.5837   31.9972
    0.0000  -15.0000   37.5000 2153.2051   32.2238
    7.5000  -15.0000   37.5000 2185.8250   32.7693
   -7.5000   -7.5000   37.5000 2225.9480   29.0406
    0.0000   -7.5000   37.5000 2238.1948   29.2002
    7.5000   -7.5000   37.5000 2272.0662   29.7885
   -7.5000    0.0000   37.5000 2304.6851   26.9177
    0.0000    0.0000   37.5000 2303.5366   26.9647
    7.5000    0.0000   37.5000 2344.7573   27.7117
   -7.5000    7.5000   37.5000 2373.2310   25.5371
    0.0000    7.5000   37.5000 2368.1926   25.5488
    7.5000    7.5000   37.5000 2387.8647   26.3072
   -7.5000   15.0000   37.5000 2424.2056   24.8398
    0.0000   15.0000   37.5000 2418.1599   24.8958
    7.5000   15.0000   37.5000 2421.7207   25.4907
   -7.5000   22.5000   37.5000 2457.1880   24.7768
    0.0000   22.5000   37.5000 2461.6199   24.8114
    7.5000   22.5000   37.5000 2449.3523   25.2624
   -7.5000   30.0000   37.5000 2451.4104   25.1897
    0.0000   30.0000   37.5000 2463.5706   25.2490
    7.5000   30.0000   37.5000 2456.9709   25.6470
   -7.5000   37.5000   37.5000 2394.2844   25.9325
    0.0000   37.5000   37.5000 2415.4646   25.9822
    7.5000   37.5000   37.5000 2406.3477   26.3310
   -7.5000   45.0000   37.5000 2285.8311   26.7102
    0.0000   45.0000   37.5000 2313.3882   26.8115
    7.5000   45.0000   37.5000 2302.7664   27.1776
   -7.5000   52.5000   37.5000 2143.2644   27.5446
    0.0000   52.5000   37.5000 2159.9163   27.6364
    7.5000   52.5000   37.5000 2154.1802   27.9521
   -7.5000  -37.5000   45.0000 1781.4399   47.7129
    0.0000  -37.5000   45.0000 1804.1442   48.3294
    7.5000  -37.5000   45.0000 1793.4835   47.9331
   -7.5000  -30.0000   45.0000 1871.2371   41.1425
    0.0000  -30.0000   45.0000 1884.2739   41.4273
    7.5000  -30.0000   45.0000 1899.4739   41.8790
   -7.5000  -22.5000   45.0000 1977.6467   36.3544
    0.0000  -22.5000   45.0000 1970.2753   36.3908
    7.5000  -22.5000   45.0000 1992.9220   37.1264
   -7.5000  -15.0000   45.0000 2060.7761   32.6234
    0.0000  -15.0000   45.0000 2067.4565   32.7210
    7.5000  -15.0000   45.0000 2088.7610   33.4246
   -7.5000   -7.5000   45.0000 2152.1721   29.8198
    0.0000   -7.5000   45.0000 2146.8159   29.7995
    7.5000   -7.5000   45.0000 2186.4363   30.6369
   -7.5000    0.0000   45.0000 2230.9141   27.8909
    0.0000    0.0000   45.0000 2219.3308   27.7756
    7.5000    0.0000   45.0000 2250.8743   28.6677
   -7.5000    7.5000   45.0000 2291.7004   26.6391
    0.0000    7.5000   45.0000 2277.9260   26.5887
    7.5000    7.5000   45.0000 2294.9722   27.3799
   -7.5000   15.0000   45.0000 2332.8430   26.0658
    0.0000   15.0000   45.0000 2320.9629   26.0048
    7.5000   15.0000   45.0000 2326.7927   26.6857
   -7.5000   22.5000   45.0000 2348.6750   25.8958
    0.0000   22.5000   45.0000 2353.5938   25.9227
    7.5000   22.5000   45.0000 2354.9209   26.4313
   -7.5000   30.0000   45.0000 2349.9875   26.2012
    0.0000   30.0000   45.0000 2358.2136   26.2589
    7.5000   30.0000   45.0000 2359.4963   26.7609
   -7.5000   37.5000   45.0000 2288.9136   26.9303
    0.0000   37.5000   45.0000 2304.1702   26.9748
    7.5000   37.5000   45.0000 2297.3120   27.5036
   -7.5000   45.0000   45.0000 2181.9285   27.7359
    0.0000   45.0000   45.0000 2196.3882   27.7697
    7.5000   45.0000   45.0000 2192.9927   28.2624
   -7.5000   52.5000   45.0000 2036.0284   28.5633
    0.0000   52.5000   45.0000 2049.2036   28.5837
    7.5000   52.5000   45.0000 2044.6021   28.9512

---------------------------------------------------------------------
imgreg_4dfp /opt/freesurfer/average/711-2C_as_mni_average_305 /opt/freesurfer/average/711-2B_as_mni_average_305_mask talsrcimg_g11 none talsrcimg_to_711-2C_as_mni_average_305_t4 1283
---------------------------------------------------------------------

freesurfer imgreg_4dfp.c
/opt/freesurfer/average/711-2C_as_mni_average_305.4dfp.img
       256       256       256         1
  1.000000  1.000000  1.000000
orientation T byte_order littleendian
Reading image: /opt/freesurfer/average/711-2C_as_mni_average_305.4dfp.img
dimensions:      256       256       256
mmppix:       1.0000   -1.0000   -1.0000
center:     128.0000 -129.0000 -129.0000
/opt/freesurfer/average/711-2B_as_mni_average_305_mask.4dfp.img
       256       256       256         1
  1.000000  1.000000  1.000000
orientation T byte_order littleendian
Reading mask: /opt/freesurfer/average/711-2B_as_mni_average_305_mask.4dfp.img (2306576 pixels)
talsrcimg_g11.4dfp.img
       320       320       320         1
  0.700000  0.700000  0.700000
orientation T byte_order littleendian
Reading image: talsrcimg_g11.4dfp.img
dimensions:      320       320       320
mmppix:       0.7000   -0.7000   -0.7000
center:     112.0000 -112.7000 -112.7000
rotation matrix determinant  1.000000
fimgreg.f
image alignment mode   1283 decimal      503 hex
parameters
    0.0000    7.5000    0.0000    0.0000    0.0000    0.0000
eta,q 0.91967 27.88379
niter,ni,del,rscale     5    3   12.0000    1.2000
parameter  3  0.973968 ->  0.500000 qaram    1.1500
parameters
   -1.4875    8.5485   -3.4500    2.4051    1.2028   -1.3051
eta,q 0.93621 27.58407
  0.0989  0.1049  0.0608  0.0795  0.0795  0.0661
  0.0845  0.0963  0.0642  0.0756  0.0727  0.0646
  0.0807  0.0883  0.0699  0.0705  0.0680  0.0639
  0.0832  0.0807  0.0769  0.0656  0.0641  0.0637
  0.0920  0.0742  0.0880  0.0641  0.0637  0.0646
  0.1059  0.0772  0.1066  0.0657  0.0655  0.0672
  0.1266  0.0983  0.1262  0.0685  0.0717  0.0701
niter,ni,del,rscale     5    3   12.0000    1.2000
parameters
   -1.6903    8.8557   -4.8303    1.3573    0.9316   -1.1814
eta,q 0.93957 27.77529
  0.0999  0.0905  0.0765  0.0672  0.0715  0.0659
  0.0796  0.0791  0.0636  0.0637  0.0657  0.0634
  0.0676  0.0700  0.0601  0.0609  0.0617  0.0615
  0.0638  0.0638  0.0634  0.0610  0.0605  0.0605
  0.0693  0.0655  0.0680  0.0642  0.0620  0.0606
  0.0839  0.0752  0.0761  0.0684  0.0667  0.0628
  0.1045  0.0869  0.0944  0.0717  0.0743  0.0659
niter,ni,del,rscale     4    3   12.0000    1.2000
parameters
   -1.6161    9.3104   -4.7646    0.7387    0.8500   -0.9871
eta,q 0.94022 27.77131
  0.1014  0.0891  0.0886  0.0678  0.0713  0.0652
  0.0811  0.0773  0.0693  0.0641  0.0651  0.0625
  0.0671  0.0666  0.0596  0.0607  0.0609  0.0608
  0.0604  0.0604  0.0599  0.0601  0.0599  0.0599
  0.0644  0.0626  0.0645  0.0624  0.0613  0.0599
  0.0792  0.0720  0.0709  0.0671  0.0653  0.0618
  0.1005  0.0824  0.0843  0.0711  0.0721  0.0650
niter,ni,del,rscale     3    3   12.0000    1.2000
parameters
   -1.5552    9.5418   -4.8701    0.3249    0.8310   -0.8389
eta,q 0.94079 27.76403
  0.1006  0.0875  0.0879  0.0679  0.0710  0.0646
  0.0802  0.0757  0.0682  0.0645  0.0647  0.0619
  0.0664  0.0654  0.0587  0.0605  0.0604  0.0603
  0.0598  0.0597  0.0596  0.0594  0.0593  0.0593
  0.0637  0.0626  0.0644  0.0615  0.0607  0.0594
  0.0785  0.0725  0.0714  0.0659  0.0645  0.0613
  0.1000  0.0845  0.0866  0.0707  0.0712  0.0644
niter,ni,del,rscale     2    3   12.0000    1.2000
parameters
   -1.5290    9.7084   -4.9306    0.0247    0.8491   -0.7570
eta,q 0.94111 27.75414
  0.0996  0.0869  0.0889  0.0677  0.0707  0.0641
  0.0794  0.0750  0.0684  0.0647  0.0643  0.0615
  0.0657  0.0649  0.0584  0.0606  0.0600  0.0599
  0.0592  0.0592  0.0590  0.0589  0.0589  0.0589
  0.0633  0.0621  0.0639  0.0610  0.0603  0.0591
  0.0783  0.0724  0.0712  0.0651  0.0639  0.0611
  0.1000  0.0850  0.0868  0.0703  0.0707  0.0642
niter,ni,del,rscale     1    3   12.0000    1.2000
parameters
   -1.5264    9.8214   -4.9802   -0.2042    0.8801   -0.7264
eta,q 0.94131 27.74833
  0.0989  0.0863  0.0894  0.0675  0.0705  0.0638
  0.0788  0.0745  0.0685  0.0648  0.0641  0.0612
  0.0653  0.0647  0.0583  0.0607  0.0598  0.0597
  0.0589  0.0589  0.0587  0.0587  0.0587  0.0587
  0.0631  0.0618  0.0637  0.0607  0.0600  0.0589
  0.0782  0.0725  0.0712  0.0646  0.0636  0.0610
  0.1000  0.0856  0.0871  0.0699  0.0704  0.0641
registration optimization eta report
parameter search radius
    6.0000    6.0000    6.9000    6.0000    6.0000    6.0000
100000*second partial in parameter space
      111.       73.       63.       26.       33.       15.
  0.0989  0.0863  0.0894  0.0675  0.0705  0.0638
  0.0788  0.0745  0.0685  0.0648  0.0641  0.0612
  0.0653  0.0647  0.0583  0.0607  0.0598  0.0597
  0.0589  0.0589  0.0587  0.0587  0.0587  0.0587
  0.0631  0.0618  0.0637  0.0607  0.0600  0.0589
  0.0782  0.0725  0.0712  0.0646  0.0636  0.0610
  0.1000  0.0856  0.0871  0.0699  0.0704  0.0641
   -1.5264    9.8214   -4.9802   -0.2042    0.8801   -0.7264
eta,q 0.94131 27.74833

---------------------------------------------------------------------
imgreg_4dfp /opt/freesurfer/average/711-2C_as_mni_average_305 /opt/freesurfer/average/711-2B_as_mni_average_305_mask talsrcimg_g11 none talsrcimg_to_711-2C_as_mni_average_305_t4 3335
---------------------------------------------------------------------

freesurfer imgreg_4dfp.c
/opt/freesurfer/average/711-2C_as_mni_average_305.4dfp.img
       256       256       256         1
  1.000000  1.000000  1.000000
orientation T byte_order littleendian
Reading image: /opt/freesurfer/average/711-2C_as_mni_average_305.4dfp.img
dimensions:      256       256       256
mmppix:       1.0000   -1.0000   -1.0000
center:     128.0000 -129.0000 -129.0000
/opt/freesurfer/average/711-2B_as_mni_average_305_mask.4dfp.img
       256       256       256         1
  1.000000  1.000000  1.000000
orientation T byte_order littleendian
Reading mask: /opt/freesurfer/average/711-2B_as_mni_average_305_mask.4dfp.img (2306576 pixels)
talsrcimg_g11.4dfp.img
       320       320       320         1
  0.700000  0.700000  0.700000
orientation T byte_order littleendian
Reading image: talsrcimg_g11.4dfp.img
dimensions:      320       320       320
mmppix:       0.7000   -0.7000   -0.7000
center:     112.0000 -112.7000 -112.7000
fimgreg.f
image alignment mode   3335 decimal      D07 hex
parameters
   -1.5264    9.8214   -4.9802   -0.0198   -0.0087   -0.0124
    1.2733   -1.5313   -1.2676    0.3758    1.5359   -0.3563
eta,q 0.93594 27.82822
niter,ni,del,rscale     5    3    5.0000    1.2000
parameter  4  0.802718 ->  0.500000 qaram    1.1500
parameter  5  0.760386 ->  0.500000 qaram    1.1500
parameters
   -1.3029   10.7730   -5.2294   -4.1598   -4.1487   -3.3771
    1.7824   -2.4381   -1.3422   -0.1042    2.5320    1.6000
eta,q 0.95203 27.82255
  0.0721  0.0715  0.0652  0.0537  0.0477  0.0499  0.0520  0.0518  0.0495  0.0497  0.0496  0.0494
  0.0682  0.0683  0.0640  0.0548  0.0489  0.0488  0.0500  0.0490  0.0486  0.0488  0.0488  0.0488
  0.0654  0.0657  0.0636  0.0576  0.0509  0.0481  0.0487  0.0481  0.0482  0.0481  0.0483  0.0483
  0.0641  0.0639  0.0632  0.0632  0.0553  0.0493  0.0482  0.0482  0.0481  0.0481  0.0481  0.0480
  0.0642  0.0632  0.0636  0.0728  0.0642  0.0526  0.0484  0.0491  0.0482  0.0484  0.0481  0.0480
  0.0661  0.0636  0.0646  0.0870  0.0773  0.0613  0.0493  0.0509  0.0486  0.0490  0.0483  0.0481
  0.0699  0.0650  0.0664  0.1038  0.0925  0.0676  0.0511  0.0539  0.0496  0.0503  0.0489  0.0485
niter,ni,del,rscale     6    3    5.0000    1.2000
parameter  2 -1.623550 -> -0.500000 qaram    1.1500
parameter  5  0.502660 ->  0.500000 qaram    1.3225
parameters
   -1.3112   12.1530   -5.9310   -6.9001   -8.9097   -4.5289
    2.3172   -3.9703   -2.0091    3.0293    3.6928   -1.9101
eta,q 0.95708 27.40132
  0.0513  0.0559  0.0455  0.0469  0.0432  0.0456  0.0453  0.0451  0.0438  0.0457  0.0436  0.0428
  0.0495  0.0530  0.0449  0.0458  0.0431  0.0449  0.0444  0.0436  0.0435  0.0447  0.0432  0.0427
  0.0483  0.0504  0.0446  0.0448  0.0435  0.0441  0.0438  0.0433  0.0433  0.0439  0.0429  0.0427
  0.0480  0.0480  0.0448  0.0446  0.0448  0.0432  0.0436  0.0435  0.0433  0.0433  0.0428  0.0429
  0.0483  0.0459  0.0453  0.0467  0.0491  0.0432  0.0436  0.0442  0.0434  0.0429  0.0429  0.0431
  0.0495  0.0445  0.0462  0.0528  0.0593  0.0449  0.0441  0.0454  0.0436  0.0429  0.0430  0.0434
  0.0514  0.0438  0.0473  0.0653  0.0743  0.0511  0.0449  0.0471  0.0440  0.0436  0.0432  0.0440
niter,ni,del,rscale     7    3    5.0000    1.2000
parameter  2 -2.377188 -> -0.500000 qaram    1.3225
parameter  3 -0.583665 -> -0.500000 qaram    1.1500
parameter 12  0.503098 ->  0.500000 qaram    1.1500
parameters
   -1.2364   13.7400   -4.5510   -7.8466  -12.6233   -3.8371
    2.3089   -4.0811   -1.8267    3.9076    3.0010   -6.0501
eta,q 0.96235 26.90285
  0.0452  0.0526  0.0407  0.0416  0.0388  0.0413  0.0395  0.0409  0.0387  0.0401  0.0383  0.0377
  0.0440  0.0491  0.0399  0.0405  0.0381  0.0401  0.0385  0.0390  0.0381  0.0389  0.0380  0.0375
  0.0432  0.0458  0.0392  0.0393  0.0379  0.0388  0.0379  0.0380  0.0378  0.0381  0.0377  0.0375
  0.0429  0.0429  0.0388  0.0384  0.0386  0.0379  0.0377  0.0377  0.0377  0.0377  0.0377  0.0377
  0.0431  0.0404  0.0384  0.0384  0.0402  0.0375  0.0380  0.0383  0.0378  0.0378  0.0378  0.0380
  0.0438  0.0383  0.0384  0.0404  0.0449  0.0385  0.0386  0.0394  0.0381  0.0382  0.0382  0.0385
  0.0450  0.0366  0.0386  0.0457  0.0572  0.0408  0.0395  0.0409  0.0385  0.0392  0.0386  0.0390
niter,ni,del,rscale     7    3    5.0000    1.2000
parameter  2 -1.640426 -> -0.500000 qaram    1.5209
parameters
   -1.1941   15.5651   -4.4664   -7.3249  -14.7813   -3.6570
    2.4429   -3.8350   -1.5371    4.4671    3.3571   -7.9547
eta,q 0.96695 26.69011
  0.0402  0.0486  0.0353  0.0374  0.0359  0.0372  0.0354  0.0373  0.0350  0.0364  0.0342  0.0338
  0.0388  0.0447  0.0342  0.0360  0.0346  0.0357  0.0342  0.0351  0.0340  0.0349  0.0336  0.0333
  0.0379  0.0410  0.0336  0.0346  0.0335  0.0341  0.0334  0.0337  0.0334  0.0338  0.0333  0.0331
  0.0377  0.0377  0.0333  0.0333  0.0331  0.0332  0.0332  0.0332  0.0332  0.0332  0.0331  0.0331
  0.0379  0.0348  0.0334  0.0327  0.0341  0.0329  0.0334  0.0336  0.0333  0.0333  0.0332  0.0334
  0.0387  0.0329  0.0340  0.0339  0.0366  0.0345  0.0341  0.0349  0.0339  0.0341  0.0335  0.0340
  0.0400  0.0319  0.0351  0.0377  0.0441  0.0377  0.0351  0.0367  0.0347  0.0357  0.0340  0.0348
niter,ni,del,rscale     7    3    5.0000    1.2000
parameter  2 -0.650948 -> -0.500000 qaram    1.7490
parameters
   -1.2036   17.6639   -4.6131   -6.8782  -16.0547   -3.8358
    2.6250   -3.8214   -1.4497    5.0008    3.3480  -10.1686
eta,q 0.96906 26.54848
  0.0358  0.0438  0.0327  0.0355  0.0352  0.0351  0.0334  0.0349  0.0333  0.0345  0.0320  0.0316
  0.0343  0.0396  0.0317  0.0339  0.0334  0.0335  0.0322  0.0328  0.0321  0.0327  0.0315  0.0311
  0.0334  0.0359  0.0311  0.0324  0.0317  0.0319  0.0313  0.0315  0.0313  0.0316  0.0311  0.0309
  0.0331  0.0330  0.0310  0.0310  0.0308  0.0310  0.0311  0.0311  0.0311  0.0311  0.0310  0.0310
  0.0334  0.0314  0.0312  0.0304  0.0313  0.0308  0.0313  0.0316  0.0313  0.0313  0.0311  0.0314
  0.0343  0.0310  0.0319  0.0317  0.0335  0.0326  0.0321  0.0329  0.0320  0.0321  0.0315  0.0320
  0.0359  0.0319  0.0332  0.0360  0.0416  0.0368  0.0332  0.0348  0.0331  0.0336  0.0320  0.0329
niter,ni,del,rscale     7    3    5.0000    1.2000
parameters
   -1.1896   18.1891   -4.6150   -6.7379  -16.1695   -3.8687
    2.6888   -3.7969   -1.3974    5.4791    3.2564  -10.8208
eta,q 0.96918 26.53540
  0.0339  0.0388  0.0327  0.0354  0.0360  0.0350  0.0332  0.0347  0.0331  0.0342  0.0318  0.0320
  0.0322  0.0349  0.0317  0.0339  0.0341  0.0334  0.0319  0.0325  0.0319  0.0324  0.0313  0.0312
  0.0313  0.0322  0.0311  0.0323  0.0322  0.0318  0.0311  0.0312  0.0311  0.0313  0.0309  0.0309
  0.0309  0.0309  0.0309  0.0309  0.0308  0.0308  0.0308  0.0308  0.0308  0.0308  0.0308  0.0308
  0.0313  0.0313  0.0310  0.0304  0.0308  0.0305  0.0311  0.0314  0.0311  0.0311  0.0310  0.0311
  0.0322  0.0330  0.0316  0.0319  0.0323  0.0322  0.0319  0.0326  0.0319  0.0319  0.0313  0.0316
  0.0338  0.0356  0.0328  0.0368  0.0381  0.0364  0.0330  0.0345  0.0330  0.0333  0.0319  0.0323
niter,ni,del,rscale     6    3    5.0000    1.2000
parameters
   -1.1782   18.2923   -4.6744   -6.7323  -16.1137   -3.8959
    2.7197   -3.7809   -1.3376    5.6545    3.1335  -11.0538
eta,q 0.96917 26.54199
  0.0337  0.0373  0.0326  0.0354  0.0361  0.0351  0.0331  0.0346  0.0331  0.0339  0.0318  0.0321
  0.0321  0.0338  0.0316  0.0338  0.0342  0.0334  0.0319  0.0324  0.0319  0.0322  0.0313  0.0313
  0.0312  0.0316  0.0310  0.0323  0.0323  0.0318  0.0311  0.0312  0.0311  0.0312  0.0309  0.0309
  0.0308  0.0308  0.0308  0.0308  0.0308  0.0308  0.0308  0.0308  0.0308  0.0308  0.0308  0.0308
  0.0311  0.0316  0.0310  0.0304  0.0308  0.0305  0.0311  0.0313  0.0311  0.0312  0.0310  0.0310
  0.0321  0.0337  0.0317  0.0320  0.0322  0.0321  0.0319  0.0326  0.0319  0.0321  0.0313  0.0315
  0.0337  0.0364  0.0329  0.0372  0.0377  0.0364  0.0330  0.0344  0.0329  0.0335  0.0319  0.0322
niter,ni,del,rscale     5    3    5.0000    1.2000
parameters
   -1.1697   18.3203   -4.6957   -6.7449  -16.1075   -3.9033
    2.7120   -3.7691   -1.2899    5.7132    3.0616  -11.1124
eta,q 0.96916 26.54270
  0.0337  0.0370  0.0327  0.0354  0.0360  0.0351  0.0331  0.0346  0.0330  0.0338  0.0318  0.0322
  0.0321  0.0336  0.0316  0.0338  0.0342  0.0334  0.0319  0.0324  0.0319  0.0321  0.0313  0.0314
  0.0312  0.0315  0.0310  0.0323  0.0322  0.0318  0.0311  0.0312  0.0311  0.0312  0.0309  0.0309
  0.0308  0.0308  0.0308  0.0308  0.0308  0.0308  0.0308  0.0308  0.0308  0.0308  0.0308  0.0308
  0.0311  0.0317  0.0310  0.0304  0.0308  0.0305  0.0311  0.0313  0.0311  0.0312  0.0310  0.0310
  0.0321  0.0338  0.0316  0.0320  0.0322  0.0321  0.0319  0.0326  0.0319  0.0321  0.0313  0.0315
  0.0337  0.0366  0.0328  0.0372  0.0379  0.0364  0.0331  0.0344  0.0329  0.0336  0.0319  0.0321
registration optimization eta report
parameter search radius
    2.4000    4.1976    2.7600    8.2800    9.5220    7.2000
    7.2000    7.2000    7.2000    7.2000    7.2000    8.2800
100000*second partial in parameter space
       50.       34.       25.        8.        7.       10.
        4.        7.        4.        5.        2.        2.
  0.0337  0.0370  0.0327  0.0354  0.0360  0.0351  0.0331  0.0346  0.0330  0.0338  0.0318  0.0322
  0.0321  0.0336  0.0316  0.0338  0.0342  0.0334  0.0319  0.0324  0.0319  0.0321  0.0313  0.0314
  0.0312  0.0315  0.0310  0.0323  0.0322  0.0318  0.0311  0.0312  0.0311  0.0312  0.0309  0.0309
  0.0308  0.0308  0.0308  0.0308  0.0308  0.0308  0.0308  0.0308  0.0308  0.0308  0.0308  0.0308
  0.0311  0.0317  0.0310  0.0304  0.0308  0.0305  0.0311  0.0313  0.0311  0.0312  0.0310  0.0310
  0.0321  0.0338  0.0316  0.0320  0.0322  0.0321  0.0319  0.0326  0.0319  0.0321  0.0313  0.0315
  0.0337  0.0366  0.0328  0.0372  0.0379  0.0364  0.0331  0.0344  0.0329  0.0336  0.0319  0.0321
   -1.1697   18.3203   -4.6957   -6.7449  -16.1075   -3.9033
    2.7120   -3.7691   -1.2899    5.7132    3.0616  -11.1124
eta,q 0.96916 26.54270

---------------------------------------------------------------------
imgreg_4dfp /opt/freesurfer/average/711-2C_as_mni_average_305 /opt/freesurfer/average/711-2B_as_mni_average_305_mask talsrcimg_g11 none talsrcimg_to_711-2C_as_mni_average_305_t4 2311
---------------------------------------------------------------------

freesurfer imgreg_4dfp.c
/opt/freesurfer/average/711-2C_as_mni_average_305.4dfp.img
       256       256       256         1
  1.000000  1.000000  1.000000
orientation T byte_order littleendian
Reading image: /opt/freesurfer/average/711-2C_as_mni_average_305.4dfp.img
dimensions:      256       256       256
mmppix:       1.0000   -1.0000   -1.0000
center:     128.0000 -129.0000 -129.0000
/opt/freesurfer/average/711-2B_as_mni_average_305_mask.4dfp.img
       256       256       256         1
  1.000000  1.000000  1.000000
orientation T byte_order littleendian
Reading mask: /opt/freesurfer/average/711-2B_as_mni_average_305_mask.4dfp.img (2306576 pixels)
talsrcimg_g11.4dfp.img
       320       320       320         1
  0.700000  0.700000  0.700000
orientation T byte_order littleendian
Reading image: talsrcimg_g11.4dfp.img
dimensions:      320       320       320
mmppix:       0.7000   -0.7000   -0.7000
center:     112.0000 -112.7000 -112.7000
fimgreg.f
image alignment mode   2311 decimal      907 hex
parameters
   -1.1697   18.3203   -4.6957   -6.7449  -16.1075   -3.9033
    2.7120   -3.7691   -1.2899    5.7132    3.0616  -11.1124
eta,q 0.96916 26.54268
niter,ni,del,rscale     5    3    5.0000    0.8000
parameters
   -1.1676   18.1852   -4.5917   -4.9136  -14.7932   -3.3628
    2.7804   -3.5765   -1.0968    5.5288    3.0741  -11.5620
eta,q 0.96992 26.72677
  0.0321  0.0317  0.0315  0.0334  0.0326  0.0327  0.0314  0.0324  0.0313  0.0315  0.0307  0.0306
  0.0314  0.0312  0.0311  0.0325  0.0317  0.0315  0.0307  0.0311  0.0307  0.0307  0.0304  0.0303
  0.0310  0.0309  0.0309  0.0316  0.0309  0.0307  0.0302  0.0303  0.0302  0.0302  0.0302  0.0301
  0.0308  0.0308  0.0308  0.0308  0.0304  0.0302  0.0301  0.0301  0.0301  0.0301  0.0301  0.0301
  0.0310  0.0310  0.0308  0.0304  0.0302  0.0299  0.0302  0.0303  0.0302  0.0303  0.0302  0.0302
  0.0314  0.0314  0.0310  0.0305  0.0305  0.0305  0.0306  0.0309  0.0305  0.0309  0.0304  0.0304
  0.0321  0.0320  0.0314  0.0314  0.0311  0.0320  0.0313  0.0320  0.0311  0.0317  0.0307  0.0308
niter,ni,del,rscale     4    3    5.0000    0.7000
parameters
   -1.1475   17.9816   -5.1433   -5.1876  -14.4055   -2.9184
    2.7329   -3.7099   -1.1161    5.8723    2.9872  -11.4758
eta,q 0.97021 26.80700
  0.0314  0.0307  0.0302  0.0316  0.0315  0.0320  0.0307  0.0314  0.0307  0.0312  0.0303  0.0303
  0.0307  0.0303  0.0300  0.0308  0.0308  0.0311  0.0302  0.0304  0.0302  0.0305  0.0300  0.0300
  0.0302  0.0301  0.0300  0.0302  0.0302  0.0305  0.0299  0.0299  0.0299  0.0300  0.0298  0.0298
  0.0301  0.0301  0.0301  0.0299  0.0300  0.0300  0.0298  0.0298  0.0298  0.0298  0.0298  0.0298
  0.0302  0.0303  0.0302  0.0301  0.0300  0.0297  0.0299  0.0301  0.0299  0.0299  0.0299  0.0299
  0.0306  0.0306  0.0306  0.0309  0.0304  0.0303  0.0302  0.0307  0.0302  0.0302  0.0300  0.0300
  0.0313  0.0312  0.0310  0.0324  0.0311  0.0316  0.0308  0.0316  0.0307  0.0309  0.0304  0.0302
niter,ni,del,rscale     3    3    5.0000    0.6000
parameters
   -1.1322   17.9408   -5.1658   -5.1816  -14.4185   -2.9112
    2.7417   -3.7254   -1.0856    5.8619    2.7857  -11.5237
eta,q 0.97021 26.81047
  0.0307  0.0304  0.0303  0.0312  0.0308  0.0312  0.0305  0.0310  0.0304  0.0307  0.0301  0.0301
  0.0302  0.0300  0.0300  0.0306  0.0302  0.0306  0.0301  0.0303  0.0301  0.0302  0.0299  0.0299
  0.0299  0.0298  0.0298  0.0301  0.0299  0.0301  0.0299  0.0299  0.0299  0.0299  0.0298  0.0298
  0.0298  0.0298  0.0298  0.0298  0.0298  0.0298  0.0298  0.0298  0.0298  0.0298  0.0298  0.0298
  0.0299  0.0299  0.0298  0.0299  0.0299  0.0298  0.0299  0.0300  0.0299  0.0299  0.0298  0.0298
  0.0302  0.0301  0.0300  0.0304  0.0302  0.0303  0.0301  0.0304  0.0301  0.0302  0.0300  0.0299
  0.0307  0.0305  0.0303  0.0313  0.0308  0.0315  0.0305  0.0310  0.0304  0.0307  0.0302  0.0301
niter,ni,del,rscale     2    3    5.0000    0.5000
parameters
   -1.1218   17.9463   -5.1882   -5.0561  -14.4238   -2.7758
    2.7448   -3.6900   -1.0538    5.8880    2.8466  -11.5075
eta,q 0.97027 26.82025
  0.0304  0.0302  0.0301  0.0308  0.0305  0.0309  0.0302  0.0307  0.0302  0.0304  0.0300  0.0300
  0.0301  0.0300  0.0299  0.0304  0.0301  0.0304  0.0299  0.0301  0.0299  0.0300  0.0299  0.0298
  0.0299  0.0298  0.0298  0.0300  0.0299  0.0300  0.0298  0.0298  0.0298  0.0298  0.0298  0.0297
  0.0298  0.0298  0.0298  0.0298  0.0298  0.0298  0.0297  0.0297  0.0297  0.0297  0.0297  0.0297
  0.0299  0.0298  0.0298  0.0298  0.0299  0.0297  0.0298  0.0298  0.0298  0.0298  0.0297  0.0298
  0.0301  0.0300  0.0299  0.0301  0.0301  0.0301  0.0299  0.0301  0.0299  0.0300  0.0298  0.0298
  0.0304  0.0302  0.0301  0.0308  0.0305  0.0308  0.0302  0.0306  0.0302  0.0304  0.0300  0.0300
niter,ni,del,rscale     1    3    5.0000    0.4000
parameters
   -1.1258   17.9374   -5.2125   -4.9637  -14.4385   -2.6735
    2.7614   -3.6734   -1.0678    5.8916    2.9219  -11.5730
eta,q 0.97030 26.82769
  0.0301  0.0300  0.0299  0.0304  0.0302  0.0305  0.0300  0.0303  0.0300  0.0301  0.0299  0.0299
  0.0299  0.0299  0.0298  0.0301  0.0299  0.0301  0.0298  0.0300  0.0298  0.0299  0.0298  0.0298
  0.0298  0.0298  0.0297  0.0299  0.0298  0.0299  0.0297  0.0298  0.0297  0.0298  0.0297  0.0297
  0.0297  0.0297  0.0297  0.0297  0.0297  0.0297  0.0297  0.0297  0.0297  0.0297  0.0297  0.0297
  0.0298  0.0298  0.0298  0.0298  0.0298  0.0297  0.0297  0.0298  0.0297  0.0297  0.0297  0.0297
  0.0299  0.0299  0.0298  0.0300  0.0299  0.0299  0.0298  0.0300  0.0298  0.0299  0.0298  0.0298
  0.0301  0.0300  0.0300  0.0304  0.0302  0.0305  0.0300  0.0303  0.0300  0.0301  0.0299  0.0299
registration optimization eta report
parameter search radius
    0.8000    0.8000    0.8000    2.4000    2.4000    2.4000
    2.4000    2.4000    2.4000    2.4000    2.4000    2.4000
100000*second partial in parameter space
       65.       44.       35.       12.        8.       13.
        5.       10.        5.        7.        3.        3.
  0.0301  0.0300  0.0299  0.0304  0.0302  0.0305  0.0300  0.0303  0.0300  0.0301  0.0299  0.0299
  0.0299  0.0299  0.0298  0.0301  0.0299  0.0301  0.0298  0.0300  0.0298  0.0299  0.0298  0.0298
  0.0298  0.0298  0.0297  0.0299  0.0298  0.0299  0.0297  0.0298  0.0297  0.0298  0.0297  0.0297
  0.0297  0.0297  0.0297  0.0297  0.0297  0.0297  0.0297  0.0297  0.0297  0.0297  0.0297  0.0297
  0.0298  0.0298  0.0298  0.0298  0.0298  0.0297  0.0297  0.0298  0.0297  0.0297  0.0297  0.0297
  0.0299  0.0299  0.0298  0.0300  0.0299  0.0299  0.0298  0.0300  0.0298  0.0299  0.0298  0.0298
  0.0301  0.0300  0.0300  0.0304  0.0302  0.0305  0.0300  0.0303  0.0300  0.0301  0.0299  0.0299
   -1.1258   17.9374   -5.2125   -4.9637  -14.4385   -2.6735
    2.7614   -3.6734   -1.0678    5.8916    2.9219  -11.5730
eta,q 0.97030 26.82769

---------------------------------------------------------------------
imgreg_4dfp /opt/freesurfer/average/711-2C_as_mni_average_305 /opt/freesurfer/average/711-2B_as_mni_average_305_mask talsrcimg_g11 none talsrcimg_to_711-2C_as_mni_average_305_t4 2311
---------------------------------------------------------------------

freesurfer imgreg_4dfp.c
/opt/freesurfer/average/711-2C_as_mni_average_305.4dfp.img
       256       256       256         1
  1.000000  1.000000  1.000000
orientation T byte_order littleendian
Reading image: /opt/freesurfer/average/711-2C_as_mni_average_305.4dfp.img
dimensions:      256       256       256
mmppix:       1.0000   -1.0000   -1.0000
center:     128.0000 -129.0000 -129.0000
/opt/freesurfer/average/711-2B_as_mni_average_305_mask.4dfp.img
       256       256       256         1
  1.000000  1.000000  1.000000
orientation T byte_order littleendian
Reading mask: /opt/freesurfer/average/711-2B_as_mni_average_305_mask.4dfp.img (2306576 pixels)
talsrcimg_g11.4dfp.img
       320       320       320         1
  0.700000  0.700000  0.700000
orientation T byte_order littleendian
Reading image: talsrcimg_g11.4dfp.img
dimensions:      320       320       320
mmppix:       0.7000   -0.7000   -0.7000
center:     112.0000 -112.7000 -112.7000
fimgreg.f
image alignment mode   2311 decimal      907 hex
parameters
   -1.1258   17.9374   -5.2125   -4.9637  -14.4385   -2.6735
    2.7614   -3.6734   -1.0678    5.8916    2.9219  -11.5730
eta,q 0.97030 26.82769
niter,ni,del,rscale     5    3    5.0000    0.8000
parameters
   -1.1361   17.9541   -5.1956   -5.5129  -14.4735   -3.1417
    2.6863   -3.7059   -1.0810    5.8890    2.6681  -11.6509
eta,q 0.97010 26.78864
  0.0313  0.0309  0.0307  0.0316  0.0314  0.0320  0.0310  0.0320  0.0309  0.0314  0.0304  0.0304
  0.0304  0.0302  0.0301  0.0307  0.0306  0.0309  0.0303  0.0307  0.0303  0.0305  0.0301  0.0301
  0.0299  0.0298  0.0298  0.0300  0.0300  0.0302  0.0299  0.0300  0.0299  0.0300  0.0299  0.0299
  0.0297  0.0297  0.0297  0.0297  0.0298  0.0298  0.0298  0.0298  0.0298  0.0298  0.0298  0.0298
  0.0299  0.0298  0.0298  0.0300  0.0299  0.0300  0.0300  0.0301  0.0300  0.0300  0.0299  0.0299
  0.0305  0.0302  0.0301  0.0311  0.0305  0.0313  0.0304  0.0308  0.0303  0.0305  0.0302  0.0301
  0.0314  0.0308  0.0306  0.0333  0.0316  0.0337  0.0311  0.0319  0.0309  0.0314  0.0305  0.0304
niter,ni,del,rscale     4    3    5.0000    0.7000
parameters
   -1.1187   17.9827   -5.0923   -5.3325  -14.4188   -3.0563
    2.7011   -3.6579   -1.0223    5.8733    2.8086  -11.5924
eta,q 0.97014 26.79384
  0.0311  0.0308  0.0306  0.0317  0.0312  0.0318  0.0308  0.0316  0.0307  0.0311  0.0304  0.0303
  0.0305  0.0303  0.0302  0.0310  0.0305  0.0309  0.0303  0.0306  0.0303  0.0304  0.0301  0.0301
  0.0300  0.0300  0.0299  0.0303  0.0300  0.0302  0.0300  0.0300  0.0300  0.0300  0.0299  0.0299
  0.0299  0.0299  0.0299  0.0299  0.0299  0.0299  0.0299  0.0299  0.0299  0.0299  0.0298  0.0299
  0.0300  0.0300  0.0299  0.0299  0.0300  0.0298  0.0299  0.0300  0.0300  0.0300  0.0299  0.0299
  0.0304  0.0303  0.0301  0.0305  0.0304  0.0305  0.0302  0.0306  0.0302  0.0304  0.0300  0.0301
  0.0311  0.0307  0.0304  0.0317  0.0312  0.0319  0.0308  0.0315  0.0307  0.0311  0.0303  0.0303
niter,ni,del,rscale     3    3    5.0000    0.6000
parameters
   -1.1221   17.9526   -5.1406   -5.1660  -14.4022   -2.8932
    2.7130   -3.6949   -1.0453    5.8724    2.8467  -11.4668
eta,q 0.97021 26.81045
  0.0307  0.0305  0.0303  0.0313  0.0308  0.0313  0.0305  0.0310  0.0304  0.0307  0.0302  0.0301
  0.0303  0.0301  0.0300  0.0307  0.0303  0.0306  0.0301  0.0303  0.0301  0.0302  0.0300  0.0299
  0.0299  0.0299  0.0299  0.0301  0.0299  0.0301  0.0299  0.0299  0.0299  0.0299  0.0298  0.0298
  0.0299  0.0299  0.0299  0.0298  0.0298  0.0298  0.0298  0.0298  0.0298  0.0298  0.0298  0.0298
  0.0300  0.0299  0.0299  0.0299  0.0299  0.0297  0.0299  0.0300  0.0299  0.0299  0.0298  0.0298
  0.0303  0.0302  0.0301  0.0303  0.0302  0.0302  0.0301  0.0304  0.0301  0.0302  0.0299  0.0299
  0.0308  0.0305  0.0303  0.0312  0.0308  0.0313  0.0305  0.0310  0.0304  0.0307  0.0302  0.0301
niter,ni,del,rscale     2    3    5.0000    0.5000
parameters
   -1.1222   17.9346   -5.1905   -5.0528  -14.4172   -2.7719
    2.7308   -3.6968   -1.0534    5.8769    2.8379  -11.4912
eta,q 0.97026 26.82126
  0.0304  0.0302  0.0301  0.0308  0.0305  0.0309  0.0302  0.0306  0.0302  0.0304  0.0300  0.0300
  0.0301  0.0300  0.0299  0.0304  0.0301  0.0304  0.0300  0.0301  0.0299  0.0300  0.0299  0.0298
  0.0299  0.0298  0.0298  0.0300  0.0299  0.0300  0.0298  0.0298  0.0298  0.0298  0.0298  0.0297
  0.0298  0.0298  0.0298  0.0298  0.0298  0.0298  0.0297  0.0297  0.0297  0.0297  0.0297  0.0297
  0.0299  0.0298  0.0298  0.0298  0.0299  0.0297  0.0298  0.0298  0.0298  0.0298  0.0298  0.0298
  0.0301  0.0300  0.0299  0.0301  0.0301  0.0301  0.0299  0.0301  0.0299  0.0300  0.0299  0.0298
  0.0304  0.0302  0.0301  0.0308  0.0305  0.0309  0.0302  0.0306  0.0302  0.0304  0.0300  0.0300
niter,ni,del,rscale     1    3    5.0000    0.4000
parameters
   -1.1258   17.9365   -5.2152   -4.9665  -14.4426   -2.6750
    2.7542   -3.6737   -1.0666    5.8924    2.9171  -11.5722
eta,q 0.97030 26.82747
  0.0301  0.0300  0.0299  0.0304  0.0301  0.0305  0.0300  0.0303  0.0300  0.0301  0.0299  0.0299
  0.0299  0.0299  0.0298  0.0301  0.0299  0.0301  0.0298  0.0300  0.0298  0.0299  0.0298  0.0298
  0.0298  0.0298  0.0297  0.0298  0.0298  0.0299  0.0297  0.0298  0.0297  0.0298  0.0297  0.0297
  0.0297  0.0297  0.0297  0.0297  0.0297  0.0297  0.0297  0.0297  0.0297  0.0297  0.0297  0.0297
  0.0298  0.0298  0.0298  0.0297  0.0298  0.0297  0.0297  0.0298  0.0297  0.0297  0.0297  0.0297
  0.0299  0.0299  0.0298  0.0300  0.0299  0.0299  0.0298  0.0300  0.0298  0.0299  0.0298  0.0298
  0.0302  0.0300  0.0300  0.0304  0.0302  0.0305  0.0300  0.0303  0.0300  0.0301  0.0299  0.0299
registration optimization eta report
parameter search radius
    0.8000    0.8000    0.8000    2.4000    2.4000    2.4000
    2.4000    2.4000    2.4000    2.4000    2.4000    2.4000
100000*second partial in parameter space
       65.       44.       35.       12.        8.       13.
        5.       10.        5.        7.        3.        3.
  0.0301  0.0300  0.0299  0.0304  0.0301  0.0305  0.0300  0.0303  0.0300  0.0301  0.0299  0.0299
  0.0299  0.0299  0.0298  0.0301  0.0299  0.0301  0.0298  0.0300  0.0298  0.0299  0.0298  0.0298
  0.0298  0.0298  0.0297  0.0298  0.0298  0.0299  0.0297  0.0298  0.0297  0.0298  0.0297  0.0297
  0.0297  0.0297  0.0297  0.0297  0.0297  0.0297  0.0297  0.0297  0.0297  0.0297  0.0297  0.0297
  0.0298  0.0298  0.0298  0.0297  0.0298  0.0297  0.0297  0.0298  0.0297  0.0297  0.0297  0.0297
  0.0299  0.0299  0.0298  0.0300  0.0299  0.0299  0.0298  0.0300  0.0298  0.0299  0.0298  0.0298
  0.0302  0.0300  0.0300  0.0304  0.0302  0.0305  0.0300  0.0303  0.0300  0.0301  0.0299  0.0299
   -1.1258   17.9365   -5.2152   -4.9665  -14.4426   -2.6750
    2.7542   -3.6737   -1.0666    5.8924    2.9171  -11.5722
eta,q 0.97030 26.82747

---------------------------------------------------------------------
compute_vox2vox talsrcimg talsrcimg_to_711-2C_as_mni_average_305_t4 /opt/freesurfer/average/711-2C_as_mni_average_305
---------------------------------------------------------------------

freesurfer compute_vox2vox.c
Reading: talsrcimg.4dfp.ifh
Reading: talsrcimg_to_711-2C_as_mni_average_305_t4
Reading: /opt/freesurfer/average/711-2C_as_mni_average_305.4dfp.ifh
Writing: talsrcimg_to_711-2C_as_mni_average_305_t4_vox2vox.txt

start time Fri Mar 13 07:47:33 CET 2026
end		time Fri Mar 13 07:48:57 CET 2026

mpr2mni305 success

avi2talxfm orig_nu.mgz /opt/freesurfer/average/mni305.cor.mgz talsrcimg_to_711-2C_as_mni_average_305_t4_vox2vox.txt transforms/talairach.auto.xfm
avi2talxfm done
mv -f /out/sourcedata/freesurfer/sub-v2s5x29559_ses-1/mri/talsrcimg_to_711-2C_as_mni_average_305_t4_vox2vox.txt /out/sourcedata/freesurfer/sub-v2s5x29559_ses-1/mri/transforms/talsrcimg_to_711-2C_as_mni_average_305_t4_vox2vox.txt
lta_convert --src orig_nu.mgz --trg /opt/freesurfer/average/mni305.cor.mgz --inxfm transforms/talairach.auto.xfm --outlta transforms/talairach.auto.xfm.lta --subject fsaverage
7.3.2

--src: orig_nu.mgz src image (geometry).
--trg: /opt/freesurfer/average/mni305.cor.mgz trg image (geometry).
--inmni: transforms/talairach.auto.xfm input MNI/XFM transform.
--outlta: transforms/talairach.auto.xfm.lta output LTA.
--s: fsaverage subject name
 LTA read, type : 1
 1.05067   0.04137  -0.02823  -1.51466;
-0.02969   1.01797   0.13864  -30.32272;
 0.01514  -0.06959   1.15891  -20.28784;
 0.00000   0.00000   0.00000   1.00000;
setting subject to fsaverage
Writing  LTA to file transforms/talairach.auto.xfm.lta...
lta_convert successful.
 
 
Started at Fri Mar 13 07:47:33 CET 2026
Ended   at Fri Mar 13 07:48:57 CET 2026
talairach_avi done
