Log file for defect2seg
Fri Mar 13 11:26:21 CET 2026

setenv SUBJECTS_DIR /out/sourcedata/freesurfer
cd /out/sourcedata/freesurfer/sub-v2s5x29553_ses-1/scripts
/opt/freesurfer/bin/defect2seg --s sub-v2s5x29553_ses-1 --rh-only --cortex

freesurfer-linux-ubuntu22_x86_64-7.3.2-20220804-6354275
defect2seg 7.3.2
Linux dna079 5.14.0-427.37.1.el9_4.x86_64 #1 SMP PREEMPT_DYNAMIC Fri Sep 13 12:41:50 EDT 2024 x86_64 x86_64 x86_64 GNU/Linux
pid 3084673
mri_label2label --label-cortex /out/sourcedata/freesurfer/sub-v2s5x29553_ses-1/surf/rh.orig.nofix /out/sourcedata/freesurfer/sub-v2s5x29553_ses-1/mri/aseg.presurf.mgz 0 /out/sourcedata/freesurfer/sub-v2s5x29553_ses-1/label/rh.nofix.cortex.label

 Generating cortex label... RemoveHipAmgy=0
 NucAccIsMedialWall=0
 mris->useRealRAS=0
52 non-cortical segments detected
only using segment with 17452 vertices
erasing segment 0 (vno[0] = 13071)
erasing segment 1 (vno[0] = 40956)
erasing segment 2 (vno[0] = 51759)
erasing segment 3 (vno[0] = 58478)
erasing segment 4 (vno[0] = 58497)
erasing segment 5 (vno[0] = 66997)
erasing segment 6 (vno[0] = 81201)
erasing segment 7 (vno[0] = 83752)
erasing segment 8 (vno[0] = 83811)
erasing segment 9 (vno[0] = 88213)
erasing segment 10 (vno[0] = 104867)
erasing segment 12 (vno[0] = 155104)
erasing segment 13 (vno[0] = 155458)
erasing segment 14 (vno[0] = 157349)
erasing segment 15 (vno[0] = 157382)
erasing segment 16 (vno[0] = 164253)
erasing segment 17 (vno[0] = 176943)
erasing segment 18 (vno[0] = 189551)
erasing segment 19 (vno[0] = 189591)
erasing segment 20 (vno[0] = 201446)
erasing segment 21 (vno[0] = 201809)
erasing segment 22 (vno[0] = 215659)
erasing segment 23 (vno[0] = 223854)
erasing segment 24 (vno[0] = 226789)
erasing segment 25 (vno[0] = 229075)
erasing segment 26 (vno[0] = 232584)
erasing segment 27 (vno[0] = 237503)
erasing segment 28 (vno[0] = 240562)
erasing segment 29 (vno[0] = 240635)
erasing segment 30 (vno[0] = 240716)
erasing segment 31 (vno[0] = 240722)
erasing segment 32 (vno[0] = 242380)
erasing segment 33 (vno[0] = 242450)
erasing segment 34 (vno[0] = 242453)
erasing segment 35 (vno[0] = 242960)
erasing segment 36 (vno[0] = 244198)
erasing segment 37 (vno[0] = 245897)
erasing segment 38 (vno[0] = 247226)
erasing segment 39 (vno[0] = 247756)
erasing segment 40 (vno[0] = 250028)
erasing segment 41 (vno[0] = 250149)
erasing segment 42 (vno[0] = 250230)
erasing segment 43 (vno[0] = 250364)
erasing segment 44 (vno[0] = 251466)
erasing segment 45 (vno[0] = 251745)
erasing segment 46 (vno[0] = 252733)
erasing segment 47 (vno[0] = 256850)
erasing segment 48 (vno[0] = 257717)
erasing segment 49 (vno[0] = 258161)
erasing segment 50 (vno[0] = 261063)
erasing segment 51 (vno[0] = 262314)
mri_label2vol --defects /out/sourcedata/freesurfer/sub-v2s5x29553_ses-1/surf/rh.orig.nofix /out/sourcedata/freesurfer/sub-v2s5x29553_ses-1/surf/rh.defect_labels /out/sourcedata/freesurfer/sub-v2s5x29553_ses-1/mri/orig.mgz 2000 0 /out/sourcedata/freesurfer/sub-v2s5x29553_ses-1/mri/rh.surface.defects.mgz /out/sourcedata/freesurfer/sub-v2s5x29553_ses-1/label/rh.nofix.cortex.label
mri_label2vol supposed to be reproducible but seed not set
Contraining to label /out/sourcedata/freesurfer/sub-v2s5x29553_ses-1/label/rh.nofix.cortex.label
Changing input type 0 to MRI_INT
Converting defects to volume: offset=2000, merge=0
Writing to /out/sourcedata/freesurfer/sub-v2s5x29553_ses-1/mri/rh.surface.defects.mgz
mris_defects_pointset -s /out/sourcedata/freesurfer/sub-v2s5x29553_ses-1/surf/rh.orig.nofix -d /out/sourcedata/freesurfer/sub-v2s5x29553_ses-1/surf/rh.defect_labels -o /out/sourcedata/freesurfer/sub-v2s5x29553_ses-1/surf/rh.defects.pointset --label /out/sourcedata/freesurfer/sub-v2s5x29553_ses-1/label/rh.nofix.cortex.label
Reading in surface /out/sourcedata/freesurfer/sub-v2s5x29553_ses-1/surf/rh.orig.nofix
Reading in defect segmentation /out/sourcedata/freesurfer/sub-v2s5x29553_ses-1/surf/rh.defect_labels
Reading in label /out/sourcedata/freesurfer/sub-v2s5x29553_ses-1/label/rh.nofix.cortex.label
#VMPC# mris_defects_pointset 1475756
mris_defects_pointset done
 
Started at Fri Mar 13 11:26:21 CET 2026 
Ended   at Fri Mar 13 11:26:48 CET 2026
Defect2seg-Run-Time-Sec 27
Defect2seg-Run-Time-Min 0.54
Defect2seg-Run-Time-Hours 0.01
 
defect2seg Done
