status file for recon-all
Fri Mar 13 10:03:12 CET 2026
#@# Tessellate lh Fri Mar 13 10:03:12 CET 2026
#@# Smooth1 lh Fri Mar 13 10:03:18 CET 2026
#@# Inflation1 lh Fri Mar 13 10:03:24 CET 2026
#@# QSphere lh Fri Mar 13 10:06:21 CET 2026
#@# Fix Topology lh Fri Mar 13 10:07:50 CET 2026
#@# Smooth2 lh Fri Mar 13 10:25:55 CET 2026
#@# Inflation2 lh Fri Mar 13 10:26:01 CET 2026
#@# Curv .H and .K lh Fri Mar 13 10:26:51 CET 2026
#@# Sphere lh Fri Mar 13 10:28:22 CET 2026
#@# Surf Reg lh Fri Mar 13 10:40:04 CET 2026
#@# Jacobian white lh Fri Mar 13 10:52:55 CET 2026
#@# AvgCurv lh Fri Mar 13 10:52:57 CET 2026
#@# Cortical Parc lh Fri Mar 13 10:52:59 CET 2026
#@# white curv lh Fri Mar 13 11:17:15 CET 2026
#@# white area lh Fri Mar 13 11:17:18 CET 2026
#@# pial curv lh Fri Mar 13 11:17:20 CET 2026
#@# pial area lh Fri Mar 13 11:17:24 CET 2026
#@# thickness lh Fri Mar 13 11:17:25 CET 2026
#@# area and vertex vol lh Fri Mar 13 11:18:19 CET 2026
#@# Curvature Stats lh Fri Mar 13 11:18:22 CET 2026
#@# Cortical Parc 2 lh Fri Mar 13 11:18:26 CET 2026
#@# Cortical Parc 3 lh Fri Mar 13 11:18:49 CET 2026
#@# WM/GM Contrast lh Fri Mar 13 11:19:06 CET 2026
recon-all -s sub-v2s5x29553_ses-1 finished without error at Fri Mar 13 11:19:13 CET 2026



#New# invocation of recon-all 



status file for recon-all
Fri Mar 13 12:24:53 CET 2026
#@# white curv lh Fri Mar 13 12:24:53 CET 2026
#@# white area lh Fri Mar 13 12:24:53 CET 2026
#@# pial curv lh Fri Mar 13 12:24:53 CET 2026
#@# pial area lh Fri Mar 13 12:24:53 CET 2026
#@# thickness lh Fri Mar 13 12:24:53 CET 2026
#@# area and vertex vol lh Fri Mar 13 12:24:53 CET 2026
#@# Parcellation Stats lh Fri Mar 13 12:24:53 CET 2026
#@# Parcellation Stats 2 lh Fri Mar 13 12:26:01 CET 2026
#@# Parcellation Stats 3 lh Fri Mar 13 12:26:36 CET 2026
#@# BA_exvivo Labels lh Fri Mar 13 12:27:10 CET 2026
recon-all -s sub-v2s5x29553_ses-1 finished without error at Fri Mar 13 12:31:45 CET 2026
