status file for recon-all
Fri Mar 13 11:19:15 CET 2026
#@# Tessellate rh Fri Mar 13 11:19:15 CET 2026
#@# Smooth1 rh Fri Mar 13 11:19:21 CET 2026
#@# Inflation1 rh Fri Mar 13 11:19:26 CET 2026
#@# QSphere rh Fri Mar 13 11:22:35 CET 2026
#@# Fix Topology rh Fri Mar 13 11:24:01 CET 2026
#@# Smooth2 rh Fri Mar 13 11:33:48 CET 2026
#@# Inflation2 rh Fri Mar 13 11:33:53 CET 2026
#@# Curv .H and .K rh Fri Mar 13 11:34:33 CET 2026
#@# Sphere rh Fri Mar 13 11:36:06 CET 2026
#@# Surf Reg rh Fri Mar 13 11:43:05 CET 2026
#@# Jacobian white rh Fri Mar 13 11:52:47 CET 2026
#@# AvgCurv rh Fri Mar 13 11:52:49 CET 2026
#@# Cortical Parc rh Fri Mar 13 11:52:51 CET 2026
#@# white curv rh Fri Mar 13 12:03:39 CET 2026
#@# white area rh Fri Mar 13 12:03:42 CET 2026
#@# pial curv rh Fri Mar 13 12:03:44 CET 2026
#@# pial area rh Fri Mar 13 12:03:47 CET 2026
#@# thickness rh Fri Mar 13 12:03:48 CET 2026
#@# area and vertex vol rh Fri Mar 13 12:04:43 CET 2026
#@# Curvature Stats rh Fri Mar 13 12:04:47 CET 2026
#@# Cortical Parc 2 rh Fri Mar 13 12:04:50 CET 2026
#@# Cortical Parc 3 rh Fri Mar 13 12:05:16 CET 2026
#@# WM/GM Contrast rh Fri Mar 13 12:05:33 CET 2026
recon-all -s sub-v2s5x29553_ses-1 finished without error at Fri Mar 13 12:05:39 CET 2026



#New# invocation of recon-all 



status file for recon-all
Fri Mar 13 12:31:48 CET 2026
#@# white curv rh Fri Mar 13 12:31:48 CET 2026
#@# white area rh Fri Mar 13 12:31:49 CET 2026
#@# pial curv rh Fri Mar 13 12:31:49 CET 2026
#@# pial area rh Fri Mar 13 12:31:49 CET 2026
#@# thickness rh Fri Mar 13 12:31:49 CET 2026
#@# area and vertex vol rh Fri Mar 13 12:31:49 CET 2026
#@# Parcellation Stats rh Fri Mar 13 12:31:49 CET 2026
#@# Parcellation Stats 2 rh Fri Mar 13 12:33:00 CET 2026
#@# Parcellation Stats 3 rh Fri Mar 13 12:33:38 CET 2026
#@# BA_exvivo Labels rh Fri Mar 13 12:34:15 CET 2026
recon-all -s sub-v2s5x29553_ses-1 finished without error at Fri Mar 13 12:38:56 CET 2026
