status file for recon-all
Fri Mar 13 06:42:36 CET 2026
#@# MotionCor Fri Mar 13 06:42:41 CET 2026
#@# Talairach Fri Mar 13 06:42:57 CET 2026
#@# Talairach Failure Detection Fri Mar 13 06:50:05 CET 2026
#@# Nu Intensity Correction Fri Mar 13 06:50:05 CET 2026
#@# Intensity Normalization Fri Mar 13 06:56:26 CET 2026
recon-all -s sub-v2s5x29542_ses-1 finished without error at Fri Mar 13 07:00:49 CET 2026



#New# invocation of recon-all 



status file for recon-all
Fri Mar 13 07:10:53 CET 2026
#@# EM Registration Fri Mar 13 07:10:53 CET 2026
recon-all -s sub-v2s5x29542_ses-1 finished without error at Fri Mar 13 07:13:22 CET 2026



#New# invocation of recon-all 



status file for recon-all
Fri Mar 13 07:13:25 CET 2026
#@# CA Normalize Fri Mar 13 07:13:25 CET 2026
#@# CA Reg Fri Mar 13 07:15:30 CET 2026
#@# SubCort Seg Fri Mar 13 08:06:03 CET 2026
#@# CC Seg Fri Mar 13 09:27:33 CET 2026
#@# Merge ASeg Fri Mar 13 09:28:49 CET 2026
#@# Intensity Normalization2 Fri Mar 13 09:28:49 CET 2026
#@# Mask BFS Fri Mar 13 09:34:02 CET 2026
#@# WM Segmentation Fri Mar 13 09:34:03 CET 2026
#@# Fill Fri Mar 13 09:39:31 CET 2026
recon-all -s sub-v2s5x29542_ses-1 finished without error at Fri Mar 13 09:41:22 CET 2026



#New# invocation of recon-all 



status file for recon-all
Fri Mar 13 11:24:55 CET 2026
#@# white curv lh Fri Mar 13 11:24:55 CET 2026
#@# white area lh Fri Mar 13 11:24:55 CET 2026
#@# pial curv lh Fri Mar 13 11:24:55 CET 2026
#@# pial area lh Fri Mar 13 11:24:55 CET 2026
#@# thickness lh Fri Mar 13 11:24:55 CET 2026
#@# area and vertex vol lh Fri Mar 13 11:24:55 CET 2026
#@# white curv rh Fri Mar 13 11:24:55 CET 2026
#@# white area rh Fri Mar 13 11:24:55 CET 2026
#@# pial curv rh Fri Mar 13 11:24:55 CET 2026
#@# pial area rh Fri Mar 13 11:24:55 CET 2026
#@# thickness rh Fri Mar 13 11:24:55 CET 2026
#@# area and vertex vol rh Fri Mar 13 11:24:55 CET 2026
#@# Cortical ribbon mask Fri Mar 13 11:24:55 CET 2026
recon-all -s sub-v2s5x29542_ses-1 finished without error at Fri Mar 13 11:58:54 CET 2026



#New# invocation of recon-all 



status file for recon-all
Fri Mar 13 12:13:51 CET 2026
#@# white curv lh Fri Mar 13 12:13:51 CET 2026
#@# white area lh Fri Mar 13 12:13:51 CET 2026
#@# pial curv lh Fri Mar 13 12:13:51 CET 2026
#@# pial area lh Fri Mar 13 12:13:51 CET 2026
#@# thickness lh Fri Mar 13 12:13:51 CET 2026
#@# area and vertex vol lh Fri Mar 13 12:13:51 CET 2026
#@# white curv rh Fri Mar 13 12:13:51 CET 2026
#@# white area rh Fri Mar 13 12:13:51 CET 2026
#@# pial curv rh Fri Mar 13 12:13:51 CET 2026
#@# pial area rh Fri Mar 13 12:13:51 CET 2026
#@# thickness rh Fri Mar 13 12:13:51 CET 2026
#@# area and vertex vol rh Fri Mar 13 12:13:51 CET 2026
#@# Curvature Stats lh Fri Mar 13 12:13:51 CET 2026
#@# Curvature Stats rh Fri Mar 13 12:13:56 CET 2026
#@# Relabel Hypointensities Fri Mar 13 12:14:01 CET 2026
#@# APas-to-ASeg Fri Mar 13 12:14:41 CET 2026
#@# AParc-to-ASeg aparc Fri Mar 13 12:15:04 CET 2026
#@# AParc-to-ASeg aparc.a2009s Fri Mar 13 12:17:02 CET 2026
#@# AParc-to-ASeg aparc.DKTatlas Fri Mar 13 12:18:54 CET 2026
#@# WMParc Fri Mar 13 12:20:51 CET 2026
#@# ASeg Stats Fri Mar 13 12:26:56 CET 2026
recon-all -s sub-v2s5x29542_ses-1 finished without error at Fri Mar 13 12:27:58 CET 2026
