status file for recon-all
Fri Mar 13 10:33:34 CET 2026
#@# Tessellate rh Fri Mar 13 10:33:34 CET 2026
#@# Smooth1 rh Fri Mar 13 10:33:42 CET 2026
#@# Inflation1 rh Fri Mar 13 10:33:47 CET 2026
#@# QSphere rh Fri Mar 13 10:36:32 CET 2026
#@# Fix Topology rh Fri Mar 13 10:38:47 CET 2026
#@# Smooth2 rh Fri Mar 13 10:49:42 CET 2026
#@# Inflation2 rh Fri Mar 13 10:49:48 CET 2026
#@# Curv .H and .K rh Fri Mar 13 10:50:38 CET 2026
#@# Sphere rh Fri Mar 13 10:52:18 CET 2026
#@# Surf Reg rh Fri Mar 13 11:00:17 CET 2026
#@# Jacobian white rh Fri Mar 13 11:10:21 CET 2026
#@# AvgCurv rh Fri Mar 13 11:10:23 CET 2026
#@# Cortical Parc rh Fri Mar 13 11:10:25 CET 2026
#@# white curv rh Fri Mar 13 11:22:30 CET 2026
#@# white area rh Fri Mar 13 11:22:34 CET 2026
#@# pial curv rh Fri Mar 13 11:22:35 CET 2026
#@# pial area rh Fri Mar 13 11:22:39 CET 2026
#@# thickness rh Fri Mar 13 11:22:40 CET 2026
#@# area and vertex vol rh Fri Mar 13 11:23:44 CET 2026
#@# Curvature Stats rh Fri Mar 13 11:23:47 CET 2026
#@# Cortical Parc 2 rh Fri Mar 13 11:23:53 CET 2026
#@# Cortical Parc 3 rh Fri Mar 13 11:24:20 CET 2026
#@# WM/GM Contrast rh Fri Mar 13 11:24:41 CET 2026
recon-all -s sub-v2s5x29542_ses-1 finished without error at Fri Mar 13 11:24:51 CET 2026



#New# invocation of recon-all 



status file for recon-all
Fri Mar 13 12:06:20 CET 2026
#@# white curv rh Fri Mar 13 12:06:20 CET 2026
#@# white area rh Fri Mar 13 12:06:20 CET 2026
#@# pial curv rh Fri Mar 13 12:06:20 CET 2026
#@# pial area rh Fri Mar 13 12:06:20 CET 2026
#@# thickness rh Fri Mar 13 12:06:20 CET 2026
#@# area and vertex vol rh Fri Mar 13 12:06:20 CET 2026
#@# Parcellation Stats rh Fri Mar 13 12:06:20 CET 2026
#@# Parcellation Stats 2 rh Fri Mar 13 12:07:29 CET 2026
#@# Parcellation Stats 3 rh Fri Mar 13 12:08:04 CET 2026
#@# BA_exvivo Labels rh Fri Mar 13 12:08:38 CET 2026
recon-all -s sub-v2s5x29542_ses-1 finished without error at Fri Mar 13 12:13:46 CET 2026
