status file for recon-all
Fri Mar 13 09:41:28 CET 2026
#@# Tessellate lh Fri Mar 13 09:41:28 CET 2026
#@# Smooth1 lh Fri Mar 13 09:41:35 CET 2026
#@# Inflation1 lh Fri Mar 13 09:41:41 CET 2026
#@# QSphere lh Fri Mar 13 09:44:21 CET 2026
#@# Fix Topology lh Fri Mar 13 09:46:35 CET 2026
#@# Smooth2 lh Fri Mar 13 09:58:28 CET 2026
#@# Inflation2 lh Fri Mar 13 09:58:34 CET 2026
#@# Curv .H and .K lh Fri Mar 13 09:59:22 CET 2026
#@# Sphere lh Fri Mar 13 10:01:01 CET 2026
#@# Surf Reg lh Fri Mar 13 10:08:34 CET 2026
#@# Jacobian white lh Fri Mar 13 10:18:18 CET 2026
#@# AvgCurv lh Fri Mar 13 10:18:20 CET 2026
#@# Cortical Parc lh Fri Mar 13 10:18:21 CET 2026
#@# white curv lh Fri Mar 13 10:31:13 CET 2026
#@# white area lh Fri Mar 13 10:31:16 CET 2026
#@# pial curv lh Fri Mar 13 10:31:18 CET 2026
#@# pial area lh Fri Mar 13 10:31:21 CET 2026
#@# thickness lh Fri Mar 13 10:31:23 CET 2026
#@# area and vertex vol lh Fri Mar 13 10:32:28 CET 2026
#@# Curvature Stats lh Fri Mar 13 10:32:31 CET 2026
#@# Cortical Parc 2 lh Fri Mar 13 10:32:36 CET 2026
#@# Cortical Parc 3 lh Fri Mar 13 10:33:03 CET 2026
#@# WM/GM Contrast lh Fri Mar 13 10:33:23 CET 2026
recon-all -s sub-v2s5x29542_ses-1 finished without error at Fri Mar 13 10:33:33 CET 2026



#New# invocation of recon-all 



status file for recon-all
Fri Mar 13 11:58:59 CET 2026
#@# white curv lh Fri Mar 13 11:58:59 CET 2026
#@# white area lh Fri Mar 13 11:58:59 CET 2026
#@# pial curv lh Fri Mar 13 11:58:59 CET 2026
#@# pial area lh Fri Mar 13 11:58:59 CET 2026
#@# thickness lh Fri Mar 13 11:58:59 CET 2026
#@# area and vertex vol lh Fri Mar 13 11:58:59 CET 2026
#@# Parcellation Stats lh Fri Mar 13 11:58:59 CET 2026
#@# Parcellation Stats 2 lh Fri Mar 13 12:00:05 CET 2026
#@# Parcellation Stats 3 lh Fri Mar 13 12:00:39 CET 2026
#@# BA_exvivo Labels lh Fri Mar 13 12:01:12 CET 2026
recon-all -s sub-v2s5x29542_ses-1 finished without error at Fri Mar 13 12:06:18 CET 2026
