/out/sourcedata/freesurfer/sub-v2s5x29556_ses-1/mri
/opt/freesurfer/bin/talairach_avi
--i orig_nu.mgz --xfm transforms/talairach.auto.xfm
talairach_avi 7.3.2
Linux dna017 5.14.0-427.37.1.el9_4.x86_64 #1 SMP PREEMPT_DYNAMIC Fri Sep 13 12:41:50 EDT 2024 x86_64 x86_64 x86_64 GNU/Linux
Fri Mar 13 07:31:14 CET 2026
mri_convert orig_nu.mgz talsrcimg.img 
reading from orig_nu.mgz...
TR=0.00, TE=0.00, TI=0.00, flip angle=0.00
i_ras = (-1, 0, 0)
j_ras = (0, 0, -1)
k_ras = (0, 1, 0)
writing to talsrcimg.img...
Analyze Output Matrix
-0.70000   0.00000   0.00000   117.77350;
 0.00000   0.00000   0.70000  -93.86800;
 0.00000  -0.70000   0.00000   104.75299;
 0.00000   0.00000   0.00000   1.00000;
--------------------
INFO: set hdr.hist.orient to -1
mpr2mni305 talsrcimg
Fri Mar 13 07:31:14 CET 2026
/opt/freesurfer/bin/mpr2mni305 talsrcimg
mpr2mni305 7.3.2
target=711-2C_as_mni_average_305

---------------------------------------------------------------------
analyzeto4dfp talsrcimg -O0 -y
---------------------------------------------------------------------

freesurfer ifh2hdr.c
Fri Mar 13 07:31:14 2026
Writing: talsrcimg.4dfp.hdr
freesurfer analyzeto4dfp.c
Reading: talsrcimg.hdr
header size 348 bytes
hdr.dime.datatype	offset=70	value=2
hdr.dime.bitpix		offset=72	value=8
hdr.hist.orient		offset=252	value=-1
dimensionality     4
dimensions       320       320       320         1
Reading: talsrcimg.img
Writing: talsrcimg.4dfp.img
Writing: talsrcimg.4dfp.ifh
ifh2hdr talsrcimg -r0to225
ori=2

---------------------------------------------------------------------
gauss_4dfp talsrcimg 1.1
---------------------------------------------------------------------

freesurfer gauss_4dfp.c
Reading: talsrcimg.4dfp.img
Writing: talsrcimg_g11.4dfp.img
image dimensions 320 320 320 padded to 384 384 384
processing volume 1freesurfer ifh2hdr.c
Fri Mar 13 07:31:31 2026
Writing: talsrcimg_g11.4dfp.hdr

Writing: talsrcimg_g11.4dfp.ifh
including: talsrcimg.4dfp.img.rec in talsrcimg_g11.4dfp.img.rec

---------------------------------------------------------------------
imgreg_4dfp /opt/freesurfer/average/711-2C_as_mni_average_305 none talsrcimg_g11 none talsrcimg_to_711-2C_as_mni_average_305_t4 4355
---------------------------------------------------------------------

freesurfer imgreg_4dfp.c
/opt/freesurfer/average/711-2C_as_mni_average_305.4dfp.img
       256       256       256         1
  1.000000  1.000000  1.000000
orientation T byte_order littleendian
Reading image: /opt/freesurfer/average/711-2C_as_mni_average_305.4dfp.img
dimensions:      256       256       256
mmppix:       1.0000   -1.0000   -1.0000
center:     128.0000 -129.0000 -129.0000
talsrcimg_g11.4dfp.img
       320       320       320         1
  0.700000  0.700000  0.700000
orientation T byte_order littleendian
Reading image: talsrcimg_g11.4dfp.img
dimensions:      320       320       320
mmppix:       0.7000   -0.7000   -0.7000
center:     112.0000 -112.7000 -112.7000
t4_read: open error in t4_sub.f l:  41 t4_file(1:l)talsrcimg_to_711-2C_as_mni_average_305_t4 
t4_read: transform initialized to I4
rotation matrix determinant  1.000000
image alignment mode   4355 decimal     1103 hex
   -7.5000  -45.0000  -45.0000 4790.4326   20.8374
    0.0000  -45.0000  -45.0000 5063.5981   20.7860
    7.5000  -45.0000  -45.0000 4831.3398   20.7751
   -7.5000  -37.5000  -45.0000 5153.6128   21.2275
    0.0000  -37.5000  -45.0000 5455.1030   21.1777
    7.5000  -37.5000  -45.0000 5194.5776   21.1595
   -7.5000  -30.0000  -45.0000 5557.2285   21.1680
    0.0000  -30.0000  -45.0000 5878.1685   21.1163
    7.5000  -30.0000  -45.0000 5599.7808   21.0972
   -7.5000  -22.5000  -45.0000 5821.9629   20.6525
    0.0000  -22.5000  -45.0000 6150.4058   20.6005
    7.5000  -22.5000  -45.0000 5852.6987   20.5874
   -7.5000  -15.0000  -45.0000 6357.7002   20.3878
    0.0000  -15.0000  -45.0000 6721.8926   20.3370
    7.5000  -15.0000  -45.0000 6359.5098   20.3267
   -7.5000   -7.5000  -45.0000 6924.1006   20.4044
    0.0000   -7.5000  -45.0000 7322.2769   20.3568
    7.5000   -7.5000  -45.0000 6918.2417   20.3460
   -7.5000    0.0000  -45.0000 7439.2900   20.4177
    0.0000    0.0000  -45.0000 7887.7256   20.3716
    7.5000    0.0000  -45.0000 7435.0381   20.3560
   -7.5000    7.5000  -45.0000 7242.6289   20.4062
    0.0000    7.5000  -45.0000 7671.9541   20.3593
    7.5000    7.5000  -45.0000 7242.2466   20.3392
   -7.5000   15.0000  -45.0000 6980.0698   20.0786
    0.0000   15.0000  -45.0000 7400.1069   20.0308
    7.5000   15.0000  -45.0000 6967.0249   20.0129
   -7.5000   22.5000  -45.0000 6686.9429   19.5044
    0.0000   22.5000  -45.0000 7086.9331   19.4559
    7.5000   22.5000  -45.0000 6653.6660   19.4434
   -7.5000   30.0000  -45.0000 6589.8799   19.5075
    0.0000   30.0000  -45.0000 7011.2725   19.4593
    7.5000   30.0000  -45.0000 6563.9497   19.4493
   -7.5000   37.5000  -45.0000 6235.8750   18.9678
    0.0000   37.5000  -45.0000 6668.6519   18.9236
    7.5000   37.5000  -45.0000 6241.2524   18.9131
   -7.5000   45.0000  -45.0000 5846.4473   18.4611
    0.0000   45.0000  -45.0000 6252.5161   18.4195
    7.5000   45.0000  -45.0000 5871.9458   18.4055
   -7.5000  -45.0000  -37.5000 5056.4565   21.6968
    0.0000  -45.0000  -37.5000 5357.9233   21.6643
    7.5000  -45.0000  -37.5000 5107.4263   21.6682
   -7.5000  -37.5000  -37.5000 5460.2515   22.1084
    0.0000  -37.5000  -37.5000 5788.7896   22.0817
    7.5000  -37.5000  -37.5000 5508.9697   22.0829
   -7.5000  -30.0000  -37.5000 5916.1836   22.0248
    0.0000  -30.0000  -37.5000 6262.4731   21.9904
    7.5000  -30.0000  -37.5000 5949.1831   21.9861
   -7.5000  -22.5000  -37.5000 6200.0874   21.5124
    0.0000  -22.5000  -37.5000 6555.3003   21.4676
    7.5000  -22.5000  -37.5000 6218.0918   21.4622
   -7.5000  -15.0000  -37.5000 6773.2729   21.2500
    0.0000  -15.0000  -37.5000 7151.5518   21.2014
    7.5000  -15.0000  -37.5000 6768.0088   21.1936
   -7.5000   -7.5000  -37.5000 7370.6230   21.2574
    0.0000   -7.5000  -37.5000 7793.1406   21.2162
    7.5000   -7.5000  -37.5000 7375.9058   21.2104
   -7.5000    0.0000  -37.5000 7934.5894   21.2548
    0.0000    0.0000  -37.5000 8402.4863   21.2239
    7.5000    0.0000  -37.5000 7944.6353   21.2210
   -7.5000    7.5000  -37.5000 7750.8120   21.2350
    0.0000    7.5000  -37.5000 8205.2578   21.2078
    7.5000    7.5000  -37.5000 7734.4565   21.2048
   -7.5000   15.0000  -37.5000 7476.8955   20.9047
    0.0000   15.0000  -37.5000 7921.3716   20.8726
    7.5000   15.0000  -37.5000 7437.9087   20.8691
   -7.5000   22.5000  -37.5000 7156.6313   20.3360
    0.0000   22.5000  -37.5000 7584.9424   20.2943
    7.5000   22.5000  -37.5000 7114.4551   20.2892
   -7.5000   30.0000  -37.5000 7048.5649   20.3478
    0.0000   30.0000  -37.5000 7509.8584   20.3015
    7.5000   30.0000  -37.5000 7014.4062   20.2940
   -7.5000   37.5000  -37.5000 6671.0879   19.7766
    0.0000   37.5000  -37.5000 7146.9961   19.7383
    7.5000   37.5000  -37.5000 6665.2983   19.7328
   -7.5000   45.0000  -37.5000 6255.2241   19.2151
    0.0000   45.0000  -37.5000 6720.4966   19.1867
    7.5000   45.0000  -37.5000 6285.9365   19.1836
   -7.5000  -45.0000  -30.0000 5329.7881   22.5263
    0.0000  -45.0000  -30.0000 5650.3833   22.5065
    7.5000  -45.0000  -30.0000 5370.5371   22.5139
   -7.5000  -37.5000  -30.0000 5793.0972   22.9789
    0.0000  -37.5000  -30.0000 6136.8237   22.9681
    7.5000  -37.5000  -30.0000 5824.7354   22.9765
   -7.5000  -30.0000  -30.0000 6321.9072   22.8893
    0.0000  -30.0000  -30.0000 6673.3218   22.8648
    7.5000  -30.0000  -30.0000 6329.4946   22.8666
   -7.5000  -22.5000  -30.0000 6637.9668   22.3746
    0.0000  -22.5000  -30.0000 6990.8462   22.3345
    7.5000  -22.5000  -30.0000 6639.1685   22.3341
   -7.5000  -15.0000  -30.0000 7251.4150   22.0969
    0.0000  -15.0000  -30.0000 7632.8159   22.0514
    7.5000  -15.0000  -30.0000 7235.7461   22.0452
   -7.5000   -7.5000  -30.0000 7876.7017   22.0823
    0.0000   -7.5000  -30.0000 8309.2490   22.0468
    7.5000   -7.5000  -30.0000 7865.9766   22.0421
   -7.5000    0.0000  -30.0000 8463.6016   22.0678
    0.0000    0.0000  -30.0000 8930.3477   22.0482
    7.5000    0.0000  -30.0000 8447.2432   22.0490
   -7.5000    7.5000  -30.0000 8280.0420   22.0550
    0.0000    7.5000  -30.0000 8752.5439   22.0415
    7.5000    7.5000  -30.0000 8251.8662   22.0444
   -7.5000   15.0000  -30.0000 8010.6841   21.7345
    0.0000   15.0000  -30.0000 8481.0010   21.7116
    7.5000   15.0000  -30.0000 7951.2505   21.7147
   -7.5000   22.5000  -30.0000 7697.4150   21.1701
    0.0000   22.5000  -30.0000 8147.1592   21.1328
    7.5000   22.5000  -30.0000 7624.2603   21.1323
   -7.5000   30.0000  -30.0000 7566.8130   21.1746
    0.0000   30.0000  -30.0000 8056.2012   21.1315
    7.5000   30.0000  -30.0000 7507.9941   21.1254
   -7.5000   37.5000  -30.0000 7148.1606   20.5756
    0.0000   37.5000  -30.0000 7642.3042   20.5428
    7.5000   37.5000  -30.0000 7125.0967   20.5385
   -7.5000   45.0000  -30.0000 6689.2080   19.9802
    0.0000   45.0000  -30.0000 7185.0444   19.9616
    7.5000   45.0000  -30.0000 6712.9468   19.9617
   -7.5000  -45.0000  -22.5000 5472.9526   22.4387
    0.0000  -45.0000  -22.5000 5785.8926   22.4064
    7.5000  -45.0000  -22.5000 5500.1904   22.4060
   -7.5000  -37.5000  -22.5000 6001.2979   22.9161
    0.0000  -37.5000  -22.5000 6332.5581   22.8935
    7.5000  -37.5000  -22.5000 6007.5122   22.8943
   -7.5000  -30.0000  -22.5000 6570.3452   22.8405
    0.0000  -30.0000  -22.5000 6910.1846   22.8062
    7.5000  -30.0000  -22.5000 6561.9917   22.8040
   -7.5000  -22.5000  -22.5000 6907.3965   22.3217
    0.0000  -22.5000  -22.5000 7260.6919   22.2770
    7.5000  -22.5000  -22.5000 6885.8848   22.2770
   -7.5000  -15.0000  -22.5000 7551.0742   22.0293
    0.0000  -15.0000  -22.5000 7933.1074   21.9814
    7.5000  -15.0000  -22.5000 7494.8306   21.9760
   -7.5000   -7.5000  -22.5000 8190.2905   22.0047
    0.0000   -7.5000  -22.5000 8613.6631   21.9635
    7.5000   -7.5000  -22.5000 8105.4082   21.9568
   -7.5000    0.0000  -22.5000 8783.8125   21.9968
    0.0000    0.0000  -22.5000 9222.8506   21.9681
    7.5000    0.0000  -22.5000 8694.4785   21.9627
   -7.5000    7.5000  -22.5000 8606.7852   22.0003
    0.0000    7.5000  -22.5000 9071.0391   21.9768
    7.5000    7.5000  -22.5000 8515.4609   21.9727
   -7.5000   15.0000  -22.5000 8356.3115   21.6901
    0.0000   15.0000  -22.5000 8834.7109   21.6587
    7.5000   15.0000  -22.5000 8228.5781   21.6580
   -7.5000   22.5000  -22.5000 8035.0557   21.1211
    0.0000   22.5000  -22.5000 8495.2881   21.0795
    7.5000   22.5000  -22.5000 7898.9097   21.0790
   -7.5000   30.0000  -22.5000 7886.9829   21.1101
    0.0000   30.0000  -22.5000 8374.0459   21.0647
    7.5000   30.0000  -22.5000 7781.9346   21.0594
   -7.5000   37.5000  -22.5000 7433.4316   20.5043
    0.0000   37.5000  -22.5000 7930.8091   20.4660
    7.5000   37.5000  -22.5000 7367.4458   20.4598
   -7.5000   45.0000  -22.5000 6976.2871   19.9155
    0.0000   45.0000  -22.5000 7465.0796   19.8891
    7.5000   45.0000  -22.5000 6961.5601   19.8841
   -7.5000  -45.0000  -15.0000 5753.0635   23.4014
    0.0000  -45.0000  -15.0000 6069.5254   23.3441
    7.5000  -45.0000  -15.0000 5757.5068   23.3297
   -7.5000  -37.5000  -15.0000 6291.2275   23.9269
    0.0000  -37.5000  -15.0000 6638.2109   23.8774
    7.5000  -37.5000  -15.0000 6302.8584   23.8622
   -7.5000  -30.0000  -15.0000 6906.2393   23.8103
    0.0000  -30.0000  -15.0000 7272.1128   23.7558
    7.5000  -30.0000  -15.0000 6911.3237   23.7422
   -7.5000  -22.5000  -15.0000 7294.4673   23.2509
    0.0000  -22.5000  -15.0000 7677.3716   23.1947
    7.5000  -22.5000  -15.0000 7275.6909   23.1879
   -7.5000  -15.0000  -15.0000 8007.7710   22.9377
    0.0000  -15.0000  -15.0000 8413.0137   22.8813
    7.5000  -15.0000  -15.0000 7947.4814   22.8708
   -7.5000   -7.5000  -15.0000 8712.2480   22.9242
    0.0000   -7.5000  -15.0000 9150.5781   22.8703
    7.5000   -7.5000  -15.0000 8615.6348   22.8558
   -7.5000    0.0000  -15.0000 9328.8057   22.9346
    0.0000    0.0000  -15.0000 9752.9980   22.8858
    7.5000    0.0000  -15.0000 9217.7373   22.8678
   -7.5000    7.5000  -15.0000 9129.2637   22.9425
    0.0000    7.5000  -15.0000 9577.0850   22.8959
    7.5000    7.5000  -15.0000 9006.3770   22.8776
   -7.5000   15.0000  -15.0000 8871.7188   22.6137
    0.0000   15.0000  -15.0000 9337.3291   22.5637
    7.5000   15.0000  -15.0000 8719.5732   22.5518
   -7.5000   22.5000  -15.0000 8516.4092   22.0167
    0.0000   22.5000  -15.0000 8998.1553   21.9641
    7.5000   22.5000  -15.0000 8359.5156   21.9568
   -7.5000   30.0000  -15.0000 8370.5244   21.9970
    0.0000   30.0000  -15.0000 8881.7881   21.9435
    7.5000   30.0000  -15.0000 8246.2080   21.9334
   -7.5000   37.5000  -15.0000 7897.3096   21.3936
    0.0000   37.5000  -15.0000 8399.0400   21.3433
    7.5000   37.5000  -15.0000 7798.9048   21.3298
   -7.5000   45.0000  -15.0000 7442.1704   20.8146
    0.0000   45.0000  -15.0000 7944.7881   20.7704
    7.5000   45.0000  -15.0000 7378.3550   20.7547
   -7.5000  -45.0000   -7.5000 5966.6963   24.2883
    0.0000  -45.0000   -7.5000 6311.1143   24.2179
    7.5000  -45.0000   -7.5000 5989.8613   24.1973
   -7.5000  -37.5000   -7.5000 6525.7139   24.8255
    0.0000  -37.5000   -7.5000 6877.8906   24.7581
    7.5000  -37.5000   -7.5000 6558.1963   24.7321
   -7.5000  -30.0000   -7.5000 7166.1182   24.6595
    0.0000  -30.0000   -7.5000 7549.1519   24.5915
    7.5000  -30.0000   -7.5000 7194.6279   24.5678
   -7.5000  -22.5000   -7.5000 7600.0430   24.0660
    0.0000  -22.5000   -7.5000 8008.2134   24.0008
    7.5000  -22.5000   -7.5000 7590.1064   23.9854
   -7.5000  -15.0000   -7.5000 8405.4336   23.7470
    0.0000  -15.0000   -7.5000 8852.3613   23.6844
    7.5000  -15.0000   -7.5000 8326.8428   23.6693
   -7.5000   -7.5000   -7.5000 9225.7959   23.7556
    0.0000   -7.5000   -7.5000 9694.9697   23.6948
    7.5000   -7.5000   -7.5000 9095.8721   23.6768
   -7.5000    0.0000   -7.5000 9916.6416   23.7798
    0.0000    0.0000   -7.500010354.1504   23.7190
    7.5000    0.0000   -7.5000 9788.1797   23.6948
   -7.5000    7.5000   -7.5000 9665.7158   23.7779
    0.0000    7.5000   -7.500010096.6494   23.7157
    7.5000    7.5000   -7.5000 9530.3008   23.6880
   -7.5000   15.0000   -7.5000 9378.4775   23.4232
    0.0000   15.0000   -7.5000 9833.8311   23.3604
    7.5000   15.0000   -7.5000 9217.4121   23.3384
   -7.5000   22.5000   -7.5000 9030.4141   22.8050
    0.0000   22.5000   -7.5000 9513.2217   22.7439
    7.5000   22.5000   -7.5000 8866.8047   22.7286
   -7.5000   30.0000   -7.5000 8930.3672   22.7905
    0.0000   30.0000   -7.5000 9445.5986   22.7309
    7.5000   30.0000   -7.5000 8769.5361   22.7163
   -7.5000   37.5000   -7.5000 8472.6797   22.2027
    0.0000   37.5000   -7.5000 8980.7354   22.1458
    7.5000   37.5000   -7.5000 8309.7949   22.1287
   -7.5000   45.0000   -7.5000 8000.5420   21.6343
    0.0000   45.0000   -7.5000 8494.5303   21.5794
    7.5000   45.0000   -7.5000 7835.3608   21.5581
   -7.5000  -45.0000    0.0000 6131.0415   24.9279
    0.0000  -45.0000    0.0000 6488.9810   24.8673
    7.5000  -45.0000    0.0000 6139.3535   24.8556
   -7.5000  -37.5000    0.0000 6706.6426   25.4449
    0.0000  -37.5000    0.0000 7097.7095   25.3864
    7.5000  -37.5000    0.0000 6707.9121   25.3682
   -7.5000  -30.0000    0.0000 7389.0317   25.2471
    0.0000  -30.0000    0.0000 7821.2061   25.1863
    7.5000  -30.0000    0.0000 7385.6665   25.1666
   -7.5000  -22.5000    0.0000 7856.9722   24.6471
    0.0000  -22.5000    0.0000 8303.0957   24.5846
    7.5000  -22.5000    0.0000 7817.0249   24.5693
   -7.5000  -15.0000    0.0000 8701.8359   24.3391
    0.0000  -15.0000    0.0000 9198.0029   24.2773
    7.5000  -15.0000    0.0000 8636.6719   24.2629
   -7.5000   -7.5000    0.0000 9648.5146   24.3586
    0.0000   -7.5000    0.000010196.5684   24.3013
    7.5000   -7.5000    0.0000 9534.4199   24.2870
   -7.5000    0.0000    0.000010610.5547   24.3746
    0.0000    0.0000    0.000011125.1426   24.3204
    7.5000    0.0000    0.000010454.3545   24.3031
   -7.5000    7.5000    0.000010468.5986   24.3532
    0.0000    7.5000    0.000010940.0918   24.2983
    7.5000    7.5000    0.000010262.6523   24.2776
   -7.5000   15.0000    0.000010112.7168   23.9845
    0.0000   15.0000    0.000010512.3975   23.9281
    7.5000   15.0000    0.0000 9851.5391   23.9096
   -7.5000   22.5000    0.0000 9651.6934   23.3695
    0.0000   22.5000    0.000010060.7803   23.3110
    7.5000   22.5000    0.0000 9361.1475   23.2962
   -7.5000   30.0000    0.0000 9551.9004   23.3727
    0.0000   30.0000    0.0000 9992.2441   23.3138
    7.5000   30.0000    0.0000 9219.2705   23.2998
   -7.5000   37.5000    0.0000 9067.6504   22.7926
    0.0000   37.5000    0.0000 9539.6406   22.7390
    7.5000   37.5000    0.0000 8732.3730   22.7253
   -7.5000   45.0000    0.0000 8531.8350   22.2179
    0.0000   45.0000    0.0000 9032.2500   22.1686
    7.5000   45.0000    0.0000 8214.5029   22.1530
   -7.5000  -45.0000    7.5000 5800.0508   25.0848
    0.0000  -45.0000    7.5000 6188.9414   25.0447
    7.5000  -45.0000    7.5000 5829.9424   25.0520
   -7.5000  -37.5000    7.5000 6359.1021   25.5828
    0.0000  -37.5000    7.5000 6773.0259   25.5501
    7.5000  -37.5000    7.5000 6374.0908   25.5547
   -7.5000  -30.0000    7.5000 7030.4175   25.3872
    0.0000  -30.0000    7.5000 7463.7090   25.3458
    7.5000  -30.0000    7.5000 7011.1182   25.3440
   -7.5000  -22.5000    7.5000 7465.0005   24.8019
    0.0000  -22.5000    7.5000 7890.6235   24.7477
    7.5000  -22.5000    7.5000 7444.4175   24.7443
   -7.5000  -15.0000    7.5000 8301.5039   24.5028
    0.0000  -15.0000    7.5000 8752.2383   24.4436
    7.5000  -15.0000    7.5000 8252.3896   24.4369
   -7.5000   -7.5000    7.5000 9322.4355   24.5112
    0.0000   -7.5000    7.5000 9885.9023   24.4606
    7.5000   -7.5000    7.5000 9130.8379   24.4561
   -7.5000    0.0000    7.500010445.4375   24.5063
    0.0000    0.0000    7.500011095.1230   24.4684
    7.5000    0.0000    7.500010042.2959   24.4676
   -7.5000    7.5000    7.500010347.7451   24.4744
    0.0000    7.5000    7.500010875.3428   24.4414
    7.5000    7.5000    7.5000 9846.6670   24.4409
   -7.5000   15.0000    7.5000 9848.3975   24.1119
    0.0000   15.0000    7.500010248.5859   24.0732
    7.5000   15.0000    7.5000 9383.0781   24.0721
   -7.5000   22.5000    7.5000 9344.6348   23.5139
    0.0000   22.5000    7.5000 9724.9033   23.4633
    7.5000   22.5000    7.5000 8924.5938   23.4601
   -7.5000   30.0000    7.5000 9192.2900   23.5291
    0.0000   30.0000    7.5000 9599.3867   23.4726
    7.5000   30.0000    7.5000 8800.5498   23.4660
   -7.5000   37.5000    7.5000 8686.8789   22.9352
    0.0000   37.5000    7.5000 9103.6787   22.8880
    7.5000   37.5000    7.5000 8336.6201   22.8836
   -7.5000   45.0000    7.5000 8172.6309   22.3394
    0.0000   45.0000    7.5000 8588.9854   22.3043
    7.5000   45.0000    7.5000 7837.7954   22.3029
   -7.5000  -45.0000   15.0000 5510.2363   25.8278
    0.0000  -45.0000   15.0000 5876.6313   25.7999
    7.5000  -45.0000   15.0000 5556.4131   25.8106
   -7.5000  -37.5000   15.0000 6035.6245   26.3233
    0.0000  -37.5000   15.0000 6432.8032   26.3072
    7.5000  -37.5000   15.0000 6079.2446   26.3184
   -7.5000  -30.0000   15.0000 6696.2192   26.1231
    0.0000  -30.0000   15.0000 7119.0767   26.0913
    7.5000  -30.0000   15.0000 6701.1294   26.0946
   -7.5000  -22.5000   15.0000 7192.4248   25.5141
    0.0000  -22.5000   15.0000 7625.5127   25.4633
    7.5000  -22.5000   15.0000 7145.0698   25.4643
   -7.5000  -15.0000   15.0000 8041.1655   25.1851
    0.0000  -15.0000   15.0000 8509.3301   25.1269
    7.5000  -15.0000   15.0000 7908.0356   25.1216
   -7.5000   -7.5000   15.0000 8967.0547   25.1681
    0.0000   -7.5000   15.0000 9533.7217   25.1215
    7.5000   -7.5000   15.0000 8739.8877   25.1180
   -7.5000    0.0000   15.0000 9828.3750   25.1531
    0.0000    0.0000   15.000010423.4951   25.1262
    7.5000    0.0000   15.0000 9545.5088   25.1287
   -7.5000    7.5000   15.0000 9532.7324   25.1347
    0.0000    7.5000   15.0000 9976.6787   25.1159
    7.5000    7.5000   15.0000 9276.7129   25.1205
   -7.5000   15.0000   15.0000 9082.4219   24.7832
    0.0000   15.0000   15.0000 9491.4521   24.7537
    7.5000   15.0000   15.0000 8865.8730   24.7583
   -7.5000   22.5000   15.0000 8748.0908   24.1782
    0.0000   22.5000   15.0000 9186.4150   24.1310
    7.5000   22.5000   15.0000 8522.5342   24.1318
   -7.5000   30.0000   15.0000 8659.5098   24.1816
    0.0000   30.0000   15.0000 9118.5439   24.1263
    7.5000   30.0000   15.0000 8416.5684   24.1211
   -7.5000   37.5000   15.0000 8198.8799   23.5509
    0.0000   37.5000   15.0000 8622.8379   23.5076
    7.5000   37.5000   15.0000 7929.7642   23.5044
   -7.5000   45.0000   15.0000 7714.2319   22.9357
    0.0000   45.0000   15.0000 8105.7295   22.9102
    7.5000   45.0000   15.0000 7428.3003   22.9117
   -7.5000  -45.0000   22.5000 5219.6372   26.6062
    0.0000  -45.0000   22.5000 5552.9346   26.5634
    7.5000  -45.0000   22.5000 5238.2354   26.5634
   -7.5000  -37.5000   22.5000 5749.9937   27.1159
    0.0000  -37.5000   22.5000 6125.3320   27.0855
    7.5000  -37.5000   22.5000 5756.0142   27.0865
   -7.5000  -30.0000   22.5000 6405.3257   26.9023
    0.0000  -30.0000   22.5000 6809.6743   26.8565
    7.5000  -30.0000   22.5000 6374.3613   26.8536
   -7.5000  -22.5000   22.5000 6869.2007   26.2463
    0.0000  -22.5000   22.5000 7266.3188   26.1864
    7.5000  -22.5000   22.5000 6799.3540   26.1864
   -7.5000  -15.0000   22.5000 7594.8076   25.8756
    0.0000  -15.0000   22.5000 8014.0630   25.8120
    7.5000  -15.0000   22.5000 7498.8374   25.8053
   -7.5000   -7.5000   22.5000 8342.6035   25.8420
    0.0000   -7.5000   22.5000 8851.6094   25.7882
    7.5000   -7.5000   22.5000 8256.9814   25.7802
   -7.5000    0.0000   22.5000 9022.9414   25.8331
    0.0000    0.0000   22.5000 9524.2793   25.7958
    7.5000    0.0000   22.5000 8960.4844   25.7893
   -7.5000    7.5000   22.5000 8729.1201   25.8353
    0.0000    7.5000   22.5000 9114.7754   25.8045
    7.5000    7.5000   22.5000 8688.7344   25.7993
   -7.5000   15.0000   22.5000 8385.4443   25.4841
    0.0000   15.0000   22.5000 8738.6016   25.4423
    7.5000   15.0000   22.5000 8331.0625   25.4413
   -7.5000   22.5000   22.5000 8112.5752   24.8692
    0.0000   22.5000   22.5000 8510.8066   24.8134
    7.5000   22.5000   22.5000 8024.0713   24.8128
   -7.5000   30.0000   22.5000 8087.9160   24.8529
    0.0000   30.0000   22.5000 8479.0186   24.7925
    7.5000   30.0000   22.5000 7944.8208   24.7859
   -7.5000   37.5000   22.5000 7661.4673   24.2044
    0.0000   37.5000   22.5000 8007.7700   24.1542
    7.5000   37.5000   22.5000 7471.0928   24.1467
   -7.5000   45.0000   22.5000 7219.4146   23.5921
    0.0000   45.0000   22.5000 7548.0684   23.5575
    7.5000   45.0000   22.5000 7004.4062   23.5515
   -7.5000  -45.0000   30.0000 5146.4609   27.9630
    0.0000  -45.0000   30.0000 5475.9731   27.8819
    7.5000  -45.0000   30.0000 5129.9521   27.8568
   -7.5000  -37.5000   30.0000 5677.8242   28.4861
    0.0000  -37.5000   30.0000 6039.2944   28.4162
    7.5000  -37.5000   30.0000 5655.8838   28.3895
   -7.5000  -30.0000   30.0000 6281.1343   28.2011
    0.0000  -30.0000   30.0000 6663.8545   28.1241
    7.5000  -30.0000   30.0000 6256.3345   28.1003
   -7.5000  -22.5000   30.0000 6668.3770   27.4565
    0.0000  -22.5000   30.0000 7055.4297   27.3760
    7.5000  -22.5000   30.0000 6660.5073   27.3621
   -7.5000  -15.0000   30.0000 7302.8164   27.0434
    0.0000  -15.0000   30.0000 7733.6206   26.9631
    7.5000  -15.0000   30.0000 7326.6978   26.9450
   -7.5000   -7.5000   30.0000 8009.0918   27.0281
    0.0000   -7.5000   30.0000 8515.9033   26.9526
    7.5000   -7.5000   30.0000 8059.0586   26.9296
   -7.5000    0.0000   30.0000 8650.1660   27.0440
    0.0000    0.0000   30.0000 9106.8105   26.9765
    7.5000    0.0000   30.0000 8693.6396   26.9482
   -7.5000    7.5000   30.0000 8410.8193   27.0510
    0.0000    7.5000   30.0000 8774.5244   26.9865
    7.5000    7.5000   30.0000 8415.8467   26.9570
   -7.5000   15.0000   30.0000 8128.4834   26.6640
    0.0000   15.0000   30.0000 8473.2021   26.5940
    7.5000   15.0000   30.0000 8088.6118   26.5731
   -7.5000   22.5000   30.0000 7862.2778   25.9953
    0.0000   22.5000   30.0000 8225.0967   25.9202
    7.5000   22.5000   30.0000 7792.7407   25.9060
   -7.5000   30.0000   30.0000 7850.8159   25.9698
    0.0000   30.0000   30.0000 8205.0801   25.8935
    7.5000   30.0000   30.0000 7723.8179   25.8760
   -7.5000   37.5000   30.0000 7432.3076   25.3108
    0.0000   37.5000   30.0000 7757.8120   25.2403
    7.5000   37.5000   30.0000 7280.1880   25.2186
   -7.5000   45.0000   30.0000 7003.1865   24.6983
    0.0000   45.0000   30.0000 7332.2168   24.6369
    7.5000   45.0000   30.0000 6846.9888   24.6118
   -7.5000  -45.0000   37.5000 4791.1982   29.0608
    0.0000  -45.0000   37.5000 5084.6851   28.9581
    7.5000  -45.0000   37.5000 4779.6475   28.9363
   -7.5000  -37.5000   37.5000 5271.5332   29.5890
    0.0000  -37.5000   37.5000 5609.1812   29.4934
    7.5000  -37.5000   37.5000 5277.5088   29.4683
   -7.5000  -30.0000   37.5000 5800.2651   29.2030
    0.0000  -30.0000   37.5000 6176.4829   29.1066
    7.5000  -30.0000   37.5000 5830.7842   29.0865
   -7.5000  -22.5000   37.5000 6126.6860   28.3741
    0.0000  -22.5000   37.5000 6514.9478   28.2800
    7.5000  -22.5000   37.5000 6190.2202   28.2693
   -7.5000  -15.0000   37.5000 6744.2163   27.9323
    0.0000  -15.0000   37.5000 7160.1987   27.8406
    7.5000  -15.0000   37.5000 6830.6450   27.8263
   -7.5000   -7.5000   37.5000 7422.1113   27.9463
    0.0000   -7.5000   37.5000 7900.8491   27.8578
    7.5000   -7.5000   37.5000 7505.6064   27.8376
   -7.5000    0.0000   37.5000 8016.7227   27.9799
    0.0000    0.0000   37.5000 8447.6436   27.8937
    7.5000    0.0000   37.5000 8076.9751   27.8668
   -7.5000    7.5000   37.5000 7815.3965   27.9746
    0.0000    7.5000   37.5000 8191.0098   27.8884
    7.5000    7.5000   37.5000 7829.2910   27.8605
   -7.5000   15.0000   37.5000 7572.3237   27.5421
    0.0000   15.0000   37.5000 7925.7026   27.4546
    7.5000   15.0000   37.5000 7550.7900   27.4361
   -7.5000   22.5000   37.5000 7320.7769   26.8363
    0.0000   22.5000   37.5000 7669.2734   26.7485
    7.5000   22.5000   37.5000 7273.0674   26.7373
   -7.5000   30.0000   37.5000 7305.8872   26.8177
    0.0000   30.0000   37.5000 7658.0327   26.7304
    7.5000   30.0000   37.5000 7224.1226   26.7165
   -7.5000   37.5000   37.5000 6927.2119   26.1405
    0.0000   37.5000   37.5000 7265.9888   26.0578
    7.5000   37.5000   37.5000 6826.3999   26.0385
   -7.5000   45.0000   37.5000 6507.8027   25.4790
    0.0000   45.0000   37.5000 6838.3110   25.4013
    7.5000   45.0000   37.5000 6412.5264   25.3778
   -7.5000  -45.0000   45.0000 4415.9531   30.2025
    0.0000  -45.0000   45.0000 4678.4785   30.1045
    7.5000  -45.0000   45.0000 4408.8848   30.0854
   -7.5000  -37.5000   45.0000 4866.0503   30.6960
    0.0000  -37.5000   45.0000 5176.2373   30.6101
    7.5000  -37.5000   45.0000 4864.7188   30.5904
   -7.5000  -30.0000   45.0000 5369.7661   30.2418
    0.0000  -30.0000   45.0000 5713.8389   30.1543
    7.5000  -30.0000   45.0000 5395.8281   30.1360
   -7.5000  -22.5000   45.0000 5669.5732   29.3627
    0.0000  -22.5000   45.0000 6024.8960   29.2674
    7.5000  -22.5000   45.0000 5722.9556   29.2515
   -7.5000  -15.0000   45.0000 6267.3813   28.9005
    0.0000  -15.0000   45.0000 6663.1694   28.7996
    7.5000  -15.0000   45.0000 6316.1758   28.7769
   -7.5000   -7.5000   45.0000 6893.6426   28.9118
    0.0000   -7.5000   45.0000 7348.6406   28.8163
    7.5000   -7.5000   45.0000 6947.3359   28.7898
   -7.5000    0.0000   45.0000 7433.5327   28.9208
    0.0000    0.0000   45.0000 7856.3765   28.8360
    7.5000    0.0000   45.0000 7469.3428   28.8095
   -7.5000    7.5000   45.0000 7260.0903   28.8931
    0.0000    7.5000   45.0000 7654.6548   28.8147
    7.5000    7.5000   45.0000 7265.5625   28.7911
   -7.5000   15.0000   45.0000 7037.3188   28.4423
    0.0000   15.0000   45.0000 7410.9971   28.3626
    7.5000   15.0000   45.0000 7016.8936   28.3456
   -7.5000   22.5000   45.0000 6808.5044   27.7347
    0.0000   22.5000   45.0000 7150.4868   27.6461
    7.5000   22.5000   45.0000 6776.1753   27.6307
   -7.5000   30.0000   45.0000 6799.0605   27.7373
    0.0000   30.0000   45.0000 7139.7827   27.6412
    7.5000   30.0000   45.0000 6740.5542   27.6192
   -7.5000   37.5000   45.0000 6437.9370   27.0126
    0.0000   37.5000   45.0000 6783.4893   26.9235
    7.5000   37.5000   45.0000 6385.5806   26.8984
   -7.5000   45.0000   45.0000 6023.9604   26.2377
    0.0000   45.0000   45.0000 6355.3501   26.1609
    7.5000   45.0000   45.0000 5958.5078   26.1363

---------------------------------------------------------------------
imgreg_4dfp /opt/freesurfer/average/711-2C_as_mni_average_305 /opt/freesurfer/average/711-2B_as_mni_average_305_mask talsrcimg_g11 none talsrcimg_to_711-2C_as_mni_average_305_t4 4355
---------------------------------------------------------------------

freesurfer imgreg_4dfp.c
/opt/freesurfer/average/711-2C_as_mni_average_305.4dfp.img
       256       256       256         1
  1.000000  1.000000  1.000000
orientation T byte_order littleendian
Reading image: /opt/freesurfer/average/711-2C_as_mni_average_305.4dfp.img
dimensions:      256       256       256
mmppix:       1.0000   -1.0000   -1.0000
center:     128.0000 -129.0000 -129.0000
/opt/freesurfer/average/711-2B_as_mni_average_305_mask.4dfp.img
       256       256       256         1
  1.000000  1.000000  1.000000
orientation T byte_order littleendian
Reading mask: /opt/freesurfer/average/711-2B_as_mni_average_305_mask.4dfp.img (2306576 pixels)
talsrcimg_g11.4dfp.img
       320       320       320         1
  0.700000  0.700000  0.700000
orientation T byte_order littleendian
Reading image: talsrcimg_g11.4dfp.img
dimensions:      320       320       320
mmppix:       0.7000   -0.7000   -0.7000
center:     112.0000 -112.7000 -112.7000
rotation matrix determinant  1.000000
image alignment mode   4355 decimal     1103 hex
   -7.5000  -45.0000  -45.0000 1872.1716   27.8226
    0.0000  -45.0000  -45.0000 1881.2646   27.7830
    7.5000  -45.0000  -45.0000 1867.4730   27.7335
   -7.5000  -37.5000  -45.0000 1975.2578   25.1047
    0.0000  -37.5000  -45.0000 1983.2683   25.0444
    7.5000  -37.5000  -45.0000 1967.1960   24.9233
   -7.5000  -30.0000  -45.0000 2058.0723   22.8644
    0.0000  -30.0000  -45.0000 2064.8362   22.8262
    7.5000  -30.0000  -45.0000 2048.2234   22.6975
   -7.5000  -22.5000  -45.0000 2130.3110   21.2094
    0.0000  -22.5000  -45.0000 2139.3499   21.1619
    7.5000  -22.5000  -45.0000 2121.3789   21.0684
   -7.5000  -15.0000  -45.0000 2185.7517   20.1826
    0.0000  -15.0000  -45.0000 2197.1008   20.1346
    7.5000  -15.0000  -45.0000 2170.5896   20.0842
   -7.5000   -7.5000  -45.0000 2219.6606   19.5316
    0.0000   -7.5000  -45.0000 2233.3181   19.5157
    7.5000   -7.5000  -45.0000 2202.2959   19.4725
   -7.5000    0.0000  -45.0000 2240.3149   19.2012
    0.0000    0.0000  -45.0000 2254.1838   19.1601
    7.5000    0.0000  -45.0000 2220.5125   19.1239
   -7.5000    7.5000  -45.0000 2249.5383   19.1305
    0.0000    7.5000  -45.0000 2265.1379   19.0756
    7.5000    7.5000  -45.0000 2231.6177   19.0322
   -7.5000   15.0000  -45.0000 2240.9966   19.3229
    0.0000   15.0000  -45.0000 2256.3787   19.2973
    7.5000   15.0000  -45.0000 2229.6167   19.2478
   -7.5000   22.5000  -45.0000 2207.7559   19.8650
    0.0000   22.5000  -45.0000 2222.7412   19.8101
    7.5000   22.5000  -45.0000 2196.3115   19.8084
   -7.5000   30.0000  -45.0000 2155.4355   20.7287
    0.0000   30.0000  -45.0000 2167.9412   20.6763
    7.5000   30.0000  -45.0000 2147.1787   20.7211
   -7.5000   37.5000  -45.0000 2068.4456   21.7616
    0.0000   37.5000  -45.0000 2079.1130   21.7000
    7.5000   37.5000  -45.0000 2060.7212   21.7945
   -7.5000   45.0000  -45.0000 1942.9272   22.8982
    0.0000   45.0000  -45.0000 1947.3708   22.7760
    7.5000   45.0000  -45.0000 1934.6991   22.9253
   -7.5000  -45.0000  -37.5000 1989.0280   28.4255
    0.0000  -45.0000  -37.5000 1996.8992   28.3167
    7.5000  -45.0000  -37.5000 1983.2311   28.2082
   -7.5000  -37.5000  -37.5000 2094.7922   25.5417
    0.0000  -37.5000  -37.5000 2106.9519   25.4467
    7.5000  -37.5000  -37.5000 2088.9565   25.2873
   -7.5000  -30.0000  -37.5000 2188.8438   23.2326
    0.0000  -30.0000  -37.5000 2199.1650   23.1078
    7.5000  -30.0000  -37.5000 2177.1221   22.9596
   -7.5000  -22.5000  -37.5000 2274.2441   21.4356
    0.0000  -22.5000  -37.5000 2286.2295   21.3060
    7.5000  -22.5000  -37.5000 2257.5217   21.1917
   -7.5000  -15.0000  -37.5000 2335.4333   20.1900
    0.0000  -15.0000  -37.5000 2348.6062   20.0561
    7.5000  -15.0000  -37.5000 2319.7451   20.0178
   -7.5000   -7.5000  -37.5000 2379.9714   19.4123
    0.0000   -7.5000  -37.5000 2391.2073   19.3591
    7.5000   -7.5000  -37.5000 2361.6943   19.3274
   -7.5000    0.0000  -37.5000 2403.8499   19.0392
    0.0000    0.0000  -37.5000 2415.9241   18.9973
    7.5000    0.0000  -37.5000 2389.6123   19.0028
   -7.5000    7.5000  -37.5000 2415.5408   18.9977
    0.0000    7.5000  -37.5000 2427.4792   18.8880
    7.5000    7.5000  -37.5000 2399.5137   18.9144
   -7.5000   15.0000  -37.5000 2410.0701   19.1886
    0.0000   15.0000  -37.5000 2422.5193   19.1405
    7.5000   15.0000  -37.5000 2391.9150   19.1124
   -7.5000   22.5000  -37.5000 2375.6780   19.6860
    0.0000   22.5000  -37.5000 2394.7170   19.6226
    7.5000   22.5000  -37.5000 2361.2710   19.6226
   -7.5000   30.0000  -37.5000 2322.1616   20.4160
    0.0000   30.0000  -37.5000 2340.5303   20.3676
    7.5000   30.0000  -37.5000 2310.9619   20.3808
   -7.5000   37.5000  -37.5000 2227.2175   21.3047
    0.0000   37.5000  -37.5000 2247.4597   21.2925
    7.5000   37.5000  -37.5000 2220.1609   21.3231
   -7.5000   45.0000  -37.5000 2093.1282   22.4043
    0.0000   45.0000  -37.5000 2111.6208   22.3873
    7.5000   45.0000  -37.5000 2088.4126   22.4838
   -7.5000  -45.0000  -30.0000 2085.1172   28.7516
    0.0000  -45.0000  -30.0000 2095.8523   28.6163
    7.5000  -45.0000  -30.0000 2074.9399   28.5283
   -7.5000  -37.5000  -30.0000 2205.2786   25.8493
    0.0000  -37.5000  -30.0000 2218.5652   25.6460
    7.5000  -37.5000  -30.0000 2192.8525   25.5580
   -7.5000  -30.0000  -30.0000 2303.8511   23.3890
    0.0000  -30.0000  -30.0000 2313.7190   23.1527
    7.5000  -30.0000  -30.0000 2285.7786   23.0622
   -7.5000  -22.5000  -30.0000 2389.3352   21.4835
    0.0000  -22.5000  -30.0000 2400.1252   21.2458
    7.5000  -22.5000  -30.0000 2372.4224   21.1695
   -7.5000  -15.0000  -30.0000 2462.3477   20.0944
    0.0000  -15.0000  -30.0000 2474.2500   19.8686
    7.5000  -15.0000  -30.0000 2447.5532   19.8215
   -7.5000   -7.5000  -30.0000 2512.2666   19.1785
    0.0000   -7.5000  -30.0000 2523.2048   19.0201
    7.5000   -7.5000  -30.0000 2498.1877   19.0207
   -7.5000    0.0000  -30.0000 2544.8726   18.6969
    0.0000    0.0000  -30.0000 2548.1226   18.5799
    7.5000    0.0000  -30.0000 2526.5273   18.5671
   -7.5000    7.5000  -30.0000 2554.3853   18.6169
    0.0000    7.5000  -30.0000 2561.1631   18.5181
    7.5000    7.5000  -30.0000 2538.1357   18.4933
   -7.5000   15.0000  -30.0000 2549.9485   18.8183
    0.0000   15.0000  -30.0000 2564.4341   18.7676
    7.5000   15.0000  -30.0000 2532.7522   18.7104
   -7.5000   22.5000  -30.0000 2522.9268   19.2263
    0.0000   22.5000  -30.0000 2537.9231   19.1563
    7.5000   22.5000  -30.0000 2510.1331   19.1735
   -7.5000   30.0000  -30.0000 2466.8403   19.8851
    0.0000   30.0000  -30.0000 2489.8191   19.8297
    7.5000   30.0000  -30.0000 2461.0837   19.8958
   -7.5000   37.5000  -30.0000 2367.1941   20.6993
    0.0000   37.5000  -30.0000 2390.9602   20.6679
    7.5000   37.5000  -30.0000 2365.7205   20.7431
   -7.5000   45.0000  -30.0000 2227.6052   21.7261
    0.0000   45.0000  -30.0000 2250.7427   21.7184
    7.5000   45.0000  -30.0000 2229.1689   21.8483
   -7.5000  -45.0000  -22.5000 2117.0288   28.2710
    0.0000  -45.0000  -22.5000 2125.7144   27.9944
    7.5000  -45.0000  -22.5000 2093.0454   27.8875
   -7.5000  -37.5000  -22.5000 2244.6191   25.3728
    0.0000  -37.5000  -22.5000 2254.1978   25.0549
    7.5000  -37.5000  -22.5000 2219.9656   24.9752
   -7.5000  -30.0000  -22.5000 2344.9109   22.8513
    0.0000  -30.0000  -22.5000 2354.0027   22.5185
    7.5000  -30.0000  -22.5000 2323.4224   22.4736
   -7.5000  -22.5000  -22.5000 2430.6719   20.8357
    0.0000  -22.5000  -22.5000 2438.8621   20.5002
    7.5000  -22.5000  -22.5000 2413.3164   20.5081
   -7.5000  -15.0000  -22.5000 2509.2458   19.3280
    0.0000  -15.0000  -22.5000 2514.4915   19.0071
    7.5000  -15.0000  -22.5000 2484.6775   18.9941
   -7.5000   -7.5000  -22.5000 2565.1345   18.3005
    0.0000   -7.5000  -22.5000 2573.3850   18.0565
    7.5000   -7.5000  -22.5000 2533.2822   18.0189
   -7.5000    0.0000  -22.5000 2600.1169   17.6416
    0.0000    0.0000  -22.5000 2605.6697   17.4707
    7.5000    0.0000  -22.5000 2568.4836   17.4319
   -7.5000    7.5000  -22.5000 2612.2744   17.4558
    0.0000    7.5000  -22.5000 2617.1931   17.3452
    7.5000    7.5000  -22.5000 2588.4746   17.2955
   -7.5000   15.0000  -22.5000 2610.0771   17.6902
    0.0000   15.0000  -22.5000 2627.5110   17.5917
    7.5000   15.0000  -22.5000 2592.3821   17.5545
   -7.5000   22.5000  -22.5000 2592.9966   18.0593
    0.0000   22.5000  -22.5000 2604.4907   17.9340
    7.5000   22.5000  -22.5000 2574.6270   17.9804
   -7.5000   30.0000  -22.5000 2543.5559   18.6623
    0.0000   30.0000  -22.5000 2557.4639   18.5406
    7.5000   30.0000  -22.5000 2527.9751   18.6208
   -7.5000   37.5000  -22.5000 2445.3188   19.4667
    0.0000   37.5000  -22.5000 2463.3252   19.3658
    7.5000   37.5000  -22.5000 2433.8865   19.4191
   -7.5000   45.0000  -22.5000 2302.3083   20.4317
    0.0000   45.0000  -22.5000 2320.4065   20.3268
    7.5000   45.0000  -22.5000 2296.0496   20.4484
   -7.5000  -45.0000  -15.0000 2177.6470   28.9312
    0.0000  -45.0000  -15.0000 2185.4331   28.5186
    7.5000  -45.0000  -15.0000 2153.4067   28.4718
   -7.5000  -37.5000  -15.0000 2308.7603   25.7804
    0.0000  -37.5000  -15.0000 2313.1296   25.3527
    7.5000  -37.5000  -15.0000 2282.9890   25.3128
   -7.5000  -30.0000  -15.0000 2418.5947   23.0762
    0.0000  -30.0000  -15.0000 2422.8274   22.6705
    7.5000  -30.0000  -15.0000 2393.7229   22.6915
   -7.5000  -22.5000  -15.0000 2512.5630   20.9662
    0.0000  -22.5000  -15.0000 2518.0210   20.5780
    7.5000  -22.5000  -15.0000 2488.9688   20.6103
   -7.5000  -15.0000  -15.0000 2593.4033   19.3039
    0.0000  -15.0000  -15.0000 2599.2471   18.9616
    7.5000  -15.0000  -15.0000 2565.3748   18.9766
   -7.5000   -7.5000  -15.0000 2653.1831   18.1202
    0.0000   -7.5000  -15.0000 2662.3721   17.8222
    7.5000   -7.5000  -15.0000 2620.8982   17.8702
   -7.5000    0.0000  -15.0000 2692.6526   17.2993
    0.0000    0.0000  -15.0000 2702.2976   17.0516
    7.5000    0.0000  -15.0000 2659.1433   17.1674
   -7.5000    7.5000  -15.0000 2716.5813   16.9649
    0.0000    7.5000  -15.0000 2721.5200   16.7763
    7.5000    7.5000  -15.0000 2690.4768   16.8498
   -7.5000   15.0000  -15.0000 2724.2817   17.1795
    0.0000   15.0000  -15.0000 2734.2173   16.9897
    7.5000   15.0000  -15.0000 2702.3572   17.0315
   -7.5000   22.5000  -15.0000 2710.7622   17.5808
    0.0000   22.5000  -15.0000 2721.2935   17.3683
    7.5000   22.5000  -15.0000 2689.3926   17.4660
   -7.5000   30.0000  -15.0000 2662.5994   18.1912
    0.0000   30.0000  -15.0000 2676.5159   18.0098
    7.5000   30.0000  -15.0000 2642.8254   18.1410
   -7.5000   37.5000  -15.0000 2568.9675   19.0072
    0.0000   37.5000  -15.0000 2582.1150   18.8629
    7.5000   37.5000  -15.0000 2552.9180   19.0333
   -7.5000   45.0000  -15.0000 2426.7178   19.9526
    0.0000   45.0000  -15.0000 2441.5681   19.8369
    7.5000   45.0000  -15.0000 2411.9497   20.0663
   -7.5000  -45.0000   -7.5000 2195.2092   29.5177
    0.0000  -45.0000   -7.5000 2214.7405   29.1107
    7.5000  -45.0000   -7.5000 2187.4399   29.1266
   -7.5000  -37.5000   -7.5000 2324.6074   26.0896
    0.0000  -37.5000   -7.5000 2337.9136   25.5976
    7.5000  -37.5000   -7.5000 2320.4255   25.7832
   -7.5000  -30.0000   -7.5000 2443.9302   23.2947
    0.0000  -30.0000   -7.5000 2448.7668   22.7732
    7.5000  -30.0000   -7.5000 2432.2542   22.9857
   -7.5000  -22.5000   -7.5000 2545.5464   21.0876
    0.0000  -22.5000   -7.5000 2553.0164   20.6136
    7.5000  -22.5000   -7.5000 2525.5908   20.7582
   -7.5000  -15.0000   -7.5000 2632.1133   19.4201
    0.0000  -15.0000   -7.5000 2638.8301   18.9641
    7.5000  -15.0000   -7.5000 2607.2944   19.0446
   -7.5000   -7.5000   -7.5000 2701.2556   18.1453
    0.0000   -7.5000   -7.5000 2708.5945   17.7183
    7.5000   -7.5000   -7.5000 2675.6541   17.8258
   -7.5000    0.0000   -7.5000 2750.8679   17.3040
    0.0000    0.0000   -7.5000 2760.3225   16.8874
    7.5000    0.0000   -7.5000 2723.7200   17.1061
   -7.5000    7.5000   -7.5000 2776.3882   16.7163
    0.0000    7.5000   -7.5000 2781.8899   16.3599
    7.5000    7.5000   -7.5000 2748.4563   16.6838
   -7.5000   15.0000   -7.5000 2791.9841   16.8166
    0.0000   15.0000   -7.5000 2797.1309   16.5129
    7.5000   15.0000   -7.5000 2774.2070   16.7785
   -7.5000   22.5000   -7.5000 2784.6753   17.2232
    0.0000   22.5000   -7.5000 2794.0461   16.9460
    7.5000   22.5000   -7.5000 2768.8481   17.2062
   -7.5000   30.0000   -7.5000 2748.2937   17.7835
    0.0000   30.0000   -7.5000 2764.3306   17.5766
    7.5000   30.0000   -7.5000 2737.4822   17.8626
   -7.5000   37.5000   -7.5000 2656.1692   18.6501
    0.0000   37.5000   -7.5000 2673.3118   18.4762
    7.5000   37.5000   -7.5000 2646.1511   18.7880
   -7.5000   45.0000   -7.5000 2517.0850   19.7266
    0.0000   45.0000   -7.5000 2527.9775   19.5301
    7.5000   45.0000   -7.5000 2504.8916   19.8942
   -7.5000  -45.0000    0.0000 2185.0508   30.2392
    0.0000  -45.0000    0.0000 2192.5977   29.5822
    7.5000  -45.0000    0.0000 2166.1726   29.6078
   -7.5000  -37.5000    0.0000 2313.3372   26.5827
    0.0000  -37.5000    0.0000 2321.5754   25.9460
    7.5000  -37.5000    0.0000 2293.8259   26.0522
   -7.5000  -30.0000    0.0000 2431.2280   23.6205
    0.0000  -30.0000    0.0000 2438.0920   23.0570
    7.5000  -30.0000    0.0000 2412.3035   23.2053
   -7.5000  -22.5000    0.0000 2538.5178   21.3271
    0.0000  -22.5000    0.0000 2544.4199   20.7914
    7.5000  -22.5000    0.0000 2517.2207   20.9483
   -7.5000  -15.0000    0.0000 2631.6636   19.5888
    0.0000  -15.0000    0.0000 2636.1560   19.0646
    7.5000  -15.0000    0.0000 2617.1753   19.2450
   -7.5000   -7.5000    0.0000 2705.7302   18.3747
    0.0000   -7.5000    0.0000 2711.7043   17.8460
    7.5000   -7.5000    0.0000 2700.6235   18.0548
   -7.5000    0.0000    0.0000 2775.2783   17.6982
    0.0000    0.0000    0.0000 2785.8911   17.2099
    7.5000    0.0000    0.0000 2772.0972   17.4385
   -7.5000    7.5000    0.0000 2832.1165   17.1388
    0.0000    7.5000    0.0000 2836.8276   16.6988
    7.5000    7.5000    0.0000 2809.8665   17.0537
   -7.5000   15.0000    0.0000 2849.9478   16.8981
    0.0000   15.0000    0.0000 2851.1855   16.4900
    7.5000   15.0000    0.0000 2821.8662   16.8092
   -7.5000   22.5000    0.0000 2830.3379   17.0113
    0.0000   22.5000    0.0000 2833.5686   16.6506
    7.5000   22.5000    0.0000 2803.4597   16.9026
   -7.5000   30.0000    0.0000 2794.3027   17.5760
    0.0000   30.0000    0.0000 2798.6272   17.2676
    7.5000   30.0000    0.0000 2766.5139   17.5227
   -7.5000   37.5000    0.0000 2707.5530   18.5816
    0.0000   37.5000    0.0000 2716.6870   18.2862
    7.5000   37.5000    0.0000 2682.8621   18.5820
   -7.5000   45.0000    0.0000 2560.1824   19.7453
    0.0000   45.0000    0.0000 2572.4377   19.5463
    7.5000   45.0000    0.0000 2541.5859   19.7359
   -7.5000  -45.0000    7.5000 2157.1274   31.0335
    0.0000  -45.0000    7.5000 2169.3486   30.4569
    7.5000  -45.0000    7.5000 2132.4688   30.3982
   -7.5000  -37.5000    7.5000 2275.9436   27.0447
    0.0000  -37.5000    7.5000 2289.8101   26.5366
    7.5000  -37.5000    7.5000 2256.7446   26.5877
   -7.5000  -30.0000    7.5000 2390.7175   23.9396
    0.0000  -30.0000    7.5000 2397.8525   23.4238
    7.5000  -30.0000    7.5000 2374.9744   23.5666
   -7.5000  -22.5000    7.5000 2493.3279   21.6553
    0.0000  -22.5000    7.5000 2495.9377   21.1285
    7.5000  -22.5000    7.5000 2486.6980   21.3196
   -7.5000  -15.0000    7.5000 2592.8357   20.0302
    0.0000  -15.0000    7.5000 2593.1125   19.4955
    7.5000  -15.0000    7.5000 2594.0188   19.7486
   -7.5000   -7.5000    7.5000 2698.4539   18.9478
    0.0000   -7.5000    7.5000 2696.9922   18.4764
    7.5000   -7.5000    7.5000 2688.8945   18.6084
   -7.5000    0.0000    7.5000 2800.6030   18.3239
    0.0000    0.0000    7.5000 2804.3303   17.9649
    7.5000    0.0000    7.5000 2766.6973   17.8795
   -7.5000    7.5000    7.5000 2868.4998   17.7396
    0.0000    7.5000    7.5000 2879.5059   17.4271
    7.5000    7.5000    7.5000 2805.4734   17.3100
   -7.5000   15.0000    7.5000 2870.9485   17.1175
    0.0000   15.0000    7.5000 2882.1296   16.7414
    7.5000   15.0000    7.5000 2821.0654   16.8295
   -7.5000   22.5000    7.5000 2843.1296   16.9792
    0.0000   22.5000    7.5000 2849.4021   16.6329
    7.5000   22.5000    7.5000 2806.3279   16.8677
   -7.5000   30.0000    7.5000 2807.8865   17.4916
    0.0000   30.0000    7.5000 2805.5435   17.1989
    7.5000   30.0000    7.5000 2775.3679   17.4760
   -7.5000   37.5000    7.5000 2719.3440   18.4421
    0.0000   37.5000    7.5000 2723.8589   18.2109
    7.5000   37.5000    7.5000 2691.4333   18.4196
   -7.5000   45.0000    7.5000 2573.4216   19.7386
    0.0000   45.0000    7.5000 2579.1611   19.5579
    7.5000   45.0000    7.5000 2550.2537   19.6663
   -7.5000  -45.0000   15.0000 2097.8342   31.8668
    0.0000  -45.0000   15.0000 2112.5867   31.3996
    7.5000  -45.0000   15.0000 2093.2961   31.4857
   -7.5000  -37.5000   15.0000 2219.7827   27.9673
    0.0000  -37.5000   15.0000 2227.6328   27.4777
    7.5000  -37.5000   15.0000 2221.0051   27.6803
   -7.5000  -30.0000   15.0000 2340.6992   24.9621
    0.0000  -30.0000   15.0000 2344.7056   24.4980
    7.5000  -30.0000   15.0000 2340.8879   24.6676
   -7.5000  -22.5000   15.0000 2459.8865   22.8147
    0.0000  -22.5000   15.0000 2459.7463   22.3749
    7.5000  -22.5000   15.0000 2452.4258   22.4778
   -7.5000  -15.0000   15.0000 2566.8535   21.0908
    0.0000  -15.0000   15.0000 2569.0994   20.7093
    7.5000  -15.0000   15.0000 2554.4812   20.7743
   -7.5000   -7.5000   15.0000 2675.3596   19.8325
    0.0000   -7.5000   15.0000 2674.5420   19.4040
    7.5000   -7.5000   15.0000 2649.3875   19.4483
   -7.5000    0.0000   15.0000 2770.1172   18.8774
    0.0000    0.0000   15.0000 2772.5459   18.4830
    7.5000    0.0000   15.0000 2733.5073   18.4645
   -7.5000    7.5000   15.0000 2816.8247   18.0159
    0.0000    7.5000   15.0000 2827.5688   17.6046
    7.5000    7.5000   15.0000 2784.7446   17.7700
   -7.5000   15.0000   15.0000 2839.7261   17.3213
    0.0000   15.0000   15.0000 2838.7620   16.8497
    7.5000   15.0000   15.0000 2807.9712   17.1845
   -7.5000   22.5000   15.0000 2854.5935   17.4294
    0.0000   22.5000   15.0000 2855.2366   17.0815
    7.5000   22.5000   15.0000 2812.3748   17.3159
   -7.5000   30.0000   15.0000 2815.3535   18.0744
    0.0000   30.0000   15.0000 2828.8186   17.8613
    7.5000   30.0000   15.0000 2778.4885   17.9513
   -7.5000   37.5000   15.0000 2722.1707   18.9614
    0.0000   37.5000   15.0000 2732.1946   18.7660
    7.5000   37.5000   15.0000 2687.8889   18.8514
   -7.5000   45.0000   15.0000 2575.6836   20.0836
    0.0000   45.0000   15.0000 2585.1321   19.9342
    7.5000   45.0000   15.0000 2547.3596   19.9780
   -7.5000  -45.0000   22.5000 2039.9229   33.7281
    0.0000  -45.0000   22.5000 2044.3816   33.2550
    7.5000  -45.0000   22.5000 2038.2825   33.3500
   -7.5000  -37.5000   22.5000 2168.1157   29.7181
    0.0000  -37.5000   22.5000 2173.4680   29.3165
    7.5000  -37.5000   22.5000 2169.9321   29.4335
   -7.5000  -30.0000   22.5000 2293.4922   26.5698
    0.0000  -30.0000   22.5000 2299.9109   26.1470
    7.5000  -30.0000   22.5000 2291.3591   26.2999
   -7.5000  -22.5000   22.5000 2408.0352   24.1090
    0.0000  -22.5000   22.5000 2411.5852   23.6238
    7.5000  -22.5000   22.5000 2405.9336   23.8521
   -7.5000  -15.0000   22.5000 2512.5920   22.1013
    0.0000  -15.0000   22.5000 2513.9014   21.5969
    7.5000  -15.0000   22.5000 2508.8206   21.8595
   -7.5000   -7.5000   22.5000 2604.4617   20.5219
    0.0000   -7.5000   22.5000 2606.9597   20.0628
    7.5000   -7.5000   22.5000 2600.4907   20.3515
   -7.5000    0.0000   22.5000 2691.6663   19.3795
    0.0000    0.0000   22.5000 2690.7727   18.9438
    7.5000    0.0000   22.5000 2685.1919   19.2657
   -7.5000    7.5000   22.5000 2747.2258   18.3950
    0.0000    7.5000   22.5000 2748.1938   17.9025
    7.5000    7.5000   22.5000 2737.9412   18.3878
   -7.5000   15.0000   22.5000 2793.4570   17.8985
    0.0000   15.0000   22.5000 2781.4756   17.3360
    7.5000   15.0000   22.5000 2774.7576   17.8591
   -7.5000   22.5000   22.5000 2817.8406   18.0602
    0.0000   22.5000   22.5000 2824.6421   17.6799
    7.5000   22.5000   22.5000 2792.7385   17.9389
   -7.5000   30.0000   22.5000 2784.4585   18.7663
    0.0000   30.0000   22.5000 2795.3848   18.4836
    7.5000   30.0000   22.5000 2756.5686   18.6223
   -7.5000   37.5000   22.5000 2689.6807   19.6532
    0.0000   37.5000   22.5000 2697.5667   19.4458
    7.5000   37.5000   22.5000 2660.6997   19.5340
   -7.5000   45.0000   22.5000 2552.9341   20.6824
    0.0000   45.0000   22.5000 2564.1177   20.5521
    7.5000   45.0000   22.5000 2523.4553   20.5956
   -7.5000  -45.0000   30.0000 1980.6190   36.6285
    0.0000  -45.0000   30.0000 1989.0735   36.2200
    7.5000  -45.0000   30.0000 1978.2698   36.0401
   -7.5000  -37.5000   30.0000 2110.7183   31.9849
    0.0000  -37.5000   30.0000 2122.1372   31.6003
    7.5000  -37.5000   30.0000 2114.0278   31.7411
   -7.5000  -30.0000   30.0000 2225.7283   28.3211
    0.0000  -30.0000   30.0000 2235.8811   27.8099
    7.5000  -30.0000   30.0000 2232.3506   28.1767
   -7.5000  -22.5000   30.0000 2341.7937   25.3999
    0.0000  -22.5000   30.0000 2348.2712   24.8460
    7.5000  -22.5000   30.0000 2350.6733   25.2970
   -7.5000  -15.0000   30.0000 2438.4424   23.1325
    0.0000  -15.0000   30.0000 2447.2043   22.5939
    7.5000  -15.0000   30.0000 2451.1646   23.1092
   -7.5000   -7.5000   30.0000 2524.1753   21.3992
    0.0000   -7.5000   30.0000 2533.1658   20.8994
    7.5000   -7.5000   30.0000 2542.6069   21.4011
   -7.5000    0.0000   30.0000 2613.2783   20.0898
    0.0000    0.0000   30.0000 2618.2390   19.6410
    7.5000    0.0000   30.0000 2624.3867   20.1345
   -7.5000    7.5000   30.0000 2683.1848   19.1608
    0.0000    7.5000   30.0000 2674.5259   18.5715
    7.5000    7.5000   30.0000 2678.0474   19.2139
   -7.5000   15.0000   30.0000 2729.5378   18.8009
    0.0000   15.0000   30.0000 2722.0142   18.3147
    7.5000   15.0000   30.0000 2715.8643   18.7609
   -7.5000   22.5000   30.0000 2743.7332   18.9882
    0.0000   22.5000   30.0000 2749.4062   18.5825
    7.5000   22.5000   30.0000 2731.8591   18.8677
   -7.5000   30.0000   30.0000 2718.5586   19.6396
    0.0000   30.0000   30.0000 2726.9092   19.3020
    7.5000   30.0000   30.0000 2697.8323   19.4578
   -7.5000   37.5000   30.0000 2632.4521   20.4783
    0.0000   37.5000   30.0000 2643.3333   20.2388
    7.5000   37.5000   30.0000 2610.3943   20.3347
   -7.5000   45.0000   30.0000 2506.3433   21.4863
    0.0000   45.0000   30.0000 2521.3416   21.3136
    7.5000   45.0000   30.0000 2479.6931   21.3796
   -7.5000  -45.0000   37.5000 1896.0415   39.7243
    0.0000  -45.0000   37.5000 1911.9333   39.3542
    7.5000  -45.0000   37.5000 1907.2394   39.1825
   -7.5000  -37.5000   37.5000 2028.0599   34.3136
    0.0000  -37.5000   37.5000 2046.6230   33.9590
    7.5000  -37.5000   37.5000 2043.2640   34.2457
   -7.5000  -30.0000   37.5000 2143.7375   30.0186
    0.0000  -30.0000   37.5000 2163.4172   29.6592
    7.5000  -30.0000   37.5000 2164.3513   30.1426
   -7.5000  -22.5000   37.5000 2259.9795   26.7285
    0.0000  -22.5000   37.5000 2281.2861   26.3272
    7.5000  -22.5000   37.5000 2280.0940   26.9032
   -7.5000  -15.0000   37.5000 2353.3423   24.2057
    0.0000  -15.0000   37.5000 2371.3147   23.7555
    7.5000  -15.0000   37.5000 2375.5554   24.4297
   -7.5000   -7.5000   37.5000 2454.0498   22.4272
    0.0000   -7.5000   37.5000 2468.3611   21.9663
    7.5000   -7.5000   37.5000 2474.2031   22.5806
   -7.5000    0.0000   37.5000 2542.3579   21.1419
    0.0000    0.0000   37.5000 2551.6824   20.6222
    7.5000    0.0000   37.5000 2551.3689   21.2293
   -7.5000    7.5000   37.5000 2609.3796   20.1664
    0.0000    7.5000   37.5000 2608.3816   19.6792
    7.5000    7.5000   37.5000 2605.1289   20.2502
   -7.5000   15.0000   37.5000 2650.5483   19.9250
    0.0000   15.0000   37.5000 2650.4160   19.4689
    7.5000   15.0000   37.5000 2643.6072   19.8575
   -7.5000   22.5000   37.5000 2656.4167   20.1090
    0.0000   22.5000   37.5000 2663.7346   19.6964
    7.5000   22.5000   37.5000 2649.8130   19.9651
   -7.5000   30.0000   37.5000 2633.6160   20.6907
    0.0000   30.0000   37.5000 2650.3311   20.3664
    7.5000   30.0000   37.5000 2623.2424   20.5316
   -7.5000   37.5000   37.5000 2561.7559   21.5091
    0.0000   37.5000   37.5000 2584.0442   21.2620
    7.5000   37.5000   37.5000 2544.1382   21.3655
   -7.5000   45.0000   37.5000 2443.8667   22.4353
    0.0000   45.0000   37.5000 2464.6123   22.2498
    7.5000   45.0000   37.5000 2425.1765   22.3589
   -7.5000  -45.0000   45.0000 1787.5979   42.1976
    0.0000  -45.0000   45.0000 1810.9849   41.9903
    7.5000  -45.0000   45.0000 1814.9395   42.1489
   -7.5000  -37.5000   45.0000 1921.2062   36.3917
    0.0000  -37.5000   45.0000 1948.8844   36.1384
    7.5000  -37.5000   45.0000 1947.4456   36.5266
   -7.5000  -30.0000   45.0000 2045.5425   31.7596
    0.0000  -30.0000   45.0000 2074.5203   31.4978
    7.5000  -30.0000   45.0000 2071.0466   32.0372
   -7.5000  -22.5000   45.0000 2154.5483   28.0535
    0.0000  -22.5000   45.0000 2180.2180   27.7376
    7.5000  -22.5000   45.0000 2178.0227   28.4815
   -7.5000  -15.0000   45.0000 2264.7175   25.4929
    0.0000  -15.0000   45.0000 2285.5679   25.0670
    7.5000  -15.0000   45.0000 2279.3511   25.7718
   -7.5000   -7.5000   45.0000 2357.8923   23.7138
    0.0000   -7.5000   45.0000 2387.5735   23.2899
    7.5000   -7.5000   45.0000 2369.6216   23.8564
   -7.5000    0.0000   45.0000 2440.6477   22.3375
    0.0000    0.0000   45.0000 2463.2048   21.8576
    7.5000    0.0000   45.0000 2447.7683   22.4739
   -7.5000    7.5000   45.0000 2504.5403   21.3305
    0.0000    7.5000   45.0000 2513.3784   20.9914
    7.5000    7.5000   45.0000 2500.1106   21.4532
   -7.5000   15.0000   45.0000 2538.4812   21.1014
    0.0000   15.0000   45.0000 2552.5239   20.7321
    7.5000   15.0000   45.0000 2532.1287   21.0312
   -7.5000   22.5000   45.0000 2546.4482   21.2764
    0.0000   22.5000   45.0000 2553.4077   20.9257
    7.5000   22.5000   45.0000 2541.8257   21.1415
   -7.5000   30.0000   45.0000 2529.4224   21.8576
    0.0000   30.0000   45.0000 2544.4163   21.5647
    7.5000   30.0000   45.0000 2518.1711   21.7019
   -7.5000   37.5000   45.0000 2454.2876   22.7034
    0.0000   37.5000   45.0000 2482.4153   22.4410
    7.5000   37.5000   45.0000 2446.7388   22.5492
   -7.5000   45.0000   45.0000 2336.2024   23.4819
    0.0000   45.0000   45.0000 2361.3784   23.3043
    7.5000   45.0000   45.0000 2322.9053   23.4196

---------------------------------------------------------------------
imgreg_4dfp /opt/freesurfer/average/711-2C_as_mni_average_305 /opt/freesurfer/average/711-2B_as_mni_average_305_mask talsrcimg_g11 none talsrcimg_to_711-2C_as_mni_average_305_t4 1283
---------------------------------------------------------------------

freesurfer imgreg_4dfp.c
/opt/freesurfer/average/711-2C_as_mni_average_305.4dfp.img
       256       256       256         1
  1.000000  1.000000  1.000000
orientation T byte_order littleendian
Reading image: /opt/freesurfer/average/711-2C_as_mni_average_305.4dfp.img
dimensions:      256       256       256
mmppix:       1.0000   -1.0000   -1.0000
center:     128.0000 -129.0000 -129.0000
/opt/freesurfer/average/711-2B_as_mni_average_305_mask.4dfp.img
       256       256       256         1
  1.000000  1.000000  1.000000
orientation T byte_order littleendian
Reading mask: /opt/freesurfer/average/711-2B_as_mni_average_305_mask.4dfp.img (2306576 pixels)
talsrcimg_g11.4dfp.img
       320       320       320         1
  0.700000  0.700000  0.700000
orientation T byte_order littleendian
Reading image: talsrcimg_g11.4dfp.img
dimensions:      320       320       320
mmppix:       0.7000   -0.7000   -0.7000
center:     112.0000 -112.7000 -112.7000
rotation matrix determinant  1.000000
fimgreg.f
image alignment mode   1283 decimal      503 hex
parameters
    0.0000   15.0000    7.5000    0.0000    0.0000    0.0000
eta,q 0.90637 16.84785
niter,ni,del,rscale     5    3   12.0000    1.2000
parameter  2  1.011042 ->  0.500000 qaram    1.1500
parameter  4-58.556896 ->  0.500000 qaram    1.1500
parameter  5  0.524967 ->  0.500000 qaram    1.1500
parameters
   -2.8989   11.5500    7.4495   -3.4500   -3.4500   -0.5545
eta,q 0.91903 17.42934
  0.0969  0.0902  0.1065  0.0786  0.0829  0.0857
  0.0945  0.0875  0.0958  0.0813  0.0811  0.0828
  0.0946  0.0906  0.0894  0.0848  0.0812  0.0813
  0.0968  0.0944  0.0879  0.0879  0.0824  0.0811
  0.1002  0.0965  0.0927  0.0923  0.0854  0.0822
  0.1043  0.1006  0.0985  0.0959  0.0895  0.0844
  0.1122  0.1052  0.1045  0.0977  0.0923  0.0873
niter,ni,del,rscale     7    3   12.0000    1.2000
parameter  4  0.645286 ->  0.500000 qaram    1.3225
parameters
   -1.7266   12.1222    7.1454   -7.4175   -2.6199   -1.2040
eta,q 0.92340 17.13503
  0.1082  0.1012  0.0998  0.0780  0.0882  0.0823
  0.1006  0.0934  0.0883  0.0774  0.0823  0.0790
  0.0892  0.0850  0.0812  0.0772  0.0788  0.0769
  0.0810  0.0801  0.0798  0.0795  0.0772  0.0767
  0.0811  0.0824  0.0856  0.0832  0.0767  0.0783
  0.0877  0.0908  0.0936  0.0883  0.0795  0.0815
  0.0955  0.0950  0.1011  0.0932  0.0839  0.0846
niter,ni,del,rscale     7    3   12.0000    1.2000
parameters
   -1.8101   12.8820    6.7537  -10.5894   -2.1614   -1.0455
eta,q 0.92386 17.05221
  0.0971  0.0963  0.0953  0.0766  0.0838  0.0827
  0.0875  0.0880  0.0829  0.0763  0.0814  0.0795
  0.0795  0.0800  0.0762  0.0766  0.0793  0.0772
  0.0766  0.0766  0.0771  0.0764  0.0765  0.0762
  0.0810  0.0799  0.0830  0.0771  0.0768  0.0768
  0.0898  0.0847  0.0888  0.0820  0.0801  0.0792
  0.0967  0.0884  0.0966  0.0886  0.0829  0.0820
niter,ni,del,rscale     6    3   12.0000    1.2000
parameters
   -1.9892   13.4257    6.3529  -12.0958   -1.9946   -1.2341
eta,q 0.92453 17.07141
  0.0957  0.0936  0.0944  0.0780  0.0826  0.0810
  0.0865  0.0820  0.0813  0.0752  0.0805  0.0781
  0.0787  0.0765  0.0748  0.0751  0.0780  0.0761
  0.0761  0.0761  0.0765  0.0758  0.0756  0.0755
  0.0805  0.0787  0.0813  0.0761  0.0765  0.0768
  0.0894  0.0818  0.0874  0.0770  0.0794  0.0791
  0.0968  0.0862  0.0961  0.0816  0.0828  0.0812
niter,ni,del,rscale     5    3   12.0000    1.2000
parameters
   -2.0507   13.7802    5.9925  -12.9886   -1.8880   -1.4698
eta,q 0.92554 17.08749
  0.0951  0.0915  0.0948  0.0784  0.0818  0.0797
  0.0861  0.0802  0.0818  0.0745  0.0798  0.0772
  0.0785  0.0752  0.0744  0.0736  0.0772  0.0752
  0.0755  0.0755  0.0758  0.0751  0.0745  0.0745
  0.0789  0.0778  0.0808  0.0758  0.0753  0.0759
  0.0876  0.0810  0.0873  0.0767  0.0786  0.0780
  0.0952  0.0858  0.0965  0.0792  0.0825  0.0802
niter,ni,del,rscale     4    3   12.0000    1.2000
parameters
   -2.1252   14.0387    5.6957  -13.8503   -1.8932   -1.7824
eta,q 0.92671 17.11712
  0.0939  0.0901  0.0954  0.0783  0.0809  0.0783
  0.0848  0.0791  0.0821  0.0738  0.0792  0.0763
  0.0773  0.0746  0.0737  0.0727  0.0762  0.0742
  0.0745  0.0745  0.0746  0.0741  0.0733  0.0733
  0.0778  0.0767  0.0802  0.0755  0.0741  0.0748
  0.0866  0.0804  0.0872  0.0765  0.0781  0.0771
  0.0939  0.0854  0.0965  0.0788  0.0824  0.0792
niter,ni,del,rscale     3    3   12.0000    1.2000
parameters
   -2.1340   14.3142    5.4256  -14.7323   -1.9903   -2.1132
eta,q 0.92765 17.13206
  0.0929  0.0895  0.0958  0.0779  0.0800  0.0774
  0.0839  0.0788  0.0821  0.0737  0.0785  0.0754
  0.0765  0.0743  0.0730  0.0719  0.0755  0.0733
  0.0733  0.0733  0.0734  0.0729  0.0723  0.0724
  0.0764  0.0757  0.0793  0.0753  0.0733  0.0738
  0.0852  0.0796  0.0873  0.0765  0.0776  0.0763
  0.0923  0.0851  0.0966  0.0786  0.0820  0.0785
niter,ni,del,rscale     2    3   12.0000    1.2000
parameters
   -2.1054   14.6336    5.2084  -15.5685   -2.0537   -2.4248
eta,q 0.92834 17.12572
  0.0919  0.0892  0.0964  0.0775  0.0794  0.0772
  0.0830  0.0792  0.0825  0.0744  0.0778  0.0747
  0.0758  0.0742  0.0727  0.0712  0.0750  0.0725
  0.0724  0.0723  0.0725  0.0721  0.0716  0.0717
  0.0753  0.0745  0.0785  0.0750  0.0725  0.0731
  0.0841  0.0790  0.0871  0.0766  0.0768  0.0758
  0.0908  0.0850  0.0967  0.0786  0.0814  0.0781
niter,ni,del,rscale     1    3   12.0000    1.2000
parameters
   -2.1260   14.9687    5.0268  -16.3630   -1.8963   -2.6834
eta,q 0.92918 17.12036
  0.0906  0.0890  0.0965  0.0771  0.0794  0.0770
  0.0819  0.0798  0.0828  0.0750  0.0774  0.0743
  0.0749  0.0739  0.0726  0.0710  0.0743  0.0718
  0.0717  0.0717  0.0717  0.0714  0.0710  0.0708
  0.0746  0.0734  0.0776  0.0743  0.0716  0.0725
  0.0835  0.0788  0.0868  0.0769  0.0756  0.0753
  0.0900  0.0853  0.0968  0.0787  0.0804  0.0778
registration optimization eta report
parameter search radius
    6.0000    6.9000    6.0000    7.9350    6.9000    6.0000
100000*second partial in parameter space
       50.       32.       68.       10.       17.       17.
  0.0906  0.0890  0.0965  0.0771  0.0794  0.0770
  0.0819  0.0798  0.0828  0.0750  0.0774  0.0743
  0.0749  0.0739  0.0726  0.0710  0.0743  0.0718
  0.0717  0.0717  0.0717  0.0714  0.0710  0.0708
  0.0746  0.0734  0.0776  0.0743  0.0716  0.0725
  0.0835  0.0788  0.0868  0.0769  0.0756  0.0753
  0.0900  0.0853  0.0968  0.0787  0.0804  0.0778
   -2.1260   14.9687    5.0268  -16.3630   -1.8963   -2.6834
eta,q 0.92918 17.12036

---------------------------------------------------------------------
imgreg_4dfp /opt/freesurfer/average/711-2C_as_mni_average_305 /opt/freesurfer/average/711-2B_as_mni_average_305_mask talsrcimg_g11 none talsrcimg_to_711-2C_as_mni_average_305_t4 3335
---------------------------------------------------------------------

freesurfer imgreg_4dfp.c
/opt/freesurfer/average/711-2C_as_mni_average_305.4dfp.img
       256       256       256         1
  1.000000  1.000000  1.000000
orientation T byte_order littleendian
Reading image: /opt/freesurfer/average/711-2C_as_mni_average_305.4dfp.img
dimensions:      256       256       256
mmppix:       1.0000   -1.0000   -1.0000
center:     128.0000 -129.0000 -129.0000
/opt/freesurfer/average/711-2B_as_mni_average_305_mask.4dfp.img
       256       256       256         1
  1.000000  1.000000  1.000000
orientation T byte_order littleendian
Reading mask: /opt/freesurfer/average/711-2B_as_mni_average_305_mask.4dfp.img (2306576 pixels)
talsrcimg_g11.4dfp.img
       320       320       320         1
  0.700000  0.700000  0.700000
orientation T byte_order littleendian
Reading image: talsrcimg_g11.4dfp.img
dimensions:      320       320       320
mmppix:       0.7000   -0.7000   -0.7000
center:     112.0000 -112.7000 -112.7000
fimgreg.f
image alignment mode   3335 decimal      D07 hex
parameters
   -2.1260   14.9687    5.0268   -0.1644   -4.1120   -4.1030
    3.5609    4.4904   -4.6791   27.9927   -3.3090  -28.1568
eta,q 0.92891 17.18993
niter,ni,del,rscale     5    3    5.0000    1.2000
parameter  4  2.496234 ->  0.500000 qaram    1.1500
parameter  5  1.970745 ->  0.500000 qaram    1.1500
parameter  6  0.586133 ->  0.500000 qaram    1.1500
parameter 12 -0.785495 -> -0.500000 qaram    1.1500
parameters
   -2.0484   15.0077    4.7985   -4.3044   -8.2520   -8.2430
    3.6821    1.8746   -2.0734   26.9210   -0.3287  -24.0168
eta,q 0.95389 17.51065
  0.0746  0.0736  0.0745  0.0553  0.0491  0.0494  0.0523  0.0508  0.0513  0.0498  0.0520  0.0515
  0.0728  0.0723  0.0725  0.0574  0.0510  0.0490  0.0505  0.0482  0.0496  0.0483  0.0497  0.0496
  0.0716  0.0714  0.0713  0.0627  0.0540  0.0491  0.0493  0.0478  0.0484  0.0475  0.0482  0.0481
  0.0711  0.0711  0.0711  0.0710  0.0584  0.0517  0.0489  0.0489  0.0477  0.0475  0.0474  0.0471
  0.0714  0.0713  0.0719  0.0796  0.0642  0.0595  0.0492  0.0513  0.0475  0.0482  0.0471  0.0464
  0.0724  0.0721  0.0736  0.0872  0.0702  0.0716  0.0503  0.0552  0.0477  0.0496  0.0472  0.0461
  0.0742  0.0734  0.0761  0.0947  0.0750  0.0845  0.0521  0.0603  0.0483  0.0516  0.0477  0.0460
niter,ni,del,rscale     7    3    5.0000    1.2000
parameter  2 -0.708056 -> -0.500000 qaram    1.1500
parameter  3  2.207423 ->  0.500000 qaram    1.1500
parameter  5  0.716824 ->  0.500000 qaram    1.3225
parameter  8  0.606048 ->  0.500000 qaram    1.1500
parameter 10 -0.854322 -> -0.500000 qaram    1.1500
parameter 11 -0.580905 -> -0.500000 qaram    1.1500
parameters
   -2.2064   16.3877    3.4185   -8.1117  -13.0130  -10.7187
    3.1305   -2.2654   -1.8491   31.0610    3.8113  -24.6605
eta,q 0.96335 17.28581
  0.0505  0.0515  0.0405  0.0434  0.0387  0.0405  0.0411  0.0387  0.0396  0.0422  0.0390  0.0378
  0.0480  0.0491  0.0416  0.0419  0.0386  0.0399  0.0400  0.0380  0.0388  0.0408  0.0379  0.0371
  0.0464  0.0473  0.0431  0.0409  0.0393  0.0393  0.0393  0.0383  0.0383  0.0394  0.0373  0.0367
  0.0461  0.0461  0.0450  0.0419  0.0412  0.0387  0.0392  0.0392  0.0380  0.0380  0.0369  0.0367
  0.0470  0.0453  0.0472  0.0472  0.0450  0.0392  0.0396  0.0405  0.0382  0.0372  0.0367  0.0369
  0.0490  0.0449  0.0496  0.0552  0.0504  0.0442  0.0405  0.0422  0.0386  0.0369  0.0366  0.0374
  0.0517  0.0451  0.0522  0.0632  0.0562  0.0549  0.0417  0.0446  0.0395  0.0371  0.0367  0.0381
niter,ni,del,rscale     7    3    5.0000    1.2000
parameter  2 -1.120046 -> -0.500000 qaram    1.3225
parameter  3  1.211730 ->  0.500000 qaram    1.3225
parameter 12  0.845031 ->  0.500000 qaram    1.3225
parameters
   -2.0621   17.9747    1.8315   -8.8984  -17.3283  -12.3441
    2.8984   -1.5943   -1.4062   34.3018    4.8073  -29.4215
eta,q 0.96937 17.08749
  0.0402  0.0453  0.0311  0.0366  0.0325  0.0346  0.0341  0.0384  0.0341  0.0376  0.0319  0.0307
  0.0385  0.0419  0.0317  0.0350  0.0316  0.0333  0.0330  0.0344  0.0331  0.0355  0.0315  0.0306
  0.0373  0.0390  0.0326  0.0334  0.0315  0.0324  0.0322  0.0325  0.0324  0.0335  0.0314  0.0308
  0.0366  0.0366  0.0339  0.0319  0.0323  0.0315  0.0320  0.0320  0.0320  0.0320  0.0313  0.0312
  0.0367  0.0348  0.0356  0.0317  0.0347  0.0310  0.0323  0.0325  0.0322  0.0313  0.0312  0.0319
  0.0377  0.0336  0.0378  0.0350  0.0400  0.0350  0.0331  0.0339  0.0327  0.0315  0.0313  0.0326
  0.0396  0.0333  0.0404  0.0414  0.0470  0.0440  0.0344  0.0361  0.0337  0.0330  0.0317  0.0335
niter,ni,del,rscale     7    3    5.0000    1.2000
parameter  3  0.576427 ->  0.500000 qaram    1.5209
parameter 12  0.995552 ->  0.500000 qaram    1.5209
parameters
   -1.8621   19.4245    0.0064   -8.2842  -19.6180  -13.2869
    2.5482   -1.1237   -1.1889   35.4960    6.3059  -34.8967
eta,q 0.97168 17.05215
  0.0342  0.0395  0.0293  0.0345  0.0312  0.0341  0.0314  0.0370  0.0313  0.0333  0.0301  0.0284
  0.0325  0.0356  0.0289  0.0327  0.0296  0.0322  0.0302  0.0321  0.0303  0.0314  0.0296  0.0283
  0.0313  0.0326  0.0290  0.0308  0.0287  0.0305  0.0295  0.0298  0.0296  0.0300  0.0294  0.0286
  0.0306  0.0306  0.0296  0.0289  0.0285  0.0286  0.0293  0.0293  0.0293  0.0293  0.0292  0.0292
  0.0307  0.0297  0.0307  0.0278  0.0294  0.0275  0.0296  0.0299  0.0294  0.0293  0.0291  0.0299
  0.0316  0.0298  0.0322  0.0297  0.0328  0.0317  0.0305  0.0317  0.0301  0.0299  0.0292  0.0308
  0.0334  0.0310  0.0344  0.0348  0.0388  0.0426  0.0318  0.0349  0.0311  0.0317  0.0297  0.0317
niter,ni,del,rscale     7    3    5.0000    1.2000
parameters
   -1.8545   19.5450   -0.2364   -8.2545  -20.7975  -13.9306
    2.7953   -1.3197   -1.0405   36.9335    5.9749  -36.0313
eta,q 0.97124 17.03774
  0.0318  0.0331  0.0314  0.0343  0.0320  0.0351  0.0317  0.0358  0.0309  0.0329  0.0298  0.0310
  0.0300  0.0305  0.0293  0.0324  0.0302  0.0329  0.0302  0.0313  0.0299  0.0311  0.0292  0.0290
  0.0288  0.0289  0.0284  0.0303  0.0289  0.0307  0.0293  0.0293  0.0292  0.0296  0.0290  0.0286
  0.0283  0.0283  0.0283  0.0283  0.0283  0.0285  0.0290  0.0290  0.0290  0.0290  0.0289  0.0289
  0.0286  0.0288  0.0288  0.0276  0.0286  0.0268  0.0292  0.0298  0.0291  0.0289  0.0289  0.0295
  0.0298  0.0302  0.0301  0.0303  0.0310  0.0310  0.0300  0.0321  0.0298  0.0294  0.0292  0.0303
  0.0319  0.0323  0.0321  0.0364  0.0360  0.0430  0.0313  0.0362  0.0308  0.0310  0.0301  0.0313
niter,ni,del,rscale     6    3    5.0000    1.2000
parameters
   -1.8708   19.6159   -0.4774   -8.1266  -21.2619  -14.3399
    2.7390   -1.1397   -1.2114   37.2865    5.9653  -36.2005
eta,q 0.97090 17.01542
  0.0320  0.0330  0.0315  0.0346  0.0327  0.0357  0.0316  0.0369  0.0308  0.0322  0.0301  0.0319
  0.0303  0.0306  0.0296  0.0327  0.0309  0.0335  0.0302  0.0320  0.0299  0.0306  0.0295  0.0294
  0.0292  0.0291  0.0289  0.0308  0.0295  0.0311  0.0294  0.0296  0.0293  0.0295  0.0292  0.0289
  0.0288  0.0288  0.0288  0.0287  0.0287  0.0287  0.0291  0.0291  0.0291  0.0291  0.0291  0.0291
  0.0290  0.0293  0.0292  0.0280  0.0287  0.0269  0.0294  0.0298  0.0293  0.0292  0.0291  0.0296
  0.0302  0.0305  0.0303  0.0306  0.0304  0.0306  0.0303  0.0319  0.0300  0.0300  0.0294  0.0304
  0.0323  0.0324  0.0321  0.0363  0.0349  0.0423  0.0317  0.0359  0.0310  0.0319  0.0302  0.0313
niter,ni,del,rscale     5    3    5.0000    1.2000
parameters
   -1.8415   19.6798   -0.5833   -8.0848  -21.4036  -14.4921
    2.7631   -1.0790   -1.3385   37.4275    6.0609  -36.2654
eta,q 0.97079 17.00574
  0.0323  0.0331  0.0318  0.0348  0.0331  0.0360  0.0317  0.0367  0.0309  0.0321  0.0302  0.0321
  0.0307  0.0308  0.0300  0.0330  0.0313  0.0338  0.0303  0.0319  0.0300  0.0305  0.0296  0.0296
  0.0296  0.0294  0.0292  0.0311  0.0299  0.0315  0.0295  0.0297  0.0294  0.0296  0.0293  0.0290
  0.0291  0.0291  0.0291  0.0291  0.0291  0.0291  0.0292  0.0292  0.0292  0.0292  0.0292  0.0292
  0.0293  0.0296  0.0294  0.0284  0.0289  0.0270  0.0295  0.0299  0.0294  0.0293  0.0292  0.0297
  0.0304  0.0308  0.0303  0.0311  0.0304  0.0300  0.0303  0.0321  0.0301  0.0301  0.0294  0.0305
  0.0324  0.0326  0.0320  0.0367  0.0345  0.0411  0.0317  0.0362  0.0311  0.0321  0.0303  0.0313
niter,ni,del,rscale     4    3    5.0000    1.2000
parameters
   -1.8275   19.7071   -0.6312   -8.0860  -21.4775  -14.5544
    2.7895   -1.0749   -1.3935   37.4998    6.1106  -36.3108
eta,q 0.97073 17.00078
  0.0324  0.0330  0.0319  0.0349  0.0333  0.0361  0.0318  0.0366  0.0310  0.0321  0.0303  0.0321
  0.0308  0.0308  0.0301  0.0331  0.0315  0.0339  0.0304  0.0319  0.0301  0.0305  0.0297  0.0296
  0.0297  0.0295  0.0294  0.0312  0.0301  0.0316  0.0296  0.0297  0.0295  0.0296  0.0294  0.0291
  0.0292  0.0292  0.0292  0.0292  0.0292  0.0292  0.0293  0.0293  0.0293  0.0293  0.0293  0.0293
  0.0294  0.0297  0.0295  0.0286  0.0291  0.0271  0.0296  0.0300  0.0295  0.0294  0.0293  0.0298
  0.0305  0.0309  0.0304  0.0313  0.0305  0.0298  0.0304  0.0322  0.0301  0.0302  0.0295  0.0305
  0.0326  0.0327  0.0319  0.0369  0.0345  0.0408  0.0317  0.0363  0.0311  0.0322  0.0304  0.0314
niter,ni,del,rscale     3    3    5.0000    1.2000
parameters
   -1.8221   19.7219   -0.6549   -8.0908  -21.5203  -14.5884
    2.7980   -1.0748   -1.4180   37.5395    6.1469  -36.3343
eta,q 0.97069 16.99770
  0.0324  0.0330  0.0320  0.0349  0.0333  0.0361  0.0318  0.0367  0.0310  0.0320  0.0303  0.0322
  0.0308  0.0308  0.0302  0.0331  0.0316  0.0340  0.0304  0.0319  0.0301  0.0305  0.0297  0.0296
  0.0298  0.0296  0.0294  0.0312  0.0301  0.0317  0.0296  0.0298  0.0295  0.0296  0.0294  0.0291
  0.0293  0.0293  0.0293  0.0293  0.0293  0.0293  0.0293  0.0293  0.0293  0.0293  0.0293  0.0293
  0.0295  0.0298  0.0296  0.0287  0.0291  0.0271  0.0296  0.0300  0.0295  0.0294  0.0293  0.0298
  0.0306  0.0310  0.0304  0.0313  0.0305  0.0298  0.0304  0.0322  0.0301  0.0302  0.0295  0.0305
  0.0326  0.0327  0.0319  0.0370  0.0345  0.0407  0.0318  0.0364  0.0311  0.0322  0.0304  0.0314
registration optimization eta report
parameter search radius
    2.4000    3.1740    3.6501    8.2800    9.5220    8.2800
    7.2000    8.2800    7.2000    8.2800    8.2800   10.9503
100000*second partial in parameter space
       57.       36.       20.       10.        5.       14.
        5.       11.        3.        4.        2.        2.
  0.0324  0.0330  0.0320  0.0349  0.0333  0.0361  0.0318  0.0367  0.0310  0.0320  0.0303  0.0322
  0.0308  0.0308  0.0302  0.0331  0.0316  0.0340  0.0304  0.0319  0.0301  0.0305  0.0297  0.0296
  0.0298  0.0296  0.0294  0.0312  0.0301  0.0317  0.0296  0.0298  0.0295  0.0296  0.0294  0.0291
  0.0293  0.0293  0.0293  0.0293  0.0293  0.0293  0.0293  0.0293  0.0293  0.0293  0.0293  0.0293
  0.0295  0.0298  0.0296  0.0287  0.0291  0.0271  0.0296  0.0300  0.0295  0.0294  0.0293  0.0298
  0.0306  0.0310  0.0304  0.0313  0.0305  0.0298  0.0304  0.0322  0.0301  0.0302  0.0295  0.0305
  0.0326  0.0327  0.0319  0.0370  0.0345  0.0407  0.0318  0.0364  0.0311  0.0322  0.0304  0.0314
   -1.8221   19.7219   -0.6549   -8.0908  -21.5203  -14.5884
    2.7980   -1.0748   -1.4180   37.5395    6.1469  -36.3343
eta,q 0.97069 16.99770

---------------------------------------------------------------------
imgreg_4dfp /opt/freesurfer/average/711-2C_as_mni_average_305 /opt/freesurfer/average/711-2B_as_mni_average_305_mask talsrcimg_g11 none talsrcimg_to_711-2C_as_mni_average_305_t4 2311
---------------------------------------------------------------------

freesurfer imgreg_4dfp.c
/opt/freesurfer/average/711-2C_as_mni_average_305.4dfp.img
       256       256       256         1
  1.000000  1.000000  1.000000
orientation T byte_order littleendian
Reading image: /opt/freesurfer/average/711-2C_as_mni_average_305.4dfp.img
dimensions:      256       256       256
mmppix:       1.0000   -1.0000   -1.0000
center:     128.0000 -129.0000 -129.0000
/opt/freesurfer/average/711-2B_as_mni_average_305_mask.4dfp.img
       256       256       256         1
  1.000000  1.000000  1.000000
orientation T byte_order littleendian
Reading mask: /opt/freesurfer/average/711-2B_as_mni_average_305_mask.4dfp.img (2306576 pixels)
talsrcimg_g11.4dfp.img
       320       320       320         1
  0.700000  0.700000  0.700000
orientation T byte_order littleendian
Reading image: talsrcimg_g11.4dfp.img
dimensions:      320       320       320
mmppix:       0.7000   -0.7000   -0.7000
center:     112.0000 -112.7000 -112.7000
fimgreg.f
image alignment mode   2311 decimal      907 hex
parameters
   -1.8221   19.7219   -0.6549   -8.0908  -21.5203  -14.5884
    2.7980   -1.0748   -1.4180   37.5395    6.1469  -36.3343
eta,q 0.97069 16.99769
niter,ni,del,rscale     5    3    5.0000    0.8000
parameters
   -1.7364   19.6084   -0.8089   -6.5785  -20.0171  -12.2180
    2.5629   -1.0130   -1.2591   37.2143    5.5189  -35.5098
eta,q 0.97322 17.17220
  0.0309  0.0301  0.0296  0.0326  0.0301  0.0328  0.0284  0.0324  0.0280  0.0282  0.0280  0.0284
  0.0301  0.0296  0.0294  0.0315  0.0295  0.0313  0.0274  0.0293  0.0273  0.0274  0.0272  0.0274
  0.0296  0.0293  0.0293  0.0304  0.0290  0.0299  0.0269  0.0274  0.0269  0.0269  0.0268  0.0269
  0.0293  0.0293  0.0293  0.0293  0.0287  0.0285  0.0268  0.0268  0.0268  0.0268  0.0268  0.0268
  0.0294  0.0295  0.0294  0.0287  0.0285  0.0272  0.0270  0.0274  0.0269  0.0269  0.0271  0.0268
  0.0298  0.0298  0.0295  0.0290  0.0286  0.0268  0.0277  0.0292  0.0272  0.0276  0.0278  0.0271
  0.0306  0.0303  0.0298  0.0305  0.0291  0.0290  0.0287  0.0320  0.0278  0.0288  0.0289  0.0274
niter,ni,del,rscale     4    3    5.0000    0.7000
parameters
   -2.0329   19.1301   -0.2748   -6.7827  -19.6183  -12.2486
    2.7875   -1.1625   -1.0540   36.9575    5.1692  -36.0442
eta,q 0.97356 17.23507
  0.0279  0.0270  0.0285  0.0292  0.0276  0.0301  0.0278  0.0297  0.0274  0.0276  0.0272  0.0269
  0.0271  0.0267  0.0276  0.0281  0.0271  0.0289  0.0271  0.0278  0.0269  0.0270  0.0268  0.0266
  0.0267  0.0266  0.0269  0.0271  0.0267  0.0276  0.0266  0.0267  0.0266  0.0266  0.0265  0.0264
  0.0268  0.0267  0.0266  0.0264  0.0265  0.0265  0.0265  0.0265  0.0265  0.0265  0.0265  0.0265
  0.0273  0.0270  0.0264  0.0266  0.0265  0.0261  0.0266  0.0270  0.0265  0.0266  0.0266  0.0266
  0.0282  0.0275  0.0265  0.0280  0.0267  0.0277  0.0269  0.0282  0.0268  0.0271  0.0269  0.0268
  0.0295  0.0282  0.0268  0.0304  0.0274  0.0317  0.0275  0.0301  0.0272  0.0281  0.0275  0.0271
niter,ni,del,rscale     3    3    5.0000    0.6000
parameters
   -2.1069   19.1554   -0.2440   -6.6359  -19.6198  -12.0212
    2.6137   -1.1287   -0.9296   37.0268    4.9680  -35.9271
eta,q 0.97373 17.24298
  0.0276  0.0273  0.0272  0.0288  0.0272  0.0295  0.0271  0.0291  0.0270  0.0273  0.0269  0.0268
  0.0269  0.0268  0.0267  0.0279  0.0268  0.0284  0.0266  0.0275  0.0266  0.0268  0.0266  0.0265
  0.0266  0.0265  0.0265  0.0270  0.0266  0.0274  0.0263  0.0266  0.0264  0.0264  0.0263  0.0263
  0.0264  0.0264  0.0264  0.0264  0.0264  0.0264  0.0263  0.0263  0.0263  0.0263  0.0263  0.0263
  0.0266  0.0265  0.0265  0.0264  0.0264  0.0260  0.0264  0.0266  0.0263  0.0263  0.0264  0.0263
  0.0271  0.0268  0.0267  0.0272  0.0267  0.0270  0.0267  0.0275  0.0265  0.0267  0.0267  0.0265
  0.0280  0.0272  0.0271  0.0289  0.0273  0.0297  0.0273  0.0290  0.0269  0.0273  0.0271  0.0267
niter,ni,del,rscale     2    3    5.0000    0.5000
parameters
   -2.1275   19.1209   -0.1881   -6.5024  -19.5373  -11.7531
    2.5177   -1.0943   -0.9354   36.9619    4.8328  -35.6948
eta,q 0.97388 17.24906
  0.0272  0.0268  0.0269  0.0281  0.0268  0.0288  0.0267  0.0283  0.0266  0.0268  0.0266  0.0266
  0.0267  0.0265  0.0265  0.0273  0.0265  0.0278  0.0264  0.0271  0.0263  0.0265  0.0263  0.0263
  0.0264  0.0263  0.0263  0.0267  0.0263  0.0270  0.0262  0.0264  0.0262  0.0262  0.0262  0.0262
  0.0263  0.0263  0.0263  0.0263  0.0262  0.0262  0.0261  0.0261  0.0261  0.0261  0.0261  0.0261
  0.0264  0.0264  0.0263  0.0263  0.0263  0.0260  0.0262  0.0263  0.0262  0.0262  0.0262  0.0261
  0.0267  0.0265  0.0265  0.0269  0.0264  0.0267  0.0264  0.0270  0.0263  0.0265  0.0264  0.0263
  0.0273  0.0268  0.0267  0.0281  0.0268  0.0285  0.0268  0.0281  0.0266  0.0270  0.0268  0.0264
niter,ni,del,rscale     1    3    5.0000    0.4000
parameters
   -2.1500   19.0863   -0.1131   -6.3938  -19.4616  -11.4805
    2.4833   -1.0750   -0.9527   36.8616    4.7262  -35.4367
eta,q 0.97400 17.25185
  0.0267  0.0264  0.0266  0.0274  0.0265  0.0280  0.0264  0.0274  0.0263  0.0265  0.0264  0.0263
  0.0264  0.0262  0.0263  0.0268  0.0263  0.0272  0.0262  0.0266  0.0261  0.0262  0.0262  0.0261
  0.0262  0.0261  0.0262  0.0264  0.0262  0.0266  0.0260  0.0262  0.0260  0.0261  0.0260  0.0260
  0.0261  0.0261  0.0261  0.0261  0.0261  0.0261  0.0260  0.0260  0.0260  0.0260  0.0260  0.0260
  0.0262  0.0262  0.0261  0.0261  0.0261  0.0260  0.0261  0.0262  0.0260  0.0261  0.0261  0.0260
  0.0264  0.0263  0.0262  0.0265  0.0262  0.0264  0.0262  0.0266  0.0261  0.0263  0.0262  0.0261
  0.0268  0.0265  0.0264  0.0273  0.0265  0.0276  0.0264  0.0274  0.0263  0.0266  0.0264  0.0262
registration optimization eta report
parameter search radius
    0.8000    0.8000    0.8000    2.4000    2.4000    2.4000
    2.4000    2.4000    2.4000    2.4000    2.4000    2.4000
100000*second partial in parameter space
      101.       56.       57.       22.        6.       29.
        8.       24.        5.        9.        7.        4.
  0.0267  0.0264  0.0266  0.0274  0.0265  0.0280  0.0264  0.0274  0.0263  0.0265  0.0264  0.0263
  0.0264  0.0262  0.0263  0.0268  0.0263  0.0272  0.0262  0.0266  0.0261  0.0262  0.0262  0.0261
  0.0262  0.0261  0.0262  0.0264  0.0262  0.0266  0.0260  0.0262  0.0260  0.0261  0.0260  0.0260
  0.0261  0.0261  0.0261  0.0261  0.0261  0.0261  0.0260  0.0260  0.0260  0.0260  0.0260  0.0260
  0.0262  0.0262  0.0261  0.0261  0.0261  0.0260  0.0261  0.0262  0.0260  0.0261  0.0261  0.0260
  0.0264  0.0263  0.0262  0.0265  0.0262  0.0264  0.0262  0.0266  0.0261  0.0263  0.0262  0.0261
  0.0268  0.0265  0.0264  0.0273  0.0265  0.0276  0.0264  0.0274  0.0263  0.0266  0.0264  0.0262
   -2.1500   19.0863   -0.1131   -6.3938  -19.4616  -11.4805
    2.4833   -1.0750   -0.9527   36.8616    4.7262  -35.4367
eta,q 0.97400 17.25185

---------------------------------------------------------------------
imgreg_4dfp /opt/freesurfer/average/711-2C_as_mni_average_305 /opt/freesurfer/average/711-2B_as_mni_average_305_mask talsrcimg_g11 none talsrcimg_to_711-2C_as_mni_average_305_t4 2311
---------------------------------------------------------------------

freesurfer imgreg_4dfp.c
/opt/freesurfer/average/711-2C_as_mni_average_305.4dfp.img
       256       256       256         1
  1.000000  1.000000  1.000000
orientation T byte_order littleendian
Reading image: /opt/freesurfer/average/711-2C_as_mni_average_305.4dfp.img
dimensions:      256       256       256
mmppix:       1.0000   -1.0000   -1.0000
center:     128.0000 -129.0000 -129.0000
/opt/freesurfer/average/711-2B_as_mni_average_305_mask.4dfp.img
       256       256       256         1
  1.000000  1.000000  1.000000
orientation T byte_order littleendian
Reading mask: /opt/freesurfer/average/711-2B_as_mni_average_305_mask.4dfp.img (2306576 pixels)
talsrcimg_g11.4dfp.img
       320       320       320         1
  0.700000  0.700000  0.700000
orientation T byte_order littleendian
Reading image: talsrcimg_g11.4dfp.img
dimensions:      320       320       320
mmppix:       0.7000   -0.7000   -0.7000
center:     112.0000 -112.7000 -112.7000
fimgreg.f
image alignment mode   2311 decimal      907 hex
parameters
   -2.1500   19.0863   -0.1131   -6.3938  -19.4616  -11.4805
    2.4833   -1.0750   -0.9527   36.8616    4.7262  -35.4367
eta,q 0.97400 17.25184
niter,ni,del,rscale     5    3    5.0000    0.8000
parameters
   -2.1934   19.0989    0.0556   -6.9888  -19.7805  -12.0834
    2.7368   -1.1130   -0.9415   36.8358    4.8333  -36.1104
eta,q 0.97351 17.23147
  0.0285  0.0275  0.0280  0.0291  0.0273  0.0302  0.0282  0.0306  0.0276  0.0282  0.0276  0.0270
  0.0271  0.0266  0.0269  0.0278  0.0268  0.0288  0.0273  0.0282  0.0270  0.0273  0.0270  0.0266
  0.0263  0.0262  0.0262  0.0267  0.0263  0.0273  0.0267  0.0269  0.0266  0.0268  0.0266  0.0265
  0.0260  0.0260  0.0260  0.0260  0.0262  0.0262  0.0265  0.0265  0.0265  0.0265  0.0265  0.0265
  0.0263  0.0262  0.0261  0.0265  0.0263  0.0264  0.0266  0.0270  0.0266  0.0267  0.0266  0.0267
  0.0273  0.0267  0.0265  0.0286  0.0268  0.0293  0.0271  0.0284  0.0270  0.0273  0.0269  0.0270
  0.0288  0.0274  0.0272  0.0322  0.0279  0.0352  0.0279  0.0306  0.0276  0.0283  0.0275  0.0273
niter,ni,del,rscale     4    3    5.0000    0.7000
parameters
   -2.0947   19.1963   -0.1786   -6.8365  -19.7650  -12.2013
    2.5802   -1.0377   -0.9189   37.0510    4.8789  -36.2155
eta,q 0.97357 17.23396
  0.0284  0.0277  0.0271  0.0294  0.0274  0.0300  0.0276  0.0300  0.0273  0.0279  0.0274  0.0270
  0.0274  0.0270  0.0266  0.0283  0.0269  0.0287  0.0269  0.0280  0.0268  0.0271  0.0268  0.0266
  0.0268  0.0266  0.0264  0.0272  0.0266  0.0275  0.0265  0.0268  0.0265  0.0267  0.0265  0.0265
  0.0265  0.0265  0.0265  0.0264  0.0264  0.0264  0.0264  0.0264  0.0264  0.0265  0.0264  0.0264
  0.0266  0.0266  0.0267  0.0264  0.0264  0.0261  0.0266  0.0268  0.0265  0.0265  0.0265  0.0265
  0.0271  0.0269  0.0271  0.0274  0.0268  0.0278  0.0270  0.0279  0.0268  0.0269  0.0268  0.0268
  0.0280  0.0274  0.0276  0.0296  0.0275  0.0319  0.0278  0.0297  0.0273  0.0276  0.0273  0.0270
niter,ni,del,rscale     3    3    5.0000    0.6000
parameters
   -2.0850   19.1667   -0.2334   -6.6398  -19.6730  -12.0394
    2.5472   -1.0200   -0.9498   37.0756    4.8484  -36.0142
eta,q 0.97372 17.24271
  0.0278  0.0272  0.0271  0.0288  0.0272  0.0295  0.0272  0.0291  0.0269  0.0273  0.0270  0.0269
  0.0271  0.0267  0.0267  0.0279  0.0268  0.0284  0.0267  0.0275  0.0266  0.0268  0.0266  0.0265
  0.0266  0.0265  0.0265  0.0270  0.0265  0.0273  0.0264  0.0266  0.0263  0.0264  0.0264  0.0263
  0.0264  0.0264  0.0264  0.0264  0.0264  0.0264  0.0263  0.0263  0.0263  0.0263  0.0263  0.0263
  0.0266  0.0265  0.0265  0.0264  0.0264  0.0261  0.0264  0.0266  0.0264  0.0264  0.0264  0.0263
  0.0270  0.0268  0.0268  0.0271  0.0267  0.0271  0.0267  0.0275  0.0266  0.0267  0.0266  0.0265
  0.0277  0.0272  0.0272  0.0288  0.0272  0.0299  0.0272  0.0290  0.0270  0.0273  0.0271  0.0267
niter,ni,del,rscale     2    3    5.0000    0.5000
parameters
   -2.1104   19.1266   -0.1898   -6.4924  -19.5731  -11.7654
    2.5248   -1.0322   -0.9676   36.9928    4.7807  -35.7128
eta,q 0.97388 17.24797
  0.0272  0.0268  0.0269  0.0281  0.0268  0.0288  0.0268  0.0282  0.0266  0.0268  0.0267  0.0266
  0.0267  0.0265  0.0265  0.0274  0.0266  0.0279  0.0264  0.0270  0.0263  0.0265  0.0264  0.0263
  0.0264  0.0263  0.0263  0.0267  0.0264  0.0270  0.0262  0.0263  0.0262  0.0262  0.0262  0.0262
  0.0263  0.0263  0.0263  0.0263  0.0262  0.0262  0.0261  0.0261  0.0261  0.0261  0.0261  0.0261
  0.0264  0.0264  0.0263  0.0263  0.0263  0.0260  0.0262  0.0264  0.0262  0.0262  0.0262  0.0262
  0.0267  0.0266  0.0265  0.0269  0.0264  0.0267  0.0264  0.0271  0.0263  0.0265  0.0264  0.0262
  0.0273  0.0269  0.0267  0.0280  0.0268  0.0285  0.0268  0.0282  0.0266  0.0270  0.0267  0.0264
niter,ni,del,rscale     1    3    5.0000    0.4000
parameters
   -2.1421   19.0900   -0.1146   -6.3834  -19.4703  -11.4871
    2.4978   -1.0418   -0.9641   36.8601    4.7025  -35.4367
eta,q 0.97400 17.25114
  0.0267  0.0264  0.0266  0.0274  0.0265  0.0280  0.0264  0.0274  0.0263  0.0265  0.0264  0.0263
  0.0264  0.0263  0.0263  0.0268  0.0263  0.0272  0.0262  0.0266  0.0261  0.0262  0.0262  0.0261
  0.0262  0.0261  0.0262  0.0264  0.0262  0.0266  0.0260  0.0262  0.0260  0.0261  0.0260  0.0260
  0.0261  0.0261  0.0261  0.0261  0.0261  0.0261  0.0260  0.0260  0.0260  0.0260  0.0260  0.0260
  0.0262  0.0262  0.0261  0.0261  0.0261  0.0260  0.0261  0.0262  0.0260  0.0261  0.0261  0.0260
  0.0264  0.0263  0.0262  0.0265  0.0262  0.0264  0.0262  0.0267  0.0261  0.0263  0.0262  0.0261
  0.0268  0.0265  0.0264  0.0273  0.0264  0.0275  0.0264  0.0274  0.0263  0.0266  0.0264  0.0262
registration optimization eta report
parameter search radius
    0.8000    0.8000    0.8000    2.4000    2.4000    2.4000
    2.4000    2.4000    2.4000    2.4000    2.4000    2.4000
100000*second partial in parameter space
      101.       56.       57.       22.        6.       29.
        8.       25.        5.        9.        7.        4.
  0.0267  0.0264  0.0266  0.0274  0.0265  0.0280  0.0264  0.0274  0.0263  0.0265  0.0264  0.0263
  0.0264  0.0263  0.0263  0.0268  0.0263  0.0272  0.0262  0.0266  0.0261  0.0262  0.0262  0.0261
  0.0262  0.0261  0.0262  0.0264  0.0262  0.0266  0.0260  0.0262  0.0260  0.0261  0.0260  0.0260
  0.0261  0.0261  0.0261  0.0261  0.0261  0.0261  0.0260  0.0260  0.0260  0.0260  0.0260  0.0260
  0.0262  0.0262  0.0261  0.0261  0.0261  0.0260  0.0261  0.0262  0.0260  0.0261  0.0261  0.0260
  0.0264  0.0263  0.0262  0.0265  0.0262  0.0264  0.0262  0.0267  0.0261  0.0263  0.0262  0.0261
  0.0268  0.0265  0.0264  0.0273  0.0264  0.0275  0.0264  0.0274  0.0263  0.0266  0.0264  0.0262
   -2.1421   19.0900   -0.1146   -6.3834  -19.4703  -11.4871
    2.4978   -1.0418   -0.9641   36.8601    4.7025  -35.4367
eta,q 0.97400 17.25114

---------------------------------------------------------------------
compute_vox2vox talsrcimg talsrcimg_to_711-2C_as_mni_average_305_t4 /opt/freesurfer/average/711-2C_as_mni_average_305
---------------------------------------------------------------------

freesurfer compute_vox2vox.c
Reading: talsrcimg.4dfp.ifh
Reading: talsrcimg_to_711-2C_as_mni_average_305_t4
Reading: /opt/freesurfer/average/711-2C_as_mni_average_305.4dfp.ifh
Writing: talsrcimg_to_711-2C_as_mni_average_305_t4_vox2vox.txt

start time Fri Mar 13 07:31:14 CET 2026
end		time Fri Mar 13 07:32:39 CET 2026

mpr2mni305 success

avi2talxfm orig_nu.mgz /opt/freesurfer/average/mni305.cor.mgz talsrcimg_to_711-2C_as_mni_average_305_t4_vox2vox.txt transforms/talairach.auto.xfm
avi2talxfm done
mv -f /out/sourcedata/freesurfer/sub-v2s5x29556_ses-1/mri/talsrcimg_to_711-2C_as_mni_average_305_t4_vox2vox.txt /out/sourcedata/freesurfer/sub-v2s5x29556_ses-1/mri/transforms/talsrcimg_to_711-2C_as_mni_average_305_t4_vox2vox.txt
lta_convert --src orig_nu.mgz --trg /opt/freesurfer/average/mni305.cor.mgz --inxfm transforms/talairach.auto.xfm --outlta transforms/talairach.auto.xfm.lta --subject fsaverage
7.3.2

--src: orig_nu.mgz src image (geometry).
--trg: /opt/freesurfer/average/mni305.cor.mgz trg image (geometry).
--inmni: transforms/talairach.auto.xfm input MNI/XFM transform.
--outlta: transforms/talairach.auto.xfm.lta output LTA.
--s: fsaverage subject name
 LTA read, type : 1
 1.06683   0.02226  -0.02330  -3.26871;
-0.04358   0.95390   0.42111  -22.75146;
 0.03272  -0.43635   1.04875  -3.92018;
 0.00000   0.00000   0.00000   1.00000;
setting subject to fsaverage
Writing  LTA to file transforms/talairach.auto.xfm.lta...
lta_convert successful.
 
 
Started at Fri Mar 13 07:31:14 CET 2026
Ended   at Fri Mar 13 07:32:39 CET 2026
talairach_avi done
