/out/sourcedata/freesurfer/sub-v2s5x29546_ses-1/mri
/opt/freesurfer/bin/talairach_avi
--i orig_nu.mgz --xfm transforms/talairach.auto.xfm
talairach_avi 7.3.2
Linux dna035 5.14.0-427.37.1.el9_4.x86_64 #1 SMP PREEMPT_DYNAMIC Fri Sep 13 12:41:50 EDT 2024 x86_64 x86_64 x86_64 GNU/Linux
Fri Mar 13 06:58:39 CET 2026
mri_convert orig_nu.mgz talsrcimg.img 
reading from orig_nu.mgz...
TR=0.00, TE=0.00, TI=0.00, flip angle=0.00
i_ras = (-1, 0, 0)
j_ras = (0, 0, -1)
k_ras = (0, 1, 0)
writing to talsrcimg.img...
Analyze Output Matrix
-0.70000   0.00000   0.00000   117.16810;
 0.00000   0.00000   0.70000  -89.63000;
 0.00000  -0.70000   0.00000   100.51540;
 0.00000   0.00000   0.00000   1.00000;
--------------------
INFO: set hdr.hist.orient to -1
mpr2mni305 talsrcimg
Fri Mar 13 06:58:39 CET 2026
/opt/freesurfer/bin/mpr2mni305 talsrcimg
mpr2mni305 7.3.2
target=711-2C_as_mni_average_305

---------------------------------------------------------------------
analyzeto4dfp talsrcimg -O0 -y
---------------------------------------------------------------------

freesurfer ifh2hdr.c
Fri Mar 13 06:58:40 2026
Writing: talsrcimg.4dfp.hdr
freesurfer analyzeto4dfp.c
Reading: talsrcimg.hdr
header size 348 bytes
hdr.dime.datatype	offset=70	value=2
hdr.dime.bitpix		offset=72	value=8
hdr.hist.orient		offset=252	value=-1
dimensionality     4
dimensions       320       320       320         1
Reading: talsrcimg.img
Writing: talsrcimg.4dfp.img
Writing: talsrcimg.4dfp.ifh
ifh2hdr talsrcimg -r0to224
ori=2

---------------------------------------------------------------------
gauss_4dfp talsrcimg 1.1
---------------------------------------------------------------------

freesurfer gauss_4dfp.c
Reading: talsrcimg.4dfp.img
Writing: talsrcimg_g11.4dfp.img
image dimensions 320 320 320 padded to 384 384 384
processing volume 1freesurfer ifh2hdr.c
Fri Mar 13 06:58:56 2026
Writing: talsrcimg_g11.4dfp.hdr

Writing: talsrcimg_g11.4dfp.ifh
including: talsrcimg.4dfp.img.rec in talsrcimg_g11.4dfp.img.rec

---------------------------------------------------------------------
imgreg_4dfp /opt/freesurfer/average/711-2C_as_mni_average_305 none talsrcimg_g11 none talsrcimg_to_711-2C_as_mni_average_305_t4 4355
---------------------------------------------------------------------

freesurfer imgreg_4dfp.c
/opt/freesurfer/average/711-2C_as_mni_average_305.4dfp.img
       256       256       256         1
  1.000000  1.000000  1.000000
orientation T byte_order littleendian
Reading image: /opt/freesurfer/average/711-2C_as_mni_average_305.4dfp.img
dimensions:      256       256       256
mmppix:       1.0000   -1.0000   -1.0000
center:     128.0000 -129.0000 -129.0000
talsrcimg_g11.4dfp.img
       320       320       320         1
  0.700000  0.700000  0.700000
orientation T byte_order littleendian
Reading image: talsrcimg_g11.4dfp.img
dimensions:      320       320       320
mmppix:       0.7000   -0.7000   -0.7000
center:     112.0000 -112.7000 -112.7000
t4_read: open error in t4_sub.f l:  41 t4_file(1:l)talsrcimg_to_711-2C_as_mni_average_305_t4 
t4_read: transform initialized to I4
rotation matrix determinant  1.000000
image alignment mode   4355 decimal     1103 hex
   -7.5000  -45.0000  -45.0000 4514.2817   23.1820
    0.0000  -45.0000  -45.0000 4740.7593   23.2354
    7.5000  -45.0000  -45.0000 4498.3301   23.2408
   -7.5000  -37.5000  -45.0000 4884.8145   23.2450
    0.0000  -37.5000  -45.0000 5134.3140   23.2944
    7.5000  -37.5000  -45.0000 4856.0825   23.3001
   -7.5000  -30.0000  -45.0000 5315.5884   22.8359
    0.0000  -30.0000  -45.0000 5589.3403   22.8871
    7.5000  -30.0000  -45.0000 5287.3560   22.9048
   -7.5000  -22.5000  -45.0000 5637.5649   21.9138
    0.0000  -22.5000  -45.0000 5919.5630   21.9644
    7.5000  -22.5000  -45.0000 5596.7964   21.9886
   -7.5000  -15.0000  -45.0000 6217.0015   21.2220
    0.0000  -15.0000  -45.0000 6522.1445   21.2636
    7.5000  -15.0000  -45.0000 6160.4316   21.2765
   -7.5000   -7.5000  -45.0000 6777.1582   20.7363
    0.0000   -7.5000  -45.0000 7118.2886   20.7662
    7.5000   -7.5000  -45.0000 6717.7861   20.7650
   -7.5000    0.0000  -45.0000 7386.1348   20.5820
    0.0000    0.0000  -45.0000 7776.7417   20.6118
    7.5000    0.0000  -45.0000 7334.8359   20.6099
   -7.5000    7.5000  -45.0000 7346.6865   20.6029
    0.0000    7.5000  -45.0000 7725.8862   20.6396
    7.5000    7.5000  -45.0000 7298.4170   20.6487
   -7.5000   15.0000  -45.0000 7269.0264   20.3497
    0.0000   15.0000  -45.0000 7633.2998   20.3931
    7.5000   15.0000  -45.0000 7224.3008   20.4138
   -7.5000   22.5000  -45.0000 7178.9062   19.8307
    0.0000   22.5000  -45.0000 7536.9282   19.8747
    7.5000   22.5000  -45.0000 7115.1299   19.8952
   -7.5000   30.0000  -45.0000 7245.9365   19.7870
    0.0000   30.0000  -45.0000 7607.2422   19.8231
    7.5000   30.0000  -45.0000 7143.8862   19.8323
   -7.5000   37.5000  -45.0000 6932.7520   19.1270
    0.0000   37.5000  -45.0000 7290.9932   19.1541
    7.5000   37.5000  -45.0000 6839.4360   19.1524
   -7.5000   45.0000  -45.0000 6532.9746   18.4236
    0.0000   45.0000  -45.0000 6900.3193   18.4503
    7.5000   45.0000  -45.0000 6467.6289   18.4486
   -7.5000  -45.0000  -37.5000 4772.8726   23.9306
    0.0000  -45.0000  -37.5000 5007.7671   23.9775
    7.5000  -45.0000  -37.5000 4759.2188   23.9668
   -7.5000  -37.5000  -37.5000 5170.2583   24.0138
    0.0000  -37.5000  -37.5000 5420.4487   24.0573
    7.5000  -37.5000  -37.5000 5146.1035   24.0507
   -7.5000  -30.0000  -37.5000 5662.5723   23.5547
    0.0000  -30.0000  -37.5000 5934.6353   23.5986
    7.5000  -30.0000  -37.5000 5621.2778   23.6144
   -7.5000  -22.5000  -37.5000 6021.1987   22.6254
    0.0000  -22.5000  -37.5000 6313.3296   22.6666
    7.5000  -22.5000  -37.5000 5961.8687   22.6913
   -7.5000  -15.0000  -37.5000 6650.2095   21.9313
    0.0000  -15.0000  -37.5000 6972.7104   21.9643
    7.5000  -15.0000  -37.5000 6564.4111   21.9723
   -7.5000   -7.5000  -37.5000 7268.7524   21.4482
    0.0000   -7.5000  -37.5000 7617.6011   21.4712
    7.5000   -7.5000  -37.5000 7176.9390   21.4577
   -7.5000    0.0000  -37.5000 7937.5034   21.2939
    0.0000    0.0000  -37.5000 8324.6523   21.3174
    7.5000    0.0000  -37.5000 7853.6235   21.3006
   -7.5000    7.5000  -37.5000 7891.6514   21.3072
    0.0000    7.5000  -37.5000 8275.7529   21.3378
    7.5000    7.5000  -37.5000 7808.4019   21.3374
   -7.5000   15.0000  -37.5000 7788.8711   21.0367
    0.0000   15.0000  -37.5000 8146.5708   21.0731
    7.5000   15.0000  -37.5000 7719.7637   21.0922
   -7.5000   22.5000  -37.5000 7662.5884   20.5101
    0.0000   22.5000  -37.5000 8022.2510   20.5457
    7.5000   22.5000  -37.5000 7570.8188   20.5669
   -7.5000   30.0000  -37.5000 7720.7725   20.4721
    0.0000   30.0000  -37.5000 8086.0620   20.5002
    7.5000   30.0000  -37.5000 7601.8657   20.5049
   -7.5000   37.5000  -37.5000 7383.7617   19.8006
    0.0000   37.5000  -37.5000 7744.2173   19.8214
    7.5000   37.5000  -37.5000 7289.4282   19.8084
   -7.5000   45.0000  -37.5000 6971.5518   19.0609
    0.0000   45.0000  -37.5000 7338.7466   19.0819
    7.5000   45.0000  -37.5000 6915.5635   19.0669
   -7.5000  -45.0000  -30.0000 5033.8330   24.6233
    0.0000  -45.0000  -30.0000 5284.2222   24.6655
    7.5000  -45.0000  -30.0000 5016.9390   24.6505
   -7.5000  -37.5000  -30.0000 5479.7471   24.7314
    0.0000  -37.5000  -30.0000 5748.2690   24.7703
    7.5000  -37.5000  -30.0000 5447.3931   24.7624
   -7.5000  -30.0000  -30.0000 6006.9961   24.2235
    0.0000  -30.0000  -30.0000 6302.1460   24.2622
    7.5000  -30.0000  -30.0000 5961.0103   24.2771
   -7.5000  -22.5000  -30.0000 6385.7803   23.2922
    0.0000  -22.5000  -30.0000 6700.0034   23.3259
    7.5000  -22.5000  -30.0000 6324.6494   23.3457
   -7.5000  -15.0000  -30.0000 7077.8994   22.6100
    0.0000  -15.0000  -30.0000 7419.8101   22.6358
    7.5000  -15.0000  -30.0000 6986.9756   22.6336
   -7.5000   -7.5000  -30.0000 7752.5234   22.1328
    0.0000   -7.5000  -30.0000 8121.9854   22.1501
    7.5000   -7.5000  -30.0000 7651.2744   22.1252
   -7.5000    0.0000  -30.0000 8480.6826   21.9669
    0.0000    0.0000  -30.0000 8877.4111   21.9868
    7.5000    0.0000  -30.0000 8382.6875   21.9627
   -7.5000    7.5000  -30.0000 8439.1387   21.9572
    0.0000    7.5000  -30.0000 8848.2158   21.9852
    7.5000    7.5000  -30.0000 8346.8457   21.9829
   -7.5000   15.0000  -30.0000 8320.0811   21.6683
    0.0000   15.0000  -30.0000 8705.9717   21.7002
    7.5000   15.0000  -30.0000 8218.6904   21.7190
   -7.5000   22.5000  -30.0000 8159.4692   21.1475
    0.0000   22.5000  -30.0000 8549.2217   21.1764
    7.5000   22.5000  -30.0000 8056.3208   21.1938
   -7.5000   30.0000  -30.0000 8208.9961   21.1278
    0.0000   30.0000  -30.0000 8604.7588   21.1493
    7.5000   30.0000  -30.0000 8107.2246   21.1449
   -7.5000   37.5000  -30.0000 7861.0137   20.4639
    0.0000   37.5000  -30.0000 8238.0986   20.4794
    7.5000   37.5000  -30.0000 7775.4082   20.4560
   -7.5000   45.0000  -30.0000 7417.6006   19.6947
    0.0000   45.0000  -30.0000 7799.5327   19.7124
    7.5000   45.0000  -30.0000 7375.5972   19.6909
   -7.5000  -45.0000  -22.5000 5129.1123   24.3285
    0.0000  -45.0000  -22.5000 5385.4907   24.3664
    7.5000  -45.0000  -22.5000 5118.5322   24.3569
   -7.5000  -37.5000  -22.5000 5598.0791   24.4424
    0.0000  -37.5000  -22.5000 5879.1138   24.4790
    7.5000  -37.5000  -22.5000 5562.5137   24.4762
   -7.5000  -30.0000  -22.5000 6149.8496   23.9529
    0.0000  -30.0000  -22.5000 6461.2886   23.9929
    7.5000  -30.0000  -22.5000 6089.7134   24.0027
   -7.5000  -22.5000  -22.5000 6551.6650   23.0494
    0.0000  -22.5000  -22.5000 6874.7329   23.0845
    7.5000  -22.5000  -22.5000 6472.4097   23.0930
   -7.5000  -15.0000  -22.5000 7274.0029   22.3963
    0.0000  -15.0000  -22.5000 7616.0586   22.4212
    7.5000  -15.0000  -22.5000 7167.8145   22.4087
   -7.5000   -7.5000  -22.5000 7989.8237   21.9317
    0.0000   -7.5000  -22.5000 8362.3916   21.9463
    7.5000   -7.5000  -22.5000 7858.3516   21.9180
   -7.5000    0.0000  -22.5000 8758.0371   21.7567
    0.0000    0.0000  -22.5000 9173.6836   21.7748
    7.5000    0.0000  -22.5000 8631.8652   21.7538
   -7.5000    7.5000  -22.5000 8749.1104   21.7320
    0.0000    7.5000  -22.5000 9185.1172   21.7608
    7.5000    7.5000  -22.5000 8627.9639   21.7614
   -7.5000   15.0000  -22.5000 8620.2793   21.4441
    0.0000   15.0000  -22.5000 9037.0459   21.4780
    7.5000   15.0000  -22.5000 8485.2295   21.4932
   -7.5000   22.5000  -22.5000 8444.5352   20.9398
    0.0000   22.5000  -22.5000 8851.4795   20.9700
    7.5000   22.5000  -22.5000 8330.2109   20.9779
   -7.5000   30.0000  -22.5000 8473.4141   20.9331
    0.0000   30.0000  -22.5000 8875.3955   20.9540
    7.5000   30.0000  -22.5000 8371.9326   20.9404
   -7.5000   37.5000  -22.5000 8099.8804   20.2789
    0.0000   37.5000  -22.5000 8497.8193   20.2920
    7.5000   37.5000  -22.5000 8032.7783   20.2656
   -7.5000   45.0000  -22.5000 7626.9497   19.5062
    0.0000   45.0000  -22.5000 8023.5532   19.5224
    7.5000   45.0000  -22.5000 7604.6211   19.5036
   -7.5000  -45.0000  -15.0000 5390.2715   25.0702
    0.0000  -45.0000  -15.0000 5668.1865   25.1155
    7.5000  -45.0000  -15.0000 5384.8291   25.1201
   -7.5000  -37.5000  -15.0000 5897.0400   25.2208
    0.0000  -37.5000  -15.0000 6190.5195   25.2648
    7.5000  -37.5000  -15.0000 5868.1655   25.2726
   -7.5000  -30.0000  -15.0000 6485.0962   24.7203
    0.0000  -30.0000  -15.0000 6802.6362   24.7700
    7.5000  -30.0000  -15.0000 6430.1831   24.7803
   -7.5000  -22.5000  -15.0000 6909.5986   23.7930
    0.0000  -22.5000  -15.0000 7234.6890   23.8405
    7.5000  -22.5000  -15.0000 6823.6616   23.8470
   -7.5000  -15.0000  -15.0000 7687.3394   23.1148
    0.0000  -15.0000  -15.0000 8032.3062   23.1505
    7.5000  -15.0000  -15.0000 7554.6577   23.1411
   -7.5000   -7.5000  -15.0000 8482.5684   22.6247
    0.0000   -7.5000  -15.0000 8858.2090   22.6473
    7.5000   -7.5000  -15.0000 8301.6719   22.6293
   -7.5000    0.0000  -15.0000 9328.9287   22.4386
    0.0000    0.0000  -15.0000 9762.5996   22.4633
    7.5000    0.0000  -15.0000 9128.1387   22.4551
   -7.5000    7.5000  -15.0000 9387.4658   22.4186
    0.0000    7.5000  -15.0000 9857.9023   22.4546
    7.5000    7.5000  -15.0000 9196.6074   22.4635
   -7.5000   15.0000  -15.0000 9290.5186   22.1401
    0.0000   15.0000  -15.0000 9771.9170   22.1832
    7.5000   15.0000  -15.0000 9092.7158   22.1995
   -7.5000   22.5000  -15.0000 9046.1035   21.6380
    0.0000   22.5000  -15.0000 9510.1689   21.6793
    7.5000   22.5000  -15.0000 8890.4258   21.6852
   -7.5000   30.0000  -15.0000 9020.8828   21.6224
    0.0000   30.0000  -15.0000 9452.0137   21.6533
    7.5000   30.0000  -15.0000 8897.5322   21.6424
   -7.5000   37.5000  -15.0000 8579.4951   20.9514
    0.0000   37.5000  -15.0000 9033.7207   20.9719
    7.5000   37.5000  -15.0000 8488.0615   20.9548
   -7.5000   45.0000  -15.0000 8102.4126   20.1662
    0.0000   45.0000  -15.0000 8539.1426   20.1884
    7.5000   45.0000  -15.0000 8037.3760   20.1811
   -7.5000  -45.0000   -7.5000 5624.8799   25.8628
    0.0000  -45.0000   -7.5000 5910.8979   25.9138
    7.5000  -45.0000   -7.5000 5611.5298   25.9249
   -7.5000  -37.5000   -7.5000 6170.0522   26.0335
    0.0000  -37.5000   -7.5000 6488.1318   26.0822
    7.5000  -37.5000   -7.5000 6142.2065   26.0941
   -7.5000  -30.0000   -7.5000 6801.8540   25.5193
    0.0000  -30.0000   -7.5000 7130.2881   25.5745
    7.5000  -30.0000   -7.5000 6734.8936   25.5888
   -7.5000  -22.5000   -7.5000 7257.4600   24.5559
    0.0000  -22.5000   -7.5000 7585.8301   24.6124
    7.5000  -22.5000   -7.5000 7154.3423   24.6262
   -7.5000  -15.0000   -7.5000 8077.6050   23.8353
    0.0000  -15.0000   -7.5000 8421.0732   23.8804
    7.5000  -15.0000   -7.5000 7911.7520   23.8823
   -7.5000   -7.5000   -7.5000 8908.8857   23.3149
    0.0000   -7.5000   -7.5000 9279.5430   23.3447
    7.5000   -7.5000   -7.5000 8697.5566   23.3388
   -7.5000    0.0000   -7.5000 9825.8350   23.1285
    0.0000    0.0000   -7.500010246.6504   23.1574
    7.5000    0.0000   -7.5000 9586.6104   23.1578
   -7.5000    7.5000   -7.500010008.5996   23.1279
    0.0000    7.5000   -7.500010486.6074   23.1664
    7.5000    7.5000   -7.5000 9705.8779   23.1794
   -7.5000   15.0000   -7.500010040.0801   22.8605
    0.0000   15.0000   -7.500010623.8105   22.9084
    7.5000   15.0000   -7.5000 9698.8486   22.9276
   -7.5000   22.5000   -7.5000 9703.7188   22.3495
    0.0000   22.5000   -7.500010254.3076   22.3989
    7.5000   22.5000   -7.5000 9454.0879   22.4107
   -7.5000   30.0000   -7.5000 9573.1377   22.3137
    0.0000   30.0000   -7.500010072.6025   22.3532
    7.5000   30.0000   -7.5000 9376.3711   22.3523
   -7.5000   37.5000   -7.5000 9138.0205   21.6236
    0.0000   37.5000   -7.5000 9590.2695   21.6506
    7.5000   37.5000   -7.5000 8938.7666   21.6446
   -7.5000   45.0000   -7.5000 8686.7275   20.8368
    0.0000   45.0000   -7.5000 9104.6455   20.8629
    7.5000   45.0000   -7.5000 8468.7803   20.8632
   -7.5000  -45.0000    0.0000 5847.4844   26.5164
    0.0000  -45.0000    0.0000 6139.6348   26.5688
    7.5000  -45.0000    0.0000 5811.0542   26.5732
   -7.5000  -37.5000    0.0000 6418.1201   26.6866
    0.0000  -37.5000    0.0000 6746.2368   26.7372
    7.5000  -37.5000    0.0000 6364.0186   26.7437
   -7.5000  -30.0000    0.0000 7077.2520   26.1422
    0.0000  -30.0000    0.0000 7416.7090   26.1972
    7.5000  -30.0000    0.0000 6997.1318   26.2164
   -7.5000  -22.5000    0.0000 7543.1211   25.1487
    0.0000  -22.5000    0.0000 7907.3423   25.2036
    7.5000  -22.5000    0.0000 7444.4478   25.2275
   -7.5000  -15.0000    0.0000 8399.6084   24.3965
    0.0000  -15.0000    0.0000 8805.1602   24.4401
    7.5000  -15.0000    0.0000 8252.8672   24.4504
   -7.5000   -7.5000    0.0000 9245.0840   23.8604
    0.0000   -7.5000    0.0000 9688.3721   23.8896
    7.5000   -7.5000    0.0000 9071.5566   23.8850
   -7.5000    0.0000    0.000010229.8330   23.6798
    0.0000    0.0000    0.000010684.2324   23.7081
    7.5000    0.0000    0.000010055.4346   23.7045
   -7.5000    7.5000    0.000010593.0186   23.6921
    0.0000    7.5000    0.000011099.6836   23.7295
    7.5000    7.5000    0.000010261.5176   23.7393
   -7.5000   15.0000    0.000010907.0576   23.4240
    0.0000   15.0000    0.000011576.1123   23.4707
    7.5000   15.0000    0.000010273.8340   23.4931
   -7.5000   22.5000    0.000010672.7412   22.9007
    0.0000   22.5000    0.000011252.3945   22.9487
    7.5000   22.5000    0.000010012.6650   22.9689
   -7.5000   30.0000    0.000010458.0928   22.8526
    0.0000   30.0000    0.000010889.3018   22.8904
    7.5000   30.0000    0.0000 9852.5967   22.8970
   -7.5000   37.5000    0.0000 9872.6553   22.1557
    0.0000   37.5000    0.000010245.0791   22.1821
    7.5000   37.5000    0.0000 9328.0703   22.1773
   -7.5000   45.0000    0.0000 9291.2061   21.3746
    0.0000   45.0000    0.0000 9690.7012   21.4002
    7.5000   45.0000    0.0000 8845.6934   21.3969
   -7.5000  -45.0000    7.5000 5656.0410   27.0394
    0.0000  -45.0000    7.5000 5978.1616   27.0880
    7.5000  -45.0000    7.5000 5613.3188   27.0758
   -7.5000  -37.5000    7.5000 6192.6572   27.1825
    0.0000  -37.5000    7.5000 6551.9590   27.2276
    7.5000  -37.5000    7.5000 6157.7910   27.2212
   -7.5000  -30.0000    7.5000 6821.5781   26.5849
    0.0000  -30.0000    7.5000 7199.1372   26.6308
    7.5000  -30.0000    7.5000 6783.3989   26.6490
   -7.5000  -22.5000    7.5000 7270.3706   25.5609
    0.0000  -22.5000    7.5000 7659.8848   25.6038
    7.5000  -22.5000    7.5000 7216.5977   25.6304
   -7.5000  -15.0000    7.5000 8118.0854   24.7942
    0.0000  -15.0000    7.5000 8527.0527   24.8277
    7.5000  -15.0000    7.5000 7999.4253   24.8348
   -7.5000   -7.5000    7.5000 9013.6885   24.2574
    0.0000   -7.5000    7.5000 9425.6084   24.2798
    7.5000   -7.5000    7.5000 8824.5459   24.2629
   -7.5000    0.0000    7.500010107.8096   24.0805
    0.0000    0.0000    7.500010518.5342   24.1036
    7.5000    0.0000    7.5000 9840.6494   24.0843
   -7.5000    7.5000    7.500010483.6592   24.0861
    0.0000    7.5000    7.500011061.1924   24.1173
    7.5000    7.5000    7.500010008.1777   24.1172
   -7.5000   15.0000    7.500010660.0166   23.7993
    0.0000   15.0000    7.500011301.8721   23.8373
    7.5000   15.0000    7.5000 9941.8369   23.8586
   -7.5000   22.5000    7.500010376.6895   23.2614
    0.0000   22.5000    7.500010873.0488   23.2985
    7.5000   22.5000    7.5000 9656.7012   23.3212
   -7.5000   30.0000    7.500010193.7344   23.2200
    0.0000   30.0000    7.500010586.9287   23.2484
    7.5000   30.0000    7.5000 9539.8301   23.2519
   -7.5000   37.5000    7.5000 9552.5771   22.5241
    0.0000   37.5000    7.5000 9941.2061   22.5442
    7.5000   37.5000    7.5000 9025.9248   22.5281
   -7.5000   45.0000    7.5000 8902.3486   21.7362
    0.0000   45.0000    7.5000 9322.7861   21.7571
    7.5000   45.0000    7.5000 8524.0088   21.7397
   -7.5000  -45.0000   15.0000 5433.0142   27.8491
    0.0000  -45.0000   15.0000 5741.5732   27.8947
    7.5000  -45.0000   15.0000 5406.9878   27.8723
   -7.5000  -37.5000   15.0000 5945.4033   27.9401
    0.0000  -37.5000   15.0000 6278.8643   27.9826
    7.5000  -37.5000   15.0000 5917.6987   27.9710
   -7.5000  -30.0000   15.0000 6554.8672   27.2681
    0.0000  -30.0000   15.0000 6905.5200   27.3108
    7.5000  -30.0000   15.0000 6498.0000   27.3262
   -7.5000  -22.5000   15.0000 7020.4902   26.2044
    0.0000  -22.5000   15.0000 7381.6245   26.2411
    7.5000  -22.5000   15.0000 6907.9609   26.2610
   -7.5000  -15.0000   15.0000 7862.6309   25.4280
    0.0000  -15.0000   15.0000 8249.2715   25.4546
    7.5000  -15.0000   15.0000 7692.9648   25.4473
   -7.5000   -7.5000   15.0000 8747.0566   24.8849
    0.0000   -7.5000   15.0000 9140.9678   24.9012
    7.5000   -7.5000   15.0000 8507.3730   24.8673
   -7.5000    0.0000   15.0000 9724.0938   24.6943
    0.0000    0.0000   15.000010198.1445   24.7141
    7.5000    0.0000   15.0000 9449.0283   24.6826
   -7.5000    7.5000   15.0000 9845.7637   24.6745
    0.0000    7.5000   15.000010425.8496   24.7043
    7.5000    7.5000   15.0000 9522.7363   24.6996
   -7.5000   15.0000   15.0000 9710.5078   24.3640
    0.0000   15.0000   15.000010212.8408   24.3989
    7.5000   15.0000   15.0000 9373.2002   24.4189
   -7.5000   22.5000   15.0000 9407.4678   23.8212
    0.0000   22.5000   15.0000 9830.7402   23.8525
    7.5000   22.5000   15.0000 9116.4873   23.8701
   -7.5000   30.0000   15.0000 9336.4541   23.8022
    0.0000   30.0000   15.0000 9762.4600   23.8241
    7.5000   30.0000   15.0000 9079.1426   23.8147
   -7.5000   37.5000   15.0000 8861.9678   23.1051
    0.0000   37.5000   15.0000 9307.0605   23.1198
    7.5000   37.5000   15.0000 8645.0439   23.0880
   -7.5000   45.0000   15.0000 8366.0938   22.2903
    0.0000   45.0000   15.0000 8786.0244   22.3082
    7.5000   45.0000   15.0000 8171.9800   22.2797
   -7.5000  -45.0000   22.5000 5155.3022   28.5815
    0.0000  -45.0000   22.5000 5448.8750   28.6312
    7.5000  -45.0000   22.5000 5113.6875   28.6187
   -7.5000  -37.5000   22.5000 5661.7808   28.6966
    0.0000  -37.5000   22.5000 5984.5840   28.7451
    7.5000  -37.5000   22.5000 5607.9219   28.7429
   -7.5000  -30.0000   22.5000 6254.9785   27.9954
    0.0000  -30.0000   22.5000 6604.9204   28.0458
    7.5000  -30.0000   22.5000 6179.8545   28.0585
   -7.5000  -22.5000   22.5000 6674.4189   26.8797
    0.0000  -22.5000   22.5000 7038.4736   26.9213
    7.5000  -22.5000   22.5000 6595.7578   26.9297
   -7.5000  -15.0000   22.5000 7407.0918   26.0772
    0.0000  -15.0000   22.5000 7803.7700   26.1056
    7.5000  -15.0000   22.5000 7345.0557   26.0863
   -7.5000   -7.5000   22.5000 8156.0269   25.5088
    0.0000   -7.5000   22.5000 8581.3828   25.5260
    7.5000   -7.5000   22.5000 8109.3926   25.4883
   -7.5000    0.0000   22.5000 8962.1797   25.2968
    0.0000    0.0000   22.5000 9465.0664   25.3205
    7.5000    0.0000   22.5000 8967.3135   25.2943
   -7.5000    7.5000   22.5000 8974.3740   25.2594
    0.0000    7.5000   22.5000 9461.9219   25.2968
    7.5000    7.5000   22.5000 8968.8613   25.2988
   -7.5000   15.0000   22.5000 8836.6475   24.9381
    0.0000   15.0000   22.5000 9216.9512   24.9802
    7.5000   15.0000   22.5000 8791.7656   24.9994
   -7.5000   22.5000   22.5000 8691.0811   24.4092
    0.0000   22.5000   22.5000 9045.2383   24.4448
    7.5000   22.5000   22.5000 8609.7861   24.4529
   -7.5000   30.0000   22.5000 8707.7295   24.4036
    0.0000   30.0000   22.5000 9090.9141   24.4272
    7.5000   30.0000   22.5000 8606.3945   24.4070
   -7.5000   37.5000   22.5000 8293.3516   23.7039
    0.0000   37.5000   22.5000 8691.3271   23.7195
    7.5000   37.5000   22.5000 8182.2744   23.6841
   -7.5000   45.0000   22.5000 7865.5288   22.8655
    0.0000   45.0000   22.5000 8249.8516   22.8869
    7.5000   45.0000   22.5000 7754.3442   22.8632
   -7.5000  -45.0000   30.0000 5063.1387   29.7289
    0.0000  -45.0000   30.0000 5361.5581   29.7865
    7.5000  -45.0000   30.0000 5046.6157   29.7950
   -7.5000  -37.5000   30.0000 5554.0405   29.8449
    0.0000  -37.5000   30.0000 5893.3638   29.9024
    7.5000  -37.5000   30.0000 5545.9624   29.9167
   -7.5000  -30.0000   30.0000 6131.3770   29.1639
    0.0000  -30.0000   30.0000 6497.7100   29.2274
    7.5000  -30.0000   30.0000 6124.9146   29.2444
   -7.5000  -22.5000   30.0000 6517.7476   28.0007
    0.0000  -22.5000   30.0000 6902.7085   28.0574
    7.5000  -22.5000   30.0000 6531.5083   28.0670
   -7.5000  -15.0000   30.0000 7231.9204   27.1280
    0.0000  -15.0000   30.0000 7632.6357   27.1672
    7.5000  -15.0000   30.0000 7254.7417   27.1536
   -7.5000   -7.5000   30.0000 7931.6274   26.5055
    0.0000   -7.5000   30.0000 8366.9785   26.5291
    7.5000   -7.5000   30.0000 7969.4033   26.5043
   -7.5000    0.0000   30.0000 8671.2012   26.2778
    0.0000    0.0000   30.0000 9150.8779   26.3075
    7.5000    0.0000   30.0000 8758.7764   26.2978
   -7.5000    7.5000   30.0000 8658.6211   26.2462
    0.0000    7.5000   30.0000 9084.7666   26.2927
    7.5000    7.5000   30.0000 8713.1484   26.3071
   -7.5000   15.0000   30.0000 8560.1680   25.9235
    0.0000   15.0000   30.0000 8903.8496   25.9777
    7.5000   15.0000   30.0000 8572.0547   26.0017
   -7.5000   22.5000   30.0000 8459.8115   25.3767
    0.0000   22.5000   30.0000 8802.1094   25.4255
    7.5000   22.5000   30.0000 8434.9883   25.4342
   -7.5000   30.0000   30.0000 8495.7168   25.3618
    0.0000   30.0000   30.0000 8849.8398   25.3953
    7.5000   30.0000   30.0000 8445.0303   25.3800
   -7.5000   37.5000   30.0000 8114.5957   24.6256
    0.0000   37.5000   30.0000 8468.7334   24.6470
    7.5000   37.5000   30.0000 8056.5469   24.6235
   -7.5000   45.0000   30.0000 7692.8784   23.7522
    0.0000   45.0000   30.0000 8039.2480   23.7790
    7.5000   45.0000   30.0000 7623.6162   23.7702
   -7.5000  -45.0000   37.5000 4770.2676   30.4458
    0.0000  -45.0000   37.5000 5052.1641   30.5015
    7.5000  -45.0000   37.5000 4784.7114   30.5101
   -7.5000  -37.5000   37.5000 5225.1465   30.5762
    0.0000  -37.5000   37.5000 5546.4556   30.6336
    7.5000  -37.5000   37.5000 5251.3203   30.6465
   -7.5000  -30.0000   37.5000 5766.8042   29.8716
    0.0000  -30.0000   37.5000 6123.5229   29.9383
    7.5000  -30.0000   37.5000 5804.8379   29.9569
   -7.5000  -22.5000   37.5000 6151.0049   28.7175
    0.0000  -22.5000   37.5000 6511.5132   28.7821
    7.5000  -22.5000   37.5000 6194.7920   28.7991
   -7.5000  -15.0000   37.5000 6803.1162   27.8028
    0.0000  -15.0000   37.5000 7201.8623   27.8497
    7.5000  -15.0000   37.5000 6845.1860   27.8481
   -7.5000   -7.5000   37.5000 7437.4966   27.1163
    0.0000   -7.5000   37.5000 7853.3955   27.1438
    7.5000   -7.5000   37.5000 7500.6846   27.1306
   -7.5000    0.0000   37.5000 8116.2446   26.8795
    0.0000    0.0000   37.5000 8562.5566   26.9089
    7.5000    0.0000   37.5000 8201.4033   26.9052
   -7.5000    7.5000   37.5000 8093.2480   26.8715
    0.0000    7.5000   37.5000 8501.7021   26.9163
    7.5000    7.5000   37.5000 8145.2441   26.9316
   -7.5000   15.0000   37.5000 7994.3843   26.5563
    0.0000   15.0000   37.5000 8333.6641   26.6130
    7.5000   15.0000   37.5000 8012.0645   26.6377
   -7.5000   22.5000   37.5000 7890.8672   25.9981
    0.0000   22.5000   37.5000 8231.8271   26.0539
    7.5000   22.5000   37.5000 7884.0977   26.0680
   -7.5000   30.0000   37.5000 7940.4219   25.9602
    0.0000   30.0000   37.5000 8278.7285   26.0005
    7.5000   30.0000   37.5000 7896.2964   25.9955
   -7.5000   37.5000   37.5000 7601.7578   25.1873
    0.0000   37.5000   37.5000 7920.8188   25.2120
    7.5000   37.5000   37.5000 7558.6362   25.1991
   -7.5000   45.0000   37.5000 7201.0674   24.2931
    0.0000   45.0000   37.5000 7525.9297   24.3197
    7.5000   45.0000   37.5000 7158.3477   24.3163
   -7.5000  -45.0000   45.0000 4488.6592   31.2047
    0.0000  -45.0000   45.0000 4747.8130   31.2764
    7.5000  -45.0000   45.0000 4516.0654   31.2945
   -7.5000  -37.5000   45.0000 4907.1753   31.3475
    0.0000  -37.5000   45.0000 5204.5874   31.4187
    7.5000  -37.5000   45.0000 4962.6621   31.4367
   -7.5000  -30.0000   45.0000 5414.2402   30.5802
    0.0000  -30.0000   45.0000 5750.2930   30.6606
    7.5000  -30.0000   45.0000 5474.6904   30.6981
   -7.5000  -22.5000   45.0000 5769.7549   29.3922
    0.0000  -22.5000   45.0000 6121.1660   29.4674
    7.5000  -22.5000   45.0000 5814.5557   29.5101
   -7.5000  -15.0000   45.0000 6388.2764   28.4988
    0.0000  -15.0000   45.0000 6764.2021   28.5537
    7.5000  -15.0000   45.0000 6436.9722   28.5754
   -7.5000   -7.5000   45.0000 6948.4727   27.7812
    0.0000   -7.5000   45.0000 7352.4883   27.8152
    7.5000   -7.5000   45.0000 7012.0913   27.8149
   -7.5000    0.0000   45.0000 7590.5728   27.5367
    0.0000    0.0000   45.0000 8015.4873   27.5723
    7.5000    0.0000   45.0000 7660.1191   27.5736
   -7.5000    7.5000   45.0000 7528.9863   27.5257
    0.0000    7.5000   45.0000 7937.9795   27.5781
    7.5000    7.5000   45.0000 7587.4990   27.5989
   -7.5000   15.0000   45.0000 7413.1069   27.1873
    0.0000   15.0000   45.0000 7768.1978   27.2538
    7.5000   15.0000   45.0000 7454.3735   27.2927
   -7.5000   22.5000   45.0000 7317.7109   26.6112
    0.0000   22.5000   45.0000 7667.2378   26.6760
    7.5000   22.5000   45.0000 7336.1099   26.7116
   -7.5000   30.0000   45.0000 7364.6270   26.5772
    0.0000   30.0000   45.0000 7711.5459   26.6242
    7.5000   30.0000   45.0000 7354.8096   26.6397
   -7.5000   37.5000   45.0000 7053.6992   25.7900
    0.0000   37.5000   45.0000 7369.7549   25.8205
    7.5000   37.5000   45.0000 7032.6089   25.8195
   -7.5000   45.0000   45.0000 6687.6821   24.8714
    0.0000   45.0000   45.0000 7020.4067   24.9035
    7.5000   45.0000   45.0000 6669.6646   24.9046

---------------------------------------------------------------------
imgreg_4dfp /opt/freesurfer/average/711-2C_as_mni_average_305 /opt/freesurfer/average/711-2B_as_mni_average_305_mask talsrcimg_g11 none talsrcimg_to_711-2C_as_mni_average_305_t4 4355
---------------------------------------------------------------------

freesurfer imgreg_4dfp.c
/opt/freesurfer/average/711-2C_as_mni_average_305.4dfp.img
       256       256       256         1
  1.000000  1.000000  1.000000
orientation T byte_order littleendian
Reading image: /opt/freesurfer/average/711-2C_as_mni_average_305.4dfp.img
dimensions:      256       256       256
mmppix:       1.0000   -1.0000   -1.0000
center:     128.0000 -129.0000 -129.0000
/opt/freesurfer/average/711-2B_as_mni_average_305_mask.4dfp.img
       256       256       256         1
  1.000000  1.000000  1.000000
orientation T byte_order littleendian
Reading mask: /opt/freesurfer/average/711-2B_as_mni_average_305_mask.4dfp.img (2306576 pixels)
talsrcimg_g11.4dfp.img
       320       320       320         1
  0.700000  0.700000  0.700000
orientation T byte_order littleendian
Reading image: talsrcimg_g11.4dfp.img
dimensions:      320       320       320
mmppix:       0.7000   -0.7000   -0.7000
center:     112.0000 -112.7000 -112.7000
rotation matrix determinant  1.000000
image alignment mode   4355 decimal     1103 hex
   -7.5000  -30.0000  -45.0000 1997.3606   28.9768
    0.0000  -30.0000  -45.0000 1996.6178   28.8631
    7.5000  -30.0000  -45.0000 1981.0261   28.7306
   -7.5000  -22.5000  -45.0000 2106.1428   26.3558
    0.0000  -22.5000  -45.0000 2105.0032   26.2482
    7.5000  -22.5000  -45.0000 2086.7686   26.2105
   -7.5000  -15.0000  -45.0000 2181.6880   24.2748
    0.0000  -15.0000  -45.0000 2179.0601   24.1757
    7.5000  -15.0000  -45.0000 2159.7029   24.2394
   -7.5000   -7.5000  -45.0000 2235.9822   22.6166
    0.0000   -7.5000  -45.0000 2233.4998   22.5411
    7.5000   -7.5000  -45.0000 2212.0955   22.6617
   -7.5000    0.0000  -45.0000 2268.3191   21.4749
    0.0000    0.0000  -45.0000 2269.1785   21.4218
    7.5000    0.0000  -45.0000 2247.1396   21.5938
   -7.5000    7.5000  -45.0000 2285.8728   20.7635
    0.0000    7.5000  -45.0000 2284.7041   20.6843
    7.5000    7.5000  -45.0000 2267.1482   20.9443
   -7.5000   15.0000  -45.0000 2294.8792   20.3105
    0.0000   15.0000  -45.0000 2291.4470   20.2104
    7.5000   15.0000  -45.0000 2274.7251   20.4822
   -7.5000   22.5000  -45.0000 2297.0691   20.1919
    0.0000   22.5000  -45.0000 2297.1450   20.0524
    7.5000   22.5000  -45.0000 2273.6082   20.3110
   -7.5000   30.0000  -45.0000 2286.5530   20.4813
    0.0000   30.0000  -45.0000 2290.0037   20.3165
    7.5000   30.0000  -45.0000 2261.8552   20.5305
   -7.5000   37.5000  -45.0000 2242.7991   20.8637
    0.0000   37.5000  -45.0000 2240.8027   20.7072
    7.5000   37.5000  -45.0000 2212.1738   20.8785
   -7.5000   45.0000  -45.0000 2144.3538   21.2041
    0.0000   45.0000  -45.0000 2149.3933   21.0747
    7.5000   45.0000  -45.0000 2120.4702   21.2233
   -7.5000   52.5000  -45.0000 2016.3765   21.4238
    0.0000   52.5000  -45.0000 2022.4648   21.3766
    7.5000   52.5000  -45.0000 1994.8462   21.5180
   -7.5000   60.0000  -45.0000 1867.4762   21.6726
    0.0000   60.0000  -45.0000 1874.1636   21.7085
    7.5000   60.0000  -45.0000 1844.9329   21.8840
   -7.5000  -30.0000  -37.5000 2138.4968   29.2145
    0.0000  -30.0000  -37.5000 2136.2463   29.0005
    7.5000  -30.0000  -37.5000 2115.0581   29.0646
   -7.5000  -22.5000  -37.5000 2253.6787   26.4682
    0.0000  -22.5000  -37.5000 2252.1465   26.2622
    7.5000  -22.5000  -37.5000 2226.6780   26.3680
   -7.5000  -15.0000  -37.5000 2339.1477   24.3662
    0.0000  -15.0000  -37.5000 2338.6011   24.1854
    7.5000  -15.0000  -37.5000 2311.6814   24.3215
   -7.5000   -7.5000  -37.5000 2403.1777   22.7909
    0.0000   -7.5000  -37.5000 2398.7019   22.5925
    7.5000   -7.5000  -37.5000 2376.6531   22.7361
   -7.5000    0.0000  -37.5000 2440.9128   21.5620
    0.0000    0.0000  -37.5000 2439.4529   21.3584
    7.5000    0.0000  -37.5000 2418.8687   21.5710
   -7.5000    7.5000  -37.5000 2463.7380   20.6799
    0.0000    7.5000  -37.5000 2460.8167   20.4934
    7.5000    7.5000  -37.5000 2443.5283   20.7426
   -7.5000   15.0000  -37.5000 2472.1533   20.1817
    0.0000   15.0000  -37.5000 2470.1328   19.9940
    7.5000   15.0000  -37.5000 2453.6455   20.2676
   -7.5000   22.5000  -37.5000 2474.8267   19.9583
    0.0000   22.5000  -37.5000 2468.7627   19.7624
    7.5000   22.5000  -37.5000 2449.4053   20.0571
   -7.5000   30.0000  -37.5000 2465.9089   20.2221
    0.0000   30.0000  -37.5000 2463.0679   20.0290
    7.5000   30.0000  -37.5000 2437.8574   20.2698
   -7.5000   37.5000  -37.5000 2413.6204   20.5877
    0.0000   37.5000  -37.5000 2408.3503   20.3589
    7.5000   37.5000  -37.5000 2385.2629   20.6158
   -7.5000   45.0000  -37.5000 2311.7405   20.9632
    0.0000   45.0000  -37.5000 2312.3284   20.7487
    7.5000   45.0000  -37.5000 2291.9636   21.0198
   -7.5000   52.5000  -37.5000 2179.4980   21.2826
    0.0000   52.5000  -37.5000 2184.2598   21.1346
    7.5000   52.5000  -37.5000 2161.3071   21.4276
   -7.5000   60.0000  -37.5000 2020.7130   21.5717
    0.0000   60.0000  -37.5000 2023.6863   21.5186
    7.5000   60.0000  -37.5000 1997.1310   21.7838
   -7.5000  -30.0000  -30.0000 2259.2339   29.3776
    0.0000  -30.0000  -30.0000 2261.4282   29.0737
    7.5000  -30.0000  -30.0000 2235.2654   29.1299
   -7.5000  -22.5000  -30.0000 2375.4453   26.4673
    0.0000  -22.5000  -30.0000 2378.1404   26.2172
    7.5000  -22.5000  -30.0000 2349.2832   26.3320
   -7.5000  -15.0000  -30.0000 2466.5757   24.2888
    0.0000  -15.0000  -30.0000 2469.2180   24.0655
    7.5000  -15.0000  -30.0000 2444.2512   24.2377
   -7.5000   -7.5000  -30.0000 2534.4670   22.6547
    0.0000   -7.5000  -30.0000 2536.2043   22.4269
    7.5000   -7.5000  -30.0000 2515.6455   22.5774
   -7.5000    0.0000  -30.0000 2585.7566   21.3968
    0.0000    0.0000  -30.0000 2586.5037   21.1815
    7.5000    0.0000  -30.0000 2568.1675   21.3707
   -7.5000    7.5000  -30.0000 2615.5388   20.4419
    0.0000    7.5000  -30.0000 2617.1667   20.2170
    7.5000    7.5000  -30.0000 2596.9614   20.4498
   -7.5000   15.0000  -30.0000 2625.1978   19.7863
    0.0000   15.0000  -30.0000 2625.9705   19.5680
    7.5000   15.0000  -30.0000 2611.7563   19.8566
   -7.5000   22.5000  -30.0000 2625.1521   19.4550
    0.0000   22.5000  -30.0000 2622.2717   19.2690
    7.5000   22.5000  -30.0000 2604.9045   19.6179
   -7.5000   30.0000  -30.0000 2618.8428   19.6970
    0.0000   30.0000  -30.0000 2618.1440   19.4873
    7.5000   30.0000  -30.0000 2597.4636   19.8360
   -7.5000   37.5000  -30.0000 2568.8540   20.0984
    0.0000   37.5000  -30.0000 2566.0203   19.8128
    7.5000   37.5000  -30.0000 2548.8281   20.2177
   -7.5000   45.0000  -30.0000 2460.6531   20.5159
    0.0000   45.0000  -30.0000 2463.5571   20.2452
    7.5000   45.0000  -30.0000 2449.4844   20.6172
   -7.5000   52.5000  -30.0000 2318.4807   20.8909
    0.0000   52.5000  -30.0000 2325.2825   20.6840
    7.5000   52.5000  -30.0000 2311.5281   21.0869
   -7.5000   60.0000  -30.0000 2148.5562   21.2067
    0.0000   60.0000  -30.0000 2151.8257   21.0846
    7.5000   60.0000  -30.0000 2132.3206   21.4167
   -7.5000  -30.0000  -22.5000 2305.7942   28.5042
    0.0000  -30.0000  -22.5000 2307.4004   28.1377
    7.5000  -30.0000  -22.5000 2280.6594   28.2276
   -7.5000  -22.5000  -22.5000 2417.5510   25.7246
    0.0000  -22.5000  -22.5000 2422.8655   25.4255
    7.5000  -22.5000  -22.5000 2395.7749   25.4848
   -7.5000  -15.0000  -22.5000 2509.9915   23.5507
    0.0000  -15.0000  -22.5000 2514.5942   23.3297
    7.5000  -15.0000  -22.5000 2495.3145   23.3844
   -7.5000   -7.5000  -22.5000 2578.4309   21.8994
    0.0000   -7.5000  -22.5000 2585.7610   21.6823
    7.5000   -7.5000  -22.5000 2568.0710   21.7621
   -7.5000    0.0000  -22.5000 2633.0300   20.5729
    0.0000    0.0000  -22.5000 2641.3547   20.3893
    7.5000    0.0000  -22.5000 2622.7002   20.5368
   -7.5000    7.5000  -22.5000 2669.1401   19.5752
    0.0000    7.5000  -22.5000 2676.7695   19.3950
    7.5000    7.5000  -22.5000 2654.9082   19.6703
   -7.5000   15.0000  -22.5000 2679.7581   18.8270
    0.0000   15.0000  -22.5000 2687.6541   18.6231
    7.5000   15.0000  -22.5000 2669.2700   19.0150
   -7.5000   22.5000  -22.5000 2679.9546   18.3815
    0.0000   22.5000  -22.5000 2684.4128   18.1790
    7.5000   22.5000  -22.5000 2668.8940   18.6844
   -7.5000   30.0000  -22.5000 2680.4531   18.5544
    0.0000   30.0000  -22.5000 2678.6257   18.3295
    7.5000   30.0000  -22.5000 2663.4060   18.8467
   -7.5000   37.5000  -22.5000 2625.5239   18.9856
    0.0000   37.5000  -22.5000 2627.5693   18.6752
    7.5000   37.5000  -22.5000 2617.5317   19.1720
   -7.5000   45.0000  -22.5000 2514.2454   19.4215
    0.0000   45.0000  -22.5000 2521.4148   19.1479
    7.5000   45.0000  -22.5000 2515.2825   19.5811
   -7.5000   52.5000  -22.5000 2366.9802   19.8150
    0.0000   52.5000  -22.5000 2378.2583   19.6172
    7.5000   52.5000  -22.5000 2369.0295   20.0449
   -7.5000   60.0000  -22.5000 2195.3535   20.2054
    0.0000   60.0000  -22.5000 2204.1113   20.0443
    7.5000   60.0000  -22.5000 2188.0767   20.4500
   -7.5000  -30.0000  -15.0000 2380.1523   28.4742
    0.0000  -30.0000  -15.0000 2379.7920   28.0562
    7.5000  -30.0000  -15.0000 2359.9133   28.2987
   -7.5000  -22.5000  -15.0000 2493.6609   25.6102
    0.0000  -22.5000  -15.0000 2493.7190   25.2259
    7.5000  -22.5000  -15.0000 2475.6099   25.5026
   -7.5000  -15.0000  -15.0000 2596.7593   23.3731
    0.0000  -15.0000  -15.0000 2598.6980   23.0665
    7.5000  -15.0000  -15.0000 2582.0957   23.2830
   -7.5000   -7.5000  -15.0000 2675.6257   21.6307
    0.0000   -7.5000  -15.0000 2684.3088   21.3984
    7.5000   -7.5000  -15.0000 2668.1870   21.5839
   -7.5000    0.0000  -15.0000 2732.1912   20.3036
    0.0000    0.0000  -15.0000 2742.7751   20.0999
    7.5000    0.0000  -15.0000 2731.3098   20.2668
   -7.5000    7.5000  -15.0000 2776.6819   19.2821
    0.0000    7.5000  -15.0000 2789.3909   19.1275
    7.5000    7.5000  -15.0000 2771.4495   19.3487
   -7.5000   15.0000  -15.0000 2794.5676   18.5089
    0.0000   15.0000  -15.0000 2814.1252   18.3911
    7.5000   15.0000  -15.0000 2791.1453   18.7068
   -7.5000   22.5000  -15.0000 2789.1694   17.8769
    0.0000   22.5000  -15.0000 2804.2808   17.7454
    7.5000   22.5000  -15.0000 2785.1653   18.2927
   -7.5000   30.0000  -15.0000 2780.4685   17.9887
    0.0000   30.0000  -15.0000 2786.2212   17.7852
    7.5000   30.0000  -15.0000 2779.1587   18.4037
   -7.5000   37.5000  -15.0000 2722.0127   18.3961
    0.0000   37.5000  -15.0000 2735.8298   18.1664
    7.5000   37.5000  -15.0000 2726.4519   18.6764
   -7.5000   45.0000  -15.0000 2611.9673   18.8939
    0.0000   45.0000  -15.0000 2629.5623   18.7143
    7.5000   45.0000  -15.0000 2624.4207   19.1687
   -7.5000   52.5000  -15.0000 2468.2651   19.3727
    0.0000   52.5000  -15.0000 2479.9429   19.2208
    7.5000   52.5000  -15.0000 2476.2134   19.6863
   -7.5000   60.0000  -15.0000 2293.9954   19.8829
    0.0000   60.0000  -15.0000 2302.0239   19.7290
    7.5000   60.0000  -15.0000 2293.1160   20.2134
   -7.5000  -30.0000   -7.5000 2426.0598   28.5994
    0.0000  -30.0000   -7.5000 2432.9985   28.1677
    7.5000  -30.0000   -7.5000 2419.5225   28.6509
   -7.5000  -22.5000   -7.5000 2541.1921   25.6437
    0.0000  -22.5000   -7.5000 2545.0603   25.2332
    7.5000  -22.5000   -7.5000 2533.3464   25.6527
   -7.5000  -15.0000   -7.5000 2647.4465   23.2917
    0.0000  -15.0000   -7.5000 2650.0151   22.9469
    7.5000  -15.0000   -7.5000 2639.2771   23.2504
   -7.5000   -7.5000   -7.5000 2732.2986   21.4645
    0.0000   -7.5000   -7.5000 2737.5139   21.1748
    7.5000   -7.5000   -7.5000 2728.4756   21.3794
   -7.5000    0.0000   -7.5000 2797.1309   20.0779
    0.0000    0.0000   -7.5000 2799.8997   19.7813
    7.5000    0.0000   -7.5000 2799.4729   19.9775
   -7.5000    7.5000   -7.5000 2846.5520   19.1275
    0.0000    7.5000   -7.5000 2853.0266   18.8878
    7.5000    7.5000   -7.5000 2846.5986   19.0387
   -7.5000   15.0000   -7.5000 2879.7593   18.5183
    0.0000   15.0000   -7.5000 2896.4368   18.3834
    7.5000   15.0000   -7.5000 2873.2322   18.5225
   -7.5000   22.5000   -7.5000 2860.1033   17.7377
    0.0000   22.5000   -7.5000 2885.1262   17.6834
    7.5000   22.5000   -7.5000 2865.9514   18.1071
   -7.5000   30.0000   -7.5000 2838.5969   17.5548
    0.0000   30.0000   -7.5000 2851.8645   17.4490
    7.5000   30.0000   -7.5000 2845.1309   17.9868
   -7.5000   37.5000   -7.5000 2783.5613   17.9740
    0.0000   37.5000   -7.5000 2802.3916   17.8157
    7.5000   37.5000   -7.5000 2796.9690   18.3001
   -7.5000   45.0000   -7.5000 2689.9270   18.6018
    0.0000   45.0000   -7.5000 2697.3726   18.3411
    7.5000   45.0000   -7.5000 2695.7993   18.8055
   -7.5000   52.5000   -7.5000 2547.5984   19.2660
    0.0000   52.5000   -7.5000 2552.0410   18.9605
    7.5000   52.5000   -7.5000 2543.8604   19.3800
   -7.5000   60.0000   -7.5000 2372.8423   19.9010
    0.0000   60.0000   -7.5000 2373.5220   19.5832
    7.5000   60.0000   -7.5000 2357.2285   20.0080
   -7.5000  -30.0000    0.0000 2437.1025   28.7394
    0.0000  -30.0000    0.0000 2443.8940   28.3536
    7.5000  -30.0000    0.0000 2433.1477   28.7888
   -7.5000  -22.5000    0.0000 2550.0095   25.7041
    0.0000  -22.5000    0.0000 2563.2834   25.3981
    7.5000  -22.5000    0.0000 2552.6028   25.7806
   -7.5000  -15.0000    0.0000 2660.4561   23.2705
    0.0000  -15.0000    0.0000 2676.2202   23.0288
    7.5000  -15.0000    0.0000 2663.5996   23.3159
   -7.5000   -7.5000    0.0000 2745.0833   21.3244
    0.0000   -7.5000    0.0000 2762.9268   21.1353
    7.5000   -7.5000    0.0000 2759.5605   21.3588
   -7.5000    0.0000    0.0000 2822.5300   19.9742
    0.0000    0.0000    0.0000 2837.1411   19.7556
    7.5000    0.0000    0.0000 2836.6064   19.9457
   -7.5000    7.5000    0.0000 2896.1101   19.1478
    0.0000    7.5000    0.0000 2906.7744   18.9895
    7.5000    7.5000    0.0000 2898.8071   19.0489
   -7.5000   15.0000    0.0000 2958.7737   18.8829
    0.0000   15.0000    0.0000 2975.8894   18.7469
    7.5000   15.0000    0.0000 2936.2683   18.5509
   -7.5000   22.5000    0.0000 2954.7104   18.3848
    0.0000   22.5000    0.0000 2975.6775   18.2889
    7.5000   22.5000    0.0000 2917.5635   18.0651
   -7.5000   30.0000    0.0000 2896.5708   17.7845
    0.0000   30.0000    0.0000 2908.8269   17.6629
    7.5000   30.0000    0.0000 2880.1130   17.7669
   -7.5000   37.5000    0.0000 2837.3657   17.8821
    0.0000   37.5000    0.0000 2840.2283   17.5990
    7.5000   37.5000    0.0000 2826.2705   17.9199
   -7.5000   45.0000    0.0000 2729.2961   18.4623
    0.0000   45.0000    0.0000 2744.3687   18.1514
    7.5000   45.0000    0.0000 2727.2776   18.4961
   -7.5000   52.5000    0.0000 2579.1643   19.1625
    0.0000   52.5000    0.0000 2593.6877   18.9012
    7.5000   52.5000    0.0000 2577.3879   19.2512
   -7.5000   60.0000    0.0000 2393.5400   19.8319
    0.0000   60.0000    0.0000 2404.4182   19.5980
    7.5000   60.0000    0.0000 2385.0000   19.9243
   -7.5000  -30.0000    7.5000 2421.8623   28.7999
    0.0000  -30.0000    7.5000 2439.7178   28.5533
    7.5000  -30.0000    7.5000 2431.5938   29.0550
   -7.5000  -22.5000    7.5000 2533.6289   25.7194
    0.0000  -22.5000    7.5000 2552.7659   25.4688
    7.5000  -22.5000    7.5000 2557.1877   25.9667
   -7.5000  -15.0000    7.5000 2645.6077   23.3338
    0.0000  -15.0000    7.5000 2663.3274   23.0945
    7.5000  -15.0000    7.5000 2670.3367   23.4535
   -7.5000   -7.5000    7.5000 2748.5476   21.5676
    0.0000   -7.5000    7.5000 2765.7725   21.3451
    7.5000   -7.5000    7.5000 2765.8723   21.5152
   -7.5000    0.0000    7.5000 2852.1467   20.3168
    0.0000    0.0000    7.5000 2858.8484   20.1053
    7.5000    0.0000    7.5000 2848.4133   20.1381
   -7.5000    7.5000    7.5000 2943.9849   19.5615
    0.0000    7.5000    7.5000 2947.9106   19.3951
    7.5000    7.5000    7.5000 2913.0933   19.2394
   -7.5000   15.0000    7.5000 3017.9324   19.1722
    0.0000   15.0000    7.5000 3038.0100   19.1598
    7.5000   15.0000    7.5000 2951.7046   18.6396
   -7.5000   22.5000    7.5000 2963.6216   18.4221
    0.0000   22.5000    7.5000 3003.5745   18.4927
    7.5000   22.5000    7.5000 2914.5083   18.0785
   -7.5000   30.0000    7.5000 2920.1833   18.0915
    0.0000   30.0000    7.5000 2918.9211   17.8171
    7.5000   30.0000    7.5000 2886.5564   17.8858
   -7.5000   37.5000    7.5000 2854.9824   18.2346
    0.0000   37.5000    7.5000 2868.6309   17.9128
    7.5000   37.5000    7.5000 2824.9358   18.0588
   -7.5000   45.0000    7.5000 2732.9182   18.6342
    0.0000   45.0000    7.5000 2752.6467   18.3699
    7.5000   45.0000    7.5000 2723.1401   18.5667
   -7.5000   52.5000    7.5000 2572.5876   19.1512
    0.0000   52.5000    7.5000 2589.0784   18.9251
    7.5000   52.5000    7.5000 2573.7432   19.1663
   -7.5000   60.0000    7.5000 2385.6646   19.7542
    0.0000   60.0000    7.5000 2393.7544   19.5209
    7.5000   60.0000    7.5000 2383.1792   19.7804
   -7.5000  -30.0000   15.0000 2408.3938   29.3601
    0.0000  -30.0000   15.0000 2424.4221   29.0646
    7.5000  -30.0000   15.0000 2423.4270   29.5019
   -7.5000  -22.5000   15.0000 2528.1248   26.3880
    0.0000  -22.5000   15.0000 2542.3452   26.1191
    7.5000  -22.5000   15.0000 2538.7292   26.4275
   -7.5000  -15.0000   15.0000 2644.4407   24.0372
    0.0000  -15.0000   15.0000 2657.3215   23.7621
    7.5000  -15.0000   15.0000 2654.2939   23.9623
   -7.5000   -7.5000   15.0000 2752.6973   22.1401
    0.0000   -7.5000   15.0000 2759.8586   21.8684
    7.5000   -7.5000   15.0000 2754.7312   21.9601
   -7.5000    0.0000   15.0000 2849.9692   20.6651
    0.0000    0.0000   15.0000 2853.3528   20.3855
    7.5000    0.0000   15.0000 2836.2249   20.4552
   -7.5000    7.5000   15.0000 2925.6731   19.6493
    0.0000    7.5000   15.0000 2934.4348   19.4516
    7.5000    7.5000   15.0000 2895.3442   19.3630
   -7.5000   15.0000   15.0000 2935.1311   18.7032
    0.0000   15.0000   15.0000 2974.3833   18.6548
    7.5000   15.0000   15.0000 2909.1384   18.5549
   -7.5000   22.5000   15.0000 2911.1106   18.0364
    0.0000   22.5000   15.0000 2915.2285   17.7384
    7.5000   22.5000   15.0000 2889.6621   18.0902
   -7.5000   30.0000   15.0000 2899.2346   18.0721
    0.0000   30.0000   15.0000 2901.1709   17.7585
    7.5000   30.0000   15.0000 2879.9421   18.1466
   -7.5000   37.5000   15.0000 2840.7761   18.4805
    0.0000   37.5000   15.0000 2853.1858   18.2091
    7.5000   37.5000   15.0000 2830.2563   18.4643
   -7.5000   45.0000   15.0000 2717.2810   19.0911
    0.0000   45.0000   15.0000 2732.1506   18.8287
    7.5000   45.0000   15.0000 2712.4746   19.0061
   -7.5000   52.5000   15.0000 2557.7603   19.6804
    0.0000   52.5000   15.0000 2568.2205   19.4136
    7.5000   52.5000   15.0000 2555.3923   19.5765
   -7.5000   60.0000   15.0000 2372.3130   20.1752
    0.0000   60.0000   15.0000 2379.2725   19.8775
    7.5000   60.0000   15.0000 2360.4993   20.0998
   -7.5000  -30.0000   22.5000 2394.5933   30.2985
    0.0000  -30.0000   22.5000 2408.9219   30.1403
    7.5000  -30.0000   22.5000 2394.7881   30.4753
   -7.5000  -22.5000   22.5000 2513.6968   27.1462
    0.0000  -22.5000   22.5000 2528.2791   26.8836
    7.5000  -22.5000   22.5000 2516.2317   27.2658
   -7.5000  -15.0000   22.5000 2621.5688   24.5465
    0.0000  -15.0000   22.5000 2635.1006   24.2229
    7.5000  -15.0000   22.5000 2630.8757   24.6160
   -7.5000   -7.5000   22.5000 2722.1831   22.4351
    0.0000   -7.5000   22.5000 2732.0422   22.0978
    7.5000   -7.5000   22.5000 2736.5146   22.4966
   -7.5000    0.0000   22.5000 2805.6477   20.8380
    0.0000    0.0000   22.5000 2814.7493   20.5228
    7.5000    0.0000   22.5000 2820.4788   20.9242
   -7.5000    7.5000   22.5000 2855.1240   19.6247
    0.0000    7.5000   22.5000 2878.2249   19.4298
    7.5000    7.5000   22.5000 2870.4116   19.6845
   -7.5000   15.0000   22.5000 2874.1865   18.6770
    0.0000   15.0000   22.5000 2869.6680   18.2288
    7.5000   15.0000   22.5000 2875.8616   18.7891
   -7.5000   22.5000   22.5000 2892.7676   18.3232
    0.0000   22.5000   22.5000 2896.5374   17.9025
    7.5000   22.5000   22.5000 2875.2249   18.4240
   -7.5000   30.0000   22.5000 2887.1643   18.6484
    0.0000   30.0000   22.5000 2894.0562   18.3364
    7.5000   30.0000   22.5000 2873.0879   18.7192
   -7.5000   37.5000   22.5000 2817.2966   19.1570
    0.0000   37.5000   22.5000 2835.3943   18.8563
    7.5000   37.5000   22.5000 2810.7905   19.1156
   -7.5000   45.0000   22.5000 2686.8633   19.7041
    0.0000   45.0000   22.5000 2705.8738   19.4131
    7.5000   45.0000   22.5000 2693.2722   19.6235
   -7.5000   52.5000   22.5000 2533.1318   20.2369
    0.0000   52.5000   22.5000 2547.6006   19.9609
    7.5000   52.5000   22.5000 2531.8284   20.1625
   -7.5000   60.0000   22.5000 2351.3401   20.7394
    0.0000   60.0000   22.5000 2363.2397   20.5166
    7.5000   60.0000   22.5000 2340.4146   20.6998
   -7.5000  -30.0000   30.0000 2358.3508   31.0565
    0.0000  -30.0000   30.0000 2372.8833   30.9205
    7.5000  -30.0000   30.0000 2366.2053   31.5273
   -7.5000  -22.5000   30.0000 2473.6743   27.6636
    0.0000  -22.5000   30.0000 2491.7710   27.4815
    7.5000  -22.5000   30.0000 2484.1033   28.1211
   -7.5000  -15.0000   30.0000 2585.5994   24.9918
    0.0000  -15.0000   30.0000 2604.5098   24.6993
    7.5000  -15.0000   30.0000 2598.3696   25.3547
   -7.5000   -7.5000   30.0000 2679.1731   22.8873
    0.0000   -7.5000   30.0000 2698.1477   22.5397
    7.5000   -7.5000   30.0000 2701.0486   23.1627
   -7.5000    0.0000   30.0000 2758.1040   21.2686
    0.0000    0.0000   30.0000 2779.6572   20.9431
    7.5000    0.0000   30.0000 2772.4836   21.4702
   -7.5000    7.5000   30.0000 2807.3398   19.9914
    0.0000    7.5000   30.0000 2803.5693   19.5444
    7.5000    7.5000   30.0000 2820.2034   20.1529
   -7.5000   15.0000   30.0000 2834.0193   19.1944
    0.0000   15.0000   30.0000 2837.6575   18.6330
    7.5000   15.0000   30.0000 2831.6306   19.3455
   -7.5000   22.5000   30.0000 2861.5598   18.9968
    0.0000   22.5000   30.0000 2870.8362   18.6038
    7.5000   22.5000   30.0000 2852.6626   19.1194
   -7.5000   30.0000   30.0000 2848.7646   19.4044
    0.0000   30.0000   30.0000 2858.0730   19.0664
    7.5000   30.0000   30.0000 2838.7500   19.4467
   -7.5000   37.5000   30.0000 2776.8940   19.9484
    0.0000   37.5000   30.0000 2787.4399   19.6543
    7.5000   37.5000   30.0000 2772.4351   19.9316
   -7.5000   45.0000   30.0000 2650.9124   20.5532
    0.0000   45.0000   30.0000 2665.1985   20.2524
    7.5000   45.0000   30.0000 2654.6223   20.4989
   -7.5000   52.5000   30.0000 2496.2253   21.0255
    0.0000   52.5000   30.0000 2514.1772   20.7423
    7.5000   52.5000   30.0000 2494.9448   20.9935
   -7.5000   60.0000   30.0000 2311.3406   21.5438
    0.0000   60.0000   30.0000 2330.2290   21.3047
    7.5000   60.0000   30.0000 2307.7629   21.5073
   -7.5000  -30.0000   37.5000 2310.5957   31.8752
    0.0000  -30.0000   37.5000 2330.1252   31.7083
    7.5000  -30.0000   37.5000 2322.9285   32.6005
   -7.5000  -22.5000   37.5000 2431.9265   28.4250
    0.0000  -22.5000   37.5000 2449.3811   28.1906
    7.5000  -22.5000   37.5000 2442.3408   29.1215
   -7.5000  -15.0000   37.5000 2546.0288   25.7318
    0.0000  -15.0000   37.5000 2560.1169   25.3813
    7.5000  -15.0000   37.5000 2554.6721   26.2610
   -7.5000   -7.5000   37.5000 2637.4673   23.5563
    0.0000   -7.5000   37.5000 2655.3042   23.2558
    7.5000   -7.5000   37.5000 2642.2554   23.9101
   -7.5000    0.0000   37.5000 2701.3647   21.8427
    0.0000    0.0000   37.5000 2709.0166   21.4586
    7.5000    0.0000   37.5000 2714.4006   22.1451
   -7.5000    7.5000   37.5000 2757.6860   20.6652
    0.0000    7.5000   37.5000 2762.1121   20.1605
    7.5000    7.5000   37.5000 2759.3916   20.8270
   -7.5000   15.0000   37.5000 2793.2681   19.9954
    0.0000   15.0000   37.5000 2798.8379   19.5016
    7.5000   15.0000   37.5000 2786.2742   20.1819
   -7.5000   22.5000   37.5000 2810.6548   19.8776
    0.0000   22.5000   37.5000 2819.1877   19.5273
    7.5000   22.5000   37.5000 2804.1538   20.0836
   -7.5000   30.0000   37.5000 2790.3831   20.3446
    0.0000   30.0000   37.5000 2802.5928   19.9686
    7.5000   30.0000   37.5000 2783.7170   20.3890
   -7.5000   37.5000   37.5000 2724.4666   20.8943
    0.0000   37.5000   37.5000 2728.4680   20.5437
    7.5000   37.5000   37.5000 2718.7039   20.8458
   -7.5000   45.0000   37.5000 2597.9580   21.4822
    0.0000   45.0000   37.5000 2611.5415   21.1157
    7.5000   45.0000   37.5000 2595.9365   21.3818
   -7.5000   52.5000   37.5000 2439.2014   21.9965
    0.0000   52.5000   37.5000 2460.9727   21.6737
    7.5000   52.5000   37.5000 2439.4736   21.9190
   -7.5000   60.0000   37.5000 2248.4912   22.4565
    0.0000   60.0000   37.5000 2262.8838   22.2102
    7.5000   60.0000   37.5000 2251.1655   22.4327
   -7.5000  -30.0000   45.0000 2240.4377   32.9109
    0.0000  -30.0000   45.0000 2262.2419   32.7457
    7.5000  -30.0000   45.0000 2249.6223   33.7388
   -7.5000  -22.5000   45.0000 2361.4858   29.3502
    0.0000  -22.5000   45.0000 2382.6318   29.1275
    7.5000  -22.5000   45.0000 2362.9602   30.0109
   -7.5000  -15.0000   45.0000 2468.6704   26.5199
    0.0000  -15.0000   45.0000 2484.6045   26.2908
    7.5000  -15.0000   45.0000 2467.3630   26.9913
   -7.5000   -7.5000   45.0000 2549.6831   24.2816
    0.0000   -7.5000   45.0000 2556.7549   23.9966
    7.5000   -7.5000   45.0000 2551.9353   24.6901
   -7.5000    0.0000   45.0000 2615.7102   22.6220
    0.0000    0.0000   45.0000 2628.9463   22.2739
    7.5000    0.0000   45.0000 2616.3074   22.9007
   -7.5000    7.5000   45.0000 2668.8230   21.5632
    0.0000    7.5000   45.0000 2682.6558   21.1178
    7.5000    7.5000   45.0000 2670.2427   21.7844
   -7.5000   15.0000   45.0000 2700.3264   20.9466
    0.0000   15.0000   45.0000 2710.7942   20.5779
    7.5000   15.0000   45.0000 2697.7693   21.1914
   -7.5000   22.5000   45.0000 2717.7834   20.8605
    0.0000   22.5000   45.0000 2726.9343   20.5346
    7.5000   22.5000   45.0000 2713.2969   21.0726
   -7.5000   30.0000   45.0000 2694.5339   21.2543
    0.0000   30.0000   45.0000 2710.9329   20.9372
    7.5000   30.0000   45.0000 2692.5989   21.3433
   -7.5000   37.5000   45.0000 2629.7056   21.8115
    0.0000   37.5000   45.0000 2635.4429   21.4744
    7.5000   37.5000   45.0000 2624.7595   21.8375
   -7.5000   45.0000   45.0000 2510.0613   22.3674
    0.0000   45.0000   45.0000 2529.9014   22.0545
    7.5000   45.0000   45.0000 2506.1777   22.3189
   -7.5000   52.5000   45.0000 2347.9246   22.9124
    0.0000   52.5000   45.0000 2366.2134   22.6415
    7.5000   52.5000   45.0000 2345.8855   22.8886
   -7.5000   60.0000   45.0000 2150.4717   23.3764
    0.0000   60.0000   45.0000 2169.4287   23.1092
    7.5000   60.0000   45.0000 2154.1252   23.3431

---------------------------------------------------------------------
imgreg_4dfp /opt/freesurfer/average/711-2C_as_mni_average_305 /opt/freesurfer/average/711-2B_as_mni_average_305_mask talsrcimg_g11 none talsrcimg_to_711-2C_as_mni_average_305_t4 1283
---------------------------------------------------------------------

freesurfer imgreg_4dfp.c
/opt/freesurfer/average/711-2C_as_mni_average_305.4dfp.img
       256       256       256         1
  1.000000  1.000000  1.000000
orientation T byte_order littleendian
Reading image: /opt/freesurfer/average/711-2C_as_mni_average_305.4dfp.img
dimensions:      256       256       256
mmppix:       1.0000   -1.0000   -1.0000
center:     128.0000 -129.0000 -129.0000
/opt/freesurfer/average/711-2B_as_mni_average_305_mask.4dfp.img
       256       256       256         1
  1.000000  1.000000  1.000000
orientation T byte_order littleendian
Reading mask: /opt/freesurfer/average/711-2B_as_mni_average_305_mask.4dfp.img (2306576 pixels)
talsrcimg_g11.4dfp.img
       320       320       320         1
  0.700000  0.700000  0.700000
orientation T byte_order littleendian
Reading image: talsrcimg_g11.4dfp.img
dimensions:      320       320       320
mmppix:       0.7000   -0.7000   -0.7000
center:     112.0000 -112.7000 -112.7000
rotation matrix determinant  1.000000
fimgreg.f
image alignment mode   1283 decimal      503 hex
parameters
    0.0000   15.0000    7.5000    0.0000    0.0000    0.0000
eta,q 0.95341 19.23763
niter,ni,del,rscale     5    3   12.0000    1.2000
parameter  1  0.599737 ->  0.500000 qaram    1.1500
parameter  6  1.554492 ->  0.500000 qaram    1.1500
parameters
   -3.4500   16.9152    6.5938   -1.4582   -1.5540   -3.4500
eta,q 0.96022 19.20551
  0.0511  0.0661  0.0558  0.0459  0.0462  0.0390
  0.0472  0.0588  0.0491  0.0435  0.0437  0.0395
  0.0456  0.0524  0.0446  0.0429  0.0431  0.0408
  0.0500  0.0464  0.0428  0.0433  0.0429  0.0430
  0.0582  0.0427  0.0453  0.0442  0.0444  0.0455
  0.0623  0.0444  0.0562  0.0473  0.0484  0.0480
  0.0657  0.0527  0.0696  0.0509  0.0546  0.0508
niter,ni,del,rscale     6    3   12.0000    1.2000
parameters
   -2.4292   17.2782    6.6286   -1.4361   -1.8499   -4.6915
eta,q 0.96318 19.22095
  0.0760  0.0563  0.0538  0.0429  0.0455  0.0415
  0.0586  0.0477  0.0459  0.0392  0.0414  0.0387
  0.0460  0.0413  0.0398  0.0373  0.0386  0.0371
  0.0398  0.0374  0.0370  0.0370  0.0370  0.0371
  0.0376  0.0368  0.0370  0.0371  0.0375  0.0392
  0.0490  0.0440  0.0427  0.0387  0.0420  0.0423
  0.0590  0.0537  0.0562  0.0431  0.0486  0.0451
niter,ni,del,rscale     5    3   12.0000    1.2000
parameters
   -2.2361   17.3272    6.6313   -1.3401   -1.9752   -4.6179
eta,q 0.96339 19.22116
  0.0684  0.0541  0.0533  0.0425  0.0462  0.0438
  0.0511  0.0458  0.0454  0.0390  0.0416  0.0401
  0.0425  0.0400  0.0393  0.0370  0.0385  0.0379
  0.0368  0.0366  0.0366  0.0366  0.0365  0.0366
  0.0416  0.0370  0.0366  0.0366  0.0372  0.0375
  0.0539  0.0454  0.0425  0.0384  0.0417  0.0403
  0.0621  0.0545  0.0561  0.0424  0.0479  0.0433
niter,ni,del,rscale     4    3   12.0000    1.2000
parameters
   -2.1733   17.3374    6.6233   -1.3584   -2.0401   -4.5691
eta,q 0.96341 19.22267
  0.0673  0.0539  0.0533  0.0422  0.0463  0.0437
  0.0503  0.0457  0.0453  0.0388  0.0417  0.0401
  0.0420  0.0399  0.0392  0.0370  0.0386  0.0379
  0.0366  0.0366  0.0365  0.0366  0.0366  0.0366
  0.0422  0.0371  0.0366  0.0367  0.0371  0.0375
  0.0545  0.0457  0.0426  0.0385  0.0415  0.0403
  0.0629  0.0547  0.0562  0.0426  0.0477  0.0433
niter,ni,del,rscale     3    3   12.0000    1.2000
parameters
   -2.1437   17.3464    6.6161   -1.3692   -2.0720   -4.5453
eta,q 0.96342 19.22328
  0.0670  0.0539  0.0533  0.0423  0.0464  0.0436
  0.0501  0.0457  0.0453  0.0388  0.0418  0.0400
  0.0419  0.0399  0.0392  0.0370  0.0386  0.0378
  0.0366  0.0366  0.0366  0.0366  0.0366  0.0366
  0.0424  0.0371  0.0367  0.0367  0.0370  0.0376
  0.0547  0.0457  0.0426  0.0385  0.0414  0.0403
  0.0631  0.0547  0.0561  0.0426  0.0475  0.0433
registration optimization eta report
parameter search radius
    6.9000    6.0000    6.0000    6.0000    6.0000    6.9000
100000*second partial in parameter space
       57.       49.       52.       17.       29.       14.
  0.0670  0.0539  0.0533  0.0423  0.0464  0.0436
  0.0501  0.0457  0.0453  0.0388  0.0418  0.0400
  0.0419  0.0399  0.0392  0.0370  0.0386  0.0378
  0.0366  0.0366  0.0366  0.0366  0.0366  0.0366
  0.0424  0.0371  0.0367  0.0367  0.0370  0.0376
  0.0547  0.0457  0.0426  0.0385  0.0414  0.0403
  0.0631  0.0547  0.0561  0.0426  0.0475  0.0433
   -2.1437   17.3464    6.6161   -1.3692   -2.0720   -4.5453
eta,q 0.96342 19.22328

---------------------------------------------------------------------
imgreg_4dfp /opt/freesurfer/average/711-2C_as_mni_average_305 /opt/freesurfer/average/711-2B_as_mni_average_305_mask talsrcimg_g11 none talsrcimg_to_711-2C_as_mni_average_305_t4 3335
---------------------------------------------------------------------

freesurfer imgreg_4dfp.c
/opt/freesurfer/average/711-2C_as_mni_average_305.4dfp.img
       256       256       256         1
  1.000000  1.000000  1.000000
orientation T byte_order littleendian
Reading image: /opt/freesurfer/average/711-2C_as_mni_average_305.4dfp.img
dimensions:      256       256       256
mmppix:       1.0000   -1.0000   -1.0000
center:     128.0000 -129.0000 -129.0000
/opt/freesurfer/average/711-2B_as_mni_average_305_mask.4dfp.img
       256       256       256         1
  1.000000  1.000000  1.000000
orientation T byte_order littleendian
Reading mask: /opt/freesurfer/average/711-2B_as_mni_average_305_mask.4dfp.img (2306576 pixels)
talsrcimg_g11.4dfp.img
       320       320       320         1
  0.700000  0.700000  0.700000
orientation T byte_order littleendian
Reading image: talsrcimg_g11.4dfp.img
dimensions:      320       320       320
mmppix:       0.7000   -0.7000   -0.7000
center:     112.0000 -112.7000 -112.7000
fimgreg.f
image alignment mode   3335 decimal      D07 hex
parameters
   -2.1437   17.3464    6.6161   -0.3797   -0.3361   -0.0939
    7.8364    3.7925   -7.9196    2.0954   -3.6156   -2.3878
eta,q 0.96498 19.33119
niter,ni,del,rscale     5    3    5.0000    1.2000
parameter 11 -0.591430 -> -0.500000 qaram    1.1500
parameter 12  0.658562 ->  0.500000 qaram    1.1500
parameters
   -2.0503   18.0768    6.6816   -3.9656   -3.0326   -1.7753
    7.9999    4.2928   -6.5965    0.9447    0.5244   -6.5278
eta,q 0.96579 19.01919
  0.0402  0.0404  0.0376  0.0348  0.0354  0.0371  0.0368  0.0379  0.0364  0.0359  0.0351  0.0342
  0.0375  0.0381  0.0360  0.0340  0.0344  0.0363  0.0356  0.0362  0.0355  0.0352  0.0349  0.0342
  0.0357  0.0363  0.0349  0.0337  0.0336  0.0351  0.0349  0.0352  0.0349  0.0348  0.0348  0.0343
  0.0350  0.0350  0.0345  0.0345  0.0337  0.0337  0.0347  0.0347  0.0346  0.0346  0.0346  0.0345
  0.0355  0.0345  0.0348  0.0381  0.0363  0.0347  0.0348  0.0346  0.0346  0.0348  0.0345  0.0348
  0.0370  0.0350  0.0357  0.0437  0.0411  0.0392  0.0354  0.0353  0.0348  0.0359  0.0345  0.0353
  0.0395  0.0365  0.0373  0.0497  0.0473  0.0476  0.0366  0.0374  0.0354  0.0378  0.0346  0.0362
niter,ni,del,rscale     6    3    5.0000    1.2000
parameter  2 -0.530650 -> -0.500000 qaram    1.1500
parameters
   -2.0546   19.4568    6.1845   -4.1403   -4.0694   -1.5402
    7.6738    4.1945   -7.8358    3.2952    0.8021   -9.6059
eta,q 0.96646 18.97403
  0.0369  0.0375  0.0340  0.0371  0.0366  0.0367  0.0358  0.0365  0.0347  0.0360  0.0342  0.0337
  0.0354  0.0361  0.0338  0.0359  0.0355  0.0361  0.0348  0.0354  0.0341  0.0350  0.0340  0.0336
  0.0345  0.0350  0.0337  0.0347  0.0345  0.0353  0.0341  0.0345  0.0339  0.0343  0.0338  0.0336
  0.0342  0.0342  0.0337  0.0337  0.0338  0.0340  0.0339  0.0339  0.0339  0.0339  0.0336  0.0336
  0.0345  0.0338  0.0338  0.0334  0.0340  0.0328  0.0341  0.0338  0.0342  0.0336  0.0336  0.0338
  0.0354  0.0337  0.0340  0.0350  0.0361  0.0339  0.0349  0.0348  0.0347  0.0337  0.0337  0.0341
  0.0369  0.0341  0.0345  0.0387  0.0407  0.0383  0.0363  0.0374  0.0355  0.0344  0.0343  0.0348
niter,ni,del,rscale     6    3    5.0000    1.2000
parameters
   -2.0307   20.0524    5.5770   -3.8343   -4.2447   -2.1051
    8.0026    4.3312   -8.3636    4.6232    1.8273   -9.6331
eta,q 0.96650 18.95731
  0.0361  0.0362  0.0338  0.0370  0.0364  0.0364  0.0359  0.0364  0.0346  0.0353  0.0342  0.0341
  0.0347  0.0348  0.0335  0.0358  0.0352  0.0357  0.0347  0.0353  0.0339  0.0344  0.0340  0.0337
  0.0338  0.0340  0.0334  0.0345  0.0342  0.0347  0.0340  0.0344  0.0336  0.0339  0.0338  0.0335
  0.0335  0.0335  0.0335  0.0334  0.0333  0.0334  0.0337  0.0337  0.0337  0.0336  0.0336  0.0335
  0.0338  0.0335  0.0336  0.0329  0.0329  0.0326  0.0338  0.0335  0.0339  0.0335  0.0335  0.0336
  0.0346  0.0338  0.0339  0.0341  0.0342  0.0346  0.0344  0.0344  0.0342  0.0337  0.0336  0.0337
  0.0359  0.0346  0.0344  0.0375  0.0381  0.0404  0.0356  0.0369  0.0349  0.0344  0.0341  0.0341
niter,ni,del,rscale     5    3    5.0000    1.2000
parameters
   -2.0175   20.4764    5.0980   -3.8819   -4.7374   -2.8618
    8.1448    4.4451   -9.1419    5.5284    3.0299   -8.9384
eta,q 0.96619 18.87318
  0.0361  0.0359  0.0339  0.0369  0.0362  0.0364  0.0359  0.0366  0.0348  0.0352  0.0347  0.0345
  0.0346  0.0346  0.0335  0.0357  0.0352  0.0358  0.0349  0.0356  0.0342  0.0345  0.0344  0.0341
  0.0338  0.0339  0.0334  0.0345  0.0343  0.0349  0.0342  0.0347  0.0339  0.0341  0.0341  0.0339
  0.0335  0.0335  0.0334  0.0334  0.0334  0.0336  0.0340  0.0340  0.0340  0.0339  0.0339  0.0338
  0.0338  0.0335  0.0336  0.0331  0.0331  0.0330  0.0341  0.0338  0.0342  0.0338  0.0338  0.0338
  0.0346  0.0338  0.0339  0.0347  0.0347  0.0352  0.0347  0.0347  0.0346  0.0340  0.0339  0.0339
  0.0360  0.0348  0.0344  0.0383  0.0388  0.0408  0.0358  0.0372  0.0352  0.0348  0.0345  0.0343
niter,ni,del,rscale     4    3    5.0000    1.2000
parameters
   -1.9934   20.9672    4.6439   -4.0103   -5.5455   -3.7027
    8.2342    4.7304   -9.7454    6.5878    3.5957   -7.8898
eta,q 0.96583 18.75538
  0.0363  0.0362  0.0342  0.0371  0.0362  0.0364  0.0361  0.0370  0.0352  0.0354  0.0350  0.0348
  0.0349  0.0350  0.0338  0.0360  0.0353  0.0359  0.0351  0.0361  0.0346  0.0348  0.0347  0.0345
  0.0340  0.0342  0.0337  0.0347  0.0345  0.0351  0.0346  0.0352  0.0343  0.0345  0.0344  0.0343
  0.0338  0.0338  0.0337  0.0337  0.0337  0.0339  0.0344  0.0344  0.0343  0.0343  0.0342  0.0342
  0.0341  0.0337  0.0339  0.0334  0.0336  0.0334  0.0345  0.0341  0.0345  0.0342  0.0342  0.0342
  0.0349  0.0341  0.0342  0.0350  0.0353  0.0355  0.0350  0.0349  0.0349  0.0343  0.0344  0.0342
  0.0362  0.0350  0.0347  0.0386  0.0395  0.0407  0.0360  0.0374  0.0355  0.0350  0.0350  0.0346
niter,ni,del,rscale     3    3    5.0000    1.2000
parameters
   -1.8877   21.5951    4.0072   -4.1549   -6.6590   -4.7692
    8.0195    5.2951   -9.8006    8.1110    3.1666   -6.9087
eta,q 0.96556 18.60809
  0.0367  0.0366  0.0343  0.0372  0.0362  0.0362  0.0361  0.0374  0.0357  0.0357  0.0352  0.0350
  0.0353  0.0355  0.0340  0.0362  0.0354  0.0359  0.0353  0.0365  0.0350  0.0352  0.0349  0.0348
  0.0344  0.0347  0.0339  0.0350  0.0346  0.0353  0.0349  0.0356  0.0347  0.0348  0.0346  0.0346
  0.0342  0.0342  0.0340  0.0339  0.0340  0.0343  0.0347  0.0347  0.0346  0.0346  0.0345  0.0345
  0.0344  0.0340  0.0342  0.0337  0.0340  0.0338  0.0349  0.0344  0.0347  0.0344  0.0345  0.0344
  0.0351  0.0343  0.0345  0.0353  0.0359  0.0359  0.0354  0.0351  0.0351  0.0345  0.0348  0.0345
  0.0362  0.0352  0.0350  0.0388  0.0400  0.0407  0.0363  0.0374  0.0356  0.0351  0.0356  0.0349
niter,ni,del,rscale     2    3    5.0000    1.2000
parameters
   -1.6933   22.3791    3.0581   -4.2518   -7.9103   -6.1430
    7.6772    5.7853   -9.1975    9.7561    2.4466   -6.5038
eta,q 0.96541 18.44571
  0.0370  0.0371  0.0344  0.0372  0.0360  0.0359  0.0361  0.0374  0.0360  0.0360  0.0352  0.0351
  0.0356  0.0359  0.0341  0.0362  0.0354  0.0357  0.0354  0.0366  0.0353  0.0355  0.0350  0.0349
  0.0348  0.0350  0.0341  0.0351  0.0347  0.0352  0.0350  0.0357  0.0349  0.0351  0.0347  0.0347
  0.0344  0.0344  0.0342  0.0341  0.0341  0.0344  0.0349  0.0349  0.0348  0.0348  0.0346  0.0346
  0.0346  0.0342  0.0345  0.0338  0.0341  0.0342  0.0351  0.0346  0.0348  0.0345  0.0347  0.0346
  0.0352  0.0344  0.0348  0.0352  0.0361  0.0362  0.0356  0.0353  0.0351  0.0347  0.0350  0.0347
  0.0362  0.0352  0.0352  0.0386  0.0401  0.0406  0.0364  0.0376  0.0356  0.0354  0.0357  0.0351
niter,ni,del,rscale     1    3    5.0000    1.2000
parameters
   -1.5524   23.1704    2.0963   -4.1725   -8.9556   -7.6685
    7.3252    6.0550   -8.9370   11.6201    2.4368   -6.3294
eta,q 0.96531 18.32609
  0.0368  0.0371  0.0346  0.0371  0.0361  0.0356  0.0361  0.0373  0.0359  0.0360  0.0354  0.0352
  0.0356  0.0359  0.0344  0.0363  0.0354  0.0355  0.0355  0.0365  0.0353  0.0356  0.0351  0.0350
  0.0349  0.0351  0.0343  0.0353  0.0348  0.0352  0.0351  0.0356  0.0350  0.0352  0.0349  0.0348
  0.0346  0.0346  0.0344  0.0343  0.0343  0.0345  0.0349  0.0349  0.0349  0.0349  0.0347  0.0347
  0.0348  0.0344  0.0347  0.0339  0.0342  0.0343  0.0351  0.0347  0.0350  0.0347  0.0347  0.0347
  0.0353  0.0346  0.0350  0.0351  0.0357  0.0361  0.0356  0.0354  0.0352  0.0348  0.0350  0.0348
  0.0363  0.0353  0.0353  0.0382  0.0394  0.0399  0.0364  0.0377  0.0357  0.0354  0.0355  0.0353
registration optimization eta report
parameter search radius
    2.4000    2.7600    2.4000    7.2000    7.2000    7.2000
    7.2000    7.2000    7.2000    7.2000    8.2800    8.2800
100000*second partial in parameter space
       35.       21.        9.        7.        7.        6.
        3.        5.        2.        2.        1.        1.
  0.0368  0.0371  0.0346  0.0371  0.0361  0.0356  0.0361  0.0373  0.0359  0.0360  0.0354  0.0352
  0.0356  0.0359  0.0344  0.0363  0.0354  0.0355  0.0355  0.0365  0.0353  0.0356  0.0351  0.0350
  0.0349  0.0351  0.0343  0.0353  0.0348  0.0352  0.0351  0.0356  0.0350  0.0352  0.0349  0.0348
  0.0346  0.0346  0.0344  0.0343  0.0343  0.0345  0.0349  0.0349  0.0349  0.0349  0.0347  0.0347
  0.0348  0.0344  0.0347  0.0339  0.0342  0.0343  0.0351  0.0347  0.0350  0.0347  0.0347  0.0347
  0.0353  0.0346  0.0350  0.0351  0.0357  0.0361  0.0356  0.0354  0.0352  0.0348  0.0350  0.0348
  0.0363  0.0353  0.0353  0.0382  0.0394  0.0399  0.0364  0.0377  0.0357  0.0354  0.0355  0.0353
   -1.5524   23.1704    2.0963   -4.1725   -8.9556   -7.6685
    7.3252    6.0550   -8.9370   11.6201    2.4368   -6.3294
eta,q 0.96531 18.32609

---------------------------------------------------------------------
imgreg_4dfp /opt/freesurfer/average/711-2C_as_mni_average_305 /opt/freesurfer/average/711-2B_as_mni_average_305_mask talsrcimg_g11 none talsrcimg_to_711-2C_as_mni_average_305_t4 2311
---------------------------------------------------------------------

freesurfer imgreg_4dfp.c
/opt/freesurfer/average/711-2C_as_mni_average_305.4dfp.img
       256       256       256         1
  1.000000  1.000000  1.000000
orientation T byte_order littleendian
Reading image: /opt/freesurfer/average/711-2C_as_mni_average_305.4dfp.img
dimensions:      256       256       256
mmppix:       1.0000   -1.0000   -1.0000
center:     128.0000 -129.0000 -129.0000
/opt/freesurfer/average/711-2B_as_mni_average_305_mask.4dfp.img
       256       256       256         1
  1.000000  1.000000  1.000000
orientation T byte_order littleendian
Reading mask: /opt/freesurfer/average/711-2B_as_mni_average_305_mask.4dfp.img (2306576 pixels)
talsrcimg_g11.4dfp.img
       320       320       320         1
  0.700000  0.700000  0.700000
orientation T byte_order littleendian
Reading image: talsrcimg_g11.4dfp.img
dimensions:      320       320       320
mmppix:       0.7000   -0.7000   -0.7000
center:     112.0000 -112.7000 -112.7000
fimgreg.f
image alignment mode   2311 decimal      907 hex
parameters
   -1.5524   23.1704    2.0963   -4.1725   -8.9556   -7.6685
    7.3252    6.0550   -8.9370   11.6201    2.4368   -6.3294
eta,q 0.96531 18.32609
niter,ni,del,rscale     5    3    5.0000    0.8000
parameters
   -1.4909   23.9494    1.3372   -2.7315   -8.9110   -7.8260
    6.7914    5.8512   -9.2455   12.2518    1.1194   -6.7819
eta,q 0.96587 18.40073
  0.0356  0.0356  0.0346  0.0363  0.0353  0.0350  0.0348  0.0357  0.0346  0.0349  0.0343  0.0343
  0.0351  0.0352  0.0345  0.0357  0.0349  0.0349  0.0344  0.0351  0.0343  0.0346  0.0342  0.0342
  0.0348  0.0349  0.0345  0.0351  0.0345  0.0345  0.0342  0.0345  0.0342  0.0344  0.0341  0.0342
  0.0347  0.0347  0.0346  0.0345  0.0341  0.0341  0.0342  0.0342  0.0342  0.0342  0.0341  0.0341
  0.0348  0.0346  0.0347  0.0341  0.0340  0.0340  0.0343  0.0342  0.0343  0.0341  0.0342  0.0341
  0.0350  0.0346  0.0349  0.0342  0.0344  0.0344  0.0346  0.0349  0.0344  0.0343  0.0344  0.0342
  0.0354  0.0347  0.0351  0.0352  0.0357  0.0358  0.0352  0.0363  0.0347  0.0347  0.0347  0.0344
niter,ni,del,rscale     4    3    5.0000    0.7000
parameters
   -1.4804   24.3484    0.8360   -2.5664   -8.7938   -7.3158
    6.8252    5.5327   -9.1411   12.5497   -0.9422   -8.1007
eta,q 0.96616 18.46471
  0.0349  0.0347  0.0341  0.0356  0.0351  0.0349  0.0346  0.0350  0.0344  0.0345  0.0339  0.0339
  0.0345  0.0345  0.0341  0.0350  0.0347  0.0348  0.0342  0.0345  0.0341  0.0343  0.0338  0.0339
  0.0342  0.0343  0.0341  0.0345  0.0343  0.0344  0.0340  0.0341  0.0339  0.0341  0.0339  0.0338
  0.0341  0.0341  0.0341  0.0341  0.0340  0.0340  0.0339  0.0339  0.0339  0.0339  0.0339  0.0338
  0.0342  0.0341  0.0342  0.0340  0.0339  0.0338  0.0339  0.0340  0.0340  0.0339  0.0340  0.0339
  0.0345  0.0341  0.0343  0.0345  0.0342  0.0339  0.0342  0.0346  0.0341  0.0341  0.0341  0.0340
  0.0349  0.0343  0.0344  0.0357  0.0353  0.0350  0.0346  0.0357  0.0343  0.0345  0.0344  0.0342
niter,ni,del,rscale     3    3    5.0000    0.6000
parameter  3  0.735127 ->  0.500000 qaram    1.1500
parameter 11  0.544649 ->  0.500000 qaram    1.1500
parameters
   -1.4722   24.6329    0.1460   -2.0969   -8.4273   -7.1837
    7.0493    5.4704   -8.6084   12.9549   -3.0122   -9.4234
eta,q 0.96660 18.54719
  0.0344  0.0343  0.0338  0.0351  0.0346  0.0347  0.0342  0.0346  0.0340  0.0341  0.0335  0.0335
  0.0341  0.0341  0.0337  0.0346  0.0343  0.0344  0.0338  0.0341  0.0338  0.0339  0.0334  0.0334
  0.0339  0.0339  0.0338  0.0342  0.0339  0.0340  0.0336  0.0337  0.0336  0.0337  0.0334  0.0334
  0.0338  0.0338  0.0338  0.0337  0.0336  0.0336  0.0335  0.0335  0.0335  0.0335  0.0335  0.0334
  0.0339  0.0338  0.0339  0.0336  0.0335  0.0334  0.0336  0.0336  0.0335  0.0335  0.0336  0.0335
  0.0341  0.0339  0.0340  0.0339  0.0337  0.0338  0.0337  0.0340  0.0336  0.0336  0.0338  0.0336
  0.0344  0.0340  0.0341  0.0348  0.0345  0.0350  0.0341  0.0348  0.0338  0.0340  0.0340  0.0338
niter,ni,del,rscale     4    3    5.0000    0.7000
parameters
   -1.4771   24.8515   -0.0005   -2.3736   -8.6622   -7.4056
    6.9844    5.9177   -8.0704   13.9461   -3.3781  -10.1688
eta,q 0.96657 18.53278
  0.0343  0.0340  0.0338  0.0350  0.0346  0.0348  0.0342  0.0351  0.0341  0.0343  0.0338  0.0336
  0.0338  0.0337  0.0335  0.0345  0.0341  0.0345  0.0339  0.0343  0.0338  0.0340  0.0336  0.0335
  0.0335  0.0335  0.0334  0.0338  0.0337  0.0340  0.0336  0.0338  0.0336  0.0337  0.0334  0.0334
  0.0334  0.0334  0.0334  0.0334  0.0334  0.0335  0.0335  0.0335  0.0335  0.0335  0.0334  0.0334
  0.0335  0.0334  0.0335  0.0334  0.0334  0.0333  0.0336  0.0335  0.0335  0.0334  0.0335  0.0335
  0.0338  0.0335  0.0337  0.0343  0.0339  0.0341  0.0339  0.0339  0.0336  0.0335  0.0337  0.0337
  0.0343  0.0338  0.0339  0.0362  0.0354  0.0360  0.0343  0.0346  0.0339  0.0339  0.0339  0.0339
niter,ni,del,rscale     3    3    5.0000    0.6000
parameters
   -1.3655   25.0559   -0.1895   -2.2125   -8.6132   -7.4553
    6.5596    6.0560   -8.0013   14.2681   -3.4791  -10.6542
eta,q 0.96667 18.54946
  0.0342  0.0339  0.0337  0.0348  0.0343  0.0346  0.0338  0.0345  0.0338  0.0339  0.0336  0.0335
  0.0338  0.0337  0.0335  0.0343  0.0339  0.0343  0.0335  0.0339  0.0335  0.0337  0.0335  0.0334
  0.0335  0.0335  0.0334  0.0338  0.0336  0.0338  0.0334  0.0335  0.0334  0.0335  0.0334  0.0333
  0.0334  0.0334  0.0334  0.0334  0.0333  0.0333  0.0334  0.0334  0.0334  0.0334  0.0333  0.0333
  0.0335  0.0334  0.0335  0.0333  0.0333  0.0332  0.0335  0.0334  0.0334  0.0333  0.0334  0.0334
  0.0336  0.0335  0.0336  0.0338  0.0336  0.0338  0.0337  0.0338  0.0335  0.0335  0.0335  0.0335
  0.0340  0.0337  0.0338  0.0350  0.0345  0.0352  0.0341  0.0344  0.0337  0.0338  0.0337  0.0337
niter,ni,del,rscale     2    3    5.0000    0.5000
parameters
   -1.3162   25.1799   -0.2592   -2.0101   -8.4611   -7.2750
    6.3811    6.1122   -8.0086   14.2855   -3.6731  -10.9957
eta,q 0.96678 18.57547
  0.0339  0.0336  0.0336  0.0345  0.0341  0.0344  0.0336  0.0341  0.0335  0.0336  0.0335  0.0334
  0.0336  0.0335  0.0334  0.0341  0.0337  0.0340  0.0334  0.0336  0.0333  0.0334  0.0333  0.0333
  0.0334  0.0334  0.0333  0.0336  0.0335  0.0336  0.0333  0.0333  0.0332  0.0333  0.0332  0.0332
  0.0333  0.0333  0.0333  0.0333  0.0333  0.0333  0.0332  0.0332  0.0332  0.0332  0.0332  0.0332
  0.0334  0.0333  0.0334  0.0333  0.0332  0.0331  0.0333  0.0333  0.0333  0.0332  0.0333  0.0332
  0.0335  0.0334  0.0335  0.0336  0.0335  0.0335  0.0335  0.0336  0.0334  0.0334  0.0334  0.0333
  0.0338  0.0335  0.0336  0.0344  0.0341  0.0344  0.0337  0.0341  0.0335  0.0337  0.0335  0.0335
niter,ni,del,rscale     1    3    5.0000    0.4000
parameters
   -1.3046   25.2111   -0.1744   -1.8626   -8.2964   -6.9089
    6.3044    6.1473   -7.9594   14.1064   -3.8224  -11.1824
eta,q 0.96689 18.59996
  0.0336  0.0334  0.0334  0.0341  0.0338  0.0341  0.0334  0.0337  0.0333  0.0333  0.0333  0.0332
  0.0334  0.0333  0.0333  0.0337  0.0335  0.0338  0.0332  0.0334  0.0332  0.0332  0.0332  0.0332
  0.0333  0.0332  0.0332  0.0334  0.0333  0.0335  0.0331  0.0332  0.0331  0.0331  0.0331  0.0331
  0.0332  0.0332  0.0332  0.0332  0.0332  0.0332  0.0331  0.0331  0.0331  0.0331  0.0331  0.0331
  0.0333  0.0332  0.0332  0.0332  0.0332  0.0331  0.0331  0.0332  0.0331  0.0331  0.0331  0.0331
  0.0334  0.0333  0.0333  0.0335  0.0333  0.0333  0.0333  0.0334  0.0332  0.0333  0.0332  0.0332
  0.0335  0.0334  0.0334  0.0340  0.0337  0.0338  0.0335  0.0337  0.0333  0.0335  0.0333  0.0333
registration optimization eta report
parameter search radius
    0.8000    0.8000    0.9200    2.4000    2.4000    2.4000
    2.4000    2.4000    2.4000    2.4000    2.7600    2.4000
100000*second partial in parameter space
       53.       28.       22.       14.        9.       14.
        6.       11.        4.        5.        2.        2.
  0.0336  0.0334  0.0334  0.0341  0.0338  0.0341  0.0334  0.0337  0.0333  0.0333  0.0333  0.0332
  0.0334  0.0333  0.0333  0.0337  0.0335  0.0338  0.0332  0.0334  0.0332  0.0332  0.0332  0.0332
  0.0333  0.0332  0.0332  0.0334  0.0333  0.0335  0.0331  0.0332  0.0331  0.0331  0.0331  0.0331
  0.0332  0.0332  0.0332  0.0332  0.0332  0.0332  0.0331  0.0331  0.0331  0.0331  0.0331  0.0331
  0.0333  0.0332  0.0332  0.0332  0.0332  0.0331  0.0331  0.0332  0.0331  0.0331  0.0331  0.0331
  0.0334  0.0333  0.0333  0.0335  0.0333  0.0333  0.0333  0.0334  0.0332  0.0333  0.0332  0.0332
  0.0335  0.0334  0.0334  0.0340  0.0337  0.0338  0.0335  0.0337  0.0333  0.0335  0.0333  0.0333
   -1.3046   25.2111   -0.1744   -1.8626   -8.2964   -6.9089
    6.3044    6.1473   -7.9594   14.1064   -3.8224  -11.1824
eta,q 0.96689 18.59996

---------------------------------------------------------------------
imgreg_4dfp /opt/freesurfer/average/711-2C_as_mni_average_305 /opt/freesurfer/average/711-2B_as_mni_average_305_mask talsrcimg_g11 none talsrcimg_to_711-2C_as_mni_average_305_t4 2311
---------------------------------------------------------------------

freesurfer imgreg_4dfp.c
/opt/freesurfer/average/711-2C_as_mni_average_305.4dfp.img
       256       256       256         1
  1.000000  1.000000  1.000000
orientation T byte_order littleendian
Reading image: /opt/freesurfer/average/711-2C_as_mni_average_305.4dfp.img
dimensions:      256       256       256
mmppix:       1.0000   -1.0000   -1.0000
center:     128.0000 -129.0000 -129.0000
/opt/freesurfer/average/711-2B_as_mni_average_305_mask.4dfp.img
       256       256       256         1
  1.000000  1.000000  1.000000
orientation T byte_order littleendian
Reading mask: /opt/freesurfer/average/711-2B_as_mni_average_305_mask.4dfp.img (2306576 pixels)
talsrcimg_g11.4dfp.img
       320       320       320         1
  0.700000  0.700000  0.700000
orientation T byte_order littleendian
Reading image: talsrcimg_g11.4dfp.img
dimensions:      320       320       320
mmppix:       0.7000   -0.7000   -0.7000
center:     112.0000 -112.7000 -112.7000
fimgreg.f
image alignment mode   2311 decimal      907 hex
parameters
   -1.3046   25.2111   -0.1744   -1.8626   -8.2964   -6.9089
    6.3044    6.1473   -7.9594   14.1064   -3.8224  -11.1824
eta,q 0.96689 18.59996
niter,ni,del,rscale     5    3    5.0000    0.8000
parameters
   -1.2790   25.0751    0.1662   -2.6079   -8.9744   -7.5552
    6.4374    6.2983   -7.9045   14.9207   -3.2601  -10.9285
eta,q 0.96647 18.51520
  0.0346  0.0338  0.0341  0.0349  0.0345  0.0348  0.0345  0.0352  0.0342  0.0344  0.0339  0.0339
  0.0338  0.0334  0.0336  0.0343  0.0340  0.0346  0.0340  0.0344  0.0338  0.0341  0.0337  0.0338
  0.0333  0.0332  0.0332  0.0336  0.0336  0.0340  0.0338  0.0339  0.0337  0.0338  0.0336  0.0336
  0.0331  0.0331  0.0331  0.0331  0.0333  0.0334  0.0336  0.0336  0.0336  0.0336  0.0335  0.0335
  0.0333  0.0332  0.0331  0.0334  0.0333  0.0333  0.0337  0.0337  0.0337  0.0335  0.0336  0.0335
  0.0337  0.0335  0.0332  0.0350  0.0343  0.0347  0.0339  0.0341  0.0338  0.0336  0.0336  0.0337
  0.0345  0.0341  0.0335  0.0375  0.0364  0.0372  0.0344  0.0351  0.0341  0.0341  0.0338  0.0339
niter,ni,del,rscale     4    3    5.0000    0.7000
parameters
   -1.2364   25.1443   -0.2100   -2.4501   -8.9081   -7.9248
    6.3452    6.2338   -8.0447   14.9758   -3.1362  -10.9051
eta,q 0.96645 18.51708
  0.0344  0.0340  0.0337  0.0351  0.0346  0.0347  0.0342  0.0348  0.0340  0.0341  0.0338  0.0338
  0.0339  0.0338  0.0335  0.0346  0.0342  0.0344  0.0339  0.0341  0.0337  0.0339  0.0337  0.0337
  0.0336  0.0336  0.0335  0.0340  0.0338  0.0339  0.0336  0.0337  0.0336  0.0337  0.0336  0.0336
  0.0335  0.0335  0.0335  0.0335  0.0335  0.0334  0.0335  0.0335  0.0336  0.0336  0.0335  0.0335
  0.0336  0.0335  0.0336  0.0333  0.0334  0.0334  0.0336  0.0336  0.0336  0.0335  0.0336  0.0336
  0.0338  0.0337  0.0338  0.0339  0.0338  0.0343  0.0339  0.0341  0.0338  0.0338  0.0337  0.0337
  0.0343  0.0340  0.0340  0.0354  0.0349  0.0362  0.0343  0.0350  0.0340  0.0342  0.0338  0.0339
niter,ni,del,rscale     3    3    5.0000    0.6000
parameters
   -1.2539   25.2763   -0.4960   -2.2115   -8.7204   -7.9677
    6.3783    6.1653   -8.1214   14.9165   -3.3605  -11.1357
eta,q 0.96655 18.54140
  0.0341  0.0340  0.0337  0.0349  0.0345  0.0346  0.0340  0.0345  0.0338  0.0339  0.0337  0.0336
  0.0338  0.0338  0.0336  0.0344  0.0341  0.0343  0.0337  0.0339  0.0336  0.0337  0.0335  0.0335
  0.0336  0.0336  0.0335  0.0339  0.0337  0.0338  0.0335  0.0336  0.0335  0.0335  0.0335  0.0335
  0.0336  0.0335  0.0335  0.0335  0.0335  0.0334  0.0334  0.0335  0.0334  0.0334  0.0334  0.0335
  0.0336  0.0336  0.0336  0.0334  0.0334  0.0333  0.0335  0.0336  0.0335  0.0335  0.0335  0.0335
  0.0338  0.0336  0.0337  0.0338  0.0337  0.0338  0.0337  0.0339  0.0336  0.0337  0.0336  0.0336
  0.0342  0.0338  0.0339  0.0349  0.0345  0.0352  0.0340  0.0347  0.0338  0.0340  0.0337  0.0337
niter,ni,del,rscale     2    3    5.0000    0.5000
parameters
   -1.2869   25.3524   -0.5968   -2.0369   -8.5177   -7.7368
    6.3848    6.1377   -8.0845   14.7913   -3.6050  -11.4341
eta,q 0.96667 18.56976
  0.0339  0.0337  0.0336  0.0346  0.0342  0.0344  0.0338  0.0342  0.0336  0.0337  0.0335  0.0335
  0.0336  0.0336  0.0335  0.0342  0.0339  0.0341  0.0335  0.0337  0.0335  0.0335  0.0334  0.0334
  0.0335  0.0335  0.0335  0.0337  0.0336  0.0337  0.0334  0.0334  0.0334  0.0334  0.0333  0.0333
  0.0335  0.0335  0.0334  0.0334  0.0334  0.0334  0.0333  0.0333  0.0333  0.0333  0.0333  0.0333
  0.0335  0.0335  0.0335  0.0334  0.0334  0.0333  0.0334  0.0334  0.0334  0.0334  0.0334  0.0333
  0.0337  0.0335  0.0335  0.0337  0.0336  0.0335  0.0335  0.0337  0.0335  0.0335  0.0334  0.0334
  0.0339  0.0337  0.0336  0.0346  0.0342  0.0345  0.0338  0.0342  0.0336  0.0338  0.0335  0.0335
niter,ni,del,rscale     1    3    5.0000    0.4000
parameters
   -1.3081   25.3742   -0.5128   -1.8989   -8.3382   -7.3342
    6.3471    6.1342   -8.0433   14.5914   -3.8113  -11.5660
eta,q 0.96679 18.59507
  0.0336  0.0335  0.0335  0.0342  0.0339  0.0342  0.0335  0.0338  0.0334  0.0334  0.0333  0.0333
  0.0335  0.0334  0.0334  0.0338  0.0336  0.0339  0.0334  0.0335  0.0333  0.0333  0.0333  0.0333
  0.0334  0.0334  0.0333  0.0335  0.0335  0.0336  0.0333  0.0333  0.0332  0.0332  0.0332  0.0332
  0.0333  0.0333  0.0333  0.0333  0.0333  0.0333  0.0332  0.0332  0.0332  0.0332  0.0332  0.0332
  0.0334  0.0333  0.0333  0.0333  0.0333  0.0332  0.0333  0.0333  0.0332  0.0332  0.0332  0.0332
  0.0335  0.0334  0.0334  0.0336  0.0334  0.0333  0.0334  0.0335  0.0333  0.0334  0.0333  0.0333
  0.0337  0.0335  0.0334  0.0341  0.0338  0.0339  0.0336  0.0338  0.0334  0.0336  0.0334  0.0334
registration optimization eta report
parameter search radius
    0.8000    0.8000    0.8000    2.4000    2.4000    2.4000
    2.4000    2.4000    2.4000    2.4000    2.4000    2.4000
100000*second partial in parameter space
       52.       29.       20.       14.        9.       13.
        6.       11.        4.        5.        2.        2.
  0.0336  0.0335  0.0335  0.0342  0.0339  0.0342  0.0335  0.0338  0.0334  0.0334  0.0333  0.0333
  0.0335  0.0334  0.0334  0.0338  0.0336  0.0339  0.0334  0.0335  0.0333  0.0333  0.0333  0.0333
  0.0334  0.0334  0.0333  0.0335  0.0335  0.0336  0.0333  0.0333  0.0332  0.0332  0.0332  0.0332
  0.0333  0.0333  0.0333  0.0333  0.0333  0.0333  0.0332  0.0332  0.0332  0.0332  0.0332  0.0332
  0.0334  0.0333  0.0333  0.0333  0.0333  0.0332  0.0333  0.0333  0.0332  0.0332  0.0332  0.0332
  0.0335  0.0334  0.0334  0.0336  0.0334  0.0333  0.0334  0.0335  0.0333  0.0334  0.0333  0.0333
  0.0337  0.0335  0.0334  0.0341  0.0338  0.0339  0.0336  0.0338  0.0334  0.0336  0.0334  0.0334
   -1.3081   25.3742   -0.5128   -1.8989   -8.3382   -7.3342
    6.3471    6.1342   -8.0433   14.5914   -3.8113  -11.5660
eta,q 0.96679 18.59507

---------------------------------------------------------------------
compute_vox2vox talsrcimg talsrcimg_to_711-2C_as_mni_average_305_t4 /opt/freesurfer/average/711-2C_as_mni_average_305
---------------------------------------------------------------------

freesurfer compute_vox2vox.c
Reading: talsrcimg.4dfp.ifh
Reading: talsrcimg_to_711-2C_as_mni_average_305_t4
Reading: /opt/freesurfer/average/711-2C_as_mni_average_305.4dfp.ifh
Writing: talsrcimg_to_711-2C_as_mni_average_305_t4_vox2vox.txt

start time Fri Mar 13 06:58:39 CET 2026
end		time Fri Mar 13 07:00:03 CET 2026

mpr2mni305 success

avi2talxfm orig_nu.mgz /opt/freesurfer/average/mni305.cor.mgz talsrcimg_to_711-2C_as_mni_average_305_t4_vox2vox.txt transforms/talairach.auto.xfm
avi2talxfm done
mv -f /out/sourcedata/freesurfer/sub-v2s5x29546_ses-1/mri/talsrcimg_to_711-2C_as_mni_average_305_t4_vox2vox.txt /out/sourcedata/freesurfer/sub-v2s5x29546_ses-1/mri/transforms/talsrcimg_to_711-2C_as_mni_average_305_t4_vox2vox.txt
lta_convert --src orig_nu.mgz --trg /opt/freesurfer/average/mni305.cor.mgz --inxfm transforms/talairach.auto.xfm --outlta transforms/talairach.auto.xfm.lta --subject fsaverage
7.3.2

--src: orig_nu.mgz src image (geometry).
--trg: /opt/freesurfer/average/mni305.cor.mgz trg image (geometry).
--inmni: transforms/talairach.auto.xfm input MNI/XFM transform.
--outlta: transforms/talairach.auto.xfm.lta output LTA.
--s: fsaverage subject name
 LTA read, type : 1
 1.01092  -0.05481  -0.07692  -0.98204;
 0.05162   1.05532   0.12959  -25.93880;
 0.08049  -0.17280   1.06359  -10.50569;
 0.00000   0.00000   0.00000   1.00000;
setting subject to fsaverage
Writing  LTA to file transforms/talairach.auto.xfm.lta...
lta_convert successful.
 
 
Started at Fri Mar 13 06:58:39 CET 2026
Ended   at Fri Mar 13 07:00:04 CET 2026
talairach_avi done
