Log file for defect2seg
Fri Mar 13 10:33:18 CET 2026

setenv SUBJECTS_DIR /out/sourcedata/freesurfer
cd /out/sourcedata/freesurfer/sub-v2s5x29549_ses-1/scripts
/opt/freesurfer/bin/defect2seg --s sub-v2s5x29549_ses-1 --rh-only --cortex

freesurfer-linux-ubuntu22_x86_64-7.3.2-20220804-6354275
defect2seg 7.3.2
Linux dna086 5.14.0-427.37.1.el9_4.x86_64 #1 SMP PREEMPT_DYNAMIC Fri Sep 13 12:41:50 EDT 2024 x86_64 x86_64 x86_64 GNU/Linux
pid 2771930
mri_label2label --label-cortex /out/sourcedata/freesurfer/sub-v2s5x29549_ses-1/surf/rh.orig.nofix /out/sourcedata/freesurfer/sub-v2s5x29549_ses-1/mri/aseg.presurf.mgz 0 /out/sourcedata/freesurfer/sub-v2s5x29549_ses-1/label/rh.nofix.cortex.label

 Generating cortex label... RemoveHipAmgy=0
 NucAccIsMedialWall=0
 mris->useRealRAS=0
36 non-cortical segments detected
only using segment with 16423 vertices
erasing segment 0 (vno[0] = 12345)
erasing segment 1 (vno[0] = 32706)
erasing segment 2 (vno[0] = 36318)
erasing segment 3 (vno[0] = 41309)
erasing segment 4 (vno[0] = 64962)
erasing segment 5 (vno[0] = 64993)
erasing segment 6 (vno[0] = 68153)
erasing segment 8 (vno[0] = 110380)
erasing segment 9 (vno[0] = 121653)
erasing segment 10 (vno[0] = 128129)
erasing segment 11 (vno[0] = 131469)
erasing segment 12 (vno[0] = 137541)
erasing segment 13 (vno[0] = 147569)
erasing segment 14 (vno[0] = 155654)
erasing segment 15 (vno[0] = 164764)
erasing segment 16 (vno[0] = 190131)
erasing segment 17 (vno[0] = 197618)
erasing segment 18 (vno[0] = 200671)
erasing segment 19 (vno[0] = 202147)
erasing segment 20 (vno[0] = 202252)
erasing segment 21 (vno[0] = 203670)
erasing segment 22 (vno[0] = 203756)
erasing segment 23 (vno[0] = 203812)
erasing segment 24 (vno[0] = 205458)
erasing segment 25 (vno[0] = 206978)
erasing segment 26 (vno[0] = 207067)
erasing segment 27 (vno[0] = 207096)
erasing segment 28 (vno[0] = 208572)
erasing segment 29 (vno[0] = 208675)
erasing segment 30 (vno[0] = 209821)
erasing segment 31 (vno[0] = 209868)
erasing segment 32 (vno[0] = 215962)
erasing segment 33 (vno[0] = 223838)
erasing segment 34 (vno[0] = 226695)
erasing segment 35 (vno[0] = 259536)
mri_label2vol --defects /out/sourcedata/freesurfer/sub-v2s5x29549_ses-1/surf/rh.orig.nofix /out/sourcedata/freesurfer/sub-v2s5x29549_ses-1/surf/rh.defect_labels /out/sourcedata/freesurfer/sub-v2s5x29549_ses-1/mri/orig.mgz 2000 0 /out/sourcedata/freesurfer/sub-v2s5x29549_ses-1/mri/rh.surface.defects.mgz /out/sourcedata/freesurfer/sub-v2s5x29549_ses-1/label/rh.nofix.cortex.label
mri_label2vol supposed to be reproducible but seed not set
Contraining to label /out/sourcedata/freesurfer/sub-v2s5x29549_ses-1/label/rh.nofix.cortex.label
Changing input type 0 to MRI_INT
Converting defects to volume: offset=2000, merge=0
Writing to /out/sourcedata/freesurfer/sub-v2s5x29549_ses-1/mri/rh.surface.defects.mgz
mris_defects_pointset -s /out/sourcedata/freesurfer/sub-v2s5x29549_ses-1/surf/rh.orig.nofix -d /out/sourcedata/freesurfer/sub-v2s5x29549_ses-1/surf/rh.defect_labels -o /out/sourcedata/freesurfer/sub-v2s5x29549_ses-1/surf/rh.defects.pointset --label /out/sourcedata/freesurfer/sub-v2s5x29549_ses-1/label/rh.nofix.cortex.label
Reading in surface /out/sourcedata/freesurfer/sub-v2s5x29549_ses-1/surf/rh.orig.nofix
Reading in defect segmentation /out/sourcedata/freesurfer/sub-v2s5x29549_ses-1/surf/rh.defect_labels
Reading in label /out/sourcedata/freesurfer/sub-v2s5x29549_ses-1/label/rh.nofix.cortex.label
#VMPC# mris_defects_pointset 1426216
mris_defects_pointset done
 
Started at Fri Mar 13 10:33:18 CET 2026 
Ended   at Fri Mar 13 10:33:42 CET 2026
Defect2seg-Run-Time-Sec 24
Defect2seg-Run-Time-Min 0.48
Defect2seg-Run-Time-Hours 0.01
 
defect2seg Done
