status file for recon-all
Fri Mar 13 07:14:03 CET 2026
#@# MotionCor Fri Mar 13 07:14:09 CET 2026
#@# Talairach Fri Mar 13 07:14:23 CET 2026
#@# Talairach Failure Detection Fri Mar 13 07:19:47 CET 2026
#@# Nu Intensity Correction Fri Mar 13 07:19:47 CET 2026
#@# Intensity Normalization Fri Mar 13 07:25:13 CET 2026
recon-all -s sub-v2s5x29549_ses-1 finished without error at Fri Mar 13 07:30:20 CET 2026



#New# invocation of recon-all 



status file for recon-all
Fri Mar 13 07:38:33 CET 2026
#@# EM Registration Fri Mar 13 07:38:33 CET 2026
recon-all -s sub-v2s5x29549_ses-1 finished without error at Fri Mar 13 07:40:50 CET 2026



#New# invocation of recon-all 



status file for recon-all
Fri Mar 13 07:40:54 CET 2026
#@# CA Normalize Fri Mar 13 07:40:54 CET 2026
#@# CA Reg Fri Mar 13 07:42:20 CET 2026
#@# SubCort Seg Fri Mar 13 08:23:33 CET 2026
#@# CC Seg Fri Mar 13 09:33:35 CET 2026
#@# Merge ASeg Fri Mar 13 09:34:19 CET 2026
#@# Intensity Normalization2 Fri Mar 13 09:34:19 CET 2026
#@# Mask BFS Fri Mar 13 09:38:24 CET 2026
#@# WM Segmentation Fri Mar 13 09:38:25 CET 2026
#@# Fill Fri Mar 13 09:43:22 CET 2026
recon-all -s sub-v2s5x29549_ses-1 finished without error at Fri Mar 13 09:44:33 CET 2026



#New# invocation of recon-all 



status file for recon-all
Fri Mar 13 11:10:24 CET 2026
#@# white curv lh Fri Mar 13 11:10:24 CET 2026
#@# white area lh Fri Mar 13 11:10:24 CET 2026
#@# pial curv lh Fri Mar 13 11:10:24 CET 2026
#@# pial area lh Fri Mar 13 11:10:24 CET 2026
#@# thickness lh Fri Mar 13 11:10:24 CET 2026
#@# area and vertex vol lh Fri Mar 13 11:10:24 CET 2026
#@# white curv rh Fri Mar 13 11:10:24 CET 2026
#@# white area rh Fri Mar 13 11:10:24 CET 2026
#@# pial curv rh Fri Mar 13 11:10:24 CET 2026
#@# pial area rh Fri Mar 13 11:10:24 CET 2026
#@# thickness rh Fri Mar 13 11:10:24 CET 2026
#@# area and vertex vol rh Fri Mar 13 11:10:24 CET 2026
#@# Cortical ribbon mask Fri Mar 13 11:10:24 CET 2026
recon-all -s sub-v2s5x29549_ses-1 finished without error at Fri Mar 13 11:28:40 CET 2026



#New# invocation of recon-all 



status file for recon-all
Fri Mar 13 11:40:39 CET 2026
#@# white curv lh Fri Mar 13 11:40:39 CET 2026
#@# white area lh Fri Mar 13 11:40:39 CET 2026
#@# pial curv lh Fri Mar 13 11:40:39 CET 2026
#@# pial area lh Fri Mar 13 11:40:39 CET 2026
#@# thickness lh Fri Mar 13 11:40:39 CET 2026
#@# area and vertex vol lh Fri Mar 13 11:40:39 CET 2026
#@# white curv rh Fri Mar 13 11:40:39 CET 2026
#@# white area rh Fri Mar 13 11:40:39 CET 2026
#@# pial curv rh Fri Mar 13 11:40:39 CET 2026
#@# pial area rh Fri Mar 13 11:40:39 CET 2026
#@# thickness rh Fri Mar 13 11:40:39 CET 2026
#@# area and vertex vol rh Fri Mar 13 11:40:39 CET 2026
#@# Curvature Stats lh Fri Mar 13 11:40:39 CET 2026
#@# Curvature Stats rh Fri Mar 13 11:40:43 CET 2026
#@# Relabel Hypointensities Fri Mar 13 11:40:48 CET 2026
#@# APas-to-ASeg Fri Mar 13 11:41:21 CET 2026
#@# AParc-to-ASeg aparc Fri Mar 13 11:41:37 CET 2026
#@# AParc-to-ASeg aparc.a2009s Fri Mar 13 11:43:02 CET 2026
#@# AParc-to-ASeg aparc.DKTatlas Fri Mar 13 11:44:30 CET 2026
#@# WMParc Fri Mar 13 11:45:58 CET 2026
#@# ASeg Stats Fri Mar 13 11:49:38 CET 2026
recon-all -s sub-v2s5x29549_ses-1 finished without error at Fri Mar 13 11:50:17 CET 2026
