status file for recon-all
Fri Mar 13 10:27:08 CET 2026
#@# Tessellate rh Fri Mar 13 10:27:08 CET 2026
#@# Smooth1 rh Fri Mar 13 10:27:13 CET 2026
#@# Inflation1 rh Fri Mar 13 10:27:17 CET 2026
#@# QSphere rh Fri Mar 13 10:30:00 CET 2026
#@# Fix Topology rh Fri Mar 13 10:32:02 CET 2026
#@# Smooth2 rh Fri Mar 13 10:40:16 CET 2026
#@# Inflation2 rh Fri Mar 13 10:40:21 CET 2026
#@# Curv .H and .K rh Fri Mar 13 10:41:01 CET 2026
#@# Sphere rh Fri Mar 13 10:42:21 CET 2026
#@# Surf Reg rh Fri Mar 13 10:48:43 CET 2026
#@# Jacobian white rh Fri Mar 13 10:58:03 CET 2026
#@# AvgCurv rh Fri Mar 13 10:58:04 CET 2026
#@# Cortical Parc rh Fri Mar 13 10:58:06 CET 2026
#@# white curv rh Fri Mar 13 11:08:35 CET 2026
#@# white area rh Fri Mar 13 11:08:38 CET 2026
#@# pial curv rh Fri Mar 13 11:08:39 CET 2026
#@# pial area rh Fri Mar 13 11:08:42 CET 2026
#@# thickness rh Fri Mar 13 11:08:43 CET 2026
#@# area and vertex vol rh Fri Mar 13 11:09:30 CET 2026
#@# Curvature Stats rh Fri Mar 13 11:09:33 CET 2026
#@# Cortical Parc 2 rh Fri Mar 13 11:09:37 CET 2026
#@# Cortical Parc 3 rh Fri Mar 13 11:09:58 CET 2026
#@# WM/GM Contrast rh Fri Mar 13 11:10:13 CET 2026
recon-all -s sub-v2s5x29549_ses-1 finished without error at Fri Mar 13 11:10:19 CET 2026



#New# invocation of recon-all 



status file for recon-all
Fri Mar 13 11:34:36 CET 2026
#@# white curv rh Fri Mar 13 11:34:36 CET 2026
#@# white area rh Fri Mar 13 11:34:36 CET 2026
#@# pial curv rh Fri Mar 13 11:34:36 CET 2026
#@# pial area rh Fri Mar 13 11:34:36 CET 2026
#@# thickness rh Fri Mar 13 11:34:36 CET 2026
#@# area and vertex vol rh Fri Mar 13 11:34:36 CET 2026
#@# Parcellation Stats rh Fri Mar 13 11:34:36 CET 2026
#@# Parcellation Stats 2 rh Fri Mar 13 11:35:32 CET 2026
#@# Parcellation Stats 3 rh Fri Mar 13 11:36:01 CET 2026
#@# BA_exvivo Labels rh Fri Mar 13 11:36:28 CET 2026
recon-all -s sub-v2s5x29549_ses-1 finished without error at Fri Mar 13 11:40:35 CET 2026
