status file for recon-all
Fri Mar 13 06:52:33 CET 2026
#@# MotionCor Fri Mar 13 06:52:38 CET 2026
#@# Talairach Fri Mar 13 06:52:57 CET 2026
#@# Talairach Failure Detection Fri Mar 13 07:00:06 CET 2026
#@# Nu Intensity Correction Fri Mar 13 07:00:06 CET 2026
#@# Intensity Normalization Fri Mar 13 07:06:28 CET 2026
recon-all -s sub-v2s5x29546_ses-1 finished without error at Fri Mar 13 07:12:03 CET 2026



#New# invocation of recon-all 



status file for recon-all
Fri Mar 13 07:22:47 CET 2026
#@# EM Registration Fri Mar 13 07:22:47 CET 2026
recon-all -s sub-v2s5x29546_ses-1 finished without error at Fri Mar 13 07:25:24 CET 2026



#New# invocation of recon-all 



status file for recon-all
Fri Mar 13 07:25:27 CET 2026
#@# CA Normalize Fri Mar 13 07:25:27 CET 2026
#@# CA Reg Fri Mar 13 07:27:24 CET 2026
#@# SubCort Seg Fri Mar 13 08:18:01 CET 2026
#@# CC Seg Fri Mar 13 09:55:41 CET 2026
#@# Merge ASeg Fri Mar 13 09:57:08 CET 2026
#@# Intensity Normalization2 Fri Mar 13 09:57:08 CET 2026
#@# Mask BFS Fri Mar 13 10:02:42 CET 2026
#@# WM Segmentation Fri Mar 13 10:02:44 CET 2026
#@# Fill Fri Mar 13 10:08:37 CET 2026
recon-all -s sub-v2s5x29546_ses-1 finished without error at Fri Mar 13 10:10:27 CET 2026



#New# invocation of recon-all 



status file for recon-all
Fri Mar 13 12:25:20 CET 2026
#@# white curv lh Fri Mar 13 12:25:20 CET 2026
#@# white area lh Fri Mar 13 12:25:20 CET 2026
#@# pial curv lh Fri Mar 13 12:25:20 CET 2026
#@# pial area lh Fri Mar 13 12:25:20 CET 2026
#@# thickness lh Fri Mar 13 12:25:20 CET 2026
#@# area and vertex vol lh Fri Mar 13 12:25:20 CET 2026
#@# white curv rh Fri Mar 13 12:25:20 CET 2026
#@# white area rh Fri Mar 13 12:25:20 CET 2026
#@# pial curv rh Fri Mar 13 12:25:20 CET 2026
#@# pial area rh Fri Mar 13 12:25:20 CET 2026
#@# thickness rh Fri Mar 13 12:25:20 CET 2026
#@# area and vertex vol rh Fri Mar 13 12:25:20 CET 2026
#@# Cortical ribbon mask Fri Mar 13 12:25:20 CET 2026
recon-all -s sub-v2s5x29546_ses-1 finished without error at Fri Mar 13 12:53:49 CET 2026



#New# invocation of recon-all 



status file for recon-all
Fri Mar 13 13:13:56 CET 2026
#@# white curv lh Fri Mar 13 13:13:56 CET 2026
#@# white area lh Fri Mar 13 13:13:56 CET 2026
#@# pial curv lh Fri Mar 13 13:13:56 CET 2026
#@# pial area lh Fri Mar 13 13:13:56 CET 2026
#@# thickness lh Fri Mar 13 13:13:56 CET 2026
#@# area and vertex vol lh Fri Mar 13 13:13:57 CET 2026
#@# white curv rh Fri Mar 13 13:13:57 CET 2026
#@# white area rh Fri Mar 13 13:13:57 CET 2026
#@# pial curv rh Fri Mar 13 13:13:57 CET 2026
#@# pial area rh Fri Mar 13 13:13:57 CET 2026
#@# thickness rh Fri Mar 13 13:13:57 CET 2026
#@# area and vertex vol rh Fri Mar 13 13:13:57 CET 2026
#@# Curvature Stats lh Fri Mar 13 13:13:57 CET 2026
#@# Curvature Stats rh Fri Mar 13 13:14:02 CET 2026
#@# Relabel Hypointensities Fri Mar 13 13:14:09 CET 2026
#@# APas-to-ASeg Fri Mar 13 13:14:58 CET 2026
#@# AParc-to-ASeg aparc Fri Mar 13 13:15:25 CET 2026
#@# AParc-to-ASeg aparc.a2009s Fri Mar 13 13:18:26 CET 2026
#@# AParc-to-ASeg aparc.DKTatlas Fri Mar 13 13:21:21 CET 2026
#@# WMParc Fri Mar 13 13:24:28 CET 2026
#@# ASeg Stats Fri Mar 13 13:31:18 CET 2026
recon-all -s sub-v2s5x29546_ses-1 finished without error at Fri Mar 13 13:32:23 CET 2026
