status file for recon-all
Fri Mar 13 10:10:33 CET 2026
#@# Tessellate lh Fri Mar 13 10:10:33 CET 2026
#@# Smooth1 lh Fri Mar 13 10:10:42 CET 2026
#@# Inflation1 lh Fri Mar 13 10:10:48 CET 2026
#@# QSphere lh Fri Mar 13 10:14:00 CET 2026
#@# Fix Topology lh Fri Mar 13 10:16:36 CET 2026
#@# Smooth2 lh Fri Mar 13 10:30:45 CET 2026
#@# Inflation2 lh Fri Mar 13 10:30:52 CET 2026
#@# Curv .H and .K lh Fri Mar 13 10:31:45 CET 2026
#@# Sphere lh Fri Mar 13 10:33:48 CET 2026
#@# Surf Reg lh Fri Mar 13 10:43:45 CET 2026
#@# Jacobian white lh Fri Mar 13 10:58:54 CET 2026
#@# AvgCurv lh Fri Mar 13 10:58:56 CET 2026
#@# Cortical Parc lh Fri Mar 13 10:58:58 CET 2026
#@# white curv lh Fri Mar 13 11:15:14 CET 2026
#@# white area lh Fri Mar 13 11:15:19 CET 2026
#@# pial curv lh Fri Mar 13 11:15:20 CET 2026
#@# pial area lh Fri Mar 13 11:15:26 CET 2026
#@# thickness lh Fri Mar 13 11:15:27 CET 2026
#@# area and vertex vol lh Fri Mar 13 11:16:48 CET 2026
#@# Curvature Stats lh Fri Mar 13 11:16:52 CET 2026
#@# Cortical Parc 2 lh Fri Mar 13 11:16:58 CET 2026
#@# Cortical Parc 3 lh Fri Mar 13 11:17:32 CET 2026
#@# WM/GM Contrast lh Fri Mar 13 11:17:58 CET 2026
recon-all -s sub-v2s5x29546_ses-1 finished without error at Fri Mar 13 11:18:09 CET 2026



#New# invocation of recon-all 



status file for recon-all
Fri Mar 13 12:53:54 CET 2026
#@# white curv lh Fri Mar 13 12:53:54 CET 2026
#@# white area lh Fri Mar 13 12:53:54 CET 2026
#@# pial curv lh Fri Mar 13 12:53:54 CET 2026
#@# pial area lh Fri Mar 13 12:53:54 CET 2026
#@# thickness lh Fri Mar 13 12:53:54 CET 2026
#@# area and vertex vol lh Fri Mar 13 12:53:54 CET 2026
#@# Parcellation Stats lh Fri Mar 13 12:53:54 CET 2026
#@# Parcellation Stats 2 lh Fri Mar 13 12:55:43 CET 2026
#@# Parcellation Stats 3 lh Fri Mar 13 12:56:39 CET 2026
#@# BA_exvivo Labels lh Fri Mar 13 12:57:40 CET 2026
recon-all -s sub-v2s5x29546_ses-1 finished without error at Fri Mar 13 13:03:58 CET 2026
