Log file for defect2seg
Fri Mar 13 11:54:55 CET 2026

setenv SUBJECTS_DIR /out/sourcedata/freesurfer
cd /out/sourcedata/freesurfer/sub-v2s5x29570_ses-1/scripts
/opt/freesurfer/bin/defect2seg --s sub-v2s5x29570_ses-1 --rh-only --cortex

freesurfer-linux-ubuntu22_x86_64-7.3.2-20220804-6354275
defect2seg 7.3.2
Linux dna061 5.14.0-427.37.1.el9_4.x86_64 #1 SMP PREEMPT_DYNAMIC Fri Sep 13 12:41:50 EDT 2024 x86_64 x86_64 x86_64 GNU/Linux
pid 243726
mri_label2label --label-cortex /out/sourcedata/freesurfer/sub-v2s5x29570_ses-1/surf/rh.orig.nofix /out/sourcedata/freesurfer/sub-v2s5x29570_ses-1/mri/aseg.presurf.mgz 0 /out/sourcedata/freesurfer/sub-v2s5x29570_ses-1/label/rh.nofix.cortex.label

 Generating cortex label... RemoveHipAmgy=0
 NucAccIsMedialWall=0
 mris->useRealRAS=0
37 non-cortical segments detected
only using segment with 16108 vertices
erasing segment 0 (vno[0] = 11855)
erasing segment 1 (vno[0] = 15143)
erasing segment 2 (vno[0] = 15224)
erasing segment 3 (vno[0] = 20764)
erasing segment 4 (vno[0] = 21988)
erasing segment 5 (vno[0] = 22119)
erasing segment 6 (vno[0] = 47215)
erasing segment 7 (vno[0] = 48927)
erasing segment 8 (vno[0] = 68526)
erasing segment 9 (vno[0] = 75363)
erasing segment 11 (vno[0] = 98573)
erasing segment 12 (vno[0] = 107023)
erasing segment 13 (vno[0] = 119468)
erasing segment 14 (vno[0] = 122745)
erasing segment 15 (vno[0] = 126163)
erasing segment 16 (vno[0] = 133398)
erasing segment 17 (vno[0] = 194503)
erasing segment 18 (vno[0] = 197273)
erasing segment 19 (vno[0] = 203078)
erasing segment 20 (vno[0] = 209491)
erasing segment 21 (vno[0] = 210999)
erasing segment 22 (vno[0] = 212791)
erasing segment 23 (vno[0] = 214334)
erasing segment 24 (vno[0] = 215631)
erasing segment 25 (vno[0] = 217145)
erasing segment 26 (vno[0] = 218446)
erasing segment 27 (vno[0] = 219961)
erasing segment 28 (vno[0] = 219972)
erasing segment 29 (vno[0] = 220235)
erasing segment 30 (vno[0] = 221492)
erasing segment 31 (vno[0] = 223045)
erasing segment 32 (vno[0] = 223122)
erasing segment 33 (vno[0] = 224594)
erasing segment 34 (vno[0] = 224801)
erasing segment 35 (vno[0] = 224912)
erasing segment 36 (vno[0] = 229102)
mri_label2vol --defects /out/sourcedata/freesurfer/sub-v2s5x29570_ses-1/surf/rh.orig.nofix /out/sourcedata/freesurfer/sub-v2s5x29570_ses-1/surf/rh.defect_labels /out/sourcedata/freesurfer/sub-v2s5x29570_ses-1/mri/orig.mgz 2000 0 /out/sourcedata/freesurfer/sub-v2s5x29570_ses-1/mri/rh.surface.defects.mgz /out/sourcedata/freesurfer/sub-v2s5x29570_ses-1/label/rh.nofix.cortex.label
mri_label2vol supposed to be reproducible but seed not set
Contraining to label /out/sourcedata/freesurfer/sub-v2s5x29570_ses-1/label/rh.nofix.cortex.label
Changing input type 0 to MRI_INT
Converting defects to volume: offset=2000, merge=0
Writing to /out/sourcedata/freesurfer/sub-v2s5x29570_ses-1/mri/rh.surface.defects.mgz
mris_defects_pointset -s /out/sourcedata/freesurfer/sub-v2s5x29570_ses-1/surf/rh.orig.nofix -d /out/sourcedata/freesurfer/sub-v2s5x29570_ses-1/surf/rh.defect_labels -o /out/sourcedata/freesurfer/sub-v2s5x29570_ses-1/surf/rh.defects.pointset --label /out/sourcedata/freesurfer/sub-v2s5x29570_ses-1/label/rh.nofix.cortex.label
Reading in surface /out/sourcedata/freesurfer/sub-v2s5x29570_ses-1/surf/rh.orig.nofix
Reading in defect segmentation /out/sourcedata/freesurfer/sub-v2s5x29570_ses-1/surf/rh.defect_labels
Reading in label /out/sourcedata/freesurfer/sub-v2s5x29570_ses-1/label/rh.nofix.cortex.label
#VMPC# mris_defects_pointset 1501572
mris_defects_pointset done
 
Started at Fri Mar 13 11:54:55 CET 2026 
Ended   at Fri Mar 13 11:55:35 CET 2026
Defect2seg-Run-Time-Sec 40
Defect2seg-Run-Time-Min 0.80
Defect2seg-Run-Time-Hours 0.01
 
defect2seg Done
