status file for recon-all
Fri Mar 13 11:48:31 CET 2026
#@# Tessellate rh Fri Mar 13 11:48:31 CET 2026
#@# Smooth1 rh Fri Mar 13 11:48:40 CET 2026
#@# Inflation1 rh Fri Mar 13 11:48:45 CET 2026
#@# QSphere rh Fri Mar 13 11:51:13 CET 2026
#@# Fix Topology rh Fri Mar 13 11:53:06 CET 2026
#@# Smooth2 rh Fri Mar 13 12:06:21 CET 2026
#@# Inflation2 rh Fri Mar 13 12:06:27 CET 2026
#@# Curv .H and .K rh Fri Mar 13 12:07:05 CET 2026
#@# Sphere rh Fri Mar 13 12:08:52 CET 2026
#@# Surf Reg rh Fri Mar 13 12:20:46 CET 2026
#@# Jacobian white rh Fri Mar 13 12:35:14 CET 2026
#@# AvgCurv rh Fri Mar 13 12:35:15 CET 2026
#@# Cortical Parc rh Fri Mar 13 12:35:17 CET 2026
#@# white curv rh Fri Mar 13 12:48:18 CET 2026
#@# white area rh Fri Mar 13 12:48:23 CET 2026
#@# pial curv rh Fri Mar 13 12:48:24 CET 2026
#@# pial area rh Fri Mar 13 12:48:29 CET 2026
#@# thickness rh Fri Mar 13 12:48:30 CET 2026
#@# area and vertex vol rh Fri Mar 13 12:49:45 CET 2026
#@# Curvature Stats rh Fri Mar 13 12:49:48 CET 2026
#@# Cortical Parc 2 rh Fri Mar 13 12:49:56 CET 2026
#@# Cortical Parc 3 rh Fri Mar 13 12:50:27 CET 2026
#@# WM/GM Contrast rh Fri Mar 13 12:50:49 CET 2026
recon-all -s sub-v2s5x29570_ses-1 finished without error at Fri Mar 13 12:51:00 CET 2026



#New# invocation of recon-all 



status file for recon-all
Fri Mar 13 13:44:38 CET 2026
#@# white curv rh Fri Mar 13 13:44:38 CET 2026
#@# white area rh Fri Mar 13 13:44:38 CET 2026
#@# pial curv rh Fri Mar 13 13:44:38 CET 2026
#@# pial area rh Fri Mar 13 13:44:38 CET 2026
#@# thickness rh Fri Mar 13 13:44:38 CET 2026
#@# area and vertex vol rh Fri Mar 13 13:44:38 CET 2026
#@# Parcellation Stats rh Fri Mar 13 13:44:38 CET 2026
#@# Parcellation Stats 2 rh Fri Mar 13 13:45:50 CET 2026
#@# Parcellation Stats 3 rh Fri Mar 13 13:46:28 CET 2026
#@# BA_exvivo Labels rh Fri Mar 13 13:47:05 CET 2026
recon-all -s sub-v2s5x29570_ses-1 finished without error at Fri Mar 13 13:52:32 CET 2026
