/out/sourcedata/freesurfer/sub-v2s5x29563_ses-1/mri
/opt/freesurfer/bin/talairach_avi
--i orig_nu.mgz --xfm transforms/talairach.auto.xfm
talairach_avi 7.3.2
Linux dna059 5.14.0-427.37.1.el9_4.x86_64 #1 SMP PREEMPT_DYNAMIC Fri Sep 13 12:41:50 EDT 2024 x86_64 x86_64 x86_64 GNU/Linux
Fri Mar 13 07:54:19 CET 2026
mri_convert orig_nu.mgz talsrcimg.img 
reading from orig_nu.mgz...
TR=0.00, TE=0.00, TI=0.00, flip angle=0.00
i_ras = (-1, 0, 0)
j_ras = (0, 0, -1)
k_ras = (0, 1, 0)
writing to talsrcimg.img...
Analyze Output Matrix
-0.70000   0.00000   0.00000   111.72019;
 0.00000   0.00000   0.70000  -85.99800;
 0.00000  -0.70000   0.00000   101.72600;
 0.00000   0.00000   0.00000   1.00000;
--------------------
INFO: set hdr.hist.orient to -1
mpr2mni305 talsrcimg
Fri Mar 13 07:54:19 CET 2026
/opt/freesurfer/bin/mpr2mni305 talsrcimg
mpr2mni305 7.3.2
target=711-2C_as_mni_average_305

---------------------------------------------------------------------
analyzeto4dfp talsrcimg -O0 -y
---------------------------------------------------------------------

freesurfer ifh2hdr.c
Fri Mar 13 07:54:19 2026
Writing: talsrcimg.4dfp.hdr
freesurfer analyzeto4dfp.c
Reading: talsrcimg.hdr
header size 348 bytes
hdr.dime.datatype	offset=70	value=2
hdr.dime.bitpix		offset=72	value=8
hdr.hist.orient		offset=252	value=-1
dimensionality     4
dimensions       320       320       320         1
Reading: talsrcimg.img
Writing: talsrcimg.4dfp.img
Writing: talsrcimg.4dfp.ifh
ifh2hdr talsrcimg -r0to215
ori=2

---------------------------------------------------------------------
gauss_4dfp talsrcimg 1.1
---------------------------------------------------------------------

freesurfer gauss_4dfp.c
Reading: talsrcimg.4dfp.img
Writing: talsrcimg_g11.4dfp.img
image dimensions 320 320 320 padded to 384 384 384
processing volume 1freesurfer ifh2hdr.c
Fri Mar 13 07:54:36 2026
Writing: talsrcimg_g11.4dfp.hdr

Writing: talsrcimg_g11.4dfp.ifh
including: talsrcimg.4dfp.img.rec in talsrcimg_g11.4dfp.img.rec

---------------------------------------------------------------------
imgreg_4dfp /opt/freesurfer/average/711-2C_as_mni_average_305 none talsrcimg_g11 none talsrcimg_to_711-2C_as_mni_average_305_t4 4355
---------------------------------------------------------------------

freesurfer imgreg_4dfp.c
/opt/freesurfer/average/711-2C_as_mni_average_305.4dfp.img
       256       256       256         1
  1.000000  1.000000  1.000000
orientation T byte_order littleendian
Reading image: /opt/freesurfer/average/711-2C_as_mni_average_305.4dfp.img
dimensions:      256       256       256
mmppix:       1.0000   -1.0000   -1.0000
center:     128.0000 -129.0000 -129.0000
talsrcimg_g11.4dfp.img
       320       320       320         1
  0.700000  0.700000  0.700000
orientation T byte_order littleendian
Reading image: talsrcimg_g11.4dfp.img
dimensions:      320       320       320
mmppix:       0.7000   -0.7000   -0.7000
center:     112.0000 -112.7000 -112.7000
t4_read: open error in t4_sub.f l:  41 t4_file(1:l)talsrcimg_to_711-2C_as_mni_average_305_t4 
t4_read: transform initialized to I4
rotation matrix determinant  1.000000
image alignment mode   4355 decimal     1103 hex
   -7.5000  -45.0000  -45.0000 4460.0781   25.3871
    0.0000  -45.0000  -45.0000 4657.8071   25.3694
    7.5000  -45.0000  -45.0000 4463.5645   25.3591
   -7.5000  -37.5000  -45.0000 4782.8169   25.4830
    0.0000  -37.5000  -45.0000 5009.1572   25.4649
    7.5000  -37.5000  -45.0000 4780.3906   25.4559
   -7.5000  -30.0000  -45.0000 5139.7749   25.0100
    0.0000  -30.0000  -45.0000 5407.5957   24.9962
    7.5000  -30.0000  -45.0000 5146.6899   24.9898
   -7.5000  -22.5000  -45.0000 5387.8232   24.0653
    0.0000  -22.5000  -45.0000 5682.8638   24.0689
    7.5000  -22.5000  -45.0000 5401.3174   24.0602
   -7.5000  -15.0000  -45.0000 5911.4541   23.4323
    0.0000  -15.0000  -45.0000 6223.9609   23.4382
    7.5000  -15.0000  -45.0000 5922.0083   23.4304
   -7.5000   -7.5000  -45.0000 6449.8081   23.0216
    0.0000   -7.5000  -45.0000 6798.5156   23.0216
    7.5000   -7.5000  -45.0000 6445.8320   23.0124
   -7.5000    0.0000  -45.0000 7016.3604   22.9081
    0.0000    0.0000  -45.0000 7413.1064   22.8983
    7.5000    0.0000  -45.0000 6997.6602   22.8914
   -7.5000    7.5000  -45.0000 6953.0156   22.8621
    0.0000    7.5000  -45.0000 7346.5791   22.8472
    7.5000    7.5000  -45.0000 6932.6963   22.8433
   -7.5000   15.0000  -45.0000 6798.8394   22.5198
    0.0000   15.0000  -45.0000 7196.7686   22.5109
    7.5000   15.0000  -45.0000 6779.7407   22.5060
   -7.5000   22.5000  -45.0000 6623.9736   21.9415
    0.0000   22.5000  -45.0000 7000.5396   21.9424
    7.5000   22.5000  -45.0000 6595.0645   21.9367
   -7.5000   30.0000  -45.0000 6619.7368   21.9774
    0.0000   30.0000  -45.0000 6989.2139   21.9829
    7.5000   30.0000  -45.0000 6577.4399   21.9762
   -7.5000   37.5000  -45.0000 6322.0962   21.3423
    0.0000   37.5000  -45.0000 6685.0752   21.3423
    7.5000   37.5000  -45.0000 6256.0205   21.3339
   -7.5000   45.0000  -45.0000 5950.6851   20.6661
    0.0000   45.0000  -45.0000 6310.3159   20.6548
    7.5000   45.0000  -45.0000 5883.3408   20.6501
   -7.5000  -45.0000  -37.5000 4680.4844   26.0063
    0.0000  -45.0000  -37.5000 4904.0234   25.9834
    7.5000  -45.0000  -37.5000 4689.9922   25.9726
   -7.5000  -37.5000  -37.5000 5019.1782   26.1212
    0.0000  -37.5000  -37.5000 5275.0498   26.0998
    7.5000  -37.5000  -37.5000 5027.7656   26.0882
   -7.5000  -30.0000  -37.5000 5436.6953   25.6217
    0.0000  -30.0000  -37.5000 5729.3926   25.6028
    7.5000  -30.0000  -37.5000 5451.6284   25.6003
   -7.5000  -22.5000  -37.5000 5748.0288   24.6882
    0.0000  -22.5000  -37.5000 6064.4341   24.6833
    7.5000  -22.5000  -37.5000 5752.0039   24.6828
   -7.5000  -15.0000  -37.5000 6317.6099   24.0631
    0.0000  -15.0000  -37.5000 6659.4917   24.0602
    7.5000  -15.0000  -37.5000 6315.9517   24.0619
   -7.5000   -7.5000  -37.5000 6901.9922   23.6534
    0.0000   -7.5000  -37.5000 7274.0381   23.6470
    7.5000   -7.5000  -37.5000 6884.7285   23.6418
   -7.5000    0.0000  -37.5000 7494.1714   23.5286
    0.0000    0.0000  -37.5000 7913.1436   23.5159
    7.5000    0.0000  -37.5000 7474.2144   23.5085
   -7.5000    7.5000  -37.5000 7427.8701   23.4704
    0.0000    7.5000  -37.5000 7836.8057   23.4535
    7.5000    7.5000  -37.5000 7409.9751   23.4483
   -7.5000   15.0000  -37.5000 7290.9473   23.1232
    0.0000   15.0000  -37.5000 7701.8535   23.1103
    7.5000   15.0000  -37.5000 7265.3784   23.1073
   -7.5000   22.5000  -37.5000 7103.5273   22.5521
    0.0000   22.5000  -37.5000 7495.7188   22.5465
    7.5000   22.5000  -37.5000 7064.8262   22.5478
   -7.5000   30.0000  -37.5000 7090.7021   22.5962
    0.0000   30.0000  -37.5000 7491.0161   22.5936
    7.5000   30.0000  -37.5000 7039.6875   22.5953
   -7.5000   37.5000  -37.5000 6754.7949   21.9487
    0.0000   37.5000  -37.5000 7149.7954   21.9428
    7.5000   37.5000  -37.5000 6690.1343   21.9384
   -7.5000   45.0000  -37.5000 6364.9023   21.2314
    0.0000   45.0000  -37.5000 6751.3203   21.2176
    7.5000   45.0000  -37.5000 6297.7119   21.2122
   -7.5000  -45.0000  -30.0000 4935.1646   26.7387
    0.0000  -45.0000  -30.0000 5186.4185   26.7058
    7.5000  -45.0000  -30.0000 4947.9131   26.7007
   -7.5000  -37.5000  -30.0000 5313.3242   26.8803
    0.0000  -37.5000  -30.0000 5599.6802   26.8519
    7.5000  -37.5000  -30.0000 5332.4546   26.8461
   -7.5000  -30.0000  -30.0000 5809.1997   26.3599
    0.0000  -30.0000  -30.0000 6129.7729   26.3387
    7.5000  -30.0000  -30.0000 5820.0562   26.3401
   -7.5000  -22.5000  -30.0000 6170.6543   25.4127
    0.0000  -22.5000  -30.0000 6506.3062   25.4064
    7.5000  -22.5000  -30.0000 6159.4263   25.4089
   -7.5000  -15.0000  -30.0000 6815.9146   24.7729
    0.0000  -15.0000  -30.0000 7190.7661   24.7656
    7.5000  -15.0000  -30.0000 6791.9365   24.7702
   -7.5000   -7.5000  -30.0000 7430.6733   24.3571
    0.0000   -7.5000  -30.0000 7846.1895   24.3440
    7.5000   -7.5000  -30.0000 7401.7886   24.3434
   -7.5000    0.0000  -30.0000 8049.1694   24.2304
    0.0000    0.0000  -30.0000 8513.2061   24.2112
    7.5000    0.0000  -30.0000 8035.5952   24.2113
   -7.5000    7.5000  -30.0000 7967.4287   24.1740
    0.0000    7.5000  -30.0000 8423.1260   24.1526
    7.5000    7.5000  -30.0000 7950.4785   24.1533
   -7.5000   15.0000  -30.0000 7818.7866   23.8228
    0.0000   15.0000  -30.0000 8266.8555   23.8087
    7.5000   15.0000  -30.0000 7793.8945   23.8086
   -7.5000   22.5000  -30.0000 7613.6558   23.2461
    0.0000   22.5000  -30.0000 8058.3511   23.2400
    7.5000   22.5000  -30.0000 7582.6133   23.2440
   -7.5000   30.0000  -30.0000 7613.2896   23.2866
    0.0000   30.0000  -30.0000 8078.9292   23.2801
    7.5000   30.0000  -30.0000 7561.6597   23.2841
   -7.5000   37.5000  -30.0000 7251.2729   22.6382
    0.0000   37.5000  -30.0000 7701.2256   22.6260
    7.5000   37.5000  -30.0000 7173.7935   22.6259
   -7.5000   45.0000  -30.0000 6832.4902   21.9058
    0.0000   45.0000  -30.0000 7268.7656   21.8855
    7.5000   45.0000  -30.0000 6758.8579   21.8865
   -7.5000  -45.0000  -22.5000 5121.5435   26.7069
    0.0000  -45.0000  -22.5000 5387.1182   26.6765
    7.5000  -45.0000  -22.5000 5133.3833   26.6736
   -7.5000  -37.5000  -22.5000 5555.4062   26.8597
    0.0000  -37.5000  -22.5000 5855.2329   26.8355
    7.5000  -37.5000  -22.5000 5561.8384   26.8339
   -7.5000  -30.0000  -22.5000 6093.4526   26.3561
    0.0000  -30.0000  -22.5000 6425.9902   26.3438
    7.5000  -30.0000  -22.5000 6100.1328   26.3421
   -7.5000  -22.5000  -22.5000 6477.7578   25.3965
    0.0000  -22.5000  -22.5000 6828.3286   25.4016
    7.5000  -22.5000  -22.5000 6474.7354   25.3966
   -7.5000  -15.0000  -22.5000 7180.4180   24.7401
    0.0000  -15.0000  -22.5000 7564.3047   24.7410
    7.5000  -15.0000  -22.5000 7149.3125   24.7365
   -7.5000   -7.5000  -22.5000 7847.3979   24.3198
    0.0000   -7.5000  -22.5000 8287.4746   24.3105
    7.5000   -7.5000  -22.5000 7822.1230   24.3082
   -7.5000    0.0000  -22.5000 8508.7617   24.2037
    0.0000    0.0000  -22.5000 9009.7744   24.1865
    7.5000    0.0000  -22.5000 8496.0293   24.1915
   -7.5000    7.5000  -22.5000 8381.2842   24.1661
    0.0000    7.5000  -22.5000 8878.3916   24.1485
    7.5000    7.5000  -22.5000 8379.3955   24.1525
   -7.5000   15.0000  -22.5000 8201.2529   23.8189
    0.0000   15.0000  -22.5000 8681.0195   23.8127
    7.5000   15.0000  -22.5000 8187.5874   23.8108
   -7.5000   22.5000  -22.5000 7989.6802   23.2293
    0.0000   22.5000  -22.5000 8465.4385   23.2331
    7.5000   22.5000  -22.5000 7951.4219   23.2305
   -7.5000   30.0000  -22.5000 7988.6353   23.2558
    0.0000   30.0000  -22.5000 8514.9492   23.2568
    7.5000   30.0000  -22.5000 7923.9976   23.2527
   -7.5000   37.5000  -22.5000 7609.2305   22.6065
    0.0000   37.5000  -22.5000 8111.7993   22.5978
    7.5000   37.5000  -22.5000 7533.5610   22.5960
   -7.5000   45.0000  -22.5000 7184.1299   21.8877
    0.0000   45.0000  -22.5000 7659.1860   21.8688
    7.5000   45.0000  -22.5000 7112.6987   21.8739
   -7.5000  -45.0000  -15.0000 5501.4434   27.6524
    0.0000  -45.0000  -15.0000 5781.7612   27.6286
    7.5000  -45.0000  -15.0000 5521.8887   27.6274
   -7.5000  -37.5000  -15.0000 5975.5767   27.8527
    0.0000  -37.5000  -15.0000 6289.2495   27.8333
    7.5000  -37.5000  -15.0000 5986.0801   27.8358
   -7.5000  -30.0000  -15.0000 6548.0781   27.3078
    0.0000  -30.0000  -15.0000 6891.9331   27.3017
    7.5000  -30.0000  -15.0000 6545.5425   27.3003
   -7.5000  -22.5000  -15.0000 6946.7178   26.3093
    0.0000  -22.5000  -15.0000 7323.7515   26.3241
    7.5000  -22.5000  -15.0000 6932.4473   26.3161
   -7.5000  -15.0000  -15.0000 7711.1538   25.6256
    0.0000  -15.0000  -15.0000 8125.3569   25.6360
    7.5000  -15.0000  -15.0000 7673.0127   25.6265
   -7.5000   -7.5000  -15.0000 8485.4600   25.1890
    0.0000   -7.5000  -15.0000 8973.2451   25.1870
    7.5000   -7.5000  -15.0000 8447.0498   25.1827
   -7.5000    0.0000  -15.0000 9259.9854   25.0748
    0.0000    0.0000  -15.0000 9794.3574   25.0618
    7.5000    0.0000  -15.0000 9225.9180   25.0680
   -7.5000    7.5000  -15.0000 9120.4443   25.0416
    0.0000    7.5000  -15.0000 9639.8291   25.0275
    7.5000    7.5000  -15.0000 9116.4541   25.0338
   -7.5000   15.0000  -15.0000 8882.6025   24.6855
    0.0000   15.0000  -15.0000 9380.8193   24.6845
    7.5000   15.0000  -15.0000 8870.7197   24.6841
   -7.5000   22.5000  -15.0000 8639.7607   24.0835
    0.0000   22.5000  -15.0000 9142.4639   24.0951
    7.5000   22.5000  -15.0000 8591.1396   24.0901
   -7.5000   30.0000  -15.0000 8652.7314   24.1057
    0.0000   30.0000  -15.0000 9188.8643   24.1156
    7.5000   30.0000  -15.0000 8571.0732   24.1072
   -7.5000   37.5000  -15.0000 8226.6484   23.4505
    0.0000   37.5000  -15.0000 8755.3701   23.4485
    7.5000   37.5000  -15.0000 8154.2861   23.4448
   -7.5000   45.0000  -15.0000 7750.9331   22.7307
    0.0000   45.0000  -15.0000 8238.8281   22.7155
    7.5000   45.0000  -15.0000 7698.8159   22.7219
   -7.5000  -45.0000   -7.5000 5861.5610   28.5544
    0.0000  -45.0000   -7.5000 6197.6968   28.5410
    7.5000  -45.0000   -7.5000 5885.1499   28.5468
   -7.5000  -37.5000   -7.5000 6382.7104   28.7696
    0.0000  -37.5000   -7.5000 6744.8770   28.7566
    7.5000  -37.5000   -7.5000 6389.9150   28.7659
   -7.5000  -30.0000   -7.5000 6991.6743   28.1675
    0.0000  -30.0000   -7.5000 7381.5303   28.1627
    7.5000  -30.0000   -7.5000 6985.4414   28.1686
   -7.5000  -22.5000   -7.5000 7400.1245   27.1411
    0.0000  -22.5000   -7.5000 7814.6260   27.1569
    7.5000  -22.5000   -7.5000 7389.0425   27.1558
   -7.5000  -15.0000   -7.5000 8188.5854   26.4472
    0.0000  -15.0000   -7.5000 8655.1396   26.4620
    7.5000  -15.0000   -7.5000 8156.5771   26.4592
   -7.5000   -7.5000   -7.5000 9010.3389   26.0011
    0.0000   -7.5000   -7.5000 9573.1416   26.0066
    7.5000   -7.5000   -7.5000 8977.0381   26.0067
   -7.5000    0.0000   -7.5000 9937.2852   25.8801
    0.0000    0.0000   -7.500010572.2607   25.8741
    7.5000    0.0000   -7.5000 9882.7275   25.8824
   -7.5000    7.5000   -7.5000 9912.2031   25.8339
    0.0000    7.5000   -7.500010548.7324   25.8240
    7.5000    7.5000   -7.5000 9868.3955   25.8349
   -7.5000   15.0000   -7.5000 9683.8828   25.4655
    0.0000   15.0000   -7.500010267.0088   25.4654
    7.5000   15.0000   -7.5000 9649.4248   25.4717
   -7.5000   22.5000   -7.5000 9360.5723   24.8645
    0.0000   22.5000   -7.5000 9863.8320   24.8763
    7.5000   22.5000   -7.5000 9315.9150   24.8775
   -7.5000   30.0000   -7.5000 9307.0352   24.8961
    0.0000   30.0000   -7.5000 9775.2256   24.9101
    7.5000   30.0000   -7.5000 9279.5469   24.9079
   -7.5000   37.5000   -7.5000 8827.9512   24.2433
    0.0000   37.5000   -7.5000 9291.7490   24.2485
    7.5000   37.5000   -7.5000 8819.2070   24.2488
   -7.5000   45.0000   -7.5000 8354.6855   23.5177
    0.0000   45.0000   -7.5000 8843.9717   23.5090
    7.5000   45.0000   -7.5000 8322.1660   23.5176
   -7.5000  -45.0000    0.0000 6208.0200   29.2084
    0.0000  -45.0000    0.0000 6572.4648   29.1932
    7.5000  -45.0000    0.0000 6238.6577   29.2033
   -7.5000  -37.5000    0.0000 6711.9712   29.4118
    0.0000  -37.5000    0.0000 7146.8276   29.3959
    7.5000  -37.5000    0.0000 6729.9902   29.4062
   -7.5000  -30.0000    0.0000 7323.1855   28.7631
    0.0000  -30.0000    0.0000 7815.9878   28.7495
    7.5000  -30.0000    0.0000 7314.2520   28.7608
   -7.5000  -22.5000    0.0000 7767.7983   27.7258
    0.0000  -22.5000    0.0000 8284.5098   27.7293
    7.5000  -22.5000    0.0000 7743.0830   27.7370
   -7.5000  -15.0000    0.0000 8602.7148   27.0318
    0.0000  -15.0000    0.0000 9147.6738   27.0379
    7.5000  -15.0000    0.0000 8563.5420   27.0463
   -7.5000   -7.5000    0.0000 9473.3516   26.5801
    0.0000   -7.5000    0.000010055.8936   26.5819
    7.5000   -7.5000    0.0000 9438.9248   26.5882
   -7.5000    0.0000    0.000010473.9072   26.4474
    0.0000    0.0000    0.000011128.1172   26.4402
    7.5000    0.0000    0.000010426.4990   26.4488
   -7.5000    7.5000    0.000010604.6572   26.3837
    0.0000    7.5000    0.000011397.0264   26.3710
    7.5000    7.5000    0.000010544.8447   26.3825
   -7.5000   15.0000    0.000010550.9492   26.0094
    0.0000   15.0000    0.000011264.1318   26.0013
    7.5000   15.0000    0.000010516.9229   26.0112
   -7.5000   22.5000    0.000010131.7754   25.4183
    0.0000   22.5000    0.000010588.1904   25.4193
    7.5000   22.5000    0.000010102.3789   25.4281
   -7.5000   30.0000    0.0000 9928.5527   25.4620
    0.0000   30.0000    0.000010367.8125   25.4679
    7.5000   30.0000    0.0000 9911.3135   25.4759
   -7.5000   37.5000    0.0000 9418.0322   24.8128
    0.0000   37.5000    0.0000 9910.4160   24.8145
    7.5000   37.5000    0.0000 9359.7852   24.8207
   -7.5000   45.0000    0.0000 8936.6250   24.0794
    0.0000   45.0000    0.0000 9483.5986   24.0699
    7.5000   45.0000    0.0000 8831.1162   24.0791
   -7.5000  -45.0000    7.5000 6034.2646   29.6346
    0.0000  -45.0000    7.5000 6423.8447   29.6076
    7.5000  -45.0000    7.5000 6047.6587   29.6126
   -7.5000  -37.5000    7.5000 6511.1099   29.8013
    0.0000  -37.5000    7.5000 6929.6650   29.7750
    7.5000  -37.5000    7.5000 6510.2681   29.7771
   -7.5000  -30.0000    7.5000 7102.8838   29.1232
    0.0000  -30.0000    7.5000 7521.2354   29.0984
    7.5000  -30.0000    7.5000 7084.3882   29.1078
   -7.5000  -22.5000    7.5000 7538.9580   28.0687
    0.0000  -22.5000    7.5000 7942.7407   28.0593
    7.5000  -22.5000    7.5000 7506.1035   28.0694
   -7.5000  -15.0000    7.5000 8361.2891   27.3646
    0.0000  -15.0000    7.5000 8778.8633   27.3586
    7.5000  -15.0000    7.5000 8297.0195   27.3717
   -7.5000   -7.5000    7.5000 9201.6299   26.9062
    0.0000   -7.5000    7.5000 9685.1104   26.8980
    7.5000   -7.5000    7.5000 9127.3057   26.9044
   -7.5000    0.0000    7.500010157.7598   26.7661
    0.0000    0.0000    7.500010753.5859   26.7513
    7.5000    0.0000    7.500010089.6045   26.7559
   -7.5000    7.5000    7.500010279.8174   26.6929
    0.0000    7.5000    7.500010997.5703   26.6724
    7.5000    7.5000    7.500010229.7588   26.6787
   -7.5000   15.0000    7.500010197.3594   26.3143
    0.0000   15.0000    7.500010874.0762   26.2971
    7.5000   15.0000    7.500010169.0605   26.3039
   -7.5000   22.5000    7.5000 9724.7148   25.7222
    0.0000   22.5000    7.500010290.0410   25.7127
    7.5000   22.5000    7.5000 9680.9971   25.7236
   -7.5000   30.0000    7.5000 9588.1201   25.7725
    0.0000   30.0000    7.500010189.9355   25.7672
    7.5000   30.0000    7.5000 9512.6973   25.7793
   -7.5000   37.5000    7.5000 9115.5898   25.1183
    0.0000   37.5000    7.5000 9752.6650   25.1107
    7.5000   37.5000    7.5000 9015.3486   25.1172
   -7.5000   45.0000    7.5000 8646.3838   24.3732
    0.0000   45.0000    7.5000 9271.1016   24.3567
    7.5000   45.0000    7.5000 8505.8086   24.3620
   -7.5000  -45.0000   15.0000 5788.1270   30.3189
    0.0000  -45.0000   15.0000 6102.0400   30.2826
    7.5000  -45.0000   15.0000 5791.1465   30.2817
   -7.5000  -37.5000   15.0000 6234.2080   30.4446
    0.0000  -37.5000   15.0000 6547.4009   30.4119
    7.5000  -37.5000   15.0000 6225.2212   30.4089
   -7.5000  -30.0000   15.0000 6805.9155   29.7376
    0.0000  -30.0000   15.0000 7121.6826   29.7111
    7.5000  -30.0000   15.0000 6784.4263   29.7149
   -7.5000  -22.5000   15.0000 7232.8037   28.6360
    0.0000  -22.5000   15.0000 7543.7510   28.6259
    7.5000  -22.5000   15.0000 7190.4438   28.6305
   -7.5000  -15.0000   15.0000 8009.7993   27.8946
    0.0000  -15.0000   15.0000 8363.0957   27.8846
    7.5000  -15.0000   15.0000 7939.8770   27.8925
   -7.5000   -7.5000   15.0000 8834.7627   27.4203
    0.0000   -7.5000   15.0000 9241.7930   27.4060
    7.5000   -7.5000   15.0000 8736.4189   27.4090
   -7.5000    0.0000   15.0000 9759.8271   27.2833
    0.0000    0.0000   15.000010224.6797   27.2629
    7.5000    0.0000   15.0000 9658.1982   27.2669
   -7.5000    7.5000   15.0000 9798.3604   27.2176
    0.0000    7.5000   15.000010344.3447   27.1934
    7.5000    7.5000   15.0000 9735.6357   27.1971
   -7.5000   15.0000   15.0000 9624.3340   26.8345
    0.0000   15.0000   15.000010076.6670   26.8167
    7.5000   15.0000   15.0000 9589.7744   26.8185
   -7.5000   22.5000   15.0000 9232.9834   26.2222
    0.0000   22.5000   15.0000 9661.3320   26.2128
    7.5000   22.5000   15.0000 9160.6426   26.2191
   -7.5000   30.0000   15.0000 9185.4033   26.2660
    0.0000   30.0000   15.0000 9714.2021   26.2572
    7.5000   30.0000   15.0000 9100.1680   26.2643
   -7.5000   37.5000   15.0000 8750.1709   25.5997
    0.0000   37.5000   15.0000 9300.1465   25.5862
    7.5000   37.5000   15.0000 8663.5078   25.5896
   -7.5000   45.0000   15.0000 8277.8242   24.8490
    0.0000   45.0000   15.0000 8806.2148   24.8268
    7.5000   45.0000   15.0000 8159.8467   24.8312
   -7.5000  -45.0000   22.5000 5522.0781   31.0513
    0.0000  -45.0000   22.5000 5806.2417   31.0105
    7.5000  -45.0000   22.5000 5530.6187   31.0032
   -7.5000  -37.5000   22.5000 5932.0518   31.1877
    0.0000  -37.5000   22.5000 6225.0898   31.1546
    7.5000  -37.5000   22.5000 5926.7109   31.1475
   -7.5000  -30.0000   22.5000 6493.7241   30.4505
    0.0000  -30.0000   22.5000 6793.9487   30.4319
    7.5000  -30.0000   22.5000 6461.4497   30.4256
   -7.5000  -22.5000   22.5000 6898.4526   29.2849
    0.0000  -22.5000   22.5000 7205.9062   29.2874
    7.5000  -22.5000   22.5000 6841.4800   29.2794
   -7.5000  -15.0000   22.5000 7634.3149   28.4916
    0.0000  -15.0000   22.5000 7952.7368   28.4890
    7.5000  -15.0000   22.5000 7550.5732   28.4834
   -7.5000   -7.5000   22.5000 8391.8818   27.9889
    0.0000   -7.5000   22.5000 8739.5225   27.9747
    7.5000   -7.5000   22.5000 8293.8857   27.9712
   -7.5000    0.0000   22.5000 9232.2783   27.8563
    0.0000    0.0000   22.5000 9631.9990   27.8329
    7.5000    0.0000   22.5000 9142.1553   27.8365
   -7.5000    7.5000   22.5000 9214.3330   27.8064
    0.0000    7.5000   22.5000 9629.2764   27.7825
    7.5000    7.5000   22.5000 9149.9375   27.7833
   -7.5000   15.0000   22.5000 9001.2529   27.4178
    0.0000   15.0000   22.5000 9356.1289   27.4074
    7.5000   15.0000   22.5000 8950.9473   27.4016
   -7.5000   22.5000   22.5000 8666.8398   26.7965
    0.0000   22.5000   22.5000 9031.0684   26.7978
    7.5000   22.5000   22.5000 8592.9033   26.7931
   -7.5000   30.0000   22.5000 8630.9131   26.8291
    0.0000   30.0000   22.5000 9057.6416   26.8269
    7.5000   30.0000   22.5000 8554.5166   26.8217
   -7.5000   37.5000   22.5000 8189.7188   26.1564
    0.0000   37.5000   22.5000 8606.9824   26.1429
    7.5000   37.5000   22.5000 8107.1489   26.1401
   -7.5000   45.0000   22.5000 7720.3027   25.4113
    0.0000   45.0000   22.5000 8115.5396   25.3858
    7.5000   45.0000   22.5000 7620.8262   25.3897
   -7.5000  -45.0000   30.0000 5486.1929   32.2398
    0.0000  -45.0000   30.0000 5765.0708   32.2008
    7.5000  -45.0000   30.0000 5477.6460   32.2012
   -7.5000  -37.5000   30.0000 5897.0576   32.3938
    0.0000  -37.5000   30.0000 6207.3901   32.3644
    7.5000  -37.5000   30.0000 5879.1450   32.3688
   -7.5000  -30.0000   30.0000 6465.5732   31.6255
    0.0000  -30.0000   30.0000 6791.1587   31.6132
    7.5000  -30.0000   30.0000 6418.6709   31.6134
   -7.5000  -22.5000   30.0000 6838.0479   30.3760
    0.0000  -22.5000   30.0000 7171.1348   30.3876
    7.5000  -22.5000   30.0000 6788.9116   30.3808
   -7.5000  -15.0000   30.0000 7511.8618   29.5301
    0.0000  -15.0000   30.0000 7850.3130   29.5335
    7.5000  -15.0000   30.0000 7445.5430   29.5251
   -7.5000   -7.5000   30.0000 8229.5771   28.9925
    0.0000   -7.5000   30.0000 8573.7148   28.9807
    7.5000   -7.5000   30.0000 8131.6055   28.9777
   -7.5000    0.0000   30.0000 9038.2559   28.8531
    0.0000    0.0000   30.0000 9402.1289   28.8304
    7.5000    0.0000   30.0000 8940.1650   28.8394
   -7.5000    7.5000   30.0000 8985.2969   28.7996
    0.0000    7.5000   30.0000 9375.0938   28.7782
    7.5000    7.5000   30.0000 8907.4746   28.7872
   -7.5000   15.0000   30.0000 8748.9580   28.3929
    0.0000   15.0000   30.0000 9094.6865   28.3879
    7.5000   15.0000   30.0000 8668.4580   28.3890
   -7.5000   22.5000   30.0000 8423.5693   27.7498
    0.0000   22.5000   30.0000 8751.5439   27.7580
    7.5000   22.5000   30.0000 8325.1387   27.7545
   -7.5000   30.0000   30.0000 8358.3115   27.7883
    0.0000   30.0000   30.0000 8713.5000   27.7917
    7.5000   30.0000   30.0000 8250.6797   27.7843
   -7.5000   37.5000   30.0000 7894.6187   27.0954
    0.0000   37.5000   30.0000 8232.5469   27.0841
    7.5000   37.5000   30.0000 7785.3223   27.0815
   -7.5000   45.0000   30.0000 7409.5054   26.3281
    0.0000   45.0000   30.0000 7746.5454   26.3029
    7.5000   45.0000   30.0000 7302.8301   26.3121
   -7.5000  -45.0000   37.5000 5229.9946   32.8994
    0.0000  -45.0000   37.5000 5491.9634   32.8648
    7.5000  -45.0000   37.5000 5224.1592   32.8794
   -7.5000  -37.5000   37.5000 5632.9243   33.0850
    0.0000  -37.5000   37.5000 5918.3477   33.0589
    7.5000  -37.5000   37.5000 5602.0181   33.0781
   -7.5000  -30.0000   37.5000 6123.1567   32.2583
    0.0000  -30.0000   37.5000 6451.7358   32.2433
    7.5000  -30.0000   37.5000 6090.8330   32.2570
   -7.5000  -22.5000   37.5000 6436.4756   30.9755
    0.0000  -22.5000   37.5000 6764.2021   30.9828
    7.5000  -22.5000   37.5000 6393.5962   30.9859
   -7.5000  -15.0000   37.5000 7053.4453   30.0882
    0.0000  -15.0000   37.5000 7358.6709   30.0902
    7.5000  -15.0000   37.5000 6982.3267   30.0902
   -7.5000   -7.5000   37.5000 7695.5850   29.5252
    0.0000   -7.5000   37.5000 8025.3706   29.5156
    7.5000   -7.5000   37.5000 7612.1396   29.5195
   -7.5000    0.0000   37.5000 8431.1719   29.3813
    0.0000    0.0000   37.5000 8788.5928   29.3614
    7.5000    0.0000   37.5000 8357.3877   29.3765
   -7.5000    7.5000   37.5000 8362.0967   29.3173
    0.0000    7.5000   37.5000 8712.1875   29.2970
    7.5000    7.5000   37.5000 8275.3105   29.3161
   -7.5000   15.0000   37.5000 8130.3418   28.8903
    0.0000   15.0000   37.5000 8454.8467   28.8827
    7.5000   15.0000   37.5000 8037.0288   28.8952
   -7.5000   22.5000   37.5000 7808.1470   28.2434
    0.0000   22.5000   37.5000 8121.0752   28.2468
    7.5000   22.5000   37.5000 7704.6016   28.2521
   -7.5000   30.0000   37.5000 7709.9819   28.2899
    0.0000   30.0000   37.5000 8045.9146   28.2919
    7.5000   30.0000   37.5000 7605.9897   28.2923
   -7.5000   37.5000   37.5000 7268.4224   27.5945
    0.0000   37.5000   37.5000 7585.5796   27.5855
    7.5000   37.5000   37.5000 7173.0083   27.5892
   -7.5000   45.0000   37.5000 6823.9512   26.8167
    0.0000   45.0000   37.5000 7126.7378   26.7942
    7.5000   45.0000   37.5000 6730.9619   26.8094
   -7.5000  -45.0000   45.0000 4950.3926   33.6045
    0.0000  -45.0000   45.0000 5192.7417   33.5760
    7.5000  -45.0000   45.0000 4938.3643   33.5928
   -7.5000  -37.5000   45.0000 5320.2153   33.7785
    0.0000  -37.5000   45.0000 5580.6416   33.7611
    7.5000  -37.5000   45.0000 5285.0830   33.7779
   -7.5000  -30.0000   45.0000 5746.7617   32.8656
    0.0000  -30.0000   45.0000 6029.4751   32.8526
    7.5000  -30.0000   45.0000 5718.9795   32.8685
   -7.5000  -22.5000   45.0000 6013.9585   31.5582
    0.0000  -22.5000   45.0000 6303.0840   31.5595
    7.5000  -22.5000   45.0000 5974.5957   31.5681
   -7.5000  -15.0000   45.0000 6573.6914   30.6608
    0.0000  -15.0000   45.0000 6876.7900   30.6563
    7.5000  -15.0000   45.0000 6519.1943   30.6655
   -7.5000   -7.5000   45.0000 7170.1597   30.0771
    0.0000   -7.5000   45.0000 7511.2432   30.0660
    7.5000   -7.5000   45.0000 7100.4878   30.0740
   -7.5000    0.0000   45.0000 7839.7837   29.9225
    0.0000    0.0000   45.0000 8198.5146   29.9069
    7.5000    0.0000   45.0000 7766.5493   29.9198
   -7.5000    7.5000   45.0000 7757.9873   29.8327
    0.0000    7.5000   45.0000 8091.3906   29.8186
    7.5000    7.5000   45.0000 7663.4492   29.8356
   -7.5000   15.0000   45.0000 7523.1514   29.3788
    0.0000   15.0000   45.0000 7841.3892   29.3721
    7.5000   15.0000   45.0000 7439.6382   29.3851
   -7.5000   22.5000   45.0000 7211.5210   28.7296
    0.0000   22.5000   45.0000 7523.7261   28.7276
    7.5000   22.5000   45.0000 7136.0952   28.7375
   -7.5000   30.0000   45.0000 7105.2183   28.7970
    0.0000   30.0000   45.0000 7426.6787   28.7929
    7.5000   30.0000   45.0000 7035.3877   28.8015
   -7.5000   37.5000   45.0000 6698.8657   28.1035
    0.0000   37.5000   45.0000 7016.4712   28.0930
    7.5000   37.5000   45.0000 6626.8711   28.1008
   -7.5000   45.0000   45.0000 6291.3481   27.3063
    0.0000   45.0000   45.0000 6604.9512   27.2879
    7.5000   45.0000   45.0000 6216.5845   27.3015

---------------------------------------------------------------------
imgreg_4dfp /opt/freesurfer/average/711-2C_as_mni_average_305 /opt/freesurfer/average/711-2B_as_mni_average_305_mask talsrcimg_g11 none talsrcimg_to_711-2C_as_mni_average_305_t4 4355
---------------------------------------------------------------------

freesurfer imgreg_4dfp.c
/opt/freesurfer/average/711-2C_as_mni_average_305.4dfp.img
       256       256       256         1
  1.000000  1.000000  1.000000
orientation T byte_order littleendian
Reading image: /opt/freesurfer/average/711-2C_as_mni_average_305.4dfp.img
dimensions:      256       256       256
mmppix:       1.0000   -1.0000   -1.0000
center:     128.0000 -129.0000 -129.0000
/opt/freesurfer/average/711-2B_as_mni_average_305_mask.4dfp.img
       256       256       256         1
  1.000000  1.000000  1.000000
orientation T byte_order littleendian
Reading mask: /opt/freesurfer/average/711-2B_as_mni_average_305_mask.4dfp.img (2306576 pixels)
talsrcimg_g11.4dfp.img
       320       320       320         1
  0.700000  0.700000  0.700000
orientation T byte_order littleendian
Reading image: talsrcimg_g11.4dfp.img
dimensions:      320       320       320
mmppix:       0.7000   -0.7000   -0.7000
center:     112.0000 -112.7000 -112.7000
rotation matrix determinant  1.000000
image alignment mode   4355 decimal     1103 hex
   -7.5000  -37.5000  -45.0000 1954.9058   36.2458
    0.0000  -37.5000  -45.0000 1963.6986   36.3582
    7.5000  -37.5000  -45.0000 1952.2209   36.3445
   -7.5000  -30.0000  -45.0000 2023.8511   32.7915
    0.0000  -30.0000  -45.0000 2044.6075   32.9345
    7.5000  -30.0000  -45.0000 2028.0686   32.8515
   -7.5000  -22.5000  -45.0000 2094.7686   30.1332
    0.0000  -22.5000  -45.0000 2115.3604   30.3398
    7.5000  -22.5000  -45.0000 2103.1182   30.2140
   -7.5000  -15.0000  -45.0000 2158.2490   28.1016
    0.0000  -15.0000  -45.0000 2170.6853   28.3276
    7.5000  -15.0000  -45.0000 2164.8733   28.2530
   -7.5000   -7.5000  -45.0000 2207.3022   26.6841
    0.0000   -7.5000  -45.0000 2222.9187   26.8924
    7.5000   -7.5000  -45.0000 2205.6362   26.8853
   -7.5000    0.0000  -45.0000 2239.5518   25.7542
    0.0000    0.0000  -45.0000 2261.3823   25.8959
    7.5000    0.0000  -45.0000 2235.5520   25.9058
   -7.5000    7.5000  -45.0000 2256.2603   25.1452
    0.0000    7.5000  -45.0000 2278.9370   25.2227
    7.5000    7.5000  -45.0000 2250.7476   25.2674
   -7.5000   15.0000  -45.0000 2263.7964   24.6851
    0.0000   15.0000  -45.0000 2288.5503   24.7881
    7.5000   15.0000  -45.0000 2258.1917   24.8623
   -7.5000   22.5000  -45.0000 2263.6028   24.5892
    0.0000   22.5000  -45.0000 2289.7397   24.6672
    7.5000   22.5000  -45.0000 2258.4805   24.7124
   -7.5000   30.0000  -45.0000 2257.1167   24.7069
    0.0000   30.0000  -45.0000 2279.9436   24.8736
    7.5000   30.0000  -45.0000 2248.7703   24.9367
   -7.5000   37.5000  -45.0000 2207.5227   25.2572
    0.0000   37.5000  -45.0000 2230.1521   25.3514
    7.5000   37.5000  -45.0000 2195.9292   25.3882
   -7.5000   45.0000  -45.0000 2107.9243   25.6841
    0.0000   45.0000  -45.0000 2126.8733   25.8075
    7.5000   45.0000  -45.0000 2099.2847   25.8958
   -7.5000   52.5000  -45.0000 1977.4069   25.9328
    0.0000   52.5000  -45.0000 1993.9095   26.0296
    7.5000   52.5000  -45.0000 1971.7365   26.1420
   -7.5000  -37.5000  -37.5000 2088.1086   36.5524
    0.0000  -37.5000  -37.5000 2093.2908   36.6583
    7.5000  -37.5000  -37.5000 2087.5369   36.6196
   -7.5000  -30.0000  -37.5000 2168.3218   32.9821
    0.0000  -30.0000  -37.5000 2178.4434   33.0787
    7.5000  -30.0000  -37.5000 2169.5371   32.9701
   -7.5000  -22.5000  -37.5000 2249.2844   30.2837
    0.0000  -22.5000  -37.5000 2260.5854   30.3836
    7.5000  -22.5000  -37.5000 2246.0225   30.2346
   -7.5000  -15.0000  -37.5000 2315.5203   28.1932
    0.0000  -15.0000  -37.5000 2329.9111   28.3953
    7.5000  -15.0000  -37.5000 2309.7107   28.2622
   -7.5000   -7.5000  -37.5000 2369.5762   26.6870
    0.0000   -7.5000  -37.5000 2385.5798   26.8686
    7.5000   -7.5000  -37.5000 2358.8408   26.7992
   -7.5000    0.0000  -37.5000 2400.3789   25.5818
    0.0000    0.0000  -37.5000 2420.6338   25.6790
    7.5000    0.0000  -37.5000 2392.4771   25.6551
   -7.5000    7.5000  -37.5000 2425.8813   24.8830
    0.0000    7.5000  -37.5000 2438.8853   24.9357
    7.5000    7.5000  -37.5000 2410.2681   24.9627
   -7.5000   15.0000  -37.5000 2439.0371   24.4397
    0.0000   15.0000  -37.5000 2450.8894   24.4428
    7.5000   15.0000  -37.5000 2426.3198   24.5218
   -7.5000   22.5000  -37.5000 2443.1533   24.3630
    0.0000   22.5000  -37.5000 2451.0684   24.3413
    7.5000   22.5000  -37.5000 2427.2983   24.4608
   -7.5000   30.0000  -37.5000 2429.3235   24.5457
    0.0000   30.0000  -37.5000 2441.3745   24.5890
    7.5000   30.0000  -37.5000 2414.6135   24.7440
   -7.5000   37.5000  -37.5000 2377.5627   25.0582
    0.0000   37.5000  -37.5000 2391.8545   25.1087
    7.5000   37.5000  -37.5000 2360.4148   25.2012
   -7.5000   45.0000  -37.5000 2271.6262   25.4190
    0.0000   45.0000  -37.5000 2286.0659   25.4938
    7.5000   45.0000  -37.5000 2256.9629   25.6060
   -7.5000   52.5000  -37.5000 2134.5798   25.5374
    0.0000   52.5000  -37.5000 2148.3540   25.6516
    7.5000   52.5000  -37.5000 2121.1079   25.7461
   -7.5000  -37.5000  -30.0000 2212.3303   36.7312
    0.0000  -37.5000  -30.0000 2224.9998   36.9024
    7.5000  -37.5000  -30.0000 2213.4226   36.6551
   -7.5000  -30.0000  -30.0000 2305.8083   33.0519
    0.0000  -30.0000  -30.0000 2318.3320   33.2680
    7.5000  -30.0000  -30.0000 2305.3135   33.0323
   -7.5000  -22.5000  -30.0000 2386.0352   30.2377
    0.0000  -22.5000  -30.0000 2401.6313   30.4521
    7.5000  -22.5000  -30.0000 2379.0974   30.2620
   -7.5000  -15.0000  -30.0000 2455.2424   28.1267
    0.0000  -15.0000  -30.0000 2474.5415   28.2752
    7.5000  -15.0000  -30.0000 2447.2461   28.1753
   -7.5000   -7.5000  -30.0000 2504.7542   26.5218
    0.0000   -7.5000  -30.0000 2522.6326   26.6081
    7.5000   -7.5000  -30.0000 2494.9375   26.6068
   -7.5000    0.0000  -30.0000 2537.8430   25.2748
    0.0000    0.0000  -30.0000 2557.7170   25.3450
    7.5000    0.0000  -30.0000 2531.7104   25.3466
   -7.5000    7.5000  -30.0000 2570.1687   24.3801
    0.0000    7.5000  -30.0000 2579.3091   24.4121
    7.5000    7.5000  -30.0000 2553.4644   24.4512
   -7.5000   15.0000  -30.0000 2588.2136   23.8481
    0.0000   15.0000  -30.0000 2592.5869   23.8380
    7.5000   15.0000  -30.0000 2571.8357   23.9003
   -7.5000   22.5000  -30.0000 2590.8174   23.7224
    0.0000   22.5000  -30.0000 2592.9470   23.7158
    7.5000   22.5000  -30.0000 2575.5500   23.8237
   -7.5000   30.0000  -30.0000 2580.0859   24.0021
    0.0000   30.0000  -30.0000 2593.5552   24.0509
    7.5000   30.0000  -30.0000 2566.0405   24.1750
   -7.5000   37.5000  -30.0000 2529.7583   24.5294
    0.0000   37.5000  -30.0000 2546.9365   24.5707
    7.5000   37.5000  -30.0000 2512.2104   24.6891
   -7.5000   45.0000  -30.0000 2420.1528   24.9035
    0.0000   45.0000  -30.0000 2434.8833   24.9421
    7.5000   45.0000  -30.0000 2404.3840   25.0807
   -7.5000   52.5000  -30.0000 2273.0696   25.0243
    0.0000   52.5000  -30.0000 2289.2383   25.0619
    7.5000   52.5000  -30.0000 2264.8960   25.2538
   -7.5000  -37.5000  -22.5000 2260.6433   35.3440
    0.0000  -37.5000  -22.5000 2285.3391   35.4995
    7.5000  -37.5000  -22.5000 2260.0913   35.2386
   -7.5000  -30.0000  -22.5000 2356.6301   31.8805
    0.0000  -30.0000  -22.5000 2386.2451   32.0656
    7.5000  -30.0000  -22.5000 2356.3804   31.8475
   -7.5000  -22.5000  -22.5000 2439.7776   29.1845
    0.0000  -22.5000  -22.5000 2467.3198   29.3152
    7.5000  -22.5000  -22.5000 2437.4089   29.2200
   -7.5000  -15.0000  -22.5000 2509.4822   27.1553
    0.0000  -15.0000  -22.5000 2533.7063   27.1745
    7.5000  -15.0000  -22.5000 2510.7034   27.1649
   -7.5000   -7.5000  -22.5000 2552.5056   25.5240
    0.0000   -7.5000  -22.5000 2581.2141   25.4980
    7.5000   -7.5000  -22.5000 2555.9683   25.5610
   -7.5000    0.0000  -22.5000 2582.0713   24.1859
    0.0000    0.0000  -22.5000 2608.8723   24.1036
    7.5000    0.0000  -22.5000 2585.4990   24.2574
   -7.5000    7.5000  -22.5000 2610.4189   23.1356
    0.0000    7.5000  -22.5000 2633.9036   23.0988
    7.5000    7.5000  -22.5000 2603.2122   23.2558
   -7.5000   15.0000  -22.5000 2629.5867   22.4170
    0.0000   15.0000  -22.5000 2646.3391   22.4227
    7.5000   15.0000  -22.5000 2618.0107   22.5546
   -7.5000   22.5000  -22.5000 2638.5957   22.2535
    0.0000   22.5000  -22.5000 2646.7656   22.2840
    7.5000   22.5000  -22.5000 2625.9338   22.3946
   -7.5000   30.0000  -22.5000 2635.1116   22.5885
    0.0000   30.0000  -22.5000 2655.7151   22.5959
    7.5000   30.0000  -22.5000 2626.0049   22.7346
   -7.5000   37.5000  -22.5000 2588.5532   23.1401
    0.0000   37.5000  -22.5000 2608.8157   23.0797
    7.5000   37.5000  -22.5000 2575.1133   23.2601
   -7.5000   45.0000  -22.5000 2473.2908   23.4875
    0.0000   45.0000  -22.5000 2490.9807   23.4712
    7.5000   45.0000  -22.5000 2464.7419   23.6635
   -7.5000   52.5000  -22.5000 2321.4773   23.6507
    0.0000   52.5000  -22.5000 2342.7063   23.6157
    7.5000   52.5000  -22.5000 2319.6350   23.8537
   -7.5000  -37.5000  -15.0000 2351.5210   35.1602
    0.0000  -37.5000  -15.0000 2369.2642   35.0746
    7.5000  -37.5000  -15.0000 2346.8184   34.9771
   -7.5000  -30.0000  -15.0000 2439.7122   31.5592
    0.0000  -30.0000  -15.0000 2466.7708   31.5714
    7.5000  -30.0000  -15.0000 2433.2844   31.4752
   -7.5000  -22.5000  -15.0000 2522.5190   28.7636
    0.0000  -22.5000  -15.0000 2555.4836   28.7225
    7.5000  -22.5000  -15.0000 2515.1526   28.6910
   -7.5000  -15.0000  -15.0000 2596.5210   26.6083
    0.0000  -15.0000  -15.0000 2628.5208   26.5834
    7.5000  -15.0000  -15.0000 2592.5520   26.5693
   -7.5000   -7.5000  -15.0000 2647.3508   25.0292
    0.0000   -7.5000  -15.0000 2680.4180   24.9288
    7.5000   -7.5000  -15.0000 2646.2632   25.0114
   -7.5000    0.0000  -15.0000 2681.0681   23.7239
    0.0000    0.0000  -15.0000 2709.4475   23.5959
    7.5000    0.0000  -15.0000 2679.0439   23.7620
   -7.5000    7.5000  -15.0000 2709.5234   22.5346
    0.0000    7.5000  -15.0000 2735.1719   22.4049
    7.5000    7.5000  -15.0000 2709.1328   22.7023
   -7.5000   15.0000  -15.0000 2729.1047   21.6932
    0.0000   15.0000  -15.0000 2757.1372   21.5557
    7.5000   15.0000  -15.0000 2722.1758   21.9223
   -7.5000   22.5000  -15.0000 2746.6375   21.4230
    0.0000   22.5000  -15.0000 2756.2371   21.3086
    7.5000   22.5000  -15.0000 2734.3645   21.6186
   -7.5000   30.0000  -15.0000 2747.9438   21.7932
    0.0000   30.0000  -15.0000 2760.1194   21.6780
    7.5000   30.0000  -15.0000 2734.8760   21.9209
   -7.5000   37.5000  -15.0000 2690.2573   22.3052
    0.0000   37.5000  -15.0000 2711.9338   22.1825
    7.5000   37.5000  -15.0000 2683.4587   22.4479
   -7.5000   45.0000  -15.0000 2566.1230   22.6622
    0.0000   45.0000  -15.0000 2585.0566   22.5100
    7.5000   45.0000  -15.0000 2571.4534   22.9471
   -7.5000   52.5000  -15.0000 2421.5452   22.9876
    0.0000   52.5000  -15.0000 2434.0938   22.7636
    7.5000   52.5000  -15.0000 2429.0854   23.3361
   -7.5000  -37.5000   -7.5000 2409.6194   34.7071
    0.0000  -37.5000   -7.5000 2435.1221   34.6097
    7.5000  -37.5000   -7.5000 2398.9563   34.4334
   -7.5000  -30.0000   -7.5000 2495.0098   31.0532
    0.0000  -30.0000   -7.5000 2515.6921   30.8035
    7.5000  -30.0000   -7.5000 2488.9634   30.8393
   -7.5000  -22.5000   -7.5000 2575.4758   28.2092
    0.0000  -22.5000   -7.5000 2591.7654   27.9290
    7.5000  -22.5000   -7.5000 2570.4856   28.0279
   -7.5000  -15.0000   -7.5000 2645.9443   26.0581
    0.0000  -15.0000   -7.5000 2660.6516   25.8169
    7.5000  -15.0000   -7.5000 2636.6880   25.8992
   -7.5000   -7.5000   -7.5000 2703.2068   24.4482
    0.0000   -7.5000   -7.5000 2721.8735   24.2505
    7.5000   -7.5000   -7.5000 2690.8350   24.3470
   -7.5000    0.0000   -7.5000 2744.3777   23.2024
    0.0000    0.0000   -7.5000 2761.7822   22.9771
    7.5000    0.0000   -7.5000 2731.4204   23.1476
   -7.5000    7.5000   -7.5000 2774.2749   22.1318
    0.0000    7.5000   -7.5000 2799.8728   21.9777
    7.5000    7.5000   -7.5000 2766.2520   22.1572
   -7.5000   15.0000   -7.5000 2795.4648   21.2903
    0.0000   15.0000   -7.5000 2823.9463   20.9532
    7.5000   15.0000   -7.5000 2790.8770   21.4292
   -7.5000   22.5000   -7.5000 2810.8735   20.7969
    0.0000   22.5000   -7.5000 2818.8242   20.3697
    7.5000   22.5000   -7.5000 2800.7834   21.0417
   -7.5000   30.0000   -7.5000 2806.9634   21.1007
    0.0000   30.0000   -7.5000 2809.9822   20.7339
    7.5000   30.0000   -7.5000 2801.9541   21.3755
   -7.5000   37.5000   -7.5000 2734.9507   21.5519
    0.0000   37.5000   -7.5000 2746.8259   21.2114
    7.5000   37.5000   -7.5000 2742.3545   21.8164
   -7.5000   45.0000   -7.5000 2629.7344   22.0641
    0.0000   45.0000   -7.5000 2635.9788   21.6491
    7.5000   45.0000   -7.5000 2633.9229   22.3269
   -7.5000   52.5000   -7.5000 2486.4133   22.5022
    0.0000   52.5000   -7.5000 2500.4224   22.1924
    7.5000   52.5000   -7.5000 2490.1697   22.7606
   -7.5000  -37.5000    0.0000 2426.3438   33.8790
    0.0000  -37.5000    0.0000 2448.4331   33.5890
    7.5000  -37.5000    0.0000 2416.5906   33.4585
   -7.5000  -30.0000    0.0000 2509.0544   30.1844
    0.0000  -30.0000    0.0000 2528.0291   29.9205
    7.5000  -30.0000    0.0000 2494.4304   29.8627
   -7.5000  -22.5000    0.0000 2589.4963   27.4315
    0.0000  -22.5000    0.0000 2607.6270   27.1933
    7.5000  -22.5000    0.0000 2573.4365   27.1510
   -7.5000  -15.0000    0.0000 2659.7183   25.4701
    0.0000  -15.0000    0.0000 2674.5449   25.1357
    7.5000  -15.0000    0.0000 2643.2725   25.1854
   -7.5000   -7.5000    0.0000 2724.4536   23.9033
    0.0000   -7.5000    0.0000 2734.0325   23.5634
    7.5000   -7.5000    0.0000 2706.9470   23.7595
   -7.5000    0.0000    0.0000 2770.3733   22.7588
    0.0000    0.0000    0.0000 2770.7166   22.3722
    7.5000    0.0000    0.0000 2754.8623   22.7126
   -7.5000    7.5000    0.0000 2811.1941   21.9281
    0.0000    7.5000    0.0000 2809.3191   21.5063
    7.5000    7.5000    0.0000 2804.5981   21.9420
   -7.5000   15.0000    0.0000 2838.5022   21.4018
    0.0000   15.0000    0.0000 2856.6467   21.0177
    7.5000   15.0000    0.0000 2836.6682   21.4401
   -7.5000   22.5000    0.0000 2839.4639   20.8363
    0.0000   22.5000    0.0000 2861.0518   20.3963
    7.5000   22.5000    0.0000 2846.0415   21.0907
   -7.5000   30.0000    0.0000 2809.5869   20.6875
    0.0000   30.0000    0.0000 2827.8230   20.2019
    7.5000   30.0000    0.0000 2813.3184   20.9631
   -7.5000   37.5000    0.0000 2753.6230   21.0178
    0.0000   37.5000    0.0000 2745.4473   20.5257
    7.5000   37.5000    0.0000 2759.2786   21.2130
   -7.5000   45.0000    0.0000 2652.5903   21.6131
    0.0000   45.0000    0.0000 2665.1138   21.2886
    7.5000   45.0000    0.0000 2655.4846   21.7216
   -7.5000   52.5000    0.0000 2517.9199   22.3136
    0.0000   52.5000    0.0000 2526.2856   22.1507
    7.5000   52.5000    0.0000 2514.1697   22.4032
   -7.5000  -37.5000    7.5000 2412.2671   32.9132
    0.0000  -37.5000    7.5000 2429.4631   32.4694
    7.5000  -37.5000    7.5000 2393.0344   32.4264
   -7.5000  -30.0000    7.5000 2498.5911   29.3113
    0.0000  -30.0000    7.5000 2506.3542   28.7962
    7.5000  -30.0000    7.5000 2477.5957   28.8795
   -7.5000  -22.5000    7.5000 2581.9512   26.6814
    0.0000  -22.5000    7.5000 2578.9819   26.0485
    7.5000  -22.5000    7.5000 2565.4976   26.3426
   -7.5000  -15.0000    7.5000 2654.5017   24.8075
    0.0000  -15.0000    7.5000 2652.5874   24.2155
    7.5000  -15.0000    7.5000 2637.5610   24.5639
   -7.5000   -7.5000    7.5000 2712.2976   23.4358
    0.0000   -7.5000    7.5000 2713.0361   22.8797
    7.5000   -7.5000    7.5000 2697.2046   23.2877
   -7.5000    0.0000    7.5000 2757.4087   22.4947
    0.0000    0.0000    7.5000 2759.4016   22.0613
    7.5000    0.0000    7.5000 2746.2981   22.4501
   -7.5000    7.5000    7.5000 2801.1633   21.8739
    0.0000    7.5000    7.5000 2809.2441   21.5070
    7.5000    7.5000    7.5000 2796.7932   21.9212
   -7.5000   15.0000    7.5000 2825.5789   21.4035
    0.0000   15.0000    7.5000 2856.2471   21.1250
    7.5000   15.0000    7.5000 2828.0171   21.5275
   -7.5000   22.5000    7.5000 2815.5715   20.8341
    0.0000   22.5000    7.5000 2830.2273   20.4032
    7.5000   22.5000    7.5000 2818.2810   21.0905
   -7.5000   30.0000    7.5000 2799.4727   20.6981
    0.0000   30.0000    7.5000 2804.7849   20.3446
    7.5000   30.0000    7.5000 2801.8940   20.9360
   -7.5000   37.5000    7.5000 2761.7566   21.0485
    0.0000   37.5000    7.5000 2788.1550   20.9430
    7.5000   37.5000    7.5000 2757.3716   21.1885
   -7.5000   45.0000    7.5000 2671.9912   21.6458
    0.0000   45.0000    7.5000 2697.3242   21.5581
    7.5000   45.0000    7.5000 2658.3103   21.7139
   -7.5000   52.5000    7.5000 2527.9221   22.3929
    0.0000   52.5000    7.5000 2544.7871   22.3071
    7.5000   52.5000    7.5000 2517.1040   22.4247
   -7.5000  -37.5000   15.0000 2405.3872   32.3369
    0.0000  -37.5000   15.0000 2391.1392   31.4824
    7.5000  -37.5000   15.0000 2376.8630   31.8269
   -7.5000  -30.0000   15.0000 2501.0830   29.0043
    0.0000  -30.0000   15.0000 2478.6838   28.1455
    7.5000  -30.0000   15.0000 2478.1465   28.5393
   -7.5000  -22.5000   15.0000 2584.4482   26.4968
    0.0000  -22.5000   15.0000 2562.0349   25.7006
    7.5000  -22.5000   15.0000 2572.7202   26.1934
   -7.5000  -15.0000   15.0000 2650.8914   24.7515
    0.0000  -15.0000   15.0000 2634.6084   24.0373
    7.5000  -15.0000   15.0000 2635.0679   24.5203
   -7.5000   -7.5000   15.0000 2707.4985   23.5142
    0.0000   -7.5000   15.0000 2692.3713   22.9047
    7.5000   -7.5000   15.0000 2685.1555   23.3755
   -7.5000    0.0000   15.0000 2737.1453   22.6242
    0.0000    0.0000   15.0000 2736.7778   22.1220
    7.5000    0.0000   15.0000 2725.6067   22.5868
   -7.5000    7.5000   15.0000 2760.3025   21.9827
    0.0000    7.5000   15.0000 2770.2939   21.5100
    7.5000    7.5000   15.0000 2757.6333   22.0023
   -7.5000   15.0000   15.0000 2772.0952   21.4467
    0.0000   15.0000   15.0000 2789.3506   20.9420
    7.5000   15.0000   15.0000 2780.4690   21.5773
   -7.5000   22.5000   15.0000 2789.8411   21.0235
    0.0000   22.5000   15.0000 2775.5964   20.3682
    7.5000   22.5000   15.0000 2786.9368   21.1996
   -7.5000   30.0000   15.0000 2798.1262   21.1524
    0.0000   30.0000   15.0000 2815.0276   20.7524
    7.5000   30.0000   15.0000 2786.9211   21.2304
   -7.5000   37.5000   15.0000 2764.4761   21.7364
    0.0000   37.5000   15.0000 2786.3193   21.4858
    7.5000   37.5000   15.0000 2754.4536   21.7893
   -7.5000   45.0000   15.0000 2660.3433   22.3247
    0.0000   45.0000   15.0000 2686.5508   22.1619
    7.5000   45.0000   15.0000 2652.6184   22.3631
   -7.5000   52.5000   15.0000 2517.3740   22.8940
    0.0000   52.5000   15.0000 2539.5288   22.7708
    7.5000   52.5000   15.0000 2512.6882   22.9236
   -7.5000  -37.5000   22.5000 2394.8538   32.3879
    0.0000  -37.5000   22.5000 2370.8682   31.3914
    7.5000  -37.5000   22.5000 2369.8154   31.8591
   -7.5000  -30.0000   22.5000 2494.1165   29.2538
    0.0000  -30.0000   22.5000 2471.7771   28.2841
    7.5000  -30.0000   22.5000 2474.3372   28.7945
   -7.5000  -22.5000   22.5000 2578.9602   26.8978
    0.0000  -22.5000   22.5000 2561.0837   26.0598
    7.5000  -22.5000   22.5000 2558.7788   26.5555
   -7.5000  -15.0000   22.5000 2640.9487   25.2382
    0.0000  -15.0000   22.5000 2625.4094   24.4534
    7.5000  -15.0000   22.5000 2622.8130   24.9998
   -7.5000   -7.5000   22.5000 2687.4565   23.9795
    0.0000   -7.5000   22.5000 2682.9329   23.2937
    7.5000   -7.5000   22.5000 2667.5764   23.8009
   -7.5000    0.0000   22.5000 2709.3301   22.9863
    0.0000    0.0000   22.5000 2705.2871   22.3986
    7.5000    0.0000   22.5000 2694.9045   22.8994
   -7.5000    7.5000   22.5000 2724.6870   22.2641
    0.0000    7.5000   22.5000 2723.4277   21.7186
    7.5000    7.5000   22.5000 2712.2993   22.2484
   -7.5000   15.0000   22.5000 2730.5200   21.7124
    0.0000   15.0000   22.5000 2728.4644   21.1614
    7.5000   15.0000   22.5000 2728.4983   21.7971
   -7.5000   22.5000   22.5000 2752.6289   21.4009
    0.0000   22.5000   22.5000 2748.3018   20.9014
    7.5000   22.5000   22.5000 2738.6091   21.4945
   -7.5000   30.0000   22.5000 2767.2188   21.9531
    0.0000   30.0000   22.5000 2778.3792   21.5324
    7.5000   30.0000   22.5000 2755.6401   21.9531
   -7.5000   37.5000   22.5000 2723.1731   22.6126
    0.0000   37.5000   22.5000 2732.3113   22.2689
    7.5000   37.5000   22.5000 2719.1311   22.6520
   -7.5000   45.0000   22.5000 2618.9033   23.1798
    0.0000   45.0000   22.5000 2633.1733   22.9177
    7.5000   45.0000   22.5000 2615.4736   23.2556
   -7.5000   52.5000   22.5000 2482.5735   23.7332
    0.0000   52.5000   22.5000 2505.9819   23.5719
    7.5000   52.5000   22.5000 2476.0461   23.8016
   -7.5000  -37.5000   30.0000 2377.5488   33.0660
    0.0000  -37.5000   30.0000 2357.7234   32.2222
    7.5000  -37.5000   30.0000 2345.0833   32.5742
   -7.5000  -30.0000   30.0000 2470.4734   30.0916
    0.0000  -30.0000   30.0000 2459.1509   29.2510
    7.5000  -30.0000   30.0000 2445.7280   29.7076
   -7.5000  -22.5000   30.0000 2551.4106   27.7609
    0.0000  -22.5000   30.0000 2541.8584   26.9644
    7.5000  -22.5000   30.0000 2530.2537   27.5122
   -7.5000  -15.0000   30.0000 2606.0945   25.9712
    0.0000  -15.0000   30.0000 2598.4780   25.2515
    7.5000  -15.0000   30.0000 2586.3015   25.7797
   -7.5000   -7.5000   30.0000 2647.6267   24.5862
    0.0000   -7.5000   30.0000 2635.1885   23.8714
    7.5000   -7.5000   30.0000 2624.8633   24.3769
   -7.5000    0.0000   30.0000 2669.6091   23.5183
    0.0000    0.0000   30.0000 2656.5261   22.8465
    7.5000    0.0000   30.0000 2648.4653   23.3108
   -7.5000    7.5000   30.0000 2677.8418   22.7563
    0.0000    7.5000   30.0000 2674.4678   22.1331
    7.5000    7.5000   30.0000 2671.5835   22.6600
   -7.5000   15.0000   30.0000 2683.1924   22.2416
    0.0000   15.0000   30.0000 2678.4426   21.7014
    7.5000   15.0000   30.0000 2671.7122   22.2923
   -7.5000   22.5000   30.0000 2704.0750   22.1512
    0.0000   22.5000   30.0000 2698.9465   21.8058
    7.5000   22.5000   30.0000 2682.6982   22.2095
   -7.5000   30.0000   30.0000 2708.2354   22.8535
    0.0000   30.0000   30.0000 2713.3569   22.4894
    7.5000   30.0000   30.0000 2694.9004   22.8034
   -7.5000   37.5000   30.0000 2659.2102   23.6051
    0.0000   37.5000   30.0000 2664.5374   23.2566
    7.5000   37.5000   30.0000 2655.3467   23.5981
   -7.5000   45.0000   30.0000 2553.6057   24.2391
    0.0000   45.0000   30.0000 2569.8223   23.9690
    7.5000   45.0000   30.0000 2549.5684   24.2399
   -7.5000   52.5000   30.0000 2424.0110   24.7076
    0.0000   52.5000   30.0000 2447.6970   24.4990
    7.5000   52.5000   30.0000 2417.6292   24.7589
   -7.5000  -37.5000   37.5000 2338.1909   34.1655
    0.0000  -37.5000   37.5000 2328.1189   33.5269
    7.5000  -37.5000   37.5000 2308.3496   33.7851
   -7.5000  -30.0000   37.5000 2423.7700   31.1510
    0.0000  -30.0000   37.5000 2424.8137   30.4384
    7.5000  -30.0000   37.5000 2402.8186   30.8422
   -7.5000  -22.5000   37.5000 2495.8733   28.6860
    0.0000  -22.5000   37.5000 2501.0083   27.9790
    7.5000  -22.5000   37.5000 2479.1497   28.4770
   -7.5000  -15.0000   37.5000 2548.0398   26.7555
    0.0000  -15.0000   37.5000 2545.4834   26.0378
    7.5000  -15.0000   37.5000 2530.7729   26.5154
   -7.5000   -7.5000   37.5000 2585.1145   25.2715
    0.0000   -7.5000   37.5000 2572.4128   24.4925
    7.5000   -7.5000   37.5000 2563.8796   25.0366
   -7.5000    0.0000   37.5000 2608.7097   24.1055
    0.0000    0.0000   37.5000 2603.6909   23.4351
    7.5000    0.0000   37.5000 2597.2883   23.9694
   -7.5000    7.5000   37.5000 2621.9792   23.3674
    0.0000    7.5000   37.5000 2626.1753   22.7283
    7.5000    7.5000   37.5000 2612.2090   23.2643
   -7.5000   15.0000   37.5000 2631.7507   22.9394
    0.0000   15.0000   37.5000 2636.1025   22.5054
    7.5000   15.0000   37.5000 2616.2576   22.9338
   -7.5000   22.5000   37.5000 2638.2944   23.1186
    0.0000   22.5000   37.5000 2641.2190   22.8237
    7.5000   22.5000   37.5000 2619.0107   23.1214
   -7.5000   30.0000   37.5000 2626.7678   23.9245
    0.0000   30.0000   37.5000 2638.7930   23.6367
    7.5000   30.0000   37.5000 2615.0662   23.8467
   -7.5000   37.5000   37.5000 2579.7034   24.7184
    0.0000   37.5000   37.5000 2588.9688   24.4604
    7.5000   37.5000   37.5000 2573.9875   24.6576
   -7.5000   45.0000   37.5000 2481.9236   25.4311
    0.0000   45.0000   37.5000 2497.7896   25.1634
    7.5000   45.0000   37.5000 2476.8218   25.4191
   -7.5000   52.5000   37.5000 2345.6709   25.8524
    0.0000   52.5000   37.5000 2371.6621   25.5976
    7.5000   52.5000   37.5000 2342.9824   25.8534
   -7.5000  -37.5000   45.0000 2259.4702   35.3904
    0.0000  -37.5000   45.0000 2257.8308   34.7693
    7.5000  -37.5000   45.0000 2242.6375   35.1041
   -7.5000  -30.0000   45.0000 2329.7219   32.0563
    0.0000  -30.0000   45.0000 2345.9067   31.4844
    7.5000  -30.0000   45.0000 2327.7515   31.8884
   -7.5000  -22.5000   45.0000 2396.1108   29.4333
    0.0000  -22.5000   45.0000 2413.7612   28.8147
    7.5000  -22.5000   45.0000 2397.2664   29.2446
   -7.5000  -15.0000   45.0000 2444.4915   27.4839
    0.0000  -15.0000   45.0000 2451.5820   26.8356
    7.5000  -15.0000   45.0000 2439.4119   27.2580
   -7.5000   -7.5000   45.0000 2480.5691   25.9325
    0.0000   -7.5000   45.0000 2496.8096   25.3083
    7.5000   -7.5000   45.0000 2469.9624   25.7358
   -7.5000    0.0000   45.0000 2511.5317   24.7998
    0.0000    0.0000   45.0000 2526.2629   24.2273
    7.5000    0.0000   45.0000 2505.4319   24.6787
   -7.5000    7.5000   45.0000 2532.3411   24.0156
    0.0000    7.5000   45.0000 2546.8989   23.4750
    7.5000    7.5000   45.0000 2520.1338   23.9100
   -7.5000   15.0000   45.0000 2541.0256   23.6531
    0.0000   15.0000   45.0000 2551.5227   23.3501
    7.5000   15.0000   45.0000 2528.2478   23.6319
   -7.5000   22.5000   45.0000 2543.6218   24.0440
    0.0000   22.5000   45.0000 2554.7141   23.7974
    7.5000   22.5000   45.0000 2530.7207   24.0410
   -7.5000   30.0000   45.0000 2524.3074   24.9845
    0.0000   30.0000   45.0000 2540.4114   24.7530
    7.5000   30.0000   45.0000 2516.5208   24.8969
   -7.5000   37.5000   45.0000 2476.0022   25.9462
    0.0000   37.5000   45.0000 2494.7629   25.7286
    7.5000   37.5000   45.0000 2468.2876   25.8595
   -7.5000   45.0000   45.0000 2382.2739   26.6457
    0.0000   45.0000   45.0000 2402.1824   26.4975
    7.5000   45.0000   45.0000 2374.1006   26.6361
   -7.5000   52.5000   45.0000 2246.5256   27.0020
    0.0000   52.5000   45.0000 2266.5403   26.8385
    7.5000   52.5000   45.0000 2240.2734   27.0269

---------------------------------------------------------------------
imgreg_4dfp /opt/freesurfer/average/711-2C_as_mni_average_305 /opt/freesurfer/average/711-2B_as_mni_average_305_mask talsrcimg_g11 none talsrcimg_to_711-2C_as_mni_average_305_t4 1283
---------------------------------------------------------------------

freesurfer imgreg_4dfp.c
/opt/freesurfer/average/711-2C_as_mni_average_305.4dfp.img
       256       256       256         1
  1.000000  1.000000  1.000000
orientation T byte_order littleendian
Reading image: /opt/freesurfer/average/711-2C_as_mni_average_305.4dfp.img
dimensions:      256       256       256
mmppix:       1.0000   -1.0000   -1.0000
center:     128.0000 -129.0000 -129.0000
/opt/freesurfer/average/711-2B_as_mni_average_305_mask.4dfp.img
       256       256       256         1
  1.000000  1.000000  1.000000
orientation T byte_order littleendian
Reading mask: /opt/freesurfer/average/711-2B_as_mni_average_305_mask.4dfp.img (2306576 pixels)
talsrcimg_g11.4dfp.img
       320       320       320         1
  0.700000  0.700000  0.700000
orientation T byte_order littleendian
Reading image: talsrcimg_g11.4dfp.img
dimensions:      320       320       320
mmppix:       0.7000   -0.7000   -0.7000
center:     112.0000 -112.7000 -112.7000
rotation matrix determinant  1.000000
fimgreg.f
image alignment mode   1283 decimal      503 hex
parameters
    0.0000   22.5000    0.0000    0.0000    0.0000    0.0000
eta,q 0.90338 20.55675
niter,ni,del,rscale     5    3   12.0000    1.2000
parameter  2  0.658165 ->  0.500000 qaram    1.1500
parameter  4  1.183927 ->  0.500000 qaram    1.1500
parameter  6  1.055597 ->  0.500000 qaram    1.1500
parameters
   -0.8323   19.0500    1.7349   -3.4500   -0.9444   -3.4500
eta,q 0.90566 20.80440
  0.1037  0.1014  0.1133  0.0960  0.0966  0.0943
  0.0999  0.0999  0.1110  0.0960  0.0946  0.0943
  0.1014  0.0996  0.1039  0.0976  0.0954  0.0946
  0.1020  0.1020  0.0996  0.0990  0.0963  0.0960
  0.1012  0.1050  0.0991  0.0999  0.0963  0.0978
  0.1018  0.1070  0.1012  0.1022  0.0957  0.0999
  0.1050  0.1097  0.1051  0.1053  0.0957  0.1013
niter,ni,del,rscale     7    3   12.0000    1.2000
parameters
   -0.5307   20.1293    1.7756   -4.0021   -2.1998   -3.3065
eta,q 0.90678 20.68427
  0.1083  0.1144  0.1096  0.0983  0.0957  0.0966
  0.1001  0.1080  0.1025  0.0971  0.0933  0.0951
  0.0929  0.1003  0.0957  0.0943  0.0932  0.0940
  0.0943  0.0949  0.0938  0.0938  0.0935  0.0932
  0.0978  0.0941  0.0980  0.0956  0.0950  0.0933
  0.0996  0.0993  0.1043  0.0973  0.0960  0.0948
  0.1033  0.1072  0.1071  0.1004  0.0963  0.0966
niter,ni,del,rscale     6    3   12.0000    1.2000
parameters
    0.2839   20.5312    1.7384   -4.9476   -2.0733   -1.3777
eta,q 0.90628 20.62456
  0.1084  0.1126  0.1093  0.0979  0.0983  0.0978
  0.1019  0.1056  0.1018  0.0965  0.0939  0.0957
  0.0942  0.0985  0.0959  0.0945  0.0929  0.0942
  0.0932  0.0942  0.0939  0.0939  0.0936  0.0937
  0.0959  0.0951  0.0982  0.0961  0.0948  0.0938
  0.0983  0.1014  0.1048  0.0979  0.0956  0.0939
  0.1009  0.1104  0.1070  0.1007  0.0961  0.0947
niter,ni,del,rscale     5    3   12.0000    1.2000
parameter  6 -1.945963 -> -0.500000 qaram    1.3225
parameters
    0.7094   21.0116    1.7243   -6.0017   -0.5616    2.5898
eta,q 0.90758 20.68815
  0.1072  0.1122  0.1083  0.0977  0.0994  0.0975
  0.0999  0.1052  0.1020  0.0965  0.0954  0.0965
  0.0939  0.0975  0.0966  0.0954  0.0945  0.0955
  0.0937  0.0941  0.0939  0.0939  0.0944  0.0945
  0.0959  0.0950  0.0977  0.0950  0.0946  0.0930
  0.0982  0.1004  0.1041  0.0983  0.0946  0.0923
  0.1027  0.1091  0.1068  0.1016  0.0952  0.0925
niter,ni,del,rscale     5    3   12.0000    1.2000
parameter  5 -0.571862 -> -0.500000 qaram    1.1500
parameters
    1.0542   21.2282    1.5808   -6.2594    2.8884    3.3752
eta,q 0.91051 20.86092
  0.1063  0.1094  0.1054  0.0972  0.0987  0.0987
  0.1006  0.1014  0.0998  0.0967  0.0969  0.0965
  0.0961  0.0942  0.0949  0.0938  0.0949  0.0931
  0.0924  0.0920  0.0920  0.0921  0.0922  0.0899
  0.0924  0.0938  0.0953  0.0917  0.0900  0.0899
  0.0983  0.1000  0.1018  0.0954  0.0903  0.0934
  0.1045  0.1073  0.1058  0.1003  0.0924  0.0972
niter,ni,del,rscale     5    3   12.0000    1.2000
parameters
    1.0733   20.9968    0.4769   -7.1071    3.9026    3.7539
eta,q 0.90979 20.97305
  0.1036  0.1058  0.0972  0.0936  0.0985  0.0999
  0.1021  0.0986  0.0923  0.0926  0.0957  0.0975
  0.0960  0.0920  0.0905  0.0906  0.0916  0.0932
  0.0895  0.0895  0.0894  0.0899  0.0899  0.0903
  0.0918  0.0929  0.0925  0.0912  0.0915  0.0915
  0.1003  0.1004  0.0993  0.0933  0.0929  0.0956
  0.1060  0.1078  0.1044  0.0967  0.0948  0.0992
niter,ni,del,rscale     4    3   12.0000    1.2000
parameters
    1.3588   21.1076   -0.2962   -9.4525    4.9168    3.7120
eta,q 0.91012 21.16549
  0.1046  0.1054  0.0983  0.0907  0.0987  0.0976
  0.1020  0.0992  0.0908  0.0900  0.0944  0.0943
  0.0954  0.0930  0.0885  0.0894  0.0909  0.0911
  0.0902  0.0898  0.0898  0.0893  0.0894  0.0899
  0.0908  0.0926  0.0911  0.0911  0.0905  0.0919
  0.0966  0.0980  0.0965  0.0930  0.0916  0.0945
  0.1055  0.1048  0.1030  0.0955  0.0944  0.0975
niter,ni,del,rscale     3    3   12.0000    1.2000
parameter  4  0.621149 ->  0.500000 qaram    1.3225
parameters
    1.4119   21.0309   -1.3706  -13.4200    5.4586    3.7734
eta,q 0.91405 21.46366
  0.1047  0.1018  0.0994  0.0863  0.0967  0.0941
  0.1003  0.0960  0.0904  0.0864  0.0928  0.0893
  0.0937  0.0916  0.0867  0.0864  0.0889  0.0866
  0.0899  0.0898  0.0898  0.0875  0.0863  0.0859
  0.0900  0.0914  0.0944  0.0883  0.0864  0.0887
  0.0967  0.0962  0.0990  0.0909  0.0896  0.0912
  0.1075  0.1026  0.1057  0.0939  0.0951  0.0918
niter,ni,del,rscale     3    3   12.0000    1.2000
parameters
    1.1688   21.8786   -2.2686  -16.4980    5.8560    5.1716
eta,q 0.91586 21.57982
  0.1049  0.1021  0.1013  0.0848  0.0968  0.0936
  0.0977  0.0954  0.0939  0.0835  0.0921  0.0888
  0.0891  0.0889  0.0858  0.0837  0.0868  0.0846
  0.0859  0.0859  0.0862  0.0846  0.0836  0.0834
  0.0900  0.0873  0.0955  0.0848  0.0848  0.0851
  0.0994  0.0900  0.1028  0.0871  0.0893  0.0870
  0.1085  0.0964  0.1077  0.0907  0.0951  0.0874
niter,ni,del,rscale     2    3   12.0000    1.2000
parameters
    1.0807   22.8948   -2.7786  -19.1675    5.5083    5.7187
eta,q 0.91704 21.50449
  0.1092  0.1023  0.1027  0.0843  0.0935  0.0881
  0.0983  0.0953  0.0958  0.0831  0.0878  0.0841
  0.0863  0.0885  0.0865  0.0829  0.0828  0.0824
  0.0841  0.0840  0.0838  0.0834  0.0829  0.0827
  0.0912  0.0848  0.0919  0.0846  0.0846  0.0840
  0.1013  0.0890  0.1021  0.0852  0.0893  0.0848
  0.1077  0.0950  0.1068  0.0867  0.0957  0.0854
niter,ni,del,rscale     1    3   12.0000    1.2000
parameters
    1.1100   23.9505   -3.3126  -20.9307    5.0847    4.9304
eta,q 0.91863 21.40724
  0.1071  0.1040  0.1000  0.0847  0.0920  0.0860
  0.0965  0.0951  0.0954  0.0827  0.0864  0.0828
  0.0853  0.0871  0.0869  0.0816  0.0820  0.0812
  0.0830  0.0830  0.0827  0.0828  0.0819  0.0816
  0.0881  0.0835  0.0893  0.0837  0.0839  0.0832
  0.0978  0.0884  0.1000  0.0853  0.0882  0.0851
  0.1047  0.0945  0.1063  0.0867  0.0946  0.0868
registration optimization eta report
parameter search radius
    6.0000    6.9000    6.0000    7.9350    6.9000    7.9350
100000*second partial in parameter space
       61.       33.       51.        5.       24.        8.
  0.1071  0.1040  0.1000  0.0847  0.0920  0.0860
  0.0965  0.0951  0.0954  0.0827  0.0864  0.0828
  0.0853  0.0871  0.0869  0.0816  0.0820  0.0812
  0.0830  0.0830  0.0827  0.0828  0.0819  0.0816
  0.0881  0.0835  0.0893  0.0837  0.0839  0.0832
  0.0978  0.0884  0.1000  0.0853  0.0882  0.0851
  0.1047  0.0945  0.1063  0.0867  0.0946  0.0868
    1.1100   23.9505   -3.3126  -20.9307    5.0847    4.9304
eta,q 0.91863 21.40724

---------------------------------------------------------------------
imgreg_4dfp /opt/freesurfer/average/711-2C_as_mni_average_305 /opt/freesurfer/average/711-2B_as_mni_average_305_mask talsrcimg_g11 none talsrcimg_to_711-2C_as_mni_average_305_t4 3335
---------------------------------------------------------------------

freesurfer imgreg_4dfp.c
/opt/freesurfer/average/711-2C_as_mni_average_305.4dfp.img
       256       256       256         1
  1.000000  1.000000  1.000000
orientation T byte_order littleendian
Reading image: /opt/freesurfer/average/711-2C_as_mni_average_305.4dfp.img
dimensions:      256       256       256
mmppix:       1.0000   -1.0000   -1.0000
center:     128.0000 -129.0000 -129.0000
/opt/freesurfer/average/711-2B_as_mni_average_305_mask.4dfp.img
       256       256       256         1
  1.000000  1.000000  1.000000
orientation T byte_order littleendian
Reading mask: /opt/freesurfer/average/711-2B_as_mni_average_305_mask.4dfp.img (2306576 pixels)
talsrcimg_g11.4dfp.img
       320       320       320         1
  0.700000  0.700000  0.700000
orientation T byte_order littleendian
Reading image: talsrcimg_g11.4dfp.img
dimensions:      320       320       320
mmppix:       0.7000   -0.7000   -0.7000
center:     112.0000 -112.7000 -112.7000
fimgreg.f
image alignment mode   3335 decimal      D07 hex
parameters
    1.1100   23.9505   -3.3126   -0.7621   -6.6722   -6.9662
   -4.8730  -11.3176    8.5607   34.8802    8.8628  -35.5833
eta,q 0.91252 21.35703
niter,ni,del,rscale     5    3    5.0000    1.2000
parameter  4  1.677958 ->  0.500000 qaram    1.1500
parameter  5  1.103543 ->  0.500000 qaram    1.1500
parameter  6  1.635644 ->  0.500000 qaram    1.1500
parameter  7  0.659456 ->  0.500000 qaram    1.1500
parameter  8 -0.723357 -> -0.500000 qaram    1.1500
parameter  9  0.598505 ->  0.500000 qaram    1.1500
parameter 10  0.883670 ->  0.500000 qaram    1.1500
parameter 12 -0.607683 -> -0.500000 qaram    1.1500
parameters
    0.8057   25.0257   -4.3990   -4.9021  -10.8122  -11.1062
   -9.0130   -7.1776    4.4207   30.7402    5.7568  -31.4433
eta,q 0.93801 21.62135
  0.0898  0.0906  0.0874  0.0759  0.0748  0.0662  0.0683  0.0765  0.0656  0.0628  0.0636  0.0696
  0.0883  0.0892  0.0865  0.0784  0.0755  0.0680  0.0681  0.0729  0.0654  0.0630  0.0630  0.0664
  0.0875  0.0881  0.0865  0.0814  0.0769  0.0719  0.0683  0.0702  0.0655  0.0639  0.0628  0.0641
  0.0875  0.0874  0.0871  0.0864  0.0791  0.0758  0.0688  0.0681  0.0659  0.0654  0.0632  0.0628
  0.0882  0.0871  0.0881  0.0930  0.0822  0.0816  0.0697  0.0665  0.0665  0.0676  0.0645  0.0622
  0.0895  0.0871  0.0894  0.0999  0.0862  0.0890  0.0709  0.0658  0.0674  0.0709  0.0669  0.0620
  0.0911  0.0876  0.0911  0.1067  0.0906  0.0949  0.0725  0.0666  0.0686  0.0747  0.0702  0.0620
niter,ni,del,rscale     7    3    5.0000    1.2000
parameter  1  1.121288 ->  0.500000 qaram    1.1500
parameter  2 -3.908589 -> -0.500000 qaram    1.1500
parameter  3 -0.706378 -> -0.500000 qaram    1.1500
parameter  4  0.705542 ->  0.500000 qaram    1.3225
parameter  5  0.546844 ->  0.500000 qaram    1.3225
parameter  7 -0.837056 -> -0.500000 qaram    1.3225
parameter  8 -0.518691 -> -0.500000 qaram    1.3225
parameter 10  0.515831 ->  0.500000 qaram    1.3225
parameters
   -0.5743   26.4057   -3.0190   -9.6631  -15.5732  -13.6212
   -4.2520   -2.4166    3.9818   25.9792    2.2871  -29.1138
eta,q 0.95349 21.63364
  0.0595  0.0687  0.0616  0.0503  0.0495  0.0528  0.0543  0.0618  0.0478  0.0468  0.0466  0.0480
  0.0596  0.0656  0.0589  0.0501  0.0496  0.0514  0.0522  0.0559  0.0475  0.0467  0.0466  0.0473
  0.0604  0.0626  0.0569  0.0510  0.0497  0.0500  0.0509  0.0512  0.0473  0.0468  0.0466  0.0468
  0.0620  0.0597  0.0553  0.0540  0.0502  0.0496  0.0499  0.0489  0.0473  0.0473  0.0467  0.0466
  0.0640  0.0571  0.0544  0.0599  0.0516  0.0517  0.0492  0.0477  0.0473  0.0482  0.0469  0.0465
  0.0663  0.0547  0.0540  0.0676  0.0544  0.0581  0.0488  0.0473  0.0475  0.0502  0.0472  0.0466
  0.0688  0.0528  0.0543  0.0770  0.0585  0.0659  0.0487  0.0484  0.0479  0.0536  0.0479  0.0470
niter,ni,del,rscale     7    3    5.0000    1.2000
parameter  2 -9.821486 -> -0.500000 qaram    1.3225
parameters
   -1.1974   27.9927   -3.9684   -9.8785  -16.3258  -11.2029
   -1.8314   -2.5566    1.9768   24.7898    0.9305  -30.0873
eta,q 0.96089 21.63739
  0.0474  0.0563  0.0413  0.0452  0.0431  0.0457  0.0440  0.0501  0.0398  0.0430  0.0397  0.0407
  0.0467  0.0531  0.0410  0.0439  0.0426  0.0444  0.0415  0.0431  0.0393  0.0413  0.0393  0.0394
  0.0464  0.0498  0.0409  0.0425  0.0418  0.0430  0.0400  0.0400  0.0391  0.0398  0.0392  0.0391
  0.0465  0.0464  0.0410  0.0409  0.0410  0.0412  0.0393  0.0391  0.0392  0.0391  0.0392  0.0392
  0.0469  0.0432  0.0413  0.0393  0.0408  0.0391  0.0392  0.0397  0.0395  0.0398  0.0393  0.0396
  0.0477  0.0402  0.0419  0.0413  0.0420  0.0393  0.0396  0.0435  0.0401  0.0423  0.0397  0.0403
  0.0491  0.0376  0.0427  0.0489  0.0455  0.0435  0.0407  0.0510  0.0412  0.0468  0.0403  0.0412
niter,ni,del,rscale     7    3    5.0000    1.2000
parameter  2 -2.105469 -> -0.500000 qaram    1.5209
parameters
   -1.0494   29.8177   -3.4146  -10.1733  -17.6214  -11.6060
   -1.6024   -1.7557    1.8235   25.5817    0.4788  -30.5953
eta,q 0.96521 21.49951
  0.0417  0.0503  0.0372  0.0394  0.0379  0.0399  0.0388  0.0455  0.0371  0.0411  0.0353  0.0367
  0.0402  0.0464  0.0356  0.0377  0.0368  0.0383  0.0366  0.0384  0.0359  0.0382  0.0350  0.0352
  0.0394  0.0426  0.0347  0.0360  0.0355  0.0366  0.0355  0.0357  0.0352  0.0362  0.0349  0.0348
  0.0391  0.0391  0.0343  0.0343  0.0345  0.0348  0.0351  0.0350  0.0350  0.0350  0.0348  0.0348
  0.0392  0.0361  0.0344  0.0325  0.0347  0.0333  0.0353  0.0352  0.0353  0.0347  0.0349  0.0353
  0.0398  0.0337  0.0347  0.0352  0.0375  0.0354  0.0364  0.0369  0.0360  0.0362  0.0351  0.0359
  0.0412  0.0323  0.0354  0.0437  0.0427  0.0455  0.0384  0.0419  0.0372  0.0401  0.0354  0.0368
niter,ni,del,rscale     7    3    5.0000    1.2000
parameter  2 -0.788510 -> -0.500000 qaram    1.7490
parameters
   -0.9881   31.9165   -2.8323  -10.4420  -18.7807  -11.7387
   -0.9864   -1.4598    1.8033   25.3073    0.0232  -30.9836
eta,q 0.96772 21.28624
  0.0374  0.0460  0.0346  0.0369  0.0369  0.0377  0.0371  0.0410  0.0351  0.0383  0.0329  0.0348
  0.0359  0.0418  0.0332  0.0351  0.0351  0.0358  0.0345  0.0348  0.0336  0.0351  0.0325  0.0330
  0.0351  0.0380  0.0323  0.0333  0.0332  0.0338  0.0329  0.0326  0.0327  0.0331  0.0323  0.0323
  0.0348  0.0348  0.0318  0.0318  0.0319  0.0322  0.0323  0.0323  0.0323  0.0323  0.0323  0.0323
  0.0350  0.0326  0.0318  0.0301  0.0325  0.0310  0.0326  0.0328  0.0326  0.0329  0.0324  0.0329
  0.0357  0.0318  0.0321  0.0325  0.0362  0.0330  0.0338  0.0346  0.0336  0.0352  0.0327  0.0338
  0.0372  0.0325  0.0330  0.0411  0.0421  0.0413  0.0360  0.0395  0.0352  0.0395  0.0331  0.0348
niter,ni,del,rscale     7    3    5.0000    1.2000
parameters
   -0.9308   32.5077   -2.6358  -10.4009  -19.4487  -11.9061
   -0.9468   -1.3058    1.7253   25.1838   -0.1007  -31.0979
eta,q 0.96767 21.20591
  0.0351  0.0415  0.0342  0.0372  0.0374  0.0376  0.0367  0.0406  0.0351  0.0385  0.0331  0.0350
  0.0335  0.0373  0.0331  0.0354  0.0355  0.0357  0.0342  0.0346  0.0336  0.0352  0.0326  0.0331
  0.0326  0.0341  0.0324  0.0336  0.0335  0.0338  0.0328  0.0325  0.0326  0.0330  0.0324  0.0323
  0.0323  0.0323  0.0321  0.0320  0.0320  0.0322  0.0323  0.0323  0.0323  0.0323  0.0323  0.0323
  0.0325  0.0322  0.0321  0.0304  0.0321  0.0312  0.0328  0.0330  0.0327  0.0329  0.0324  0.0328
  0.0333  0.0340  0.0326  0.0322  0.0354  0.0331  0.0342  0.0349  0.0336  0.0351  0.0327  0.0336
  0.0349  0.0379  0.0338  0.0402  0.0410  0.0412  0.0366  0.0394  0.0352  0.0391  0.0331  0.0347
niter,ni,del,rscale     6    3    5.0000    1.2000
parameters
   -0.9257   32.6891   -2.5646  -10.2999  -19.6683  -11.9529
   -0.8790   -1.2548    1.7022   25.1361   -0.1046  -31.1047
eta,q 0.96766 21.18591
  0.0350  0.0400  0.0342  0.0374  0.0378  0.0377  0.0368  0.0404  0.0351  0.0386  0.0332  0.0351
  0.0335  0.0362  0.0332  0.0356  0.0359  0.0358  0.0343  0.0346  0.0336  0.0352  0.0326  0.0332
  0.0326  0.0335  0.0326  0.0339  0.0338  0.0338  0.0328  0.0325  0.0326  0.0331  0.0324  0.0324
  0.0323  0.0323  0.0323  0.0323  0.0322  0.0323  0.0323  0.0323  0.0323  0.0323  0.0323  0.0323
  0.0326  0.0328  0.0324  0.0306  0.0320  0.0313  0.0328  0.0331  0.0327  0.0329  0.0324  0.0328
  0.0334  0.0349  0.0330  0.0323  0.0347  0.0329  0.0342  0.0350  0.0336  0.0350  0.0327  0.0336
  0.0351  0.0392  0.0341  0.0402  0.0401  0.0408  0.0367  0.0397  0.0352  0.0390  0.0331  0.0347
niter,ni,del,rscale     5    3    5.0000    1.2000
parameters
   -0.9316   32.7411   -2.5494  -10.2733  -19.7213  -11.9594
   -0.8469   -1.2528    1.6961   25.1186   -0.0899  -31.0996
eta,q 0.96765 21.18059
  0.0350  0.0396  0.0341  0.0374  0.0379  0.0377  0.0368  0.0403  0.0352  0.0386  0.0332  0.0351
  0.0335  0.0359  0.0332  0.0357  0.0360  0.0358  0.0343  0.0345  0.0336  0.0353  0.0326  0.0332
  0.0326  0.0333  0.0326  0.0339  0.0340  0.0339  0.0328  0.0325  0.0326  0.0331  0.0324  0.0324
  0.0323  0.0323  0.0323  0.0323  0.0323  0.0323  0.0323  0.0323  0.0323  0.0323  0.0323  0.0323
  0.0326  0.0329  0.0325  0.0307  0.0320  0.0313  0.0328  0.0331  0.0327  0.0329  0.0324  0.0328
  0.0335  0.0352  0.0330  0.0325  0.0345  0.0328  0.0343  0.0351  0.0336  0.0350  0.0327  0.0336
  0.0351  0.0396  0.0342  0.0405  0.0398  0.0406  0.0367  0.0398  0.0352  0.0390  0.0331  0.0347
niter,ni,del,rscale     4    3    5.0000    1.2000
parameters
   -0.9338   32.7537   -2.5460  -10.2664  -19.7347  -11.9625
   -0.8395   -1.2569    1.6977   25.1111   -0.0934  -31.0961
eta,q 0.96765 21.17914
  0.0351  0.0394  0.0341  0.0374  0.0379  0.0377  0.0368  0.0403  0.0352  0.0387  0.0332  0.0351
  0.0335  0.0358  0.0332  0.0357  0.0360  0.0358  0.0343  0.0345  0.0336  0.0353  0.0326  0.0332
  0.0326  0.0333  0.0326  0.0339  0.0340  0.0339  0.0328  0.0325  0.0326  0.0331  0.0324  0.0324
  0.0323  0.0323  0.0323  0.0323  0.0323  0.0323  0.0323  0.0323  0.0323  0.0323  0.0323  0.0323
  0.0326  0.0330  0.0325  0.0307  0.0320  0.0313  0.0328  0.0331  0.0327  0.0328  0.0324  0.0328
  0.0334  0.0353  0.0330  0.0325  0.0344  0.0328  0.0343  0.0351  0.0336  0.0350  0.0327  0.0336
  0.0351  0.0397  0.0342  0.0406  0.0397  0.0406  0.0368  0.0398  0.0352  0.0389  0.0331  0.0347
registration optimization eta report
parameter search radius
    2.7600    4.1976    2.7600    9.5220    9.5220    8.2800
    9.5220    9.5220    8.2800    9.5220    7.2000    8.2800
100000*second partial in parameter space
       37.       41.       24.        8.        7.       10.
        5.        9.        4.        7.        2.        4.
  0.0351  0.0394  0.0341  0.0374  0.0379  0.0377  0.0368  0.0403  0.0352  0.0387  0.0332  0.0351
  0.0335  0.0358  0.0332  0.0357  0.0360  0.0358  0.0343  0.0345  0.0336  0.0353  0.0326  0.0332
  0.0326  0.0333  0.0326  0.0339  0.0340  0.0339  0.0328  0.0325  0.0326  0.0331  0.0324  0.0324
  0.0323  0.0323  0.0323  0.0323  0.0323  0.0323  0.0323  0.0323  0.0323  0.0323  0.0323  0.0323
  0.0326  0.0330  0.0325  0.0307  0.0320  0.0313  0.0328  0.0331  0.0327  0.0328  0.0324  0.0328
  0.0334  0.0353  0.0330  0.0325  0.0344  0.0328  0.0343  0.0351  0.0336  0.0350  0.0327  0.0336
  0.0351  0.0397  0.0342  0.0406  0.0397  0.0406  0.0368  0.0398  0.0352  0.0389  0.0331  0.0347
   -0.9338   32.7537   -2.5460  -10.2664  -19.7347  -11.9625
   -0.8395   -1.2569    1.6977   25.1111   -0.0934  -31.0961
eta,q 0.96765 21.17914

---------------------------------------------------------------------
imgreg_4dfp /opt/freesurfer/average/711-2C_as_mni_average_305 /opt/freesurfer/average/711-2B_as_mni_average_305_mask talsrcimg_g11 none talsrcimg_to_711-2C_as_mni_average_305_t4 2311
---------------------------------------------------------------------

freesurfer imgreg_4dfp.c
/opt/freesurfer/average/711-2C_as_mni_average_305.4dfp.img
       256       256       256         1
  1.000000  1.000000  1.000000
orientation T byte_order littleendian
Reading image: /opt/freesurfer/average/711-2C_as_mni_average_305.4dfp.img
dimensions:      256       256       256
mmppix:       1.0000   -1.0000   -1.0000
center:     128.0000 -129.0000 -129.0000
/opt/freesurfer/average/711-2B_as_mni_average_305_mask.4dfp.img
       256       256       256         1
  1.000000  1.000000  1.000000
orientation T byte_order littleendian
Reading mask: /opt/freesurfer/average/711-2B_as_mni_average_305_mask.4dfp.img (2306576 pixels)
talsrcimg_g11.4dfp.img
       320       320       320         1
  0.700000  0.700000  0.700000
orientation T byte_order littleendian
Reading image: talsrcimg_g11.4dfp.img
dimensions:      320       320       320
mmppix:       0.7000   -0.7000   -0.7000
center:     112.0000 -112.7000 -112.7000
fimgreg.f
image alignment mode   2311 decimal      907 hex
parameters
   -0.9338   32.7537   -2.5460  -10.2664  -19.7347  -11.9625
   -0.8395   -1.2569    1.6977   25.1111   -0.0934  -31.0961
eta,q 0.96765 21.17915
niter,ni,del,rscale     5    3    5.0000    0.8000
parameter  4 -1.828690 -> -0.500000 qaram    1.1500
parameters
   -0.8937   32.8877   -2.4386   -7.5064  -19.0213  -10.8415
   -0.8308   -1.0663    1.7494   25.2233    0.3862  -31.0138
eta,q 0.96959 21.35442
  0.0332  0.0335  0.0330  0.0348  0.0333  0.0335  0.0324  0.0342  0.0320  0.0330  0.0317  0.0319
  0.0327  0.0329  0.0327  0.0339  0.0323  0.0324  0.0313  0.0319  0.0311  0.0316  0.0310  0.0310
  0.0325  0.0325  0.0324  0.0331  0.0315  0.0315  0.0306  0.0307  0.0306  0.0307  0.0306  0.0305
  0.0323  0.0323  0.0323  0.0323  0.0309  0.0307  0.0304  0.0304  0.0304  0.0304  0.0304  0.0304
  0.0324  0.0324  0.0324  0.0315  0.0307  0.0303  0.0307  0.0307  0.0306  0.0306  0.0305  0.0306
  0.0327  0.0327  0.0325  0.0307  0.0312  0.0305  0.0313  0.0317  0.0311  0.0314  0.0308  0.0310
  0.0332  0.0332  0.0329  0.0309  0.0324  0.0321  0.0324  0.0335  0.0319  0.0328  0.0313  0.0316
niter,ni,del,rscale     5    3    5.0000    0.8000
parameters
   -0.9926   32.2550   -2.8595   -8.1337  -18.4907  -10.4494
   -0.6701   -1.2797    1.9094   26.0227    0.9711  -31.3066
eta,q 0.96997 21.46957
  0.0321  0.0307  0.0306  0.0332  0.0327  0.0332  0.0321  0.0330  0.0317  0.0333  0.0312  0.0313
  0.0311  0.0303  0.0303  0.0322  0.0318  0.0321  0.0310  0.0312  0.0309  0.0318  0.0306  0.0304
  0.0306  0.0302  0.0301  0.0312  0.0310  0.0311  0.0304  0.0303  0.0303  0.0307  0.0302  0.0301
  0.0304  0.0304  0.0302  0.0301  0.0304  0.0303  0.0302  0.0302  0.0302  0.0302  0.0301  0.0300
  0.0307  0.0310  0.0304  0.0301  0.0303  0.0298  0.0303  0.0305  0.0303  0.0301  0.0301  0.0303
  0.0314  0.0319  0.0309  0.0324  0.0308  0.0303  0.0309  0.0315  0.0307  0.0306  0.0303  0.0308
  0.0326  0.0331  0.0316  0.0370  0.0322  0.0333  0.0318  0.0336  0.0315  0.0318  0.0308  0.0314
niter,ni,del,rscale     4    3    5.0000    0.7000
parameters
   -1.0355   32.0515   -3.1609   -7.9668  -18.3174  -10.3216
   -0.6113   -1.4713    2.0169   26.5664    1.1686  -31.3927
eta,q 0.97028 21.53252
  0.0312  0.0308  0.0304  0.0328  0.0316  0.0325  0.0313  0.0322  0.0310  0.0322  0.0306  0.0308
  0.0305  0.0303  0.0301  0.0319  0.0309  0.0315  0.0305  0.0307  0.0303  0.0310  0.0302  0.0301
  0.0301  0.0300  0.0300  0.0309  0.0303  0.0306  0.0300  0.0300  0.0299  0.0302  0.0299  0.0298
  0.0300  0.0300  0.0300  0.0300  0.0299  0.0299  0.0298  0.0298  0.0298  0.0298  0.0297  0.0297
  0.0302  0.0303  0.0302  0.0295  0.0299  0.0295  0.0300  0.0301  0.0299  0.0298  0.0298  0.0299
  0.0306  0.0308  0.0306  0.0305  0.0304  0.0302  0.0304  0.0310  0.0303  0.0303  0.0300  0.0303
  0.0314  0.0315  0.0311  0.0335  0.0317  0.0331  0.0312  0.0328  0.0308  0.0313  0.0305  0.0308
niter,ni,del,rscale     3    3    5.0000    0.6000
parameters
   -1.0555   31.9260   -3.3051   -7.6538  -18.1471  -10.2124
   -0.6479   -1.5621    2.0418   26.8038    1.1744  -31.3129
eta,q 0.97052 21.57040
  0.0307  0.0304  0.0302  0.0322  0.0310  0.0318  0.0306  0.0317  0.0304  0.0313  0.0302  0.0304
  0.0301  0.0300  0.0299  0.0314  0.0304  0.0310  0.0300  0.0304  0.0299  0.0304  0.0298  0.0298
  0.0298  0.0298  0.0297  0.0305  0.0299  0.0302  0.0296  0.0297  0.0296  0.0298  0.0296  0.0295
  0.0297  0.0297  0.0297  0.0297  0.0296  0.0295  0.0295  0.0295  0.0295  0.0295  0.0295  0.0295
  0.0298  0.0299  0.0298  0.0293  0.0296  0.0293  0.0296  0.0297  0.0296  0.0296  0.0295  0.0296
  0.0302  0.0302  0.0301  0.0301  0.0300  0.0300  0.0300  0.0305  0.0299  0.0300  0.0298  0.0299
  0.0308  0.0308  0.0305  0.0323  0.0309  0.0323  0.0306  0.0319  0.0303  0.0310  0.0302  0.0302
niter,ni,del,rscale     2    3    5.0000    0.5000
parameters
   -1.0572   31.8253   -3.3572   -7.3957  -17.9988  -10.0542
   -0.7026   -1.5889    2.0415   26.8585    1.1218  -31.1693
eta,q 0.97070 21.59068
  0.0303  0.0300  0.0299  0.0316  0.0304  0.0312  0.0301  0.0311  0.0299  0.0306  0.0299  0.0300
  0.0298  0.0297  0.0296  0.0308  0.0300  0.0305  0.0297  0.0301  0.0296  0.0299  0.0295  0.0296
  0.0296  0.0295  0.0295  0.0301  0.0296  0.0299  0.0294  0.0295  0.0294  0.0295  0.0294  0.0294
  0.0295  0.0295  0.0295  0.0295  0.0294  0.0294  0.0293  0.0293  0.0293  0.0293  0.0293  0.0293
  0.0296  0.0296  0.0295  0.0293  0.0294  0.0292  0.0294  0.0295  0.0294  0.0294  0.0294  0.0294
  0.0298  0.0298  0.0297  0.0299  0.0297  0.0297  0.0297  0.0301  0.0296  0.0298  0.0296  0.0296
  0.0303  0.0302  0.0300  0.0315  0.0304  0.0313  0.0302  0.0311  0.0299  0.0306  0.0299  0.0298
niter,ni,del,rscale     1    3    5.0000    0.4000
parameters
   -1.0536   31.7366   -3.3575   -7.1794  -17.8884   -9.8741
   -0.7516   -1.5924    2.0338   26.8306    1.0527  -31.0185
eta,q 0.97082 21.60111
  0.0299  0.0296  0.0296  0.0309  0.0299  0.0306  0.0297  0.0305  0.0296  0.0300  0.0296  0.0297
  0.0296  0.0294  0.0294  0.0303  0.0296  0.0301  0.0294  0.0297  0.0294  0.0296  0.0293  0.0294
  0.0294  0.0293  0.0293  0.0297  0.0294  0.0296  0.0292  0.0293  0.0292  0.0293  0.0292  0.0292
  0.0293  0.0293  0.0293  0.0293  0.0292  0.0292  0.0292  0.0292  0.0292  0.0292  0.0292  0.0292
  0.0294  0.0294  0.0293  0.0292  0.0293  0.0291  0.0293  0.0293  0.0292  0.0293  0.0292  0.0292
  0.0296  0.0296  0.0295  0.0297  0.0295  0.0295  0.0294  0.0297  0.0294  0.0296  0.0294  0.0293
  0.0299  0.0298  0.0296  0.0308  0.0299  0.0305  0.0298  0.0305  0.0296  0.0301  0.0296  0.0295
registration optimization eta report
parameter search radius
    0.8000    0.8000    0.8000    2.7600    2.4000    2.4000
    2.4000    2.4000    2.4000    2.4000    2.4000    2.4000
100000*second partial in parameter space
       89.       67.       53.       20.       12.       23.
       10.       22.        7.       15.        7.        7.
  0.0299  0.0296  0.0296  0.0309  0.0299  0.0306  0.0297  0.0305  0.0296  0.0300  0.0296  0.0297
  0.0296  0.0294  0.0294  0.0303  0.0296  0.0301  0.0294  0.0297  0.0294  0.0296  0.0293  0.0294
  0.0294  0.0293  0.0293  0.0297  0.0294  0.0296  0.0292  0.0293  0.0292  0.0293  0.0292  0.0292
  0.0293  0.0293  0.0293  0.0293  0.0292  0.0292  0.0292  0.0292  0.0292  0.0292  0.0292  0.0292
  0.0294  0.0294  0.0293  0.0292  0.0293  0.0291  0.0293  0.0293  0.0292  0.0293  0.0292  0.0292
  0.0296  0.0296  0.0295  0.0297  0.0295  0.0295  0.0294  0.0297  0.0294  0.0296  0.0294  0.0293
  0.0299  0.0298  0.0296  0.0308  0.0299  0.0305  0.0298  0.0305  0.0296  0.0301  0.0296  0.0295
   -1.0536   31.7366   -3.3575   -7.1794  -17.8884   -9.8741
   -0.7516   -1.5924    2.0338   26.8306    1.0527  -31.0185
eta,q 0.97082 21.60111

---------------------------------------------------------------------
imgreg_4dfp /opt/freesurfer/average/711-2C_as_mni_average_305 /opt/freesurfer/average/711-2B_as_mni_average_305_mask talsrcimg_g11 none talsrcimg_to_711-2C_as_mni_average_305_t4 2311
---------------------------------------------------------------------

freesurfer imgreg_4dfp.c
/opt/freesurfer/average/711-2C_as_mni_average_305.4dfp.img
       256       256       256         1
  1.000000  1.000000  1.000000
orientation T byte_order littleendian
Reading image: /opt/freesurfer/average/711-2C_as_mni_average_305.4dfp.img
dimensions:      256       256       256
mmppix:       1.0000   -1.0000   -1.0000
center:     128.0000 -129.0000 -129.0000
/opt/freesurfer/average/711-2B_as_mni_average_305_mask.4dfp.img
       256       256       256         1
  1.000000  1.000000  1.000000
orientation T byte_order littleendian
Reading mask: /opt/freesurfer/average/711-2B_as_mni_average_305_mask.4dfp.img (2306576 pixels)
talsrcimg_g11.4dfp.img
       320       320       320         1
  0.700000  0.700000  0.700000
orientation T byte_order littleendian
Reading image: talsrcimg_g11.4dfp.img
dimensions:      320       320       320
mmppix:       0.7000   -0.7000   -0.7000
center:     112.0000 -112.7000 -112.7000
fimgreg.f
image alignment mode   2311 decimal      907 hex
parameters
   -1.0536   31.7366   -3.3575   -7.1793  -17.8884   -9.8741
   -0.7516   -1.5924    2.0338   26.8306    1.0527  -31.0185
eta,q 0.97082 21.60111
niter,ni,del,rscale     5    3    5.0000    0.8000
parameters
   -1.0557   31.6485   -3.3120   -7.9538  -18.1518  -10.4845
   -0.6989   -1.5841    2.1586   26.6413    1.1726  -31.1923
eta,q 0.97020 21.57786
  0.0317  0.0307  0.0308  0.0320  0.0315  0.0328  0.0316  0.0334  0.0312  0.0322  0.0309  0.0310
  0.0303  0.0299  0.0299  0.0310  0.0306  0.0316  0.0306  0.0313  0.0305  0.0310  0.0303  0.0302
  0.0295  0.0293  0.0294  0.0299  0.0299  0.0304  0.0300  0.0302  0.0300  0.0301  0.0299  0.0298
  0.0292  0.0292  0.0292  0.0292  0.0295  0.0295  0.0298  0.0298  0.0298  0.0298  0.0298  0.0298
  0.0294  0.0294  0.0293  0.0296  0.0296  0.0296  0.0300  0.0301  0.0299  0.0301  0.0299  0.0300
  0.0303  0.0301  0.0298  0.0320  0.0306  0.0321  0.0306  0.0312  0.0304  0.0310  0.0302  0.0305
  0.0317  0.0312  0.0306  0.0364  0.0325  0.0371  0.0315  0.0335  0.0311  0.0328  0.0308  0.0311
niter,ni,del,rscale     4    3    5.0000    0.7000
parameters
   -1.0558   31.9116   -3.3444   -7.6376  -18.1789  -10.4790
   -0.7135   -1.6000    2.1199   26.7537    1.1910  -31.2523
eta,q 0.97040 21.56944
  0.0311  0.0314  0.0305  0.0323  0.0313  0.0324  0.0311  0.0326  0.0307  0.0317  0.0305  0.0307
  0.0304  0.0306  0.0301  0.0315  0.0306  0.0314  0.0303  0.0308  0.0301  0.0307  0.0300  0.0300
  0.0300  0.0301  0.0298  0.0306  0.0300  0.0304  0.0298  0.0299  0.0297  0.0299  0.0297  0.0296
  0.0298  0.0298  0.0298  0.0298  0.0296  0.0296  0.0296  0.0296  0.0296  0.0296  0.0296  0.0296
  0.0299  0.0298  0.0299  0.0294  0.0296  0.0293  0.0298  0.0299  0.0297  0.0297  0.0297  0.0298
  0.0304  0.0300  0.0301  0.0301  0.0303  0.0303  0.0303  0.0308  0.0301  0.0304  0.0300  0.0301
  0.0311  0.0305  0.0306  0.0324  0.0317  0.0335  0.0311  0.0327  0.0308  0.0317  0.0305  0.0306
niter,ni,del,rscale     3    3    5.0000    0.6000
parameters
   -1.0667   31.8749   -3.3548   -7.3766  -18.0825  -10.3013
   -0.7045   -1.6056    2.0876   26.8266    1.1594  -31.1802
eta,q 0.97060 21.58406
  0.0307  0.0304  0.0302  0.0318  0.0309  0.0318  0.0306  0.0319  0.0303  0.0311  0.0302  0.0303
  0.0301  0.0300  0.0299  0.0310  0.0303  0.0310  0.0299  0.0304  0.0298  0.0302  0.0297  0.0298
  0.0297  0.0297  0.0297  0.0303  0.0298  0.0302  0.0295  0.0297  0.0295  0.0297  0.0295  0.0295
  0.0296  0.0296  0.0296  0.0296  0.0295  0.0295  0.0294  0.0294  0.0294  0.0294  0.0294  0.0294
  0.0297  0.0297  0.0297  0.0294  0.0295  0.0292  0.0295  0.0296  0.0295  0.0295  0.0295  0.0295
  0.0301  0.0300  0.0299  0.0300  0.0300  0.0299  0.0299  0.0304  0.0298  0.0301  0.0298  0.0298
  0.0307  0.0305  0.0302  0.0318  0.0309  0.0321  0.0306  0.0319  0.0303  0.0311  0.0302  0.0302
niter,ni,del,rscale     2    3    5.0000    0.5000
parameters
   -1.0661   31.7928   -3.3581   -7.1916  -17.9628  -10.0973
   -0.7259   -1.6019    2.0555   26.8346    1.0959  -31.0703
eta,q 0.97074 21.59635
  0.0303  0.0299  0.0299  0.0312  0.0304  0.0312  0.0301  0.0312  0.0299  0.0305  0.0298  0.0299
  0.0298  0.0296  0.0296  0.0305  0.0299  0.0305  0.0296  0.0301  0.0295  0.0299  0.0295  0.0295
  0.0295  0.0294  0.0295  0.0299  0.0296  0.0298  0.0293  0.0295  0.0293  0.0294  0.0293  0.0293
  0.0294  0.0294  0.0294  0.0294  0.0293  0.0293  0.0293  0.0293  0.0293  0.0293  0.0293  0.0293
  0.0295  0.0295  0.0295  0.0293  0.0294  0.0291  0.0294  0.0295  0.0293  0.0294  0.0293  0.0293
  0.0298  0.0298  0.0296  0.0298  0.0297  0.0296  0.0297  0.0301  0.0296  0.0298  0.0295  0.0295
  0.0303  0.0302  0.0299  0.0312  0.0303  0.0312  0.0301  0.0311  0.0299  0.0306  0.0299  0.0298
niter,ni,del,rscale     1    3    5.0000    0.4000
parameters
   -1.0589   31.7150   -3.3485   -7.0486  -17.8661   -9.8933
   -0.7657   -1.5915    2.0391   26.8014    1.0280  -30.9461
eta,q 0.97083 21.60340
  0.0299  0.0296  0.0296  0.0306  0.0299  0.0306  0.0297  0.0305  0.0296  0.0300  0.0296  0.0296
  0.0295  0.0294  0.0294  0.0300  0.0296  0.0301  0.0294  0.0297  0.0293  0.0296  0.0293  0.0294
  0.0293  0.0293  0.0293  0.0296  0.0294  0.0296  0.0292  0.0293  0.0292  0.0293  0.0292  0.0292
  0.0293  0.0293  0.0293  0.0293  0.0292  0.0292  0.0292  0.0292  0.0292  0.0292  0.0292  0.0292
  0.0293  0.0293  0.0293  0.0292  0.0292  0.0291  0.0292  0.0293  0.0292  0.0293  0.0292  0.0292
  0.0295  0.0295  0.0294  0.0296  0.0294  0.0295  0.0294  0.0297  0.0294  0.0296  0.0294  0.0293
  0.0299  0.0298  0.0296  0.0305  0.0299  0.0305  0.0298  0.0305  0.0296  0.0301  0.0296  0.0295
registration optimization eta report
parameter search radius
    0.8000    0.8000    0.8000    2.4000    2.4000    2.4000
    2.4000    2.4000    2.4000    2.4000    2.4000    2.4000
100000*second partial in parameter space
       94.       68.       54.       22.       12.       23.
       10.       23.        8.       16.        7.        7.
  0.0299  0.0296  0.0296  0.0306  0.0299  0.0306  0.0297  0.0305  0.0296  0.0300  0.0296  0.0296
  0.0295  0.0294  0.0294  0.0300  0.0296  0.0301  0.0294  0.0297  0.0293  0.0296  0.0293  0.0294
  0.0293  0.0293  0.0293  0.0296  0.0294  0.0296  0.0292  0.0293  0.0292  0.0293  0.0292  0.0292
  0.0293  0.0293  0.0293  0.0293  0.0292  0.0292  0.0292  0.0292  0.0292  0.0292  0.0292  0.0292
  0.0293  0.0293  0.0293  0.0292  0.0292  0.0291  0.0292  0.0293  0.0292  0.0293  0.0292  0.0292
  0.0295  0.0295  0.0294  0.0296  0.0294  0.0295  0.0294  0.0297  0.0294  0.0296  0.0294  0.0293
  0.0299  0.0298  0.0296  0.0305  0.0299  0.0305  0.0298  0.0305  0.0296  0.0301  0.0296  0.0295
   -1.0589   31.7150   -3.3485   -7.0486  -17.8661   -9.8933
   -0.7657   -1.5915    2.0391   26.8014    1.0280  -30.9461
eta,q 0.97083 21.60340

---------------------------------------------------------------------
compute_vox2vox talsrcimg talsrcimg_to_711-2C_as_mni_average_305_t4 /opt/freesurfer/average/711-2C_as_mni_average_305
---------------------------------------------------------------------

freesurfer compute_vox2vox.c
Reading: talsrcimg.4dfp.ifh
Reading: talsrcimg_to_711-2C_as_mni_average_305_t4
Reading: /opt/freesurfer/average/711-2C_as_mni_average_305.4dfp.ifh
Writing: talsrcimg_to_711-2C_as_mni_average_305_t4_vox2vox.txt

start time Fri Mar 13 07:54:19 CET 2026
end		time Fri Mar 13 07:55:45 CET 2026

mpr2mni305 success

avi2talxfm orig_nu.mgz /opt/freesurfer/average/mni305.cor.mgz talsrcimg_to_711-2C_as_mni_average_305_t4_vox2vox.txt transforms/talairach.auto.xfm
avi2talxfm done
mv -f /out/sourcedata/freesurfer/sub-v2s5x29563_ses-1/mri/talsrcimg_to_711-2C_as_mni_average_305_t4_vox2vox.txt /out/sourcedata/freesurfer/sub-v2s5x29563_ses-1/mri/transforms/talsrcimg_to_711-2C_as_mni_average_305_t4_vox2vox.txt
lta_convert --src orig_nu.mgz --trg /opt/freesurfer/average/mni305.cor.mgz --inxfm transforms/talairach.auto.xfm --outlta transforms/talairach.auto.xfm.lta --subject fsaverage
7.3.2

--src: orig_nu.mgz src image (geometry).
--trg: /opt/freesurfer/average/mni305.cor.mgz trg image (geometry).
--inmni: transforms/talairach.auto.xfm input MNI/XFM transform.
--outlta: transforms/talairach.auto.xfm.lta output LTA.
--s: fsaverage subject name
 LTA read, type : 1
 1.07533   0.01440   0.01545   1.54558;
-0.01928   0.99770   0.37573  -31.43363;
-0.02041  -0.32592   1.09453  -15.36008;
 0.00000   0.00000   0.00000   1.00000;
setting subject to fsaverage
Writing  LTA to file transforms/talairach.auto.xfm.lta...
lta_convert successful.
 
 
Started at Fri Mar 13 07:54:19 CET 2026
Ended   at Fri Mar 13 07:55:46 CET 2026
talairach_avi done
