status file for recon-all
Fri Mar 13 09:23:08 CET 2026
#@# Tessellate lh Fri Mar 13 09:23:08 CET 2026
#@# Smooth1 lh Fri Mar 13 09:23:15 CET 2026
#@# Inflation1 lh Fri Mar 13 09:23:20 CET 2026
#@# QSphere lh Fri Mar 13 09:27:10 CET 2026
#@# Fix Topology lh Fri Mar 13 09:28:54 CET 2026
#@# Smooth2 lh Fri Mar 13 09:39:59 CET 2026
#@# Inflation2 lh Fri Mar 13 09:40:04 CET 2026
#@# Curv .H and .K lh Fri Mar 13 09:40:55 CET 2026
#@# Sphere lh Fri Mar 13 09:42:31 CET 2026
#@# Surf Reg lh Fri Mar 13 09:49:35 CET 2026
#@# Jacobian white lh Fri Mar 13 09:59:15 CET 2026
#@# AvgCurv lh Fri Mar 13 09:59:17 CET 2026
#@# Cortical Parc lh Fri Mar 13 09:59:19 CET 2026
#@# white curv lh Fri Mar 13 10:11:46 CET 2026
#@# white area lh Fri Mar 13 10:11:49 CET 2026
#@# pial curv lh Fri Mar 13 10:11:51 CET 2026
#@# pial area lh Fri Mar 13 10:11:54 CET 2026
#@# thickness lh Fri Mar 13 10:11:55 CET 2026
#@# area and vertex vol lh Fri Mar 13 10:12:53 CET 2026
#@# Curvature Stats lh Fri Mar 13 10:12:57 CET 2026
#@# Cortical Parc 2 lh Fri Mar 13 10:13:01 CET 2026
#@# Cortical Parc 3 lh Fri Mar 13 10:13:26 CET 2026
#@# WM/GM Contrast lh Fri Mar 13 10:13:43 CET 2026
recon-all -s sub-v2s5x29545_ses-1 finished without error at Fri Mar 13 10:13:49 CET 2026



#New# invocation of recon-all 



status file for recon-all
Fri Mar 13 11:23:23 CET 2026
#@# white curv lh Fri Mar 13 11:23:23 CET 2026
#@# white area lh Fri Mar 13 11:23:23 CET 2026
#@# pial curv lh Fri Mar 13 11:23:23 CET 2026
#@# pial area lh Fri Mar 13 11:23:23 CET 2026
#@# thickness lh Fri Mar 13 11:23:23 CET 2026
#@# area and vertex vol lh Fri Mar 13 11:23:23 CET 2026
#@# Parcellation Stats lh Fri Mar 13 11:23:23 CET 2026
#@# Parcellation Stats 2 lh Fri Mar 13 11:24:37 CET 2026
#@# Parcellation Stats 3 lh Fri Mar 13 11:25:15 CET 2026
#@# BA_exvivo Labels lh Fri Mar 13 11:25:54 CET 2026
recon-all -s sub-v2s5x29545_ses-1 finished without error at Fri Mar 13 11:30:40 CET 2026
