status file for recon-all
Fri Mar 13 06:49:07 CET 2026
#@# MotionCor Fri Mar 13 06:49:11 CET 2026
#@# Talairach Fri Mar 13 06:49:23 CET 2026
#@# Talairach Failure Detection Fri Mar 13 06:54:47 CET 2026
#@# Nu Intensity Correction Fri Mar 13 06:54:47 CET 2026
#@# Intensity Normalization Fri Mar 13 07:00:09 CET 2026
recon-all -s sub-v2s5x29545_ses-1 finished without error at Fri Mar 13 07:04:04 CET 2026



#New# invocation of recon-all 



status file for recon-all
Fri Mar 13 07:12:10 CET 2026
#@# EM Registration Fri Mar 13 07:12:10 CET 2026
recon-all -s sub-v2s5x29545_ses-1 finished without error at Fri Mar 13 07:13:46 CET 2026



#New# invocation of recon-all 



status file for recon-all
Fri Mar 13 07:13:48 CET 2026
#@# CA Normalize Fri Mar 13 07:13:48 CET 2026
#@# CA Reg Fri Mar 13 07:15:09 CET 2026
#@# SubCort Seg Fri Mar 13 08:04:52 CET 2026
#@# CC Seg Fri Mar 13 09:12:27 CET 2026
#@# Merge ASeg Fri Mar 13 09:13:03 CET 2026
#@# Intensity Normalization2 Fri Mar 13 09:13:03 CET 2026
#@# Mask BFS Fri Mar 13 09:17:01 CET 2026
#@# WM Segmentation Fri Mar 13 09:17:03 CET 2026
#@# Fill Fri Mar 13 09:21:52 CET 2026
recon-all -s sub-v2s5x29545_ses-1 finished without error at Fri Mar 13 09:23:04 CET 2026



#New# invocation of recon-all 



status file for recon-all
Fri Mar 13 11:04:07 CET 2026
#@# white curv lh Fri Mar 13 11:04:07 CET 2026
#@# white area lh Fri Mar 13 11:04:07 CET 2026
#@# pial curv lh Fri Mar 13 11:04:07 CET 2026
#@# pial area lh Fri Mar 13 11:04:07 CET 2026
#@# thickness lh Fri Mar 13 11:04:07 CET 2026
#@# area and vertex vol lh Fri Mar 13 11:04:07 CET 2026
#@# white curv rh Fri Mar 13 11:04:07 CET 2026
#@# white area rh Fri Mar 13 11:04:07 CET 2026
#@# pial curv rh Fri Mar 13 11:04:07 CET 2026
#@# pial area rh Fri Mar 13 11:04:07 CET 2026
#@# thickness rh Fri Mar 13 11:04:07 CET 2026
#@# area and vertex vol rh Fri Mar 13 11:04:07 CET 2026
#@# Cortical ribbon mask Fri Mar 13 11:04:07 CET 2026
recon-all -s sub-v2s5x29545_ses-1 finished without error at Fri Mar 13 11:23:19 CET 2026



#New# invocation of recon-all 



status file for recon-all
Fri Mar 13 11:38:06 CET 2026
#@# white curv lh Fri Mar 13 11:38:06 CET 2026
#@# white area lh Fri Mar 13 11:38:06 CET 2026
#@# pial curv lh Fri Mar 13 11:38:06 CET 2026
#@# pial area lh Fri Mar 13 11:38:06 CET 2026
#@# thickness lh Fri Mar 13 11:38:06 CET 2026
#@# area and vertex vol lh Fri Mar 13 11:38:06 CET 2026
#@# white curv rh Fri Mar 13 11:38:06 CET 2026
#@# white area rh Fri Mar 13 11:38:06 CET 2026
#@# pial curv rh Fri Mar 13 11:38:06 CET 2026
#@# pial area rh Fri Mar 13 11:38:06 CET 2026
#@# thickness rh Fri Mar 13 11:38:06 CET 2026
#@# area and vertex vol rh Fri Mar 13 11:38:06 CET 2026
#@# Curvature Stats lh Fri Mar 13 11:38:06 CET 2026
#@# Curvature Stats rh Fri Mar 13 11:38:11 CET 2026
#@# Relabel Hypointensities Fri Mar 13 11:38:16 CET 2026
#@# APas-to-ASeg Fri Mar 13 11:38:54 CET 2026
#@# AParc-to-ASeg aparc Fri Mar 13 11:39:12 CET 2026
#@# AParc-to-ASeg aparc.a2009s Fri Mar 13 11:41:55 CET 2026
#@# AParc-to-ASeg aparc.DKTatlas Fri Mar 13 11:44:31 CET 2026
#@# WMParc Fri Mar 13 11:47:07 CET 2026
#@# ASeg Stats Fri Mar 13 11:51:46 CET 2026
recon-all -s sub-v2s5x29545_ses-1 finished without error at Fri Mar 13 11:52:20 CET 2026
