status file for recon-all
Fri Mar 13 10:13:50 CET 2026
#@# Tessellate rh Fri Mar 13 10:13:50 CET 2026
#@# Smooth1 rh Fri Mar 13 10:13:56 CET 2026
#@# Inflation1 rh Fri Mar 13 10:14:01 CET 2026
#@# QSphere rh Fri Mar 13 10:17:12 CET 2026
#@# Fix Topology rh Fri Mar 13 10:19:03 CET 2026
#@# Smooth2 rh Fri Mar 13 10:29:22 CET 2026
#@# Inflation2 rh Fri Mar 13 10:29:28 CET 2026
#@# Curv .H and .K rh Fri Mar 13 10:30:29 CET 2026
#@# Sphere rh Fri Mar 13 10:32:02 CET 2026
#@# Surf Reg rh Fri Mar 13 10:38:53 CET 2026
#@# Jacobian white rh Fri Mar 13 10:50:21 CET 2026
#@# AvgCurv rh Fri Mar 13 10:50:23 CET 2026
#@# Cortical Parc rh Fri Mar 13 10:50:24 CET 2026
#@# white curv rh Fri Mar 13 11:02:01 CET 2026
#@# white area rh Fri Mar 13 11:02:05 CET 2026
#@# pial curv rh Fri Mar 13 11:02:06 CET 2026
#@# pial area rh Fri Mar 13 11:02:09 CET 2026
#@# thickness rh Fri Mar 13 11:02:11 CET 2026
#@# area and vertex vol rh Fri Mar 13 11:03:06 CET 2026
#@# Curvature Stats rh Fri Mar 13 11:03:09 CET 2026
#@# Cortical Parc 2 rh Fri Mar 13 11:03:14 CET 2026
#@# Cortical Parc 3 rh Fri Mar 13 11:03:38 CET 2026
#@# WM/GM Contrast rh Fri Mar 13 11:03:56 CET 2026
recon-all -s sub-v2s5x29545_ses-1 finished without error at Fri Mar 13 11:04:02 CET 2026



#New# invocation of recon-all 



status file for recon-all
Fri Mar 13 11:30:41 CET 2026
#@# white curv rh Fri Mar 13 11:30:41 CET 2026
#@# white area rh Fri Mar 13 11:30:41 CET 2026
#@# pial curv rh Fri Mar 13 11:30:41 CET 2026
#@# pial area rh Fri Mar 13 11:30:41 CET 2026
#@# thickness rh Fri Mar 13 11:30:41 CET 2026
#@# area and vertex vol rh Fri Mar 13 11:30:41 CET 2026
#@# Parcellation Stats rh Fri Mar 13 11:30:41 CET 2026
#@# Parcellation Stats 2 rh Fri Mar 13 11:32:01 CET 2026
#@# Parcellation Stats 3 rh Fri Mar 13 11:32:37 CET 2026
#@# BA_exvivo Labels rh Fri Mar 13 11:33:14 CET 2026
recon-all -s sub-v2s5x29545_ses-1 finished without error at Fri Mar 13 11:38:01 CET 2026
