Log file for defect2seg
Fri Mar 13 12:01:40 CET 2026

setenv SUBJECTS_DIR /out/sourcedata/freesurfer
cd /out/sourcedata/freesurfer/sub-v2s5x29572_ses-1/scripts
/opt/freesurfer/bin/defect2seg --s sub-v2s5x29572_ses-1 --rh-only --cortex

freesurfer-linux-ubuntu22_x86_64-7.3.2-20220804-6354275
defect2seg 7.3.2
Linux dna061 5.14.0-427.37.1.el9_4.x86_64 #1 SMP PREEMPT_DYNAMIC Fri Sep 13 12:41:50 EDT 2024 x86_64 x86_64 x86_64 GNU/Linux
pid 246971
mri_label2label --label-cortex /out/sourcedata/freesurfer/sub-v2s5x29572_ses-1/surf/rh.orig.nofix /out/sourcedata/freesurfer/sub-v2s5x29572_ses-1/mri/aseg.presurf.mgz 0 /out/sourcedata/freesurfer/sub-v2s5x29572_ses-1/label/rh.nofix.cortex.label

 Generating cortex label... RemoveHipAmgy=0
 NucAccIsMedialWall=0
 mris->useRealRAS=0
41 non-cortical segments detected
only using segment with 14327 vertices
erasing segment 0 (vno[0] = 10416)
erasing segment 1 (vno[0] = 12092)
erasing segment 2 (vno[0] = 44623)
erasing segment 3 (vno[0] = 47749)
erasing segment 4 (vno[0] = 84198)
erasing segment 5 (vno[0] = 85939)
erasing segment 6 (vno[0] = 92342)
erasing segment 7 (vno[0] = 103280)
erasing segment 9 (vno[0] = 122902)
erasing segment 10 (vno[0] = 127915)
erasing segment 11 (vno[0] = 175597)
erasing segment 12 (vno[0] = 184166)
erasing segment 13 (vno[0] = 191192)
erasing segment 14 (vno[0] = 194209)
erasing segment 15 (vno[0] = 194235)
erasing segment 16 (vno[0] = 198064)
erasing segment 17 (vno[0] = 203555)
erasing segment 18 (vno[0] = 204921)
erasing segment 19 (vno[0] = 204922)
erasing segment 20 (vno[0] = 204935)
erasing segment 21 (vno[0] = 205019)
erasing segment 22 (vno[0] = 207623)
erasing segment 23 (vno[0] = 207688)
erasing segment 24 (vno[0] = 207845)
erasing segment 25 (vno[0] = 209016)
erasing segment 26 (vno[0] = 210285)
erasing segment 27 (vno[0] = 210322)
erasing segment 28 (vno[0] = 211573)
erasing segment 29 (vno[0] = 211712)
erasing segment 30 (vno[0] = 212820)
erasing segment 31 (vno[0] = 212834)
erasing segment 32 (vno[0] = 214098)
erasing segment 33 (vno[0] = 216412)
erasing segment 34 (vno[0] = 216530)
erasing segment 35 (vno[0] = 222368)
erasing segment 36 (vno[0] = 224768)
erasing segment 37 (vno[0] = 225934)
erasing segment 38 (vno[0] = 236115)
erasing segment 39 (vno[0] = 260336)
erasing segment 40 (vno[0] = 263276)
mri_label2vol --defects /out/sourcedata/freesurfer/sub-v2s5x29572_ses-1/surf/rh.orig.nofix /out/sourcedata/freesurfer/sub-v2s5x29572_ses-1/surf/rh.defect_labels /out/sourcedata/freesurfer/sub-v2s5x29572_ses-1/mri/orig.mgz 2000 0 /out/sourcedata/freesurfer/sub-v2s5x29572_ses-1/mri/rh.surface.defects.mgz /out/sourcedata/freesurfer/sub-v2s5x29572_ses-1/label/rh.nofix.cortex.label
mri_label2vol supposed to be reproducible but seed not set
Contraining to label /out/sourcedata/freesurfer/sub-v2s5x29572_ses-1/label/rh.nofix.cortex.label
Changing input type 0 to MRI_INT
Converting defects to volume: offset=2000, merge=0
Writing to /out/sourcedata/freesurfer/sub-v2s5x29572_ses-1/mri/rh.surface.defects.mgz
mris_defects_pointset -s /out/sourcedata/freesurfer/sub-v2s5x29572_ses-1/surf/rh.orig.nofix -d /out/sourcedata/freesurfer/sub-v2s5x29572_ses-1/surf/rh.defect_labels -o /out/sourcedata/freesurfer/sub-v2s5x29572_ses-1/surf/rh.defects.pointset --label /out/sourcedata/freesurfer/sub-v2s5x29572_ses-1/label/rh.nofix.cortex.label
Reading in surface /out/sourcedata/freesurfer/sub-v2s5x29572_ses-1/surf/rh.orig.nofix
Reading in defect segmentation /out/sourcedata/freesurfer/sub-v2s5x29572_ses-1/surf/rh.defect_labels
Reading in label /out/sourcedata/freesurfer/sub-v2s5x29572_ses-1/label/rh.nofix.cortex.label
#VMPC# mris_defects_pointset 1412760
mris_defects_pointset done
 
Started at Fri Mar 13 12:01:40 CET 2026 
Ended   at Fri Mar 13 12:02:14 CET 2026
Defect2seg-Run-Time-Sec 34
Defect2seg-Run-Time-Min 0.68
Defect2seg-Run-Time-Hours 0.01
 
defect2seg Done
