status file for recon-all
Fri Mar 13 11:55:07 CET 2026
#@# Tessellate rh Fri Mar 13 11:55:07 CET 2026
#@# Smooth1 rh Fri Mar 13 11:55:15 CET 2026
#@# Inflation1 rh Fri Mar 13 11:55:20 CET 2026
#@# QSphere rh Fri Mar 13 11:57:40 CET 2026
#@# Fix Topology rh Fri Mar 13 11:59:32 CET 2026
#@# Smooth2 rh Fri Mar 13 12:09:18 CET 2026
#@# Inflation2 rh Fri Mar 13 12:09:24 CET 2026
#@# Curv .H and .K rh Fri Mar 13 12:10:02 CET 2026
#@# Sphere rh Fri Mar 13 12:11:38 CET 2026
#@# Surf Reg rh Fri Mar 13 12:23:02 CET 2026
#@# Jacobian white rh Fri Mar 13 12:33:56 CET 2026
#@# AvgCurv rh Fri Mar 13 12:33:58 CET 2026
#@# Cortical Parc rh Fri Mar 13 12:33:59 CET 2026
#@# white curv rh Fri Mar 13 12:45:08 CET 2026
#@# white area rh Fri Mar 13 12:45:11 CET 2026
#@# pial curv rh Fri Mar 13 12:45:12 CET 2026
#@# pial area rh Fri Mar 13 12:45:16 CET 2026
#@# thickness rh Fri Mar 13 12:45:17 CET 2026
#@# area and vertex vol rh Fri Mar 13 12:46:18 CET 2026
#@# Curvature Stats rh Fri Mar 13 12:46:21 CET 2026
#@# Cortical Parc 2 rh Fri Mar 13 12:46:26 CET 2026
#@# Cortical Parc 3 rh Fri Mar 13 12:46:54 CET 2026
#@# WM/GM Contrast rh Fri Mar 13 12:47:14 CET 2026
recon-all -s sub-v2s5x29572_ses-1 finished without error at Fri Mar 13 12:47:24 CET 2026



#New# invocation of recon-all 



status file for recon-all
Fri Mar 13 13:11:18 CET 2026
#@# white curv rh Fri Mar 13 13:11:18 CET 2026
#@# white area rh Fri Mar 13 13:11:18 CET 2026
#@# pial curv rh Fri Mar 13 13:11:18 CET 2026
#@# pial area rh Fri Mar 13 13:11:18 CET 2026
#@# thickness rh Fri Mar 13 13:11:18 CET 2026
#@# area and vertex vol rh Fri Mar 13 13:11:18 CET 2026
#@# Parcellation Stats rh Fri Mar 13 13:11:18 CET 2026
#@# Parcellation Stats 2 rh Fri Mar 13 13:12:18 CET 2026
#@# Parcellation Stats 3 rh Fri Mar 13 13:12:50 CET 2026
#@# BA_exvivo Labels rh Fri Mar 13 13:13:21 CET 2026
recon-all -s sub-v2s5x29572_ses-1 finished without error at Fri Mar 13 13:18:22 CET 2026
