status file for recon-all
Fri Mar 13 08:05:13 CET 2026
#@# MotionCor Fri Mar 13 08:05:20 CET 2026
#@# Talairach Fri Mar 13 08:05:38 CET 2026
#@# Talairach Failure Detection Fri Mar 13 08:12:53 CET 2026
#@# Nu Intensity Correction Fri Mar 13 08:12:53 CET 2026
#@# Intensity Normalization Fri Mar 13 08:19:19 CET 2026
recon-all -s sub-v2s5x29572_ses-1 finished without error at Fri Mar 13 08:29:39 CET 2026



#New# invocation of recon-all 



status file for recon-all
Fri Mar 13 08:40:09 CET 2026
#@# EM Registration Fri Mar 13 08:40:09 CET 2026
recon-all -s sub-v2s5x29572_ses-1 finished without error at Fri Mar 13 08:41:56 CET 2026



#New# invocation of recon-all 



status file for recon-all
Fri Mar 13 08:41:59 CET 2026
#@# CA Normalize Fri Mar 13 08:41:59 CET 2026
#@# CA Reg Fri Mar 13 08:43:55 CET 2026
#@# SubCort Seg Fri Mar 13 09:29:16 CET 2026
#@# CC Seg Fri Mar 13 10:59:45 CET 2026
#@# Merge ASeg Fri Mar 13 11:00:59 CET 2026
#@# Intensity Normalization2 Fri Mar 13 11:00:59 CET 2026
#@# Mask BFS Fri Mar 13 11:06:25 CET 2026
#@# WM Segmentation Fri Mar 13 11:06:26 CET 2026
#@# Fill Fri Mar 13 11:12:35 CET 2026
recon-all -s sub-v2s5x29572_ses-1 finished without error at Fri Mar 13 11:14:27 CET 2026



#New# invocation of recon-all 



status file for recon-all
Fri Mar 13 12:47:29 CET 2026
#@# white curv lh Fri Mar 13 12:47:29 CET 2026
#@# white area lh Fri Mar 13 12:47:29 CET 2026
#@# pial curv lh Fri Mar 13 12:47:29 CET 2026
#@# pial area lh Fri Mar 13 12:47:29 CET 2026
#@# thickness lh Fri Mar 13 12:47:30 CET 2026
#@# area and vertex vol lh Fri Mar 13 12:47:30 CET 2026
#@# white curv rh Fri Mar 13 12:47:30 CET 2026
#@# white area rh Fri Mar 13 12:47:30 CET 2026
#@# pial curv rh Fri Mar 13 12:47:30 CET 2026
#@# pial area rh Fri Mar 13 12:47:30 CET 2026
#@# thickness rh Fri Mar 13 12:47:30 CET 2026
#@# area and vertex vol rh Fri Mar 13 12:47:30 CET 2026
#@# Cortical ribbon mask Fri Mar 13 12:47:30 CET 2026
recon-all -s sub-v2s5x29572_ses-1 finished without error at Fri Mar 13 13:04:26 CET 2026



#New# invocation of recon-all 



status file for recon-all
Fri Mar 13 13:18:26 CET 2026
#@# white curv lh Fri Mar 13 13:18:26 CET 2026
#@# white area lh Fri Mar 13 13:18:26 CET 2026
#@# pial curv lh Fri Mar 13 13:18:26 CET 2026
#@# pial area lh Fri Mar 13 13:18:26 CET 2026
#@# thickness lh Fri Mar 13 13:18:26 CET 2026
#@# area and vertex vol lh Fri Mar 13 13:18:26 CET 2026
#@# white curv rh Fri Mar 13 13:18:26 CET 2026
#@# white area rh Fri Mar 13 13:18:26 CET 2026
#@# pial curv rh Fri Mar 13 13:18:26 CET 2026
#@# pial area rh Fri Mar 13 13:18:26 CET 2026
#@# thickness rh Fri Mar 13 13:18:26 CET 2026
#@# area and vertex vol rh Fri Mar 13 13:18:26 CET 2026
#@# Curvature Stats lh Fri Mar 13 13:18:26 CET 2026
#@# Curvature Stats rh Fri Mar 13 13:18:31 CET 2026
#@# Relabel Hypointensities Fri Mar 13 13:18:38 CET 2026
#@# APas-to-ASeg Fri Mar 13 13:19:19 CET 2026
#@# AParc-to-ASeg aparc Fri Mar 13 13:19:39 CET 2026
#@# AParc-to-ASeg aparc.a2009s Fri Mar 13 13:21:53 CET 2026
#@# AParc-to-ASeg aparc.DKTatlas Fri Mar 13 13:24:07 CET 2026
#@# WMParc Fri Mar 13 13:26:11 CET 2026
#@# ASeg Stats Fri Mar 13 13:33:59 CET 2026
recon-all -s sub-v2s5x29572_ses-1 finished without error at Fri Mar 13 13:35:01 CET 2026
