Log file for defect2seg
Sat Mar 14 14:18:27 CET 2026

setenv SUBJECTS_DIR /out/sourcedata/freesurfer
cd /out/sourcedata/freesurfer/sub-v2s5x29576_ses-1/scripts
/opt/freesurfer/bin/defect2seg --s sub-v2s5x29576_ses-1 --rh-only --cortex

freesurfer-linux-ubuntu22_x86_64-7.3.2-20220804-6354275
defect2seg 7.3.2
Linux dna066 5.14.0-427.37.1.el9_4.x86_64 #1 SMP PREEMPT_DYNAMIC Fri Sep 13 12:41:50 EDT 2024 x86_64 x86_64 x86_64 GNU/Linux
pid 3817335
mri_label2label --label-cortex /out/sourcedata/freesurfer/sub-v2s5x29576_ses-1/surf/rh.orig.nofix /out/sourcedata/freesurfer/sub-v2s5x29576_ses-1/mri/aseg.presurf.mgz 0 /out/sourcedata/freesurfer/sub-v2s5x29576_ses-1/label/rh.nofix.cortex.label

 Generating cortex label... RemoveHipAmgy=0
 NucAccIsMedialWall=0
 mris->useRealRAS=0
62 non-cortical segments detected
only using segment with 10221 vertices
erasing segment 0 (vno[0] = 70444)
erasing segment 2 (vno[0] = 174567)
erasing segment 3 (vno[0] = 178050)
erasing segment 4 (vno[0] = 185090)
erasing segment 5 (vno[0] = 187827)
erasing segment 6 (vno[0] = 188666)
erasing segment 7 (vno[0] = 189500)
erasing segment 8 (vno[0] = 189538)
erasing segment 9 (vno[0] = 192963)
erasing segment 10 (vno[0] = 194683)
erasing segment 11 (vno[0] = 195371)
erasing segment 12 (vno[0] = 205190)
erasing segment 13 (vno[0] = 212433)
erasing segment 14 (vno[0] = 213379)
erasing segment 15 (vno[0] = 215135)
erasing segment 16 (vno[0] = 216065)
erasing segment 17 (vno[0] = 220149)
erasing segment 18 (vno[0] = 221830)
erasing segment 19 (vno[0] = 225375)
erasing segment 20 (vno[0] = 228855)
erasing segment 21 (vno[0] = 230617)
erasing segment 22 (vno[0] = 230665)
erasing segment 23 (vno[0] = 237703)
erasing segment 24 (vno[0] = 240823)
erasing segment 25 (vno[0] = 241068)
erasing segment 26 (vno[0] = 247568)
erasing segment 27 (vno[0] = 251017)
erasing segment 28 (vno[0] = 251178)
erasing segment 29 (vno[0] = 252812)
erasing segment 30 (vno[0] = 256305)
erasing segment 31 (vno[0] = 259610)
erasing segment 32 (vno[0] = 259711)
erasing segment 33 (vno[0] = 261642)
erasing segment 34 (vno[0] = 266130)
erasing segment 35 (vno[0] = 268878)
erasing segment 36 (vno[0] = 268893)
erasing segment 37 (vno[0] = 270287)
erasing segment 38 (vno[0] = 278788)
erasing segment 39 (vno[0] = 278945)
erasing segment 40 (vno[0] = 281424)
erasing segment 41 (vno[0] = 281741)
erasing segment 42 (vno[0] = 281848)
erasing segment 43 (vno[0] = 284490)
erasing segment 44 (vno[0] = 288788)
erasing segment 45 (vno[0] = 289969)
erasing segment 46 (vno[0] = 291549)
erasing segment 47 (vno[0] = 291643)
erasing segment 48 (vno[0] = 299550)
erasing segment 49 (vno[0] = 314384)
erasing segment 50 (vno[0] = 315413)
erasing segment 51 (vno[0] = 316950)
erasing segment 52 (vno[0] = 324902)
erasing segment 53 (vno[0] = 328478)
erasing segment 54 (vno[0] = 332683)
erasing segment 55 (vno[0] = 335307)
erasing segment 56 (vno[0] = 336154)
erasing segment 57 (vno[0] = 340067)
erasing segment 58 (vno[0] = 343015)
erasing segment 59 (vno[0] = 343790)
erasing segment 60 (vno[0] = 343824)
erasing segment 61 (vno[0] = 344343)
mri_label2vol --defects /out/sourcedata/freesurfer/sub-v2s5x29576_ses-1/surf/rh.orig.nofix /out/sourcedata/freesurfer/sub-v2s5x29576_ses-1/surf/rh.defect_labels /out/sourcedata/freesurfer/sub-v2s5x29576_ses-1/mri/orig.mgz 2000 0 /out/sourcedata/freesurfer/sub-v2s5x29576_ses-1/mri/rh.surface.defects.mgz /out/sourcedata/freesurfer/sub-v2s5x29576_ses-1/label/rh.nofix.cortex.label
mri_label2vol supposed to be reproducible but seed not set
Contraining to label /out/sourcedata/freesurfer/sub-v2s5x29576_ses-1/label/rh.nofix.cortex.label
Changing input type 0 to MRI_INT
Converting defects to volume: offset=2000, merge=0
Writing to /out/sourcedata/freesurfer/sub-v2s5x29576_ses-1/mri/rh.surface.defects.mgz
mris_defects_pointset -s /out/sourcedata/freesurfer/sub-v2s5x29576_ses-1/surf/rh.orig.nofix -d /out/sourcedata/freesurfer/sub-v2s5x29576_ses-1/surf/rh.defect_labels -o /out/sourcedata/freesurfer/sub-v2s5x29576_ses-1/surf/rh.defects.pointset --label /out/sourcedata/freesurfer/sub-v2s5x29576_ses-1/label/rh.nofix.cortex.label
Reading in surface /out/sourcedata/freesurfer/sub-v2s5x29576_ses-1/surf/rh.orig.nofix
Reading in defect segmentation /out/sourcedata/freesurfer/sub-v2s5x29576_ses-1/surf/rh.defect_labels
Reading in label /out/sourcedata/freesurfer/sub-v2s5x29576_ses-1/label/rh.nofix.cortex.label
#VMPC# mris_defects_pointset 1706944
mris_defects_pointset done
 
Started at Sat Mar 14 14:18:27 CET 2026 
Ended   at Sat Mar 14 14:18:56 CET 2026
Defect2seg-Run-Time-Sec 29
Defect2seg-Run-Time-Min 0.58
Defect2seg-Run-Time-Hours 0.01
 
defect2seg Done
