status file for recon-all
Sat Mar 14 13:42:15 CET 2026
#@# Tessellate rh Sat Mar 14 13:42:15 CET 2026
#@# Smooth1 rh Sat Mar 14 13:42:21 CET 2026
#@# Inflation1 rh Sat Mar 14 13:42:26 CET 2026
#@# QSphere rh Sat Mar 14 13:44:27 CET 2026
#@# Fix Topology rh Sat Mar 14 13:45:45 CET 2026
#@# Smooth2 rh Sat Mar 14 14:28:53 CET 2026
#@# Inflation2 rh Sat Mar 14 14:28:58 CET 2026
#@# Curv .H and .K rh Sat Mar 14 14:29:59 CET 2026
#@# Sphere rh Sat Mar 14 14:31:27 CET 2026
#@# Surf Reg rh Sat Mar 14 14:40:05 CET 2026
#@# Jacobian white rh Sat Mar 14 14:50:37 CET 2026
#@# AvgCurv rh Sat Mar 14 14:50:39 CET 2026
#@# Cortical Parc rh Sat Mar 14 14:50:40 CET 2026
#@# white curv rh Sat Mar 14 14:59:07 CET 2026
#@# white area rh Sat Mar 14 14:59:10 CET 2026
#@# pial curv rh Sat Mar 14 14:59:11 CET 2026
#@# pial area rh Sat Mar 14 14:59:14 CET 2026
#@# thickness rh Sat Mar 14 14:59:15 CET 2026
#@# area and vertex vol rh Sat Mar 14 15:00:08 CET 2026
#@# Curvature Stats rh Sat Mar 14 15:00:10 CET 2026
#@# Cortical Parc 2 rh Sat Mar 14 15:00:14 CET 2026
#@# Cortical Parc 3 rh Sat Mar 14 15:00:36 CET 2026
#@# WM/GM Contrast rh Sat Mar 14 15:00:53 CET 2026
recon-all -s sub-v2s5x29576_ses-1 finished without error at Sat Mar 14 15:00:58 CET 2026



#New# invocation of recon-all 



status file for recon-all
Sat Mar 14 15:24:42 CET 2026
#@# white curv rh Sat Mar 14 15:24:42 CET 2026
#@# white area rh Sat Mar 14 15:24:42 CET 2026
#@# pial curv rh Sat Mar 14 15:24:42 CET 2026
#@# pial area rh Sat Mar 14 15:24:42 CET 2026
#@# thickness rh Sat Mar 14 15:24:42 CET 2026
#@# area and vertex vol rh Sat Mar 14 15:24:42 CET 2026
#@# Parcellation Stats rh Sat Mar 14 15:24:42 CET 2026
#@# Parcellation Stats 2 rh Sat Mar 14 15:25:46 CET 2026
#@# Parcellation Stats 3 rh Sat Mar 14 15:26:19 CET 2026
#@# BA_exvivo Labels rh Sat Mar 14 15:26:52 CET 2026
recon-all -s sub-v2s5x29576_ses-1 finished without error at Sat Mar 14 15:30:51 CET 2026
