status file for recon-all
Fri Mar 13 11:37:55 CET 2026
#@# Tessellate lh Fri Mar 13 11:37:55 CET 2026
#@# Smooth1 lh Fri Mar 13 11:38:03 CET 2026
#@# Inflation1 lh Fri Mar 13 11:38:09 CET 2026
#@# QSphere lh Fri Mar 13 11:41:08 CET 2026
#@# Fix Topology lh Fri Mar 13 11:43:20 CET 2026
#@# Smooth2 lh Fri Mar 13 11:58:26 CET 2026
#@# Inflation2 lh Fri Mar 13 11:58:32 CET 2026
#@# Curv .H and .K lh Fri Mar 13 11:59:17 CET 2026
#@# Sphere lh Fri Mar 13 12:01:04 CET 2026
#@# Surf Reg lh Fri Mar 13 12:08:01 CET 2026
#@# Jacobian white lh Fri Mar 13 12:18:38 CET 2026
#@# AvgCurv lh Fri Mar 13 12:18:40 CET 2026
#@# Cortical Parc lh Fri Mar 13 12:18:42 CET 2026
#@# white curv lh Fri Mar 13 12:31:23 CET 2026
#@# white area lh Fri Mar 13 12:31:27 CET 2026
#@# pial curv lh Fri Mar 13 12:31:29 CET 2026
#@# pial area lh Fri Mar 13 12:31:33 CET 2026
#@# thickness lh Fri Mar 13 12:31:35 CET 2026
#@# area and vertex vol lh Fri Mar 13 12:32:44 CET 2026
#@# Curvature Stats lh Fri Mar 13 12:32:48 CET 2026
#@# Cortical Parc 2 lh Fri Mar 13 12:32:53 CET 2026
#@# Cortical Parc 3 lh Fri Mar 13 12:33:22 CET 2026
#@# WM/GM Contrast lh Fri Mar 13 12:33:43 CET 2026
recon-all -s sub-v2s5x29575_ses-1 finished without error at Fri Mar 13 12:33:54 CET 2026



#New# invocation of recon-all 



status file for recon-all
Fri Mar 13 13:53:03 CET 2026
#@# white curv lh Fri Mar 13 13:53:03 CET 2026
#@# white area lh Fri Mar 13 13:53:03 CET 2026
#@# pial curv lh Fri Mar 13 13:53:03 CET 2026
#@# pial area lh Fri Mar 13 13:53:03 CET 2026
#@# thickness lh Fri Mar 13 13:53:04 CET 2026
#@# area and vertex vol lh Fri Mar 13 13:53:04 CET 2026
#@# Parcellation Stats lh Fri Mar 13 13:53:04 CET 2026
#@# Parcellation Stats 2 lh Fri Mar 13 13:54:19 CET 2026
#@# Parcellation Stats 3 lh Fri Mar 13 13:54:59 CET 2026
#@# BA_exvivo Labels lh Fri Mar 13 13:55:37 CET 2026
recon-all -s sub-v2s5x29575_ses-1 finished without error at Fri Mar 13 14:01:07 CET 2026
