status file for recon-all
Fri Mar 13 09:28:44 CET 2026
#@# Tessellate lh Fri Mar 13 09:28:44 CET 2026
#@# Smooth1 lh Fri Mar 13 09:28:52 CET 2026
#@# Inflation1 lh Fri Mar 13 09:28:57 CET 2026
#@# QSphere lh Fri Mar 13 09:31:41 CET 2026
#@# Fix Topology lh Fri Mar 13 09:33:51 CET 2026
#@# Smooth2 lh Fri Mar 13 09:44:26 CET 2026
#@# Inflation2 lh Fri Mar 13 09:44:33 CET 2026
#@# Curv .H and .K lh Fri Mar 13 09:45:20 CET 2026
#@# Sphere lh Fri Mar 13 09:46:57 CET 2026
#@# Surf Reg lh Fri Mar 13 09:55:03 CET 2026
#@# Jacobian white lh Fri Mar 13 10:08:18 CET 2026
#@# AvgCurv lh Fri Mar 13 10:08:20 CET 2026
#@# Cortical Parc lh Fri Mar 13 10:08:22 CET 2026
#@# white curv lh Fri Mar 13 10:20:18 CET 2026
#@# white area lh Fri Mar 13 10:20:22 CET 2026
#@# pial curv lh Fri Mar 13 10:20:23 CET 2026
#@# pial area lh Fri Mar 13 10:20:27 CET 2026
#@# thickness lh Fri Mar 13 10:20:29 CET 2026
#@# area and vertex vol lh Fri Mar 13 10:21:37 CET 2026
#@# Curvature Stats lh Fri Mar 13 10:21:40 CET 2026
#@# Cortical Parc 2 lh Fri Mar 13 10:21:45 CET 2026
#@# Cortical Parc 3 lh Fri Mar 13 10:22:12 CET 2026
#@# WM/GM Contrast lh Fri Mar 13 10:22:34 CET 2026
recon-all -s sub-v2s5x29539_ses-1 finished without error at Fri Mar 13 10:22:45 CET 2026



#New# invocation of recon-all 



status file for recon-all
Fri Mar 13 11:39:43 CET 2026
#@# white curv lh Fri Mar 13 11:39:43 CET 2026
#@# white area lh Fri Mar 13 11:39:43 CET 2026
#@# pial curv lh Fri Mar 13 11:39:43 CET 2026
#@# pial area lh Fri Mar 13 11:39:43 CET 2026
#@# thickness lh Fri Mar 13 11:39:43 CET 2026
#@# area and vertex vol lh Fri Mar 13 11:39:43 CET 2026
#@# Parcellation Stats lh Fri Mar 13 11:39:43 CET 2026
#@# Parcellation Stats 2 lh Fri Mar 13 11:40:47 CET 2026
#@# Parcellation Stats 3 lh Fri Mar 13 11:41:20 CET 2026
#@# BA_exvivo Labels lh Fri Mar 13 11:41:52 CET 2026
recon-all -s sub-v2s5x29539_ses-1 finished without error at Fri Mar 13 11:46:59 CET 2026
