status file for recon-all
Fri Mar 13 06:35:33 CET 2026
#@# MotionCor Fri Mar 13 06:35:38 CET 2026
#@# Talairach Fri Mar 13 06:35:55 CET 2026
#@# Talairach Failure Detection Fri Mar 13 06:43:01 CET 2026
#@# Nu Intensity Correction Fri Mar 13 06:43:01 CET 2026
#@# Intensity Normalization Fri Mar 13 06:49:20 CET 2026
recon-all -s sub-v2s5x29539_ses-1 finished without error at Fri Mar 13 06:54:51 CET 2026



#New# invocation of recon-all 



status file for recon-all
Fri Mar 13 07:04:44 CET 2026
#@# EM Registration Fri Mar 13 07:04:44 CET 2026
recon-all -s sub-v2s5x29539_ses-1 finished without error at Fri Mar 13 07:07:14 CET 2026



#New# invocation of recon-all 



status file for recon-all
Fri Mar 13 07:07:16 CET 2026
#@# CA Normalize Fri Mar 13 07:07:16 CET 2026
#@# CA Reg Fri Mar 13 07:09:12 CET 2026
#@# SubCort Seg Fri Mar 13 07:57:32 CET 2026
#@# CC Seg Fri Mar 13 09:15:34 CET 2026
#@# Merge ASeg Fri Mar 13 09:16:31 CET 2026
#@# Intensity Normalization2 Fri Mar 13 09:16:31 CET 2026
#@# Mask BFS Fri Mar 13 09:21:22 CET 2026
#@# WM Segmentation Fri Mar 13 09:21:23 CET 2026
#@# Fill Fri Mar 13 09:26:48 CET 2026
recon-all -s sub-v2s5x29539_ses-1 finished without error at Fri Mar 13 09:28:40 CET 2026



#New# invocation of recon-all 



status file for recon-all
Fri Mar 13 11:13:10 CET 2026
#@# white curv lh Fri Mar 13 11:13:11 CET 2026
#@# white area lh Fri Mar 13 11:13:11 CET 2026
#@# pial curv lh Fri Mar 13 11:13:11 CET 2026
#@# pial area lh Fri Mar 13 11:13:11 CET 2026
#@# thickness lh Fri Mar 13 11:13:11 CET 2026
#@# area and vertex vol lh Fri Mar 13 11:13:11 CET 2026
#@# white curv rh Fri Mar 13 11:13:11 CET 2026
#@# white area rh Fri Mar 13 11:13:11 CET 2026
#@# pial curv rh Fri Mar 13 11:13:11 CET 2026
#@# pial area rh Fri Mar 13 11:13:11 CET 2026
#@# thickness rh Fri Mar 13 11:13:11 CET 2026
#@# area and vertex vol rh Fri Mar 13 11:13:11 CET 2026
#@# Cortical ribbon mask Fri Mar 13 11:13:11 CET 2026
recon-all -s sub-v2s5x29539_ses-1 finished without error at Fri Mar 13 11:39:36 CET 2026



#New# invocation of recon-all 



status file for recon-all
Fri Mar 13 11:54:25 CET 2026
#@# white curv lh Fri Mar 13 11:54:25 CET 2026
#@# white area lh Fri Mar 13 11:54:25 CET 2026
#@# pial curv lh Fri Mar 13 11:54:25 CET 2026
#@# pial area lh Fri Mar 13 11:54:25 CET 2026
#@# thickness lh Fri Mar 13 11:54:25 CET 2026
#@# area and vertex vol lh Fri Mar 13 11:54:25 CET 2026
#@# white curv rh Fri Mar 13 11:54:25 CET 2026
#@# white area rh Fri Mar 13 11:54:25 CET 2026
#@# pial curv rh Fri Mar 13 11:54:25 CET 2026
#@# pial area rh Fri Mar 13 11:54:25 CET 2026
#@# thickness rh Fri Mar 13 11:54:25 CET 2026
#@# area and vertex vol rh Fri Mar 13 11:54:25 CET 2026
#@# Curvature Stats lh Fri Mar 13 11:54:25 CET 2026
#@# Curvature Stats rh Fri Mar 13 11:54:30 CET 2026
#@# Relabel Hypointensities Fri Mar 13 11:54:35 CET 2026
#@# APas-to-ASeg Fri Mar 13 11:55:18 CET 2026
#@# AParc-to-ASeg aparc Fri Mar 13 11:55:39 CET 2026
#@# AParc-to-ASeg aparc.a2009s Fri Mar 13 11:58:19 CET 2026
#@# AParc-to-ASeg aparc.DKTatlas Fri Mar 13 12:00:50 CET 2026
#@# WMParc Fri Mar 13 12:03:36 CET 2026
#@# ASeg Stats Fri Mar 13 12:09:57 CET 2026
recon-all -s sub-v2s5x29539_ses-1 finished without error at Fri Mar 13 12:10:59 CET 2026
