status file for recon-all
Fri Mar 13 10:36:24 CET 2026
#@# Tessellate lh Fri Mar 13 10:36:24 CET 2026
#@# Smooth1 lh Fri Mar 13 10:36:29 CET 2026
#@# Inflation1 lh Fri Mar 13 10:36:33 CET 2026
#@# QSphere lh Fri Mar 13 10:38:26 CET 2026
#@# Fix Topology lh Fri Mar 13 10:39:42 CET 2026
#@# Smooth2 lh Fri Mar 13 10:48:40 CET 2026
#@# Inflation2 lh Fri Mar 13 10:48:44 CET 2026
#@# Curv .H and .K lh Fri Mar 13 10:49:10 CET 2026
#@# Sphere lh Fri Mar 13 10:50:32 CET 2026
#@# Surf Reg lh Fri Mar 13 10:55:12 CET 2026
#@# Jacobian white lh Fri Mar 13 11:01:13 CET 2026
#@# AvgCurv lh Fri Mar 13 11:01:14 CET 2026
#@# Cortical Parc lh Fri Mar 13 11:01:15 CET 2026
#@# white curv lh Fri Mar 13 11:11:06 CET 2026
#@# white area lh Fri Mar 13 11:11:09 CET 2026
#@# pial curv lh Fri Mar 13 11:11:10 CET 2026
#@# pial area lh Fri Mar 13 11:11:12 CET 2026
#@# thickness lh Fri Mar 13 11:11:13 CET 2026
#@# area and vertex vol lh Fri Mar 13 11:12:01 CET 2026
#@# Curvature Stats lh Fri Mar 13 11:12:03 CET 2026
#@# Cortical Parc 2 lh Fri Mar 13 11:12:07 CET 2026
#@# Cortical Parc 3 lh Fri Mar 13 11:12:27 CET 2026
#@# WM/GM Contrast lh Fri Mar 13 11:12:42 CET 2026
recon-all -s sub-v2s5x29577_ses-1 finished without error at Fri Mar 13 11:12:47 CET 2026



#New# invocation of recon-all 



status file for recon-all
Fri Mar 13 12:03:36 CET 2026
#@# white curv lh Fri Mar 13 12:03:36 CET 2026
#@# white area lh Fri Mar 13 12:03:36 CET 2026
#@# pial curv lh Fri Mar 13 12:03:36 CET 2026
#@# pial area lh Fri Mar 13 12:03:36 CET 2026
#@# thickness lh Fri Mar 13 12:03:36 CET 2026
#@# area and vertex vol lh Fri Mar 13 12:03:36 CET 2026
#@# Parcellation Stats lh Fri Mar 13 12:03:36 CET 2026
#@# Parcellation Stats 2 lh Fri Mar 13 12:04:31 CET 2026
#@# Parcellation Stats 3 lh Fri Mar 13 12:04:59 CET 2026
#@# BA_exvivo Labels lh Fri Mar 13 12:05:27 CET 2026
recon-all -s sub-v2s5x29577_ses-1 finished without error at Fri Mar 13 12:09:14 CET 2026
