status file for recon-all
Fri Mar 13 09:52:19 CET 2026
#@# Tessellate lh Fri Mar 13 09:52:19 CET 2026
#@# Smooth1 lh Fri Mar 13 09:52:27 CET 2026
#@# Inflation1 lh Fri Mar 13 09:52:33 CET 2026
#@# QSphere lh Fri Mar 13 09:55:02 CET 2026
#@# Fix Topology lh Fri Mar 13 09:57:15 CET 2026
#@# Smooth2 lh Fri Mar 13 10:08:10 CET 2026
#@# Inflation2 lh Fri Mar 13 10:08:17 CET 2026
#@# Curv .H and .K lh Fri Mar 13 10:08:53 CET 2026
#@# Sphere lh Fri Mar 13 10:10:46 CET 2026
#@# Surf Reg lh Fri Mar 13 10:17:36 CET 2026
#@# Jacobian white lh Fri Mar 13 10:28:31 CET 2026
#@# AvgCurv lh Fri Mar 13 10:28:33 CET 2026
#@# Cortical Parc lh Fri Mar 13 10:28:35 CET 2026
#@# white curv lh Fri Mar 13 10:40:05 CET 2026
#@# white area lh Fri Mar 13 10:40:09 CET 2026
#@# pial curv lh Fri Mar 13 10:40:10 CET 2026
#@# pial area lh Fri Mar 13 10:40:14 CET 2026
#@# thickness lh Fri Mar 13 10:40:16 CET 2026
#@# area and vertex vol lh Fri Mar 13 10:41:37 CET 2026
#@# Curvature Stats lh Fri Mar 13 10:41:41 CET 2026
#@# Cortical Parc 2 lh Fri Mar 13 10:41:46 CET 2026
#@# Cortical Parc 3 lh Fri Mar 13 10:42:18 CET 2026
#@# WM/GM Contrast lh Fri Mar 13 10:42:43 CET 2026
recon-all -s sub-v2s5x29541_ses-1 finished without error at Fri Mar 13 10:42:54 CET 2026



#New# invocation of recon-all 



status file for recon-all
Fri Mar 13 12:31:24 CET 2026
#@# white curv lh Fri Mar 13 12:31:24 CET 2026
#@# white area lh Fri Mar 13 12:31:24 CET 2026
#@# pial curv lh Fri Mar 13 12:31:24 CET 2026
#@# pial area lh Fri Mar 13 12:31:24 CET 2026
#@# thickness lh Fri Mar 13 12:31:24 CET 2026
#@# area and vertex vol lh Fri Mar 13 12:31:24 CET 2026
#@# Parcellation Stats lh Fri Mar 13 12:31:24 CET 2026
#@# Parcellation Stats 2 lh Fri Mar 13 12:32:45 CET 2026
#@# Parcellation Stats 3 lh Fri Mar 13 12:33:27 CET 2026
#@# BA_exvivo Labels lh Fri Mar 13 12:34:08 CET 2026
recon-all -s sub-v2s5x29541_ses-1 finished without error at Fri Mar 13 12:40:00 CET 2026
