status file for recon-all
Fri Mar 13 06:41:50 CET 2026
#@# MotionCor Fri Mar 13 06:41:55 CET 2026
#@# Talairach Fri Mar 13 06:42:12 CET 2026
#@# Talairach Failure Detection Fri Mar 13 06:49:20 CET 2026
#@# Nu Intensity Correction Fri Mar 13 06:49:20 CET 2026
#@# Intensity Normalization Fri Mar 13 06:55:41 CET 2026
recon-all -s sub-v2s5x29541_ses-1 finished without error at Fri Mar 13 07:00:57 CET 2026



#New# invocation of recon-all 



status file for recon-all
Fri Mar 13 07:10:55 CET 2026
#@# EM Registration Fri Mar 13 07:10:55 CET 2026
recon-all -s sub-v2s5x29541_ses-1 finished without error at Fri Mar 13 07:13:00 CET 2026



#New# invocation of recon-all 



status file for recon-all
Fri Mar 13 07:13:03 CET 2026
#@# CA Normalize Fri Mar 13 07:13:03 CET 2026
#@# CA Reg Fri Mar 13 07:14:55 CET 2026
#@# SubCort Seg Fri Mar 13 07:57:19 CET 2026
#@# CC Seg Fri Mar 13 09:37:56 CET 2026
#@# Merge ASeg Fri Mar 13 09:39:07 CET 2026
#@# Intensity Normalization2 Fri Mar 13 09:39:07 CET 2026
#@# Mask BFS Fri Mar 13 09:44:09 CET 2026
#@# WM Segmentation Fri Mar 13 09:44:11 CET 2026
#@# Fill Fri Mar 13 09:50:21 CET 2026
recon-all -s sub-v2s5x29541_ses-1 finished without error at Fri Mar 13 09:52:14 CET 2026



#New# invocation of recon-all 



status file for recon-all
Fri Mar 13 11:50:20 CET 2026
#@# white curv lh Fri Mar 13 11:50:20 CET 2026
#@# white area lh Fri Mar 13 11:50:20 CET 2026
#@# pial curv lh Fri Mar 13 11:50:20 CET 2026
#@# pial area lh Fri Mar 13 11:50:20 CET 2026
#@# thickness lh Fri Mar 13 11:50:20 CET 2026
#@# area and vertex vol lh Fri Mar 13 11:50:20 CET 2026
#@# white curv rh Fri Mar 13 11:50:20 CET 2026
#@# white area rh Fri Mar 13 11:50:20 CET 2026
#@# pial curv rh Fri Mar 13 11:50:20 CET 2026
#@# pial area rh Fri Mar 13 11:50:20 CET 2026
#@# thickness rh Fri Mar 13 11:50:20 CET 2026
#@# area and vertex vol rh Fri Mar 13 11:50:20 CET 2026
#@# Cortical ribbon mask Fri Mar 13 11:50:20 CET 2026
recon-all -s sub-v2s5x29541_ses-1 finished without error at Fri Mar 13 12:31:21 CET 2026



#New# invocation of recon-all 



status file for recon-all
Fri Mar 13 12:49:08 CET 2026
#@# white curv lh Fri Mar 13 12:49:08 CET 2026
#@# white area lh Fri Mar 13 12:49:08 CET 2026
#@# pial curv lh Fri Mar 13 12:49:08 CET 2026
#@# pial area lh Fri Mar 13 12:49:08 CET 2026
#@# thickness lh Fri Mar 13 12:49:08 CET 2026
#@# area and vertex vol lh Fri Mar 13 12:49:08 CET 2026
#@# white curv rh Fri Mar 13 12:49:08 CET 2026
#@# white area rh Fri Mar 13 12:49:08 CET 2026
#@# pial curv rh Fri Mar 13 12:49:08 CET 2026
#@# pial area rh Fri Mar 13 12:49:08 CET 2026
#@# thickness rh Fri Mar 13 12:49:08 CET 2026
#@# area and vertex vol rh Fri Mar 13 12:49:08 CET 2026
#@# Curvature Stats lh Fri Mar 13 12:49:08 CET 2026
#@# Curvature Stats rh Fri Mar 13 12:49:14 CET 2026
#@# Relabel Hypointensities Fri Mar 13 12:49:20 CET 2026
#@# APas-to-ASeg Fri Mar 13 12:50:06 CET 2026
#@# AParc-to-ASeg aparc Fri Mar 13 12:50:27 CET 2026
#@# AParc-to-ASeg aparc.a2009s Fri Mar 13 12:52:32 CET 2026
#@# AParc-to-ASeg aparc.DKTatlas Fri Mar 13 12:54:38 CET 2026
#@# WMParc Fri Mar 13 12:56:44 CET 2026
#@# ASeg Stats Fri Mar 13 13:03:19 CET 2026
recon-all -s sub-v2s5x29541_ses-1 finished without error at Fri Mar 13 13:04:09 CET 2026
