Log file for defect2seg
Fri Mar 13 11:43:17 CET 2026

setenv SUBJECTS_DIR /out/sourcedata/freesurfer
cd /out/sourcedata/freesurfer/sub-v2s5x29550_ses-1/scripts
/opt/freesurfer/bin/defect2seg --s sub-v2s5x29550_ses-1 --rh-only --cortex

freesurfer-linux-ubuntu22_x86_64-7.3.2-20220804-6354275
defect2seg 7.3.2
Linux dna026 5.14.0-427.37.1.el9_4.x86_64 #1 SMP PREEMPT_DYNAMIC Fri Sep 13 12:41:50 EDT 2024 x86_64 x86_64 x86_64 GNU/Linux
pid 2023416
mri_label2label --label-cortex /out/sourcedata/freesurfer/sub-v2s5x29550_ses-1/surf/rh.orig.nofix /out/sourcedata/freesurfer/sub-v2s5x29550_ses-1/mri/aseg.presurf.mgz 0 /out/sourcedata/freesurfer/sub-v2s5x29550_ses-1/label/rh.nofix.cortex.label

 Generating cortex label... RemoveHipAmgy=0
 NucAccIsMedialWall=0
 mris->useRealRAS=0
27 non-cortical segments detected
only using segment with 16793 vertices
erasing segment 0 (vno[0] = 24618)
erasing segment 1 (vno[0] = 26361)
erasing segment 2 (vno[0] = 28050)
erasing segment 3 (vno[0] = 53355)
erasing segment 5 (vno[0] = 120638)
erasing segment 6 (vno[0] = 174364)
erasing segment 7 (vno[0] = 175870)
erasing segment 8 (vno[0] = 184274)
erasing segment 9 (vno[0] = 188776)
erasing segment 10 (vno[0] = 213248)
erasing segment 11 (vno[0] = 225589)
erasing segment 12 (vno[0] = 225735)
erasing segment 13 (vno[0] = 227356)
erasing segment 14 (vno[0] = 228659)
erasing segment 15 (vno[0] = 228730)
erasing segment 16 (vno[0] = 230218)
erasing segment 17 (vno[0] = 231744)
erasing segment 18 (vno[0] = 240210)
erasing segment 19 (vno[0] = 240226)
erasing segment 20 (vno[0] = 241763)
erasing segment 21 (vno[0] = 242855)
erasing segment 22 (vno[0] = 243147)
erasing segment 23 (vno[0] = 244224)
erasing segment 24 (vno[0] = 257127)
erasing segment 25 (vno[0] = 275500)
erasing segment 26 (vno[0] = 276492)
mri_label2vol --defects /out/sourcedata/freesurfer/sub-v2s5x29550_ses-1/surf/rh.orig.nofix /out/sourcedata/freesurfer/sub-v2s5x29550_ses-1/surf/rh.defect_labels /out/sourcedata/freesurfer/sub-v2s5x29550_ses-1/mri/orig.mgz 2000 0 /out/sourcedata/freesurfer/sub-v2s5x29550_ses-1/mri/rh.surface.defects.mgz /out/sourcedata/freesurfer/sub-v2s5x29550_ses-1/label/rh.nofix.cortex.label
mri_label2vol supposed to be reproducible but seed not set
Contraining to label /out/sourcedata/freesurfer/sub-v2s5x29550_ses-1/label/rh.nofix.cortex.label
Changing input type 0 to MRI_INT
Converting defects to volume: offset=2000, merge=0
Writing to /out/sourcedata/freesurfer/sub-v2s5x29550_ses-1/mri/rh.surface.defects.mgz
mris_defects_pointset -s /out/sourcedata/freesurfer/sub-v2s5x29550_ses-1/surf/rh.orig.nofix -d /out/sourcedata/freesurfer/sub-v2s5x29550_ses-1/surf/rh.defect_labels -o /out/sourcedata/freesurfer/sub-v2s5x29550_ses-1/surf/rh.defects.pointset --label /out/sourcedata/freesurfer/sub-v2s5x29550_ses-1/label/rh.nofix.cortex.label
Reading in surface /out/sourcedata/freesurfer/sub-v2s5x29550_ses-1/surf/rh.orig.nofix
Reading in defect segmentation /out/sourcedata/freesurfer/sub-v2s5x29550_ses-1/surf/rh.defect_labels
Reading in label /out/sourcedata/freesurfer/sub-v2s5x29550_ses-1/label/rh.nofix.cortex.label
#VMPC# mris_defects_pointset 1575924
mris_defects_pointset done
 
Started at Fri Mar 13 11:43:17 CET 2026 
Ended   at Fri Mar 13 11:43:59 CET 2026
Defect2seg-Run-Time-Sec 42
Defect2seg-Run-Time-Min 0.84
Defect2seg-Run-Time-Hours 0.01
 
defect2seg Done
