status file for recon-all
Fri Mar 13 11:32:55 CET 2026
#@# Tessellate rh Fri Mar 13 11:32:55 CET 2026
#@# Smooth1 rh Fri Mar 13 11:33:04 CET 2026
#@# Inflation1 rh Fri Mar 13 11:33:11 CET 2026
#@# QSphere rh Fri Mar 13 11:36:44 CET 2026
#@# Fix Topology rh Fri Mar 13 11:39:30 CET 2026
#@# Smooth2 rh Fri Mar 13 11:53:43 CET 2026
#@# Inflation2 rh Fri Mar 13 11:53:50 CET 2026
#@# Curv .H and .K rh Fri Mar 13 11:54:38 CET 2026
#@# Sphere rh Fri Mar 13 11:56:31 CET 2026
#@# Surf Reg rh Fri Mar 13 12:04:58 CET 2026
#@# Jacobian white rh Fri Mar 13 12:18:09 CET 2026
#@# AvgCurv rh Fri Mar 13 12:18:11 CET 2026
#@# Cortical Parc rh Fri Mar 13 12:18:13 CET 2026
#@# white curv rh Fri Mar 13 12:32:01 CET 2026
#@# white area rh Fri Mar 13 12:32:05 CET 2026
#@# pial curv rh Fri Mar 13 12:32:07 CET 2026
#@# pial area rh Fri Mar 13 12:32:12 CET 2026
#@# thickness rh Fri Mar 13 12:32:14 CET 2026
#@# area and vertex vol rh Fri Mar 13 12:33:34 CET 2026
#@# Curvature Stats rh Fri Mar 13 12:33:38 CET 2026
#@# Cortical Parc 2 rh Fri Mar 13 12:33:46 CET 2026
#@# Cortical Parc 3 rh Fri Mar 13 12:34:20 CET 2026
#@# WM/GM Contrast rh Fri Mar 13 12:34:43 CET 2026
recon-all -s sub-v2s5x29550_ses-1 finished without error at Fri Mar 13 12:34:56 CET 2026



#New# invocation of recon-all 



status file for recon-all
Fri Mar 13 13:26:06 CET 2026
#@# white curv rh Fri Mar 13 13:26:06 CET 2026
#@# white area rh Fri Mar 13 13:26:06 CET 2026
#@# pial curv rh Fri Mar 13 13:26:06 CET 2026
#@# pial area rh Fri Mar 13 13:26:06 CET 2026
#@# thickness rh Fri Mar 13 13:26:06 CET 2026
#@# area and vertex vol rh Fri Mar 13 13:26:06 CET 2026
#@# Parcellation Stats rh Fri Mar 13 13:26:06 CET 2026
#@# Parcellation Stats 2 rh Fri Mar 13 13:27:31 CET 2026
#@# Parcellation Stats 3 rh Fri Mar 13 13:28:12 CET 2026
#@# BA_exvivo Labels rh Fri Mar 13 13:28:53 CET 2026
recon-all -s sub-v2s5x29550_ses-1 finished without error at Fri Mar 13 13:34:59 CET 2026
