status file for recon-all
Fri Mar 13 07:15:49 CET 2026
#@# MotionCor Fri Mar 13 07:15:54 CET 2026
#@# Talairach Fri Mar 13 07:16:11 CET 2026
#@# Talairach Failure Detection Fri Mar 13 07:23:20 CET 2026
#@# Nu Intensity Correction Fri Mar 13 07:23:20 CET 2026
#@# Intensity Normalization Fri Mar 13 07:29:42 CET 2026
recon-all -s sub-v2s5x29550_ses-1 finished without error at Fri Mar 13 07:35:39 CET 2026



#New# invocation of recon-all 



status file for recon-all
Fri Mar 13 07:45:59 CET 2026
#@# EM Registration Fri Mar 13 07:45:59 CET 2026
recon-all -s sub-v2s5x29550_ses-1 finished without error at Fri Mar 13 07:48:27 CET 2026



#New# invocation of recon-all 



status file for recon-all
Fri Mar 13 07:48:28 CET 2026
#@# CA Normalize Fri Mar 13 07:48:28 CET 2026
#@# CA Reg Fri Mar 13 07:50:28 CET 2026
#@# SubCort Seg Fri Mar 13 08:36:35 CET 2026
#@# CC Seg Fri Mar 13 10:15:33 CET 2026
#@# Merge ASeg Fri Mar 13 10:17:25 CET 2026
#@# Intensity Normalization2 Fri Mar 13 10:17:25 CET 2026
#@# Mask BFS Fri Mar 13 10:22:52 CET 2026
#@# WM Segmentation Fri Mar 13 10:22:53 CET 2026
#@# Fill Fri Mar 13 10:29:17 CET 2026
recon-all -s sub-v2s5x29550_ses-1 finished without error at Fri Mar 13 10:31:11 CET 2026



#New# invocation of recon-all 



status file for recon-all
Fri Mar 13 12:35:01 CET 2026
#@# white curv lh Fri Mar 13 12:35:01 CET 2026
#@# white area lh Fri Mar 13 12:35:01 CET 2026
#@# pial curv lh Fri Mar 13 12:35:01 CET 2026
#@# pial area lh Fri Mar 13 12:35:01 CET 2026
#@# thickness lh Fri Mar 13 12:35:01 CET 2026
#@# area and vertex vol lh Fri Mar 13 12:35:01 CET 2026
#@# white curv rh Fri Mar 13 12:35:01 CET 2026
#@# white area rh Fri Mar 13 12:35:01 CET 2026
#@# pial curv rh Fri Mar 13 12:35:01 CET 2026
#@# pial area rh Fri Mar 13 12:35:01 CET 2026
#@# thickness rh Fri Mar 13 12:35:01 CET 2026
#@# area and vertex vol rh Fri Mar 13 12:35:01 CET 2026
#@# Cortical ribbon mask Fri Mar 13 12:35:01 CET 2026
recon-all -s sub-v2s5x29550_ses-1 finished without error at Fri Mar 13 13:17:21 CET 2026



#New# invocation of recon-all 



status file for recon-all
Fri Mar 13 13:35:05 CET 2026
#@# white curv lh Fri Mar 13 13:35:05 CET 2026
#@# white area lh Fri Mar 13 13:35:05 CET 2026
#@# pial curv lh Fri Mar 13 13:35:05 CET 2026
#@# pial area lh Fri Mar 13 13:35:05 CET 2026
#@# thickness lh Fri Mar 13 13:35:05 CET 2026
#@# area and vertex vol lh Fri Mar 13 13:35:05 CET 2026
#@# white curv rh Fri Mar 13 13:35:05 CET 2026
#@# white area rh Fri Mar 13 13:35:05 CET 2026
#@# pial curv rh Fri Mar 13 13:35:06 CET 2026
#@# pial area rh Fri Mar 13 13:35:06 CET 2026
#@# thickness rh Fri Mar 13 13:35:06 CET 2026
#@# area and vertex vol rh Fri Mar 13 13:35:06 CET 2026
#@# Curvature Stats lh Fri Mar 13 13:35:06 CET 2026
#@# Curvature Stats rh Fri Mar 13 13:35:14 CET 2026
#@# Relabel Hypointensities Fri Mar 13 13:35:22 CET 2026
#@# APas-to-ASeg Fri Mar 13 13:36:09 CET 2026
#@# AParc-to-ASeg aparc Fri Mar 13 13:36:30 CET 2026
#@# AParc-to-ASeg aparc.a2009s Fri Mar 13 13:38:43 CET 2026
#@# AParc-to-ASeg aparc.DKTatlas Fri Mar 13 13:40:54 CET 2026
#@# WMParc Fri Mar 13 13:42:58 CET 2026
#@# ASeg Stats Fri Mar 13 13:51:00 CET 2026
recon-all -s sub-v2s5x29550_ses-1 finished without error at Fri Mar 13 13:52:03 CET 2026
