Log file for defect2seg
Fri Mar 13 10:16:50 CET 2026

setenv SUBJECTS_DIR /out/sourcedata/freesurfer
cd /out/sourcedata/freesurfer/sub-v2s5x29551_ses-1/scripts
/opt/freesurfer/bin/defect2seg --s sub-v2s5x29551_ses-1 --rh-only --cortex

freesurfer-linux-ubuntu22_x86_64-7.3.2-20220804-6354275
defect2seg 7.3.2
Linux dna069 5.14.0-427.37.1.el9_4.x86_64 #1 SMP PREEMPT_DYNAMIC Fri Sep 13 12:41:50 EDT 2024 x86_64 x86_64 x86_64 GNU/Linux
pid 932229
mri_label2label --label-cortex /out/sourcedata/freesurfer/sub-v2s5x29551_ses-1/surf/rh.orig.nofix /out/sourcedata/freesurfer/sub-v2s5x29551_ses-1/mri/aseg.presurf.mgz 0 /out/sourcedata/freesurfer/sub-v2s5x29551_ses-1/label/rh.nofix.cortex.label

 Generating cortex label... RemoveHipAmgy=0
 NucAccIsMedialWall=0
 mris->useRealRAS=0
30 non-cortical segments detected
only using segment with 15327 vertices
erasing segment 0 (vno[0] = 6823)
erasing segment 1 (vno[0] = 7817)
erasing segment 2 (vno[0] = 34683)
erasing segment 3 (vno[0] = 56213)
erasing segment 4 (vno[0] = 102297)
erasing segment 6 (vno[0] = 161092)
erasing segment 7 (vno[0] = 171220)
erasing segment 8 (vno[0] = 179468)
erasing segment 9 (vno[0] = 181905)
erasing segment 10 (vno[0] = 184382)
erasing segment 11 (vno[0] = 212705)
erasing segment 12 (vno[0] = 214205)
erasing segment 13 (vno[0] = 222407)
erasing segment 14 (vno[0] = 227281)
erasing segment 15 (vno[0] = 235120)
erasing segment 16 (vno[0] = 236695)
erasing segment 17 (vno[0] = 238155)
erasing segment 18 (vno[0] = 239426)
erasing segment 19 (vno[0] = 239497)
erasing segment 20 (vno[0] = 239641)
erasing segment 21 (vno[0] = 239666)
erasing segment 22 (vno[0] = 240926)
erasing segment 23 (vno[0] = 242171)
erasing segment 24 (vno[0] = 243622)
erasing segment 25 (vno[0] = 244821)
erasing segment 26 (vno[0] = 244830)
erasing segment 27 (vno[0] = 245087)
erasing segment 28 (vno[0] = 248915)
erasing segment 29 (vno[0] = 249043)
mri_label2vol --defects /out/sourcedata/freesurfer/sub-v2s5x29551_ses-1/surf/rh.orig.nofix /out/sourcedata/freesurfer/sub-v2s5x29551_ses-1/surf/rh.defect_labels /out/sourcedata/freesurfer/sub-v2s5x29551_ses-1/mri/orig.mgz 2000 0 /out/sourcedata/freesurfer/sub-v2s5x29551_ses-1/mri/rh.surface.defects.mgz /out/sourcedata/freesurfer/sub-v2s5x29551_ses-1/label/rh.nofix.cortex.label
mri_label2vol supposed to be reproducible but seed not set
Contraining to label /out/sourcedata/freesurfer/sub-v2s5x29551_ses-1/label/rh.nofix.cortex.label
Changing input type 0 to MRI_INT
Converting defects to volume: offset=2000, merge=0
Writing to /out/sourcedata/freesurfer/sub-v2s5x29551_ses-1/mri/rh.surface.defects.mgz
mris_defects_pointset -s /out/sourcedata/freesurfer/sub-v2s5x29551_ses-1/surf/rh.orig.nofix -d /out/sourcedata/freesurfer/sub-v2s5x29551_ses-1/surf/rh.defect_labels -o /out/sourcedata/freesurfer/sub-v2s5x29551_ses-1/surf/rh.defects.pointset --label /out/sourcedata/freesurfer/sub-v2s5x29551_ses-1/label/rh.nofix.cortex.label
Reading in surface /out/sourcedata/freesurfer/sub-v2s5x29551_ses-1/surf/rh.orig.nofix
Reading in defect segmentation /out/sourcedata/freesurfer/sub-v2s5x29551_ses-1/surf/rh.defect_labels
Reading in label /out/sourcedata/freesurfer/sub-v2s5x29551_ses-1/label/rh.nofix.cortex.label
#VMPC# mris_defects_pointset 1468556
mris_defects_pointset done
 
Started at Fri Mar 13 10:16:50 CET 2026 
Ended   at Fri Mar 13 10:17:15 CET 2026
Defect2seg-Run-Time-Sec 25
Defect2seg-Run-Time-Min 0.50
Defect2seg-Run-Time-Hours 0.01
 
defect2seg Done
