status file for recon-all
Fri Mar 13 10:11:02 CET 2026
#@# Tessellate rh Fri Mar 13 10:11:02 CET 2026
#@# Smooth1 rh Fri Mar 13 10:11:07 CET 2026
#@# Inflation1 rh Fri Mar 13 10:11:12 CET 2026
#@# QSphere rh Fri Mar 13 10:13:09 CET 2026
#@# Fix Topology rh Fri Mar 13 10:14:37 CET 2026
#@# Smooth2 rh Fri Mar 13 10:24:27 CET 2026
#@# Inflation2 rh Fri Mar 13 10:24:33 CET 2026
#@# Curv .H and .K rh Fri Mar 13 10:25:03 CET 2026
#@# Sphere rh Fri Mar 13 10:26:34 CET 2026
#@# Surf Reg rh Fri Mar 13 10:31:09 CET 2026
#@# Jacobian white rh Fri Mar 13 10:39:11 CET 2026
#@# AvgCurv rh Fri Mar 13 10:39:12 CET 2026
#@# Cortical Parc rh Fri Mar 13 10:39:13 CET 2026
#@# white curv rh Fri Mar 13 10:49:15 CET 2026
#@# white area rh Fri Mar 13 10:49:18 CET 2026
#@# pial curv rh Fri Mar 13 10:49:19 CET 2026
#@# pial area rh Fri Mar 13 10:49:22 CET 2026
#@# thickness rh Fri Mar 13 10:49:23 CET 2026
#@# area and vertex vol rh Fri Mar 13 10:50:19 CET 2026
#@# Curvature Stats rh Fri Mar 13 10:50:21 CET 2026
#@# Cortical Parc 2 rh Fri Mar 13 10:50:25 CET 2026
#@# Cortical Parc 3 rh Fri Mar 13 10:50:49 CET 2026
#@# WM/GM Contrast rh Fri Mar 13 10:51:07 CET 2026
recon-all -s sub-v2s5x29551_ses-1 finished without error at Fri Mar 13 10:51:12 CET 2026



#New# invocation of recon-all 



status file for recon-all
Fri Mar 13 11:20:33 CET 2026
#@# white curv rh Fri Mar 13 11:20:33 CET 2026
#@# white area rh Fri Mar 13 11:20:33 CET 2026
#@# pial curv rh Fri Mar 13 11:20:33 CET 2026
#@# pial area rh Fri Mar 13 11:20:33 CET 2026
#@# thickness rh Fri Mar 13 11:20:33 CET 2026
#@# area and vertex vol rh Fri Mar 13 11:20:33 CET 2026
#@# Parcellation Stats rh Fri Mar 13 11:20:33 CET 2026
#@# Parcellation Stats 2 rh Fri Mar 13 11:21:42 CET 2026
#@# Parcellation Stats 3 rh Fri Mar 13 11:22:17 CET 2026
#@# BA_exvivo Labels rh Fri Mar 13 11:22:51 CET 2026
recon-all -s sub-v2s5x29551_ses-1 finished without error at Fri Mar 13 11:27:06 CET 2026
