status file for recon-all
Fri Mar 13 07:16:27 CET 2026
#@# MotionCor Fri Mar 13 07:16:31 CET 2026
#@# Talairach Fri Mar 13 07:16:41 CET 2026
#@# Talairach Failure Detection Fri Mar 13 07:22:04 CET 2026
#@# Nu Intensity Correction Fri Mar 13 07:22:04 CET 2026
#@# Intensity Normalization Fri Mar 13 07:27:24 CET 2026
recon-all -s sub-v2s5x29551_ses-1 finished without error at Fri Mar 13 07:31:21 CET 2026



#New# invocation of recon-all 



status file for recon-all
Fri Mar 13 07:39:05 CET 2026
#@# EM Registration Fri Mar 13 07:39:05 CET 2026
recon-all -s sub-v2s5x29551_ses-1 finished without error at Fri Mar 13 07:40:47 CET 2026



#New# invocation of recon-all 



status file for recon-all
Fri Mar 13 07:40:48 CET 2026
#@# CA Normalize Fri Mar 13 07:40:48 CET 2026
#@# CA Reg Fri Mar 13 07:42:14 CET 2026
#@# SubCort Seg Fri Mar 13 08:15:18 CET 2026
#@# CC Seg Fri Mar 13 09:19:18 CET 2026
#@# Merge ASeg Fri Mar 13 09:20:12 CET 2026
#@# Intensity Normalization2 Fri Mar 13 09:20:13 CET 2026
#@# Mask BFS Fri Mar 13 09:24:05 CET 2026
#@# WM Segmentation Fri Mar 13 09:24:06 CET 2026
#@# Fill Fri Mar 13 09:28:34 CET 2026
recon-all -s sub-v2s5x29551_ses-1 finished without error at Fri Mar 13 09:29:46 CET 2026



#New# invocation of recon-all 



status file for recon-all
Fri Mar 13 10:51:17 CET 2026
#@# white curv lh Fri Mar 13 10:51:17 CET 2026
#@# white area lh Fri Mar 13 10:51:17 CET 2026
#@# pial curv lh Fri Mar 13 10:51:17 CET 2026
#@# pial area lh Fri Mar 13 10:51:17 CET 2026
#@# thickness lh Fri Mar 13 10:51:17 CET 2026
#@# area and vertex vol lh Fri Mar 13 10:51:17 CET 2026
#@# white curv rh Fri Mar 13 10:51:17 CET 2026
#@# white area rh Fri Mar 13 10:51:17 CET 2026
#@# pial curv rh Fri Mar 13 10:51:17 CET 2026
#@# pial area rh Fri Mar 13 10:51:17 CET 2026
#@# thickness rh Fri Mar 13 10:51:17 CET 2026
#@# area and vertex vol rh Fri Mar 13 10:51:17 CET 2026
#@# Cortical ribbon mask Fri Mar 13 10:51:17 CET 2026
recon-all -s sub-v2s5x29551_ses-1 finished without error at Fri Mar 13 11:13:35 CET 2026



#New# invocation of recon-all 



status file for recon-all
Fri Mar 13 11:27:09 CET 2026
#@# white curv lh Fri Mar 13 11:27:09 CET 2026
#@# white area lh Fri Mar 13 11:27:09 CET 2026
#@# pial curv lh Fri Mar 13 11:27:09 CET 2026
#@# pial area lh Fri Mar 13 11:27:09 CET 2026
#@# thickness lh Fri Mar 13 11:27:09 CET 2026
#@# area and vertex vol lh Fri Mar 13 11:27:09 CET 2026
#@# white curv rh Fri Mar 13 11:27:09 CET 2026
#@# white area rh Fri Mar 13 11:27:09 CET 2026
#@# pial curv rh Fri Mar 13 11:27:09 CET 2026
#@# pial area rh Fri Mar 13 11:27:09 CET 2026
#@# thickness rh Fri Mar 13 11:27:09 CET 2026
#@# area and vertex vol rh Fri Mar 13 11:27:09 CET 2026
#@# Curvature Stats lh Fri Mar 13 11:27:09 CET 2026
#@# Curvature Stats rh Fri Mar 13 11:27:13 CET 2026
#@# Relabel Hypointensities Fri Mar 13 11:27:16 CET 2026
#@# APas-to-ASeg Fri Mar 13 11:27:53 CET 2026
#@# AParc-to-ASeg aparc Fri Mar 13 11:28:09 CET 2026
#@# AParc-to-ASeg aparc.a2009s Fri Mar 13 11:30:28 CET 2026
#@# AParc-to-ASeg aparc.DKTatlas Fri Mar 13 11:32:51 CET 2026
#@# WMParc Fri Mar 13 11:34:55 CET 2026
#@# ASeg Stats Fri Mar 13 11:38:52 CET 2026
recon-all -s sub-v2s5x29551_ses-1 finished without error at Fri Mar 13 11:39:24 CET 2026
