status file for recon-all
Fri Mar 13 09:29:52 CET 2026
#@# Tessellate lh Fri Mar 13 09:29:52 CET 2026
#@# Smooth1 lh Fri Mar 13 09:29:57 CET 2026
#@# Inflation1 lh Fri Mar 13 09:30:01 CET 2026
#@# QSphere lh Fri Mar 13 09:32:10 CET 2026
#@# Fix Topology lh Fri Mar 13 09:33:30 CET 2026
#@# Smooth2 lh Fri Mar 13 09:43:47 CET 2026
#@# Inflation2 lh Fri Mar 13 09:43:52 CET 2026
#@# Curv .H and .K lh Fri Mar 13 09:44:20 CET 2026
#@# Sphere lh Fri Mar 13 09:45:53 CET 2026
#@# Surf Reg lh Fri Mar 13 09:50:45 CET 2026
#@# Jacobian white lh Fri Mar 13 09:58:39 CET 2026
#@# AvgCurv lh Fri Mar 13 09:58:40 CET 2026
#@# Cortical Parc lh Fri Mar 13 09:58:42 CET 2026
#@# white curv lh Fri Mar 13 10:08:56 CET 2026
#@# white area lh Fri Mar 13 10:09:00 CET 2026
#@# pial curv lh Fri Mar 13 10:09:01 CET 2026
#@# pial area lh Fri Mar 13 10:09:04 CET 2026
#@# thickness lh Fri Mar 13 10:09:05 CET 2026
#@# area and vertex vol lh Fri Mar 13 10:10:04 CET 2026
#@# Curvature Stats lh Fri Mar 13 10:10:07 CET 2026
#@# Cortical Parc 2 lh Fri Mar 13 10:10:11 CET 2026
#@# Cortical Parc 3 lh Fri Mar 13 10:10:33 CET 2026
#@# WM/GM Contrast lh Fri Mar 13 10:10:53 CET 2026
recon-all -s sub-v2s5x29551_ses-1 finished without error at Fri Mar 13 10:10:59 CET 2026



#New# invocation of recon-all 



status file for recon-all
Fri Mar 13 11:13:40 CET 2026
#@# white curv lh Fri Mar 13 11:13:40 CET 2026
#@# white area lh Fri Mar 13 11:13:40 CET 2026
#@# pial curv lh Fri Mar 13 11:13:40 CET 2026
#@# pial area lh Fri Mar 13 11:13:40 CET 2026
#@# thickness lh Fri Mar 13 11:13:40 CET 2026
#@# area and vertex vol lh Fri Mar 13 11:13:40 CET 2026
#@# Parcellation Stats lh Fri Mar 13 11:13:40 CET 2026
#@# Parcellation Stats 2 lh Fri Mar 13 11:15:00 CET 2026
#@# Parcellation Stats 3 lh Fri Mar 13 11:15:36 CET 2026
#@# BA_exvivo Labels lh Fri Mar 13 11:16:11 CET 2026
recon-all -s sub-v2s5x29551_ses-1 finished without error at Fri Mar 13 11:20:30 CET 2026
