/out/sourcedata/freesurfer/sub-v2s5x29564_ses-1/mri
/opt/freesurfer/bin/talairach_avi
--i orig_nu.mgz --xfm transforms/talairach.auto.xfm
talairach_avi 7.3.2
Linux dna013 5.14.0-427.37.1.el9_4.x86_64 #1 SMP PREEMPT_DYNAMIC Fri Sep 13 12:41:50 EDT 2024 x86_64 x86_64 x86_64 GNU/Linux
Fri Mar 13 07:55:25 CET 2026
mri_convert orig_nu.mgz talsrcimg.img 
reading from orig_nu.mgz...
TR=0.00, TE=0.00, TI=0.00, flip angle=0.00
i_ras = (-1, 0, 0)
j_ras = (0, 0, -1)
k_ras = (0, 1, 0)
writing to talsrcimg.img...
Analyze Output Matrix
-0.70000   0.00000   0.00000   114.74680;
 0.00000   0.00000   0.70000  -92.65700;
 0.00000  -0.70000   0.00000   112.62199;
 0.00000   0.00000   0.00000   1.00000;
--------------------
INFO: set hdr.hist.orient to -1
mpr2mni305 talsrcimg
Fri Mar 13 07:55:25 CET 2026
/opt/freesurfer/bin/mpr2mni305 talsrcimg
mpr2mni305 7.3.2
target=711-2C_as_mni_average_305

---------------------------------------------------------------------
analyzeto4dfp talsrcimg -O0 -y
---------------------------------------------------------------------

freesurfer ifh2hdr.c
Fri Mar 13 07:55:25 2026
Writing: talsrcimg.4dfp.hdr
freesurfer analyzeto4dfp.c
Reading: talsrcimg.hdr
header size 348 bytes
hdr.dime.datatype	offset=70	value=2
hdr.dime.bitpix		offset=72	value=8
hdr.hist.orient		offset=252	value=-1
dimensionality     4
dimensions       320       320       320         1
Reading: talsrcimg.img
Writing: talsrcimg.4dfp.img
Writing: talsrcimg.4dfp.ifh
ifh2hdr talsrcimg -r0to221
ori=2

---------------------------------------------------------------------
gauss_4dfp talsrcimg 1.1
---------------------------------------------------------------------

freesurfer gauss_4dfp.c
Reading: talsrcimg.4dfp.img
Writing: talsrcimg_g11.4dfp.img
image dimensions 320 320 320 padded to 384 384 384
processing volume 1freesurfer ifh2hdr.c
Fri Mar 13 07:55:42 2026
Writing: talsrcimg_g11.4dfp.hdr

Writing: talsrcimg_g11.4dfp.ifh
including: talsrcimg.4dfp.img.rec in talsrcimg_g11.4dfp.img.rec

---------------------------------------------------------------------
imgreg_4dfp /opt/freesurfer/average/711-2C_as_mni_average_305 none talsrcimg_g11 none talsrcimg_to_711-2C_as_mni_average_305_t4 4355
---------------------------------------------------------------------

freesurfer imgreg_4dfp.c
/opt/freesurfer/average/711-2C_as_mni_average_305.4dfp.img
       256       256       256         1
  1.000000  1.000000  1.000000
orientation T byte_order littleendian
Reading image: /opt/freesurfer/average/711-2C_as_mni_average_305.4dfp.img
dimensions:      256       256       256
mmppix:       1.0000   -1.0000   -1.0000
center:     128.0000 -129.0000 -129.0000
talsrcimg_g11.4dfp.img
       320       320       320         1
  0.700000  0.700000  0.700000
orientation T byte_order littleendian
Reading image: talsrcimg_g11.4dfp.img
dimensions:      320       320       320
mmppix:       0.7000   -0.7000   -0.7000
center:     112.0000 -112.7000 -112.7000
t4_read: open error in t4_sub.f l:  41 t4_file(1:l)talsrcimg_to_711-2C_as_mni_average_305_t4 
t4_read: transform initialized to I4
rotation matrix determinant  1.000000
image alignment mode   4355 decimal     1103 hex
   -7.5000  -45.0000  -45.0000 3907.4075   28.2452
    0.0000  -45.0000  -45.0000 4096.3975   28.2873
    7.5000  -45.0000  -45.0000 3900.5999   28.3398
   -7.5000  -37.5000  -45.0000 4239.8115   28.0849
    0.0000  -37.5000  -45.0000 4457.9951   28.1149
    7.5000  -37.5000  -45.0000 4234.5444   28.1680
   -7.5000  -30.0000  -45.0000 4641.1763   27.2442
    0.0000  -30.0000  -45.0000 4883.3682   27.2906
    7.5000  -30.0000  -45.0000 4636.8369   27.3394
   -7.5000  -22.5000  -45.0000 4934.1670   25.9015
    0.0000  -22.5000  -45.0000 5175.8086   25.9466
    7.5000  -22.5000  -45.0000 4918.3052   25.9859
   -7.5000  -15.0000  -45.0000 5446.2656   24.9335
    0.0000  -15.0000  -45.0000 5709.3740   24.9712
    7.5000  -15.0000  -45.0000 5419.5576   25.0044
   -7.5000   -7.5000  -45.0000 5959.2534   24.4363
    0.0000   -7.5000  -45.0000 6237.1572   24.4573
    7.5000   -7.5000  -45.0000 5918.3179   24.4898
   -7.5000    0.0000  -45.0000 6530.2686   24.4125
    0.0000    0.0000  -45.0000 6821.0581   24.4258
    7.5000    0.0000  -45.0000 6477.9790   24.4607
   -7.5000    7.5000  -45.0000 6503.8896   24.3697
    0.0000    7.5000  -45.0000 6791.3853   24.3847
    7.5000    7.5000  -45.0000 6452.4355   24.4219
   -7.5000   15.0000  -45.0000 6450.0513   23.9277
    0.0000   15.0000  -45.0000 6748.3027   23.9551
    7.5000   15.0000  -45.0000 6401.4448   23.9929
   -7.5000   22.5000  -45.0000 6415.2793   23.2221
    0.0000   22.5000  -45.0000 6706.0386   23.2612
    7.5000   22.5000  -45.0000 6351.8779   23.2960
   -7.5000   30.0000  -45.0000 6553.6235   23.2382
    0.0000   30.0000  -45.0000 6870.1777   23.2730
    7.5000   30.0000  -45.0000 6485.8154   23.3046
   -7.5000   37.5000  -45.0000 6374.2002   22.6076
    0.0000   37.5000  -45.0000 6679.6074   22.6275
    7.5000   37.5000  -45.0000 6306.7134   22.6578
   -7.5000   45.0000  -45.0000 6097.1895   21.8524
    0.0000   45.0000  -45.0000 6391.7563   21.8643
    7.5000   45.0000  -45.0000 6050.4160   21.8956
   -7.5000  -45.0000  -37.5000 4103.8208   28.8674
    0.0000  -45.0000  -37.5000 4319.5664   28.9214
    7.5000  -45.0000  -37.5000 4113.9155   29.0023
   -7.5000  -37.5000  -37.5000 4455.3789   28.7036
    0.0000  -37.5000  -37.5000 4687.4380   28.7302
    7.5000  -37.5000  -37.5000 4453.1982   28.7980
   -7.5000  -30.0000  -37.5000 4927.3564   27.8677
    0.0000  -30.0000  -37.5000 5175.1860   27.9032
    7.5000  -30.0000  -37.5000 4908.3369   27.9531
   -7.5000  -22.5000  -37.5000 5252.4727   26.5366
    0.0000  -22.5000  -37.5000 5516.3804   26.5759
    7.5000  -22.5000  -37.5000 5230.7065   26.6132
   -7.5000  -15.0000  -37.5000 5825.0137   25.5511
    0.0000  -15.0000  -37.5000 6103.6724   25.5938
    7.5000  -15.0000  -37.5000 5785.7642   25.6350
   -7.5000   -7.5000  -37.5000 6371.8711   25.0211
    0.0000   -7.5000  -37.5000 6673.6973   25.0528
    7.5000   -7.5000  -37.5000 6323.0464   25.1042
   -7.5000    0.0000  -37.5000 6991.0864   24.9855
    0.0000    0.0000  -37.5000 7296.9116   25.0060
    7.5000    0.0000  -37.5000 6935.8325   25.0631
   -7.5000    7.5000  -37.5000 6985.4355   24.9671
    0.0000    7.5000  -37.5000 7294.6616   24.9797
    7.5000    7.5000  -37.5000 6923.0161   25.0298
   -7.5000   15.0000  -37.5000 6948.8623   24.5510
    0.0000   15.0000  -37.5000 7252.4443   24.5697
    7.5000   15.0000  -37.5000 6879.0571   24.6084
   -7.5000   22.5000  -37.5000 6887.3101   23.8520
    0.0000   22.5000  -37.5000 7182.4756   23.8865
    7.5000   22.5000  -37.5000 6798.8506   23.9201
   -7.5000   30.0000  -37.5000 7009.2036   23.8471
    0.0000   30.0000  -37.5000 7333.3823   23.8868
    7.5000   30.0000  -37.5000 6931.8848   23.9257
   -7.5000   37.5000  -37.5000 6788.1226   23.1681
    0.0000   37.5000  -37.5000 7093.9395   23.1979
    7.5000   37.5000  -37.5000 6720.6597   23.2458
   -7.5000   45.0000  -37.5000 6507.1680   22.3654
    0.0000   45.0000  -37.5000 6809.6870   22.3837
    7.5000   45.0000  -37.5000 6460.0000   22.4348
   -7.5000  -45.0000  -30.0000 4295.0542   29.4081
    0.0000  -45.0000  -30.0000 4533.5806   29.4728
    7.5000  -45.0000  -30.0000 4304.6411   29.5632
   -7.5000  -37.5000  -30.0000 4695.0796   29.3104
    0.0000  -37.5000  -30.0000 4946.3926   29.3276
    7.5000  -37.5000  -30.0000 4682.4229   29.3900
   -7.5000  -30.0000  -30.0000 5205.4458   28.4724
    0.0000  -30.0000  -30.0000 5475.0337   28.4897
    7.5000  -30.0000  -30.0000 5179.7446   28.5321
   -7.5000  -22.5000  -30.0000 5575.4404   27.1286
    0.0000  -22.5000  -30.0000 5864.1279   27.1624
    7.5000  -22.5000  -30.0000 5543.3994   27.2034
   -7.5000  -15.0000  -30.0000 6205.8677   26.1221
    0.0000  -15.0000  -30.0000 6507.8535   26.1767
    7.5000  -15.0000  -30.0000 6157.7837   26.2336
   -7.5000   -7.5000  -30.0000 6814.2383   25.5769
    0.0000   -7.5000  -30.0000 7130.6226   25.6278
    7.5000   -7.5000  -30.0000 6756.9658   25.6971
   -7.5000    0.0000  -30.0000 7485.9487   25.5469
    0.0000    0.0000  -30.0000 7820.3335   25.5779
    7.5000    0.0000  -30.0000 7426.4199   25.6446
   -7.5000    7.5000  -30.0000 7497.9214   25.5499
    0.0000    7.5000  -30.0000 7835.6084   25.5558
    7.5000    7.5000  -30.0000 7415.8691   25.6036
   -7.5000   15.0000  -30.0000 7435.1128   25.1426
    0.0000   15.0000  -30.0000 7771.5361   25.1481
    7.5000   15.0000  -30.0000 7343.0747   25.1816
   -7.5000   22.5000  -30.0000 7323.5903   24.4369
    0.0000   22.5000  -30.0000 7658.5464   24.4677
    7.5000   22.5000  -30.0000 7243.0708   24.5052
   -7.5000   30.0000  -30.0000 7465.1665   24.4112
    0.0000   30.0000  -30.0000 7805.5117   24.4617
    7.5000   30.0000  -30.0000 7391.1470   24.5149
   -7.5000   37.5000  -30.0000 7250.4985   23.7186
    0.0000   37.5000  -30.0000 7562.2793   23.7662
    7.5000   37.5000  -30.0000 7178.4399   23.8306
   -7.5000   45.0000  -30.0000 6963.2173   22.9044
    0.0000   45.0000  -30.0000 7262.1143   22.9322
    7.5000   45.0000  -30.0000 6919.6982   22.9919
   -7.5000  -45.0000  -22.5000 4401.5737   28.7673
    0.0000  -45.0000  -22.5000 4652.2651   28.8401
    7.5000  -45.0000  -22.5000 4406.5366   28.9286
   -7.5000  -37.5000  -22.5000 4826.0127   28.7089
    0.0000  -37.5000  -22.5000 5092.9883   28.7374
    7.5000  -37.5000  -22.5000 4811.9941   28.8002
   -7.5000  -30.0000  -22.5000 5362.4868   27.9124
    0.0000  -30.0000  -22.5000 5652.6035   27.9360
    7.5000  -30.0000  -22.5000 5335.7002   27.9866
   -7.5000  -22.5000  -22.5000 5764.1230   26.6160
    0.0000  -22.5000  -22.5000 6066.5649   26.6546
    7.5000  -22.5000  -22.5000 5727.1631   26.7097
   -7.5000  -15.0000  -22.5000 6428.7773   25.6465
    0.0000  -15.0000  -22.5000 6760.6675   25.7053
    7.5000  -15.0000  -22.5000 6379.2998   25.7730
   -7.5000   -7.5000  -22.5000 7105.6299   25.1235
    0.0000   -7.5000  -22.5000 7458.2305   25.1818
    7.5000   -7.5000  -22.5000 7030.2046   25.2545
   -7.5000    0.0000  -22.5000 7830.3032   25.0943
    0.0000    0.0000  -22.5000 8209.1621   25.1354
    7.5000    0.0000  -22.5000 7740.1353   25.2001
   -7.5000    7.5000  -22.5000 7832.3804   25.0940
    0.0000    7.5000  -22.5000 8232.1113   25.1089
    7.5000    7.5000  -22.5000 7736.3765   25.1561
   -7.5000   15.0000  -22.5000 7749.6729   24.6911
    0.0000   15.0000  -22.5000 8120.3677   24.7032
    7.5000   15.0000  -22.5000 7625.3877   24.7441
   -7.5000   22.5000  -22.5000 7614.7026   23.9979
    0.0000   22.5000  -22.5000 7991.5933   24.0334
    7.5000   22.5000  -22.5000 7517.0112   24.0830
   -7.5000   30.0000  -22.5000 7788.7285   23.9745
    0.0000   30.0000  -22.5000 8162.0854   24.0289
    7.5000   30.0000  -22.5000 7715.4268   24.0916
   -7.5000   37.5000  -22.5000 7572.7886   23.2974
    0.0000   37.5000  -22.5000 7905.8169   23.3519
    7.5000   37.5000  -22.5000 7494.7734   23.4193
   -7.5000   45.0000  -22.5000 7269.5151   22.4985
    0.0000   45.0000  -22.5000 7581.3237   22.5354
    7.5000   45.0000  -22.5000 7214.4736   22.5934
   -7.5000  -45.0000  -15.0000 4670.0298   29.5071
    0.0000  -45.0000  -15.0000 4930.5718   29.5816
    7.5000  -45.0000  -15.0000 4659.0317   29.6539
   -7.5000  -37.5000  -15.0000 5125.8228   29.4696
    0.0000  -37.5000  -15.0000 5392.7402   29.5151
    7.5000  -37.5000  -15.0000 5084.7812   29.5751
   -7.5000  -30.0000  -15.0000 5685.0723   28.6147
    0.0000  -30.0000  -15.0000 5985.5527   28.6593
    7.5000  -30.0000  -15.0000 5637.1030   28.7177
   -7.5000  -22.5000  -15.0000 6107.2559   27.3095
    0.0000  -22.5000  -15.0000 6430.4165   27.3606
    7.5000  -22.5000  -15.0000 6050.6016   27.4242
   -7.5000  -15.0000  -15.0000 6838.3618   26.3482
    0.0000  -15.0000  -15.0000 7209.1465   26.4073
    7.5000  -15.0000  -15.0000 6759.9663   26.4722
   -7.5000   -7.5000  -15.0000 7602.7300   25.8396
    0.0000   -7.5000  -15.0000 8019.8125   25.8937
    7.5000   -7.5000  -15.0000 7497.5718   25.9530
   -7.5000    0.0000  -15.0000 8440.0566   25.8056
    0.0000    0.0000  -15.0000 8902.2930   25.8488
    7.5000    0.0000  -15.0000 8324.4248   25.8986
   -7.5000    7.5000  -15.0000 8443.6709   25.7767
    0.0000    7.5000  -15.0000 8927.9277   25.8043
    7.5000    7.5000  -15.0000 8320.9932   25.8470
   -7.5000   15.0000  -15.0000 8303.7666   25.3489
    0.0000   15.0000  -15.0000 8757.6172   25.3779
    7.5000   15.0000  -15.0000 8181.4600   25.4251
   -7.5000   22.5000  -15.0000 8178.5903   24.6568
    0.0000   22.5000  -15.0000 8606.9473   24.7025
    7.5000   22.5000  -15.0000 8088.9521   24.7589
   -7.5000   30.0000  -15.0000 8404.9756   24.6535
    0.0000   30.0000  -15.0000 8834.5850   24.7079
    7.5000   30.0000  -15.0000 8310.7412   24.7680
   -7.5000   37.5000  -15.0000 8144.8569   23.9969
    0.0000   37.5000  -15.0000 8541.4844   24.0473
    7.5000   37.5000  -15.0000 8066.6099   24.1024
   -7.5000   45.0000  -15.0000 7757.5317   23.1923
    0.0000   45.0000  -15.0000 8121.3794   23.2311
    7.5000   45.0000  -15.0000 7739.1016   23.2759
   -7.5000  -45.0000   -7.5000 4871.9619   30.3512
    0.0000  -45.0000   -7.5000 5154.9536   30.4211
    7.5000  -45.0000   -7.5000 4865.1216   30.4798
   -7.5000  -37.5000   -7.5000 5372.9575   30.3070
    0.0000  -37.5000   -7.5000 5672.7485   30.3606
    7.5000  -37.5000   -7.5000 5350.8647   30.4194
   -7.5000  -30.0000   -7.5000 5997.8755   29.3904
    0.0000  -30.0000   -7.5000 6323.1753   29.4499
    7.5000  -30.0000   -7.5000 5954.3662   29.5100
   -7.5000  -22.5000   -7.5000 6449.5337   28.0604
    0.0000  -22.5000   -7.5000 6796.8159   28.1176
    7.5000  -22.5000   -7.5000 6388.2456   28.1744
   -7.5000  -15.0000   -7.5000 7190.7407   27.0906
    0.0000  -15.0000   -7.5000 7607.1411   27.1436
    7.5000  -15.0000   -7.5000 7101.3335   27.1920
   -7.5000   -7.5000   -7.5000 8016.2280   26.5856
    0.0000   -7.5000   -7.5000 8500.9121   26.6280
    7.5000   -7.5000   -7.5000 7885.9897   26.6685
   -7.5000    0.0000   -7.5000 9002.7520   26.5484
    0.0000    0.0000   -7.5000 9571.5654   26.5853
    7.5000    0.0000   -7.5000 8840.8652   26.6225
   -7.5000    7.5000   -7.5000 9117.4053   26.4999
    0.0000    7.5000   -7.5000 9716.1172   26.5334
    7.5000    7.5000   -7.5000 8957.6006   26.5735
   -7.5000   15.0000   -7.5000 8972.7031   26.0519
    0.0000   15.0000   -7.5000 9519.6025   26.0918
    7.5000   15.0000   -7.5000 8848.7695   26.1396
   -7.5000   22.5000   -7.5000 8793.1494   25.3571
    0.0000   22.5000   -7.5000 9315.9473   25.4073
    7.5000   22.5000   -7.5000 8703.0674   25.4573
   -7.5000   30.0000   -7.5000 8997.8887   25.3667
    0.0000   30.0000   -7.5000 9494.0840   25.4157
    7.5000   30.0000   -7.5000 8926.5859   25.4608
   -7.5000   37.5000   -7.5000 8689.2178   24.7254
    0.0000   37.5000   -7.5000 9173.3350   24.7652
    7.5000   37.5000   -7.5000 8644.3193   24.8029
   -7.5000   45.0000   -7.5000 8320.4023   23.9179
    0.0000   45.0000   -7.5000 8743.1396   23.9512
    7.5000   45.0000   -7.5000 8270.9346   23.9847
   -7.5000  -45.0000    0.0000 5100.1465   31.1194
    0.0000  -45.0000    0.0000 5389.1851   31.1801
    7.5000  -45.0000    0.0000 5091.9150   31.2377
   -7.5000  -37.5000    0.0000 5632.2725   31.0623
    0.0000  -37.5000    0.0000 5946.5020   31.1062
    7.5000  -37.5000    0.0000 5600.6030   31.1641
   -7.5000  -30.0000    0.0000 6284.7490   30.1125
    0.0000  -30.0000    0.0000 6650.8740   30.1651
    7.5000  -30.0000    0.0000 6245.0044   30.2148
   -7.5000  -22.5000    0.0000 6761.2832   28.7516
    0.0000  -22.5000    0.0000 7167.6943   28.7996
    7.5000  -22.5000    0.0000 6697.3540   28.8367
   -7.5000  -15.0000    0.0000 7521.6304   27.7530
    0.0000  -15.0000    0.0000 8000.9824   27.7962
    7.5000  -15.0000    0.0000 7424.6118   27.8269
   -7.5000   -7.5000    0.0000 8368.9199   27.2272
    0.0000   -7.5000    0.0000 8900.4375   27.2586
    7.5000   -7.5000    0.0000 8238.9102   27.2908
   -7.5000    0.0000    0.0000 9447.4902   27.1846
    0.0000    0.0000    0.000010137.2988   27.2110
    7.5000    0.0000    0.0000 9294.7979   27.2484
   -7.5000    7.5000    0.0000 9776.5400   27.1385
    0.0000    7.5000    0.000010580.6045   27.1641
    7.5000    7.5000    0.0000 9609.8848   27.2045
   -7.5000   15.0000    0.0000 9808.9844   26.6918
    0.0000   15.0000    0.000010612.0918   26.7247
    7.5000   15.0000    0.0000 9705.0674   26.7633
   -7.5000   22.5000    0.0000 9568.8398   25.9950
    0.0000   22.5000    0.000010280.6611   26.0371
    7.5000   22.5000    0.0000 9524.3760   26.0702
   -7.5000   30.0000    0.0000 9716.1855   26.0010
    0.0000   30.0000    0.000010342.9102   26.0411
    7.5000   30.0000    0.0000 9643.4443   26.0705
   -7.5000   37.5000    0.0000 9370.5156   25.3516
    0.0000   37.5000    0.0000 9943.3613   25.3813
    7.5000   37.5000    0.0000 9256.5586   25.4114
   -7.5000   45.0000    0.0000 8933.8154   24.5382
    0.0000   45.0000    0.0000 9470.0762   24.5620
    7.5000   45.0000    0.0000 8819.4648   24.5958
   -7.5000  -45.0000    7.5000 4919.8198   31.4332
    0.0000  -45.0000    7.5000 5224.0425   31.4905
    7.5000  -45.0000    7.5000 4905.7021   31.5623
   -7.5000  -37.5000    7.5000 5466.7041   31.3776
    0.0000  -37.5000    7.5000 5790.1875   31.4026
    7.5000  -37.5000    7.5000 5435.9727   31.4605
   -7.5000  -30.0000    7.5000 6111.5000   30.4335
    0.0000  -30.0000    7.5000 6464.9546   30.4639
    7.5000  -30.0000    7.5000 6097.6821   30.5026
   -7.5000  -22.5000    7.5000 6554.2637   29.0442
    0.0000  -22.5000    7.5000 6926.9365   29.0785
    7.5000  -22.5000    7.5000 6533.0181   29.1051
   -7.5000  -15.0000    7.5000 7279.0366   28.0081
    0.0000  -15.0000    7.5000 7691.3237   28.0498
    7.5000  -15.0000    7.5000 7227.5439   28.0824
   -7.5000   -7.5000    7.5000 8121.7900   27.4469
    0.0000   -7.5000    7.5000 8571.0430   27.4808
    7.5000   -7.5000    7.5000 8018.7769   27.5258
   -7.5000    0.0000    7.5000 9250.2012   27.4012
    0.0000    0.0000    7.5000 9921.1064   27.4238
    7.5000    0.0000    7.5000 9102.0615   27.4747
   -7.5000    7.5000    7.5000 9689.2109   27.3794
    0.0000    7.5000    7.500010652.0000   27.3906
    7.5000    7.5000    7.5000 9490.3398   27.4334
   -7.5000   15.0000    7.5000 9793.3838   26.9507
    0.0000   15.0000    7.500010973.9268   26.9654
    7.5000   15.0000    7.5000 9611.7686   26.9951
   -7.5000   22.5000    7.5000 9609.2471   26.2479
    0.0000   22.5000    7.500010612.2275   26.2786
    7.5000   22.5000    7.5000 9437.0127   26.3033
   -7.5000   30.0000    7.5000 9643.2471   26.2346
    0.0000   30.0000    7.500010456.9170   26.2734
    7.5000   30.0000    7.5000 9444.5947   26.3047
   -7.5000   37.5000    7.5000 9197.5537   25.5555
    0.0000   37.5000    7.5000 9858.3672   25.5876
    7.5000   37.5000    7.5000 9004.9170   25.6297
   -7.5000   45.0000    7.5000 8711.7305   24.7337
    0.0000   45.0000    7.5000 9307.1582   24.7541
    7.5000   45.0000    7.5000 8574.5107   24.8001
   -7.5000  -45.0000   15.0000 4758.7148   32.1685
    0.0000  -45.0000   15.0000 5043.0366   32.2403
    7.5000  -45.0000   15.0000 4758.1816   32.3354
   -7.5000  -37.5000   15.0000 5286.1567   32.0838
    0.0000  -37.5000   15.0000 5578.0005   32.1058
    7.5000  -37.5000   15.0000 5287.5542   32.1722
   -7.5000  -30.0000   15.0000 5917.0591   31.1049
    0.0000  -30.0000   15.0000 6230.3555   31.1251
    7.5000  -30.0000   15.0000 5914.9980   31.1692
   -7.5000  -22.5000   15.0000 6356.8579   29.6526
    0.0000  -22.5000   15.0000 6692.1514   29.6871
    7.5000  -22.5000   15.0000 6342.1118   29.7281
   -7.5000  -15.0000   15.0000 7107.2666   28.5587
    0.0000  -15.0000   15.0000 7492.2378   28.6145
    7.5000  -15.0000   15.0000 7070.9453   28.6712
   -7.5000   -7.5000   15.0000 7977.4697   27.9576
    0.0000   -7.5000   15.0000 8458.0498   28.0112
    7.5000   -7.5000   15.0000 7892.7451   28.0818
   -7.5000    0.0000   15.0000 9103.5332   27.9131
    0.0000    0.0000   15.0000 9806.4854   27.9479
    7.5000    0.0000   15.0000 8943.0947   28.0173
   -7.5000    7.5000   15.0000 9401.9600   27.9112
    0.0000    7.5000   15.000010358.3047   27.9200
    7.5000    7.5000   15.0000 9218.0811   27.9704
   -7.5000   15.0000   15.0000 9370.6055   27.4898
    0.0000   15.0000   15.000010264.2061   27.4969
    7.5000   15.0000   15.0000 9207.8340   27.5316
   -7.5000   22.5000   15.0000 9101.1719   26.7705
    0.0000   22.5000   15.0000 9864.0264   26.8021
    7.5000   22.5000   15.0000 8978.6152   26.8397
   -7.5000   30.0000   15.0000 9179.7109   26.7405
    0.0000   30.0000   15.0000 9846.9980   26.7923
    7.5000   30.0000   15.0000 9043.0742   26.8454
   -7.5000   37.5000   15.0000 8782.5430   26.0315
    0.0000   37.5000   15.0000 9401.6670   26.0818
    7.5000   37.5000   15.0000 8656.8145   26.1476
   -7.5000   45.0000   15.0000 8320.1240   25.1958
    0.0000   45.0000   15.0000 8877.7158   25.2272
    7.5000   45.0000   15.0000 8214.0840   25.2898
   -7.5000  -45.0000   22.5000 4560.3599   33.0070
    0.0000  -45.0000   22.5000 4841.0000   33.0904
    7.5000  -45.0000   22.5000 4580.8135   33.1884
   -7.5000  -37.5000   22.5000 5084.7314   32.8921
    0.0000  -37.5000   22.5000 5346.1631   32.9244
    7.5000  -37.5000   22.5000 5083.8179   32.9930
   -7.5000  -30.0000   22.5000 5715.6465   31.8293
    0.0000  -30.0000   22.5000 5981.2168   31.8555
    7.5000  -30.0000   22.5000 5690.2197   31.9105
   -7.5000  -22.5000   22.5000 6148.6309   30.2995
    0.0000  -22.5000   22.5000 6444.0898   30.3413
    7.5000  -22.5000   22.5000 6107.8691   30.4020
   -7.5000  -15.0000   22.5000 6852.4341   29.1583
    0.0000  -15.0000   22.5000 7186.4028   29.2228
    7.5000  -15.0000   22.5000 6808.2383   29.2973
   -7.5000   -7.5000   22.5000 7632.9868   28.5408
    0.0000   -7.5000   22.5000 8070.7925   28.6052
    7.5000   -7.5000   22.5000 7560.8169   28.6843
   -7.5000    0.0000   22.5000 8573.5166   28.5021
    0.0000    0.0000   22.5000 9131.2178   28.5479
    7.5000    0.0000   22.5000 8478.9805   28.6177
   -7.5000    7.5000   22.5000 8708.6045   28.4938
    0.0000    7.5000   22.5000 9340.4072   28.5101
    7.5000    7.5000   22.5000 8617.6895   28.5605
   -7.5000   15.0000   22.5000 8605.7041   28.0500
    0.0000   15.0000   22.5000 9110.9150   28.0627
    7.5000   15.0000   22.5000 8531.7979   28.1066
   -7.5000   22.5000   22.5000 8443.3105   27.3246
    0.0000   22.5000   22.5000 8893.0449   27.3632
    7.5000   22.5000   22.5000 8385.5439   27.4177
   -7.5000   30.0000   22.5000 8627.5107   27.2986
    0.0000   30.0000   22.5000 9096.1104   27.3583
    7.5000   30.0000   22.5000 8556.8633   27.4273
   -7.5000   37.5000   22.5000 8333.0479   26.5990
    0.0000   37.5000   22.5000 8800.8164   26.6595
    7.5000   37.5000   22.5000 8252.7539   26.7332
   -7.5000   45.0000   22.5000 7901.7197   25.7627
    0.0000   45.0000   22.5000 8351.0742   25.8041
    7.5000   45.0000   22.5000 7822.7373   25.8672
   -7.5000  -45.0000   30.0000 4559.9272   34.2357
    0.0000  -45.0000   30.0000 4817.8867   34.3208
    7.5000  -45.0000   30.0000 4564.2070   34.4026
   -7.5000  -37.5000   30.0000 5091.0737   34.0982
    0.0000  -37.5000   30.0000 5342.4170   34.1475
    7.5000  -37.5000   30.0000 5078.2500   34.2118
   -7.5000  -30.0000   30.0000 5686.7598   32.9449
    0.0000  -30.0000   30.0000 5932.0781   32.9926
    7.5000  -30.0000   30.0000 5653.9927   33.0571
   -7.5000  -22.5000   30.0000 6097.2612   31.3282
    0.0000  -22.5000   30.0000 6335.7388   31.3831
    7.5000  -22.5000   30.0000 6052.8149   31.4570
   -7.5000  -15.0000   30.0000 6779.3042   30.1439
    0.0000  -15.0000   30.0000 7055.3257   30.2087
    7.5000  -15.0000   30.0000 6721.6084   30.2855
   -7.5000   -7.5000   30.0000 7504.3945   29.5137
    0.0000   -7.5000   30.0000 7850.9443   29.5732
    7.5000   -7.5000   30.0000 7444.1689   29.6415
   -7.5000    0.0000   30.0000 8351.7363   29.4670
    0.0000    0.0000   30.0000 8765.4111   29.5138
    7.5000    0.0000   30.0000 8291.6895   29.5677
   -7.5000    7.5000   30.0000 8393.0830   29.4244
    0.0000    7.5000   30.0000 8830.8008   29.4525
    7.5000    7.5000   30.0000 8342.5254   29.4962
   -7.5000   15.0000   30.0000 8297.1914   28.9407
    0.0000   15.0000   30.0000 8635.7402   28.9701
    7.5000   15.0000   30.0000 8238.0459   29.0211
   -7.5000   22.5000   30.0000 8214.1230   28.1971
    0.0000   22.5000   30.0000 8584.4521   28.2463
    7.5000   22.5000   30.0000 8156.6802   28.3114
   -7.5000   30.0000   30.0000 8437.6934   28.1992
    0.0000   30.0000   30.0000 8850.6162   28.2590
    7.5000   30.0000   30.0000 8371.1182   28.3299
   -7.5000   37.5000   30.0000 8157.9028   27.5038
    0.0000   37.5000   30.0000 8553.0166   27.5597
    7.5000   37.5000   30.0000 8081.8872   27.6234
   -7.5000   45.0000   30.0000 7742.8496   26.6348
    0.0000   45.0000   30.0000 8122.4878   26.6772
    7.5000   45.0000   30.0000 7678.4204   26.7259
   -7.5000  -45.0000   37.5000 4352.5874   34.9065
    0.0000  -45.0000   37.5000 4589.4575   34.9833
    7.5000  -45.0000   37.5000 4352.6899   35.0425
   -7.5000  -37.5000   37.5000 4832.9258   34.7388
    0.0000  -37.5000   37.5000 5039.0229   34.7913
    7.5000  -37.5000   37.5000 4805.8501   34.8484
   -7.5000  -30.0000   37.5000 5389.8877   33.5457
    0.0000  -30.0000   37.5000 5586.6289   33.6053
    7.5000  -30.0000   37.5000 5351.2988   33.6693
   -7.5000  -22.5000   37.5000 5781.9697   31.9035
    0.0000  -22.5000   37.5000 5975.8291   31.9618
    7.5000  -22.5000   37.5000 5726.8057   32.0272
   -7.5000  -15.0000   37.5000 6415.1812   30.6761
    0.0000  -15.0000   37.5000 6650.7046   30.7322
    7.5000  -15.0000   37.5000 6364.4082   30.7881
   -7.5000   -7.5000   37.5000 7061.1924   30.0242
    0.0000   -7.5000   37.5000 7366.3252   30.0687
    7.5000   -7.5000   37.5000 7019.7607   30.1116
   -7.5000    0.0000   37.5000 7818.5083   29.9640
    0.0000    0.0000   37.5000 8150.4600   30.0004
    7.5000    0.0000   37.5000 7771.8267   30.0345
   -7.5000    7.5000   37.5000 7806.1860   29.8958
    0.0000    7.5000   37.5000 8147.8652   29.9254
    7.5000    7.5000   37.5000 7772.1064   29.9616
   -7.5000   15.0000   37.5000 7730.4585   29.3868
    0.0000   15.0000   37.5000 8024.4839   29.4236
    7.5000   15.0000   37.5000 7685.7476   29.4729
   -7.5000   22.5000   37.5000 7688.4004   28.6455
    0.0000   22.5000   37.5000 8017.9263   28.6967
    7.5000   22.5000   37.5000 7628.0273   28.7533
   -7.5000   30.0000   37.5000 7883.9834   28.6688
    0.0000   30.0000   37.5000 8243.0371   28.7207
    7.5000   30.0000   37.5000 7812.6030   28.7725
   -7.5000   37.5000   37.5000 7621.7993   27.9772
    0.0000   37.5000   37.5000 7965.8301   28.0192
    7.5000   37.5000   37.5000 7557.2817   28.0593
   -7.5000   45.0000   37.5000 7238.3906   27.0808
    0.0000   45.0000   37.5000 7569.3701   27.1137
    7.5000   45.0000   37.5000 7174.8286   27.1445
   -7.5000  -45.0000   45.0000 4094.6946   35.4873
    0.0000  -45.0000   45.0000 4320.5347   35.5747
    7.5000  -45.0000   45.0000 4097.0210   35.6440
   -7.5000  -37.5000   45.0000 4543.6655   35.3263
    0.0000  -37.5000   45.0000 4751.4834   35.3779
    7.5000  -37.5000   45.0000 4523.3447   35.4429
   -7.5000  -30.0000   45.0000 5082.5615   34.1069
    0.0000  -30.0000   45.0000 5292.9697   34.1686
    7.5000  -30.0000   45.0000 5056.4907   34.2236
   -7.5000  -22.5000   45.0000 5448.1899   32.4703
    0.0000  -22.5000   45.0000 5678.9277   32.5301
    7.5000  -22.5000   45.0000 5415.0483   32.5716
   -7.5000  -15.0000   45.0000 6013.9951   31.1966
    0.0000  -15.0000   45.0000 6272.9727   31.2557
    7.5000  -15.0000   45.0000 5989.6055   31.2910
   -7.5000   -7.5000   45.0000 6618.9604   30.4767
    0.0000   -7.5000   45.0000 6902.7803   30.5229
    7.5000   -7.5000   45.0000 6577.1885   30.5600
   -7.5000    0.0000   45.0000 7283.6724   30.3954
    0.0000    0.0000   45.0000 7594.9707   30.4309
    7.5000    0.0000   45.0000 7256.6084   30.4719
   -7.5000    7.5000   45.0000 7279.0791   30.3361
    0.0000    7.5000   45.0000 7599.7202   30.3637
    7.5000    7.5000   45.0000 7240.9609   30.4057
   -7.5000   15.0000   45.0000 7212.3159   29.8390
    0.0000   15.0000   45.0000 7510.7651   29.8742
    7.5000   15.0000   45.0000 7161.3521   29.9147
   -7.5000   22.5000   45.0000 7165.2783   29.1014
    0.0000   22.5000   45.0000 7476.9932   29.1527
    7.5000   22.5000   45.0000 7120.3682   29.1889
   -7.5000   30.0000   45.0000 7329.3833   29.1181
    0.0000   30.0000   45.0000 7659.3311   29.1728
    7.5000   30.0000   45.0000 7274.6372   29.2062
   -7.5000   37.5000   45.0000 7077.2495   28.3881
    0.0000   37.5000   45.0000 7382.6606   28.4319
    7.5000   37.5000   45.0000 7029.0835   28.4666
   -7.5000   45.0000   45.0000 6724.5806   27.4533
    0.0000   45.0000   45.0000 6996.4785   27.4854
    7.5000   45.0000   45.0000 6666.6226   27.5224

---------------------------------------------------------------------
imgreg_4dfp /opt/freesurfer/average/711-2C_as_mni_average_305 /opt/freesurfer/average/711-2B_as_mni_average_305_mask talsrcimg_g11 none talsrcimg_to_711-2C_as_mni_average_305_t4 4355
---------------------------------------------------------------------

freesurfer imgreg_4dfp.c
/opt/freesurfer/average/711-2C_as_mni_average_305.4dfp.img
       256       256       256         1
  1.000000  1.000000  1.000000
orientation T byte_order littleendian
Reading image: /opt/freesurfer/average/711-2C_as_mni_average_305.4dfp.img
dimensions:      256       256       256
mmppix:       1.0000   -1.0000   -1.0000
center:     128.0000 -129.0000 -129.0000
/opt/freesurfer/average/711-2B_as_mni_average_305_mask.4dfp.img
       256       256       256         1
  1.000000  1.000000  1.000000
orientation T byte_order littleendian
Reading mask: /opt/freesurfer/average/711-2B_as_mni_average_305_mask.4dfp.img (2306576 pixels)
talsrcimg_g11.4dfp.img
       320       320       320         1
  0.700000  0.700000  0.700000
orientation T byte_order littleendian
Reading image: talsrcimg_g11.4dfp.img
dimensions:      320       320       320
mmppix:       0.7000   -0.7000   -0.7000
center:     112.0000 -112.7000 -112.7000
rotation matrix determinant  1.000000
image alignment mode   4355 decimal     1103 hex
   -7.5000  -30.0000  -37.5000 2010.7217   39.9179
    0.0000  -30.0000  -37.5000 2017.0173   40.0183
    7.5000  -30.0000  -37.5000 2002.2605   39.8011
   -7.5000  -22.5000  -37.5000 2130.6355   35.4365
    0.0000  -22.5000  -37.5000 2142.3386   35.5047
    7.5000  -22.5000  -37.5000 2123.7754   35.4544
   -7.5000  -15.0000  -37.5000 2248.6211   32.1932
    0.0000  -15.0000  -37.5000 2259.2178   32.2409
    7.5000  -15.0000  -37.5000 2240.3235   32.3452
   -7.5000   -7.5000  -37.5000 2324.0496   29.8088
    0.0000   -7.5000  -37.5000 2335.6187   29.7919
    7.5000   -7.5000  -37.5000 2311.7124   29.9713
   -7.5000    0.0000  -37.5000 2374.1040   27.9278
    0.0000    0.0000  -37.5000 2377.3792   27.8664
    7.5000    0.0000  -37.5000 2357.5874   28.1755
   -7.5000    7.5000  -37.5000 2403.7510   26.4542
    0.0000    7.5000  -37.5000 2407.1328   26.4287
    7.5000    7.5000  -37.5000 2388.6348   26.7460
   -7.5000   15.0000  -37.5000 2411.0103   25.3768
    0.0000   15.0000  -37.5000 2414.9158   25.3620
    7.5000   15.0000  -37.5000 2397.1069   25.7020
   -7.5000   22.5000  -37.5000 2406.1575   24.8182
    0.0000   22.5000  -37.5000 2406.0442   24.7634
    7.5000   22.5000  -37.5000 2391.8276   25.1626
   -7.5000   30.0000  -37.5000 2385.4026   24.6377
    0.0000   30.0000  -37.5000 2398.2495   24.6800
    7.5000   30.0000  -37.5000 2372.1648   25.0637
   -7.5000   37.5000  -37.5000 2338.8479   24.9260
    0.0000   37.5000  -37.5000 2350.1526   24.9251
    7.5000   37.5000  -37.5000 2324.1316   25.2607
   -7.5000   45.0000  -37.5000 2247.7288   25.2497
    0.0000   45.0000  -37.5000 2258.4294   25.3006
    7.5000   45.0000  -37.5000 2231.7979   25.5922
   -7.5000   52.5000  -37.5000 2112.4492   25.5237
    0.0000   52.5000  -37.5000 2128.8037   25.6095
    7.5000   52.5000  -37.5000 2099.7402   25.8415
   -7.5000   60.0000  -37.5000 1953.6689   25.7161
    0.0000   60.0000  -37.5000 1973.0406   25.8195
    7.5000   60.0000  -37.5000 1945.4893   26.1283
   -7.5000  -30.0000  -30.0000 2107.5327   39.7848
    0.0000  -30.0000  -30.0000 2119.6389   39.8103
    7.5000  -30.0000  -30.0000 2104.0537   39.6785
   -7.5000  -22.5000  -30.0000 2248.6021   35.3726
    0.0000  -22.5000  -30.0000 2261.1904   35.3259
    7.5000  -22.5000  -30.0000 2244.3621   35.3800
   -7.5000  -15.0000  -30.0000 2374.4255   32.0670
    0.0000  -15.0000  -30.0000 2387.2944   31.9939
    7.5000  -15.0000  -30.0000 2366.1260   32.1838
   -7.5000   -7.5000  -30.0000 2454.4648   29.5742
    0.0000   -7.5000  -30.0000 2467.3677   29.5083
    7.5000   -7.5000  -30.0000 2445.2012   29.7391
   -7.5000    0.0000  -30.0000 2501.2280   27.5906
    0.0000    0.0000  -30.0000 2509.5488   27.5375
    7.5000    0.0000  -30.0000 2493.9949   27.8211
   -7.5000    7.5000  -30.0000 2539.8279   25.9814
    0.0000    7.5000  -30.0000 2544.0312   25.9361
    7.5000    7.5000  -30.0000 2530.8743   26.2293
   -7.5000   15.0000  -30.0000 2553.0349   24.8573
    0.0000   15.0000  -30.0000 2558.2490   24.7628
    7.5000   15.0000  -30.0000 2542.7578   25.1100
   -7.5000   22.5000  -30.0000 2545.5444   24.1102
    0.0000   22.5000  -30.0000 2550.8940   24.0691
    7.5000   22.5000  -30.0000 2538.6082   24.4268
   -7.5000   30.0000  -30.0000 2532.9375   23.9342
    0.0000   30.0000  -30.0000 2549.5254   23.9599
    7.5000   30.0000  -30.0000 2525.6089   24.3699
   -7.5000   37.5000  -30.0000 2490.5461   24.2034
    0.0000   37.5000  -30.0000 2500.0063   24.1700
    7.5000   37.5000  -30.0000 2478.8005   24.5699
   -7.5000   45.0000  -30.0000 2396.6882   24.5849
    0.0000   45.0000  -30.0000 2405.7976   24.5027
    7.5000   45.0000  -30.0000 2385.4097   24.9067
   -7.5000   52.5000  -30.0000 2260.9207   24.9480
    0.0000   52.5000  -30.0000 2273.4905   24.8594
    7.5000   52.5000  -30.0000 2252.2268   25.2691
   -7.5000   60.0000  -30.0000 2093.0229   25.1642
    0.0000   60.0000  -30.0000 2109.7502   25.1435
    7.5000   60.0000  -30.0000 2083.8083   25.4920
   -7.5000  -30.0000  -22.5000 2141.8875   38.1710
    0.0000  -30.0000  -22.5000 2162.1509   38.1453
    7.5000  -30.0000  -22.5000 2139.9790   38.0035
   -7.5000  -22.5000  -22.5000 2288.3472   33.8216
    0.0000  -22.5000  -22.5000 2303.9094   33.7972
    7.5000  -22.5000  -22.5000 2285.4451   33.7861
   -7.5000  -15.0000  -22.5000 2414.3491   30.6005
    0.0000  -15.0000  -22.5000 2431.7451   30.5780
    7.5000  -15.0000  -22.5000 2410.1458   30.7014
   -7.5000   -7.5000  -22.5000 2499.6855   28.2539
    0.0000   -7.5000  -22.5000 2513.6001   28.1237
    7.5000   -7.5000  -22.5000 2496.2324   28.3658
   -7.5000    0.0000  -22.5000 2546.9233   26.2139
    0.0000    0.0000  -22.5000 2559.3130   26.1223
    7.5000    0.0000  -22.5000 2547.3376   26.4025
   -7.5000    7.5000  -22.5000 2591.1145   24.5413
    0.0000    7.5000  -22.5000 2601.4290   24.4812
    7.5000    7.5000  -22.5000 2587.4756   24.7659
   -7.5000   15.0000  -22.5000 2612.8027   23.2421
    0.0000   15.0000  -22.5000 2623.0908   23.1487
    7.5000   15.0000  -22.5000 2602.1545   23.4611
   -7.5000   22.5000  -22.5000 2607.0867   22.4212
    0.0000   22.5000  -22.5000 2621.8604   22.3838
    7.5000   22.5000  -22.5000 2601.1501   22.7220
   -7.5000   30.0000  -22.5000 2600.0813   22.3333
    0.0000   30.0000  -22.5000 2620.4531   22.2987
    7.5000   30.0000  -22.5000 2602.3987   22.7281
   -7.5000   37.5000  -22.5000 2565.0916   22.6382
    0.0000   37.5000  -22.5000 2575.1472   22.5182
    7.5000   37.5000  -22.5000 2558.9304   22.9824
   -7.5000   45.0000  -22.5000 2465.7573   22.9398
    0.0000   45.0000  -22.5000 2473.7915   22.8240
    7.5000   45.0000  -22.5000 2455.4292   23.2397
   -7.5000   52.5000  -22.5000 2323.2227   23.2706
    0.0000   52.5000  -22.5000 2333.3696   23.1084
    7.5000   52.5000  -22.5000 2319.4109   23.5402
   -7.5000   60.0000  -22.5000 2149.1035   23.5896
    0.0000   60.0000  -22.5000 2163.0989   23.4200
    7.5000   60.0000  -22.5000 2147.8420   23.8139
   -7.5000  -30.0000  -15.0000 2222.2156   37.9084
    0.0000  -30.0000  -15.0000 2232.9722   37.8858
    7.5000  -30.0000  -15.0000 2205.8176   37.7645
   -7.5000  -22.5000  -15.0000 2367.3811   33.4131
    0.0000  -22.5000  -15.0000 2380.7417   33.4646
    7.5000  -22.5000  -15.0000 2353.0166   33.3466
   -7.5000  -15.0000  -15.0000 2499.1213   30.1265
    0.0000  -15.0000  -15.0000 2513.0081   30.1987
    7.5000  -15.0000  -15.0000 2483.1116   30.1567
   -7.5000   -7.5000  -15.0000 2594.6736   27.7373
    0.0000   -7.5000  -15.0000 2608.8469   27.8085
    7.5000   -7.5000  -15.0000 2579.4885   27.8545
   -7.5000    0.0000  -15.0000 2653.4800   25.7988
    0.0000    0.0000  -15.0000 2672.1431   25.8020
    7.5000    0.0000  -15.0000 2652.4761   25.9640
   -7.5000    7.5000  -15.0000 2695.3950   23.9820
    0.0000    7.5000  -15.0000 2713.5750   23.9940
    7.5000    7.5000  -15.0000 2692.4509   24.2328
   -7.5000   15.0000  -15.0000 2716.7773   22.4664
    0.0000   15.0000  -15.0000 2728.9583   22.3489
    7.5000   15.0000  -15.0000 2707.6208   22.7590
   -7.5000   22.5000  -15.0000 2722.7466   21.5199
    0.0000   22.5000  -15.0000 2731.2349   21.4128
    7.5000   22.5000  -15.0000 2718.9766   21.9058
   -7.5000   30.0000  -15.0000 2725.3372   21.5070
    0.0000   30.0000  -15.0000 2737.2007   21.3664
    7.5000   30.0000  -15.0000 2723.7607   21.8962
   -7.5000   37.5000  -15.0000 2675.5352   21.7918
    0.0000   37.5000  -15.0000 2693.2021   21.6405
    7.5000   37.5000  -15.0000 2679.4788   22.1546
   -7.5000   45.0000  -15.0000 2565.9275   22.1371
    0.0000   45.0000  -15.0000 2576.3865   22.0048
    7.5000   45.0000  -15.0000 2569.1252   22.5300
   -7.5000   52.5000  -15.0000 2427.9688   22.5294
    0.0000   52.5000  -15.0000 2436.2791   22.3636
    7.5000   52.5000  -15.0000 2421.3484   22.8552
   -7.5000   60.0000  -15.0000 2250.6130   22.8813
    0.0000   60.0000  -15.0000 2267.6421   22.7344
    7.5000   60.0000  -15.0000 2246.7207   23.2118
   -7.5000  -30.0000   -7.5000 2275.4407   37.8183
    0.0000  -30.0000   -7.5000 2297.5183   37.8335
    7.5000  -30.0000   -7.5000 2265.5422   37.7373
   -7.5000  -22.5000   -7.5000 2419.1812   33.2194
    0.0000  -22.5000   -7.5000 2437.6104   33.2456
    7.5000  -22.5000   -7.5000 2414.6138   33.2290
   -7.5000  -15.0000   -7.5000 2543.7864   29.8689
    0.0000  -15.0000   -7.5000 2562.7778   29.9517
    7.5000  -15.0000   -7.5000 2535.7139   29.9023
   -7.5000   -7.5000   -7.5000 2643.0032   27.3866
    0.0000   -7.5000   -7.5000 2659.4546   27.4943
    7.5000   -7.5000   -7.5000 2623.9619   27.4207
   -7.5000    0.0000   -7.5000 2713.9250   25.4272
    0.0000    0.0000   -7.5000 2733.8713   25.4796
    7.5000    0.0000   -7.5000 2700.2087   25.5163
   -7.5000    7.5000   -7.5000 2765.8218   23.6757
    0.0000    7.5000   -7.5000 2787.6558   23.6760
    7.5000    7.5000   -7.5000 2760.6821   23.8558
   -7.5000   15.0000   -7.5000 2782.8357   21.9377
    0.0000   15.0000   -7.5000 2796.3918   21.8077
    7.5000   15.0000   -7.5000 2782.6223   22.3430
   -7.5000   22.5000   -7.5000 2785.6929   20.7526
    0.0000   22.5000   -7.5000 2795.9441   20.5492
    7.5000   22.5000   -7.5000 2786.3918   21.3362
   -7.5000   30.0000   -7.5000 2784.2585   20.6734
    0.0000   30.0000   -7.5000 2793.3696   20.4846
    7.5000   30.0000   -7.5000 2787.4055   21.2025
   -7.5000   37.5000   -7.5000 2738.8262   21.0047
    0.0000   37.5000   -7.5000 2749.3430   20.7628
    7.5000   37.5000   -7.5000 2745.6633   21.4257
   -7.5000   45.0000   -7.5000 2643.2832   21.4803
    0.0000   45.0000   -7.5000 2650.3979   21.2587
    7.5000   45.0000   -7.5000 2640.6289   21.8342
   -7.5000   52.5000   -7.5000 2493.3018   21.8846
    0.0000   52.5000   -7.5000 2498.3550   21.6349
    7.5000   52.5000   -7.5000 2492.4368   22.2023
   -7.5000   60.0000   -7.5000 2313.8845   22.3773
    0.0000   60.0000   -7.5000 2324.2100   22.1138
    7.5000   60.0000   -7.5000 2316.2004   22.6935
   -7.5000  -30.0000    0.0000 2286.3899   37.5791
    0.0000  -30.0000    0.0000 2308.0388   37.6397
    7.5000  -30.0000    0.0000 2276.0955   37.4368
   -7.5000  -22.5000    0.0000 2431.6074   32.9658
    0.0000  -22.5000    0.0000 2456.3284   33.1493
    7.5000  -22.5000    0.0000 2427.1758   32.9668
   -7.5000  -15.0000    0.0000 2558.3303   29.6560
    0.0000  -15.0000    0.0000 2585.6160   29.8961
    7.5000  -15.0000    0.0000 2545.8701   29.6605
   -7.5000   -7.5000    0.0000 2652.3428   27.0903
    0.0000   -7.5000    0.0000 2682.0815   27.4032
    7.5000   -7.5000    0.0000 2637.6375   27.1622
   -7.5000    0.0000    0.0000 2732.1011   25.0757
    0.0000    0.0000    0.0000 2761.2053   25.3598
    7.5000    0.0000    0.0000 2725.6113   25.1688
   -7.5000    7.5000    0.0000 2792.3657   23.3682
    0.0000    7.5000    0.0000 2832.5962   23.6324
    7.5000    7.5000    0.0000 2803.0916   23.4918
   -7.5000   15.0000    0.0000 2830.9661   21.9054
    0.0000   15.0000    0.0000 2866.7737   22.0333
    7.5000   15.0000    0.0000 2847.6091   22.2287
   -7.5000   22.5000    0.0000 2818.2734   20.5343
    0.0000   22.5000    0.0000 2850.3591   20.6010
    7.5000   22.5000    0.0000 2843.7239   21.1989
   -7.5000   30.0000    0.0000 2815.8616   20.2015
    0.0000   30.0000    0.0000 2831.1169   20.0944
    7.5000   30.0000    0.0000 2820.5840   20.7558
   -7.5000   37.5000    0.0000 2768.4392   20.3926
    0.0000   37.5000    0.0000 2790.6101   20.2350
    7.5000   37.5000    0.0000 2773.5540   20.7736
   -7.5000   45.0000    0.0000 2667.4565   20.8674
    0.0000   45.0000    0.0000 2678.4026   20.6236
    7.5000   45.0000    0.0000 2672.9163   21.1235
   -7.5000   52.5000    0.0000 2521.0022   21.4373
    0.0000   52.5000    0.0000 2538.2659   21.2224
    7.5000   52.5000    0.0000 2529.8816   21.6978
   -7.5000   60.0000    0.0000 2353.4060   22.0548
    0.0000   60.0000    0.0000 2370.6262   21.8543
    7.5000   60.0000    0.0000 2357.2568   22.2915
   -7.5000  -30.0000    7.5000 2282.5400   37.4148
    0.0000  -30.0000    7.5000 2298.9404   37.5047
    7.5000  -30.0000    7.5000 2275.7456   37.5288
   -7.5000  -22.5000    7.5000 2425.5232   32.7287
    0.0000  -22.5000    7.5000 2439.0266   32.7785
    7.5000  -22.5000    7.5000 2424.6980   32.9594
   -7.5000  -15.0000    7.5000 2539.5601   29.3243
    0.0000  -15.0000    7.5000 2554.3691   29.4204
    7.5000  -15.0000    7.5000 2538.6687   29.5633
   -7.5000   -7.5000    7.5000 2637.3926   26.8241
    0.0000   -7.5000    7.5000 2656.9192   27.0642
    7.5000   -7.5000    7.5000 2636.5967   27.0088
   -7.5000    0.0000    7.5000 2725.3757   24.9002
    0.0000    0.0000    7.5000 2752.0967   25.2754
    7.5000    0.0000    7.5000 2725.1025   24.9855
   -7.5000    7.5000    7.5000 2808.9841   23.4030
    0.0000    7.5000    7.5000 2867.2583   23.9746
    7.5000    7.5000    7.5000 2810.9253   23.3825
   -7.5000   15.0000    7.5000 2843.7251   21.9282
    0.0000   15.0000    7.5000 2938.5505   22.5797
    7.5000   15.0000    7.5000 2853.3469   22.0538
   -7.5000   22.5000    7.5000 2843.9180   20.6714
    0.0000   22.5000    7.5000 2910.2383   21.0714
    7.5000   22.5000    7.5000 2851.9680   20.9521
   -7.5000   30.0000    7.5000 2796.0647   19.9979
    0.0000   30.0000    7.5000 2841.6084   20.1691
    7.5000   30.0000    7.5000 2802.0549   20.3874
   -7.5000   37.5000    7.5000 2756.2185   19.9986
    0.0000   37.5000    7.5000 2767.3123   19.8096
    7.5000   37.5000    7.5000 2759.0439   20.3172
   -7.5000   45.0000    7.5000 2664.3838   20.4529
    0.0000   45.0000    7.5000 2680.4194   20.2264
    7.5000   45.0000    7.5000 2674.6382   20.7407
   -7.5000   52.5000    7.5000 2533.7822   21.1265
    0.0000   52.5000    7.5000 2544.2981   20.8530
    7.5000   52.5000    7.5000 2539.8533   21.3532
   -7.5000   60.0000    7.5000 2366.3132   21.7738
    0.0000   60.0000    7.5000 2379.8606   21.5298
    7.5000   60.0000    7.5000 2366.1875   21.9673
   -7.5000  -30.0000   15.0000 2274.3909   37.5824
    0.0000  -30.0000   15.0000 2267.1345   37.2840
    7.5000  -30.0000   15.0000 2263.2241   37.7936
   -7.5000  -22.5000   15.0000 2414.2852   32.8775
    0.0000  -22.5000   15.0000 2408.8501   32.7169
    7.5000  -22.5000   15.0000 2407.8235   33.0972
   -7.5000  -15.0000   15.0000 2528.7412   29.5608
    0.0000  -15.0000   15.0000 2529.0298   29.5859
    7.5000  -15.0000   15.0000 2528.9937   29.8361
   -7.5000   -7.5000   15.0000 2632.7754   27.0932
    0.0000   -7.5000   15.0000 2638.9895   27.2993
    7.5000   -7.5000   15.0000 2627.5730   27.3246
   -7.5000    0.0000   15.0000 2721.5627   25.0475
    0.0000    0.0000   15.0000 2749.9614   25.4729
    7.5000    0.0000   15.0000 2712.6138   25.1637
   -7.5000    7.5000   15.0000 2783.4373   23.3001
    0.0000    7.5000   15.0000 2851.6760   23.9576
    7.5000    7.5000   15.0000 2779.9668   23.3531
   -7.5000   15.0000   15.0000 2812.1733   21.7409
    0.0000   15.0000   15.0000 2873.6716   22.1944
    7.5000   15.0000   15.0000 2811.0054   21.8664
   -7.5000   22.5000   15.0000 2789.8354   20.3971
    0.0000   22.5000   15.0000 2837.1091   20.4916
    7.5000   22.5000   15.0000 2793.0383   20.6804
   -7.5000   30.0000   15.0000 2773.0835   20.0656
    0.0000   30.0000   15.0000 2780.0654   19.7280
    7.5000   30.0000   15.0000 2768.8982   20.2636
   -7.5000   37.5000   15.0000 2741.8098   20.1423
    0.0000   37.5000   15.0000 2763.5388   19.9354
    7.5000   37.5000   15.0000 2741.2729   20.3608
   -7.5000   45.0000   15.0000 2660.2578   20.6120
    0.0000   45.0000   15.0000 2680.1172   20.4747
    7.5000   45.0000   15.0000 2661.1147   20.8542
   -7.5000   52.5000   15.0000 2534.1082   21.2125
    0.0000   52.5000   15.0000 2546.9155   21.0488
    7.5000   52.5000   15.0000 2526.8257   21.3888
   -7.5000   60.0000   15.0000 2357.4827   21.8065
    0.0000   60.0000   15.0000 2378.6738   21.6200
    7.5000   60.0000   15.0000 2359.0461   21.9588
   -7.5000  -30.0000   22.5000 2248.2061   38.1979
    0.0000  -30.0000   22.5000 2223.5085   37.6531
    7.5000  -30.0000   22.5000 2230.6292   38.3251
   -7.5000  -22.5000   22.5000 2395.7056   33.5243
    0.0000  -22.5000   22.5000 2373.1941   33.1018
    7.5000  -22.5000   22.5000 2379.7319   33.5644
   -7.5000  -15.0000   22.5000 2509.2595   29.9931
    0.0000  -15.0000   22.5000 2494.5906   29.8240
    7.5000  -15.0000   22.5000 2498.5635   30.1997
   -7.5000   -7.5000   22.5000 2595.1943   27.1789
    0.0000   -7.5000   22.5000 2587.6365   27.1546
    7.5000   -7.5000   22.5000 2586.8140   27.4770
   -7.5000    0.0000   22.5000 2663.8103   24.8658
    0.0000    0.0000   22.5000 2676.0476   24.9734
    7.5000    0.0000   22.5000 2658.5691   25.0944
   -7.5000    7.5000   22.5000 2719.1958   22.9255
    0.0000    7.5000   22.5000 2732.0610   22.9658
    7.5000    7.5000   22.5000 2714.7656   23.1538
   -7.5000   15.0000   22.5000 2733.5098   21.3136
    0.0000   15.0000   22.5000 2769.3386   21.3421
    7.5000   15.0000   22.5000 2744.5256   21.5723
   -7.5000   22.5000   22.5000 2751.8369   20.3879
    0.0000   22.5000   22.5000 2744.0200   20.0114
    7.5000   22.5000   22.5000 2752.9944   20.6814
   -7.5000   30.0000   22.5000 2765.2239   20.3817
    0.0000   30.0000   22.5000 2776.2637   20.0683
    7.5000   30.0000   22.5000 2767.1033   20.5846
   -7.5000   37.5000   22.5000 2749.3284   20.7561
    0.0000   37.5000   22.5000 2761.3726   20.4948
    7.5000   37.5000   22.5000 2748.8596   20.9639
   -7.5000   45.0000   22.5000 2655.2690   21.3431
    0.0000   45.0000   22.5000 2672.8320   21.0839
    7.5000   45.0000   22.5000 2653.8804   21.4848
   -7.5000   52.5000   22.5000 2518.8801   21.8671
    0.0000   52.5000   22.5000 2535.3330   21.6403
    7.5000   52.5000   22.5000 2516.6118   21.9598
   -7.5000   60.0000   22.5000 2339.7852   22.2728
    0.0000   60.0000   22.5000 2361.8320   22.0596
    7.5000   60.0000   22.5000 2341.9705   22.3661
   -7.5000  -30.0000   30.0000 2213.1257   39.0580
    0.0000  -30.0000   30.0000 2178.7861   37.9981
    7.5000  -30.0000   30.0000 2194.6030   38.9452
   -7.5000  -22.5000   30.0000 2351.3225   34.0182
    0.0000  -22.5000   30.0000 2327.9109   33.1435
    7.5000  -22.5000   30.0000 2336.3635   33.9506
   -7.5000  -15.0000   30.0000 2455.6445   30.2510
    0.0000  -15.0000   30.0000 2430.3713   29.6138
    7.5000  -15.0000   30.0000 2447.6211   30.4047
   -7.5000   -7.5000   30.0000 2539.4136   27.3711
    0.0000   -7.5000   30.0000 2525.7505   27.0444
    7.5000   -7.5000   30.0000 2531.1145   27.5769
   -7.5000    0.0000   30.0000 2611.0459   24.9681
    0.0000    0.0000   30.0000 2601.2197   24.6925
    7.5000    0.0000   30.0000 2608.9634   25.1943
   -7.5000    7.5000   30.0000 2664.8862   22.9289
    0.0000    7.5000   30.0000 2670.3181   22.7546
    7.5000    7.5000   30.0000 2658.2019   23.1380
   -7.5000   15.0000   30.0000 2690.2156   21.4924
    0.0000   15.0000   30.0000 2686.6995   20.9771
    7.5000   15.0000   30.0000 2696.1699   21.6583
   -7.5000   22.5000   30.0000 2730.7729   20.8073
    0.0000   22.5000   30.0000 2746.9841   20.4901
    7.5000   22.5000   30.0000 2725.5249   21.0225
   -7.5000   30.0000   30.0000 2755.9336   21.0198
    0.0000   30.0000   30.0000 2778.8516   20.7955
    7.5000   30.0000   30.0000 2752.9797   21.2020
   -7.5000   37.5000   30.0000 2723.3716   21.5409
    0.0000   37.5000   30.0000 2741.4070   21.2744
    7.5000   37.5000   30.0000 2721.9326   21.6469
   -7.5000   45.0000   30.0000 2619.6838   22.1113
    0.0000   45.0000   30.0000 2639.3567   21.8221
    7.5000   45.0000   30.0000 2624.2766   22.2306
   -7.5000   52.5000   30.0000 2477.0901   22.5915
    0.0000   52.5000   30.0000 2494.6946   22.3496
    7.5000   52.5000   30.0000 2487.5691   22.7207
   -7.5000   60.0000   30.0000 2298.2917   22.9285
    0.0000   60.0000   30.0000 2321.4561   22.7513
    7.5000   60.0000   30.0000 2306.8823   23.0158
   -7.5000  -30.0000   37.5000 2156.0730   39.6979
    0.0000  -30.0000   37.5000 2130.4211   38.2950
    7.5000  -30.0000   37.5000 2140.3933   39.3746
   -7.5000  -22.5000   37.5000 2290.1704   34.5654
    0.0000  -22.5000   37.5000 2266.9609   33.3487
    7.5000  -22.5000   37.5000 2283.4663   34.4354
   -7.5000  -15.0000   37.5000 2399.8833   30.7752
    0.0000  -15.0000   37.5000 2375.7249   29.8819
    7.5000  -15.0000   37.5000 2390.7764   30.8130
   -7.5000   -7.5000   37.5000 2491.4946   27.8080
    0.0000   -7.5000   37.5000 2478.1790   27.2427
    7.5000   -7.5000   37.5000 2482.8777   27.9590
   -7.5000    0.0000   37.5000 2565.8721   25.4379
    0.0000    0.0000   37.5000 2554.3291   24.8568
    7.5000    0.0000   37.5000 2549.0823   25.4122
   -7.5000    7.5000   37.5000 2611.6616   23.3951
    0.0000    7.5000   37.5000 2603.9985   22.8524
    7.5000    7.5000   37.5000 2611.8875   23.4542
   -7.5000   15.0000   37.5000 2654.6257   22.0452
    0.0000   15.0000   37.5000 2661.4307   21.4592
    7.5000   15.0000   37.5000 2655.4619   22.1073
   -7.5000   22.5000   37.5000 2712.7727   21.4911
    0.0000   22.5000   37.5000 2726.5737   21.2187
    7.5000   22.5000   37.5000 2705.6355   21.6726
   -7.5000   30.0000   37.5000 2718.9983   21.8660
    0.0000   30.0000   37.5000 2746.1272   21.6605
    7.5000   30.0000   37.5000 2716.3772   22.0052
   -7.5000   37.5000   37.5000 2678.4512   22.4558
    0.0000   37.5000   37.5000 2696.2466   22.1911
    7.5000   37.5000   37.5000 2677.9841   22.5527
   -7.5000   45.0000   37.5000 2576.5356   23.0205
    0.0000   45.0000   37.5000 2591.3354   22.7141
    7.5000   45.0000   37.5000 2577.2537   23.0761
   -7.5000   52.5000   37.5000 2424.7234   23.4494
    0.0000   52.5000   37.5000 2438.4866   23.1630
    7.5000   52.5000   37.5000 2429.2856   23.4905
   -7.5000   60.0000   37.5000 2244.8550   23.7227
    0.0000   60.0000   37.5000 2270.8533   23.4808
    7.5000   60.0000   37.5000 2256.0911   23.8128
   -7.5000  -30.0000   45.0000 2087.2739   40.4627
    0.0000  -30.0000   45.0000 2070.7920   38.8162
    7.5000  -30.0000   45.0000 2081.9373   39.9114
   -7.5000  -22.5000   45.0000 2209.6797   35.1325
    0.0000  -22.5000   45.0000 2200.2090   33.8242
    7.5000  -22.5000   45.0000 2211.8271   34.8923
   -7.5000  -15.0000   45.0000 2308.4758   31.2529
    0.0000  -15.0000   45.0000 2306.9875   30.3185
    7.5000  -15.0000   45.0000 2309.9429   31.1939
   -7.5000   -7.5000   45.0000 2406.5400   28.2659
    0.0000   -7.5000   45.0000 2406.9519   27.5824
    7.5000   -7.5000   45.0000 2398.3037   28.2029
   -7.5000    0.0000   45.0000 2472.9309   25.8675
    0.0000    0.0000   45.0000 2472.2964   25.1440
    7.5000    0.0000   45.0000 2470.5615   25.7903
   -7.5000    7.5000   45.0000 2533.4429   24.0238
    0.0000    7.5000   45.0000 2540.1506   23.3993
    7.5000    7.5000   45.0000 2536.1570   23.9730
   -7.5000   15.0000   45.0000 2599.4668   22.8520
    0.0000   15.0000   45.0000 2611.5833   22.3457
    7.5000   15.0000   45.0000 2591.3503   22.8793
   -7.5000   22.5000   45.0000 2650.7524   22.4846
    0.0000   22.5000   45.0000 2664.5984   22.0926
    7.5000   22.5000   45.0000 2647.0916   22.5230
   -7.5000   30.0000   45.0000 2639.5122   22.8851
    0.0000   30.0000   45.0000 2665.8081   22.5473
    7.5000   30.0000   45.0000 2642.8960   22.8584
   -7.5000   37.5000   45.0000 2588.4036   23.3830
    0.0000   37.5000   45.0000 2605.2983   23.0213
    7.5000   37.5000   45.0000 2593.7993   23.3802
   -7.5000   45.0000   45.0000 2488.2126   23.8367
    0.0000   45.0000   45.0000 2503.0911   23.5062
    7.5000   45.0000   45.0000 2487.5500   23.9056
   -7.5000   52.5000   45.0000 2343.4036   24.2224
    0.0000   52.5000   45.0000 2364.6677   23.9746
    7.5000   52.5000   45.0000 2346.2407   24.3392
   -7.5000   60.0000   45.0000 2165.6204   24.4546
    0.0000   60.0000   45.0000 2181.7888   24.2646
    7.5000   60.0000   45.0000 2171.4272   24.5622
   -7.5000  -30.0000   52.5000 1993.2794   40.9019
    0.0000  -30.0000   52.5000 1999.0361   39.3564
    7.5000  -30.0000   52.5000 1995.5132   40.1742
   -7.5000  -22.5000   52.5000 2110.4043   35.5608
    0.0000  -22.5000   52.5000 2117.5571   34.3973
    7.5000  -22.5000   52.5000 2114.6821   35.1289
   -7.5000  -15.0000   52.5000 2213.0630   31.7374
    0.0000  -15.0000   52.5000 2217.0320   30.8452
    7.5000  -15.0000   52.5000 2213.7959   31.5280
   -7.5000   -7.5000   52.5000 2302.1785   28.7899
    0.0000   -7.5000   52.5000 2303.7361   28.0155
    7.5000   -7.5000   52.5000 2295.1631   28.5602
   -7.5000    0.0000   52.5000 2364.3413   26.3653
    0.0000    0.0000   52.5000 2378.0420   25.7513
    7.5000    0.0000   52.5000 2373.9683   26.3011
   -7.5000    7.5000   52.5000 2441.6868   24.7234
    0.0000    7.5000   52.5000 2456.5991   24.1705
    7.5000    7.5000   52.5000 2441.9258   24.6673
   -7.5000   15.0000   52.5000 2502.7009   23.7502
    0.0000   15.0000   52.5000 2513.4514   23.3374
    7.5000   15.0000   52.5000 2490.5149   23.7098
   -7.5000   22.5000   52.5000 2542.3547   23.4640
    0.0000   22.5000   52.5000 2554.6765   23.0357
    7.5000   22.5000   52.5000 2533.8879   23.4100
   -7.5000   30.0000   52.5000 2524.3770   23.7448
    0.0000   30.0000   52.5000 2552.1770   23.3848
    7.5000   30.0000   52.5000 2533.0930   23.6925
   -7.5000   37.5000   52.5000 2469.8809   24.1692
    0.0000   37.5000   52.5000 2491.5369   23.8279
    7.5000   37.5000   52.5000 2476.0112   24.2316
   -7.5000   45.0000   52.5000 2371.0413   24.6234
    0.0000   45.0000   52.5000 2391.4387   24.2852
    7.5000   45.0000   52.5000 2375.5332   24.6924
   -7.5000   52.5000   52.5000 2228.6714   24.9687
    0.0000   52.5000   52.5000 2244.5781   24.6506
    7.5000   52.5000   52.5000 2233.9355   25.0163
   -7.5000   60.0000   52.5000 2056.7815   25.1266
    0.0000   60.0000   52.5000 2072.1147   24.8940
    7.5000   60.0000   52.5000 2056.0193   25.1523

---------------------------------------------------------------------
imgreg_4dfp /opt/freesurfer/average/711-2C_as_mni_average_305 /opt/freesurfer/average/711-2B_as_mni_average_305_mask talsrcimg_g11 none talsrcimg_to_711-2C_as_mni_average_305_t4 1283
---------------------------------------------------------------------

freesurfer imgreg_4dfp.c
/opt/freesurfer/average/711-2C_as_mni_average_305.4dfp.img
       256       256       256         1
  1.000000  1.000000  1.000000
orientation T byte_order littleendian
Reading image: /opt/freesurfer/average/711-2C_as_mni_average_305.4dfp.img
dimensions:      256       256       256
mmppix:       1.0000   -1.0000   -1.0000
center:     128.0000 -129.0000 -129.0000
/opt/freesurfer/average/711-2B_as_mni_average_305_mask.4dfp.img
       256       256       256         1
  1.000000  1.000000  1.000000
orientation T byte_order littleendian
Reading mask: /opt/freesurfer/average/711-2B_as_mni_average_305_mask.4dfp.img (2306576 pixels)
talsrcimg_g11.4dfp.img
       320       320       320         1
  0.700000  0.700000  0.700000
orientation T byte_order littleendian
Reading image: talsrcimg_g11.4dfp.img
dimensions:      320       320       320
mmppix:       0.7000   -0.7000   -0.7000
center:     112.0000 -112.7000 -112.7000
rotation matrix determinant  1.000000
fimgreg.f
image alignment mode   1283 decimal      503 hex
parameters
    0.0000   15.0000    7.5000    0.0000    0.0000    0.0000
eta,q 0.92180 22.69042
niter,ni,del,rscale     5    3   12.0000    1.2000
parameters
   -0.0303   14.9453    7.1733   -0.3900   -2.7762   -0.2526
eta,q 0.92539 22.88414
  0.1006  0.0868  0.0938  0.0781  0.0764  0.0773
  0.0858  0.0820  0.0849  0.0766  0.0744  0.0759
  0.0776  0.0794  0.0778  0.0758  0.0749  0.0751
  0.0761  0.0761  0.0762  0.0760  0.0760  0.0746
  0.0793  0.0759  0.0818  0.0751  0.0786  0.0747
  0.0879  0.0832  0.0894  0.0764  0.0839  0.0761
  0.0995  0.0878  0.0954  0.0800  0.0906  0.0781
niter,ni,del,rscale     4    3   12.0000    1.2000
parameters
    0.2300   15.2649    7.1622   -0.8222   -2.7103   -0.0418
eta,q 0.92579 22.86017
  0.1014  0.0869  0.0959  0.0763  0.0817  0.0773
  0.0875  0.0814  0.0848  0.0751  0.0774  0.0761
  0.0775  0.0779  0.0771  0.0743  0.0745  0.0750
  0.0746  0.0746  0.0741  0.0741  0.0742  0.0742
  0.0772  0.0737  0.0789  0.0734  0.0750  0.0743
  0.0857  0.0796  0.0876  0.0751  0.0769  0.0753
  0.0961  0.0857  0.0937  0.0782  0.0814  0.0773
niter,ni,del,rscale     3    3   12.0000    1.2000
parameters
    0.2709   15.3185    7.1488   -0.8274   -2.7226    0.0206
eta,q 0.92585 22.85040
  0.1001  0.0861  0.0964  0.0767  0.0815  0.0771
  0.0864  0.0809  0.0852  0.0754  0.0772  0.0759
  0.0765  0.0774  0.0772  0.0744  0.0743  0.0748
  0.0742  0.0742  0.0742  0.0741  0.0741  0.0741
  0.0777  0.0742  0.0791  0.0734  0.0750  0.0743
  0.0873  0.0806  0.0879  0.0745  0.0769  0.0754
  0.0981  0.0867  0.0942  0.0777  0.0816  0.0774
niter,ni,del,rscale     2    3   12.0000    1.2000
parameters
    0.2884   15.3318    7.1415   -0.8300   -2.7250    0.0432
eta,q 0.92587 22.84832
  0.1000  0.0860  0.0965  0.0767  0.0816  0.0771
  0.0863  0.0808  0.0852  0.0754  0.0771  0.0758
  0.0764  0.0773  0.0772  0.0744  0.0743  0.0748
  0.0741  0.0741  0.0741  0.0741  0.0741  0.0741
  0.0777  0.0743  0.0791  0.0734  0.0749  0.0743
  0.0874  0.0808  0.0879  0.0745  0.0769  0.0754
  0.0983  0.0868  0.0942  0.0777  0.0816  0.0774
registration optimization eta report
parameter search radius
    6.0000    6.0000    6.0000    6.0000    6.0000    6.0000
100000*second partial in parameter space
       69.       34.       56.       10.       21.        9.
  0.1000  0.0860  0.0965  0.0767  0.0816  0.0771
  0.0863  0.0808  0.0852  0.0754  0.0771  0.0758
  0.0764  0.0773  0.0772  0.0744  0.0743  0.0748
  0.0741  0.0741  0.0741  0.0741  0.0741  0.0741
  0.0777  0.0743  0.0791  0.0734  0.0749  0.0743
  0.0874  0.0808  0.0879  0.0745  0.0769  0.0754
  0.0983  0.0868  0.0942  0.0777  0.0816  0.0774
    0.2884   15.3318    7.1415   -0.8300   -2.7250    0.0432
eta,q 0.92587 22.84832

---------------------------------------------------------------------
imgreg_4dfp /opt/freesurfer/average/711-2C_as_mni_average_305 /opt/freesurfer/average/711-2B_as_mni_average_305_mask talsrcimg_g11 none talsrcimg_to_711-2C_as_mni_average_305_t4 3335
---------------------------------------------------------------------

freesurfer imgreg_4dfp.c
/opt/freesurfer/average/711-2C_as_mni_average_305.4dfp.img
       256       256       256         1
  1.000000  1.000000  1.000000
orientation T byte_order littleendian
Reading image: /opt/freesurfer/average/711-2C_as_mni_average_305.4dfp.img
dimensions:      256       256       256
mmppix:       1.0000   -1.0000   -1.0000
center:     128.0000 -129.0000 -129.0000
/opt/freesurfer/average/711-2B_as_mni_average_305_mask.4dfp.img
       256       256       256         1
  1.000000  1.000000  1.000000
orientation T byte_order littleendian
Reading mask: /opt/freesurfer/average/711-2B_as_mni_average_305_mask.4dfp.img (2306576 pixels)
talsrcimg_g11.4dfp.img
       320       320       320         1
  0.700000  0.700000  0.700000
orientation T byte_order littleendian
Reading image: talsrcimg_g11.4dfp.img
dimensions:      320       320       320
mmppix:       0.7000   -0.7000   -0.7000
center:     112.0000 -112.7000 -112.7000
fimgreg.f
image alignment mode   3335 decimal      D07 hex
parameters
    0.2884   15.3318    7.1415   -0.1131   -0.0106   -0.1236
   -0.1443    4.7527    0.0754    1.4521   -4.7543   -1.4469
eta,q 0.92341 22.69081
niter,ni,del,rscale     5    3    5.0000    1.2000
parameter  4  0.993573 ->  0.500000 qaram    1.1500
parameter  5  2.987016 ->  0.500000 qaram    1.1500
parameters
    0.0838   16.4750    7.0700   -4.2531   -4.1506   -3.6386
   -0.2854    4.1974    2.3659    0.2574   -4.8816   -1.7258
eta,q 0.93950 22.79824
  0.0803  0.0802  0.0796  0.0701  0.0553  0.0616  0.0631  0.0641  0.0629  0.0627  0.0614  0.0619
  0.0780  0.0785  0.0775  0.0710  0.0600  0.0608  0.0616  0.0620  0.0618  0.0616  0.0608  0.0613
  0.0768  0.0773  0.0763  0.0727  0.0653  0.0604  0.0607  0.0608  0.0611  0.0608  0.0606  0.0608
  0.0766  0.0765  0.0760  0.0760  0.0714  0.0614  0.0605  0.0605  0.0605  0.0603  0.0605  0.0605
  0.0774  0.0761  0.0765  0.0812  0.0785  0.0662  0.0609  0.0609  0.0603  0.0609  0.0606  0.0606
  0.0792  0.0760  0.0779  0.0877  0.0862  0.0748  0.0618  0.0625  0.0605  0.0629  0.0609  0.0612
  0.0817  0.0766  0.0800  0.0947  0.0942  0.0844  0.0632  0.0659  0.0611  0.0659  0.0614  0.0625
niter,ni,del,rscale     6    3    5.0000    1.2000
parameter  2 -1.066880 -> -0.500000 qaram    1.1500
parameter  5  1.537907 ->  0.500000 qaram    1.3225
parameters
   -0.3350   17.8550    7.8281   -8.1859   -8.9116   -3.5120
   -0.1085    4.3856    2.8755    0.2753   -5.0422   -3.0472
eta,q 0.95022 22.53323
  0.0619  0.0650  0.0614  0.0583  0.0469  0.0528  0.0528  0.0522  0.0522  0.0544  0.0502  0.0507
  0.0609  0.0632  0.0604  0.0583  0.0489  0.0518  0.0514  0.0509  0.0510  0.0520  0.0500  0.0501
  0.0605  0.0617  0.0596  0.0585  0.0531  0.0507  0.0503  0.0501  0.0502  0.0504  0.0499  0.0498
  0.0605  0.0604  0.0590  0.0588  0.0584  0.0499  0.0498  0.0498  0.0498  0.0498  0.0498  0.0498
  0.0609  0.0595  0.0588  0.0598  0.0640  0.0493  0.0501  0.0500  0.0500  0.0503  0.0499  0.0501
  0.0619  0.0589  0.0590  0.0630  0.0710  0.0501  0.0511  0.0507  0.0506  0.0520  0.0500  0.0508
  0.0634  0.0588  0.0597  0.0684  0.0801  0.0540  0.0526  0.0520  0.0516  0.0544  0.0503  0.0519
niter,ni,del,rscale     7    3    5.0000    1.2000
parameter  5  0.756452 ->  0.500000 qaram    1.5209
parameters
   -0.1679   19.2060    9.0141   -9.5331  -14.3867   -2.8523
   -0.8965    4.2907    2.6907   -0.9449   -6.2953   -4.1796
eta,q 0.95690 22.22173
  0.0520  0.0568  0.0516  0.0497  0.0442  0.0462  0.0456  0.0451  0.0455  0.0455  0.0436  0.0438
  0.0508  0.0536  0.0505  0.0491  0.0435  0.0452  0.0442  0.0441  0.0443  0.0439  0.0433  0.0433
  0.0501  0.0512  0.0497  0.0486  0.0444  0.0441  0.0434  0.0434  0.0435  0.0432  0.0431  0.0431
  0.0498  0.0498  0.0490  0.0486  0.0485  0.0435  0.0433  0.0433  0.0433  0.0433  0.0432  0.0431
  0.0499  0.0491  0.0486  0.0488  0.0546  0.0431  0.0440  0.0436  0.0436  0.0440  0.0433  0.0433
  0.0505  0.0491  0.0486  0.0495  0.0617  0.0437  0.0452  0.0442  0.0445  0.0455  0.0436  0.0437
  0.0515  0.0498  0.0491  0.0516  0.0707  0.0460  0.0467  0.0451  0.0458  0.0478  0.0440  0.0444
niter,ni,del,rscale     7    3    5.0000    1.2000
parameter  2 -0.527710 -> -0.500000 qaram    1.3225
parameters
    0.0197   20.7930    9.4122   -7.4551  -19.6360   -3.0337
   -1.3016    4.0350    2.5805   -1.5726   -5.9755   -6.2690
eta,q 0.95928 21.89726
  0.0455  0.0501  0.0439  0.0451  0.0423  0.0431  0.0428  0.0424  0.0427  0.0422  0.0417  0.0411
  0.0442  0.0473  0.0431  0.0439  0.0414  0.0421  0.0416  0.0415  0.0416  0.0412  0.0413  0.0408
  0.0434  0.0449  0.0424  0.0427  0.0405  0.0413  0.0410  0.0410  0.0410  0.0408  0.0409  0.0407
  0.0431  0.0431  0.0420  0.0419  0.0418  0.0408  0.0408  0.0408  0.0408  0.0408  0.0408  0.0408
  0.0432  0.0421  0.0419  0.0418  0.0468  0.0409  0.0412  0.0411  0.0411  0.0412  0.0409  0.0410
  0.0438  0.0421  0.0423  0.0421  0.0536  0.0418  0.0420  0.0417  0.0417  0.0417  0.0412  0.0413
  0.0448  0.0431  0.0431  0.0432  0.0625  0.0439  0.0432  0.0426  0.0428  0.0426  0.0416  0.0418
niter,ni,del,rscale     7    3    5.0000    1.2000
parameter 10 -0.832170 -> -0.500000 qaram    1.1500
parameters
    0.1594   22.3484    9.4745   -6.4228  -23.3750   -3.4217
   -1.7400    3.8263    1.7707    2.5674   -4.6803   -6.0391
eta,q 0.96032 21.52899
  0.0427  0.0463  0.0412  0.0431  0.0420  0.0424  0.0419  0.0419  0.0416  0.0425  0.0412  0.0405
  0.0417  0.0440  0.0406  0.0419  0.0414  0.0415  0.0410  0.0410  0.0408  0.0416  0.0405  0.0401
  0.0410  0.0421  0.0401  0.0407  0.0404  0.0408  0.0406  0.0406  0.0405  0.0409  0.0400  0.0398
  0.0407  0.0407  0.0398  0.0398  0.0397  0.0404  0.0405  0.0405  0.0405  0.0404  0.0397  0.0397
  0.0409  0.0399  0.0399  0.0395  0.0421  0.0406  0.0407  0.0407  0.0407  0.0399  0.0397  0.0397
  0.0414  0.0400  0.0403  0.0399  0.0477  0.0415  0.0413  0.0412  0.0413  0.0397  0.0400  0.0400
  0.0423  0.0409  0.0413  0.0425  0.0535  0.0433  0.0423  0.0420  0.0422  0.0399  0.0404  0.0404
niter,ni,del,rscale     7    3    5.0000    1.2000
parameter  3  0.501265 ->  0.500000 qaram    1.1500
parameters
    0.2027   23.8520    8.0945   -6.0980  -25.9150   -4.2421
   -1.9871    3.9005    1.4389    5.6953   -4.4618   -6.0928
eta,q 0.96137 21.25341
  0.0416  0.0445  0.0389  0.0414  0.0411  0.0409  0.0405  0.0409  0.0409  0.0429  0.0397  0.0392
  0.0405  0.0426  0.0386  0.0403  0.0402  0.0401  0.0397  0.0399  0.0399  0.0415  0.0391  0.0389
  0.0399  0.0410  0.0386  0.0393  0.0394  0.0394  0.0392  0.0393  0.0393  0.0402  0.0387  0.0387
  0.0397  0.0397  0.0389  0.0386  0.0385  0.0391  0.0392  0.0392  0.0392  0.0392  0.0386  0.0386
  0.0399  0.0390  0.0396  0.0382  0.0387  0.0393  0.0393  0.0393  0.0395  0.0386  0.0387  0.0387
  0.0405  0.0390  0.0408  0.0389  0.0427  0.0402  0.0398  0.0398  0.0401  0.0388  0.0390  0.0389
  0.0415  0.0400  0.0424  0.0419  0.0497  0.0430  0.0407  0.0408  0.0412  0.0399  0.0395  0.0393
niter,ni,del,rscale     7    3    5.0000    1.2000
parameters
    0.1698   24.5739    7.4885   -5.8874  -27.1377   -5.1982
   -2.0203    3.9227    1.2183    7.0661   -4.2375   -5.0965
eta,q 0.96149 21.12860
  0.0404  0.0427  0.0394  0.0410  0.0411  0.0404  0.0401  0.0405  0.0406  0.0419  0.0395  0.0393
  0.0394  0.0408  0.0388  0.0399  0.0401  0.0397  0.0393  0.0395  0.0395  0.0406  0.0390  0.0389
  0.0388  0.0394  0.0385  0.0390  0.0393  0.0390  0.0388  0.0389  0.0389  0.0395  0.0386  0.0387
  0.0386  0.0386  0.0385  0.0384  0.0384  0.0387  0.0387  0.0387  0.0387  0.0387  0.0385  0.0385
  0.0389  0.0385  0.0389  0.0381  0.0378  0.0390  0.0389  0.0389  0.0390  0.0385  0.0386  0.0385
  0.0395  0.0390  0.0398  0.0387  0.0396  0.0399  0.0393  0.0395  0.0397  0.0391  0.0389  0.0387
  0.0405  0.0402  0.0412  0.0416  0.0455  0.0427  0.0402  0.0405  0.0408  0.0406  0.0394  0.0390
niter,ni,del,rscale     6    3    5.0000    1.2000
parameters
    0.1582   25.0512    7.1915   -5.9869  -27.9588   -6.1325
   -2.0418    3.8481    1.0712    8.2460   -4.2070   -4.3741
eta,q 0.96149 21.04457
  0.0403  0.0420  0.0397  0.0408  0.0411  0.0403  0.0401  0.0405  0.0406  0.0418  0.0395  0.0393
  0.0393  0.0403  0.0391  0.0398  0.0402  0.0397  0.0393  0.0395  0.0395  0.0406  0.0390  0.0389
  0.0387  0.0391  0.0386  0.0389  0.0393  0.0390  0.0388  0.0389  0.0389  0.0395  0.0386  0.0387
  0.0385  0.0385  0.0384  0.0385  0.0385  0.0387  0.0387  0.0387  0.0387  0.0387  0.0385  0.0385
  0.0387  0.0385  0.0387  0.0382  0.0378  0.0390  0.0389  0.0389  0.0390  0.0385  0.0387  0.0385
  0.0393  0.0391  0.0394  0.0389  0.0391  0.0399  0.0393  0.0396  0.0397  0.0391  0.0390  0.0387
  0.0403  0.0404  0.0407  0.0418  0.0445  0.0422  0.0401  0.0406  0.0407  0.0408  0.0395  0.0391
niter,ni,del,rscale     5    3    5.0000    1.2000
parameters
    0.1617   25.4465    7.0006   -6.1412  -28.6626   -7.0825
   -2.0498    3.7733    1.0302    9.2881   -4.3781   -3.6940
eta,q 0.96147 20.97746
  0.0403  0.0418  0.0399  0.0407  0.0412  0.0402  0.0402  0.0406  0.0407  0.0418  0.0395  0.0394
  0.0393  0.0402  0.0392  0.0398  0.0402  0.0396  0.0393  0.0395  0.0395  0.0406  0.0390  0.0390
  0.0387  0.0391  0.0387  0.0389  0.0393  0.0390  0.0388  0.0389  0.0389  0.0395  0.0386  0.0387
  0.0385  0.0385  0.0385  0.0385  0.0385  0.0386  0.0387  0.0387  0.0387  0.0387  0.0385  0.0385
  0.0387  0.0386  0.0386  0.0383  0.0379  0.0390  0.0389  0.0390  0.0390  0.0385  0.0387  0.0385
  0.0393  0.0392  0.0393  0.0390  0.0390  0.0400  0.0393  0.0396  0.0396  0.0391  0.0391  0.0387
  0.0403  0.0405  0.0406  0.0417  0.0442  0.0419  0.0401  0.0406  0.0406  0.0410  0.0396  0.0392
niter,ni,del,rscale     4    3    5.0000    1.2000
parameters
    0.1744   25.7846    6.8456   -6.2872  -29.2863   -8.0429
   -2.0795    3.7206    1.0962   10.1853   -4.6429   -3.0772
eta,q 0.96145 20.92453
  0.0403  0.0417  0.0399  0.0407  0.0413  0.0402  0.0402  0.0406  0.0407  0.0419  0.0395  0.0395
  0.0393  0.0401  0.0393  0.0397  0.0402  0.0396  0.0393  0.0396  0.0396  0.0406  0.0390  0.0390
  0.0387  0.0390  0.0387  0.0389  0.0393  0.0390  0.0388  0.0389  0.0389  0.0395  0.0386  0.0387
  0.0385  0.0385  0.0385  0.0385  0.0385  0.0386  0.0387  0.0387  0.0387  0.0387  0.0386  0.0386
  0.0387  0.0386  0.0386  0.0384  0.0380  0.0390  0.0389  0.0390  0.0390  0.0385  0.0387  0.0386
  0.0393  0.0393  0.0393  0.0390  0.0390  0.0401  0.0394  0.0397  0.0396  0.0392  0.0391  0.0388
  0.0403  0.0406  0.0405  0.0416  0.0441  0.0418  0.0402  0.0407  0.0406  0.0412  0.0396  0.0393
niter,ni,del,rscale     3    3    5.0000    1.2000
parameters
    0.1921   26.0847    6.7136   -6.4190  -29.7891   -8.9388
   -2.1478    3.6894    1.2049   10.8902   -4.9466   -2.6169
eta,q 0.96142 20.88414
  0.0404  0.0416  0.0399  0.0406  0.0414  0.0402  0.0402  0.0407  0.0408  0.0419  0.0395  0.0395
  0.0394  0.0401  0.0393  0.0397  0.0403  0.0396  0.0393  0.0396  0.0396  0.0406  0.0390  0.0391
  0.0388  0.0391  0.0388  0.0389  0.0393  0.0390  0.0388  0.0389  0.0389  0.0395  0.0387  0.0388
  0.0385  0.0385  0.0385  0.0385  0.0385  0.0386  0.0387  0.0387  0.0387  0.0387  0.0386  0.0386
  0.0388  0.0386  0.0386  0.0385  0.0380  0.0389  0.0389  0.0390  0.0390  0.0385  0.0388  0.0386
  0.0393  0.0393  0.0393  0.0391  0.0390  0.0400  0.0394  0.0397  0.0396  0.0393  0.0391  0.0389
  0.0403  0.0407  0.0405  0.0415  0.0440  0.0417  0.0402  0.0407  0.0406  0.0415  0.0397  0.0393
niter,ni,del,rscale     2    3    5.0000    1.2000
parameters
    0.2147   26.3445    6.6141   -6.5330  -30.1575   -9.6957
   -2.2222    3.6784    1.3101   11.4250   -5.2307   -2.3279
eta,q 0.96138 20.85516
  0.0404  0.0416  0.0399  0.0407  0.0416  0.0403  0.0403  0.0408  0.0408  0.0419  0.0396  0.0395
  0.0394  0.0401  0.0393  0.0398  0.0404  0.0396  0.0394  0.0397  0.0396  0.0406  0.0390  0.0391
  0.0388  0.0391  0.0388  0.0390  0.0394  0.0390  0.0389  0.0390  0.0389  0.0395  0.0387  0.0388
  0.0386  0.0386  0.0385  0.0386  0.0386  0.0386  0.0387  0.0387  0.0387  0.0387  0.0386  0.0386
  0.0388  0.0387  0.0386  0.0386  0.0380  0.0388  0.0389  0.0390  0.0390  0.0386  0.0388  0.0387
  0.0394  0.0394  0.0392  0.0391  0.0390  0.0399  0.0395  0.0397  0.0396  0.0394  0.0391  0.0389
  0.0403  0.0409  0.0403  0.0414  0.0439  0.0416  0.0403  0.0408  0.0406  0.0418  0.0397  0.0394
niter,ni,del,rscale     1    3    5.0000    1.2000
parameters
    0.2391   26.5514    6.5425   -6.6205  -30.3916  -10.2773
   -2.2930    3.6873    1.3902   11.7977   -5.4545   -2.1840
eta,q 0.96133 20.83624
  0.0405  0.0415  0.0399  0.0407  0.0417  0.0404  0.0403  0.0409  0.0408  0.0419  0.0396  0.0395
  0.0395  0.0401  0.0393  0.0398  0.0406  0.0397  0.0394  0.0398  0.0396  0.0406  0.0391  0.0391
  0.0388  0.0391  0.0388  0.0390  0.0395  0.0391  0.0389  0.0390  0.0389  0.0395  0.0387  0.0388
  0.0386  0.0386  0.0386  0.0386  0.0386  0.0387  0.0387  0.0387  0.0387  0.0387  0.0387  0.0387
  0.0388  0.0387  0.0387  0.0387  0.0381  0.0388  0.0389  0.0390  0.0390  0.0386  0.0388  0.0387
  0.0394  0.0395  0.0392  0.0392  0.0390  0.0398  0.0395  0.0398  0.0396  0.0395  0.0392  0.0390
  0.0404  0.0410  0.0403  0.0414  0.0438  0.0415  0.0403  0.0409  0.0407  0.0420  0.0397  0.0395
registration optimization eta report
parameter search radius
    2.4000    3.1740    2.7600    8.2800   10.9503    7.2000
    7.2000    7.2000    7.2000    8.2800    7.2000    7.2000
100000*second partial in parameter space
       32.       26.       19.        4.        4.        4.
        3.        4.        4.        5.        2.        2.
  0.0405  0.0415  0.0399  0.0407  0.0417  0.0404  0.0403  0.0409  0.0408  0.0419  0.0396  0.0395
  0.0395  0.0401  0.0393  0.0398  0.0406  0.0397  0.0394  0.0398  0.0396  0.0406  0.0391  0.0391
  0.0388  0.0391  0.0388  0.0390  0.0395  0.0391  0.0389  0.0390  0.0389  0.0395  0.0387  0.0388
  0.0386  0.0386  0.0386  0.0386  0.0386  0.0387  0.0387  0.0387  0.0387  0.0387  0.0387  0.0387
  0.0388  0.0387  0.0387  0.0387  0.0381  0.0388  0.0389  0.0390  0.0390  0.0386  0.0388  0.0387
  0.0394  0.0395  0.0392  0.0392  0.0390  0.0398  0.0395  0.0398  0.0396  0.0395  0.0392  0.0390
  0.0404  0.0410  0.0403  0.0414  0.0438  0.0415  0.0403  0.0409  0.0407  0.0420  0.0397  0.0395
    0.2391   26.5514    6.5425   -6.6205  -30.3916  -10.2773
   -2.2930    3.6873    1.3902   11.7977   -5.4545   -2.1840
eta,q 0.96133 20.83624

---------------------------------------------------------------------
imgreg_4dfp /opt/freesurfer/average/711-2C_as_mni_average_305 /opt/freesurfer/average/711-2B_as_mni_average_305_mask talsrcimg_g11 none talsrcimg_to_711-2C_as_mni_average_305_t4 2311
---------------------------------------------------------------------

freesurfer imgreg_4dfp.c
/opt/freesurfer/average/711-2C_as_mni_average_305.4dfp.img
       256       256       256         1
  1.000000  1.000000  1.000000
orientation T byte_order littleendian
Reading image: /opt/freesurfer/average/711-2C_as_mni_average_305.4dfp.img
dimensions:      256       256       256
mmppix:       1.0000   -1.0000   -1.0000
center:     128.0000 -129.0000 -129.0000
/opt/freesurfer/average/711-2B_as_mni_average_305_mask.4dfp.img
       256       256       256         1
  1.000000  1.000000  1.000000
orientation T byte_order littleendian
Reading mask: /opt/freesurfer/average/711-2B_as_mni_average_305_mask.4dfp.img (2306576 pixels)
talsrcimg_g11.4dfp.img
       320       320       320         1
  0.700000  0.700000  0.700000
orientation T byte_order littleendian
Reading image: talsrcimg_g11.4dfp.img
dimensions:      320       320       320
mmppix:       0.7000   -0.7000   -0.7000
center:     112.0000 -112.7000 -112.7000
fimgreg.f
image alignment mode   2311 decimal      907 hex
parameters
    0.2391   26.5514    6.5425   -6.6205  -30.3916  -10.2773
   -2.2930    3.6873    1.3902   11.7977   -5.4545   -2.1840
eta,q 0.96133 20.83624
niter,ni,del,rscale     5    3    5.0000    0.8000
parameter  5 -0.732427 -> -0.500000 qaram    1.1500
parameters
    0.2478   26.7919    6.6457   -5.7486  -27.6316  -11.3258
   -1.9016    3.5781    1.5783   11.7240   -5.4073   -3.1858
eta,q 0.96168 21.00181
  0.0395  0.0395  0.0392  0.0396  0.0398  0.0390  0.0396  0.0395  0.0397  0.0396  0.0389  0.0386
  0.0390  0.0391  0.0389  0.0391  0.0393  0.0386  0.0389  0.0388  0.0390  0.0390  0.0386  0.0384
  0.0388  0.0388  0.0387  0.0388  0.0390  0.0384  0.0385  0.0384  0.0385  0.0386  0.0384  0.0383
  0.0387  0.0387  0.0386  0.0386  0.0387  0.0383  0.0383  0.0383  0.0383  0.0383  0.0383  0.0383
  0.0388  0.0387  0.0387  0.0387  0.0384  0.0386  0.0384  0.0385  0.0385  0.0384  0.0384  0.0385
  0.0390  0.0388  0.0388  0.0388  0.0383  0.0393  0.0387  0.0389  0.0388  0.0389  0.0386  0.0387
  0.0395  0.0391  0.0391  0.0391  0.0385  0.0405  0.0392  0.0395  0.0395  0.0399  0.0389  0.0391
niter,ni,del,rscale     5    3    5.0000    0.8000
parameters
    0.1960   26.6175    6.4046   -6.0891  -26.7093  -10.6493
   -1.8845    3.4992    1.5986   11.7032   -5.3912   -3.6979
eta,q 0.96189 21.05469
  0.0392  0.0389  0.0386  0.0390  0.0396  0.0392  0.0392  0.0392  0.0394  0.0394  0.0386  0.0385
  0.0387  0.0386  0.0385  0.0386  0.0391  0.0388  0.0386  0.0386  0.0387  0.0388  0.0383  0.0383
  0.0384  0.0384  0.0383  0.0383  0.0387  0.0384  0.0382  0.0382  0.0382  0.0383  0.0382  0.0381
  0.0383  0.0383  0.0383  0.0383  0.0383  0.0382  0.0381  0.0381  0.0381  0.0381  0.0381  0.0381
  0.0384  0.0385  0.0384  0.0384  0.0381  0.0381  0.0382  0.0382  0.0383  0.0382  0.0382  0.0382
  0.0388  0.0388  0.0386  0.0386  0.0383  0.0383  0.0386  0.0387  0.0387  0.0386  0.0383  0.0384
  0.0393  0.0393  0.0390  0.0393  0.0392  0.0389  0.0392  0.0393  0.0394  0.0396  0.0386  0.0388
niter,ni,del,rscale     4    3    5.0000    0.7000
parameters
    0.1598   26.5927    6.3047   -6.4318  -26.2806  -10.2351
   -1.8288    3.4862    1.5597   11.8054   -5.3286   -4.0706
eta,q 0.96200 21.07344
  0.0388  0.0387  0.0384  0.0386  0.0391  0.0389  0.0389  0.0389  0.0390  0.0391  0.0384  0.0383
  0.0384  0.0384  0.0382  0.0383  0.0387  0.0385  0.0384  0.0384  0.0384  0.0386  0.0382  0.0382
  0.0382  0.0382  0.0381  0.0381  0.0384  0.0382  0.0381  0.0381  0.0381  0.0382  0.0380  0.0380
  0.0381  0.0381  0.0381  0.0381  0.0381  0.0380  0.0380  0.0380  0.0380  0.0380  0.0380  0.0380
  0.0382  0.0382  0.0382  0.0382  0.0380  0.0380  0.0381  0.0381  0.0381  0.0380  0.0380  0.0381
  0.0384  0.0384  0.0383  0.0384  0.0382  0.0382  0.0384  0.0384  0.0385  0.0384  0.0382  0.0382
  0.0388  0.0388  0.0386  0.0388  0.0391  0.0387  0.0388  0.0389  0.0390  0.0391  0.0384  0.0385
niter,ni,del,rscale     3    3    5.0000    0.6000
parameters
    0.1223   26.6026    6.2668   -6.7213  -25.8972  -10.0695
   -1.7588    3.4958    1.4909   11.9030   -5.2762   -4.3467
eta,q 0.96207 21.08815
  0.0385  0.0385  0.0383  0.0384  0.0388  0.0386  0.0386  0.0386  0.0387  0.0387  0.0382  0.0382
  0.0382  0.0382  0.0381  0.0381  0.0385  0.0383  0.0382  0.0383  0.0383  0.0384  0.0381  0.0381
  0.0380  0.0381  0.0380  0.0380  0.0382  0.0381  0.0380  0.0380  0.0380  0.0381  0.0380  0.0380
  0.0380  0.0380  0.0380  0.0380  0.0380  0.0379  0.0379  0.0379  0.0379  0.0379  0.0379  0.0379
  0.0381  0.0380  0.0380  0.0381  0.0379  0.0379  0.0380  0.0380  0.0380  0.0380  0.0380  0.0380
  0.0383  0.0382  0.0381  0.0383  0.0381  0.0381  0.0382  0.0382  0.0383  0.0382  0.0381  0.0381
  0.0386  0.0385  0.0383  0.0385  0.0387  0.0385  0.0386  0.0386  0.0387  0.0387  0.0382  0.0383
niter,ni,del,rscale     2    3    5.0000    0.5000
parameters
    0.0926   26.6109    6.2424   -7.0337  -25.4622   -9.9668
   -1.6979    3.5142    1.4311   11.9516   -5.2244   -4.5613
eta,q 0.96213 21.10343
  0.0383  0.0383  0.0381  0.0382  0.0386  0.0383  0.0384  0.0384  0.0384  0.0385  0.0381  0.0381
  0.0381  0.0381  0.0380  0.0380  0.0383  0.0381  0.0381  0.0381  0.0381  0.0382  0.0380  0.0380
  0.0380  0.0380  0.0380  0.0379  0.0381  0.0380  0.0379  0.0379  0.0379  0.0380  0.0379  0.0379
  0.0379  0.0379  0.0379  0.0379  0.0379  0.0379  0.0379  0.0379  0.0379  0.0379  0.0379  0.0379
  0.0380  0.0380  0.0380  0.0380  0.0379  0.0379  0.0379  0.0379  0.0379  0.0379  0.0379  0.0379
  0.0381  0.0381  0.0380  0.0382  0.0380  0.0380  0.0381  0.0381  0.0381  0.0381  0.0380  0.0380
  0.0384  0.0383  0.0382  0.0383  0.0384  0.0383  0.0383  0.0384  0.0384  0.0385  0.0381  0.0381
niter,ni,del,rscale     1    3    5.0000    0.4000
parameters
    0.0682   26.6044    6.2326   -7.3154  -25.0865   -9.8724
   -1.6396    3.5253    1.3691   11.9568   -5.1804   -4.7585
eta,q 0.96216 21.11659
  0.0381  0.0381  0.0380  0.0381  0.0383  0.0381  0.0382  0.0382  0.0382  0.0382  0.0380  0.0380
  0.0380  0.0380  0.0379  0.0380  0.0382  0.0380  0.0380  0.0380  0.0380  0.0380  0.0379  0.0379
  0.0379  0.0379  0.0379  0.0379  0.0380  0.0379  0.0379  0.0379  0.0379  0.0379  0.0379  0.0379
  0.0379  0.0379  0.0379  0.0379  0.0379  0.0378  0.0378  0.0378  0.0378  0.0378  0.0378  0.0378
  0.0379  0.0379  0.0379  0.0379  0.0378  0.0379  0.0379  0.0379  0.0379  0.0379  0.0379  0.0379
  0.0380  0.0380  0.0379  0.0381  0.0379  0.0379  0.0380  0.0380  0.0380  0.0380  0.0379  0.0379
  0.0382  0.0381  0.0380  0.0382  0.0382  0.0381  0.0381  0.0382  0.0382  0.0382  0.0380  0.0380
registration optimization eta report
parameter search radius
    0.8000    0.8000    0.8000    2.4000    2.7600    2.4000
    2.4000    2.4000    2.4000    2.4000    2.4000    2.4000
100000*second partial in parameter space
       42.       37.       21.        5.        5.        5.
        5.        6.        6.        7.        2.        3.
  0.0381  0.0381  0.0380  0.0381  0.0383  0.0381  0.0382  0.0382  0.0382  0.0382  0.0380  0.0380
  0.0380  0.0380  0.0379  0.0380  0.0382  0.0380  0.0380  0.0380  0.0380  0.0380  0.0379  0.0379
  0.0379  0.0379  0.0379  0.0379  0.0380  0.0379  0.0379  0.0379  0.0379  0.0379  0.0379  0.0379
  0.0379  0.0379  0.0379  0.0379  0.0379  0.0378  0.0378  0.0378  0.0378  0.0378  0.0378  0.0378
  0.0379  0.0379  0.0379  0.0379  0.0378  0.0379  0.0379  0.0379  0.0379  0.0379  0.0379  0.0379
  0.0380  0.0380  0.0379  0.0381  0.0379  0.0379  0.0380  0.0380  0.0380  0.0380  0.0379  0.0379
  0.0382  0.0381  0.0380  0.0382  0.0382  0.0381  0.0381  0.0382  0.0382  0.0382  0.0380  0.0380
    0.0682   26.6044    6.2326   -7.3154  -25.0865   -9.8724
   -1.6396    3.5253    1.3691   11.9568   -5.1804   -4.7585
eta,q 0.96216 21.11659

---------------------------------------------------------------------
imgreg_4dfp /opt/freesurfer/average/711-2C_as_mni_average_305 /opt/freesurfer/average/711-2B_as_mni_average_305_mask talsrcimg_g11 none talsrcimg_to_711-2C_as_mni_average_305_t4 2311
---------------------------------------------------------------------

freesurfer imgreg_4dfp.c
/opt/freesurfer/average/711-2C_as_mni_average_305.4dfp.img
       256       256       256         1
  1.000000  1.000000  1.000000
orientation T byte_order littleendian
Reading image: /opt/freesurfer/average/711-2C_as_mni_average_305.4dfp.img
dimensions:      256       256       256
mmppix:       1.0000   -1.0000   -1.0000
center:     128.0000 -129.0000 -129.0000
/opt/freesurfer/average/711-2B_as_mni_average_305_mask.4dfp.img
       256       256       256         1
  1.000000  1.000000  1.000000
orientation T byte_order littleendian
Reading mask: /opt/freesurfer/average/711-2B_as_mni_average_305_mask.4dfp.img (2306576 pixels)
talsrcimg_g11.4dfp.img
       320       320       320         1
  0.700000  0.700000  0.700000
orientation T byte_order littleendian
Reading image: talsrcimg_g11.4dfp.img
dimensions:      320       320       320
mmppix:       0.7000   -0.7000   -0.7000
center:     112.0000 -112.7000 -112.7000
fimgreg.f
image alignment mode   2311 decimal      907 hex
parameters
    0.0682   26.6044    6.2326   -7.3154  -25.0865   -9.8724
   -1.6396    3.5253    1.3691   11.9568   -5.1804   -4.7585
eta,q 0.96216 21.11659
niter,ni,del,rscale     5    3    5.0000    0.8000
parameters
    0.0622   26.5271    6.1794   -7.2500  -25.6825   -9.9947
   -1.6567    3.5277    1.3497   12.0336   -5.2582   -4.3743
eta,q 0.96211 21.09028
  0.0389  0.0387  0.0383  0.0388  0.0388  0.0388  0.0391  0.0391  0.0392  0.0392  0.0384  0.0385
  0.0383  0.0382  0.0381  0.0383  0.0384  0.0384  0.0384  0.0385  0.0385  0.0386  0.0381  0.0382
  0.0380  0.0379  0.0379  0.0380  0.0381  0.0381  0.0380  0.0380  0.0380  0.0382  0.0379  0.0380
  0.0378  0.0378  0.0378  0.0378  0.0378  0.0379  0.0379  0.0379  0.0379  0.0379  0.0379  0.0379
  0.0380  0.0380  0.0379  0.0380  0.0379  0.0379  0.0381  0.0381  0.0381  0.0379  0.0380  0.0379
  0.0383  0.0383  0.0381  0.0383  0.0385  0.0383  0.0384  0.0385  0.0385  0.0384  0.0381  0.0380
  0.0389  0.0389  0.0384  0.0388  0.0399  0.0391  0.0390  0.0391  0.0392  0.0393  0.0384  0.0384
niter,ni,del,rscale     4    3    5.0000    0.7000
parameters
    0.0565   26.6529    6.1723   -7.1642  -25.8229  -10.1758
   -1.6124    3.5355    1.3778   12.1427   -5.2880   -4.3737
eta,q 0.96210 21.07913
  0.0387  0.0387  0.0383  0.0387  0.0387  0.0386  0.0388  0.0389  0.0389  0.0390  0.0383  0.0383
  0.0382  0.0383  0.0381  0.0383  0.0384  0.0383  0.0383  0.0383  0.0384  0.0385  0.0381  0.0381
  0.0380  0.0380  0.0379  0.0380  0.0381  0.0380  0.0380  0.0380  0.0380  0.0381  0.0379  0.0380
  0.0379  0.0379  0.0379  0.0379  0.0379  0.0379  0.0379  0.0379  0.0379  0.0379  0.0379  0.0379
  0.0380  0.0379  0.0379  0.0380  0.0379  0.0379  0.0380  0.0380  0.0380  0.0379  0.0379  0.0379
  0.0383  0.0381  0.0380  0.0382  0.0382  0.0382  0.0383  0.0383  0.0383  0.0383  0.0381  0.0381
  0.0387  0.0385  0.0383  0.0386  0.0391  0.0389  0.0388  0.0389  0.0389  0.0390  0.0383  0.0383
niter,ni,del,rscale     3    3    5.0000    0.6000
parameters
    0.0481   26.7103    6.1720   -7.1782  -25.6366  -10.2619
   -1.5956    3.5336    1.3935   12.2030   -5.2871   -4.5088
eta,q 0.96212 21.08757
  0.0385  0.0384  0.0382  0.0385  0.0386  0.0384  0.0386  0.0386  0.0387  0.0387  0.0382  0.0382
  0.0381  0.0382  0.0380  0.0382  0.0383  0.0382  0.0382  0.0382  0.0382  0.0383  0.0380  0.0380
  0.0380  0.0380  0.0379  0.0379  0.0381  0.0380  0.0380  0.0380  0.0380  0.0380  0.0379  0.0379
  0.0379  0.0379  0.0379  0.0379  0.0379  0.0379  0.0379  0.0379  0.0379  0.0379  0.0379  0.0379
  0.0380  0.0379  0.0379  0.0380  0.0379  0.0379  0.0380  0.0380  0.0380  0.0379  0.0379  0.0379
  0.0382  0.0381  0.0380  0.0382  0.0381  0.0381  0.0382  0.0382  0.0382  0.0382  0.0380  0.0380
  0.0385  0.0384  0.0382  0.0384  0.0386  0.0386  0.0386  0.0386  0.0386  0.0387  0.0382  0.0382
niter,ni,del,rscale     2    3    5.0000    0.5000
parameters
    0.0445   26.7146    6.1625   -7.3052  -25.3016  -10.2191
   -1.5854    3.5327    1.3844   12.2045   -5.3116   -4.6922
eta,q 0.96214 21.10311
  0.0383  0.0382  0.0381  0.0383  0.0384  0.0383  0.0384  0.0384  0.0384  0.0384  0.0380  0.0380
  0.0381  0.0380  0.0380  0.0380  0.0382  0.0381  0.0381  0.0381  0.0381  0.0381  0.0379  0.0380
  0.0379  0.0379  0.0379  0.0379  0.0380  0.0379  0.0379  0.0379  0.0379  0.0379  0.0379  0.0379
  0.0379  0.0379  0.0379  0.0379  0.0379  0.0379  0.0379  0.0379  0.0379  0.0379  0.0379  0.0379
  0.0379  0.0379  0.0379  0.0380  0.0378  0.0379  0.0379  0.0379  0.0379  0.0379  0.0379  0.0379
  0.0381  0.0380  0.0380  0.0381  0.0380  0.0380  0.0381  0.0381  0.0381  0.0381  0.0379  0.0380
  0.0383  0.0382  0.0381  0.0383  0.0383  0.0383  0.0383  0.0384  0.0384  0.0385  0.0380  0.0381
niter,ni,del,rscale     1    3    5.0000    0.4000
parameters
    0.0406   26.6999    6.1542   -7.4747  -24.9775  -10.0981
   -1.5613    3.5339    1.3723   12.1770   -5.3107   -4.8441
eta,q 0.96217 21.11682
  0.0381  0.0381  0.0380  0.0381  0.0382  0.0381  0.0382  0.0382  0.0382  0.0382  0.0380  0.0380
  0.0380  0.0380  0.0379  0.0380  0.0381  0.0380  0.0380  0.0380  0.0380  0.0380  0.0379  0.0379
  0.0379  0.0379  0.0379  0.0379  0.0379  0.0379  0.0379  0.0379  0.0379  0.0379  0.0378  0.0379
  0.0379  0.0379  0.0379  0.0379  0.0379  0.0378  0.0378  0.0378  0.0378  0.0378  0.0378  0.0378
  0.0379  0.0379  0.0379  0.0379  0.0378  0.0378  0.0379  0.0379  0.0379  0.0379  0.0378  0.0378
  0.0380  0.0380  0.0379  0.0380  0.0379  0.0379  0.0380  0.0380  0.0380  0.0380  0.0379  0.0379
  0.0381  0.0381  0.0380  0.0382  0.0381  0.0381  0.0381  0.0382  0.0382  0.0382  0.0380  0.0380
registration optimization eta report
parameter search radius
    0.8000    0.8000    0.8000    2.4000    2.4000    2.4000
    2.4000    2.4000    2.4000    2.4000    2.4000    2.4000
100000*second partial in parameter space
       42.       37.       21.        5.        6.        5.
        6.        6.        6.        7.        2.        3.
  0.0381  0.0381  0.0380  0.0381  0.0382  0.0381  0.0382  0.0382  0.0382  0.0382  0.0380  0.0380
  0.0380  0.0380  0.0379  0.0380  0.0381  0.0380  0.0380  0.0380  0.0380  0.0380  0.0379  0.0379
  0.0379  0.0379  0.0379  0.0379  0.0379  0.0379  0.0379  0.0379  0.0379  0.0379  0.0378  0.0379
  0.0379  0.0379  0.0379  0.0379  0.0379  0.0378  0.0378  0.0378  0.0378  0.0378  0.0378  0.0378
  0.0379  0.0379  0.0379  0.0379  0.0378  0.0378  0.0379  0.0379  0.0379  0.0379  0.0378  0.0378
  0.0380  0.0380  0.0379  0.0380  0.0379  0.0379  0.0380  0.0380  0.0380  0.0380  0.0379  0.0379
  0.0381  0.0381  0.0380  0.0382  0.0381  0.0381  0.0381  0.0382  0.0382  0.0382  0.0380  0.0380
    0.0406   26.6999    6.1542   -7.4747  -24.9775  -10.0981
   -1.5613    3.5339    1.3723   12.1770   -5.3107   -4.8441
eta,q 0.96217 21.11682

---------------------------------------------------------------------
compute_vox2vox talsrcimg talsrcimg_to_711-2C_as_mni_average_305_t4 /opt/freesurfer/average/711-2C_as_mni_average_305
---------------------------------------------------------------------

freesurfer compute_vox2vox.c
Reading: talsrcimg.4dfp.ifh
Reading: talsrcimg_to_711-2C_as_mni_average_305_t4
Reading: /opt/freesurfer/average/711-2C_as_mni_average_305.4dfp.ifh
Writing: talsrcimg_to_711-2C_as_mni_average_305_t4_vox2vox.txt

start time Fri Mar 13 07:55:25 CET 2026
end		time Fri Mar 13 07:56:49 CET 2026

mpr2mni305 success

avi2talxfm orig_nu.mgz /opt/freesurfer/average/mni305.cor.mgz talsrcimg_to_711-2C_as_mni_average_305_t4_vox2vox.txt transforms/talairach.auto.xfm
avi2talxfm done
mv -f /out/sourcedata/freesurfer/sub-v2s5x29564_ses-1/mri/talsrcimg_to_711-2C_as_mni_average_305_t4_vox2vox.txt /out/sourcedata/freesurfer/sub-v2s5x29564_ses-1/mri/transforms/talsrcimg_to_711-2C_as_mni_average_305_t4_vox2vox.txt
lta_convert --src orig_nu.mgz --trg /opt/freesurfer/average/mni305.cor.mgz --inxfm transforms/talairach.auto.xfm --outlta transforms/talairach.auto.xfm.lta --subject fsaverage
7.3.2

--src: orig_nu.mgz src image (geometry).
--trg: /opt/freesurfer/average/mni305.cor.mgz trg image (geometry).
--inmni: transforms/talairach.auto.xfm input MNI/XFM transform.
--outlta: transforms/talairach.auto.xfm.lta output LTA.
--s: fsaverage subject name
 LTA read, type : 1
 1.07791  -0.04501   0.01953  -1.62205;
 0.06207   1.10009   0.07232  -31.10402;
-0.02979  -0.17773   1.32084  -30.56935;
 0.00000   0.00000   0.00000   1.00000;
setting subject to fsaverage
Writing  LTA to file transforms/talairach.auto.xfm.lta...
lta_convert successful.
 
 
Started at Fri Mar 13 07:55:25 CET 2026
Ended   at Fri Mar 13 07:56:50 CET 2026
talairach_avi done
