/out/sourcedata/freesurfer/sub-v2s5x29538_ses-1/mri
/opt/freesurfer/bin/talairach_avi
--i orig_nu.mgz --xfm transforms/talairach.auto.xfm
talairach_avi 7.3.2
Linux dna071 5.14.0-427.37.1.el9_4.x86_64 #1 SMP PREEMPT_DYNAMIC Fri Sep 13 12:41:50 EDT 2024 x86_64 x86_64 x86_64 GNU/Linux
Fri Mar 13 06:39:02 CET 2026
mri_convert orig_nu.mgz talsrcimg.img 
reading from orig_nu.mgz...
TR=0.00, TE=0.00, TI=0.00, flip angle=0.00
i_ras = (-1, 0, 0)
j_ras = (0, 0, -1)
k_ras = (0, 1, 0)
writing to talsrcimg.img...
Analyze Output Matrix
-0.70000   0.00000   0.00000   111.72019;
 0.00000   0.00000   0.70000  -95.07800;
 0.00000  -0.70000   0.00000   85.98750;
 0.00000   0.00000   0.00000   1.00000;
--------------------
INFO: set hdr.hist.orient to -1
mpr2mni305 talsrcimg
Fri Mar 13 06:39:03 CET 2026
/opt/freesurfer/bin/mpr2mni305 talsrcimg
mpr2mni305 7.3.2
target=711-2C_as_mni_average_305

---------------------------------------------------------------------
analyzeto4dfp talsrcimg -O0 -y
---------------------------------------------------------------------

freesurfer ifh2hdr.c
Fri Mar 13 06:39:03 2026
Writing: talsrcimg.4dfp.hdr
freesurfer analyzeto4dfp.c
Reading: talsrcimg.hdr
header size 348 bytes
hdr.dime.datatype	offset=70	value=2
hdr.dime.bitpix		offset=72	value=8
hdr.hist.orient		offset=252	value=-1
dimensionality     4
dimensions       320       320       320         1
Reading: talsrcimg.img
Writing: talsrcimg.4dfp.img
Writing: talsrcimg.4dfp.ifh
ifh2hdr talsrcimg -r0to220
ori=2

---------------------------------------------------------------------
gauss_4dfp talsrcimg 1.1
---------------------------------------------------------------------

freesurfer gauss_4dfp.c
Reading: talsrcimg.4dfp.img
Writing: talsrcimg_g11.4dfp.img
image dimensions 320 320 320 padded to 384 384 384
processing volume 1freesurfer ifh2hdr.c
Fri Mar 13 06:39:10 2026
Writing: talsrcimg_g11.4dfp.hdr

Writing: talsrcimg_g11.4dfp.ifh
including: talsrcimg.4dfp.img.rec in talsrcimg_g11.4dfp.img.rec

---------------------------------------------------------------------
imgreg_4dfp /opt/freesurfer/average/711-2C_as_mni_average_305 none talsrcimg_g11 none talsrcimg_to_711-2C_as_mni_average_305_t4 4355
---------------------------------------------------------------------

freesurfer imgreg_4dfp.c
/opt/freesurfer/average/711-2C_as_mni_average_305.4dfp.img
       256       256       256         1
  1.000000  1.000000  1.000000
orientation T byte_order littleendian
Reading image: /opt/freesurfer/average/711-2C_as_mni_average_305.4dfp.img
dimensions:      256       256       256
mmppix:       1.0000   -1.0000   -1.0000
center:     128.0000 -129.0000 -129.0000
talsrcimg_g11.4dfp.img
       320       320       320         1
  0.700000  0.700000  0.700000
orientation T byte_order littleendian
Reading image: talsrcimg_g11.4dfp.img
dimensions:      320       320       320
mmppix:       0.7000   -0.7000   -0.7000
center:     112.0000 -112.7000 -112.7000
t4_read: open error in t4_sub.f l:  41 t4_file(1:l)talsrcimg_to_711-2C_as_mni_average_305_t4 
t4_read: transform initialized to I4
rotation matrix determinant  1.000000
image alignment mode   4355 decimal     1103 hex
   -7.5000  -45.0000  -45.0000 4528.8682   20.2762
    0.0000  -45.0000  -45.0000 4820.2905   20.3067
    7.5000  -45.0000  -45.0000 4583.8154   20.3208
   -7.5000  -37.5000  -45.0000 4810.9238   20.5786
    0.0000  -37.5000  -45.0000 5114.4697   20.5960
    7.5000  -37.5000  -45.0000 4860.4800   20.5945
   -7.5000  -30.0000  -45.0000 5139.1729   20.3896
    0.0000  -30.0000  -45.0000 5448.4722   20.4066
    7.5000  -30.0000  -45.0000 5182.3633   20.4153
   -7.5000  -22.5000  -45.0000 5347.1523   19.7507
    0.0000  -22.5000  -45.0000 5669.7539   19.7749
    7.5000  -22.5000  -45.0000 5404.3745   19.8033
   -7.5000  -15.0000  -45.0000 5831.2046   19.2624
    0.0000  -15.0000  -45.0000 6179.0361   19.2918
    7.5000  -15.0000  -45.0000 5875.4805   19.3234
   -7.5000   -7.5000  -45.0000 6349.4521   18.9735
    0.0000   -7.5000  -45.0000 6721.0879   18.9990
    7.5000   -7.5000  -45.0000 6374.6523   19.0139
   -7.5000    0.0000  -45.0000 6850.6152   18.9365
    0.0000    0.0000  -45.0000 7244.5498   18.9535
    7.5000    0.0000  -45.0000 6859.6450   18.9498
   -7.5000    7.5000  -45.0000 6689.4624   18.9368
    0.0000    7.5000  -45.0000 7073.0903   18.9489
    7.5000    7.5000  -45.0000 6704.6025   18.9417
   -7.5000   15.0000  -45.0000 6420.7734   18.6738
    0.0000   15.0000  -45.0000 6797.5244   18.6887
    7.5000   15.0000  -45.0000 6439.3442   18.6961
   -7.5000   22.5000  -45.0000 6130.4419   18.1713
    0.0000   22.5000  -45.0000 6491.3247   18.1936
    7.5000   22.5000  -45.0000 6125.9585   18.2192
   -7.5000   30.0000  -45.0000 6005.3955   18.1720
    0.0000   30.0000  -45.0000 6342.3833   18.1996
    7.5000   30.0000  -45.0000 5993.1460   18.2290
   -7.5000   37.5000  -45.0000 5674.4419   17.7030
    0.0000   37.5000  -45.0000 5988.3550   17.7269
    7.5000   37.5000  -45.0000 5658.0410   17.7406
   -7.5000   45.0000  -45.0000 5342.1992   17.2972
    0.0000   45.0000  -45.0000 5625.8970   17.3129
    7.5000   45.0000  -45.0000 5335.1372   17.3086
   -7.5000  -45.0000  -37.5000 4748.4268   21.0553
    0.0000  -45.0000  -37.5000 5058.6006   21.0877
    7.5000  -45.0000  -37.5000 4811.9263   21.1011
   -7.5000  -37.5000  -37.5000 5049.9160   21.3516
    0.0000  -37.5000  -37.5000 5360.8105   21.3686
    7.5000  -37.5000  -37.5000 5097.9941   21.3664
   -7.5000  -30.0000  -37.5000 5404.7168   21.1305
    0.0000  -30.0000  -37.5000 5716.4766   21.1454
    7.5000  -30.0000  -37.5000 5449.4946   21.1540
   -7.5000  -22.5000  -37.5000 5639.2729   20.4756
    0.0000  -22.5000  -37.5000 5961.2544   20.4977
    7.5000  -22.5000  -37.5000 5691.2241   20.5264
   -7.5000  -15.0000  -37.5000 6165.4531   19.9808
    0.0000  -15.0000  -37.5000 6509.3618   20.0086
    7.5000  -15.0000  -37.5000 6205.2471   20.0399
   -7.5000   -7.5000  -37.5000 6720.7905   19.6907
    0.0000   -7.5000  -37.5000 7089.7808   19.7162
    7.5000   -7.5000  -37.5000 6747.1294   19.7295
   -7.5000    0.0000  -37.5000 7241.6699   19.6528
    0.0000    0.0000  -37.5000 7637.3027   19.6708
    7.5000    0.0000  -37.5000 7264.4888   19.6656
   -7.5000    7.5000  -37.5000 7068.2915   19.6506
    0.0000    7.5000  -37.5000 7446.6934   19.6626
    7.5000    7.5000  -37.5000 7082.9512   19.6546
   -7.5000   15.0000  -37.5000 6778.2856   19.3785
    0.0000   15.0000  -37.5000 7152.9990   19.3920
    7.5000   15.0000  -37.5000 6796.2993   19.3994
   -7.5000   22.5000  -37.5000 6485.0098   18.8668
    0.0000   22.5000  -37.5000 6842.3350   18.8874
    7.5000   22.5000  -37.5000 6480.4521   18.9137
   -7.5000   30.0000  -37.5000 6376.3506   18.8693
    0.0000   30.0000  -37.5000 6711.1357   18.8956
    7.5000   30.0000  -37.5000 6370.5098   18.9249
   -7.5000   37.5000  -37.5000 6051.7886   18.3887
    0.0000   37.5000  -37.5000 6349.2114   18.4125
    7.5000   37.5000  -37.5000 6030.8818   18.4249
   -7.5000   45.0000  -37.5000 5716.6953   17.9437
    0.0000   45.0000  -37.5000 5972.1074   17.9607
    7.5000   45.0000  -37.5000 5698.7827   17.9553
   -7.5000  -45.0000  -30.0000 4937.5747   21.7326
    0.0000  -45.0000  -30.0000 5256.6772   21.7594
    7.5000  -45.0000  -30.0000 5009.2432   21.7687
   -7.5000  -37.5000  -30.0000 5279.2666   22.0615
    0.0000  -37.5000  -30.0000 5594.0557   22.0757
    7.5000  -37.5000  -30.0000 5339.8130   22.0702
   -7.5000  -30.0000  -30.0000 5685.0771   21.8228
    0.0000  -30.0000  -30.0000 5996.1929   21.8368
    7.5000  -30.0000  -30.0000 5733.9854   21.8369
   -7.5000  -22.5000  -30.0000 5935.7354   21.1587
    0.0000  -22.5000  -30.0000 6241.8589   21.1800
    7.5000  -22.5000  -30.0000 5977.2490   21.1978
   -7.5000  -15.0000  -30.0000 6480.8525   20.6523
    0.0000  -15.0000  -30.0000 6809.4067   20.6773
    7.5000  -15.0000  -30.0000 6512.0527   20.6998
   -7.5000   -7.5000  -30.0000 7073.3457   20.3487
    0.0000   -7.5000  -30.0000 7428.1748   20.3693
    7.5000   -7.5000  -30.0000 7098.9932   20.3788
   -7.5000    0.0000  -30.0000 7627.4556   20.3046
    0.0000    0.0000  -30.0000 8025.5415   20.3183
    7.5000    0.0000  -30.0000 7660.1909   20.3128
   -7.5000    7.5000  -30.0000 7463.1411   20.3055
    0.0000    7.5000  -30.0000 7841.3813   20.3148
    7.5000    7.5000  -30.0000 7480.0703   20.3041
   -7.5000   15.0000  -30.0000 7192.7227   20.0365
    0.0000   15.0000  -30.0000 7562.7144   20.0487
    7.5000   15.0000  -30.0000 7196.4619   20.0483
   -7.5000   22.5000  -30.0000 6886.8818   19.5243
    0.0000   22.5000  -30.0000 7239.1255   19.5441
    7.5000   22.5000  -30.0000 6867.4253   19.5608
   -7.5000   30.0000  -30.0000 6789.0239   19.5210
    0.0000   30.0000  -30.0000 7112.6265   19.5450
    7.5000   30.0000  -30.0000 6772.6382   19.5662
   -7.5000   37.5000  -30.0000 6444.7568   19.0314
    0.0000   37.5000  -30.0000 6724.1021   19.0509
    7.5000   37.5000  -30.0000 6410.5928   19.0598
   -7.5000   45.0000  -30.0000 6091.8091   18.5617
    0.0000   45.0000  -30.0000 6337.1123   18.5752
    7.5000   45.0000  -30.0000 6063.4707   18.5700
   -7.5000  -45.0000  -22.5000 4977.1387   21.5072
    0.0000  -45.0000  -22.5000 5282.1167   21.5288
    7.5000  -45.0000  -22.5000 5048.2700   21.5421
   -7.5000  -37.5000  -22.5000 5359.2197   21.8427
    0.0000  -37.5000  -22.5000 5664.5303   21.8533
    7.5000  -37.5000  -22.5000 5421.2861   21.8517
   -7.5000  -30.0000  -22.5000 5801.2939   21.6263
    0.0000  -30.0000  -22.5000 6108.3262   21.6395
    7.5000  -30.0000  -22.5000 5849.7554   21.6371
   -7.5000  -22.5000  -22.5000 6076.8525   20.9837
    0.0000  -22.5000  -22.5000 6365.4600   21.0050
    7.5000  -22.5000  -22.5000 6105.3691   21.0168
   -7.5000  -15.0000  -22.5000 6637.1763   20.4837
    0.0000  -15.0000  -22.5000 6955.8857   20.5079
    7.5000  -15.0000  -22.5000 6660.1504   20.5266
   -7.5000   -7.5000  -22.5000 7258.3149   20.1709
    0.0000   -7.5000  -22.5000 7621.4702   20.1894
    7.5000   -7.5000  -22.5000 7283.9253   20.2015
   -7.5000    0.0000  -22.5000 7846.9263   20.1161
    0.0000    0.0000  -22.5000 8268.8379   20.1261
    7.5000    0.0000  -22.5000 7881.8926   20.1271
   -7.5000    7.5000  -22.5000 7695.5845   20.1203
    0.0000    7.5000  -22.5000 8096.3257   20.1260
    7.5000    7.5000  -22.5000 7714.7778   20.1189
   -7.5000   15.0000  -22.5000 7446.5186   19.8672
    0.0000   15.0000  -22.5000 7833.2651   19.8775
    7.5000   15.0000  -22.5000 7447.2417   19.8747
   -7.5000   22.5000  -22.5000 7140.2012   19.3695
    0.0000   22.5000  -22.5000 7504.5474   19.3888
    7.5000   22.5000  -22.5000 7130.6519   19.3998
   -7.5000   30.0000  -22.5000 7048.5391   19.3627
    0.0000   30.0000  -22.5000 7388.4141   19.3858
    7.5000   30.0000  -22.5000 7033.5894   19.4034
   -7.5000   37.5000  -22.5000 6689.5244   18.8623
    0.0000   37.5000  -22.5000 6987.0771   18.8800
    7.5000   37.5000  -22.5000 6660.7808   18.8916
   -7.5000   45.0000  -22.5000 6324.7651   18.3861
    0.0000   45.0000  -22.5000 6579.1953   18.3966
    7.5000   45.0000  -22.5000 6296.2295   18.3976
   -7.5000  -45.0000  -15.0000 5132.2236   22.2846
    0.0000  -45.0000  -15.0000 5427.3062   22.3032
    7.5000  -45.0000  -15.0000 5190.2671   22.3204
   -7.5000  -37.5000  -15.0000 5542.4150   22.6507
    0.0000  -37.5000  -15.0000 5838.9775   22.6579
    7.5000  -37.5000  -15.0000 5588.4077   22.6579
   -7.5000  -30.0000  -15.0000 6046.0347   22.4042
    0.0000  -30.0000  -15.0000 6334.0889   22.4146
    7.5000  -30.0000  -15.0000 6071.9546   22.4124
   -7.5000  -22.5000  -15.0000 6374.0557   21.7427
    0.0000  -22.5000  -15.0000 6651.2075   21.7616
    7.5000  -22.5000  -15.0000 6377.2495   21.7735
   -7.5000  -15.0000  -15.0000 6984.4785   21.2245
    0.0000  -15.0000  -15.0000 7294.7656   21.2477
    7.5000  -15.0000  -15.0000 6982.8540   21.2681
   -7.5000   -7.5000  -15.0000 7673.7207   20.8993
    0.0000   -7.5000  -15.0000 8057.5591   20.9167
    7.5000   -7.5000  -15.0000 7685.3960   20.9325
   -7.5000    0.0000  -15.0000 8353.1699   20.8447
    0.0000    0.0000  -15.0000 8826.9346   20.8519
    7.5000    0.0000  -15.0000 8383.6475   20.8560
   -7.5000    7.5000  -15.0000 8204.7344   20.8494
    0.0000    7.5000  -15.0000 8672.9141   20.8517
    7.5000    7.5000  -15.0000 8251.6143   20.8460
   -7.5000   15.0000  -15.0000 7924.5547   20.5916
    0.0000   15.0000  -15.0000 8394.0215   20.5990
    7.5000   15.0000  -15.0000 7972.1597   20.5964
   -7.5000   22.5000  -15.0000 7592.9922   20.0888
    0.0000   22.5000  -15.0000 8031.0601   20.1057
    7.5000   22.5000  -15.0000 7621.4604   20.1166
   -7.5000   30.0000  -15.0000 7496.3325   20.0798
    0.0000   30.0000  -15.0000 7912.0273   20.1017
    7.5000   30.0000  -15.0000 7518.3452   20.1209
   -7.5000   37.5000  -15.0000 7116.6396   19.5698
    0.0000   37.5000  -15.0000 7500.9644   19.5866
    7.5000   37.5000  -15.0000 7113.9146   19.6016
   -7.5000   45.0000  -15.0000 6754.1523   19.0969
    0.0000   45.0000  -15.0000 7079.6816   19.1048
    7.5000   45.0000  -15.0000 6728.9917   19.1083
   -7.5000  -45.0000   -7.5000 5294.1416   23.0902
    0.0000  -45.0000   -7.5000 5568.9951   23.1140
    7.5000  -45.0000   -7.5000 5324.6846   23.1326
   -7.5000  -37.5000   -7.5000 5717.9238   23.4639
    0.0000  -37.5000   -7.5000 5993.1646   23.4738
    7.5000  -37.5000   -7.5000 5739.3159   23.4740
   -7.5000  -30.0000   -7.5000 6226.3149   23.1741
    0.0000  -30.0000   -7.5000 6506.8896   23.1853
    7.5000  -30.0000   -7.5000 6247.7041   23.1881
   -7.5000  -22.5000   -7.5000 6579.4023   22.4848
    0.0000  -22.5000   -7.5000 6874.8320   22.5041
    7.5000  -22.5000   -7.5000 6597.0312   22.5241
   -7.5000  -15.0000   -7.5000 7257.9873   21.9523
    0.0000  -15.0000   -7.5000 7594.7158   21.9781
    7.5000  -15.0000   -7.5000 7271.8076   22.0057
   -7.5000   -7.5000   -7.5000 8041.1050   21.6288
    0.0000   -7.5000   -7.5000 8482.2695   21.6501
    7.5000   -7.5000   -7.5000 8049.9907   21.6683
   -7.5000    0.0000   -7.5000 8856.9814   21.5819
    0.0000    0.0000   -7.5000 9456.5830   21.5927
    7.5000    0.0000   -7.5000 8907.2451   21.5947
   -7.5000    7.5000   -7.5000 8746.7686   21.5793
    0.0000    7.5000   -7.5000 9429.4453   21.5843
    7.5000    7.5000   -7.5000 8854.5928   21.5783
   -7.5000   15.0000   -7.5000 8434.3789   21.3035
    0.0000   15.0000   -7.5000 9146.7744   21.3124
    7.5000   15.0000   -7.5000 8560.4453   21.3145
   -7.5000   22.5000   -7.5000 8070.9429   20.7891
    0.0000   22.5000   -7.5000 8720.4932   20.8069
    7.5000   22.5000   -7.5000 8152.3652   20.8249
   -7.5000   30.0000   -7.5000 7991.5664   20.7859
    0.0000   30.0000   -7.5000 8617.0820   20.8102
    7.5000   30.0000   -7.5000 8029.5742   20.8360
   -7.5000   37.5000   -7.5000 7618.2290   20.2831
    0.0000   37.5000   -7.5000 8166.1265   20.3033
    7.5000   37.5000   -7.5000 7599.9639   20.3204
   -7.5000   45.0000   -7.5000 7249.2090   19.8216
    0.0000   45.0000   -7.5000 7729.9746   19.8320
    7.5000   45.0000   -7.5000 7209.9111   19.8332
   -7.5000  -45.0000    0.0000 5399.0537   23.7027
    0.0000  -45.0000    0.0000 5692.3066   23.7352
    7.5000  -45.0000    0.0000 5421.1411   23.7526
   -7.5000  -37.5000    0.0000 5844.0493   24.0753
    0.0000  -37.5000    0.0000 6132.1401   24.0911
    7.5000  -37.5000    0.0000 5864.6699   24.0898
   -7.5000  -30.0000    0.0000 6379.2085   23.7493
    0.0000  -30.0000    0.0000 6662.5728   23.7633
    7.5000  -30.0000    0.0000 6408.2764   23.7718
   -7.5000  -22.5000    0.0000 6745.5703   23.0337
    0.0000  -22.5000    0.0000 7049.0879   23.0554
    7.5000  -22.5000    0.0000 6796.3027   23.0854
   -7.5000  -15.0000    0.0000 7494.9175   22.4929
    0.0000  -15.0000    0.0000 7865.9883   22.5225
    7.5000  -15.0000    0.0000 7551.8965   22.5573
   -7.5000   -7.5000    0.0000 8391.6875   22.1782
    0.0000   -7.5000    0.0000 8918.6484   22.2053
    7.5000   -7.5000    0.0000 8463.6650   22.2231
   -7.5000    0.0000    0.0000 9383.7168   22.1406
    0.0000    0.0000    0.000010228.2295   22.1580
    7.5000    0.0000    0.0000 9518.4551   22.1551
   -7.5000    7.5000    0.0000 9446.1514   22.1303
    0.0000    7.5000    0.000010602.6299   22.1408
    7.5000    7.5000    0.0000 9662.8408   22.1332
   -7.5000   15.0000    0.0000 9154.0303   21.8360
    0.0000   15.0000    0.000010381.7373   21.8484
    7.5000   15.0000    0.0000 9341.6543   21.8558
   -7.5000   22.5000    0.0000 8696.7246   21.3088
    0.0000   22.5000    0.0000 9733.9385   21.3292
    7.5000   22.5000    0.0000 8776.0518   21.3565
   -7.5000   30.0000    0.0000 8534.3174   21.3123
    0.0000   30.0000    0.0000 9436.6240   21.3402
    7.5000   30.0000    0.0000 8559.9111   21.3728
   -7.5000   37.5000    0.0000 8112.8301   20.8256
    0.0000   37.5000    0.0000 8877.8545   20.8511
    7.5000   37.5000    0.0000 8104.6392   20.8677
   -7.5000   45.0000    0.0000 7687.5249   20.3744
    0.0000   45.0000    0.0000 8343.3789   20.3906
    7.5000   45.0000    0.0000 7677.4141   20.3869
   -7.5000  -45.0000    7.5000 5113.5269   23.9350
    0.0000  -45.0000    7.5000 5386.0786   23.9705
    7.5000  -45.0000    7.5000 5143.9810   23.9866
   -7.5000  -37.5000    7.5000 5540.8389   24.3067
    0.0000  -37.5000    7.5000 5829.4375   24.3254
    7.5000  -37.5000    7.5000 5582.1353   24.3241
   -7.5000  -30.0000    7.5000 6069.0386   23.9734
    0.0000  -30.0000    7.5000 6407.6011   23.9890
    7.5000  -30.0000    7.5000 6138.5630   23.9993
   -7.5000  -22.5000    7.5000 6445.9717   23.2425
    0.0000  -22.5000    7.5000 6869.5718   23.2657
    7.5000  -22.5000    7.5000 6539.4873   23.2978
   -7.5000  -15.0000    7.5000 7171.5356   22.6928
    0.0000  -15.0000    7.5000 7709.2681   22.7226
    7.5000  -15.0000    7.5000 7252.8784   22.7581
   -7.5000   -7.5000    7.5000 8006.6577   22.3738
    0.0000   -7.5000    7.5000 8690.7051   22.4014
    7.5000   -7.5000    7.5000 8089.6680   22.4172
   -7.5000    0.0000    7.5000 8981.4199   22.3348
    0.0000    0.0000    7.500010019.9150   22.3545
    7.5000    0.0000    7.5000 9151.1260   22.3497
   -7.5000    7.5000    7.5000 9166.4922   22.3245
    0.0000    7.5000    7.500010712.9355   22.3377
    7.5000    7.5000    7.5000 9428.2656   22.3298
   -7.5000   15.0000    7.5000 8976.6836   22.0283
    0.0000   15.0000    7.500010498.1689   22.0425
    7.5000   15.0000    7.5000 9211.0361   22.0513
   -7.5000   22.5000    7.5000 8403.0752   21.4952
    0.0000   22.5000    7.5000 9579.3311   21.5171
    7.5000   22.5000    7.5000 8563.2305   21.5466
   -7.5000   30.0000    7.5000 8156.3140   21.4984
    0.0000   30.0000    7.5000 9135.9082   21.5268
    7.5000   30.0000    7.5000 8270.9395   21.5601
   -7.5000   37.5000    7.5000 7718.9424   21.0133
    0.0000   37.5000    7.5000 8570.1436   21.0391
    7.5000   37.5000    7.5000 7815.8325   21.0539
   -7.5000   45.0000    7.5000 7337.7656   20.5555
    0.0000   45.0000    7.5000 8061.3843   20.5742
    7.5000   45.0000    7.5000 7410.7993   20.5693
   -7.5000  -45.0000   15.0000 4828.4814   24.8925
    0.0000  -45.0000   15.0000 5187.2368   24.9254
    7.5000  -45.0000   15.0000 4907.0225   24.9379
   -7.5000  -37.5000   15.0000 5276.7827   25.2377
    0.0000  -37.5000   15.0000 5650.4092   25.2553
    7.5000  -37.5000   15.0000 5355.4644   25.2500
   -7.5000  -30.0000   15.0000 5836.8896   24.8732
    0.0000  -30.0000   15.0000 6252.2988   24.8906
    7.5000  -30.0000   15.0000 5923.7920   24.8920
   -7.5000  -22.5000   15.0000 6223.3740   24.0949
    0.0000  -22.5000   15.0000 6687.5137   24.1211
    7.5000  -22.5000   15.0000 6321.5093   24.1434
   -7.5000  -15.0000   15.0000 6899.8076   23.5022
    0.0000  -15.0000   15.0000 7434.3130   23.5329
    7.5000  -15.0000   15.0000 6988.8638   23.5608
   -7.5000   -7.5000   15.0000 7642.2368   23.1458
    0.0000   -7.5000   15.0000 8290.0596   23.1714
    7.5000   -7.5000   15.0000 7720.5532   23.1839
   -7.5000    0.0000   15.0000 8468.6865   23.0918
    0.0000    0.0000   15.0000 9438.0205   23.1089
    7.5000    0.0000   15.0000 8629.3389   23.1037
   -7.5000    7.5000   15.0000 8521.8086   23.0861
    0.0000    7.5000   15.0000 9695.1982   23.0977
    7.5000    7.5000   15.0000 8806.1738   23.0863
   -7.5000   15.0000   15.0000 8237.9756   22.7946
    0.0000   15.0000   15.0000 9207.4492   22.8096
    7.5000   15.0000   15.0000 8497.7139   22.8103
   -7.5000   22.5000   15.0000 7782.3970   22.2518
    0.0000   22.5000   15.0000 8531.5635   22.2761
    7.5000   22.5000   15.0000 7970.4658   22.2969
   -7.5000   30.0000   15.0000 7676.1826   22.2496
    0.0000   30.0000   15.0000 8396.8125   22.2790
    7.5000   30.0000   15.0000 7825.8442   22.3053
   -7.5000   37.5000   15.0000 7338.5522   21.7423
    0.0000   37.5000   15.0000 8039.0415   21.7664
    7.5000   37.5000   15.0000 7450.7617   21.7784
   -7.5000   45.0000   15.0000 7021.2681   21.2657
    0.0000   45.0000   15.0000 7648.3535   21.2826
    7.5000   45.0000   15.0000 7093.2427   21.2776
   -7.5000  -45.0000   22.5000 4549.2607   26.1269
    0.0000  -45.0000   22.5000 4887.5015   26.1521
    7.5000  -45.0000   22.5000 4627.1401   26.1697
   -7.5000  -37.5000   22.5000 4989.0845   26.4444
    0.0000  -37.5000   22.5000 5333.2031   26.4545
    7.5000  -37.5000   22.5000 5068.4839   26.4521
   -7.5000  -30.0000   22.5000 5521.2285   26.0295
    0.0000  -30.0000   22.5000 5887.1294   26.0435
    7.5000  -30.0000   22.5000 5594.3574   26.0406
   -7.5000  -22.5000   22.5000 5885.8413   25.1827
    0.0000  -22.5000   22.5000 6289.1250   25.2078
    7.5000  -22.5000   22.5000 5956.3237   25.2237
   -7.5000  -15.0000   22.5000 6495.7446   24.5240
    0.0000  -15.0000   22.5000 6971.5508   24.5534
    7.5000  -15.0000   22.5000 6556.9692   24.5782
   -7.5000   -7.5000   22.5000 7156.5371   24.1137
    0.0000   -7.5000   22.5000 7745.4370   24.1358
    7.5000   -7.5000   22.5000 7218.1978   24.1520
   -7.5000    0.0000   22.5000 7878.3521   24.0446
    0.0000    0.0000   22.5000 8676.6631   24.0549
    7.5000    0.0000   22.5000 8040.6074   24.0562
   -7.5000    7.5000   22.5000 7818.4790   24.0483
    0.0000    7.5000   22.5000 8634.4033   24.0526
    7.5000    7.5000   22.5000 8071.1958   24.0432
   -7.5000   15.0000   22.5000 7528.0923   23.7604
    0.0000   15.0000   22.5000 8135.3691   23.7709
    7.5000   15.0000   22.5000 7712.4697   23.7676
   -7.5000   22.5000   22.5000 7200.0908   23.2168
    0.0000   22.5000   22.5000 7717.3711   23.2395
    7.5000   22.5000   22.5000 7334.5542   23.2542
   -7.5000   30.0000   22.5000 7214.9253   23.2048
    0.0000   30.0000   22.5000 7786.1948   23.2328
    7.5000   30.0000   22.5000 7325.1689   23.2562
   -7.5000   37.5000   22.5000 6956.1694   22.6745
    0.0000   37.5000   22.5000 7535.4922   22.6958
    7.5000   37.5000   22.5000 7048.8403   22.7114
   -7.5000   45.0000   22.5000 6699.6069   22.1940
    0.0000   45.0000   22.5000 7250.5679   22.2052
    7.5000   45.0000   22.5000 6760.7651   22.2065
   -7.5000  -45.0000   30.0000 4419.0898   27.8982
    0.0000  -45.0000   30.0000 4731.5435   27.9260
    7.5000  -45.0000   30.0000 4486.2578   27.9524
   -7.5000  -37.5000   30.0000 4862.2212   28.2121
    0.0000  -37.5000   30.0000 5181.8667   28.2225
    7.5000  -37.5000   30.0000 4920.0864   28.2246
   -7.5000  -30.0000   30.0000 5382.2471   27.7339
    0.0000  -30.0000   30.0000 5720.7935   27.7482
    7.5000  -30.0000   30.0000 5432.1885   27.7470
   -7.5000  -22.5000   30.0000 5734.5889   26.7875
    0.0000  -22.5000   30.0000 6109.0259   26.8135
    7.5000  -22.5000   30.0000 5776.6777   26.8314
   -7.5000  -15.0000   30.0000 6318.4990   26.0412
    0.0000  -15.0000   30.0000 6741.8867   26.0738
    7.5000  -15.0000   30.0000 6354.3833   26.1027
   -7.5000   -7.5000   30.0000 6948.5928   25.5717
    0.0000   -7.5000   30.0000 7445.1299   25.5967
    7.5000   -7.5000   30.0000 7000.3496   25.6193
   -7.5000    0.0000   30.0000 7634.9810   25.4911
    0.0000    0.0000   30.0000 8239.3994   25.5019
    7.5000    0.0000   30.0000 7783.1758   25.5084
   -7.5000    7.5000   30.0000 7576.7178   25.4979
    0.0000    7.5000   30.0000 8128.1890   25.5012
    7.5000    7.5000   30.0000 7735.9966   25.4946
   -7.5000   15.0000   30.0000 7340.8809   25.1979
    0.0000   15.0000   30.0000 7786.3286   25.2077
    7.5000   15.0000   30.0000 7421.9238   25.2058
   -7.5000   22.5000   30.0000 7088.7769   24.6268
    0.0000   22.5000   30.0000 7561.1714   24.6499
    7.5000   22.5000   30.0000 7150.2104   24.6660
   -7.5000   30.0000   30.0000 7134.6177   24.6114
    0.0000   30.0000   30.0000 7642.5386   24.6419
    7.5000   30.0000   30.0000 7192.3447   24.6691
   -7.5000   37.5000   30.0000 6886.0068   24.0216
    0.0000   37.5000   30.0000 7386.6182   24.0457
    7.5000   37.5000   30.0000 6934.0518   24.0672
   -7.5000   45.0000   30.0000 6623.6699   23.4688
    0.0000   45.0000   30.0000 7109.6372   23.4804
    7.5000   45.0000   30.0000 6661.6372   23.4864
   -7.5000  -45.0000   37.5000 4102.6196   29.3786
    0.0000  -45.0000   37.5000 4385.8315   29.4130
    7.5000  -45.0000   37.5000 4165.6021   29.4466
   -7.5000  -37.5000   37.5000 4539.4468   29.7220
    0.0000  -37.5000   37.5000 4832.1978   29.7352
    7.5000  -37.5000   37.5000 4591.0732   29.7396
   -7.5000  -30.0000   37.5000 5026.9927   29.1621
    0.0000  -30.0000   37.5000 5348.3311   29.1771
    7.5000  -30.0000   37.5000 5075.7373   29.1884
   -7.5000  -22.5000   37.5000 5365.5645   28.1001
    0.0000  -22.5000   37.5000 5694.2969   28.1267
    7.5000  -22.5000   37.5000 5401.9155   28.1651
   -7.5000  -15.0000   37.5000 5909.8477   27.2612
    0.0000  -15.0000   37.5000 6261.2476   27.2972
    7.5000  -15.0000   37.5000 5947.0757   27.3447
   -7.5000   -7.5000   37.5000 6517.9580   26.7656
    0.0000   -7.5000   37.5000 6894.9590   26.7953
    7.5000   -7.5000   37.5000 6566.6519   26.8266
   -7.5000    0.0000   37.5000 7182.0815   26.7062
    0.0000    0.0000   37.5000 7603.9951   26.7202
    7.5000    0.0000   37.5000 7264.5986   26.7259
   -7.5000    7.5000   37.5000 7121.3706   26.7127
    0.0000    7.5000   37.5000 7506.6909   26.7180
    7.5000    7.5000   37.5000 7175.3491   26.7125
   -7.5000   15.0000   37.5000 6916.4741   26.3658
    0.0000   15.0000   37.5000 7283.9697   26.3772
    7.5000   15.0000   37.5000 6929.9907   26.3862
   -7.5000   22.5000   37.5000 6717.2759   25.7463
    0.0000   22.5000   37.5000 7109.5127   25.7704
    7.5000   22.5000   37.5000 6731.7832   25.8043
   -7.5000   30.0000   37.5000 6778.0264   25.7219
    0.0000   30.0000   37.5000 7183.1069   25.7554
    7.5000   30.0000   37.5000 6777.1113   25.7996
   -7.5000   37.5000   37.5000 6540.5361   25.0745
    0.0000   37.5000   37.5000 6939.1855   25.1024
    7.5000   37.5000   37.5000 6532.6646   25.1317
   -7.5000   45.0000   37.5000 6269.4336   24.4561
    0.0000   45.0000   37.5000 6658.4956   24.4695
    7.5000   45.0000   37.5000 6265.5410   24.4738
   -7.5000  -45.0000   45.0000 3827.6895   30.8255
    0.0000  -45.0000   45.0000 4087.2852   30.8876
    7.5000  -45.0000   45.0000 3871.9426   30.9110
   -7.5000  -37.5000   45.0000 4255.0146   31.1516
    0.0000  -37.5000   45.0000 4524.9111   31.1865
    7.5000  -37.5000   45.0000 4286.4634   31.1772
   -7.5000  -30.0000   45.0000 4719.5054   30.5227
    0.0000  -30.0000   45.0000 5025.6343   30.5556
    7.5000  -30.0000   45.0000 4763.5664   30.5662
   -7.5000  -22.5000   45.0000 5030.6904   29.3878
    0.0000  -22.5000   45.0000 5322.5835   29.4331
    7.5000  -22.5000   45.0000 5066.3452   29.4812
   -7.5000  -15.0000   45.0000 5566.5986   28.4732
    0.0000  -15.0000   45.0000 5841.5898   28.5289
    7.5000  -15.0000   45.0000 5595.2886   28.5843
   -7.5000   -7.5000   45.0000 6130.7163   27.9419
    0.0000   -7.5000   45.0000 6426.0361   27.9913
    7.5000   -7.5000   45.0000 6167.3022   28.0171
   -7.5000    0.0000   45.0000 6747.4985   27.8830
    0.0000    0.0000   45.0000 7079.8525   27.9161
    7.5000    0.0000   45.0000 6784.2021   27.9062
   -7.5000    7.5000   45.0000 6684.2837   27.8718
    0.0000    7.5000   45.0000 6996.2925   27.8952
    7.5000    7.5000   45.0000 6689.6323   27.8775
   -7.5000   15.0000   45.0000 6512.2896   27.4842
    0.0000   15.0000   45.0000 6826.9487   27.5120
    7.5000   15.0000   45.0000 6498.7915   27.5210
   -7.5000   22.5000   45.0000 6347.8223   26.8338
    0.0000   22.5000   45.0000 6682.7349   26.8748
    7.5000   22.5000   45.0000 6331.9355   26.9175
   -7.5000   30.0000   45.0000 6395.3955   26.8206
    0.0000   30.0000   45.0000 6739.5889   26.8725
    7.5000   30.0000   45.0000 6363.7910   26.9237
   -7.5000   37.5000   45.0000 6161.6631   26.0916
    0.0000   37.5000   45.0000 6499.0459   26.1376
    7.5000   37.5000   45.0000 6127.3608   26.1618
   -7.5000   45.0000   45.0000 5871.0249   25.3834
    0.0000   45.0000   45.0000 6217.8394   25.4136
    7.5000   45.0000   45.0000 5857.3110   25.4034

---------------------------------------------------------------------
imgreg_4dfp /opt/freesurfer/average/711-2C_as_mni_average_305 /opt/freesurfer/average/711-2B_as_mni_average_305_mask talsrcimg_g11 none talsrcimg_to_711-2C_as_mni_average_305_t4 4355
---------------------------------------------------------------------

freesurfer imgreg_4dfp.c
/opt/freesurfer/average/711-2C_as_mni_average_305.4dfp.img
       256       256       256         1
  1.000000  1.000000  1.000000
orientation T byte_order littleendian
Reading image: /opt/freesurfer/average/711-2C_as_mni_average_305.4dfp.img
dimensions:      256       256       256
mmppix:       1.0000   -1.0000   -1.0000
center:     128.0000 -129.0000 -129.0000
/opt/freesurfer/average/711-2B_as_mni_average_305_mask.4dfp.img
       256       256       256         1
  1.000000  1.000000  1.000000
orientation T byte_order littleendian
Reading mask: /opt/freesurfer/average/711-2B_as_mni_average_305_mask.4dfp.img (2306576 pixels)
talsrcimg_g11.4dfp.img
       320       320       320         1
  0.700000  0.700000  0.700000
orientation T byte_order littleendian
Reading image: talsrcimg_g11.4dfp.img
dimensions:      320       320       320
mmppix:       0.7000   -0.7000   -0.7000
center:     112.0000 -112.7000 -112.7000
rotation matrix determinant  1.000000
image alignment mode   4355 decimal     1103 hex
   -7.5000  -37.5000  -37.5000 1965.7302   26.2520
    0.0000  -37.5000  -37.5000 1984.3551   25.9072
    7.5000  -37.5000  -37.5000 1977.9052   25.8547
   -7.5000  -30.0000  -37.5000 2033.0160   24.3156
    0.0000  -30.0000  -37.5000 2043.1072   23.9301
    7.5000  -30.0000  -37.5000 2039.8473   23.8972
   -7.5000  -22.5000  -37.5000 2093.8210   22.8078
    0.0000  -22.5000  -37.5000 2102.8259   22.4464
    7.5000  -22.5000  -37.5000 2098.5854   22.4396
   -7.5000  -15.0000  -37.5000 2141.3057   21.8005
    0.0000  -15.0000  -37.5000 2147.1160   21.4039
    7.5000  -15.0000  -37.5000 2145.0771   21.4075
   -7.5000   -7.5000  -37.5000 2175.3450   21.0872
    0.0000   -7.5000  -37.5000 2181.4346   20.7028
    7.5000   -7.5000  -37.5000 2179.4497   20.7589
   -7.5000    0.0000  -37.5000 2197.0105   20.7352
    0.0000    0.0000  -37.5000 2199.9961   20.3677
    7.5000    0.0000  -37.5000 2199.1541   20.4801
   -7.5000    7.5000  -37.5000 2224.8110   20.5815
    0.0000    7.5000  -37.5000 2224.9500   20.2542
    7.5000    7.5000  -37.5000 2219.3103   20.3838
   -7.5000   15.0000  -37.5000 2239.8689   20.7055
    0.0000   15.0000  -37.5000 2238.2803   20.3651
    7.5000   15.0000  -37.5000 2231.2458   20.5150
   -7.5000   22.5000  -37.5000 2234.4219   21.2175
    0.0000   22.5000  -37.5000 2239.9084   20.9278
    7.5000   22.5000  -37.5000 2231.7534   21.0345
   -7.5000   30.0000  -37.5000 2203.9143   21.9189
    0.0000   30.0000  -37.5000 2211.0586   21.6507
    7.5000   30.0000  -37.5000 2209.0342   21.8319
   -7.5000   37.5000  -37.5000 2145.7996   22.7196
    0.0000   37.5000  -37.5000 2156.3926   22.4696
    7.5000   37.5000  -37.5000 2149.3162   22.6080
   -7.5000   45.0000  -37.5000 2049.5664   23.4416
    0.0000   45.0000  -37.5000 2061.5950   23.2373
    7.5000   45.0000  -37.5000 2050.6016   23.3322
   -7.5000   52.5000  -37.5000 1916.4634   24.1389
    0.0000   52.5000  -37.5000 1935.7638   23.9659
    7.5000   52.5000  -37.5000 1925.0303   23.9980
   -7.5000  -37.5000  -30.0000 2064.8984   27.0189
    0.0000  -37.5000  -30.0000 2083.6133   26.5266
    7.5000  -37.5000  -30.0000 2083.9753   26.5898
   -7.5000  -30.0000  -30.0000 2138.9087   24.8556
    0.0000  -30.0000  -30.0000 2147.9028   24.3078
    7.5000  -30.0000  -30.0000 2150.0193   24.4283
   -7.5000  -22.5000  -30.0000 2199.9565   23.0948
    0.0000  -22.5000  -30.0000 2204.4663   22.6280
    7.5000  -22.5000  -30.0000 2207.8394   22.7741
   -7.5000  -15.0000  -30.0000 2248.7798   21.9294
    0.0000  -15.0000  -30.0000 2248.8389   21.4881
    7.5000  -15.0000  -30.0000 2256.6521   21.5792
   -7.5000   -7.5000  -30.0000 2284.6262   21.1513
    0.0000   -7.5000  -30.0000 2283.0381   20.7345
    7.5000   -7.5000  -30.0000 2291.4246   20.7993
   -7.5000    0.0000  -30.0000 2307.1167   20.6256
    0.0000    0.0000  -30.0000 2305.9417   20.1884
    7.5000    0.0000  -30.0000 2315.5286   20.3196
   -7.5000    7.5000  -30.0000 2328.4824   20.4032
    0.0000    7.5000  -30.0000 2327.7166   20.0020
    7.5000    7.5000  -30.0000 2330.5288   20.1681
   -7.5000   15.0000  -30.0000 2349.6174   20.4422
    0.0000   15.0000  -30.0000 2348.4639   20.0940
    7.5000   15.0000  -30.0000 2345.0452   20.2387
   -7.5000   22.5000  -30.0000 2357.4597   20.8952
    0.0000   22.5000  -30.0000 2353.8743   20.5407
    7.5000   22.5000  -30.0000 2351.9604   20.6762
   -7.5000   30.0000  -30.0000 2337.7407   21.5429
    0.0000   30.0000  -30.0000 2334.3711   21.1726
    7.5000   30.0000  -30.0000 2338.4534   21.3600
   -7.5000   37.5000  -30.0000 2282.3655   22.2428
    0.0000   37.5000  -30.0000 2279.3540   21.8743
    7.5000   37.5000  -30.0000 2281.3169   22.0661
   -7.5000   45.0000  -30.0000 2183.2119   22.9549
    0.0000   45.0000  -30.0000 2184.7415   22.6311
    7.5000   45.0000  -30.0000 2182.9023   22.7152
   -7.5000   52.5000  -30.0000 2047.0588   23.6559
    0.0000   52.5000  -30.0000 2055.1384   23.3526
    7.5000   52.5000  -30.0000 2055.6653   23.4189
   -7.5000  -37.5000  -22.5000 2092.9402   26.8384
    0.0000  -37.5000  -22.5000 2108.5583   26.3033
    7.5000  -37.5000  -22.5000 2113.1448   26.4341
   -7.5000  -30.0000  -22.5000 2170.1094   24.6100
    0.0000  -30.0000  -22.5000 2178.3582   24.0424
    7.5000  -30.0000  -22.5000 2183.1128   24.1637
   -7.5000  -22.5000  -22.5000 2230.0308   22.7560
    0.0000  -22.5000  -22.5000 2231.8391   22.2613
    7.5000  -22.5000  -22.5000 2240.3550   22.3869
   -7.5000  -15.0000  -22.5000 2279.4004   21.3466
    0.0000  -15.0000  -22.5000 2277.5251   20.9145
    7.5000  -15.0000  -22.5000 2288.1128   21.0105
   -7.5000   -7.5000  -22.5000 2310.1895   20.4915
    0.0000   -7.5000  -22.5000 2306.8777   20.0920
    7.5000   -7.5000  -22.5000 2319.2493   20.1737
   -7.5000    0.0000  -22.5000 2339.9043   19.8672
    0.0000    0.0000  -22.5000 2335.0903   19.5053
    7.5000    0.0000  -22.5000 2344.3501   19.5835
   -7.5000    7.5000  -22.5000 2365.2971   19.5451
    0.0000    7.5000  -22.5000 2356.3638   19.1552
    7.5000    7.5000  -22.5000 2362.9888   19.2939
   -7.5000   15.0000  -22.5000 2391.8103   19.5566
    0.0000   15.0000  -22.5000 2376.6829   19.1493
    7.5000   15.0000  -22.5000 2378.9951   19.2947
   -7.5000   22.5000  -22.5000 2406.7163   19.9319
    0.0000   22.5000  -22.5000 2389.6499   19.5180
    7.5000   22.5000  -22.5000 2393.0464   19.6469
   -7.5000   30.0000  -22.5000 2396.8508   20.5109
    0.0000   30.0000  -22.5000 2381.7769   20.0888
    7.5000   30.0000  -22.5000 2384.9397   20.2449
   -7.5000   37.5000  -22.5000 2346.9675   21.1105
    0.0000   37.5000  -22.5000 2335.3960   20.6918
    7.5000   37.5000  -22.5000 2333.2314   20.8555
   -7.5000   45.0000  -22.5000 2243.6138   21.7058
    0.0000   45.0000  -22.5000 2241.2148   21.3515
    7.5000   45.0000  -22.5000 2241.8586   21.4683
   -7.5000   52.5000  -22.5000 2104.0259   22.3812
    0.0000   52.5000  -22.5000 2107.5671   22.0099
    7.5000   52.5000  -22.5000 2110.4062   22.1326
   -7.5000  -37.5000  -15.0000 2144.4155   27.7066
    0.0000  -37.5000  -15.0000 2164.8726   27.0809
    7.5000  -37.5000  -15.0000 2163.8728   27.2175
   -7.5000  -30.0000  -15.0000 2233.9656   25.3466
    0.0000  -30.0000  -15.0000 2245.3142   24.7166
    7.5000  -30.0000  -15.0000 2241.9180   24.8415
   -7.5000  -22.5000  -15.0000 2303.8655   23.4213
    0.0000  -22.5000  -15.0000 2302.8247   22.8198
    7.5000  -22.5000  -15.0000 2305.1528   22.9255
   -7.5000  -15.0000  -15.0000 2360.3992   21.8033
    0.0000  -15.0000  -15.0000 2352.2710   21.3434
    7.5000  -15.0000  -15.0000 2357.1797   21.3987
   -7.5000   -7.5000  -15.0000 2397.9602   20.7513
    0.0000   -7.5000  -15.0000 2387.8008   20.4073
    7.5000   -7.5000  -15.0000 2394.7864   20.4292
   -7.5000    0.0000  -15.0000 2425.8271   20.0193
    0.0000    0.0000  -15.0000 2414.6873   19.7492
    7.5000    0.0000  -15.0000 2422.2266   19.7963
   -7.5000    7.5000  -15.0000 2450.7419   19.6325
    0.0000    7.5000  -15.0000 2434.1992   19.3059
    7.5000    7.5000  -15.0000 2447.4387   19.4333
   -7.5000   15.0000  -15.0000 2480.5527   19.4931
    0.0000   15.0000  -15.0000 2462.0718   19.1091
    7.5000   15.0000  -15.0000 2467.2107   19.3165
   -7.5000   22.5000  -15.0000 2499.9114   19.7204
    0.0000   22.5000  -15.0000 2478.6584   19.3203
    7.5000   22.5000  -15.0000 2480.9570   19.5468
   -7.5000   30.0000  -15.0000 2495.5291   20.2545
    0.0000   30.0000  -15.0000 2477.9475   19.8291
    7.5000   30.0000  -15.0000 2481.2014   20.0366
   -7.5000   37.5000  -15.0000 2445.1897   20.8298
    0.0000   37.5000  -15.0000 2436.6853   20.4587
    7.5000   37.5000  -15.0000 2436.6641   20.6322
   -7.5000   45.0000  -15.0000 2349.2048   21.4424
    0.0000   45.0000  -15.0000 2350.5225   21.0408
    7.5000   45.0000  -15.0000 2345.7959   21.2169
   -7.5000   52.5000  -15.0000 2211.7651   22.0639
    0.0000   52.5000  -15.0000 2214.8376   21.6411
    7.5000   52.5000  -15.0000 2211.5999   21.8720
   -7.5000  -37.5000   -7.5000 2186.2778   28.8514
    0.0000  -37.5000   -7.5000 2177.6814   28.0226
    7.5000  -37.5000   -7.5000 2193.7166   28.2416
   -7.5000  -30.0000   -7.5000 2277.0967   26.2536
    0.0000  -30.0000   -7.5000 2262.3071   25.5074
    7.5000  -30.0000   -7.5000 2276.0056   25.6793
   -7.5000  -22.5000   -7.5000 2348.5579   24.1296
    0.0000  -22.5000   -7.5000 2333.7722   23.5613
    7.5000  -22.5000   -7.5000 2342.8264   23.6102
   -7.5000  -15.0000   -7.5000 2404.1147   22.4404
    0.0000  -15.0000   -7.5000 2395.9417   22.0709
    7.5000  -15.0000   -7.5000 2395.3506   22.0143
   -7.5000   -7.5000   -7.5000 2444.9023   21.3113
    0.0000   -7.5000   -7.5000 2434.5679   21.1103
    7.5000   -7.5000   -7.5000 2435.6643   20.9923
   -7.5000    0.0000   -7.5000 2477.5847   20.5722
    0.0000    0.0000   -7.5000 2471.6025   20.5672
    7.5000    0.0000   -7.5000 2467.4507   20.4092
   -7.5000    7.5000   -7.5000 2497.7244   20.0363
    0.0000    7.5000   -7.5000 2501.6455   20.1501
    7.5000    7.5000   -7.5000 2496.3752   19.9731
   -7.5000   15.0000   -7.5000 2523.0137   19.5841
    0.0000   15.0000   -7.5000 2520.6672   19.6332
    7.5000   15.0000   -7.5000 2518.1812   19.6526
   -7.5000   22.5000   -7.5000 2547.0364   19.5542
    0.0000   22.5000   -7.5000 2546.2537   19.4664
    7.5000   22.5000   -7.5000 2543.4895   19.6399
   -7.5000   30.0000   -7.5000 2557.0125   19.9835
    0.0000   30.0000   -7.5000 2571.0439   19.8770
    7.5000   30.0000   -7.5000 2549.9026   19.9577
   -7.5000   37.5000   -7.5000 2520.0791   20.5564
    0.0000   37.5000   -7.5000 2541.4536   20.4536
    7.5000   37.5000   -7.5000 2508.3704   20.4225
   -7.5000   45.0000   -7.5000 2436.3516   21.2487
    0.0000   45.0000   -7.5000 2444.0728   21.0077
    7.5000   45.0000   -7.5000 2425.0979   20.9992
   -7.5000   52.5000   -7.5000 2304.0459   21.9645
    0.0000   52.5000   -7.5000 2314.1292   21.6772
    7.5000   52.5000   -7.5000 2298.0005   21.6839
   -7.5000  -37.5000    0.0000 2157.5723   30.0073
    0.0000  -37.5000    0.0000 2159.1787   29.2438
    7.5000  -37.5000    0.0000 2156.6577   29.2905
   -7.5000  -30.0000    0.0000 2261.6841   27.1861
    0.0000  -30.0000    0.0000 2249.0771   26.5540
    7.5000  -30.0000    0.0000 2251.2588   26.6325
   -7.5000  -22.5000    0.0000 2342.9504   24.9796
    0.0000  -22.5000    0.0000 2321.1355   24.5415
    7.5000  -22.5000    0.0000 2327.8533   24.5441
   -7.5000  -15.0000    0.0000 2420.6675   23.4084
    0.0000  -15.0000    0.0000 2400.0112   23.2155
    7.5000  -15.0000    0.0000 2406.8481   23.1292
   -7.5000   -7.5000    0.0000 2496.1379   22.3945
    0.0000   -7.5000    0.0000 2487.3391   22.5277
    7.5000   -7.5000    0.0000 2482.9448   22.2345
   -7.5000    0.0000    0.0000 2556.9075   21.7831
    0.0000    0.0000    0.0000 2581.1213   22.2658
    7.5000    0.0000    0.0000 2553.6760   21.7667
   -7.5000    7.5000    0.0000 2591.4307   21.2609
    0.0000    7.5000    0.0000 2664.0139   22.1907
    7.5000    7.5000    0.0000 2593.7036   21.2620
   -7.5000   15.0000    0.0000 2584.1799   20.4815
    0.0000   15.0000    0.0000 2682.7971   21.4567
    7.5000   15.0000    0.0000 2588.2556   20.6192
   -7.5000   22.5000    0.0000 2586.8716   19.8223
    0.0000   22.5000    0.0000 2650.8792   20.4211
    7.5000   22.5000    0.0000 2573.0828   19.9658
   -7.5000   30.0000    0.0000 2586.7593   19.7856
    0.0000   30.0000    0.0000 2644.0522   20.1120
    7.5000   30.0000    0.0000 2576.0430   19.8627
   -7.5000   37.5000    0.0000 2560.0706   20.3297
    0.0000   37.5000    0.0000 2591.1819   20.3859
    7.5000   37.5000    0.0000 2547.3799   20.2843
   -7.5000   45.0000    0.0000 2478.9351   21.1299
    0.0000   45.0000    0.0000 2503.1602   21.0082
    7.5000   45.0000    0.0000 2468.5598   20.9207
   -7.5000   52.5000    0.0000 2347.0879   21.9331
    0.0000   52.5000    0.0000 2366.6917   21.8003
    7.5000   52.5000    0.0000 2344.1516   21.7190
   -7.5000  -37.5000    7.5000 2128.9033   31.6805
    0.0000  -37.5000    7.5000 2111.9912   31.0466
    7.5000  -37.5000    7.5000 2118.8154   31.0483
   -7.5000  -30.0000    7.5000 2232.2266   28.7004
    0.0000  -30.0000    7.5000 2220.2637   28.3484
    7.5000  -30.0000    7.5000 2221.4856   28.2689
   -7.5000  -22.5000    7.5000 2327.1965   26.4369
    0.0000  -22.5000    7.5000 2332.6938   26.4752
    7.5000  -22.5000    7.5000 2321.5459   26.2174
   -7.5000  -15.0000    7.5000 2424.9165   24.8244
    0.0000  -15.0000    7.5000 2465.3433   25.3112
    7.5000  -15.0000    7.5000 2421.6956   24.7522
   -7.5000   -7.5000    7.5000 2526.3206   23.7366
    0.0000   -7.5000    7.5000 2618.0449   24.6064
    7.5000   -7.5000    7.5000 2527.2104   23.7988
   -7.5000    0.0000    7.5000 2621.9292   23.0115
    0.0000    0.0000    7.5000 2775.3640   24.3012
    7.5000    0.0000    7.5000 2629.8594   23.2483
   -7.5000    7.5000    7.5000 2689.8901   22.5407
    0.0000    7.5000    7.5000 2901.7056   24.1990
    7.5000    7.5000    7.5000 2707.5889   22.8125
   -7.5000   15.0000    7.5000 2682.6704   21.6613
    0.0000   15.0000    7.5000 2920.4924   23.4544
    7.5000   15.0000    7.5000 2704.5527   21.8752
   -7.5000   22.5000    7.5000 2624.1418   20.3523
    0.0000   22.5000    7.5000 2748.8213   21.3290
    7.5000   22.5000    7.5000 2639.7920   20.6109
   -7.5000   30.0000    7.5000 2593.9993   19.8392
    0.0000   30.0000    7.5000 2642.9834   20.1409
    7.5000   30.0000    7.5000 2599.7146   20.0099
   -7.5000   37.5000    7.5000 2560.0513   20.2485
    0.0000   37.5000    7.5000 2601.8013   20.2475
    7.5000   37.5000    7.5000 2554.7261   20.2646
   -7.5000   45.0000    7.5000 2479.0796   21.0579
    0.0000   45.0000    7.5000 2508.2891   20.9693
    7.5000   45.0000    7.5000 2470.5825   20.9036
   -7.5000   52.5000    7.5000 2359.2302   21.9541
    0.0000   52.5000    7.5000 2376.3662   21.8124
    7.5000   52.5000    7.5000 2355.8193   21.6927
   -7.5000  -37.5000   15.0000 2103.4795   34.6392
    0.0000  -37.5000   15.0000 2128.4399   34.6364
    7.5000  -37.5000   15.0000 2095.6599   34.2567
   -7.5000  -30.0000   15.0000 2235.7239   31.5200
    0.0000  -30.0000   15.0000 2271.2400   31.6739
    7.5000  -30.0000   15.0000 2229.9099   31.2636
   -7.5000  -22.5000   15.0000 2358.1846   28.9986
    0.0000  -22.5000   15.0000 2410.8938   29.4932
    7.5000  -22.5000   15.0000 2364.0112   28.9152
   -7.5000  -15.0000   15.0000 2469.2883   26.9592
    0.0000  -15.0000   15.0000 2552.6194   27.7692
    7.5000  -15.0000   15.0000 2480.2144   27.0734
   -7.5000   -7.5000   15.0000 2574.5044   25.3104
    0.0000   -7.5000   15.0000 2688.6265   26.3547
    7.5000   -7.5000   15.0000 2592.3689   25.5990
   -7.5000    0.0000   15.0000 2658.8467   24.0679
    0.0000    0.0000   15.0000 2800.0625   25.2482
    7.5000    0.0000   15.0000 2680.9380   24.4105
   -7.5000    7.5000   15.0000 2707.4468   23.0887
    0.0000    7.5000   15.0000 2882.3455   24.4987
    7.5000    7.5000   15.0000 2741.5056   23.4726
   -7.5000   15.0000   15.0000 2679.3037   21.8299
    0.0000   15.0000   15.0000 2842.6267   22.9517
    7.5000   15.0000   15.0000 2725.8342   22.2075
   -7.5000   22.5000   15.0000 2647.6113   20.7962
    0.0000   22.5000   15.0000 2684.9851   20.9048
    7.5000   22.5000   15.0000 2670.3127   20.9912
   -7.5000   30.0000   15.0000 2643.4932   20.5639
    0.0000   30.0000   15.0000 2671.8706   20.5047
    7.5000   30.0000   15.0000 2637.4707   20.6041
   -7.5000   37.5000   15.0000 2601.1626   20.9471
    0.0000   37.5000   15.0000 2643.5969   20.9690
    7.5000   37.5000   15.0000 2598.0583   20.9611
   -7.5000   45.0000   15.0000 2505.0054   21.7178
    0.0000   45.0000   15.0000 2530.1274   21.6779
    7.5000   45.0000   15.0000 2492.7161   21.5725
   -7.5000   52.5000   15.0000 2371.7786   22.5343
    0.0000   52.5000   15.0000 2383.5754   22.3892
    7.5000   52.5000   15.0000 2366.5583   22.2355
   -7.5000  -37.5000   22.5000 2111.9146   38.4809
    0.0000  -37.5000   22.5000 2171.5200   38.9004
    7.5000  -37.5000   22.5000 2125.2129   38.5065
   -7.5000  -30.0000   22.5000 2245.3447   34.4927
    0.0000  -30.0000   22.5000 2303.0571   34.9043
    7.5000  -30.0000   22.5000 2257.3889   34.5530
   -7.5000  -22.5000   22.5000 2354.4673   31.2803
    0.0000  -22.5000   22.5000 2425.6304   31.8589
    7.5000  -22.5000   22.5000 2369.0491   31.3504
   -7.5000  -15.0000   22.5000 2452.6001   28.5887
    0.0000  -15.0000   22.5000 2524.9353   29.2510
    7.5000  -15.0000   22.5000 2464.2649   28.7257
   -7.5000   -7.5000   22.5000 2544.4927   26.4125
    0.0000   -7.5000   22.5000 2628.8884   27.0895
    7.5000   -7.5000   22.5000 2559.0771   26.5781
   -7.5000    0.0000   22.5000 2618.7009   24.6718
    0.0000    0.0000   22.5000 2713.6543   25.4325
    7.5000    0.0000   22.5000 2634.8533   24.8926
   -7.5000    7.5000   22.5000 2642.0496   23.2425
    0.0000    7.5000   22.5000 2751.0095   24.1199
    7.5000    7.5000   22.5000 2681.4512   23.5782
   -7.5000   15.0000   22.5000 2629.6145   21.8512
    0.0000   15.0000   22.5000 2654.8743   21.8854
    7.5000   15.0000   22.5000 2660.8447   22.0941
   -7.5000   22.5000   22.5000 2637.2507   21.0451
    0.0000   22.5000   22.5000 2650.2683   20.7760
    7.5000   22.5000   22.5000 2632.2610   21.1033
   -7.5000   30.0000   22.5000 2652.4841   21.1160
    0.0000   30.0000   22.5000 2686.9609   21.0345
    7.5000   30.0000   22.5000 2641.1665   21.1114
   -7.5000   37.5000   22.5000 2614.4492   21.7294
    0.0000   37.5000   22.5000 2646.3982   21.6610
    7.5000   37.5000   22.5000 2605.8640   21.6784
   -7.5000   45.0000   22.5000 2525.7754   22.6245
    0.0000   45.0000   22.5000 2545.1785   22.5244
    7.5000   45.0000   22.5000 2509.8523   22.4656
   -7.5000   52.5000   22.5000 2382.2708   23.5186
    0.0000   52.5000   22.5000 2398.0420   23.3286
    7.5000   52.5000   22.5000 2374.3450   23.2316
   -7.5000  -37.5000   30.0000 2083.5681   41.8493
    0.0000  -37.5000   30.0000 2137.3293   42.1924
    7.5000  -37.5000   30.0000 2098.1279   42.0116
   -7.5000  -30.0000   30.0000 2198.7754   36.9007
    0.0000  -30.0000   30.0000 2243.6619   37.1479
    7.5000  -30.0000   30.0000 2209.4434   36.9613
   -7.5000  -22.5000   30.0000 2304.0503   32.9819
    0.0000  -22.5000   30.0000 2343.3184   33.1438
    7.5000  -22.5000   30.0000 2312.5120   33.0125
   -7.5000  -15.0000   30.0000 2400.2151   29.7651
    0.0000  -15.0000   30.0000 2436.2661   29.9636
    7.5000  -15.0000   30.0000 2400.0029   29.7645
   -7.5000   -7.5000   30.0000 2481.3933   27.2241
    0.0000   -7.5000   30.0000 2524.5012   27.5343
    7.5000   -7.5000   30.0000 2484.4360   27.3058
   -7.5000    0.0000   30.0000 2539.6736   25.1892
    0.0000    0.0000   30.0000 2587.0325   25.6286
    7.5000    0.0000   30.0000 2561.1270   25.4579
   -7.5000    7.5000   30.0000 2572.8191   23.6386
    0.0000    7.5000   30.0000 2592.1270   23.7069
    7.5000    7.5000   30.0000 2600.2605   23.8296
   -7.5000   15.0000   30.0000 2581.5059   22.3171
    0.0000   15.0000   30.0000 2576.4636   21.9146
    7.5000   15.0000   30.0000 2573.8479   22.3064
   -7.5000   22.5000   30.0000 2617.5247   21.7274
    0.0000   22.5000   30.0000 2635.1660   21.4813
    7.5000   22.5000   30.0000 2600.4817   21.6640
   -7.5000   30.0000   30.0000 2635.2026   21.9646
    0.0000   30.0000   30.0000 2665.3379   21.8494
    7.5000   30.0000   30.0000 2620.4241   21.9015
   -7.5000   37.5000   30.0000 2588.4651   22.6052
    0.0000   37.5000   30.0000 2614.9663   22.4964
    7.5000   37.5000   30.0000 2580.4871   22.5206
   -7.5000   45.0000   30.0000 2505.6897   23.4280
    0.0000   45.0000   30.0000 2523.7239   23.2457
    7.5000   45.0000   30.0000 2495.0928   23.2714
   -7.5000   52.5000   30.0000 2358.1199   24.3497
    0.0000   52.5000   30.0000 2385.4304   24.1267
    7.5000   52.5000   30.0000 2354.6885   24.0545
   -7.5000  -37.5000   37.5000 2024.6923   44.5948
    0.0000  -37.5000   37.5000 2049.7471   44.5834
    7.5000  -37.5000   37.5000 2029.5261   44.6700
   -7.5000  -30.0000   37.5000 2132.9707   38.9441
    0.0000  -30.0000   37.5000 2147.4631   38.6901
    7.5000  -30.0000   37.5000 2129.5071   38.8228
   -7.5000  -22.5000   37.5000 2237.2542   34.4834
    0.0000  -22.5000   37.5000 2246.5762   34.2106
    7.5000  -22.5000   37.5000 2226.9629   34.2600
   -7.5000  -15.0000   37.5000 2330.1274   30.9371
    0.0000  -15.0000   37.5000 2336.6482   30.7229
    7.5000  -15.0000   37.5000 2319.3826   30.8146
   -7.5000   -7.5000   37.5000 2409.2346   28.1935
    0.0000   -7.5000   37.5000 2410.5989   28.0524
    7.5000   -7.5000   37.5000 2400.9329   28.1088
   -7.5000    0.0000   37.5000 2470.2896   26.0451
    0.0000    0.0000   37.5000 2459.7400   25.8063
    7.5000    0.0000   37.5000 2471.6355   26.0571
   -7.5000    7.5000   37.5000 2505.8555   24.3271
    0.0000    7.5000   37.5000 2487.1343   23.8211
    7.5000    7.5000   37.5000 2500.2966   24.2224
   -7.5000   15.0000   37.5000 2530.3433   23.0950
    0.0000   15.0000   37.5000 2527.4329   22.6664
    7.5000   15.0000   37.5000 2506.3811   22.9405
   -7.5000   22.5000   37.5000 2570.9612   22.7619
    0.0000   22.5000   37.5000 2580.1946   22.4668
    7.5000   22.5000   37.5000 2554.6785   22.6083
   -7.5000   30.0000   37.5000 2581.4895   23.0596
    0.0000   30.0000   37.5000 2595.9917   22.8038
    7.5000   30.0000   37.5000 2570.0972   22.8902
   -7.5000   37.5000   37.5000 2541.1733   23.6408
    0.0000   37.5000   37.5000 2554.7925   23.4105
    7.5000   37.5000   37.5000 2528.9490   23.4847
   -7.5000   45.0000   37.5000 2455.5950   24.4208
    0.0000   45.0000   37.5000 2470.7917   24.1448
    7.5000   45.0000   37.5000 2445.9722   24.1922
   -7.5000   52.5000   37.5000 2309.9819   25.2538
    0.0000   52.5000   37.5000 2343.0173   25.0144
    7.5000   52.5000   37.5000 2313.2749   24.9398
   -7.5000  -37.5000   45.0000 1934.4979   46.9749
    0.0000  -37.5000   45.0000 1939.2014   46.7152
    7.5000  -37.5000   45.0000 1921.0625   46.7257
   -7.5000  -30.0000   45.0000 2038.4084   40.7283
    0.0000  -30.0000   45.0000 2037.0039   40.1865
    7.5000  -30.0000   45.0000 2023.4429   40.4357
   -7.5000  -22.5000   45.0000 2140.7996   35.7510
    0.0000  -22.5000   45.0000 2133.4221   35.2085
    7.5000  -22.5000   45.0000 2127.2668   35.4514
   -7.5000  -15.0000   45.0000 2233.1394   31.9914
    0.0000  -15.0000   45.0000 2212.1436   31.3696
    7.5000  -15.0000   45.0000 2216.0461   31.7236
   -7.5000   -7.5000   45.0000 2312.0244   29.1102
    0.0000   -7.5000   45.0000 2277.3418   28.4125
    7.5000   -7.5000   45.0000 2301.7771   28.9419
   -7.5000    0.0000   45.0000 2376.1365   26.9424
    0.0000    0.0000   45.0000 2347.4475   26.2639
    7.5000    0.0000   45.0000 2361.4280   26.7223
   -7.5000    7.5000   45.0000 2416.8760   25.1765
    0.0000    7.5000   45.0000 2392.5864   24.5451
    7.5000    7.5000   45.0000 2397.7000   24.9324
   -7.5000   15.0000   45.0000 2457.9028   24.0599
    0.0000   15.0000   45.0000 2440.7166   23.6370
    7.5000   15.0000   45.0000 2426.0251   23.8177
   -7.5000   22.5000   45.0000 2489.5391   23.9038
    0.0000   22.5000   45.0000 2485.0891   23.5330
    7.5000   22.5000   45.0000 2467.6614   23.6027
   -7.5000   30.0000   45.0000 2493.2151   24.2583
    0.0000   30.0000   45.0000 2496.0342   23.8648
    7.5000   30.0000   45.0000 2478.5088   23.9293
   -7.5000   37.5000   45.0000 2455.6628   24.8102
    0.0000   37.5000   45.0000 2464.5037   24.3911
    7.5000   37.5000   45.0000 2443.4778   24.4519
   -7.5000   45.0000   45.0000 2363.8030   25.4458
    0.0000   45.0000   45.0000 2384.6897   25.0242
    7.5000   45.0000   45.0000 2365.7100   25.0606
   -7.5000   52.5000   45.0000 2221.9326   26.0908
    0.0000   52.5000   45.0000 2249.3110   25.7122
    7.5000   52.5000   45.0000 2227.5522   25.7512
   -7.5000  -37.5000   52.5000 1812.0608   48.8066
    0.0000  -37.5000   52.5000 1818.0809   48.2678
    7.5000  -37.5000   52.5000 1801.9540   48.1891
   -7.5000  -30.0000   52.5000 1925.1442   42.1145
    0.0000  -30.0000   52.5000 1918.3608   41.3208
    7.5000  -30.0000   52.5000 1912.6443   41.5282
   -7.5000  -22.5000   52.5000 2024.1348   36.8456
    0.0000  -22.5000   52.5000 1997.1089   35.7710
    7.5000  -22.5000   52.5000 2006.6655   36.3283
   -7.5000  -15.0000   52.5000 2123.0852   32.9456
    0.0000  -15.0000   52.5000 2075.5310   31.7419
    7.5000  -15.0000   52.5000 2104.4619   32.4560
   -7.5000   -7.5000   52.5000 2201.0420   30.1188
    0.0000   -7.5000   52.5000 2168.2966   29.1283
    7.5000   -7.5000   52.5000 2185.6223   29.7282
   -7.5000    0.0000   52.5000 2260.2227   27.8279
    0.0000    0.0000   52.5000 2232.0911   26.9607
    7.5000    0.0000   52.5000 2243.7922   27.4297
   -7.5000    7.5000   52.5000 2307.9263   26.0441
    0.0000    7.5000   52.5000 2284.2717   25.4248
    7.5000    7.5000   52.5000 2280.0801   25.7876
   -7.5000   15.0000   52.5000 2350.8438   25.0528
    0.0000   15.0000   52.5000 2332.0593   24.5937
    7.5000   15.0000   52.5000 2322.0525   24.7487
   -7.5000   22.5000   52.5000 2377.9968   25.0273
    0.0000   22.5000   52.5000 2372.8193   24.5955
    7.5000   22.5000   52.5000 2357.2705   24.5919
   -7.5000   30.0000   52.5000 2380.2864   25.3641
    0.0000   30.0000   52.5000 2381.7312   24.9618
    7.5000   30.0000   52.5000 2367.8066   24.9520
   -7.5000   37.5000   52.5000 2330.9124   25.8904
    0.0000   37.5000   52.5000 2344.1140   25.4670
    7.5000   37.5000   52.5000 2324.3135   25.4817
   -7.5000   45.0000   52.5000 2234.5779   26.4022
    0.0000   45.0000   52.5000 2261.0750   25.8989
    7.5000   45.0000   52.5000 2242.9727   25.9756
   -7.5000   52.5000   52.5000 2105.0771   26.8346
    0.0000   52.5000   52.5000 2127.0281   26.3560
    7.5000   52.5000   52.5000 2111.7463   26.4221

---------------------------------------------------------------------
imgreg_4dfp /opt/freesurfer/average/711-2C_as_mni_average_305 /opt/freesurfer/average/711-2B_as_mni_average_305_mask talsrcimg_g11 none talsrcimg_to_711-2C_as_mni_average_305_t4 1283
---------------------------------------------------------------------

freesurfer imgreg_4dfp.c
/opt/freesurfer/average/711-2C_as_mni_average_305.4dfp.img
       256       256       256         1
  1.000000  1.000000  1.000000
orientation T byte_order littleendian
Reading image: /opt/freesurfer/average/711-2C_as_mni_average_305.4dfp.img
dimensions:      256       256       256
mmppix:       1.0000   -1.0000   -1.0000
center:     128.0000 -129.0000 -129.0000
/opt/freesurfer/average/711-2B_as_mni_average_305_mask.4dfp.img
       256       256       256         1
  1.000000  1.000000  1.000000
orientation T byte_order littleendian
Reading mask: /opt/freesurfer/average/711-2B_as_mni_average_305_mask.4dfp.img (2306576 pixels)
talsrcimg_g11.4dfp.img
       320       320       320         1
  0.700000  0.700000  0.700000
orientation T byte_order littleendian
Reading image: talsrcimg_g11.4dfp.img
dimensions:      320       320       320
mmppix:       0.7000   -0.7000   -0.7000
center:     112.0000 -112.7000 -112.7000
rotation matrix determinant  1.000000
fimgreg.f
image alignment mode   1283 decimal      503 hex
parameters
    0.0000   15.0000    7.5000    0.0000    0.0000    0.0000
eta,q 0.91979 23.79918
niter,ni,del,rscale     5    3   12.0000    1.2000
parameter  4  1.297687 ->  0.500000 qaram    1.1500
parameters
    0.4112   13.0258    9.9778   -3.4500    0.9354    0.7877
eta,q 0.92827 24.12300
  0.1491  0.0897  0.1345  0.0717  0.0920  0.0787
  0.1233  0.0847  0.1138  0.0719  0.0823  0.0762
  0.0955  0.0803  0.0929  0.0737  0.0751  0.0733
  0.0806  0.0801  0.0803  0.0775  0.0722  0.0718
  0.0865  0.0897  0.0773  0.0820  0.0725  0.0719
  0.1086  0.1069  0.0797  0.0868  0.0761  0.0732
  0.1364  0.1237  0.0868  0.0912  0.0824  0.0765
niter,ni,del,rscale     5    3   12.0000    1.2000
parameter  4  1.343130 ->  0.500000 qaram    1.3225
parameters
    0.4851   12.6823    9.8688   -7.4175    0.9937   -0.1449
eta,q 0.92931 24.23506
  0.1289  0.0910  0.1001  0.0660  0.0838  0.0729
  0.1025  0.0825  0.0807  0.0697  0.0766  0.0718
  0.0798  0.0754  0.0722  0.0719  0.0724  0.0709
  0.0717  0.0718  0.0720  0.0719  0.0706  0.0706
  0.0809  0.0737  0.0764  0.0743  0.0721  0.0711
  0.1018  0.0835  0.0848  0.0801  0.0761  0.0729
  0.1249  0.0992  0.0991  0.0853  0.0835  0.0756
niter,ni,del,rscale     5    3   12.0000    1.2000
parameter  4  1.655701 ->  0.500000 qaram    1.5209
parameters
    0.4439   13.7441    9.3031  -11.9801    1.1719    0.3061
eta,q 0.93875 24.09551
  0.1224  0.0895  0.0907  0.0610  0.0810  0.0684
  0.0971  0.0808  0.0721  0.0612  0.0723  0.0651
  0.0765  0.0752  0.0662  0.0624  0.0645  0.0628
  0.0707  0.0706  0.0681  0.0672  0.0614  0.0614
  0.0808  0.0664  0.0720  0.0710  0.0632  0.0617
  0.1006  0.0683  0.0810  0.0721  0.0695  0.0637
  0.1207  0.0827  0.0993  0.0776  0.0799  0.0669
niter,ni,del,rscale     5    3   12.0000    1.2000
parameters
    0.4118   14.6293    8.8652  -14.3150    1.2035   -0.2845
eta,q 0.94144 24.19498
  0.1174  0.0899  0.0856  0.0641  0.0774  0.0639
  0.0900  0.0780  0.0662  0.0609  0.0688  0.0605
  0.0679  0.0676  0.0587  0.0588  0.0613  0.0589
  0.0612  0.0612  0.0597  0.0591  0.0587  0.0587
  0.0726  0.0587  0.0638  0.0614  0.0613  0.0600
  0.0945  0.0631  0.0733  0.0689  0.0677  0.0626
  0.1146  0.0804  0.0930  0.0727  0.0775  0.0659
niter,ni,del,rscale     4    3   12.0000    1.2000
parameters
    0.4393   15.0777    8.5399  -15.7757    1.1812   -0.8117
eta,q 0.94212 24.20407
  0.1157  0.0849  0.0862  0.0628  0.0755  0.0628
  0.0881  0.0722  0.0675  0.0604  0.0663  0.0598
  0.0657  0.0638  0.0584  0.0586  0.0600  0.0583
  0.0586  0.0586  0.0579  0.0576  0.0579  0.0579
  0.0694  0.0574  0.0615  0.0587  0.0602  0.0589
  0.0906  0.0637  0.0723  0.0624  0.0663  0.0614
  0.1113  0.0811  0.0930  0.0702  0.0758  0.0648
niter,ni,del,rscale     3    3   12.0000    1.2000
parameters
    0.4400   15.5914    8.2068  -16.6158    1.1606   -1.2463
eta,q 0.94307 24.18192
  0.1137  0.0842  0.0864  0.0629  0.0743  0.0615
  0.0866  0.0713  0.0676  0.0584  0.0645  0.0586
  0.0649  0.0625  0.0581  0.0569  0.0590  0.0572
  0.0579  0.0579  0.0571  0.0569  0.0569  0.0569
  0.0686  0.0562  0.0610  0.0574  0.0593  0.0575
  0.0892  0.0618  0.0722  0.0601  0.0651  0.0597
  0.1107  0.0795  0.0941  0.0661  0.0741  0.0631
niter,ni,del,rscale     2    3   12.0000    1.2000
parameters
    0.4407   16.0312    7.9566  -17.1790    1.1056   -1.3825
eta,q 0.94428 24.17230
  0.1129  0.0828  0.0872  0.0630  0.0732  0.0607
  0.0859  0.0703  0.0674  0.0574  0.0633  0.0575
  0.0644  0.0619  0.0574  0.0549  0.0578  0.0559
  0.0569  0.0569  0.0561  0.0560  0.0557  0.0557
  0.0672  0.0546  0.0602  0.0571  0.0584  0.0563
  0.0881  0.0612  0.0713  0.0591  0.0644  0.0580
  0.1104  0.0798  0.0926  0.0643  0.0732  0.0610
niter,ni,del,rscale     1    3   12.0000    1.2000
parameters
    0.4573   16.3150    7.7961  -17.5212    1.0650   -1.3473
eta,q 0.94527 24.17010
  0.1128  0.0814  0.0882  0.0633  0.0727  0.0602
  0.0859  0.0695  0.0673  0.0573  0.0629  0.0568
  0.0639  0.0612  0.0566  0.0539  0.0570  0.0550
  0.0557  0.0557  0.0551  0.0550  0.0547  0.0547
  0.0658  0.0533  0.0593  0.0569  0.0576  0.0554
  0.0872  0.0615  0.0704  0.0585  0.0638  0.0570
  0.1103  0.0816  0.0912  0.0635  0.0726  0.0597
registration optimization eta report
parameter search radius
    6.0000    6.0000    6.0000    9.1253    6.0000    6.0000
100000*second partial in parameter space
      150.       74.       98.       10.       49.       15.
  0.1128  0.0814  0.0882  0.0633  0.0727  0.0602
  0.0859  0.0695  0.0673  0.0573  0.0629  0.0568
  0.0639  0.0612  0.0566  0.0539  0.0570  0.0550
  0.0557  0.0557  0.0551  0.0550  0.0547  0.0547
  0.0658  0.0533  0.0593  0.0569  0.0576  0.0554
  0.0872  0.0615  0.0704  0.0585  0.0638  0.0570
  0.1103  0.0816  0.0912  0.0635  0.0726  0.0597
    0.4573   16.3150    7.7961  -17.5212    1.0650   -1.3473
eta,q 0.94527 24.17010

---------------------------------------------------------------------
imgreg_4dfp /opt/freesurfer/average/711-2C_as_mni_average_305 /opt/freesurfer/average/711-2B_as_mni_average_305_mask talsrcimg_g11 none talsrcimg_to_711-2C_as_mni_average_305_t4 3335
---------------------------------------------------------------------

freesurfer imgreg_4dfp.c
/opt/freesurfer/average/711-2C_as_mni_average_305.4dfp.img
       256       256       256         1
  1.000000  1.000000  1.000000
orientation T byte_order littleendian
Reading image: /opt/freesurfer/average/711-2C_as_mni_average_305.4dfp.img
dimensions:      256       256       256
mmppix:       1.0000   -1.0000   -1.0000
center:     128.0000 -129.0000 -129.0000
/opt/freesurfer/average/711-2B_as_mni_average_305_mask.4dfp.img
       256       256       256         1
  1.000000  1.000000  1.000000
orientation T byte_order littleendian
Reading mask: /opt/freesurfer/average/711-2B_as_mni_average_305_mask.4dfp.img (2306576 pixels)
talsrcimg_g11.4dfp.img
       320       320       320         1
  0.700000  0.700000  0.700000
orientation T byte_order littleendian
Reading image: talsrcimg_g11.4dfp.img
dimensions:      320       320       320
mmppix:       0.7000   -0.7000   -0.7000
center:     112.0000 -112.7000 -112.7000
fimgreg.f
image alignment mode   3335 decimal      D07 hex
parameters
    0.4573   16.3150    7.7961   -0.0449   -4.6790   -4.6559
    2.8016   -1.0640   -2.3509   30.1393    1.8586  -30.1007
eta,q 0.94308 24.42480
niter,ni,del,rscale     5    3    5.0000    1.2000
parameter  2 -0.723793 -> -0.500000 qaram    1.1500
parameter  4  0.676938 ->  0.500000 qaram    1.1500
parameter  5  0.626929 ->  0.500000 qaram    1.1500
parameter  9 -0.607372 -> -0.500000 qaram    1.1500
parameters
    0.2217   17.6950    6.6284   -4.1849   -8.8190   -7.8333
    1.5977   -1.6276    1.7891   30.7620    3.4722  -33.4011
eta,q 0.96000 24.54388
  0.0650  0.0651  0.0550  0.0443  0.0406  0.0421  0.0426  0.0471  0.0438  0.0440  0.0425  0.0403
  0.0599  0.0619  0.0532  0.0444  0.0414  0.0417  0.0417  0.0423  0.0426  0.0425  0.0415  0.0400
  0.0572  0.0591  0.0532  0.0464  0.0428  0.0410  0.0412  0.0407  0.0417  0.0413  0.0407  0.0400
  0.0569  0.0568  0.0547  0.0530  0.0447  0.0418  0.0412  0.0412  0.0410  0.0405  0.0403  0.0402
  0.0588  0.0552  0.0575  0.0667  0.0481  0.0494  0.0417  0.0423  0.0406  0.0402  0.0402  0.0405
  0.0628  0.0546  0.0614  0.0872  0.0558  0.0663  0.0426  0.0443  0.0405  0.0409  0.0405  0.0410
  0.0687  0.0554  0.0664  0.1112  0.0685  0.0935  0.0442  0.0485  0.0407  0.0436  0.0412  0.0415
niter,ni,del,rscale     7    3    5.0000    1.2000
parameter  2 -1.797809 -> -0.500000 qaram    1.3225
parameter  3  0.586386 ->  0.500000 qaram    1.1500
parameter 10 -0.897767 -> -0.500000 qaram    1.1500
parameter 12  1.359581 ->  0.500000 qaram    1.1500
parameters
    0.3272   19.2820    5.2484   -6.8030  -12.8650  -10.0992
    0.8988   -4.6411    2.6094   34.9020    6.7704  -37.5411
eta,q 0.96757 24.38968
  0.0442  0.0494  0.0360  0.0392  0.0348  0.0366  0.0372  0.0363  0.0374  0.0404  0.0347  0.0324
  0.0419  0.0459  0.0357  0.0377  0.0347  0.0363  0.0364  0.0352  0.0362  0.0385  0.0340  0.0324
  0.0406  0.0427  0.0359  0.0364  0.0352  0.0358  0.0359  0.0351  0.0354  0.0367  0.0336  0.0327
  0.0400  0.0400  0.0363  0.0358  0.0363  0.0349  0.0358  0.0358  0.0350  0.0350  0.0333  0.0332
  0.0403  0.0377  0.0372  0.0380  0.0380  0.0352  0.0361  0.0369  0.0351  0.0338  0.0332  0.0338
  0.0414  0.0359  0.0384  0.0472  0.0428  0.0426  0.0369  0.0384  0.0357  0.0333  0.0332  0.0343
  0.0436  0.0347  0.0401  0.0658  0.0536  0.0621  0.0379  0.0407  0.0367  0.0337  0.0334  0.0349
niter,ni,del,rscale     7    3    5.0000    1.2000
parameter  2 -1.010423 -> -0.500000 qaram    1.5209
parameters
    0.3843   21.1070    4.8888   -7.8541  -15.9419  -11.4119
    0.0192   -4.7736    3.3246   36.5568    6.4416  -41.3991
eta,q 0.97091 24.20555
  0.0358  0.0437  0.0307  0.0342  0.0303  0.0331  0.0318  0.0334  0.0330  0.0354  0.0300  0.0298
  0.0341  0.0392  0.0297  0.0326  0.0296  0.0319  0.0308  0.0313  0.0316  0.0333  0.0298  0.0291
  0.0329  0.0354  0.0293  0.0309  0.0293  0.0308  0.0302  0.0304  0.0306  0.0316  0.0296  0.0292
  0.0324  0.0324  0.0293  0.0292  0.0298  0.0293  0.0302  0.0301  0.0301  0.0301  0.0296  0.0296
  0.0326  0.0303  0.0296  0.0287  0.0310  0.0281  0.0306  0.0305  0.0302  0.0294  0.0296  0.0302
  0.0337  0.0290  0.0304  0.0321  0.0340  0.0319  0.0315  0.0316  0.0310  0.0300  0.0297  0.0309
  0.0356  0.0287  0.0318  0.0428  0.0424  0.0471  0.0328  0.0336  0.0322  0.0331  0.0302  0.0317
niter,ni,del,rscale     7    3    5.0000    1.2000
parameters
    0.5350   22.2659    5.1474   -7.8849  -17.7711  -12.0186
   -0.0260   -4.9751    3.1432   36.7151    5.0974  -40.8788
eta,q 0.97088 23.98561
  0.0324  0.0382  0.0308  0.0338  0.0305  0.0333  0.0313  0.0326  0.0313  0.0331  0.0294  0.0324
  0.0307  0.0340  0.0295  0.0322  0.0296  0.0318  0.0301  0.0303  0.0301  0.0312  0.0292  0.0296
  0.0296  0.0309  0.0288  0.0304  0.0288  0.0303  0.0293  0.0293  0.0293  0.0298  0.0291  0.0289
  0.0291  0.0291  0.0286  0.0286  0.0286  0.0286  0.0291  0.0291  0.0291  0.0291  0.0290  0.0291
  0.0292  0.0286  0.0286  0.0275  0.0291  0.0270  0.0294  0.0295  0.0294  0.0288  0.0292  0.0295
  0.0301  0.0294  0.0291  0.0291  0.0308  0.0289  0.0301  0.0308  0.0302  0.0296  0.0295  0.0301
  0.0318  0.0311  0.0301  0.0370  0.0366  0.0410  0.0313  0.0329  0.0315  0.0340  0.0300  0.0308
niter,ni,del,rscale     6    3    5.0000    1.2000
parameters
    0.5884   22.5415    5.5507   -7.8912  -17.8918  -11.5171
   -0.1898   -4.8000    2.8713   35.9690    4.5029  -40.3328
eta,q 0.97103 23.91427
  0.0320  0.0347  0.0306  0.0342  0.0315  0.0337  0.0309  0.0337  0.0310  0.0327  0.0295  0.0321
  0.0305  0.0316  0.0299  0.0326  0.0306  0.0322  0.0297  0.0303  0.0297  0.0308  0.0292  0.0295
  0.0295  0.0297  0.0295  0.0309  0.0297  0.0307  0.0290  0.0290  0.0290  0.0295  0.0290  0.0288
  0.0291  0.0291  0.0292  0.0291  0.0291  0.0291  0.0288  0.0287  0.0288  0.0288  0.0289  0.0289
  0.0293  0.0297  0.0291  0.0279  0.0291  0.0274  0.0291  0.0292  0.0291  0.0286  0.0290  0.0293
  0.0302  0.0309  0.0293  0.0295  0.0298  0.0277  0.0298  0.0306  0.0299  0.0304  0.0293  0.0300
  0.0318  0.0330  0.0301  0.0373  0.0325  0.0353  0.0311  0.0327  0.0313  0.0368  0.0298  0.0306
niter,ni,del,rscale     5    3    5.0000    1.2000
parameters
    0.6249   22.6205    5.7028   -7.9783  -17.8431  -11.5127
   -0.1636   -4.8043    2.7703   35.7032    4.3221  -40.2503
eta,q 0.97093 23.88803
  0.0319  0.0341  0.0305  0.0340  0.0314  0.0334  0.0312  0.0335  0.0312  0.0333  0.0297  0.0315
  0.0303  0.0312  0.0298  0.0324  0.0305  0.0319  0.0300  0.0303  0.0300  0.0312  0.0294  0.0294
  0.0294  0.0294  0.0293  0.0307  0.0296  0.0305  0.0293  0.0292  0.0293  0.0298  0.0292  0.0289
  0.0290  0.0290  0.0290  0.0290  0.0290  0.0290  0.0290  0.0290  0.0290  0.0290  0.0291  0.0291
  0.0292  0.0296  0.0290  0.0278  0.0289  0.0275  0.0293  0.0295  0.0293  0.0288  0.0291  0.0295
  0.0301  0.0311  0.0294  0.0295  0.0296  0.0283  0.0300  0.0309  0.0301  0.0300  0.0293  0.0301
  0.0318  0.0334  0.0304  0.0374  0.0321  0.0368  0.0312  0.0330  0.0314  0.0355  0.0298  0.0307
niter,ni,del,rscale     4    3    5.0000    1.2000
parameters
    0.6430   22.6765    5.8076   -8.0502  -17.9015  -11.4491
   -0.1637   -4.8141    2.7200   35.5730    4.2370  -40.1785
eta,q 0.97090 23.86686
  0.0320  0.0341  0.0306  0.0340  0.0314  0.0334  0.0313  0.0336  0.0313  0.0335  0.0298  0.0315
  0.0304  0.0312  0.0298  0.0325  0.0305  0.0320  0.0301  0.0304  0.0301  0.0314  0.0294  0.0295
  0.0294  0.0295  0.0294  0.0308  0.0297  0.0306  0.0293  0.0292  0.0293  0.0299  0.0292  0.0290
  0.0291  0.0291  0.0291  0.0291  0.0291  0.0291  0.0291  0.0291  0.0291  0.0291  0.0291  0.0291
  0.0293  0.0298  0.0291  0.0279  0.0290  0.0277  0.0293  0.0296  0.0293  0.0288  0.0291  0.0296
  0.0302  0.0312  0.0295  0.0295  0.0298  0.0284  0.0301  0.0310  0.0301  0.0300  0.0294  0.0302
  0.0320  0.0335  0.0305  0.0373  0.0322  0.0364  0.0313  0.0331  0.0314  0.0353  0.0299  0.0307
niter,ni,del,rscale     3    3    5.0000    1.2000
parameters
    0.6552   22.7063    5.8478   -8.0757  -17.9136  -11.4547
   -0.1647   -4.8245    2.7076   35.5133    4.2275  -40.1679
eta,q 0.97086 23.85810
  0.0320  0.0340  0.0306  0.0340  0.0315  0.0334  0.0313  0.0336  0.0314  0.0336  0.0298  0.0314
  0.0304  0.0312  0.0299  0.0325  0.0305  0.0320  0.0301  0.0305  0.0302  0.0315  0.0295  0.0295
  0.0295  0.0295  0.0294  0.0308  0.0297  0.0306  0.0294  0.0293  0.0294  0.0300  0.0293  0.0290
  0.0291  0.0291  0.0291  0.0291  0.0291  0.0291  0.0291  0.0291  0.0291  0.0291  0.0291  0.0291
  0.0294  0.0298  0.0291  0.0279  0.0291  0.0278  0.0294  0.0297  0.0294  0.0288  0.0292  0.0296
  0.0303  0.0312  0.0296  0.0295  0.0298  0.0286  0.0301  0.0310  0.0302  0.0300  0.0294  0.0302
  0.0320  0.0337  0.0307  0.0371  0.0322  0.0366  0.0313  0.0332  0.0314  0.0352  0.0299  0.0307
niter,ni,del,rscale     2    3    5.0000    1.2000
parameters
    0.6576   22.7236    5.8740   -8.0864  -17.9308  -11.4425
   -0.1620   -4.8281    2.6978   35.4771    4.2103  -40.1505
eta,q 0.97085 23.85254
  0.0320  0.0340  0.0306  0.0340  0.0315  0.0334  0.0313  0.0337  0.0314  0.0336  0.0298  0.0314
  0.0304  0.0312  0.0299  0.0325  0.0305  0.0320  0.0302  0.0305  0.0302  0.0315  0.0295  0.0295
  0.0295  0.0295  0.0294  0.0309  0.0297  0.0306  0.0294  0.0293  0.0294  0.0300  0.0293  0.0290
  0.0291  0.0291  0.0291  0.0291  0.0291  0.0291  0.0291  0.0291  0.0291  0.0291  0.0292  0.0291
  0.0294  0.0298  0.0292  0.0280  0.0291  0.0278  0.0294  0.0297  0.0294  0.0289  0.0292  0.0296
  0.0304  0.0313  0.0297  0.0295  0.0298  0.0286  0.0301  0.0311  0.0302  0.0300  0.0294  0.0302
  0.0321  0.0337  0.0307  0.0371  0.0322  0.0365  0.0313  0.0332  0.0314  0.0351  0.0299  0.0307
registration optimization eta report
parameter search radius
    2.4000    3.6501    2.7600    8.2800    8.2800    7.2000
    7.2000    7.2000    8.2800    8.2800    7.2000    8.2800
100000*second partial in parameter space
       51.       35.       20.       10.        4.       12.
        4.        8.        3.        8.        1.        3.
  0.0320  0.0340  0.0306  0.0340  0.0315  0.0334  0.0313  0.0337  0.0314  0.0336  0.0298  0.0314
  0.0304  0.0312  0.0299  0.0325  0.0305  0.0320  0.0302  0.0305  0.0302  0.0315  0.0295  0.0295
  0.0295  0.0295  0.0294  0.0309  0.0297  0.0306  0.0294  0.0293  0.0294  0.0300  0.0293  0.0290
  0.0291  0.0291  0.0291  0.0291  0.0291  0.0291  0.0291  0.0291  0.0291  0.0291  0.0292  0.0291
  0.0294  0.0298  0.0292  0.0280  0.0291  0.0278  0.0294  0.0297  0.0294  0.0289  0.0292  0.0296
  0.0304  0.0313  0.0297  0.0295  0.0298  0.0286  0.0301  0.0311  0.0302  0.0300  0.0294  0.0302
  0.0321  0.0337  0.0307  0.0371  0.0322  0.0365  0.0313  0.0332  0.0314  0.0351  0.0299  0.0307
    0.6576   22.7236    5.8740   -8.0864  -17.9308  -11.4425
   -0.1620   -4.8281    2.6978   35.4771    4.2103  -40.1505
eta,q 0.97085 23.85254

---------------------------------------------------------------------
imgreg_4dfp /opt/freesurfer/average/711-2C_as_mni_average_305 /opt/freesurfer/average/711-2B_as_mni_average_305_mask talsrcimg_g11 none talsrcimg_to_711-2C_as_mni_average_305_t4 2311
---------------------------------------------------------------------

freesurfer imgreg_4dfp.c
/opt/freesurfer/average/711-2C_as_mni_average_305.4dfp.img
       256       256       256         1
  1.000000  1.000000  1.000000
orientation T byte_order littleendian
Reading image: /opt/freesurfer/average/711-2C_as_mni_average_305.4dfp.img
dimensions:      256       256       256
mmppix:       1.0000   -1.0000   -1.0000
center:     128.0000 -129.0000 -129.0000
/opt/freesurfer/average/711-2B_as_mni_average_305_mask.4dfp.img
       256       256       256         1
  1.000000  1.000000  1.000000
orientation T byte_order littleendian
Reading mask: /opt/freesurfer/average/711-2B_as_mni_average_305_mask.4dfp.img (2306576 pixels)
talsrcimg_g11.4dfp.img
       320       320       320         1
  0.700000  0.700000  0.700000
orientation T byte_order littleendian
Reading image: talsrcimg_g11.4dfp.img
dimensions:      320       320       320
mmppix:       0.7000   -0.7000   -0.7000
center:     112.0000 -112.7000 -112.7000
fimgreg.f
image alignment mode   2311 decimal      907 hex
parameters
    0.6576   22.7236    5.8740   -8.0864  -17.9308  -11.4425
   -0.1620   -4.8281    2.6978   35.4771    4.2103  -40.1505
eta,q 0.97085 23.85255
niter,ni,del,rscale     5    3    5.0000    0.8000
parameter  4 -0.743945 -> -0.500000 qaram    1.1500
parameters
    0.6942   22.5665    6.0316   -5.3264  -17.4401   -9.5456
   -0.1262   -4.2488    2.5669   35.9834    3.4675  -39.7606
eta,q 0.97306 24.10743
  0.0304  0.0299  0.0297  0.0321  0.0289  0.0309  0.0286  0.0328  0.0282  0.0300  0.0278  0.0284
  0.0298  0.0294  0.0294  0.0311  0.0285  0.0299  0.0278  0.0293  0.0276  0.0288  0.0272  0.0275
  0.0293  0.0292  0.0292  0.0301  0.0282  0.0289  0.0273  0.0275  0.0272  0.0278  0.0269  0.0270
  0.0292  0.0291  0.0291  0.0291  0.0280  0.0279  0.0270  0.0270  0.0271  0.0271  0.0270  0.0269
  0.0293  0.0293  0.0291  0.0283  0.0280  0.0271  0.0272  0.0275  0.0273  0.0269  0.0273  0.0271
  0.0296  0.0297  0.0292  0.0280  0.0282  0.0270  0.0277  0.0285  0.0277  0.0275  0.0278  0.0274
  0.0304  0.0302  0.0295  0.0287  0.0287  0.0287  0.0286  0.0301  0.0284  0.0295  0.0285  0.0278
niter,ni,del,rscale     5    3    5.0000    0.8000
parameter  3  0.546848 ->  0.500000 qaram    1.1500
parameters
    0.4908   22.0225    5.1116   -6.1890  -17.3441  -10.1627
    0.0241   -4.1199    3.0418   37.9310    4.4001  -41.5292
eta,q 0.97367 24.28307
  0.0288  0.0274  0.0266  0.0298  0.0278  0.0300  0.0284  0.0304  0.0284  0.0303  0.0277  0.0268
  0.0276  0.0269  0.0264  0.0285  0.0273  0.0290  0.0278  0.0282  0.0278  0.0291  0.0271  0.0264
  0.0270  0.0267  0.0264  0.0272  0.0269  0.0279  0.0273  0.0272  0.0273  0.0280  0.0267  0.0263
  0.0269  0.0269  0.0267  0.0264  0.0267  0.0267  0.0271  0.0271  0.0271  0.0271  0.0266  0.0265
  0.0274  0.0274  0.0273  0.0267  0.0268  0.0263  0.0272  0.0275  0.0272  0.0266  0.0265  0.0269
  0.0285  0.0282  0.0281  0.0294  0.0272  0.0286  0.0276  0.0284  0.0275  0.0267  0.0267  0.0274
  0.0301  0.0294  0.0293  0.0355  0.0279  0.0358  0.0283  0.0296  0.0280  0.0277  0.0270  0.0279
niter,ni,del,rscale     5    3    5.0000    0.8000
parameters
    0.3921   21.9609    4.8894   -6.1228  -17.4832  -10.6797
    0.2251   -4.2016    3.1162   38.1602    5.0178  -41.6732
eta,q 0.97341 24.28755
  0.0280  0.0276  0.0275  0.0302  0.0275  0.0302  0.0281  0.0297  0.0278  0.0291  0.0276  0.0277
  0.0270  0.0269  0.0267  0.0288  0.0268  0.0290  0.0274  0.0276  0.0272  0.0280  0.0271  0.0269
  0.0265  0.0264  0.0264  0.0274  0.0264  0.0277  0.0269  0.0267  0.0268  0.0272  0.0268  0.0266
  0.0263  0.0263  0.0263  0.0263  0.0263  0.0263  0.0267  0.0267  0.0267  0.0267  0.0266  0.0266
  0.0266  0.0265  0.0266  0.0259  0.0264  0.0259  0.0268  0.0272  0.0268  0.0266  0.0266  0.0268
  0.0273  0.0270  0.0273  0.0272  0.0269  0.0284  0.0272  0.0281  0.0271  0.0272  0.0268  0.0272
  0.0285  0.0278  0.0283  0.0315  0.0277  0.0358  0.0279  0.0296  0.0277  0.0291  0.0272  0.0276
niter,ni,del,rscale     4    3    5.0000    0.7000
parameters
    0.3793   21.9982    4.7246   -5.5745  -17.4502  -10.5051
    0.2760   -4.2494    3.0353   38.3088    5.1802  -41.6146
eta,q 0.97384 24.32423
  0.0280  0.0276  0.0274  0.0300  0.0273  0.0298  0.0273  0.0290  0.0270  0.0283  0.0269  0.0273
  0.0272  0.0270  0.0269  0.0288  0.0268  0.0288  0.0267  0.0271  0.0266  0.0273  0.0265  0.0265
  0.0268  0.0267  0.0266  0.0276  0.0265  0.0276  0.0263  0.0263  0.0263  0.0266  0.0263  0.0262
  0.0266  0.0266  0.0266  0.0266  0.0263  0.0263  0.0262  0.0262  0.0262  0.0262  0.0262  0.0262
  0.0267  0.0267  0.0268  0.0261  0.0264  0.0256  0.0263  0.0266  0.0263  0.0262  0.0262  0.0263
  0.0272  0.0270  0.0271  0.0268  0.0268  0.0267  0.0266  0.0275  0.0266  0.0267  0.0264  0.0266
  0.0280  0.0275  0.0278  0.0295  0.0273  0.0308  0.0273  0.0288  0.0271  0.0283  0.0268  0.0270
niter,ni,del,rscale     3    3    5.0000    0.6000
parameters
    0.3066   21.9453    4.6577   -5.3376  -17.5925  -10.2036
    0.3361   -4.2427    2.9921   38.3510    5.3417  -41.5927
eta,q 0.97415 24.33060
  0.0272  0.0268  0.0269  0.0289  0.0268  0.0292  0.0267  0.0282  0.0265  0.0276  0.0265  0.0267
  0.0266  0.0264  0.0265  0.0279  0.0264  0.0282  0.0263  0.0267  0.0262  0.0268  0.0261  0.0261
  0.0263  0.0262  0.0262  0.0269  0.0261  0.0271  0.0260  0.0260  0.0259  0.0262  0.0259  0.0259
  0.0262  0.0262  0.0262  0.0262  0.0261  0.0261  0.0259  0.0259  0.0259  0.0259  0.0259  0.0259
  0.0263  0.0263  0.0263  0.0260  0.0262  0.0255  0.0259  0.0262  0.0259  0.0259  0.0259  0.0260
  0.0268  0.0265  0.0266  0.0267  0.0265  0.0263  0.0262  0.0269  0.0262  0.0265  0.0261  0.0262
  0.0275  0.0270  0.0271  0.0290  0.0269  0.0293  0.0267  0.0279  0.0266  0.0277  0.0264  0.0266
niter,ni,del,rscale     2    3    5.0000    0.5000
parameters
    0.2559   21.9056    4.6679   -5.1098  -17.7785   -9.9187
    0.3879   -4.2740    2.9382   38.3294    5.4455  -41.5557
eta,q 0.97438 24.32417
  0.0266  0.0264  0.0265  0.0280  0.0263  0.0284  0.0262  0.0273  0.0261  0.0269  0.0261  0.0263
  0.0262  0.0261  0.0262  0.0271  0.0260  0.0275  0.0259  0.0262  0.0258  0.0263  0.0258  0.0258
  0.0259  0.0259  0.0259  0.0264  0.0258  0.0266  0.0257  0.0257  0.0257  0.0258  0.0257  0.0257
  0.0259  0.0259  0.0259  0.0259  0.0258  0.0258  0.0256  0.0256  0.0256  0.0256  0.0256  0.0256
  0.0260  0.0259  0.0259  0.0257  0.0259  0.0255  0.0257  0.0259  0.0257  0.0257  0.0257  0.0257
  0.0263  0.0261  0.0261  0.0263  0.0261  0.0261  0.0259  0.0265  0.0259  0.0261  0.0258  0.0259
  0.0268  0.0264  0.0265  0.0279  0.0264  0.0282  0.0262  0.0273  0.0262  0.0271  0.0261  0.0262
niter,ni,del,rscale     1    3    5.0000    0.4000
parameters
    0.2105   21.8691    4.6909   -4.9372  -17.9582   -9.6625
    0.4226   -4.2908    2.9220   38.2746    5.5178  -41.5054
eta,q 0.97452 24.31314
  0.0261  0.0260  0.0261  0.0271  0.0259  0.0276  0.0259  0.0267  0.0258  0.0264  0.0258  0.0259
  0.0258  0.0258  0.0258  0.0265  0.0257  0.0269  0.0257  0.0259  0.0256  0.0259  0.0256  0.0256
  0.0257  0.0257  0.0257  0.0260  0.0256  0.0261  0.0255  0.0256  0.0255  0.0256  0.0255  0.0255
  0.0256  0.0256  0.0256  0.0256  0.0256  0.0256  0.0255  0.0255  0.0255  0.0255  0.0255  0.0255
  0.0257  0.0257  0.0257  0.0256  0.0256  0.0254  0.0255  0.0257  0.0255  0.0256  0.0255  0.0255
  0.0259  0.0258  0.0258  0.0260  0.0258  0.0259  0.0256  0.0260  0.0256  0.0259  0.0256  0.0257
  0.0263  0.0260  0.0261  0.0270  0.0260  0.0273  0.0259  0.0266  0.0258  0.0265  0.0258  0.0258
registration optimization eta report
parameter search radius
    0.8000    0.8000    0.9200    2.7600    2.4000    2.4000
    2.4000    2.4000    2.4000    2.4000    2.4000    2.4000
100000*second partial in parameter space
       92.       59.       59.       19.        6.       32.
        7.       20.        6.       17.        6.        7.
  0.0261  0.0260  0.0261  0.0271  0.0259  0.0276  0.0259  0.0267  0.0258  0.0264  0.0258  0.0259
  0.0258  0.0258  0.0258  0.0265  0.0257  0.0269  0.0257  0.0259  0.0256  0.0259  0.0256  0.0256
  0.0257  0.0257  0.0257  0.0260  0.0256  0.0261  0.0255  0.0256  0.0255  0.0256  0.0255  0.0255
  0.0256  0.0256  0.0256  0.0256  0.0256  0.0256  0.0255  0.0255  0.0255  0.0255  0.0255  0.0255
  0.0257  0.0257  0.0257  0.0256  0.0256  0.0254  0.0255  0.0257  0.0255  0.0256  0.0255  0.0255
  0.0259  0.0258  0.0258  0.0260  0.0258  0.0259  0.0256  0.0260  0.0256  0.0259  0.0256  0.0257
  0.0263  0.0260  0.0261  0.0270  0.0260  0.0273  0.0259  0.0266  0.0258  0.0265  0.0258  0.0258
    0.2105   21.8691    4.6909   -4.9372  -17.9582   -9.6625
    0.4226   -4.2908    2.9220   38.2746    5.5178  -41.5054
eta,q 0.97452 24.31314

---------------------------------------------------------------------
imgreg_4dfp /opt/freesurfer/average/711-2C_as_mni_average_305 /opt/freesurfer/average/711-2B_as_mni_average_305_mask talsrcimg_g11 none talsrcimg_to_711-2C_as_mni_average_305_t4 2311
---------------------------------------------------------------------

freesurfer imgreg_4dfp.c
/opt/freesurfer/average/711-2C_as_mni_average_305.4dfp.img
       256       256       256         1
  1.000000  1.000000  1.000000
orientation T byte_order littleendian
Reading image: /opt/freesurfer/average/711-2C_as_mni_average_305.4dfp.img
dimensions:      256       256       256
mmppix:       1.0000   -1.0000   -1.0000
center:     128.0000 -129.0000 -129.0000
/opt/freesurfer/average/711-2B_as_mni_average_305_mask.4dfp.img
       256       256       256         1
  1.000000  1.000000  1.000000
orientation T byte_order littleendian
Reading mask: /opt/freesurfer/average/711-2B_as_mni_average_305_mask.4dfp.img (2306576 pixels)
talsrcimg_g11.4dfp.img
       320       320       320         1
  0.700000  0.700000  0.700000
orientation T byte_order littleendian
Reading image: talsrcimg_g11.4dfp.img
dimensions:      320       320       320
mmppix:       0.7000   -0.7000   -0.7000
center:     112.0000 -112.7000 -112.7000
fimgreg.f
image alignment mode   2311 decimal      907 hex
parameters
    0.2105   21.8691    4.6909   -4.9372  -17.9582   -9.6625
    0.4226   -4.2908    2.9220   38.2746    5.5178  -41.5054
eta,q 0.97452 24.31314
niter,ni,del,rscale     5    3    5.0000    0.8000
parameters
    0.1599   21.8562    4.7514   -5.6754  -17.9545  -10.6047
    0.5268   -4.2786    3.1003   38.1909    5.5245  -41.7400
eta,q 0.97368 24.28292
  0.0278  0.0270  0.0273  0.0284  0.0270  0.0297  0.0277  0.0298  0.0276  0.0287  0.0272  0.0275
  0.0265  0.0261  0.0263  0.0272  0.0264  0.0284  0.0270  0.0275  0.0269  0.0276  0.0267  0.0266
  0.0257  0.0256  0.0257  0.0261  0.0259  0.0269  0.0265  0.0265  0.0265  0.0268  0.0264  0.0263
  0.0255  0.0255  0.0255  0.0255  0.0257  0.0257  0.0263  0.0263  0.0263  0.0263  0.0263  0.0263
  0.0258  0.0257  0.0256  0.0259  0.0258  0.0261  0.0264  0.0268  0.0264  0.0264  0.0264  0.0266
  0.0267  0.0262  0.0262  0.0280  0.0263  0.0303  0.0269  0.0279  0.0268  0.0272  0.0267  0.0270
  0.0282  0.0270  0.0270  0.0328  0.0271  0.0401  0.0276  0.0294  0.0274  0.0294  0.0272  0.0275
niter,ni,del,rscale     4    3    5.0000    0.7000
parameters
    0.3016   21.9558    4.6257   -5.2619  -17.6247  -10.6205
    0.3853   -4.2860    3.0284   38.3926    5.3872  -41.7168
eta,q 0.97390 24.32971
  0.0281  0.0274  0.0269  0.0292  0.0272  0.0297  0.0272  0.0290  0.0270  0.0282  0.0268  0.0272
  0.0272  0.0268  0.0265  0.0281  0.0267  0.0286  0.0266  0.0271  0.0265  0.0273  0.0264  0.0264
  0.0266  0.0264  0.0263  0.0271  0.0263  0.0274  0.0263  0.0263  0.0262  0.0266  0.0262  0.0261
  0.0263  0.0263  0.0263  0.0263  0.0261  0.0261  0.0261  0.0261  0.0261  0.0261  0.0261  0.0261
  0.0264  0.0264  0.0264  0.0260  0.0262  0.0255  0.0263  0.0266  0.0263  0.0261  0.0262  0.0263
  0.0268  0.0267  0.0267  0.0267  0.0265  0.0269  0.0267  0.0274  0.0266  0.0266  0.0265  0.0266
  0.0275  0.0271  0.0272  0.0288  0.0270  0.0315  0.0274  0.0287  0.0271  0.0281  0.0269  0.0270
niter,ni,del,rscale     3    3    5.0000    0.6000
parameters
    0.2611   21.9437    4.5717   -5.0709  -17.6866  -10.3082
    0.3711   -4.2236    2.9716   38.4222    5.4447  -41.6544
eta,q 0.97417 24.33643
  0.0272  0.0268  0.0267  0.0284  0.0268  0.0292  0.0267  0.0283  0.0265  0.0275  0.0265  0.0267
  0.0266  0.0264  0.0263  0.0275  0.0264  0.0282  0.0262  0.0267  0.0261  0.0267  0.0261  0.0261
  0.0262  0.0262  0.0261  0.0267  0.0261  0.0271  0.0259  0.0260  0.0259  0.0261  0.0259  0.0259
  0.0261  0.0261  0.0261  0.0261  0.0260  0.0260  0.0258  0.0258  0.0258  0.0258  0.0258  0.0258
  0.0263  0.0262  0.0262  0.0260  0.0261  0.0255  0.0259  0.0262  0.0259  0.0259  0.0259  0.0260
  0.0267  0.0264  0.0264  0.0266  0.0264  0.0263  0.0262  0.0269  0.0262  0.0264  0.0261  0.0262
  0.0274  0.0268  0.0268  0.0284  0.0268  0.0293  0.0267  0.0279  0.0265  0.0277  0.0264  0.0265
niter,ni,del,rscale     2    3    5.0000    0.5000
parameters
    0.2195   21.9072    4.5933   -4.9039  -17.8383   -9.9954
    0.4201   -4.2389    2.9204   38.3829    5.5312  -41.5979
eta,q 0.97438 24.32938
  0.0266  0.0263  0.0264  0.0275  0.0263  0.0284  0.0262  0.0274  0.0261  0.0269  0.0261  0.0263
  0.0262  0.0260  0.0261  0.0268  0.0260  0.0275  0.0259  0.0263  0.0258  0.0263  0.0258  0.0258
  0.0259  0.0259  0.0259  0.0262  0.0258  0.0266  0.0257  0.0257  0.0257  0.0258  0.0257  0.0257
  0.0258  0.0258  0.0258  0.0258  0.0258  0.0258  0.0256  0.0256  0.0256  0.0256  0.0256  0.0256
  0.0260  0.0259  0.0259  0.0258  0.0259  0.0254  0.0257  0.0259  0.0257  0.0257  0.0257  0.0257
  0.0263  0.0261  0.0260  0.0263  0.0261  0.0261  0.0259  0.0265  0.0259  0.0261  0.0258  0.0259
  0.0268  0.0264  0.0263  0.0275  0.0264  0.0282  0.0262  0.0273  0.0261  0.0271  0.0261  0.0262
niter,ni,del,rscale     1    3    5.0000    0.4000
parameters
    0.1802   21.8706    4.6361   -4.7861  -17.9960   -9.7136
    0.4507   -4.2726    2.8914   38.3089    5.5810  -41.5308
eta,q 0.97452 24.31663
  0.0262  0.0259  0.0260  0.0268  0.0259  0.0276  0.0259  0.0267  0.0258  0.0263  0.0258  0.0259
  0.0259  0.0258  0.0258  0.0263  0.0257  0.0269  0.0257  0.0259  0.0256  0.0259  0.0256  0.0256
  0.0257  0.0256  0.0257  0.0259  0.0256  0.0261  0.0255  0.0256  0.0255  0.0256  0.0255  0.0255
  0.0256  0.0256  0.0256  0.0256  0.0256  0.0256  0.0255  0.0255  0.0255  0.0255  0.0255  0.0255
  0.0257  0.0257  0.0256  0.0256  0.0257  0.0254  0.0255  0.0257  0.0255  0.0256  0.0255  0.0255
  0.0259  0.0258  0.0258  0.0259  0.0258  0.0259  0.0256  0.0261  0.0256  0.0259  0.0256  0.0257
  0.0263  0.0260  0.0259  0.0267  0.0260  0.0272  0.0259  0.0266  0.0258  0.0265  0.0258  0.0258
registration optimization eta report
parameter search radius
    0.8000    0.8000    0.8000    2.4000    2.4000    2.4000
    2.4000    2.4000    2.4000    2.4000    2.4000    2.4000
100000*second partial in parameter space
       94.       57.       58.       20.        6.       32.
        7.       21.        6.       17.        6.        7.
  0.0262  0.0259  0.0260  0.0268  0.0259  0.0276  0.0259  0.0267  0.0258  0.0263  0.0258  0.0259
  0.0259  0.0258  0.0258  0.0263  0.0257  0.0269  0.0257  0.0259  0.0256  0.0259  0.0256  0.0256
  0.0257  0.0256  0.0257  0.0259  0.0256  0.0261  0.0255  0.0256  0.0255  0.0256  0.0255  0.0255
  0.0256  0.0256  0.0256  0.0256  0.0256  0.0256  0.0255  0.0255  0.0255  0.0255  0.0255  0.0255
  0.0257  0.0257  0.0256  0.0256  0.0257  0.0254  0.0255  0.0257  0.0255  0.0256  0.0255  0.0255
  0.0259  0.0258  0.0258  0.0259  0.0258  0.0259  0.0256  0.0261  0.0256  0.0259  0.0256  0.0257
  0.0263  0.0260  0.0259  0.0267  0.0260  0.0272  0.0259  0.0266  0.0258  0.0265  0.0258  0.0258
    0.1802   21.8706    4.6361   -4.7861  -17.9960   -9.7136
    0.4507   -4.2726    2.8914   38.3089    5.5810  -41.5308
eta,q 0.97452 24.31663

---------------------------------------------------------------------
compute_vox2vox talsrcimg talsrcimg_to_711-2C_as_mni_average_305_t4 /opt/freesurfer/average/711-2C_as_mni_average_305
---------------------------------------------------------------------

freesurfer compute_vox2vox.c
Reading: talsrcimg.4dfp.ifh
Reading: talsrcimg_to_711-2C_as_mni_average_305_t4
Reading: /opt/freesurfer/average/711-2C_as_mni_average_305.4dfp.ifh
Writing: talsrcimg_to_711-2C_as_mni_average_305_t4_vox2vox.txt

start time Fri Mar 13 06:39:03 CET 2026
end		time Fri Mar 13 06:39:24 CET 2026

mpr2mni305 success

avi2talxfm orig_nu.mgz /opt/freesurfer/average/mni305.cor.mgz talsrcimg_to_711-2C_as_mni_average_305_t4_vox2vox.txt transforms/talairach.auto.xfm
avi2talxfm done
mv -f /out/sourcedata/freesurfer/sub-v2s5x29538_ses-1/mri/talsrcimg_to_711-2C_as_mni_average_305_t4_vox2vox.txt /out/sourcedata/freesurfer/sub-v2s5x29538_ses-1/mri/transforms/talsrcimg_to_711-2C_as_mni_average_305_t4_vox2vox.txt
lta_convert --src orig_nu.mgz --trg /opt/freesurfer/average/mni305.cor.mgz --inxfm transforms/talairach.auto.xfm --outlta transforms/talairach.auto.xfm.lta --subject fsaverage
7.3.2

--src: orig_nu.mgz src image (geometry).
--trg: /opt/freesurfer/average/mni305.cor.mgz trg image (geometry).
--inmni: transforms/talairach.auto.xfm input MNI/XFM transform.
--outlta: transforms/talairach.auto.xfm.lta output LTA.
--s: fsaverage subject name
 LTA read, type : 1
 1.04727   0.04280   0.01592  -0.00823;
-0.06727   0.90893   0.46069  -18.41784;
-0.00550  -0.42612   1.00367   14.04173;
 0.00000   0.00000   0.00000   1.00000;
setting subject to fsaverage
Writing  LTA to file transforms/talairach.auto.xfm.lta...
lta_convert successful.
 
 
Started at Fri Mar 13 06:39:02 CET 2026
Ended   at Fri Mar 13 06:39:24 CET 2026
talairach_avi done
