/out/sourcedata/freesurfer/sub-v2s5x29552_ses-1/mri
/opt/freesurfer/bin/talairach_avi
--i orig_nu.mgz --xfm transforms/talairach.auto.xfm
talairach_avi 7.3.2
Linux dna085 5.14.0-427.37.1.el9_4.x86_64 #1 SMP PREEMPT_DYNAMIC Fri Sep 13 12:41:50 EDT 2024 x86_64 x86_64 x86_64 GNU/Linux
Fri Mar 13 07:22:41 CET 2026
mri_convert orig_nu.mgz talsrcimg.img 
reading from orig_nu.mgz...
TR=0.00, TE=0.00, TI=0.00, flip angle=0.00
i_ras = (-1, 0, 0)
j_ras = (0, 0, -1)
k_ras = (0, 1, 0)
writing to talsrcimg.img...
Analyze Output Matrix
-0.70000   0.00000   0.00000   118.98409;
 0.00000   0.00000   0.70000  -93.26199;
 0.00000  -0.70000   0.00000   73.27570;
 0.00000   0.00000   0.00000   1.00000;
--------------------
INFO: set hdr.hist.orient to -1
mpr2mni305 talsrcimg
Fri Mar 13 07:22:41 CET 2026
/opt/freesurfer/bin/mpr2mni305 talsrcimg
mpr2mni305 7.3.2
target=711-2C_as_mni_average_305

---------------------------------------------------------------------
analyzeto4dfp talsrcimg -O0 -y
---------------------------------------------------------------------

freesurfer ifh2hdr.c
Fri Mar 13 07:22:41 2026
Writing: talsrcimg.4dfp.hdr
freesurfer analyzeto4dfp.c
Reading: talsrcimg.hdr
header size 348 bytes
hdr.dime.datatype	offset=70	value=2
hdr.dime.bitpix		offset=72	value=8
hdr.hist.orient		offset=252	value=-1
dimensionality     4
dimensions       320       320       320         1
Reading: talsrcimg.img
Writing: talsrcimg.4dfp.img
Writing: talsrcimg.4dfp.ifh
ifh2hdr talsrcimg -r0to215
ori=2

---------------------------------------------------------------------
gauss_4dfp talsrcimg 1.1
---------------------------------------------------------------------

freesurfer gauss_4dfp.c
Reading: talsrcimg.4dfp.img
Writing: talsrcimg_g11.4dfp.img
image dimensions 320 320 320 padded to 384 384 384
processing volume 1freesurfer ifh2hdr.c
Fri Mar 13 07:22:49 2026
Writing: talsrcimg_g11.4dfp.hdr

Writing: talsrcimg_g11.4dfp.ifh
including: talsrcimg.4dfp.img.rec in talsrcimg_g11.4dfp.img.rec

---------------------------------------------------------------------
imgreg_4dfp /opt/freesurfer/average/711-2C_as_mni_average_305 none talsrcimg_g11 none talsrcimg_to_711-2C_as_mni_average_305_t4 4355
---------------------------------------------------------------------

freesurfer imgreg_4dfp.c
/opt/freesurfer/average/711-2C_as_mni_average_305.4dfp.img
       256       256       256         1
  1.000000  1.000000  1.000000
orientation T byte_order littleendian
Reading image: /opt/freesurfer/average/711-2C_as_mni_average_305.4dfp.img
dimensions:      256       256       256
mmppix:       1.0000   -1.0000   -1.0000
center:     128.0000 -129.0000 -129.0000
talsrcimg_g11.4dfp.img
       320       320       320         1
  0.700000  0.700000  0.700000
orientation T byte_order littleendian
Reading image: talsrcimg_g11.4dfp.img
dimensions:      320       320       320
mmppix:       0.7000   -0.7000   -0.7000
center:     112.0000 -112.7000 -112.7000
t4_read: open error in t4_sub.f l:  41 t4_file(1:l)talsrcimg_to_711-2C_as_mni_average_305_t4 
t4_read: transform initialized to I4
rotation matrix determinant  1.000000
image alignment mode   4355 decimal     1103 hex
   -7.5000  -45.0000  -45.0000 3958.2019   27.7831
    0.0000  -45.0000  -45.0000 4138.3643   27.7645
    7.5000  -45.0000  -45.0000 3920.1160   27.7410
   -7.5000  -37.5000  -45.0000 4320.4126   27.9312
    0.0000  -37.5000  -45.0000 4526.3057   27.9176
    7.5000  -37.5000  -45.0000 4294.3086   27.9001
   -7.5000  -30.0000  -45.0000 4769.9346   27.6009
    0.0000  -30.0000  -45.0000 4987.7314   27.5758
    7.5000  -30.0000  -45.0000 4724.9004   27.5487
   -7.5000  -22.5000  -45.0000 5103.8784   26.7298
    0.0000  -22.5000  -45.0000 5338.6665   26.7041
    7.5000  -22.5000  -45.0000 5046.4517   26.6737
   -7.5000  -15.0000  -45.0000 5672.2925   26.1067
    0.0000  -15.0000  -45.0000 5931.1187   26.0865
    7.5000  -15.0000  -45.0000 5599.5396   26.0538
   -7.5000   -7.5000  -45.0000 6245.1489   25.7037
    0.0000   -7.5000  -45.0000 6534.7075   25.6978
    7.5000   -7.5000  -45.0000 6163.2539   25.6717
   -7.5000    0.0000  -45.0000 6809.3311   25.6459
    0.0000    0.0000  -45.0000 7132.0415   25.6429
    7.5000    0.0000  -45.0000 6738.7202   25.6245
   -7.5000    7.5000  -45.0000 6741.5049   25.6916
    0.0000    7.5000  -45.0000 7055.7603   25.6804
    7.5000    7.5000  -45.0000 6668.7456   25.6630
   -7.5000   15.0000  -45.0000 6626.7417   25.3871
    0.0000   15.0000  -45.0000 6930.4468   25.3666
    7.5000   15.0000  -45.0000 6544.6089   25.3446
   -7.5000   22.5000  -45.0000 6522.4209   24.7184
    0.0000   22.5000  -45.0000 6823.4736   24.6941
    7.5000   22.5000  -45.0000 6429.3730   24.6669
   -7.5000   30.0000  -45.0000 6616.3486   24.6652
    0.0000   30.0000  -45.0000 6936.6372   24.6471
    7.5000   30.0000  -45.0000 6535.1650   24.6171
   -7.5000   37.5000  -45.0000 6394.0454   23.8296
    0.0000   37.5000  -45.0000 6711.8384   23.8240
    7.5000   37.5000  -45.0000 6311.9756   23.7996
   -7.5000   45.0000  -45.0000 6119.7686   22.9565
    0.0000   45.0000  -45.0000 6402.4253   22.9538
    7.5000   45.0000  -45.0000 6020.4077   22.9374
   -7.5000  -45.0000  -37.5000 4191.5454   28.8007
    0.0000  -45.0000  -37.5000 4382.0835   28.8044
    7.5000  -45.0000  -37.5000 4143.8389   28.8104
   -7.5000  -37.5000  -37.5000 4604.5205   29.0096
    0.0000  -37.5000  -37.5000 4822.7773   29.0240
    7.5000  -37.5000  -37.5000 4555.6304   29.0283
   -7.5000  -30.0000  -37.5000 5108.9292   28.6539
    0.0000  -30.0000  -37.5000 5339.0005   28.6494
    7.5000  -30.0000  -37.5000 5043.1616   28.6354
   -7.5000  -22.5000  -37.5000 5471.2520   27.7604
    0.0000  -22.5000  -37.5000 5711.8384   27.7432
    7.5000  -22.5000  -37.5000 5405.0557   27.7254
   -7.5000  -15.0000  -37.5000 6089.1011   27.1039
    0.0000  -15.0000  -37.5000 6352.1577   27.0869
    7.5000  -15.0000  -37.5000 6009.1318   27.0716
   -7.5000   -7.5000  -37.5000 6710.7900   26.6697
    0.0000   -7.5000  -37.5000 7000.7095   26.6726
    7.5000   -7.5000  -37.5000 6621.5215   26.6716
   -7.5000    0.0000  -37.5000 7315.4478   26.6037
    0.0000    0.0000  -37.5000 7636.6504   26.6195
    7.5000    0.0000  -37.5000 7225.8340   26.6273
   -7.5000    7.5000  -37.5000 7249.0962   26.6657
    0.0000    7.5000  -37.5000 7563.6211   26.6780
    7.5000    7.5000  -37.5000 7163.7144   26.6791
   -7.5000   15.0000  -37.5000 7126.6831   26.3703
    0.0000   15.0000  -37.5000 7433.8516   26.3672
    7.5000   15.0000  -37.5000 7022.0176   26.3569
   -7.5000   22.5000  -37.5000 7016.0210   25.6954
    0.0000   22.5000  -37.5000 7317.6660   25.6781
    7.5000   22.5000  -37.5000 6888.3291   25.6616
   -7.5000   30.0000  -37.5000 7113.3506   25.6263
    0.0000   30.0000  -37.5000 7441.3667   25.6109
    7.5000   30.0000  -37.5000 6986.8643   25.5968
   -7.5000   37.5000  -37.5000 6872.8882   24.7427
    0.0000   37.5000  -37.5000 7195.0259   24.7453
    7.5000   37.5000  -37.5000 6743.3506   24.7441
   -7.5000   45.0000  -37.5000 6552.8638   23.8139
    0.0000   45.0000  -37.5000 6860.1157   23.8281
    7.5000   45.0000  -37.5000 6412.5586   23.8351
   -7.5000  -45.0000  -30.0000 4410.1035   29.9340
    0.0000  -45.0000  -30.0000 4615.4771   29.9671
    7.5000  -45.0000  -30.0000 4367.1758   30.0118
   -7.5000  -37.5000  -30.0000 4867.0962   30.1584
    0.0000  -37.5000  -30.0000 5085.0454   30.2037
    7.5000  -37.5000  -30.0000 4824.7485   30.2462
   -7.5000  -30.0000  -30.0000 5433.7852   29.7440
    0.0000  -30.0000  -30.0000 5667.0791   29.7635
    7.5000  -30.0000  -30.0000 5374.3755   29.7852
   -7.5000  -22.5000  -30.0000 5861.5254   28.8278
    0.0000  -22.5000  -30.0000 6116.3105   28.8279
    7.5000  -22.5000  -30.0000 5790.9785   28.8441
   -7.5000  -15.0000  -30.0000 6529.3794   28.1686
    0.0000  -15.0000  -30.0000 6813.4956   28.1654
    7.5000  -15.0000  -30.0000 6436.7129   28.1830
   -7.5000   -7.5000  -30.0000 7187.1689   27.7237
    0.0000   -7.5000  -30.0000 7506.4336   27.7438
    7.5000   -7.5000  -30.0000 7101.6206   27.7776
   -7.5000    0.0000  -30.0000 7836.8530   27.6449
    0.0000    0.0000  -30.0000 8186.4536   27.6838
    7.5000    0.0000  -30.0000 7751.4585   27.7258
   -7.5000    7.5000  -30.0000 7792.5337   27.6908
    0.0000    7.5000  -30.0000 8127.9136   27.7275
    7.5000    7.5000  -30.0000 7696.3936   27.7615
   -7.5000   15.0000  -30.0000 7668.7876   27.3793
    0.0000   15.0000  -30.0000 8001.0278   27.3965
    7.5000   15.0000  -30.0000 7550.2788   27.4182
   -7.5000   22.5000  -30.0000 7545.4160   26.7083
    0.0000   22.5000  -30.0000 7872.4478   26.7059
    7.5000   22.5000  -30.0000 7386.7046   26.7193
   -7.5000   30.0000  -30.0000 7634.4629   26.6545
    0.0000   30.0000  -30.0000 7970.5166   26.6519
    7.5000   30.0000  -30.0000 7467.0562   26.6682
   -7.5000   37.5000  -30.0000 7350.6143   25.7592
    0.0000   37.5000  -30.0000 7686.3525   25.7777
    7.5000   37.5000  -30.0000 7196.0381   25.8087
   -7.5000   45.0000  -30.0000 6980.9458   24.7853
    0.0000   45.0000  -30.0000 7308.8530   24.8202
    7.5000   45.0000  -30.0000 6822.5171   24.8578
   -7.5000  -45.0000  -22.5000 4538.7637   30.0944
    0.0000  -45.0000  -22.5000 4743.7358   30.1357
    7.5000  -45.0000  -22.5000 4512.5083   30.1903
   -7.5000  -37.5000  -22.5000 5030.9014   30.2875
    0.0000  -37.5000  -22.5000 5251.2656   30.3363
    7.5000  -37.5000  -22.5000 5000.3379   30.3956
   -7.5000  -30.0000  -22.5000 5630.0488   29.8478
    0.0000  -30.0000  -22.5000 5870.4653   29.8708
    7.5000  -30.0000  -22.5000 5576.4541   29.9135
   -7.5000  -22.5000  -22.5000 6086.1802   28.9367
    0.0000  -22.5000  -22.5000 6362.3306   28.9448
    7.5000  -22.5000  -22.5000 6022.6860   28.9795
   -7.5000  -15.0000  -22.5000 6802.8838   28.3074
    0.0000  -15.0000  -22.5000 7115.8467   28.3138
    7.5000  -15.0000  -22.5000 6735.3511   28.3446
   -7.5000   -7.5000  -22.5000 7494.8604   27.8754
    0.0000   -7.5000  -22.5000 7846.6763   27.9039
    7.5000   -7.5000  -22.5000 7423.1938   27.9465
   -7.5000    0.0000  -22.5000 8177.2832   27.7865
    0.0000    0.0000  -22.5000 8567.2168   27.8304
    7.5000    0.0000  -22.5000 8095.2061   27.8810
   -7.5000    7.5000  -22.5000 8119.5396   27.8057
    0.0000    7.5000  -22.5000 8491.3975   27.8444
    7.5000    7.5000  -22.5000 8028.7319   27.8929
   -7.5000   15.0000  -22.5000 7986.3916   27.4742
    0.0000   15.0000  -22.5000 8342.2031   27.4946
    7.5000   15.0000  -22.5000 7859.9043   27.5353
   -7.5000   22.5000  -22.5000 7855.5547   26.8108
    0.0000   22.5000  -22.5000 8206.4053   26.8155
    7.5000   22.5000  -22.5000 7683.6924   26.8453
   -7.5000   30.0000  -22.5000 7970.1890   26.7837
    0.0000   30.0000  -22.5000 8314.9004   26.7902
    7.5000   30.0000  -22.5000 7776.9126   26.8189
   -7.5000   37.5000  -22.5000 7685.1221   25.8997
    0.0000   37.5000  -22.5000 8052.1421   25.9259
    7.5000   37.5000  -22.5000 7526.0361   25.9651
   -7.5000   45.0000  -22.5000 7283.2090   24.9122
    0.0000   45.0000  -22.5000 7633.8047   24.9516
    7.5000   45.0000  -22.5000 7161.7959   24.9970
   -7.5000  -45.0000  -15.0000 4766.9839   31.5578
    0.0000  -45.0000  -15.0000 4980.3530   31.5799
    7.5000  -45.0000  -15.0000 4743.4072   31.6077
   -7.5000  -37.5000  -15.0000 5298.0122   31.7529
    0.0000  -37.5000  -15.0000 5533.1851   31.7778
    7.5000  -37.5000  -15.0000 5278.0308   31.8183
   -7.5000  -30.0000  -15.0000 5918.7437   31.2321
    0.0000  -30.0000  -15.0000 6181.6055   31.2357
    7.5000  -30.0000  -15.0000 5879.3267   31.2659
   -7.5000  -22.5000  -15.0000 6403.4336   30.2730
    0.0000  -22.5000  -15.0000 6711.2085   30.2721
    7.5000  -22.5000  -15.0000 6351.9492   30.2932
   -7.5000  -15.0000  -15.0000 7200.7134   29.6255
    0.0000  -15.0000  -15.0000 7551.7583   29.6279
    7.5000  -15.0000  -15.0000 7124.2251   29.6400
   -7.5000   -7.5000  -15.0000 7979.5820   29.1884
    0.0000   -7.5000  -15.0000 8370.2139   29.2092
    7.5000   -7.5000  -15.0000 7897.7300   29.2273
   -7.5000    0.0000  -15.0000 8734.0107   29.0971
    0.0000    0.0000  -15.0000 9158.1270   29.1254
    7.5000    0.0000  -15.0000 8622.8809   29.1520
   -7.5000    7.5000  -15.0000 8625.7354   29.1007
    0.0000    7.5000  -15.0000 9027.7559   29.1192
    7.5000    7.5000  -15.0000 8516.0527   29.1512
   -7.5000   15.0000  -15.0000 8442.1963   28.7446
    0.0000   15.0000  -15.0000 8836.7139   28.7488
    7.5000   15.0000  -15.0000 8321.1855   28.7784
   -7.5000   22.5000  -15.0000 8301.8994   28.0652
    0.0000   22.5000  -15.0000 8677.5508   28.0623
    7.5000   22.5000  -15.0000 8131.4263   28.0806
   -7.5000   30.0000  -15.0000 8454.5498   28.0490
    0.0000   30.0000  -15.0000 8845.7441   28.0521
    7.5000   30.0000  -15.0000 8270.8604   28.0637
   -7.5000   37.5000  -15.0000 8156.9648   27.1606
    0.0000   37.5000  -15.0000 8554.5615   27.1796
    7.5000   37.5000  -15.0000 8034.8936   27.1962
   -7.5000   45.0000  -15.0000 7723.1963   26.1504
    0.0000   45.0000  -15.0000 8125.8301   26.1759
    7.5000   45.0000  -15.0000 7653.2881   26.1997
   -7.5000  -45.0000   -7.5000 4925.0908   32.7041
    0.0000  -45.0000   -7.5000 5149.8076   32.6938
    7.5000  -45.0000   -7.5000 4898.6128   32.6814
   -7.5000  -37.5000   -7.5000 5486.9062   32.9129
    0.0000  -37.5000   -7.5000 5726.0464   32.9042
    7.5000  -37.5000   -7.5000 5466.7295   32.9067
   -7.5000  -30.0000   -7.5000 6151.1460   32.3505
    0.0000  -30.0000   -7.5000 6422.0894   32.3274
    7.5000  -30.0000   -7.5000 6109.5679   32.3224
   -7.5000  -22.5000   -7.5000 6682.1323   31.3513
    0.0000  -22.5000   -7.5000 6976.8555   31.3314
    7.5000  -22.5000   -7.5000 6596.9126   31.3191
   -7.5000  -15.0000   -7.5000 7537.9233   30.6620
    0.0000  -15.0000   -7.5000 7878.5239   30.6498
    7.5000  -15.0000   -7.5000 7382.4902   30.6285
   -7.5000   -7.5000   -7.5000 8395.8389   30.2070
    0.0000   -7.5000   -7.5000 8806.8232   30.2101
    7.5000   -7.5000   -7.5000 8211.7568   30.1920
   -7.5000    0.0000   -7.5000 9223.5732   30.1217
    0.0000    0.0000   -7.5000 9691.5371   30.1256
    7.5000    0.0000   -7.5000 9026.1865   30.1168
   -7.5000    7.5000   -7.5000 9140.9248   30.1361
    0.0000    7.5000   -7.5000 9612.2871   30.1278
    7.5000    7.5000   -7.5000 8982.2959   30.1269
   -7.5000   15.0000   -7.5000 8880.4346   29.7808
    0.0000   15.0000   -7.5000 9365.2158   29.7622
    7.5000   15.0000   -7.5000 8777.5049   29.7604
   -7.5000   22.5000   -7.5000 8679.3262   29.0842
    0.0000   22.5000   -7.5000 9126.7627   29.0650
    7.5000   22.5000   -7.5000 8565.3818   29.0539
   -7.5000   30.0000   -7.5000 8831.4385   29.0518
    0.0000   30.0000   -7.5000 9306.6699   29.0414
    7.5000   30.0000   -7.5000 8714.1445   29.0221
   -7.5000   37.5000   -7.5000 8562.6465   28.1513
    0.0000   37.5000   -7.5000 9061.0625   28.1541
    7.5000   37.5000   -7.5000 8463.4648   28.1370
   -7.5000   45.0000   -7.5000 8127.4453   27.1372
    0.0000   45.0000   -7.5000 8630.7617   27.1407
    7.5000   45.0000   -7.5000 8035.4658   27.1327
   -7.5000  -45.0000    0.0000 5046.2993   33.3512
    0.0000  -45.0000    0.0000 5259.2954   33.3297
    7.5000  -45.0000    0.0000 5004.8438   33.3053
   -7.5000  -37.5000    0.0000 5659.5347   33.5895
    0.0000  -37.5000    0.0000 5918.2148   33.5740
    7.5000  -37.5000    0.0000 5610.2202   33.5564
   -7.5000  -30.0000    0.0000 6392.6196   33.0267
    0.0000  -30.0000    0.0000 6681.5923   32.9972
    7.5000  -30.0000    0.0000 6294.1206   32.9671
   -7.5000  -22.5000    0.0000 6940.0356   32.0036
    0.0000  -22.5000    0.0000 7240.5884   31.9729
    7.5000  -22.5000    0.0000 6799.8379   31.9375
   -7.5000  -15.0000    0.0000 7780.5811   31.2678
    0.0000  -15.0000    0.0000 8116.7407   31.2439
    7.5000  -15.0000    0.0000 7603.5122   31.2058
   -7.5000   -7.5000    0.0000 8636.0645   30.7861
    0.0000   -7.5000    0.0000 9018.4111   30.7793
    7.5000   -7.5000    0.0000 8431.4219   30.7502
   -7.5000    0.0000    0.0000 9601.4482   30.7076
    0.0000    0.0000    0.000010086.5732   30.7048
    7.5000    0.0000    0.0000 9299.0039   30.6858
   -7.5000    7.5000    0.0000 9712.6455   30.7496
    0.0000    7.5000    0.000010337.8828   30.7370
    7.5000    7.5000    0.0000 9380.8672   30.7191
   -7.5000   15.0000    0.0000 9405.8916   30.4149
    0.0000   15.0000    0.0000 9987.8369   30.3910
    7.5000   15.0000    0.0000 9251.9932   30.3666
   -7.5000   22.5000    0.0000 9005.5859   29.7088
    0.0000   22.5000    0.0000 9533.0156   29.6798
    7.5000   22.5000    0.0000 8985.1885   29.6481
   -7.5000   30.0000    0.0000 9165.9287   29.6460
    0.0000   30.0000    0.0000 9712.1133   29.6245
    7.5000   30.0000    0.0000 9098.3701   29.5894
   -7.5000   37.5000    0.0000 9005.4873   28.7258
    0.0000   37.5000    0.0000 9529.4268   28.7194
    7.5000   37.5000    0.0000 8826.2910   28.6920
   -7.5000   45.0000    0.0000 8658.6582   27.7183
    0.0000   45.0000    0.0000 9090.6172   27.7157
    7.5000   45.0000    0.0000 8363.8301   27.6985
   -7.5000  -45.0000    7.5000 4711.5474   33.2294
    0.0000  -45.0000    7.5000 4898.1660   33.2318
    7.5000  -45.0000    7.5000 4655.4517   33.2379
   -7.5000  -37.5000    7.5000 5331.5747   33.4992
    0.0000  -37.5000    7.5000 5554.7451   33.5135
    7.5000  -37.5000    7.5000 5237.9609   33.5176
   -7.5000  -30.0000    7.5000 6069.2666   32.9629
    0.0000  -30.0000    7.5000 6328.2925   32.9557
    7.5000  -30.0000    7.5000 5949.1367   32.9389
   -7.5000  -22.5000    7.5000 6619.1890   31.9453
    0.0000  -22.5000    7.5000 6921.9062   31.9240
    7.5000  -22.5000    7.5000 6485.2954   31.9029
   -7.5000  -15.0000    7.5000 7414.8262   31.2010
    0.0000  -15.0000    7.5000 7776.1484   31.1803
    7.5000  -15.0000    7.5000 7261.8267   31.1623
   -7.5000   -7.5000    7.5000 8152.1270   30.7051
    0.0000   -7.5000    7.5000 8577.3369   30.7072
    7.5000   -7.5000    7.5000 8008.2803   30.7055
   -7.5000    0.0000    7.5000 9020.0176   30.6278
    0.0000    0.0000    7.5000 9580.8145   30.6445
    7.5000    0.0000    7.5000 8780.9912   30.6530
   -7.5000    7.5000    7.5000 9276.7324   30.6868
    0.0000    7.5000    7.5000 9840.3145   30.6992
    7.5000    7.5000    7.5000 8838.0010   30.7000
   -7.5000   15.0000    7.5000 9191.1074   30.3671
    0.0000   15.0000    7.5000 9590.6279   30.3619
    7.5000   15.0000    7.5000 8745.0361   30.3496
   -7.5000   22.5000    7.5000 8981.7715   29.6614
    0.0000   22.5000    7.5000 9266.2705   29.6402
    7.5000   22.5000    7.5000 8542.8525   29.6208
   -7.5000   30.0000    7.5000 9178.7402   29.5844
    0.0000   30.0000    7.5000 9413.4219   29.5656
    7.5000   30.0000    7.5000 8663.6357   29.5489
   -7.5000   37.5000    7.5000 8941.8760   28.6504
    0.0000   37.5000    7.5000 9176.9893   28.6523
    7.5000   37.5000    7.5000 8394.6514   28.6505
   -7.5000   45.0000    7.5000 8472.4473   27.6462
    0.0000   45.0000    7.5000 8705.7500   27.6613
    7.5000   45.0000    7.5000 7934.0137   27.6689
   -7.5000  -45.0000   15.0000 4509.0190   34.3500
    0.0000  -45.0000   15.0000 4706.0386   34.3871
    7.5000  -45.0000   15.0000 4470.3438   34.4381
   -7.5000  -37.5000   15.0000 5096.2119   34.5568
    0.0000  -37.5000   15.0000 5358.5498   34.6084
    7.5000  -37.5000   15.0000 5048.8760   34.6569
   -7.5000  -30.0000   15.0000 5772.1079   33.9556
    0.0000  -30.0000   15.0000 6097.4858   33.9767
    7.5000  -30.0000   15.0000 5704.5518   34.0013
   -7.5000  -22.5000   15.0000 6274.5469   32.8895
    0.0000  -22.5000   15.0000 6632.5615   32.8878
    7.5000  -22.5000   15.0000 6184.2021   32.9063
   -7.5000  -15.0000   15.0000 7018.3223   32.1274
    0.0000  -15.0000   15.0000 7394.5859   32.1215
    7.5000  -15.0000   15.0000 6895.7661   32.1418
   -7.5000   -7.5000   15.0000 7750.8433   31.6066
    0.0000   -7.5000   15.0000 8136.2725   31.6280
    7.5000   -7.5000   15.0000 7617.2744   31.6666
   -7.5000    0.0000   15.0000 8624.2275   31.5134
    0.0000    0.0000   15.0000 9080.4512   31.5572
    7.5000    0.0000   15.0000 8391.9336   31.6051
   -7.5000    7.5000   15.0000 8793.4688   31.5594
    0.0000    7.5000   15.0000 9155.8916   31.6008
    7.5000    7.5000   15.0000 8420.2188   31.6394
   -7.5000   15.0000   15.0000 8715.1611   31.2243
    0.0000   15.0000   15.0000 8907.9658   31.2431
    7.5000   15.0000   15.0000 8286.5879   31.2677
   -7.5000   22.5000   15.0000 8649.4268   30.5120
    0.0000   22.5000   15.0000 8741.9961   30.5075
    7.5000   22.5000   15.0000 8142.2969   30.5228
   -7.5000   30.0000   15.0000 8841.2188   30.4496
    0.0000   30.0000   15.0000 8951.7676   30.4446
    7.5000   30.0000   15.0000 8275.4619   30.4633
   -7.5000   37.5000   15.0000 8527.7949   29.4894
    0.0000   37.5000   15.0000 8662.4551   29.5091
    7.5000   37.5000   15.0000 7983.9233   29.5447
   -7.5000   45.0000   15.0000 8024.8071   28.4455
    0.0000   45.0000   15.0000 8193.2256   28.4851
    7.5000   45.0000   15.0000 7520.8442   28.5284
   -7.5000  -45.0000   22.5000 4293.4370   35.6515
    0.0000  -45.0000   22.5000 4499.2505   35.6976
    7.5000  -45.0000   22.5000 4261.7017   35.7636
   -7.5000  -37.5000   22.5000 4823.5757   35.7580
    0.0000  -37.5000   22.5000 5090.8403   35.8152
    7.5000  -37.5000   22.5000 4800.8047   35.8893
   -7.5000  -30.0000   22.5000 5458.7046   35.0492
    0.0000  -30.0000   22.5000 5764.5381   35.0734
    7.5000  -30.0000   22.5000 5413.5239   35.1268
   -7.5000  -22.5000   22.5000 5936.0532   33.9215
    0.0000  -22.5000   22.5000 6258.6074   33.9254
    7.5000  -22.5000   22.5000 5873.8643   33.9663
   -7.5000  -15.0000   22.5000 6645.8970   33.1567
    0.0000  -15.0000   22.5000 6986.6821   33.1573
    7.5000  -15.0000   22.5000 6566.7520   33.1912
   -7.5000   -7.5000   22.5000 7372.1216   32.6297
    0.0000   -7.5000   22.5000 7746.0518   32.6582
    7.5000   -7.5000   22.5000 7277.4502   32.7066
   -7.5000    0.0000   22.5000 8163.1855   32.5201
    0.0000    0.0000   22.5000 8622.3896   32.5697
    7.5000    0.0000   22.5000 8038.4990   32.6297
   -7.5000    7.5000   22.5000 8182.5913   32.5294
    0.0000    7.5000   22.5000 8552.4961   32.5739
    7.5000    7.5000   22.5000 8007.5742   32.6336
   -7.5000   15.0000   22.5000 8008.0508   32.1517
    0.0000   15.0000   22.5000 8290.9893   32.1732
    7.5000   15.0000   22.5000 7811.8213   32.2237
   -7.5000   22.5000   22.5000 7892.5137   31.4481
    0.0000   22.5000   22.5000 8168.2280   31.4484
    7.5000   22.5000   22.5000 7661.1689   31.4834
   -7.5000   30.0000   22.5000 8048.7529   31.4216
    0.0000   30.0000   22.5000 8339.7656   31.4228
    7.5000   30.0000   22.5000 7777.4609   31.4542
   -7.5000   37.5000   22.5000 7810.6426   30.4695
    0.0000   37.5000   22.5000 8088.4233   30.4957
    7.5000   37.5000   22.5000 7518.3462   30.5405
   -7.5000   45.0000   22.5000 7412.4600   29.3945
    0.0000   45.0000   22.5000 7698.1089   29.4394
    7.5000   45.0000   22.5000 7133.7983   29.4936
   -7.5000  -45.0000   30.0000 4222.3457   37.6620
    0.0000  -45.0000   30.0000 4419.2456   37.6746
    7.5000  -45.0000   30.0000 4170.9780   37.6944
   -7.5000  -37.5000   30.0000 4741.9668   37.7530
    0.0000  -37.5000   30.0000 4993.8008   37.7715
    7.5000  -37.5000   30.0000 4695.9688   37.8100
   -7.5000  -30.0000   30.0000 5355.8647   36.9276
    0.0000  -30.0000   30.0000 5638.3311   36.9184
    7.5000  -30.0000   30.0000 5285.1006   36.9447
   -7.5000  -22.5000   30.0000 5814.1821   35.6769
    0.0000  -22.5000   30.0000 6117.1768   35.6607
    7.5000  -22.5000   30.0000 5744.1333   35.6747
   -7.5000  -15.0000   30.0000 6523.4414   34.8341
    0.0000  -15.0000   30.0000 6847.1963   34.8210
    7.5000  -15.0000   30.0000 6442.5435   34.8223
   -7.5000   -7.5000   30.0000 7223.8066   34.2621
    0.0000   -7.5000   30.0000 7588.1704   34.2735
    7.5000   -7.5000   30.0000 7169.3813   34.2827
   -7.5000    0.0000   30.0000 7940.0381   34.1495
    0.0000    0.0000   30.0000 8347.3232   34.1730
    7.5000    0.0000   30.0000 7897.1538   34.1940
   -7.5000    7.5000   30.0000 7891.5044   34.1656
    0.0000    7.5000   30.0000 8204.3838   34.1778
    7.5000    7.5000   30.0000 7825.9683   34.2072
   -7.5000   15.0000   30.0000 7722.3657   33.7677
    0.0000   15.0000   30.0000 8018.4448   33.7613
    7.5000   15.0000   30.0000 7644.1025   33.7884
   -7.5000   22.5000   30.0000 7603.1489   33.0206
    0.0000   22.5000   30.0000 7900.8696   33.0035
    7.5000   22.5000   30.0000 7489.8638   33.0151
   -7.5000   30.0000   30.0000 7728.1753   32.9862
    0.0000   30.0000   30.0000 8029.2402   32.9751
    7.5000   30.0000   30.0000 7591.8960   32.9766
   -7.5000   37.5000   30.0000 7509.3911   31.9894
    0.0000   37.5000   30.0000 7789.2080   31.9997
    7.5000   37.5000   30.0000 7350.1338   32.0079
   -7.5000   45.0000   30.0000 7162.9780   30.8673
    0.0000   45.0000   30.0000 7432.3574   30.8886
    7.5000   45.0000   30.0000 6982.1729   30.9076
   -7.5000  -45.0000   37.5000 3963.1382   39.2264
    0.0000  -45.0000   37.5000 4143.3892   39.2089
    7.5000  -45.0000   37.5000 3900.1208   39.1880
   -7.5000  -37.5000   37.5000 4451.0088   39.2815
    0.0000  -37.5000   37.5000 4687.4971   39.2760
    7.5000  -37.5000   37.5000 4393.6372   39.2777
   -7.5000  -30.0000   37.5000 5028.8511   38.4079
    0.0000  -30.0000   37.5000 5295.6353   38.3857
    7.5000  -30.0000   37.5000 4964.0928   38.3790
   -7.5000  -22.5000   37.5000 5450.0796   37.0700
    0.0000  -22.5000   37.5000 5741.8867   37.0478
    7.5000  -22.5000   37.5000 5406.4751   37.0302
   -7.5000  -15.0000   37.5000 6110.7769   36.1456
    0.0000  -15.0000   37.5000 6416.3892   36.1264
    7.5000  -15.0000   37.5000 6070.4980   36.0949
   -7.5000   -7.5000   37.5000 6750.4629   35.5245
    0.0000   -7.5000   37.5000 7106.0771   35.5236
    7.5000   -7.5000   37.5000 6743.8071   35.4959
   -7.5000    0.0000   37.5000 7391.6504   35.3974
    0.0000    0.0000   37.5000 7779.6567   35.4019
    7.5000    0.0000   37.5000 7399.5293   35.3878
   -7.5000    7.5000   37.5000 7349.1118   35.4109
    0.0000    7.5000   37.5000 7668.3525   35.4050
    7.5000    7.5000   37.5000 7330.5278   35.4030
   -7.5000   15.0000   37.5000 7210.2451   35.0002
    0.0000   15.0000   37.5000 7524.6274   34.9833
    7.5000   15.0000   37.5000 7180.9033   34.9811
   -7.5000   22.5000   37.5000 7082.4897   34.2364
    0.0000   22.5000   37.5000 7389.3481   34.2147
    7.5000   22.5000   37.5000 7023.9307   34.1991
   -7.5000   30.0000   37.5000 7172.2769   34.1968
    0.0000   30.0000   37.5000 7462.4409   34.1802
    7.5000   30.0000   37.5000 7095.6226   34.1515
   -7.5000   37.5000   37.5000 6971.2974   33.1630
    0.0000   37.5000   37.5000 7247.2002   33.1619
    7.5000   37.5000   37.5000 6873.0254   33.1358
   -7.5000   45.0000   37.5000 6658.6587   31.9914
    0.0000   45.0000   37.5000 6947.8286   31.9955
    7.5000   45.0000   37.5000 6549.7246   31.9827
   -7.5000  -45.0000   45.0000 3677.4099   40.6155
    0.0000  -45.0000   45.0000 3868.1260   40.6217
    7.5000  -45.0000   45.0000 3647.7109   40.6061
   -7.5000  -37.5000   45.0000 4131.2344   40.6734
    0.0000  -37.5000   45.0000 4367.8662   40.6959
    7.5000  -37.5000   45.0000 4112.9463   40.6904
   -7.5000  -30.0000   45.0000 4673.3398   39.7500
    0.0000  -30.0000   45.0000 4938.2129   39.7524
    7.5000  -30.0000   45.0000 4660.5254   39.7283
   -7.5000  -22.5000   45.0000 5083.2334   38.4026
    0.0000  -22.5000   45.0000 5368.1143   38.3944
    7.5000  -22.5000   45.0000 5083.2402   38.3625
   -7.5000  -15.0000   45.0000 5686.3730   37.3905
    0.0000  -15.0000   45.0000 6005.3677   37.3819
    7.5000  -15.0000   45.0000 5696.6807   37.3438
   -7.5000   -7.5000   45.0000 6280.3672   36.6972
    0.0000   -7.5000   45.0000 6648.1177   36.7104
    7.5000   -7.5000   45.0000 6323.9346   36.6834
   -7.5000    0.0000   45.0000 6857.4443   36.5406
    0.0000    0.0000   45.0000 7257.2397   36.5653
    7.5000    0.0000   45.0000 6908.2690   36.5527
   -7.5000    7.5000   45.0000 6834.6216   36.5616
    0.0000    7.5000   45.0000 7172.4062   36.5802
    7.5000    7.5000   45.0000 6850.0146   36.5700
   -7.5000   15.0000   45.0000 6718.0649   36.1612
    0.0000   15.0000   45.0000 7044.5811   36.1654
    7.5000   15.0000   45.0000 6720.5293   36.1475
   -7.5000   22.5000   45.0000 6576.0234   35.3885
    0.0000   22.5000   45.0000 6892.6333   35.3791
    7.5000   22.5000   45.0000 6568.2500   35.3508
   -7.5000   30.0000   45.0000 6632.9014   35.3375
    0.0000   30.0000   45.0000 6940.1533   35.3306
    7.5000   30.0000   45.0000 6611.5625   35.2957
   -7.5000   37.5000   45.0000 6430.9141   34.2426
    0.0000   37.5000   45.0000 6740.7017   34.2548
    7.5000   37.5000   45.0000 6402.3198   34.2292
   -7.5000   45.0000   45.0000 6135.8877   33.0038
    0.0000   45.0000   45.0000 6451.8501   33.0261
    7.5000   45.0000   45.0000 6095.9038   33.0147

---------------------------------------------------------------------
imgreg_4dfp /opt/freesurfer/average/711-2C_as_mni_average_305 /opt/freesurfer/average/711-2B_as_mni_average_305_mask talsrcimg_g11 none talsrcimg_to_711-2C_as_mni_average_305_t4 4355
---------------------------------------------------------------------

freesurfer imgreg_4dfp.c
/opt/freesurfer/average/711-2C_as_mni_average_305.4dfp.img
       256       256       256         1
  1.000000  1.000000  1.000000
orientation T byte_order littleendian
Reading image: /opt/freesurfer/average/711-2C_as_mni_average_305.4dfp.img
dimensions:      256       256       256
mmppix:       1.0000   -1.0000   -1.0000
center:     128.0000 -129.0000 -129.0000
/opt/freesurfer/average/711-2B_as_mni_average_305_mask.4dfp.img
       256       256       256         1
  1.000000  1.000000  1.000000
orientation T byte_order littleendian
Reading mask: /opt/freesurfer/average/711-2B_as_mni_average_305_mask.4dfp.img (2306576 pixels)
talsrcimg_g11.4dfp.img
       320       320       320         1
  0.700000  0.700000  0.700000
orientation T byte_order littleendian
Reading image: talsrcimg_g11.4dfp.img
dimensions:      320       320       320
mmppix:       0.7000   -0.7000   -0.7000
center:     112.0000 -112.7000 -112.7000
rotation matrix determinant  1.000000
image alignment mode   4355 decimal     1103 hex
   -7.5000  -37.5000  -45.0000 1609.8820   38.5714
    0.0000  -37.5000  -45.0000 1607.0685   38.6077
    7.5000  -37.5000  -45.0000 1595.3666   38.9681
   -7.5000  -30.0000  -45.0000 1724.0796   33.9141
    0.0000  -30.0000  -45.0000 1717.3784   33.9046
    7.5000  -30.0000  -45.0000 1698.9817   34.0814
   -7.5000  -22.5000  -45.0000 1836.0667   30.2180
    0.0000  -22.5000  -45.0000 1827.9031   30.2392
    7.5000  -22.5000  -45.0000 1804.5223   30.3172
   -7.5000  -15.0000  -45.0000 1938.4412   27.4304
    0.0000  -15.0000  -45.0000 1930.4705   27.4110
    7.5000  -15.0000  -45.0000 1902.7559   27.5600
   -7.5000   -7.5000  -45.0000 2025.6460   25.3543
    0.0000   -7.5000  -45.0000 2019.7621   25.2894
    7.5000   -7.5000  -45.0000 1987.0939   25.4947
   -7.5000    0.0000  -45.0000 2089.8274   23.8485
    0.0000    0.0000  -45.0000 2084.8638   23.7918
    7.5000    0.0000  -45.0000 2047.5433   23.9788
   -7.5000    7.5000  -45.0000 2125.4722   22.7807
    0.0000    7.5000  -45.0000 2115.9800   22.7222
    7.5000    7.5000  -45.0000 2079.1616   22.9259
   -7.5000   15.0000  -45.0000 2144.8401   22.2385
    0.0000   15.0000  -45.0000 2133.5813   22.1615
    7.5000   15.0000  -45.0000 2095.2720   22.4533
   -7.5000   22.5000  -45.0000 2139.1516   22.1817
    0.0000   22.5000  -45.0000 2130.6763   22.1663
    7.5000   22.5000  -45.0000 2093.8110   22.4447
   -7.5000   30.0000  -45.0000 2125.4146   22.4705
    0.0000   30.0000  -45.0000 2119.8809   22.4249
    7.5000   30.0000  -45.0000 2087.4167   22.7386
   -7.5000   37.5000  -45.0000 2066.7104   23.0794
    0.0000   37.5000  -45.0000 2067.9263   23.0616
    7.5000   37.5000  -45.0000 2036.9150   23.3397
   -7.5000   45.0000  -45.0000 1967.3872   23.7739
    0.0000   45.0000  -45.0000 1967.1655   23.7220
    7.5000   45.0000  -45.0000 1938.9619   23.9631
   -7.5000   52.5000  -45.0000 1840.4957   24.4900
    0.0000   52.5000  -45.0000 1834.5270   24.4069
    7.5000   52.5000  -45.0000 1808.1674   24.6752
   -7.5000  -37.5000  -37.5000 1709.0559   38.8483
    0.0000  -37.5000  -37.5000 1702.2874   38.8394
    7.5000  -37.5000  -37.5000 1684.1863   38.9659
   -7.5000  -30.0000  -37.5000 1835.5657   34.2108
    0.0000  -30.0000  -37.5000 1826.9178   34.0231
    7.5000  -30.0000  -37.5000 1803.9633   34.1498
   -7.5000  -22.5000  -37.5000 1956.2096   30.5500
    0.0000  -22.5000  -37.5000 1948.1372   30.3922
    7.5000  -22.5000  -37.5000 1921.2710   30.4562
   -7.5000  -15.0000  -37.5000 2067.6167   27.5459
    0.0000  -15.0000  -37.5000 2059.8879   27.4670
    7.5000  -15.0000  -37.5000 2027.2166   27.5557
   -7.5000   -7.5000  -37.5000 2167.7478   25.2234
    0.0000   -7.5000  -37.5000 2159.0654   25.1578
    7.5000   -7.5000  -37.5000 2123.5388   25.3026
   -7.5000    0.0000  -37.5000 2243.6431   23.6190
    0.0000    0.0000  -37.5000 2229.0596   23.5710
    7.5000    0.0000  -37.5000 2189.4133   23.7380
   -7.5000    7.5000  -37.5000 2285.0134   22.5602
    0.0000    7.5000  -37.5000 2271.1021   22.5042
    7.5000    7.5000  -37.5000 2229.8489   22.7166
   -7.5000   15.0000  -37.5000 2303.8369   21.9593
    0.0000   15.0000  -37.5000 2292.1418   21.8827
    7.5000   15.0000  -37.5000 2254.4348   22.1834
   -7.5000   22.5000  -37.5000 2309.0696   21.8233
    0.0000   22.5000  -37.5000 2298.7900   21.7956
    7.5000   22.5000  -37.5000 2261.2444   22.0396
   -7.5000   30.0000  -37.5000 2289.5559   22.1111
    0.0000   30.0000  -37.5000 2285.0142   22.0786
    7.5000   30.0000  -37.5000 2243.8042   22.2926
   -7.5000   37.5000  -37.5000 2232.4998   22.6627
    0.0000   37.5000  -37.5000 2231.0388   22.6419
    7.5000   37.5000  -37.5000 2187.3689   22.8545
   -7.5000   45.0000  -37.5000 2126.8718   23.2987
    0.0000   45.0000  -37.5000 2128.5601   23.3251
    7.5000   45.0000  -37.5000 2086.3601   23.4459
   -7.5000   52.5000  -37.5000 1993.8077   24.0233
    0.0000   52.5000  -37.5000 1994.8820   24.0463
    7.5000   52.5000  -37.5000 1950.9589   24.2054
   -7.5000  -37.5000  -30.0000 1789.2173   39.3897
    0.0000  -37.5000  -30.0000 1786.2616   39.3966
    7.5000  -37.5000  -30.0000 1769.2606   39.7732
   -7.5000  -30.0000  -30.0000 1921.3418   34.5539
    0.0000  -30.0000  -30.0000 1921.3063   34.3742
    7.5000  -30.0000  -30.0000 1900.2667   34.7343
   -7.5000  -22.5000  -30.0000 2056.0286   30.7538
    0.0000  -22.5000  -30.0000 2056.2493   30.5171
    7.5000  -22.5000  -30.0000 2027.8534   30.7375
   -7.5000  -15.0000  -30.0000 2182.0471   27.6433
    0.0000  -15.0000  -30.0000 2179.1294   27.4809
    7.5000  -15.0000  -30.0000 2143.4026   27.6358
   -7.5000   -7.5000  -30.0000 2289.6460   25.2661
    0.0000   -7.5000  -30.0000 2284.3533   25.1180
    7.5000   -7.5000  -30.0000 2248.0376   25.2437
   -7.5000    0.0000  -30.0000 2368.2788   23.4109
    0.0000    0.0000  -30.0000 2359.1282   23.3614
    7.5000    0.0000  -30.0000 2322.9207   23.4813
   -7.5000    7.5000  -30.0000 2428.3296   22.2273
    0.0000    7.5000  -30.0000 2419.7810   22.2152
    7.5000    7.5000  -30.0000 2380.4722   22.3860
   -7.5000   15.0000  -30.0000 2461.0081   21.5735
    0.0000   15.0000  -30.0000 2451.6309   21.5357
    7.5000   15.0000  -30.0000 2417.9324   21.7422
   -7.5000   22.5000  -30.0000 2469.2134   21.4005
    0.0000   22.5000  -30.0000 2466.5596   21.3666
    7.5000   22.5000  -30.0000 2421.2913   21.5104
   -7.5000   30.0000  -30.0000 2443.8503   21.7107
    0.0000   30.0000  -30.0000 2441.6201   21.6836
    7.5000   30.0000  -30.0000 2397.9270   21.8018
   -7.5000   37.5000  -30.0000 2377.2563   22.2161
    0.0000   37.5000  -30.0000 2380.5369   22.2253
    7.5000   37.5000  -30.0000 2337.0110   22.4102
   -7.5000   45.0000  -30.0000 2270.2053   22.8034
    0.0000   45.0000  -30.0000 2272.3711   22.8178
    7.5000   45.0000  -30.0000 2230.4006   23.0282
   -7.5000   52.5000  -30.0000 2132.9944   23.5329
    0.0000   52.5000  -30.0000 2137.5852   23.5730
    7.5000   52.5000  -30.0000 2098.6638   23.7836
   -7.5000  -37.5000  -22.5000 1828.0293   39.1897
    0.0000  -37.5000  -22.5000 1831.0532   39.0536
    7.5000  -37.5000  -22.5000 1818.3148   39.3744
   -7.5000  -30.0000  -22.5000 1967.8112   34.1267
    0.0000  -30.0000  -22.5000 1971.9415   33.8547
    7.5000  -30.0000  -22.5000 1955.0359   34.1616
   -7.5000  -22.5000  -22.5000 2103.8645   30.2054
    0.0000  -22.5000  -22.5000 2109.2590   29.9536
    7.5000  -22.5000  -22.5000 2085.8127   30.1764
   -7.5000  -15.0000  -22.5000 2231.8115   26.9562
    0.0000  -15.0000  -22.5000 2238.7202   26.8138
    7.5000  -15.0000  -22.5000 2209.8560   27.0328
   -7.5000   -7.5000  -22.5000 2335.9197   24.4606
    0.0000   -7.5000  -22.5000 2337.4019   24.3239
    7.5000   -7.5000  -22.5000 2306.7964   24.5303
   -7.5000    0.0000  -22.5000 2422.7244   22.6046
    0.0000    0.0000  -22.5000 2422.3318   22.4756
    7.5000    0.0000  -22.5000 2387.9819   22.6770
   -7.5000    7.5000  -22.5000 2486.0391   21.2411
    0.0000    7.5000  -22.5000 2487.3301   21.1666
    7.5000    7.5000  -22.5000 2449.8704   21.3771
   -7.5000   15.0000  -22.5000 2528.4883   20.4300
    0.0000   15.0000  -22.5000 2524.3521   20.4241
    7.5000   15.0000  -22.5000 2488.8657   20.5650
   -7.5000   22.5000  -22.5000 2541.6401   20.1972
    0.0000   22.5000  -22.5000 2541.6980   20.1379
    7.5000   22.5000  -22.5000 2504.4595   20.2816
   -7.5000   30.0000  -22.5000 2525.7449   20.5593
    0.0000   30.0000  -22.5000 2524.4729   20.5064
    7.5000   30.0000  -22.5000 2488.0974   20.6916
   -7.5000   37.5000  -22.5000 2457.6873   21.0513
    0.0000   37.5000  -22.5000 2463.6965   21.0607
    7.5000   37.5000  -22.5000 2429.7559   21.2571
   -7.5000   45.0000  -22.5000 2346.3057   21.6221
    0.0000   45.0000  -22.5000 2357.8906   21.6503
    7.5000   45.0000  -22.5000 2326.7285   21.9045
   -7.5000   52.5000  -22.5000 2199.2329   22.3018
    0.0000   52.5000  -22.5000 2209.3953   22.3132
    7.5000   52.5000  -22.5000 2184.8086   22.6269
   -7.5000  -37.5000  -15.0000 1907.9606   40.2256
    0.0000  -37.5000  -15.0000 1902.3420   39.9647
    7.5000  -37.5000  -15.0000 1887.9515   40.4003
   -7.5000  -30.0000  -15.0000 2044.5076   34.7488
    0.0000  -30.0000  -15.0000 2045.4216   34.5110
    7.5000  -30.0000  -15.0000 2025.0865   34.8127
   -7.5000  -22.5000  -15.0000 2181.4480   30.5345
    0.0000  -22.5000  -15.0000 2185.9644   30.3819
    7.5000  -22.5000  -15.0000 2159.7358   30.5681
   -7.5000  -15.0000  -15.0000 2316.1343   27.2540
    0.0000  -15.0000  -15.0000 2320.8545   27.1497
    7.5000  -15.0000  -15.0000 2288.1987   27.3082
   -7.5000   -7.5000  -15.0000 2430.0840   24.6721
    0.0000   -7.5000  -15.0000 2432.6350   24.5597
    7.5000   -7.5000  -15.0000 2401.9604   24.7752
   -7.5000    0.0000  -15.0000 2514.2612   22.6285
    0.0000    0.0000  -15.0000 2517.0869   22.5108
    7.5000    0.0000  -15.0000 2485.0520   22.7685
   -7.5000    7.5000  -15.0000 2579.4590   21.1232
    0.0000    7.5000  -15.0000 2581.5891   20.9695
    7.5000    7.5000  -15.0000 2550.7700   21.3217
   -7.5000   15.0000  -15.0000 2625.5688   20.0500
    0.0000   15.0000  -15.0000 2622.8435   19.9992
    7.5000   15.0000  -15.0000 2591.9497   20.3397
   -7.5000   22.5000  -15.0000 2653.7891   19.7023
    0.0000   22.5000  -15.0000 2646.8755   19.6704
    7.5000   22.5000  -15.0000 2616.6658   19.9662
   -7.5000   30.0000  -15.0000 2646.1892   20.0336
    0.0000   30.0000  -15.0000 2645.4663   20.0316
    7.5000   30.0000  -15.0000 2620.6941   20.3144
   -7.5000   37.5000  -15.0000 2576.2087   20.5633
    0.0000   37.5000  -15.0000 2587.0891   20.5753
    7.5000   37.5000  -15.0000 2571.2202   20.9683
   -7.5000   45.0000  -15.0000 2456.4224   21.2954
    0.0000   45.0000  -15.0000 2470.3220   21.2959
    7.5000   45.0000  -15.0000 2464.5176   21.7706
   -7.5000   52.5000  -15.0000 2310.9424   22.1240
    0.0000   52.5000  -15.0000 2328.6816   22.1209
    7.5000   52.5000  -15.0000 2318.5029   22.6269
   -7.5000  -37.5000   -7.5000 1926.1165   40.7192
    0.0000  -37.5000   -7.5000 1926.4561   40.4620
    7.5000  -37.5000   -7.5000 1910.0129   40.8402
   -7.5000  -30.0000   -7.5000 2075.7881   35.0568
    0.0000  -30.0000   -7.5000 2068.1880   34.7955
    7.5000  -30.0000   -7.5000 2052.8716   35.1791
   -7.5000  -22.5000   -7.5000 2224.1912   30.6337
    0.0000  -22.5000   -7.5000 2211.5293   30.4988
    7.5000  -22.5000   -7.5000 2194.1338   30.8458
   -7.5000  -15.0000   -7.5000 2364.3042   27.2526
    0.0000  -15.0000   -7.5000 2349.1707   27.1234
    7.5000  -15.0000   -7.5000 2321.6006   27.3937
   -7.5000   -7.5000   -7.5000 2482.8616   24.6231
    0.0000   -7.5000   -7.5000 2474.5093   24.5010
    7.5000   -7.5000   -7.5000 2433.8364   24.6939
   -7.5000    0.0000   -7.5000 2563.5278   22.5234
    0.0000    0.0000   -7.5000 2564.8752   22.4579
    7.5000    0.0000   -7.5000 2529.4133   22.6830
   -7.5000    7.5000   -7.5000 2624.3770   20.9099
    0.0000    7.5000   -7.5000 2636.3325   20.8716
    7.5000    7.5000   -7.5000 2606.7288   21.1699
   -7.5000   15.0000   -7.5000 2674.4194   19.5245
    0.0000   15.0000   -7.5000 2675.5078   19.5635
    7.5000   15.0000   -7.5000 2651.8420   20.1146
   -7.5000   22.5000   -7.5000 2705.4817   19.0256
    0.0000   22.5000   -7.5000 2704.0254   19.0533
    7.5000   22.5000   -7.5000 2688.4707   19.6992
   -7.5000   30.0000   -7.5000 2700.2085   19.3162
    0.0000   30.0000   -7.5000 2707.5940   19.3798
    7.5000   30.0000   -7.5000 2695.8484   19.9781
   -7.5000   37.5000   -7.5000 2640.5979   20.0073
    0.0000   37.5000   -7.5000 2661.4016   20.0900
    7.5000   37.5000   -7.5000 2651.9053   20.6786
   -7.5000   45.0000   -7.5000 2533.4695   20.8922
    0.0000   45.0000   -7.5000 2557.5149   21.0205
    7.5000   45.0000   -7.5000 2547.8638   21.5664
   -7.5000   52.5000   -7.5000 2382.7134   21.8609
    0.0000   52.5000   -7.5000 2404.6472   21.9785
    7.5000   52.5000   -7.5000 2385.9084   22.4451
   -7.5000  -37.5000    0.0000 1939.2717   41.7678
    0.0000  -37.5000    0.0000 1942.8535   41.5568
    7.5000  -37.5000    0.0000 1936.4932   42.0711
   -7.5000  -30.0000    0.0000 2083.4841   35.6555
    0.0000  -30.0000    0.0000 2089.5540   35.4736
    7.5000  -30.0000    0.0000 2070.6687   35.8512
   -7.5000  -22.5000    0.0000 2227.0117   30.9470
    0.0000  -22.5000    0.0000 2222.4568   30.7033
    7.5000  -22.5000    0.0000 2200.0134   31.0829
   -7.5000  -15.0000    0.0000 2358.2803   27.3115
    0.0000  -15.0000    0.0000 2348.3528   27.0947
    7.5000  -15.0000    0.0000 2320.3757   27.4483
   -7.5000   -7.5000    0.0000 2473.1477   24.4871
    0.0000   -7.5000    0.0000 2464.0273   24.3115
    7.5000   -7.5000    0.0000 2432.5720   24.7303
   -7.5000    0.0000    0.0000 2570.5706   22.4310
    0.0000    0.0000    0.0000 2565.2107   22.2817
    7.5000    0.0000    0.0000 2541.4895   22.6748
   -7.5000    7.5000    0.0000 2650.7317   20.9540
    0.0000    7.5000    0.0000 2660.2061   20.9032
    7.5000    7.5000    0.0000 2635.8694   21.1521
   -7.5000   15.0000    0.0000 2694.2585   19.4990
    0.0000   15.0000    0.0000 2724.8474   19.6714
    7.5000   15.0000    0.0000 2701.4568   20.1433
   -7.5000   22.5000    0.0000 2715.5715   18.6298
    0.0000   22.5000    0.0000 2749.9036   18.7933
    7.5000   22.5000    0.0000 2743.0513   19.6347
   -7.5000   30.0000    0.0000 2724.9417   19.0108
    0.0000   30.0000    0.0000 2764.8967   19.0813
    7.5000   30.0000    0.0000 2742.8508   19.8505
   -7.5000   37.5000    0.0000 2697.7495   19.9969
    0.0000   37.5000    0.0000 2728.4138   19.9516
    7.5000   37.5000    0.0000 2701.4072   20.5532
   -7.5000   45.0000    0.0000 2597.7561   20.9914
    0.0000   45.0000    0.0000 2603.1128   20.9550
    7.5000   45.0000    0.0000 2585.0740   21.4102
   -7.5000   52.5000    0.0000 2447.0706   21.9227
    0.0000   52.5000    0.0000 2441.6604   21.7888
    7.5000   52.5000    0.0000 2424.6824   22.2198
   -7.5000  -37.5000    7.5000 1935.1798   42.8045
    0.0000  -37.5000    7.5000 1925.4178   42.5170
    7.5000  -37.5000    7.5000 1912.2318   42.8869
   -7.5000  -30.0000    7.5000 2090.1912   36.5851
    0.0000  -30.0000    7.5000 2082.5156   36.3146
    7.5000  -30.0000    7.5000 2065.2083   36.6403
   -7.5000  -22.5000    7.5000 2232.1946   31.6290
    0.0000  -22.5000    7.5000 2231.2610   31.4688
    7.5000  -22.5000    7.5000 2205.5120   31.8943
   -7.5000  -15.0000    7.5000 2346.4507   27.7300
    0.0000  -15.0000    7.5000 2355.2625   27.6383
    7.5000  -15.0000    7.5000 2329.0610   28.1134
   -7.5000   -7.5000    7.5000 2438.7996   24.7435
    0.0000   -7.5000    7.5000 2459.8579   24.6560
    7.5000   -7.5000    7.5000 2433.1985   25.1437
   -7.5000    0.0000    7.5000 2534.3247   22.5289
    0.0000    0.0000    7.5000 2556.6011   22.4772
    7.5000    0.0000    7.5000 2539.0396   22.8944
   -7.5000    7.5000    7.5000 2635.3110   21.1391
    0.0000    7.5000    7.5000 2659.8523   21.0533
    7.5000    7.5000    7.5000 2639.8118   21.3638
   -7.5000   15.0000    7.5000 2734.9065   20.2256
    0.0000   15.0000    7.5000 2762.1482   20.0790
    7.5000   15.0000    7.5000 2717.4851   20.4019
   -7.5000   22.5000    7.5000 2806.0046   19.6758
    0.0000   22.5000    7.5000 2802.0554   19.2558
    7.5000   22.5000    7.5000 2761.8875   19.9383
   -7.5000   30.0000    7.5000 2819.8828   19.7681
    0.0000   30.0000    7.5000 2805.9084   19.3657
    7.5000   30.0000    7.5000 2773.7759   20.0394
   -7.5000   37.5000    7.5000 2754.7031   20.3508
    0.0000   37.5000    7.5000 2756.2200   20.0294
    7.5000   37.5000    7.5000 2728.9087   20.5224
   -7.5000   45.0000    7.5000 2626.6172   21.2281
    0.0000   45.0000    7.5000 2626.9507   20.9786
    7.5000   45.0000    7.5000 2607.9309   21.3904
   -7.5000   52.5000    7.5000 2463.3066   22.1564
    0.0000   52.5000    7.5000 2467.7781   21.9280
    7.5000   52.5000    7.5000 2446.4690   22.3219
   -7.5000  -37.5000   15.0000 1914.7804   44.4006
    0.0000  -37.5000   15.0000 1908.8978   44.2730
    7.5000  -37.5000   15.0000 1890.9883   44.6076
   -7.5000  -30.0000   15.0000 2066.6636   37.4325
    0.0000  -30.0000   15.0000 2071.6428   37.3418
    7.5000  -30.0000   15.0000 2042.1368   37.7159
   -7.5000  -22.5000   15.0000 2198.4390   32.2245
    0.0000  -22.5000   15.0000 2211.0137   32.1663
    7.5000  -22.5000   15.0000 2183.4304   32.6660
   -7.5000  -15.0000   15.0000 2320.0562   28.4129
    0.0000  -15.0000   15.0000 2329.4692   28.2812
    7.5000  -15.0000   15.0000 2308.7017   28.8508
   -7.5000   -7.5000   15.0000 2429.1614   25.6605
    0.0000   -7.5000   15.0000 2438.5540   25.4892
    7.5000   -7.5000   15.0000 2423.9053   25.9508
   -7.5000    0.0000   15.0000 2555.7542   23.6662
    0.0000    0.0000   15.0000 2556.2898   23.4638
    7.5000    0.0000   15.0000 2545.0671   23.8683
   -7.5000    7.5000   15.0000 2680.6216   22.4511
    0.0000    7.5000   15.0000 2673.7820   22.1523
    7.5000    7.5000   15.0000 2656.1182   22.4561
   -7.5000   15.0000   15.0000 2780.0579   21.4258
    0.0000   15.0000   15.0000 2759.1028   20.8766
    7.5000   15.0000   15.0000 2733.8865   21.4137
   -7.5000   22.5000   15.0000 2849.2478   20.9605
    0.0000   22.5000   15.0000 2807.3152   20.2523
    7.5000   22.5000   15.0000 2787.3958   20.8471
   -7.5000   30.0000   15.0000 2855.3298   21.1361
    0.0000   30.0000   15.0000 2830.2954   20.5505
    7.5000   30.0000   15.0000 2795.3027   20.9133
   -7.5000   37.5000   15.0000 2780.2378   21.5535
    0.0000   37.5000   15.0000 2775.0598   21.1405
    7.5000   37.5000   15.0000 2735.2234   21.3660
   -7.5000   45.0000   15.0000 2641.2085   22.1197
    0.0000   45.0000   15.0000 2639.6125   21.8364
    7.5000   45.0000   15.0000 2610.8171   22.0419
   -7.5000   52.5000   15.0000 2471.1055   22.8483
    0.0000   52.5000   15.0000 2466.6021   22.6180
    7.5000   52.5000   15.0000 2442.3892   22.8428
   -7.5000  -37.5000   22.5000 1877.6260   46.2244
    0.0000  -37.5000   22.5000 1876.9475   46.1609
    7.5000  -37.5000   22.5000 1856.9061   46.4834
   -7.5000  -30.0000   22.5000 2026.7537   38.8771
    0.0000  -30.0000   22.5000 2035.6658   38.7778
    7.5000  -30.0000   22.5000 2013.5107   39.3085
   -7.5000  -22.5000   22.5000 2174.6509   33.6711
    0.0000  -22.5000   22.5000 2183.7883   33.5358
    7.5000  -22.5000   22.5000 2163.1899   34.1246
   -7.5000  -15.0000   22.5000 2306.0002   29.9347
    0.0000  -15.0000   22.5000 2310.5454   29.7356
    7.5000  -15.0000   22.5000 2291.1128   30.2822
   -7.5000   -7.5000   22.5000 2434.4033   27.2059
    0.0000   -7.5000   22.5000 2429.1421   26.9115
    7.5000   -7.5000   22.5000 2413.1355   27.4360
   -7.5000    0.0000   22.5000 2549.8711   25.1331
    0.0000    0.0000   22.5000 2547.5430   24.8163
    7.5000    0.0000   22.5000 2540.3684   25.2844
   -7.5000    7.5000   22.5000 2650.5447   23.5436
    0.0000    7.5000   22.5000 2651.5190   23.1717
    7.5000    7.5000   22.5000 2638.5903   23.6011
   -7.5000   15.0000   22.5000 2729.4036   22.2785
    0.0000   15.0000   22.5000 2709.8101   21.7075
    7.5000   15.0000   22.5000 2699.3672   22.3599
   -7.5000   22.5000   22.5000 2788.6946   21.8581
    0.0000   22.5000   22.5000 2772.8530   21.4033
    7.5000   22.5000   22.5000 2752.0256   21.8002
   -7.5000   30.0000   22.5000 2805.7534   22.0886
    0.0000   30.0000   22.5000 2792.8206   21.6475
    7.5000   30.0000   22.5000 2762.4058   21.8677
   -7.5000   37.5000   22.5000 2742.4680   22.5920
    0.0000   37.5000   22.5000 2734.6270   22.2142
    7.5000   37.5000   22.5000 2699.3779   22.3374
   -7.5000   45.0000   22.5000 2616.9556   23.2629
    0.0000   45.0000   22.5000 2623.7659   23.0290
    7.5000   45.0000   22.5000 2582.5693   23.0794
   -7.5000   52.5000   22.5000 2447.8318   23.9703
    0.0000   52.5000   22.5000 2449.2756   23.7517
    7.5000   52.5000   22.5000 2414.5955   23.8058
   -7.5000  -37.5000   30.0000 1819.9725   48.9948
    0.0000  -37.5000   30.0000 1827.9897   48.8176
    7.5000  -37.5000   30.0000 1814.7627   49.1000
   -7.5000  -30.0000   30.0000 1980.4208   41.2531
    0.0000  -30.0000   30.0000 1989.9437   41.0415
    7.5000  -30.0000   30.0000 1978.8389   41.6039
   -7.5000  -22.5000   30.0000 2137.7363   35.8532
    0.0000  -22.5000   30.0000 2139.8879   35.4884
    7.5000  -22.5000   30.0000 2131.5454   36.1675
   -7.5000  -15.0000   30.0000 2272.8770   31.9097
    0.0000  -15.0000   30.0000 2272.0750   31.5141
    7.5000  -15.0000   30.0000 2261.8054   32.1391
   -7.5000   -7.5000   30.0000 2392.1045   28.8451
    0.0000   -7.5000   30.0000 2391.9216   28.4485
    7.5000   -7.5000   30.0000 2390.1565   29.0845
   -7.5000    0.0000   30.0000 2498.1653   26.4575
    0.0000    0.0000   30.0000 2504.6016   26.1465
    7.5000    0.0000   30.0000 2503.0552   26.6764
   -7.5000    7.5000   30.0000 2588.7651   24.6619
    0.0000    7.5000   30.0000 2582.3801   24.0966
    7.5000    7.5000   30.0000 2589.4766   24.8863
   -7.5000   15.0000   30.0000 2660.4226   23.4165
    0.0000   15.0000   30.0000 2649.5986   22.9996
    7.5000   15.0000   30.0000 2649.6863   23.6471
   -7.5000   22.5000   30.0000 2716.1135   23.1087
    0.0000   22.5000   30.0000 2703.1006   22.6966
    7.5000   22.5000   30.0000 2696.8406   23.1896
   -7.5000   30.0000   30.0000 2732.9312   23.2635
    0.0000   30.0000   30.0000 2718.3237   22.8543
    7.5000   30.0000   30.0000 2707.6165   23.1840
   -7.5000   37.5000   30.0000 2670.1453   23.7808
    0.0000   37.5000   30.0000 2661.1860   23.3970
    7.5000   37.5000   30.0000 2640.6213   23.6569
   -7.5000   45.0000   30.0000 2554.5081   24.4068
    0.0000   45.0000   30.0000 2552.2031   24.0673
    7.5000   45.0000   30.0000 2521.2598   24.2475
   -7.5000   52.5000   30.0000 2392.8489   25.1416
    0.0000   52.5000   30.0000 2394.4453   24.8813
    7.5000   52.5000   30.0000 2364.8125   24.9745
   -7.5000  -37.5000   37.5000 1756.3300   52.7561
    0.0000  -37.5000   37.5000 1768.5665   52.3529
    7.5000  -37.5000   37.5000 1761.6013   52.4033
   -7.5000  -30.0000   37.5000 1923.3175   44.2891
    0.0000  -30.0000   37.5000 1936.9911   43.8767
    7.5000  -30.0000   37.5000 1928.0106   44.2682
   -7.5000  -22.5000   37.5000 2074.9028   38.1110
    0.0000  -22.5000   37.5000 2090.4512   37.7556
    7.5000  -22.5000   37.5000 2084.8105   38.3619
   -7.5000  -15.0000   37.5000 2207.7312   33.6756
    0.0000  -15.0000   37.5000 2221.1453   33.3463
    7.5000  -15.0000   37.5000 2217.4236   34.0347
   -7.5000   -7.5000   37.5000 2326.0386   30.3844
    0.0000   -7.5000   37.5000 2339.9905   30.0744
    7.5000   -7.5000   37.5000 2339.3025   30.7373
   -7.5000    0.0000   37.5000 2424.2153   27.9165
    0.0000    0.0000   37.5000 2440.9226   27.5482
    7.5000    0.0000   37.5000 2442.2844   28.2003
   -7.5000    7.5000   37.5000 2509.0354   26.1059
    0.0000    7.5000   37.5000 2517.9023   25.5704
    7.5000    7.5000   37.5000 2522.3179   26.3608
   -7.5000   15.0000   37.5000 2583.8684   24.9693
    0.0000   15.0000   37.5000 2583.2031   24.6049
    7.5000   15.0000   37.5000 2587.0999   25.2154
   -7.5000   22.5000   37.5000 2630.1367   24.6470
    0.0000   22.5000   37.5000 2630.6008   24.2339
    7.5000   22.5000   37.5000 2626.0603   24.7432
   -7.5000   30.0000   37.5000 2634.3936   24.7363
    0.0000   30.0000   37.5000 2627.7771   24.3294
    7.5000   30.0000   37.5000 2626.9451   24.6906
   -7.5000   37.5000   37.5000 2579.1567   25.1893
    0.0000   37.5000   37.5000 2573.6753   24.8230
    7.5000   37.5000   37.5000 2560.0320   25.1299
   -7.5000   45.0000   37.5000 2470.6770   25.7230
    0.0000   45.0000   37.5000 2480.6089   25.3751
    7.5000   45.0000   37.5000 2453.2476   25.6358
   -7.5000   52.5000   37.5000 2324.4592   26.3710
    0.0000   52.5000   37.5000 2330.2749   26.0859
    7.5000   52.5000   37.5000 2303.3970   26.2431
   -7.5000  -37.5000   45.0000 1667.8287   55.9188
    0.0000  -37.5000   45.0000 1682.5742   55.5021
    7.5000  -37.5000   45.0000 1678.3239   55.5623
   -7.5000  -30.0000   45.0000 1832.3447   46.7911
    0.0000  -30.0000   45.0000 1851.5156   46.3779
    7.5000  -30.0000   45.0000 1849.9148   46.9127
   -7.5000  -22.5000   45.0000 1986.5690   40.2721
    0.0000  -22.5000   45.0000 2007.1566   39.8570
    7.5000  -22.5000   45.0000 2007.2112   40.6518
   -7.5000  -15.0000   45.0000 2118.8406   35.5820
    0.0000  -15.0000   45.0000 2143.1699   35.2176
    7.5000  -15.0000   45.0000 2135.9004   35.9437
   -7.5000   -7.5000   45.0000 2232.7034   32.1299
    0.0000   -7.5000   45.0000 2261.6509   31.8458
    7.5000   -7.5000   45.0000 2253.8000   32.4893
   -7.5000    0.0000   45.0000 2323.7134   29.5499
    0.0000    0.0000   45.0000 2354.5786   29.1401
    7.5000    0.0000   45.0000 2348.8589   29.8530
   -7.5000    7.5000   45.0000 2406.2903   27.7773
    0.0000    7.5000   45.0000 2428.2673   27.3524
    7.5000    7.5000   45.0000 2421.0725   27.9927
   -7.5000   15.0000   45.0000 2477.9128   26.7110
    0.0000   15.0000   45.0000 2486.4661   26.3164
    7.5000   15.0000   45.0000 2480.5735   26.8243
   -7.5000   22.5000   45.0000 2514.9392   26.3731
    0.0000   22.5000   45.0000 2523.6943   25.9098
    7.5000   22.5000   45.0000 2513.0671   26.2958
   -7.5000   30.0000   45.0000 2513.8003   26.3925
    0.0000   30.0000   45.0000 2515.2708   25.9772
    7.5000   30.0000   45.0000 2506.0654   26.2705
   -7.5000   37.5000   45.0000 2453.4978   26.7521
    0.0000   37.5000   45.0000 2460.4893   26.3977
    7.5000   37.5000   45.0000 2442.4331   26.6871
   -7.5000   45.0000   45.0000 2348.7751   27.1890
    0.0000   45.0000   45.0000 2366.2981   26.8878
    7.5000   45.0000   45.0000 2340.3325   27.1319
   -7.5000   52.5000   45.0000 2219.7698   27.7361
    0.0000   52.5000   45.0000 2234.7146   27.4159
    7.5000   52.5000   45.0000 2207.1140   27.5830

---------------------------------------------------------------------
imgreg_4dfp /opt/freesurfer/average/711-2C_as_mni_average_305 /opt/freesurfer/average/711-2B_as_mni_average_305_mask talsrcimg_g11 none talsrcimg_to_711-2C_as_mni_average_305_t4 1283
---------------------------------------------------------------------

freesurfer imgreg_4dfp.c
/opt/freesurfer/average/711-2C_as_mni_average_305.4dfp.img
       256       256       256         1
  1.000000  1.000000  1.000000
orientation T byte_order littleendian
Reading image: /opt/freesurfer/average/711-2C_as_mni_average_305.4dfp.img
dimensions:      256       256       256
mmppix:       1.0000   -1.0000   -1.0000
center:     128.0000 -129.0000 -129.0000
/opt/freesurfer/average/711-2B_as_mni_average_305_mask.4dfp.img
       256       256       256         1
  1.000000  1.000000  1.000000
orientation T byte_order littleendian
Reading mask: /opt/freesurfer/average/711-2B_as_mni_average_305_mask.4dfp.img (2306576 pixels)
talsrcimg_g11.4dfp.img
       320       320       320         1
  0.700000  0.700000  0.700000
orientation T byte_order littleendian
Reading image: talsrcimg_g11.4dfp.img
dimensions:      320       320       320
mmppix:       0.7000   -0.7000   -0.7000
center:     112.0000 -112.7000 -112.7000
rotation matrix determinant  1.000000
fimgreg.f
image alignment mode   1283 decimal      503 hex
parameters
   -7.5000   30.0000   15.0000    0.0000    0.0000    0.0000
eta,q 0.89672 21.07768
niter,ni,del,rscale     5    3   12.0000    1.2000
parameter  4  0.622195 ->  0.500000 qaram    1.1500
parameters
   -5.5016   28.6466   12.8836   -3.4500   -0.2143   -0.4429
eta,q 0.90199 20.40636
  0.1245  0.1080  0.1048  0.0979  0.1027  0.1012
  0.1199  0.1031  0.0999  0.0972  0.1012  0.0993
  0.1100  0.1012  0.0991  0.0982  0.0993  0.0978
  0.1031  0.1017  0.1012  0.0991  0.0974  0.0976
  0.1017  0.1055  0.1052  0.1004  0.0974  0.0988
  0.1034  0.1106  0.1108  0.1032  0.1005  0.1004
  0.1103  0.1144  0.1170  0.1075  0.1052  0.1019
niter,ni,del,rscale     5    3   12.0000    1.2000
parameters
   -5.2823   30.0733   12.6414   -6.7472   -0.6596   -0.9433
eta,q 0.90509 20.43909
  0.1142  0.1100  0.1124  0.0969  0.1008  0.0973
  0.1070  0.1069  0.0992  0.0951  0.0988  0.0953
  0.1011  0.1022  0.0957  0.0950  0.0963  0.0947
  0.0980  0.0978  0.0974  0.0970  0.0949  0.0950
  0.0997  0.0972  0.1009  0.0981  0.0955  0.0956
  0.1064  0.0988  0.1050  0.1010  0.0991  0.0963
  0.1117  0.1041  0.1105  0.1045  0.1045  0.0977
niter,ni,del,rscale     4    3   12.0000    1.2000
parameters
   -5.1356   31.5945   12.0106   -8.5805   -1.2187   -1.0590
eta,q 0.90819 20.40826
  0.1140  0.1131  0.1088  0.0966  0.0980  0.0951
  0.1057  0.1083  0.0952  0.0929  0.0952  0.0933
  0.0986  0.1001  0.0928  0.0916  0.0926  0.0923
  0.0949  0.0948  0.0939  0.0933  0.0918  0.0918
  0.0978  0.0941  0.0986  0.0957  0.0931  0.0921
  0.1063  0.0972  0.1050  0.0982  0.0965  0.0936
  0.1113  0.1027  0.1106  0.1022  0.1015  0.0954
niter,ni,del,rscale     3    3   12.0000    1.2000
parameters
   -4.5639   32.4904   11.8562   -9.3026   -1.8002   -1.1848
eta,q 0.90931 20.41997
  0.1148  0.1114  0.1108  0.0979  0.0975  0.0954
  0.1055  0.1047  0.0949  0.0948  0.0941  0.0930
  0.0972  0.0965  0.0908  0.0909  0.0914  0.0914
  0.0918  0.0912  0.0914  0.0912  0.0907  0.0907
  0.0931  0.0932  0.0950  0.0939  0.0925  0.0914
  0.1018  0.0984  0.1017  0.0970  0.0959  0.0933
  0.1076  0.1030  0.1078  0.1004  0.1009  0.0958
niter,ni,del,rscale     2    3   12.0000    1.2000
parameters
   -4.0175   32.9374   11.8126   -9.6372   -2.3113   -1.3762
eta,q 0.90928 20.43355
  0.1134  0.1095  0.1107  0.0990  0.0978  0.0961
  0.1037  0.1026  0.0951  0.0961  0.0944  0.0934
  0.0954  0.0937  0.0903  0.0915  0.0916  0.0914
  0.0907  0.0904  0.0910  0.0909  0.0908  0.0907
  0.0931  0.0947  0.0946  0.0933  0.0927  0.0917
  0.1012  0.0997  0.1006  0.0969  0.0960  0.0939
  0.1057  0.1041  0.1064  0.1005  0.1007  0.0968
niter,ni,del,rscale     1    3   12.0000    1.2000
parameters
   -3.6365   33.1617   11.7882   -9.8218   -2.6851   -1.5506
eta,q 0.90890 20.43987
  0.1114  0.1087  0.1104  0.0997  0.0984  0.0966
  0.1019  0.1015  0.0952  0.0971  0.0950  0.0939
  0.0942  0.0926  0.0902  0.0923  0.0922  0.0917
  0.0907  0.0908  0.0912  0.0912  0.0911  0.0911
  0.0944  0.0955  0.0947  0.0932  0.0929  0.0920
  0.1015  0.1003  0.1003  0.0970  0.0961  0.0943
  0.1051  0.1050  0.1059  0.1009  0.1005  0.0974
registration optimization eta report
parameter search radius
    6.0000    6.0000    6.0000    6.9000    6.0000    6.0000
100000*second partial in parameter space
       46.       42.       48.       18.       22.       16.
  0.1114  0.1087  0.1104  0.0997  0.0984  0.0966
  0.1019  0.1015  0.0952  0.0971  0.0950  0.0939
  0.0942  0.0926  0.0902  0.0923  0.0922  0.0917
  0.0907  0.0908  0.0912  0.0912  0.0911  0.0911
  0.0944  0.0955  0.0947  0.0932  0.0929  0.0920
  0.1015  0.1003  0.1003  0.0970  0.0961  0.0943
  0.1051  0.1050  0.1059  0.1009  0.1005  0.0974
   -3.6365   33.1617   11.7882   -9.8218   -2.6851   -1.5506
eta,q 0.90890 20.43987

---------------------------------------------------------------------
imgreg_4dfp /opt/freesurfer/average/711-2C_as_mni_average_305 /opt/freesurfer/average/711-2B_as_mni_average_305_mask talsrcimg_g11 none talsrcimg_to_711-2C_as_mni_average_305_t4 3335
---------------------------------------------------------------------

freesurfer imgreg_4dfp.c
/opt/freesurfer/average/711-2C_as_mni_average_305.4dfp.img
       256       256       256         1
  1.000000  1.000000  1.000000
orientation T byte_order littleendian
Reading image: /opt/freesurfer/average/711-2C_as_mni_average_305.4dfp.img
dimensions:      256       256       256
mmppix:       1.0000   -1.0000   -1.0000
center:     128.0000 -129.0000 -129.0000
/opt/freesurfer/average/711-2B_as_mni_average_305_mask.4dfp.img
       256       256       256         1
  1.000000  1.000000  1.000000
orientation T byte_order littleendian
Reading mask: /opt/freesurfer/average/711-2B_as_mni_average_305_mask.4dfp.img (2306576 pixels)
talsrcimg_g11.4dfp.img
       320       320       320         1
  0.700000  0.700000  0.700000
orientation T byte_order littleendian
Reading image: talsrcimg_g11.4dfp.img
dimensions:      320       320       320
mmppix:       0.7000   -0.7000   -0.7000
center:     112.0000 -112.7000 -112.7000
fimgreg.f
image alignment mode   3335 decimal      D07 hex
parameters
   -3.6365   33.1617   11.7882   -0.1464   -1.4801   -1.5739
    1.8675    5.0760   -2.7030   16.9272   -4.6847  -17.0397
eta,q 0.90667 20.67948
niter,ni,del,rscale     5    3    5.0000    1.2000
parameter  3  0.608006 ->  0.500000 qaram    1.1500
parameter  4  2.190567 ->  0.500000 qaram    1.1500
parameter  5  2.576382 ->  0.500000 qaram    1.1500
parameter  9  0.667196 ->  0.500000 qaram    1.1500
parameter 12 -2.108129 -> -0.500000 qaram    1.1500
parameters
   -3.3411   32.6276   10.4082   -4.2864   -5.6201   -4.6840
    0.5838    3.5373   -6.8430   19.9232   -5.9299  -12.8997
eta,q 0.92520 20.26748
  0.0974  0.0941  0.0930  0.0800  0.0750  0.0775  0.0794  0.0810  0.0777  0.0826  0.0782  0.0821
  0.0955  0.0934  0.0923  0.0822  0.0771  0.0782  0.0787  0.0784  0.0775  0.0805  0.0772  0.0801
  0.0940  0.0932  0.0924  0.0860  0.0800  0.0784  0.0784  0.0779  0.0775  0.0787  0.0768  0.0784
  0.0933  0.0933  0.0932  0.0923  0.0831  0.0778  0.0785  0.0784  0.0780  0.0774  0.0770  0.0769
  0.0935  0.0937  0.0943  0.1005  0.0864  0.0808  0.0788  0.0795  0.0787  0.0770  0.0775  0.0756
  0.0944  0.0944  0.0956  0.1078  0.0906  0.0888  0.0794  0.0814  0.0794  0.0772  0.0782  0.0745
  0.0958  0.0952  0.0970  0.1133  0.0949  0.1042  0.0803  0.0843  0.0803  0.0781  0.0789  0.0736
niter,ni,del,rscale     7    3    5.0000    1.2000
parameter  3  2.322010 ->  0.500000 qaram    1.3225
parameter  4  0.774218 ->  0.500000 qaram    1.3225
parameter  5  2.458581 ->  0.500000 qaram    1.3225
parameter 12 -1.629334 -> -0.500000 qaram    1.3225
parameters
   -3.3819   33.2040    8.8212   -9.0474  -10.3811   -8.1950
    2.1600    0.6358   -6.7601   18.9648   -9.0054   -8.1387
eta,q 0.93725 19.63268
  0.0778  0.0766  0.0716  0.0682  0.0627  0.0643  0.0662  0.0653  0.0660  0.0657  0.0646  0.0678
  0.0763  0.0758  0.0722  0.0689  0.0646  0.0648  0.0656  0.0643  0.0651  0.0652  0.0642  0.0665
  0.0752  0.0752  0.0733  0.0701  0.0668  0.0649  0.0652  0.0644  0.0646  0.0648  0.0642  0.0653
  0.0748  0.0748  0.0747  0.0725  0.0692  0.0652  0.0649  0.0648  0.0643  0.0643  0.0645  0.0642
  0.0751  0.0746  0.0760  0.0781  0.0721  0.0664  0.0648  0.0656  0.0645  0.0645  0.0648  0.0633
  0.0763  0.0749  0.0775  0.0865  0.0752  0.0701  0.0650  0.0666  0.0651  0.0656  0.0652  0.0626
  0.0781  0.0755  0.0793  0.0945  0.0791  0.0768  0.0655  0.0678  0.0659  0.0672  0.0657  0.0623
niter,ni,del,rscale     7    3    5.0000    1.2000
parameter  2  1.033397 ->  0.500000 qaram    1.1500
parameter  3  1.028825 ->  0.500000 qaram    1.5209
parameter  4  0.624291 ->  0.500000 qaram    1.5209
parameter  5 10.545914 ->  0.500000 qaram    1.5209
parameter 10  6.566970 ->  0.500000 qaram    1.1500
parameter 11 -2.989279 -> -0.500000 qaram    1.1500
parameter 12 -3.811038 ->  0.500000 qaram    1.5209
parameters
   -2.9127   31.8240    6.9962  -14.5226  -15.8563  -11.6577
    3.2894    1.7595   -3.5910   14.8248   -4.8654  -13.6138
eta,q 0.95222 19.18756
  0.0650  0.0616  0.0601  0.0579  0.0496  0.0524  0.0543  0.0550  0.0546  0.0489  0.0518  0.0462
  0.0640  0.0617  0.0600  0.0580  0.0523  0.0525  0.0534  0.0533  0.0536  0.0502  0.0513  0.0474
  0.0632  0.0620  0.0606  0.0586  0.0552  0.0526  0.0528  0.0527  0.0529  0.0514  0.0510  0.0488
  0.0627  0.0626  0.0617  0.0601  0.0581  0.0530  0.0525  0.0525  0.0525  0.0524  0.0506  0.0500
  0.0626  0.0635  0.0631  0.0636  0.0612  0.0547  0.0526  0.0526  0.0524  0.0533  0.0502  0.0512
  0.0629  0.0645  0.0647  0.0700  0.0642  0.0587  0.0529  0.0529  0.0525  0.0546  0.0500  0.0522
  0.0639  0.0656  0.0667  0.0776  0.0675  0.0659  0.0534  0.0536  0.0528  0.0563  0.0498  0.0530
niter,ni,del,rscale     7    3    5.0000    1.2000
parameter  1 -0.760155 -> -0.500000 qaram    1.1500
parameter  2  2.441629 ->  0.500000 qaram    1.3225
parameter  3  1.091917 ->  0.500000 qaram    1.7490
parameter  5  0.639308 ->  0.500000 qaram    1.7490
parameters
   -1.5327   30.2370    4.8973  -13.3581  -22.1527   -9.4582
    3.1210    3.4754   -3.8571   14.9613   -7.9278  -11.5652
eta,q 0.96405 18.98729
  0.0511  0.0406  0.0383  0.0429  0.0377  0.0398  0.0371  0.0414  0.0374  0.0396  0.0364  0.0385
  0.0497  0.0417  0.0390  0.0418  0.0370  0.0388  0.0366  0.0377  0.0367  0.0380  0.0362  0.0375
  0.0486  0.0440  0.0402  0.0406  0.0368  0.0379  0.0363  0.0364  0.0363  0.0368  0.0361  0.0367
  0.0478  0.0470  0.0422  0.0393  0.0387  0.0369  0.0362  0.0362  0.0362  0.0362  0.0362  0.0361
  0.0472  0.0504  0.0450  0.0377  0.0451  0.0361  0.0363  0.0363  0.0364  0.0362  0.0364  0.0359
  0.0470  0.0538  0.0487  0.0376  0.0523  0.0357  0.0366  0.0366  0.0368  0.0373  0.0368  0.0362
  0.0471  0.0570  0.0530  0.0438  0.0581  0.0382  0.0372  0.0373  0.0375  0.0400  0.0373  0.0375
niter,ni,del,rscale     7    3    5.0000    1.2000
parameters
   -1.4122   29.5007    3.6728  -12.8985  -24.4420  -10.9202
    2.5177    4.4376   -4.6073   17.6066   -5.9127   -6.5417
eta,q 0.96453 18.69109
  0.0378  0.0377  0.0374  0.0404  0.0389  0.0383  0.0373  0.0407  0.0377  0.0397  0.0370  0.0385
  0.0368  0.0364  0.0357  0.0388  0.0373  0.0376  0.0367  0.0372  0.0370  0.0382  0.0361  0.0375
  0.0362  0.0358  0.0353  0.0372  0.0360  0.0367  0.0364  0.0361  0.0365  0.0371  0.0359  0.0366
  0.0359  0.0359  0.0358  0.0354  0.0351  0.0355  0.0363  0.0363  0.0365  0.0364  0.0360  0.0360
  0.0360  0.0367  0.0368  0.0338  0.0349  0.0353  0.0366  0.0367  0.0368  0.0359  0.0360  0.0355
  0.0365  0.0384  0.0389  0.0353  0.0391  0.0390  0.0370  0.0372  0.0374  0.0360  0.0360  0.0355
  0.0375  0.0410  0.0420  0.0422  0.0478  0.0472  0.0377  0.0379  0.0382  0.0373  0.0361  0.0362
niter,ni,del,rscale     6    3    5.0000    1.2000
parameters
   -1.6930   29.6698    3.3701  -11.0943  -27.1387  -12.2895
    2.9990    4.6821   -4.4635   18.3622   -4.9915   -4.4143
eta,q 0.96455 18.51481
  0.0369  0.0393  0.0385  0.0396  0.0384  0.0374  0.0372  0.0382  0.0374  0.0382  0.0359  0.0374
  0.0360  0.0373  0.0366  0.0382  0.0369  0.0368  0.0365  0.0360  0.0365  0.0372  0.0355  0.0366
  0.0355  0.0360  0.0356  0.0368  0.0355  0.0361  0.0360  0.0355  0.0360  0.0365  0.0355  0.0360
  0.0355  0.0354  0.0354  0.0354  0.0347  0.0351  0.0357  0.0357  0.0358  0.0358  0.0356  0.0356
  0.0358  0.0356  0.0358  0.0339  0.0355  0.0348  0.0358  0.0360  0.0359  0.0353  0.0356  0.0354
  0.0366  0.0367  0.0372  0.0330  0.0400  0.0376  0.0363  0.0366  0.0365  0.0358  0.0356  0.0356
  0.0377  0.0387  0.0397  0.0395  0.0476  0.0443  0.0369  0.0372  0.0373  0.0381  0.0357  0.0366
niter,ni,del,rscale     5    3    5.0000    1.2000
parameters
   -1.6863   30.2202    3.0520  -11.4323  -28.8531  -13.3017
    2.6962    4.3403   -4.4902   19.9996   -5.8622   -4.4352
eta,q 0.96439 18.35226
  0.0371  0.0392  0.0372  0.0389  0.0395  0.0373  0.0373  0.0375  0.0377  0.0391  0.0358  0.0372
  0.0362  0.0374  0.0361  0.0377  0.0379  0.0369  0.0366  0.0363  0.0368  0.0380  0.0356  0.0365
  0.0357  0.0361  0.0356  0.0365  0.0365  0.0364  0.0362  0.0360  0.0363  0.0370  0.0356  0.0359
  0.0355  0.0355  0.0353  0.0354  0.0355  0.0358  0.0361  0.0361  0.0361  0.0361  0.0356  0.0356
  0.0356  0.0354  0.0355  0.0339  0.0356  0.0352  0.0363  0.0364  0.0363  0.0355  0.0357  0.0356
  0.0362  0.0359  0.0363  0.0343  0.0387  0.0363  0.0368  0.0368  0.0369  0.0358  0.0357  0.0361
  0.0371  0.0374  0.0383  0.0432  0.0452  0.0414  0.0375  0.0374  0.0377  0.0380  0.0359  0.0376
niter,ni,del,rscale     4    3    5.0000    1.2000
parameters
   -1.6932   30.8013    2.5420  -11.8525  -30.2465  -14.5438
    2.3448    4.2581   -4.3993   21.5031   -6.8499   -4.4049
eta,q 0.96427 18.21337
  0.0373  0.0396  0.0371  0.0387  0.0398  0.0371  0.0374  0.0379  0.0379  0.0394  0.0360  0.0373
  0.0364  0.0377  0.0360  0.0376  0.0382  0.0367  0.0367  0.0365  0.0370  0.0382  0.0357  0.0366
  0.0358  0.0364  0.0356  0.0365  0.0367  0.0364  0.0363  0.0361  0.0363  0.0371  0.0357  0.0360
  0.0356  0.0356  0.0354  0.0355  0.0356  0.0359  0.0362  0.0361  0.0361  0.0361  0.0358  0.0357
  0.0358  0.0355  0.0357  0.0343  0.0356  0.0354  0.0364  0.0365  0.0364  0.0356  0.0358  0.0357
  0.0364  0.0361  0.0366  0.0347  0.0386  0.0365  0.0369  0.0370  0.0370  0.0361  0.0359  0.0362
  0.0373  0.0376  0.0385  0.0427  0.0446  0.0415  0.0375  0.0376  0.0378  0.0382  0.0360  0.0376
niter,ni,del,rscale     3    3    5.0000    1.2000
parameters
   -1.7262   31.2896    2.0333  -12.1598  -31.2789  -15.7991
    2.0136    4.1371   -4.3050   22.5293   -7.5612   -4.2038
eta,q 0.96410 18.10976
  0.0374  0.0395  0.0372  0.0387  0.0400  0.0371  0.0374  0.0381  0.0379  0.0393  0.0362  0.0373
  0.0365  0.0377  0.0361  0.0376  0.0384  0.0367  0.0367  0.0366  0.0369  0.0380  0.0359  0.0366
  0.0359  0.0364  0.0357  0.0366  0.0369  0.0363  0.0363  0.0361  0.0363  0.0370  0.0359  0.0362
  0.0357  0.0357  0.0356  0.0356  0.0357  0.0360  0.0362  0.0362  0.0361  0.0362  0.0359  0.0359
  0.0360  0.0357  0.0359  0.0347  0.0355  0.0356  0.0364  0.0365  0.0364  0.0357  0.0360  0.0359
  0.0366  0.0363  0.0367  0.0349  0.0383  0.0365  0.0369  0.0371  0.0369  0.0363  0.0361  0.0363
  0.0375  0.0378  0.0384  0.0419  0.0438  0.0410  0.0375  0.0378  0.0378  0.0386  0.0363  0.0374
niter,ni,del,rscale     2    3    5.0000    1.2000
parameters
   -1.7599   31.6812    1.5479  -12.4099  -31.9195  -16.9655
    1.8071    4.0353   -4.2073   23.3688   -7.7419   -4.0176
eta,q 0.96395 18.03944
  0.0376  0.0391  0.0372  0.0387  0.0401  0.0371  0.0375  0.0382  0.0379  0.0391  0.0364  0.0373
  0.0367  0.0375  0.0363  0.0377  0.0386  0.0367  0.0368  0.0367  0.0369  0.0379  0.0361  0.0366
  0.0361  0.0364  0.0359  0.0367  0.0372  0.0364  0.0363  0.0362  0.0364  0.0369  0.0360  0.0362
  0.0359  0.0359  0.0358  0.0358  0.0359  0.0361  0.0362  0.0362  0.0362  0.0362  0.0361  0.0360
  0.0361  0.0359  0.0360  0.0351  0.0355  0.0358  0.0364  0.0365  0.0364  0.0359  0.0361  0.0360
  0.0367  0.0365  0.0368  0.0352  0.0379  0.0365  0.0369  0.0372  0.0369  0.0365  0.0362  0.0364
  0.0377  0.0379  0.0382  0.0415  0.0430  0.0403  0.0375  0.0380  0.0377  0.0387  0.0363  0.0374
niter,ni,del,rscale     1    3    5.0000    1.2000
parameters
   -1.7967   32.0072    1.0345  -12.4586  -32.3236  -18.0272
    1.7407    3.9439   -4.2012   24.1573   -7.2938   -4.0317
eta,q 0.96391 17.99368
  0.0377  0.0389  0.0371  0.0387  0.0401  0.0370  0.0375  0.0382  0.0378  0.0390  0.0364  0.0371
  0.0368  0.0374  0.0364  0.0377  0.0387  0.0367  0.0368  0.0368  0.0369  0.0378  0.0362  0.0365
  0.0362  0.0365  0.0361  0.0368  0.0372  0.0364  0.0364  0.0363  0.0364  0.0369  0.0361  0.0362
  0.0360  0.0360  0.0360  0.0360  0.0360  0.0361  0.0362  0.0362  0.0362  0.0362  0.0361  0.0361
  0.0363  0.0361  0.0362  0.0353  0.0355  0.0359  0.0364  0.0365  0.0364  0.0359  0.0361  0.0361
  0.0369  0.0366  0.0368  0.0352  0.0376  0.0364  0.0369  0.0372  0.0369  0.0365  0.0362  0.0364
  0.0378  0.0380  0.0381  0.0409  0.0425  0.0395  0.0375  0.0380  0.0377  0.0387  0.0363  0.0372
registration optimization eta report
parameter search radius
    2.7600    3.1740    4.1976   10.9503   12.5928    7.2000
    7.2000    7.2000    8.2800    8.2800    8.2800   10.9503
100000*second partial in parameter space
       22.       24.        9.        3.        3.        4.
        2.        4.        2.        4.        0.        1.
  0.0377  0.0389  0.0371  0.0387  0.0401  0.0370  0.0375  0.0382  0.0378  0.0390  0.0364  0.0371
  0.0368  0.0374  0.0364  0.0377  0.0387  0.0367  0.0368  0.0368  0.0369  0.0378  0.0362  0.0365
  0.0362  0.0365  0.0361  0.0368  0.0372  0.0364  0.0364  0.0363  0.0364  0.0369  0.0361  0.0362
  0.0360  0.0360  0.0360  0.0360  0.0360  0.0361  0.0362  0.0362  0.0362  0.0362  0.0361  0.0361
  0.0363  0.0361  0.0362  0.0353  0.0355  0.0359  0.0364  0.0365  0.0364  0.0359  0.0361  0.0361
  0.0369  0.0366  0.0368  0.0352  0.0376  0.0364  0.0369  0.0372  0.0369  0.0365  0.0362  0.0364
  0.0378  0.0380  0.0381  0.0409  0.0425  0.0395  0.0375  0.0380  0.0377  0.0387  0.0363  0.0372
   -1.7967   32.0072    1.0345  -12.4586  -32.3236  -18.0272
    1.7407    3.9439   -4.2012   24.1573   -7.2938   -4.0317
eta,q 0.96391 17.99368

---------------------------------------------------------------------
imgreg_4dfp /opt/freesurfer/average/711-2C_as_mni_average_305 /opt/freesurfer/average/711-2B_as_mni_average_305_mask talsrcimg_g11 none talsrcimg_to_711-2C_as_mni_average_305_t4 2311
---------------------------------------------------------------------

freesurfer imgreg_4dfp.c
/opt/freesurfer/average/711-2C_as_mni_average_305.4dfp.img
       256       256       256         1
  1.000000  1.000000  1.000000
orientation T byte_order littleendian
Reading image: /opt/freesurfer/average/711-2C_as_mni_average_305.4dfp.img
dimensions:      256       256       256
mmppix:       1.0000   -1.0000   -1.0000
center:     128.0000 -129.0000 -129.0000
/opt/freesurfer/average/711-2B_as_mni_average_305_mask.4dfp.img
       256       256       256         1
  1.000000  1.000000  1.000000
orientation T byte_order littleendian
Reading mask: /opt/freesurfer/average/711-2B_as_mni_average_305_mask.4dfp.img (2306576 pixels)
talsrcimg_g11.4dfp.img
       320       320       320         1
  0.700000  0.700000  0.700000
orientation T byte_order littleendian
Reading image: talsrcimg_g11.4dfp.img
dimensions:      320       320       320
mmppix:       0.7000   -0.7000   -0.7000
center:     112.0000 -112.7000 -112.7000
fimgreg.f
image alignment mode   2311 decimal      907 hex
parameters
   -1.7967   32.0072    1.0345  -12.4586  -32.3236  -18.0272
    1.7407    3.9439   -4.2012   24.1573   -7.2938   -4.0317
eta,q 0.96391 17.99368
niter,ni,del,rscale     5    3    5.0000    0.8000
parameter  4-38.957954 -> -0.500000 qaram    1.1500
parameter  5 -0.657748 -> -0.500000 qaram    1.1500
parameters
   -1.8511   32.4445    0.6608   -9.6986  -29.5636  -18.7858
    2.9151    3.9026   -3.7953   24.2405   -8.0402   -5.6289
eta,q 0.96486 18.33159
  0.0366  0.0369  0.0361  0.0370  0.0370  0.0358  0.0363  0.0364  0.0360  0.0365  0.0353  0.0353
  0.0363  0.0365  0.0361  0.0367  0.0365  0.0355  0.0357  0.0355  0.0355  0.0360  0.0352  0.0352
  0.0361  0.0362  0.0360  0.0363  0.0360  0.0353  0.0354  0.0352  0.0353  0.0355  0.0352  0.0351
  0.0361  0.0361  0.0360  0.0360  0.0356  0.0352  0.0352  0.0352  0.0352  0.0352  0.0352  0.0352
  0.0362  0.0360  0.0361  0.0358  0.0353  0.0352  0.0352  0.0354  0.0353  0.0352  0.0352  0.0353
  0.0364  0.0361  0.0362  0.0355  0.0352  0.0357  0.0353  0.0357  0.0354  0.0356  0.0353  0.0355
  0.0367  0.0363  0.0363  0.0351  0.0354  0.0368  0.0356  0.0362  0.0357  0.0367  0.0353  0.0358
niter,ni,del,rscale     6    3    5.0000    0.9000
parameters
   -1.9235   32.0225    0.0595   -9.2512  -28.5558  -19.1178
    3.0340    4.4375   -3.7342   24.5183   -7.2695   -5.6931
eta,q 0.96508 18.41628
  0.0358  0.0356  0.0352  0.0364  0.0366  0.0358  0.0358  0.0373  0.0358  0.0364  0.0353  0.0353
  0.0354  0.0353  0.0351  0.0359  0.0359  0.0354  0.0353  0.0356  0.0353  0.0358  0.0350  0.0351
  0.0352  0.0351  0.0351  0.0355  0.0354  0.0351  0.0350  0.0349  0.0350  0.0353  0.0349  0.0350
  0.0351  0.0351  0.0351  0.0351  0.0350  0.0348  0.0349  0.0349  0.0349  0.0349  0.0349  0.0349
  0.0352  0.0353  0.0352  0.0346  0.0348  0.0348  0.0350  0.0352  0.0350  0.0349  0.0349  0.0350
  0.0355  0.0358  0.0354  0.0347  0.0350  0.0352  0.0352  0.0356  0.0353  0.0353  0.0350  0.0351
  0.0359  0.0365  0.0356  0.0367  0.0360  0.0365  0.0357  0.0361  0.0357  0.0364  0.0351  0.0353
niter,ni,del,rscale     5    3    5.0000    0.8000
parameters
   -2.0026   31.9687   -0.2080   -7.2498  -28.2856  -19.4967
    2.8587    5.2815   -3.8971   24.7777   -5.6568   -5.7078
eta,q 0.96556 18.55013
  0.0354  0.0355  0.0351  0.0360  0.0356  0.0351  0.0351  0.0369  0.0351  0.0356  0.0350  0.0347
  0.0351  0.0352  0.0350  0.0356  0.0351  0.0348  0.0347  0.0353  0.0347  0.0351  0.0347  0.0346
  0.0350  0.0350  0.0349  0.0353  0.0347  0.0345  0.0344  0.0345  0.0345  0.0347  0.0345  0.0345
  0.0349  0.0349  0.0349  0.0349  0.0344  0.0344  0.0344  0.0344  0.0345  0.0345  0.0344  0.0344
  0.0350  0.0350  0.0350  0.0344  0.0343  0.0344  0.0345  0.0346  0.0346  0.0344  0.0344  0.0345
  0.0352  0.0352  0.0351  0.0342  0.0347  0.0348  0.0348  0.0349  0.0348  0.0347  0.0345  0.0346
  0.0355  0.0357  0.0352  0.0353  0.0357  0.0358  0.0352  0.0352  0.0352  0.0356  0.0345  0.0348
niter,ni,del,rscale     4    3    5.0000    0.7000
parameters
   -2.1010   31.9681   -0.4536   -6.4893  -27.6577  -18.5151
    3.1751    5.8712   -4.0421   24.5545   -3.5630   -5.8814
eta,q 0.96599 18.64061
  0.0348  0.0350  0.0346  0.0355  0.0352  0.0347  0.0349  0.0357  0.0346  0.0349  0.0345  0.0343
  0.0346  0.0347  0.0345  0.0353  0.0348  0.0344  0.0344  0.0346  0.0343  0.0345  0.0343  0.0341
  0.0345  0.0345  0.0344  0.0349  0.0344  0.0342  0.0341  0.0341  0.0341  0.0342  0.0341  0.0340
  0.0344  0.0344  0.0344  0.0344  0.0341  0.0341  0.0340  0.0340  0.0340  0.0340  0.0340  0.0340
  0.0345  0.0345  0.0345  0.0338  0.0340  0.0340  0.0340  0.0341  0.0341  0.0341  0.0340  0.0340
  0.0346  0.0347  0.0346  0.0339  0.0342  0.0341  0.0343  0.0344  0.0344  0.0345  0.0340  0.0341
  0.0349  0.0350  0.0347  0.0356  0.0349  0.0344  0.0346  0.0347  0.0347  0.0354  0.0340  0.0343
niter,ni,del,rscale     3    3    5.0000    0.6000
parameter  6 -0.923698 -> -0.500000 qaram    1.1500
parameters
   -2.2127   31.7831   -0.2709   -5.2800  -27.5584  -16.4451
    3.3729    5.9413   -4.0628   24.0290   -2.3731   -6.5978
eta,q 0.96673 18.72009
  0.0343  0.0343  0.0342  0.0353  0.0343  0.0341  0.0342  0.0350  0.0340  0.0341  0.0339  0.0335
  0.0341  0.0341  0.0341  0.0350  0.0340  0.0338  0.0337  0.0340  0.0336  0.0337  0.0336  0.0333
  0.0340  0.0340  0.0340  0.0346  0.0337  0.0336  0.0334  0.0334  0.0333  0.0334  0.0334  0.0333
  0.0340  0.0340  0.0340  0.0340  0.0335  0.0335  0.0333  0.0333  0.0333  0.0333  0.0333  0.0333
  0.0341  0.0341  0.0340  0.0334  0.0335  0.0333  0.0333  0.0334  0.0334  0.0334  0.0333  0.0333
  0.0342  0.0343  0.0340  0.0335  0.0337  0.0333  0.0336  0.0339  0.0336  0.0340  0.0333  0.0335
  0.0345  0.0346  0.0341  0.0348  0.0344  0.0333  0.0340  0.0348  0.0340  0.0351  0.0334  0.0337
niter,ni,del,rscale     3    3    5.0000    0.6000
parameter  3 -0.569949 -> -0.500000 qaram    1.1500
parameters
   -2.2564   31.4775    0.4191   -5.6975  -27.4806  -14.7351
    3.1889    5.4657   -4.1608   23.3093   -1.6977   -7.1371
eta,q 0.96701 18.74398
  0.0341  0.0335  0.0337  0.0350  0.0342  0.0342  0.0337  0.0343  0.0336  0.0338  0.0335  0.0332
  0.0336  0.0333  0.0335  0.0345  0.0338  0.0339  0.0333  0.0334  0.0332  0.0334  0.0332  0.0331
  0.0334  0.0332  0.0333  0.0338  0.0335  0.0336  0.0331  0.0330  0.0330  0.0331  0.0331  0.0330
  0.0333  0.0333  0.0332  0.0332  0.0333  0.0333  0.0330  0.0330  0.0330  0.0330  0.0330  0.0330
  0.0334  0.0334  0.0332  0.0331  0.0333  0.0331  0.0331  0.0333  0.0331  0.0332  0.0330  0.0331
  0.0337  0.0337  0.0332  0.0343  0.0336  0.0329  0.0334  0.0340  0.0333  0.0340  0.0331  0.0332
  0.0342  0.0341  0.0332  0.0371  0.0343  0.0335  0.0339  0.0353  0.0337  0.0353  0.0332  0.0334
niter,ni,del,rscale     3    3    5.0000    0.6000
parameters
   -2.2888   31.2485    0.8280   -5.8219  -27.3405  -14.5551
    3.3032    5.1046   -4.4543   23.1642   -1.2783   -7.1839
eta,q 0.96706 18.77065
  0.0338  0.0333  0.0334  0.0349  0.0339  0.0340  0.0337  0.0340  0.0335  0.0339  0.0333  0.0332
  0.0333  0.0331  0.0332  0.0344  0.0335  0.0337  0.0333  0.0333  0.0331  0.0335  0.0331  0.0331
  0.0331  0.0330  0.0331  0.0337  0.0332  0.0334  0.0330  0.0330  0.0329  0.0331  0.0330  0.0330
  0.0330  0.0330  0.0330  0.0329  0.0330  0.0330  0.0329  0.0329  0.0329  0.0329  0.0329  0.0329
  0.0331  0.0331  0.0330  0.0327  0.0330  0.0327  0.0330  0.0331  0.0330  0.0330  0.0329  0.0330
  0.0334  0.0334  0.0330  0.0337  0.0333  0.0328  0.0332  0.0336  0.0333  0.0334  0.0330  0.0331
  0.0339  0.0338  0.0331  0.0362  0.0340  0.0345  0.0336  0.0346  0.0336  0.0344  0.0332  0.0333
niter,ni,del,rscale     2    3    5.0000    0.5000
parameters
   -2.3140   31.1395    0.9727   -5.3630  -27.2119  -13.8579
    3.4340    4.9904   -4.5555   22.8101   -1.1473   -7.5756
eta,q 0.96743 18.80497
  0.0334  0.0332  0.0332  0.0347  0.0334  0.0336  0.0332  0.0338  0.0330  0.0333  0.0329  0.0328
  0.0332  0.0331  0.0331  0.0342  0.0331  0.0333  0.0329  0.0331  0.0328  0.0329  0.0327  0.0326
  0.0330  0.0330  0.0330  0.0335  0.0329  0.0330  0.0326  0.0327  0.0326  0.0327  0.0326  0.0326
  0.0329  0.0329  0.0329  0.0329  0.0327  0.0327  0.0326  0.0326  0.0326  0.0326  0.0326  0.0326
  0.0330  0.0330  0.0329  0.0326  0.0327  0.0325  0.0326  0.0327  0.0326  0.0327  0.0326  0.0326
  0.0332  0.0332  0.0330  0.0330  0.0330  0.0325  0.0328  0.0332  0.0328  0.0331  0.0327  0.0327
  0.0335  0.0334  0.0331  0.0344  0.0334  0.0334  0.0331  0.0340  0.0331  0.0340  0.0329  0.0329
niter,ni,del,rscale     1    3    5.0000    0.4000
parameters
   -2.3794   31.0056    1.1562   -5.1695  -26.9985  -13.0547
    3.5511    4.8802   -4.5741   22.4032   -1.0560   -8.1299
eta,q 0.96770 18.84015
  0.0329  0.0328  0.0328  0.0340  0.0330  0.0333  0.0328  0.0333  0.0327  0.0328  0.0326  0.0324
  0.0327  0.0326  0.0327  0.0335  0.0328  0.0330  0.0325  0.0327  0.0325  0.0325  0.0324  0.0323
  0.0326  0.0326  0.0326  0.0330  0.0326  0.0328  0.0324  0.0324  0.0323  0.0323  0.0323  0.0323
  0.0326  0.0326  0.0326  0.0326  0.0325  0.0325  0.0323  0.0323  0.0323  0.0323  0.0323  0.0323
  0.0326  0.0326  0.0326  0.0325  0.0325  0.0323  0.0323  0.0325  0.0323  0.0324  0.0323  0.0323
  0.0328  0.0328  0.0326  0.0329  0.0326  0.0323  0.0325  0.0328  0.0325  0.0328  0.0324  0.0324
  0.0331  0.0329  0.0327  0.0340  0.0329  0.0328  0.0327  0.0335  0.0327  0.0334  0.0326  0.0326
registration optimization eta report
parameter search radius
    0.8000    0.8000    0.9200    2.7600    2.7600    2.7600
    2.4000    2.4000    2.4000    2.4000    2.4000    2.4000
100000*second partial in parameter space
       70.       43.       20.       19.        6.        8.
        7.       19.        6.       14.        5.        3.
  0.0329  0.0328  0.0328  0.0340  0.0330  0.0333  0.0328  0.0333  0.0327  0.0328  0.0326  0.0324
  0.0327  0.0326  0.0327  0.0335  0.0328  0.0330  0.0325  0.0327  0.0325  0.0325  0.0324  0.0323
  0.0326  0.0326  0.0326  0.0330  0.0326  0.0328  0.0324  0.0324  0.0323  0.0323  0.0323  0.0323
  0.0326  0.0326  0.0326  0.0326  0.0325  0.0325  0.0323  0.0323  0.0323  0.0323  0.0323  0.0323
  0.0326  0.0326  0.0326  0.0325  0.0325  0.0323  0.0323  0.0325  0.0323  0.0324  0.0323  0.0323
  0.0328  0.0328  0.0326  0.0329  0.0326  0.0323  0.0325  0.0328  0.0325  0.0328  0.0324  0.0324
  0.0331  0.0329  0.0327  0.0340  0.0329  0.0328  0.0327  0.0335  0.0327  0.0334  0.0326  0.0326
   -2.3794   31.0056    1.1562   -5.1695  -26.9985  -13.0547
    3.5511    4.8802   -4.5741   22.4032   -1.0560   -8.1299
eta,q 0.96770 18.84015

---------------------------------------------------------------------
imgreg_4dfp /opt/freesurfer/average/711-2C_as_mni_average_305 /opt/freesurfer/average/711-2B_as_mni_average_305_mask talsrcimg_g11 none talsrcimg_to_711-2C_as_mni_average_305_t4 2311
---------------------------------------------------------------------

freesurfer imgreg_4dfp.c
/opt/freesurfer/average/711-2C_as_mni_average_305.4dfp.img
       256       256       256         1
  1.000000  1.000000  1.000000
orientation T byte_order littleendian
Reading image: /opt/freesurfer/average/711-2C_as_mni_average_305.4dfp.img
dimensions:      256       256       256
mmppix:       1.0000   -1.0000   -1.0000
center:     128.0000 -129.0000 -129.0000
/opt/freesurfer/average/711-2B_as_mni_average_305_mask.4dfp.img
       256       256       256         1
  1.000000  1.000000  1.000000
orientation T byte_order littleendian
Reading mask: /opt/freesurfer/average/711-2B_as_mni_average_305_mask.4dfp.img (2306576 pixels)
talsrcimg_g11.4dfp.img
       320       320       320         1
  0.700000  0.700000  0.700000
orientation T byte_order littleendian
Reading image: talsrcimg_g11.4dfp.img
dimensions:      320       320       320
mmppix:       0.7000   -0.7000   -0.7000
center:     112.0000 -112.7000 -112.7000
fimgreg.f
image alignment mode   2311 decimal      907 hex
parameters
   -2.3794   31.0056    1.1562   -5.1695  -26.9985  -13.0547
    3.5511    4.8802   -4.5741   22.4032   -1.0560   -8.1299
eta,q 0.96770 18.84014
niter,ni,del,rscale     5    3    5.0000    0.8000
parameters
   -2.4862   30.8353    1.3973   -6.0775  -26.9748  -13.7386
    3.8037    4.6624   -4.6187   22.3440   -0.8618   -7.1261
eta,q 0.96714 18.81595
  0.0341  0.0332  0.0332  0.0347  0.0338  0.0342  0.0341  0.0349  0.0339  0.0345  0.0334  0.0336
  0.0331  0.0327  0.0327  0.0339  0.0333  0.0337  0.0335  0.0336  0.0333  0.0339  0.0331  0.0333
  0.0325  0.0324  0.0324  0.0330  0.0329  0.0332  0.0331  0.0330  0.0330  0.0333  0.0330  0.0330
  0.0323  0.0323  0.0323  0.0323  0.0326  0.0326  0.0329  0.0329  0.0329  0.0329  0.0329  0.0329
  0.0326  0.0325  0.0323  0.0327  0.0326  0.0322  0.0330  0.0331  0.0330  0.0329  0.0329  0.0329
  0.0334  0.0330  0.0325  0.0352  0.0330  0.0335  0.0333  0.0338  0.0334  0.0335  0.0331  0.0330
  0.0347  0.0338  0.0328  0.0399  0.0340  0.0378  0.0339  0.0355  0.0339  0.0351  0.0333  0.0332
niter,ni,del,rscale     4    3    5.0000    0.7000
parameters
   -2.4382   30.8758    1.2786   -5.8099  -26.8298  -13.7830
    3.7697    4.6855   -4.6617   22.1779   -0.8982   -7.0541
eta,q 0.96725 18.82598
  0.0339  0.0337  0.0331  0.0350  0.0337  0.0340  0.0337  0.0347  0.0336  0.0341  0.0332  0.0332
  0.0333  0.0333  0.0330  0.0344  0.0333  0.0336  0.0331  0.0335  0.0331  0.0335  0.0329  0.0330
  0.0330  0.0330  0.0329  0.0337  0.0329  0.0332  0.0328  0.0329  0.0328  0.0330  0.0328  0.0328
  0.0329  0.0329  0.0329  0.0329  0.0327  0.0327  0.0327  0.0327  0.0327  0.0327  0.0327  0.0328
  0.0329  0.0329  0.0329  0.0324  0.0327  0.0323  0.0328  0.0329  0.0329  0.0328  0.0328  0.0328
  0.0332  0.0332  0.0330  0.0331  0.0330  0.0327  0.0332  0.0335  0.0331  0.0334  0.0329  0.0329
  0.0338  0.0337  0.0332  0.0354  0.0337  0.0350  0.0337  0.0347  0.0336  0.0347  0.0332  0.0332
niter,ni,del,rscale     3    3    5.0000    0.6000
parameters
   -2.4267   30.8838    1.3245   -5.4893  -26.6863  -13.2306
    3.7548    4.7062   -4.6484   21.8749   -0.9288   -7.4544
eta,q 0.96753 18.85158
  0.0336  0.0334  0.0330  0.0347  0.0334  0.0337  0.0333  0.0344  0.0332  0.0336  0.0329  0.0327
  0.0331  0.0330  0.0329  0.0341  0.0330  0.0333  0.0328  0.0333  0.0328  0.0331  0.0326  0.0326
  0.0329  0.0328  0.0328  0.0334  0.0328  0.0330  0.0325  0.0326  0.0325  0.0327  0.0325  0.0325
  0.0328  0.0328  0.0328  0.0327  0.0326  0.0326  0.0324  0.0324  0.0324  0.0324  0.0325  0.0325
  0.0328  0.0328  0.0328  0.0324  0.0326  0.0323  0.0325  0.0326  0.0325  0.0326  0.0325  0.0325
  0.0331  0.0330  0.0328  0.0330  0.0328  0.0324  0.0328  0.0332  0.0328  0.0331  0.0327  0.0327
  0.0335  0.0334  0.0330  0.0347  0.0334  0.0335  0.0333  0.0344  0.0332  0.0343  0.0329  0.0329
niter,ni,del,rscale     2    3    5.0000    0.5000
parameters
   -2.4577   30.7986    1.4345   -5.3004  -26.4644  -12.5798
    3.7739    4.6745   -4.6205   21.5725   -0.9170   -8.0166
eta,q 0.96779 18.88670
  0.0331  0.0328  0.0327  0.0341  0.0329  0.0333  0.0328  0.0338  0.0328  0.0330  0.0326  0.0324
  0.0327  0.0326  0.0326  0.0335  0.0327  0.0330  0.0325  0.0329  0.0324  0.0326  0.0324  0.0323
  0.0325  0.0325  0.0325  0.0329  0.0325  0.0327  0.0323  0.0324  0.0323  0.0323  0.0323  0.0322
  0.0325  0.0325  0.0325  0.0325  0.0324  0.0324  0.0322  0.0322  0.0322  0.0322  0.0322  0.0322
  0.0325  0.0325  0.0325  0.0323  0.0324  0.0321  0.0323  0.0324  0.0323  0.0323  0.0323  0.0323
  0.0328  0.0327  0.0325  0.0328  0.0325  0.0322  0.0325  0.0329  0.0324  0.0328  0.0324  0.0324
  0.0332  0.0330  0.0326  0.0341  0.0329  0.0330  0.0328  0.0339  0.0327  0.0337  0.0326  0.0326
niter,ni,del,rscale     1    3    5.0000    0.4000
parameters
   -2.5009   30.6946    1.5652   -5.1748  -26.2399  -11.9279
    3.8032    4.6084   -4.5945   21.2510   -0.8769   -8.6600
eta,q 0.96802 18.92257
  0.0327  0.0324  0.0324  0.0335  0.0325  0.0330  0.0324  0.0331  0.0324  0.0325  0.0323  0.0321
  0.0324  0.0323  0.0323  0.0330  0.0324  0.0327  0.0322  0.0325  0.0321  0.0322  0.0321  0.0320
  0.0323  0.0322  0.0322  0.0325  0.0322  0.0324  0.0320  0.0321  0.0320  0.0321  0.0320  0.0320
  0.0322  0.0322  0.0322  0.0322  0.0322  0.0322  0.0320  0.0320  0.0320  0.0320  0.0320  0.0320
  0.0323  0.0323  0.0322  0.0322  0.0322  0.0320  0.0320  0.0321  0.0320  0.0321  0.0320  0.0320
  0.0325  0.0324  0.0322  0.0325  0.0323  0.0320  0.0322  0.0326  0.0321  0.0324  0.0321  0.0321
  0.0328  0.0326  0.0323  0.0334  0.0324  0.0326  0.0324  0.0333  0.0323  0.0331  0.0323  0.0323
registration optimization eta report
parameter search radius
    0.8000    0.8000    0.8000    2.4000    2.4000    2.4000
    2.4000    2.4000    2.4000    2.4000    2.4000    2.4000
100000*second partial in parameter space
       79.       45.       25.       22.        5.       11.
        7.       21.        6.       14.        5.        3.
  0.0327  0.0324  0.0324  0.0335  0.0325  0.0330  0.0324  0.0331  0.0324  0.0325  0.0323  0.0321
  0.0324  0.0323  0.0323  0.0330  0.0324  0.0327  0.0322  0.0325  0.0321  0.0322  0.0321  0.0320
  0.0323  0.0322  0.0322  0.0325  0.0322  0.0324  0.0320  0.0321  0.0320  0.0321  0.0320  0.0320
  0.0322  0.0322  0.0322  0.0322  0.0322  0.0322  0.0320  0.0320  0.0320  0.0320  0.0320  0.0320
  0.0323  0.0323  0.0322  0.0322  0.0322  0.0320  0.0320  0.0321  0.0320  0.0321  0.0320  0.0320
  0.0325  0.0324  0.0322  0.0325  0.0323  0.0320  0.0322  0.0326  0.0321  0.0324  0.0321  0.0321
  0.0328  0.0326  0.0323  0.0334  0.0324  0.0326  0.0324  0.0333  0.0323  0.0331  0.0323  0.0323
   -2.5009   30.6946    1.5652   -5.1748  -26.2399  -11.9279
    3.8032    4.6084   -4.5945   21.2510   -0.8769   -8.6600
eta,q 0.96802 18.92257

---------------------------------------------------------------------
compute_vox2vox talsrcimg talsrcimg_to_711-2C_as_mni_average_305_t4 /opt/freesurfer/average/711-2C_as_mni_average_305
---------------------------------------------------------------------

freesurfer compute_vox2vox.c
Reading: talsrcimg.4dfp.ifh
Reading: talsrcimg_to_711-2C_as_mni_average_305_t4
Reading: /opt/freesurfer/average/711-2C_as_mni_average_305.4dfp.ifh
Writing: talsrcimg_to_711-2C_as_mni_average_305_t4_vox2vox.txt

start time Fri Mar 13 07:22:41 CET 2026
end		time Fri Mar 13 07:23:03 CET 2026

mpr2mni305 success

avi2talxfm orig_nu.mgz /opt/freesurfer/average/mni305.cor.mgz talsrcimg_to_711-2C_as_mni_average_305_t4_vox2vox.txt transforms/talairach.auto.xfm
avi2talxfm done
mv -f /out/sourcedata/freesurfer/sub-v2s5x29552_ses-1/mri/talsrcimg_to_711-2C_as_mni_average_305_t4_vox2vox.txt /out/sourcedata/freesurfer/sub-v2s5x29552_ses-1/mri/transforms/talsrcimg_to_711-2C_as_mni_average_305_t4_vox2vox.txt
lta_convert --src orig_nu.mgz --trg /opt/freesurfer/average/mni305.cor.mgz --inxfm transforms/talairach.auto.xfm --outlta transforms/talairach.auto.xfm.lta --subject fsaverage
7.3.2

--src: orig_nu.mgz src image (geometry).
--trg: /opt/freesurfer/average/mni305.cor.mgz trg image (geometry).
--inmni: transforms/talairach.auto.xfm input MNI/XFM transform.
--outlta: transforms/talairach.auto.xfm.lta output LTA.
--s: fsaverage subject name
 LTA read, type : 1
 1.05134  -0.04078  -0.05900  -3.66454;
 0.01644   1.10352   0.12871  -22.34341;
 0.06075  -0.32047   1.31499   17.75616;
 0.00000   0.00000   0.00000   1.00000;
setting subject to fsaverage
Writing  LTA to file transforms/talairach.auto.xfm.lta...
lta_convert successful.
 
 
Started at Fri Mar 13 07:22:41 CET 2026
Ended   at Fri Mar 13 07:23:03 CET 2026
talairach_avi done
