/out/sourcedata/freesurfer/sub-v2s5x29558_ses-1/mri
/opt/freesurfer/bin/talairach_avi
--i orig_nu.mgz --xfm transforms/talairach.auto.xfm
talairach_avi 7.3.2
Linux dna020 5.14.0-427.37.1.el9_4.x86_64 #1 SMP PREEMPT_DYNAMIC Fri Sep 13 12:41:50 EDT 2024 x86_64 x86_64 x86_64 GNU/Linux
Fri Mar 13 07:41:00 CET 2026
mri_convert orig_nu.mgz talsrcimg.img 
reading from orig_nu.mgz...
TR=0.00, TE=0.00, TI=0.00, flip angle=0.00
i_ras = (-1, 0, 0)
j_ras = (0, 0, -1)
k_ras = (0, 1, 0)
writing to talsrcimg.img...
Analyze Output Matrix
-0.70000   0.00000   0.00000   111.72019;
 0.00000   0.00000   0.70000  -95.68400;
 0.00000  -0.70000   0.00000   88.40880;
 0.00000   0.00000   0.00000   1.00000;
--------------------
INFO: set hdr.hist.orient to -1
mpr2mni305 talsrcimg
Fri Mar 13 07:41:00 CET 2026
/opt/freesurfer/bin/mpr2mni305 talsrcimg
mpr2mni305 7.3.2
target=711-2C_as_mni_average_305

---------------------------------------------------------------------
analyzeto4dfp talsrcimg -O0 -y
---------------------------------------------------------------------

freesurfer ifh2hdr.c
Fri Mar 13 07:41:01 2026
Writing: talsrcimg.4dfp.hdr
freesurfer analyzeto4dfp.c
Reading: talsrcimg.hdr
header size 348 bytes
hdr.dime.datatype	offset=70	value=2
hdr.dime.bitpix		offset=72	value=8
hdr.hist.orient		offset=252	value=-1
dimensionality     4
dimensions       320       320       320         1
Reading: talsrcimg.img
Writing: talsrcimg.4dfp.img
Writing: talsrcimg.4dfp.ifh
ifh2hdr talsrcimg -r0to213
ori=2

---------------------------------------------------------------------
gauss_4dfp talsrcimg 1.1
---------------------------------------------------------------------

freesurfer gauss_4dfp.c
Reading: talsrcimg.4dfp.img
Writing: talsrcimg_g11.4dfp.img
image dimensions 320 320 320 padded to 384 384 384
processing volume 1freesurfer ifh2hdr.c
Fri Mar 13 07:41:17 2026
Writing: talsrcimg_g11.4dfp.hdr

Writing: talsrcimg_g11.4dfp.ifh
including: talsrcimg.4dfp.img.rec in talsrcimg_g11.4dfp.img.rec

---------------------------------------------------------------------
imgreg_4dfp /opt/freesurfer/average/711-2C_as_mni_average_305 none talsrcimg_g11 none talsrcimg_to_711-2C_as_mni_average_305_t4 4355
---------------------------------------------------------------------

freesurfer imgreg_4dfp.c
/opt/freesurfer/average/711-2C_as_mni_average_305.4dfp.img
       256       256       256         1
  1.000000  1.000000  1.000000
orientation T byte_order littleendian
Reading image: /opt/freesurfer/average/711-2C_as_mni_average_305.4dfp.img
dimensions:      256       256       256
mmppix:       1.0000   -1.0000   -1.0000
center:     128.0000 -129.0000 -129.0000
talsrcimg_g11.4dfp.img
       320       320       320         1
  0.700000  0.700000  0.700000
orientation T byte_order littleendian
Reading image: talsrcimg_g11.4dfp.img
dimensions:      320       320       320
mmppix:       0.7000   -0.7000   -0.7000
center:     112.0000 -112.7000 -112.7000
t4_read: open error in t4_sub.f l:  41 t4_file(1:l)talsrcimg_to_711-2C_as_mni_average_305_t4 
t4_read: transform initialized to I4
rotation matrix determinant  1.000000
image alignment mode   4355 decimal     1103 hex
   -7.5000  -45.0000  -45.0000 4461.2598   24.8966
    0.0000  -45.0000  -45.0000 4754.3530   24.9357
    7.5000  -45.0000  -45.0000 4556.3213   24.9541
   -7.5000  -37.5000  -45.0000 4807.5122   25.2251
    0.0000  -37.5000  -45.0000 5128.8096   25.2404
    7.5000  -37.5000  -45.0000 4914.2593   25.2391
   -7.5000  -30.0000  -45.0000 5209.7695   24.9921
    0.0000  -30.0000  -45.0000 5557.8999   25.0038
    7.5000  -30.0000  -45.0000 5338.1562   24.9953
   -7.5000  -22.5000  -45.0000 5488.3706   24.1430
    0.0000  -22.5000  -45.0000 5829.8628   24.1715
    7.5000  -22.5000  -45.0000 5600.6572   24.1655
   -7.5000  -15.0000  -45.0000 5992.0259   23.5272
    0.0000  -15.0000  -45.0000 6372.0327   23.5752
    7.5000  -15.0000  -45.0000 6115.5518   23.5819
   -7.5000   -7.5000  -45.0000 6508.3872   23.2411
    0.0000   -7.5000  -45.0000 6925.8301   23.2903
    7.5000   -7.5000  -45.0000 6631.9995   23.3077
   -7.5000    0.0000  -45.0000 7032.9517   23.2050
    0.0000    0.0000  -45.0000 7471.5918   23.2339
    7.5000    0.0000  -45.0000 7152.6802   23.2465
   -7.5000    7.5000  -45.0000 6974.1196   23.2311
    0.0000    7.5000  -45.0000 7409.1494   23.2422
    7.5000    7.5000  -45.0000 7099.4585   23.2440
   -7.5000   15.0000  -45.0000 6874.8115   22.9500
    0.0000   15.0000  -45.0000 7311.5239   22.9605
    7.5000   15.0000  -45.0000 7003.7017   22.9547
   -7.5000   22.5000  -45.0000 6669.0742   22.3522
    0.0000   22.5000  -45.0000 7101.0220   22.3776
    7.5000   22.5000  -45.0000 6786.8364   22.3718
   -7.5000   30.0000  -45.0000 6634.6045   22.3174
    0.0000   30.0000  -45.0000 7066.6997   22.3627
    7.5000   30.0000  -45.0000 6734.8545   22.3686
   -7.5000   37.5000  -45.0000 6294.7622   21.5657
    0.0000   37.5000  -45.0000 6711.6592   21.6115
    7.5000   37.5000  -45.0000 6403.8975   21.6274
   -7.5000   45.0000  -45.0000 5899.2026   20.7716
    0.0000   45.0000  -45.0000 6298.2720   20.7975
    7.5000   45.0000  -45.0000 6024.1274   20.8087
   -7.5000  -45.0000  -37.5000 4701.9321   25.6115
    0.0000  -45.0000  -37.5000 5016.5039   25.6542
    7.5000  -45.0000  -37.5000 4796.6182   25.6805
   -7.5000  -37.5000  -37.5000 5076.9395   25.9411
    0.0000  -37.5000  -37.5000 5417.1553   25.9590
    7.5000  -37.5000  -37.5000 5182.9834   25.9675
   -7.5000  -30.0000  -37.5000 5511.5283   25.6181
    0.0000  -30.0000  -37.5000 5870.6592   25.6252
    7.5000  -30.0000  -37.5000 5626.9287   25.6210
   -7.5000  -22.5000  -37.5000 5821.7383   24.7619
    0.0000  -22.5000  -37.5000 6191.0898   24.7806
    7.5000  -22.5000  -37.5000 5930.8252   24.7734
   -7.5000  -15.0000  -37.5000 6383.8428   24.1511
    0.0000  -15.0000  -37.5000 6787.8481   24.1907
    7.5000  -15.0000  -37.5000 6499.5620   24.1945
   -7.5000   -7.5000  -37.5000 6936.7935   23.8673
    0.0000   -7.5000  -37.5000 7366.1450   23.9133
    7.5000   -7.5000  -37.5000 7060.1851   23.9299
   -7.5000    0.0000  -37.5000 7490.7002   23.8226
    0.0000    0.0000  -37.5000 7937.5811   23.8534
    7.5000    0.0000  -37.5000 7608.1216   23.8703
   -7.5000    7.5000  -37.5000 7415.9160   23.8402
    0.0000    7.5000  -37.5000 7861.3027   23.8522
    7.5000    7.5000  -37.5000 7526.3340   23.8610
   -7.5000   15.0000  -37.5000 7295.1455   23.5534
    0.0000   15.0000  -37.5000 7745.4526   23.5595
    7.5000   15.0000  -37.5000 7398.3022   23.5573
   -7.5000   22.5000  -37.5000 7071.8501   22.9578
    0.0000   22.5000  -37.5000 7513.3447   22.9749
    7.5000   22.5000  -37.5000 7161.2686   22.9680
   -7.5000   30.0000  -37.5000 7032.0220   22.9284
    0.0000   30.0000  -37.5000 7474.3628   22.9658
    7.5000   30.0000  -37.5000 7115.5332   22.9689
   -7.5000   37.5000  -37.5000 6690.1064   22.1630
    0.0000   37.5000  -37.5000 7119.6992   22.2059
    7.5000   37.5000  -37.5000 6798.4448   22.2210
   -7.5000   45.0000  -37.5000 6283.9644   21.3245
    0.0000   45.0000  -37.5000 6674.4663   21.3520
    7.5000   45.0000  -37.5000 6402.1089   21.3672
   -7.5000  -45.0000  -30.0000 4919.0820   26.1883
    0.0000  -45.0000  -30.0000 5249.5132   26.2159
    7.5000  -45.0000  -30.0000 5017.9702   26.2232
   -7.5000  -37.5000  -30.0000 5334.2017   26.5062
    0.0000  -37.5000  -30.0000 5681.3096   26.5099
    7.5000  -37.5000  -30.0000 5439.3257   26.5026
   -7.5000  -30.0000  -30.0000 5831.3091   26.1493
    0.0000  -30.0000  -30.0000 6199.8862   26.1359
    7.5000  -30.0000  -30.0000 5937.7090   26.1148
   -7.5000  -22.5000  -30.0000 6162.6831   25.2877
    0.0000  -22.5000  -30.0000 6544.1030   25.2818
    7.5000  -22.5000  -30.0000 6267.3887   25.2586
   -7.5000  -15.0000  -30.0000 6764.2808   24.6712
    0.0000  -15.0000  -30.0000 7176.6929   24.6885
    7.5000  -15.0000  -30.0000 6881.6533   24.6764
   -7.5000   -7.5000  -30.0000 7357.9883   24.3862
    0.0000   -7.5000  -30.0000 7802.2705   24.4168
    7.5000   -7.5000  -30.0000 7484.0840   24.4174
   -7.5000    0.0000  -30.0000 7942.4771   24.3394
    0.0000    0.0000  -30.0000 8421.9023   24.3604
    7.5000    0.0000  -30.0000 8072.5439   24.3632
   -7.5000    7.5000  -30.0000 7857.0288   24.3586
    0.0000    7.5000  -30.0000 8333.3320   24.3592
    7.5000    7.5000  -30.0000 7962.6841   24.3542
   -7.5000   15.0000  -30.0000 7732.0796   24.0713
    0.0000   15.0000  -30.0000 8196.4355   24.0602
    7.5000   15.0000  -30.0000 7816.3667   24.0436
   -7.5000   22.5000  -30.0000 7499.7515   23.4754
    0.0000   22.5000  -30.0000 7956.4028   23.4710
    7.5000   22.5000  -30.0000 7578.5166   23.4501
   -7.5000   30.0000  -30.0000 7457.7847   23.4415
    0.0000   30.0000  -30.0000 7910.3691   23.4581
    7.5000   30.0000  -30.0000 7535.6768   23.4462
   -7.5000   37.5000  -30.0000 7113.4146   22.6772
    0.0000   37.5000  -30.0000 7532.9526   22.7059
    7.5000   37.5000  -30.0000 7199.0186   22.7062
   -7.5000   45.0000  -30.0000 6686.6958   21.8217
    0.0000   45.0000  -30.0000 7064.5703   21.8406
    7.5000   45.0000  -30.0000 6782.5117   21.8431
   -7.5000  -45.0000  -22.5000 4997.3501   25.6315
    0.0000  -45.0000  -22.5000 5321.7017   25.6437
    7.5000  -45.0000  -22.5000 5081.0264   25.6333
   -7.5000  -37.5000  -22.5000 5440.3911   25.9300
    0.0000  -37.5000  -22.5000 5780.5620   25.9168
    7.5000  -37.5000  -22.5000 5536.2095   25.8919
   -7.5000  -30.0000  -22.5000 5966.6143   25.6017
    0.0000  -30.0000  -22.5000 6325.4878   25.5746
    7.5000  -30.0000  -22.5000 6070.9233   25.5408
   -7.5000  -22.5000  -22.5000 6317.1567   24.7642
    0.0000  -22.5000  -22.5000 6694.7104   24.7494
    7.5000  -22.5000  -22.5000 6430.7695   24.7204
   -7.5000  -15.0000  -22.5000 6953.7305   24.1684
    0.0000  -15.0000  -22.5000 7366.7676   24.1795
    7.5000  -15.0000  -22.5000 7080.4443   24.1632
   -7.5000   -7.5000  -22.5000 7588.6440   23.8982
    0.0000   -7.5000  -22.5000 8047.9331   23.9221
    7.5000   -7.5000  -22.5000 7722.8257   23.9155
   -7.5000    0.0000  -22.5000 8191.0195   23.8594
    0.0000    0.0000  -22.5000 8713.8467   23.8704
    7.5000    0.0000  -22.5000 8340.0654   23.8612
   -7.5000    7.5000  -22.5000 8100.6348   23.8812
    0.0000    7.5000  -22.5000 8611.5020   23.8693
    7.5000    7.5000  -22.5000 8215.2900   23.8497
   -7.5000   15.0000  -22.5000 7977.1353   23.5924
    0.0000   15.0000  -22.5000 8473.1143   23.5703
    7.5000   15.0000  -22.5000 8054.2437   23.5431
   -7.5000   22.5000  -22.5000 7735.3687   22.9994
    0.0000   22.5000  -22.5000 8204.0156   22.9873
    7.5000   22.5000  -22.5000 7805.0444   22.9614
   -7.5000   30.0000  -22.5000 7699.5801   22.9641
    0.0000   30.0000  -22.5000 8149.5146   22.9749
    7.5000   30.0000  -22.5000 7763.7461   22.9590
   -7.5000   37.5000  -22.5000 7372.0630   22.2215
    0.0000   37.5000  -22.5000 7778.9678   22.2439
    7.5000   37.5000  -22.5000 7435.6558   22.2376
   -7.5000   45.0000  -22.5000 6935.9077   21.3914
    0.0000   45.0000  -22.5000 7301.5347   21.4012
    7.5000   45.0000  -22.5000 7014.4927   21.3930
   -7.5000  -45.0000  -15.0000 5206.0835   26.1844
    0.0000  -45.0000  -15.0000 5518.0449   26.1833
    7.5000  -45.0000  -15.0000 5292.5151   26.1663
   -7.5000  -37.5000  -15.0000 5663.9243   26.5025
    0.0000  -37.5000  -15.0000 5993.0210   26.4776
    7.5000  -37.5000  -15.0000 5764.3950   26.4464
   -7.5000  -30.0000  -15.0000 6236.2461   26.1337
    0.0000  -30.0000  -15.0000 6588.4531   26.1029
    7.5000  -30.0000  -15.0000 6343.1899   26.0700
   -7.5000  -22.5000  -15.0000 6639.8257   25.2859
    0.0000  -22.5000  -15.0000 7017.6309   25.2730
    7.5000  -22.5000  -15.0000 6752.3916   25.2495
   -7.5000  -15.0000  -15.0000 7330.6860   24.6939
    0.0000  -15.0000  -15.0000 7773.2510   24.7052
    7.5000  -15.0000  -15.0000 7469.4009   24.6942
   -7.5000   -7.5000  -15.0000 8039.2798   24.4319
    0.0000   -7.5000  -15.0000 8549.3574   24.4504
    7.5000   -7.5000  -15.0000 8206.6592   24.4447
   -7.5000    0.0000  -15.0000 8713.5820   24.3972
    0.0000    0.0000  -15.0000 9300.0195   24.3977
    7.5000    0.0000  -15.0000 8903.5723   24.3839
   -7.5000    7.5000  -15.0000 8598.8047   24.4108
    0.0000    7.5000  -15.0000 9174.7178   24.3900
    7.5000    7.5000  -15.0000 8744.2822   24.3657
   -7.5000   15.0000  -15.0000 8471.4863   24.1060
    0.0000   15.0000  -15.0000 8992.5254   24.0811
    7.5000   15.0000  -15.0000 8535.0654   24.0543
   -7.5000   22.5000  -15.0000 8215.8643   23.5100
    0.0000   22.5000  -15.0000 8697.7930   23.4993
    7.5000   22.5000  -15.0000 8260.6826   23.4782
   -7.5000   30.0000  -15.0000 8174.0747   23.4811
    0.0000   30.0000  -15.0000 8634.8545   23.4921
    7.5000   30.0000  -15.0000 8231.2588   23.4812
   -7.5000   37.5000  -15.0000 7823.6431   22.7505
    0.0000   37.5000  -15.0000 8241.1426   22.7679
    7.5000   37.5000  -15.0000 7880.0195   22.7625
   -7.5000   45.0000  -15.0000 7376.8999   21.9265
    0.0000   45.0000  -15.0000 7751.0684   21.9270
    7.5000   45.0000  -15.0000 7437.0615   21.9146
   -7.5000  -45.0000   -7.5000 5379.0864   26.6062
    0.0000  -45.0000   -7.5000 5686.9443   26.6078
    7.5000  -45.0000   -7.5000 5465.9287   26.6015
   -7.5000  -37.5000   -7.5000 5865.9346   26.9372
    0.0000  -37.5000   -7.5000 6192.6885   26.9191
    7.5000  -37.5000   -7.5000 5962.0908   26.8987
   -7.5000  -30.0000   -7.5000 6448.1328   26.5436
    0.0000  -30.0000   -7.5000 6812.2861   26.5255
    7.5000  -30.0000   -7.5000 6555.5942   26.5048
   -7.5000  -22.5000   -7.5000 6879.3008   25.7035
    0.0000  -22.5000   -7.5000 7284.4917   25.7033
    7.5000  -22.5000   -7.5000 6994.6787   25.6889
   -7.5000  -15.0000   -7.5000 7633.2197   25.1162
    0.0000  -15.0000   -7.5000 8120.5229   25.1348
    7.5000  -15.0000   -7.5000 7780.8892   25.1298
   -7.5000   -7.5000   -7.5000 8414.8008   24.8478
    0.0000   -7.5000   -7.5000 9014.8545   24.8680
    7.5000   -7.5000   -7.5000 8614.0703   24.8682
   -7.5000    0.0000   -7.5000 9185.9980   24.8039
    0.0000    0.0000   -7.5000 9901.2061   24.8049
    7.5000    0.0000   -7.5000 9448.0781   24.7982
   -7.5000    7.5000   -7.5000 9073.3008   24.8097
    0.0000    7.5000   -7.5000 9767.2910   24.7944
    7.5000    7.5000   -7.5000 9297.2773   24.7798
   -7.5000   15.0000   -7.5000 8947.4346   24.5059
    0.0000   15.0000   -7.5000 9519.4346   24.4917
    7.5000   15.0000   -7.5000 9039.4980   24.4752
   -7.5000   22.5000   -7.5000 8703.8330   23.9241
    0.0000   22.5000   -7.5000 9206.3877   23.9243
    7.5000   22.5000   -7.5000 8760.1318   23.9109
   -7.5000   30.0000   -7.5000 8666.3154   23.9005
    0.0000   30.0000   -7.5000 9192.5918   23.9183
    7.5000   30.0000   -7.5000 8749.5830   23.9131
   -7.5000   37.5000   -7.5000 8296.6357   23.1714
    0.0000   37.5000   -7.5000 8818.4922   23.1904
    7.5000   37.5000   -7.5000 8390.1846   23.1904
   -7.5000   45.0000   -7.5000 7838.0215   22.3462
    0.0000   45.0000   -7.5000 8320.3555   22.3471
    7.5000   45.0000   -7.5000 7926.2031   22.3411
   -7.5000  -45.0000    0.0000 5587.6113   27.1683
    0.0000  -45.0000    0.0000 5912.9341   27.1869
    7.5000  -45.0000    0.0000 5681.0698   27.1964
   -7.5000  -37.5000    0.0000 6087.1270   27.4966
    0.0000  -37.5000    0.0000 6458.8408   27.4953
    7.5000  -37.5000    0.0000 6195.5601   27.4902
   -7.5000  -30.0000    0.0000 6705.5615   27.0815
    0.0000  -30.0000    0.0000 7123.1870   27.0767
    7.5000  -30.0000    0.0000 6823.9937   27.0661
   -7.5000  -22.5000    0.0000 7155.3120   26.2438
    0.0000  -22.5000    0.0000 7604.9160   26.2528
    7.5000  -22.5000    0.0000 7274.7437   26.2414
   -7.5000  -15.0000    0.0000 7950.8760   25.6526
    0.0000  -15.0000    0.0000 8467.0312   25.6791
    7.5000  -15.0000    0.0000 8075.0469   25.6758
   -7.5000   -7.5000    0.0000 8836.6074   25.3703
    0.0000   -7.5000    0.0000 9475.1113   25.3994
    7.5000   -7.5000    0.0000 9023.1445   25.4052
   -7.5000    0.0000    0.0000 9741.4824   25.3099
    0.0000    0.0000    0.000010605.3262   25.3224
    7.5000    0.0000    0.000010107.0820   25.3265
   -7.5000    7.5000    0.0000 9769.0098   25.3068
    0.0000    7.5000    0.000010700.1465   25.3044
    7.5000    7.5000    0.000010169.1250   25.3026
   -7.5000   15.0000    0.0000 9689.1855   25.0113
    0.0000   15.0000    0.000010515.0078   25.0078
    7.5000   15.0000    0.0000 9908.4287   24.9999
   -7.5000   22.5000    0.0000 9429.0752   24.4454
    0.0000   22.5000    0.000010183.6689   24.4536
    7.5000   22.5000    0.0000 9529.5645   24.4428
   -7.5000   30.0000    0.0000 9344.7861   24.4273
    0.0000   30.0000    0.000010133.6592   24.4525
    7.5000   30.0000    0.0000 9446.3447   24.4489
   -7.5000   37.5000    0.0000 8905.6699   23.6876
    0.0000   37.5000    0.0000 9660.1768   23.7149
    7.5000   37.5000    0.0000 9011.0244   23.7200
   -7.5000   45.0000    0.0000 8403.4912   22.8460
    0.0000   45.0000    0.0000 9070.3975   22.8573
    7.5000   45.0000    0.0000 8505.9658   22.8610
   -7.5000  -45.0000    7.5000 5343.1040   27.3739
    0.0000  -45.0000    7.5000 5657.3745   27.4070
    7.5000  -45.0000    7.5000 5449.8945   27.4253
   -7.5000  -37.5000    7.5000 5865.2021   27.7132
    0.0000  -37.5000    7.5000 6188.2524   27.7236
    7.5000  -37.5000    7.5000 5960.8706   27.7268
   -7.5000  -30.0000    7.5000 6466.7979   27.2997
    0.0000  -30.0000    7.5000 6822.6592   27.2976
    7.5000  -30.0000    7.5000 6565.1699   27.2881
   -7.5000  -22.5000    7.5000 6883.0620   26.4538
    0.0000  -22.5000    7.5000 7298.0278   26.4606
    7.5000  -22.5000    7.5000 6992.3994   26.4460
   -7.5000  -15.0000    7.5000 7637.4111   25.8536
    0.0000  -15.0000    7.5000 8108.0000   25.8811
    7.5000  -15.0000    7.5000 7738.5278   25.8755
   -7.5000   -7.5000    7.5000 8489.4209   25.5632
    0.0000   -7.5000    7.5000 9082.9512   25.5998
    7.5000   -7.5000    7.5000 8629.0332   25.6073
   -7.5000    0.0000    7.5000 9414.7949   25.4960
    0.0000    0.0000    7.500010345.0410   25.5204
    7.5000    0.0000    7.5000 9741.2588   25.5310
   -7.5000    7.5000    7.5000 9556.1348   25.4933
    0.0000    7.5000    7.500010857.5049   25.4997
    7.5000    7.5000    7.500010062.1455   25.5043
   -7.5000   15.0000    7.5000 9553.3857   25.2033
    0.0000   15.0000    7.500010933.7441   25.2017
    7.5000   15.0000    7.5000 9981.0273   25.1949
   -7.5000   22.5000    7.5000 9232.9512   24.6366
    0.0000   22.5000    7.500010458.2959   24.6433
    7.5000   22.5000    7.5000 9512.4463   24.6297
   -7.5000   30.0000    7.5000 9095.1465   24.6167
    0.0000   30.0000    7.500010172.8711   24.6429
    7.5000   30.0000    7.5000 9296.4258   24.6372
   -7.5000   37.5000    7.5000 8651.0889   23.8677
    0.0000   37.5000    7.5000 9518.7930   23.9019
    7.5000   37.5000    7.5000 8792.4512   23.9087
   -7.5000   45.0000    7.5000 8156.4771   23.0140
    0.0000   45.0000    7.5000 8896.2588   23.0360
    7.5000   45.0000    7.5000 8285.0498   23.0456
   -7.5000  -45.0000   15.0000 5152.2368   28.1347
    0.0000  -45.0000   15.0000 5428.6675   28.1649
    7.5000  -45.0000   15.0000 5227.3604   28.1783
   -7.5000  -37.5000   15.0000 5651.9702   28.4603
    0.0000  -37.5000   15.0000 5948.1924   28.4642
    7.5000  -37.5000   15.0000 5717.1460   28.4612
   -7.5000  -30.0000   15.0000 6236.3164   28.0150
    0.0000  -30.0000   15.0000 6582.0923   28.0005
    7.5000  -30.0000   15.0000 6315.2944   27.9806
   -7.5000  -22.5000   15.0000 6647.4111   27.1124
    0.0000  -22.5000   15.0000 7064.1738   27.1063
    7.5000  -22.5000   15.0000 6757.7520   27.0833
   -7.5000  -15.0000   15.0000 7396.7935   26.4781
    0.0000  -15.0000   15.0000 7903.2842   26.4980
    7.5000  -15.0000   15.0000 7525.3042   26.4875
   -7.5000   -7.5000   15.0000 8224.2539   26.1809
    0.0000   -7.5000   15.0000 8821.7070   26.2155
    7.5000   -7.5000   15.0000 8374.1045   26.2200
   -7.5000    0.0000   15.0000 9142.1035   26.1201
    0.0000    0.0000   15.0000 9994.7422   26.1439
    7.5000    0.0000   15.0000 9372.1709   26.1518
   -7.5000    7.5000   15.0000 9304.3457   26.1232
    0.0000    7.5000   15.000010494.2754   26.1244
    7.5000    7.5000   15.0000 9620.1924   26.1234
   -7.5000   15.0000   15.0000 9262.8047   25.8223
    0.0000   15.0000   15.000010517.8291   25.8105
    7.5000   15.0000   15.0000 9554.9463   25.7954
   -7.5000   22.5000   15.0000 8949.8652   25.2295
    0.0000   22.5000   15.000010042.0020   25.2251
    7.5000   22.5000   15.0000 9195.5811   25.2045
   -7.5000   30.0000   15.0000 8789.8418   25.2035
    0.0000   30.0000   15.0000 9741.3242   25.2226
    7.5000   30.0000   15.0000 9001.7480   25.2121
   -7.5000   37.5000   15.0000 8319.4834   24.4432
    0.0000   37.5000   15.0000 9130.5215   24.4757
    7.5000   37.5000   15.0000 8500.7129   24.4797
   -7.5000   45.0000   15.0000 7842.7651   23.5773
    0.0000   45.0000   15.0000 8569.0723   23.5988
    7.5000   45.0000   15.0000 7992.4121   23.6060
   -7.5000  -45.0000   22.5000 4895.8687   29.0346
    0.0000  -45.0000   22.5000 5198.0532   29.0446
    7.5000  -45.0000   22.5000 4956.2598   29.0441
   -7.5000  -37.5000   22.5000 5380.6338   29.3296
    0.0000  -37.5000   22.5000 5713.0649   29.3113
    7.5000  -37.5000   22.5000 5449.9556   29.2926
   -7.5000  -30.0000   22.5000 5977.9756   28.8356
    0.0000  -30.0000   22.5000 6356.6113   28.8017
    7.5000  -30.0000   22.5000 6057.0605   28.7707
   -7.5000  -22.5000   22.5000 6405.4482   27.8617
    0.0000  -22.5000   22.5000 6822.8906   27.8423
    7.5000  -22.5000   22.5000 6495.5610   27.8158
   -7.5000  -15.0000   22.5000 7143.6489   27.1834
    0.0000  -15.0000   22.5000 7610.4116   27.1942
    7.5000  -15.0000   22.5000 7221.8159   27.1836
   -7.5000   -7.5000   22.5000 7959.1592   26.8750
    0.0000   -7.5000   22.5000 8500.3232   26.9001
    7.5000   -7.5000   22.5000 8014.0850   26.9020
   -7.5000    0.0000   22.5000 8864.8223   26.8267
    0.0000    0.0000   22.5000 9686.9561   26.8365
    7.5000    0.0000   22.5000 8986.2568   26.8356
   -7.5000    7.5000   22.5000 9008.2646   26.8391
    0.0000    7.5000   22.500010053.5000   26.8233
    7.5000    7.5000   22.5000 9206.7920   26.8095
   -7.5000   15.0000   22.5000 8883.6895   26.5192
    0.0000   15.0000   22.5000 9753.3525   26.4918
    7.5000   15.0000   22.5000 9033.2441   26.4678
   -7.5000   22.5000   22.5000 8551.8594   25.9094
    0.0000   22.5000   22.5000 9275.0898   25.8936
    7.5000   22.5000   22.5000 8643.8604   25.8701
   -7.5000   30.0000   22.5000 8425.7480   25.8751
    0.0000   30.0000   22.5000 9106.0430   25.8856
    7.5000   30.0000   22.5000 8521.2295   25.8749
   -7.5000   37.5000   22.5000 7992.5039   25.1127
    0.0000   37.5000   22.5000 8636.3730   25.1362
    7.5000   37.5000   22.5000 8102.2402   25.1378
   -7.5000   45.0000   22.5000 7544.9800   24.2483
    0.0000   45.0000   22.5000 8142.6948   24.2572
    7.5000   45.0000   22.5000 7640.7241   24.2564
   -7.5000  -45.0000   30.0000 4826.0532   30.4267
    0.0000  -45.0000   30.0000 5159.5723   30.4299
    7.5000  -45.0000   30.0000 4907.2612   30.4326
   -7.5000  -37.5000   30.0000 5346.9360   30.6903
    0.0000  -37.5000   30.0000 5681.8975   30.6652
    7.5000  -37.5000   30.0000 5420.5347   30.6484
   -7.5000  -30.0000   30.0000 5953.1167   30.1163
    0.0000  -30.0000   30.0000 6324.6240   30.0847
    7.5000  -30.0000   30.0000 6023.3853   30.0636
   -7.5000  -22.5000   30.0000 6362.9131   29.0636
    0.0000  -22.5000   30.0000 6753.3350   29.0539
    7.5000  -22.5000   30.0000 6438.0073   29.0426
   -7.5000  -15.0000   30.0000 7077.3208   28.3390
    0.0000  -15.0000   30.0000 7498.0684   28.3579
    7.5000  -15.0000   30.0000 7150.4053   28.3621
   -7.5000   -7.5000   30.0000 7879.6113   28.0099
    0.0000   -7.5000   30.0000 8378.7852   28.0366
    7.5000   -7.5000   30.0000 7939.5537   28.0483
   -7.5000    0.0000   30.0000 8726.9023   27.9591
    0.0000    0.0000   30.0000 9471.7080   27.9638
    7.5000    0.0000   30.0000 8900.9580   27.9661
   -7.5000    7.5000   30.0000 8731.0977   27.9671
    0.0000    7.5000   30.0000 9467.1367   27.9468
    7.5000    7.5000   30.0000 8977.1670   27.9357
   -7.5000   15.0000   30.0000 8498.9082   27.6261
    0.0000   15.0000   30.0000 9027.1562   27.6016
    7.5000   15.0000   30.0000 8656.6338   27.5860
   -7.5000   22.5000   30.0000 8275.1699   26.9913
    0.0000   22.5000   30.0000 8743.6133   26.9839
    7.5000   22.5000   30.0000 8354.8643   26.9741
   -7.5000   30.0000   30.0000 8279.1504   26.9605
    0.0000   30.0000   30.0000 8815.6309   26.9787
    7.5000   30.0000   30.0000 8341.8232   26.9819
   -7.5000   37.5000   30.0000 7920.2373   26.1705
    0.0000   37.5000   30.0000 8454.1670   26.1956
    7.5000   37.5000   30.0000 7977.4751   26.2062
   -7.5000   45.0000   30.0000 7510.0386   25.2719
    0.0000   45.0000   30.0000 7999.2842   25.2762
    7.5000   45.0000   30.0000 7562.9087   25.2783
   -7.5000  -45.0000   37.5000 4591.5659   31.2823
    0.0000  -45.0000   37.5000 4896.4512   31.2945
    7.5000  -45.0000   37.5000 4660.1924   31.3073
   -7.5000  -37.5000   37.5000 5092.1328   31.5547
    0.0000  -37.5000   37.5000 5412.8154   31.5415
    7.5000  -37.5000   37.5000 5148.9761   31.5357
   -7.5000  -30.0000   37.5000 5645.1299   30.9388
    0.0000  -30.0000   37.5000 5988.2104   30.9246
    7.5000  -30.0000   37.5000 5714.4546   30.9198
   -7.5000  -22.5000   37.5000 6028.9155   29.8536
    0.0000  -22.5000   37.5000 6370.4771   29.8617
    7.5000  -22.5000   37.5000 6108.9580   29.8653
   -7.5000  -15.0000   37.5000 6707.0503   29.0958
    0.0000  -15.0000   37.5000 7079.3237   29.1270
    7.5000  -15.0000   37.5000 6789.9712   29.1418
   -7.5000   -7.5000   37.5000 7450.8540   28.7274
    0.0000   -7.5000   37.5000 7906.7188   28.7607
    7.5000   -7.5000   37.5000 7555.8623   28.7800
   -7.5000    0.0000   37.5000 8198.2217   28.6443
    0.0000    0.0000   37.5000 8796.5850   28.6540
    7.5000    0.0000   37.5000 8403.2041   28.6632
   -7.5000    7.5000   37.5000 8116.0835   28.6394
    0.0000    7.5000   37.5000 8612.8779   28.6288
    7.5000    7.5000   37.5000 8312.1533   28.6282
   -7.5000   15.0000   37.5000 7916.2026   28.2995
    0.0000   15.0000   37.5000 8292.8223   28.2897
    7.5000   15.0000   37.5000 8032.9956   28.2881
   -7.5000   22.5000   37.5000 7809.2070   27.6828
    0.0000   22.5000   37.5000 8216.0479   27.6905
    7.5000   22.5000   37.5000 7858.9292   27.6937
   -7.5000   30.0000   37.5000 7874.8154   27.6643
    0.0000   30.0000   37.5000 8333.9375   27.6940
    7.5000   30.0000   37.5000 7907.2271   27.7071
   -7.5000   37.5000   37.5000 7540.1543   26.8387
    0.0000   37.5000   37.5000 7977.4814   26.8699
    7.5000   37.5000   37.5000 7562.4233   26.8876
   -7.5000   45.0000   37.5000 7144.4683   25.8880
    0.0000   45.0000   37.5000 7556.8896   25.8969
    7.5000   45.0000   37.5000 7185.8516   25.9051
   -7.5000  -45.0000   45.0000 4355.5127   32.0883
    0.0000  -45.0000   45.0000 4626.6904   32.1156
    7.5000  -45.0000   45.0000 4398.1997   32.1402
   -7.5000  -37.5000   45.0000 4805.0244   32.3668
    0.0000  -37.5000   45.0000 5091.7725   32.3654
    7.5000  -37.5000   45.0000 4865.7314   32.3686
   -7.5000  -30.0000   45.0000 5331.5566   31.7323
    0.0000  -30.0000   45.0000 5618.8735   31.7241
    7.5000  -30.0000   45.0000 5397.5244   31.7194
   -7.5000  -22.5000   45.0000 5722.5928   30.6326
    0.0000  -22.5000   45.0000 6018.3906   30.6428
    7.5000  -22.5000   45.0000 5779.3481   30.6380
   -7.5000  -15.0000   45.0000 6363.7808   29.8282
    0.0000  -15.0000   45.0000 6710.3428   29.8634
    7.5000  -15.0000   45.0000 6440.1577   29.8699
   -7.5000   -7.5000   45.0000 7055.2471   29.4181
    0.0000   -7.5000   45.0000 7478.8218   29.4582
    7.5000   -7.5000   45.0000 7167.7065   29.4762
   -7.5000    0.0000   45.0000 7717.8184   29.3071
    0.0000    0.0000   45.0000 8190.6958   29.3259
    7.5000    0.0000   45.0000 7861.8257   29.3411
   -7.5000    7.5000   45.0000 7623.4673   29.2955
    0.0000    7.5000   45.0000 7972.3955   29.2934
    7.5000    7.5000   45.0000 7712.8921   29.3003
   -7.5000   15.0000   45.0000 7462.5020   28.9609
    0.0000   15.0000   45.0000 7775.5342   28.9553
    7.5000   15.0000   45.0000 7507.6152   28.9540
   -7.5000   22.5000   45.0000 7404.8657   28.3541
    0.0000   22.5000   45.0000 7751.9614   28.3636
    7.5000   22.5000   45.0000 7423.5933   28.3590
   -7.5000   30.0000   45.0000 7451.7725   28.3401
    0.0000   30.0000   45.0000 7831.3682   28.3736
    7.5000   30.0000   45.0000 7468.0195   28.3790
   -7.5000   37.5000   45.0000 7128.4492   27.4740
    0.0000   37.5000   45.0000 7489.1021   27.5117
    7.5000   37.5000   45.0000 7138.5957   27.5280
   -7.5000   45.0000   45.0000 6747.9487   26.4704
    0.0000   45.0000   45.0000 7111.2495   26.4874
    7.5000   45.0000   45.0000 6772.5220   26.5011

---------------------------------------------------------------------
imgreg_4dfp /opt/freesurfer/average/711-2C_as_mni_average_305 /opt/freesurfer/average/711-2B_as_mni_average_305_mask talsrcimg_g11 none talsrcimg_to_711-2C_as_mni_average_305_t4 4355
---------------------------------------------------------------------

freesurfer imgreg_4dfp.c
/opt/freesurfer/average/711-2C_as_mni_average_305.4dfp.img
       256       256       256         1
  1.000000  1.000000  1.000000
orientation T byte_order littleendian
Reading image: /opt/freesurfer/average/711-2C_as_mni_average_305.4dfp.img
dimensions:      256       256       256
mmppix:       1.0000   -1.0000   -1.0000
center:     128.0000 -129.0000 -129.0000
/opt/freesurfer/average/711-2B_as_mni_average_305_mask.4dfp.img
       256       256       256         1
  1.000000  1.000000  1.000000
orientation T byte_order littleendian
Reading mask: /opt/freesurfer/average/711-2B_as_mni_average_305_mask.4dfp.img (2306576 pixels)
talsrcimg_g11.4dfp.img
       320       320       320         1
  0.700000  0.700000  0.700000
orientation T byte_order littleendian
Reading image: talsrcimg_g11.4dfp.img
dimensions:      320       320       320
mmppix:       0.7000   -0.7000   -0.7000
center:     112.0000 -112.7000 -112.7000
rotation matrix determinant  1.000000
image alignment mode   4355 decimal     1103 hex
   -7.5000  -30.0000  -37.5000 2097.7183   31.2300
    0.0000  -30.0000  -37.5000 2121.7659   31.1417
    7.5000  -30.0000  -37.5000 2120.5972   30.9738
   -7.5000  -22.5000  -37.5000 2197.4641   28.5030
    0.0000  -22.5000  -37.5000 2219.1487   28.4086
    7.5000  -22.5000  -37.5000 2216.6121   28.2393
   -7.5000  -15.0000  -37.5000 2274.3623   26.4828
    0.0000  -15.0000  -37.5000 2295.7148   26.2872
    7.5000  -15.0000  -37.5000 2291.4070   26.1962
   -7.5000   -7.5000  -37.5000 2329.8298   25.0781
    0.0000   -7.5000  -37.5000 2346.6223   24.7161
    7.5000   -7.5000  -37.5000 2342.9253   24.7359
   -7.5000    0.0000  -37.5000 2366.0342   24.1635
    0.0000    0.0000  -37.5000 2376.7349   23.7573
    7.5000    0.0000  -37.5000 2374.2358   23.7692
   -7.5000    7.5000  -37.5000 2379.9277   23.6772
    0.0000    7.5000  -37.5000 2391.8828   23.2530
    7.5000    7.5000  -37.5000 2389.1990   23.2417
   -7.5000   15.0000  -37.5000 2391.0940   23.5481
    0.0000   15.0000  -37.5000 2403.9216   23.1561
    7.5000   15.0000  -37.5000 2395.4473   23.1087
   -7.5000   22.5000  -37.5000 2376.6709   23.9682
    0.0000   22.5000  -37.5000 2395.4502   23.6038
    7.5000   22.5000  -37.5000 2393.1274   23.5775
   -7.5000   30.0000  -37.5000 2341.3909   24.7017
    0.0000   30.0000  -37.5000 2366.2888   24.3730
    7.5000   30.0000  -37.5000 2366.6055   24.3661
   -7.5000   37.5000  -37.5000 2272.5522   25.5392
    0.0000   37.5000  -37.5000 2299.6165   25.2841
    7.5000   37.5000  -37.5000 2298.7327   25.3102
   -7.5000   45.0000  -37.5000 2158.0027   26.5108
    0.0000   45.0000  -37.5000 2185.2603   26.2026
    7.5000   45.0000  -37.5000 2183.5007   26.2265
   -7.5000   52.5000  -37.5000 2018.4518   27.4877
    0.0000   52.5000  -37.5000 2047.8363   27.1429
    7.5000   52.5000  -37.5000 2046.5227   27.1541
   -7.5000   60.0000  -37.5000 1857.0040   28.4910
    0.0000   60.0000  -37.5000 1884.6083   28.1683
    7.5000   60.0000  -37.5000 1878.6678   28.1610
   -7.5000  -30.0000  -30.0000 2214.9053   31.5926
    0.0000  -30.0000  -30.0000 2239.6248   31.2875
    7.5000  -30.0000  -30.0000 2232.7642   31.1490
   -7.5000  -22.5000  -30.0000 2316.7393   28.6837
    0.0000  -22.5000  -30.0000 2339.3926   28.4073
    7.5000  -22.5000  -30.0000 2332.1206   28.2573
   -7.5000  -15.0000  -30.0000 2402.7600   26.5555
    0.0000  -15.0000  -30.0000 2422.1736   26.2433
    7.5000  -15.0000  -30.0000 2414.3320   26.1231
   -7.5000   -7.5000  -30.0000 2463.4272   25.0273
    0.0000   -7.5000  -30.0000 2475.2151   24.6584
    7.5000   -7.5000  -30.0000 2472.0237   24.5635
   -7.5000    0.0000  -30.0000 2501.1372   24.0329
    0.0000    0.0000  -30.0000 2506.7107   23.5668
    7.5000    0.0000  -30.0000 2504.7295   23.5017
   -7.5000    7.5000  -30.0000 2519.3142   23.3918
    0.0000    7.5000  -30.0000 2527.0806   22.9266
    7.5000    7.5000  -30.0000 2520.6804   22.8592
   -7.5000   15.0000  -30.0000 2528.0227   23.1752
    0.0000   15.0000  -30.0000 2539.9219   22.7257
    7.5000   15.0000  -30.0000 2528.4114   22.6863
   -7.5000   22.5000  -30.0000 2519.8911   23.4770
    0.0000   22.5000  -30.0000 2539.6758   23.0797
    7.5000   22.5000  -30.0000 2528.1592   23.0431
   -7.5000   30.0000  -30.0000 2487.8240   24.1103
    0.0000   30.0000  -30.0000 2514.4424   23.7422
    7.5000   30.0000  -30.0000 2505.0254   23.7423
   -7.5000   37.5000  -30.0000 2420.4165   24.9942
    0.0000   37.5000  -30.0000 2443.2522   24.6165
    7.5000   37.5000  -30.0000 2437.8271   24.6570
   -7.5000   45.0000  -30.0000 2306.4089   25.9976
    0.0000   45.0000  -30.0000 2328.7483   25.5984
    7.5000   45.0000  -30.0000 2324.8416   25.6072
   -7.5000   52.5000  -30.0000 2157.0286   26.8908
    0.0000   52.5000  -30.0000 2186.8860   26.5267
    7.5000   52.5000  -30.0000 2180.5527   26.5475
   -7.5000   60.0000  -30.0000 1978.9874   27.8415
    0.0000   60.0000  -30.0000 2012.7441   27.5132
    7.5000   60.0000  -30.0000 2002.5878   27.4796
   -7.5000  -30.0000  -22.5000 2261.7556   30.8740
    0.0000  -30.0000  -22.5000 2282.2058   30.4627
    7.5000  -30.0000  -22.5000 2271.5552   30.3853
   -7.5000  -22.5000  -22.5000 2366.3044   27.9475
    0.0000  -22.5000  -22.5000 2385.4285   27.5173
    7.5000  -22.5000  -22.5000 2376.8020   27.4354
   -7.5000  -15.0000  -22.5000 2449.8997   25.6862
    0.0000  -15.0000  -22.5000 2461.6458   25.2589
    7.5000  -15.0000  -22.5000 2457.5959   25.1740
   -7.5000   -7.5000  -22.5000 2509.3669   24.0893
    0.0000   -7.5000  -22.5000 2519.9517   23.6479
    7.5000   -7.5000  -22.5000 2515.5405   23.5445
   -7.5000    0.0000  -22.5000 2546.6042   22.9525
    0.0000    0.0000  -22.5000 2562.6003   22.5527
    7.5000    0.0000  -22.5000 2555.1182   22.4109
   -7.5000    7.5000  -22.5000 2573.3254   22.2212
    0.0000    7.5000  -22.5000 2586.5195   21.7412
    7.5000    7.5000  -22.5000 2576.4956   21.6166
   -7.5000   15.0000  -22.5000 2587.6528   22.0046
    0.0000   15.0000  -22.5000 2600.0764   21.4554
    7.5000   15.0000  -22.5000 2583.9841   21.3802
   -7.5000   22.5000  -22.5000 2584.5386   22.2220
    0.0000   22.5000  -22.5000 2600.1296   21.7023
    7.5000   22.5000  -22.5000 2588.3762   21.6589
   -7.5000   30.0000  -22.5000 2562.4487   22.7740
    0.0000   30.0000  -22.5000 2576.4531   22.2397
    7.5000   30.0000  -22.5000 2567.4641   22.2517
   -7.5000   37.5000  -22.5000 2494.4648   23.5787
    0.0000   37.5000  -22.5000 2506.2671   23.0938
    7.5000   37.5000  -22.5000 2498.6589   23.0946
   -7.5000   45.0000  -22.5000 2373.2483   24.4701
    0.0000   45.0000  -22.5000 2388.2703   24.0390
    7.5000   45.0000  -22.5000 2382.4939   24.0211
   -7.5000   52.5000  -22.5000 2213.1541   25.3461
    0.0000   52.5000  -22.5000 2238.4434   24.9268
    7.5000   52.5000  -22.5000 2235.5149   24.9778
   -7.5000   60.0000  -22.5000 2035.5579   26.2286
    0.0000   60.0000  -22.5000 2061.9924   25.8191
    7.5000   60.0000  -22.5000 2055.0112   25.8217
   -7.5000  -30.0000  -15.0000 2338.5112   31.2458
    0.0000  -30.0000  -15.0000 2363.4812   30.7555
    7.5000  -30.0000  -15.0000 2352.3762   30.6160
   -7.5000  -22.5000  -15.0000 2455.7754   28.1861
    0.0000  -22.5000  -15.0000 2478.9224   27.6934
    7.5000  -22.5000  -15.0000 2466.2344   27.5898
   -7.5000  -15.0000  -15.0000 2544.2681   25.8037
    0.0000  -15.0000  -15.0000 2564.7681   25.3190
    7.5000  -15.0000  -15.0000 2554.9187   25.2373
   -7.5000   -7.5000  -15.0000 2604.6597   24.0422
    0.0000   -7.5000  -15.0000 2620.4341   23.5815
    7.5000   -7.5000  -15.0000 2615.1189   23.5073
   -7.5000    0.0000  -15.0000 2644.9958   22.7753
    0.0000    0.0000  -15.0000 2660.2483   22.3363
    7.5000    0.0000  -15.0000 2655.4514   22.2315
   -7.5000    7.5000  -15.0000 2683.5139   21.8951
    0.0000    7.5000  -15.0000 2691.1733   21.3617
    7.5000    7.5000  -15.0000 2681.5579   21.2212
   -7.5000   15.0000  -15.0000 2706.0076   21.6042
    0.0000   15.0000  -15.0000 2704.5789   20.9441
    7.5000   15.0000  -15.0000 2693.6506   20.8321
   -7.5000   22.5000  -15.0000 2704.1294   21.7685
    0.0000   22.5000  -15.0000 2704.7554   21.0902
    7.5000   22.5000  -15.0000 2694.0515   21.0199
   -7.5000   30.0000  -15.0000 2677.2903   22.3602
    0.0000   30.0000  -15.0000 2681.0852   21.6605
    7.5000   30.0000  -15.0000 2675.6064   21.6412
   -7.5000   37.5000  -15.0000 2613.9133   23.1461
    0.0000   37.5000  -15.0000 2616.5515   22.5288
    7.5000   37.5000  -15.0000 2610.9280   22.5348
   -7.5000   45.0000  -15.0000 2490.8696   23.9789
    0.0000   45.0000  -15.0000 2497.8008   23.4162
    7.5000   45.0000  -15.0000 2493.2058   23.4434
   -7.5000   52.5000  -15.0000 2331.1985   24.8646
    0.0000   52.5000  -15.0000 2346.1414   24.2902
    7.5000   52.5000  -15.0000 2338.4553   24.3898
   -7.5000   60.0000  -15.0000 2142.3201   25.7143
    0.0000   60.0000  -15.0000 2161.8499   25.1992
    7.5000   60.0000  -15.0000 2158.2903   25.2622
   -7.5000  -30.0000   -7.5000 2387.3044   31.5586
    0.0000  -30.0000   -7.5000 2412.1057   31.0180
    7.5000  -30.0000   -7.5000 2408.2075   30.8713
   -7.5000  -22.5000   -7.5000 2507.2446   28.3740
    0.0000  -22.5000   -7.5000 2531.3894   27.8969
    7.5000  -22.5000   -7.5000 2527.5181   27.6783
   -7.5000  -15.0000   -7.5000 2601.9756   25.8867
    0.0000  -15.0000   -7.5000 2625.5713   25.5028
    7.5000  -15.0000   -7.5000 2619.7612   25.2954
   -7.5000   -7.5000   -7.5000 2665.7478   23.9975
    0.0000   -7.5000   -7.5000 2688.9377   23.7187
    7.5000   -7.5000   -7.5000 2682.7874   23.5431
   -7.5000    0.0000   -7.5000 2706.8552   22.6848
    0.0000    0.0000   -7.5000 2722.7712   22.3482
    7.5000    0.0000   -7.5000 2720.9751   22.2012
   -7.5000    7.5000   -7.5000 2740.6079   21.6843
    0.0000    7.5000   -7.5000 2747.6602   21.2630
    7.5000    7.5000   -7.5000 2750.3743   21.1029
   -7.5000   15.0000   -7.5000 2765.5229   21.2754
    0.0000   15.0000   -7.5000 2758.8230   20.6004
    7.5000   15.0000   -7.5000 2757.7170   20.5116
   -7.5000   22.5000   -7.5000 2771.9373   21.4122
    0.0000   22.5000   -7.5000 2764.2803   20.6589
    7.5000   22.5000   -7.5000 2765.9004   20.6543
   -7.5000   30.0000   -7.5000 2761.7966   21.9817
    0.0000   30.0000   -7.5000 2762.9885   21.3325
    7.5000   30.0000   -7.5000 2769.4756   21.3617
   -7.5000   37.5000   -7.5000 2695.6897   22.6992
    0.0000   37.5000   -7.5000 2706.4902   22.1271
    7.5000   37.5000   -7.5000 2707.8765   22.1657
   -7.5000   45.0000   -7.5000 2572.4888   23.5076
    0.0000   45.0000   -7.5000 2588.2415   22.9799
    7.5000   45.0000   -7.5000 2585.2815   23.0099
   -7.5000   52.5000   -7.5000 2412.1541   24.4456
    0.0000   52.5000   -7.5000 2426.9895   23.8678
    7.5000   52.5000   -7.5000 2425.4380   23.8912
   -7.5000   60.0000   -7.5000 2224.4712   25.3742
    0.0000   60.0000   -7.5000 2237.8704   24.7556
    7.5000   60.0000   -7.5000 2240.8091   24.7859
   -7.5000  -30.0000    0.0000 2385.4783   31.7228
    0.0000  -30.0000    0.0000 2416.4392   31.2844
    7.5000  -30.0000    0.0000 2399.8057   31.0657
   -7.5000  -22.5000    0.0000 2507.9575   28.4671
    0.0000  -22.5000    0.0000 2537.8311   28.0887
    7.5000  -22.5000    0.0000 2522.7231   27.8634
   -7.5000  -15.0000    0.0000 2611.0002   25.9164
    0.0000  -15.0000    0.0000 2639.7314   25.6363
    7.5000  -15.0000    0.0000 2621.9448   25.3810
   -7.5000   -7.5000    0.0000 2693.5784   24.0670
    0.0000   -7.5000    0.0000 2716.5586   23.8870
    7.5000   -7.5000    0.0000 2701.3186   23.6510
   -7.5000    0.0000    0.0000 2757.9231   22.8837
    0.0000    0.0000    0.0000 2770.7588   22.7774
    7.5000    0.0000    0.0000 2761.5852   22.5258
   -7.5000    7.5000    0.0000 2803.3423   22.0270
    0.0000    7.5000    0.0000 2818.6650   21.9945
    7.5000    7.5000    0.0000 2812.9895   21.7039
   -7.5000   15.0000    0.0000 2820.9836   21.4842
    0.0000   15.0000    0.0000 2835.0574   21.2724
    7.5000   15.0000    0.0000 2819.7563   21.0258
   -7.5000   22.5000    0.0000 2827.3562   21.3399
    0.0000   22.5000    0.0000 2848.7979   20.9561
    7.5000   22.5000    0.0000 2821.7673   20.8026
   -7.5000   30.0000    0.0000 2805.6682   21.6520
    0.0000   30.0000    0.0000 2838.4595   21.3376
    7.5000   30.0000    0.0000 2807.1252   21.1577
   -7.5000   37.5000    0.0000 2730.8657   22.1790
    0.0000   37.5000    0.0000 2764.5100   21.9324
    7.5000   37.5000    0.0000 2738.5432   21.7626
   -7.5000   45.0000    0.0000 2610.9028   23.0598
    0.0000   45.0000    0.0000 2632.9578   22.7075
    7.5000   45.0000    0.0000 2615.7190   22.5930
   -7.5000   52.5000    0.0000 2443.2600   23.9339
    0.0000   52.5000    0.0000 2477.2346   23.5638
    7.5000   52.5000    0.0000 2460.3086   23.4647
   -7.5000   60.0000    0.0000 2258.3796   24.9047
    0.0000   60.0000    0.0000 2294.6697   24.5157
    7.5000   60.0000    0.0000 2284.2268   24.4711
   -7.5000  -30.0000    7.5000 2372.1125   32.2132
    0.0000  -30.0000    7.5000 2388.2981   31.5387
    7.5000  -30.0000    7.5000 2379.3008   31.4741
   -7.5000  -22.5000    7.5000 2489.9072   28.8007
    0.0000  -22.5000    7.5000 2504.3804   28.2212
    7.5000  -22.5000    7.5000 2493.8496   28.1347
   -7.5000  -15.0000    7.5000 2597.2849   26.2080
    0.0000  -15.0000    7.5000 2611.4429   25.8390
    7.5000  -15.0000    7.5000 2599.0488   25.6624
   -7.5000   -7.5000    7.5000 2697.6252   24.4085
    0.0000   -7.5000    7.5000 2723.1162   24.2672
    7.5000   -7.5000    7.5000 2703.4021   24.0464
   -7.5000    0.0000    7.5000 2783.4937   23.2489
    0.0000    0.0000    7.5000 2831.6089   23.4675
    7.5000    0.0000    7.5000 2798.9941   23.0892
   -7.5000    7.5000    7.5000 2848.8845   22.4696
    0.0000    7.5000    7.5000 2943.2878   23.1260
    7.5000    7.5000    7.5000 2883.5208   22.5031
   -7.5000   15.0000    7.5000 2864.0061   21.9204
    0.0000   15.0000    7.5000 2986.6057   22.6292
    7.5000   15.0000    7.5000 2900.0046   21.9664
   -7.5000   22.5000    7.5000 2849.6328   21.4160
    0.0000   22.5000    7.5000 2938.0017   21.7438
    7.5000   22.5000    7.5000 2865.0864   21.3203
   -7.5000   30.0000    7.5000 2816.0220   21.3773
    0.0000   30.0000    7.5000 2874.4004   21.4154
    7.5000   30.0000    7.5000 2828.7148   21.1205
   -7.5000   37.5000    7.5000 2748.9875   21.8480
    0.0000   37.5000    7.5000 2775.2393   21.6350
    7.5000   37.5000    7.5000 2750.4773   21.4857
   -7.5000   45.0000    7.5000 2616.4968   22.6646
    0.0000   45.0000    7.5000 2637.3853   22.2680
    7.5000   45.0000    7.5000 2618.5703   22.1998
   -7.5000   52.5000    7.5000 2460.4629   23.6071
    0.0000   52.5000    7.5000 2485.2222   23.1698
    7.5000   52.5000    7.5000 2473.0298   23.1628
   -7.5000   60.0000    7.5000 2283.1277   24.6538
    0.0000   60.0000    7.5000 2314.7581   24.2158
    7.5000   60.0000    7.5000 2306.2312   24.2554
   -7.5000  -30.0000   15.0000 2363.7383   33.1804
    0.0000  -30.0000   15.0000 2370.9749   32.5295
    7.5000  -30.0000   15.0000 2375.3999   32.5733
   -7.5000  -22.5000   15.0000 2488.1565   29.7704
    0.0000  -22.5000   15.0000 2505.0125   29.4167
    7.5000  -22.5000   15.0000 2498.9895   29.3626
   -7.5000  -15.0000   15.0000 2602.8906   27.1170
    0.0000  -15.0000   15.0000 2637.7859   27.0326
    7.5000  -15.0000   15.0000 2620.9651   26.8707
   -7.5000   -7.5000   15.0000 2704.5115   25.1525
    0.0000   -7.5000   15.0000 2762.1655   25.3096
    7.5000   -7.5000   15.0000 2731.4119   25.0810
   -7.5000    0.0000   15.0000 2799.7039   23.7787
    0.0000    0.0000   15.0000 2872.8118   24.1340
    7.5000    0.0000   15.0000 2826.8679   23.7273
   -7.5000    7.5000   15.0000 2869.9492   22.8886
    0.0000    7.5000   15.0000 2978.3435   23.4758
    7.5000    7.5000   15.0000 2905.5740   22.8602
   -7.5000   15.0000   15.0000 2896.3772   22.2033
    0.0000   15.0000   15.0000 3018.3870   22.7826
    7.5000   15.0000   15.0000 2926.3938   22.1870
   -7.5000   22.5000   15.0000 2873.6460   21.6979
    0.0000   22.5000   15.0000 2965.9741   21.9751
    7.5000   22.5000   15.0000 2899.2192   21.6335
   -7.5000   30.0000   15.0000 2822.3525   21.5578
    0.0000   30.0000   15.0000 2882.2395   21.6669
    7.5000   30.0000   15.0000 2852.2839   21.5278
   -7.5000   37.5000   15.0000 2743.9883   21.8936
    0.0000   37.5000   15.0000 2773.7222   21.7263
    7.5000   37.5000   15.0000 2760.1873   21.7787
   -7.5000   45.0000   15.0000 2618.3784   22.6269
    0.0000   45.0000   15.0000 2648.4497   22.3616
    7.5000   45.0000   15.0000 2633.0154   22.4335
   -7.5000   52.5000   15.0000 2470.0178   23.5769
    0.0000   52.5000   15.0000 2493.7354   23.2445
    7.5000   52.5000   15.0000 2480.2546   23.2397
   -7.5000   60.0000   15.0000 2291.7888   24.5504
    0.0000   60.0000   15.0000 2316.9355   24.1826
    7.5000   60.0000   15.0000 2305.2473   24.1062
   -7.5000  -30.0000   22.5000 2361.8679   34.5186
    0.0000  -30.0000   22.5000 2398.1658   34.3095
    7.5000  -30.0000   22.5000 2382.8799   34.3064
   -7.5000  -22.5000   22.5000 2485.7385   30.9267
    0.0000  -22.5000   22.5000 2520.8113   30.8496
    7.5000  -22.5000   22.5000 2503.1018   30.7959
   -7.5000  -15.0000   22.5000 2604.3149   28.0382
    0.0000  -15.0000   22.5000 2636.7393   28.0674
    7.5000  -15.0000   22.5000 2621.4500   27.9733
   -7.5000   -7.5000   22.5000 2709.6890   25.8236
    0.0000   -7.5000   22.5000 2751.6365   25.9021
    7.5000   -7.5000   22.5000 2722.7495   25.7355
   -7.5000    0.0000   22.5000 2800.2546   24.1553
    0.0000    0.0000   22.5000 2857.0542   24.4213
    7.5000    0.0000   22.5000 2811.9182   24.0735
   -7.5000    7.5000   22.5000 2869.8760   23.0407
    0.0000    7.5000   22.5000 2957.2761   23.5552
    7.5000    7.5000   22.5000 2885.3755   22.9835
   -7.5000   15.0000   22.5000 2879.7068   22.1554
    0.0000   15.0000   22.5000 2982.1240   22.4849
    7.5000   15.0000   22.5000 2896.7239   22.1198
   -7.5000   22.5000   22.5000 2841.3298   21.6265
    0.0000   22.5000   22.5000 2905.7537   21.4932
    7.5000   22.5000   22.5000 2858.5386   21.5198
   -7.5000   30.0000   22.5000 2803.5950   21.7344
    0.0000   30.0000   22.5000 2828.3079   21.3711
    7.5000   30.0000   22.5000 2814.2827   21.5685
   -7.5000   37.5000   22.5000 2736.1042   22.2056
    0.0000   37.5000   22.5000 2768.7463   21.9673
    7.5000   37.5000   22.5000 2751.9446   22.0509
   -7.5000   45.0000   22.5000 2623.4114   22.9877
    0.0000   45.0000   22.5000 2649.5244   22.8088
    7.5000   45.0000   22.5000 2634.7432   22.8271
   -7.5000   52.5000   22.5000 2473.7112   23.9004
    0.0000   52.5000   22.5000 2494.0688   23.6361
    7.5000   52.5000   22.5000 2478.7869   23.6124
   -7.5000   60.0000   22.5000 2286.4377   24.7963
    0.0000   60.0000   22.5000 2314.7449   24.4582
    7.5000   60.0000   22.5000 2301.5242   24.4049
   -7.5000  -30.0000   30.0000 2341.5073   35.8171
    0.0000  -30.0000   30.0000 2372.3230   35.5215
    7.5000  -30.0000   30.0000 2358.6909   35.7424
   -7.5000  -22.5000   30.0000 2458.8540   31.9060
    0.0000  -22.5000   30.0000 2480.6899   31.6413
    7.5000  -22.5000   30.0000 2473.8464   31.8295
   -7.5000  -15.0000   30.0000 2574.1902   28.7355
    0.0000  -15.0000   30.0000 2595.1943   28.5401
    7.5000  -15.0000   30.0000 2585.2927   28.6610
   -7.5000   -7.5000   30.0000 2671.6277   26.1860
    0.0000   -7.5000   30.0000 2688.3315   25.9766
    7.5000   -7.5000   30.0000 2678.7751   26.1312
   -7.5000    0.0000   30.0000 2752.5330   24.3465
    0.0000    0.0000   30.0000 2777.5552   24.3216
    7.5000    0.0000   30.0000 2765.4302   24.3728
   -7.5000    7.5000   30.0000 2789.7922   22.9237
    0.0000    7.5000   30.0000 2850.8271   23.0537
    7.5000    7.5000   30.0000 2818.0461   22.9684
   -7.5000   15.0000   30.0000 2783.3682   21.7507
    0.0000   15.0000   30.0000 2819.3433   21.4795
    7.5000   15.0000   30.0000 2804.5608   21.7937
   -7.5000   22.5000   30.0000 2784.9307   21.4752
    0.0000   22.5000   30.0000 2792.6440   20.9780
    7.5000   22.5000   30.0000 2781.7346   21.3368
   -7.5000   30.0000   30.0000 2778.4250   21.8980
    0.0000   30.0000   30.0000 2805.7004   21.5892
    7.5000   30.0000   30.0000 2782.9797   21.7203
   -7.5000   37.5000   30.0000 2731.4558   22.6842
    0.0000   37.5000   30.0000 2757.0410   22.4188
    7.5000   37.5000   30.0000 2732.0156   22.4727
   -7.5000   45.0000   30.0000 2621.5786   23.6182
    0.0000   45.0000   30.0000 2643.7627   23.3164
    7.5000   45.0000   30.0000 2619.8945   23.2973
   -7.5000   52.5000   30.0000 2462.7373   24.5294
    0.0000   52.5000   30.0000 2489.9192   24.2298
    7.5000   52.5000   30.0000 2471.5269   24.1855
   -7.5000   60.0000   30.0000 2274.7595   25.3208
    0.0000   60.0000   30.0000 2303.5586   25.0673
    7.5000   60.0000   30.0000 2294.6572   25.0044
   -7.5000  -30.0000   37.5000 2292.0032   36.9468
    0.0000  -30.0000   37.5000 2312.5745   36.3697
    7.5000  -30.0000   37.5000 2305.8813   36.8642
   -7.5000  -22.5000   37.5000 2412.2993   32.7237
    0.0000  -22.5000   37.5000 2428.4692   32.1378
    7.5000  -22.5000   37.5000 2426.3450   32.6384
   -7.5000  -15.0000   37.5000 2525.5110   29.2921
    0.0000  -15.0000   37.5000 2530.5457   28.7175
    7.5000  -15.0000   37.5000 2539.4983   29.2905
   -7.5000   -7.5000   37.5000 2625.9854   26.6924
    0.0000   -7.5000   37.5000 2626.0999   26.2273
    7.5000   -7.5000   37.5000 2630.6243   26.6814
   -7.5000    0.0000   37.5000 2702.3770   24.7536
    0.0000    0.0000   37.5000 2719.2578   24.5357
    7.5000    0.0000   37.5000 2720.2605   24.8337
   -7.5000    7.5000   37.5000 2727.8669   23.1504
    0.0000    7.5000   37.5000 2760.5315   22.8870
    7.5000    7.5000   37.5000 2760.1460   23.2264
   -7.5000   15.0000   37.5000 2741.3093   21.9865
    0.0000   15.0000   37.5000 2738.4922   21.3003
    7.5000   15.0000   37.5000 2745.7039   21.9041
   -7.5000   22.5000   37.5000 2774.7991   21.9046
    0.0000   22.5000   37.5000 2793.6758   21.4433
    7.5000   22.5000   37.5000 2762.2678   21.7109
   -7.5000   30.0000   37.5000 2780.5525   22.5388
    0.0000   30.0000   37.5000 2811.0938   22.2542
    7.5000   30.0000   37.5000 2773.5828   22.3079
   -7.5000   37.5000   37.5000 2721.0632   23.3975
    0.0000   37.5000   37.5000 2743.3296   23.0900
    7.5000   37.5000   37.5000 2713.1633   23.1414
   -7.5000   45.0000   37.5000 2600.1934   24.2749
    0.0000   45.0000   37.5000 2619.1821   23.9661
    7.5000   45.0000   37.5000 2601.3740   23.9724
   -7.5000   52.5000   37.5000 2434.8711   25.1248
    0.0000   52.5000   37.5000 2460.2373   24.8518
    7.5000   52.5000   37.5000 2448.9683   24.8202
   -7.5000   60.0000   37.5000 2241.1064   25.8942
    0.0000   60.0000   37.5000 2274.0623   25.6417
    7.5000   60.0000   37.5000 2266.1711   25.6024
   -7.5000  -30.0000   45.0000 2217.0349   37.7186
    0.0000  -30.0000   45.0000 2237.6160   36.9101
    7.5000  -30.0000   45.0000 2235.9675   37.7042
   -7.5000  -22.5000   45.0000 2346.1711   33.3545
    0.0000  -22.5000   45.0000 2356.9421   32.5884
    7.5000  -22.5000   45.0000 2363.0200   33.3893
   -7.5000  -15.0000   45.0000 2466.0864   29.9765
    0.0000  -15.0000   45.0000 2472.5347   29.2841
    7.5000  -15.0000   45.0000 2477.1575   29.9948
   -7.5000   -7.5000   45.0000 2561.3601   27.3255
    0.0000   -7.5000   45.0000 2573.7417   26.8096
    7.5000   -7.5000   45.0000 2575.4248   27.3936
   -7.5000    0.0000   45.0000 2628.0454   25.2847
    0.0000    0.0000   45.0000 2648.7451   24.8313
    7.5000    0.0000   45.0000 2643.5857   25.3130
   -7.5000    7.5000   45.0000 2661.9580   23.6228
    0.0000    7.5000   45.0000 2652.9487   22.9029
    7.5000    7.5000   45.0000 2671.3391   23.5387
   -7.5000   15.0000   45.0000 2698.1909   22.5567
    0.0000   15.0000   45.0000 2698.9910   21.8496
    7.5000   15.0000   45.0000 2689.4531   22.3622
   -7.5000   22.5000   45.0000 2745.6721   22.6494
    0.0000   22.5000   45.0000 2760.1956   22.1689
    7.5000   22.5000   45.0000 2734.3677   22.4373
   -7.5000   30.0000   45.0000 2737.7891   23.2804
    0.0000   30.0000   45.0000 2762.3413   22.9092
    7.5000   30.0000   45.0000 2731.8911   23.0792
   -7.5000   37.5000   45.0000 2669.5542   24.1391
    0.0000   37.5000   45.0000 2686.7080   23.7914
    7.5000   37.5000   45.0000 2663.3430   23.8887
   -7.5000   45.0000   45.0000 2550.3416   25.0166
    0.0000   45.0000   45.0000 2569.0308   24.6496
    7.5000   45.0000   45.0000 2551.5349   24.7275
   -7.5000   52.5000   45.0000 2380.8130   25.8572
    0.0000   52.5000   45.0000 2408.4299   25.5288
    7.5000   52.5000   45.0000 2397.1201   25.5153
   -7.5000   60.0000   45.0000 2187.4473   26.6222
    0.0000   60.0000   45.0000 2214.6514   26.3228
    7.5000   60.0000   45.0000 2207.9563   26.2715
   -7.5000  -30.0000   52.5000 2124.6489   38.2417
    0.0000  -30.0000   52.5000 2142.6887   37.3460
    7.5000  -30.0000   52.5000 2145.2964   38.2922
   -7.5000  -22.5000   52.5000 2260.3684   33.8821
    0.0000  -22.5000   52.5000 2278.4900   33.0506
    7.5000  -22.5000   52.5000 2275.7214   33.8685
   -7.5000  -15.0000   52.5000 2378.6270   30.5555
    0.0000  -15.0000   52.5000 2394.6255   29.8555
    7.5000  -15.0000   52.5000 2385.8394   30.4975
   -7.5000   -7.5000   52.5000 2462.7026   27.8212
    0.0000   -7.5000   52.5000 2481.5610   27.2412
    7.5000   -7.5000   52.5000 2470.5261   27.7745
   -7.5000    0.0000   52.5000 2514.7920   25.7007
    0.0000    0.0000   52.5000 2522.9617   25.0177
    7.5000    0.0000   52.5000 2526.8435   25.6038
   -7.5000    7.5000   52.5000 2563.0737   24.0576
    0.0000    7.5000   52.5000 2567.7712   23.3010
    7.5000    7.5000   52.5000 2566.0022   23.8822
   -7.5000   15.0000   52.5000 2621.3887   23.1740
    0.0000   15.0000   52.5000 2626.8003   22.5597
    7.5000   15.0000   52.5000 2612.2759   22.9713
   -7.5000   22.5000   52.5000 2658.2566   23.3491
    0.0000   22.5000   52.5000 2672.4695   22.7900
    7.5000   22.5000   52.5000 2649.0913   23.0903
   -7.5000   30.0000   52.5000 2637.7981   23.9824
    0.0000   30.0000   52.5000 2658.2737   23.4747
    7.5000   30.0000   52.5000 2642.4753   23.7250
   -7.5000   37.5000   52.5000 2567.5090   24.7321
    0.0000   37.5000   52.5000 2583.0085   24.2564
    7.5000   37.5000   52.5000 2576.4497   24.4314
   -7.5000   45.0000   52.5000 2451.7092   25.4761
    0.0000   45.0000   52.5000 2471.5510   25.1008
    7.5000   45.0000   52.5000 2465.1091   25.2524
   -7.5000   52.5000   52.5000 2293.2827   26.3159
    0.0000   52.5000   52.5000 2318.7590   26.0334
    7.5000   52.5000   52.5000 2311.5225   26.0941
   -7.5000   60.0000   52.5000 2097.6794   27.0750
    0.0000   60.0000   52.5000 2117.9060   26.7978
    7.5000   60.0000   52.5000 2111.6306   26.8347

---------------------------------------------------------------------
imgreg_4dfp /opt/freesurfer/average/711-2C_as_mni_average_305 /opt/freesurfer/average/711-2B_as_mni_average_305_mask talsrcimg_g11 none talsrcimg_to_711-2C_as_mni_average_305_t4 1283
---------------------------------------------------------------------

freesurfer imgreg_4dfp.c
/opt/freesurfer/average/711-2C_as_mni_average_305.4dfp.img
       256       256       256         1
  1.000000  1.000000  1.000000
orientation T byte_order littleendian
Reading image: /opt/freesurfer/average/711-2C_as_mni_average_305.4dfp.img
dimensions:      256       256       256
mmppix:       1.0000   -1.0000   -1.0000
center:     128.0000 -129.0000 -129.0000
/opt/freesurfer/average/711-2B_as_mni_average_305_mask.4dfp.img
       256       256       256         1
  1.000000  1.000000  1.000000
orientation T byte_order littleendian
Reading mask: /opt/freesurfer/average/711-2B_as_mni_average_305_mask.4dfp.img (2306576 pixels)
talsrcimg_g11.4dfp.img
       320       320       320         1
  0.700000  0.700000  0.700000
orientation T byte_order littleendian
Reading image: talsrcimg_g11.4dfp.img
dimensions:      320       320       320
mmppix:       0.7000   -0.7000   -0.7000
center:     112.0000 -112.7000 -112.7000
rotation matrix determinant  1.000000
fimgreg.f
image alignment mode   1283 decimal      503 hex
parameters
    0.0000   15.0000   15.0000    0.0000    0.0000    0.0000
eta,q 0.94810 22.97300
niter,ni,del,rscale     5    3   12.0000    1.2000
parameter  4  2.930390 ->  0.500000 qaram    1.1500
parameters
    1.1921   13.4543   14.3063   -3.4500    0.8437   -0.1997
eta,q 0.95532 23.27623
  0.0859  0.0552  0.0560  0.0434  0.0587  0.0508
  0.0742  0.0506  0.0538  0.0443  0.0513  0.0478
  0.0618  0.0504  0.0517  0.0470  0.0466  0.0455
  0.0534  0.0512  0.0507  0.0509  0.0448  0.0447
  0.0512  0.0521  0.0519  0.0531  0.0451  0.0455
  0.0573  0.0577  0.0552  0.0561  0.0475  0.0482
  0.0704  0.0661  0.0600  0.0600  0.0523  0.0519
niter,ni,del,rscale     5    3   12.0000    1.2000
parameters
    0.9461   14.3408   14.6666   -6.0567    1.1914   -0.7569
eta,q 0.95763 23.28769
  0.0751  0.0640  0.0519  0.0476  0.0549  0.0478
  0.0593  0.0566  0.0490  0.0434  0.0483  0.0446
  0.0488  0.0489  0.0466  0.0425  0.0441  0.0428
  0.0447  0.0448  0.0446  0.0444  0.0424  0.0424
  0.0490  0.0455  0.0445  0.0485  0.0435  0.0435
  0.0622  0.0495  0.0469  0.0534  0.0468  0.0463
  0.0817  0.0562  0.0514  0.0567  0.0521  0.0502
niter,ni,del,rscale     4    3   12.0000    1.2000
parameters
    0.8567   14.7792   14.4123   -6.1975    1.3261   -0.9152
eta,q 0.95753 23.23736
  0.0735  0.0652  0.0488  0.0534  0.0540  0.0482
  0.0582  0.0532  0.0453  0.0467  0.0475  0.0451
  0.0474  0.0455  0.0432  0.0430  0.0438  0.0431
  0.0424  0.0424  0.0425  0.0425  0.0425  0.0425
  0.0456  0.0448  0.0434  0.0445  0.0438  0.0431
  0.0578  0.0508  0.0460  0.0480  0.0472  0.0455
  0.0774  0.0584  0.0500  0.0534  0.0528  0.0490
niter,ni,del,rscale     3    3   12.0000    1.2000
parameters
    0.8370   14.8732   14.4004   -6.2792    1.3649   -0.9536
eta,q 0.95750 23.22731
  0.0743  0.0625  0.0494  0.0536  0.0536  0.0484
  0.0588  0.0512  0.0456  0.0467  0.0473  0.0453
  0.0478  0.0444  0.0433  0.0430  0.0438  0.0432
  0.0425  0.0425  0.0425  0.0425  0.0425  0.0425
  0.0454  0.0457  0.0433  0.0445  0.0439  0.0431
  0.0572  0.0522  0.0456  0.0478  0.0474  0.0453
  0.0768  0.0596  0.0494  0.0531  0.0531  0.0487
niter,ni,del,rscale     2    3   12.0000    1.2000
parameters
    0.8274   14.8998   14.3835   -6.3113    1.3806   -0.9681
eta,q 0.95749 23.22390
  0.0744  0.0620  0.0494  0.0537  0.0535  0.0484
  0.0589  0.0509  0.0456  0.0468  0.0472  0.0453
  0.0478  0.0442  0.0432  0.0430  0.0438  0.0432
  0.0425  0.0425  0.0425  0.0425  0.0425  0.0425
  0.0454  0.0459  0.0433  0.0444  0.0440  0.0431
  0.0571  0.0524  0.0456  0.0477  0.0474  0.0452
  0.0767  0.0599  0.0494  0.0529  0.0532  0.0487
registration optimization eta report
parameter search radius
    6.0000    6.0000    6.0000    6.9000    6.0000    6.0000
100000*second partial in parameter space
       91.       50.       19.       23.       30.       17.
  0.0744  0.0620  0.0494  0.0537  0.0535  0.0484
  0.0589  0.0509  0.0456  0.0468  0.0472  0.0453
  0.0478  0.0442  0.0432  0.0430  0.0438  0.0432
  0.0425  0.0425  0.0425  0.0425  0.0425  0.0425
  0.0454  0.0459  0.0433  0.0444  0.0440  0.0431
  0.0571  0.0524  0.0456  0.0477  0.0474  0.0452
  0.0767  0.0599  0.0494  0.0529  0.0532  0.0487
    0.8274   14.8998   14.3835   -6.3113    1.3806   -0.9681
eta,q 0.95749 23.22390

---------------------------------------------------------------------
imgreg_4dfp /opt/freesurfer/average/711-2C_as_mni_average_305 /opt/freesurfer/average/711-2B_as_mni_average_305_mask talsrcimg_g11 none talsrcimg_to_711-2C_as_mni_average_305_t4 3335
---------------------------------------------------------------------

freesurfer imgreg_4dfp.c
/opt/freesurfer/average/711-2C_as_mni_average_305.4dfp.img
       256       256       256         1
  1.000000  1.000000  1.000000
orientation T byte_order littleendian
Reading image: /opt/freesurfer/average/711-2C_as_mni_average_305.4dfp.img
dimensions:      256       256       256
mmppix:       1.0000   -1.0000   -1.0000
center:     128.0000 -129.0000 -129.0000
/opt/freesurfer/average/711-2B_as_mni_average_305_mask.4dfp.img
       256       256       256         1
  1.000000  1.000000  1.000000
orientation T byte_order littleendian
Reading mask: /opt/freesurfer/average/711-2B_as_mni_average_305_mask.4dfp.img (2306576 pixels)
talsrcimg_g11.4dfp.img
       320       320       320         1
  0.700000  0.700000  0.700000
orientation T byte_order littleendian
Reading image: talsrcimg_g11.4dfp.img
dimensions:      320       320       320
mmppix:       0.7000   -0.7000   -0.7000
center:     112.0000 -112.7000 -112.7000
fimgreg.f
image alignment mode   3335 decimal      D07 hex
parameters
    0.8274   14.8998   14.3835   -0.0433   -0.6247   -0.6349
    1.9442   -2.2087   -1.6891   11.0320    2.4094  -10.9899
eta,q 0.95672 23.37636
niter,ni,del,rscale     5    3    5.0000    1.2000
parameter  5  0.933929 ->  0.500000 qaram    1.1500
parameter  6 -3.130395 -> -0.500000 qaram    1.1500
parameter 12  0.504605 ->  0.500000 qaram    1.1500
parameters
    0.7938   15.6903   13.4179   -3.3433   -4.7647    3.5051
    3.0642   -2.6604   -0.6694   10.3743    2.3094  -15.1299
eta,q 0.96522 23.33759
  0.0484  0.0475  0.0431  0.0433  0.0374  0.0412  0.0400  0.0414  0.0384  0.0391  0.0361  0.0350
  0.0456  0.0456  0.0429  0.0420  0.0377  0.0402  0.0376  0.0374  0.0368  0.0371  0.0355  0.0348
  0.0439  0.0442  0.0428  0.0415  0.0389  0.0392  0.0360  0.0356  0.0356  0.0356  0.0352  0.0348
  0.0433  0.0433  0.0430  0.0428  0.0415  0.0379  0.0352  0.0350  0.0350  0.0350  0.0350  0.0350
  0.0439  0.0430  0.0433  0.0472  0.0456  0.0364  0.0351  0.0358  0.0350  0.0357  0.0351  0.0356
  0.0457  0.0433  0.0437  0.0556  0.0507  0.0348  0.0360  0.0384  0.0357  0.0379  0.0355  0.0364
  0.0488  0.0442  0.0444  0.0669  0.0560  0.0355  0.0378  0.0437  0.0370  0.0415  0.0363  0.0375
niter,ni,del,rscale     7    3    5.0000    1.2000
parameters
    0.8131   16.4830   14.0903   -4.1439   -8.6932    3.1328
    2.9649   -2.6551   -0.5844   12.7899    2.6427  -16.0813
eta,q 0.96624 23.09683
  0.0386  0.0394  0.0360  0.0394  0.0348  0.0385  0.0366  0.0374  0.0360  0.0379  0.0342  0.0345
  0.0365  0.0374  0.0351  0.0376  0.0339  0.0374  0.0352  0.0352  0.0350  0.0364  0.0340  0.0341
  0.0353  0.0358  0.0346  0.0358  0.0339  0.0358  0.0344  0.0344  0.0344  0.0350  0.0339  0.0338
  0.0348  0.0348  0.0344  0.0343  0.0347  0.0338  0.0341  0.0341  0.0341  0.0341  0.0338  0.0338
  0.0351  0.0344  0.0343  0.0344  0.0373  0.0317  0.0344  0.0343  0.0343  0.0338  0.0338  0.0340
  0.0364  0.0347  0.0345  0.0376  0.0419  0.0340  0.0353  0.0352  0.0349  0.0340  0.0339  0.0343
  0.0386  0.0358  0.0347  0.0455  0.0482  0.0445  0.0367  0.0375  0.0360  0.0350  0.0342  0.0350
niter,ni,del,rscale     6    3    5.0000    1.2000
parameters
    0.9149   17.2202   14.3649   -3.5304  -10.2879    3.4818
    2.6868   -2.5154   -0.6735   13.5002    1.0502  -17.0621
eta,q 0.96714 22.99892
  0.0369  0.0373  0.0343  0.0391  0.0357  0.0381  0.0354  0.0371  0.0344  0.0352  0.0332  0.0336
  0.0353  0.0356  0.0339  0.0373  0.0344  0.0369  0.0341  0.0343  0.0336  0.0340  0.0330  0.0332
  0.0342  0.0344  0.0337  0.0354  0.0335  0.0354  0.0332  0.0333  0.0331  0.0333  0.0329  0.0329
  0.0338  0.0337  0.0336  0.0336  0.0332  0.0333  0.0330  0.0330  0.0330  0.0330  0.0329  0.0329
  0.0340  0.0336  0.0336  0.0326  0.0339  0.0310  0.0333  0.0332  0.0332  0.0328  0.0330  0.0331
  0.0349  0.0339  0.0337  0.0339  0.0361  0.0325  0.0343  0.0341  0.0336  0.0332  0.0333  0.0334
  0.0365  0.0345  0.0341  0.0393  0.0403  0.0408  0.0359  0.0368  0.0345  0.0347  0.0337  0.0340
niter,ni,del,rscale     5    3    5.0000    1.2000
parameters
    1.0380   17.6238   13.9236   -3.4974  -10.9655    2.8559
    2.4000   -1.8142   -0.4972   15.1269    0.5272  -17.8107
eta,q 0.96687 22.95531
  0.0363  0.0354  0.0332  0.0384  0.0357  0.0378  0.0357  0.0379  0.0348  0.0353  0.0335  0.0339
  0.0345  0.0341  0.0329  0.0366  0.0344  0.0366  0.0344  0.0347  0.0340  0.0343  0.0333  0.0334
  0.0334  0.0333  0.0328  0.0346  0.0333  0.0350  0.0336  0.0336  0.0335  0.0338  0.0332  0.0332
  0.0329  0.0329  0.0328  0.0328  0.0327  0.0328  0.0334  0.0334  0.0334  0.0334  0.0331  0.0331
  0.0331  0.0328  0.0330  0.0320  0.0330  0.0309  0.0337  0.0335  0.0335  0.0331  0.0332  0.0333
  0.0340  0.0333  0.0333  0.0341  0.0345  0.0337  0.0346  0.0342  0.0339  0.0332  0.0333  0.0336
  0.0358  0.0341  0.0338  0.0408  0.0378  0.0454  0.0361  0.0361  0.0346  0.0342  0.0336  0.0342
niter,ni,del,rscale     4    3    5.0000    1.2000
parameters
    1.2032   18.1567   13.1897   -3.4010  -11.8680    2.1384
    2.0162   -1.2828   -0.3713   17.7975    1.2943  -18.6750
eta,q 0.96690 22.89892
  0.0365  0.0358  0.0333  0.0386  0.0355  0.0376  0.0358  0.0378  0.0349  0.0356  0.0337  0.0339
  0.0348  0.0345  0.0330  0.0369  0.0344  0.0365  0.0346  0.0349  0.0342  0.0349  0.0334  0.0335
  0.0336  0.0336  0.0330  0.0349  0.0334  0.0351  0.0338  0.0339  0.0338  0.0342  0.0332  0.0332
  0.0331  0.0331  0.0330  0.0330  0.0329  0.0330  0.0336  0.0336  0.0336  0.0336  0.0331  0.0331
  0.0333  0.0331  0.0332  0.0321  0.0332  0.0312  0.0340  0.0337  0.0337  0.0332  0.0331  0.0333
  0.0341  0.0334  0.0335  0.0340  0.0347  0.0338  0.0349  0.0344  0.0342  0.0331  0.0332  0.0337
  0.0358  0.0341  0.0340  0.0409  0.0380  0.0456  0.0364  0.0365  0.0349  0.0341  0.0335  0.0344
niter,ni,del,rscale     3    3    5.0000    1.2000
parameter  3  0.535130 ->  0.500000 qaram    1.1500
parameters
    1.2885   18.9590   11.8097   -3.4880  -13.4356    0.7119
    1.8132   -1.1421   -0.7589   20.9557    2.6401  -19.7333
eta,q 0.96689 22.74687
  0.0363  0.0363  0.0328  0.0382  0.0348  0.0369  0.0361  0.0375  0.0352  0.0365  0.0340  0.0339
  0.0346  0.0348  0.0326  0.0365  0.0338  0.0361  0.0349  0.0351  0.0344  0.0357  0.0336  0.0335
  0.0335  0.0338  0.0327  0.0346  0.0330  0.0349  0.0342  0.0343  0.0340  0.0348  0.0333  0.0332
  0.0331  0.0331  0.0329  0.0326  0.0327  0.0328  0.0340  0.0340  0.0340  0.0339  0.0332  0.0331
  0.0334  0.0329  0.0332  0.0317  0.0333  0.0321  0.0343  0.0339  0.0342  0.0333  0.0331  0.0333
  0.0343  0.0331  0.0337  0.0340  0.0351  0.0357  0.0350  0.0347  0.0347  0.0332  0.0332  0.0338
  0.0359  0.0337  0.0343  0.0414  0.0386  0.0496  0.0363  0.0375  0.0354  0.0344  0.0336  0.0345
niter,ni,del,rscale     3    3    5.0000    1.2000
parameters
    1.4068   19.8885   10.9316   -3.5795  -15.1051   -0.7403
    1.6312   -1.1757   -1.0597   22.5975    3.0812  -18.1777
eta,q 0.96663 22.52657
  0.0363  0.0370  0.0332  0.0378  0.0346  0.0362  0.0358  0.0371  0.0351  0.0365  0.0338  0.0344
  0.0345  0.0352  0.0327  0.0363  0.0338  0.0356  0.0347  0.0350  0.0343  0.0355  0.0336  0.0340
  0.0335  0.0339  0.0326  0.0345  0.0329  0.0346  0.0340  0.0342  0.0339  0.0346  0.0335  0.0336
  0.0331  0.0331  0.0328  0.0326  0.0327  0.0328  0.0338  0.0338  0.0338  0.0338  0.0334  0.0334
  0.0333  0.0328  0.0332  0.0317  0.0333  0.0321  0.0341  0.0337  0.0341  0.0333  0.0334  0.0334
  0.0342  0.0330  0.0337  0.0338  0.0351  0.0355  0.0348  0.0346  0.0345  0.0336  0.0335  0.0335
  0.0357  0.0336  0.0343  0.0409  0.0385  0.0471  0.0360  0.0377  0.0352  0.0352  0.0338  0.0339
niter,ni,del,rscale     2    3    5.0000    1.2000
parameters
    1.4349   20.4846    9.9847   -3.5126  -16.4329   -2.4160
    1.5607   -1.0829   -1.3738   23.9340    5.3398  -15.2458
eta,q 0.96637 22.32482
  0.0360  0.0364  0.0335  0.0379  0.0350  0.0357  0.0360  0.0374  0.0353  0.0366  0.0342  0.0349
  0.0345  0.0350  0.0331  0.0365  0.0342  0.0353  0.0349  0.0354  0.0346  0.0357  0.0340  0.0345
  0.0337  0.0339  0.0331  0.0349  0.0334  0.0346  0.0343  0.0345  0.0342  0.0348  0.0339  0.0341
  0.0334  0.0334  0.0333  0.0331  0.0330  0.0331  0.0341  0.0341  0.0341  0.0341  0.0338  0.0337
  0.0336  0.0333  0.0336  0.0321  0.0335  0.0327  0.0344  0.0340  0.0343  0.0337  0.0337  0.0336
  0.0345  0.0336  0.0339  0.0337  0.0350  0.0361  0.0350  0.0348  0.0348  0.0341  0.0338  0.0337
  0.0359  0.0344  0.0343  0.0403  0.0378  0.0458  0.0360  0.0377  0.0355  0.0357  0.0339  0.0340
niter,ni,del,rscale     1    3    5.0000    1.2000
parameters
    1.4287   20.9971    9.5806   -3.7419  -17.8500   -4.2407
    1.3440   -1.3863   -1.8039   25.1423    7.1305  -12.1605
eta,q 0.96605 22.14020
  0.0364  0.0365  0.0342  0.0378  0.0355  0.0355  0.0361  0.0370  0.0355  0.0367  0.0344  0.0354
  0.0347  0.0351  0.0336  0.0366  0.0346  0.0351  0.0351  0.0356  0.0349  0.0358  0.0343  0.0349
  0.0339  0.0341  0.0335  0.0350  0.0339  0.0346  0.0345  0.0349  0.0345  0.0350  0.0343  0.0344
  0.0336  0.0336  0.0335  0.0335  0.0336  0.0337  0.0344  0.0344  0.0344  0.0344  0.0342  0.0341
  0.0340  0.0336  0.0338  0.0329  0.0341  0.0332  0.0346  0.0342  0.0346  0.0341  0.0341  0.0340
  0.0348  0.0340  0.0341  0.0347  0.0355  0.0365  0.0353  0.0352  0.0351  0.0345  0.0341  0.0340
  0.0363  0.0348  0.0345  0.0410  0.0381  0.0432  0.0363  0.0384  0.0358  0.0359  0.0343  0.0344
registration optimization eta report
parameter search radius
    2.4000    2.4000    2.7600    7.2000    8.2800    8.2800
    7.2000    7.2000    7.2000    7.2000    7.2000    8.2800
100000*second partial in parameter space
       47.       34.       10.       12.        5.        9.
        3.        7.        2.        4.        0.        1.
  0.0364  0.0365  0.0342  0.0378  0.0355  0.0355  0.0361  0.0370  0.0355  0.0367  0.0344  0.0354
  0.0347  0.0351  0.0336  0.0366  0.0346  0.0351  0.0351  0.0356  0.0349  0.0358  0.0343  0.0349
  0.0339  0.0341  0.0335  0.0350  0.0339  0.0346  0.0345  0.0349  0.0345  0.0350  0.0343  0.0344
  0.0336  0.0336  0.0335  0.0335  0.0336  0.0337  0.0344  0.0344  0.0344  0.0344  0.0342  0.0341
  0.0340  0.0336  0.0338  0.0329  0.0341  0.0332  0.0346  0.0342  0.0346  0.0341  0.0341  0.0340
  0.0348  0.0340  0.0341  0.0347  0.0355  0.0365  0.0353  0.0352  0.0351  0.0345  0.0341  0.0340
  0.0363  0.0348  0.0345  0.0410  0.0381  0.0432  0.0363  0.0384  0.0358  0.0359  0.0343  0.0344
    1.4287   20.9971    9.5806   -3.7419  -17.8500   -4.2407
    1.3440   -1.3863   -1.8039   25.1423    7.1305  -12.1605
eta,q 0.96605 22.14020

---------------------------------------------------------------------
imgreg_4dfp /opt/freesurfer/average/711-2C_as_mni_average_305 /opt/freesurfer/average/711-2B_as_mni_average_305_mask talsrcimg_g11 none talsrcimg_to_711-2C_as_mni_average_305_t4 2311
---------------------------------------------------------------------

freesurfer imgreg_4dfp.c
/opt/freesurfer/average/711-2C_as_mni_average_305.4dfp.img
       256       256       256         1
  1.000000  1.000000  1.000000
orientation T byte_order littleendian
Reading image: /opt/freesurfer/average/711-2C_as_mni_average_305.4dfp.img
dimensions:      256       256       256
mmppix:       1.0000   -1.0000   -1.0000
center:     128.0000 -129.0000 -129.0000
/opt/freesurfer/average/711-2B_as_mni_average_305_mask.4dfp.img
       256       256       256         1
  1.000000  1.000000  1.000000
orientation T byte_order littleendian
Reading mask: /opt/freesurfer/average/711-2B_as_mni_average_305_mask.4dfp.img (2306576 pixels)
talsrcimg_g11.4dfp.img
       320       320       320         1
  0.700000  0.700000  0.700000
orientation T byte_order littleendian
Reading image: talsrcimg_g11.4dfp.img
dimensions:      320       320       320
mmppix:       0.7000   -0.7000   -0.7000
center:     112.0000 -112.7000 -112.7000
fimgreg.f
image alignment mode   2311 decimal      907 hex
parameters
    1.4287   20.9971    9.5806   -3.7419  -17.8500   -4.2407
    1.3440   -1.3863   -1.8039   25.1423    7.1305  -12.1605
eta,q 0.96605 22.14020
niter,ni,del,rscale     5    3    5.0000    0.8000
parameters
    1.3102   21.3868    9.2007   -2.2737  -18.7952   -4.7978
    1.2049   -1.7796   -2.0481   25.4782    5.2886  -11.6444
eta,q 0.96662 22.10093
  0.0349  0.0353  0.0340  0.0366  0.0340  0.0342  0.0344  0.0352  0.0342  0.0349  0.0335  0.0338
  0.0343  0.0346  0.0339  0.0357  0.0336  0.0339  0.0339  0.0343  0.0338  0.0343  0.0334  0.0336
  0.0340  0.0342  0.0339  0.0348  0.0334  0.0336  0.0335  0.0337  0.0335  0.0338  0.0334  0.0335
  0.0340  0.0339  0.0339  0.0339  0.0334  0.0333  0.0334  0.0334  0.0335  0.0335  0.0334  0.0334
  0.0341  0.0339  0.0340  0.0333  0.0336  0.0332  0.0336  0.0336  0.0336  0.0334  0.0335  0.0334
  0.0345  0.0341  0.0341  0.0335  0.0342  0.0337  0.0339  0.0345  0.0339  0.0338  0.0337  0.0335
  0.0352  0.0344  0.0343  0.0349  0.0350  0.0356  0.0346  0.0364  0.0343  0.0347  0.0341  0.0337
niter,ni,del,rscale     4    3    5.0000    0.7000
parameters
    1.2454   21.5345    8.9549   -1.8482  -19.1023   -4.4711
    1.8300   -1.6375   -1.9028   25.4523    3.9840  -12.3437
eta,q 0.96685 22.09019
  0.0343  0.0342  0.0335  0.0357  0.0340  0.0339  0.0343  0.0351  0.0339  0.0343  0.0333  0.0333
  0.0337  0.0338  0.0334  0.0348  0.0336  0.0337  0.0337  0.0341  0.0335  0.0338  0.0332  0.0332
  0.0334  0.0335  0.0334  0.0340  0.0333  0.0334  0.0334  0.0335  0.0332  0.0334  0.0332  0.0332
  0.0334  0.0334  0.0334  0.0334  0.0332  0.0332  0.0332  0.0332  0.0332  0.0332  0.0332  0.0331
  0.0335  0.0334  0.0334  0.0332  0.0334  0.0331  0.0332  0.0332  0.0332  0.0332  0.0333  0.0332
  0.0339  0.0336  0.0335  0.0337  0.0337  0.0332  0.0334  0.0337  0.0334  0.0337  0.0334  0.0333
  0.0344  0.0339  0.0336  0.0354  0.0343  0.0340  0.0338  0.0350  0.0338  0.0345  0.0337  0.0335
niter,ni,del,rscale     3    3    5.0000    0.6000
parameters
    1.2233   21.6304    8.7431   -1.4934  -19.1672   -3.9093
    2.1399   -1.5423   -1.6918   25.3801    2.9638  -13.6794
eta,q 0.96708 22.11014
  0.0339  0.0337  0.0332  0.0351  0.0336  0.0336  0.0338  0.0346  0.0335  0.0339  0.0331  0.0330
  0.0335  0.0334  0.0332  0.0343  0.0333  0.0334  0.0333  0.0337  0.0332  0.0335  0.0330  0.0329
  0.0332  0.0332  0.0331  0.0337  0.0331  0.0332  0.0331  0.0332  0.0330  0.0331  0.0330  0.0329
  0.0331  0.0331  0.0331  0.0331  0.0331  0.0331  0.0330  0.0330  0.0330  0.0330  0.0330  0.0329
  0.0333  0.0332  0.0332  0.0330  0.0331  0.0329  0.0330  0.0330  0.0330  0.0330  0.0330  0.0330
  0.0335  0.0333  0.0332  0.0335  0.0333  0.0329  0.0332  0.0335  0.0331  0.0334  0.0332  0.0331
  0.0339  0.0336  0.0333  0.0348  0.0337  0.0335  0.0335  0.0345  0.0334  0.0341  0.0334  0.0333
niter,ni,del,rscale     2    3    5.0000    0.5000
parameter 12  0.540078 ->  0.500000 qaram    1.1500
parameters
    1.2298   21.7003    8.5154   -1.2680  -19.0265   -3.1543
    2.3789   -1.4660   -1.4950   25.1261    2.3394  -15.4044
eta,q 0.96733 22.15355
  0.0335  0.0333  0.0330  0.0345  0.0333  0.0334  0.0333  0.0341  0.0331  0.0334  0.0329  0.0327
  0.0332  0.0331  0.0329  0.0338  0.0331  0.0332  0.0330  0.0334  0.0329  0.0330  0.0328  0.0327
  0.0330  0.0330  0.0329  0.0333  0.0329  0.0331  0.0328  0.0329  0.0328  0.0328  0.0327  0.0327
  0.0329  0.0329  0.0329  0.0329  0.0329  0.0329  0.0327  0.0327  0.0327  0.0327  0.0327  0.0327
  0.0330  0.0329  0.0329  0.0328  0.0329  0.0327  0.0327  0.0328  0.0327  0.0328  0.0328  0.0328
  0.0332  0.0330  0.0330  0.0333  0.0330  0.0327  0.0329  0.0332  0.0328  0.0331  0.0329  0.0329
  0.0335  0.0332  0.0331  0.0343  0.0333  0.0332  0.0332  0.0340  0.0330  0.0337  0.0331  0.0331
niter,ni,del,rscale     2    3    5.0000    0.5000
parameters
    1.2458   21.7832    8.4043   -1.3096  -18.6130   -2.6292
    2.4794   -1.3681   -1.2756   24.9662    1.9078  -16.6389
eta,q 0.96751 22.21166
  0.0334  0.0331  0.0328  0.0342  0.0332  0.0334  0.0331  0.0341  0.0329  0.0332  0.0327  0.0326
  0.0330  0.0329  0.0327  0.0336  0.0329  0.0332  0.0328  0.0332  0.0327  0.0329  0.0326  0.0325
  0.0328  0.0327  0.0327  0.0330  0.0328  0.0330  0.0326  0.0327  0.0326  0.0326  0.0325  0.0325
  0.0327  0.0327  0.0327  0.0327  0.0327  0.0327  0.0325  0.0325  0.0325  0.0325  0.0325  0.0325
  0.0327  0.0327  0.0327  0.0327  0.0327  0.0324  0.0326  0.0326  0.0325  0.0326  0.0326  0.0326
  0.0330  0.0328  0.0328  0.0333  0.0328  0.0326  0.0327  0.0331  0.0326  0.0329  0.0327  0.0327
  0.0333  0.0329  0.0328  0.0346  0.0330  0.0333  0.0330  0.0339  0.0328  0.0335  0.0329  0.0329
niter,ni,del,rscale     1    3    5.0000    0.4000
parameters
    1.2634   21.8134    8.4000   -1.2032  -18.3068   -1.9048
    2.4889   -1.3319   -1.0882   24.5648    1.5407  -17.8699
eta,q 0.96774 22.26261
  0.0330  0.0327  0.0326  0.0337  0.0328  0.0333  0.0327  0.0334  0.0326  0.0327  0.0324  0.0323
  0.0327  0.0326  0.0325  0.0332  0.0326  0.0330  0.0325  0.0328  0.0324  0.0325  0.0323  0.0323
  0.0325  0.0325  0.0325  0.0327  0.0325  0.0327  0.0323  0.0324  0.0323  0.0323  0.0323  0.0323
  0.0325  0.0325  0.0325  0.0325  0.0325  0.0325  0.0323  0.0323  0.0323  0.0323  0.0323  0.0323
  0.0325  0.0325  0.0325  0.0325  0.0325  0.0323  0.0323  0.0324  0.0323  0.0324  0.0323  0.0323
  0.0327  0.0326  0.0325  0.0328  0.0325  0.0323  0.0324  0.0327  0.0324  0.0327  0.0324  0.0324
  0.0329  0.0327  0.0326  0.0337  0.0327  0.0328  0.0327  0.0334  0.0325  0.0331  0.0326  0.0326
registration optimization eta report
parameter search radius
    0.8000    0.8000    0.8000    2.4000    2.4000    2.4000
    2.4000    2.4000    2.4000    2.4000    2.4000    2.7600
100000*second partial in parameter space
       71.       33.       18.       21.        5.       10.
        6.       19.        4.       11.        4.        2.
  0.0330  0.0327  0.0326  0.0337  0.0328  0.0333  0.0327  0.0334  0.0326  0.0327  0.0324  0.0323
  0.0327  0.0326  0.0325  0.0332  0.0326  0.0330  0.0325  0.0328  0.0324  0.0325  0.0323  0.0323
  0.0325  0.0325  0.0325  0.0327  0.0325  0.0327  0.0323  0.0324  0.0323  0.0323  0.0323  0.0323
  0.0325  0.0325  0.0325  0.0325  0.0325  0.0325  0.0323  0.0323  0.0323  0.0323  0.0323  0.0323
  0.0325  0.0325  0.0325  0.0325  0.0325  0.0323  0.0323  0.0324  0.0323  0.0324  0.0323  0.0323
  0.0327  0.0326  0.0325  0.0328  0.0325  0.0323  0.0324  0.0327  0.0324  0.0327  0.0324  0.0324
  0.0329  0.0327  0.0326  0.0337  0.0327  0.0328  0.0327  0.0334  0.0325  0.0331  0.0326  0.0326
    1.2634   21.8134    8.4000   -1.2032  -18.3068   -1.9048
    2.4889   -1.3319   -1.0882   24.5648    1.5407  -17.8699
eta,q 0.96774 22.26261

---------------------------------------------------------------------
imgreg_4dfp /opt/freesurfer/average/711-2C_as_mni_average_305 /opt/freesurfer/average/711-2B_as_mni_average_305_mask talsrcimg_g11 none talsrcimg_to_711-2C_as_mni_average_305_t4 2311
---------------------------------------------------------------------

freesurfer imgreg_4dfp.c
/opt/freesurfer/average/711-2C_as_mni_average_305.4dfp.img
       256       256       256         1
  1.000000  1.000000  1.000000
orientation T byte_order littleendian
Reading image: /opt/freesurfer/average/711-2C_as_mni_average_305.4dfp.img
dimensions:      256       256       256
mmppix:       1.0000   -1.0000   -1.0000
center:     128.0000 -129.0000 -129.0000
/opt/freesurfer/average/711-2B_as_mni_average_305_mask.4dfp.img
       256       256       256         1
  1.000000  1.000000  1.000000
orientation T byte_order littleendian
Reading mask: /opt/freesurfer/average/711-2B_as_mni_average_305_mask.4dfp.img (2306576 pixels)
talsrcimg_g11.4dfp.img
       320       320       320         1
  0.700000  0.700000  0.700000
orientation T byte_order littleendian
Reading image: talsrcimg_g11.4dfp.img
dimensions:      320       320       320
mmppix:       0.7000   -0.7000   -0.7000
center:     112.0000 -112.7000 -112.7000
fimgreg.f
image alignment mode   2311 decimal      907 hex
parameters
    1.2634   21.8134    8.4000   -1.2032  -18.3068   -1.9048
    2.4889   -1.3319   -1.0882   24.5648    1.5407  -17.8699
eta,q 0.96774 22.26260
niter,ni,del,rscale     5    3    5.0000    0.8000
parameters
    1.2620   21.8314    8.7224   -2.0009  -18.0038   -2.2581
    2.3422   -1.1791   -0.8882   25.0366    1.4078  -17.6872
eta,q 0.96746 22.28045
  0.0343  0.0332  0.0331  0.0351  0.0335  0.0341  0.0337  0.0357  0.0334  0.0344  0.0330  0.0329
  0.0332  0.0327  0.0326  0.0340  0.0331  0.0338  0.0331  0.0339  0.0330  0.0337  0.0327  0.0327
  0.0325  0.0324  0.0324  0.0329  0.0327  0.0332  0.0327  0.0330  0.0327  0.0331  0.0326  0.0326
  0.0323  0.0323  0.0323  0.0323  0.0325  0.0325  0.0326  0.0326  0.0326  0.0326  0.0325  0.0325
  0.0325  0.0324  0.0323  0.0327  0.0325  0.0322  0.0328  0.0328  0.0327  0.0325  0.0326  0.0326
  0.0331  0.0326  0.0324  0.0351  0.0328  0.0333  0.0332  0.0336  0.0329  0.0330  0.0327  0.0327
  0.0343  0.0331  0.0326  0.0399  0.0334  0.0360  0.0339  0.0354  0.0333  0.0341  0.0330  0.0329
niter,ni,del,rscale     4    3    5.0000    0.7000
parameters
    1.3100   21.7006    8.5561   -1.8698  -18.0410   -2.5045
    2.2350   -1.0687   -0.7986   25.1471    1.2919  -17.4654
eta,q 0.96746 22.27810
  0.0338  0.0331  0.0328  0.0353  0.0332  0.0339  0.0334  0.0350  0.0332  0.0339  0.0329  0.0328
  0.0331  0.0327  0.0326  0.0343  0.0329  0.0336  0.0329  0.0336  0.0328  0.0333  0.0327  0.0327
  0.0327  0.0326  0.0325  0.0333  0.0326  0.0331  0.0327  0.0329  0.0326  0.0329  0.0326  0.0326
  0.0325  0.0325  0.0325  0.0325  0.0325  0.0325  0.0326  0.0326  0.0326  0.0326  0.0325  0.0325
  0.0326  0.0327  0.0326  0.0323  0.0325  0.0323  0.0327  0.0327  0.0326  0.0326  0.0326  0.0326
  0.0330  0.0329  0.0327  0.0332  0.0328  0.0331  0.0330  0.0334  0.0328  0.0330  0.0327  0.0326
  0.0336  0.0333  0.0329  0.0357  0.0334  0.0353  0.0335  0.0348  0.0331  0.0340  0.0329  0.0328
niter,ni,del,rscale     3    3    5.0000    0.6000
parameters
    1.3379   21.7391    8.4233   -1.6103  -18.1164   -2.4987
    2.1901   -1.0145   -0.7634   25.1233    1.1625  -17.6373
eta,q 0.96754 22.27830
  0.0335  0.0331  0.0327  0.0348  0.0330  0.0337  0.0331  0.0344  0.0329  0.0335  0.0328  0.0326
  0.0330  0.0328  0.0326  0.0340  0.0328  0.0334  0.0328  0.0333  0.0327  0.0330  0.0326  0.0325
  0.0327  0.0326  0.0325  0.0332  0.0326  0.0329  0.0325  0.0327  0.0325  0.0326  0.0325  0.0325
  0.0325  0.0325  0.0325  0.0325  0.0325  0.0325  0.0325  0.0325  0.0325  0.0325  0.0325  0.0325
  0.0326  0.0326  0.0326  0.0324  0.0325  0.0323  0.0325  0.0326  0.0325  0.0325  0.0325  0.0325
  0.0329  0.0327  0.0327  0.0330  0.0327  0.0328  0.0328  0.0332  0.0327  0.0329  0.0326  0.0326
  0.0334  0.0330  0.0328  0.0347  0.0331  0.0343  0.0332  0.0344  0.0329  0.0337  0.0328  0.0327
niter,ni,del,rscale     2    3    5.0000    0.5000
parameters
    1.3550   21.7870    8.3894   -1.4068  -18.0802   -2.1632
    2.1998   -0.9902   -0.7339   24.9080    1.0075  -18.1149
eta,q 0.96769 22.29155
  0.0331  0.0328  0.0326  0.0342  0.0328  0.0335  0.0328  0.0339  0.0327  0.0330  0.0326  0.0324
  0.0328  0.0326  0.0325  0.0335  0.0326  0.0332  0.0326  0.0330  0.0325  0.0327  0.0324  0.0324
  0.0325  0.0325  0.0325  0.0329  0.0325  0.0328  0.0324  0.0325  0.0323  0.0324  0.0323  0.0323
  0.0325  0.0325  0.0325  0.0325  0.0324  0.0324  0.0323  0.0323  0.0323  0.0323  0.0323  0.0323
  0.0325  0.0325  0.0325  0.0324  0.0324  0.0322  0.0324  0.0324  0.0323  0.0324  0.0324  0.0323
  0.0327  0.0326  0.0325  0.0329  0.0326  0.0325  0.0325  0.0329  0.0325  0.0328  0.0325  0.0324
  0.0331  0.0328  0.0326  0.0341  0.0329  0.0334  0.0328  0.0338  0.0326  0.0334  0.0326  0.0325
niter,ni,del,rscale     1    3    5.0000    0.4000
parameters
    1.3594   21.7955    8.4980   -1.2563  -17.9241   -1.5464
    2.2109   -0.9773   -0.6965   24.5156    0.8614  -18.8902
eta,q 0.96789 22.32017
  0.0328  0.0325  0.0325  0.0336  0.0326  0.0333  0.0325  0.0332  0.0324  0.0325  0.0323  0.0322
  0.0325  0.0324  0.0324  0.0330  0.0324  0.0329  0.0323  0.0326  0.0322  0.0323  0.0322  0.0321
  0.0324  0.0323  0.0323  0.0326  0.0323  0.0326  0.0322  0.0323  0.0322  0.0321  0.0321  0.0321
  0.0323  0.0323  0.0323  0.0323  0.0323  0.0323  0.0321  0.0321  0.0321  0.0321  0.0321  0.0321
  0.0324  0.0323  0.0323  0.0323  0.0323  0.0321  0.0322  0.0322  0.0321  0.0322  0.0322  0.0322
  0.0325  0.0324  0.0323  0.0326  0.0324  0.0322  0.0323  0.0326  0.0322  0.0325  0.0322  0.0322
  0.0328  0.0325  0.0324  0.0335  0.0325  0.0327  0.0325  0.0332  0.0324  0.0330  0.0324  0.0323
registration optimization eta report
parameter search radius
    0.8000    0.8000    0.8000    2.4000    2.4000    2.4000
    2.4000    2.4000    2.4000    2.4000    2.4000    2.4000
100000*second partial in parameter space
       73.       36.       21.       21.        5.       13.
        6.       19.        4.       11.        4.        2.
  0.0328  0.0325  0.0325  0.0336  0.0326  0.0333  0.0325  0.0332  0.0324  0.0325  0.0323  0.0322
  0.0325  0.0324  0.0324  0.0330  0.0324  0.0329  0.0323  0.0326  0.0322  0.0323  0.0322  0.0321
  0.0324  0.0323  0.0323  0.0326  0.0323  0.0326  0.0322  0.0323  0.0322  0.0321  0.0321  0.0321
  0.0323  0.0323  0.0323  0.0323  0.0323  0.0323  0.0321  0.0321  0.0321  0.0321  0.0321  0.0321
  0.0324  0.0323  0.0323  0.0323  0.0323  0.0321  0.0322  0.0322  0.0321  0.0322  0.0322  0.0322
  0.0325  0.0324  0.0323  0.0326  0.0324  0.0322  0.0323  0.0326  0.0322  0.0325  0.0322  0.0322
  0.0328  0.0325  0.0324  0.0335  0.0325  0.0327  0.0325  0.0332  0.0324  0.0330  0.0324  0.0323
    1.3594   21.7955    8.4980   -1.2563  -17.9241   -1.5464
    2.2109   -0.9773   -0.6965   24.5156    0.8614  -18.8902
eta,q 0.96789 22.32017

---------------------------------------------------------------------
compute_vox2vox talsrcimg talsrcimg_to_711-2C_as_mni_average_305_t4 /opt/freesurfer/average/711-2C_as_mni_average_305
---------------------------------------------------------------------

freesurfer compute_vox2vox.c
Reading: talsrcimg.4dfp.ifh
Reading: talsrcimg_to_711-2C_as_mni_average_305_t4
Reading: /opt/freesurfer/average/711-2C_as_mni_average_305.4dfp.ifh
Writing: talsrcimg_to_711-2C_as_mni_average_305_t4_vox2vox.txt

start time Fri Mar 13 07:41:00 CET 2026
end		time Fri Mar 13 07:42:23 CET 2026

mpr2mni305 success

avi2talxfm orig_nu.mgz /opt/freesurfer/average/mni305.cor.mgz talsrcimg_to_711-2C_as_mni_average_305_t4_vox2vox.txt transforms/talairach.auto.xfm
avi2talxfm done
mv -f /out/sourcedata/freesurfer/sub-v2s5x29558_ses-1/mri/talsrcimg_to_711-2C_as_mni_average_305_t4_vox2vox.txt /out/sourcedata/freesurfer/sub-v2s5x29558_ses-1/mri/transforms/talsrcimg_to_711-2C_as_mni_average_305_t4_vox2vox.txt
lta_convert --src orig_nu.mgz --trg /opt/freesurfer/average/mni305.cor.mgz --inxfm transforms/talairach.auto.xfm --outlta transforms/talairach.auto.xfm.lta --subject fsaverage
7.3.2

--src: orig_nu.mgz src image (geometry).
--trg: /opt/freesurfer/average/mni305.cor.mgz trg image (geometry).
--inmni: transforms/talairach.auto.xfm input MNI/XFM transform.
--outlta: transforms/talairach.auto.xfm.lta output LTA.
--s: fsaverage subject name
 LTA read, type : 1
 1.01242   0.01593  -0.02361  -0.83855;
-0.00682   0.96055   0.22126  -24.28014;
 0.01063  -0.28677   1.15209   9.98723;
 0.00000   0.00000   0.00000   1.00000;
setting subject to fsaverage
Writing  LTA to file transforms/talairach.auto.xfm.lta...
lta_convert successful.
 
 
Started at Fri Mar 13 07:41:00 CET 2026
Ended   at Fri Mar 13 07:42:24 CET 2026
talairach_avi done
