Log file for defect2seg
Fri Mar 13 11:03:00 CET 2026

setenv SUBJECTS_DIR /out/sourcedata/freesurfer
cd /out/sourcedata/freesurfer/sub-v2s5x29552_ses-1/scripts
/opt/freesurfer/bin/defect2seg --s sub-v2s5x29552_ses-1 --rh-only --cortex

freesurfer-linux-ubuntu22_x86_64-7.3.2-20220804-6354275
defect2seg 7.3.2
Linux dna085 5.14.0-427.37.1.el9_4.x86_64 #1 SMP PREEMPT_DYNAMIC Fri Sep 13 12:41:50 EDT 2024 x86_64 x86_64 x86_64 GNU/Linux
pid 1647549
mri_label2label --label-cortex /out/sourcedata/freesurfer/sub-v2s5x29552_ses-1/surf/rh.orig.nofix /out/sourcedata/freesurfer/sub-v2s5x29552_ses-1/mri/aseg.presurf.mgz 0 /out/sourcedata/freesurfer/sub-v2s5x29552_ses-1/label/rh.nofix.cortex.label

 Generating cortex label... RemoveHipAmgy=0
 NucAccIsMedialWall=0
 mris->useRealRAS=0
31 non-cortical segments detected
only using segment with 15585 vertices
erasing segment 0 (vno[0] = 5565)
erasing segment 1 (vno[0] = 22860)
erasing segment 2 (vno[0] = 22886)
erasing segment 3 (vno[0] = 24116)
erasing segment 4 (vno[0] = 25190)
erasing segment 5 (vno[0] = 62727)
erasing segment 6 (vno[0] = 68701)
erasing segment 7 (vno[0] = 76200)
erasing segment 8 (vno[0] = 82300)
erasing segment 10 (vno[0] = 102886)
erasing segment 11 (vno[0] = 118452)
erasing segment 12 (vno[0] = 125001)
erasing segment 13 (vno[0] = 127892)
erasing segment 14 (vno[0] = 158595)
erasing segment 15 (vno[0] = 164792)
erasing segment 16 (vno[0] = 166270)
erasing segment 17 (vno[0] = 168795)
erasing segment 18 (vno[0] = 189385)
erasing segment 19 (vno[0] = 189422)
erasing segment 20 (vno[0] = 190405)
erasing segment 21 (vno[0] = 192677)
erasing segment 22 (vno[0] = 192695)
erasing segment 23 (vno[0] = 194322)
erasing segment 24 (vno[0] = 194344)
erasing segment 25 (vno[0] = 195983)
erasing segment 26 (vno[0] = 197766)
erasing segment 27 (vno[0] = 198520)
erasing segment 28 (vno[0] = 200305)
erasing segment 29 (vno[0] = 200327)
erasing segment 30 (vno[0] = 201615)
mri_label2vol --defects /out/sourcedata/freesurfer/sub-v2s5x29552_ses-1/surf/rh.orig.nofix /out/sourcedata/freesurfer/sub-v2s5x29552_ses-1/surf/rh.defect_labels /out/sourcedata/freesurfer/sub-v2s5x29552_ses-1/mri/orig.mgz 2000 0 /out/sourcedata/freesurfer/sub-v2s5x29552_ses-1/mri/rh.surface.defects.mgz /out/sourcedata/freesurfer/sub-v2s5x29552_ses-1/label/rh.nofix.cortex.label
mri_label2vol supposed to be reproducible but seed not set
Contraining to label /out/sourcedata/freesurfer/sub-v2s5x29552_ses-1/label/rh.nofix.cortex.label
Changing input type 0 to MRI_INT
Converting defects to volume: offset=2000, merge=0
Writing to /out/sourcedata/freesurfer/sub-v2s5x29552_ses-1/mri/rh.surface.defects.mgz
mris_defects_pointset -s /out/sourcedata/freesurfer/sub-v2s5x29552_ses-1/surf/rh.orig.nofix -d /out/sourcedata/freesurfer/sub-v2s5x29552_ses-1/surf/rh.defect_labels -o /out/sourcedata/freesurfer/sub-v2s5x29552_ses-1/surf/rh.defects.pointset --label /out/sourcedata/freesurfer/sub-v2s5x29552_ses-1/label/rh.nofix.cortex.label
Reading in surface /out/sourcedata/freesurfer/sub-v2s5x29552_ses-1/surf/rh.orig.nofix
Reading in defect segmentation /out/sourcedata/freesurfer/sub-v2s5x29552_ses-1/surf/rh.defect_labels
Reading in label /out/sourcedata/freesurfer/sub-v2s5x29552_ses-1/label/rh.nofix.cortex.label
#VMPC# mris_defects_pointset 1479824
mris_defects_pointset done
 
Started at Fri Mar 13 11:03:00 CET 2026 
Ended   at Fri Mar 13 11:03:21 CET 2026
Defect2seg-Run-Time-Sec 21
Defect2seg-Run-Time-Min 0.42
Defect2seg-Run-Time-Hours 0.01
 
defect2seg Done
