status file for recon-all
Fri Mar 13 07:17:21 CET 2026
#@# MotionCor Fri Mar 13 07:17:26 CET 2026
#@# Talairach Fri Mar 13 07:17:37 CET 2026
#@# Talairach Failure Detection Fri Mar 13 07:23:05 CET 2026
#@# Nu Intensity Correction Fri Mar 13 07:23:05 CET 2026
#@# Intensity Normalization Fri Mar 13 07:28:31 CET 2026
recon-all -s sub-v2s5x29552_ses-1 finished without error at Fri Mar 13 07:33:30 CET 2026



#New# invocation of recon-all 



status file for recon-all
Fri Mar 13 07:41:57 CET 2026
#@# EM Registration Fri Mar 13 07:41:57 CET 2026
recon-all -s sub-v2s5x29552_ses-1 finished without error at Fri Mar 13 08:08:02 CET 2026



#New# invocation of recon-all 



status file for recon-all
Fri Mar 13 08:08:05 CET 2026
#@# CA Normalize Fri Mar 13 08:08:05 CET 2026
#@# CA Reg Fri Mar 13 08:09:33 CET 2026
#@# SubCort Seg Fri Mar 13 08:57:29 CET 2026
#@# CC Seg Fri Mar 13 10:01:38 CET 2026
#@# Merge ASeg Fri Mar 13 10:02:22 CET 2026
#@# Intensity Normalization2 Fri Mar 13 10:02:22 CET 2026
#@# Mask BFS Fri Mar 13 10:06:11 CET 2026
#@# WM Segmentation Fri Mar 13 10:06:12 CET 2026
#@# Fill Fri Mar 13 10:10:42 CET 2026
recon-all -s sub-v2s5x29552_ses-1 finished without error at Fri Mar 13 10:11:55 CET 2026



#New# invocation of recon-all 



status file for recon-all
Fri Mar 13 11:41:37 CET 2026
#@# white curv lh Fri Mar 13 11:41:37 CET 2026
#@# white area lh Fri Mar 13 11:41:37 CET 2026
#@# pial curv lh Fri Mar 13 11:41:37 CET 2026
#@# pial area lh Fri Mar 13 11:41:37 CET 2026
#@# thickness lh Fri Mar 13 11:41:37 CET 2026
#@# area and vertex vol lh Fri Mar 13 11:41:37 CET 2026
#@# white curv rh Fri Mar 13 11:41:37 CET 2026
#@# white area rh Fri Mar 13 11:41:37 CET 2026
#@# pial curv rh Fri Mar 13 11:41:37 CET 2026
#@# pial area rh Fri Mar 13 11:41:37 CET 2026
#@# thickness rh Fri Mar 13 11:41:37 CET 2026
#@# area and vertex vol rh Fri Mar 13 11:41:37 CET 2026
#@# Cortical ribbon mask Fri Mar 13 11:41:37 CET 2026
recon-all -s sub-v2s5x29552_ses-1 finished without error at Fri Mar 13 11:55:46 CET 2026



#New# invocation of recon-all 



status file for recon-all
Fri Mar 13 12:06:51 CET 2026
#@# white curv lh Fri Mar 13 12:06:51 CET 2026
#@# white area lh Fri Mar 13 12:06:51 CET 2026
#@# pial curv lh Fri Mar 13 12:06:51 CET 2026
#@# pial area lh Fri Mar 13 12:06:51 CET 2026
#@# thickness lh Fri Mar 13 12:06:51 CET 2026
#@# area and vertex vol lh Fri Mar 13 12:06:51 CET 2026
#@# white curv rh Fri Mar 13 12:06:51 CET 2026
#@# white area rh Fri Mar 13 12:06:51 CET 2026
#@# pial curv rh Fri Mar 13 12:06:52 CET 2026
#@# pial area rh Fri Mar 13 12:06:52 CET 2026
#@# thickness rh Fri Mar 13 12:06:52 CET 2026
#@# area and vertex vol rh Fri Mar 13 12:06:52 CET 2026
#@# Curvature Stats lh Fri Mar 13 12:06:52 CET 2026
#@# Curvature Stats rh Fri Mar 13 12:06:55 CET 2026
#@# Relabel Hypointensities Fri Mar 13 12:06:59 CET 2026
#@# APas-to-ASeg Fri Mar 13 12:07:31 CET 2026
#@# AParc-to-ASeg aparc Fri Mar 13 12:07:45 CET 2026
#@# AParc-to-ASeg aparc.a2009s Fri Mar 13 12:09:34 CET 2026
#@# AParc-to-ASeg aparc.DKTatlas Fri Mar 13 12:11:24 CET 2026
#@# WMParc Fri Mar 13 12:13:24 CET 2026
#@# ASeg Stats Fri Mar 13 12:17:17 CET 2026
recon-all -s sub-v2s5x29552_ses-1 finished without error at Fri Mar 13 12:17:53 CET 2026
