/out/sourcedata/freesurfer/sub-v2s5x29569_ses-1/mri
/opt/freesurfer/bin/talairach_avi
--i orig_nu.mgz --xfm transforms/talairach.auto.xfm
talairach_avi 7.3.2
Linux dna038 5.14.0-427.37.1.el9_4.x86_64 #1 SMP PREEMPT_DYNAMIC Fri Sep 13 12:41:50 EDT 2024 x86_64 x86_64 x86_64 GNU/Linux
Fri Mar 13 08:04:25 CET 2026
mri_convert orig_nu.mgz talsrcimg.img 
reading from orig_nu.mgz...
TR=0.00, TE=0.00, TI=0.00, flip angle=0.00
i_ras = (-1, 0, 0)
j_ras = (0, 0, -1)
k_ras = (0, 1, 0)
writing to talsrcimg.img...
Analyze Output Matrix
-0.70000   0.00000   0.00000   111.11488;
 0.00000   0.00000   0.70000  -89.63039;
 0.00000  -0.70000   0.00000   90.22482;
 0.00000   0.00000   0.00000   1.00000;
--------------------
INFO: set hdr.hist.orient to -1
mpr2mni305 talsrcimg
Fri Mar 13 08:04:25 CET 2026
/opt/freesurfer/bin/mpr2mni305 talsrcimg
mpr2mni305 7.3.2
target=711-2C_as_mni_average_305

---------------------------------------------------------------------
analyzeto4dfp talsrcimg -O0 -y
---------------------------------------------------------------------

freesurfer ifh2hdr.c
Fri Mar 13 08:04:26 2026
Writing: talsrcimg.4dfp.hdr
freesurfer analyzeto4dfp.c
Reading: talsrcimg.hdr
header size 348 bytes
hdr.dime.datatype	offset=70	value=2
hdr.dime.bitpix		offset=72	value=8
hdr.hist.orient		offset=252	value=-1
dimensionality     4
dimensions       320       320       320         1
Reading: talsrcimg.img
Writing: talsrcimg.4dfp.img
Writing: talsrcimg.4dfp.ifh
ifh2hdr talsrcimg -r0to212
ori=2

---------------------------------------------------------------------
gauss_4dfp talsrcimg 1.1
---------------------------------------------------------------------

freesurfer gauss_4dfp.c
Reading: talsrcimg.4dfp.img
Writing: talsrcimg_g11.4dfp.img
image dimensions 320 320 320 padded to 384 384 384
processing volume 1freesurfer ifh2hdr.c
Fri Mar 13 08:04:42 2026
Writing: talsrcimg_g11.4dfp.hdr

Writing: talsrcimg_g11.4dfp.ifh
including: talsrcimg.4dfp.img.rec in talsrcimg_g11.4dfp.img.rec

---------------------------------------------------------------------
imgreg_4dfp /opt/freesurfer/average/711-2C_as_mni_average_305 none talsrcimg_g11 none talsrcimg_to_711-2C_as_mni_average_305_t4 4355
---------------------------------------------------------------------

freesurfer imgreg_4dfp.c
/opt/freesurfer/average/711-2C_as_mni_average_305.4dfp.img
       256       256       256         1
  1.000000  1.000000  1.000000
orientation T byte_order littleendian
Reading image: /opt/freesurfer/average/711-2C_as_mni_average_305.4dfp.img
dimensions:      256       256       256
mmppix:       1.0000   -1.0000   -1.0000
center:     128.0000 -129.0000 -129.0000
talsrcimg_g11.4dfp.img
       320       320       320         1
  0.700000  0.700000  0.700000
orientation T byte_order littleendian
Reading image: talsrcimg_g11.4dfp.img
dimensions:      320       320       320
mmppix:       0.7000   -0.7000   -0.7000
center:     112.0000 -112.7000 -112.7000
t4_read: open error in t4_sub.f l:  41 t4_file(1:l)talsrcimg_to_711-2C_as_mni_average_305_t4 
t4_read: transform initialized to I4
rotation matrix determinant  1.000000
image alignment mode   4355 decimal     1103 hex
   -7.5000  -45.0000  -45.0000 5260.3179   19.4348
    0.0000  -45.0000  -45.0000 5524.1572   19.4431
    7.5000  -45.0000  -45.0000 5294.7490   19.4371
   -7.5000  -37.5000  -45.0000 5625.8813   19.6088
    0.0000  -37.5000  -45.0000 5919.3960   19.6224
    7.5000  -37.5000  -45.0000 5668.6006   19.6203
   -7.5000  -30.0000  -45.0000 6083.3867   19.3781
    0.0000  -30.0000  -45.0000 6404.3965   19.3944
    7.5000  -30.0000  -45.0000 6122.0991   19.3898
   -7.5000  -22.5000  -45.0000 6408.9639   18.7729
    0.0000  -22.5000  -45.0000 6744.0449   18.7842
    7.5000  -22.5000  -45.0000 6441.0161   18.7779
   -7.5000  -15.0000  -45.0000 6997.0679   18.3313
    0.0000  -15.0000  -45.0000 7352.8833   18.3373
    7.5000  -15.0000  -45.0000 7027.6343   18.3308
   -7.5000   -7.5000  -45.0000 7554.9043   18.0098
    0.0000   -7.5000  -45.0000 7963.9229   18.0174
    7.5000   -7.5000  -45.0000 7580.8975   18.0175
   -7.5000    0.0000  -45.0000 8090.8135   17.8754
    0.0000    0.0000  -45.0000 8550.9688   17.8890
    7.5000    0.0000  -45.0000 8126.1699   17.8912
   -7.5000    7.5000  -45.0000 7897.3647   17.8840
    0.0000    7.5000  -45.0000 8346.5098   17.9021
    7.5000    7.5000  -45.0000 7948.3223   17.9014
   -7.5000   15.0000  -45.0000 7648.1748   17.6970
    0.0000   15.0000  -45.0000 8078.0396   17.7121
    7.5000   15.0000  -45.0000 7682.6528   17.7065
   -7.5000   22.5000  -45.0000 7360.9478   17.3346
    0.0000   22.5000  -45.0000 7794.0132   17.3450
    7.5000   22.5000  -45.0000 7389.6396   17.3370
   -7.5000   30.0000  -45.0000 7295.2925   17.4541
    0.0000   30.0000  -45.0000 7736.6782   17.4623
    7.5000   30.0000  -45.0000 7317.9766   17.4574
   -7.5000   37.5000  -45.0000 6916.7568   17.0643
    0.0000   37.5000  -45.0000 7346.8101   17.0727
    7.5000   37.5000  -45.0000 6925.0962   17.0732
   -7.5000   45.0000  -45.0000 6492.6465   16.6763
    0.0000   45.0000  -45.0000 6913.7256   16.6889
    7.5000   45.0000  -45.0000 6511.1631   16.6900
   -7.5000  -45.0000  -37.5000 5528.1465   20.1657
    0.0000  -45.0000  -37.5000 5820.7578   20.1732
    7.5000  -45.0000  -37.5000 5560.7524   20.1540
   -7.5000  -37.5000  -37.5000 5934.5864   20.3629
    0.0000  -37.5000  -37.5000 6252.4819   20.3738
    7.5000  -37.5000  -37.5000 5969.1074   20.3622
   -7.5000  -30.0000  -37.5000 6440.5713   20.1049
    0.0000  -30.0000  -37.5000 6791.4990   20.1184
    7.5000  -30.0000  -37.5000 6467.8784   20.1126
   -7.5000  -22.5000  -37.5000 6807.7686   19.4801
    0.0000  -22.5000  -37.5000 7181.4336   19.4906
    7.5000  -22.5000  -37.5000 6830.6768   19.4848
   -7.5000  -15.0000  -37.5000 7458.5229   19.0239
    0.0000  -15.0000  -37.5000 7863.3716   19.0301
    7.5000  -15.0000  -37.5000 7481.0566   19.0207
   -7.5000   -7.5000  -37.5000 8058.5713   18.6998
    0.0000   -7.5000  -37.5000 8503.8955   18.7077
    7.5000   -7.5000  -37.5000 8079.6167   18.6988
   -7.5000    0.0000  -37.5000 8637.9541   18.5676
    0.0000    0.0000  -37.5000 9116.9150   18.5797
    7.5000    0.0000  -37.5000 8669.0693   18.5707
   -7.5000    7.5000  -37.5000 8461.1836   18.5770
    0.0000    7.5000  -37.5000 8919.4365   18.5921
    7.5000    7.5000  -37.5000 8483.1611   18.5845
   -7.5000   15.0000  -37.5000 8188.4785   18.3778
    0.0000   15.0000  -37.5000 8649.0732   18.3903
    7.5000   15.0000  -37.5000 8196.0771   18.3828
   -7.5000   22.5000  -37.5000 7872.5503   18.0034
    0.0000   22.5000  -37.5000 8340.5088   18.0126
    7.5000   22.5000  -37.5000 7873.4136   18.0046
   -7.5000   30.0000  -37.5000 7800.3662   18.1217
    0.0000   30.0000  -37.5000 8287.5898   18.1302
    7.5000   30.0000  -37.5000 7795.0854   18.1225
   -7.5000   37.5000  -37.5000 7395.5488   17.7196
    0.0000   37.5000  -37.5000 7862.0376   17.7286
    7.5000   37.5000  -37.5000 7396.3462   17.7206
   -7.5000   45.0000  -37.5000 6960.2734   17.3067
    0.0000   45.0000  -37.5000 7421.0264   17.3178
    7.5000   45.0000  -37.5000 6974.6338   17.3086
   -7.5000  -45.0000  -30.0000 5828.4575   20.9891
    0.0000  -45.0000  -30.0000 6128.1323   20.9906
    7.5000  -45.0000  -30.0000 5852.5825   20.9747
   -7.5000  -37.5000  -30.0000 6270.1587   21.2054
    0.0000  -37.5000  -30.0000 6605.9883   21.2112
    7.5000  -37.5000  -30.0000 6300.9287   21.2016
   -7.5000  -30.0000  -30.0000 6837.0942   20.9136
    0.0000  -30.0000  -30.0000 7209.0664   20.9258
    7.5000  -30.0000  -30.0000 6868.8096   20.9261
   -7.5000  -22.5000  -30.0000 7245.2554   20.2579
    0.0000  -22.5000  -30.0000 7644.4165   20.2681
    7.5000  -22.5000  -30.0000 7271.9863   20.2731
   -7.5000  -15.0000  -30.0000 7948.3931   19.7822
    0.0000  -15.0000  -30.0000 8386.6006   19.7863
    7.5000  -15.0000  -30.0000 7974.7202   19.7880
   -7.5000   -7.5000  -30.0000 8613.7666   19.4535
    0.0000   -7.5000  -30.0000 9082.9844   19.4563
    7.5000   -7.5000  -30.0000 8641.4199   19.4535
   -7.5000    0.0000  -30.0000 9250.1836   19.3257
    0.0000    0.0000  -30.0000 9755.6846   19.3314
    7.5000    0.0000  -30.0000 9282.1699   19.3238
   -7.5000    7.5000  -30.0000 9048.0596   19.3361
    0.0000    7.5000  -30.0000 9541.1777   19.3468
    7.5000    7.5000  -30.0000 9063.7207   19.3400
   -7.5000   15.0000  -30.0000 8739.3916   19.1253
    0.0000   15.0000  -30.0000 9227.9014   19.1363
    7.5000   15.0000  -30.0000 8734.6494   19.1333
   -7.5000   22.5000  -30.0000 8386.5010   18.7406
    0.0000   22.5000  -30.0000 8900.6846   18.7491
    7.5000   22.5000  -30.0000 8392.5576   18.7506
   -7.5000   30.0000  -30.0000 8321.1494   18.8608
    0.0000   30.0000  -30.0000 8858.3799   18.8667
    7.5000   30.0000  -30.0000 8328.8779   18.8691
   -7.5000   37.5000  -30.0000 7900.7051   18.4585
    0.0000   37.5000  -30.0000 8416.5479   18.4625
    7.5000   37.5000  -30.0000 7909.7114   18.4598
   -7.5000   45.0000  -30.0000 7447.1709   18.0354
    0.0000   45.0000  -30.0000 7946.5435   18.0405
    7.5000   45.0000  -30.0000 7461.3330   18.0322
   -7.5000  -45.0000  -22.5000 5993.9482   21.2412
    0.0000  -45.0000  -22.5000 6323.7725   21.2438
    7.5000  -45.0000  -22.5000 6021.6523   21.2412
   -7.5000  -37.5000  -22.5000 6444.8452   21.4499
    0.0000  -37.5000  -22.5000 6801.5972   21.4583
    7.5000  -37.5000  -22.5000 6475.8545   21.4590
   -7.5000  -30.0000  -22.5000 7018.6636   21.1486
    0.0000  -30.0000  -22.5000 7399.1128   21.1644
    7.5000  -30.0000  -22.5000 7062.9722   21.1700
   -7.5000  -22.5000  -22.5000 7419.2412   20.4801
    0.0000  -22.5000  -22.5000 7828.5713   20.4905
    7.5000  -22.5000  -22.5000 7477.7969   20.5021
   -7.5000  -15.0000  -22.5000 8149.5737   19.9968
    0.0000  -15.0000  -22.5000 8603.2480   19.9982
    7.5000  -15.0000  -22.5000 8199.0195   20.0087
   -7.5000   -7.5000  -22.5000 8872.0918   19.6605
    0.0000   -7.5000  -22.5000 9363.3193   19.6605
    7.5000   -7.5000  -22.5000 8915.8926   19.6681
   -7.5000    0.0000  -22.5000 9557.8496   19.5307
    0.0000    0.0000  -22.500010083.2412   19.5365
    7.5000    0.0000  -22.5000 9617.9512   19.5390
   -7.5000    7.5000  -22.5000 9353.1885   19.5425
    0.0000    7.5000  -22.5000 9859.3418   19.5560
    7.5000    7.5000  -22.5000 9385.3213   19.5560
   -7.5000   15.0000  -22.5000 9003.1113   19.3328
    0.0000   15.0000  -22.5000 9493.3125   19.3466
    7.5000   15.0000  -22.5000 9013.8896   19.3485
   -7.5000   22.5000  -22.5000 8638.3477   18.9474
    0.0000   22.5000  -22.5000 9152.2754   18.9562
    7.5000   22.5000  -22.5000 8647.6973   18.9639
   -7.5000   30.0000  -22.5000 8586.9199   19.0725
    0.0000   30.0000  -22.5000 9135.7969   19.0754
    7.5000   30.0000  -22.5000 8594.8936   19.0860
   -7.5000   37.5000  -22.5000 8158.2236   18.6643
    0.0000   37.5000  -22.5000 8696.0762   18.6651
    7.5000   37.5000  -22.5000 8167.9141   18.6719
   -7.5000   45.0000  -22.5000 7684.4331   18.2343
    0.0000   45.0000  -22.5000 8202.0596   18.2398
    7.5000   45.0000  -22.5000 7712.5615   18.2404
   -7.5000  -45.0000  -15.0000 6281.5620   21.9580
    0.0000  -45.0000  -15.0000 6640.2827   21.9646
    7.5000  -45.0000  -15.0000 6332.6885   21.9717
   -7.5000  -37.5000  -15.0000 6754.4873   22.2045
    0.0000  -37.5000  -15.0000 7129.9116   22.2178
    7.5000  -37.5000  -15.0000 6795.5137   22.2249
   -7.5000  -30.0000  -15.0000 7352.1533   21.8703
    0.0000  -30.0000  -15.0000 7758.9805   21.8908
    7.5000  -30.0000  -15.0000 7405.3994   21.8950
   -7.5000  -22.5000  -15.0000 7783.5698   21.1867
    0.0000  -22.5000  -15.0000 8213.1709   21.1990
    7.5000  -22.5000  -15.0000 7839.1079   21.2076
   -7.5000  -15.0000  -15.0000 8582.8604   20.6912
    0.0000  -15.0000  -15.0000 9038.5117   20.6935
    7.5000  -15.0000  -15.0000 8625.7236   20.7039
   -7.5000   -7.5000  -15.0000 9364.2705   20.3364
    0.0000   -7.5000  -15.0000 9870.5391   20.3381
    7.5000   -7.5000  -15.0000 9399.9434   20.3524
   -7.5000    0.0000  -15.000010117.8027   20.1951
    0.0000    0.0000  -15.000010696.3506   20.2051
    7.5000    0.0000  -15.000010181.5059   20.2168
   -7.5000    7.5000  -15.0000 9946.9795   20.2067
    0.0000    7.5000  -15.000010505.6924   20.2255
    7.5000    7.5000  -15.0000 9997.8701   20.2301
   -7.5000   15.0000  -15.0000 9572.8311   20.0014
    0.0000   15.0000  -15.000010076.6758   20.0196
    7.5000   15.0000  -15.0000 9611.4561   20.0210
   -7.5000   22.5000  -15.0000 9155.4160   19.6214
    0.0000   22.5000  -15.0000 9640.3262   19.6323
    7.5000   22.5000  -15.0000 9181.6611   19.6377
   -7.5000   30.0000  -15.0000 9106.7441   19.7508
    0.0000   30.0000  -15.0000 9618.4375   19.7547
    7.5000   30.0000  -15.0000 9120.9824   19.7651
   -7.5000   37.5000  -15.0000 8647.9844   19.3365
    0.0000   37.5000  -15.0000 9164.7930   19.3387
    7.5000   37.5000  -15.0000 8669.2109   19.3518
   -7.5000   45.0000  -15.0000 8159.8149   18.8985
    0.0000   45.0000  -15.0000 8682.9258   18.9082
    7.5000   45.0000  -15.0000 8198.6211   18.9168
   -7.5000  -45.0000   -7.5000 6530.2148   22.6133
    0.0000  -45.0000   -7.5000 6909.5972   22.6266
    7.5000  -45.0000   -7.5000 6578.0659   22.6278
   -7.5000  -37.5000   -7.5000 7046.8706   22.8796
    0.0000  -37.5000   -7.5000 7430.3633   22.8986
    7.5000  -37.5000   -7.5000 7083.9912   22.8986
   -7.5000  -30.0000   -7.5000 7678.9814   22.5164
    0.0000  -30.0000   -7.5000 8105.8237   22.5407
    7.5000  -30.0000   -7.5000 7720.0308   22.5335
   -7.5000  -22.5000   -7.5000 8116.7456   21.8209
    0.0000  -22.5000   -7.5000 8579.2725   21.8382
    7.5000  -22.5000   -7.5000 8148.8301   21.8331
   -7.5000  -15.0000   -7.5000 8939.7568   21.3127
    0.0000  -15.0000   -7.5000 9451.5762   21.3221
    7.5000  -15.0000   -7.5000 8955.9580   21.3212
   -7.5000   -7.5000   -7.5000 9734.5625   20.9417
    0.0000   -7.5000   -7.500010309.0811   20.9516
    7.5000   -7.5000   -7.5000 9777.8096   20.9600
   -7.5000    0.0000   -7.500010528.6240   20.7897
    0.0000    0.0000   -7.500011212.6621   20.8073
    7.5000    0.0000   -7.500010634.1621   20.8157
   -7.5000    7.5000   -7.500010415.0156   20.8004
    0.0000    7.5000   -7.500011097.0117   20.8245
    7.5000    7.5000   -7.500010541.3594   20.8243
   -7.5000   15.0000   -7.500010154.5039   20.6000
    0.0000   15.0000   -7.500010722.3555   20.6221
    7.5000   15.0000   -7.500010275.6582   20.6144
   -7.5000   22.5000   -7.5000 9756.7773   20.2251
    0.0000   22.5000   -7.500010218.8916   20.2410
    7.5000   22.5000   -7.5000 9837.5254   20.2342
   -7.5000   30.0000   -7.5000 9678.4238   20.3560
    0.0000   30.0000   -7.500010111.4785   20.3672
    7.5000   30.0000   -7.5000 9718.7051   20.3673
   -7.5000   37.5000   -7.5000 9155.9668   19.9397
    0.0000   37.5000   -7.5000 9604.4785   19.9500
    7.5000   37.5000   -7.5000 9180.1260   19.9580
   -7.5000   45.0000   -7.5000 8660.5791   19.4993
    0.0000   45.0000   -7.5000 9152.5449   19.5159
    7.5000   45.0000   -7.5000 8664.3760   19.5218
   -7.5000  -45.0000    0.0000 6691.9185   23.1166
    0.0000  -45.0000    0.0000 7116.1909   23.1319
    7.5000  -45.0000    0.0000 6742.1836   23.1157
   -7.5000  -37.5000    0.0000 7191.8022   23.3790
    0.0000  -37.5000    0.0000 7657.2803   23.3987
    7.5000  -37.5000    0.0000 7250.1782   23.3859
   -7.5000  -30.0000    0.0000 7858.8247   22.9952
    0.0000  -30.0000    0.0000 8365.6162   23.0180
    7.5000  -30.0000    0.0000 7923.8320   23.0038
   -7.5000  -22.5000    0.0000 8354.2949   22.2899
    0.0000  -22.5000    0.0000 8859.1426   22.3079
    7.5000  -22.5000    0.0000 8409.2441   22.2944
   -7.5000  -15.0000    0.0000 9219.1504   21.7729
    0.0000  -15.0000    0.0000 9727.7285   21.7857
    7.5000  -15.0000    0.0000 9265.1973   21.7734
   -7.5000   -7.5000    0.000010043.7520   21.3975
    0.0000   -7.5000    0.000010560.0215   21.4121
    7.5000   -7.5000    0.000010106.5928   21.4067
   -7.5000    0.0000    0.000010877.4180   21.2424
    0.0000    0.0000    0.000011452.5283   21.2628
    7.5000    0.0000    0.000010994.5000   21.2580
   -7.5000    7.5000    0.000010795.9736   21.2492
    0.0000    7.5000    0.000011479.2969   21.2735
    7.5000    7.5000    0.000010961.0703   21.2645
   -7.5000   15.0000    0.000010613.8232   21.0451
    0.0000   15.0000    0.000011363.2334   21.0661
    7.5000   15.0000    0.000010828.0605   21.0522
   -7.5000   22.5000    0.000010289.3125   20.6700
    0.0000   22.5000    0.000010932.7285   20.6867
    7.5000   22.5000    0.000010402.7236   20.6721
   -7.5000   30.0000    0.000010183.7939   20.8032
    0.0000   30.0000    0.000010750.8086   20.8185
    7.5000   30.0000    0.000010168.9961   20.8082
   -7.5000   37.5000    0.0000 9569.8555   20.3923
    0.0000   37.5000    0.000010126.3145   20.4077
    7.5000   37.5000    0.0000 9528.7070   20.4031
   -7.5000   45.0000    0.0000 9020.0684   19.9578
    0.0000   45.0000    0.0000 9599.2656   19.9771
    7.5000   45.0000    0.0000 9001.5732   19.9712
   -7.5000  -45.0000    7.5000 6461.9741   23.6934
    0.0000  -45.0000    7.5000 6840.2368   23.7033
    7.5000  -45.0000    7.5000 6514.7207   23.6734
   -7.5000  -37.5000    7.5000 6952.3496   23.9274
    0.0000  -37.5000    7.5000 7350.2603   23.9414
    7.5000  -37.5000    7.5000 7021.0322   23.9202
   -7.5000  -30.0000    7.5000 7582.4453   23.5197
    0.0000  -30.0000    7.5000 8013.1528   23.5378
    7.5000  -30.0000    7.5000 7660.0210   23.5250
   -7.5000  -22.5000    7.5000 8036.4580   22.7815
    0.0000  -22.5000    7.5000 8481.7568   22.7968
    7.5000  -22.5000    7.5000 8103.6016   22.7860
   -7.5000  -15.0000    7.5000 8836.3896   22.2434
    0.0000  -15.0000    7.5000 9326.0684   22.2534
    7.5000  -15.0000    7.5000 8904.0371   22.2390
   -7.5000   -7.5000    7.5000 9624.9717   21.8643
    0.0000   -7.5000    7.500010170.8105   21.8752
    7.5000   -7.5000    7.5000 9711.1963   21.8606
   -7.5000    0.0000    7.500010425.5449   21.7137
    0.0000    0.0000    7.500011045.2871   21.7286
    7.5000    0.0000    7.500010545.5928   21.7127
   -7.5000    7.5000    7.500010363.4023   21.7200
    0.0000    7.5000    7.500011066.9980   21.7386
    7.5000    7.5000    7.500010535.5605   21.7238
   -7.5000   15.0000    7.500010201.9053   21.5032
    0.0000   15.0000    7.500010901.5713   21.5197
    7.5000   15.0000    7.500010352.2227   21.5059
   -7.5000   22.5000    7.5000 9874.2803   21.1135
    0.0000   22.5000    7.500010387.8398   21.1269
    7.5000   22.5000    7.5000 9848.7080   21.1140
   -7.5000   30.0000    7.5000 9732.4717   21.2515
    0.0000   30.0000    7.500010217.0273   21.2640
    7.5000   30.0000    7.5000 9661.6025   21.2518
   -7.5000   37.5000    7.5000 9153.5098   20.8402
    0.0000   37.5000    7.5000 9695.1787   20.8524
    7.5000   37.5000    7.5000 9135.8027   20.8389
   -7.5000   45.0000    7.5000 8644.1318   20.4088
    0.0000   45.0000    7.5000 9199.7578   20.4225
    7.5000   45.0000    7.5000 8665.2803   20.4063
   -7.5000  -45.0000   15.0000 6139.9658   24.3143
    0.0000  -45.0000   15.0000 6454.7158   24.3151
    7.5000  -45.0000   15.0000 6188.7759   24.2879
   -7.5000  -37.5000   15.0000 6599.6592   24.5479
    0.0000  -37.5000   15.0000 6980.6392   24.5539
    7.5000  -37.5000   15.0000 6651.6504   24.5362
   -7.5000  -30.0000   15.0000 7190.6616   24.1080
    0.0000  -30.0000   15.0000 7634.5972   24.1227
    7.5000  -30.0000   15.0000 7269.2505   24.1177
   -7.5000  -22.5000   15.0000 7617.7847   23.3261
    0.0000  -22.5000   15.0000 8077.3721   23.3389
    7.5000  -22.5000   15.0000 7703.8813   23.3394
   -7.5000  -15.0000   15.0000 8413.2998   22.7641
    0.0000  -15.0000   15.0000 8912.5283   22.7691
    7.5000  -15.0000   15.0000 8503.3936   22.7649
   -7.5000   -7.5000   15.0000 9205.4365   22.3806
    0.0000   -7.5000   15.0000 9747.1699   22.3833
    7.5000   -7.5000   15.0000 9291.8330   22.3736
   -7.5000    0.0000   15.0000 9967.7305   22.2369
    0.0000    0.0000   15.000010547.8213   22.2425
    7.5000    0.0000   15.000010055.1543   22.2279
   -7.5000    7.5000   15.0000 9858.9268   22.2417
    0.0000    7.5000   15.000010476.3389   22.2533
    7.5000    7.5000   15.0000 9992.5068   22.2407
   -7.5000   15.0000   15.0000 9649.0039   22.0080
    0.0000   15.0000   15.000010167.3682   22.0208
    7.5000   15.0000   15.0000 9711.5039   22.0129
   -7.5000   22.5000   15.0000 9270.3145   21.6000
    0.0000   22.5000   15.0000 9636.1289   21.6105
    7.5000   22.5000   15.0000 9200.9844   21.6074
   -7.5000   30.0000   15.0000 9123.2168   21.7431
    0.0000   30.0000   15.0000 9515.0742   21.7502
    7.5000   30.0000   15.0000 9079.3125   21.7472
   -7.5000   37.5000   15.0000 8626.2480   21.3317
    0.0000   37.5000   15.0000 9054.3711   21.3358
    7.5000   37.5000   15.0000 8629.4287   21.3264
   -7.5000   45.0000   15.0000 8179.7788   20.9037
    0.0000   45.0000   15.0000 8599.7549   20.9087
    7.5000   45.0000   15.0000 8174.3267   20.8930
   -7.5000  -45.0000   22.5000 5789.3110   24.9759
    0.0000  -45.0000   22.5000 6084.2783   24.9779
    7.5000  -45.0000   22.5000 5843.7817   24.9712
   -7.5000  -37.5000   22.5000 6219.7109   25.2309
    0.0000  -37.5000   22.5000 6578.1460   25.2391
    7.5000  -37.5000   22.5000 6288.1162   25.2377
   -7.5000  -30.0000   22.5000 6811.1699   24.7822
    0.0000  -30.0000   22.5000 7234.0566   24.7997
    7.5000  -30.0000   22.5000 6908.6123   24.8061
   -7.5000  -22.5000   22.5000 7243.7183   23.9503
    0.0000  -22.5000   22.5000 7683.4546   23.9620
    7.5000  -22.5000   22.5000 7333.5972   23.9762
   -7.5000  -15.0000   22.5000 7999.6484   23.3584
    0.0000  -15.0000   22.5000 8468.6104   23.3598
    7.5000  -15.0000   22.5000 8063.1099   23.3718
   -7.5000   -7.5000   22.5000 8709.6748   22.9555
    0.0000   -7.5000   22.5000 9207.3145   22.9550
    7.5000   -7.5000   22.5000 8760.5137   22.9626
   -7.5000    0.0000   22.5000 9365.7529   22.8084
    0.0000    0.0000   22.5000 9907.8975   22.8142
    7.5000    0.0000   22.5000 9441.7070   22.8152
   -7.5000    7.5000   22.5000 9227.9707   22.8118
    0.0000    7.5000   22.5000 9766.0254   22.8261
    7.5000    7.5000   22.5000 9340.7021   22.8245
   -7.5000   15.0000   22.5000 8980.6328   22.5686
    0.0000   15.0000   22.5000 9403.6172   22.5836
    7.5000   15.0000   22.5000 9003.0273   22.5855
   -7.5000   22.5000   22.5000 8594.6973   22.1629
    0.0000   22.5000   22.5000 8919.5938   22.1726
    7.5000   22.5000   22.5000 8546.7031   22.1820
   -7.5000   30.0000   22.5000 8467.2090   22.3139
    0.0000   30.0000   22.5000 8817.8438   22.3170
    7.5000   30.0000   22.5000 8460.6768   22.3292
   -7.5000   37.5000   22.5000 8009.9844   21.9066
    0.0000   37.5000   22.5000 8364.9785   21.9071
    7.5000   37.5000   22.5000 8021.1592   21.9136
   -7.5000   45.0000   22.5000 7590.2358   21.4830
    0.0000   45.0000   22.5000 7937.7896   21.4887
    7.5000   45.0000   22.5000 7583.4673   21.4871
   -7.5000  -45.0000   30.0000 5728.8535   26.0749
    0.0000  -45.0000   30.0000 6013.1074   26.0792
    7.5000  -45.0000   30.0000 5791.0210   26.0679
   -7.5000  -37.5000   30.0000 6165.1484   26.3362
    0.0000  -37.5000   30.0000 6515.3643   26.3479
    7.5000  -37.5000   30.0000 6246.1602   26.3402
   -7.5000  -30.0000   30.0000 6756.2153   25.8561
    0.0000  -30.0000   30.0000 7161.4937   25.8785
    7.5000  -30.0000   30.0000 6836.9937   25.8685
   -7.5000  -22.5000   30.0000 7160.6128   24.9912
    0.0000  -22.5000   30.0000 7589.1069   25.0051
    7.5000  -22.5000   30.0000 7221.9434   25.0008
   -7.5000  -15.0000   30.0000 7846.9302   24.3606
    0.0000  -15.0000   30.0000 8303.9287   24.3620
    7.5000  -15.0000   30.0000 7891.4102   24.3590
   -7.5000   -7.5000   30.0000 8489.4814   23.9204
    0.0000   -7.5000   30.0000 8969.7539   23.9198
    7.5000   -7.5000   30.0000 8541.8887   23.9221
   -7.5000    0.0000   30.0000 9122.0830   23.7538
    0.0000    0.0000   30.0000 9652.5400   23.7624
    7.5000    0.0000   30.0000 9216.1816   23.7627
   -7.5000    7.5000   30.0000 8972.5020   23.7504
    0.0000    7.5000   30.0000 9470.4131   23.7695
    7.5000    7.5000   30.0000 9075.7275   23.7622
   -7.5000   15.0000   30.0000 8691.3096   23.5020
    0.0000   15.0000   30.0000 9092.5693   23.5216
    7.5000   15.0000   30.0000 8707.4443   23.5106
   -7.5000   22.5000   30.0000 8294.3086   23.0905
    0.0000   22.5000   30.0000 8642.8916   23.1026
    7.5000   22.5000   30.0000 8270.9502   23.0958
   -7.5000   30.0000   30.0000 8183.6958   23.2577
    0.0000   30.0000   30.0000 8529.3027   23.2609
    7.5000   30.0000   30.0000 8178.6230   23.2589
   -7.5000   37.5000   30.0000 7742.3188   22.8368
    0.0000   37.5000   30.0000 8077.1494   22.8370
    7.5000   37.5000   30.0000 7750.9058   22.8381
   -7.5000   45.0000   30.0000 7311.8560   22.3952
    0.0000   45.0000   30.0000 7651.1836   22.4038
    7.5000   45.0000   30.0000 7322.2124   22.4002
   -7.5000  -45.0000   37.5000 5417.2422   26.8492
    0.0000  -45.0000   37.5000 5687.3330   26.8533
    7.5000  -45.0000   37.5000 5473.1572   26.8555
   -7.5000  -37.5000   37.5000 5816.7998   27.1166
    0.0000  -37.5000   37.5000 6145.1655   27.1272
    7.5000  -37.5000   37.5000 5890.7915   27.1352
   -7.5000  -30.0000   37.5000 6352.1890   26.5955
    0.0000  -30.0000   37.5000 6725.9575   26.6140
    7.5000  -30.0000   37.5000 6415.0210   26.6161
   -7.5000  -22.5000   37.5000 6714.8223   25.7089
    0.0000  -22.5000   37.5000 7101.9570   25.7205
    7.5000  -22.5000   37.5000 6761.5786   25.7228
   -7.5000  -15.0000   37.5000 7340.4736   25.0536
    0.0000  -15.0000   37.5000 7752.8853   25.0560
    7.5000  -15.0000   37.5000 7374.1748   25.0583
   -7.5000   -7.5000   37.5000 7906.9995   24.5736
    0.0000   -7.5000   37.5000 8359.3984   24.5765
    7.5000   -7.5000   37.5000 7972.7236   24.5882
   -7.5000    0.0000   37.5000 8493.9033   24.3893
    0.0000    0.0000   37.5000 9013.2256   24.4013
    7.5000    0.0000   37.5000 8609.6992   24.4155
   -7.5000    7.5000   37.5000 8341.6787   24.3839
    0.0000    7.5000   37.5000 8812.7432   24.4035
    7.5000    7.5000   37.5000 8438.2646   24.4111
   -7.5000   15.0000   37.5000 8062.5825   24.1325
    0.0000   15.0000   37.5000 8444.6826   24.1495
    7.5000   15.0000   37.5000 8084.0034   24.1497
   -7.5000   22.5000   37.5000 7683.3301   23.7222
    0.0000   22.5000   37.5000 8034.8979   23.7328
    7.5000   22.5000   37.5000 7695.3975   23.7319
   -7.5000   30.0000   37.5000 7575.4233   23.8971
    0.0000   30.0000   37.5000 7909.6738   23.9022
    7.5000   30.0000   37.5000 7599.2095   23.9057
   -7.5000   37.5000   37.5000 7174.3672   23.4690
    0.0000   37.5000   37.5000 7484.1455   23.4729
    7.5000   37.5000   37.5000 7190.1719   23.4839
   -7.5000   45.0000   37.5000 6775.0474   23.0149
    0.0000   45.0000   37.5000 7081.4932   23.0264
    7.5000   45.0000   37.5000 6784.8916   23.0366
   -7.5000  -45.0000   45.0000 5076.9424   27.7953
    0.0000  -45.0000   45.0000 5327.9136   27.7887
    7.5000  -45.0000   45.0000 5117.0688   27.7542
   -7.5000  -37.5000   45.0000 5456.4688   28.0736
    0.0000  -37.5000   45.0000 5746.5962   28.0759
    7.5000  -37.5000   45.0000 5503.2725   28.0413
   -7.5000  -30.0000   45.0000 5942.9043   27.5049
    0.0000  -30.0000   45.0000 6262.1460   27.5151
    7.5000  -30.0000   45.0000 5980.4473   27.4860
   -7.5000  -22.5000   45.0000 6268.5566   26.5859
    0.0000  -22.5000   45.0000 6596.9097   26.5916
    7.5000  -22.5000   45.0000 6294.9629   26.5728
   -7.5000  -15.0000   45.0000 6836.5942   25.8928
    0.0000  -15.0000   45.0000 7206.1201   25.8910
    7.5000  -15.0000   45.0000 6869.8540   25.8758
   -7.5000   -7.5000   45.0000 7357.2163   25.3601
    0.0000   -7.5000   45.0000 7790.2026   25.3598
    7.5000   -7.5000   45.0000 7432.9927   25.3486
   -7.5000    0.0000   45.0000 7926.7329   25.1601
    0.0000    0.0000   45.0000 8410.5186   25.1671
    7.5000    0.0000   45.0000 8032.2197   25.1495
   -7.5000    7.5000   45.0000 7768.1592   25.1629
    0.0000    7.5000   45.0000 8218.7490   25.1761
    7.5000    7.5000   45.0000 7854.0044   25.1509
   -7.5000   15.0000   45.0000 7496.0952   24.9037
    0.0000   15.0000   45.0000 7873.5063   24.9139
    7.5000   15.0000   45.0000 7520.8037   24.8878
   -7.5000   22.5000   45.0000 7147.1069   24.4776
    0.0000   22.5000   45.0000 7492.8882   24.4831
    7.5000   22.5000   45.0000 7164.6611   24.4630
   -7.5000   30.0000   45.0000 7041.6372   24.6374
    0.0000   30.0000   45.0000 7370.7524   24.6404
    7.5000   30.0000   45.0000 7059.1660   24.6283
   -7.5000   37.5000   45.0000 6653.4312   24.1641
    0.0000   37.5000   45.0000 6959.4458   24.1663
    7.5000   37.5000   45.0000 6669.5298   24.1561
   -7.5000   45.0000   45.0000 6258.9116   23.6738
    0.0000   45.0000   45.0000 6567.0972   23.6808
    7.5000   45.0000   45.0000 6285.2314   23.6609

---------------------------------------------------------------------
imgreg_4dfp /opt/freesurfer/average/711-2C_as_mni_average_305 /opt/freesurfer/average/711-2B_as_mni_average_305_mask talsrcimg_g11 none talsrcimg_to_711-2C_as_mni_average_305_t4 4355
---------------------------------------------------------------------

freesurfer imgreg_4dfp.c
/opt/freesurfer/average/711-2C_as_mni_average_305.4dfp.img
       256       256       256         1
  1.000000  1.000000  1.000000
orientation T byte_order littleendian
Reading image: /opt/freesurfer/average/711-2C_as_mni_average_305.4dfp.img
dimensions:      256       256       256
mmppix:       1.0000   -1.0000   -1.0000
center:     128.0000 -129.0000 -129.0000
/opt/freesurfer/average/711-2B_as_mni_average_305_mask.4dfp.img
       256       256       256         1
  1.000000  1.000000  1.000000
orientation T byte_order littleendian
Reading mask: /opt/freesurfer/average/711-2B_as_mni_average_305_mask.4dfp.img (2306576 pixels)
talsrcimg_g11.4dfp.img
       320       320       320         1
  0.700000  0.700000  0.700000
orientation T byte_order littleendian
Reading image: talsrcimg_g11.4dfp.img
dimensions:      320       320       320
mmppix:       0.7000   -0.7000   -0.7000
center:     112.0000 -112.7000 -112.7000
rotation matrix determinant  1.000000
image alignment mode   4355 decimal     1103 hex
   -7.5000  -37.5000  -45.0000 2102.7454   24.7133
    0.0000  -37.5000  -45.0000 2123.3193   24.6678
    7.5000  -37.5000  -45.0000 2107.3052   24.5941
   -7.5000  -30.0000  -45.0000 2157.1062   22.9414
    0.0000  -30.0000  -45.0000 2174.5347   22.9637
    7.5000  -30.0000  -45.0000 2160.9709   22.8568
   -7.5000  -22.5000  -45.0000 2207.1951   21.4898
    0.0000  -22.5000  -45.0000 2223.1384   21.5181
    7.5000  -22.5000  -45.0000 2210.4202   21.4034
   -7.5000  -15.0000  -45.0000 2249.8049   20.4053
    0.0000  -15.0000  -45.0000 2263.9424   20.4435
    7.5000  -15.0000  -45.0000 2251.0225   20.3737
   -7.5000   -7.5000  -45.0000 2282.1128   19.5804
    0.0000   -7.5000  -45.0000 2303.9351   19.6193
    7.5000   -7.5000  -45.0000 2282.9592   19.5568
   -7.5000    0.0000  -45.0000 2305.0479   19.0221
    0.0000    0.0000  -45.0000 2323.7976   19.0164
    7.5000    0.0000  -45.0000 2304.4954   18.9948
   -7.5000    7.5000  -45.0000 2319.1602   18.7147
    0.0000    7.5000  -45.0000 2339.9067   18.7290
    7.5000    7.5000  -45.0000 2323.7708   18.7073
   -7.5000   15.0000  -45.0000 2333.3523   18.5919
    0.0000   15.0000  -45.0000 2349.5969   18.5701
    7.5000   15.0000  -45.0000 2332.2021   18.5428
   -7.5000   22.5000  -45.0000 2332.3491   18.6594
    0.0000   22.5000  -45.0000 2353.8811   18.5963
    7.5000   22.5000  -45.0000 2335.0244   18.5732
   -7.5000   30.0000  -45.0000 2320.5881   18.9434
    0.0000   30.0000  -45.0000 2341.0483   18.8607
    7.5000   30.0000  -45.0000 2326.5054   18.8694
   -7.5000   37.5000  -45.0000 2268.5896   19.4382
    0.0000   37.5000  -45.0000 2291.2036   19.3183
    7.5000   37.5000  -45.0000 2270.9160   19.2766
   -7.5000   45.0000  -45.0000 2160.3049   19.7664
    0.0000   45.0000  -45.0000 2181.8105   19.6725
    7.5000   45.0000  -45.0000 2163.0420   19.6498
   -7.5000   52.5000  -45.0000 2023.2550   19.9894
    0.0000   52.5000  -45.0000 2043.5229   19.9028
    7.5000   52.5000  -45.0000 2028.8337   19.9194
   -7.5000  -37.5000  -37.5000 2246.4443   24.9434
    0.0000  -37.5000  -37.5000 2262.9363   24.9177
    7.5000  -37.5000  -37.5000 2253.7288   24.7878
   -7.5000  -30.0000  -37.5000 2302.4126   23.1224
    0.0000  -30.0000  -37.5000 2322.1401   23.0867
    7.5000  -30.0000  -37.5000 2307.6838   23.0151
   -7.5000  -22.5000  -37.5000 2358.6633   21.6140
    0.0000  -22.5000  -37.5000 2377.4087   21.5821
    7.5000  -22.5000  -37.5000 2358.4905   21.5341
   -7.5000  -15.0000  -37.5000 2405.9221   20.4019
    0.0000  -15.0000  -37.5000 2424.5212   20.3955
    7.5000  -15.0000  -37.5000 2404.2844   20.3848
   -7.5000   -7.5000  -37.5000 2435.8704   19.4761
    0.0000   -7.5000  -37.5000 2458.1118   19.4856
    7.5000   -7.5000  -37.5000 2433.1309   19.4376
   -7.5000    0.0000  -37.5000 2461.2839   18.8672
    0.0000    0.0000  -37.5000 2483.6030   18.8674
    7.5000    0.0000  -37.5000 2464.1160   18.7955
   -7.5000    7.5000  -37.5000 2485.5210   18.5387
    0.0000    7.5000  -37.5000 2504.4543   18.4576
    7.5000    7.5000  -37.5000 2486.3616   18.4348
   -7.5000   15.0000  -37.5000 2502.6338   18.3530
    0.0000   15.0000  -37.5000 2518.2258   18.2672
    7.5000   15.0000  -37.5000 2503.2261   18.2676
   -7.5000   22.5000  -37.5000 2500.2932   18.4034
    0.0000   22.5000  -37.5000 2520.4146   18.3096
    7.5000   22.5000  -37.5000 2507.0938   18.3053
   -7.5000   30.0000  -37.5000 2488.1731   18.7331
    0.0000   30.0000  -37.5000 2511.9658   18.6459
    7.5000   30.0000  -37.5000 2491.3423   18.6479
   -7.5000   37.5000  -37.5000 2435.0745   19.1866
    0.0000   37.5000  -37.5000 2461.2388   19.0652
    7.5000   37.5000  -37.5000 2439.4678   19.0540
   -7.5000   45.0000  -37.5000 2323.5364   19.5149
    0.0000   45.0000  -37.5000 2350.4426   19.3991
    7.5000   45.0000  -37.5000 2331.0806   19.4123
   -7.5000   52.5000  -37.5000 2173.6511   19.7240
    0.0000   52.5000  -37.5000 2202.2498   19.6357
    7.5000   52.5000  -37.5000 2185.1277   19.6159
   -7.5000  -37.5000  -30.0000 2371.4751   25.1269
    0.0000  -37.5000  -30.0000 2388.3545   25.0545
    7.5000  -37.5000  -30.0000 2383.5359   25.0253
   -7.5000  -30.0000  -30.0000 2435.7876   23.2435
    0.0000  -30.0000  -30.0000 2452.7932   23.1618
    7.5000  -30.0000  -30.0000 2442.1702   23.1556
   -7.5000  -22.5000  -30.0000 2490.6689   21.6651
    0.0000  -22.5000  -30.0000 2515.7090   21.5935
    7.5000  -22.5000  -30.0000 2496.2075   21.6106
   -7.5000  -15.0000  -30.0000 2534.8928   20.3666
    0.0000  -15.0000  -30.0000 2558.5205   20.2942
    7.5000  -15.0000  -30.0000 2538.8528   20.3615
   -7.5000   -7.5000  -30.0000 2565.3760   19.3461
    0.0000   -7.5000  -30.0000 2584.5959   19.2598
    7.5000   -7.5000  -30.0000 2568.9600   19.3468
   -7.5000    0.0000  -30.0000 2594.6233   18.6225
    0.0000    0.0000  -30.0000 2611.8933   18.5379
    7.5000    0.0000  -30.0000 2597.6243   18.5546
   -7.5000    7.5000  -30.0000 2622.8049   18.1741
    0.0000    7.5000  -30.0000 2642.2988   18.0630
    7.5000    7.5000  -30.0000 2628.3462   18.0780
   -7.5000   15.0000  -30.0000 2636.3774   17.8999
    0.0000   15.0000  -30.0000 2658.4871   17.8074
    7.5000   15.0000  -30.0000 2644.1414   17.8262
   -7.5000   22.5000  -30.0000 2638.0774   17.9517
    0.0000   22.5000  -30.0000 2663.7012   17.8504
    7.5000   22.5000  -30.0000 2650.6851   17.8499
   -7.5000   30.0000  -30.0000 2627.7209   18.2876
    0.0000   30.0000  -30.0000 2660.4988   18.1677
    7.5000   30.0000  -30.0000 2643.8167   18.1907
   -7.5000   37.5000  -30.0000 2577.6204   18.7509
    0.0000   37.5000  -30.0000 2608.9077   18.5786
    7.5000   37.5000  -30.0000 2591.4990   18.6141
   -7.5000   45.0000  -30.0000 2468.3210   19.1121
    0.0000   45.0000  -30.0000 2494.9236   18.9434
    7.5000   45.0000  -30.0000 2480.2585   18.9843
   -7.5000   52.5000  -30.0000 2315.2083   19.3840
    0.0000   52.5000  -30.0000 2341.0950   19.2200
    7.5000   52.5000  -30.0000 2328.0208   19.2170
   -7.5000  -37.5000  -22.5000 2428.9565   24.6096
    0.0000  -37.5000  -22.5000 2452.0425   24.4311
    7.5000  -37.5000  -22.5000 2432.9143   24.4608
   -7.5000  -30.0000  -22.5000 2491.2173   22.7324
    0.0000  -30.0000  -22.5000 2513.3713   22.5707
    7.5000  -30.0000  -22.5000 2498.3372   22.6438
   -7.5000  -22.5000  -22.5000 2544.7646   21.2306
    0.0000  -22.5000  -22.5000 2565.3789   21.0350
    7.5000  -22.5000  -22.5000 2555.0867   21.1578
   -7.5000  -15.0000  -22.5000 2585.9888   19.9426
    0.0000  -15.0000  -22.5000 2605.5068   19.7665
    7.5000  -15.0000  -22.5000 2594.5957   19.8782
   -7.5000   -7.5000  -22.5000 2616.2656   18.9573
    0.0000   -7.5000  -22.5000 2634.2393   18.7569
    7.5000   -7.5000  -22.5000 2623.6711   18.8917
   -7.5000    0.0000  -22.5000 2638.8223   18.2132
    0.0000    0.0000  -22.5000 2658.7456   18.0291
    7.5000    0.0000  -22.5000 2654.9568   18.1500
   -7.5000    7.5000  -22.5000 2660.4731   17.6406
    0.0000    7.5000  -22.5000 2687.1501   17.4750
    7.5000    7.5000  -22.5000 2681.4883   17.5351
   -7.5000   15.0000  -22.5000 2675.3694   17.2319
    0.0000   15.0000  -22.5000 2703.7031   17.0403
    7.5000   15.0000  -22.5000 2689.6301   17.1338
   -7.5000   22.5000  -22.5000 2681.5962   17.2211
    0.0000   22.5000  -22.5000 2705.5049   17.0516
    7.5000   22.5000  -22.5000 2697.3953   17.0884
   -7.5000   30.0000  -22.5000 2681.6670   17.6213
    0.0000   30.0000  -22.5000 2709.6121   17.3986
    7.5000   30.0000  -22.5000 2705.7068   17.4557
   -7.5000   37.5000  -22.5000 2632.7012   18.0580
    0.0000   37.5000  -22.5000 2662.6462   17.8066
    7.5000   37.5000  -22.5000 2655.5754   17.8671
   -7.5000   45.0000  -22.5000 2521.7693   18.4387
    0.0000   45.0000  -22.5000 2548.5605   18.2083
    7.5000   45.0000  -22.5000 2541.6921   18.2524
   -7.5000   52.5000  -22.5000 2371.9209   18.8143
    0.0000   52.5000  -22.5000 2395.4485   18.5509
    7.5000   52.5000  -22.5000 2392.3865   18.6034
   -7.5000  -37.5000  -15.0000 2508.9744   24.7286
    0.0000  -37.5000  -15.0000 2536.5371   24.5008
    7.5000  -37.5000  -15.0000 2518.1738   24.5678
   -7.5000  -30.0000  -15.0000 2565.4319   22.7065
    0.0000  -30.0000  -15.0000 2592.4424   22.4527
    7.5000  -30.0000  -15.0000 2579.5713   22.5942
   -7.5000  -22.5000  -15.0000 2621.9971   21.1205
    0.0000  -22.5000  -15.0000 2650.4641   20.8280
    7.5000  -22.5000  -15.0000 2635.2837   20.9907
   -7.5000  -15.0000  -15.0000 2675.5703   19.8286
    0.0000  -15.0000  -15.0000 2694.8052   19.4852
    7.5000  -15.0000  -15.0000 2681.6333   19.6631
   -7.5000   -7.5000  -15.0000 2714.4287   18.8227
    0.0000   -7.5000  -15.0000 2729.8452   18.4972
    7.5000   -7.5000  -15.0000 2721.6755   18.6533
   -7.5000    0.0000  -15.0000 2742.2600   18.0069
    0.0000    0.0000  -15.0000 2759.1838   17.7588
    7.5000    0.0000  -15.0000 2755.7368   17.8886
   -7.5000    7.5000  -15.0000 2765.3428   17.3923
    0.0000    7.5000  -15.0000 2789.4265   17.1413
    7.5000    7.5000  -15.0000 2787.1453   17.2868
   -7.5000   15.0000  -15.0000 2781.6455   16.9337
    0.0000   15.0000  -15.0000 2812.7622   16.5866
    7.5000   15.0000  -15.0000 2807.6353   16.8330
   -7.5000   22.5000  -15.0000 2794.0618   16.7396
    0.0000   22.5000  -15.0000 2813.1489   16.3520
    7.5000   22.5000  -15.0000 2814.1460   16.6367
   -7.5000   30.0000  -15.0000 2793.2295   17.1514
    0.0000   30.0000  -15.0000 2812.2690   16.7529
    7.5000   30.0000  -15.0000 2816.2363   16.9357
   -7.5000   37.5000  -15.0000 2741.7808   17.6085
    0.0000   37.5000  -15.0000 2763.6621   17.2061
    7.5000   37.5000  -15.0000 2767.5046   17.3537
   -7.5000   45.0000  -15.0000 2632.3440   18.0207
    0.0000   45.0000  -15.0000 2654.3533   17.6536
    7.5000   45.0000  -15.0000 2658.6360   17.8313
   -7.5000   52.5000  -15.0000 2481.7065   18.4308
    0.0000   52.5000  -15.0000 2501.8279   18.0344
    7.5000   52.5000  -15.0000 2505.1836   18.2547
   -7.5000  -37.5000   -7.5000 2567.4485   24.9686
    0.0000  -37.5000   -7.5000 2594.7847   24.6120
    7.5000  -37.5000   -7.5000 2579.2717   24.6921
   -7.5000  -30.0000   -7.5000 2623.9956   22.7921
    0.0000  -30.0000   -7.5000 2643.5454   22.3655
    7.5000  -30.0000   -7.5000 2637.9087   22.5458
   -7.5000  -22.5000   -7.5000 2670.3306   21.0263
    0.0000  -22.5000   -7.5000 2692.0972   20.6511
    7.5000  -22.5000   -7.5000 2682.4985   20.7818
   -7.5000  -15.0000   -7.5000 2722.3259   19.6265
    0.0000  -15.0000   -7.5000 2740.1865   19.2714
    7.5000  -15.0000   -7.5000 2725.3391   19.3885
   -7.5000   -7.5000   -7.5000 2759.7080   18.5622
    0.0000   -7.5000   -7.5000 2779.2268   18.2484
    7.5000   -7.5000   -7.5000 2768.1877   18.3593
   -7.5000    0.0000   -7.5000 2794.4204   17.7383
    0.0000    0.0000   -7.5000 2818.4795   17.4656
    7.5000    0.0000   -7.5000 2810.9558   17.6150
   -7.5000    7.5000   -7.5000 2824.2747   17.1186
    0.0000    7.5000   -7.5000 2852.3442   16.8710
    7.5000    7.5000   -7.5000 2849.5642   17.0305
   -7.5000   15.0000   -7.5000 2854.3679   16.7320
    0.0000   15.0000   -7.5000 2878.4392   16.3553
    7.5000   15.0000   -7.5000 2881.6467   16.6120
   -7.5000   22.5000   -7.5000 2869.1287   16.5891
    0.0000   22.5000   -7.5000 2880.5491   16.0409
    7.5000   22.5000   -7.5000 2892.5896   16.4315
   -7.5000   30.0000   -7.5000 2868.2383   16.8541
    0.0000   30.0000   -7.5000 2876.4324   16.3386
    7.5000   30.0000   -7.5000 2889.4050   16.6383
   -7.5000   37.5000   -7.5000 2803.4778   17.2187
    0.0000   37.5000   -7.5000 2830.5359   16.8364
    7.5000   37.5000   -7.5000 2833.1509   17.0335
   -7.5000   45.0000   -7.5000 2690.8811   17.6899
    0.0000   45.0000   -7.5000 2721.7676   17.2571
    7.5000   45.0000   -7.5000 2719.8428   17.4410
   -7.5000   52.5000   -7.5000 2535.4866   18.1193
    0.0000   52.5000   -7.5000 2568.3965   17.7432
    7.5000   52.5000   -7.5000 2558.1946   17.8557
   -7.5000  -37.5000    0.0000 2581.9563   24.8439
    0.0000  -37.5000    0.0000 2610.4612   24.6005
    7.5000  -37.5000    0.0000 2594.3318   24.6939
   -7.5000  -30.0000    0.0000 2640.1924   22.6283
    0.0000  -30.0000    0.0000 2669.2417   22.3524
    7.5000  -30.0000    0.0000 2654.7344   22.4946
   -7.5000  -22.5000    0.0000 2695.4883   20.9422
    0.0000  -22.5000    0.0000 2720.0479   20.5405
    7.5000  -22.5000    0.0000 2704.9177   20.7837
   -7.5000  -15.0000    0.0000 2742.5359   19.5681
    0.0000  -15.0000    0.0000 2758.7571   19.1080
    7.5000  -15.0000    0.0000 2751.9331   19.3986
   -7.5000   -7.5000    0.0000 2776.6135   18.4742
    0.0000   -7.5000    0.0000 2788.0239   17.9992
    7.5000   -7.5000    0.0000 2788.3479   18.2777
   -7.5000    0.0000    0.0000 2811.0911   17.6608
    0.0000    0.0000    0.0000 2818.8843   17.2130
    7.5000    0.0000    0.0000 2828.9929   17.5032
   -7.5000    7.5000    0.0000 2851.4382   17.1766
    0.0000    7.5000    0.0000 2858.2761   16.7664
    7.5000    7.5000    0.0000 2873.8091   17.0147
   -7.5000   15.0000    0.0000 2882.6504   16.8796
    0.0000   15.0000    0.0000 2919.2466   16.5849
    7.5000   15.0000    0.0000 2912.6873   16.7788
   -7.5000   22.5000    0.0000 2902.9822   16.7840
    0.0000   22.5000    0.0000 2956.2463   16.4782
    7.5000   22.5000    0.0000 2934.1755   16.6333
   -7.5000   30.0000    0.0000 2898.4617   16.8877
    0.0000   30.0000    0.0000 2953.7317   16.5655
    7.5000   30.0000    0.0000 2923.3162   16.6514
   -7.5000   37.5000    0.0000 2834.1997   17.1183
    0.0000   37.5000    0.0000 2867.7075   16.6578
    7.5000   37.5000    0.0000 2851.7344   16.7670
   -7.5000   45.0000    0.0000 2714.8943   17.5433
    0.0000   45.0000    0.0000 2746.7815   17.1078
    7.5000   45.0000    0.0000 2739.3750   17.1654
   -7.5000   52.5000    0.0000 2563.9497   18.0602
    0.0000   52.5000    0.0000 2592.9644   17.7823
    7.5000   52.5000    0.0000 2592.6865   17.8423
   -7.5000  -37.5000    7.5000 2577.0364   24.8688
    0.0000  -37.5000    7.5000 2599.8057   24.5351
    7.5000  -37.5000    7.5000 2587.9573   24.7556
   -7.5000  -30.0000    7.5000 2644.4546   22.6756
    0.0000  -30.0000    7.5000 2662.8369   22.2302
    7.5000  -30.0000    7.5000 2654.5920   22.5576
   -7.5000  -22.5000    7.5000 2697.5879   20.9213
    0.0000  -22.5000    7.5000 2710.5398   20.4239
    7.5000  -22.5000    7.5000 2706.5723   20.8272
   -7.5000  -15.0000    7.5000 2735.9016   19.5895
    0.0000  -15.0000    7.5000 2747.9883   19.0926
    7.5000  -15.0000    7.5000 2746.0579   19.4754
   -7.5000   -7.5000    7.5000 2774.7410   18.5777
    0.0000   -7.5000    7.5000 2779.5562   18.1077
    7.5000   -7.5000    7.5000 2784.5884   18.4564
   -7.5000    0.0000    7.5000 2809.7856   17.8834
    0.0000    0.0000    7.5000 2819.9800   17.4818
    7.5000    0.0000    7.5000 2827.0042   17.7817
   -7.5000    7.5000    7.5000 2848.9258   17.4818
    0.0000    7.5000    7.5000 2867.4121   17.1418
    7.5000    7.5000    7.5000 2868.5474   17.3654
   -7.5000   15.0000    7.5000 2885.7290   17.2687
    0.0000   15.0000    7.5000 2915.8860   16.9831
    7.5000   15.0000    7.5000 2909.5789   17.1584
   -7.5000   22.5000    7.5000 2906.1636   17.2158
    0.0000   22.5000    7.5000 2941.2236   16.7647
    7.5000   22.5000    7.5000 2936.8350   16.9977
   -7.5000   30.0000    7.5000 2907.5862   17.2751
    0.0000   30.0000    7.5000 2931.0776   16.7546
    7.5000   30.0000    7.5000 2924.7810   16.9045
   -7.5000   37.5000    7.5000 2837.2815   17.5337
    0.0000   37.5000    7.5000 2873.0205   17.1471
    7.5000   37.5000    7.5000 2858.6606   17.2102
   -7.5000   45.0000    7.5000 2723.7009   17.9661
    0.0000   45.0000    7.5000 2762.2214   17.7457
    7.5000   45.0000    7.5000 2755.4836   17.7778
   -7.5000   52.5000    7.5000 2575.3350   18.4982
    0.0000   52.5000    7.5000 2608.5798   18.2827
    7.5000   52.5000    7.5000 2606.0432   18.3229
   -7.5000  -37.5000   15.0000 2560.3550   25.1428
    0.0000  -37.5000   15.0000 2576.8594   24.7551
    7.5000  -37.5000   15.0000 2565.9316   25.0135
   -7.5000  -30.0000   15.0000 2627.7078   23.0078
    0.0000  -30.0000   15.0000 2653.0017   22.5854
    7.5000  -30.0000   15.0000 2636.9136   22.8349
   -7.5000  -22.5000   15.0000 2678.6279   21.3096
    0.0000  -22.5000   15.0000 2700.8970   20.8722
    7.5000  -22.5000   15.0000 2692.8872   21.1769
   -7.5000  -15.0000   15.0000 2725.4512   20.0772
    0.0000  -15.0000   15.0000 2738.5022   19.6426
    7.5000  -15.0000   15.0000 2734.9768   19.9890
   -7.5000   -7.5000   15.0000 2767.1499   19.1270
    0.0000   -7.5000   15.0000 2777.7703   18.7398
    7.5000   -7.5000   15.0000 2776.3667   19.0685
   -7.5000    0.0000   15.0000 2794.7371   18.4265
    0.0000    0.0000   15.0000 2806.5347   18.0420
    7.5000    0.0000   15.0000 2807.9517   18.3040
   -7.5000    7.5000   15.0000 2828.2825   17.9712
    0.0000    7.5000   15.0000 2844.4290   17.5842
    7.5000    7.5000   15.0000 2845.9771   17.8368
   -7.5000   15.0000   15.0000 2861.2976   17.7392
    0.0000   15.0000   15.0000 2880.7593   17.3075
    7.5000   15.0000   15.0000 2887.4153   17.5749
   -7.5000   22.5000   15.0000 2881.5825   17.7063
    0.0000   22.5000   15.0000 2893.6858   17.0077
    7.5000   22.5000   15.0000 2900.6567   17.2876
   -7.5000   30.0000   15.0000 2879.6001   17.8181
    0.0000   30.0000   15.0000 2895.7815   17.1539
    7.5000   30.0000   15.0000 2891.7747   17.3617
   -7.5000   37.5000   15.0000 2814.5752   18.1750
    0.0000   37.5000   15.0000 2849.8418   17.7511
    7.5000   37.5000   15.0000 2843.7200   17.8936
   -7.5000   45.0000   15.0000 2706.2612   18.6729
    0.0000   45.0000   15.0000 2740.4360   18.3803
    7.5000   45.0000   15.0000 2733.6682   18.4569
   -7.5000   52.5000   15.0000 2555.9673   19.1997
    0.0000   52.5000   15.0000 2586.9316   18.9532
    7.5000   52.5000   15.0000 2583.6924   19.0003
   -7.5000  -37.5000   22.5000 2523.2429   25.9617
    0.0000  -37.5000   22.5000 2540.4573   25.5641
    7.5000  -37.5000   22.5000 2530.0723   25.8480
   -7.5000  -30.0000   22.5000 2594.5972   23.8616
    0.0000  -30.0000   22.5000 2623.2764   23.4996
    7.5000  -30.0000   22.5000 2612.3262   23.7339
   -7.5000  -22.5000   22.5000 2653.5762   22.1645
    0.0000  -22.5000   22.5000 2676.5046   21.8134
    7.5000  -22.5000   22.5000 2667.1057   22.0980
   -7.5000  -15.0000   22.5000 2701.5837   20.9039
    0.0000  -15.0000   22.5000 2722.4668   20.5244
    7.5000  -15.0000   22.5000 2708.3301   20.7887
   -7.5000   -7.5000   22.5000 2738.1172   19.8601
    0.0000   -7.5000   22.5000 2756.7690   19.4482
    7.5000   -7.5000   22.5000 2747.0896   19.7136
   -7.5000    0.0000   22.5000 2764.7944   19.1001
    0.0000    0.0000   22.5000 2781.1919   18.6438
    7.5000    0.0000   22.5000 2778.7852   18.9412
   -7.5000    7.5000   22.5000 2800.9546   18.6858
    0.0000    7.5000   22.5000 2812.5647   18.1809
    7.5000    7.5000   22.5000 2815.7793   18.4477
   -7.5000   15.0000   22.5000 2821.4106   18.3778
    0.0000   15.0000   22.5000 2836.8118   17.8257
    7.5000   15.0000   22.5000 2842.0122   18.1053
   -7.5000   22.5000   22.5000 2838.3752   18.3173
    0.0000   22.5000   22.5000 2843.3643   17.5620
    7.5000   22.5000   22.5000 2842.1528   17.8183
   -7.5000   30.0000   22.5000 2828.9360   18.5147
    0.0000   30.0000   22.5000 2843.1887   17.9428
    7.5000   30.0000   22.5000 2847.0725   18.1416
   -7.5000   37.5000   22.5000 2775.0151   19.0231
    0.0000   37.5000   22.5000 2797.1792   18.5784
    7.5000   37.5000   22.5000 2800.2495   18.7131
   -7.5000   45.0000   22.5000 2666.2017   19.5293
    0.0000   45.0000   22.5000 2690.2429   19.1788
    7.5000   45.0000   22.5000 2687.3315   19.2906
   -7.5000   52.5000   22.5000 2513.8225   19.9715
    0.0000   52.5000   22.5000 2541.7131   19.6986
    7.5000   52.5000   22.5000 2538.1909   19.7524
   -7.5000  -37.5000   30.0000 2474.8210   27.4455
    0.0000  -37.5000   30.0000 2495.2358   27.1242
    7.5000  -37.5000   30.0000 2486.2139   27.3153
   -7.5000  -30.0000   30.0000 2547.8496   25.2228
    0.0000  -30.0000   30.0000 2573.9653   24.9280
    7.5000  -30.0000   30.0000 2564.6765   25.0933
   -7.5000  -22.5000   30.0000 2610.5662   23.3555
    0.0000  -22.5000   30.0000 2633.8875   23.0409
    7.5000  -22.5000   30.0000 2618.5876   23.2185
   -7.5000  -15.0000   30.0000 2653.6782   21.8650
    0.0000  -15.0000   30.0000 2677.0808   21.5273
    7.5000  -15.0000   30.0000 2662.8848   21.7495
   -7.5000   -7.5000   30.0000 2691.2727   20.6697
    0.0000   -7.5000   30.0000 2710.5396   20.2671
    7.5000   -7.5000   30.0000 2703.5762   20.5337
   -7.5000    0.0000   30.0000 2724.9941   19.8792
    0.0000    0.0000   30.0000 2744.7439   19.4296
    7.5000    0.0000   30.0000 2737.3401   19.6788
   -7.5000    7.5000   30.0000 2753.8159   19.4367
    0.0000    7.5000   30.0000 2774.2593   18.9185
    7.5000    7.5000   30.0000 2770.3303   19.1995
   -7.5000   15.0000   30.0000 2773.8198   19.1468
    0.0000   15.0000   30.0000 2786.7046   18.5595
    7.5000   15.0000   30.0000 2785.0032   18.8075
   -7.5000   22.5000   30.0000 2771.5525   19.0560
    0.0000   22.5000   30.0000 2786.8782   18.4557
    7.5000   22.5000   30.0000 2778.8677   18.6390
   -7.5000   30.0000   30.0000 2764.1492   19.4436
    0.0000   30.0000   30.0000 2777.5208   18.9244
    7.5000   30.0000   30.0000 2781.0334   19.0765
   -7.5000   37.5000   30.0000 2710.1367   20.0293
    0.0000   37.5000   30.0000 2728.4636   19.5813
    7.5000   37.5000   30.0000 2733.5842   19.6891
   -7.5000   45.0000   30.0000 2602.3105   20.5231
    0.0000   45.0000   30.0000 2627.6143   20.1604
    7.5000   45.0000   30.0000 2626.7468   20.2446
   -7.5000   52.5000   30.0000 2453.9766   20.9022
    0.0000   52.5000   30.0000 2481.0168   20.6204
    7.5000   52.5000   30.0000 2473.4055   20.6738
   -7.5000  -37.5000   37.5000 2412.6709   29.1927
    0.0000  -37.5000   37.5000 2432.0505   28.9557
    7.5000  -37.5000   37.5000 2426.2068   29.0705
   -7.5000  -30.0000   37.5000 2489.6846   26.7336
    0.0000  -30.0000   37.5000 2508.8391   26.4695
    7.5000  -30.0000   37.5000 2498.3086   26.5824
   -7.5000  -22.5000   37.5000 2548.6062   24.6894
    0.0000  -22.5000   37.5000 2573.6877   24.4563
    7.5000  -22.5000   37.5000 2558.7295   24.5353
   -7.5000  -15.0000   37.5000 2595.1899   23.0579
    0.0000  -15.0000   37.5000 2616.4519   22.7748
    7.5000  -15.0000   37.5000 2600.1536   22.8967
   -7.5000   -7.5000   37.5000 2624.9636   21.7543
    0.0000   -7.5000   37.5000 2653.4023   21.4225
    7.5000   -7.5000   37.5000 2639.6553   21.5847
   -7.5000    0.0000   37.5000 2664.2334   20.8800
    0.0000    0.0000   37.5000 2697.2012   20.5115
    7.5000    0.0000   37.5000 2683.2737   20.6571
   -7.5000    7.5000   37.5000 2693.9741   20.3718
    0.0000    7.5000   37.5000 2726.0061   19.9093
    7.5000    7.5000   37.5000 2714.5771   20.1181
   -7.5000   15.0000   37.5000 2705.4241   20.0526
    0.0000   15.0000   37.5000 2730.2705   19.5101
    7.5000   15.0000   37.5000 2717.9592   19.6933
   -7.5000   22.5000   37.5000 2702.4773   20.0093
    0.0000   22.5000   37.5000 2723.7676   19.5654
    7.5000   22.5000   37.5000 2715.5840   19.7096
   -7.5000   30.0000   37.5000 2683.2095   20.5718
    0.0000   30.0000   37.5000 2704.0823   20.1064
    7.5000   30.0000   37.5000 2707.4009   20.2279
   -7.5000   37.5000   37.5000 2628.9937   21.1613
    0.0000   37.5000   37.5000 2653.2903   20.7536
    7.5000   37.5000   37.5000 2653.1721   20.8484
   -7.5000   45.0000   37.5000 2524.1206   21.6929
    0.0000   45.0000   37.5000 2548.4763   21.3586
    7.5000   45.0000   37.5000 2544.1001   21.4036
   -7.5000   52.5000   37.5000 2378.0698   22.0189
    0.0000   52.5000   37.5000 2407.4963   21.7185
    7.5000   52.5000   37.5000 2402.4739   21.7380
   -7.5000  -37.5000   45.0000 2321.1946   31.2077
    0.0000  -37.5000   45.0000 2338.6748   30.9349
    7.5000  -37.5000   45.0000 2335.0247   31.0887
   -7.5000  -30.0000   45.0000 2395.9500   28.4827
    0.0000  -30.0000   45.0000 2410.1292   28.2031
    7.5000  -30.0000   45.0000 2397.2307   28.2943
   -7.5000  -22.5000   45.0000 2454.5791   26.2070
    0.0000  -22.5000   45.0000 2471.2639   25.9357
    7.5000  -22.5000   45.0000 2457.3923   26.0179
   -7.5000  -15.0000   45.0000 2499.1580   24.3713
    0.0000  -15.0000   45.0000 2517.1548   24.1629
    7.5000  -15.0000   45.0000 2502.5996   24.2177
   -7.5000   -7.5000   45.0000 2530.7383   23.0201
    0.0000   -7.5000   45.0000 2561.2727   22.7545
    7.5000   -7.5000   45.0000 2547.7937   22.8058
   -7.5000    0.0000   45.0000 2575.5967   22.0652
    0.0000    0.0000   45.0000 2607.9255   21.7531
    7.5000    0.0000   45.0000 2600.8176   21.8282
   -7.5000    7.5000   45.0000 2599.7979   21.4338
    0.0000    7.5000   45.0000 2640.5457   21.0641
    7.5000    7.5000   45.0000 2629.7378   21.1115
   -7.5000   15.0000   45.0000 2614.2122   21.0815
    0.0000   15.0000   45.0000 2647.5471   20.6043
    7.5000   15.0000   45.0000 2634.0264   20.7221
   -7.5000   22.5000   45.0000 2612.2017   21.1123
    0.0000   22.5000   45.0000 2630.7952   20.7159
    7.5000   22.5000   45.0000 2624.4260   20.7985
   -7.5000   30.0000   45.0000 2580.5593   21.7659
    0.0000   30.0000   45.0000 2602.0974   21.3409
    7.5000   30.0000   45.0000 2599.2229   21.3949
   -7.5000   37.5000   45.0000 2519.2041   22.3748
    0.0000   37.5000   45.0000 2540.0435   22.0683
    7.5000   37.5000   45.0000 2536.3306   22.0853
   -7.5000   45.0000   45.0000 2411.0742   22.8836
    0.0000   45.0000   45.0000 2436.9465   22.6706
    7.5000   45.0000   45.0000 2430.3040   22.6468
   -7.5000   52.5000   45.0000 2277.2041   23.1922
    0.0000   52.5000   45.0000 2304.3074   22.9513
    7.5000   52.5000   45.0000 2298.8308   22.9539

---------------------------------------------------------------------
imgreg_4dfp /opt/freesurfer/average/711-2C_as_mni_average_305 /opt/freesurfer/average/711-2B_as_mni_average_305_mask talsrcimg_g11 none talsrcimg_to_711-2C_as_mni_average_305_t4 1283
---------------------------------------------------------------------

freesurfer imgreg_4dfp.c
/opt/freesurfer/average/711-2C_as_mni_average_305.4dfp.img
       256       256       256         1
  1.000000  1.000000  1.000000
orientation T byte_order littleendian
Reading image: /opt/freesurfer/average/711-2C_as_mni_average_305.4dfp.img
dimensions:      256       256       256
mmppix:       1.0000   -1.0000   -1.0000
center:     128.0000 -129.0000 -129.0000
/opt/freesurfer/average/711-2B_as_mni_average_305_mask.4dfp.img
       256       256       256         1
  1.000000  1.000000  1.000000
orientation T byte_order littleendian
Reading mask: /opt/freesurfer/average/711-2B_as_mni_average_305_mask.4dfp.img (2306576 pixels)
talsrcimg_g11.4dfp.img
       320       320       320         1
  0.700000  0.700000  0.700000
orientation T byte_order littleendian
Reading image: talsrcimg_g11.4dfp.img
dimensions:      320       320       320
mmppix:       0.7000   -0.7000   -0.7000
center:     112.0000 -112.7000 -112.7000
rotation matrix determinant  1.000000
fimgreg.f
image alignment mode   1283 decimal      503 hex
parameters
    0.0000   22.5000    0.0000    0.0000    0.0000    0.0000
eta,q 0.93152 16.55687
niter,ni,del,rscale     5    3   12.0000    1.2000
parameter  1 -0.542522 -> -0.500000 qaram    1.1500
parameter  4  0.539594 ->  0.500000 qaram    1.1500
parameters
    3.4500   24.5147    1.8570   -3.4500   -0.9638   -1.3033
eta,q 0.93516 16.41953
  0.0824  0.0880  0.0833  0.0660  0.0680  0.0685
  0.0755  0.0816  0.0756  0.0658  0.0663  0.0666
  0.0741  0.0741  0.0730  0.0659  0.0652  0.0650
  0.0739  0.0690  0.0675  0.0671  0.0658  0.0654
  0.0707  0.0675  0.0673  0.0691  0.0657  0.0675
  0.0690  0.0700  0.0697  0.0739  0.0673  0.0696
  0.0722  0.0738  0.0718  0.0801  0.0719  0.0720
niter,ni,del,rscale     6    3   12.0000    1.2000
parameters
    1.7685   24.5900    1.7287   -4.3345   -2.4284   -2.4097
eta,q 0.93596 16.38351
  0.0699  0.0744  0.0724  0.0678  0.0652  0.0667
  0.0660  0.0685  0.0694  0.0656  0.0649  0.0652
  0.0643  0.0655  0.0649  0.0642  0.0641  0.0643
  0.0648  0.0640  0.0640  0.0639  0.0638  0.0639
  0.0669  0.0656  0.0661  0.0650  0.0651  0.0651
  0.0722  0.0697  0.0686  0.0668  0.0657  0.0676
  0.0827  0.0728  0.0737  0.0709  0.0678  0.0694
niter,ni,del,rscale     5    3   12.0000    1.2000
parameters
    2.9058   24.6113    1.3020   -5.2030   -1.6937   -2.3280
eta,q 0.93690 16.36224
  0.0795  0.0733  0.0709  0.0668  0.0657  0.0674
  0.0709  0.0679  0.0688  0.0644  0.0661  0.0657
  0.0659  0.0654  0.0647  0.0634  0.0649  0.0641
  0.0640  0.0639  0.0639  0.0636  0.0633  0.0631
  0.0652  0.0652  0.0664  0.0650  0.0635  0.0636
  0.0672  0.0687  0.0692  0.0660  0.0644  0.0655
  0.0709  0.0726  0.0736  0.0683  0.0658  0.0673
niter,ni,del,rscale     4    3   12.0000    1.2000
parameters
    2.3974   24.9086    0.9683   -5.4931   -2.2465   -2.7248
eta,q 0.93722 16.35841
  0.0736  0.0736  0.0716  0.0670  0.0649  0.0661
  0.0672  0.0677  0.0689  0.0645  0.0648  0.0642
  0.0647  0.0645  0.0644  0.0631  0.0636  0.0631
  0.0631  0.0630  0.0630  0.0627  0.0626  0.0627
  0.0656  0.0639  0.0665  0.0642  0.0634  0.0633
  0.0686  0.0670  0.0696  0.0655  0.0646  0.0651
  0.0780  0.0714  0.0735  0.0671  0.0667  0.0670
niter,ni,del,rscale     3    3   12.0000    1.2000
parameters
    2.7418   25.0728    0.7356   -5.9863   -1.8853   -2.7687
eta,q 0.93745 16.35264
  0.0771  0.0731  0.0720  0.0667  0.0654  0.0662
  0.0687  0.0674  0.0690  0.0644  0.0655  0.0643
  0.0645  0.0640  0.0650  0.0630  0.0643  0.0629
  0.0628  0.0628  0.0629  0.0627  0.0627  0.0625
  0.0651  0.0640  0.0662  0.0644  0.0628  0.0629
  0.0669  0.0672  0.0695  0.0657  0.0638  0.0644
  0.0742  0.0716  0.0735  0.0670  0.0660  0.0663
niter,ni,del,rscale     2    3   12.0000    1.2000
parameters
    2.5407   25.2701    0.4821   -6.5607   -2.2310   -3.0035
eta,q 0.93740 16.36244
  0.0751  0.0731  0.0723  0.0662  0.0650  0.0657
  0.0673  0.0671  0.0687  0.0645  0.0649  0.0637
  0.0641  0.0634  0.0650  0.0629  0.0637  0.0626
  0.0626  0.0625  0.0626  0.0625  0.0625  0.0626
  0.0648  0.0636  0.0661  0.0639  0.0629  0.0629
  0.0677  0.0668  0.0698  0.0658  0.0642  0.0642
  0.0770  0.0712  0.0736  0.0670  0.0669  0.0661
niter,ni,del,rscale     1    3   12.0000    1.2000
parameters
    2.7119   25.4869    0.1123   -7.4575   -2.2567   -3.2463
eta,q 0.93718 16.37473
  0.0769  0.0731  0.0721  0.0657  0.0652  0.0654
  0.0680  0.0668  0.0681  0.0646  0.0649  0.0637
  0.0638  0.0631  0.0653  0.0630  0.0639  0.0629
  0.0626  0.0626  0.0627  0.0627  0.0628  0.0628
  0.0647  0.0637  0.0661  0.0639  0.0630  0.0629
  0.0670  0.0667  0.0701  0.0660  0.0640  0.0641
  0.0752  0.0708  0.0741  0.0673  0.0662  0.0660
registration optimization eta report
parameter search radius
    6.9000    6.0000    6.0000    6.9000    6.0000    6.0000
100000*second partial in parameter space
       28.       26.       26.        8.        7.        8.
  0.0769  0.0731  0.0721  0.0657  0.0652  0.0654
  0.0680  0.0668  0.0681  0.0646  0.0649  0.0637
  0.0638  0.0631  0.0653  0.0630  0.0639  0.0629
  0.0626  0.0626  0.0627  0.0627  0.0628  0.0628
  0.0647  0.0637  0.0661  0.0639  0.0630  0.0629
  0.0670  0.0667  0.0701  0.0660  0.0640  0.0641
  0.0752  0.0708  0.0741  0.0673  0.0662  0.0660
    2.7119   25.4869    0.1123   -7.4575   -2.2567   -3.2463
eta,q 0.93718 16.37473

---------------------------------------------------------------------
imgreg_4dfp /opt/freesurfer/average/711-2C_as_mni_average_305 /opt/freesurfer/average/711-2B_as_mni_average_305_mask talsrcimg_g11 none talsrcimg_to_711-2C_as_mni_average_305_t4 3335
---------------------------------------------------------------------

freesurfer imgreg_4dfp.c
/opt/freesurfer/average/711-2C_as_mni_average_305.4dfp.img
       256       256       256         1
  1.000000  1.000000  1.000000
orientation T byte_order littleendian
Reading image: /opt/freesurfer/average/711-2C_as_mni_average_305.4dfp.img
dimensions:      256       256       256
mmppix:       1.0000   -1.0000   -1.0000
center:     128.0000 -129.0000 -129.0000
/opt/freesurfer/average/711-2B_as_mni_average_305_mask.4dfp.img
       256       256       256         1
  1.000000  1.000000  1.000000
orientation T byte_order littleendian
Reading mask: /opt/freesurfer/average/711-2B_as_mni_average_305_mask.4dfp.img (2306576 pixels)
talsrcimg_g11.4dfp.img
       320       320       320         1
  0.700000  0.700000  0.700000
orientation T byte_order littleendian
Reading image: talsrcimg_g11.4dfp.img
dimensions:      320       320       320
mmppix:       0.7000   -0.7000   -0.7000
center:     112.0000 -112.7000 -112.7000
fimgreg.f
image alignment mode   3335 decimal      D07 hex
parameters
    2.7119   25.4869    0.1123   -0.2379   -0.9760   -0.9228
    5.1047    4.6331   -5.6584   12.7371   -3.9377  -12.9690
eta,q 0.94116 16.53166
niter,ni,del,rscale     5    3    5.0000    1.2000
parameter  2 -0.578858 -> -0.500000 qaram    1.1500
parameter  4  2.978753 ->  0.500000 qaram    1.1500
parameter  5  1.515078 ->  0.500000 qaram    1.1500
parameters
    2.2840   26.8669    0.3859   -4.3779   -5.1160   -4.1271
    5.0875    4.5915   -3.6112   15.5730   -4.5027  -14.6147
eta,q 0.95591 16.74564
  0.0606  0.0625  0.0614  0.0459  0.0445  0.0463  0.0476  0.0502  0.0473  0.0490  0.0457  0.0448
  0.0594  0.0610  0.0597  0.0477  0.0451  0.0453  0.0461  0.0472  0.0462  0.0473  0.0448  0.0443
  0.0589  0.0597  0.0587  0.0520  0.0465  0.0446  0.0452  0.0455  0.0453  0.0457  0.0443  0.0441
  0.0588  0.0588  0.0582  0.0582  0.0486  0.0454  0.0448  0.0448  0.0448  0.0446  0.0442  0.0442
  0.0594  0.0583  0.0583  0.0648  0.0512  0.0485  0.0451  0.0452  0.0446  0.0442  0.0445  0.0445
  0.0607  0.0583  0.0589  0.0710  0.0541  0.0561  0.0460  0.0471  0.0449  0.0444  0.0452  0.0451
  0.0627  0.0586  0.0602  0.0757  0.0571  0.0627  0.0478  0.0506  0.0455  0.0453  0.0463  0.0460
niter,ni,del,rscale     7    3    5.0000    1.2000
parameter  2 -0.655076 -> -0.500000 qaram    1.3225
parameter  3  1.067945 ->  0.500000 qaram    1.1500
parameter 10 -1.065104 -> -0.500000 qaram    1.1500
parameter 12  0.513322 ->  0.500000 qaram    1.1500
parameters
    1.5835   28.4539   -0.9941   -8.1982   -9.2042   -5.0686
    5.0510    4.4095   -3.9332   19.7130   -3.9302  -18.7547
eta,q 0.96238 16.70756
  0.0459  0.0486  0.0408  0.0422  0.0399  0.0422  0.0417  0.0426  0.0408  0.0441  0.0389  0.0378
  0.0442  0.0465  0.0407  0.0405  0.0391  0.0418  0.0405  0.0409  0.0400  0.0427  0.0383  0.0376
  0.0436  0.0448  0.0414  0.0394  0.0389  0.0405  0.0397  0.0398  0.0396  0.0411  0.0380  0.0376
  0.0441  0.0436  0.0426  0.0408  0.0397  0.0389  0.0394  0.0394  0.0394  0.0394  0.0379  0.0379
  0.0455  0.0428  0.0442  0.0458  0.0415  0.0393  0.0397  0.0395  0.0397  0.0383  0.0379  0.0383
  0.0475  0.0426  0.0460  0.0528  0.0440  0.0416  0.0405  0.0407  0.0403  0.0378  0.0381  0.0390
  0.0502  0.0430  0.0479  0.0596  0.0466  0.0472  0.0417  0.0434  0.0410  0.0380  0.0386  0.0398
niter,ni,del,rscale     7    3    5.0000    1.2000
parameter  2 -0.989716 -> -0.500000 qaram    1.5209
parameter  3  0.601063 ->  0.500000 qaram    1.3225
parameter 10 -1.457547 -> -0.500000 qaram    1.3225
parameter 12  0.562749 ->  0.500000 qaram    1.3225
parameters
    1.5927   30.2789   -2.5811   -8.7902  -12.7399   -6.3379
    4.6306    4.6733   -3.6541   24.4740   -4.7663  -23.5157
eta,q 0.96817 16.61821
  0.0406  0.0454  0.0349  0.0399  0.0354  0.0375  0.0370  0.0388  0.0366  0.0420  0.0328  0.0321
  0.0390  0.0422  0.0346  0.0383  0.0348  0.0371  0.0359  0.0370  0.0358  0.0398  0.0324  0.0318
  0.0380  0.0396  0.0347  0.0364  0.0345  0.0359  0.0353  0.0357  0.0353  0.0376  0.0322  0.0319
  0.0376  0.0376  0.0354  0.0345  0.0349  0.0346  0.0351  0.0351  0.0351  0.0351  0.0322  0.0322
  0.0379  0.0361  0.0368  0.0344  0.0363  0.0346  0.0355  0.0351  0.0352  0.0331  0.0324  0.0328
  0.0389  0.0352  0.0387  0.0378  0.0386  0.0382  0.0363  0.0361  0.0357  0.0320  0.0326  0.0335
  0.0406  0.0350  0.0409  0.0443  0.0414  0.0439  0.0374  0.0388  0.0363  0.0319  0.0332  0.0344
niter,ni,del,rscale     7    3    5.0000    1.2000
parameter  2 -0.762494 -> -0.500000 qaram    1.7490
parameter 10 -0.543662 -> -0.500000 qaram    1.5209
parameter 12  0.666631 ->  0.500000 qaram    1.5209
parameters
    1.7383   32.3778   -3.6897   -8.6178  -15.8942   -7.3540
    3.6915    4.9482   -3.6009   29.9491   -5.2551  -28.9909
eta,q 0.97386 16.59744
  0.0352  0.0424  0.0302  0.0347  0.0297  0.0326  0.0307  0.0338  0.0309  0.0384  0.0282  0.0266
  0.0334  0.0381  0.0294  0.0331  0.0289  0.0316  0.0296  0.0312  0.0298  0.0349  0.0275  0.0261
  0.0323  0.0345  0.0290  0.0311  0.0286  0.0300  0.0290  0.0296  0.0292  0.0317  0.0271  0.0263
  0.0318  0.0318  0.0292  0.0290  0.0289  0.0286  0.0290  0.0289  0.0289  0.0289  0.0271  0.0271
  0.0320  0.0300  0.0304  0.0281  0.0302  0.0285  0.0295  0.0291  0.0291  0.0273  0.0273  0.0281
  0.0329  0.0291  0.0324  0.0306  0.0326  0.0325  0.0304  0.0304  0.0298  0.0272  0.0277  0.0294
  0.0345  0.0297  0.0351  0.0365  0.0356  0.0389  0.0318  0.0334  0.0308  0.0290  0.0285  0.0309
niter,ni,del,rscale     7    3    5.0000    1.2000
parameters
    1.8112   32.9905   -4.1391   -8.2844  -16.8047   -8.1358
    3.4275    5.0503   -3.7765   30.1117   -5.9030  -28.8715
eta,q 0.97395 16.56124
  0.0300  0.0366  0.0288  0.0325  0.0286  0.0317  0.0286  0.0322  0.0284  0.0346  0.0272  0.0298
  0.0279  0.0315  0.0268  0.0305  0.0271  0.0298  0.0272  0.0289  0.0270  0.0305  0.0264  0.0273
  0.0266  0.0279  0.0260  0.0283  0.0261  0.0274  0.0264  0.0268  0.0263  0.0276  0.0260  0.0262
  0.0261  0.0261  0.0260  0.0259  0.0257  0.0257  0.0261  0.0261  0.0261  0.0261  0.0261  0.0260
  0.0265  0.0263  0.0267  0.0250  0.0261  0.0258  0.0265  0.0265  0.0265  0.0264  0.0263  0.0266
  0.0276  0.0283  0.0284  0.0277  0.0279  0.0311  0.0275  0.0284  0.0273  0.0291  0.0268  0.0277
  0.0295  0.0319  0.0311  0.0337  0.0309  0.0373  0.0290  0.0321  0.0285  0.0351  0.0275  0.0291
niter,ni,del,rscale     6    3    5.0000    1.2000
parameters
    1.8034   33.0463   -4.2716   -7.9916  -16.6862   -8.4645
    3.4229    5.2131   -3.7695   30.1923   -5.9046  -28.9423
eta,q 0.97399 16.57423
  0.0297  0.0340  0.0293  0.0326  0.0295  0.0320  0.0289  0.0324  0.0285  0.0344  0.0274  0.0296
  0.0276  0.0297  0.0274  0.0307  0.0278  0.0302  0.0273  0.0289  0.0271  0.0303  0.0265  0.0272
  0.0264  0.0270  0.0264  0.0284  0.0266  0.0278  0.0264  0.0268  0.0263  0.0275  0.0260  0.0261
  0.0260  0.0261  0.0261  0.0261  0.0259  0.0258  0.0260  0.0260  0.0260  0.0260  0.0260  0.0260
  0.0265  0.0270  0.0264  0.0253  0.0259  0.0252  0.0264  0.0265  0.0264  0.0265  0.0262  0.0266
  0.0277  0.0296  0.0278  0.0281  0.0272  0.0295  0.0273  0.0283  0.0272  0.0292  0.0266  0.0277
  0.0297  0.0334  0.0299  0.0339  0.0298  0.0357  0.0289  0.0320  0.0284  0.0351  0.0273  0.0291
niter,ni,del,rscale     5    3    5.0000    1.2000
parameters
    1.8074   33.0153   -4.3367   -7.9334  -16.5814   -8.5563
    3.4670    5.2222   -3.7673   30.2261   -5.8563  -28.9478
eta,q 0.97399 16.58074
  0.0298  0.0337  0.0292  0.0325  0.0296  0.0322  0.0289  0.0322  0.0285  0.0343  0.0275  0.0296
  0.0277  0.0294  0.0274  0.0306  0.0279  0.0304  0.0274  0.0287  0.0271  0.0303  0.0265  0.0272
  0.0264  0.0268  0.0264  0.0283  0.0267  0.0280  0.0264  0.0267  0.0263  0.0275  0.0260  0.0261
  0.0260  0.0260  0.0260  0.0260  0.0260  0.0260  0.0260  0.0260  0.0260  0.0260  0.0260  0.0260
  0.0264  0.0271  0.0263  0.0255  0.0260  0.0251  0.0264  0.0266  0.0263  0.0265  0.0262  0.0266
  0.0277  0.0298  0.0275  0.0286  0.0273  0.0287  0.0273  0.0285  0.0272  0.0292  0.0266  0.0277
  0.0298  0.0337  0.0296  0.0345  0.0299  0.0349  0.0288  0.0323  0.0284  0.0352  0.0273  0.0291
niter,ni,del,rscale     4    3    5.0000    1.2000
parameters
    1.8023   32.9993   -4.3558   -7.9225  -16.5486   -8.5781
    3.4798    5.2100   -3.7574   30.2291   -5.8320  -28.9491
eta,q 0.97398 16.58255
  0.0298  0.0338  0.0293  0.0325  0.0296  0.0322  0.0289  0.0322  0.0285  0.0343  0.0274  0.0296
  0.0277  0.0295  0.0274  0.0306  0.0279  0.0305  0.0273  0.0287  0.0271  0.0302  0.0265  0.0272
  0.0264  0.0269  0.0265  0.0283  0.0267  0.0281  0.0264  0.0267  0.0263  0.0275  0.0260  0.0261
  0.0260  0.0260  0.0260  0.0260  0.0260  0.0260  0.0260  0.0260  0.0260  0.0260  0.0260  0.0260
  0.0265  0.0271  0.0263  0.0255  0.0261  0.0251  0.0264  0.0266  0.0263  0.0265  0.0262  0.0266
  0.0277  0.0298  0.0275  0.0287  0.0274  0.0285  0.0273  0.0286  0.0272  0.0293  0.0266  0.0277
  0.0298  0.0337  0.0295  0.0347  0.0300  0.0347  0.0289  0.0324  0.0284  0.0352  0.0273  0.0291
registration optimization eta report
parameter search radius
    2.4000    4.1976    3.1740    8.2800    8.2800    7.2000
    7.2000    7.2000    7.2000   10.9503    7.2000   10.9503
100000*second partial in parameter space
       66.       43.       34.       11.        6.       15.
        5.       12.        5.        7.        3.        3.
  0.0298  0.0338  0.0293  0.0325  0.0296  0.0322  0.0289  0.0322  0.0285  0.0343  0.0274  0.0296
  0.0277  0.0295  0.0274  0.0306  0.0279  0.0305  0.0273  0.0287  0.0271  0.0302  0.0265  0.0272
  0.0264  0.0269  0.0265  0.0283  0.0267  0.0281  0.0264  0.0267  0.0263  0.0275  0.0260  0.0261
  0.0260  0.0260  0.0260  0.0260  0.0260  0.0260  0.0260  0.0260  0.0260  0.0260  0.0260  0.0260
  0.0265  0.0271  0.0263  0.0255  0.0261  0.0251  0.0264  0.0266  0.0263  0.0265  0.0262  0.0266
  0.0277  0.0298  0.0275  0.0287  0.0274  0.0285  0.0273  0.0286  0.0272  0.0293  0.0266  0.0277
  0.0298  0.0337  0.0295  0.0347  0.0300  0.0347  0.0289  0.0324  0.0284  0.0352  0.0273  0.0291
    1.8023   32.9993   -4.3558   -7.9225  -16.5486   -8.5781
    3.4798    5.2100   -3.7574   30.2291   -5.8320  -28.9491
eta,q 0.97398 16.58255

---------------------------------------------------------------------
imgreg_4dfp /opt/freesurfer/average/711-2C_as_mni_average_305 /opt/freesurfer/average/711-2B_as_mni_average_305_mask talsrcimg_g11 none talsrcimg_to_711-2C_as_mni_average_305_t4 2311
---------------------------------------------------------------------

freesurfer imgreg_4dfp.c
/opt/freesurfer/average/711-2C_as_mni_average_305.4dfp.img
       256       256       256         1
  1.000000  1.000000  1.000000
orientation T byte_order littleendian
Reading image: /opt/freesurfer/average/711-2C_as_mni_average_305.4dfp.img
dimensions:      256       256       256
mmppix:       1.0000   -1.0000   -1.0000
center:     128.0000 -129.0000 -129.0000
/opt/freesurfer/average/711-2B_as_mni_average_305_mask.4dfp.img
       256       256       256         1
  1.000000  1.000000  1.000000
orientation T byte_order littleendian
Reading mask: /opt/freesurfer/average/711-2B_as_mni_average_305_mask.4dfp.img (2306576 pixels)
talsrcimg_g11.4dfp.img
       320       320       320         1
  0.700000  0.700000  0.700000
orientation T byte_order littleendian
Reading image: talsrcimg_g11.4dfp.img
dimensions:      320       320       320
mmppix:       0.7000   -0.7000   -0.7000
center:     112.0000 -112.7000 -112.7000
fimgreg.f
image alignment mode   2311 decimal      907 hex
parameters
    1.8023   32.9993   -4.3558   -7.9225  -16.5486   -8.5781
    3.4798    5.2100   -3.7574   30.2291   -5.8320  -28.9491
eta,q 0.97398 16.58254
niter,ni,del,rscale     5    3    5.0000    0.8000
parameters
    1.7882   32.9257   -4.2737   -6.4876  -16.3203   -7.8543
    3.4274    5.2218   -3.5967   30.7832   -5.6234  -29.7132
eta,q 0.97508 16.63087
  0.0277  0.0271  0.0269  0.0300  0.0268  0.0298  0.0266  0.0289  0.0265  0.0273  0.0262  0.0255
  0.0267  0.0265  0.0265  0.0287  0.0261  0.0283  0.0257  0.0268  0.0257  0.0262  0.0255  0.0251
  0.0262  0.0261  0.0262  0.0273  0.0256  0.0266  0.0252  0.0255  0.0252  0.0254  0.0251  0.0249
  0.0260  0.0260  0.0260  0.0260  0.0254  0.0253  0.0250  0.0250  0.0250  0.0250  0.0250  0.0250
  0.0262  0.0262  0.0261  0.0253  0.0254  0.0248  0.0252  0.0254  0.0251  0.0250  0.0251  0.0251
  0.0268  0.0267  0.0263  0.0258  0.0258  0.0253  0.0258  0.0267  0.0256  0.0255  0.0254  0.0255
  0.0277  0.0274  0.0268  0.0275  0.0267  0.0287  0.0267  0.0290  0.0263  0.0266  0.0259  0.0260
niter,ni,del,rscale     4    3    5.0000    0.7000
parameters
    1.8064   32.8328   -4.2056   -6.7221  -16.5044   -7.7366
    3.3287    5.1920   -3.6032   31.0475   -5.6415  -30.0308
eta,q 0.97512 16.63294
  0.0268  0.0258  0.0258  0.0278  0.0259  0.0285  0.0261  0.0279  0.0260  0.0266  0.0257  0.0255
  0.0258  0.0253  0.0253  0.0265  0.0254  0.0271  0.0254  0.0262  0.0254  0.0258  0.0252  0.0251
  0.0251  0.0250  0.0250  0.0255  0.0251  0.0258  0.0250  0.0253  0.0250  0.0252  0.0250  0.0249
  0.0249  0.0249  0.0249  0.0249  0.0250  0.0250  0.0249  0.0249  0.0249  0.0249  0.0249  0.0249
  0.0251  0.0251  0.0250  0.0252  0.0250  0.0246  0.0251  0.0252  0.0250  0.0249  0.0250  0.0250
  0.0257  0.0255  0.0252  0.0266  0.0255  0.0257  0.0255  0.0262  0.0254  0.0254  0.0253  0.0253
  0.0267  0.0261  0.0257  0.0290  0.0262  0.0292  0.0262  0.0280  0.0259  0.0263  0.0257  0.0256
niter,ni,del,rscale     3    3    5.0000    0.6000
parameters
    1.8108   32.8499   -4.2438   -6.6494  -16.5689   -7.6130
    3.2799    5.2220   -3.5639   31.1778   -5.6365  -30.2033
eta,q 0.97519 16.63301
  0.0262  0.0257  0.0255  0.0273  0.0256  0.0277  0.0257  0.0272  0.0256  0.0260  0.0255  0.0253
  0.0255  0.0252  0.0251  0.0263  0.0252  0.0265  0.0252  0.0259  0.0252  0.0254  0.0251  0.0250
  0.0250  0.0250  0.0249  0.0254  0.0250  0.0255  0.0249  0.0251  0.0249  0.0250  0.0249  0.0248
  0.0249  0.0249  0.0249  0.0249  0.0249  0.0249  0.0248  0.0248  0.0248  0.0248  0.0248  0.0248
  0.0250  0.0250  0.0250  0.0250  0.0249  0.0246  0.0249  0.0250  0.0249  0.0249  0.0249  0.0249
  0.0255  0.0252  0.0252  0.0258  0.0252  0.0254  0.0253  0.0258  0.0252  0.0252  0.0251  0.0251
  0.0262  0.0256  0.0255  0.0275  0.0258  0.0281  0.0258  0.0272  0.0256  0.0259  0.0255  0.0253
niter,ni,del,rscale     2    3    5.0000    0.5000
parameters
    1.8172   32.8370   -4.2458   -6.5673  -16.5993   -7.4394
    3.2431    5.2481   -3.5332   31.2491   -5.6050  -30.2760
eta,q 0.97527 16.63249
  0.0258  0.0253  0.0253  0.0266  0.0253  0.0269  0.0254  0.0265  0.0253  0.0256  0.0253  0.0251
  0.0252  0.0250  0.0250  0.0258  0.0251  0.0260  0.0250  0.0256  0.0250  0.0252  0.0250  0.0249
  0.0249  0.0249  0.0248  0.0252  0.0249  0.0253  0.0248  0.0250  0.0248  0.0249  0.0248  0.0247
  0.0248  0.0248  0.0248  0.0248  0.0248  0.0248  0.0247  0.0247  0.0247  0.0247  0.0247  0.0247
  0.0249  0.0249  0.0249  0.0249  0.0248  0.0246  0.0248  0.0249  0.0248  0.0248  0.0248  0.0248
  0.0252  0.0251  0.0250  0.0255  0.0250  0.0251  0.0250  0.0255  0.0250  0.0251  0.0249  0.0249
  0.0257  0.0254  0.0253  0.0267  0.0254  0.0269  0.0254  0.0265  0.0253  0.0256  0.0252  0.0251
niter,ni,del,rscale     1    3    5.0000    0.4000
parameters
    1.8276   32.8261   -4.2377   -6.5102  -16.6278   -7.2520
    3.2137    5.2692   -3.5099   31.2704   -5.5573  -30.3097
eta,q 0.97534 16.63010
  0.0254  0.0251  0.0251  0.0260  0.0251  0.0262  0.0251  0.0259  0.0250  0.0253  0.0250  0.0249
  0.0250  0.0249  0.0249  0.0254  0.0249  0.0255  0.0249  0.0252  0.0248  0.0250  0.0248  0.0248
  0.0248  0.0248  0.0248  0.0249  0.0248  0.0251  0.0247  0.0248  0.0247  0.0248  0.0247  0.0247
  0.0247  0.0247  0.0247  0.0247  0.0247  0.0247  0.0247  0.0247  0.0247  0.0247  0.0247  0.0247
  0.0248  0.0248  0.0248  0.0248  0.0248  0.0246  0.0247  0.0248  0.0247  0.0247  0.0247  0.0247
  0.0250  0.0249  0.0249  0.0252  0.0249  0.0249  0.0249  0.0252  0.0248  0.0249  0.0248  0.0248
  0.0253  0.0251  0.0250  0.0260  0.0251  0.0261  0.0251  0.0258  0.0250  0.0253  0.0250  0.0249
registration optimization eta report
parameter search radius
    0.8000    0.8000    0.8000    2.4000    2.4000    2.4000
    2.4000    2.4000    2.4000    2.4000    2.4000    2.4000
100000*second partial in parameter space
       97.       57.       49.       22.        6.       25.
        8.       21.        6.       10.        6.        4.
  0.0254  0.0251  0.0251  0.0260  0.0251  0.0262  0.0251  0.0259  0.0250  0.0253  0.0250  0.0249
  0.0250  0.0249  0.0249  0.0254  0.0249  0.0255  0.0249  0.0252  0.0248  0.0250  0.0248  0.0248
  0.0248  0.0248  0.0248  0.0249  0.0248  0.0251  0.0247  0.0248  0.0247  0.0248  0.0247  0.0247
  0.0247  0.0247  0.0247  0.0247  0.0247  0.0247  0.0247  0.0247  0.0247  0.0247  0.0247  0.0247
  0.0248  0.0248  0.0248  0.0248  0.0248  0.0246  0.0247  0.0248  0.0247  0.0247  0.0247  0.0247
  0.0250  0.0249  0.0249  0.0252  0.0249  0.0249  0.0249  0.0252  0.0248  0.0249  0.0248  0.0248
  0.0253  0.0251  0.0250  0.0260  0.0251  0.0261  0.0251  0.0258  0.0250  0.0253  0.0250  0.0249
    1.8276   32.8261   -4.2377   -6.5102  -16.6278   -7.2520
    3.2137    5.2692   -3.5099   31.2704   -5.5573  -30.3097
eta,q 0.97534 16.63010

---------------------------------------------------------------------
imgreg_4dfp /opt/freesurfer/average/711-2C_as_mni_average_305 /opt/freesurfer/average/711-2B_as_mni_average_305_mask talsrcimg_g11 none talsrcimg_to_711-2C_as_mni_average_305_t4 2311
---------------------------------------------------------------------

freesurfer imgreg_4dfp.c
/opt/freesurfer/average/711-2C_as_mni_average_305.4dfp.img
       256       256       256         1
  1.000000  1.000000  1.000000
orientation T byte_order littleendian
Reading image: /opt/freesurfer/average/711-2C_as_mni_average_305.4dfp.img
dimensions:      256       256       256
mmppix:       1.0000   -1.0000   -1.0000
center:     128.0000 -129.0000 -129.0000
/opt/freesurfer/average/711-2B_as_mni_average_305_mask.4dfp.img
       256       256       256         1
  1.000000  1.000000  1.000000
orientation T byte_order littleendian
Reading mask: /opt/freesurfer/average/711-2B_as_mni_average_305_mask.4dfp.img (2306576 pixels)
talsrcimg_g11.4dfp.img
       320       320       320         1
  0.700000  0.700000  0.700000
orientation T byte_order littleendian
Reading image: talsrcimg_g11.4dfp.img
dimensions:      320       320       320
mmppix:       0.7000   -0.7000   -0.7000
center:     112.0000 -112.7000 -112.7000
fimgreg.f
image alignment mode   2311 decimal      907 hex
parameters
    1.8276   32.8261   -4.2377   -6.5102  -16.6278   -7.2520
    3.2137    5.2692   -3.5099   31.2704   -5.5573  -30.3097
eta,q 0.97534 16.63010
niter,ni,del,rscale     5    3    5.0000    0.8000
parameters
    1.8338   32.8293   -4.1489   -7.0278  -16.8769   -7.8201
    3.2813    5.1847   -3.6357   31.2055   -5.7120  -30.2245
eta,q 0.97498 16.62309
  0.0272  0.0261  0.0263  0.0279  0.0260  0.0287  0.0266  0.0286  0.0263  0.0268  0.0260  0.0259
  0.0258  0.0253  0.0253  0.0265  0.0254  0.0270  0.0257  0.0266  0.0255  0.0259  0.0254  0.0254
  0.0250  0.0248  0.0248  0.0253  0.0250  0.0256  0.0252  0.0254  0.0251  0.0253  0.0251  0.0251
  0.0247  0.0247  0.0247  0.0247  0.0248  0.0248  0.0250  0.0250  0.0250  0.0250  0.0250  0.0250
  0.0249  0.0248  0.0248  0.0252  0.0249  0.0250  0.0252  0.0254  0.0252  0.0252  0.0252  0.0251
  0.0258  0.0253  0.0252  0.0272  0.0254  0.0281  0.0257  0.0267  0.0257  0.0258  0.0255  0.0254
  0.0272  0.0261  0.0259  0.0305  0.0265  0.0326  0.0265  0.0289  0.0264  0.0271  0.0261  0.0258
niter,ni,del,rscale     4    3    5.0000    0.7000
parameters
    1.8100   32.8821   -4.2869   -6.7554  -16.6515   -7.8628
    3.2797    5.2284   -3.5899   31.2539   -5.7176  -30.2759
eta,q 0.97507 16.63255
  0.0266  0.0261  0.0257  0.0282  0.0261  0.0285  0.0262  0.0280  0.0260  0.0264  0.0258  0.0256
  0.0257  0.0255  0.0253  0.0269  0.0255  0.0270  0.0255  0.0263  0.0254  0.0257  0.0253  0.0252
  0.0252  0.0252  0.0250  0.0258  0.0251  0.0257  0.0251  0.0253  0.0251  0.0252  0.0250  0.0250
  0.0250  0.0250  0.0250  0.0250  0.0249  0.0249  0.0249  0.0249  0.0249  0.0249  0.0249  0.0249
  0.0252  0.0251  0.0252  0.0250  0.0250  0.0247  0.0251  0.0252  0.0251  0.0250  0.0250  0.0250
  0.0258  0.0254  0.0255  0.0259  0.0253  0.0261  0.0255  0.0262  0.0254  0.0255  0.0253  0.0252
  0.0267  0.0260  0.0260  0.0279  0.0259  0.0297  0.0262  0.0279  0.0260  0.0265  0.0258  0.0256
niter,ni,del,rscale     3    3    5.0000    0.6000
parameters
    1.8077   32.8526   -4.2853   -6.6304  -16.5930   -7.6874
    3.2535    5.2440   -3.5467   31.2734   -5.6794  -30.2958
eta,q 0.97518 16.63468
  0.0262  0.0257  0.0255  0.0274  0.0257  0.0278  0.0258  0.0272  0.0256  0.0260  0.0255  0.0253
  0.0255  0.0252  0.0252  0.0264  0.0253  0.0266  0.0252  0.0259  0.0252  0.0254  0.0251  0.0250
  0.0251  0.0250  0.0250  0.0255  0.0250  0.0256  0.0249  0.0251  0.0249  0.0250  0.0249  0.0249
  0.0249  0.0249  0.0249  0.0249  0.0249  0.0249  0.0248  0.0248  0.0248  0.0248  0.0248  0.0248
  0.0251  0.0250  0.0250  0.0250  0.0249  0.0246  0.0249  0.0250  0.0249  0.0249  0.0249  0.0249
  0.0255  0.0253  0.0252  0.0258  0.0252  0.0254  0.0253  0.0258  0.0252  0.0253  0.0251  0.0251
  0.0262  0.0257  0.0255  0.0274  0.0257  0.0280  0.0258  0.0272  0.0256  0.0260  0.0255  0.0253
niter,ni,del,rscale     2    3    5.0000    0.5000
parameters
    1.8158   32.8392   -4.2640   -6.5573  -16.6064   -7.4677
    3.2282    5.2596   -3.5308   31.2809   -5.6193  -30.3093
eta,q 0.97527 16.63301
  0.0258  0.0254  0.0253  0.0267  0.0254  0.0270  0.0254  0.0265  0.0253  0.0256  0.0253  0.0251
  0.0252  0.0251  0.0250  0.0258  0.0251  0.0261  0.0250  0.0255  0.0250  0.0252  0.0250  0.0249
  0.0249  0.0249  0.0249  0.0252  0.0249  0.0253  0.0248  0.0250  0.0248  0.0249  0.0248  0.0248
  0.0248  0.0248  0.0248  0.0248  0.0248  0.0248  0.0247  0.0247  0.0247  0.0247  0.0247  0.0247
  0.0249  0.0249  0.0249  0.0249  0.0249  0.0246  0.0248  0.0249  0.0248  0.0248  0.0248  0.0248
  0.0252  0.0251  0.0250  0.0255  0.0250  0.0251  0.0250  0.0255  0.0250  0.0251  0.0249  0.0249
  0.0257  0.0254  0.0253  0.0267  0.0254  0.0269  0.0254  0.0265  0.0253  0.0256  0.0252  0.0251
niter,ni,del,rscale     1    3    5.0000    0.4000
parameters
    1.8281   32.8273   -4.2429   -6.5096  -16.6330   -7.2594
    3.2142    5.2743   -3.5100   31.2821   -5.5645  -30.3306
eta,q 0.97534 16.63023
  0.0254  0.0251  0.0251  0.0260  0.0251  0.0262  0.0251  0.0259  0.0250  0.0252  0.0250  0.0249
  0.0250  0.0249  0.0249  0.0254  0.0249  0.0256  0.0249  0.0252  0.0248  0.0250  0.0248  0.0248
  0.0248  0.0248  0.0248  0.0249  0.0248  0.0251  0.0247  0.0248  0.0247  0.0248  0.0247  0.0247
  0.0247  0.0247  0.0247  0.0247  0.0247  0.0247  0.0247  0.0247  0.0247  0.0247  0.0247  0.0247
  0.0248  0.0248  0.0248  0.0248  0.0248  0.0246  0.0247  0.0248  0.0247  0.0247  0.0247  0.0247
  0.0250  0.0249  0.0249  0.0252  0.0249  0.0249  0.0249  0.0252  0.0248  0.0249  0.0248  0.0248
  0.0253  0.0251  0.0250  0.0260  0.0251  0.0260  0.0251  0.0259  0.0250  0.0253  0.0250  0.0249
registration optimization eta report
parameter search radius
    0.8000    0.8000    0.8000    2.4000    2.4000    2.4000
    2.4000    2.4000    2.4000    2.4000    2.4000    2.4000
100000*second partial in parameter space
       97.       56.       50.       22.        6.       25.
        8.       21.        6.       10.        6.        4.
  0.0254  0.0251  0.0251  0.0260  0.0251  0.0262  0.0251  0.0259  0.0250  0.0252  0.0250  0.0249
  0.0250  0.0249  0.0249  0.0254  0.0249  0.0256  0.0249  0.0252  0.0248  0.0250  0.0248  0.0248
  0.0248  0.0248  0.0248  0.0249  0.0248  0.0251  0.0247  0.0248  0.0247  0.0248  0.0247  0.0247
  0.0247  0.0247  0.0247  0.0247  0.0247  0.0247  0.0247  0.0247  0.0247  0.0247  0.0247  0.0247
  0.0248  0.0248  0.0248  0.0248  0.0248  0.0246  0.0247  0.0248  0.0247  0.0247  0.0247  0.0247
  0.0250  0.0249  0.0249  0.0252  0.0249  0.0249  0.0249  0.0252  0.0248  0.0249  0.0248  0.0248
  0.0253  0.0251  0.0250  0.0260  0.0251  0.0260  0.0251  0.0259  0.0250  0.0253  0.0250  0.0249
    1.8281   32.8273   -4.2429   -6.5096  -16.6330   -7.2594
    3.2142    5.2743   -3.5100   31.2821   -5.5645  -30.3306
eta,q 0.97534 16.63023

---------------------------------------------------------------------
compute_vox2vox talsrcimg talsrcimg_to_711-2C_as_mni_average_305_t4 /opt/freesurfer/average/711-2C_as_mni_average_305
---------------------------------------------------------------------

freesurfer compute_vox2vox.c
Reading: talsrcimg.4dfp.ifh
Reading: talsrcimg_to_711-2C_as_mni_average_305_t4
Reading: /opt/freesurfer/average/711-2C_as_mni_average_305.4dfp.ifh
Writing: talsrcimg_to_711-2C_as_mni_average_305_t4_vox2vox.txt

start time Fri Mar 13 08:04:25 CET 2026
end		time Fri Mar 13 08:05:48 CET 2026

mpr2mni305 success

avi2talxfm orig_nu.mgz /opt/freesurfer/average/mni305.cor.mgz talsrcimg_to_711-2C_as_mni_average_305_t4_vox2vox.txt transforms/talairach.auto.xfm
avi2talxfm done
mv -f /out/sourcedata/freesurfer/sub-v2s5x29569_ses-1/mri/talsrcimg_to_711-2C_as_mni_average_305_t4_vox2vox.txt /out/sourcedata/freesurfer/sub-v2s5x29569_ses-1/mri/transforms/talsrcimg_to_711-2C_as_mni_average_305_t4_vox2vox.txt
lta_convert --src orig_nu.mgz --trg /opt/freesurfer/average/mni305.cor.mgz --inxfm transforms/talairach.auto.xfm --outlta transforms/talairach.auto.xfm.lta --subject fsaverage
7.3.2

--src: orig_nu.mgz src image (geometry).
--trg: /opt/freesurfer/average/mni305.cor.mgz trg image (geometry).
--inmni: transforms/talairach.auto.xfm input MNI/XFM transform.
--outlta: transforms/talairach.auto.xfm.lta output LTA.
--s: fsaverage subject name
 LTA read, type : 1
 1.06504  -0.04161  -0.05620   1.07728;
 0.06998   0.95768   0.34572  -21.95560;
 0.01858  -0.36111   1.06742  -4.50898;
 0.00000   0.00000   0.00000   1.00000;
setting subject to fsaverage
Writing  LTA to file transforms/talairach.auto.xfm.lta...
lta_convert successful.
 
 
Started at Fri Mar 13 08:04:25 CET 2026
Ended   at Fri Mar 13 08:05:48 CET 2026
talairach_avi done
