/out/sourcedata/freesurfer/sub-v2s5x29576_ses-1/mri
/opt/freesurfer/bin/talairach_avi
--i orig_nu.mgz --xfm transforms/talairach.auto.xfm
talairach_avi 7.3.2
Linux dna066 5.14.0-427.37.1.el9_4.x86_64 #1 SMP PREEMPT_DYNAMIC Fri Sep 13 12:41:50 EDT 2024 x86_64 x86_64 x86_64 GNU/Linux
Sat Mar 14 10:23:50 CET 2026
mri_convert orig_nu.mgz talsrcimg.img 
reading from orig_nu.mgz...
TR=0.00, TE=0.00, TI=0.00, flip angle=0.00
i_ras = (-1, 0, 0)
j_ras = (0, 0, -1)
k_ras = (0, 1, 0)
writing to talsrcimg.img...
Analyze Output Matrix
-0.70000   0.00000   0.00000   111.72020;
 0.00000   0.00000   0.70000  -94.47301;
 0.00000  -0.70000   0.00000   66.61707;
 0.00000   0.00000   0.00000   1.00000;
--------------------
INFO: set hdr.hist.orient to -1
mpr2mni305 talsrcimg
Sat Mar 14 10:23:51 CET 2026
/opt/freesurfer/bin/mpr2mni305 talsrcimg
mpr2mni305 7.3.2
target=711-2C_as_mni_average_305

---------------------------------------------------------------------
analyzeto4dfp talsrcimg -O0 -y
---------------------------------------------------------------------

freesurfer ifh2hdr.c
Sat Mar 14 10:23:51 2026
Writing: talsrcimg.4dfp.hdr
freesurfer analyzeto4dfp.c
Reading: talsrcimg.hdr
header size 348 bytes
hdr.dime.datatype	offset=70	value=2
hdr.dime.bitpix		offset=72	value=8
hdr.hist.orient		offset=252	value=-1
dimensionality     4
dimensions       320       320       320         1
Reading: talsrcimg.img
Writing: talsrcimg.4dfp.img
Writing: talsrcimg.4dfp.ifh
ifh2hdr talsrcimg -r0to213
ori=2

---------------------------------------------------------------------
gauss_4dfp talsrcimg 1.1
---------------------------------------------------------------------

freesurfer gauss_4dfp.c
Reading: talsrcimg.4dfp.img
Writing: talsrcimg_g11.4dfp.img
image dimensions 320 320 320 padded to 384 384 384
processing volume 1freesurfer ifh2hdr.c
Sat Mar 14 10:23:58 2026
Writing: talsrcimg_g11.4dfp.hdr

Writing: talsrcimg_g11.4dfp.ifh
including: talsrcimg.4dfp.img.rec in talsrcimg_g11.4dfp.img.rec

---------------------------------------------------------------------
imgreg_4dfp /opt/freesurfer/average/711-2C_as_mni_average_305 none talsrcimg_g11 none talsrcimg_to_711-2C_as_mni_average_305_t4 4355
---------------------------------------------------------------------

freesurfer imgreg_4dfp.c
/opt/freesurfer/average/711-2C_as_mni_average_305.4dfp.img
       256       256       256         1
  1.000000  1.000000  1.000000
orientation T byte_order littleendian
Reading image: /opt/freesurfer/average/711-2C_as_mni_average_305.4dfp.img
dimensions:      256       256       256
mmppix:       1.0000   -1.0000   -1.0000
center:     128.0000 -129.0000 -129.0000
talsrcimg_g11.4dfp.img
       320       320       320         1
  0.700000  0.700000  0.700000
orientation T byte_order littleendian
Reading image: talsrcimg_g11.4dfp.img
dimensions:      320       320       320
mmppix:       0.7000   -0.7000   -0.7000
center:     112.0000 -112.7000 -112.7000
t4_read: open error in t4_sub.f l:  41 t4_file(1:l)talsrcimg_to_711-2C_as_mni_average_305_t4 
t4_read: transform initialized to I4
rotation matrix determinant  1.000000
image alignment mode   4355 decimal     1103 hex
   -7.5000  -45.0000  -45.0000 4380.1646   18.7790
    0.0000  -45.0000  -45.0000 4714.1709   18.7957
    7.5000  -45.0000  -45.0000 4487.4287   18.6990
   -7.5000  -37.5000  -45.0000 4670.1777   19.1129
    0.0000  -37.5000  -45.0000 5031.3013   19.1291
    7.5000  -37.5000  -45.0000 4798.5464   19.0358
   -7.5000  -30.0000  -45.0000 5022.1689   19.0340
    0.0000  -30.0000  -45.0000 5401.2856   19.0530
    7.5000  -30.0000  -45.0000 5161.7344   18.9621
   -7.5000  -22.5000  -45.0000 5223.9512   18.4810
    0.0000  -22.5000  -45.0000 5596.6128   18.5033
    7.5000  -22.5000  -45.0000 5356.2393   18.4162
   -7.5000  -15.0000  -45.0000 5629.8999   18.0046
    0.0000  -15.0000  -45.0000 6025.6382   18.0258
    7.5000  -15.0000  -45.0000 5756.8281   17.9409
   -7.5000   -7.5000  -45.0000 6048.8140   17.7609
    0.0000   -7.5000  -45.0000 6471.8120   17.7781
    7.5000   -7.5000  -45.0000 6180.6069   17.6951
   -7.5000    0.0000  -45.0000 6462.1626   17.7108
    0.0000    0.0000  -45.0000 6919.7886   17.7235
    7.5000    0.0000  -45.0000 6604.5757   17.6424
   -7.5000    7.5000  -45.0000 6323.6118   17.7057
    0.0000    7.5000  -45.0000 6763.5864   17.7172
    7.5000    7.5000  -45.0000 6461.8359   17.6373
   -7.5000   15.0000  -45.0000 6127.9136   17.4760
    0.0000   15.0000  -45.0000 6544.9907   17.4912
    7.5000   15.0000  -45.0000 6260.4541   17.4122
   -7.5000   22.5000  -45.0000 5845.0552   17.0266
    0.0000   22.5000  -45.0000 6245.9023   17.0461
    7.5000   22.5000  -45.0000 5980.5210   16.9686
   -7.5000   30.0000  -45.0000 5686.0879   17.0316
    0.0000   30.0000  -45.0000 6070.1333   17.0515
    7.5000   30.0000  -45.0000 5815.5234   16.9728
   -7.5000   37.5000  -45.0000 5271.0537   16.5514
    0.0000   37.5000  -45.0000 5622.3813   16.5675
    7.5000   37.5000  -45.0000 5389.6626   16.4900
   -7.5000   45.0000  -45.0000 4839.1792   16.0928
    0.0000   45.0000  -45.0000 5154.7852   16.1046
    7.5000   45.0000  -45.0000 4943.4912   16.0310
   -7.5000  -45.0000  -37.5000 4550.9678   19.3769
    0.0000  -45.0000  -37.5000 4907.8237   19.4003
    7.5000  -45.0000  -37.5000 4660.8022   19.3082
   -7.5000  -37.5000  -37.5000 4865.0664   19.7093
    0.0000  -37.5000  -37.5000 5238.1846   19.7301
    7.5000  -37.5000  -37.5000 4986.7563   19.6377
   -7.5000  -30.0000  -37.5000 5241.7935   19.5727
    0.0000  -30.0000  -37.5000 5627.5356   19.5948
    7.5000  -30.0000  -37.5000 5375.4194   19.5038
   -7.5000  -22.5000  -37.5000 5455.1201   19.0101
    0.0000  -22.5000  -37.5000 5848.2803   19.0356
    7.5000  -22.5000  -37.5000 5587.5811   18.9505
   -7.5000  -15.0000  -37.5000 5893.4067   18.5295
    0.0000  -15.0000  -37.5000 6308.7100   18.5554
    7.5000  -15.0000  -37.5000 6020.6968   18.4749
   -7.5000   -7.5000  -37.5000 6344.1411   18.2836
    0.0000   -7.5000  -37.5000 6780.2090   18.3060
    7.5000   -7.5000  -37.5000 6465.0884   18.2278
   -7.5000    0.0000  -37.5000 6792.3145   18.2324
    0.0000    0.0000  -37.5000 7243.8247   18.2493
    7.5000    0.0000  -37.5000 6911.1963   18.1712
   -7.5000    7.5000  -37.5000 6641.8706   18.2256
    0.0000    7.5000  -37.5000 7074.6792   18.2405
    7.5000    7.5000  -37.5000 6761.9629   18.1609
   -7.5000   15.0000  -37.5000 6425.6919   17.9902
    0.0000   15.0000  -37.5000 6846.5283   18.0080
    7.5000   15.0000  -37.5000 6549.7778   17.9284
   -7.5000   22.5000  -37.5000 6130.6992   17.5380
    0.0000   22.5000  -37.5000 6534.1411   17.5602
    7.5000   22.5000  -37.5000 6257.7612   17.4841
   -7.5000   30.0000  -37.5000 5988.7471   17.5438
    0.0000   30.0000  -37.5000 6380.5386   17.5680
    7.5000   30.0000  -37.5000 6115.6797   17.4930
   -7.5000   37.5000  -37.5000 5585.8608   17.0482
    0.0000   37.5000  -37.5000 5941.9341   17.0691
    7.5000   37.5000  -37.5000 5711.0088   16.9961
   -7.5000   45.0000  -37.5000 5158.4814   16.5623
    0.0000   45.0000  -37.5000 5466.6582   16.5780
    7.5000   45.0000  -37.5000 5262.3135   16.5072
   -7.5000  -45.0000  -30.0000 4714.1157   19.9037
    0.0000  -45.0000  -30.0000 5075.0376   19.9316
    7.5000  -45.0000  -30.0000 4832.0366   19.8321
   -7.5000  -37.5000  -30.0000 5056.8789   20.2256
    0.0000  -37.5000  -30.0000 5427.2358   20.2526
    7.5000  -37.5000  -30.0000 5178.5688   20.1528
   -7.5000  -30.0000  -30.0000 5461.7993   20.0644
    0.0000  -30.0000  -30.0000 5859.0737   20.0906
    7.5000  -30.0000  -30.0000 5594.5112   19.9937
   -7.5000  -22.5000  -30.0000 5709.0171   19.4968
    0.0000  -22.5000  -30.0000 6125.2510   19.5218
    7.5000  -22.5000  -30.0000 5848.7485   19.4320
   -7.5000  -15.0000  -30.0000 6185.3208   19.0144
    0.0000  -15.0000  -30.0000 6624.8779   19.0381
    7.5000  -15.0000  -30.0000 6325.1011   18.9531
   -7.5000   -7.5000  -30.0000 6665.6284   18.7678
    0.0000   -7.5000  -30.0000 7114.2739   18.7893
    7.5000   -7.5000  -30.0000 6791.3433   18.7060
   -7.5000    0.0000  -30.0000 7139.9907   18.7152
    0.0000    0.0000  -30.0000 7596.3638   18.7348
    7.5000    0.0000  -30.0000 7255.8945   18.6505
   -7.5000    7.5000  -30.0000 6981.2446   18.7055
    0.0000    7.5000  -30.0000 7418.3809   18.7254
    7.5000    7.5000  -30.0000 7096.8291   18.6392
   -7.5000   15.0000  -30.0000 6753.1709   18.4657
    0.0000   15.0000  -30.0000 7183.1953   18.4869
    7.5000   15.0000  -30.0000 6878.8213   18.4017
   -7.5000   22.5000  -30.0000 6470.6768   18.0139
    0.0000   22.5000  -30.0000 6876.1978   18.0359
    7.5000   22.5000  -30.0000 6594.7876   17.9553
   -7.5000   30.0000  -30.0000 6338.0088   18.0224
    0.0000   30.0000  -30.0000 6733.6641   18.0445
    7.5000   30.0000  -30.0000 6470.8345   17.9653
   -7.5000   37.5000  -30.0000 5931.7656   17.5246
    0.0000   37.5000  -30.0000 6288.9756   17.5448
    7.5000   37.5000  -30.0000 6056.8745   17.4669
   -7.5000   45.0000  -30.0000 5500.7119   17.0222
    0.0000   45.0000  -30.0000 5803.9546   17.0403
    7.5000   45.0000  -30.0000 5600.8691   16.9634
   -7.5000  -45.0000  -22.5000 4719.0571   19.6051
    0.0000  -45.0000  -22.5000 5069.7280   19.6309
    7.5000  -45.0000  -22.5000 4847.7427   19.5263
   -7.5000  -37.5000  -22.5000 5068.6978   19.9252
    0.0000  -37.5000  -22.5000 5424.2896   19.9530
    7.5000  -37.5000  -22.5000 5201.0000   19.8548
   -7.5000  -30.0000  -22.5000 5508.2778   19.7744
    0.0000  -30.0000  -22.5000 5888.9399   19.8015
    7.5000  -30.0000  -22.5000 5644.9341   19.7077
   -7.5000  -22.5000  -22.5000 5783.3057   19.2309
    0.0000  -22.5000  -22.5000 6186.8574   19.2540
    7.5000  -22.5000  -22.5000 5929.4438   19.1624
   -7.5000  -15.0000  -22.5000 6290.1348   18.7678
    0.0000  -15.0000  -22.5000 6725.7271   18.7870
    7.5000  -15.0000  -22.5000 6445.2129   18.6946
   -7.5000   -7.5000  -22.5000 6789.0229   18.5243
    0.0000   -7.5000  -22.5000 7249.1079   18.5416
    7.5000   -7.5000  -22.5000 6949.6401   18.4502
   -7.5000    0.0000  -22.5000 7265.5518   18.4648
    0.0000    0.0000  -22.5000 7740.9814   18.4832
    7.5000    0.0000  -22.5000 7420.6045   18.3953
   -7.5000    7.5000  -22.5000 7103.1274   18.4506
    0.0000    7.5000  -22.5000 7559.4634   18.4713
    7.5000    7.5000  -22.5000 7253.4390   18.3868
   -7.5000   15.0000  -22.5000 6884.6235   18.2163
    0.0000   15.0000  -22.5000 7333.4600   18.2380
    7.5000   15.0000  -22.5000 7043.2764   18.1555
   -7.5000   22.5000  -22.5000 6635.2109   17.7773
    0.0000   22.5000  -22.5000 7053.1670   17.7977
    7.5000   22.5000  -22.5000 6787.1821   17.7155
   -7.5000   30.0000  -22.5000 6521.9028   17.7916
    0.0000   30.0000  -22.5000 6929.3350   17.8096
    7.5000   30.0000  -22.5000 6679.8354   17.7235
   -7.5000   37.5000  -22.5000 6120.7383   17.2978
    0.0000   37.5000  -22.5000 6478.3218   17.3139
    7.5000   37.5000  -22.5000 6256.4966   17.2285
   -7.5000   45.0000  -22.5000 5694.3242   16.7887
    0.0000   45.0000  -22.5000 5995.9858   16.8054
    7.5000   45.0000  -22.5000 5801.5493   16.7251
   -7.5000  -45.0000  -15.0000 4814.8818   20.0712
    0.0000  -45.0000  -15.0000 5169.0078   20.0925
    7.5000  -45.0000  -15.0000 4954.9209   19.9868
   -7.5000  -37.5000  -15.0000 5186.3760   20.4242
    0.0000  -37.5000  -15.0000 5541.7881   20.4485
    7.5000  -37.5000  -15.0000 5324.7798   20.3512
   -7.5000  -30.0000  -15.0000 5661.0137   20.2615
    0.0000  -30.0000  -15.0000 6034.1514   20.2864
    7.5000  -30.0000  -15.0000 5796.5610   20.1911
   -7.5000  -22.5000  -15.0000 5979.8823   19.7208
    0.0000  -22.5000  -15.0000 6373.3374   19.7428
    7.5000  -22.5000  -15.0000 6128.3481   19.6455
   -7.5000  -15.0000  -15.0000 6558.7119   19.2571
    0.0000  -15.0000  -15.0000 7006.4204   19.2744
    7.5000  -15.0000  -15.0000 6735.5791   19.1750
   -7.5000   -7.5000  -15.0000 7134.0298   19.0070
    0.0000   -7.5000  -15.0000 7632.4370   19.0220
    7.5000   -7.5000  -15.0000 7341.0093   18.9261
   -7.5000    0.0000  -15.0000 7633.0298   18.9404
    0.0000    0.0000  -15.0000 8175.1860   18.9564
    7.5000    0.0000  -15.0000 7859.5000   18.8679
   -7.5000    7.5000  -15.0000 7466.8525   18.9210
    0.0000    7.5000  -15.0000 7984.0029   18.9390
    7.5000    7.5000  -15.0000 7663.4419   18.8557
   -7.5000   15.0000  -15.0000 7254.1855   18.6873
    0.0000   15.0000  -15.0000 7744.7256   18.7071
    7.5000   15.0000  -15.0000 7435.2842   18.6235
   -7.5000   22.5000  -15.0000 7025.7700   18.2545
    0.0000   22.5000  -15.0000 7477.6958   18.2740
    7.5000   22.5000  -15.0000 7203.8818   18.1868
   -7.5000   30.0000  -15.0000 6935.5981   18.2719
    0.0000   30.0000  -15.0000 7367.6143   18.2883
    7.5000   30.0000  -15.0000 7120.4224   18.1957
   -7.5000   37.5000  -15.0000 6518.2231   17.7762
    0.0000   37.5000  -15.0000 6901.6646   17.7901
    7.5000   37.5000  -15.0000 6673.6724   17.7002
   -7.5000   45.0000  -15.0000 6077.9033   17.2565
    0.0000   45.0000  -15.0000 6408.2798   17.2710
    7.5000   45.0000  -15.0000 6199.9458   17.1901
   -7.5000  -45.0000   -7.5000 4847.9146   20.4879
    0.0000  -45.0000   -7.5000 5222.1938   20.5088
    7.5000  -45.0000   -7.5000 5016.5127   20.4091
   -7.5000  -37.5000   -7.5000 5245.9009   20.8701
    0.0000  -37.5000   -7.5000 5620.7979   20.8928
    7.5000  -37.5000   -7.5000 5400.9917   20.7969
   -7.5000  -30.0000   -7.5000 5740.5098   20.6972
    0.0000  -30.0000   -7.5000 6131.1592   20.7216
    7.5000  -30.0000   -7.5000 5889.3193   20.6257
   -7.5000  -22.5000   -7.5000 6086.8320   20.1452
    0.0000  -22.5000   -7.5000 6505.5889   20.1699
    7.5000  -22.5000   -7.5000 6248.2783   20.0744
   -7.5000  -15.0000   -7.5000 6733.4443   19.6692
    0.0000  -15.0000   -7.5000 7226.0903   19.6904
    7.5000  -15.0000   -7.5000 6936.5723   19.5965
   -7.5000   -7.5000   -7.5000 7429.2476   19.4157
    0.0000   -7.5000   -7.5000 8022.1396   19.4337
    7.5000   -7.5000   -7.5000 7695.2061   19.3446
   -7.5000    0.0000   -7.5000 8025.9785   19.3541
    0.0000    0.0000   -7.5000 8698.4121   19.3709
    7.5000    0.0000   -7.5000 8341.7920   19.2871
   -7.5000    7.5000   -7.5000 7877.7920   19.3406
    0.0000    7.5000   -7.5000 8515.4834   19.3575
    7.5000    7.5000   -7.5000 8151.8652   19.2751
   -7.5000   15.0000   -7.5000 7678.8374   19.1076
    0.0000   15.0000   -7.5000 8250.5381   19.1272
    7.5000   15.0000   -7.5000 7902.2012   19.0432
   -7.5000   22.5000   -7.5000 7453.5098   18.6705
    0.0000   22.5000   -7.5000 7985.5557   18.6925
    7.5000   22.5000   -7.5000 7663.5806   18.6069
   -7.5000   30.0000   -7.5000 7385.0137   18.6796
    0.0000   30.0000   -7.5000 7912.4395   18.6998
    7.5000   30.0000   -7.5000 7599.9834   18.6122
   -7.5000   37.5000   -7.5000 6943.5850   18.1858
    0.0000   37.5000   -7.5000 7444.0962   18.2027
    7.5000   37.5000   -7.5000 7144.5508   18.1190
   -7.5000   45.0000   -7.5000 6477.4746   17.6739
    0.0000   45.0000   -7.5000 6910.6221   17.6892
    7.5000   45.0000   -7.5000 6631.7212   17.6128
   -7.5000  -45.0000    0.0000 4874.3042   20.9774
    0.0000  -45.0000    0.0000 5340.0312   20.9985
    7.5000  -45.0000    0.0000 5091.9277   20.9031
   -7.5000  -37.5000    0.0000 5309.6562   21.3599
    0.0000  -37.5000    0.0000 5777.9741   21.3803
    7.5000  -37.5000    0.0000 5513.3838   21.2834
   -7.5000  -30.0000    0.0000 5837.5996   21.1699
    0.0000  -30.0000    0.0000 6319.9551   21.1934
    7.5000  -30.0000    0.0000 6038.4473   21.0965
   -7.5000  -22.5000    0.0000 6215.0859   20.6047
    0.0000  -22.5000    0.0000 6720.7642   20.6323
    7.5000  -22.5000    0.0000 6418.6250   20.5408
   -7.5000  -15.0000    0.0000 6927.3389   20.1185
    0.0000  -15.0000    0.0000 7497.5381   20.1446
    7.5000  -15.0000    0.0000 7152.5488   20.0590
   -7.5000   -7.5000    0.0000 7754.4258   19.8623
    0.0000   -7.5000    0.0000 8458.7891   19.8839
    7.5000   -7.5000    0.0000 8057.3618   19.8023
   -7.5000    0.0000    0.0000 8544.1494   19.8013
    0.0000    0.0000    0.0000 9390.3955   19.8176
    7.5000    0.0000    0.0000 8945.5176   19.7367
   -7.5000    7.5000    0.0000 8464.3945   19.7851
    0.0000    7.5000    0.0000 9328.5693   19.8000
    7.5000    7.5000    0.0000 8878.5332   19.7164
   -7.5000   15.0000    0.0000 8270.4609   19.5484
    0.0000   15.0000    0.0000 9084.5078   19.5676
    7.5000   15.0000    0.0000 8643.4072   19.4826
   -7.5000   22.5000    0.0000 8009.3911   19.1095
    0.0000   22.5000    0.0000 8782.5020   19.1338
    7.5000   22.5000    0.0000 8339.0693   19.0517
   -7.5000   30.0000    0.0000 7916.0820   19.1185
    0.0000   30.0000    0.0000 8669.9316   19.1432
    7.5000   30.0000    0.0000 8211.0488   19.0633
   -7.5000   37.5000    0.0000 7415.5732   18.6255
    0.0000   37.5000    0.0000 8086.5098   18.6458
    7.5000   37.5000    0.0000 7676.5239   18.5692
   -7.5000   45.0000    0.0000 6928.8838   18.1192
    0.0000   45.0000    0.0000 7486.5518   18.1346
    7.5000   45.0000    0.0000 7125.6465   18.0607
   -7.5000  -45.0000    7.5000 4572.3418   21.1332
    0.0000  -45.0000    7.5000 4995.9419   21.1559
    7.5000  -45.0000    7.5000 4761.6255   21.0593
   -7.5000  -37.5000    7.5000 4999.2515   21.5120
    0.0000  -37.5000    7.5000 5441.5156   21.5333
    7.5000  -37.5000    7.5000 5177.4336   21.4341
   -7.5000  -30.0000    7.5000 5516.4795   21.3188
    0.0000  -30.0000    7.5000 5976.6255   21.3434
    7.5000  -30.0000    7.5000 5684.5718   21.2465
   -7.5000  -22.5000    7.5000 5882.9834   20.7497
    0.0000  -22.5000    7.5000 6352.9951   20.7783
    7.5000  -22.5000    7.5000 6042.8164   20.6899
   -7.5000  -15.0000    7.5000 6571.7231   20.2580
    0.0000  -15.0000    7.5000 7074.6772   20.2857
    7.5000  -15.0000    7.5000 6731.1909   20.2037
   -7.5000   -7.5000    7.5000 7412.2324   19.9971
    0.0000   -7.5000    7.5000 8028.0093   20.0196
    7.5000   -7.5000    7.5000 7635.9961   19.9394
   -7.5000    0.0000    7.5000 8267.0225   19.9320
    0.0000    0.0000    7.5000 9124.0020   19.9484
    7.5000    0.0000    7.5000 8668.6543   19.8658
   -7.5000    7.5000    7.5000 8276.8682   19.9136
    0.0000    7.5000    7.5000 9297.2842   19.9291
    7.5000    7.5000    7.5000 8801.9072   19.8430
   -7.5000   15.0000    7.5000 8100.8296   19.6773
    0.0000   15.0000    7.5000 9184.1543   19.6974
    7.5000   15.0000    7.5000 8648.8740   19.6120
   -7.5000   22.5000    7.5000 7804.0869   19.2391
    0.0000   22.5000    7.5000 8842.2256   19.2641
    7.5000   22.5000    7.5000 8265.3711   19.1846
   -7.5000   30.0000    7.5000 7643.4922   19.2502
    0.0000   30.0000    7.5000 8582.9688   19.2762
    7.5000   30.0000    7.5000 8032.3281   19.1996
   -7.5000   37.5000    7.5000 7165.1304   18.7507
    0.0000   37.5000    7.5000 7941.0996   18.7720
    7.5000   37.5000    7.5000 7485.6001   18.6967
   -7.5000   45.0000    7.5000 6712.0449   18.2427
    0.0000   45.0000    7.5000 7354.5513   18.2581
    7.5000   45.0000    7.5000 6982.7241   18.1827
   -7.5000  -45.0000   15.0000 4302.9277   21.9810
    0.0000  -45.0000   15.0000 4600.1519   22.0093
    7.5000  -45.0000   15.0000 4410.1655   21.8994
   -7.5000  -37.5000   15.0000 4704.4121   22.3361
    0.0000  -37.5000   15.0000 5008.7827   22.3643
    7.5000  -37.5000   15.0000 4805.4531   22.2564
   -7.5000  -30.0000   15.0000 5200.9731   22.1067
    0.0000  -30.0000   15.0000 5522.5029   22.1357
    7.5000  -30.0000   15.0000 5294.2300   22.0331
   -7.5000  -22.5000   15.0000 5551.3086   21.4949
    0.0000  -22.5000   15.0000 5895.1938   21.5235
    7.5000  -22.5000   15.0000 5636.5742   21.4283
   -7.5000  -15.0000   15.0000 6178.3730   20.9693
    0.0000  -15.0000   15.0000 6556.1919   20.9955
    7.5000  -15.0000   15.0000 6245.7207   20.9037
   -7.5000   -7.5000   15.0000 6922.8506   20.6915
    0.0000   -7.5000   15.0000 7355.1812   20.7138
    7.5000   -7.5000   15.0000 6992.6538   20.6220
   -7.5000    0.0000   15.0000 7727.8379   20.6220
    0.0000    0.0000   15.0000 8398.3604   20.6416
    7.5000    0.0000   15.0000 7973.8223   20.5486
   -7.5000    7.5000   15.0000 7821.7554   20.6014
    0.0000    7.5000   15.0000 8814.6377   20.6220
    7.5000    7.5000   15.0000 8310.8506   20.5290
   -7.5000   15.0000   15.0000 7684.4888   20.3557
    0.0000   15.0000   15.0000 8829.9229   20.3792
    7.5000   15.0000   15.0000 8227.6240   20.2888
   -7.5000   22.5000   15.0000 7372.4517   19.9027
    0.0000   22.5000   15.0000 8364.7178   19.9277
    7.5000   22.5000   15.0000 7795.7651   19.8421
   -7.5000   30.0000   15.0000 7234.2021   19.9171
    0.0000   30.0000   15.0000 8070.3760   19.9416
    7.5000   30.0000   15.0000 7583.9927   19.8559
   -7.5000   37.5000   15.0000 6831.4858   19.4029
    0.0000   37.5000   15.0000 7539.5459   19.4240
    7.5000   37.5000   15.0000 7139.1797   19.3378
   -7.5000   45.0000   15.0000 6443.8164   18.8835
    0.0000   45.0000   15.0000 7070.4985   18.9016
    7.5000   45.0000   15.0000 6727.4702   18.8163
   -7.5000  -45.0000   22.5000 4026.9668   23.1882
    0.0000  -45.0000   22.5000 4271.9536   23.2216
    7.5000  -45.0000   22.5000 4090.5979   23.0939
   -7.5000  -37.5000   22.5000 4416.1157   23.5165
    0.0000  -37.5000   22.5000 4665.6499   23.5518
    7.5000  -37.5000   22.5000 4469.4961   23.4330
   -7.5000  -30.0000   22.5000 4897.1777   23.2320
    0.0000  -30.0000   22.5000 5166.9546   23.2662
    7.5000  -30.0000   22.5000 4944.7495   23.1530
   -7.5000  -22.5000   22.5000 5234.8901   22.5552
    0.0000  -22.5000   22.5000 5518.2886   22.5850
    7.5000  -22.5000   22.5000 5269.4341   22.4738
   -7.5000  -15.0000   22.5000 5825.0503   21.9779
    0.0000  -15.0000   22.5000 6125.5010   22.0029
    7.5000  -15.0000   22.5000 5827.5527   21.8908
   -7.5000   -7.5000   22.5000 6523.9395   21.6707
    0.0000   -7.5000   22.5000 6835.4829   21.6931
    7.5000   -7.5000   22.5000 6502.3306   21.5829
   -7.5000    0.0000   22.5000 7322.5508   21.5912
    0.0000    0.0000   22.5000 7856.8555   21.6146
    7.5000    0.0000   22.5000 7461.0527   21.5093
   -7.5000    7.5000   22.5000 7413.4326   21.5665
    0.0000    7.5000   22.5000 8326.2725   21.5922
    7.5000    7.5000   22.5000 7816.4888   21.4917
   -7.5000   15.0000   22.5000 7242.7935   21.3070
    0.0000   15.0000   22.5000 8134.6968   21.3342
    7.5000   15.0000   22.5000 7633.1870   21.2353
   -7.5000   22.5000   22.5000 6954.3452   20.8473
    0.0000   22.5000   22.5000 7616.0537   20.8735
    7.5000   22.5000   22.5000 7199.1948   20.7740
   -7.5000   30.0000   22.5000 6872.5894   20.8678
    0.0000   30.0000   22.5000 7449.6367   20.8912
    7.5000   30.0000   22.5000 7083.1978   20.7868
   -7.5000   37.5000   22.5000 6557.2769   20.3444
    0.0000   37.5000   22.5000 7118.7256   20.3654
    7.5000   37.5000   22.5000 6782.5420   20.2618
   -7.5000   45.0000   22.5000 6229.8960   19.8103
    0.0000   45.0000   22.5000 6784.3730   19.8317
    7.5000   45.0000   22.5000 6447.2544   19.7347
   -7.5000  -45.0000   30.0000 3926.9458   24.7016
    0.0000  -45.0000   30.0000 4159.6211   24.7377
    7.5000  -45.0000   30.0000 3978.5806   24.5909
   -7.5000  -37.5000   30.0000 4333.1777   25.0237
    0.0000  -37.5000   30.0000 4574.4355   25.0614
    7.5000  -37.5000   30.0000 4366.1162   24.9249
   -7.5000  -30.0000   30.0000 4827.0537   24.6807
    0.0000  -30.0000   30.0000 5084.7319   24.7174
    7.5000  -30.0000   30.0000 4847.7573   24.5847
   -7.5000  -22.5000   30.0000 5188.3291   23.9222
    0.0000  -22.5000   30.0000 5451.1787   23.9559
    7.5000  -22.5000   30.0000 5190.6313   23.8230
   -7.5000  -15.0000   30.0000 5791.0342   23.2743
    0.0000  -15.0000   30.0000 6088.2642   23.3030
    7.5000  -15.0000   30.0000 5771.0830   23.1701
   -7.5000   -7.5000   30.0000 6512.4331   22.9269
    0.0000   -7.5000   30.0000 6896.0728   22.9528
    7.5000   -7.5000   30.0000 6485.5029   22.8257
   -7.5000    0.0000   30.0000 7250.6421   22.8356
    0.0000    0.0000   30.0000 7953.6191   22.8618
    7.5000    0.0000   30.0000 7415.8750   22.7434
   -7.5000    7.5000   30.0000 7229.8164   22.8088
    0.0000    7.5000   30.0000 8161.0835   22.8359
    7.5000    7.5000   30.0000 7614.6914   22.7225
   -7.5000   15.0000   30.0000 7035.8838   22.5374
    0.0000   15.0000   30.0000 7750.9946   22.5661
    7.5000   15.0000   30.0000 7309.3027   22.4518
   -7.5000   22.5000   30.0000 6796.4932   22.0553
    0.0000   22.5000   30.0000 7281.9424   22.0848
    7.5000   22.5000   30.0000 6917.9268   21.9669
   -7.5000   30.0000   30.0000 6790.1816   22.0776
    0.0000   30.0000   30.0000 7267.9829   22.1048
    7.5000   30.0000   30.0000 6915.5913   21.9813
   -7.5000   37.5000   30.0000 6521.0762   21.5286
    0.0000   37.5000   30.0000 7024.1938   21.5528
    7.5000   37.5000   30.0000 6667.0444   21.4332
   -7.5000   45.0000   30.0000 6246.3398   20.9574
    0.0000   45.0000   30.0000 6746.1772   20.9813
    7.5000   45.0000   30.0000 6386.1694   20.8723
   -7.5000  -45.0000   37.5000 3675.1350   25.8436
    0.0000  -45.0000   37.5000 3884.6489   25.8695
    7.5000  -45.0000   37.5000 3715.8162   25.7050
   -7.5000  -37.5000   37.5000 4087.9204   26.1752
    0.0000  -37.5000   37.5000 4309.5400   26.2025
    7.5000  -37.5000   37.5000 4106.3760   26.0451
   -7.5000  -30.0000   37.5000 4573.0068   25.7714
    0.0000  -30.0000   37.5000 4815.0840   25.8000
    7.5000  -30.0000   37.5000 4573.5669   25.6433
   -7.5000  -22.5000   37.5000 4933.6958   24.9375
    0.0000  -22.5000   37.5000 5215.6025   24.9674
    7.5000  -22.5000   37.5000 4924.7354   24.8126
   -7.5000  -15.0000   37.5000 5511.3481   24.2159
    0.0000  -15.0000   37.5000 5875.9746   24.2421
    7.5000  -15.0000   37.5000 5500.6899   24.0923
   -7.5000   -7.5000   37.5000 6160.8477   23.8285
    0.0000   -7.5000   37.5000 6647.5498   23.8505
    7.5000   -7.5000   37.5000 6163.6782   23.7106
   -7.5000    0.0000   37.5000 6778.2373   23.7255
    0.0000    0.0000   37.5000 7499.4365   23.7450
    7.5000    0.0000   37.5000 6979.4795   23.6143
   -7.5000    7.5000   37.5000 6748.6626   23.6985
    0.0000    7.5000   37.5000 7505.6050   23.7170
    7.5000    7.5000   37.5000 7076.3560   23.5881
   -7.5000   15.0000   37.5000 6619.9639   23.4187
    0.0000   15.0000   37.5000 7136.5244   23.4406
    7.5000   15.0000   37.5000 6789.3057   23.3076
   -7.5000   22.5000   37.5000 6452.6836   22.9262
    0.0000   22.5000   37.5000 6853.2695   22.9520
    7.5000   22.5000   37.5000 6522.9053   22.8158
   -7.5000   30.0000   37.5000 6487.8784   22.9432
    0.0000   30.0000   37.5000 6928.8628   22.9681
    7.5000   30.0000   37.5000 6580.0215   22.8292
   -7.5000   37.5000   37.5000 6243.5698   22.3518
    0.0000   37.5000   37.5000 6697.6265   22.3724
    7.5000   37.5000   37.5000 6338.6978   22.2408
   -7.5000   45.0000   37.5000 5993.7676   21.7272
    0.0000   45.0000   37.5000 6442.6660   21.7451
    7.5000   45.0000   37.5000 6075.2886   21.6255
   -7.5000  -45.0000   45.0000 3446.3472   26.8804
    0.0000  -45.0000   45.0000 3644.0391   26.9139
    7.5000  -45.0000   45.0000 3468.5312   26.7477
   -7.5000  -37.5000   45.0000 3857.9900   27.2297
    0.0000  -37.5000   45.0000 4079.9207   27.2627
    7.5000  -37.5000   45.0000 3859.3362   27.0961
   -7.5000  -30.0000   45.0000 4330.6904   26.7623
    0.0000  -30.0000   45.0000 4588.0825   26.7976
    7.5000  -30.0000   45.0000 4322.3149   26.6324
   -7.5000  -22.5000   45.0000 4671.9136   25.8517
    0.0000  -22.5000   45.0000 4993.2783   25.8914
    7.5000  -22.5000   45.0000 4675.0576   25.7365
   -7.5000  -15.0000   45.0000 5197.1973   25.0514
    0.0000  -15.0000   45.0000 5609.2808   25.0882
    7.5000  -15.0000   45.0000 5207.3213   24.9452
   -7.5000   -7.5000   45.0000 5759.0000   24.6285
    0.0000   -7.5000   45.0000 6259.6128   24.6592
    7.5000   -7.5000   45.0000 5821.2129   24.5248
   -7.5000    0.0000   45.0000 6342.0083   24.5213
    0.0000    0.0000   45.0000 6965.4585   24.5456
    7.5000    0.0000   45.0000 6568.0728   24.4135
   -7.5000    7.5000   45.0000 6351.2627   24.4949
    0.0000    7.5000   45.0000 6944.0347   24.5171
    7.5000    7.5000   45.0000 6600.1816   24.3811
   -7.5000   15.0000   45.0000 6250.3042   24.2034
    0.0000   15.0000   45.0000 6672.7539   24.2308
    7.5000   15.0000   45.0000 6356.4312   24.0915
   -7.5000   22.5000   45.0000 6104.8916   23.6939
    0.0000   22.5000   45.0000 6476.1021   23.7278
    7.5000   22.5000   45.0000 6162.0635   23.5921
   -7.5000   30.0000   45.0000 6145.1152   23.7012
    0.0000   30.0000   45.0000 6559.9165   23.7357
    7.5000   30.0000   45.0000 6220.3599   23.6033
   -7.5000   37.5000   45.0000 5931.0552   23.0628
    0.0000   37.5000   45.0000 6345.6777   23.0915
    7.5000   37.5000   45.0000 5999.4761   22.9655
   -7.5000   45.0000   45.0000 5696.6553   22.3833
    0.0000   45.0000   45.0000 6090.8984   22.4061
    7.5000   45.0000   45.0000 5748.7231   22.2859

---------------------------------------------------------------------
imgreg_4dfp /opt/freesurfer/average/711-2C_as_mni_average_305 /opt/freesurfer/average/711-2B_as_mni_average_305_mask talsrcimg_g11 none talsrcimg_to_711-2C_as_mni_average_305_t4 4355
---------------------------------------------------------------------

freesurfer imgreg_4dfp.c
/opt/freesurfer/average/711-2C_as_mni_average_305.4dfp.img
       256       256       256         1
  1.000000  1.000000  1.000000
orientation T byte_order littleendian
Reading image: /opt/freesurfer/average/711-2C_as_mni_average_305.4dfp.img
dimensions:      256       256       256
mmppix:       1.0000   -1.0000   -1.0000
center:     128.0000 -129.0000 -129.0000
/opt/freesurfer/average/711-2B_as_mni_average_305_mask.4dfp.img
       256       256       256         1
  1.000000  1.000000  1.000000
orientation T byte_order littleendian
Reading mask: /opt/freesurfer/average/711-2B_as_mni_average_305_mask.4dfp.img (2306576 pixels)
talsrcimg_g11.4dfp.img
       320       320       320         1
  0.700000  0.700000  0.700000
orientation T byte_order littleendian
Reading image: talsrcimg_g11.4dfp.img
dimensions:      320       320       320
mmppix:       0.7000   -0.7000   -0.7000
center:     112.0000 -112.7000 -112.7000
rotation matrix determinant  1.000000
image alignment mode   4355 decimal     1103 hex
   -7.5000  -45.0000  -45.0000 1744.4639   28.1982
    0.0000  -45.0000  -45.0000 1754.4238   27.9221
    7.5000  -45.0000  -45.0000 1754.2699   27.6255
   -7.5000  -37.5000  -45.0000 1809.9127   25.9303
    0.0000  -37.5000  -45.0000 1824.1375   25.7394
    7.5000  -37.5000  -45.0000 1820.9214   25.5135
   -7.5000  -30.0000  -45.0000 1860.0621   24.1283
    0.0000  -30.0000  -45.0000 1873.8092   23.9909
    7.5000  -30.0000  -45.0000 1871.8684   23.8042
   -7.5000  -22.5000  -45.0000 1897.6937   22.7927
    0.0000  -22.5000  -45.0000 1906.9568   22.6467
    7.5000  -22.5000  -45.0000 1904.4436   22.5204
   -7.5000  -15.0000  -45.0000 1929.1553   21.8669
    0.0000  -15.0000  -45.0000 1940.5602   21.6958
    7.5000  -15.0000  -45.0000 1932.6434   21.6283
   -7.5000   -7.5000  -45.0000 1955.7891   21.3116
    0.0000   -7.5000  -45.0000 1968.0283   21.1230
    7.5000   -7.5000  -45.0000 1956.1989   21.0975
   -7.5000    0.0000  -45.0000 1983.4136   21.0545
    0.0000    0.0000  -45.0000 1995.4446   20.8840
    7.5000    0.0000  -45.0000 1983.2736   20.8763
   -7.5000    7.5000  -45.0000 2008.8162   21.1756
    0.0000    7.5000  -45.0000 2018.7341   20.9778
    7.5000    7.5000  -45.0000 2009.0427   20.9344
   -7.5000   15.0000  -45.0000 2020.7776   21.5717
    0.0000   15.0000  -45.0000 2028.9502   21.3442
    7.5000   15.0000  -45.0000 2023.9277   21.3063
   -7.5000   22.5000  -45.0000 2013.5867   22.1925
    0.0000   22.5000  -45.0000 2023.1600   21.9441
    7.5000   22.5000  -45.0000 2019.0286   21.9368
   -7.5000   30.0000  -45.0000 1984.0540   23.2333
    0.0000   30.0000  -45.0000 1994.6632   22.9756
    7.5000   30.0000  -45.0000 1990.9984   22.9712
   -7.5000   37.5000  -45.0000 1919.3063   24.4105
    0.0000   37.5000  -45.0000 1930.9769   24.1707
    7.5000   37.5000  -45.0000 1927.4856   24.1626
   -7.5000   45.0000  -45.0000 1811.8676   25.3731
    0.0000   45.0000  -45.0000 1823.4657   25.2567
    7.5000   45.0000  -45.0000 1820.2820   25.1793
   -7.5000  -45.0000  -37.5000 1837.1617   29.2328
    0.0000  -45.0000  -37.5000 1844.0852   28.9154
    7.5000  -45.0000  -37.5000 1841.8418   28.5377
   -7.5000  -37.5000  -37.5000 1915.6837   26.9320
    0.0000  -37.5000  -37.5000 1923.6521   26.6534
    7.5000  -37.5000  -37.5000 1920.4435   26.3433
   -7.5000  -30.0000  -37.5000 1977.1010   25.0129
    0.0000  -30.0000  -37.5000 1985.0620   24.7620
    7.5000  -30.0000  -37.5000 1983.8354   24.5007
   -7.5000  -22.5000  -37.5000 2017.9055   23.5118
    0.0000  -22.5000  -37.5000 2027.4885   23.2382
    7.5000  -22.5000  -37.5000 2023.0864   23.0527
   -7.5000  -15.0000  -37.5000 2055.0723   22.3543
    0.0000  -15.0000  -37.5000 2063.5303   22.0641
    7.5000  -15.0000  -37.5000 2055.7576   21.9582
   -7.5000   -7.5000  -37.5000 2090.1436   21.6113
    0.0000   -7.5000  -37.5000 2099.0259   21.2754
    7.5000   -7.5000  -37.5000 2087.2258   21.2217
   -7.5000    0.0000  -37.5000 2127.0186   21.1767
    0.0000    0.0000  -37.5000 2135.2317   20.8678
    7.5000    0.0000  -37.5000 2121.1558   20.8498
   -7.5000    7.5000  -37.5000 2157.2729   21.1125
    0.0000    7.5000  -37.5000 2163.7979   20.8136
    7.5000    7.5000  -37.5000 2153.3899   20.7772
   -7.5000   15.0000  -37.5000 2169.1968   21.4550
    0.0000   15.0000  -37.5000 2176.5637   21.1469
    7.5000   15.0000  -37.5000 2167.5186   21.0953
   -7.5000   22.5000  -37.5000 2159.8479   22.0795
    0.0000   22.5000  -37.5000 2167.3489   21.7750
    7.5000   22.5000  -37.5000 2161.6655   21.7774
   -7.5000   30.0000  -37.5000 2134.4465   23.0764
    0.0000   30.0000  -37.5000 2147.1304   22.7699
    7.5000   30.0000  -37.5000 2141.6855   22.7508
   -7.5000   37.5000  -37.5000 2069.2212   24.2111
    0.0000   37.5000  -37.5000 2084.3003   23.9255
    7.5000   37.5000  -37.5000 2082.5754   23.9257
   -7.5000   45.0000  -37.5000 1959.1338   25.1363
    0.0000   45.0000  -37.5000 1976.5105   24.9451
    7.5000   45.0000  -37.5000 1975.9565   24.9340
   -7.5000  -45.0000  -30.0000 1924.3074   30.3213
    0.0000  -45.0000  -30.0000 1920.7745   29.6486
    7.5000  -45.0000  -30.0000 1926.2853   29.2613
   -7.5000  -37.5000  -30.0000 2009.7963   27.8460
    0.0000  -37.5000  -30.0000 2003.9036   27.2459
    7.5000  -37.5000  -30.0000 2010.3157   26.9715
   -7.5000  -30.0000  -30.0000 2074.6899   25.7622
    0.0000  -30.0000  -30.0000 2072.6235   25.2542
    7.5000  -30.0000  -30.0000 2074.2168   25.0256
   -7.5000  -22.5000  -30.0000 2127.6309   24.1118
    0.0000  -22.5000  -30.0000 2126.9880   23.6469
    7.5000  -22.5000  -30.0000 2128.0220   23.4593
   -7.5000  -15.0000  -30.0000 2165.1482   22.8007
    0.0000  -15.0000  -30.0000 2167.1790   22.3391
    7.5000  -15.0000  -30.0000 2166.6018   22.1946
   -7.5000   -7.5000  -30.0000 2201.8887   21.8509
    0.0000   -7.5000  -30.0000 2202.9189   21.3785
    7.5000   -7.5000  -30.0000 2199.7129   21.2701
   -7.5000    0.0000  -30.0000 2238.6343   21.2700
    0.0000    0.0000  -30.0000 2241.9653   20.8287
    7.5000    0.0000  -30.0000 2232.1077   20.7286
   -7.5000    7.5000  -30.0000 2275.8127   21.0587
    0.0000    7.5000  -30.0000 2275.3508   20.6473
    7.5000    7.5000  -30.0000 2266.6208   20.5745
   -7.5000   15.0000  -30.0000 2292.0078   21.3003
    0.0000   15.0000  -30.0000 2296.6003   20.9062
    7.5000   15.0000  -30.0000 2288.7290   20.8088
   -7.5000   22.5000  -30.0000 2288.8386   21.8703
    0.0000   22.5000  -30.0000 2296.4927   21.5190
    7.5000   22.5000  -30.0000 2287.3220   21.4367
   -7.5000   30.0000  -30.0000 2272.3999   22.7799
    0.0000   30.0000  -30.0000 2288.3826   22.4145
    7.5000   30.0000  -30.0000 2276.6411   22.3495
   -7.5000   37.5000  -30.0000 2208.1443   23.8147
    0.0000   37.5000  -30.0000 2227.7322   23.4774
    7.5000   37.5000  -30.0000 2217.4128   23.4090
   -7.5000   45.0000  -30.0000 2096.9395   24.7183
    0.0000   45.0000  -30.0000 2112.4485   24.3989
    7.5000   45.0000  -30.0000 2110.1001   24.3628
   -7.5000  -45.0000  -22.5000 1945.5739   30.4911
    0.0000  -45.0000  -22.5000 1938.1556   29.6182
    7.5000  -45.0000  -22.5000 1944.7849   29.2725
   -7.5000  -37.5000  -22.5000 2034.2010   27.9090
    0.0000  -37.5000  -22.5000 2021.4800   27.1691
    7.5000  -37.5000  -22.5000 2030.9697   26.9185
   -7.5000  -30.0000  -22.5000 2106.7046   25.7282
    0.0000  -30.0000  -22.5000 2095.2471   25.0569
    7.5000  -30.0000  -22.5000 2103.0872   24.8559
   -7.5000  -22.5000  -22.5000 2163.1482   23.9358
    0.0000  -22.5000  -22.5000 2152.1169   23.3448
    7.5000  -22.5000  -22.5000 2158.8271   23.1843
   -7.5000  -15.0000  -22.5000 2197.2847   22.5630
    0.0000  -15.0000  -22.5000 2188.5762   22.0368
    7.5000  -15.0000  -22.5000 2197.0669   21.9003
   -7.5000   -7.5000  -22.5000 2223.0725   21.5045
    0.0000   -7.5000  -22.5000 2216.9624   21.0178
    7.5000   -7.5000  -22.5000 2225.4470   20.8896
   -7.5000    0.0000  -22.5000 2254.2007   20.7910
    0.0000    0.0000  -22.5000 2250.1699   20.3176
    7.5000    0.0000  -22.5000 2251.6587   20.1878
   -7.5000    7.5000  -22.5000 2292.3245   20.4361
    0.0000    7.5000  -22.5000 2289.2485   19.9697
    7.5000    7.5000  -22.5000 2289.0110   19.8724
   -7.5000   15.0000  -22.5000 2322.9480   20.5295
    0.0000   15.0000  -22.5000 2322.6814   20.1217
    7.5000   15.0000  -22.5000 2322.4253   20.0126
   -7.5000   22.5000  -22.5000 2331.3113   21.0394
    0.0000   22.5000  -22.5000 2332.8062   20.6419
    7.5000   22.5000  -22.5000 2333.0505   20.5528
   -7.5000   30.0000  -22.5000 2318.9094   21.9349
    0.0000   30.0000  -22.5000 2326.1489   21.5066
    7.5000   30.0000  -22.5000 2323.1848   21.4348
   -7.5000   37.5000  -22.5000 2263.5803   22.8694
    0.0000   37.5000  -22.5000 2270.4189   22.4447
    7.5000   37.5000  -22.5000 2265.3857   22.3643
   -7.5000   45.0000  -22.5000 2150.9070   23.6191
    0.0000   45.0000  -22.5000 2155.8684   23.1981
    7.5000   45.0000  -22.5000 2154.0938   23.1329
   -7.5000  -45.0000  -15.0000 2002.5958   32.0318
    0.0000  -45.0000  -15.0000 1978.7142   31.0189
    7.5000  -45.0000  -15.0000 1991.1327   30.8308
   -7.5000  -37.5000  -15.0000 2098.9160   29.1990
    0.0000  -37.5000  -15.0000 2071.5500   28.3315
    7.5000  -37.5000  -15.0000 2083.5972   28.1764
   -7.5000  -30.0000  -15.0000 2178.4109   26.7850
    0.0000  -30.0000  -15.0000 2149.7979   26.0486
    7.5000  -30.0000  -15.0000 2161.8184   25.9068
   -7.5000  -22.5000  -15.0000 2239.3186   24.8404
    0.0000  -22.5000  -15.0000 2209.5737   24.2116
    7.5000  -22.5000  -15.0000 2225.7002   24.0880
   -7.5000  -15.0000  -15.0000 2279.7478   23.3186
    0.0000  -15.0000  -15.0000 2252.4316   22.7775
    7.5000  -15.0000  -15.0000 2270.1057   22.6954
   -7.5000   -7.5000  -15.0000 2301.3518   22.1355
    0.0000   -7.5000  -15.0000 2275.7014   21.6976
    7.5000   -7.5000  -15.0000 2294.9380   21.6067
   -7.5000    0.0000  -15.0000 2320.4998   21.1966
    0.0000    0.0000  -15.0000 2303.7244   20.7614
    7.5000    0.0000  -15.0000 2314.4082   20.6746
   -7.5000    7.5000  -15.0000 2354.7786   20.6143
    0.0000    7.5000  -15.0000 2344.7363   20.1565
    7.5000    7.5000  -15.0000 2348.2869   20.1059
   -7.5000   15.0000  -15.0000 2388.0505   20.6075
    0.0000   15.0000  -15.0000 2385.7544   20.1429
    7.5000   15.0000  -15.0000 2384.4861   20.0913
   -7.5000   22.5000  -15.0000 2412.4631   21.1175
    0.0000   22.5000  -15.0000 2409.1863   20.6605
    7.5000   22.5000  -15.0000 2411.8164   20.6168
   -7.5000   30.0000  -15.0000 2416.8674   21.9371
    0.0000   30.0000  -15.0000 2410.2114   21.4491
    7.5000   30.0000  -15.0000 2417.5103   21.3939
   -7.5000   37.5000  -15.0000 2366.7646   22.7215
    0.0000   37.5000  -15.0000 2360.0522   22.2277
    7.5000   37.5000  -15.0000 2361.0344   22.1611
   -7.5000   45.0000  -15.0000 2257.4348   23.3745
    0.0000   45.0000  -15.0000 2252.3030   22.8890
    7.5000   45.0000  -15.0000 2250.5791   22.8264
   -7.5000  -45.0000   -7.5000 2023.3961   33.7890
    0.0000  -45.0000   -7.5000 1996.8983   33.0937
    7.5000  -45.0000   -7.5000 2011.2927   32.9172
   -7.5000  -37.5000   -7.5000 2121.6746   30.7234
    0.0000  -37.5000   -7.5000 2089.8750   30.0916
    7.5000  -37.5000   -7.5000 2106.0747   29.9245
   -7.5000  -30.0000   -7.5000 2202.7590   28.0384
    0.0000  -30.0000   -7.5000 2168.2463   27.5578
    7.5000  -30.0000   -7.5000 2184.0479   27.3327
   -7.5000  -22.5000   -7.5000 2265.4126   25.8920
    0.0000  -22.5000   -7.5000 2233.0347   25.5748
    7.5000  -22.5000   -7.5000 2247.1248   25.3191
   -7.5000  -15.0000   -7.5000 2316.5847   24.2241
    0.0000  -15.0000   -7.5000 2289.2476   24.0556
    7.5000  -15.0000   -7.5000 2301.9048   23.8453
   -7.5000   -7.5000   -7.5000 2345.1418   22.9802
    0.0000   -7.5000   -7.5000 2323.8374   22.9501
    7.5000   -7.5000   -7.5000 2336.2026   22.7450
   -7.5000    0.0000   -7.5000 2355.7617   21.9488
    0.0000    0.0000   -7.5000 2341.2676   21.9205
    7.5000    0.0000   -7.5000 2350.3230   21.7224
   -7.5000    7.5000   -7.5000 2378.6772   21.1884
    0.0000    7.5000   -7.5000 2361.3694   21.0804
    7.5000    7.5000   -7.5000 2366.3894   20.9363
   -7.5000   15.0000   -7.5000 2422.2830   20.9922
    0.0000   15.0000   -7.5000 2406.0603   20.7206
    7.5000   15.0000   -7.5000 2405.8896   20.6530
   -7.5000   22.5000   -7.5000 2456.4124   21.3270
    0.0000   22.5000   -7.5000 2449.5930   20.9743
    7.5000   22.5000   -7.5000 2445.5388   20.9093
   -7.5000   30.0000   -7.5000 2475.8445   21.9699
    0.0000   30.0000   -7.5000 2469.6392   21.6312
    7.5000   30.0000   -7.5000 2465.0291   21.4823
   -7.5000   37.5000   -7.5000 2427.0405   22.5990
    0.0000   37.5000   -7.5000 2427.2407   22.2890
    7.5000   37.5000   -7.5000 2421.3828   22.0988
   -7.5000   45.0000   -7.5000 2322.9695   23.1218
    0.0000   45.0000   -7.5000 2326.0435   22.8144
    7.5000   45.0000   -7.5000 2316.2173   22.6309
   -7.5000  -45.0000    0.0000 2022.5792   36.2154
    0.0000  -45.0000    0.0000 2015.6595   36.1835
    7.5000  -45.0000    0.0000 2019.0067   35.6637
   -7.5000  -37.5000    0.0000 2117.0029   32.7317
    0.0000  -37.5000    0.0000 2101.9763   32.7331
    7.5000  -37.5000    0.0000 2109.3894   32.2823
   -7.5000  -30.0000    0.0000 2199.7351   29.8062
    0.0000  -30.0000    0.0000 2185.0354   29.8854
    7.5000  -30.0000    0.0000 2194.7009   29.4474
   -7.5000  -22.5000    0.0000 2269.0232   27.4834
    0.0000  -22.5000    0.0000 2265.6389   27.7369
    7.5000  -22.5000    0.0000 2271.7107   27.2811
   -7.5000  -15.0000    0.0000 2329.1370   25.7313
    0.0000  -15.0000    0.0000 2334.0364   26.1505
    7.5000  -15.0000    0.0000 2338.9392   25.6640
   -7.5000   -7.5000    0.0000 2375.9700   24.5615
    0.0000   -7.5000    0.0000 2389.3987   25.1273
    7.5000   -7.5000    0.0000 2388.4438   24.6232
   -7.5000    0.0000    0.0000 2406.3726   23.6295
    0.0000    0.0000    0.0000 2433.1025   24.3793
    7.5000    0.0000    0.0000 2422.8660   23.8367
   -7.5000    7.5000    0.0000 2422.7559   22.6449
    0.0000    7.5000    0.0000 2447.4482   23.3326
    7.5000    7.5000    0.0000 2431.6804   22.8369
   -7.5000   15.0000    0.0000 2451.9890   21.9534
    0.0000   15.0000    0.0000 2467.4666   22.3884
    7.5000   15.0000    0.0000 2449.1299   22.0754
   -7.5000   22.5000    0.0000 2483.9109   21.7922
    0.0000   22.5000    0.0000 2507.0413   22.0421
    7.5000   22.5000    0.0000 2478.5750   21.7749
   -7.5000   30.0000    0.0000 2502.3379   22.0495
    0.0000   30.0000    0.0000 2537.0771   22.2105
    7.5000   30.0000    0.0000 2494.5984   21.9093
   -7.5000   37.5000    0.0000 2454.6978   22.4637
    0.0000   37.5000    0.0000 2489.4089   22.5673
    7.5000   37.5000    0.0000 2454.0376   22.1898
   -7.5000   45.0000    0.0000 2366.4668   22.9487
    0.0000   45.0000    0.0000 2389.5659   22.8689
    7.5000   45.0000    0.0000 2362.0427   22.5577
   -7.5000  -45.0000    7.5000 2038.7653   39.5333
    0.0000  -45.0000    7.5000 2078.6458   40.2122
    7.5000  -45.0000    7.5000 2067.8999   39.3633
   -7.5000  -37.5000    7.5000 2136.1228   35.4896
    0.0000  -37.5000    7.5000 2172.2610   36.0935
    7.5000  -37.5000    7.5000 2158.4807   35.2931
   -7.5000  -30.0000    7.5000 2223.8005   32.2546
    0.0000  -30.0000    7.5000 2260.9390   32.8794
    7.5000  -30.0000    7.5000 2244.7896   32.1241
   -7.5000  -22.5000    7.5000 2300.6008   29.7282
    0.0000  -22.5000    7.5000 2345.2900   30.4968
    7.5000  -22.5000    7.5000 2325.8413   29.7545
   -7.5000  -15.0000    7.5000 2377.4207   27.9286
    0.0000  -15.0000    7.5000 2437.3499   28.8264
    7.5000  -15.0000    7.5000 2407.7300   28.0751
   -7.5000   -7.5000    7.5000 2453.1091   26.6969
    0.0000   -7.5000    7.5000 2534.6282   27.8795
    7.5000   -7.5000    7.5000 2494.0269   27.1063
   -7.5000    0.0000    7.5000 2512.1628   25.7719
    0.0000    0.0000    7.5000 2631.6384   27.3726
    7.5000    0.0000    7.5000 2572.2737   26.4783
   -7.5000    7.5000    7.5000 2527.4526   24.6335
    0.0000    7.5000    7.5000 2696.7524   26.5899
    7.5000    7.5000    7.5000 2606.3853   25.4655
   -7.5000   15.0000    7.5000 2523.8071   23.3049
    0.0000   15.0000    7.5000 2661.1401   24.8789
    7.5000   15.0000    7.5000 2581.1016   24.0637
   -7.5000   22.5000    7.5000 2519.9067   22.4924
    0.0000   22.5000    7.5000 2625.9163   23.6372
    7.5000   22.5000    7.5000 2562.0535   23.0131
   -7.5000   30.0000    7.5000 2510.5059   22.1598
    0.0000   30.0000    7.5000 2589.6392   22.9626
    7.5000   30.0000    7.5000 2536.3457   22.4243
   -7.5000   37.5000    7.5000 2467.1455   22.2733
    0.0000   37.5000    7.5000 2515.9465   22.6981
    7.5000   37.5000    7.5000 2478.2927   22.2486
   -7.5000   45.0000    7.5000 2396.3103   22.7366
    0.0000   45.0000    7.5000 2416.7744   22.7695
    7.5000   45.0000    7.5000 2402.7041   22.4864
   -7.5000  -45.0000   15.0000 2065.0056   43.5645
    0.0000  -45.0000   15.0000 2107.8772   44.4597
    7.5000  -45.0000   15.0000 2098.2766   43.4027
   -7.5000  -37.5000   15.0000 2179.1897   39.0494
    0.0000  -37.5000   15.0000 2221.4102   39.7816
    7.5000  -37.5000   15.0000 2203.8076   38.8973
   -7.5000  -30.0000   15.0000 2279.2522   35.5225
    0.0000  -30.0000   15.0000 2336.1440   36.3633
    7.5000  -30.0000   15.0000 2308.5442   35.4897
   -7.5000  -22.5000   15.0000 2372.9395   32.7577
    0.0000  -22.5000   15.0000 2453.1917   33.8437
    7.5000  -22.5000   15.0000 2410.8635   32.8734
   -7.5000  -15.0000   15.0000 2464.2803   30.5367
    0.0000  -15.0000   15.0000 2584.6343   31.9292
    7.5000  -15.0000   15.0000 2522.2080   30.9221
   -7.5000   -7.5000   15.0000 2542.4099   28.8029
    0.0000   -7.5000   15.0000 2713.5356   30.5418
    7.5000   -7.5000   15.0000 2620.1477   29.4260
   -7.5000    0.0000   15.0000 2605.1406   27.5213
    0.0000    0.0000   15.0000 2824.0159   29.6302
    7.5000    0.0000   15.0000 2708.4492   28.4041
   -7.5000    7.5000   15.0000 2623.3906   26.1888
    0.0000    7.5000   15.0000 2905.0986   28.8435
    7.5000    7.5000   15.0000 2764.0557   27.4135
   -7.5000   15.0000   15.0000 2603.1409   24.6136
    0.0000   15.0000   15.0000 2856.6621   26.8839
    7.5000   15.0000   15.0000 2731.4048   25.7226
   -7.5000   22.5000   15.0000 2571.9722   23.2633
    0.0000   22.5000   15.0000 2753.2776   24.8207
    7.5000   22.5000   15.0000 2651.4365   23.9877
   -7.5000   30.0000   15.0000 2522.1875   22.4860
    0.0000   30.0000   15.0000 2630.3398   23.3231
    7.5000   30.0000   15.0000 2565.0332   22.8303
   -7.5000   37.5000   15.0000 2485.4971   22.5080
    0.0000   37.5000   15.0000 2533.1724   22.7618
    7.5000   37.5000   15.0000 2501.0591   22.5184
   -7.5000   45.0000   15.0000 2403.2842   22.9046
    0.0000   45.0000   15.0000 2435.3296   22.9586
    7.5000   45.0000   15.0000 2414.8176   22.8175
   -7.5000  -45.0000   22.5000 2078.8918   48.5518
    0.0000  -45.0000   22.5000 2125.0913   49.5121
    7.5000  -45.0000   22.5000 2096.9771   48.1328
   -7.5000  -37.5000   22.5000 2194.3823   43.0891
    0.0000  -37.5000   22.5000 2247.7075   44.1098
    7.5000  -37.5000   22.5000 2210.2214   42.8363
   -7.5000  -30.0000   22.5000 2302.1018   38.7492
    0.0000  -30.0000   22.5000 2369.3943   39.9523
    7.5000  -30.0000   22.5000 2322.7964   38.7180
   -7.5000  -22.5000   22.5000 2398.3330   35.3246
    0.0000  -22.5000   22.5000 2487.0601   36.7100
    7.5000  -22.5000   22.5000 2430.9202   35.4633
   -7.5000  -15.0000   22.5000 2484.2085   32.5476
    0.0000  -15.0000   22.5000 2608.8096   34.1459
    7.5000  -15.0000   22.5000 2531.0767   32.8680
   -7.5000   -7.5000   22.5000 2552.1606   30.2122
    0.0000   -7.5000   22.5000 2711.5371   31.8613
    7.5000   -7.5000   22.5000 2612.8052   30.6499
   -7.5000    0.0000   22.5000 2605.1699   28.4598
    0.0000    0.0000   22.5000 2795.5625   30.2364
    7.5000    0.0000   22.5000 2690.7600   29.1187
   -7.5000    7.5000   22.5000 2620.6741   26.7964
    0.0000    7.5000   22.5000 2866.6272   29.0867
    7.5000    7.5000   22.5000 2726.5171   27.7849
   -7.5000   15.0000   22.5000 2575.9172   24.7408
    0.0000   15.0000   22.5000 2800.8513   26.6492
    7.5000   15.0000   22.5000 2666.9182   25.6015
   -7.5000   22.5000   22.5000 2535.3809   23.2222
    0.0000   22.5000   22.5000 2642.1101   24.0184
    7.5000   22.5000   22.5000 2558.6597   23.4494
   -7.5000   30.0000   22.5000 2534.0017   22.7476
    0.0000   30.0000   22.5000 2560.2942   22.8295
    7.5000   30.0000   22.5000 2532.1641   22.6421
   -7.5000   37.5000   22.5000 2504.5706   22.9024
    0.0000   37.5000   22.5000 2532.9495   22.8987
    7.5000   37.5000   22.5000 2512.1672   22.8187
   -7.5000   45.0000   22.5000 2423.2620   23.3982
    0.0000   45.0000   22.5000 2449.3333   23.3896
    7.5000   45.0000   22.5000 2433.3608   23.3521
   -7.5000  -45.0000   30.0000 2060.6433   53.5533
    0.0000  -45.0000   30.0000 2111.4250   54.7138
    7.5000  -45.0000   30.0000 2062.8999   52.8799
   -7.5000  -37.5000   30.0000 2167.5554   46.8205
    0.0000  -37.5000   30.0000 2224.5654   47.9841
    7.5000  -37.5000   30.0000 2165.4524   46.3460
   -7.5000  -30.0000   30.0000 2268.6382   41.4240
    0.0000  -30.0000   30.0000 2336.2212   42.7178
    7.5000  -30.0000   30.0000 2275.9084   41.1844
   -7.5000  -22.5000   30.0000 2358.2158   37.2663
    0.0000  -22.5000   30.0000 2443.6963   38.6548
    7.5000  -22.5000   30.0000 2375.5085   37.1366
   -7.5000  -15.0000   30.0000 2431.7549   33.9109
    0.0000  -15.0000   30.0000 2541.3538   35.3111
    7.5000  -15.0000   30.0000 2464.0654   33.9147
   -7.5000   -7.5000   30.0000 2491.4797   31.0385
    0.0000   -7.5000   30.0000 2637.8286   32.4575
    7.5000   -7.5000   30.0000 2538.3071   31.2368
   -7.5000    0.0000   30.0000 2530.3752   28.7857
    0.0000    0.0000   30.0000 2710.7500   30.3676
    7.5000    0.0000   30.0000 2589.2034   29.1948
   -7.5000    7.5000   30.0000 2512.0444   26.4211
    0.0000    7.5000   30.0000 2728.8364   28.5524
    7.5000    7.5000   30.0000 2597.6895   27.3146
   -7.5000   15.0000   30.0000 2459.4526   24.0757
    0.0000   15.0000   30.0000 2587.1179   25.2321
    7.5000   15.0000   30.0000 2511.7429   24.6144
   -7.5000   22.5000   30.0000 2476.8369   22.8599
    0.0000   22.5000   30.0000 2479.2727   22.7199
    7.5000   22.5000   30.0000 2466.1025   22.6576
   -7.5000   30.0000   30.0000 2501.0059   22.5930
    0.0000   30.0000   30.0000 2505.0664   22.2471
    7.5000   30.0000   30.0000 2491.5571   22.2423
   -7.5000   37.5000   30.0000 2480.5693   22.9062
    0.0000   37.5000   30.0000 2498.8711   22.7290
    7.5000   37.5000   30.0000 2483.6138   22.6970
   -7.5000   45.0000   30.0000 2405.3267   23.6558
    0.0000   45.0000   30.0000 2430.5295   23.5254
    7.5000   45.0000   30.0000 2409.4680   23.4508
   -7.5000  -45.0000   37.5000 2001.3135   58.0937
    0.0000  -45.0000   37.5000 2044.6306   59.1475
    7.5000  -45.0000   37.5000 1989.6423   57.1982
   -7.5000  -37.5000   37.5000 2099.8752   50.0765
    0.0000  -37.5000   37.5000 2150.7373   51.0819
    7.5000  -37.5000   37.5000 2088.1736   49.4130
   -7.5000  -30.0000   37.5000 2187.3071   43.4963
    0.0000  -30.0000   37.5000 2255.8523   44.7031
    7.5000  -30.0000   37.5000 2194.2639   43.1175
   -7.5000  -22.5000   37.5000 2276.0115   38.6314
    0.0000  -22.5000   37.5000 2360.2783   39.8468
    7.5000  -22.5000   37.5000 2288.9656   38.3316
   -7.5000  -15.0000   37.5000 2340.6555   34.6902
    0.0000  -15.0000   37.5000 2452.3508   35.9600
    7.5000  -15.0000   37.5000 2362.2935   34.5127
   -7.5000   -7.5000   37.5000 2387.7898   31.4643
    0.0000   -7.5000   37.5000 2515.6226   32.7753
    7.5000   -7.5000   37.5000 2424.8613   31.5491
   -7.5000    0.0000   37.5000 2407.4429   28.6453
    0.0000    0.0000   37.5000 2550.2185   30.1126
    7.5000    0.0000   37.5000 2460.3892   28.9977
   -7.5000    7.5000   37.5000 2392.4502   26.1070
    0.0000    7.5000   37.5000 2510.4922   27.5383
    7.5000    7.5000   37.5000 2458.5603   26.7335
   -7.5000   15.0000   37.5000 2412.6230   24.1072
    0.0000   15.0000   37.5000 2407.4956   24.1387
    7.5000   15.0000   37.5000 2415.5896   24.1316
   -7.5000   22.5000   37.5000 2458.2102   23.0377
    0.0000   22.5000   37.5000 2446.3625   22.5167
    7.5000   22.5000   37.5000 2433.7595   22.7006
   -7.5000   30.0000   37.5000 2496.1782   22.8834
    0.0000   30.0000   37.5000 2509.0896   22.5462
    7.5000   30.0000   37.5000 2490.5259   22.5950
   -7.5000   37.5000   37.5000 2474.2085   23.2697
    0.0000   37.5000   37.5000 2496.1794   23.0286
    7.5000   37.5000   37.5000 2473.3530   23.0285
   -7.5000   45.0000   37.5000 2396.1238   24.0090
    0.0000   45.0000   37.5000 2415.9900   23.7780
    7.5000   45.0000   37.5000 2393.4150   23.6997
   -7.5000  -45.0000   45.0000 1895.3790   61.7366
    0.0000  -45.0000   45.0000 1941.5862   62.8260
    7.5000  -45.0000   45.0000 1875.3937   60.3076
   -7.5000  -37.5000   45.0000 1996.2034   52.5454
    0.0000  -37.5000   45.0000 2055.3298   53.5977
    7.5000  -37.5000   45.0000 1977.2112   51.4485
   -7.5000  -30.0000   45.0000 2078.1108   45.1372
    0.0000  -30.0000   45.0000 2154.8894   46.3405
    7.5000  -30.0000   45.0000 2076.5186   44.4775
   -7.5000  -22.5000   45.0000 2160.4507   39.5558
    0.0000  -22.5000   45.0000 2250.7205   40.7797
    7.5000  -22.5000   45.0000 2172.3484   39.1772
   -7.5000  -15.0000   45.0000 2220.5374   35.2015
    0.0000  -15.0000   45.0000 2321.0396   36.3283
    7.5000  -15.0000   45.0000 2249.3503   35.0683
   -7.5000   -7.5000   45.0000 2261.1418   31.5816
    0.0000   -7.5000   45.0000 2362.3872   32.6902
    7.5000   -7.5000   45.0000 2299.9858   31.7042
   -7.5000    0.0000   45.0000 2283.3804   28.5070
    0.0000    0.0000   45.0000 2354.1370   29.5000
    7.5000    0.0000   45.0000 2333.9058   28.9057
   -7.5000    7.5000   45.0000 2318.7522   26.1501
    0.0000    7.5000   45.0000 2340.7939   26.5537
    7.5000    7.5000   45.0000 2351.5056   26.3946
   -7.5000   15.0000   45.0000 2359.2043   24.4085
    0.0000   15.0000   45.0000 2342.4832   23.9855
    7.5000   15.0000   45.0000 2342.9150   24.1743
   -7.5000   22.5000   45.0000 2414.6865   23.4982
    0.0000   22.5000   45.0000 2414.6130   22.9567
    7.5000   22.5000   45.0000 2401.5942   23.1212
   -7.5000   30.0000   45.0000 2449.9170   23.4592
    0.0000   30.0000   45.0000 2468.9412   23.0738
    7.5000   30.0000   45.0000 2450.2678   23.1006
   -7.5000   37.5000   45.0000 2434.1128   23.8179
    0.0000   37.5000   45.0000 2452.6526   23.5375
    7.5000   37.5000   45.0000 2432.8491   23.4997
   -7.5000   45.0000   45.0000 2367.5095   24.4625
    0.0000   45.0000   45.0000 2376.1501   24.1348
    7.5000   45.0000   45.0000 2353.8826   24.1142

---------------------------------------------------------------------
imgreg_4dfp /opt/freesurfer/average/711-2C_as_mni_average_305 /opt/freesurfer/average/711-2B_as_mni_average_305_mask talsrcimg_g11 none talsrcimg_to_711-2C_as_mni_average_305_t4 1283
---------------------------------------------------------------------

freesurfer imgreg_4dfp.c
/opt/freesurfer/average/711-2C_as_mni_average_305.4dfp.img
       256       256       256         1
  1.000000  1.000000  1.000000
orientation T byte_order littleendian
Reading image: /opt/freesurfer/average/711-2C_as_mni_average_305.4dfp.img
dimensions:      256       256       256
mmppix:       1.0000   -1.0000   -1.0000
center:     128.0000 -129.0000 -129.0000
/opt/freesurfer/average/711-2B_as_mni_average_305_mask.4dfp.img
       256       256       256         1
  1.000000  1.000000  1.000000
orientation T byte_order littleendian
Reading mask: /opt/freesurfer/average/711-2B_as_mni_average_305_mask.4dfp.img (2306576 pixels)
talsrcimg_g11.4dfp.img
       320       320       320         1
  0.700000  0.700000  0.700000
orientation T byte_order littleendian
Reading image: talsrcimg_g11.4dfp.img
dimensions:      320       320       320
mmppix:       0.7000   -0.7000   -0.7000
center:     112.0000 -112.7000 -112.7000
rotation matrix determinant  1.000000
fimgreg.f
image alignment mode   1283 decimal      503 hex
parameters
    0.0000    7.5000   15.0000    0.0000    0.0000    0.0000
eta,q 0.91045 28.97646
niter,ni,del,rscale     5    3   12.0000    1.2000
parameter  4  1.250320 ->  0.500000 qaram    1.1500
parameters
    1.5396   10.0322   17.1168   -3.4500    0.4759   -0.7789
eta,q 0.91706 28.82204
  0.1569  0.1110  0.1249  0.0788  0.0988  0.0851
  0.1297  0.1039  0.1099  0.0825  0.0905  0.0842
  0.1062  0.0959  0.0939  0.0846  0.0861  0.0832
  0.0917  0.0883  0.0849  0.0844  0.0834  0.0829
  0.0886  0.0848  0.0844  0.0857  0.0836  0.0839
  0.0970  0.0867  0.0868  0.0899  0.0890  0.0852
  0.1149  0.0922  0.0929  0.0964  0.0942  0.0865
niter,ni,del,rscale     5    3   12.0000    1.2000
parameter  4-19.281065 ->  0.500000 qaram    1.3225
parameters
    1.3379   12.2187   17.3081   -7.4175    1.2413   -1.5376
eta,q 0.92973 28.77988
  0.1254  0.0980  0.0995  0.0680  0.0887  0.0753
  0.1027  0.0904  0.0859  0.0701  0.0819  0.0727
  0.0879  0.0860  0.0807  0.0737  0.0756  0.0708
  0.0829  0.0829  0.0794  0.0794  0.0709  0.0704
  0.0901  0.0796  0.0801  0.0860  0.0714  0.0722
  0.1069  0.0800  0.0854  0.0875  0.0766  0.0750
  0.1312  0.0854  0.0962  0.0908  0.0825  0.0781
niter,ni,del,rscale     5    3   12.0000    1.2000
parameter  4  1.428727 ->  0.500000 qaram    1.5209
parameters
    1.1195   12.9140   16.5435  -11.9801    1.7163   -2.7847
eta,q 0.93593 28.99964
  0.1196  0.0916  0.0827  0.0609  0.0825  0.0681
  0.0924  0.0831  0.0728  0.0632  0.0732  0.0651
  0.0758  0.0754  0.0696  0.0664  0.0665  0.0640
  0.0703  0.0702  0.0695  0.0692  0.0641  0.0645
  0.0781  0.0700  0.0723  0.0749  0.0674  0.0663
  0.0982  0.0753  0.0792  0.0836  0.0714  0.0690
  0.1269  0.0856  0.0919  0.0885  0.0763  0.0714
niter,ni,del,rscale     5    3   12.0000    1.2000
parameter  4  0.947374 ->  0.500000 qaram    1.7490
parameters
    0.8630   13.8257   15.6092  -17.2272    1.8550   -2.4239
eta,q 0.94253 29.33431
  0.1100  0.0862  0.0746  0.0576  0.0761  0.0624
  0.0843  0.0755  0.0674  0.0571  0.0650  0.0599
  0.0695  0.0681  0.0647  0.0589  0.0587  0.0583
  0.0641  0.0642  0.0635  0.0639  0.0575  0.0575
  0.0706  0.0637  0.0653  0.0683  0.0594  0.0575
  0.0903  0.0670  0.0735  0.0725  0.0646  0.0589
  0.1190  0.0768  0.0877  0.0818  0.0737  0.0616
niter,ni,del,rscale     5    3   12.0000    1.2000
parameters
    0.9037   15.3251   14.2324  -21.0230    1.8792   -1.7448
eta,q 0.95002 29.53270
  0.1112  0.0844  0.0659  0.0594  0.0674  0.0573
  0.0818  0.0730  0.0560  0.0521  0.0575  0.0543
  0.0641  0.0640  0.0531  0.0503  0.0518  0.0517
  0.0575  0.0574  0.0547  0.0532  0.0502  0.0502
  0.0622  0.0543  0.0600  0.0604  0.0527  0.0500
  0.0804  0.0573  0.0697  0.0695  0.0581  0.0518
  0.1105  0.0683  0.0833  0.0745  0.0662  0.0553
niter,ni,del,rscale     4    3   12.0000    1.2000
parameters
    1.0204   16.3039   13.7987  -22.2319    1.8322   -1.8772
eta,q 0.95331 29.56148
  0.1071  0.0817  0.0686  0.0622  0.0652  0.0534
  0.0760  0.0692  0.0537  0.0557  0.0549  0.0498
  0.0575  0.0573  0.0484  0.0476  0.0487  0.0474
  0.0500  0.0498  0.0481  0.0479  0.0467  0.0467
  0.0538  0.0478  0.0520  0.0521  0.0491  0.0474
  0.0729  0.0541  0.0605  0.0609  0.0561  0.0500
  0.1036  0.0690  0.0733  0.0705  0.0652  0.0543
niter,ni,del,rscale     3    3   12.0000    1.2000
parameters
    1.1193   16.5678   13.5889  -22.7386    1.8255   -1.9360
eta,q 0.95445 29.58936
  0.1069  0.0767  0.0705  0.0631  0.0649  0.0531
  0.0747  0.0648  0.0538  0.0569  0.0546  0.0492
  0.0547  0.0537  0.0469  0.0488  0.0479  0.0464
  0.0467  0.0466  0.0461  0.0460  0.0456  0.0456
  0.0512  0.0469  0.0501  0.0502  0.0479  0.0464
  0.0716  0.0578  0.0588  0.0575  0.0551  0.0492
  0.1041  0.0756  0.0716  0.0678  0.0647  0.0536
niter,ni,del,rscale     2    3   12.0000    1.2000
parameters
    1.1461   16.6952   13.4968  -22.9521    1.8383   -1.9583
eta,q 0.95488 29.59675
  0.1055  0.0756  0.0716  0.0636  0.0647  0.0530
  0.0734  0.0641  0.0541  0.0574  0.0544  0.0491
  0.0534  0.0528  0.0465  0.0494  0.0476  0.0461
  0.0456  0.0455  0.0453  0.0452  0.0451  0.0451
  0.0509  0.0467  0.0492  0.0496  0.0474  0.0460
  0.0723  0.0587  0.0579  0.0562  0.0547  0.0488
  0.1054  0.0772  0.0707  0.0666  0.0644  0.0533
niter,ni,del,rscale     1    3   12.0000    1.2000
parameters
    1.1524   16.7525   13.4561  -23.0420    1.8504   -1.9704
eta,q 0.95505 29.59914
  0.1051  0.0751  0.0722  0.0638  0.0646  0.0529
  0.0730  0.0637  0.0543  0.0575  0.0543  0.0490
  0.0529  0.0524  0.0464  0.0497  0.0475  0.0460
  0.0451  0.0451  0.0450  0.0450  0.0450  0.0450
  0.0508  0.0467  0.0488  0.0494  0.0472  0.0458
  0.0725  0.0593  0.0576  0.0558  0.0545  0.0487
  0.1058  0.0781  0.0703  0.0660  0.0642  0.0532
registration optimization eta report
parameter search radius
    6.0000    6.0000    6.0000   10.4940    6.0000    6.0000
100000*second partial in parameter space
      168.       86.       73.       17.       54.       23.
  0.1051  0.0751  0.0722  0.0638  0.0646  0.0529
  0.0730  0.0637  0.0543  0.0575  0.0543  0.0490
  0.0529  0.0524  0.0464  0.0497  0.0475  0.0460
  0.0451  0.0451  0.0450  0.0450  0.0450  0.0450
  0.0508  0.0467  0.0488  0.0494  0.0472  0.0458
  0.0725  0.0593  0.0576  0.0558  0.0545  0.0487
  0.1058  0.0781  0.0703  0.0660  0.0642  0.0532
    1.1524   16.7525   13.4561  -23.0420    1.8504   -1.9704
eta,q 0.95505 29.59914

---------------------------------------------------------------------
imgreg_4dfp /opt/freesurfer/average/711-2C_as_mni_average_305 /opt/freesurfer/average/711-2B_as_mni_average_305_mask talsrcimg_g11 none talsrcimg_to_711-2C_as_mni_average_305_t4 3335
---------------------------------------------------------------------

freesurfer imgreg_4dfp.c
/opt/freesurfer/average/711-2C_as_mni_average_305.4dfp.img
       256       256       256         1
  1.000000  1.000000  1.000000
orientation T byte_order littleendian
Reading image: /opt/freesurfer/average/711-2C_as_mni_average_305.4dfp.img
dimensions:      256       256       256
mmppix:       1.0000   -1.0000   -1.0000
center:     128.0000 -129.0000 -129.0000
/opt/freesurfer/average/711-2B_as_mni_average_305_mask.4dfp.img
       256       256       256         1
  1.000000  1.000000  1.000000
orientation T byte_order littleendian
Reading mask: /opt/freesurfer/average/711-2B_as_mni_average_305_mask.4dfp.img (2306576 pixels)
talsrcimg_g11.4dfp.img
       320       320       320         1
  0.700000  0.700000  0.700000
orientation T byte_order littleendian
Reading image: talsrcimg_g11.4dfp.img
dimensions:      320       320       320
mmppix:       0.7000   -0.7000   -0.7000
center:     112.0000 -112.7000 -112.7000
fimgreg.f
image alignment mode   3335 decimal      D07 hex
parameters
    1.1524   16.7525   13.4561   -0.1112   -8.0760   -8.0261
    4.4271   -1.6239   -3.4365   39.2195    3.2291  -39.1201
eta,q 0.94941 29.54405
niter,ni,del,rscale     5    3    5.0000    1.2000
parameter  4  0.540786 ->  0.500000 qaram    1.1500
parameter  5  0.775382 ->  0.500000 qaram    1.1500
parameters
    1.0788   17.8475   12.5690   -4.2512  -12.2160  -10.0622
    6.2496   -1.2157   -1.5872   39.3537    3.3729  -36.4037
eta,q 0.96015 29.37577
  0.0583  0.0588  0.0504  0.0453  0.0386  0.0438  0.0443  0.0469  0.0432  0.0444  0.0412  0.0430
  0.0539  0.0554  0.0492  0.0451  0.0393  0.0420  0.0425  0.0428  0.0417  0.0423  0.0405  0.0413
  0.0513  0.0526  0.0490  0.0458  0.0411  0.0405  0.0411  0.0409  0.0407  0.0406  0.0401  0.0403
  0.0506  0.0506  0.0495  0.0490  0.0452  0.0396  0.0403  0.0401  0.0401  0.0399  0.0399  0.0399
  0.0516  0.0496  0.0507  0.0572  0.0522  0.0406  0.0401  0.0404  0.0399  0.0402  0.0400  0.0398
  0.0545  0.0497  0.0527  0.0728  0.0625  0.0496  0.0405  0.0418  0.0403  0.0415  0.0404  0.0399
  0.0594  0.0511  0.0554  0.0964  0.0751  0.0728  0.0417  0.0455  0.0411  0.0445  0.0412  0.0402
niter,ni,del,rscale     6    3    5.0000    1.2000
parameter  2 -1.219005 -> -0.500000 qaram    1.1500
parameter 11 -0.553913 -> -0.500000 qaram    1.1500
parameters
    1.1619   19.2275   11.5198   -6.0898  -15.9965  -10.5114
    5.9551   -1.2723   -1.8301   39.8308    7.5129  -39.9878
eta,q 0.96369 29.03446
  0.0433  0.0485  0.0371  0.0401  0.0371  0.0417  0.0384  0.0409  0.0383  0.0406  0.0374  0.0366
  0.0414  0.0452  0.0368  0.0390  0.0366  0.0401  0.0376  0.0387  0.0375  0.0391  0.0372  0.0363
  0.0403  0.0423  0.0367  0.0377  0.0366  0.0382  0.0370  0.0374  0.0370  0.0377  0.0369  0.0364
  0.0399  0.0398  0.0370  0.0367  0.0373  0.0365  0.0368  0.0368  0.0368  0.0368  0.0367  0.0365
  0.0402  0.0379  0.0375  0.0369  0.0406  0.0354  0.0371  0.0371  0.0370  0.0368  0.0366  0.0368
  0.0411  0.0367  0.0384  0.0410  0.0486  0.0368  0.0377  0.0384  0.0376  0.0378  0.0365  0.0370
  0.0429  0.0363  0.0398  0.0536  0.0609  0.0483  0.0387  0.0414  0.0385  0.0403  0.0367  0.0373
niter,ni,del,rscale     7    3    5.0000    1.2000
parameter  2 -0.723072 -> -0.500000 qaram    1.3225
parameters
    1.0432   20.8145   11.4937   -6.5817  -18.9881  -10.9983
    6.3381   -1.9798   -2.5798   41.7199    7.7903  -40.9343
eta,q 0.96527 28.80001
  0.0389  0.0438  0.0360  0.0386  0.0361  0.0404  0.0371  0.0381  0.0365  0.0391  0.0355  0.0353
  0.0374  0.0407  0.0352  0.0374  0.0354  0.0388  0.0362  0.0368  0.0358  0.0376  0.0353  0.0348
  0.0365  0.0382  0.0348  0.0360  0.0349  0.0368  0.0356  0.0358  0.0354  0.0364  0.0350  0.0347
  0.0363  0.0363  0.0346  0.0346  0.0349  0.0349  0.0353  0.0353  0.0353  0.0353  0.0348  0.0348
  0.0367  0.0351  0.0348  0.0339  0.0367  0.0336  0.0354  0.0356  0.0356  0.0347  0.0347  0.0350
  0.0378  0.0346  0.0353  0.0354  0.0424  0.0354  0.0359  0.0371  0.0362  0.0351  0.0349  0.0352
  0.0394  0.0350  0.0361  0.0429  0.0531  0.0477  0.0368  0.0406  0.0370  0.0369  0.0357  0.0355
niter,ni,del,rscale     7    3    5.0000    1.2000
parameters
    1.0327   21.8208   10.9872   -5.4817  -21.3114  -11.8394
    6.6788   -2.3994   -3.7069   42.5646    8.0042  -41.0082
eta,q 0.96549 28.61567
  0.0371  0.0405  0.0350  0.0386  0.0357  0.0394  0.0363  0.0377  0.0356  0.0377  0.0352  0.0350
  0.0358  0.0378  0.0346  0.0374  0.0349  0.0378  0.0355  0.0362  0.0350  0.0364  0.0350  0.0346
  0.0350  0.0359  0.0344  0.0360  0.0342  0.0359  0.0349  0.0353  0.0348  0.0354  0.0347  0.0345
  0.0347  0.0347  0.0344  0.0344  0.0338  0.0341  0.0347  0.0347  0.0347  0.0347  0.0345  0.0345
  0.0350  0.0344  0.0347  0.0330  0.0344  0.0330  0.0348  0.0348  0.0350  0.0343  0.0344  0.0346
  0.0358  0.0348  0.0352  0.0333  0.0381  0.0356  0.0353  0.0361  0.0355  0.0348  0.0346  0.0347
  0.0372  0.0360  0.0361  0.0386  0.0469  0.0500  0.0360  0.0394  0.0363  0.0371  0.0354  0.0349
niter,ni,del,rscale     6    3    5.0000    1.2000
parameters
    0.9655   22.5165   10.2888   -5.4751  -23.0040  -12.5798
    7.1183   -2.1588   -4.0814   43.8798    8.7396  -40.0766
eta,q 0.96530 28.39708
  0.0367  0.0383  0.0347  0.0386  0.0363  0.0392  0.0365  0.0381  0.0360  0.0378  0.0353  0.0351
  0.0354  0.0364  0.0344  0.0374  0.0355  0.0379  0.0358  0.0366  0.0355  0.0367  0.0351  0.0348
  0.0347  0.0351  0.0343  0.0360  0.0348  0.0363  0.0353  0.0357  0.0351  0.0358  0.0349  0.0347
  0.0345  0.0345  0.0344  0.0343  0.0343  0.0346  0.0351  0.0351  0.0350  0.0350  0.0347  0.0347
  0.0348  0.0344  0.0346  0.0331  0.0344  0.0334  0.0352  0.0350  0.0352  0.0346  0.0346  0.0347
  0.0356  0.0348  0.0351  0.0341  0.0364  0.0351  0.0356  0.0358  0.0356  0.0348  0.0347  0.0348
  0.0369  0.0360  0.0358  0.0417  0.0428  0.0482  0.0362  0.0382  0.0362  0.0368  0.0354  0.0349
niter,ni,del,rscale     5    3    5.0000    1.2000
parameter 12 -0.715574 -> -0.500000 qaram    1.1500
parameters
    0.8573   23.0350    9.4660   -5.5323  -24.1453  -13.6229
    7.4822   -2.3479   -3.7980   45.1621    9.2178  -35.9366
eta,q 0.96504 28.05424
  0.0366  0.0379  0.0348  0.0387  0.0366  0.0387  0.0367  0.0378  0.0365  0.0382  0.0354  0.0355
  0.0355  0.0363  0.0346  0.0376  0.0358  0.0376  0.0361  0.0367  0.0359  0.0371  0.0353  0.0352
  0.0349  0.0352  0.0346  0.0362  0.0351  0.0363  0.0356  0.0359  0.0356  0.0362  0.0352  0.0351
  0.0347  0.0347  0.0346  0.0346  0.0346  0.0348  0.0354  0.0354  0.0354  0.0354  0.0351  0.0351
  0.0350  0.0347  0.0348  0.0333  0.0345  0.0338  0.0355  0.0353  0.0355  0.0349  0.0349  0.0350
  0.0357  0.0352  0.0352  0.0343  0.0356  0.0361  0.0359  0.0361  0.0358  0.0351  0.0350  0.0349
  0.0369  0.0363  0.0359  0.0421  0.0405  0.0492  0.0365  0.0389  0.0363  0.0373  0.0355  0.0350
niter,ni,del,rscale     5    3    5.0000    1.2000
parameter 12 -0.534586 -> -0.500000 qaram    1.3225
parameters
    0.7153   23.3276    8.4208   -5.5155  -24.9604  -14.9140
    7.8097   -2.5958   -3.2538   45.8068    8.3013  -31.1756
eta,q 0.96480 27.69821
  0.0365  0.0382  0.0350  0.0386  0.0367  0.0378  0.0367  0.0379  0.0367  0.0384  0.0355  0.0358
  0.0356  0.0365  0.0348  0.0376  0.0359  0.0370  0.0361  0.0367  0.0361  0.0374  0.0354  0.0356
  0.0351  0.0354  0.0348  0.0363  0.0353  0.0360  0.0356  0.0360  0.0357  0.0364  0.0353  0.0354
  0.0350  0.0350  0.0349  0.0348  0.0348  0.0349  0.0355  0.0354  0.0355  0.0355  0.0353  0.0353
  0.0352  0.0350  0.0352  0.0336  0.0347  0.0344  0.0355  0.0354  0.0355  0.0349  0.0352  0.0352
  0.0359  0.0357  0.0356  0.0344  0.0356  0.0367  0.0359  0.0362  0.0359  0.0355  0.0353  0.0352
  0.0369  0.0373  0.0362  0.0415  0.0391  0.0474  0.0365  0.0391  0.0365  0.0384  0.0358  0.0353
niter,ni,del,rscale     5    3    5.0000    1.2000
parameters
    0.5765   23.5472    7.8604   -5.2256  -25.6406  -16.0732
    7.7350   -2.5691   -3.4883   45.9207    7.3472  -29.8712
eta,q 0.96461 27.56666
  0.0366  0.0385  0.0355  0.0386  0.0369  0.0372  0.0366  0.0381  0.0366  0.0384  0.0356  0.0359
  0.0357  0.0367  0.0352  0.0376  0.0361  0.0366  0.0360  0.0368  0.0360  0.0373  0.0355  0.0357
  0.0353  0.0356  0.0351  0.0365  0.0354  0.0359  0.0356  0.0359  0.0356  0.0363  0.0354  0.0355
  0.0352  0.0352  0.0352  0.0351  0.0350  0.0351  0.0354  0.0354  0.0354  0.0354  0.0354  0.0354
  0.0355  0.0354  0.0353  0.0340  0.0350  0.0347  0.0356  0.0353  0.0356  0.0351  0.0354  0.0354
  0.0361  0.0362  0.0356  0.0345  0.0358  0.0361  0.0360  0.0361  0.0361  0.0359  0.0355  0.0355
  0.0369  0.0377  0.0360  0.0405  0.0388  0.0432  0.0366  0.0387  0.0367  0.0393  0.0358  0.0357
niter,ni,del,rscale     4    3    5.0000    1.2000
parameters
    0.5905   23.7726    7.3855   -4.8817  -25.7501  -16.6919
    7.7856   -2.4009   -3.6478   46.1533    6.4772  -29.6713
eta,q 0.96469 27.55954
  0.0370  0.0383  0.0356  0.0387  0.0372  0.0370  0.0366  0.0382  0.0365  0.0383  0.0355  0.0358
  0.0360  0.0367  0.0355  0.0378  0.0364  0.0365  0.0360  0.0367  0.0359  0.0373  0.0354  0.0356
  0.0355  0.0357  0.0354  0.0367  0.0357  0.0359  0.0355  0.0359  0.0355  0.0363  0.0353  0.0354
  0.0354  0.0354  0.0354  0.0354  0.0352  0.0352  0.0354  0.0354  0.0354  0.0354  0.0353  0.0353
  0.0356  0.0356  0.0355  0.0343  0.0351  0.0348  0.0355  0.0353  0.0355  0.0350  0.0353  0.0353
  0.0361  0.0362  0.0357  0.0347  0.0357  0.0354  0.0359  0.0360  0.0360  0.0358  0.0354  0.0355
  0.0368  0.0375  0.0360  0.0405  0.0381  0.0400  0.0366  0.0384  0.0366  0.0390  0.0357  0.0358
niter,ni,del,rscale     3    3    5.0000    1.2000
parameters
    0.6671   23.8945    7.1440   -4.8364  -25.9471  -16.8949
    7.8273   -2.1311   -3.6827   46.3674    6.2786  -29.7142
eta,q 0.96473 27.54536
  0.0370  0.0379  0.0356  0.0386  0.0372  0.0370  0.0366  0.0382  0.0365  0.0383  0.0355  0.0357
  0.0360  0.0364  0.0354  0.0377  0.0365  0.0365  0.0359  0.0366  0.0359  0.0373  0.0354  0.0355
  0.0355  0.0356  0.0353  0.0366  0.0358  0.0359  0.0355  0.0358  0.0355  0.0362  0.0353  0.0354
  0.0353  0.0353  0.0353  0.0353  0.0353  0.0353  0.0354  0.0354  0.0353  0.0353  0.0353  0.0353
  0.0355  0.0355  0.0354  0.0342  0.0352  0.0348  0.0355  0.0353  0.0355  0.0350  0.0353  0.0353
  0.0360  0.0362  0.0356  0.0349  0.0357  0.0352  0.0359  0.0359  0.0359  0.0358  0.0354  0.0355
  0.0367  0.0375  0.0358  0.0412  0.0383  0.0387  0.0365  0.0382  0.0365  0.0391  0.0356  0.0358
niter,ni,del,rscale     2    3    5.0000    1.2000
parameters
    0.7080   23.9763    7.0541   -4.8598  -26.1334  -17.0727
    7.7066   -2.0366   -3.6825   46.5519    6.3762  -29.4890
eta,q 0.96471 27.52106
  0.0369  0.0377  0.0357  0.0386  0.0372  0.0370  0.0365  0.0381  0.0365  0.0383  0.0356  0.0358
  0.0359  0.0363  0.0354  0.0377  0.0365  0.0365  0.0359  0.0366  0.0359  0.0373  0.0354  0.0356
  0.0354  0.0355  0.0353  0.0366  0.0358  0.0359  0.0355  0.0358  0.0355  0.0363  0.0353  0.0354
  0.0353  0.0353  0.0353  0.0353  0.0353  0.0353  0.0354  0.0354  0.0353  0.0353  0.0353  0.0353
  0.0355  0.0355  0.0353  0.0342  0.0352  0.0348  0.0355  0.0353  0.0355  0.0350  0.0353  0.0353
  0.0359  0.0362  0.0355  0.0349  0.0357  0.0352  0.0359  0.0360  0.0359  0.0358  0.0354  0.0355
  0.0367  0.0375  0.0357  0.0413  0.0383  0.0386  0.0366  0.0383  0.0365  0.0391  0.0356  0.0358
niter,ni,del,rscale     1    3    5.0000    1.2000
parameters
    0.7263   24.0205    7.0125   -4.8647  -26.2952  -17.2527
    7.5766   -2.0040   -3.6810   46.6579    6.4685  -29.1481
eta,q 0.96468 27.49460
  0.0368  0.0377  0.0357  0.0386  0.0372  0.0369  0.0365  0.0380  0.0365  0.0383  0.0356  0.0358
  0.0359  0.0363  0.0355  0.0377  0.0365  0.0365  0.0359  0.0365  0.0359  0.0373  0.0355  0.0356
  0.0354  0.0355  0.0353  0.0366  0.0358  0.0359  0.0355  0.0358  0.0355  0.0363  0.0354  0.0354
  0.0353  0.0353  0.0353  0.0353  0.0353  0.0353  0.0354  0.0354  0.0354  0.0354  0.0353  0.0353
  0.0355  0.0355  0.0353  0.0342  0.0352  0.0348  0.0355  0.0353  0.0355  0.0350  0.0353  0.0354
  0.0360  0.0362  0.0355  0.0349  0.0357  0.0352  0.0360  0.0360  0.0359  0.0359  0.0354  0.0355
  0.0367  0.0375  0.0357  0.0412  0.0382  0.0385  0.0366  0.0384  0.0365  0.0393  0.0356  0.0358
registration optimization eta report
parameter search radius
    2.4000    3.1740    2.4000    8.2800    8.2800    7.2000
    7.2000    7.2000    7.2000    7.2000    8.2800    9.5220
100000*second partial in parameter space
       26.       23.        7.        7.        4.        5.
        2.        6.        2.        7.        0.        1.
  0.0368  0.0377  0.0357  0.0386  0.0372  0.0369  0.0365  0.0380  0.0365  0.0383  0.0356  0.0358
  0.0359  0.0363  0.0355  0.0377  0.0365  0.0365  0.0359  0.0365  0.0359  0.0373  0.0355  0.0356
  0.0354  0.0355  0.0353  0.0366  0.0358  0.0359  0.0355  0.0358  0.0355  0.0363  0.0354  0.0354
  0.0353  0.0353  0.0353  0.0353  0.0353  0.0353  0.0354  0.0354  0.0354  0.0354  0.0353  0.0353
  0.0355  0.0355  0.0353  0.0342  0.0352  0.0348  0.0355  0.0353  0.0355  0.0350  0.0353  0.0354
  0.0360  0.0362  0.0355  0.0349  0.0357  0.0352  0.0360  0.0360  0.0359  0.0359  0.0354  0.0355
  0.0367  0.0375  0.0357  0.0412  0.0382  0.0385  0.0366  0.0384  0.0365  0.0393  0.0356  0.0358
    0.7263   24.0205    7.0125   -4.8647  -26.2952  -17.2527
    7.5766   -2.0040   -3.6810   46.6579    6.4685  -29.1481
eta,q 0.96468 27.49460

---------------------------------------------------------------------
imgreg_4dfp /opt/freesurfer/average/711-2C_as_mni_average_305 /opt/freesurfer/average/711-2B_as_mni_average_305_mask talsrcimg_g11 none talsrcimg_to_711-2C_as_mni_average_305_t4 2311
---------------------------------------------------------------------

freesurfer imgreg_4dfp.c
/opt/freesurfer/average/711-2C_as_mni_average_305.4dfp.img
       256       256       256         1
  1.000000  1.000000  1.000000
orientation T byte_order littleendian
Reading image: /opt/freesurfer/average/711-2C_as_mni_average_305.4dfp.img
dimensions:      256       256       256
mmppix:       1.0000   -1.0000   -1.0000
center:     128.0000 -129.0000 -129.0000
/opt/freesurfer/average/711-2B_as_mni_average_305_mask.4dfp.img
       256       256       256         1
  1.000000  1.000000  1.000000
orientation T byte_order littleendian
Reading mask: /opt/freesurfer/average/711-2B_as_mni_average_305_mask.4dfp.img (2306576 pixels)
talsrcimg_g11.4dfp.img
       320       320       320         1
  0.700000  0.700000  0.700000
orientation T byte_order littleendian
Reading image: talsrcimg_g11.4dfp.img
dimensions:      320       320       320
mmppix:       0.7000   -0.7000   -0.7000
center:     112.0000 -112.7000 -112.7000
fimgreg.f
image alignment mode   2311 decimal      907 hex
parameters
    0.7263   24.0205    7.0125   -4.8647  -26.2952  -17.2527
    7.5766   -2.0040   -3.6810   46.6579    6.4685  -29.1481
eta,q 0.96468 27.49460
niter,ni,del,rscale     5    3    5.0000    0.8000
parameter  4 -1.291299 -> -0.500000 qaram    1.1500
parameter 12  0.678570 ->  0.500000 qaram    1.1500
parameters
    0.6600   24.0070    7.0132   -2.1047  -25.0556  -16.7403
    6.9208   -2.4637   -3.1738   46.3461    5.4526  -31.9081
eta,q 0.96591 27.89669
  0.0359  0.0359  0.0355  0.0374  0.0352  0.0354  0.0347  0.0361  0.0351  0.0357  0.0344  0.0341
  0.0356  0.0356  0.0354  0.0367  0.0349  0.0350  0.0344  0.0350  0.0346  0.0351  0.0342  0.0341
  0.0354  0.0354  0.0353  0.0360  0.0345  0.0346  0.0342  0.0343  0.0343  0.0345  0.0342  0.0341
  0.0353  0.0353  0.0353  0.0353  0.0343  0.0342  0.0341  0.0341  0.0341  0.0341  0.0342  0.0342
  0.0354  0.0354  0.0353  0.0346  0.0342  0.0340  0.0343  0.0343  0.0342  0.0342  0.0343  0.0343
  0.0357  0.0356  0.0354  0.0342  0.0343  0.0342  0.0346  0.0353  0.0344  0.0349  0.0344  0.0344
  0.0360  0.0359  0.0355  0.0345  0.0347  0.0353  0.0352  0.0374  0.0347  0.0368  0.0347  0.0346
niter,ni,del,rscale     6    3    5.0000    0.9000
parameter 12  0.570451 ->  0.500000 qaram    1.3225
parameters
    1.0742   23.9206    6.8337   -3.1306  -24.3381  -15.5627
    7.5205   -1.8891   -3.2794   45.9164    5.2055  -35.4788
eta,q 0.96591 28.08762
  0.0362  0.0347  0.0343  0.0369  0.0356  0.0360  0.0351  0.0377  0.0349  0.0360  0.0344  0.0341
  0.0351  0.0343  0.0341  0.0360  0.0351  0.0355  0.0346  0.0356  0.0344  0.0352  0.0343  0.0341
  0.0344  0.0341  0.0340  0.0349  0.0347  0.0349  0.0343  0.0346  0.0341  0.0345  0.0342  0.0341
  0.0341  0.0340  0.0340  0.0340  0.0345  0.0344  0.0341  0.0341  0.0341  0.0340  0.0341  0.0341
  0.0341  0.0341  0.0341  0.0339  0.0344  0.0340  0.0341  0.0341  0.0342  0.0341  0.0341  0.0342
  0.0343  0.0344  0.0342  0.0364  0.0346  0.0341  0.0343  0.0347  0.0345  0.0351  0.0343  0.0344
  0.0348  0.0349  0.0344  0.0435  0.0353  0.0354  0.0348  0.0365  0.0350  0.0375  0.0345  0.0346
niter,ni,del,rscale     6    3    5.0000    0.9000
parameters
    1.0579   23.9521    7.0255   -3.4136  -23.9529  -14.7862
    7.7091   -1.8386   -3.3511   45.8448    5.5205  -38.4103
eta,q 0.96612 28.27307
  0.0352  0.0348  0.0344  0.0372  0.0353  0.0362  0.0348  0.0370  0.0347  0.0359  0.0343  0.0340
  0.0345  0.0344  0.0342  0.0363  0.0349  0.0355  0.0343  0.0351  0.0343  0.0352  0.0341  0.0339
  0.0342  0.0342  0.0341  0.0352  0.0345  0.0349  0.0340  0.0342  0.0340  0.0344  0.0340  0.0339
  0.0341  0.0341  0.0341  0.0341  0.0342  0.0342  0.0339  0.0339  0.0339  0.0339  0.0339  0.0339
  0.0342  0.0342  0.0341  0.0334  0.0341  0.0337  0.0340  0.0341  0.0340  0.0339  0.0340  0.0340
  0.0346  0.0344  0.0341  0.0347  0.0343  0.0338  0.0342  0.0349  0.0343  0.0346  0.0340  0.0341
  0.0352  0.0348  0.0343  0.0402  0.0353  0.0360  0.0347  0.0370  0.0348  0.0367  0.0342  0.0344
niter,ni,del,rscale     5    3    5.0000    0.8000
parameters
    1.0704   24.0124    7.0961   -3.0934  -23.8316  -14.5070
    7.6676   -1.8939   -3.3783   46.2191    5.4943  -38.6295
eta,q 0.96648 28.33558
  0.0348  0.0345  0.0341  0.0369  0.0347  0.0358  0.0343  0.0363  0.0342  0.0353  0.0339  0.0339
  0.0342  0.0342  0.0340  0.0360  0.0343  0.0351  0.0339  0.0346  0.0339  0.0347  0.0337  0.0336
  0.0340  0.0339  0.0339  0.0349  0.0340  0.0344  0.0337  0.0338  0.0337  0.0341  0.0336  0.0335
  0.0339  0.0339  0.0339  0.0339  0.0337  0.0337  0.0336  0.0336  0.0336  0.0336  0.0335  0.0335
  0.0340  0.0339  0.0339  0.0332  0.0336  0.0332  0.0336  0.0338  0.0337  0.0334  0.0336  0.0336
  0.0343  0.0341  0.0340  0.0338  0.0339  0.0335  0.0339  0.0346  0.0339  0.0339  0.0337  0.0337
  0.0347  0.0344  0.0341  0.0376  0.0350  0.0364  0.0344  0.0365  0.0342  0.0352  0.0339  0.0339
niter,ni,del,rscale     4    3    5.0000    0.7000
parameters
    1.0989   24.0143    7.2851   -2.7793  -23.8460  -14.1991
    7.5319   -1.8355   -3.2934   46.1774    5.3503  -39.2931
eta,q 0.96675 28.38626
  0.0344  0.0340  0.0338  0.0362  0.0341  0.0352  0.0338  0.0357  0.0338  0.0346  0.0336  0.0335
  0.0339  0.0337  0.0337  0.0353  0.0338  0.0346  0.0335  0.0342  0.0335  0.0341  0.0334  0.0333
  0.0336  0.0336  0.0336  0.0344  0.0335  0.0339  0.0333  0.0335  0.0333  0.0336  0.0333  0.0332
  0.0335  0.0335  0.0335  0.0335  0.0334  0.0334  0.0333  0.0333  0.0333  0.0333  0.0333  0.0333
  0.0336  0.0336  0.0335  0.0330  0.0333  0.0330  0.0333  0.0334  0.0333  0.0332  0.0333  0.0334
  0.0338  0.0337  0.0336  0.0336  0.0336  0.0334  0.0335  0.0341  0.0335  0.0338  0.0334  0.0335
  0.0343  0.0340  0.0337  0.0366  0.0344  0.0354  0.0339  0.0356  0.0338  0.0351  0.0337  0.0336
niter,ni,del,rscale     3    3    5.0000    0.6000
parameters
    1.1381   23.9863    7.4586   -2.4529  -23.6349  -13.7857
    7.3038   -1.7827   -3.1770   46.0820    5.1741  -39.6020
eta,q 0.96703 28.43584
  0.0340  0.0336  0.0335  0.0356  0.0337  0.0347  0.0334  0.0351  0.0334  0.0341  0.0333  0.0333
  0.0336  0.0334  0.0334  0.0348  0.0335  0.0341  0.0332  0.0338  0.0332  0.0336  0.0331  0.0331
  0.0333  0.0333  0.0333  0.0340  0.0332  0.0336  0.0330  0.0332  0.0330  0.0332  0.0330  0.0330
  0.0332  0.0333  0.0332  0.0332  0.0331  0.0331  0.0330  0.0330  0.0330  0.0330  0.0330  0.0330
  0.0333  0.0333  0.0333  0.0329  0.0331  0.0328  0.0330  0.0332  0.0330  0.0330  0.0330  0.0331
  0.0335  0.0334  0.0333  0.0334  0.0332  0.0331  0.0332  0.0338  0.0332  0.0334  0.0332  0.0332
  0.0339  0.0337  0.0334  0.0357  0.0337  0.0345  0.0336  0.0350  0.0334  0.0345  0.0334  0.0333
niter,ni,del,rscale     2    3    5.0000    0.5000
parameters
    1.1818   23.9340    7.6894   -2.1980  -23.4708  -13.3528
    7.0674   -1.7286   -3.0696   45.9331    5.0216  -39.8799
eta,q 0.96723 28.47386
  0.0336  0.0332  0.0333  0.0349  0.0333  0.0342  0.0331  0.0344  0.0331  0.0336  0.0331  0.0330
  0.0332  0.0331  0.0331  0.0342  0.0331  0.0337  0.0329  0.0335  0.0329  0.0332  0.0329  0.0328
  0.0330  0.0330  0.0330  0.0335  0.0330  0.0332  0.0328  0.0329  0.0328  0.0329  0.0328  0.0328
  0.0330  0.0330  0.0330  0.0330  0.0329  0.0329  0.0328  0.0328  0.0328  0.0328  0.0328  0.0328
  0.0330  0.0330  0.0330  0.0328  0.0329  0.0327  0.0328  0.0329  0.0328  0.0328  0.0328  0.0328
  0.0332  0.0331  0.0330  0.0332  0.0330  0.0329  0.0330  0.0334  0.0329  0.0332  0.0329  0.0329
  0.0335  0.0333  0.0331  0.0348  0.0333  0.0339  0.0332  0.0343  0.0331  0.0339  0.0332  0.0331
niter,ni,del,rscale     1    3    5.0000    0.4000
parameters
    1.2140   23.8610    7.9322   -1.9830  -23.3029  -12.9413
    6.8450   -1.6948   -2.9475   45.7644    4.8495  -40.0838
eta,q 0.96738 28.50564
  0.0332  0.0329  0.0330  0.0342  0.0330  0.0337  0.0328  0.0338  0.0329  0.0332  0.0328  0.0328
  0.0330  0.0328  0.0329  0.0336  0.0329  0.0333  0.0327  0.0331  0.0327  0.0329  0.0327  0.0327
  0.0328  0.0328  0.0328  0.0331  0.0328  0.0329  0.0326  0.0327  0.0327  0.0327  0.0326  0.0326
  0.0328  0.0328  0.0328  0.0328  0.0327  0.0327  0.0326  0.0326  0.0326  0.0326  0.0326  0.0326
  0.0328  0.0328  0.0328  0.0327  0.0327  0.0326  0.0327  0.0327  0.0326  0.0327  0.0327  0.0327
  0.0329  0.0329  0.0328  0.0330  0.0328  0.0327  0.0328  0.0331  0.0327  0.0329  0.0328  0.0327
  0.0331  0.0330  0.0328  0.0340  0.0330  0.0333  0.0329  0.0337  0.0328  0.0334  0.0329  0.0328
registration optimization eta report
parameter search radius
    0.8000    0.8000    0.8000    2.7600    2.4000    2.4000
    2.4000    2.4000    2.4000    2.4000    2.4000    3.1740
100000*second partial in parameter space
       62.       32.       22.       18.        5.       14.
        5.       20.        4.       12.        4.        2.
  0.0332  0.0329  0.0330  0.0342  0.0330  0.0337  0.0328  0.0338  0.0329  0.0332  0.0328  0.0328
  0.0330  0.0328  0.0329  0.0336  0.0329  0.0333  0.0327  0.0331  0.0327  0.0329  0.0327  0.0327
  0.0328  0.0328  0.0328  0.0331  0.0328  0.0329  0.0326  0.0327  0.0327  0.0327  0.0326  0.0326
  0.0328  0.0328  0.0328  0.0328  0.0327  0.0327  0.0326  0.0326  0.0326  0.0326  0.0326  0.0326
  0.0328  0.0328  0.0328  0.0327  0.0327  0.0326  0.0327  0.0327  0.0326  0.0327  0.0327  0.0327
  0.0329  0.0329  0.0328  0.0330  0.0328  0.0327  0.0328  0.0331  0.0327  0.0329  0.0328  0.0327
  0.0331  0.0330  0.0328  0.0340  0.0330  0.0333  0.0329  0.0337  0.0328  0.0334  0.0329  0.0328
    1.2140   23.8610    7.9322   -1.9830  -23.3029  -12.9413
    6.8450   -1.6948   -2.9475   45.7644    4.8495  -40.0838
eta,q 0.96738 28.50564

---------------------------------------------------------------------
imgreg_4dfp /opt/freesurfer/average/711-2C_as_mni_average_305 /opt/freesurfer/average/711-2B_as_mni_average_305_mask talsrcimg_g11 none talsrcimg_to_711-2C_as_mni_average_305_t4 2311
---------------------------------------------------------------------

freesurfer imgreg_4dfp.c
/opt/freesurfer/average/711-2C_as_mni_average_305.4dfp.img
       256       256       256         1
  1.000000  1.000000  1.000000
orientation T byte_order littleendian
Reading image: /opt/freesurfer/average/711-2C_as_mni_average_305.4dfp.img
dimensions:      256       256       256
mmppix:       1.0000   -1.0000   -1.0000
center:     128.0000 -129.0000 -129.0000
/opt/freesurfer/average/711-2B_as_mni_average_305_mask.4dfp.img
       256       256       256         1
  1.000000  1.000000  1.000000
orientation T byte_order littleendian
Reading mask: /opt/freesurfer/average/711-2B_as_mni_average_305_mask.4dfp.img (2306576 pixels)
talsrcimg_g11.4dfp.img
       320       320       320         1
  0.700000  0.700000  0.700000
orientation T byte_order littleendian
Reading image: talsrcimg_g11.4dfp.img
dimensions:      320       320       320
mmppix:       0.7000   -0.7000   -0.7000
center:     112.0000 -112.7000 -112.7000
fimgreg.f
image alignment mode   2311 decimal      907 hex
parameters
    1.2140   23.8610    7.9322   -1.9830  -23.3029  -12.9413
    6.8450   -1.6948   -2.9475   45.7644    4.8495  -40.0838
eta,q 0.96738 28.50564
niter,ni,del,rscale     5    3    5.0000    0.8000
parameters
    1.2188   23.7391    8.2361   -2.8808  -23.9132  -13.6517
    7.0946   -1.5439   -3.1693   45.8453    5.0913  -40.0993
eta,q 0.96682 28.43921
  0.0345  0.0334  0.0336  0.0351  0.0338  0.0353  0.0340  0.0363  0.0338  0.0349  0.0337  0.0334
  0.0334  0.0329  0.0331  0.0342  0.0334  0.0345  0.0336  0.0344  0.0335  0.0342  0.0334  0.0332
  0.0328  0.0327  0.0328  0.0332  0.0331  0.0336  0.0333  0.0335  0.0333  0.0337  0.0332  0.0332
  0.0326  0.0326  0.0326  0.0326  0.0329  0.0329  0.0332  0.0332  0.0332  0.0332  0.0332  0.0332
  0.0328  0.0327  0.0326  0.0329  0.0329  0.0328  0.0332  0.0334  0.0333  0.0331  0.0332  0.0332
  0.0334  0.0331  0.0328  0.0353  0.0334  0.0344  0.0334  0.0341  0.0335  0.0336  0.0333  0.0333
  0.0345  0.0337  0.0330  0.0409  0.0350  0.0404  0.0339  0.0359  0.0339  0.0353  0.0336  0.0334
niter,ni,del,rscale     4    3    5.0000    0.7000
parameters
    1.1879   23.7631    7.8330   -2.4707  -23.5969  -13.8139
    7.0955   -1.6649   -3.0987   46.0710    5.0780  -40.1187
eta,q 0.96703 28.48626
  0.0340  0.0337  0.0333  0.0356  0.0338  0.0350  0.0337  0.0354  0.0336  0.0345  0.0335  0.0332
  0.0335  0.0334  0.0332  0.0348  0.0335  0.0343  0.0333  0.0339  0.0333  0.0339  0.0332  0.0330
  0.0333  0.0332  0.0332  0.0339  0.0332  0.0335  0.0331  0.0332  0.0331  0.0334  0.0330  0.0330
  0.0332  0.0332  0.0332  0.0332  0.0330  0.0330  0.0330  0.0330  0.0330  0.0330  0.0330  0.0330
  0.0333  0.0332  0.0333  0.0328  0.0329  0.0327  0.0331  0.0333  0.0331  0.0329  0.0330  0.0330
  0.0336  0.0334  0.0334  0.0333  0.0331  0.0334  0.0333  0.0341  0.0332  0.0333  0.0332  0.0331
  0.0341  0.0337  0.0336  0.0355  0.0338  0.0365  0.0337  0.0358  0.0336  0.0345  0.0335  0.0332
niter,ni,del,rscale     3    3    5.0000    0.6000
parameters
    1.2058   23.8257    7.7653   -2.2416  -23.5902  -13.6343
    6.9873   -1.6642   -3.0372   46.0824    4.9928  -40.2220
eta,q 0.96717 28.49322
  0.0338  0.0334  0.0332  0.0350  0.0335  0.0346  0.0333  0.0350  0.0333  0.0340  0.0333  0.0330
  0.0333  0.0332  0.0331  0.0342  0.0332  0.0340  0.0331  0.0337  0.0330  0.0335  0.0330  0.0329
  0.0331  0.0330  0.0330  0.0335  0.0330  0.0334  0.0329  0.0330  0.0329  0.0331  0.0329  0.0328
  0.0330  0.0330  0.0330  0.0330  0.0329  0.0329  0.0328  0.0328  0.0328  0.0328  0.0328  0.0328
  0.0330  0.0330  0.0330  0.0327  0.0329  0.0327  0.0329  0.0330  0.0329  0.0328  0.0329  0.0329
  0.0333  0.0331  0.0331  0.0333  0.0331  0.0331  0.0331  0.0337  0.0330  0.0332  0.0330  0.0329
  0.0337  0.0333  0.0333  0.0351  0.0337  0.0348  0.0334  0.0350  0.0333  0.0342  0.0333  0.0330
niter,ni,del,rscale     2    3    5.0000    0.5000
parameters
    1.2239   23.8429    7.8564   -2.0184  -23.4646  -13.3278
    6.8349   -1.6498   -2.9545   45.9872    4.8686  -40.2921
eta,q 0.96731 28.50953
  0.0334  0.0331  0.0331  0.0344  0.0332  0.0341  0.0330  0.0344  0.0330  0.0335  0.0330  0.0329
  0.0331  0.0330  0.0329  0.0338  0.0330  0.0336  0.0328  0.0334  0.0328  0.0331  0.0328  0.0327
  0.0329  0.0329  0.0329  0.0333  0.0329  0.0331  0.0327  0.0328  0.0327  0.0329  0.0327  0.0327
  0.0328  0.0328  0.0328  0.0328  0.0328  0.0328  0.0327  0.0327  0.0327  0.0327  0.0327  0.0327
  0.0329  0.0329  0.0328  0.0327  0.0328  0.0326  0.0327  0.0329  0.0327  0.0327  0.0327  0.0327
  0.0331  0.0330  0.0329  0.0331  0.0329  0.0329  0.0329  0.0334  0.0328  0.0331  0.0329  0.0328
  0.0334  0.0331  0.0330  0.0343  0.0332  0.0339  0.0332  0.0343  0.0330  0.0338  0.0331  0.0329
niter,ni,del,rscale     1    3    5.0000    0.4000
parameters
    1.2394   23.8044    8.0113   -1.8599  -23.3087  -12.9709
    6.6991   -1.6379   -2.8717   45.8319    4.7416  -40.3620
eta,q 0.96741 28.52805
  0.0331  0.0329  0.0329  0.0338  0.0330  0.0336  0.0328  0.0338  0.0328  0.0331  0.0328  0.0327
  0.0329  0.0328  0.0328  0.0334  0.0328  0.0332  0.0327  0.0331  0.0327  0.0329  0.0327  0.0326
  0.0327  0.0327  0.0327  0.0330  0.0327  0.0329  0.0326  0.0327  0.0326  0.0327  0.0326  0.0326
  0.0327  0.0327  0.0327  0.0327  0.0327  0.0326  0.0326  0.0326  0.0326  0.0326  0.0326  0.0326
  0.0327  0.0327  0.0327  0.0326  0.0327  0.0326  0.0326  0.0327  0.0326  0.0326  0.0326  0.0326
  0.0329  0.0328  0.0327  0.0329  0.0327  0.0327  0.0327  0.0331  0.0327  0.0329  0.0327  0.0327
  0.0331  0.0329  0.0328  0.0337  0.0329  0.0333  0.0329  0.0337  0.0328  0.0334  0.0329  0.0327
registration optimization eta report
parameter search radius
    0.8000    0.8000    0.8000    2.4000    2.4000    2.4000
    2.4000    2.4000    2.4000    2.4000    2.4000    2.4000
100000*second partial in parameter space
       66.       32.       24.       19.        5.       15.
        5.       20.        4.       12.        5.        2.
  0.0331  0.0329  0.0329  0.0338  0.0330  0.0336  0.0328  0.0338  0.0328  0.0331  0.0328  0.0327
  0.0329  0.0328  0.0328  0.0334  0.0328  0.0332  0.0327  0.0331  0.0327  0.0329  0.0327  0.0326
  0.0327  0.0327  0.0327  0.0330  0.0327  0.0329  0.0326  0.0327  0.0326  0.0327  0.0326  0.0326
  0.0327  0.0327  0.0327  0.0327  0.0327  0.0326  0.0326  0.0326  0.0326  0.0326  0.0326  0.0326
  0.0327  0.0327  0.0327  0.0326  0.0327  0.0326  0.0326  0.0327  0.0326  0.0326  0.0326  0.0326
  0.0329  0.0328  0.0327  0.0329  0.0327  0.0327  0.0327  0.0331  0.0327  0.0329  0.0327  0.0327
  0.0331  0.0329  0.0328  0.0337  0.0329  0.0333  0.0329  0.0337  0.0328  0.0334  0.0329  0.0327
    1.2394   23.8044    8.0113   -1.8599  -23.3087  -12.9709
    6.6991   -1.6379   -2.8717   45.8319    4.7416  -40.3620
eta,q 0.96741 28.52805

---------------------------------------------------------------------
compute_vox2vox talsrcimg talsrcimg_to_711-2C_as_mni_average_305_t4 /opt/freesurfer/average/711-2C_as_mni_average_305
---------------------------------------------------------------------

freesurfer compute_vox2vox.c
Reading: talsrcimg.4dfp.ifh
Reading: talsrcimg_to_711-2C_as_mni_average_305_t4
Reading: /opt/freesurfer/average/711-2C_as_mni_average_305.4dfp.ifh
Writing: talsrcimg_to_711-2C_as_mni_average_305_t4_vox2vox.txt

start time Sat Mar 14 10:23:51 CET 2026
end		time Sat Mar 14 10:24:12 CET 2026

mpr2mni305 success

avi2talxfm orig_nu.mgz /opt/freesurfer/average/mni305.cor.mgz talsrcimg_to_711-2C_as_mni_average_305_t4_vox2vox.txt transforms/talairach.auto.xfm
avi2talxfm done
mv -f /out/sourcedata/freesurfer/sub-v2s5x29576_ses-1/mri/talsrcimg_to_711-2C_as_mni_average_305_t4_vox2vox.txt /out/sourcedata/freesurfer/sub-v2s5x29576_ses-1/mri/transforms/talsrcimg_to_711-2C_as_mni_average_305_t4_vox2vox.txt
lta_convert --src orig_nu.mgz --trg /opt/freesurfer/average/mni305.cor.mgz --inxfm transforms/talairach.auto.xfm --outlta transforms/talairach.auto.xfm.lta --subject fsaverage
7.3.2

--src: orig_nu.mgz src image (geometry).
--trg: /opt/freesurfer/average/mni305.cor.mgz trg image (geometry).
--inmni: transforms/talairach.auto.xfm input MNI/XFM transform.
--outlta: transforms/talairach.auto.xfm.lta output LTA.
--s: fsaverage subject name
 LTA read, type : 1
 1.01466   0.05150  -0.06153  -2.94938;
-0.02949   0.89819   0.47528  -13.34185;
 0.05562  -0.53484   1.01759   36.31496;
 0.00000   0.00000   0.00000   1.00000;
setting subject to fsaverage
Writing  LTA to file transforms/talairach.auto.xfm.lta...
lta_convert successful.
 
 
Started at Sat Mar 14 10:23:50 CET 2026
Ended   at Sat Mar 14 10:24:12 CET 2026
talairach_avi done
