/out/sourcedata/freesurfer/sub-v2s5x29555_ses-1/mri
/opt/freesurfer/bin/talairach_avi
--i orig_nu.mgz --xfm transforms/talairach.auto.xfm
talairach_avi 7.3.2
Linux dna072 5.14.0-427.37.1.el9_4.x86_64 #1 SMP PREEMPT_DYNAMIC Fri Sep 13 12:41:50 EDT 2024 x86_64 x86_64 x86_64 GNU/Linux
Fri Mar 13 07:27:00 CET 2026
mri_convert orig_nu.mgz talsrcimg.img 
reading from orig_nu.mgz...
TR=0.00, TE=0.00, TI=0.00, flip angle=0.00
i_ras = (-1, 0, 0)
j_ras = (0, 0, -1)
k_ras = (0, 1, 0)
writing to talsrcimg.img...
Analyze Output Matrix
-0.70000   0.00000   0.00000   114.74680;
 0.00000   0.00000   0.70000  -99.31600;
 0.00000  -0.70000   0.00000   91.43550;
 0.00000   0.00000   0.00000   1.00000;
--------------------
INFO: set hdr.hist.orient to -1
mpr2mni305 talsrcimg
Fri Mar 13 07:27:00 CET 2026
/opt/freesurfer/bin/mpr2mni305 talsrcimg
mpr2mni305 7.3.2
target=711-2C_as_mni_average_305

---------------------------------------------------------------------
analyzeto4dfp talsrcimg -O0 -y
---------------------------------------------------------------------

freesurfer ifh2hdr.c
Fri Mar 13 07:27:01 2026
Writing: talsrcimg.4dfp.hdr
freesurfer analyzeto4dfp.c
Reading: talsrcimg.hdr
header size 348 bytes
hdr.dime.datatype	offset=70	value=2
hdr.dime.bitpix		offset=72	value=8
hdr.hist.orient		offset=252	value=-1
dimensionality     4
dimensions       320       320       320         1
Reading: talsrcimg.img
Writing: talsrcimg.4dfp.img
Writing: talsrcimg.4dfp.ifh
ifh2hdr talsrcimg -r0to225
ori=2

---------------------------------------------------------------------
gauss_4dfp talsrcimg 1.1
---------------------------------------------------------------------

freesurfer gauss_4dfp.c
Reading: talsrcimg.4dfp.img
Writing: talsrcimg_g11.4dfp.img
image dimensions 320 320 320 padded to 384 384 384
processing volume 1freesurfer ifh2hdr.c
Fri Mar 13 07:27:08 2026
Writing: talsrcimg_g11.4dfp.hdr

Writing: talsrcimg_g11.4dfp.ifh
including: talsrcimg.4dfp.img.rec in talsrcimg_g11.4dfp.img.rec

---------------------------------------------------------------------
imgreg_4dfp /opt/freesurfer/average/711-2C_as_mni_average_305 none talsrcimg_g11 none talsrcimg_to_711-2C_as_mni_average_305_t4 4355
---------------------------------------------------------------------

freesurfer imgreg_4dfp.c
/opt/freesurfer/average/711-2C_as_mni_average_305.4dfp.img
       256       256       256         1
  1.000000  1.000000  1.000000
orientation T byte_order littleendian
Reading image: /opt/freesurfer/average/711-2C_as_mni_average_305.4dfp.img
dimensions:      256       256       256
mmppix:       1.0000   -1.0000   -1.0000
center:     128.0000 -129.0000 -129.0000
talsrcimg_g11.4dfp.img
       320       320       320         1
  0.700000  0.700000  0.700000
orientation T byte_order littleendian
Reading image: talsrcimg_g11.4dfp.img
dimensions:      320       320       320
mmppix:       0.7000   -0.7000   -0.7000
center:     112.0000 -112.7000 -112.7000
t4_read: open error in t4_sub.f l:  41 t4_file(1:l)talsrcimg_to_711-2C_as_mni_average_305_t4 
t4_read: transform initialized to I4
rotation matrix determinant  1.000000
image alignment mode   4355 decimal     1103 hex
   -7.5000  -45.0000  -45.0000 3681.5518   34.8393
    0.0000  -45.0000  -45.0000 3855.5205   34.8848
    7.5000  -45.0000  -45.0000 3703.1465   34.9289
   -7.5000  -37.5000  -45.0000 3988.5713   34.8576
    0.0000  -37.5000  -45.0000 4185.4731   34.9391
    7.5000  -37.5000  -45.0000 4035.3179   35.0087
   -7.5000  -30.0000  -45.0000 4355.6865   34.1452
    0.0000  -30.0000  -45.0000 4566.0796   34.2116
    7.5000  -30.0000  -45.0000 4386.1250   34.2768
   -7.5000  -22.5000  -45.0000 4637.4604   32.7171
    0.0000  -22.5000  -45.0000 4843.6362   32.7574
    7.5000  -22.5000  -45.0000 4634.0259   32.8056
   -7.5000  -15.0000  -45.0000 5120.4990   31.5795
    0.0000  -15.0000  -45.0000 5357.1646   31.6208
    7.5000  -15.0000  -45.0000 5121.2900   31.6705
   -7.5000   -7.5000  -45.0000 5619.7007   30.6929
    0.0000   -7.5000  -45.0000 5861.9619   30.7455
    7.5000   -7.5000  -45.0000 5622.8242   30.8016
   -7.5000    0.0000  -45.0000 6170.9224   30.5887
    0.0000    0.0000  -45.0000 6433.0518   30.6537
    7.5000    0.0000  -45.0000 6192.3965   30.7129
   -7.5000    7.5000  -45.0000 6164.2310   30.7021
    0.0000    7.5000  -45.0000 6412.6382   30.7678
    7.5000    7.5000  -45.0000 6176.6372   30.8232
   -7.5000   15.0000  -45.0000 6070.5474   30.3565
    0.0000   15.0000  -45.0000 6320.0859   30.4031
    7.5000   15.0000  -45.0000 6062.6299   30.4466
   -7.5000   22.5000  -45.0000 6032.0879   29.5131
    0.0000   22.5000  -45.0000 6263.0430   29.5456
    7.5000   22.5000  -45.0000 5993.9668   29.5829
   -7.5000   30.0000  -45.0000 6130.9072   29.3829
    0.0000   30.0000  -45.0000 6344.0024   29.4209
    7.5000   30.0000  -45.0000 6069.6401   29.4643
   -7.5000   37.5000  -45.0000 5937.4644   28.3801
    0.0000   37.5000  -45.0000 6144.4023   28.4287
    7.5000   37.5000  -45.0000 5861.9580   28.4795
   -7.5000   45.0000  -45.0000 5726.3662   27.3810
    0.0000   45.0000  -45.0000 5908.3267   27.4391
    7.5000   45.0000  -45.0000 5634.6455   27.4921
   -7.5000  -45.0000  -37.5000 3938.2688   35.8878
    0.0000  -45.0000  -37.5000 4134.5093   35.9545
    7.5000  -45.0000  -37.5000 3977.7886   36.0078
   -7.5000  -37.5000  -37.5000 4252.7974   35.8457
    0.0000  -37.5000  -37.5000 4480.4297   35.9415
    7.5000  -37.5000  -37.5000 4304.4761   36.0176
   -7.5000  -30.0000  -37.5000 4680.8779   35.1134
    0.0000  -30.0000  -37.5000 4920.4854   35.1874
    7.5000  -30.0000  -37.5000 4713.8291   35.2608
   -7.5000  -22.5000  -37.5000 4999.3066   33.7035
    0.0000  -22.5000  -37.5000 5232.8604   33.7505
    7.5000  -22.5000  -37.5000 5003.5532   33.8106
   -7.5000  -15.0000  -37.5000 5549.2129   32.5508
    0.0000  -15.0000  -37.5000 5804.4834   32.6049
    7.5000  -15.0000  -37.5000 5543.6294   32.6685
   -7.5000   -7.5000  -37.5000 6082.2754   31.6304
    0.0000   -7.5000  -37.5000 6354.4541   31.7001
    7.5000   -7.5000  -37.5000 6066.1577   31.7656
   -7.5000    0.0000  -37.5000 6685.1338   31.5049
    0.0000    0.0000  -37.5000 6988.6108   31.5860
    7.5000    0.0000  -37.5000 6665.5630   31.6493
   -7.5000    7.5000  -37.5000 6665.1123   31.6245
    0.0000    7.5000  -37.5000 6949.1685   31.6998
    7.5000    7.5000  -37.5000 6640.6245   31.7570
   -7.5000   15.0000  -37.5000 6587.6328   31.2915
    0.0000   15.0000  -37.5000 6876.4487   31.3425
    7.5000   15.0000  -37.5000 6528.5586   31.3909
   -7.5000   22.5000  -37.5000 6516.8203   30.4592
    0.0000   22.5000  -37.5000 6780.5054   30.4975
    7.5000   22.5000  -37.5000 6427.2568   30.5453
   -7.5000   30.0000  -37.5000 6595.7603   30.3235
    0.0000   30.0000  -37.5000 6862.8462   30.3728
    7.5000   30.0000  -37.5000 6503.3921   30.4288
   -7.5000   37.5000  -37.5000 6370.9946   29.2707
    0.0000   37.5000  -37.5000 6630.2393   29.3349
    7.5000   37.5000  -37.5000 6272.4844   29.3943
   -7.5000   45.0000  -37.5000 6151.0044   28.2012
    0.0000   45.0000  -37.5000 6371.4814   28.2738
    7.5000   45.0000  -37.5000 6041.6226   28.3304
   -7.5000  -45.0000  -30.0000 4184.6406   36.8348
    0.0000  -45.0000  -30.0000 4395.9360   36.9134
    7.5000  -45.0000  -30.0000 4217.3809   36.9465
   -7.5000  -37.5000  -30.0000 4543.8398   36.8314
    0.0000  -37.5000  -30.0000 4775.1050   36.9114
    7.5000  -37.5000  -30.0000 4566.7661   36.9672
   -7.5000  -30.0000  -30.0000 5017.7646   36.0452
    0.0000  -30.0000  -30.0000 5256.0923   36.0899
    7.5000  -30.0000  -30.0000 5024.6704   36.1460
   -7.5000  -22.5000  -30.0000 5359.0874   34.6374
    0.0000  -22.5000  -30.0000 5612.6914   34.6705
    7.5000  -22.5000  -30.0000 5365.0537   34.7170
   -7.5000  -15.0000  -30.0000 5949.9414   33.4778
    0.0000  -15.0000  -30.0000 6231.6743   33.5441
    7.5000  -15.0000  -30.0000 5953.5898   33.5959
   -7.5000   -7.5000  -30.0000 6521.7856   32.5501
    0.0000   -7.5000  -30.0000 6843.6519   32.6430
    7.5000   -7.5000  -30.0000 6512.9751   32.6937
   -7.5000    0.0000  -30.0000 7184.9355   32.4127
    0.0000    0.0000  -30.0000 7526.2148   32.5048
    7.5000    0.0000  -30.0000 7150.7202   32.5509
   -7.5000    7.5000  -30.0000 7180.0854   32.5156
    0.0000    7.5000  -30.0000 7487.3696   32.5779
    7.5000    7.5000  -30.0000 7122.6235   32.6182
   -7.5000   15.0000  -30.0000 7101.7671   32.1720
    0.0000   15.0000  -30.0000 7445.7241   32.1994
    7.5000   15.0000  -30.0000 7013.3022   32.2329
   -7.5000   22.5000  -30.0000 6984.9097   31.3495
    0.0000   22.5000  -30.0000 7334.8359   31.3763
    7.5000   22.5000  -30.0000 6872.4453   31.4127
   -7.5000   30.0000  -30.0000 7062.9912   31.2230
    0.0000   30.0000  -30.0000 7410.7036   31.2828
    7.5000   30.0000  -30.0000 6938.4824   31.3274
   -7.5000   37.5000  -30.0000 6807.8286   30.1672
    0.0000   37.5000  -30.0000 7122.7432   30.2526
    7.5000   37.5000  -30.0000 6671.8657   30.2982
   -7.5000   45.0000  -30.0000 6555.8872   29.0599
    0.0000   45.0000  -30.0000 6840.2461   29.1425
    7.5000   45.0000  -30.0000 6414.4297   29.1838
   -7.5000  -45.0000  -22.5000 4317.0107   36.2762
    0.0000  -45.0000  -22.5000 4524.6416   36.3139
    7.5000  -45.0000  -22.5000 4323.9028   36.3034
   -7.5000  -37.5000  -22.5000 4729.2207   36.2995
    0.0000  -37.5000  -22.5000 4945.0947   36.3220
    7.5000  -37.5000  -22.5000 4707.2007   36.3348
   -7.5000  -30.0000  -22.5000 5238.0635   35.5168
    0.0000  -30.0000  -22.5000 5471.3589   35.4993
    7.5000  -30.0000  -22.5000 5201.7417   35.5126
   -7.5000  -22.5000  -22.5000 5606.6821   34.1450
    0.0000  -22.5000  -22.5000 5870.5947   34.1322
    7.5000  -22.5000  -22.5000 5579.0679   34.1362
   -7.5000  -15.0000  -22.5000 6196.6431   33.0283
    0.0000  -15.0000  -22.5000 6501.0098   33.0670
    7.5000  -15.0000  -22.5000 6170.8647   33.0779
   -7.5000   -7.5000  -22.5000 6787.9399   32.1414
    0.0000   -7.5000  -22.5000 7121.4419   32.2144
    7.5000   -7.5000  -22.5000 6749.6191   32.2287
   -7.5000    0.0000  -22.5000 7496.1338   32.0036
    0.0000    0.0000  -22.5000 7832.7622   32.0661
    7.5000    0.0000  -22.5000 7417.3643   32.0803
   -7.5000    7.5000  -22.5000 7513.2397   32.0802
    0.0000    7.5000  -22.5000 7837.5825   32.0984
    7.5000    7.5000  -22.5000 7402.9697   32.1083
   -7.5000   15.0000  -22.5000 7433.0269   31.7247
    0.0000   15.0000  -22.5000 7807.1348   31.7040
    7.5000   15.0000  -22.5000 7296.6309   31.7044
   -7.5000   22.5000  -22.5000 7276.2988   30.9195
    0.0000   22.5000  -22.5000 7649.1924   30.9076
    7.5000   22.5000  -22.5000 7125.5166   30.9076
   -7.5000   30.0000  -22.5000 7353.2080   30.8136
    0.0000   30.0000  -22.5000 7749.6768   30.8483
    7.5000   30.0000  -22.5000 7200.6064   30.8556
   -7.5000   37.5000  -22.5000 7096.6826   29.7892
    0.0000   37.5000  -22.5000 7449.3374   29.8562
    7.5000   37.5000  -22.5000 6942.6504   29.8681
   -7.5000   45.0000  -22.5000 6811.3257   28.6932
    0.0000   45.0000  -22.5000 7110.4424   28.7492
    7.5000   45.0000  -22.5000 6652.2446   28.7619
   -7.5000  -45.0000  -15.0000 4622.5635   38.0993
    0.0000  -45.0000  -15.0000 4839.5630   38.1040
    7.5000  -45.0000  -15.0000 4620.2969   38.0732
   -7.5000  -37.5000  -15.0000 5081.3003   38.1450
    0.0000  -37.5000  -15.0000 5311.4912   38.1397
    7.5000  -37.5000  -15.0000 5057.8394   38.1343
   -7.5000  -30.0000  -15.0000 5624.0591   37.2439
    0.0000  -30.0000  -15.0000 5882.4761   37.2070
    7.5000  -30.0000  -15.0000 5583.8867   37.2010
   -7.5000  -22.5000  -15.0000 6008.4619   35.7766
    0.0000  -22.5000  -15.0000 6305.7969   35.7489
    7.5000  -22.5000  -15.0000 5969.9609   35.7311
   -7.5000  -15.0000  -15.0000 6637.2861   34.6127
    0.0000  -15.0000  -15.0000 6987.9561   34.6338
    7.5000  -15.0000  -15.0000 6599.5229   34.6232
   -7.5000   -7.5000  -15.0000 7269.8667   33.7032
    0.0000   -7.5000  -15.0000 7636.0601   33.7545
    7.5000   -7.5000  -15.0000 7217.5093   33.7536
   -7.5000    0.0000  -15.0000 8035.4512   33.5680
    0.0000    0.0000  -15.0000 8396.5293   33.6070
    7.5000    0.0000  -15.0000 7938.5649   33.6108
   -7.5000    7.5000  -15.0000 8048.6909   33.6329
    0.0000    7.5000  -15.0000 8433.1758   33.6316
    7.5000    7.5000  -15.0000 7919.4375   33.6316
   -7.5000   15.0000  -15.0000 7950.8037   33.2464
    0.0000   15.0000  -15.0000 8371.2783   33.2117
    7.5000   15.0000  -15.0000 7804.6401   33.1979
   -7.5000   22.5000  -15.0000 7766.9526   32.4124
    0.0000   22.5000  -15.0000 8177.7988   32.3876
    7.5000   22.5000  -15.0000 7626.1226   32.3683
   -7.5000   30.0000  -15.0000 7911.0093   32.3103
    0.0000   30.0000  -15.0000 8330.5293   32.3290
    7.5000   30.0000  -15.0000 7760.3599   32.3169
   -7.5000   37.5000  -15.0000 7657.0181   31.2826
    0.0000   37.5000  -15.0000 8056.6104   31.3298
    7.5000   37.5000  -15.0000 7500.7695   31.3277
   -7.5000   45.0000  -15.0000 7289.8101   30.1686
    0.0000   45.0000  -15.0000 7628.0889   30.2036
    7.5000   45.0000  -15.0000 7144.8403   30.2070
   -7.5000  -45.0000   -7.5000 4897.7905   39.5762
    0.0000  -45.0000   -7.5000 5130.3809   39.5799
    7.5000  -45.0000   -7.5000 4883.0381   39.5781
   -7.5000  -37.5000   -7.5000 5396.7725   39.6342
    0.0000  -37.5000   -7.5000 5664.1509   39.6544
    7.5000  -37.5000   -7.5000 5385.5435   39.6781
   -7.5000  -30.0000   -7.5000 5970.7622   38.6670
    0.0000  -30.0000   -7.5000 6265.2236   38.6721
    7.5000  -30.0000   -7.5000 5938.1489   38.6924
   -7.5000  -22.5000   -7.5000 6372.9370   37.1201
    0.0000  -22.5000   -7.5000 6690.0938   37.1213
    7.5000  -22.5000   -7.5000 6334.9399   37.1267
   -7.5000  -15.0000   -7.5000 7041.0708   35.9038
    0.0000  -15.0000   -7.5000 7407.0317   35.9279
    7.5000  -15.0000   -7.5000 7006.7593   35.9390
   -7.5000   -7.5000   -7.5000 7719.6567   34.9595
    0.0000   -7.5000   -7.5000 8114.3467   35.0002
    7.5000   -7.5000   -7.5000 7674.8818   35.0230
   -7.5000    0.0000   -7.5000 8525.7998   34.8321
    0.0000    0.0000   -7.5000 8954.2480   34.8691
    7.5000    0.0000   -7.5000 8483.1328   34.8974
   -7.5000    7.5000   -7.5000 8534.9482   34.9127
    0.0000    7.5000   -7.5000 9027.2158   34.9323
    7.5000    7.5000   -7.5000 8454.1709   34.9555
   -7.5000   15.0000   -7.5000 8427.0850   34.5183
    0.0000   15.0000   -7.5000 8907.6543   34.5170
    7.5000   15.0000   -7.5000 8307.3926   34.5248
   -7.5000   22.5000   -7.5000 8263.2725   33.6563
    0.0000   22.5000   -7.5000 8650.1768   33.6555
    7.5000   22.5000   -7.5000 8146.7515   33.6556
   -7.5000   30.0000   -7.5000 8403.9668   33.5374
    0.0000   30.0000   -7.5000 8843.8047   33.5593
    7.5000   30.0000   -7.5000 8323.0791   33.5673
   -7.5000   37.5000   -7.5000 8104.9321   32.4970
    0.0000   37.5000   -7.5000 8518.3730   32.5345
    7.5000   37.5000   -7.5000 8043.6670   32.5544
   -7.5000   45.0000   -7.5000 7693.9907   31.3808
    0.0000   45.0000   -7.5000 8065.4155   31.4141
    7.5000   45.0000   -7.5000 7618.5840   31.4397
   -7.5000  -45.0000    0.0000 5117.7710   40.4014
    0.0000  -45.0000    0.0000 5381.0415   40.4392
    7.5000  -45.0000    0.0000 5104.7661   40.4866
   -7.5000  -37.5000    0.0000 5648.5693   40.4536
    0.0000  -37.5000    0.0000 5952.4155   40.5314
    7.5000  -37.5000    0.0000 5648.1973   40.6045
   -7.5000  -30.0000    0.0000 6257.2314   39.4825
    0.0000  -30.0000    0.0000 6575.1104   39.5496
    7.5000  -30.0000    0.0000 6226.4390   39.6171
   -7.5000  -22.5000    0.0000 6683.3164   37.9109
    0.0000  -22.5000    0.0000 6997.0410   37.9534
    7.5000  -22.5000    0.0000 6638.1880   38.0031
   -7.5000  -15.0000    0.0000 7412.1201   36.6585
    0.0000  -15.0000    0.0000 7747.5103   36.7011
    7.5000  -15.0000    0.0000 7372.7192   36.7539
   -7.5000   -7.5000    0.0000 8134.8438   35.6757
    0.0000   -7.5000    0.0000 8513.1133   35.7271
    7.5000   -7.5000    0.0000 8108.1812   35.7880
   -7.5000    0.0000    0.0000 8999.9990   35.5458
    0.0000    0.0000    0.0000 9437.1240   35.6070
    7.5000    0.0000    0.0000 9006.0400   35.6709
   -7.5000    7.5000    0.0000 9107.6494   35.6505
    0.0000    7.5000    0.0000 9654.5996   35.7131
    7.5000    7.5000    0.0000 9045.7324   35.7712
   -7.5000   15.0000    0.0000 9048.6172   35.2729
    0.0000   15.0000    0.0000 9511.8096   35.3193
    7.5000   15.0000    0.0000 8945.5000   35.3637
   -7.5000   22.5000    0.0000 8796.0645   34.4048
    0.0000   22.5000    0.0000 9161.9688   34.4389
    7.5000   22.5000    0.0000 8781.9756   34.4771
   -7.5000   30.0000    0.0000 8880.2344   34.2651
    0.0000   30.0000    0.0000 9279.2812   34.3043
    7.5000   30.0000    0.0000 8935.7744   34.3503
   -7.5000   37.5000    0.0000 8530.9795   33.2027
    0.0000   37.5000    0.0000 8934.2061   33.2503
    7.5000   37.5000    0.0000 8597.0645   33.3056
   -7.5000   45.0000    0.0000 8075.9595   32.0854
    0.0000   45.0000    0.0000 8485.2441   32.1407
    7.5000   45.0000    0.0000 8128.2529   32.1983
   -7.5000  -45.0000    7.5000 4900.4648   40.1358
    0.0000  -45.0000    7.5000 5169.8232   40.2100
    7.5000  -45.0000    7.5000 4903.5444   40.2752
   -7.5000  -37.5000    7.5000 5441.6816   40.1865
    0.0000  -37.5000    7.5000 5716.7021   40.2921
    7.5000  -37.5000    7.5000 5445.9756   40.3833
   -7.5000  -30.0000    7.5000 6072.7471   39.2521
    0.0000  -30.0000    7.5000 6327.2915   39.3355
    7.5000  -30.0000    7.5000 6038.2847   39.4238
   -7.5000  -22.5000    7.5000 6489.9336   37.7126
    0.0000  -22.5000    7.5000 6755.2407   37.7681
    7.5000  -22.5000    7.5000 6449.3330   37.8407
   -7.5000  -15.0000    7.5000 7176.1860   36.4606
    0.0000  -15.0000    7.5000 7484.3574   36.5232
    7.5000  -15.0000    7.5000 7133.8760   36.5978
   -7.5000   -7.5000    7.5000 7867.1035   35.4673
    0.0000   -7.5000    7.5000 8195.5146   35.5453
    7.5000   -7.5000    7.5000 7831.7065   35.6210
   -7.5000    0.0000    7.5000 8782.4424   35.3332
    0.0000    0.0000    7.5000 9232.6289   35.4222
    7.5000    0.0000    7.5000 8736.7373   35.4960
   -7.5000    7.5000    7.5000 9099.9287   35.4501
    0.0000    7.5000    7.5000 9616.6104   35.5327
    7.5000    7.5000    7.5000 8981.5039   35.6011
   -7.5000   15.0000    7.5000 8999.5918   35.0907
    0.0000   15.0000    7.5000 9367.2754   35.1484
    7.5000   15.0000    7.5000 9041.9316   35.2080
   -7.5000   22.5000    7.5000 8492.7891   34.2334
    0.0000   22.5000    7.5000 8761.4570   34.2788
    7.5000   22.5000    7.5000 8751.1602   34.3370
   -7.5000   30.0000    7.5000 8573.9775   34.0855
    0.0000   30.0000    7.5000 8886.8428   34.1426
    7.5000   30.0000    7.5000 8807.6318   34.2084
   -7.5000   37.5000    7.5000 8305.9834   33.0103
    0.0000   37.5000    7.5000 8688.5557   33.0825
    7.5000   37.5000    7.5000 8439.7871   33.1515
   -7.5000   45.0000    7.5000 7901.6904   31.8935
    0.0000   45.0000    7.5000 8293.9180   31.9739
    7.5000   45.0000    7.5000 7955.1050   32.0405
   -7.5000  -45.0000   15.0000 4590.4209   40.0952
    0.0000  -45.0000   15.0000 4829.8726   40.1728
    7.5000  -45.0000   15.0000 4583.8843   40.2118
   -7.5000  -37.5000   15.0000 5133.9272   40.1409
    0.0000  -37.5000   15.0000 5384.3682   40.2204
    7.5000  -37.5000   15.0000 5124.4839   40.2847
   -7.5000  -30.0000   15.0000 5764.3569   39.2061
    0.0000  -30.0000   15.0000 6016.8877   39.2474
    7.5000  -30.0000   15.0000 5730.1860   39.3117
   -7.5000  -22.5000   15.0000 6187.1372   37.6900
    0.0000  -22.5000   15.0000 6457.5762   37.7190
    7.5000  -22.5000   15.0000 6170.5044   37.7716
   -7.5000  -15.0000   15.0000 6842.4072   36.4404
    0.0000  -15.0000   15.0000 7136.2969   36.5053
    7.5000  -15.0000   15.0000 6855.8276   36.5628
   -7.5000   -7.5000   15.0000 7471.2759   35.4441
    0.0000   -7.5000   15.0000 7774.9585   35.5382
    7.5000   -7.5000   15.0000 7507.4639   35.5945
   -7.5000    0.0000   15.0000 8378.9561   35.2998
    0.0000    0.0000   15.0000 8707.0771   35.3936
    7.5000    0.0000   15.0000 8348.8809   35.4456
   -7.5000    7.5000   15.0000 8689.3809   35.4057
    0.0000    7.5000   15.0000 9101.0635   35.4674
    7.5000    7.5000   15.0000 8595.6680   35.5139
   -7.5000   15.0000   15.0000 8599.5342   35.0497
    0.0000   15.0000   15.0000 8951.3301   35.0736
    7.5000   15.0000   15.0000 8656.3301   35.1128
   -7.5000   22.5000   15.0000 8242.1504   34.2076
    0.0000   22.5000   15.0000 8511.3486   34.2308
    7.5000   22.5000   15.0000 8351.3828   34.2723
   -7.5000   30.0000   15.0000 8335.0137   34.0680
    0.0000   30.0000   15.0000 8659.2402   34.1268
    7.5000   30.0000   15.0000 8340.3633   34.1765
   -7.5000   37.5000   15.0000 8067.4985   32.9897
    0.0000   37.5000   15.0000 8411.8340   33.0766
    7.5000   37.5000   15.0000 7993.4111   33.1275
   -7.5000   45.0000   15.0000 7621.7300   31.8634
    0.0000   45.0000   15.0000 7944.1533   31.9480
    7.5000   45.0000   15.0000 7557.1445   31.9950
   -7.5000  -45.0000   22.5000 4413.8105   41.1409
    0.0000  -45.0000   22.5000 4618.3506   41.1812
    7.5000  -45.0000   22.5000 4379.5088   41.1726
   -7.5000  -37.5000   22.5000 4941.4922   41.1286
    0.0000  -37.5000   22.5000 5144.4858   41.1500
    7.5000  -37.5000   22.5000 4900.6909   41.1678
   -7.5000  -30.0000   22.5000 5518.2905   40.0918
    0.0000  -30.0000   22.5000 5738.2861   40.0669
    7.5000  -30.0000   22.5000 5473.9355   40.0838
   -7.5000  -22.5000   22.5000 5881.0522   38.5048
    0.0000  -22.5000   22.5000 6139.2100   38.4859
    7.5000  -22.5000   22.5000 5875.5444   38.4918
   -7.5000  -15.0000   22.5000 6485.0391   37.2163
    0.0000  -15.0000   22.5000 6785.8945   37.2579
    7.5000  -15.0000   22.5000 6503.9565   37.2722
   -7.5000   -7.5000   22.5000 7115.7109   36.1974
    0.0000   -7.5000   22.5000 7447.0757   36.2787
    7.5000   -7.5000   22.5000 7103.8711   36.2976
   -7.5000    0.0000   22.5000 7994.4658   36.0413
    0.0000    0.0000   22.5000 8387.9971   36.1100
    7.5000    0.0000   22.5000 7880.8511   36.1288
   -7.5000    7.5000   22.5000 8172.0317   36.1242
    0.0000    7.5000   22.5000 8548.7578   36.1411
    7.5000    7.5000   22.5000 7993.3481   36.1542
   -7.5000   15.0000   22.5000 8054.7378   35.7440
    0.0000   15.0000   22.5000 8409.9531   35.7157
    7.5000   15.0000   22.5000 7912.3154   35.7171
   -7.5000   22.5000   22.5000 7875.5742   34.9122
    0.0000   22.5000   22.5000 8233.0381   34.8947
    7.5000   22.5000   22.5000 7746.2661   34.8956
   -7.5000   30.0000   22.5000 7961.7969   34.7875
    0.0000   30.0000   22.5000 8370.5352   34.8245
    7.5000   30.0000   22.5000 7832.9888   34.8346
   -7.5000   37.5000   22.5000 7625.6943   33.7187
    0.0000   37.5000   22.5000 7990.7808   33.7937
    7.5000   37.5000   22.5000 7520.4990   33.8096
   -7.5000   45.0000   22.5000 7161.9121   32.5773
    0.0000   45.0000   22.5000 7491.8433   32.6394
    7.5000   45.0000   22.5000 7097.6953   32.6564
   -7.5000  -45.0000   30.0000 4341.0234   42.5827
    0.0000  -45.0000   30.0000 4536.1475   42.5941
    7.5000  -45.0000   30.0000 4322.3042   42.5812
   -7.5000  -37.5000   30.0000 4839.7163   42.5110
    0.0000  -37.5000   30.0000 5050.0674   42.5095
    7.5000  -37.5000   30.0000 4812.7300   42.5228
   -7.5000  -30.0000   30.0000 5381.7783   41.3493
    0.0000  -30.0000   30.0000 5618.6396   41.3100
    7.5000  -30.0000   30.0000 5355.1724   41.3184
   -7.5000  -22.5000   30.0000 5768.1997   39.6399
    0.0000  -22.5000   30.0000 6037.4814   39.6107
    7.5000  -22.5000   30.0000 5741.6675   39.6040
   -7.5000  -15.0000   30.0000 6431.8623   38.2908
    0.0000  -15.0000   30.0000 6734.6372   38.3184
    7.5000  -15.0000   30.0000 6372.9316   38.3211
   -7.5000   -7.5000   30.0000 7100.5776   37.2480
    0.0000   -7.5000   30.0000 7462.6909   37.3104
    7.5000   -7.5000   30.0000 7006.9609   37.3253
   -7.5000    0.0000   30.0000 7907.4434   37.1023
    0.0000    0.0000   30.0000 8292.7344   37.1500
    7.5000    0.0000   30.0000 7769.2627   37.1701
   -7.5000    7.5000   30.0000 7939.3813   37.1820
    0.0000    7.5000   30.0000 8265.6855   37.1828
    7.5000    7.5000   30.0000 7783.5947   37.1968
   -7.5000   15.0000   30.0000 7734.0039   36.7683
    0.0000   15.0000   30.0000 8055.6987   36.7301
    7.5000   15.0000   30.0000 7625.2988   36.7261
   -7.5000   22.5000   30.0000 7584.6519   35.8937
    0.0000   22.5000   30.0000 7921.3779   35.8671
    7.5000   22.5000   30.0000 7489.3784   35.8564
   -7.5000   30.0000   30.0000 7724.1377   35.7673
    0.0000   30.0000   30.0000 8083.9897   35.7917
    7.5000   30.0000   30.0000 7642.4634   35.7910
   -7.5000   37.5000   30.0000 7455.6001   34.6928
    0.0000   37.5000   30.0000 7793.9707   34.7503
    7.5000   37.5000   30.0000 7379.3242   34.7625
   -7.5000   45.0000   30.0000 7062.4482   33.5363
    0.0000   45.0000   30.0000 7383.6191   33.5794
    7.5000   45.0000   30.0000 6976.6548   33.5977
   -7.5000  -45.0000   37.5000 4057.5754   43.6849
    0.0000  -45.0000   37.5000 4272.8286   43.7088
    7.5000  -45.0000   37.5000 4060.5896   43.7372
   -7.5000  -37.5000   37.5000 4522.2261   43.5817
    0.0000  -37.5000   37.5000 4761.7231   43.6280
    7.5000  -37.5000   37.5000 4538.2637   43.6877
   -7.5000  -30.0000   37.5000 5030.7437   42.2719
    0.0000  -30.0000   37.5000 5288.2061   42.2985
    7.5000  -30.0000   37.5000 5047.2876   42.3520
   -7.5000  -22.5000   37.5000 5411.7739   40.4447
    0.0000  -22.5000   37.5000 5672.5044   40.4617
    7.5000  -22.5000   37.5000 5395.0913   40.4934
   -7.5000  -15.0000   37.5000 6043.1655   39.0288
    0.0000  -15.0000   37.5000 6328.4502   39.0687
    7.5000  -15.0000   37.5000 5998.1626   39.1035
   -7.5000   -7.5000   37.5000 6648.3452   37.9384
    0.0000   -7.5000   37.5000 6967.4766   37.9960
    7.5000   -7.5000   37.5000 6596.4009   38.0428
   -7.5000    0.0000   37.5000 7354.9302   37.7959
    0.0000    0.0000   37.5000 7705.0229   37.8511
    7.5000    0.0000   37.5000 7309.8257   37.9051
   -7.5000    7.5000   37.5000 7315.8130   37.8823
    0.0000    7.5000   37.5000 7655.2031   37.9198
    7.5000    7.5000   37.5000 7274.5786   37.9695
   -7.5000   15.0000   37.5000 7132.4141   37.4461
    0.0000   15.0000   37.5000 7475.3423   37.4595
    7.5000   15.0000   37.5000 7112.8481   37.4913
   -7.5000   22.5000   37.5000 7035.8242   36.5489
    0.0000   22.5000   37.5000 7365.8457   36.5606
    7.5000   22.5000   37.5000 6987.6313   36.5819
   -7.5000   30.0000   37.5000 7184.0166   36.4155
    0.0000   30.0000   37.5000 7522.4429   36.4513
    7.5000   30.0000   37.5000 7130.9165   36.4800
   -7.5000   37.5000   37.5000 6969.5508   35.3301
    0.0000   37.5000   37.5000 7304.4126   35.3833
    7.5000   37.5000   37.5000 6926.5303   35.4250
   -7.5000   45.0000   37.5000 6640.4873   34.1591
    0.0000   45.0000   37.5000 6974.4419   34.2090
    7.5000   45.0000   37.5000 6599.2363   34.2578
   -7.5000  -45.0000   45.0000 3799.5935   44.6899
    0.0000  -45.0000   45.0000 4008.8594   44.7099
    7.5000  -45.0000   45.0000 3808.7668   44.7524
   -7.5000  -37.5000   45.0000 4209.8657   44.5110
    0.0000  -37.5000   45.0000 4442.3965   44.5845
    7.5000  -37.5000   45.0000 4241.4751   44.6620
   -7.5000  -30.0000   45.0000 4700.4639   43.1785
    0.0000  -30.0000   45.0000 4954.8711   43.2380
    7.5000  -30.0000   45.0000 4714.0552   43.3101
   -7.5000  -22.5000   45.0000 5070.8086   41.2553
    0.0000  -22.5000   45.0000 5307.4185   41.2827
    7.5000  -22.5000   45.0000 5038.0659   41.3325
   -7.5000  -15.0000   45.0000 5642.8901   39.7491
    0.0000  -15.0000   45.0000 5922.2305   39.7765
    7.5000  -15.0000   45.0000 5600.3765   39.8293
   -7.5000   -7.5000   45.0000 6193.5337   38.5710
    0.0000   -7.5000   45.0000 6499.3643   38.6106
    7.5000   -7.5000   45.0000 6148.7998   38.6725
   -7.5000    0.0000   45.0000 6826.0508   38.4114
    0.0000    0.0000   45.0000 7180.8135   38.4646
    7.5000    0.0000   45.0000 6794.1592   38.5300
   -7.5000    7.5000   45.0000 6782.8711   38.5156
    0.0000    7.5000   45.0000 7108.4819   38.5716
    7.5000    7.5000   45.0000 6751.0088   38.6309
   -7.5000   15.0000   45.0000 6649.6211   38.0893
    0.0000   15.0000   45.0000 6961.1885   38.1249
    7.5000   15.0000   45.0000 6609.2729   38.1688
   -7.5000   22.5000   45.0000 6536.4106   37.1844
    0.0000   22.5000   45.0000 6837.1304   37.2039
    7.5000   22.5000   45.0000 6481.9946   37.2402
   -7.5000   30.0000   45.0000 6655.2593   37.0352
    0.0000   30.0000   45.0000 6943.6885   37.0600
    7.5000   30.0000   45.0000 6598.6567   37.1050
   -7.5000   37.5000   45.0000 6477.2256   35.9043
    0.0000   37.5000   45.0000 6781.0879   35.9407
    7.5000   37.5000   45.0000 6443.6030   35.9966
   -7.5000   45.0000   45.0000 6203.6919   34.6935
    0.0000   45.0000   45.0000 6525.2070   34.7415
    7.5000   45.0000   45.0000 6173.1787   34.8006

---------------------------------------------------------------------
imgreg_4dfp /opt/freesurfer/average/711-2C_as_mni_average_305 /opt/freesurfer/average/711-2B_as_mni_average_305_mask talsrcimg_g11 none talsrcimg_to_711-2C_as_mni_average_305_t4 4355
---------------------------------------------------------------------

freesurfer imgreg_4dfp.c
/opt/freesurfer/average/711-2C_as_mni_average_305.4dfp.img
       256       256       256         1
  1.000000  1.000000  1.000000
orientation T byte_order littleendian
Reading image: /opt/freesurfer/average/711-2C_as_mni_average_305.4dfp.img
dimensions:      256       256       256
mmppix:       1.0000   -1.0000   -1.0000
center:     128.0000 -129.0000 -129.0000
/opt/freesurfer/average/711-2B_as_mni_average_305_mask.4dfp.img
       256       256       256         1
  1.000000  1.000000  1.000000
orientation T byte_order littleendian
Reading mask: /opt/freesurfer/average/711-2B_as_mni_average_305_mask.4dfp.img (2306576 pixels)
talsrcimg_g11.4dfp.img
       320       320       320         1
  0.700000  0.700000  0.700000
orientation T byte_order littleendian
Reading image: talsrcimg_g11.4dfp.img
dimensions:      320       320       320
mmppix:       0.7000   -0.7000   -0.7000
center:     112.0000 -112.7000 -112.7000
rotation matrix determinant  1.000000
image alignment mode   4355 decimal     1103 hex
   -7.5000  -37.5000  -45.0000 1541.5857   49.1538
    0.0000  -37.5000  -45.0000 1545.9962   48.7065
    7.5000  -37.5000  -45.0000 1543.0562   49.7762
   -7.5000  -30.0000  -45.0000 1650.1235   43.4795
    0.0000  -30.0000  -45.0000 1656.8053   43.0043
    7.5000  -30.0000  -45.0000 1649.6122   43.9519
   -7.5000  -22.5000  -45.0000 1757.6676   39.0955
    0.0000  -22.5000  -45.0000 1764.4208   38.5185
    7.5000  -22.5000  -45.0000 1752.7257   39.3226
   -7.5000  -15.0000  -45.0000 1852.9834   35.6060
    0.0000  -15.0000  -45.0000 1862.5458   35.1529
    7.5000  -15.0000  -45.0000 1852.9391   35.6775
   -7.5000   -7.5000  -45.0000 1939.0571   33.0090
    0.0000   -7.5000  -45.0000 1941.4518   32.6034
    7.5000   -7.5000  -45.0000 1941.3361   33.0973
   -7.5000    0.0000  -45.0000 1980.8838   31.1057
    0.0000    0.0000  -45.0000 1984.0696   30.7280
    7.5000    0.0000  -45.0000 1989.4277   31.2416
   -7.5000    7.5000  -45.0000 2001.8903   29.7557
    0.0000    7.5000  -45.0000 2007.7446   29.4243
    7.5000    7.5000  -45.0000 2014.1443   29.9311
   -7.5000   15.0000  -45.0000 2007.2233   29.0530
    0.0000   15.0000  -45.0000 2008.2606   28.6061
    7.5000   15.0000  -45.0000 2018.7826   29.2081
   -7.5000   22.5000  -45.0000 2002.3153   28.9124
    0.0000   22.5000  -45.0000 2004.2450   28.4930
    7.5000   22.5000  -45.0000 2005.9612   29.0039
   -7.5000   30.0000  -45.0000 1974.3237   28.7326
    0.0000   30.0000  -45.0000 1973.9033   28.3647
    7.5000   30.0000  -45.0000 1972.3893   28.9924
   -7.5000   37.5000  -45.0000 1926.8514   29.1497
    0.0000   37.5000  -45.0000 1932.9838   28.7015
    7.5000   37.5000  -45.0000 1921.7759   29.4072
   -7.5000   45.0000  -45.0000 1849.1432   29.7303
    0.0000   45.0000  -45.0000 1850.0443   29.3529
    7.5000   45.0000  -45.0000 1842.6240   30.0730
   -7.5000   52.5000  -45.0000 1741.0812   30.4683
    0.0000   52.5000  -45.0000 1740.3123   30.0914
    7.5000   52.5000  -45.0000 1734.0405   30.8507
   -7.5000  -37.5000  -37.5000 1648.9772   48.8039
    0.0000  -37.5000  -37.5000 1666.4196   48.5245
    7.5000  -37.5000  -37.5000 1660.9025   49.3717
   -7.5000  -30.0000  -37.5000 1764.1565   42.9933
    0.0000  -30.0000  -37.5000 1785.9395   42.7026
    7.5000  -30.0000  -37.5000 1774.0797   43.2970
   -7.5000  -22.5000  -37.5000 1883.0236   38.4228
    0.0000  -22.5000  -37.5000 1900.0802   38.0530
    7.5000  -22.5000  -37.5000 1890.4623   38.5643
   -7.5000  -15.0000  -37.5000 1999.2800   34.9009
    0.0000  -15.0000  -37.5000 2016.8031   34.5851
    7.5000  -15.0000  -37.5000 2004.3053   34.9687
   -7.5000   -7.5000  -37.5000 2092.2688   32.2724
    0.0000   -7.5000  -37.5000 2099.5088   31.9447
    7.5000   -7.5000  -37.5000 2089.5518   32.4309
   -7.5000    0.0000  -37.5000 2146.1274   30.4848
    0.0000    0.0000  -37.5000 2152.7156   30.2129
    7.5000    0.0000  -37.5000 2138.8137   30.6042
   -7.5000    7.5000  -37.5000 2164.2588   29.2217
    0.0000    7.5000  -37.5000 2174.5916   28.9570
    7.5000    7.5000  -37.5000 2163.6895   29.3015
   -7.5000   15.0000  -37.5000 2164.1858   28.3863
    0.0000   15.0000  -37.5000 2176.9434   28.2136
    7.5000   15.0000  -37.5000 2169.1396   28.4890
   -7.5000   22.5000  -37.5000 2159.7024   28.1267
    0.0000   22.5000  -37.5000 2164.6292   27.7860
    7.5000   22.5000  -37.5000 2154.1162   28.0658
   -7.5000   30.0000  -37.5000 2125.5007   27.8361
    0.0000   30.0000  -37.5000 2131.9355   27.6266
    7.5000   30.0000  -37.5000 2127.9585   28.0265
   -7.5000   37.5000  -37.5000 2082.2004   28.2503
    0.0000   37.5000  -37.5000 2090.8340   27.9439
    7.5000   37.5000  -37.5000 2084.4570   28.4828
   -7.5000   45.0000  -37.5000 2005.8000   28.8756
    0.0000   45.0000  -37.5000 2006.8750   28.5603
    7.5000   45.0000  -37.5000 2007.5801   29.1346
   -7.5000   52.5000  -37.5000 1887.5796   29.6042
    0.0000   52.5000  -37.5000 1889.3032   29.2130
    7.5000   52.5000  -37.5000 1885.6884   29.9260
   -7.5000  -37.5000  -30.0000 1736.8483   47.8953
    0.0000  -37.5000  -30.0000 1749.1890   47.6911
    7.5000  -37.5000  -30.0000 1732.4288   47.9647
   -7.5000  -30.0000  -30.0000 1865.1040   42.1933
    0.0000  -30.0000  -30.0000 1878.2478   42.0852
    7.5000  -30.0000  -30.0000 1862.0643   42.2267
   -7.5000  -22.5000  -30.0000 1994.1588   37.7451
    0.0000  -22.5000  -30.0000 2005.9845   37.5529
    7.5000  -22.5000  -30.0000 1995.2141   37.6938
   -7.5000  -15.0000  -30.0000 2115.1643   34.1818
    0.0000  -15.0000  -30.0000 2130.0361   33.9367
    7.5000  -15.0000  -30.0000 2112.2461   34.0989
   -7.5000   -7.5000  -30.0000 2213.3787   31.3755
    0.0000   -7.5000  -30.0000 2230.1646   31.2013
    7.5000   -7.5000  -30.0000 2208.3787   31.4136
   -7.5000    0.0000  -30.0000 2276.9607   29.4610
    0.0000    0.0000  -30.0000 2286.9189   29.2970
    7.5000    0.0000  -30.0000 2264.3347   29.5552
   -7.5000    7.5000  -30.0000 2302.4241   28.2843
    0.0000    7.5000  -30.0000 2315.2043   28.0907
    7.5000    7.5000  -30.0000 2295.1592   28.3149
   -7.5000   15.0000  -30.0000 2308.4268   27.3921
    0.0000   15.0000  -30.0000 2326.8066   27.3237
    7.5000   15.0000  -30.0000 2302.9778   27.3702
   -7.5000   22.5000  -30.0000 2299.6213   26.9878
    0.0000   22.5000  -30.0000 2316.7373   26.8411
    7.5000   22.5000  -30.0000 2297.9387   26.9953
   -7.5000   30.0000  -30.0000 2271.9565   26.8021
    0.0000   30.0000  -30.0000 2289.5537   26.7346
    7.5000   30.0000  -30.0000 2272.1150   26.9576
   -7.5000   37.5000  -30.0000 2225.8311   27.2433
    0.0000   37.5000  -30.0000 2238.3315   27.0964
    7.5000   37.5000  -30.0000 2219.4612   27.4389
   -7.5000   45.0000  -30.0000 2142.7856   27.8556
    0.0000   45.0000  -30.0000 2152.6113   27.6630
    7.5000   45.0000  -30.0000 2136.8274   28.0544
   -7.5000   52.5000  -30.0000 2022.6655   28.4829
    0.0000   52.5000  -30.0000 2030.9038   28.2900
    7.5000   52.5000  -30.0000 2013.5822   28.7776
   -7.5000  -37.5000  -22.5000 1783.6118   46.0216
    0.0000  -37.5000  -22.5000 1784.1619   45.7342
    7.5000  -37.5000  -22.5000 1755.2960   45.9269
   -7.5000  -30.0000  -22.5000 1917.8728   40.3486
    0.0000  -30.0000  -22.5000 1920.1737   40.0482
    7.5000  -30.0000  -22.5000 1889.4460   40.1743
   -7.5000  -22.5000  -22.5000 2055.6018   35.8381
    0.0000  -22.5000  -22.5000 2059.5100   35.5324
    7.5000  -22.5000  -22.5000 2028.8380   35.6610
   -7.5000  -15.0000  -22.5000 2176.4705   32.3303
    0.0000  -15.0000  -22.5000 2184.8096   32.1036
    7.5000  -15.0000  -22.5000 2148.9597   32.1848
   -7.5000   -7.5000  -22.5000 2275.6560   29.6734
    0.0000   -7.5000  -22.5000 2283.9756   29.5685
    7.5000   -7.5000  -22.5000 2250.0698   29.5191
   -7.5000    0.0000  -22.5000 2341.7161   27.6114
    0.0000    0.0000  -22.5000 2348.5640   27.4923
    7.5000    0.0000  -22.5000 2317.4431   27.5243
   -7.5000    7.5000  -22.5000 2382.2930   26.3600
    0.0000    7.5000  -22.5000 2388.0002   26.2501
    7.5000    7.5000  -22.5000 2361.3330   26.3747
   -7.5000   15.0000  -22.5000 2395.2590   25.4998
    0.0000   15.0000  -22.5000 2407.7634   25.4472
    7.5000   15.0000  -22.5000 2375.6926   25.4380
   -7.5000   22.5000  -22.5000 2388.1682   24.9628
    0.0000   22.5000  -22.5000 2404.3215   24.9032
    7.5000   22.5000  -22.5000 2369.4072   24.9164
   -7.5000   30.0000  -22.5000 2361.8967   24.9608
    0.0000   30.0000  -22.5000 2385.0464   24.9388
    7.5000   30.0000  -22.5000 2349.1140   25.0575
   -7.5000   37.5000  -22.5000 2313.8149   25.3924
    0.0000   37.5000  -22.5000 2331.4409   25.3389
    7.5000   37.5000  -22.5000 2299.4351   25.5406
   -7.5000   45.0000  -22.5000 2221.6038   25.8987
    0.0000   45.0000  -22.5000 2231.4678   25.8225
    7.5000   45.0000  -22.5000 2204.9724   26.1576
   -7.5000   52.5000  -22.5000 2096.5254   26.4306
    0.0000   52.5000  -22.5000 2103.4001   26.3471
    7.5000   52.5000  -22.5000 2076.5449   26.8314
   -7.5000  -37.5000  -15.0000 1880.0999   46.4932
    0.0000  -37.5000  -15.0000 1878.8652   46.0617
    7.5000  -37.5000  -15.0000 1850.7908   46.1303
   -7.5000  -30.0000  -15.0000 2022.1244   40.4112
    0.0000  -30.0000  -15.0000 2018.9196   39.9433
    7.5000  -30.0000  -15.0000 1986.1802   40.1159
   -7.5000  -22.5000  -15.0000 2156.8440   35.6222
    0.0000  -22.5000  -15.0000 2160.8091   35.3372
    7.5000  -22.5000  -15.0000 2120.9644   35.4883
   -7.5000  -15.0000  -15.0000 2272.2915   31.9474
    0.0000  -15.0000  -15.0000 2284.8152   31.7207
    7.5000  -15.0000  -15.0000 2244.4758   31.9243
   -7.5000   -7.5000  -15.0000 2378.5344   29.1528
    0.0000   -7.5000  -15.0000 2386.1824   29.0270
    7.5000   -7.5000  -15.0000 2347.1475   29.1363
   -7.5000    0.0000  -15.0000 2453.6338   27.0564
    0.0000    0.0000  -15.0000 2461.1589   26.9922
    7.5000    0.0000  -15.0000 2428.9287   27.1324
   -7.5000    7.5000  -15.0000 2501.9268   25.6422
    0.0000    7.5000  -15.0000 2511.8154   25.5441
    7.5000    7.5000  -15.0000 2478.5503   25.6933
   -7.5000   15.0000  -15.0000 2521.0410   24.6201
    0.0000   15.0000  -15.0000 2538.4954   24.6438
    7.5000   15.0000  -15.0000 2492.4270   24.6690
   -7.5000   22.5000  -15.0000 2519.9402   23.9448
    0.0000   22.5000  -15.0000 2540.6572   23.9568
    7.5000   22.5000  -15.0000 2495.3047   24.0816
   -7.5000   30.0000  -15.0000 2507.0273   24.1558
    0.0000   30.0000  -15.0000 2532.4182   24.1015
    7.5000   30.0000  -15.0000 2490.2219   24.3681
   -7.5000   37.5000  -15.0000 2461.8142   24.6292
    0.0000   37.5000  -15.0000 2483.7927   24.6119
    7.5000   37.5000  -15.0000 2445.1265   24.9468
   -7.5000   45.0000  -15.0000 2354.2534   25.0663
    0.0000   45.0000  -15.0000 2371.3906   25.0888
    7.5000   45.0000  -15.0000 2341.8540   25.5487
   -7.5000   52.5000  -15.0000 2214.5815   25.6524
    0.0000   52.5000  -15.0000 2218.9680   25.5383
    7.5000   52.5000  -15.0000 2192.5212   26.1176
   -7.5000  -37.5000   -7.5000 1928.3556   46.2340
    0.0000  -37.5000   -7.5000 1936.8181   45.7841
    7.5000  -37.5000   -7.5000 1916.6763   46.2840
   -7.5000  -30.0000   -7.5000 2068.6604   40.0332
    0.0000  -30.0000   -7.5000 2079.8633   39.6308
    7.5000  -30.0000   -7.5000 2057.3091   40.1086
   -7.5000  -22.5000   -7.5000 2200.2900   35.1693
    0.0000  -22.5000   -7.5000 2214.7700   34.9521
    7.5000  -22.5000   -7.5000 2191.9902   35.2674
   -7.5000  -15.0000   -7.5000 2320.7136   31.4321
    0.0000  -15.0000   -7.5000 2339.3599   31.2298
    7.5000  -15.0000   -7.5000 2314.3127   31.6249
   -7.5000   -7.5000   -7.5000 2427.5371   28.4762
    0.0000   -7.5000   -7.5000 2449.0618   28.3908
    7.5000   -7.5000   -7.5000 2420.4927   28.7971
   -7.5000    0.0000   -7.5000 2516.3047   26.2878
    0.0000    0.0000   -7.5000 2537.9570   26.2216
    7.5000    0.0000   -7.5000 2513.6492   26.7117
   -7.5000    7.5000   -7.5000 2579.0793   24.8071
    0.0000    7.5000   -7.5000 2603.5894   24.7910
    7.5000    7.5000   -7.5000 2571.2568   25.1516
   -7.5000   15.0000   -7.5000 2606.9736   23.6238
    0.0000   15.0000   -7.5000 2631.5830   23.6406
    7.5000   15.0000   -7.5000 2586.2861   23.8930
   -7.5000   22.5000   -7.5000 2621.9634   22.8779
    0.0000   22.5000   -7.5000 2636.5713   22.7727
    7.5000   22.5000   -7.5000 2602.7563   23.3253
   -7.5000   30.0000   -7.5000 2610.8040   23.2029
    0.0000   30.0000   -7.5000 2631.4351   23.0468
    7.5000   30.0000   -7.5000 2603.1736   23.5963
   -7.5000   37.5000   -7.5000 2546.8110   23.5598
    0.0000   37.5000   -7.5000 2578.3589   23.5477
    7.5000   37.5000   -7.5000 2548.0972   24.0439
   -7.5000   45.0000   -7.5000 2439.3704   24.0975
    0.0000   45.0000   -7.5000 2454.2729   24.0132
    7.5000   45.0000   -7.5000 2438.5449   24.6804
   -7.5000   52.5000   -7.5000 2295.7544   24.7671
    0.0000   52.5000   -7.5000 2309.3257   24.6259
    7.5000   52.5000   -7.5000 2287.3994   25.2942
   -7.5000  -37.5000    0.0000 1944.8992   45.9592
    0.0000  -37.5000    0.0000 1959.5890   45.5292
    7.5000  -37.5000    0.0000 1931.6725   46.1882
   -7.5000  -30.0000    0.0000 2078.0498   39.5604
    0.0000  -30.0000    0.0000 2099.8660   39.3022
    7.5000  -30.0000    0.0000 2074.0032   39.9298
   -7.5000  -22.5000    0.0000 2211.9417   34.6267
    0.0000  -22.5000    0.0000 2230.9033   34.4424
    7.5000  -22.5000    0.0000 2213.3418   35.0718
   -7.5000  -15.0000    0.0000 2330.6768   30.7933
    0.0000  -15.0000    0.0000 2359.0588   30.6374
    7.5000  -15.0000    0.0000 2342.2607   31.3221
   -7.5000   -7.5000    0.0000 2446.5073   27.8753
    0.0000   -7.5000    0.0000 2475.8091   27.6998
    7.5000   -7.5000    0.0000 2461.8574   28.4798
   -7.5000    0.0000    0.0000 2537.4138   25.6310
    0.0000    0.0000    0.0000 2568.4404   25.5169
    7.5000    0.0000    0.0000 2558.2007   26.3300
   -7.5000    7.5000    0.0000 2617.1848   24.0771
    0.0000    7.5000    0.0000 2647.2341   23.9841
    7.5000    7.5000    0.0000 2629.0032   24.7345
   -7.5000   15.0000    0.0000 2661.4153   22.8266
    0.0000   15.0000    0.0000 2693.7278   22.6994
    7.5000   15.0000    0.0000 2662.4863   23.4794
   -7.5000   22.5000    0.0000 2681.0928   21.9536
    0.0000   22.5000    0.0000 2691.4565   21.7211
    7.5000   22.5000    0.0000 2683.5779   22.7982
   -7.5000   30.0000    0.0000 2657.5012   22.1067
    0.0000   30.0000    0.0000 2685.5247   21.9560
    7.5000   30.0000    0.0000 2669.5891   22.9076
   -7.5000   37.5000    0.0000 2591.7998   22.5455
    0.0000   37.5000    0.0000 2608.7739   22.3575
    7.5000   37.5000    0.0000 2622.3555   23.3536
   -7.5000   45.0000    0.0000 2478.5764   23.1753
    0.0000   45.0000    0.0000 2504.4138   23.0295
    7.5000   45.0000    0.0000 2505.0378   23.9931
   -7.5000   52.5000    0.0000 2332.6511   23.9707
    0.0000   52.5000    0.0000 2355.7908   23.8901
    7.5000   52.5000    0.0000 2352.6758   24.7441
   -7.5000  -37.5000    7.5000 1955.6914   46.4052
    0.0000  -37.5000    7.5000 1960.2418   45.4403
    7.5000  -37.5000    7.5000 1938.1361   46.4848
   -7.5000  -30.0000    7.5000 2094.7612   39.8877
    0.0000  -30.0000    7.5000 2095.2678   38.9383
    7.5000  -30.0000    7.5000 2083.0076   40.1687
   -7.5000  -22.5000    7.5000 2218.0835   34.6786
    0.0000  -22.5000    7.5000 2227.1836   34.0044
    7.5000  -22.5000    7.5000 2217.2256   35.1052
   -7.5000  -15.0000    7.5000 2333.8342   30.5945
    0.0000  -15.0000    7.5000 2351.6995   30.0766
    7.5000  -15.0000    7.5000 2339.3643   31.1345
   -7.5000   -7.5000    7.5000 2445.3389   27.4654
    0.0000   -7.5000    7.5000 2465.4832   27.1472
    7.5000   -7.5000    7.5000 2458.0225   28.1215
   -7.5000    0.0000    7.5000 2549.2839   25.1910
    0.0000    0.0000    7.5000 2573.7422   24.9302
    7.5000    0.0000    7.5000 2561.0388   25.8856
   -7.5000    7.5000    7.5000 2635.5146   23.6965
    0.0000    7.5000    7.5000 2661.7285   23.4581
    7.5000    7.5000    7.5000 2647.1926   24.3097
   -7.5000   15.0000    7.5000 2694.7590   22.4469
    0.0000   15.0000    7.5000 2727.9548   22.2036
    7.5000   15.0000    7.5000 2714.3049   23.2819
   -7.5000   22.5000    7.5000 2702.9644   21.2320
    0.0000   22.5000    7.5000 2714.0027   20.8674
    7.5000   22.5000    7.5000 2727.6421   22.4585
   -7.5000   30.0000    7.5000 2679.0498   21.2135
    0.0000   30.0000    7.5000 2680.8037   20.8841
    7.5000   30.0000    7.5000 2715.5315   22.4536
   -7.5000   37.5000    7.5000 2612.3987   21.9125
    0.0000   37.5000    7.5000 2639.2488   21.6973
    7.5000   37.5000    7.5000 2634.4355   22.7747
   -7.5000   45.0000    7.5000 2514.2146   22.7631
    0.0000   45.0000    7.5000 2544.8789   22.6003
    7.5000   45.0000    7.5000 2533.9712   23.3794
   -7.5000   52.5000    7.5000 2370.5649   23.6828
    0.0000   52.5000    7.5000 2392.3838   23.5055
    7.5000   52.5000    7.5000 2382.6792   24.1857
   -7.5000  -37.5000   15.0000 1943.3781   47.0374
    0.0000  -37.5000   15.0000 1949.5023   45.9446
    7.5000  -37.5000   15.0000 1933.6941   47.1232
   -7.5000  -30.0000   15.0000 2084.4500   40.4636
    0.0000  -30.0000   15.0000 2091.8237   39.4582
    7.5000  -30.0000   15.0000 2075.7571   40.7025
   -7.5000  -22.5000   15.0000 2208.3240   35.0949
    0.0000  -22.5000   15.0000 2220.4299   34.2629
    7.5000  -22.5000   15.0000 2208.4155   35.5713
   -7.5000  -15.0000   15.0000 2328.0996   30.9336
    0.0000  -15.0000   15.0000 2337.7920   30.2554
    7.5000  -15.0000   15.0000 2325.3284   31.4602
   -7.5000   -7.5000   15.0000 2438.1890   27.7064
    0.0000   -7.5000   15.0000 2446.4995   27.1648
    7.5000   -7.5000   15.0000 2439.6226   28.3557
   -7.5000    0.0000   15.0000 2540.0371   25.3266
    0.0000    0.0000   15.0000 2547.7507   24.8036
    7.5000    0.0000   15.0000 2547.8237   26.0377
   -7.5000    7.5000   15.0000 2632.8298   23.8835
    0.0000    7.5000   15.0000 2640.2341   23.4284
    7.5000    7.5000   15.0000 2643.0100   24.4483
   -7.5000   15.0000   15.0000 2697.9614   22.6830
    0.0000   15.0000   15.0000 2722.5564   22.3648
    7.5000   15.0000   15.0000 2706.2937   23.3200
   -7.5000   22.5000   15.0000 2698.8518   21.4512
    0.0000   22.5000   15.0000 2702.5454   21.0538
    7.5000   22.5000   15.0000 2730.6155   22.4668
   -7.5000   30.0000   15.0000 2681.2297   21.2529
    0.0000   30.0000   15.0000 2710.4402   20.9749
    7.5000   30.0000   15.0000 2685.0188   22.0102
   -7.5000   37.5000   15.0000 2643.8616   21.9141
    0.0000   37.5000   15.0000 2669.3442   21.6923
    7.5000   37.5000   15.0000 2643.1501   22.3913
   -7.5000   45.0000   15.0000 2537.8438   22.8630
    0.0000   45.0000   15.0000 2554.3381   22.6335
    7.5000   45.0000   15.0000 2540.2585   23.2467
   -7.5000   52.5000   15.0000 2398.0938   23.8098
    0.0000   52.5000   15.0000 2403.0107   23.5766
    7.5000   52.5000   15.0000 2387.3237   24.1219
   -7.5000  -37.5000   22.5000 1919.5687   48.3206
    0.0000  -37.5000   22.5000 1920.7130   47.0632
    7.5000  -37.5000   22.5000 1914.0939   48.4918
   -7.5000  -30.0000   22.5000 2061.2759   41.1900
    0.0000  -30.0000   22.5000 2072.0632   40.0502
    7.5000  -30.0000   22.5000 2062.9570   41.6307
   -7.5000  -22.5000   22.5000 2186.7847   35.7165
    0.0000  -22.5000   22.5000 2205.1948   34.8130
    7.5000  -22.5000   22.5000 2200.5134   36.2834
   -7.5000  -15.0000   22.5000 2306.8743   31.6390
    0.0000  -15.0000   22.5000 2318.8716   30.9502
    7.5000  -15.0000   22.5000 2316.3101   32.2586
   -7.5000   -7.5000   22.5000 2418.0044   28.5928
    0.0000   -7.5000   22.5000 2437.3267   28.2189
    7.5000   -7.5000   22.5000 2422.1252   29.2480
   -7.5000    0.0000   22.5000 2532.2097   26.4084
    0.0000    0.0000   22.5000 2556.8418   26.2275
    7.5000    0.0000   22.5000 2526.0044   26.9784
   -7.5000    7.5000   22.5000 2626.5210   24.8701
    0.0000    7.5000   22.5000 2661.5330   24.7882
    7.5000    7.5000   22.5000 2610.7363   25.2329
   -7.5000   15.0000   22.5000 2690.7732   23.4471
    0.0000   15.0000   22.5000 2699.0569   23.1744
    7.5000   15.0000   22.5000 2681.5225   24.0768
   -7.5000   22.5000   22.5000 2701.2185   22.4937
    0.0000   22.5000   22.5000 2713.2285   22.3079
    7.5000   22.5000   22.5000 2690.4060   22.9404
   -7.5000   30.0000   22.5000 2696.6719   22.4049
    0.0000   30.0000   22.5000 2737.6584   22.3012
    7.5000   30.0000   22.5000 2682.8206   22.7124
   -7.5000   37.5000   22.5000 2655.4902   22.6621
    0.0000   37.5000   22.5000 2685.7539   22.6501
    7.5000   37.5000   22.5000 2637.0771   23.1355
   -7.5000   45.0000   22.5000 2540.7688   23.4095
    0.0000   45.0000   22.5000 2552.0002   23.3165
    7.5000   45.0000   22.5000 2527.5261   23.8548
   -7.5000   52.5000   22.5000 2393.6650   24.2078
    0.0000   52.5000   22.5000 2400.1855   24.0418
    7.5000   52.5000   22.5000 2372.1497   24.5839
   -7.5000  -37.5000   30.0000 1877.4280   49.9701
    0.0000  -37.5000   30.0000 1876.7457   48.6836
    7.5000  -37.5000   30.0000 1876.5975   50.2094
   -7.5000  -30.0000   30.0000 2031.6730   42.7197
    0.0000  -30.0000   30.0000 2043.0443   41.6957
    7.5000  -30.0000   30.0000 2037.5358   43.0807
   -7.5000  -22.5000   30.0000 2168.8909   37.2560
    0.0000  -22.5000   30.0000 2186.8123   36.5888
    7.5000  -22.5000   30.0000 2175.2529   37.7488
   -7.5000  -15.0000   30.0000 2303.9143   33.2986
    0.0000  -15.0000   30.0000 2318.4648   32.8724
    7.5000  -15.0000   30.0000 2293.7686   33.8261
   -7.5000   -7.5000   30.0000 2415.9102   30.2982
    0.0000   -7.5000   30.0000 2436.8359   30.0740
    7.5000   -7.5000   30.0000 2400.5549   30.7394
   -7.5000    0.0000   30.0000 2513.8735   27.8515
    0.0000    0.0000   30.0000 2545.6694   27.7172
    7.5000    0.0000   30.0000 2498.8149   28.1934
   -7.5000    7.5000   30.0000 2602.5891   25.9627
    0.0000    7.5000   30.0000 2615.5176   25.5690
    7.5000    7.5000   30.0000 2585.9961   26.3120
   -7.5000   15.0000   30.0000 2631.9600   24.1180
    0.0000   15.0000   30.0000 2657.0674   23.8681
    7.5000   15.0000   30.0000 2625.9087   24.7053
   -7.5000   22.5000   30.0000 2673.7588   23.4488
    0.0000   22.5000   30.0000 2695.3091   23.2392
    7.5000   22.5000   30.0000 2655.6335   23.7745
   -7.5000   30.0000   30.0000 2674.2705   23.4541
    0.0000   30.0000   30.0000 2711.5244   23.2927
    7.5000   30.0000   30.0000 2657.6741   23.7235
   -7.5000   37.5000   30.0000 2624.2434   23.7920
    0.0000   37.5000   30.0000 2651.0330   23.6870
    7.5000   37.5000   30.0000 2604.3228   24.1294
   -7.5000   45.0000   30.0000 2512.3113   24.5455
    0.0000   45.0000   30.0000 2533.7939   24.4412
    7.5000   45.0000   30.0000 2487.3945   24.8235
   -7.5000   52.5000   30.0000 2362.5100   25.2257
    0.0000   52.5000   30.0000 2378.9314   25.1101
    7.5000   52.5000   30.0000 2337.9036   25.5007
   -7.5000  -37.5000   37.5000 1835.3722   52.0794
    0.0000  -37.5000   37.5000 1843.1580   51.4530
    7.5000  -37.5000   37.5000 1832.8477   52.7374
   -7.5000  -30.0000   37.5000 1991.4525   44.7426
    0.0000  -30.0000   37.5000 2009.2603   44.1864
    7.5000  -30.0000   37.5000 1994.4419   45.4182
   -7.5000  -22.5000   37.5000 2141.2639   39.1695
    0.0000  -22.5000   37.5000 2155.5225   38.7006
    7.5000  -22.5000   37.5000 2134.2556   39.7421
   -7.5000  -15.0000   37.5000 2272.4187   35.0236
    0.0000  -15.0000   37.5000 2292.0840   34.7530
    7.5000  -15.0000   37.5000 2260.6594   35.5403
   -7.5000   -7.5000   37.5000 2384.5813   31.8113
    0.0000   -7.5000   37.5000 2408.0393   31.5843
    7.5000   -7.5000   37.5000 2364.9143   32.1610
   -7.5000    0.0000   37.5000 2476.6584   29.1425
    0.0000    0.0000   37.5000 2491.4614   28.7512
    7.5000    0.0000   37.5000 2461.7874   29.5553
   -7.5000    7.5000   37.5000 2540.3684   26.9418
    0.0000    7.5000   37.5000 2570.6167   26.5498
    7.5000    7.5000   37.5000 2524.9004   27.3934
   -7.5000   15.0000   37.5000 2576.7046   25.3362
    0.0000   15.0000   37.5000 2606.1191   25.1583
    7.5000   15.0000   37.5000 2560.7185   25.8054
   -7.5000   22.5000   37.5000 2617.6741   24.8745
    0.0000   22.5000   37.5000 2644.6831   24.6572
    7.5000   22.5000   37.5000 2593.2361   25.1304
   -7.5000   30.0000   37.5000 2625.3611   24.7885
    0.0000   30.0000   37.5000 2656.8879   24.6214
    7.5000   30.0000   37.5000 2602.0679   25.0605
   -7.5000   37.5000   37.5000 2566.1052   25.1574
    0.0000   37.5000   37.5000 2590.2991   24.9963
    7.5000   37.5000   37.5000 2544.2092   25.4746
   -7.5000   45.0000   37.5000 2459.8220   25.7379
    0.0000   45.0000   37.5000 2482.7100   25.5823
    7.5000   45.0000   37.5000 2437.9636   26.0252
   -7.5000   52.5000   37.5000 2310.3303   26.4091
    0.0000   52.5000   37.5000 2336.6289   26.3188
    7.5000   52.5000   37.5000 2295.5830   26.7171
   -7.5000  -37.5000   45.0000 1767.7361   54.2232
    0.0000  -37.5000   45.0000 1768.9406   53.7157
    7.5000  -37.5000   45.0000 1756.7400   55.0899
   -7.5000  -30.0000   45.0000 1929.7269   46.6423
    0.0000  -30.0000   45.0000 1936.1792   46.0835
    7.5000  -30.0000   45.0000 1917.0289   47.2694
   -7.5000  -22.5000   45.0000 2080.0427   40.9756
    0.0000  -22.5000   45.0000 2092.2576   40.5329
    7.5000  -22.5000   45.0000 2060.4714   41.3379
   -7.5000  -15.0000   45.0000 2203.4124   36.5944
    0.0000  -15.0000   45.0000 2226.6621   36.2649
    7.5000  -15.0000   45.0000 2185.7810   36.9578
   -7.5000   -7.5000   45.0000 2310.5459   33.0135
    0.0000   -7.5000   45.0000 2327.2764   32.7220
    7.5000   -7.5000   45.0000 2291.4836   33.4546
   -7.5000    0.0000   45.0000 2394.2202   30.3130
    0.0000    0.0000   45.0000 2414.7917   29.9615
    7.5000    0.0000   45.0000 2376.8816   30.6839
   -7.5000    7.5000   45.0000 2447.4395   28.1857
    0.0000    7.5000   45.0000 2473.0791   27.8523
    7.5000    7.5000   45.0000 2433.3083   28.6000
   -7.5000   15.0000   45.0000 2494.8008   26.7821
    0.0000   15.0000   45.0000 2511.4568   26.6597
    7.5000   15.0000   45.0000 2471.3499   27.1812
   -7.5000   22.5000   45.0000 2523.3462   26.3901
    0.0000   22.5000   45.0000 2544.4707   26.1585
    7.5000   22.5000   45.0000 2495.3953   26.5893
   -7.5000   30.0000   45.0000 2532.4402   26.2412
    0.0000   30.0000   45.0000 2552.2366   25.9977
    7.5000   30.0000   45.0000 2513.3933   26.4374
   -7.5000   37.5000   45.0000 2481.1118   26.5139
    0.0000   37.5000   45.0000 2504.6433   26.3249
    7.5000   37.5000   45.0000 2463.0786   26.8614
   -7.5000   45.0000   45.0000 2379.7986   26.9832
    0.0000   45.0000   45.0000 2406.2190   26.8573
    7.5000   45.0000   45.0000 2363.7039   27.3625
   -7.5000   52.5000   45.0000 2232.1277   27.5580
    0.0000   52.5000   45.0000 2249.6472   27.4046
    7.5000   52.5000   45.0000 2220.3452   27.8630

---------------------------------------------------------------------
imgreg_4dfp /opt/freesurfer/average/711-2C_as_mni_average_305 /opt/freesurfer/average/711-2B_as_mni_average_305_mask talsrcimg_g11 none talsrcimg_to_711-2C_as_mni_average_305_t4 1283
---------------------------------------------------------------------

freesurfer imgreg_4dfp.c
/opt/freesurfer/average/711-2C_as_mni_average_305.4dfp.img
       256       256       256         1
  1.000000  1.000000  1.000000
orientation T byte_order littleendian
Reading image: /opt/freesurfer/average/711-2C_as_mni_average_305.4dfp.img
dimensions:      256       256       256
mmppix:       1.0000   -1.0000   -1.0000
center:     128.0000 -129.0000 -129.0000
/opt/freesurfer/average/711-2B_as_mni_average_305_mask.4dfp.img
       256       256       256         1
  1.000000  1.000000  1.000000
orientation T byte_order littleendian
Reading mask: /opt/freesurfer/average/711-2B_as_mni_average_305_mask.4dfp.img (2306576 pixels)
talsrcimg_g11.4dfp.img
       320       320       320         1
  0.700000  0.700000  0.700000
orientation T byte_order littleendian
Reading image: talsrcimg_g11.4dfp.img
dimensions:      320       320       320
mmppix:       0.7000   -0.7000   -0.7000
center:     112.0000 -112.7000 -112.7000
rotation matrix determinant  1.000000
fimgreg.f
image alignment mode   1283 decimal      503 hex
parameters
    0.0000   30.0000   22.5000    0.0000    0.0000    0.0000
eta,q 0.85800 22.20127
niter,ni,del,rscale     5    3   12.0000    1.2000
parameters
   -1.0385   30.9150   22.3496   -1.3603   -0.3096    0.8007
eta,q 0.86289 22.62609
  0.1522  0.1563  0.1521  0.1417  0.1473  0.1411
  0.1433  0.1542  0.1443  0.1403  0.1423  0.1397
  0.1398  0.1471  0.1395  0.1381  0.1389  0.1389
  0.1397  0.1395  0.1376  0.1376  0.1376  0.1375
  0.1457  0.1375  0.1391  0.1396  0.1396  0.1369
  0.1540  0.1438  0.1467  0.1441  0.1438  0.1376
  0.1597  0.1528  0.1530  0.1499  0.1494  0.1405
niter,ni,del,rscale     4    3   12.0000    1.2000
parameters
   -1.3386   31.0330   22.1732   -1.9334   -0.0397    0.6499
eta,q 0.86256 22.61856
  0.1543  0.1542  0.1532  0.1418  0.1485  0.1404
  0.1459  0.1493  0.1434  0.1419  0.1434  0.1393
  0.1385  0.1425  0.1379  0.1393  0.1394  0.1385
  0.1371  0.1371  0.1370  0.1370  0.1374  0.1374
  0.1395  0.1397  0.1397  0.1379  0.1386  0.1372
  0.1489  0.1477  0.1471  0.1413  0.1417  0.1385
  0.1578  0.1543  0.1531  0.1466  0.1470  0.1420
niter,ni,del,rscale     3    3   12.0000    1.2000
parameters
   -1.4443   31.0848   22.0701   -2.1671    0.0604    0.6233
eta,q 0.86242 22.61173
  0.1546  0.1528  0.1539  0.1414  0.1477  0.1405
  0.1469  0.1481  0.1435  0.1421  0.1428  0.1392
  0.1391  0.1423  0.1380  0.1400  0.1392  0.1386
  0.1374  0.1374  0.1374  0.1373  0.1376  0.1376
  0.1392  0.1397  0.1401  0.1374  0.1389  0.1374
  0.1476  0.1474  0.1467  0.1401  0.1420  0.1384
  0.1561  0.1534  0.1528  0.1449  0.1474  0.1415
niter,ni,del,rscale     2    3   12.0000    1.2000
parameters
   -1.4829   31.1089   22.0142   -2.2431    0.1043    0.6224
eta,q 0.86239 22.60739
  0.1546  0.1522  0.1543  0.1414  0.1475  0.1405
  0.1471  0.1477  0.1438  0.1422  0.1426  0.1392
  0.1394  0.1424  0.1381  0.1402  0.1392  0.1386
  0.1376  0.1376  0.1376  0.1375  0.1376  0.1376
  0.1392  0.1397  0.1402  0.1372  0.1390  0.1374
  0.1472  0.1473  0.1466  0.1398  0.1421  0.1384
  0.1553  0.1530  0.1527  0.1444  0.1475  0.1414
niter,ni,del,rscale     1    3   12.0000    1.2000
parameters
   -1.5004   31.1209   21.9923   -2.2650    0.1202    0.6179
eta,q 0.86239 22.60632
  0.1545  0.1520  0.1545  0.1414  0.1473  0.1405
  0.1471  0.1475  0.1439  0.1422  0.1425  0.1392
  0.1394  0.1424  0.1381  0.1403  0.1391  0.1386
  0.1376  0.1376  0.1376  0.1376  0.1376  0.1376
  0.1392  0.1397  0.1402  0.1372  0.1390  0.1374
  0.1470  0.1473  0.1464  0.1396  0.1421  0.1384
  0.1550  0.1529  0.1526  0.1442  0.1475  0.1414
registration optimization eta report
parameter search radius
    6.0000    6.0000    6.0000    6.0000    6.0000    6.0000
100000*second partial in parameter space
       48.       38.       45.       13.       27.        9.
  0.1545  0.1520  0.1545  0.1414  0.1473  0.1405
  0.1471  0.1475  0.1439  0.1422  0.1425  0.1392
  0.1394  0.1424  0.1381  0.1403  0.1391  0.1386
  0.1376  0.1376  0.1376  0.1376  0.1376  0.1376
  0.1392  0.1397  0.1402  0.1372  0.1390  0.1374
  0.1470  0.1473  0.1464  0.1396  0.1421  0.1384
  0.1550  0.1529  0.1526  0.1442  0.1475  0.1414
   -1.5004   31.1209   21.9923   -2.2650    0.1202    0.6179
eta,q 0.86239 22.60632

---------------------------------------------------------------------
imgreg_4dfp /opt/freesurfer/average/711-2C_as_mni_average_305 /opt/freesurfer/average/711-2B_as_mni_average_305_mask talsrcimg_g11 none talsrcimg_to_711-2C_as_mni_average_305_t4 3335
---------------------------------------------------------------------

freesurfer imgreg_4dfp.c
/opt/freesurfer/average/711-2C_as_mni_average_305.4dfp.img
       256       256       256         1
  1.000000  1.000000  1.000000
orientation T byte_order littleendian
Reading image: /opt/freesurfer/average/711-2C_as_mni_average_305.4dfp.img
dimensions:      256       256       256
mmppix:       1.0000   -1.0000   -1.0000
center:     128.0000 -129.0000 -129.0000
/opt/freesurfer/average/711-2B_as_mni_average_305_mask.4dfp.img
       256       256       256         1
  1.000000  1.000000  1.000000
orientation T byte_order littleendian
Reading mask: /opt/freesurfer/average/711-2B_as_mni_average_305_mask.4dfp.img (2306576 pixels)
talsrcimg_g11.4dfp.img
       320       320       320         1
  0.700000  0.700000  0.700000
orientation T byte_order littleendian
Reading image: talsrcimg_g11.4dfp.img
dimensions:      320       320       320
mmppix:       0.7000   -0.7000   -0.7000
center:     112.0000 -112.7000 -112.7000
fimgreg.f
image alignment mode   3335 decimal      D07 hex
parameters
   -1.5004   31.1209   21.9923   -0.0060   -0.0839   -0.0784
   -1.0693   -0.2523    1.0785    3.9497    0.2099   -3.9521
eta,q 0.86032 22.17486
niter,ni,del,rscale     5    3    5.0000    1.2000
parameter  3  2.335532 ->  0.500000 qaram    1.1500
parameter  4 -6.139457 ->  0.500000 qaram    1.1500
parameter  5  3.345899 ->  0.500000 qaram    1.1500
parameter  6  0.615523 ->  0.500000 qaram    1.1500
parameter 10 -1.666075 -> -0.500000 qaram    1.1500
parameter 12 -5.562940 -> -0.500000 qaram    1.1500
parameters
   -1.9028   30.9073   20.6123   -4.1460   -4.2239   -4.2184
   -2.5286    0.1038   -0.5029    8.0897   -0.7619    0.1879
eta,q 0.87702 21.32220
  0.1409  0.1410  0.1393  0.1277  0.1295  0.1297  0.1317  0.1328  0.1313  0.1403  0.1274  0.1349
  0.1404  0.1404  0.1392  0.1329  0.1306  0.1308  0.1312  0.1318  0.1310  0.1368  0.1271  0.1322
  0.1399  0.1398  0.1394  0.1363  0.1325  0.1309  0.1310  0.1314  0.1309  0.1337  0.1270  0.1295
  0.1397  0.1397  0.1397  0.1393  0.1340  0.1311  0.1309  0.1310  0.1309  0.1309  0.1270  0.1270
  0.1401  0.1401  0.1399  0.1431  0.1362  0.1325  0.1312  0.1307  0.1310  0.1283  0.1271  0.1246
  0.1411  0.1408  0.1400  0.1461  0.1380  0.1363  0.1319  0.1314  0.1315  0.1266  0.1273  0.1224
  0.1422  0.1415  0.1403  0.1498  0.1404  0.1407  0.1327  0.1327  0.1321  0.1258  0.1277  0.1204
niter,ni,del,rscale     7    3    5.0000    1.2000
parameter  1  1.364493 ->  0.500000 qaram    1.1500
parameter  3  2.720953 ->  0.500000 qaram    1.3225
parameter  4 -4.042931 ->  0.500000 qaram    1.3225
parameter  5  3.570934 ->  0.500000 qaram    1.3225
parameter  6  1.138251 ->  0.500000 qaram    1.3225
parameter  7  1.168932 ->  0.500000 qaram    1.1500
parameter  8  0.818842 ->  0.500000 qaram    1.1500
parameter  9 -8.854638 ->  0.500000 qaram    1.1500
parameter 10 -0.816296 -> -0.500000 qaram    1.3225
parameter 11  4.890351 ->  0.500000 qaram    1.1500
parameter 12 33.671955 -> -0.500000 qaram    1.3225
parameters
   -3.2828   31.2624   19.0253   -8.9070   -8.9849   -8.9794
   -6.6686   -4.0362   -4.6429   12.8507   -4.9019    4.9489
eta,q 0.89545 21.00924
  0.1226  0.1243  0.1213  0.1068  0.1099  0.1111  0.1110  0.1102  0.1062  0.1090  0.1049  0.1076
  0.1223  0.1235  0.1214  0.1117  0.1114  0.1118  0.1111  0.1098  0.1073  0.1085  0.1056  0.1069
  0.1225  0.1228  0.1218  0.1170  0.1128  0.1118  0.1114  0.1103  0.1086  0.1080  0.1064  0.1064
  0.1230  0.1223  0.1222  0.1215  0.1132  0.1118  0.1119  0.1112  0.1099  0.1077  0.1074  0.1058
  0.1234  0.1222  0.1225  0.1263  0.1152  0.1120  0.1125  0.1125  0.1110  0.1076  0.1084  0.1051
  0.1236  0.1227  0.1228  0.1301  0.1163  0.1117  0.1133  0.1140  0.1121  0.1073  0.1094  0.1044
  0.1239  0.1235  0.1233  0.1333  0.1185  0.1132  0.1142  0.1158  0.1131  0.1074  0.1105  0.1039
niter,ni,del,rscale     7    3    5.0000    1.2000
parameter  2  1.672226 ->  0.500000 qaram    1.1500
parameter  3 13.623421 ->  0.500000 qaram    1.5209
parameter  4  1.344853 ->  0.500000 qaram    1.5209
parameter  5-14.277635 ->  0.500000 qaram    1.5209
parameter  6  5.555162 ->  0.500000 qaram    1.5209
parameter 10  1.701100 ->  0.500000 qaram    1.5209
parameter 12  1.081502 ->  0.500000 qaram    1.5209
parameters
   -4.5750   29.8824   17.2003  -14.3822  -14.4600  -14.4545
   -8.7895   -6.7848   -8.1226    7.3756   -6.4752   -0.5263
eta,q 0.91749 20.59112
  0.1048  0.1025  0.0968  0.0896  0.0847  0.0846  0.0868  0.0865  0.0859  0.0822  0.0837  0.0822
  0.1042  0.1029  0.0988  0.0916  0.0875  0.0856  0.0861  0.0858  0.0855  0.0830  0.0834  0.0824
  0.1041  0.1034  0.1010  0.0945  0.0900  0.0869  0.0858  0.0857  0.0854  0.0841  0.0833  0.0828
  0.1046  0.1040  0.1031  0.0994  0.0922  0.0882  0.0860  0.0858  0.0857  0.0854  0.0833  0.0833
  0.1058  0.1049  0.1052  0.1061  0.0939  0.0893  0.0864  0.0864  0.0862  0.0872  0.0835  0.0838
  0.1076  0.1059  0.1075  0.1138  0.0964  0.0894  0.0873  0.0876  0.0869  0.0891  0.0838  0.0846
  0.1099  0.1069  0.1098  0.1217  0.0990  0.0923  0.0884  0.0898  0.0876  0.0914  0.0842  0.0858
niter,ni,del,rscale     7    3    5.0000    1.2000
parameter  1 -0.988201 -> -0.500000 qaram    1.3225
parameter  2  2.385344 ->  0.500000 qaram    1.3225
parameter  3 15.181059 ->  0.500000 qaram    1.7490
parameter  4  1.032507 ->  0.500000 qaram    1.7490
parameter  5  8.720160 ->  0.500000 qaram    1.7490
parameter  6  1.372133 ->  0.500000 qaram    1.7490
parameter  7-20.002975 -> -0.500000 qaram    1.3225
parameter  8 -1.517987 -> -0.500000 qaram    1.3225
parameter  9 -1.087359 -> -0.500000 qaram    1.3225
parameter 11 -0.856783 -> -0.500000 qaram    1.3225
parameters
   -2.9880   28.2954   15.1014  -20.6786  -20.7565  -20.7510
   -4.0285   -2.0238   -3.3616    3.3471   -1.7142    3.7480
eta,q 0.95727 20.31071
  0.0870  0.0779  0.0704  0.0679  0.0577  0.0579  0.0696  0.0620  0.0578  0.0451  0.0470  0.0459
  0.0853  0.0788  0.0731  0.0694  0.0608  0.0582  0.0663  0.0583  0.0539  0.0441  0.0456  0.0449
  0.0837  0.0800  0.0761  0.0712  0.0652  0.0595  0.0626  0.0547  0.0503  0.0439  0.0446  0.0440
  0.0825  0.0813  0.0791  0.0739  0.0698  0.0619  0.0585  0.0514  0.0473  0.0445  0.0439  0.0432
  0.0817  0.0828  0.0821  0.0776  0.0740  0.0651  0.0542  0.0487  0.0454  0.0455  0.0434  0.0428
  0.0812  0.0845  0.0852  0.0829  0.0782  0.0680  0.0504  0.0470  0.0442  0.0480  0.0432  0.0428
  0.0811  0.0865  0.0884  0.0902  0.0830  0.0711  0.0478  0.0461  0.0436  0.0531  0.0431  0.0438
niter,ni,del,rscale     7    3    5.0000    1.2000
parameter  1 -0.711564 -> -0.500000 qaram    1.5209
parameter  6 -0.733093 -> -0.500000 qaram    2.0114
parameters
   -1.1630   27.9890   14.1073  -23.5357  -20.8340  -13.5101
   -0.5088    1.0829   -1.8465    3.6610    0.7224    2.7591
eta,q 0.96221 20.05032
  0.0529  0.0429  0.0415  0.0444  0.0489  0.0489  0.0453  0.0443  0.0401  0.0430  0.0388  0.0396
  0.0485  0.0417  0.0410  0.0428  0.0463  0.0461  0.0418  0.0413  0.0389  0.0402  0.0384  0.0387
  0.0451  0.0410  0.0407  0.0415  0.0436  0.0435  0.0399  0.0395  0.0382  0.0386  0.0380  0.0381
  0.0427  0.0407  0.0407  0.0407  0.0413  0.0413  0.0388  0.0383  0.0379  0.0378  0.0378  0.0377
  0.0412  0.0411  0.0411  0.0411  0.0401  0.0396  0.0383  0.0379  0.0379  0.0379  0.0377  0.0379
  0.0406  0.0423  0.0419  0.0461  0.0435  0.0386  0.0386  0.0383  0.0383  0.0393  0.0379  0.0387
  0.0409  0.0441  0.0434  0.0564  0.0523  0.0402  0.0395  0.0395  0.0390  0.0429  0.0382  0.0412
niter,ni,del,rscale     7    3    5.0000    1.2000
parameters
   -1.3258   27.7244   12.6257  -21.2335  -20.0146  -15.0943
   -0.5353    0.7687   -1.4402    6.7301    2.2765    1.8805
eta,q 0.96294 20.23293
  0.0419  0.0399  0.0384  0.0431  0.0458  0.0442  0.0404  0.0407  0.0391  0.0431  0.0378  0.0384
  0.0397  0.0386  0.0378  0.0409  0.0428  0.0411  0.0386  0.0388  0.0381  0.0401  0.0375  0.0377
  0.0382  0.0379  0.0375  0.0390  0.0396  0.0386  0.0375  0.0376  0.0374  0.0381  0.0372  0.0372
  0.0378  0.0378  0.0378  0.0375  0.0370  0.0366  0.0372  0.0372  0.0371  0.0372  0.0371  0.0370
  0.0385  0.0383  0.0385  0.0365  0.0354  0.0351  0.0376  0.0377  0.0374  0.0371  0.0370  0.0371
  0.0402  0.0393  0.0402  0.0370  0.0369  0.0397  0.0388  0.0391  0.0379  0.0375  0.0372  0.0377
  0.0428  0.0406  0.0432  0.0411  0.0471  0.0561  0.0403  0.0412  0.0387  0.0387  0.0375  0.0394
niter,ni,del,rscale     6    3    5.0000    1.2000
parameters
   -1.4377   27.7064   12.0541  -22.3232  -19.7447  -14.6233
   -1.1167    1.2330   -2.4800    7.3708    3.5197    0.9064
eta,q 0.96315 20.10739
  0.0417  0.0394  0.0385  0.0417  0.0452  0.0453  0.0397  0.0407  0.0383  0.0411  0.0377  0.0382
  0.0392  0.0379  0.0376  0.0398  0.0426  0.0422  0.0382  0.0389  0.0374  0.0386  0.0374  0.0374
  0.0376  0.0371  0.0371  0.0381  0.0397  0.0395  0.0372  0.0375  0.0369  0.0373  0.0370  0.0370
  0.0371  0.0371  0.0371  0.0370  0.0373  0.0372  0.0370  0.0369  0.0369  0.0369  0.0369  0.0368
  0.0377  0.0375  0.0374  0.0367  0.0358  0.0353  0.0375  0.0372  0.0373  0.0371  0.0368  0.0369
  0.0395  0.0382  0.0381  0.0388  0.0380  0.0366  0.0388  0.0383  0.0380  0.0379  0.0370  0.0376
  0.0424  0.0391  0.0398  0.0469  0.0483  0.0484  0.0404  0.0402  0.0389  0.0402  0.0374  0.0391
niter,ni,del,rscale     5    3    5.0000    1.2000
parameters
   -1.3642   28.0752   11.4712  -22.2899  -20.2261  -15.0964
   -1.3496    1.6646   -3.6543    9.2446    5.6179   -0.0925
eta,q 0.96296 20.02150
  0.0420  0.0399  0.0383  0.0418  0.0442  0.0449  0.0403  0.0410  0.0385  0.0413  0.0381  0.0383
  0.0394  0.0381  0.0375  0.0399  0.0417  0.0419  0.0387  0.0392  0.0376  0.0391  0.0377  0.0376
  0.0376  0.0371  0.0370  0.0381  0.0390  0.0394  0.0376  0.0378  0.0372  0.0378  0.0373  0.0372
  0.0368  0.0368  0.0369  0.0369  0.0369  0.0371  0.0373  0.0373  0.0373  0.0372  0.0371  0.0370
  0.0373  0.0371  0.0372  0.0364  0.0356  0.0350  0.0378  0.0375  0.0376  0.0370  0.0370  0.0372
  0.0390  0.0376  0.0380  0.0378  0.0389  0.0373  0.0390  0.0386  0.0382  0.0376  0.0372  0.0378
  0.0417  0.0385  0.0397  0.0437  0.0497  0.0519  0.0405  0.0405  0.0391  0.0392  0.0375  0.0392
niter,ni,del,rscale     4    3    5.0000    1.2000
parameters
   -1.3145   28.7829   10.5386  -22.7202  -21.2941  -15.7157
   -1.6180    2.1998   -4.6357   12.0485    5.3132   -1.8253
eta,q 0.96282 19.83746
  0.0421  0.0403  0.0379  0.0415  0.0437  0.0443  0.0405  0.0412  0.0389  0.0418  0.0378  0.0382
  0.0396  0.0385  0.0372  0.0397  0.0411  0.0417  0.0390  0.0394  0.0380  0.0399  0.0375  0.0375
  0.0377  0.0375  0.0369  0.0381  0.0387  0.0394  0.0379  0.0381  0.0376  0.0385  0.0373  0.0372
  0.0370  0.0370  0.0369  0.0369  0.0370  0.0373  0.0376  0.0376  0.0376  0.0375  0.0372  0.0372
  0.0375  0.0370  0.0373  0.0366  0.0363  0.0351  0.0381  0.0378  0.0379  0.0372  0.0373  0.0374
  0.0392  0.0374  0.0381  0.0381  0.0401  0.0373  0.0392  0.0388  0.0386  0.0377  0.0375  0.0380
  0.0420  0.0382  0.0399  0.0444  0.0507  0.0518  0.0408  0.0405  0.0394  0.0391  0.0379  0.0394
niter,ni,del,rscale     3    3    5.0000    1.2000
parameter 11  0.762493 ->  0.500000 qaram    1.5209
parameters
   -1.2497   29.8492    9.2412  -22.8669  -22.7931  -16.6243
   -1.4006    1.9807   -1.5520   16.3599   -0.1620   -3.5163
eta,q 0.96382 19.64059
  0.0421  0.0410  0.0375  0.0411  0.0429  0.0433  0.0406  0.0407  0.0401  0.0428  0.0362  0.0372
  0.0396  0.0392  0.0370  0.0394  0.0405  0.0410  0.0391  0.0390  0.0390  0.0409  0.0362  0.0366
  0.0378  0.0379  0.0368  0.0379  0.0382  0.0391  0.0380  0.0379  0.0381  0.0389  0.0363  0.0362
  0.0372  0.0372  0.0370  0.0368  0.0369  0.0372  0.0376  0.0376  0.0376  0.0373  0.0365  0.0362
  0.0377  0.0370  0.0374  0.0365  0.0366  0.0352  0.0379  0.0381  0.0373  0.0366  0.0370  0.0365
  0.0393  0.0372  0.0381  0.0377  0.0406  0.0371  0.0389  0.0393  0.0375  0.0369  0.0376  0.0371
  0.0418  0.0379  0.0396  0.0432  0.0511  0.0516  0.0403  0.0410  0.0382  0.0384  0.0383  0.0383
niter,ni,del,rscale     3    3    5.0000    1.2000
parameters
   -1.3906   31.0001    7.3311  -22.2177  -24.3867  -18.0150
   -1.5162    1.5508    0.0409   19.5206   -2.9905   -4.8849
eta,q 0.96436 19.50686
  0.0405  0.0413  0.0359  0.0400  0.0414  0.0410  0.0390  0.0398  0.0390  0.0420  0.0364  0.0370
  0.0382  0.0390  0.0355  0.0381  0.0390  0.0389  0.0376  0.0378  0.0376  0.0393  0.0359  0.0362
  0.0366  0.0372  0.0355  0.0365  0.0367  0.0371  0.0365  0.0365  0.0366  0.0372  0.0357  0.0357
  0.0362  0.0362  0.0358  0.0355  0.0354  0.0357  0.0361  0.0361  0.0361  0.0360  0.0358  0.0357
  0.0369  0.0358  0.0365  0.0354  0.0355  0.0343  0.0365  0.0368  0.0361  0.0358  0.0361  0.0360
  0.0387  0.0361  0.0375  0.0360  0.0394  0.0359  0.0376  0.0384  0.0366  0.0362  0.0368  0.0368
  0.0412  0.0370  0.0392  0.0402  0.0497  0.0504  0.0392  0.0404  0.0376  0.0377  0.0375  0.0378
niter,ni,del,rscale     2    3    5.0000    1.2000
parameters
   -1.4486   31.8463    6.2043  -22.6474  -25.5644  -19.9907
   -1.8799    1.2605    0.7365   22.0912   -3.5678   -5.0249
eta,q 0.96430 19.35950
  0.0404  0.0399  0.0363  0.0398  0.0412  0.0403  0.0388  0.0400  0.0382  0.0408  0.0371  0.0375
  0.0379  0.0378  0.0356  0.0378  0.0389  0.0381  0.0374  0.0378  0.0370  0.0385  0.0363  0.0365
  0.0362  0.0364  0.0353  0.0362  0.0367  0.0366  0.0363  0.0364  0.0363  0.0369  0.0358  0.0359
  0.0356  0.0356  0.0355  0.0353  0.0353  0.0356  0.0359  0.0359  0.0359  0.0359  0.0357  0.0357
  0.0363  0.0355  0.0360  0.0356  0.0352  0.0349  0.0364  0.0366  0.0360  0.0357  0.0359  0.0360
  0.0381  0.0360  0.0368  0.0367  0.0382  0.0362  0.0377  0.0382  0.0366  0.0362  0.0365  0.0366
  0.0407  0.0369  0.0381  0.0420  0.0474  0.0512  0.0393  0.0404  0.0377  0.0378  0.0374  0.0375
niter,ni,del,rscale     1    3    5.0000    1.2000
parameters
   -1.4893   32.6254    5.3058  -22.6707  -26.7813  -21.9707
   -2.0407    0.9906    0.7597   23.7155   -3.6959   -5.0098
eta,q 0.96422 19.23958
  0.0407  0.0397  0.0367  0.0402  0.0412  0.0404  0.0390  0.0401  0.0379  0.0403  0.0373  0.0377
  0.0381  0.0377  0.0358  0.0382  0.0389  0.0380  0.0374  0.0378  0.0368  0.0383  0.0366  0.0367
  0.0363  0.0364  0.0355  0.0364  0.0367  0.0364  0.0363  0.0364  0.0361  0.0367  0.0360  0.0360
  0.0357  0.0357  0.0355  0.0354  0.0354  0.0357  0.0359  0.0359  0.0359  0.0359  0.0358  0.0358
  0.0364  0.0356  0.0361  0.0358  0.0354  0.0356  0.0364  0.0366  0.0361  0.0359  0.0360  0.0360
  0.0382  0.0360  0.0371  0.0369  0.0385  0.0362  0.0375  0.0383  0.0368  0.0365  0.0366  0.0367
  0.0409  0.0370  0.0382  0.0413  0.0473  0.0506  0.0392  0.0405  0.0379  0.0385  0.0374  0.0376
registration optimization eta report
parameter search radius
    3.6501    3.1740    4.1976   12.5928   12.5928   14.4818
    9.5220    9.5220    9.5220   10.9503   10.9503   10.9503
100000*second partial in parameter space
       38.       26.       11.        3.        6.        5.
        3.        5.        2.        3.        1.        2.
  0.0407  0.0397  0.0367  0.0402  0.0412  0.0404  0.0390  0.0401  0.0379  0.0403  0.0373  0.0377
  0.0381  0.0377  0.0358  0.0382  0.0389  0.0380  0.0374  0.0378  0.0368  0.0383  0.0366  0.0367
  0.0363  0.0364  0.0355  0.0364  0.0367  0.0364  0.0363  0.0364  0.0361  0.0367  0.0360  0.0360
  0.0357  0.0357  0.0355  0.0354  0.0354  0.0357  0.0359  0.0359  0.0359  0.0359  0.0358  0.0358
  0.0364  0.0356  0.0361  0.0358  0.0354  0.0356  0.0364  0.0366  0.0361  0.0359  0.0360  0.0360
  0.0382  0.0360  0.0371  0.0369  0.0385  0.0362  0.0375  0.0383  0.0368  0.0365  0.0366  0.0367
  0.0409  0.0370  0.0382  0.0413  0.0473  0.0506  0.0392  0.0405  0.0379  0.0385  0.0374  0.0376
   -1.4893   32.6254    5.3058  -22.6707  -26.7813  -21.9707
   -2.0407    0.9906    0.7597   23.7155   -3.6959   -5.0098
eta,q 0.96422 19.23958

---------------------------------------------------------------------
imgreg_4dfp /opt/freesurfer/average/711-2C_as_mni_average_305 /opt/freesurfer/average/711-2B_as_mni_average_305_mask talsrcimg_g11 none talsrcimg_to_711-2C_as_mni_average_305_t4 2311
---------------------------------------------------------------------

freesurfer imgreg_4dfp.c
/opt/freesurfer/average/711-2C_as_mni_average_305.4dfp.img
       256       256       256         1
  1.000000  1.000000  1.000000
orientation T byte_order littleendian
Reading image: /opt/freesurfer/average/711-2C_as_mni_average_305.4dfp.img
dimensions:      256       256       256
mmppix:       1.0000   -1.0000   -1.0000
center:     128.0000 -129.0000 -129.0000
/opt/freesurfer/average/711-2B_as_mni_average_305_mask.4dfp.img
       256       256       256         1
  1.000000  1.000000  1.000000
orientation T byte_order littleendian
Reading mask: /opt/freesurfer/average/711-2B_as_mni_average_305_mask.4dfp.img (2306576 pixels)
talsrcimg_g11.4dfp.img
       320       320       320         1
  0.700000  0.700000  0.700000
orientation T byte_order littleendian
Reading image: talsrcimg_g11.4dfp.img
dimensions:      320       320       320
mmppix:       0.7000   -0.7000   -0.7000
center:     112.0000 -112.7000 -112.7000
fimgreg.f
image alignment mode   2311 decimal      907 hex
parameters
   -1.4893   32.6254    5.3058  -22.6707  -26.7813  -21.9707
   -2.0407    0.9906    0.7597   23.7155   -3.6959   -5.0098
eta,q 0.96422 19.23957
niter,ni,del,rscale     5    3    5.0000    0.8000
parameter  5 -0.634470 -> -0.500000 qaram    1.1500
parameters
   -1.5303   33.0879    4.7313  -21.5986  -24.0213  -20.5088
   -1.8842    0.9559    0.7144   23.4126   -3.0981   -6.3737
eta,q 0.96475 19.61242
  0.0368  0.0369  0.0358  0.0369  0.0374  0.0359  0.0363  0.0367  0.0359  0.0360  0.0358  0.0355
  0.0362  0.0364  0.0357  0.0364  0.0367  0.0356  0.0358  0.0360  0.0356  0.0356  0.0355  0.0353
  0.0359  0.0360  0.0357  0.0359  0.0361  0.0354  0.0354  0.0355  0.0354  0.0354  0.0354  0.0353
  0.0358  0.0358  0.0357  0.0357  0.0357  0.0353  0.0353  0.0353  0.0353  0.0353  0.0353  0.0353
  0.0359  0.0357  0.0358  0.0357  0.0354  0.0353  0.0354  0.0355  0.0354  0.0354  0.0353  0.0354
  0.0363  0.0358  0.0360  0.0359  0.0353  0.0353  0.0357  0.0360  0.0356  0.0357  0.0354  0.0357
  0.0369  0.0361  0.0363  0.0362  0.0355  0.0354  0.0362  0.0368  0.0359  0.0363  0.0356  0.0360
niter,ni,del,rscale     5    3    5.0000    0.8000
parameters
   -1.6166   32.6243    4.8639  -21.5645  -23.9980  -19.1355
   -1.6399    0.9358    0.6234   23.1476   -3.0334   -6.6227
eta,q 0.96487 19.66129
  0.0363  0.0356  0.0356  0.0361  0.0366  0.0357  0.0362  0.0367  0.0357  0.0358  0.0355  0.0355
  0.0357  0.0353  0.0354  0.0356  0.0359  0.0354  0.0357  0.0358  0.0354  0.0354  0.0353  0.0353
  0.0353  0.0352  0.0352  0.0353  0.0354  0.0353  0.0353  0.0353  0.0352  0.0352  0.0352  0.0352
  0.0352  0.0352  0.0352  0.0352  0.0352  0.0352  0.0351  0.0351  0.0351  0.0351  0.0351  0.0351
  0.0354  0.0355  0.0352  0.0353  0.0352  0.0351  0.0352  0.0353  0.0352  0.0352  0.0352  0.0352
  0.0358  0.0359  0.0353  0.0356  0.0356  0.0352  0.0355  0.0359  0.0354  0.0355  0.0353  0.0353
  0.0365  0.0364  0.0355  0.0360  0.0368  0.0353  0.0361  0.0367  0.0358  0.0360  0.0355  0.0356
niter,ni,del,rscale     4    3    5.0000    0.7000
parameters
   -1.6512   32.5248    5.1758  -21.6298  -23.7398  -17.9308
   -1.5670    0.9651    0.5339   22.4568   -3.0142   -7.0227
eta,q 0.96496 19.70758
  0.0360  0.0356  0.0355  0.0358  0.0362  0.0355  0.0359  0.0363  0.0355  0.0355  0.0353  0.0353
  0.0355  0.0353  0.0353  0.0354  0.0357  0.0353  0.0354  0.0356  0.0353  0.0352  0.0352  0.0351
  0.0352  0.0352  0.0352  0.0352  0.0353  0.0352  0.0352  0.0352  0.0351  0.0351  0.0351  0.0351
  0.0351  0.0351  0.0351  0.0351  0.0351  0.0351  0.0351  0.0351  0.0351  0.0351  0.0350  0.0350
  0.0352  0.0352  0.0351  0.0352  0.0351  0.0351  0.0351  0.0352  0.0351  0.0352  0.0351  0.0351
  0.0356  0.0354  0.0352  0.0355  0.0354  0.0351  0.0354  0.0356  0.0353  0.0354  0.0352  0.0352
  0.0361  0.0358  0.0353  0.0358  0.0361  0.0352  0.0358  0.0363  0.0356  0.0359  0.0353  0.0354
niter,ni,del,rscale     3    3    5.0000    0.6000
parameter  6 -0.716715 -> -0.500000 qaram    1.1500
parameters
   -1.6560   32.3414    5.5922  -21.6905  -23.1800  -15.8608
   -1.5925    1.1694    0.4789   20.8997   -3.0422   -7.7515
eta,q 0.96518 19.80822
  0.0357  0.0353  0.0354  0.0355  0.0359  0.0354  0.0355  0.0360  0.0352  0.0349  0.0350  0.0350
  0.0353  0.0351  0.0352  0.0352  0.0355  0.0352  0.0352  0.0354  0.0351  0.0348  0.0349  0.0349
  0.0351  0.0350  0.0351  0.0350  0.0352  0.0351  0.0350  0.0351  0.0349  0.0348  0.0348  0.0348
  0.0350  0.0350  0.0350  0.0350  0.0350  0.0350  0.0349  0.0349  0.0349  0.0349  0.0348  0.0348
  0.0351  0.0351  0.0350  0.0351  0.0350  0.0349  0.0350  0.0350  0.0350  0.0351  0.0349  0.0349
  0.0353  0.0353  0.0350  0.0353  0.0351  0.0349  0.0352  0.0353  0.0351  0.0354  0.0349  0.0350
  0.0357  0.0356  0.0351  0.0355  0.0356  0.0349  0.0355  0.0357  0.0353  0.0359  0.0350  0.0351
niter,ni,del,rscale     3    3    5.0000    0.6000
parameter  3 -0.792500 -> -0.500000 qaram    1.1500
parameter  6  3.714758 -> -0.500000 qaram    1.3225
parameters
   -1.6451   31.9988    6.2822  -21.5243  -22.3401  -13.4803
   -1.7492    1.5878    0.5228   19.1557   -2.2684   -9.2021
eta,q 0.96585 20.03501
  0.0355  0.0350  0.0353  0.0352  0.0356  0.0354  0.0349  0.0355  0.0347  0.0343  0.0344  0.0342
  0.0351  0.0348  0.0351  0.0349  0.0352  0.0351  0.0346  0.0349  0.0345  0.0342  0.0343  0.0342
  0.0349  0.0348  0.0349  0.0347  0.0349  0.0349  0.0344  0.0345  0.0344  0.0342  0.0342  0.0342
  0.0348  0.0348  0.0348  0.0347  0.0347  0.0346  0.0343  0.0343  0.0343  0.0343  0.0342  0.0342
  0.0349  0.0349  0.0347  0.0347  0.0346  0.0345  0.0344  0.0344  0.0344  0.0346  0.0342  0.0343
  0.0351  0.0351  0.0347  0.0349  0.0347  0.0342  0.0346  0.0346  0.0345  0.0350  0.0342  0.0344
  0.0355  0.0354  0.0347  0.0351  0.0351  0.0337  0.0350  0.0351  0.0347  0.0358  0.0343  0.0345
niter,ni,del,rscale     4    3    5.0000    0.7000
parameter  3 -1.042833 -> -0.500000 qaram    1.3225
parameters
   -1.6121   31.4948    7.2080  -20.5345  -21.5821  -12.1695
   -1.9488    1.7902    0.2376   17.8817   -1.1136   -9.7776
eta,q 0.96667 20.33380
  0.0351  0.0343  0.0345  0.0347  0.0353  0.0356  0.0342  0.0349  0.0339  0.0338  0.0337  0.0336
  0.0346  0.0341  0.0343  0.0343  0.0347  0.0351  0.0337  0.0341  0.0336  0.0335  0.0336  0.0334
  0.0343  0.0341  0.0342  0.0340  0.0342  0.0344  0.0335  0.0336  0.0335  0.0334  0.0334  0.0333
  0.0342  0.0342  0.0341  0.0339  0.0339  0.0339  0.0334  0.0334  0.0334  0.0334  0.0334  0.0333
  0.0342  0.0344  0.0340  0.0340  0.0339  0.0332  0.0336  0.0336  0.0335  0.0337  0.0333  0.0334
  0.0345  0.0347  0.0339  0.0340  0.0340  0.0328  0.0338  0.0340  0.0337  0.0343  0.0334  0.0335
  0.0350  0.0351  0.0339  0.0341  0.0348  0.0351  0.0343  0.0347  0.0341  0.0354  0.0335  0.0338
niter,ni,del,rscale     4    3    5.0000    0.7000
parameters
   -1.4721   31.0550    7.4167  -19.1624  -20.9336  -11.8930
   -2.2109    1.9550   -0.0435   17.4636   -0.4327   -9.8571
eta,q 0.96696 20.62387
  0.0344  0.0336  0.0337  0.0339  0.0347  0.0355  0.0337  0.0344  0.0336  0.0339  0.0334  0.0334
  0.0338  0.0333  0.0334  0.0335  0.0340  0.0347  0.0333  0.0337  0.0333  0.0334  0.0332  0.0332
  0.0335  0.0332  0.0333  0.0333  0.0335  0.0339  0.0331  0.0332  0.0331  0.0331  0.0331  0.0331
  0.0333  0.0333  0.0332  0.0332  0.0332  0.0332  0.0331  0.0331  0.0330  0.0331  0.0330  0.0330
  0.0334  0.0335  0.0332  0.0332  0.0332  0.0323  0.0332  0.0332  0.0331  0.0332  0.0330  0.0331
  0.0336  0.0339  0.0333  0.0333  0.0334  0.0332  0.0335  0.0336  0.0334  0.0336  0.0331  0.0332
  0.0340  0.0344  0.0335  0.0333  0.0342  0.0361  0.0339  0.0342  0.0337  0.0344  0.0332  0.0334
niter,ni,del,rscale     3    3    5.0000    0.6000
parameters
   -1.3037   30.8397    7.5836  -18.7572  -20.5815  -11.1755
   -2.4720    2.1293   -0.2159   17.1777   -0.7331   -9.9879
eta,q 0.96741 20.79364
  0.0338  0.0333  0.0334  0.0333  0.0340  0.0351  0.0331  0.0337  0.0330  0.0333  0.0328  0.0328
  0.0334  0.0331  0.0332  0.0331  0.0335  0.0344  0.0328  0.0331  0.0328  0.0329  0.0327  0.0327
  0.0332  0.0330  0.0330  0.0330  0.0331  0.0337  0.0326  0.0328  0.0326  0.0327  0.0326  0.0326
  0.0330  0.0330  0.0330  0.0330  0.0330  0.0330  0.0326  0.0326  0.0326  0.0326  0.0326  0.0326
  0.0330  0.0331  0.0330  0.0330  0.0330  0.0322  0.0327  0.0327  0.0327  0.0327  0.0326  0.0326
  0.0332  0.0334  0.0331  0.0330  0.0332  0.0326  0.0329  0.0330  0.0328  0.0330  0.0327  0.0327
  0.0335  0.0337  0.0332  0.0332  0.0338  0.0348  0.0333  0.0335  0.0331  0.0336  0.0329  0.0329
niter,ni,del,rscale     2    3    5.0000    0.5000
parameters
   -1.2064   30.6636    7.6938  -18.4831  -20.3332  -10.7193
   -2.6085    2.3072   -0.1782   17.0532   -1.1969  -10.0687
eta,q 0.96771 20.91100
  0.0331  0.0328  0.0330  0.0328  0.0332  0.0345  0.0327  0.0331  0.0326  0.0328  0.0324  0.0325
  0.0329  0.0327  0.0327  0.0327  0.0329  0.0338  0.0325  0.0327  0.0324  0.0325  0.0323  0.0324
  0.0327  0.0326  0.0326  0.0326  0.0327  0.0333  0.0323  0.0324  0.0323  0.0324  0.0323  0.0323
  0.0326  0.0326  0.0326  0.0326  0.0326  0.0326  0.0323  0.0323  0.0323  0.0323  0.0323  0.0323
  0.0326  0.0327  0.0326  0.0326  0.0326  0.0319  0.0324  0.0323  0.0323  0.0323  0.0323  0.0323
  0.0327  0.0328  0.0327  0.0326  0.0327  0.0325  0.0325  0.0326  0.0324  0.0326  0.0324  0.0324
  0.0330  0.0331  0.0328  0.0327  0.0331  0.0344  0.0327  0.0330  0.0326  0.0330  0.0325  0.0325
niter,ni,del,rscale     1    3    5.0000    0.4000
parameters
   -1.1429   30.5302    7.7783  -18.2385  -20.1444  -10.2721
   -2.7251    2.4254   -0.1206   16.9502   -1.6349  -10.2144
eta,q 0.96798 21.01715
  0.0326  0.0324  0.0326  0.0324  0.0327  0.0339  0.0323  0.0326  0.0323  0.0324  0.0321  0.0321
  0.0325  0.0323  0.0324  0.0324  0.0325  0.0334  0.0321  0.0323  0.0321  0.0322  0.0320  0.0321
  0.0323  0.0323  0.0323  0.0323  0.0323  0.0329  0.0321  0.0321  0.0321  0.0321  0.0320  0.0320
  0.0323  0.0323  0.0323  0.0323  0.0323  0.0323  0.0320  0.0320  0.0320  0.0320  0.0320  0.0320
  0.0323  0.0323  0.0323  0.0323  0.0323  0.0318  0.0321  0.0321  0.0320  0.0321  0.0321  0.0320
  0.0324  0.0324  0.0324  0.0323  0.0324  0.0323  0.0322  0.0322  0.0321  0.0322  0.0321  0.0321
  0.0325  0.0326  0.0325  0.0324  0.0326  0.0336  0.0323  0.0325  0.0322  0.0325  0.0322  0.0322
registration optimization eta report
parameter search radius
    0.8000    0.8000    1.0580    2.4000    2.7600    3.1740
    2.4000    2.4000    2.4000    2.4000    2.4000    2.4000
100000*second partial in parameter space
       46.       38.       26.        2.        5.       15.
        5.        9.        4.        8.        2.        2.
  0.0326  0.0324  0.0326  0.0324  0.0327  0.0339  0.0323  0.0326  0.0323  0.0324  0.0321  0.0321
  0.0325  0.0323  0.0324  0.0324  0.0325  0.0334  0.0321  0.0323  0.0321  0.0322  0.0320  0.0321
  0.0323  0.0323  0.0323  0.0323  0.0323  0.0329  0.0321  0.0321  0.0321  0.0321  0.0320  0.0320
  0.0323  0.0323  0.0323  0.0323  0.0323  0.0323  0.0320  0.0320  0.0320  0.0320  0.0320  0.0320
  0.0323  0.0323  0.0323  0.0323  0.0323  0.0318  0.0321  0.0321  0.0320  0.0321  0.0321  0.0320
  0.0324  0.0324  0.0324  0.0323  0.0324  0.0323  0.0322  0.0322  0.0321  0.0322  0.0321  0.0321
  0.0325  0.0326  0.0325  0.0324  0.0326  0.0336  0.0323  0.0325  0.0322  0.0325  0.0322  0.0322
   -1.1429   30.5302    7.7783  -18.2385  -20.1444  -10.2721
   -2.7251    2.4254   -0.1206   16.9502   -1.6349  -10.2144
eta,q 0.96798 21.01715

---------------------------------------------------------------------
imgreg_4dfp /opt/freesurfer/average/711-2C_as_mni_average_305 /opt/freesurfer/average/711-2B_as_mni_average_305_mask talsrcimg_g11 none talsrcimg_to_711-2C_as_mni_average_305_t4 2311
---------------------------------------------------------------------

freesurfer imgreg_4dfp.c
/opt/freesurfer/average/711-2C_as_mni_average_305.4dfp.img
       256       256       256         1
  1.000000  1.000000  1.000000
orientation T byte_order littleendian
Reading image: /opt/freesurfer/average/711-2C_as_mni_average_305.4dfp.img
dimensions:      256       256       256
mmppix:       1.0000   -1.0000   -1.0000
center:     128.0000 -129.0000 -129.0000
/opt/freesurfer/average/711-2B_as_mni_average_305_mask.4dfp.img
       256       256       256         1
  1.000000  1.000000  1.000000
orientation T byte_order littleendian
Reading mask: /opt/freesurfer/average/711-2B_as_mni_average_305_mask.4dfp.img (2306576 pixels)
talsrcimg_g11.4dfp.img
       320       320       320         1
  0.700000  0.700000  0.700000
orientation T byte_order littleendian
Reading image: talsrcimg_g11.4dfp.img
dimensions:      320       320       320
mmppix:       0.7000   -0.7000   -0.7000
center:     112.0000 -112.7000 -112.7000
fimgreg.f
image alignment mode   2311 decimal      907 hex
parameters
   -1.1429   30.5302    7.7783  -18.2385  -20.1444  -10.2721
   -2.7251    2.4254   -0.1206   16.9502   -1.6349  -10.2144
eta,q 0.96798 21.01714
niter,ni,del,rscale     5    3    5.0000    0.8000
parameters
   -1.1515   30.3742    7.9761  -18.9888  -20.4425  -10.7439
   -2.6501    2.4521   -0.0366   16.6644   -1.1155   -9.8768
eta,q 0.96766 20.80293
  0.0332  0.0328  0.0332  0.0325  0.0331  0.0346  0.0334  0.0341  0.0332  0.0337  0.0329  0.0329
  0.0326  0.0324  0.0326  0.0322  0.0325  0.0338  0.0329  0.0332  0.0327  0.0329  0.0326  0.0326
  0.0322  0.0321  0.0322  0.0321  0.0322  0.0330  0.0325  0.0326  0.0325  0.0325  0.0324  0.0324
  0.0320  0.0320  0.0320  0.0320  0.0321  0.0321  0.0323  0.0323  0.0323  0.0323  0.0323  0.0323
  0.0321  0.0322  0.0321  0.0320  0.0321  0.0320  0.0325  0.0325  0.0324  0.0325  0.0324  0.0324
  0.0326  0.0326  0.0323  0.0324  0.0325  0.0340  0.0328  0.0331  0.0327  0.0331  0.0325  0.0325
  0.0333  0.0333  0.0327  0.0334  0.0337  0.0371  0.0334  0.0341  0.0332  0.0342  0.0327  0.0328
niter,ni,del,rscale     4    3    5.0000    0.7000
parameters
   -1.1159   30.5051    7.8905  -18.6721  -20.3587  -10.6241
   -2.7690    2.4265   -0.1206   16.6534   -1.2117   -9.8814
eta,q 0.96776 20.87214
  0.0333  0.0332  0.0327  0.0329  0.0332  0.0345  0.0330  0.0336  0.0329  0.0335  0.0326  0.0326
  0.0328  0.0328  0.0325  0.0326  0.0327  0.0337  0.0326  0.0329  0.0325  0.0328  0.0324  0.0324
  0.0325  0.0325  0.0323  0.0324  0.0324  0.0331  0.0323  0.0324  0.0323  0.0324  0.0323  0.0323
  0.0323  0.0323  0.0323  0.0323  0.0323  0.0323  0.0322  0.0322  0.0322  0.0322  0.0322  0.0322
  0.0324  0.0324  0.0324  0.0323  0.0324  0.0318  0.0323  0.0324  0.0323  0.0323  0.0323  0.0323
  0.0327  0.0326  0.0326  0.0324  0.0326  0.0329  0.0326  0.0329  0.0325  0.0327  0.0324  0.0324
  0.0332  0.0329  0.0328  0.0328  0.0332  0.0350  0.0331  0.0337  0.0329  0.0336  0.0326  0.0326
niter,ni,del,rscale     3    3    5.0000    0.6000
parameters
   -1.0996   30.4722    7.9112  -18.5606  -20.2190  -10.3551
   -2.7883    2.4502   -0.1231   16.6344   -1.4527   -9.9706
eta,q 0.96792 20.93605
  0.0329  0.0328  0.0326  0.0326  0.0329  0.0341  0.0327  0.0332  0.0326  0.0330  0.0323  0.0324
  0.0326  0.0325  0.0324  0.0324  0.0325  0.0335  0.0323  0.0326  0.0323  0.0325  0.0322  0.0322
  0.0323  0.0323  0.0323  0.0323  0.0323  0.0329  0.0321  0.0322  0.0321  0.0322  0.0321  0.0321
  0.0322  0.0322  0.0322  0.0322  0.0322  0.0322  0.0321  0.0321  0.0321  0.0321  0.0321  0.0321
  0.0323  0.0323  0.0323  0.0322  0.0323  0.0318  0.0322  0.0322  0.0321  0.0321  0.0321  0.0321
  0.0325  0.0325  0.0324  0.0323  0.0324  0.0325  0.0324  0.0325  0.0323  0.0325  0.0322  0.0322
  0.0329  0.0328  0.0326  0.0326  0.0328  0.0342  0.0327  0.0332  0.0326  0.0331  0.0324  0.0324
niter,ni,del,rscale     2    3    5.0000    0.5000
parameters
   -1.0828   30.3986    7.9676  -18.3631  -20.0946  -10.0569
   -2.8191    2.4904   -0.0750   16.5896   -1.7330  -10.1156
eta,q 0.96808 21.01348
  0.0326  0.0324  0.0324  0.0323  0.0325  0.0337  0.0323  0.0327  0.0323  0.0326  0.0321  0.0321
  0.0323  0.0322  0.0322  0.0322  0.0323  0.0332  0.0321  0.0323  0.0321  0.0322  0.0320  0.0320
  0.0321  0.0321  0.0321  0.0321  0.0321  0.0327  0.0320  0.0320  0.0320  0.0320  0.0319  0.0319
  0.0321  0.0321  0.0321  0.0321  0.0321  0.0321  0.0319  0.0319  0.0319  0.0319  0.0319  0.0319
  0.0321  0.0321  0.0321  0.0321  0.0321  0.0317  0.0320  0.0320  0.0319  0.0320  0.0320  0.0319
  0.0323  0.0323  0.0322  0.0321  0.0322  0.0323  0.0321  0.0322  0.0321  0.0322  0.0320  0.0320
  0.0325  0.0325  0.0324  0.0323  0.0325  0.0336  0.0323  0.0327  0.0322  0.0327  0.0322  0.0321
niter,ni,del,rscale     1    3    5.0000    0.4000
parameters
   -1.0713   30.3026    8.0589  -18.1231  -19.9836   -9.7387
   -2.8319    2.5212   -0.0012   16.4737   -2.0565  -10.2927
eta,q 0.96824 21.09516
  0.0322  0.0321  0.0322  0.0321  0.0322  0.0333  0.0320  0.0323  0.0320  0.0322  0.0319  0.0319
  0.0321  0.0320  0.0321  0.0320  0.0320  0.0329  0.0319  0.0320  0.0319  0.0320  0.0318  0.0318
  0.0320  0.0319  0.0320  0.0320  0.0319  0.0324  0.0318  0.0318  0.0318  0.0318  0.0318  0.0318
  0.0319  0.0319  0.0319  0.0319  0.0319  0.0319  0.0318  0.0318  0.0318  0.0318  0.0318  0.0318
  0.0319  0.0320  0.0319  0.0319  0.0319  0.0317  0.0318  0.0318  0.0318  0.0318  0.0318  0.0318
  0.0320  0.0321  0.0320  0.0319  0.0320  0.0321  0.0319  0.0320  0.0318  0.0320  0.0319  0.0318
  0.0322  0.0322  0.0321  0.0320  0.0321  0.0330  0.0320  0.0323  0.0320  0.0323  0.0319  0.0319
registration optimization eta report
parameter search radius
    0.8000    0.8000    0.8000    2.4000    2.4000    2.4000
    2.4000    2.4000    2.4000    2.4000    2.4000    2.4000
100000*second partial in parameter space
       49.       40.       40.        3.        4.       22.
        5.        9.        4.        9.        2.        3.
  0.0322  0.0321  0.0322  0.0321  0.0322  0.0333  0.0320  0.0323  0.0320  0.0322  0.0319  0.0319
  0.0321  0.0320  0.0321  0.0320  0.0320  0.0329  0.0319  0.0320  0.0319  0.0320  0.0318  0.0318
  0.0320  0.0319  0.0320  0.0320  0.0319  0.0324  0.0318  0.0318  0.0318  0.0318  0.0318  0.0318
  0.0319  0.0319  0.0319  0.0319  0.0319  0.0319  0.0318  0.0318  0.0318  0.0318  0.0318  0.0318
  0.0319  0.0320  0.0319  0.0319  0.0319  0.0317  0.0318  0.0318  0.0318  0.0318  0.0318  0.0318
  0.0320  0.0321  0.0320  0.0319  0.0320  0.0321  0.0319  0.0320  0.0318  0.0320  0.0319  0.0318
  0.0322  0.0322  0.0321  0.0320  0.0321  0.0330  0.0320  0.0323  0.0320  0.0323  0.0319  0.0319
   -1.0713   30.3026    8.0589  -18.1231  -19.9836   -9.7387
   -2.8319    2.5212   -0.0012   16.4737   -2.0565  -10.2927
eta,q 0.96824 21.09516

---------------------------------------------------------------------
compute_vox2vox talsrcimg talsrcimg_to_711-2C_as_mni_average_305_t4 /opt/freesurfer/average/711-2C_as_mni_average_305
---------------------------------------------------------------------

freesurfer compute_vox2vox.c
Reading: talsrcimg.4dfp.ifh
Reading: talsrcimg_to_711-2C_as_mni_average_305_t4
Reading: /opt/freesurfer/average/711-2C_as_mni_average_305.4dfp.ifh
Writing: talsrcimg_to_711-2C_as_mni_average_305_t4_vox2vox.txt

start time Fri Mar 13 07:27:00 CET 2026
end		time Fri Mar 13 07:27:22 CET 2026

mpr2mni305 success

avi2talxfm orig_nu.mgz /opt/freesurfer/average/mni305.cor.mgz talsrcimg_to_711-2C_as_mni_average_305_t4_vox2vox.txt transforms/talairach.auto.xfm
avi2talxfm done
mv -f /out/sourcedata/freesurfer/sub-v2s5x29555_ses-1/mri/talsrcimg_to_711-2C_as_mni_average_305_t4_vox2vox.txt /out/sourcedata/freesurfer/sub-v2s5x29555_ses-1/mri/transforms/talsrcimg_to_711-2C_as_mni_average_305_t4_vox2vox.txt
lta_convert --src orig_nu.mgz --trg /opt/freesurfer/average/mni305.cor.mgz --inxfm transforms/talairach.auto.xfm --outlta transforms/talairach.auto.xfm.lta --subject fsaverage
7.3.2

--src: orig_nu.mgz src image (geometry).
--trg: /opt/freesurfer/average/mni305.cor.mgz trg image (geometry).
--inmni: transforms/talairach.auto.xfm input MNI/XFM transform.
--outlta: transforms/talairach.auto.xfm.lta output LTA.
--s: fsaverage subject name
 LTA read, type : 1
 1.22032  -0.04101   0.03791  -0.68251;
 0.02717   1.08157   0.14009  -24.72752;
-0.00557  -0.22267   1.22090  -6.41036;
 0.00000   0.00000   0.00000   1.00000;
setting subject to fsaverage
Writing  LTA to file transforms/talairach.auto.xfm.lta...
lta_convert successful.
 
 
Started at Fri Mar 13 07:27:00 CET 2026
Ended   at Fri Mar 13 07:27:22 CET 2026
talairach_avi done
