/out/sourcedata/freesurfer/sub-v2s5x29568_ses-1/mri
/opt/freesurfer/bin/talairach_avi
--i orig_nu.mgz --xfm transforms/talairach.auto.xfm
talairach_avi 7.3.2
Linux dna086 5.14.0-427.37.1.el9_4.x86_64 #1 SMP PREEMPT_DYNAMIC Fri Sep 13 12:41:50 EDT 2024 x86_64 x86_64 x86_64 GNU/Linux
Fri Mar 13 07:59:03 CET 2026
mri_convert orig_nu.mgz talsrcimg.img 
reading from orig_nu.mgz...
TR=0.00, TE=0.00, TI=0.00, flip angle=0.00
i_ras = (-1, -5.32224e-09, 0)
j_ras = (0, 0, -1)
k_ras = (0, 1, 0)
writing to talsrcimg.img...
Analyze Output Matrix
-0.69995   0.00000   0.00000   115.29128;
-0.00000   0.00000   0.69995  -87.17998;
 0.00000  -0.69995   0.00000   102.92863;
 0.00000   0.00000   0.00000   1.00000;
--------------------
INFO: set hdr.hist.orient to -1
mpr2mni305 talsrcimg
Fri Mar 13 07:59:03 CET 2026
/opt/freesurfer/bin/mpr2mni305 talsrcimg
mpr2mni305 7.3.2
target=711-2C_as_mni_average_305

---------------------------------------------------------------------
analyzeto4dfp talsrcimg -O0 -y
---------------------------------------------------------------------

freesurfer ifh2hdr.c
Fri Mar 13 07:59:03 2026
Writing: talsrcimg.4dfp.hdr
freesurfer analyzeto4dfp.c
Reading: talsrcimg.hdr
header size 348 bytes
hdr.dime.datatype	offset=70	value=2
hdr.dime.bitpix		offset=72	value=8
hdr.hist.orient		offset=252	value=-1
dimensionality     4
dimensions       320       320       320         1
Reading: talsrcimg.img
Writing: talsrcimg.4dfp.img
Writing: talsrcimg.4dfp.ifh
ifh2hdr talsrcimg -r0to220
ori=2

---------------------------------------------------------------------
gauss_4dfp talsrcimg 1.1
---------------------------------------------------------------------

freesurfer gauss_4dfp.c
Reading: talsrcimg.4dfp.img
Writing: talsrcimg_g11.4dfp.img
image dimensions 320 320 320 padded to 384 384 384
processing volume 1freesurfer ifh2hdr.c
Fri Mar 13 07:59:11 2026
Writing: talsrcimg_g11.4dfp.hdr

Writing: talsrcimg_g11.4dfp.ifh
including: talsrcimg.4dfp.img.rec in talsrcimg_g11.4dfp.img.rec

---------------------------------------------------------------------
imgreg_4dfp /opt/freesurfer/average/711-2C_as_mni_average_305 none talsrcimg_g11 none talsrcimg_to_711-2C_as_mni_average_305_t4 4355
---------------------------------------------------------------------

freesurfer imgreg_4dfp.c
/opt/freesurfer/average/711-2C_as_mni_average_305.4dfp.img
       256       256       256         1
  1.000000  1.000000  1.000000
orientation T byte_order littleendian
Reading image: /opt/freesurfer/average/711-2C_as_mni_average_305.4dfp.img
dimensions:      256       256       256
mmppix:       1.0000   -1.0000   -1.0000
center:     128.0000 -129.0000 -129.0000
talsrcimg_g11.4dfp.img
       320       320       320         1
  0.699948  0.699948  0.699948
orientation T byte_order littleendian
Reading image: talsrcimg_g11.4dfp.img
dimensions:      320       320       320
mmppix:       0.6999   -0.6999   -0.6999
center:     111.9917 -112.6916 -112.6916
t4_read: open error in t4_sub.f l:  41 t4_file(1:l)talsrcimg_to_711-2C_as_mni_average_305_t4 
t4_read: transform initialized to I4
rotation matrix determinant  1.000000
image alignment mode   4355 decimal     1103 hex
   -7.5000  -45.0000  -45.0000 4129.6597   22.4707
    0.0000  -45.0000  -45.0000 4391.0977   22.4775
    7.5000  -45.0000  -45.0000 4179.9844   22.4582
   -7.5000  -37.5000  -45.0000 4477.8691   22.3604
    0.0000  -37.5000  -45.0000 4755.3428   22.3686
    7.5000  -37.5000  -45.0000 4528.8867   22.3493
   -7.5000  -30.0000  -45.0000 4890.6929   21.9004
    0.0000  -30.0000  -45.0000 5187.9302   21.8953
    7.5000  -30.0000  -45.0000 4937.9614   21.8501
   -7.5000  -22.5000  -45.0000 5188.5176   21.0191
    0.0000  -22.5000  -45.0000 5489.5645   21.0125
    7.5000  -22.5000  -45.0000 5244.0518   20.9641
   -7.5000  -15.0000  -45.0000 5713.0928   20.3341
    0.0000  -15.0000  -45.0000 6050.0942   20.3309
    7.5000  -15.0000  -45.0000 5787.2388   20.3030
   -7.5000   -7.5000  -45.0000 6278.2671   19.8948
    0.0000   -7.5000  -45.0000 6631.2090   19.8967
    7.5000   -7.5000  -45.0000 6341.1797   19.8896
   -7.5000    0.0000  -45.0000 6898.3389   19.8046
    0.0000    0.0000  -45.0000 7274.3916   19.8103
    7.5000    0.0000  -45.0000 6949.1924   19.8072
   -7.5000    7.5000  -45.0000 6894.5322   19.8109
    0.0000    7.5000  -45.0000 7258.4487   19.8161
    7.5000    7.5000  -45.0000 6918.8037   19.8003
   -7.5000   15.0000  -45.0000 6847.3784   19.5673
    0.0000   15.0000  -45.0000 7206.4268   19.5669
    7.5000   15.0000  -45.0000 6867.1211   19.5331
   -7.5000   22.5000  -45.0000 6773.0088   19.0663
    0.0000   22.5000  -45.0000 7140.6665   19.0615
    7.5000   22.5000  -45.0000 6795.1270   19.0226
   -7.5000   30.0000  -45.0000 6871.1992   19.0427
    0.0000   30.0000  -45.0000 7250.6421   19.0396
    7.5000   30.0000  -45.0000 6893.3965   19.0147
   -7.5000   37.5000  -45.0000 6653.0996   18.4134
    0.0000   37.5000  -45.0000 7013.9297   18.4151
    7.5000   37.5000  -45.0000 6675.2910   18.4086
   -7.5000   45.0000  -45.0000 6347.1636   17.7278
    0.0000   45.0000  -45.0000 6693.6187   17.7329
    7.5000   45.0000  -45.0000 6381.1851   17.7301
   -7.5000  -45.0000  -37.5000 4377.5181   23.3644
    0.0000  -45.0000  -37.5000 4654.1436   23.3752
    7.5000  -45.0000  -37.5000 4435.5137   23.3586
   -7.5000  -37.5000  -37.5000 4760.8613   23.2793
    0.0000  -37.5000  -37.5000 5052.9043   23.2891
    7.5000  -37.5000  -37.5000 4812.1904   23.2642
   -7.5000  -30.0000  -37.5000 5222.9580   22.7732
    0.0000  -30.0000  -37.5000 5526.8208   22.7723
    7.5000  -30.0000  -37.5000 5270.1108   22.7232
   -7.5000  -22.5000  -37.5000 5549.9258   21.8577
    0.0000  -22.5000  -37.5000 5863.0464   21.8574
    7.5000  -22.5000  -37.5000 5609.3032   21.8125
   -7.5000  -15.0000  -37.5000 6129.5449   21.1572
    0.0000  -15.0000  -37.5000 6465.0762   21.1590
    7.5000  -15.0000  -37.5000 6203.0615   21.1398
   -7.5000   -7.5000  -37.5000 6754.0044   20.7121
    0.0000   -7.5000  -37.5000 7107.8442   20.7161
    7.5000   -7.5000  -37.5000 6821.1743   20.7163
   -7.5000    0.0000  -37.5000 7442.6118   20.6238
    0.0000    0.0000  -37.5000 7824.5186   20.6291
    7.5000    0.0000  -37.5000 7503.7168   20.6263
   -7.5000    7.5000  -37.5000 7421.1274   20.6299
    0.0000    7.5000  -37.5000 7814.7705   20.6350
    7.5000    7.5000  -37.5000 7466.8687   20.6141
   -7.5000   15.0000  -37.5000 7360.9639   20.3712
    0.0000   15.0000  -37.5000 7753.7334   20.3735
    7.5000   15.0000  -37.5000 7394.1230   20.3358
   -7.5000   22.5000  -37.5000 7285.9976   19.8549
    0.0000   22.5000  -37.5000 7669.5586   19.8551
    7.5000   22.5000  -37.5000 7300.4990   19.8186
   -7.5000   30.0000  -37.5000 7400.8330   19.8307
    0.0000   30.0000  -37.5000 7786.5742   19.8323
    7.5000   30.0000  -37.5000 7415.8311   19.8151
   -7.5000   37.5000  -37.5000 7161.6826   19.1840
    0.0000   37.5000  -37.5000 7537.3320   19.1877
    7.5000   37.5000  -37.5000 7182.5103   19.1880
   -7.5000   45.0000  -37.5000 6845.3594   18.4611
    0.0000   45.0000  -37.5000 7202.8647   18.4658
    7.5000   45.0000  -37.5000 6889.9028   18.4633
   -7.5000  -45.0000  -30.0000 4644.7061   24.2036
    0.0000  -45.0000  -30.0000 4936.5942   24.2234
    7.5000  -45.0000  -30.0000 4708.2695   24.2133
   -7.5000  -37.5000  -30.0000 5060.6523   24.1332
    0.0000  -37.5000  -30.0000 5361.3506   24.1518
    7.5000  -37.5000  -30.0000 5118.5938   24.1324
   -7.5000  -30.0000  -30.0000 5575.2925   23.5815
    0.0000  -30.0000  -30.0000 5885.6968   23.5901
    7.5000  -30.0000  -30.0000 5630.9194   23.5465
   -7.5000  -22.5000  -30.0000 5938.3477   22.6436
    0.0000  -22.5000  -30.0000 6257.6157   22.6516
    7.5000  -22.5000  -30.0000 6006.6064   22.6107
   -7.5000  -15.0000  -30.0000 6565.7861   21.9348
    0.0000  -15.0000  -30.0000 6911.2002   21.9426
    7.5000  -15.0000  -30.0000 6641.3071   21.9258
   -7.5000   -7.5000  -30.0000 7235.5571   21.4801
    0.0000   -7.5000  -30.0000 7622.3848   21.4890
    7.5000   -7.5000  -30.0000 7310.7456   21.4906
   -7.5000    0.0000  -30.0000 7979.2393   21.3823
    0.0000    0.0000  -30.0000 8395.4873   21.3921
    7.5000    0.0000  -30.0000 8044.4580   21.3912
   -7.5000    7.5000  -30.0000 7955.6860   21.3785
    0.0000    7.5000  -30.0000 8404.4482   21.3891
    7.5000    7.5000  -30.0000 8009.8403   21.3715
   -7.5000   15.0000  -30.0000 7891.7852   21.1096
    0.0000   15.0000  -30.0000 8333.1328   21.1187
    7.5000   15.0000  -30.0000 7924.2227   21.0850
   -7.5000   22.5000  -30.0000 7812.4717   20.5936
    0.0000   22.5000  -30.0000 8256.6758   20.6004
    7.5000   22.5000  -30.0000 7831.8193   20.5673
   -7.5000   30.0000  -30.0000 7967.0049   20.5763
    0.0000   30.0000  -30.0000 8404.7627   20.5833
    7.5000   30.0000  -30.0000 7981.2637   20.5685
   -7.5000   37.5000  -30.0000 7683.3003   19.9239
    0.0000   37.5000  -30.0000 8100.4434   19.9321
    7.5000   37.5000  -30.0000 7702.3228   19.9337
   -7.5000   45.0000  -30.0000 7319.8501   19.1705
    0.0000   45.0000  -30.0000 7709.7676   19.1793
    7.5000   45.0000  -30.0000 7358.5391   19.1785
   -7.5000  -45.0000  -22.5000 4803.5288   24.1841
    0.0000  -45.0000  -22.5000 5090.5034   24.2087
    7.5000  -45.0000  -22.5000 4867.1401   24.1995
   -7.5000  -37.5000  -22.5000 5247.3799   24.1082
    0.0000  -37.5000  -22.5000 5545.7852   24.1332
    7.5000  -37.5000  -22.5000 5317.0830   24.1215
   -7.5000  -30.0000  -22.5000 5795.4512   23.5599
    0.0000  -30.0000  -22.5000 6110.7197   23.5733
    7.5000  -30.0000  -22.5000 5861.8667   23.5361
   -7.5000  -22.5000  -22.5000 6174.6587   22.6381
    0.0000  -22.5000  -22.5000 6505.2373   22.6483
    7.5000  -22.5000  -22.5000 6243.9604   22.6062
   -7.5000  -15.0000  -22.5000 6828.7505   21.9367
    0.0000  -15.0000  -22.5000 7191.4771   21.9463
    7.5000  -15.0000  -22.5000 6898.9082   21.9221
   -7.5000   -7.5000  -22.5000 7539.8252   21.4756
    0.0000   -7.5000  -22.5000 7948.7769   21.4878
    7.5000   -7.5000  -22.5000 7607.0986   21.4820
   -7.5000    0.0000  -22.5000 8331.4893   21.3625
    0.0000    0.0000  -22.5000 8805.0801   21.3770
    7.5000    0.0000  -22.5000 8385.7422   21.3756
   -7.5000    7.5000  -22.5000 8330.7178   21.3495
    0.0000    7.5000  -22.5000 8843.4590   21.3652
    7.5000    7.5000  -22.5000 8391.0742   21.3535
   -7.5000   15.0000  -22.5000 8281.5713   21.0883
    0.0000   15.0000  -22.5000 8775.8154   21.1012
    7.5000   15.0000  -22.5000 8302.8145   21.0728
   -7.5000   22.5000  -22.5000 8219.0000   20.5877
    0.0000   22.5000  -22.5000 8704.7637   20.5963
    7.5000   22.5000  -22.5000 8209.7383   20.5626
   -7.5000   30.0000  -22.5000 8358.9580   20.5777
    0.0000   30.0000  -22.5000 8868.5781   20.5864
    7.5000   30.0000  -22.5000 8357.1123   20.5648
   -7.5000   37.5000  -22.5000 8042.7207   19.9194
    0.0000   37.5000  -22.5000 8511.6172   19.9306
    7.5000   37.5000  -22.5000 8043.3149   19.9254
   -7.5000   45.0000  -22.5000 7646.3486   19.1527
    0.0000   45.0000  -22.5000 8073.1016   19.1657
    7.5000   45.0000  -22.5000 7669.4551   19.1645
   -7.5000  -45.0000  -15.0000 5049.7480   25.1575
    0.0000  -45.0000  -15.0000 5351.1528   25.1802
    7.5000  -45.0000  -15.0000 5121.2305   25.1664
   -7.5000  -37.5000  -15.0000 5534.6177   25.0995
    0.0000  -37.5000  -15.0000 5847.9956   25.1255
    7.5000  -37.5000  -15.0000 5598.9375   25.1168
   -7.5000  -30.0000  -15.0000 6118.8677   24.5096
    0.0000  -30.0000  -15.0000 6446.8032   24.5210
    7.5000  -30.0000  -15.0000 6181.6362   24.4841
   -7.5000  -22.5000  -15.0000 6533.3047   23.5637
    0.0000  -22.5000  -15.0000 6870.4365   23.5696
    7.5000  -22.5000  -15.0000 6582.8223   23.5207
   -7.5000  -15.0000  -15.0000 7248.7349   22.8307
    0.0000  -15.0000  -15.0000 7624.1313   22.8372
    7.5000  -15.0000  -15.0000 7287.5088   22.8025
   -7.5000   -7.5000  -15.0000 8038.1616   22.3423
    0.0000   -7.5000  -15.0000 8442.1299   22.3543
    7.5000   -7.5000  -15.0000 8052.3452   22.3406
   -7.5000    0.0000  -15.0000 8919.9619   22.2157
    0.0000    0.0000  -15.0000 9396.7871   22.2325
    7.5000    0.0000  -15.0000 8912.5557   22.2302
   -7.5000    7.5000  -15.0000 8997.4727   22.1994
    0.0000    7.5000  -15.0000 9519.5059   22.2175
    7.5000    7.5000  -15.0000 9007.7090   22.2091
   -7.5000   15.0000  -15.0000 8971.6592   21.9417
    0.0000   15.0000  -15.0000 9501.8281   21.9541
    7.5000   15.0000  -15.0000 8922.9336   21.9266
   -7.5000   22.5000  -15.0000 8865.1240   21.4436
    0.0000   22.5000  -15.0000 9402.6689   21.4490
    7.5000   22.5000  -15.0000 8765.4746   21.4099
   -7.5000   30.0000  -15.0000 8989.1484   21.4324
    0.0000   30.0000  -15.0000 9538.6826   21.4383
    7.5000   30.0000  -15.0000 8886.7461   21.4072
   -7.5000   37.5000  -15.0000 8580.2607   20.7549
    0.0000   37.5000  -15.0000 9111.5039   20.7660
    7.5000   37.5000  -15.0000 8515.1084   20.7534
   -7.5000   45.0000  -15.0000 8152.9399   19.9659
    0.0000   45.0000  -15.0000 8625.2842   19.9810
    7.5000   45.0000  -15.0000 8114.8350   19.9789
   -7.5000  -45.0000   -7.5000 5253.9727   26.0326
    0.0000  -45.0000   -7.5000 5554.8994   26.0452
    7.5000  -45.0000   -7.5000 5309.2886   26.0251
   -7.5000  -37.5000   -7.5000 5790.8750   25.9803
    0.0000  -37.5000   -7.5000 6112.6069   25.9969
    7.5000  -37.5000   -7.5000 5843.4312   25.9831
   -7.5000  -30.0000   -7.5000 6416.8726   25.3500
    0.0000  -30.0000   -7.5000 6754.1880   25.3504
    7.5000  -30.0000   -7.5000 6451.3086   25.3065
   -7.5000  -22.5000   -7.5000 6852.4507   24.3679
    0.0000  -22.5000   -7.5000 7207.9146   24.3636
    7.5000  -22.5000   -7.5000 6856.4502   24.3084
   -7.5000  -15.0000   -7.5000 7582.8374   23.5992
    0.0000  -15.0000   -7.5000 7992.7236   23.5981
    7.5000  -15.0000   -7.5000 7589.4712   23.5597
   -7.5000   -7.5000   -7.5000 8428.7256   23.0932
    0.0000   -7.5000   -7.5000 8890.5137   23.0990
    7.5000   -7.5000   -7.5000 8428.3652   23.0843
   -7.5000    0.0000   -7.5000 9433.8193   22.9698
    0.0000    0.0000   -7.5000 9987.4512   22.9813
    7.5000    0.0000   -7.5000 9404.0146   22.9781
   -7.5000    7.5000   -7.5000 9685.5518   22.9597
    0.0000    7.5000   -7.500010300.1914   22.9717
    7.5000    7.5000   -7.5000 9625.6221   22.9603
   -7.5000   15.0000   -7.5000 9728.7871   22.6991
    0.0000   15.0000   -7.500010402.6309   22.7037
    7.5000   15.0000   -7.5000 9577.0879   22.6713
   -7.5000   22.5000   -7.5000 9564.5537   22.1903
    0.0000   22.5000   -7.500010188.9980   22.1875
    7.5000   22.5000   -7.5000 9288.3057   22.1433
   -7.5000   30.0000   -7.5000 9624.9229   22.1704
    0.0000   30.0000   -7.500010216.2656   22.1693
    7.5000   30.0000   -7.5000 9322.5889   22.1348
   -7.5000   37.5000   -7.5000 9177.3135   21.4852
    0.0000   37.5000   -7.5000 9740.7324   21.4905
    7.5000   37.5000   -7.5000 8932.9004   21.4770
   -7.5000   45.0000   -7.5000 8707.9414   20.6939
    0.0000   45.0000   -7.5000 9256.4932   20.7042
    7.5000   45.0000   -7.5000 8536.0381   20.7013
   -7.5000  -45.0000    0.0000 5394.3989   26.6936
    0.0000  -45.0000    0.0000 5752.1084   26.6993
    7.5000  -45.0000    0.0000 5450.5908   26.6762
   -7.5000  -37.5000    0.0000 5982.7710   26.6352
    0.0000  -37.5000    0.0000 6361.4795   26.6424
    7.5000  -37.5000    0.0000 6020.5737   26.6184
   -7.5000  -30.0000    0.0000 6658.4946   25.9694
    0.0000  -30.0000    0.0000 7033.9092   25.9618
    7.5000  -30.0000    0.0000 6655.4917   25.9089
   -7.5000  -22.5000    0.0000 7123.1099   24.9475
    0.0000  -22.5000    0.0000 7496.7476   24.9391
    7.5000  -22.5000    0.0000 7096.3970   24.8838
   -7.5000  -15.0000    0.0000 7915.8521   24.1535
    0.0000  -15.0000    0.0000 8295.5938   24.1496
    7.5000  -15.0000    0.0000 7886.0312   24.1184
   -7.5000   -7.5000    0.0000 8851.9355   23.6424
    0.0000   -7.5000    0.0000 9273.9102   23.6439
    7.5000   -7.5000    0.0000 8814.4082   23.6361
   -7.5000    0.0000    0.000010055.6963   23.5318
    0.0000    0.0000    0.000010650.5615   23.5368
    7.5000    0.0000    0.0000 9948.1631   23.5325
   -7.5000    7.5000    0.000010467.8760   23.5295
    0.0000    7.5000    0.000011323.3379   23.5337
    7.5000    7.5000    0.000010314.0674   23.5144
   -7.5000   15.0000    0.000010506.7490   23.2589
    0.0000   15.0000    0.000011540.1807   23.2570
    7.5000   15.0000    0.000010241.1152   23.2172
   -7.5000   22.5000    0.000010179.0674   22.7323
    0.0000   22.5000    0.000011062.3330   22.7261
    7.5000   22.5000    0.0000 9800.8340   22.6813
   -7.5000   30.0000    0.000010221.8242   22.7043
    0.0000   30.0000    0.000010949.4229   22.7005
    7.5000   30.0000    0.0000 9783.3672   22.6725
   -7.5000   37.5000    0.0000 9754.4414   22.0224
    0.0000   37.5000    0.000010402.7207   22.0236
    7.5000   37.5000    0.0000 9375.7217   22.0164
   -7.5000   45.0000    0.0000 9218.9717   21.2410
    0.0000   45.0000    0.0000 9838.0010   21.2455
    7.5000   45.0000    0.0000 8933.4658   21.2416
   -7.5000  -45.0000    7.5000 5172.4385   26.9739
    0.0000  -45.0000    7.5000 5499.9238   26.9860
    7.5000  -45.0000    7.5000 5215.1504   26.9684
   -7.5000  -37.5000    7.5000 5745.0586   26.8975
    0.0000  -37.5000    7.5000 6076.6133   26.9085
    7.5000  -37.5000    7.5000 5772.8848   26.8816
   -7.5000  -30.0000    7.5000 6395.6655   26.2097
    0.0000  -30.0000    7.5000 6733.5063   26.2088
    7.5000  -30.0000    7.5000 6386.4707   26.1543
   -7.5000  -22.5000    7.5000 6851.5371   25.1595
    0.0000  -22.5000    7.5000 7204.5903   25.1594
    7.5000  -22.5000    7.5000 6811.7935   25.1095
   -7.5000  -15.0000    7.5000 7669.9351   24.3575
    0.0000  -15.0000    7.5000 8049.1172   24.3596
    7.5000  -15.0000    7.5000 7570.2275   24.3386
   -7.5000   -7.5000    7.5000 8591.6465   23.8475
    0.0000   -7.5000    7.5000 9051.8594   23.8520
    7.5000   -7.5000    7.5000 8453.6201   23.8532
   -7.5000    0.0000    7.5000 9701.3896   23.7445
    0.0000    0.0000    7.500010385.2959   23.7504
    7.5000    0.0000    7.5000 9492.7734   23.7482
   -7.5000    7.5000    7.5000 9978.1318   23.7436
    0.0000    7.5000    7.500010882.9648   23.7494
    7.5000    7.5000    7.5000 9796.6875   23.7265
   -7.5000   15.0000    7.5000 9865.6211   23.4618
    0.0000   15.0000    7.500010927.0537   23.4644
    7.5000   15.0000    7.5000 9682.4229   23.4227
   -7.5000   22.5000    7.5000 9606.2158   22.9216
    0.0000   22.5000    7.500010513.0195   22.9218
    7.5000   22.5000    7.5000 9378.1592   22.8812
   -7.5000   30.0000    7.5000 9725.6318   22.8939
    0.0000   30.0000    7.500010475.5742   22.8956
    7.5000   30.0000    7.5000 9420.1221   22.8769
   -7.5000   37.5000    7.5000 9302.4365   22.2135
    0.0000   37.5000    7.5000 9938.7812   22.2176
    7.5000   37.5000    7.5000 8979.6201   22.2188
   -7.5000   45.0000    7.5000 8776.8701   21.4330
    0.0000   45.0000    7.5000 9357.8965   21.4383
    7.5000   45.0000    7.5000 8510.3320   21.4363
   -7.5000  -45.0000   15.0000 4896.3149   27.7861
    0.0000  -45.0000   15.0000 5218.3057   27.8077
    7.5000  -45.0000   15.0000 4899.2070   27.7969
   -7.5000  -37.5000   15.0000 5430.3472   27.6483
    0.0000  -37.5000   15.0000 5769.1035   27.6683
    7.5000  -37.5000   15.0000 5417.3823   27.6471
   -7.5000  -30.0000   15.0000 6066.4458   26.9016
    0.0000  -30.0000   15.0000 6404.3530   26.9095
    7.5000  -30.0000   15.0000 6004.1196   26.8593
   -7.5000  -22.5000   15.0000 6539.8223   25.8023
    0.0000  -22.5000   15.0000 6856.3882   25.8098
    7.5000  -22.5000   15.0000 6436.4893   25.7616
   -7.5000  -15.0000   15.0000 7314.5698   24.9738
    0.0000  -15.0000   15.0000 7635.3608   24.9813
    7.5000  -15.0000   15.0000 7195.6357   24.9610
   -7.5000   -7.5000   15.0000 8130.4971   24.4439
    0.0000   -7.5000   15.0000 8514.6289   24.4530
    7.5000   -7.5000   15.0000 8012.8008   24.4547
   -7.5000    0.0000   15.0000 9124.9590   24.3322
    0.0000    0.0000   15.0000 9604.7393   24.3423
    7.5000    0.0000   15.0000 8971.2744   24.3421
   -7.5000    7.5000   15.0000 9228.1904   24.3220
    0.0000    7.5000   15.0000 9870.4326   24.3330
    7.5000    7.5000   15.0000 9129.9180   24.3137
   -7.5000   15.0000   15.0000 9095.8457   24.0304
    0.0000   15.0000   15.0000 9705.5361   24.0394
    7.5000   15.0000   15.0000 8996.0830   24.0008
   -7.5000   22.5000   15.0000 8942.3281   23.4833
    0.0000   22.5000   15.0000 9464.0977   23.4895
    7.5000   22.5000   15.0000 8803.0254   23.4505
   -7.5000   30.0000   15.0000 9131.0986   23.4638
    0.0000   30.0000   15.0000 9659.0742   23.4705
    7.5000   30.0000   15.0000 8947.4443   23.4525
   -7.5000   37.5000   15.0000 8786.3545   22.7690
    0.0000   37.5000   15.0000 9291.2900   22.7774
    7.5000   37.5000   15.0000 8567.0078   22.7791
   -7.5000   45.0000   15.0000 8301.1602   21.9634
    0.0000   45.0000   15.0000 8809.0781   21.9726
    7.5000   45.0000   15.0000 8095.9800   21.9724
   -7.5000  -45.0000   22.5000 4590.1294   28.6767
    0.0000  -45.0000   22.5000 4883.7764   28.7056
    7.5000  -45.0000   22.5000 4567.7617   28.6930
   -7.5000  -37.5000   22.5000 5102.3838   28.4922
    0.0000  -37.5000   22.5000 5390.3711   28.5230
    7.5000  -37.5000   22.5000 5055.8989   28.5094
   -7.5000  -30.0000   22.5000 5687.8237   27.6853
    0.0000  -30.0000   22.5000 5966.2031   27.7026
    7.5000  -30.0000   22.5000 5620.6904   27.6585
   -7.5000  -22.5000   22.5000 6110.1235   26.5380
    0.0000  -22.5000   22.5000 6377.8057   26.5507
    7.5000  -22.5000   22.5000 6046.5073   26.4999
   -7.5000  -15.0000   22.5000 6787.5444   25.6645
    0.0000  -15.0000   22.5000 7086.5352   25.6751
    7.5000  -15.0000   22.5000 6752.8022   25.6448
   -7.5000   -7.5000   22.5000 7542.4946   25.0927
    0.0000   -7.5000   22.5000 7876.3208   25.1058
    7.5000   -7.5000   22.5000 7523.2598   25.0974
   -7.5000    0.0000   22.5000 8399.6836   24.9588
    0.0000    0.0000   22.5000 8830.0684   24.9753
    7.5000    0.0000   22.5000 8367.2207   24.9728
   -7.5000    7.5000   22.5000 8462.6777   24.9402
    0.0000    7.5000   22.5000 8959.1797   24.9593
    7.5000    7.5000   22.5000 8448.7227   24.9456
   -7.5000   15.0000   22.5000 8386.5986   24.6520
    0.0000   15.0000   22.5000 8811.7207   24.6687
    7.5000   15.0000   22.5000 8334.7041   24.6354
   -7.5000   22.5000   22.5000 8264.8076   24.1231
    0.0000   22.5000   22.5000 8653.8447   24.1339
    7.5000   22.5000   22.5000 8186.8164   24.0933
   -7.5000   30.0000   22.5000 8439.2539   24.1088
    0.0000   30.0000   22.5000 8857.7910   24.1184
    7.5000   30.0000   22.5000 8344.7598   24.0913
   -7.5000   37.5000   22.5000 8145.8511   23.3950
    0.0000   37.5000   22.5000 8559.8096   23.4071
    7.5000   37.5000   22.5000 8013.2368   23.3995
   -7.5000   45.0000   22.5000 7739.0239   22.5600
    0.0000   45.0000   22.5000 8162.0317   22.5749
    7.5000   45.0000   22.5000 7609.8667   22.5727
   -7.5000  -45.0000   30.0000 4473.4424   29.9416
    0.0000  -45.0000   30.0000 4740.0635   29.9679
    7.5000  -45.0000   30.0000 4456.4858   29.9389
   -7.5000  -37.5000   30.0000 4964.0415   29.7471
    0.0000  -37.5000   30.0000 5238.6177   29.7807
    7.5000  -37.5000   30.0000 4944.2583   29.7605
   -7.5000  -30.0000   30.0000 5530.2144   28.9005
    0.0000  -30.0000   30.0000 5816.3477   28.9172
    7.5000  -30.0000   30.0000 5506.4463   28.8637
   -7.5000  -22.5000   30.0000 5920.5791   27.6846
    0.0000  -22.5000   30.0000 6226.0410   27.6932
    7.5000  -22.5000   30.0000 5935.4316   27.6267
   -7.5000  -15.0000   30.0000 6573.9780   26.7328
    0.0000  -15.0000   30.0000 6910.8828   26.7396
    7.5000  -15.0000   30.0000 6616.6235   26.6908
   -7.5000   -7.5000   30.0000 7279.6880   26.1005
    0.0000   -7.5000   30.0000 7644.9233   26.1130
    7.5000   -7.5000   30.0000 7345.5034   26.0891
   -7.5000    0.0000   30.0000 8081.7183   25.9448
    0.0000    0.0000   30.0000 8513.2432   25.9642
    7.5000    0.0000   30.0000 8138.7500   25.9535
   -7.5000    7.5000   30.0000 8136.6836   25.9265
    0.0000    7.5000   30.0000 8561.5918   25.9494
    7.5000    7.5000   30.0000 8156.1318   25.9319
   -7.5000   15.0000   30.0000 8071.6816   25.6441
    0.0000   15.0000   30.0000 8418.5234   25.6616
    7.5000   15.0000   30.0000 8042.5288   25.6221
   -7.5000   22.5000   30.0000 7962.3755   25.1086
    0.0000   22.5000   30.0000 8287.0381   25.1165
    7.5000   22.5000   30.0000 7908.8452   25.0637
   -7.5000   30.0000   30.0000 8132.2407   25.0918
    0.0000   30.0000   30.0000 8486.5293   25.0979
    7.5000   30.0000   30.0000 8067.5933   25.0542
   -7.5000   37.5000   30.0000 7846.9116   24.3336
    0.0000   37.5000   30.0000 8202.8203   24.3451
    7.5000   37.5000   30.0000 7773.0327   24.3231
   -7.5000   45.0000   30.0000 7472.4644   23.4512
    0.0000   45.0000   30.0000 7831.5879   23.4687
    7.5000   45.0000   30.0000 7388.9995   23.4591
   -7.5000  -45.0000   37.5000 4162.9712   30.7334
    0.0000  -45.0000   37.5000 4416.8115   30.7552
    7.5000  -45.0000   37.5000 4170.0005   30.7338
   -7.5000  -37.5000   37.5000 4613.8745   30.5444
    0.0000  -37.5000   37.5000 4895.9404   30.5744
    7.5000  -37.5000   37.5000 4627.9536   30.5625
   -7.5000  -30.0000   37.5000 5148.6865   29.6681
    0.0000  -30.0000   37.5000 5449.4204   29.6757
    7.5000  -30.0000   37.5000 5178.6094   29.6212
   -7.5000  -22.5000   37.5000 5511.7964   28.4066
    0.0000  -22.5000   37.5000 5830.9897   28.4047
    7.5000  -22.5000   37.5000 5574.0908   28.3340
   -7.5000  -15.0000   37.5000 6122.8926   27.3772
    0.0000  -15.0000   37.5000 6452.3511   27.3761
    7.5000  -15.0000   37.5000 6202.2808   27.3275
   -7.5000   -7.5000   37.5000 6770.5962   26.7032
    0.0000   -7.5000   37.5000 7116.7598   26.7115
    7.5000   -7.5000   37.5000 6854.2197   26.6948
   -7.5000    0.0000   37.5000 7509.9751   26.5557
    0.0000    0.0000   37.5000 7898.2246   26.5741
    7.5000    0.0000   37.5000 7580.1597   26.5737
   -7.5000    7.5000   37.5000 7531.9604   26.5517
    0.0000    7.5000   37.5000 7900.0967   26.5734
    7.5000    7.5000   37.5000 7561.3989   26.5629
   -7.5000   15.0000   37.5000 7455.2520   26.2585
    0.0000   15.0000   37.5000 7745.4468   26.2706
    7.5000   15.0000   37.5000 7458.5591   26.2318
   -7.5000   22.5000   37.5000 7334.3818   25.7017
    0.0000   22.5000   37.5000 7627.2217   25.7015
    7.5000   22.5000   37.5000 7325.9595   25.6458
   -7.5000   30.0000   37.5000 7481.0591   25.6708
    0.0000   30.0000   37.5000 7784.2075   25.6697
    7.5000   30.0000   37.5000 7470.2959   25.6262
   -7.5000   37.5000   37.5000 7246.1187   24.8941
    0.0000   37.5000   37.5000 7552.6548   24.9016
    7.5000   37.5000   37.5000 7213.9858   24.8861
   -7.5000   45.0000   37.5000 6902.3247   24.0004
    0.0000   45.0000   37.5000 7206.7100   24.0171
    7.5000   45.0000   37.5000 6851.7266   24.0167
   -7.5000  -45.0000   45.0000 3889.7617   31.5497
    0.0000  -45.0000   45.0000 4119.7524   31.5603
    7.5000  -45.0000   45.0000 3881.8491   31.5242
   -7.5000  -37.5000   45.0000 4299.9731   31.3707
    0.0000  -37.5000   45.0000 4575.1685   31.3849
    7.5000  -37.5000   45.0000 4309.4907   31.3424
   -7.5000  -30.0000   45.0000 4786.5952   30.4387
    0.0000  -30.0000   45.0000 5083.5591   30.4332
    7.5000  -30.0000   45.0000 4813.5791   30.3470
   -7.5000  -22.5000   45.0000 5142.4077   29.1363
    0.0000  -22.5000   45.0000 5444.5015   29.1282
    7.5000  -22.5000   45.0000 5192.0679   29.0404
   -7.5000  -15.0000   45.0000 5708.5444   28.0457
    0.0000  -15.0000   45.0000 6035.3257   28.0396
    7.5000  -15.0000   45.0000 5768.9214   27.9893
   -7.5000   -7.5000   45.0000 6318.9146   27.3172
    0.0000   -7.5000   45.0000 6644.1191   27.3173
    7.5000   -7.5000   45.0000 6373.3530   27.3029
   -7.5000    0.0000   45.0000 6991.7827   27.1914
    0.0000    0.0000   45.0000 7344.9038   27.1987
    7.5000    0.0000   45.0000 7042.0532   27.1900
   -7.5000    7.5000   45.0000 6986.3525   27.2217
    0.0000    7.5000   45.0000 7325.9561   27.2319
    7.5000    7.5000   45.0000 7003.6133   27.2002
   -7.5000   15.0000   45.0000 6887.7539   26.9234
    0.0000   15.0000   45.0000 7179.8145   26.9269
    7.5000   15.0000   45.0000 6892.4951   26.8638
   -7.5000   22.5000   45.0000 6770.7588   26.3270
    0.0000   22.5000   45.0000 7048.4966   26.3218
    7.5000   22.5000   45.0000 6773.8638   26.2513
   -7.5000   30.0000   45.0000 6887.5605   26.2624
    0.0000   30.0000   45.0000 7175.2769   26.2566
    7.5000   30.0000   45.0000 6891.0605   26.2116
   -7.5000   37.5000   45.0000 6690.1323   25.4569
    0.0000   37.5000   45.0000 6963.6426   25.4568
    7.5000   37.5000   45.0000 6660.6816   25.4434
   -7.5000   45.0000   45.0000 6370.9507   24.5595
    0.0000   45.0000   45.0000 6637.6030   24.5661
    7.5000   45.0000   45.0000 6314.5796   24.5582

---------------------------------------------------------------------
imgreg_4dfp /opt/freesurfer/average/711-2C_as_mni_average_305 /opt/freesurfer/average/711-2B_as_mni_average_305_mask talsrcimg_g11 none talsrcimg_to_711-2C_as_mni_average_305_t4 4355
---------------------------------------------------------------------

freesurfer imgreg_4dfp.c
/opt/freesurfer/average/711-2C_as_mni_average_305.4dfp.img
       256       256       256         1
  1.000000  1.000000  1.000000
orientation T byte_order littleendian
Reading image: /opt/freesurfer/average/711-2C_as_mni_average_305.4dfp.img
dimensions:      256       256       256
mmppix:       1.0000   -1.0000   -1.0000
center:     128.0000 -129.0000 -129.0000
/opt/freesurfer/average/711-2B_as_mni_average_305_mask.4dfp.img
       256       256       256         1
  1.000000  1.000000  1.000000
orientation T byte_order littleendian
Reading mask: /opt/freesurfer/average/711-2B_as_mni_average_305_mask.4dfp.img (2306576 pixels)
talsrcimg_g11.4dfp.img
       320       320       320         1
  0.699948  0.699948  0.699948
orientation T byte_order littleendian
Reading image: talsrcimg_g11.4dfp.img
dimensions:      320       320       320
mmppix:       0.6999   -0.6999   -0.6999
center:     111.9917 -112.6916 -112.6916
rotation matrix determinant  1.000000
image alignment mode   4355 decimal     1103 hex
   -7.5000  -30.0000  -45.0000 1971.8488   29.6219
    0.0000  -30.0000  -45.0000 1986.9087   29.4062
    7.5000  -30.0000  -45.0000 1977.0525   29.0004
   -7.5000  -22.5000  -45.0000 2080.3533   26.8371
    0.0000  -22.5000  -45.0000 2094.4844   26.5800
    7.5000  -22.5000  -45.0000 2088.4116   26.3224
   -7.5000  -15.0000  -45.0000 2166.4832   24.6304
    0.0000  -15.0000  -45.0000 2186.3398   24.4437
    7.5000  -15.0000  -45.0000 2177.3132   24.2712
   -7.5000   -7.5000  -45.0000 2230.2305   22.9536
    0.0000   -7.5000  -45.0000 2245.2451   22.7545
    7.5000   -7.5000  -45.0000 2234.4067   22.7008
   -7.5000    0.0000  -45.0000 2271.6123   21.7412
    0.0000    0.0000  -45.0000 2284.1406   21.4744
    7.5000    0.0000  -45.0000 2272.7241   21.4955
   -7.5000    7.5000  -45.0000 2290.3879   20.8611
    0.0000    7.5000  -45.0000 2299.6472   20.5872
    7.5000    7.5000  -45.0000 2292.7314   20.6890
   -7.5000   15.0000  -45.0000 2297.5920   20.3671
    0.0000   15.0000  -45.0000 2306.8105   20.0812
    7.5000   15.0000  -45.0000 2303.3262   20.1432
   -7.5000   22.5000  -45.0000 2290.2251   20.2555
    0.0000   22.5000  -45.0000 2302.4648   19.9813
    7.5000   22.5000  -45.0000 2295.9756   19.9872
   -7.5000   30.0000  -45.0000 2263.7056   20.3625
    0.0000   30.0000  -45.0000 2284.7200   20.1461
    7.5000   30.0000  -45.0000 2275.9985   20.1410
   -7.5000   37.5000  -45.0000 2216.9866   20.7002
    0.0000   37.5000  -45.0000 2231.9629   20.4287
    7.5000   37.5000  -45.0000 2230.3877   20.4920
   -7.5000   45.0000  -45.0000 2118.2971   21.0103
    0.0000   45.0000  -45.0000 2133.9077   20.7699
    7.5000   45.0000  -45.0000 2130.7571   20.8499
   -7.5000   52.5000  -45.0000 1994.6888   21.2994
    0.0000   52.5000  -45.0000 2013.9410   21.1224
    7.5000   52.5000  -45.0000 2002.7119   21.1545
   -7.5000   60.0000  -45.0000 1848.8477   21.5986
    0.0000   60.0000  -45.0000 1864.5260   21.4530
    7.5000   60.0000  -45.0000 1852.5127   21.4451
   -7.5000  -30.0000  -37.5000 2092.8835   30.0730
    0.0000  -30.0000  -37.5000 2108.1802   29.6288
    7.5000  -30.0000  -37.5000 2098.6797   29.3618
   -7.5000  -22.5000  -37.5000 2211.3540   27.1736
    0.0000  -22.5000  -37.5000 2230.6187   26.8068
    7.5000  -22.5000  -37.5000 2220.1152   26.5572
   -7.5000  -15.0000  -37.5000 2311.0627   24.8854
    0.0000  -15.0000  -37.5000 2326.0981   24.5993
    7.5000  -15.0000  -37.5000 2319.0911   24.4140
   -7.5000   -7.5000  -37.5000 2380.8269   23.0766
    0.0000   -7.5000  -37.5000 2392.2161   22.7623
    7.5000   -7.5000  -37.5000 2386.6511   22.6883
   -7.5000    0.0000  -37.5000 2430.2336   21.7401
    0.0000    0.0000  -37.5000 2439.7908   21.3854
    7.5000    0.0000  -37.5000 2438.0122   21.4089
   -7.5000    7.5000  -37.5000 2455.3171   20.7421
    0.0000    7.5000  -37.5000 2462.3870   20.4410
    7.5000    7.5000  -37.5000 2464.7590   20.4970
   -7.5000   15.0000  -37.5000 2467.4832   20.1173
    0.0000   15.0000  -37.5000 2474.8374   19.8604
    7.5000   15.0000  -37.5000 2471.7000   19.9353
   -7.5000   22.5000  -37.5000 2460.9316   19.9180
    0.0000   22.5000  -37.5000 2473.6157   19.6922
    7.5000   22.5000  -37.5000 2463.3152   19.7236
   -7.5000   30.0000  -37.5000 2438.4678   20.0267
    0.0000   30.0000  -37.5000 2452.8928   19.7603
    7.5000   30.0000  -37.5000 2447.7883   19.8275
   -7.5000   37.5000  -37.5000 2383.7871   20.3476
    0.0000   37.5000  -37.5000 2400.7549   20.0342
    7.5000   37.5000  -37.5000 2398.8374   20.1581
   -7.5000   45.0000  -37.5000 2283.3677   20.6973
    0.0000   45.0000  -37.5000 2305.9153   20.3974
    7.5000   45.0000  -37.5000 2301.4541   20.5175
   -7.5000   52.5000  -37.5000 2150.2085   20.9936
    0.0000   52.5000  -37.5000 2174.2131   20.7578
    7.5000   52.5000  -37.5000 2163.7676   20.8456
   -7.5000   60.0000  -37.5000 1990.3650   21.2991
    0.0000   60.0000  -37.5000 2013.3176   21.1377
    7.5000   60.0000  -37.5000 2002.2899   21.1495
   -7.5000  -30.0000  -30.0000 2189.4966   30.2766
    0.0000  -30.0000  -30.0000 2204.2275   29.7226
    7.5000  -30.0000  -30.0000 2190.8328   29.5274
   -7.5000  -22.5000  -30.0000 2313.3804   27.2675
    0.0000  -22.5000  -30.0000 2329.8911   26.7745
    7.5000  -22.5000  -30.0000 2319.5493   26.5795
   -7.5000  -15.0000  -30.0000 2419.3740   24.8613
    0.0000  -15.0000  -30.0000 2432.5295   24.3982
    7.5000  -15.0000  -30.0000 2425.2095   24.2915
   -7.5000   -7.5000  -30.0000 2498.0444   22.9832
    0.0000   -7.5000  -30.0000 2511.7817   22.5824
    7.5000   -7.5000  -30.0000 2503.8335   22.4790
   -7.5000    0.0000  -30.0000 2554.3779   21.5307
    0.0000    0.0000  -30.0000 2562.6523   21.2054
    7.5000    0.0000  -30.0000 2562.8525   21.1179
   -7.5000    7.5000  -30.0000 2586.0408   20.4176
    0.0000    7.5000  -30.0000 2597.3000   20.1401
    7.5000    7.5000  -30.0000 2596.2280   20.0687
   -7.5000   15.0000  -30.0000 2602.3979   19.6540
    0.0000   15.0000  -30.0000 2615.4727   19.3929
    7.5000   15.0000  -30.0000 2612.6003   19.3799
   -7.5000   22.5000  -30.0000 2601.0120   19.3887
    0.0000   22.5000  -30.0000 2617.4932   19.1378
    7.5000   22.5000  -30.0000 2604.6914   19.1609
   -7.5000   30.0000  -30.0000 2590.4673   19.4986
    0.0000   30.0000  -30.0000 2601.7510   19.2144
    7.5000   30.0000  -30.0000 2598.4561   19.3006
   -7.5000   37.5000  -30.0000 2537.5251   19.8138
    0.0000   37.5000  -30.0000 2550.7949   19.4885
    7.5000   37.5000  -30.0000 2551.6636   19.6105
   -7.5000   45.0000  -30.0000 2429.0063   20.1276
    0.0000   45.0000  -30.0000 2447.1360   19.8033
    7.5000   45.0000  -30.0000 2442.3601   19.9450
   -7.5000   52.5000  -30.0000 2291.9536   20.4807
    0.0000   52.5000  -30.0000 2307.4500   20.1652
    7.5000   52.5000  -30.0000 2302.4312   20.3172
   -7.5000   60.0000  -30.0000 2120.4961   20.8015
    0.0000   60.0000  -30.0000 2136.2888   20.5402
    7.5000   60.0000  -30.0000 2131.4419   20.5957
   -7.5000  -30.0000  -22.5000 2213.4670   29.3802
    0.0000  -30.0000  -22.5000 2227.5806   28.7262
    7.5000  -30.0000  -22.5000 2214.2202   28.5872
   -7.5000  -22.5000  -22.5000 2333.6274   26.3324
    0.0000  -22.5000  -22.5000 2348.7288   25.7558
    7.5000  -22.5000  -22.5000 2337.5972   25.5843
   -7.5000  -15.0000  -22.5000 2437.6235   23.9354
    0.0000  -15.0000  -22.5000 2455.7261   23.4388
    7.5000  -15.0000  -22.5000 2443.3103   23.2713
   -7.5000   -7.5000  -22.5000 2523.9702   22.0091
    0.0000   -7.5000  -22.5000 2545.5715   21.5997
    7.5000   -7.5000  -22.5000 2530.2361   21.4301
   -7.5000    0.0000  -22.5000 2588.4976   20.5061
    0.0000    0.0000  -22.5000 2610.1431   20.1878
    7.5000    0.0000  -22.5000 2598.7554   20.0307
   -7.5000    7.5000  -22.5000 2630.2810   19.3550
    0.0000    7.5000  -22.5000 2651.6318   19.0897
    7.5000    7.5000  -22.5000 2642.6445   18.9677
   -7.5000   15.0000  -22.5000 2660.5574   18.5364
    0.0000   15.0000  -22.5000 2672.0264   18.2113
    7.5000   15.0000  -22.5000 2663.8416   18.1673
   -7.5000   22.5000  -22.5000 2664.5500   18.2129
    0.0000   22.5000  -22.5000 2673.5215   17.8979
    7.5000   22.5000  -22.5000 2660.9832   17.8757
   -7.5000   30.0000  -22.5000 2654.8047   18.3085
    0.0000   30.0000  -22.5000 2665.8438   17.9664
    7.5000   30.0000  -22.5000 2658.4055   18.0174
   -7.5000   37.5000  -22.5000 2599.9133   18.5487
    0.0000   37.5000  -22.5000 2614.4043   18.2268
    7.5000   37.5000  -22.5000 2610.7847   18.3507
   -7.5000   45.0000  -22.5000 2493.1370   18.8288
    0.0000   45.0000  -22.5000 2506.8379   18.5259
    7.5000   45.0000  -22.5000 2501.0310   18.6708
   -7.5000   52.5000  -22.5000 2349.3096   19.1599
    0.0000   52.5000  -22.5000 2357.1660   18.8464
    7.5000   52.5000  -22.5000 2354.0452   19.0009
   -7.5000   60.0000  -22.5000 2174.6528   19.5670
    0.0000   60.0000  -22.5000 2186.1636   19.2363
    7.5000   60.0000  -22.5000 2182.0173   19.3604
   -7.5000  -30.0000  -15.0000 2272.1101   29.5546
    0.0000  -30.0000  -15.0000 2288.1946   28.8322
    7.5000  -30.0000  -15.0000 2274.2473   28.6855
   -7.5000  -22.5000  -15.0000 2392.5134   26.3831
    0.0000  -22.5000  -15.0000 2409.4363   25.7671
    7.5000  -22.5000  -15.0000 2394.7656   25.5805
   -7.5000  -15.0000  -15.0000 2503.2664   23.9008
    0.0000  -15.0000  -15.0000 2519.6550   23.3387
    7.5000  -15.0000  -15.0000 2503.3877   23.1824
   -7.5000   -7.5000  -15.0000 2603.9822   21.9132
    0.0000   -7.5000  -15.0000 2622.4695   21.4372
    7.5000   -7.5000  -15.0000 2600.7412   21.2634
   -7.5000    0.0000  -15.0000 2685.3650   20.3028
    0.0000    0.0000  -15.0000 2703.2893   19.9232
    7.5000    0.0000  -15.0000 2679.5894   19.7435
   -7.5000    7.5000  -15.0000 2742.1636   19.0715
    0.0000    7.5000  -15.0000 2754.6548   18.7044
    7.5000    7.5000  -15.0000 2738.6055   18.5964
   -7.5000   15.0000  -15.0000 2776.7849   18.1942
    0.0000   15.0000  -15.0000 2782.5002   17.8168
    7.5000   15.0000  -15.0000 2765.9873   17.7420
   -7.5000   22.5000  -15.0000 2783.9189   17.7593
    0.0000   22.5000  -15.0000 2785.6609   17.3646
    7.5000   22.5000  -15.0000 2768.0305   17.3454
   -7.5000   30.0000  -15.0000 2773.2590   17.7740
    0.0000   30.0000  -15.0000 2779.3486   17.4223
    7.5000   30.0000  -15.0000 2765.4346   17.4501
   -7.5000   37.5000  -15.0000 2706.3921   17.9458
    0.0000   37.5000  -15.0000 2723.5042   17.6004
    7.5000   37.5000  -15.0000 2712.7764   17.7127
   -7.5000   45.0000  -15.0000 2590.8511   18.2105
    0.0000   45.0000  -15.0000 2604.9822   17.8688
    7.5000   45.0000  -15.0000 2599.9553   18.0737
   -7.5000   52.5000  -15.0000 2453.4568   18.6787
    0.0000   52.5000  -15.0000 2461.4385   18.2693
    7.5000   52.5000  -15.0000 2457.5005   18.5278
   -7.5000   60.0000  -15.0000 2276.2881   19.1996
    0.0000   60.0000  -15.0000 2290.1777   18.8284
    7.5000   60.0000  -15.0000 2281.4265   19.0696
   -7.5000  -30.0000   -7.5000 2306.7749   29.9355
    0.0000  -30.0000   -7.5000 2316.8499   29.1199
    7.5000  -30.0000   -7.5000 2315.3337   29.1257
   -7.5000  -22.5000   -7.5000 2425.1248   26.6176
    0.0000  -22.5000   -7.5000 2435.7698   25.9304
    7.5000  -22.5000   -7.5000 2428.6074   25.8220
   -7.5000  -15.0000   -7.5000 2532.6980   23.9678
    0.0000  -15.0000   -7.5000 2547.4067   23.4583
    7.5000  -15.0000   -7.5000 2533.7532   23.2569
   -7.5000   -7.5000   -7.5000 2633.4292   21.7875
    0.0000   -7.5000   -7.5000 2653.9539   21.4482
    7.5000   -7.5000   -7.5000 2632.1692   21.1866
   -7.5000    0.0000   -7.5000 2720.2854   20.1012
    0.0000    0.0000   -7.5000 2744.1252   19.8416
    7.5000    0.0000   -7.5000 2716.2014   19.5675
   -7.5000    7.5000   -7.5000 2791.7542   18.8182
    0.0000    7.5000   -7.5000 2816.0535   18.6199
    7.5000    7.5000   -7.5000 2785.1531   18.3799
   -7.5000   15.0000   -7.5000 2847.3262   17.9618
    0.0000   15.0000   -7.5000 2863.9812   17.7491
    7.5000   15.0000   -7.5000 2827.4661   17.5175
   -7.5000   22.5000   -7.5000 2854.4407   17.3221
    0.0000   22.5000   -7.5000 2873.5776   17.0676
    7.5000   22.5000   -7.5000 2830.1992   16.9257
   -7.5000   30.0000   -7.5000 2837.6526   17.2429
    0.0000   30.0000   -7.5000 2849.7007   16.9411
    7.5000   30.0000   -7.5000 2813.2727   16.8849
   -7.5000   37.5000   -7.5000 2767.6938   17.3615
    0.0000   37.5000   -7.5000 2787.0979   17.0499
    7.5000   37.5000   -7.5000 2769.4102   17.1063
   -7.5000   45.0000   -7.5000 2667.6416   17.7782
    0.0000   45.0000   -7.5000 2679.8618   17.4261
    7.5000   45.0000   -7.5000 2678.9258   17.6174
   -7.5000   52.5000   -7.5000 2523.7290   18.3615
    0.0000   52.5000   -7.5000 2541.5283   18.0324
    7.5000   52.5000   -7.5000 2533.6670   18.2306
   -7.5000   60.0000   -7.5000 2352.0066   19.0053
    0.0000   60.0000   -7.5000 2366.1831   18.6816
    7.5000   60.0000   -7.5000 2356.1338   18.8486
   -7.5000  -30.0000    0.0000 2297.4180   30.2826
    0.0000  -30.0000    0.0000 2312.6863   29.6229
    7.5000  -30.0000    0.0000 2299.8750   29.4554
   -7.5000  -22.5000    0.0000 2418.1477   26.9144
    0.0000  -22.5000    0.0000 2428.8372   26.3207
    7.5000  -22.5000    0.0000 2417.7666   26.1483
   -7.5000  -15.0000    0.0000 2530.7583   24.1581
    0.0000  -15.0000    0.0000 2539.7637   23.6578
    7.5000  -15.0000    0.0000 2531.5994   23.5238
   -7.5000   -7.5000    0.0000 2635.4622   21.9434
    0.0000   -7.5000    0.0000 2648.2217   21.5878
    7.5000   -7.5000    0.0000 2638.2229   21.4018
   -7.5000    0.0000    0.0000 2733.0596   20.2457
    0.0000    0.0000    0.0000 2752.5847   20.0702
    7.5000    0.0000    0.0000 2728.9292   19.7631
   -7.5000    7.5000    0.0000 2823.6360   19.0629
    0.0000    7.5000    0.0000 2864.0701   19.1135
    7.5000    7.5000    0.0000 2809.2837   18.5407
   -7.5000   15.0000    0.0000 2886.4612   18.0918
    0.0000   15.0000    0.0000 2947.4062   18.3118
    7.5000   15.0000    0.0000 2855.6343   17.5619
   -7.5000   22.5000    0.0000 2881.3403   17.1311
    0.0000   22.5000    0.0000 2935.0679   17.2757
    7.5000   22.5000    0.0000 2842.6128   16.7139
   -7.5000   30.0000    0.0000 2851.2043   16.7655
    0.0000   30.0000    0.0000 2878.3789   16.7395
    7.5000   30.0000    0.0000 2819.5483   16.4891
   -7.5000   37.5000    0.0000 2801.7703   17.1020
    0.0000   37.5000    0.0000 2822.5466   16.8607
    7.5000   37.5000    0.0000 2796.4133   16.8588
   -7.5000   45.0000    0.0000 2706.2642   17.6192
    0.0000   45.0000    0.0000 2728.4570   17.3677
    7.5000   45.0000    0.0000 2710.3762   17.4347
   -7.5000   52.5000    0.0000 2563.2334   18.2704
    0.0000   52.5000    0.0000 2585.9478   17.9816
    7.5000   52.5000    0.0000 2566.1655   18.0832
   -7.5000   60.0000    0.0000 2383.5149   18.9167
    0.0000   60.0000    0.0000 2399.7224   18.6317
    7.5000   60.0000    0.0000 2387.1826   18.6963
   -7.5000  -30.0000    7.5000 2272.2317   30.8691
    0.0000  -30.0000    7.5000 2276.1707   30.0773
    7.5000  -30.0000    7.5000 2279.2202   30.0857
   -7.5000  -22.5000    7.5000 2389.6416   27.3452
    0.0000  -22.5000    7.5000 2393.6042   26.7392
    7.5000  -22.5000    7.5000 2393.4368   26.6149
   -7.5000  -15.0000    7.5000 2503.1865   24.6045
    0.0000  -15.0000    7.5000 2515.0376   24.2319
    7.5000  -15.0000    7.5000 2505.7708   23.9799
   -7.5000   -7.5000    7.5000 2613.5520   22.3797
    0.0000   -7.5000    7.5000 2635.9116   22.1836
    7.5000   -7.5000    7.5000 2614.2078   21.8331
   -7.5000    0.0000    7.5000 2721.5535   20.5628
    0.0000    0.0000    7.5000 2745.2261   20.5464
    7.5000    0.0000    7.5000 2706.0007   20.0907
   -7.5000    7.5000    7.5000 2804.5293   19.1904
    0.0000    7.5000    7.5000 2859.3691   19.4174
    7.5000    7.5000    7.5000 2791.8899   18.7973
   -7.5000   15.0000    7.5000 2855.0469   18.0405
    0.0000   15.0000    7.5000 2917.5762   18.3458
    7.5000   15.0000    7.5000 2829.7764   17.7283
   -7.5000   22.5000    7.5000 2841.2710   17.0034
    0.0000   22.5000    7.5000 2893.6960   17.2687
    7.5000   22.5000    7.5000 2817.0483   16.8334
   -7.5000   30.0000    7.5000 2852.6423   16.8513
    0.0000   30.0000    7.5000 2868.1509   16.8129
    7.5000   30.0000    7.5000 2826.2422   16.7279
   -7.5000   37.5000    7.5000 2809.9783   17.1902
    0.0000   37.5000    7.5000 2834.1519   17.0502
    7.5000   37.5000    7.5000 2795.1902   17.0398
   -7.5000   45.0000    7.5000 2710.0969   17.7185
    0.0000   45.0000    7.5000 2734.5000   17.5230
    7.5000   45.0000    7.5000 2704.8372   17.5446
   -7.5000   52.5000    7.5000 2564.9131   18.3702
    0.0000   52.5000    7.5000 2585.2529   18.0861
    7.5000   52.5000    7.5000 2562.6843   18.1026
   -7.5000   60.0000    7.5000 2386.7517   18.9818
    0.0000   60.0000    7.5000 2399.7222   18.6464
    7.5000   60.0000    7.5000 2388.2483   18.6688
   -7.5000  -30.0000   15.0000 2230.3503   31.8446
    0.0000  -30.0000   15.0000 2241.8506   31.3247
    7.5000  -30.0000   15.0000 2238.6428   31.1343
   -7.5000  -22.5000   15.0000 2356.6958   28.3112
    0.0000  -22.5000   15.0000 2369.3987   27.8594
    7.5000  -22.5000   15.0000 2361.6196   27.7235
   -7.5000  -15.0000   15.0000 2477.4824   25.4952
    0.0000  -15.0000   15.0000 2486.1782   25.0532
    7.5000  -15.0000   15.0000 2479.5479   24.9804
   -7.5000   -7.5000   15.0000 2585.5425   22.9976
    0.0000   -7.5000   15.0000 2592.9526   22.7094
    7.5000   -7.5000   15.0000 2589.4104   22.6833
   -7.5000    0.0000   15.0000 2689.4678   21.0417
    0.0000    0.0000   15.0000 2696.5256   20.9080
    7.5000    0.0000   15.0000 2685.0549   20.7495
   -7.5000    7.5000   15.0000 2770.1812   19.5373
    0.0000    7.5000   15.0000 2790.4055   19.4778
    7.5000    7.5000   15.0000 2767.6860   19.2901
   -7.5000   15.0000   15.0000 2793.4028   18.1865
    0.0000   15.0000   15.0000 2827.0818   18.2531
    7.5000   15.0000   15.0000 2791.3118   18.0366
   -7.5000   22.5000   15.0000 2822.5979   17.4390
    0.0000   22.5000   15.0000 2835.4841   17.2773
    7.5000   22.5000   15.0000 2806.7715   17.2786
   -7.5000   30.0000   15.0000 2842.8333   17.4739
    0.0000   30.0000   15.0000 2859.2195   17.2684
    7.5000   30.0000   15.0000 2819.9768   17.3060
   -7.5000   37.5000   15.0000 2802.6621   17.8887
    0.0000   37.5000   15.0000 2823.1187   17.7107
    7.5000   37.5000   15.0000 2783.5479   17.7003
   -7.5000   45.0000   15.0000 2688.2168   18.3307
    0.0000   45.0000   15.0000 2717.0217   18.1855
    7.5000   45.0000   15.0000 2681.2769   18.1803
   -7.5000   52.5000   15.0000 2546.0857   18.7870
    0.0000   52.5000   15.0000 2564.9614   18.5973
    7.5000   52.5000   15.0000 2537.5701   18.5603
   -7.5000   60.0000   15.0000 2370.0715   19.2605
    0.0000   60.0000   15.0000 2381.3062   18.9680
    7.5000   60.0000   15.0000 2363.6118   18.9438
   -7.5000  -30.0000   22.5000 2179.3118   33.1145
    0.0000  -30.0000   22.5000 2194.3188   32.5779
    7.5000  -30.0000   22.5000 2200.7317   32.6527
   -7.5000  -22.5000   22.5000 2309.7046   29.2231
    0.0000  -22.5000   22.5000 2319.7388   28.7095
    7.5000  -22.5000   22.5000 2325.0000   28.9290
   -7.5000  -15.0000   22.5000 2424.7109   26.1552
    0.0000  -15.0000   22.5000 2434.1899   25.6990
    7.5000  -15.0000   22.5000 2446.2246   25.9939
   -7.5000   -7.5000   22.5000 2530.6685   23.5720
    0.0000   -7.5000   22.5000 2544.4504   23.2787
    7.5000   -7.5000   22.5000 2554.3625   23.5120
   -7.5000    0.0000   22.5000 2635.0659   21.5414
    0.0000    0.0000   22.5000 2644.2673   21.3023
    7.5000    0.0000   22.5000 2645.6460   21.4478
   -7.5000    7.5000   22.5000 2697.9802   19.8762
    0.0000    7.5000   22.5000 2717.3948   19.7207
    7.5000    7.5000   22.5000 2709.2812   19.7803
   -7.5000   15.0000   22.5000 2754.3501   18.6793
    0.0000   15.0000   22.5000 2753.0483   18.4179
    7.5000   15.0000   22.5000 2754.9854   18.5815
   -7.5000   22.5000   22.5000 2793.7622   18.1048
    0.0000   22.5000   22.5000 2800.9285   17.8266
    7.5000   22.5000   22.5000 2778.9182   17.9680
   -7.5000   30.0000   22.5000 2807.1372   18.2336
    0.0000   30.0000   22.5000 2821.8381   18.0150
    7.5000   30.0000   22.5000 2792.9478   18.0903
   -7.5000   37.5000   22.5000 2762.6511   18.6468
    0.0000   37.5000   22.5000 2778.5994   18.4693
    7.5000   37.5000   22.5000 2746.7554   18.5054
   -7.5000   45.0000   22.5000 2645.1682   19.1450
    0.0000   45.0000   22.5000 2666.2568   18.9514
    7.5000   45.0000   22.5000 2642.5361   19.0094
   -7.5000   52.5000   22.5000 2508.3132   19.5687
    0.0000   52.5000   22.5000 2526.4236   19.3873
    7.5000   52.5000   22.5000 2506.6821   19.4218
   -7.5000   60.0000   22.5000 2336.7686   19.9697
    0.0000   60.0000   22.5000 2349.3132   19.7154
    7.5000   60.0000   22.5000 2331.5393   19.6756
   -7.5000  -30.0000   30.0000 2122.2642   34.3424
    0.0000  -30.0000   30.0000 2138.4124   33.6886
    7.5000  -30.0000   30.0000 2152.6287   34.1281
   -7.5000  -22.5000   30.0000 2253.6050   30.1720
    0.0000  -22.5000   30.0000 2268.1062   29.6233
    7.5000  -22.5000   30.0000 2285.3230   30.2439
   -7.5000  -15.0000   30.0000 2373.4490   26.9285
    0.0000  -15.0000   30.0000 2386.9182   26.4705
    7.5000  -15.0000   30.0000 2405.3389   27.0909
   -7.5000   -7.5000   30.0000 2476.8965   24.3263
    0.0000   -7.5000   30.0000 2490.3313   23.9203
    7.5000   -7.5000   30.0000 2505.1736   24.4470
   -7.5000    0.0000   30.0000 2561.8486   22.1328
    0.0000    0.0000   30.0000 2574.5298   21.7983
    7.5000    0.0000   30.0000 2582.9075   22.1887
   -7.5000    7.5000   30.0000 2641.9175   20.5177
    0.0000    7.5000   30.0000 2639.3025   20.1789
    7.5000    7.5000   30.0000 2650.9072   20.5466
   -7.5000   15.0000   30.0000 2702.3252   19.4349
    0.0000   15.0000   30.0000 2699.7305   19.0479
    7.5000   15.0000   30.0000 2697.9988   19.4247
   -7.5000   22.5000   30.0000 2745.0779   19.0201
    0.0000   22.5000   30.0000 2746.2705   18.6576
    7.5000   22.5000   30.0000 2730.4387   18.9192
   -7.5000   30.0000   30.0000 2754.1909   19.1673
    0.0000   30.0000   30.0000 2758.3167   18.8506
    7.5000   30.0000   30.0000 2737.9187   19.0343
   -7.5000   37.5000   30.0000 2700.6465   19.5437
    0.0000   37.5000   30.0000 2710.7786   19.2734
    7.5000   37.5000   30.0000 2691.9993   19.4383
   -7.5000   45.0000   30.0000 2591.3547   20.0158
    0.0000   45.0000   30.0000 2602.8220   19.7314
    7.5000   45.0000   30.0000 2587.2854   19.8988
   -7.5000   52.5000   30.0000 2452.3733   20.4294
    0.0000   52.5000   30.0000 2464.9700   20.1372
    7.5000   52.5000   30.0000 2450.8655   20.2917
   -7.5000   60.0000   30.0000 2278.0654   20.7969
    0.0000   60.0000   30.0000 2287.7615   20.5237
    7.5000   60.0000   30.0000 2273.5906   20.6006
   -7.5000  -30.0000   37.5000 2057.8325   35.5112
    0.0000  -30.0000   37.5000 2084.5305   35.0082
    7.5000  -30.0000   37.5000 2093.1038   35.7926
   -7.5000  -22.5000   37.5000 2194.3884   31.1351
    0.0000  -22.5000   37.5000 2215.6255   30.6749
    7.5000  -22.5000   37.5000 2229.7966   31.6153
   -7.5000  -15.0000   37.5000 2314.8528   27.8585
    0.0000  -15.0000   37.5000 2327.2522   27.3533
    7.5000  -15.0000   37.5000 2345.0208   28.1981
   -7.5000   -7.5000   37.5000 2413.7024   25.1607
    0.0000   -7.5000   37.5000 2421.3721   24.6679
    7.5000   -7.5000   37.5000 2433.1555   25.3484
   -7.5000    0.0000   37.5000 2497.7351   23.0097
    0.0000    0.0000   37.5000 2501.4846   22.5292
    7.5000    0.0000   37.5000 2516.0627   23.1497
   -7.5000    7.5000   37.5000 2576.9299   21.4537
    0.0000    7.5000   37.5000 2575.8342   21.0403
    7.5000    7.5000   37.5000 2581.1270   21.5033
   -7.5000   15.0000   37.5000 2639.6069   20.4790
    0.0000   15.0000   37.5000 2631.9973   20.0041
    7.5000   15.0000   37.5000 2636.0186   20.5375
   -7.5000   22.5000   37.5000 2674.6372   20.0996
    0.0000   22.5000   37.5000 2672.2405   19.7118
    7.5000   22.5000   37.5000 2667.4824   20.1183
   -7.5000   30.0000   37.5000 2675.7266   20.2156
    0.0000   30.0000   37.5000 2679.7466   19.8628
    7.5000   30.0000   37.5000 2671.5051   20.1886
   -7.5000   37.5000   37.5000 2634.9297   20.5013
    0.0000   37.5000   37.5000 2634.1541   20.1904
    7.5000   37.5000   37.5000 2626.1738   20.5025
   -7.5000   45.0000   37.5000 2529.7324   20.9183
    0.0000   45.0000   37.5000 2533.0388   20.6161
    7.5000   45.0000   37.5000 2519.0762   20.9325
   -7.5000   52.5000   37.5000 2383.2607   21.3255
    0.0000   52.5000   37.5000 2388.9912   21.0166
    7.5000   52.5000   37.5000 2375.8574   21.3053
   -7.5000   60.0000   37.5000 2207.8027   21.7554
    0.0000   60.0000   37.5000 2221.9282   21.4285
    7.5000   60.0000   37.5000 2199.1165   21.5967
   -7.5000  -30.0000   45.0000 1980.0710   36.8170
    0.0000  -30.0000   45.0000 2010.2085   36.4841
    7.5000  -30.0000   45.0000 2009.1100   37.5291
   -7.5000  -22.5000   45.0000 2114.6653   32.3007
    0.0000  -22.5000   45.0000 2138.1812   31.9427
    7.5000  -22.5000   45.0000 2141.5906   32.9834
   -7.5000  -15.0000   45.0000 2231.2334   28.9323
    0.0000  -15.0000   45.0000 2245.4534   28.4456
    7.5000  -15.0000   45.0000 2248.9297   29.3166
   -7.5000   -7.5000   45.0000 2326.2253   26.1660
    0.0000   -7.5000   45.0000 2335.0449   25.6708
    7.5000   -7.5000   45.0000 2339.3789   26.4346
   -7.5000    0.0000   45.0000 2414.5959   24.0578
    0.0000    0.0000   45.0000 2414.7620   23.5232
    7.5000    0.0000   45.0000 2427.0107   24.2380
   -7.5000    7.5000   45.0000 2486.8835   22.5676
    0.0000    7.5000   45.0000 2490.4331   22.1080
    7.5000    7.5000   45.0000 2490.8257   22.6848
   -7.5000   15.0000   45.0000 2539.5884   21.6020
    0.0000   15.0000   45.0000 2541.2747   21.1878
    7.5000   15.0000   45.0000 2538.8762   21.7404
   -7.5000   22.5000   45.0000 2568.8428   21.2707
    0.0000   22.5000   45.0000 2567.9551   20.9375
    7.5000   22.5000   45.0000 2573.4846   21.3764
   -7.5000   30.0000   45.0000 2563.8542   21.3295
    0.0000   30.0000   45.0000 2573.7188   21.0207
    7.5000   30.0000   45.0000 2574.0166   21.3478
   -7.5000   37.5000   45.0000 2533.1648   21.5320
    0.0000   37.5000   45.0000 2533.9446   21.2773
    7.5000   37.5000   45.0000 2530.9771   21.6258
   -7.5000   45.0000   45.0000 2431.2380   21.9484
    0.0000   45.0000   45.0000 2434.5417   21.6329
    7.5000   45.0000   45.0000 2423.9426   22.0398
   -7.5000   52.5000   45.0000 2283.4863   22.3806
    0.0000   52.5000   45.0000 2293.6819   22.0389
    7.5000   52.5000   45.0000 2277.6809   22.3916
   -7.5000   60.0000   45.0000 2105.2727   22.6949
    0.0000   60.0000   45.0000 2118.5664   22.3974
    7.5000   60.0000   45.0000 2104.8550   22.5723

---------------------------------------------------------------------
imgreg_4dfp /opt/freesurfer/average/711-2C_as_mni_average_305 /opt/freesurfer/average/711-2B_as_mni_average_305_mask talsrcimg_g11 none talsrcimg_to_711-2C_as_mni_average_305_t4 1283
---------------------------------------------------------------------

freesurfer imgreg_4dfp.c
/opt/freesurfer/average/711-2C_as_mni_average_305.4dfp.img
       256       256       256         1
  1.000000  1.000000  1.000000
orientation T byte_order littleendian
Reading image: /opt/freesurfer/average/711-2C_as_mni_average_305.4dfp.img
dimensions:      256       256       256
mmppix:       1.0000   -1.0000   -1.0000
center:     128.0000 -129.0000 -129.0000
/opt/freesurfer/average/711-2B_as_mni_average_305_mask.4dfp.img
       256       256       256         1
  1.000000  1.000000  1.000000
orientation T byte_order littleendian
Reading mask: /opt/freesurfer/average/711-2B_as_mni_average_305_mask.4dfp.img (2306576 pixels)
talsrcimg_g11.4dfp.img
       320       320       320         1
  0.699948  0.699948  0.699948
orientation T byte_order littleendian
Reading image: talsrcimg_g11.4dfp.img
dimensions:      320       320       320
mmppix:       0.6999   -0.6999   -0.6999
center:     111.9917 -112.6916 -112.6916
rotation matrix determinant  1.000000
fimgreg.f
image alignment mode   1283 decimal      503 hex
parameters
    0.0000   15.0000    0.0000    0.0000    0.0000    0.0000
eta,q 0.92215 18.38714
niter,ni,del,rscale     5    3   12.0000    1.2000
parameter  6  0.521723 ->  0.500000 qaram    1.1500
parameters
   -0.7535   17.5852    0.9203    0.0467    2.4589   -3.4500
eta,q 0.93199 18.08738
  0.0916  0.0944  0.0892  0.0779  0.0871  0.0706
  0.0862  0.0864  0.0834  0.0757  0.0820  0.0682
  0.0794  0.0799  0.0774  0.0729  0.0759  0.0685
  0.0755  0.0762  0.0724  0.0715  0.0715  0.0704
  0.0806  0.0730  0.0714  0.0726  0.0703  0.0725
  0.0927  0.0731  0.0760  0.0754  0.0712  0.0750
  0.1027  0.0777  0.0832  0.0779  0.0740  0.0778
niter,ni,del,rscale     5    3   12.0000    1.2000
parameters
   -1.6268   17.6175    1.1141   -0.2609    3.5693   -2.9789
eta,q 0.93362 18.08539
  0.0873  0.0814  0.0855  0.0740  0.0826  0.0765
  0.0783  0.0740  0.0783  0.0708  0.0774  0.0726
  0.0699  0.0698  0.0706  0.0677  0.0717  0.0683
  0.0680  0.0673  0.0673  0.0674  0.0672  0.0662
  0.0774  0.0703  0.0701  0.0694  0.0665  0.0680
  0.0888  0.0758  0.0770  0.0719  0.0701  0.0709
  0.0987  0.0796  0.0832  0.0749  0.0757  0.0741
niter,ni,del,rscale     4    3   12.0000    1.2000
parameters
   -1.9742   17.7546    1.0757   -0.5348    4.0495   -2.9645
eta,q 0.93391 18.05616
  0.0908  0.0812  0.0850  0.0733  0.0807  0.0751
  0.0805  0.0734  0.0769  0.0705  0.0753  0.0712
  0.0708  0.0685  0.0692  0.0672  0.0697  0.0672
  0.0664  0.0663  0.0664  0.0664  0.0663  0.0661
  0.0737  0.0698  0.0708  0.0684  0.0671  0.0681
  0.0856  0.0749  0.0783  0.0711  0.0719  0.0712
  0.0953  0.0781  0.0842  0.0745  0.0776  0.0746
niter,ni,del,rscale     3    3   12.0000    1.2000
parameters
   -2.1013   17.8659    0.9982   -0.6813    4.2443   -3.0059
eta,q 0.93392 18.03545
  0.0924  0.0807  0.0846  0.0732  0.0800  0.0746
  0.0819  0.0730  0.0766  0.0703  0.0744  0.0709
  0.0715  0.0678  0.0692  0.0674  0.0689  0.0672
  0.0661  0.0661  0.0662  0.0662  0.0661  0.0661
  0.0725  0.0700  0.0708  0.0678  0.0678  0.0680
  0.0842  0.0746  0.0785  0.0705  0.0729  0.0711
  0.0939  0.0776  0.0842  0.0740  0.0788  0.0745
niter,ni,del,rscale     2    3   12.0000    1.2000
parameters
   -2.1462   17.9349    0.9497   -0.7561    4.3185   -3.0368
eta,q 0.93388 18.02303
  0.0930  0.0804  0.0846  0.0732  0.0797  0.0746
  0.0824  0.0727  0.0768  0.0702  0.0741  0.0708
  0.0719  0.0674  0.0694  0.0675  0.0686  0.0673
  0.0661  0.0661  0.0662  0.0661  0.0661  0.0661
  0.0721  0.0702  0.0706  0.0676  0.0682  0.0680
  0.0836  0.0745  0.0784  0.0703  0.0734  0.0710
  0.0933  0.0774  0.0840  0.0736  0.0793  0.0744
niter,ni,del,rscale     1    3   12.0000    1.2000
parameters
   -2.1616   17.9740    0.9242   -0.8006    4.3417   -3.0571
eta,q 0.93385 18.01661
  0.0931  0.0802  0.0847  0.0732  0.0795  0.0745
  0.0827  0.0725  0.0769  0.0702  0.0739  0.0708
  0.0721  0.0673  0.0695  0.0676  0.0685  0.0673
  0.0661  0.0661  0.0662  0.0662  0.0662  0.0662
  0.0721  0.0703  0.0705  0.0675  0.0684  0.0680
  0.0834  0.0745  0.0783  0.0702  0.0735  0.0710
  0.0930  0.0774  0.0838  0.0735  0.0795  0.0743
registration optimization eta report
parameter search radius
    6.0000    6.0000    6.0000    6.0000    6.0000    6.9000
100000*second partial in parameter space
       70.       33.       47.       19.       36.       17.
  0.0931  0.0802  0.0847  0.0732  0.0795  0.0745
  0.0827  0.0725  0.0769  0.0702  0.0739  0.0708
  0.0721  0.0673  0.0695  0.0676  0.0685  0.0673
  0.0661  0.0661  0.0662  0.0662  0.0662  0.0662
  0.0721  0.0703  0.0705  0.0675  0.0684  0.0680
  0.0834  0.0745  0.0783  0.0702  0.0735  0.0710
  0.0930  0.0774  0.0838  0.0735  0.0795  0.0743
   -2.1616   17.9740    0.9242   -0.8006    4.3417   -3.0571
eta,q 0.93385 18.01661

---------------------------------------------------------------------
imgreg_4dfp /opt/freesurfer/average/711-2C_as_mni_average_305 /opt/freesurfer/average/711-2B_as_mni_average_305_mask talsrcimg_g11 none talsrcimg_to_711-2C_as_mni_average_305_t4 3335
---------------------------------------------------------------------

freesurfer imgreg_4dfp.c
/opt/freesurfer/average/711-2C_as_mni_average_305.4dfp.img
       256       256       256         1
  1.000000  1.000000  1.000000
orientation T byte_order littleendian
Reading image: /opt/freesurfer/average/711-2C_as_mni_average_305.4dfp.img
dimensions:      256       256       256
mmppix:       1.0000   -1.0000   -1.0000
center:     128.0000 -129.0000 -129.0000
/opt/freesurfer/average/711-2B_as_mni_average_305_mask.4dfp.img
       256       256       256         1
  1.000000  1.000000  1.000000
orientation T byte_order littleendian
Reading mask: /opt/freesurfer/average/711-2B_as_mni_average_305_mask.4dfp.img (2306576 pixels)
talsrcimg_g11.4dfp.img
       320       320       320         1
  0.699948  0.699948  0.699948
orientation T byte_order littleendian
Reading image: talsrcimg_g11.4dfp.img
dimensions:      320       320       320
mmppix:       0.6999   -0.6999   -0.6999
center:     111.9917 -112.6916 -112.6916
fimgreg.f
image alignment mode   3335 decimal      D07 hex
parameters
   -2.1616   17.9740    0.9242   -0.4289   -0.1577   -0.2967
    5.4382   -7.4843   -5.3178    1.7989    7.5704   -1.3932
eta,q 0.93039 18.13530
niter,ni,del,rscale     5    3    5.0000    1.2000
parameter  4  0.828092 ->  0.500000 qaram    1.1500
parameter  5  2.015381 ->  0.500000 qaram    1.1500
parameter  6  0.840754 ->  0.500000 qaram    1.1500
parameters
   -2.1038   18.3360    1.9039   -4.5689   -4.2977   -4.4367
    5.6818   -6.5456   -5.0987    2.7637    7.7585   -1.9458
eta,q 0.94883 18.50859
  0.0749  0.0723  0.0752  0.0633  0.0518  0.0518  0.0541  0.0578  0.0532  0.0551  0.0530  0.0524
  0.0721  0.0710  0.0729  0.0640  0.0550  0.0514  0.0526  0.0542  0.0520  0.0530  0.0521  0.0517
  0.0703  0.0701  0.0709  0.0655  0.0588  0.0521  0.0516  0.0522  0.0513  0.0518  0.0515  0.0513
  0.0696  0.0696  0.0696  0.0689  0.0643  0.0559  0.0513  0.0513  0.0512  0.0513  0.0512  0.0512
  0.0701  0.0696  0.0689  0.0751  0.0712  0.0628  0.0516  0.0514  0.0515  0.0512  0.0512  0.0514
  0.0717  0.0701  0.0692  0.0838  0.0786  0.0694  0.0524  0.0526  0.0520  0.0520  0.0518  0.0519
  0.0744  0.0711  0.0703  0.0928  0.0856  0.0762  0.0537  0.0550  0.0528  0.0534  0.0530  0.0529
niter,ni,del,rscale     7    3    5.0000    1.2000
parameter  2 -0.919926 -> -0.500000 qaram    1.1500
parameter  3  0.803261 ->  0.500000 qaram    1.1500
parameter  5  1.153851 ->  0.500000 qaram    1.3225
parameter 10 -0.775305 -> -0.500000 qaram    1.1500
parameters
   -1.6305   19.7160    0.5239   -7.1983   -9.0587   -7.7757
    4.9465   -6.3405   -5.2648    6.9037   10.0919   -2.4709
eta,q 0.95798 18.33001
  0.0550  0.0558  0.0485  0.0497  0.0410  0.0448  0.0454  0.0460  0.0452  0.0499  0.0431  0.0430
  0.0531  0.0539  0.0483  0.0490  0.0425  0.0440  0.0443  0.0445  0.0443  0.0475  0.0427  0.0424
  0.0518  0.0523  0.0487  0.0486  0.0452  0.0433  0.0436  0.0437  0.0437  0.0453  0.0424  0.0421
  0.0512  0.0511  0.0497  0.0483  0.0486  0.0432  0.0435  0.0434  0.0434  0.0434  0.0421  0.0420
  0.0511  0.0501  0.0512  0.0492  0.0535  0.0461  0.0440  0.0437  0.0436  0.0424  0.0420  0.0422
  0.0517  0.0496  0.0530  0.0531  0.0605  0.0524  0.0450  0.0444  0.0444  0.0421  0.0421  0.0426
  0.0528  0.0497  0.0552  0.0614  0.0680  0.0585  0.0464  0.0456  0.0455  0.0422  0.0424  0.0433
niter,ni,del,rscale     7    3    5.0000    1.2000
parameter  2 -0.836807 -> -0.500000 qaram    1.3225
parameter  3  0.814119 ->  0.500000 qaram    1.3225
parameter  5  0.623164 ->  0.500000 qaram    1.5209
parameters
   -1.1889   21.3030   -1.0631   -6.3251  -14.5339   -9.2321
    5.1534   -6.1992   -5.4150    9.7711   10.3626   -4.8943
eta,q 0.96455 18.12729
  0.0450  0.0493  0.0392  0.0424  0.0365  0.0396  0.0391  0.0391  0.0384  0.0427  0.0362  0.0360
  0.0436  0.0461  0.0390  0.0411  0.0357  0.0383  0.0377  0.0375  0.0373  0.0400  0.0360  0.0356
  0.0426  0.0437  0.0394  0.0400  0.0363  0.0370  0.0367  0.0367  0.0366  0.0378  0.0357  0.0355
  0.0420  0.0419  0.0401  0.0391  0.0388  0.0357  0.0363  0.0363  0.0363  0.0363  0.0356  0.0356
  0.0419  0.0407  0.0412  0.0384  0.0423  0.0364  0.0365  0.0365  0.0366  0.0356  0.0356  0.0360
  0.0424  0.0400  0.0425  0.0389  0.0475  0.0402  0.0375  0.0372  0.0374  0.0361  0.0358  0.0366
  0.0435  0.0400  0.0442  0.0421  0.0557  0.0464  0.0388  0.0390  0.0386  0.0377  0.0363  0.0374
niter,ni,del,rscale     7    3    5.0000    1.2000
parameters
   -1.1484   22.6924   -1.3736   -5.0240  -17.4269   -9.4815
    5.2634   -6.2360   -5.7892   11.0145   10.7735   -5.8417
eta,q 0.96617 17.96176
  0.0378  0.0440  0.0365  0.0388  0.0372  0.0386  0.0365  0.0372  0.0359  0.0387  0.0346  0.0345
  0.0366  0.0405  0.0352  0.0373  0.0355  0.0371  0.0351  0.0353  0.0348  0.0364  0.0343  0.0341
  0.0358  0.0375  0.0345  0.0358  0.0340  0.0356  0.0343  0.0343  0.0341  0.0347  0.0340  0.0339
  0.0354  0.0354  0.0345  0.0344  0.0339  0.0338  0.0339  0.0339  0.0339  0.0339  0.0339  0.0338
  0.0356  0.0345  0.0350  0.0335  0.0362  0.0332  0.0342  0.0342  0.0343  0.0340  0.0338  0.0340
  0.0364  0.0348  0.0359  0.0340  0.0398  0.0358  0.0351  0.0352  0.0351  0.0349  0.0340  0.0345
  0.0377  0.0362  0.0372  0.0379  0.0457  0.0413  0.0364  0.0374  0.0363  0.0365  0.0346  0.0351
niter,ni,del,rscale     6    3    5.0000    1.2000
parameters
   -1.1739   23.3510   -1.4410   -4.8247  -18.5706   -9.7031
    5.4135   -6.1730   -6.2009   11.9171   11.5541   -5.9755
eta,q 0.96622 17.86749
  0.0363  0.0395  0.0359  0.0383  0.0380  0.0384  0.0363  0.0370  0.0357  0.0377  0.0347  0.0347
  0.0349  0.0370  0.0345  0.0367  0.0363  0.0369  0.0350  0.0352  0.0346  0.0357  0.0343  0.0342
  0.0341  0.0350  0.0337  0.0351  0.0347  0.0354  0.0341  0.0342  0.0340  0.0344  0.0341  0.0339
  0.0338  0.0338  0.0336  0.0336  0.0335  0.0337  0.0338  0.0338  0.0338  0.0338  0.0338  0.0338
  0.0341  0.0336  0.0339  0.0328  0.0344  0.0331  0.0341  0.0340  0.0342  0.0341  0.0338  0.0339
  0.0350  0.0345  0.0347  0.0342  0.0373  0.0356  0.0349  0.0350  0.0349  0.0349  0.0340  0.0342
  0.0364  0.0364  0.0359  0.0399  0.0413  0.0410  0.0361  0.0371  0.0361  0.0362  0.0345  0.0348
niter,ni,del,rscale     5    3    5.0000    1.2000
parameters
   -1.1479   23.7298   -1.6014   -4.8527  -19.2796  -10.1131
    5.5165   -6.1109   -6.7284   12.7324   12.3131   -5.7883
eta,q 0.96596 17.79622
  0.0363  0.0384  0.0358  0.0383  0.0381  0.0383  0.0364  0.0371  0.0358  0.0373  0.0350  0.0350
  0.0350  0.0362  0.0345  0.0368  0.0365  0.0369  0.0351  0.0354  0.0348  0.0356  0.0346  0.0345
  0.0341  0.0346  0.0338  0.0352  0.0350  0.0355  0.0344  0.0345  0.0342  0.0345  0.0343  0.0342
  0.0338  0.0338  0.0337  0.0337  0.0337  0.0339  0.0341  0.0341  0.0341  0.0341  0.0341  0.0340
  0.0340  0.0338  0.0341  0.0330  0.0342  0.0334  0.0344  0.0342  0.0345  0.0344  0.0340  0.0341
  0.0349  0.0349  0.0349  0.0347  0.0368  0.0360  0.0351  0.0351  0.0352  0.0351  0.0342  0.0344
  0.0363  0.0367  0.0362  0.0406  0.0404  0.0414  0.0362  0.0372  0.0362  0.0361  0.0348  0.0349
niter,ni,del,rscale     4    3    5.0000    1.2000
parameters
   -1.1110   24.0634   -1.8406   -4.9800  -19.9383  -10.6539
    5.6058   -5.9718   -7.1917   13.6619   12.9580   -5.4787
eta,q 0.96561 17.72372
  0.0366  0.0382  0.0359  0.0384  0.0381  0.0382  0.0366  0.0372  0.0360  0.0373  0.0353  0.0353
  0.0352  0.0362  0.0347  0.0370  0.0367  0.0370  0.0354  0.0357  0.0351  0.0358  0.0350  0.0349
  0.0344  0.0348  0.0340  0.0355  0.0352  0.0356  0.0347  0.0349  0.0345  0.0348  0.0347  0.0345
  0.0340  0.0340  0.0340  0.0339  0.0340  0.0342  0.0344  0.0344  0.0344  0.0344  0.0344  0.0344
  0.0343  0.0341  0.0344  0.0334  0.0344  0.0338  0.0347  0.0345  0.0348  0.0346  0.0344  0.0345
  0.0351  0.0351  0.0352  0.0351  0.0368  0.0364  0.0354  0.0353  0.0354  0.0352  0.0346  0.0347
  0.0365  0.0369  0.0365  0.0409  0.0402  0.0416  0.0364  0.0373  0.0364  0.0361  0.0352  0.0352
niter,ni,del,rscale     3    3    5.0000    1.2000
parameters
   -1.0609   24.4437   -2.1783   -5.1462  -20.7105  -11.3627
    5.6185   -5.7394   -7.3966   14.9286   13.1489   -5.0426
eta,q 0.96527 17.63668
  0.0368  0.0383  0.0360  0.0385  0.0381  0.0381  0.0368  0.0374  0.0364  0.0374  0.0356  0.0357
  0.0355  0.0364  0.0348  0.0372  0.0367  0.0370  0.0356  0.0361  0.0354  0.0361  0.0352  0.0352
  0.0347  0.0351  0.0343  0.0357  0.0354  0.0358  0.0350  0.0353  0.0349  0.0352  0.0349  0.0349
  0.0344  0.0344  0.0343  0.0342  0.0343  0.0345  0.0348  0.0348  0.0348  0.0348  0.0347  0.0347
  0.0346  0.0344  0.0347  0.0337  0.0348  0.0342  0.0351  0.0348  0.0350  0.0348  0.0347  0.0348
  0.0354  0.0352  0.0356  0.0354  0.0370  0.0368  0.0357  0.0355  0.0356  0.0353  0.0350  0.0350
  0.0367  0.0369  0.0368  0.0410  0.0402  0.0417  0.0367  0.0374  0.0365  0.0362  0.0357  0.0355
niter,ni,del,rscale     2    3    5.0000    1.2000
parameters
   -1.0156   24.9307   -2.7156   -5.2226  -21.7340  -12.3408
    5.6498   -5.5268   -6.9852   16.7214   12.6295   -4.6254
eta,q 0.96506 17.52690
  0.0370  0.0386  0.0359  0.0385  0.0381  0.0378  0.0369  0.0375  0.0369  0.0378  0.0356  0.0358
  0.0358  0.0368  0.0349  0.0373  0.0367  0.0368  0.0359  0.0363  0.0359  0.0366  0.0353  0.0354
  0.0350  0.0355  0.0345  0.0359  0.0354  0.0358  0.0353  0.0356  0.0353  0.0357  0.0351  0.0351
  0.0347  0.0347  0.0346  0.0345  0.0345  0.0347  0.0351  0.0351  0.0351  0.0351  0.0349  0.0349
  0.0349  0.0346  0.0351  0.0339  0.0351  0.0346  0.0353  0.0350  0.0352  0.0350  0.0350  0.0350
  0.0357  0.0354  0.0359  0.0355  0.0373  0.0371  0.0359  0.0358  0.0356  0.0354  0.0353  0.0353
  0.0369  0.0370  0.0371  0.0407  0.0404  0.0418  0.0368  0.0376  0.0365  0.0362  0.0360  0.0356
niter,ni,del,rscale     1    3    5.0000    1.2000
parameters
   -1.0392   25.5292   -3.4816   -5.0359  -22.8092  -13.5794
    5.7342   -5.4005   -6.5111   18.4009   12.5258   -4.5915
eta,q 0.96499 17.42735
  0.0369  0.0391  0.0357  0.0385  0.0380  0.0373  0.0369  0.0374  0.0371  0.0381  0.0357  0.0358
  0.0358  0.0373  0.0349  0.0373  0.0366  0.0365  0.0359  0.0363  0.0361  0.0368  0.0354  0.0354
  0.0352  0.0358  0.0346  0.0360  0.0354  0.0357  0.0353  0.0356  0.0354  0.0358  0.0352  0.0351
  0.0349  0.0349  0.0348  0.0346  0.0345  0.0347  0.0351  0.0351  0.0351  0.0351  0.0350  0.0350
  0.0352  0.0348  0.0353  0.0339  0.0351  0.0347  0.0353  0.0351  0.0352  0.0351  0.0350  0.0351
  0.0359  0.0355  0.0361  0.0351  0.0373  0.0372  0.0359  0.0358  0.0357  0.0355  0.0352  0.0354
  0.0370  0.0370  0.0372  0.0400  0.0405  0.0418  0.0367  0.0376  0.0366  0.0365  0.0359  0.0358
registration optimization eta report
parameter search radius
    2.4000    3.1740    3.1740    8.2800   10.9503    8.2800
    7.2000    7.2000    7.2000    8.2800    7.2000    7.2000
100000*second partial in parameter space
       36.       31.       17.        7.        4.        7.
        3.        5.        3.        3.        2.        1.
  0.0369  0.0391  0.0357  0.0385  0.0380  0.0373  0.0369  0.0374  0.0371  0.0381  0.0357  0.0358
  0.0358  0.0373  0.0349  0.0373  0.0366  0.0365  0.0359  0.0363  0.0361  0.0368  0.0354  0.0354
  0.0352  0.0358  0.0346  0.0360  0.0354  0.0357  0.0353  0.0356  0.0354  0.0358  0.0352  0.0351
  0.0349  0.0349  0.0348  0.0346  0.0345  0.0347  0.0351  0.0351  0.0351  0.0351  0.0350  0.0350
  0.0352  0.0348  0.0353  0.0339  0.0351  0.0347  0.0353  0.0351  0.0352  0.0351  0.0350  0.0351
  0.0359  0.0355  0.0361  0.0351  0.0373  0.0372  0.0359  0.0358  0.0357  0.0355  0.0352  0.0354
  0.0370  0.0370  0.0372  0.0400  0.0405  0.0418  0.0367  0.0376  0.0366  0.0365  0.0359  0.0358
   -1.0392   25.5292   -3.4816   -5.0359  -22.8092  -13.5794
    5.7342   -5.4005   -6.5111   18.4009   12.5258   -4.5915
eta,q 0.96499 17.42735

---------------------------------------------------------------------
imgreg_4dfp /opt/freesurfer/average/711-2C_as_mni_average_305 /opt/freesurfer/average/711-2B_as_mni_average_305_mask talsrcimg_g11 none talsrcimg_to_711-2C_as_mni_average_305_t4 2311
---------------------------------------------------------------------

freesurfer imgreg_4dfp.c
/opt/freesurfer/average/711-2C_as_mni_average_305.4dfp.img
       256       256       256         1
  1.000000  1.000000  1.000000
orientation T byte_order littleendian
Reading image: /opt/freesurfer/average/711-2C_as_mni_average_305.4dfp.img
dimensions:      256       256       256
mmppix:       1.0000   -1.0000   -1.0000
center:     128.0000 -129.0000 -129.0000
/opt/freesurfer/average/711-2B_as_mni_average_305_mask.4dfp.img
       256       256       256         1
  1.000000  1.000000  1.000000
orientation T byte_order littleendian
Reading mask: /opt/freesurfer/average/711-2B_as_mni_average_305_mask.4dfp.img (2306576 pixels)
talsrcimg_g11.4dfp.img
       320       320       320         1
  0.699948  0.699948  0.699948
orientation T byte_order littleendian
Reading image: talsrcimg_g11.4dfp.img
dimensions:      320       320       320
mmppix:       0.6999   -0.6999   -0.6999
center:     111.9917 -112.6916 -112.6916
fimgreg.f
image alignment mode   2311 decimal      907 hex
parameters
   -1.0392   25.5292   -3.4816   -5.0359  -22.8092  -13.5794
    5.7342   -5.4005   -6.5111   18.4009   12.5258   -4.5915
eta,q 0.96499 17.42735
niter,ni,del,rscale     5    3    5.0000    0.8000
parameter  4 -0.596181 -> -0.500000 qaram    1.1500
parameters
   -1.0703   26.1053   -4.2356   -2.2759  -23.1001  -13.9223
    5.7977   -5.6609   -6.3675   18.8461   10.7604   -5.5023
eta,q 0.96586 17.45609
  0.0359  0.0364  0.0349  0.0371  0.0352  0.0355  0.0352  0.0360  0.0354  0.0354  0.0344  0.0344
  0.0354  0.0358  0.0348  0.0364  0.0347  0.0350  0.0347  0.0350  0.0347  0.0348  0.0342  0.0342
  0.0351  0.0353  0.0348  0.0356  0.0343  0.0346  0.0343  0.0344  0.0344  0.0344  0.0342  0.0342
  0.0350  0.0350  0.0349  0.0348  0.0341  0.0342  0.0342  0.0342  0.0342  0.0342  0.0342  0.0342
  0.0351  0.0349  0.0351  0.0342  0.0342  0.0341  0.0343  0.0345  0.0343  0.0343  0.0344  0.0342
  0.0354  0.0350  0.0353  0.0342  0.0348  0.0349  0.0346  0.0352  0.0347  0.0346  0.0348  0.0344
  0.0359  0.0353  0.0356  0.0348  0.0357  0.0366  0.0352  0.0366  0.0352  0.0350  0.0354  0.0347
niter,ni,del,rscale     5    3    5.0000    0.8000
parameters
   -1.1587   26.1594   -4.5129   -3.0057  -22.4645  -13.2622
    6.0688   -5.6848   -6.0683   19.0466    9.9916   -6.5184
eta,q 0.96606 17.49791
  0.0353  0.0351  0.0344  0.0364  0.0356  0.0355  0.0351  0.0359  0.0352  0.0350  0.0343  0.0342
  0.0346  0.0346  0.0342  0.0355  0.0350  0.0351  0.0345  0.0348  0.0345  0.0345  0.0341  0.0340
  0.0342  0.0343  0.0341  0.0346  0.0346  0.0347  0.0341  0.0342  0.0341  0.0341  0.0340  0.0340
  0.0341  0.0341  0.0341  0.0341  0.0342  0.0342  0.0340  0.0340  0.0340  0.0340  0.0340  0.0340
  0.0343  0.0342  0.0342  0.0344  0.0341  0.0338  0.0340  0.0341  0.0340  0.0340  0.0341  0.0341
  0.0348  0.0345  0.0344  0.0359  0.0344  0.0341  0.0344  0.0348  0.0343  0.0343  0.0343  0.0343
  0.0355  0.0350  0.0347  0.0394  0.0352  0.0354  0.0349  0.0360  0.0349  0.0348  0.0348  0.0345
niter,ni,del,rscale     4    3    5.0000    0.7000
parameters
   -1.0791   26.1687   -4.6856   -2.9496  -22.1907  -12.8632
    5.9173   -5.6187   -5.8617   19.1445    9.4231   -7.1993
eta,q 0.96623 17.52751
  0.0350  0.0347  0.0342  0.0361  0.0349  0.0353  0.0345  0.0354  0.0347  0.0346  0.0341  0.0340
  0.0344  0.0343  0.0340  0.0353  0.0345  0.0349  0.0341  0.0345  0.0342  0.0341  0.0339  0.0339
  0.0341  0.0340  0.0339  0.0345  0.0341  0.0344  0.0338  0.0340  0.0339  0.0339  0.0338  0.0338
  0.0339  0.0339  0.0339  0.0339  0.0339  0.0339  0.0338  0.0338  0.0338  0.0338  0.0338  0.0338
  0.0340  0.0340  0.0340  0.0339  0.0339  0.0336  0.0339  0.0339  0.0338  0.0338  0.0338  0.0338
  0.0343  0.0342  0.0342  0.0346  0.0342  0.0341  0.0342  0.0344  0.0341  0.0341  0.0340  0.0340
  0.0348  0.0347  0.0344  0.0366  0.0348  0.0353  0.0347  0.0353  0.0345  0.0345  0.0344  0.0342
niter,ni,del,rscale     3    3    5.0000    0.6000
parameters
   -1.0159   26.1624   -4.6784   -2.7705  -22.0340  -12.4511
    5.7694   -5.5141   -5.6848   18.9642    8.9498   -7.6854
eta,q 0.96639 17.54737
  0.0346  0.0343  0.0341  0.0356  0.0345  0.0350  0.0342  0.0350  0.0343  0.0342  0.0339  0.0338
  0.0342  0.0340  0.0339  0.0349  0.0342  0.0346  0.0339  0.0342  0.0339  0.0338  0.0337  0.0337
  0.0339  0.0338  0.0338  0.0342  0.0339  0.0342  0.0337  0.0338  0.0337  0.0337  0.0336  0.0336
  0.0338  0.0338  0.0338  0.0338  0.0337  0.0337  0.0336  0.0336  0.0336  0.0336  0.0336  0.0336
  0.0338  0.0338  0.0338  0.0337  0.0337  0.0335  0.0337  0.0337  0.0337  0.0337  0.0337  0.0337
  0.0340  0.0340  0.0339  0.0343  0.0340  0.0339  0.0339  0.0341  0.0339  0.0339  0.0338  0.0338
  0.0344  0.0343  0.0341  0.0357  0.0345  0.0348  0.0343  0.0348  0.0342  0.0343  0.0341  0.0339
niter,ni,del,rscale     2    3    5.0000    0.5000
parameters
   -0.9826   26.1240   -4.5361   -2.5792  -21.8918  -11.9592
    5.6787   -5.4344   -5.5164   18.5432    8.5563   -8.0861
eta,q 0.96655 17.56536
  0.0342  0.0340  0.0339  0.0350  0.0341  0.0347  0.0339  0.0345  0.0340  0.0338  0.0336  0.0336
  0.0339  0.0338  0.0338  0.0345  0.0339  0.0344  0.0336  0.0339  0.0337  0.0336  0.0335  0.0335
  0.0337  0.0336  0.0337  0.0339  0.0337  0.0339  0.0335  0.0336  0.0335  0.0335  0.0335  0.0335
  0.0336  0.0336  0.0336  0.0336  0.0336  0.0336  0.0335  0.0335  0.0335  0.0335  0.0335  0.0335
  0.0337  0.0337  0.0336  0.0336  0.0336  0.0334  0.0335  0.0336  0.0335  0.0336  0.0335  0.0335
  0.0338  0.0338  0.0337  0.0340  0.0338  0.0337  0.0337  0.0339  0.0336  0.0337  0.0336  0.0335
  0.0341  0.0340  0.0338  0.0350  0.0341  0.0344  0.0339  0.0344  0.0339  0.0340  0.0338  0.0337
niter,ni,del,rscale     1    3    5.0000    0.4000
parameters
   -0.9695   26.0550   -4.3032   -2.4131  -21.7328  -11.4174
    5.6099   -5.3810   -5.3698   18.0016    8.2167   -8.4331
eta,q 0.96670 17.58470
  0.0338  0.0337  0.0337  0.0344  0.0338  0.0344  0.0336  0.0340  0.0337  0.0335  0.0334  0.0334
  0.0336  0.0335  0.0336  0.0340  0.0336  0.0340  0.0334  0.0336  0.0335  0.0334  0.0334  0.0333
  0.0335  0.0335  0.0335  0.0336  0.0335  0.0337  0.0333  0.0334  0.0334  0.0333  0.0333  0.0333
  0.0335  0.0335  0.0335  0.0334  0.0334  0.0334  0.0333  0.0333  0.0333  0.0333  0.0333  0.0333
  0.0335  0.0335  0.0334  0.0334  0.0334  0.0333  0.0334  0.0334  0.0333  0.0334  0.0333  0.0333
  0.0336  0.0336  0.0335  0.0337  0.0335  0.0335  0.0335  0.0336  0.0334  0.0335  0.0334  0.0334
  0.0338  0.0338  0.0335  0.0343  0.0338  0.0339  0.0336  0.0340  0.0336  0.0338  0.0335  0.0334
registration optimization eta report
parameter search radius
    0.8000    0.8000    0.8000    2.7600    2.4000    2.4000
    2.4000    2.4000    2.4000    2.4000    2.4000    2.4000
100000*second partial in parameter space
       56.       41.       27.       12.        6.       12.
        5.       12.        5.        5.        3.        2.
  0.0338  0.0337  0.0337  0.0344  0.0338  0.0344  0.0336  0.0340  0.0337  0.0335  0.0334  0.0334
  0.0336  0.0335  0.0336  0.0340  0.0336  0.0340  0.0334  0.0336  0.0335  0.0334  0.0334  0.0333
  0.0335  0.0335  0.0335  0.0336  0.0335  0.0337  0.0333  0.0334  0.0334  0.0333  0.0333  0.0333
  0.0335  0.0335  0.0335  0.0334  0.0334  0.0334  0.0333  0.0333  0.0333  0.0333  0.0333  0.0333
  0.0335  0.0335  0.0334  0.0334  0.0334  0.0333  0.0334  0.0334  0.0333  0.0334  0.0333  0.0333
  0.0336  0.0336  0.0335  0.0337  0.0335  0.0335  0.0335  0.0336  0.0334  0.0335  0.0334  0.0334
  0.0338  0.0338  0.0335  0.0343  0.0338  0.0339  0.0336  0.0340  0.0336  0.0338  0.0335  0.0334
   -0.9695   26.0550   -4.3032   -2.4131  -21.7328  -11.4174
    5.6099   -5.3810   -5.3698   18.0016    8.2167   -8.4331
eta,q 0.96670 17.58470

---------------------------------------------------------------------
imgreg_4dfp /opt/freesurfer/average/711-2C_as_mni_average_305 /opt/freesurfer/average/711-2B_as_mni_average_305_mask talsrcimg_g11 none talsrcimg_to_711-2C_as_mni_average_305_t4 2311
---------------------------------------------------------------------

freesurfer imgreg_4dfp.c
/opt/freesurfer/average/711-2C_as_mni_average_305.4dfp.img
       256       256       256         1
  1.000000  1.000000  1.000000
orientation T byte_order littleendian
Reading image: /opt/freesurfer/average/711-2C_as_mni_average_305.4dfp.img
dimensions:      256       256       256
mmppix:       1.0000   -1.0000   -1.0000
center:     128.0000 -129.0000 -129.0000
/opt/freesurfer/average/711-2B_as_mni_average_305_mask.4dfp.img
       256       256       256         1
  1.000000  1.000000  1.000000
orientation T byte_order littleendian
Reading mask: /opt/freesurfer/average/711-2B_as_mni_average_305_mask.4dfp.img (2306576 pixels)
talsrcimg_g11.4dfp.img
       320       320       320         1
  0.699948  0.699948  0.699948
orientation T byte_order littleendian
Reading image: talsrcimg_g11.4dfp.img
dimensions:      320       320       320
mmppix:       0.6999   -0.6999   -0.6999
center:     111.9917 -112.6916 -112.6916
fimgreg.f
image alignment mode   2311 decimal      907 hex
parameters
   -0.9695   26.0550   -4.3032   -2.4131  -21.7328  -11.4174
    5.6099   -5.3810   -5.3698   18.0016    8.2167   -8.4331
eta,q 0.96670 17.58469
niter,ni,del,rscale     5    3    5.0000    0.8000
parameters
   -0.9848   25.9220   -3.9690   -3.0195  -21.9206  -11.6891
    5.4715   -5.2034   -5.3172   18.4233    8.5348   -8.1502
eta,q 0.96654 17.57321
  0.0348  0.0342  0.0344  0.0353  0.0345  0.0352  0.0345  0.0357  0.0346  0.0347  0.0341  0.0339
  0.0340  0.0337  0.0338  0.0344  0.0340  0.0347  0.0339  0.0344  0.0340  0.0341  0.0338  0.0337
  0.0335  0.0334  0.0335  0.0337  0.0336  0.0341  0.0336  0.0337  0.0336  0.0337  0.0336  0.0335
  0.0333  0.0333  0.0333  0.0333  0.0334  0.0334  0.0335  0.0335  0.0335  0.0335  0.0335  0.0335
  0.0335  0.0335  0.0333  0.0335  0.0334  0.0334  0.0336  0.0336  0.0336  0.0335  0.0335  0.0335
  0.0340  0.0339  0.0334  0.0348  0.0339  0.0345  0.0340  0.0342  0.0340  0.0339  0.0336  0.0336
  0.0348  0.0345  0.0337  0.0375  0.0349  0.0365  0.0346  0.0353  0.0345  0.0344  0.0340  0.0338
niter,ni,del,rscale     4    3    5.0000    0.7000
parameters
   -0.9060   25.9213   -4.0885   -2.7865  -21.8928  -11.7676
    5.3218   -5.1808   -5.3916   18.4298    8.5142   -8.0565
eta,q 0.96658 17.57586
  0.0346  0.0342  0.0339  0.0353  0.0343  0.0350  0.0342  0.0351  0.0342  0.0343  0.0339  0.0338
  0.0340  0.0338  0.0336  0.0346  0.0339  0.0345  0.0337  0.0341  0.0338  0.0338  0.0336  0.0336
  0.0336  0.0335  0.0335  0.0339  0.0336  0.0339  0.0335  0.0336  0.0335  0.0335  0.0335  0.0335
  0.0335  0.0335  0.0335  0.0334  0.0334  0.0334  0.0334  0.0334  0.0334  0.0334  0.0334  0.0334
  0.0335  0.0335  0.0335  0.0334  0.0334  0.0334  0.0335  0.0336  0.0335  0.0335  0.0334  0.0334
  0.0338  0.0338  0.0337  0.0339  0.0338  0.0341  0.0338  0.0341  0.0338  0.0338  0.0336  0.0335
  0.0343  0.0342  0.0340  0.0353  0.0345  0.0357  0.0343  0.0351  0.0343  0.0342  0.0339  0.0337
niter,ni,del,rscale     3    3    5.0000    0.6000
parameters
   -0.8934   25.9253   -4.1204   -2.5868  -21.8163  -11.6279
    5.3601   -5.1828   -5.3995   18.2345    8.3652   -8.1231
eta,q 0.96666 17.58318
  0.0342  0.0340  0.0338  0.0349  0.0341  0.0348  0.0340  0.0347  0.0340  0.0339  0.0337  0.0336
  0.0338  0.0337  0.0336  0.0343  0.0338  0.0343  0.0336  0.0339  0.0336  0.0336  0.0335  0.0335
  0.0335  0.0335  0.0334  0.0338  0.0335  0.0338  0.0334  0.0335  0.0334  0.0334  0.0334  0.0334
  0.0334  0.0334  0.0334  0.0334  0.0334  0.0334  0.0333  0.0333  0.0333  0.0333  0.0333  0.0333
  0.0335  0.0335  0.0335  0.0334  0.0334  0.0333  0.0334  0.0335  0.0334  0.0334  0.0334  0.0334
  0.0337  0.0337  0.0336  0.0338  0.0336  0.0338  0.0336  0.0339  0.0336  0.0337  0.0335  0.0335
  0.0342  0.0340  0.0338  0.0349  0.0342  0.0349  0.0340  0.0347  0.0340  0.0340  0.0338  0.0336
niter,ni,del,rscale     2    3    5.0000    0.5000
parameters
   -0.9083   25.9037   -4.0533   -2.4221  -21.7164  -11.3213
    5.4091   -5.2020   -5.3362   17.8922    8.1581   -8.2917
eta,q 0.96675 17.59475
  0.0339  0.0337  0.0337  0.0345  0.0339  0.0345  0.0337  0.0342  0.0337  0.0336  0.0335  0.0334
  0.0336  0.0335  0.0335  0.0340  0.0336  0.0341  0.0335  0.0337  0.0335  0.0334  0.0333  0.0333
  0.0334  0.0334  0.0334  0.0336  0.0334  0.0337  0.0333  0.0333  0.0333  0.0333  0.0333  0.0333
  0.0333  0.0333  0.0333  0.0333  0.0333  0.0333  0.0333  0.0333  0.0333  0.0333  0.0332  0.0333
  0.0334  0.0334  0.0334  0.0334  0.0333  0.0332  0.0333  0.0334  0.0333  0.0333  0.0333  0.0333
  0.0336  0.0335  0.0334  0.0337  0.0335  0.0336  0.0334  0.0337  0.0335  0.0335  0.0334  0.0333
  0.0339  0.0338  0.0336  0.0344  0.0339  0.0343  0.0337  0.0343  0.0337  0.0338  0.0336  0.0335
niter,ni,del,rscale     1    3    5.0000    0.4000
parameters
   -0.9279   25.8623   -3.9108   -2.3003  -21.6001  -10.9324
    5.4433   -5.2245   -5.2544   17.4785    7.9582   -8.5210
eta,q 0.96684 17.60900
  0.0336  0.0335  0.0335  0.0340  0.0336  0.0342  0.0335  0.0338  0.0335  0.0334  0.0333  0.0332
  0.0334  0.0334  0.0334  0.0337  0.0334  0.0338  0.0333  0.0334  0.0333  0.0332  0.0332  0.0332
  0.0333  0.0333  0.0333  0.0334  0.0333  0.0335  0.0332  0.0332  0.0332  0.0332  0.0332  0.0332
  0.0333  0.0332  0.0332  0.0332  0.0332  0.0332  0.0332  0.0332  0.0332  0.0332  0.0332  0.0332
  0.0333  0.0333  0.0332  0.0333  0.0332  0.0332  0.0332  0.0333  0.0332  0.0332  0.0332  0.0332
  0.0334  0.0334  0.0333  0.0335  0.0334  0.0334  0.0333  0.0335  0.0333  0.0334  0.0333  0.0332
  0.0336  0.0335  0.0334  0.0340  0.0336  0.0338  0.0334  0.0338  0.0335  0.0336  0.0334  0.0333
registration optimization eta report
parameter search radius
    0.8000    0.8000    0.8000    2.4000    2.4000    2.4000
    2.4000    2.4000    2.4000    2.4000    2.4000    2.4000
100000*second partial in parameter space
       57.       42.       30.       13.        6.       14.
        5.       12.        5.        5.        3.        2.
  0.0336  0.0335  0.0335  0.0340  0.0336  0.0342  0.0335  0.0338  0.0335  0.0334  0.0333  0.0332
  0.0334  0.0334  0.0334  0.0337  0.0334  0.0338  0.0333  0.0334  0.0333  0.0332  0.0332  0.0332
  0.0333  0.0333  0.0333  0.0334  0.0333  0.0335  0.0332  0.0332  0.0332  0.0332  0.0332  0.0332
  0.0333  0.0332  0.0332  0.0332  0.0332  0.0332  0.0332  0.0332  0.0332  0.0332  0.0332  0.0332
  0.0333  0.0333  0.0332  0.0333  0.0332  0.0332  0.0332  0.0333  0.0332  0.0332  0.0332  0.0332
  0.0334  0.0334  0.0333  0.0335  0.0334  0.0334  0.0333  0.0335  0.0333  0.0334  0.0333  0.0332
  0.0336  0.0335  0.0334  0.0340  0.0336  0.0338  0.0334  0.0338  0.0335  0.0336  0.0334  0.0333
   -0.9279   25.8623   -3.9108   -2.3003  -21.6001  -10.9324
    5.4433   -5.2245   -5.2544   17.4785    7.9582   -8.5210
eta,q 0.96684 17.60900

---------------------------------------------------------------------
compute_vox2vox talsrcimg talsrcimg_to_711-2C_as_mni_average_305_t4 /opt/freesurfer/average/711-2C_as_mni_average_305
---------------------------------------------------------------------

freesurfer compute_vox2vox.c
Reading: talsrcimg.4dfp.ifh
Reading: talsrcimg_to_711-2C_as_mni_average_305_t4
Reading: /opt/freesurfer/average/711-2C_as_mni_average_305.4dfp.ifh
Writing: talsrcimg_to_711-2C_as_mni_average_305_t4_vox2vox.txt

start time Fri Mar 13 07:59:03 CET 2026
end		time Fri Mar 13 07:59:24 CET 2026

mpr2mni305 success

avi2talxfm orig_nu.mgz /opt/freesurfer/average/mni305.cor.mgz talsrcimg_to_711-2C_as_mni_average_305_t4_vox2vox.txt transforms/talairach.auto.xfm
avi2talxfm done
mv -f /out/sourcedata/freesurfer/sub-v2s5x29568_ses-1/mri/talsrcimg_to_711-2C_as_mni_average_305_t4_vox2vox.txt /out/sourcedata/freesurfer/sub-v2s5x29568_ses-1/mri/transforms/talsrcimg_to_711-2C_as_mni_average_305_t4_vox2vox.txt
lta_convert --src orig_nu.mgz --trg /opt/freesurfer/average/mni305.cor.mgz --inxfm transforms/talairach.auto.xfm --outlta transforms/talairach.auto.xfm.lta --subject fsaverage
7.3.2

--src: orig_nu.mgz src image (geometry).
--trg: /opt/freesurfer/average/mni305.cor.mgz trg image (geometry).
--inmni: transforms/talairach.auto.xfm input MNI/XFM transform.
--outlta: transforms/talairach.auto.xfm.lta output LTA.
--s: fsaverage subject name
 LTA read, type : 1
 1.01433   0.07179  -0.06262  -2.18765;
-0.08237   1.09346   0.12456  -25.72247;
 0.08634  -0.23897   1.24354  -15.16940;
 0.00000   0.00000   0.00000   1.00000;
setting subject to fsaverage
Writing  LTA to file transforms/talairach.auto.xfm.lta...
lta_convert successful.
 
 
Started at Fri Mar 13 07:59:03 CET 2026
Ended   at Fri Mar 13 07:59:25 CET 2026
talairach_avi done
