/out/sourcedata/freesurfer/sub-v2s5x29566_ses-1/mri
/opt/freesurfer/bin/talairach_avi
--i orig_nu.mgz --xfm transforms/talairach.auto.xfm
talairach_avi 7.3.2
Linux dna055 5.14.0-427.37.1.el9_4.x86_64 #1 SMP PREEMPT_DYNAMIC Fri Sep 13 12:41:50 EDT 2024 x86_64 x86_64 x86_64 GNU/Linux
Fri Mar 13 07:57:00 CET 2026
mri_convert orig_nu.mgz talsrcimg.img 
reading from orig_nu.mgz...
TR=0.00, TE=0.00, TI=0.00, flip angle=0.00
i_ras = (-1, 0, 0)
j_ras = (0, 0, -1)
k_ras = (0, 1, 0)
writing to talsrcimg.img...
Analyze Output Matrix
-0.70000   0.00000   0.00000   111.72019;
 0.00000   0.00000   0.70000  -84.78799;
 0.00000  -0.70000   0.00000   99.30470;
 0.00000   0.00000   0.00000   1.00000;
--------------------
INFO: set hdr.hist.orient to -1
mpr2mni305 talsrcimg
Fri Mar 13 07:57:01 CET 2026
/opt/freesurfer/bin/mpr2mni305 talsrcimg
mpr2mni305 7.3.2
target=711-2C_as_mni_average_305

---------------------------------------------------------------------
analyzeto4dfp talsrcimg -O0 -y
---------------------------------------------------------------------

freesurfer ifh2hdr.c
Fri Mar 13 07:57:01 2026
Writing: talsrcimg.4dfp.hdr
freesurfer analyzeto4dfp.c
Reading: talsrcimg.hdr
header size 348 bytes
hdr.dime.datatype	offset=70	value=2
hdr.dime.bitpix		offset=72	value=8
hdr.hist.orient		offset=252	value=-1
dimensionality     4
dimensions       320       320       320         1
Reading: talsrcimg.img
Writing: talsrcimg.4dfp.img
Writing: talsrcimg.4dfp.ifh
ifh2hdr talsrcimg -r0to211
ori=2

---------------------------------------------------------------------
gauss_4dfp talsrcimg 1.1
---------------------------------------------------------------------

freesurfer gauss_4dfp.c
Reading: talsrcimg.4dfp.img
Writing: talsrcimg_g11.4dfp.img
image dimensions 320 320 320 padded to 384 384 384
processing volume 1freesurfer ifh2hdr.c
Fri Mar 13 07:57:17 2026
Writing: talsrcimg_g11.4dfp.hdr

Writing: talsrcimg_g11.4dfp.ifh
including: talsrcimg.4dfp.img.rec in talsrcimg_g11.4dfp.img.rec

---------------------------------------------------------------------
imgreg_4dfp /opt/freesurfer/average/711-2C_as_mni_average_305 none talsrcimg_g11 none talsrcimg_to_711-2C_as_mni_average_305_t4 4355
---------------------------------------------------------------------

freesurfer imgreg_4dfp.c
/opt/freesurfer/average/711-2C_as_mni_average_305.4dfp.img
       256       256       256         1
  1.000000  1.000000  1.000000
orientation T byte_order littleendian
Reading image: /opt/freesurfer/average/711-2C_as_mni_average_305.4dfp.img
dimensions:      256       256       256
mmppix:       1.0000   -1.0000   -1.0000
center:     128.0000 -129.0000 -129.0000
talsrcimg_g11.4dfp.img
       320       320       320         1
  0.700000  0.700000  0.700000
orientation T byte_order littleendian
Reading image: talsrcimg_g11.4dfp.img
dimensions:      320       320       320
mmppix:       0.7000   -0.7000   -0.7000
center:     112.0000 -112.7000 -112.7000
t4_read: open error in t4_sub.f l:  41 t4_file(1:l)talsrcimg_to_711-2C_as_mni_average_305_t4 
t4_read: transform initialized to I4
rotation matrix determinant  1.000000
image alignment mode   4355 decimal     1103 hex
   -7.5000  -45.0000  -45.0000 4487.1152   24.3443
    0.0000  -45.0000  -45.0000 4736.0605   24.3489
    7.5000  -45.0000  -45.0000 4481.4429   24.3122
   -7.5000  -37.5000  -45.0000 4838.5396   24.2840
    0.0000  -37.5000  -45.0000 5107.2695   24.2959
    7.5000  -37.5000  -45.0000 4827.2939   24.2671
   -7.5000  -30.0000  -45.0000 5270.8823   23.7224
    0.0000  -30.0000  -45.0000 5561.4868   23.7320
    7.5000  -30.0000  -45.0000 5248.8496   23.7141
   -7.5000  -22.5000  -45.0000 5588.1948   22.7256
    0.0000  -22.5000  -45.0000 5899.1401   22.7364
    7.5000  -22.5000  -45.0000 5561.9458   22.7332
   -7.5000  -15.0000  -45.0000 6192.8311   22.0770
    0.0000  -15.0000  -45.0000 6532.2598   22.0886
    7.5000  -15.0000  -45.0000 6158.6958   22.0901
   -7.5000   -7.5000  -45.0000 6798.2539   21.7173
    0.0000   -7.5000  -45.0000 7154.7305   21.7252
    7.5000   -7.5000  -45.0000 6770.8809   21.7180
   -7.5000    0.0000  -45.0000 7421.7046   21.6715
    0.0000    0.0000  -45.0000 7795.1187   21.6786
    7.5000    0.0000  -45.0000 7386.2827   21.6653
   -7.5000    7.5000  -45.0000 7387.7676   21.6560
    0.0000    7.5000  -45.0000 7753.5703   21.6652
    7.5000    7.5000  -45.0000 7347.3301   21.6524
   -7.5000   15.0000  -45.0000 7297.6177   21.3223
    0.0000   15.0000  -45.0000 7667.2021   21.3313
    7.5000   15.0000  -45.0000 7257.9595   21.3245
   -7.5000   22.5000  -45.0000 7130.3594   20.7293
    0.0000   22.5000  -45.0000 7511.7690   20.7396
    7.5000   22.5000  -45.0000 7086.1069   20.7416
   -7.5000   30.0000  -45.0000 7136.3628   20.7240
    0.0000   30.0000  -45.0000 7522.2881   20.7361
    7.5000   30.0000  -45.0000 7081.2637   20.7395
   -7.5000   37.5000  -45.0000 6906.2441   20.1052
    0.0000   37.5000  -45.0000 7285.8232   20.1133
    7.5000   37.5000  -45.0000 6847.0659   20.1077
   -7.5000   45.0000  -45.0000 6570.0508   19.3989
    0.0000   45.0000  -45.0000 6930.3311   19.4053
    7.5000   45.0000  -45.0000 6509.5625   19.3934
   -7.5000  -45.0000  -37.5000 4713.2368   25.1440
    0.0000  -45.0000  -37.5000 4992.2925   25.1685
    7.5000  -45.0000  -37.5000 4713.0107   25.1301
   -7.5000  -37.5000  -37.5000 5108.8301   25.0970
    0.0000  -37.5000  -37.5000 5405.8794   25.1233
    7.5000  -37.5000  -37.5000 5098.8359   25.0964
   -7.5000  -30.0000  -37.5000 5592.7803   24.4993
    0.0000  -30.0000  -37.5000 5908.9800   24.5196
    7.5000  -30.0000  -37.5000 5569.8403   24.5015
   -7.5000  -22.5000  -37.5000 5951.4863   23.4912
    0.0000  -22.5000  -37.5000 6282.9492   23.5145
    7.5000  -22.5000  -37.5000 5930.2734   23.5087
   -7.5000  -15.0000  -37.5000 6615.6602   22.8327
    0.0000  -15.0000  -37.5000 6974.1270   22.8608
    7.5000  -15.0000  -37.5000 6592.8301   22.8595
   -7.5000   -7.5000  -37.5000 7287.0679   22.4678
    0.0000   -7.5000  -37.5000 7669.2275   22.4948
    7.5000   -7.5000  -37.5000 7268.1719   22.4864
   -7.5000    0.0000  -37.5000 7959.0200   22.4224
    0.0000    0.0000  -37.5000 8358.0713   22.4475
    7.5000    0.0000  -37.5000 7945.6797   22.4346
   -7.5000    7.5000  -37.5000 7901.3145   22.4045
    0.0000    7.5000  -37.5000 8306.5322   22.4272
    7.5000    7.5000  -37.5000 7874.1543   22.4180
   -7.5000   15.0000  -37.5000 7785.3823   22.0574
    0.0000   15.0000  -37.5000 8193.5322   22.0766
    7.5000   15.0000  -37.5000 7746.8291   22.0717
   -7.5000   22.5000  -37.5000 7608.4253   21.4575
    0.0000   22.5000  -37.5000 8023.2534   21.4789
    7.5000   22.5000  -37.5000 7552.0786   21.4787
   -7.5000   30.0000  -37.5000 7625.4673   21.4524
    0.0000   30.0000  -37.5000 8046.9805   21.4797
    7.5000   30.0000  -37.5000 7569.5366   21.4806
   -7.5000   37.5000  -37.5000 7398.0186   20.8152
    0.0000   37.5000  -37.5000 7802.1611   20.8410
    7.5000   37.5000  -37.5000 7337.8350   20.8342
   -7.5000   45.0000  -37.5000 7052.3228   20.0712
    0.0000   45.0000  -37.5000 7428.4043   20.0937
    7.5000   45.0000  -37.5000 6987.3594   20.0822
   -7.5000  -45.0000  -30.0000 4960.8638   25.9753
    0.0000  -45.0000  -30.0000 5249.0366   26.0115
    7.5000  -45.0000  -30.0000 4954.4087   25.9822
   -7.5000  -37.5000  -30.0000 5397.5376   25.9314
    0.0000  -37.5000  -30.0000 5708.9155   25.9618
    7.5000  -37.5000  -30.0000 5381.1021   25.9450
   -7.5000  -30.0000  -30.0000 5943.9922   25.3110
    0.0000  -30.0000  -30.0000 6262.6958   25.3284
    7.5000  -30.0000  -30.0000 5914.1519   25.3090
   -7.5000  -22.5000  -30.0000 6336.6592   24.3050
    0.0000  -22.5000  -30.0000 6676.4897   24.3300
    7.5000  -22.5000  -30.0000 6314.9590   24.3146
   -7.5000  -15.0000  -30.0000 7047.2539   23.6376
    0.0000  -15.0000  -30.0000 7426.1973   23.6758
    7.5000  -15.0000  -30.0000 7036.9761   23.6687
   -7.5000   -7.5000  -30.0000 7778.6665   23.2469
    0.0000   -7.5000  -30.0000 8200.5430   23.2911
    7.5000   -7.5000  -30.0000 7776.5176   23.2867
   -7.5000    0.0000  -30.0000 8505.4619   23.1803
    0.0000    0.0000  -30.0000 8965.2324   23.2201
    7.5000    0.0000  -30.0000 8506.8340   23.2186
   -7.5000    7.5000  -30.0000 8428.9580   23.1554
    0.0000    7.5000  -30.0000 8893.8564   23.1829
    7.5000    7.5000  -30.0000 8419.1592   23.1832
   -7.5000   15.0000  -30.0000 8301.9277   22.8116
    0.0000   15.0000  -30.0000 8752.8018   22.8299
    7.5000   15.0000  -30.0000 8264.1689   22.8248
   -7.5000   22.5000  -30.0000 8125.2563   22.2257
    0.0000   22.5000  -30.0000 8578.2861   22.2490
    7.5000   22.5000  -30.0000 8066.9297   22.2411
   -7.5000   30.0000  -30.0000 8157.8022   22.2251
    0.0000   30.0000  -30.0000 8617.0762   22.2620
    7.5000   30.0000  -30.0000 8107.5791   22.2578
   -7.5000   37.5000  -30.0000 7889.1787   21.5673
    0.0000   37.5000  -30.0000 8336.7197   21.6092
    7.5000   37.5000  -30.0000 7818.7383   21.6061
   -7.5000   45.0000  -30.0000 7512.3228   20.7827
    0.0000   45.0000  -30.0000 7912.2407   20.8183
    7.5000   45.0000  -30.0000 7438.1689   20.8170
   -7.5000  -45.0000  -22.5000 5038.9497   26.2527
    0.0000  -45.0000  -22.5000 5316.9819   26.2758
    7.5000  -45.0000  -22.5000 5031.0674   26.2473
   -7.5000  -37.5000  -22.5000 5487.6816   26.1791
    0.0000  -37.5000  -22.5000 5795.0176   26.1929
    7.5000  -37.5000  -22.5000 5477.7261   26.1754
   -7.5000  -30.0000  -22.5000 6062.3315   25.5582
    0.0000  -30.0000  -22.5000 6388.3882   25.5572
    7.5000  -30.0000  -22.5000 6048.9268   25.5280
   -7.5000  -22.5000  -22.5000 6484.0483   24.5520
    0.0000  -22.5000  -22.5000 6831.1025   24.5631
    7.5000  -22.5000  -22.5000 6470.7114   24.5333
   -7.5000  -15.0000  -22.5000 7206.6167   23.8751
    0.0000  -15.0000  -22.5000 7592.5229   23.9052
    7.5000  -15.0000  -22.5000 7204.1636   23.8885
   -7.5000   -7.5000  -22.5000 7972.7979   23.4585
    0.0000   -7.5000  -22.5000 8409.2979   23.4984
    7.5000   -7.5000  -22.5000 7973.1821   23.4927
   -7.5000    0.0000  -22.5000 8768.0830   23.3720
    0.0000    0.0000  -22.5000 9257.2852   23.4044
    7.5000    0.0000  -22.5000 8767.6553   23.4067
   -7.5000    7.5000  -22.5000 8725.2783   23.3459
    0.0000    7.5000  -22.5000 9226.9688   23.3601
    7.5000    7.5000  -22.5000 8717.7578   23.3596
   -7.5000   15.0000  -22.5000 8616.9648   23.0171
    0.0000   15.0000  -22.5000 9090.9482   23.0204
    7.5000   15.0000  -22.5000 8576.3076   23.0058
   -7.5000   22.5000  -22.5000 8454.3047   22.4439
    0.0000   22.5000  -22.5000 8910.4561   22.4552
    7.5000   22.5000  -22.5000 8381.5801   22.4352
   -7.5000   30.0000  -22.5000 8497.2451   22.4457
    0.0000   30.0000  -22.5000 8981.4658   22.4754
    7.5000   30.0000  -22.5000 8428.9746   22.4624
   -7.5000   37.5000  -22.5000 8187.2583   21.7646
    0.0000   37.5000  -22.5000 8634.1377   21.8025
    7.5000   37.5000  -22.5000 8118.8765   21.7982
   -7.5000   45.0000  -22.5000 7776.1938   20.9545
    0.0000   45.0000  -22.5000 8201.2383   20.9835
    7.5000   45.0000  -22.5000 7709.4233   20.9855
   -7.5000  -45.0000  -15.0000 5286.3965   27.1581
    0.0000  -45.0000  -15.0000 5594.5171   27.1591
    7.5000  -45.0000  -15.0000 5284.0659   27.1267
   -7.5000  -37.5000  -15.0000 5781.8252   27.1251
    0.0000  -37.5000  -15.0000 6103.5981   27.1224
    7.5000  -37.5000  -15.0000 5769.5684   27.0995
   -7.5000  -30.0000  -15.0000 6401.4185   26.4607
    0.0000  -30.0000  -15.0000 6730.7051   26.4470
    7.5000  -30.0000  -15.0000 6381.0229   26.4161
   -7.5000  -22.5000  -15.0000 6843.3052   25.4184
    0.0000  -22.5000  -15.0000 7183.0293   25.4159
    7.5000  -22.5000  -15.0000 6824.5269   25.3874
   -7.5000  -15.0000  -15.0000 7622.3193   24.7166
    0.0000  -15.0000  -15.0000 7996.9302   24.7300
    7.5000  -15.0000  -15.0000 7592.3047   24.7138
   -7.5000   -7.5000  -15.0000 8446.7422   24.2833
    0.0000   -7.5000  -15.0000 8881.1426   24.3033
    7.5000   -7.5000  -15.0000 8425.2471   24.2961
   -7.5000    0.0000  -15.0000 9318.2354   24.1918
    0.0000    0.0000  -15.0000 9844.6738   24.2050
    7.5000    0.0000  -15.0000 9300.9473   24.2038
   -7.5000    7.5000  -15.0000 9331.9814   24.1687
    0.0000    7.5000  -15.0000 9912.0703   24.1680
    7.5000    7.5000  -15.0000 9332.6611   24.1617
   -7.5000   15.0000  -15.0000 9255.8037   23.8399
    0.0000   15.0000  -15.0000 9807.7334   23.8316
    7.5000   15.0000  -15.0000 9225.4912   23.8140
   -7.5000   22.5000  -15.0000 9079.9990   23.2596
    0.0000   22.5000  -15.0000 9572.1797   23.2590
    7.5000   22.5000  -15.0000 9001.1611   23.2402
   -7.5000   30.0000  -15.0000 9099.3281   23.2560
    0.0000   30.0000  -15.0000 9595.6953   23.2704
    7.5000   30.0000  -15.0000 9019.7246   23.2582
   -7.5000   37.5000  -15.0000 8740.6738   22.5638
    0.0000   37.5000  -15.0000 9244.1846   22.5834
    7.5000   37.5000  -15.0000 8641.6455   22.5777
   -7.5000   45.0000  -15.0000 8319.4111   21.7419
    0.0000   45.0000  -15.0000 8788.2002   21.7538
    7.5000   45.0000  -15.0000 8208.6523   21.7527
   -7.5000  -45.0000   -7.5000 5489.1377   27.9345
    0.0000  -45.0000   -7.5000 5779.1172   27.9263
    7.5000  -45.0000   -7.5000 5473.7144   27.8864
   -7.5000  -37.5000   -7.5000 6008.3926   27.9356
    0.0000  -37.5000   -7.5000 6346.5723   27.9325
    7.5000  -37.5000   -7.5000 5984.5713   27.9024
   -7.5000  -30.0000   -7.5000 6646.9688   27.2163
    0.0000  -30.0000   -7.5000 7020.3149   27.2089
    7.5000  -30.0000   -7.5000 6619.7441   27.1833
   -7.5000  -22.5000   -7.5000 7107.2529   26.1253
    0.0000  -22.5000   -7.5000 7504.0889   26.1239
    7.5000  -22.5000   -7.5000 7080.9517   26.1087
   -7.5000  -15.0000   -7.5000 7932.5005   25.3997
    0.0000  -15.0000   -7.5000 8374.4814   25.4046
    7.5000  -15.0000   -7.5000 7907.3281   25.3967
   -7.5000   -7.5000   -7.5000 8819.0986   24.9715
    0.0000   -7.5000   -7.5000 9305.9883   24.9759
    7.5000   -7.5000   -7.5000 8785.1611   24.9663
   -7.5000    0.0000   -7.5000 9775.0498   24.8956
    0.0000    0.0000   -7.500010346.5117   24.8965
    7.5000    0.0000   -7.5000 9762.2070   24.8858
   -7.5000    7.5000   -7.5000 9914.0273   24.8757
    0.0000    7.5000   -7.500010608.1045   24.8731
    7.5000    7.5000   -7.5000 9923.8076   24.8600
   -7.5000   15.0000   -7.5000 9967.3291   24.5318
    0.0000   15.0000   -7.500010661.9561   24.5274
    7.5000   15.0000   -7.5000 9938.6670   24.5138
   -7.5000   22.5000   -7.5000 9774.2754   23.9301
    0.0000   22.5000   -7.500010381.5840   23.9302
    7.5000   22.5000   -7.5000 9647.4990   23.9228
   -7.5000   30.0000   -7.5000 9738.4287   23.9195
    0.0000   30.0000   -7.500010341.3809   23.9261
    7.5000   30.0000   -7.5000 9570.0068   23.9215
   -7.5000   37.5000   -7.5000 9275.4941   23.2386
    0.0000   37.5000   -7.5000 9853.8096   23.2438
    7.5000   37.5000   -7.5000 9113.8965   23.2360
   -7.5000   45.0000   -7.5000 8808.1562   22.4289
    0.0000   45.0000   -7.5000 9364.0840   22.4298
    7.5000   45.0000   -7.5000 8650.4463   22.4201
   -7.5000  -45.0000    0.0000 5609.1904   28.4948
    0.0000  -45.0000    0.0000 5942.5747   28.5019
    7.5000  -45.0000    0.0000 5597.4067   28.4567
   -7.5000  -37.5000    0.0000 6198.1904   28.5040
    0.0000  -37.5000    0.0000 6553.1245   28.5185
    7.5000  -37.5000    0.0000 6178.6611   28.4840
   -7.5000  -30.0000    0.0000 6872.7607   27.7397
    0.0000  -30.0000    0.0000 7245.3306   27.7519
    7.5000  -30.0000    0.0000 6841.1577   27.7310
   -7.5000  -22.5000    0.0000 7353.1299   26.6130
    0.0000  -22.5000    0.0000 7740.3799   26.6274
    7.5000  -22.5000    0.0000 7326.0371   26.6226
   -7.5000  -15.0000    0.0000 8216.5986   25.8730
    0.0000  -15.0000    0.0000 8650.9902   25.8889
    7.5000  -15.0000    0.0000 8192.6680   25.8881
   -7.5000   -7.5000    0.0000 9171.1699   25.4584
    0.0000   -7.5000    0.0000 9675.7109   25.4699
    7.5000   -7.5000    0.0000 9149.4043   25.4589
   -7.5000    0.0000    0.000010270.6055   25.4012
    0.0000    0.0000    0.000010953.8154   25.4113
    7.5000    0.0000    0.000010239.4873   25.3939
   -7.5000    7.5000    0.000010530.1865   25.3794
    0.0000    7.5000    0.000011439.6484   25.3912
    7.5000    7.5000    0.000010498.4883   25.3757
   -7.5000   15.0000    0.000010629.5391   25.0149
    0.0000   15.0000    0.000011707.1973   25.0268
    7.5000   15.0000    0.000010557.2412   25.0188
   -7.5000   22.5000    0.000010421.7930   24.3947
    0.0000   22.5000    0.000011368.6133   24.4086
    7.5000   22.5000    0.000010264.0469   24.4101
   -7.5000   30.0000    0.000010293.6396   24.3824
    0.0000   30.0000    0.000011125.2520   24.3989
    7.5000   30.0000    0.000010115.1475   24.4008
   -7.5000   37.5000    0.0000 9738.6514   23.7201
    0.0000   37.5000    0.000010455.1963   23.7319
    7.5000   37.5000    0.0000 9570.6904   23.7229
   -7.5000   45.0000    0.0000 9228.2119   22.9284
    0.0000   45.0000    0.0000 9853.0508   22.9376
    7.5000   45.0000    0.0000 9077.2959   22.9219
   -7.5000  -45.0000    7.5000 5360.6489   29.2571
    0.0000  -45.0000    7.5000 5684.7227   29.2887
    7.5000  -45.0000    7.5000 5365.1074   29.2445
   -7.5000  -37.5000    7.5000 5916.1992   29.2098
    0.0000  -37.5000    7.5000 6278.4756   29.2429
    7.5000  -37.5000    7.5000 5920.2031   29.2117
   -7.5000  -30.0000    7.5000 6559.1147   28.3943
    0.0000  -30.0000    7.5000 6934.5757   28.4196
    7.5000  -30.0000    7.5000 6533.9976   28.3981
   -7.5000  -22.5000    7.5000 7040.5903   27.2236
    0.0000  -22.5000    7.5000 7418.8662   27.2518
    7.5000  -22.5000    7.5000 6998.9937   27.2438
   -7.5000  -15.0000    7.5000 7928.4829   26.4578
    0.0000  -15.0000    7.5000 8348.5234   26.4916
    7.5000  -15.0000    7.5000 7880.0493   26.4890
   -7.5000   -7.5000    7.5000 8906.7344   26.0328
    0.0000   -7.5000    7.5000 9415.8936   26.0659
    7.5000   -7.5000    7.5000 8858.2334   26.0560
   -7.5000    0.0000    7.500010009.0078   25.9794
    0.0000    0.0000    7.500010639.9365   26.0109
    7.5000    0.0000    7.5000 9926.2764   25.9965
   -7.5000    7.5000    7.500010158.7793   25.9516
    0.0000    7.5000    7.500010937.8975   25.9799
    7.5000    7.5000    7.500010085.9541   25.9695
   -7.5000   15.0000    7.500010142.4023   25.5696
    0.0000   15.0000    7.500010895.1777   25.5934
    7.5000   15.0000    7.500010106.4561   25.5875
   -7.5000   22.5000    7.5000 9851.7383   24.9344
    0.0000   22.5000    7.500010482.1924   24.9604
    7.5000   22.5000    7.5000 9817.0801   24.9594
   -7.5000   30.0000    7.5000 9826.2344   24.9276
    0.0000   30.0000    7.500010463.8828   24.9606
    7.5000   30.0000    7.5000 9756.7988   24.9608
   -7.5000   37.5000    7.5000 9380.0225   24.2568
    0.0000   37.5000    7.500010006.1777   24.2886
    7.5000   37.5000    7.5000 9289.7852   24.2806
   -7.5000   45.0000    7.5000 8876.9287   23.4503
    0.0000   45.0000    7.5000 9439.8525   23.4787
    7.5000   45.0000    7.5000 8772.8330   23.4658
   -7.5000  -45.0000   15.0000 5078.5176   30.2715
    0.0000  -45.0000   15.0000 5384.0317   30.3121
    7.5000  -45.0000   15.0000 5081.2646   30.2711
   -7.5000  -37.5000   15.0000 5633.1802   30.1450
    0.0000  -37.5000   15.0000 5980.6724   30.1787
    7.5000  -37.5000   15.0000 5629.6279   30.1533
   -7.5000  -30.0000   15.0000 6268.3418   29.2771
    0.0000  -30.0000   15.0000 6630.7744   29.2956
    7.5000  -30.0000   15.0000 6253.5005   29.2676
   -7.5000  -22.5000   15.0000 6761.3882   28.0639
    0.0000  -22.5000   15.0000 7126.0586   28.0914
    7.5000  -22.5000   15.0000 6729.2505   28.0687
   -7.5000  -15.0000   15.0000 7609.0879   27.2628
    0.0000  -15.0000   15.0000 8007.6992   27.3058
    7.5000  -15.0000   15.0000 7578.2837   27.2934
   -7.5000   -7.5000   15.0000 8479.2852   26.7989
    0.0000   -7.5000   15.0000 8920.2051   26.8490
    7.5000   -7.5000   15.0000 8458.9736   26.8398
   -7.5000    0.0000   15.0000 9396.2510   26.7283
    0.0000    0.0000   15.0000 9926.0459   26.7728
    7.5000    0.0000   15.0000 9388.7354   26.7670
   -7.5000    7.5000   15.0000 9427.6445   26.6939
    0.0000    7.5000   15.000010006.9561   26.7241
    7.5000    7.5000   15.0000 9447.8936   26.7204
   -7.5000   15.0000   15.0000 9319.5566   26.3106
    0.0000   15.0000   15.0000 9778.7529   26.3302
    7.5000   15.0000   15.0000 9385.2158   26.3200
   -7.5000   22.5000   15.0000 9066.8330   25.6748
    0.0000   22.5000   15.0000 9479.8477   25.7004
    7.5000   22.5000   15.0000 9105.7021   25.6873
   -7.5000   30.0000   15.0000 9147.1104   25.6748
    0.0000   30.0000   15.0000 9604.5752   25.7164
    7.5000   30.0000   15.0000 9126.2500   25.7076
   -7.5000   37.5000   15.0000 8818.9492   24.9713
    0.0000   37.5000   15.0000 9299.9287   25.0189
    7.5000   37.5000   15.0000 8756.5557   25.0115
   -7.5000   45.0000   15.0000 8378.8721   24.1263
    0.0000   45.0000   15.0000 8838.5928   24.1665
    7.5000   45.0000   15.0000 8308.8818   24.1612
   -7.5000  -45.0000   22.5000 4798.5791   31.3760
    0.0000  -45.0000   22.5000 5072.8379   31.4071
    7.5000  -45.0000   22.5000 4795.7300   31.3690
   -7.5000  -37.5000   22.5000 5317.2900   31.2305
    0.0000  -37.5000   22.5000 5635.2476   31.2489
    7.5000  -37.5000   22.5000 5313.8613   31.2235
   -7.5000  -30.0000   22.5000 5918.8081   30.3382
    0.0000  -30.0000   22.5000 6272.6357   30.3354
    7.5000  -30.0000   22.5000 5899.4595   30.2942
   -7.5000  -22.5000   22.5000 6364.2231   29.0618
    0.0000  -22.5000   22.5000 6713.8486   29.0730
    7.5000  -22.5000   22.5000 6332.6880   29.0321
   -7.5000  -15.0000   22.5000 7133.0312   28.2089
    0.0000  -15.0000   22.5000 7501.0571   28.2450
    7.5000  -15.0000   22.5000 7098.4600   28.2227
   -7.5000   -7.5000   22.5000 7918.6655   27.6890
    0.0000   -7.5000   22.5000 8302.5098   27.7391
    7.5000   -7.5000   22.5000 7893.6191   27.7316
   -7.5000    0.0000   22.5000 8748.4268   27.5887
    0.0000    0.0000   22.5000 9193.1680   27.6300
    7.5000    0.0000   22.5000 8744.5459   27.6317
   -7.5000    7.5000   22.5000 8733.4629   27.5494
    0.0000    7.5000   22.5000 9163.7979   27.5670
    7.5000    7.5000   22.5000 8764.7930   27.5636
   -7.5000   15.0000   22.5000 8608.6875   27.1721
    0.0000   15.0000   22.5000 8937.6133   27.1747
    7.5000   15.0000   22.5000 8638.1719   27.1527
   -7.5000   22.5000   22.5000 8439.7002   26.5541
    0.0000   22.5000   22.5000 8743.1387   26.5657
    7.5000   22.5000   22.5000 8442.5107   26.5376
   -7.5000   30.0000   22.5000 8541.5166   26.5591
    0.0000   30.0000   22.5000 8890.0273   26.5948
    7.5000   30.0000   22.5000 8497.3936   26.5771
   -7.5000   37.5000   22.5000 8251.2285   25.8242
    0.0000   37.5000   22.5000 8606.8193   25.8719
    7.5000   37.5000   22.5000 8177.7119   25.8661
   -7.5000   45.0000   22.5000 7843.3027   24.9371
    0.0000   45.0000   22.5000 8188.6172   24.9744
    7.5000   45.0000   22.5000 7749.8130   24.9760
   -7.5000  -45.0000   30.0000 4695.8257   32.9857
    0.0000  -45.0000   30.0000 4944.7524   32.9923
    7.5000  -45.0000   30.0000 4691.9272   32.9505
   -7.5000  -37.5000   30.0000 5198.6709   32.8375
    0.0000  -37.5000   30.0000 5488.6660   32.8370
    7.5000  -37.5000   30.0000 5188.7021   32.8042
   -7.5000  -30.0000   30.0000 5788.2607   31.8836
    0.0000  -30.0000   30.0000 6105.2764   31.8684
    7.5000  -30.0000   30.0000 5767.1260   31.8247
   -7.5000  -22.5000   30.0000 6212.3359   30.5138
    0.0000  -22.5000   30.0000 6532.1772   30.5144
    7.5000  -22.5000   30.0000 6185.9688   30.4767
   -7.5000  -15.0000   30.0000 6953.0850   29.5713
    0.0000  -15.0000   30.0000 7292.2295   29.5932
    7.5000  -15.0000   30.0000 6920.5137   29.5748
   -7.5000   -7.5000   30.0000 7704.5728   29.0022
    0.0000   -7.5000   30.0000 8091.5967   29.0321
    7.5000   -7.5000   30.0000 7688.9878   29.0250
   -7.5000    0.0000   30.0000 8490.6768   28.8994
    0.0000    0.0000   30.0000 8907.6318   28.9188
    7.5000    0.0000   30.0000 8506.9717   28.9177
   -7.5000    7.5000   30.0000 8454.3711   28.8675
    0.0000    7.5000   30.0000 8847.2627   28.8682
    7.5000    7.5000   30.0000 8474.7725   28.8583
   -7.5000   15.0000   30.0000 8335.2119   28.4762
    0.0000   15.0000   30.0000 8647.9404   28.4673
    7.5000   15.0000   30.0000 8328.5820   28.4420
   -7.5000   22.5000   30.0000 8191.0469   27.8207
    0.0000   22.5000   30.0000 8493.5352   27.8229
    7.5000   22.5000   30.0000 8167.1392   27.7982
   -7.5000   30.0000   30.0000 8316.7891   27.8182
    0.0000   30.0000   30.0000 8637.8848   27.8408
    7.5000   30.0000   30.0000 8258.6318   27.8271
   -7.5000   37.5000   30.0000 8035.0601   27.0474
    0.0000   37.5000   30.0000 8349.0254   27.0765
    7.5000   37.5000   30.0000 7960.3491   27.0711
   -7.5000   45.0000   30.0000 7617.8223   26.1218
    0.0000   45.0000   30.0000 7927.9824   26.1394
    7.5000   45.0000   30.0000 7540.7368   26.1383
   -7.5000  -45.0000   37.5000 4407.1870   33.9948
    0.0000  -45.0000   37.5000 4629.8071   34.0097
    7.5000  -45.0000   37.5000 4401.9712   33.9545
   -7.5000  -37.5000   37.5000 4872.3960   33.8788
    0.0000  -37.5000   37.5000 5132.4893   33.9006
    7.5000  -37.5000   37.5000 4869.3540   33.8524
   -7.5000  -30.0000   37.5000 5420.6943   32.8614
    0.0000  -30.0000   37.5000 5707.1465   32.8755
    7.5000  -30.0000   37.5000 5418.2227   32.8309
   -7.5000  -22.5000   37.5000 5814.1665   31.4080
    0.0000  -22.5000   37.5000 6117.8159   31.4278
    7.5000  -22.5000   37.5000 5798.7495   31.4005
   -7.5000  -15.0000   37.5000 6484.3296   30.3973
    0.0000  -15.0000   37.5000 6850.0264   30.4221
    7.5000  -15.0000   37.5000 6470.9370   30.4104
   -7.5000   -7.5000   37.5000 7199.2632   29.7940
    0.0000   -7.5000   37.5000 7584.9106   29.8152
    7.5000   -7.5000   37.5000 7195.4893   29.8025
   -7.5000    0.0000   37.5000 7900.5640   29.7140
    0.0000    0.0000   37.5000 8314.6484   29.7305
    7.5000    0.0000   37.5000 7917.8110   29.7142
   -7.5000    7.5000   37.5000 7873.9297   29.7023
    0.0000    7.5000   37.5000 8253.3535   29.7161
    7.5000    7.5000   37.5000 7870.6641   29.6927
   -7.5000   15.0000   37.5000 7744.2061   29.2921
    0.0000   15.0000   37.5000 8083.9619   29.3051
    7.5000   15.0000   37.5000 7714.4321   29.2786
   -7.5000   22.5000   37.5000 7610.9175   28.5952
    0.0000   22.5000   37.5000 7942.0908   28.6137
    7.5000   22.5000   37.5000 7584.0479   28.5980
   -7.5000   30.0000   37.5000 7725.9844   28.5693
    0.0000   30.0000   37.5000 8061.6807   28.5944
    7.5000   30.0000   37.5000 7678.5713   28.5869
   -7.5000   37.5000   37.5000 7455.1152   27.7851
    0.0000   37.5000   37.5000 7786.7192   27.8061
    7.5000   37.5000   37.5000 7413.1816   27.7957
   -7.5000   45.0000   37.5000 7079.2158   26.8549
    0.0000   45.0000   37.5000 7390.4121   26.8697
    7.5000   45.0000   37.5000 7034.6860   26.8551
   -7.5000  -45.0000   45.0000 4118.8389   34.9769
    0.0000  -45.0000   45.0000 4317.1416   34.9710
    7.5000  -45.0000   45.0000 4102.6914   34.9220
   -7.5000  -37.5000   45.0000 4549.9438   34.8576
    0.0000  -37.5000   45.0000 4767.2383   34.8630
    7.5000  -37.5000   45.0000 4535.5859   34.8292
   -7.5000  -30.0000   45.0000 5049.3306   33.7405
    0.0000  -30.0000   45.0000 5295.6699   33.7374
    7.5000  -30.0000   45.0000 5037.0322   33.7113
   -7.5000  -22.5000   45.0000 5413.2393   32.2270
    0.0000  -22.5000   45.0000 5702.1460   32.2275
    7.5000  -22.5000   45.0000 5379.9409   32.2222
   -7.5000  -15.0000   45.0000 6054.9385   31.1807
    0.0000  -15.0000   45.0000 6408.9419   31.1882
    7.5000  -15.0000   45.0000 6029.5991   31.1961
   -7.5000   -7.5000   45.0000 6704.5503   30.5439
    0.0000   -7.5000   45.0000 7099.8433   30.5489
    7.5000   -7.5000   45.0000 6693.4639   30.5500
   -7.5000    0.0000   45.0000 7351.9287   30.4870
    0.0000    0.0000   45.0000 7759.7827   30.4895
    7.5000    0.0000   45.0000 7350.8926   30.4823
   -7.5000    7.5000   45.0000 7306.3252   30.4901
    0.0000    7.5000   45.0000 7671.8740   30.4915
    7.5000    7.5000   45.0000 7275.8628   30.4803
   -7.5000   15.0000   45.0000 7180.0894   30.0561
    0.0000   15.0000   45.0000 7528.4214   30.0545
    7.5000   15.0000   45.0000 7139.6250   30.0457
   -7.5000   22.5000   45.0000 7044.3345   29.3192
    0.0000   22.5000   45.0000 7377.3154   29.3211
    7.5000   22.5000   45.0000 7022.2739   29.3245
   -7.5000   30.0000   45.0000 7125.3511   29.2762
    0.0000   30.0000   45.0000 7467.5283   29.2851
    7.5000   30.0000   45.0000 7097.3105   29.2957
   -7.5000   37.5000   45.0000 6885.7676   28.4754
    0.0000   37.5000   45.0000 7227.8115   28.4814
    7.5000   37.5000   45.0000 6851.5010   28.4839
   -7.5000   45.0000   45.0000 6551.7212   27.5361
    0.0000   45.0000   45.0000 6877.9980   27.5384
    7.5000   45.0000   45.0000 6513.9028   27.5319

---------------------------------------------------------------------
imgreg_4dfp /opt/freesurfer/average/711-2C_as_mni_average_305 /opt/freesurfer/average/711-2B_as_mni_average_305_mask talsrcimg_g11 none talsrcimg_to_711-2C_as_mni_average_305_t4 4355
---------------------------------------------------------------------

freesurfer imgreg_4dfp.c
/opt/freesurfer/average/711-2C_as_mni_average_305.4dfp.img
       256       256       256         1
  1.000000  1.000000  1.000000
orientation T byte_order littleendian
Reading image: /opt/freesurfer/average/711-2C_as_mni_average_305.4dfp.img
dimensions:      256       256       256
mmppix:       1.0000   -1.0000   -1.0000
center:     128.0000 -129.0000 -129.0000
/opt/freesurfer/average/711-2B_as_mni_average_305_mask.4dfp.img
       256       256       256         1
  1.000000  1.000000  1.000000
orientation T byte_order littleendian
Reading mask: /opt/freesurfer/average/711-2B_as_mni_average_305_mask.4dfp.img (2306576 pixels)
talsrcimg_g11.4dfp.img
       320       320       320         1
  0.700000  0.700000  0.700000
orientation T byte_order littleendian
Reading image: talsrcimg_g11.4dfp.img
dimensions:      320       320       320
mmppix:       0.7000   -0.7000   -0.7000
center:     112.0000 -112.7000 -112.7000
rotation matrix determinant  1.000000
image alignment mode   4355 decimal     1103 hex
   -7.5000  -30.0000  -45.0000 2041.1804   29.6974
    0.0000  -30.0000  -45.0000 2052.1792   29.7937
    7.5000  -30.0000  -45.0000 2031.8727   29.7808
   -7.5000  -22.5000  -45.0000 2144.8748   26.9778
    0.0000  -22.5000  -45.0000 2156.1782   27.0091
    7.5000  -22.5000  -45.0000 2133.4778   27.0306
   -7.5000  -15.0000  -45.0000 2230.4700   24.8314
    0.0000  -15.0000  -45.0000 2240.0632   24.8902
    7.5000  -15.0000  -45.0000 2218.8013   24.9008
   -7.5000   -7.5000  -45.0000 2283.1450   23.2103
    0.0000   -7.5000  -45.0000 2290.4031   23.1977
    7.5000   -7.5000  -45.0000 2277.8440   23.2771
   -7.5000    0.0000  -45.0000 2320.3477   21.9932
    0.0000    0.0000  -45.0000 2325.1013   21.9295
    7.5000    0.0000  -45.0000 2314.2617   22.0779
   -7.5000    7.5000  -45.0000 2348.2622   21.1593
    0.0000    7.5000  -45.0000 2351.8604   21.0138
    7.5000    7.5000  -45.0000 2340.1675   21.2279
   -7.5000   15.0000  -45.0000 2362.7178   20.6733
    0.0000   15.0000  -45.0000 2365.2700   20.5126
    7.5000   15.0000  -45.0000 2352.8252   20.7743
   -7.5000   22.5000  -45.0000 2367.5417   20.5683
    0.0000   22.5000  -45.0000 2372.2681   20.4194
    7.5000   22.5000  -45.0000 2356.5662   20.6586
   -7.5000   30.0000  -45.0000 2352.5620   20.8523
    0.0000   30.0000  -45.0000 2363.8596   20.7224
    7.5000   30.0000  -45.0000 2346.7456   20.9533
   -7.5000   37.5000  -45.0000 2298.8213   21.3573
    0.0000   37.5000  -45.0000 2314.0820   21.2218
    7.5000   37.5000  -45.0000 2297.5117   21.4581
   -7.5000   45.0000  -45.0000 2190.6904   21.8622
    0.0000   45.0000  -45.0000 2208.2756   21.7726
    7.5000   45.0000  -45.0000 2189.1782   21.9494
   -7.5000   52.5000  -45.0000 2058.4673   22.2849
    0.0000   52.5000  -45.0000 2079.6069   22.2268
    7.5000   52.5000  -45.0000 2057.0833   22.3579
   -7.5000   60.0000  -45.0000 1905.1047   22.6724
    0.0000   60.0000  -45.0000 1924.4244   22.6185
    7.5000   60.0000  -45.0000 1906.4078   22.7663
   -7.5000  -30.0000  -37.5000 2163.0039   30.0400
    0.0000  -30.0000  -37.5000 2178.3147   30.1104
    7.5000  -30.0000  -37.5000 2158.4807   30.2509
   -7.5000  -22.5000  -37.5000 2274.0876   27.2412
    0.0000  -22.5000  -37.5000 2293.4470   27.2258
    7.5000  -22.5000  -37.5000 2271.7769   27.3768
   -7.5000  -15.0000  -37.5000 2364.9268   25.0065
    0.0000  -15.0000  -37.5000 2384.2056   24.9371
    7.5000  -15.0000  -37.5000 2363.2805   25.0922
   -7.5000   -7.5000  -37.5000 2431.3198   23.2626
    0.0000   -7.5000  -37.5000 2446.2063   23.1730
    7.5000   -7.5000  -37.5000 2433.0835   23.3609
   -7.5000    0.0000  -37.5000 2478.1106   21.9982
    0.0000    0.0000  -37.5000 2484.8650   21.8733
    7.5000    0.0000  -37.5000 2479.3240   22.0300
   -7.5000    7.5000  -37.5000 2512.5730   21.0244
    0.0000    7.5000  -37.5000 2518.6816   20.8348
    7.5000    7.5000  -37.5000 2512.0430   21.0384
   -7.5000   15.0000  -37.5000 2528.7495   20.4652
    0.0000   15.0000  -37.5000 2536.7727   20.3001
    7.5000   15.0000  -37.5000 2521.2883   20.5577
   -7.5000   22.5000  -37.5000 2534.8379   20.2862
    0.0000   22.5000  -37.5000 2543.7910   20.1454
    7.5000   22.5000  -37.5000 2525.5969   20.3992
   -7.5000   30.0000  -37.5000 2521.8064   20.5300
    0.0000   30.0000  -37.5000 2537.4399   20.3673
    7.5000   30.0000  -37.5000 2520.9709   20.6832
   -7.5000   37.5000  -37.5000 2468.2766   21.0501
    0.0000   37.5000  -37.5000 2484.8870   20.8448
    7.5000   37.5000  -37.5000 2471.7947   21.1624
   -7.5000   45.0000  -37.5000 2362.0349   21.5417
    0.0000   45.0000  -37.5000 2376.7493   21.3706
    7.5000   45.0000  -37.5000 2365.9456   21.6986
   -7.5000   52.5000  -37.5000 2216.5020   21.9692
    0.0000   52.5000  -37.5000 2235.5928   21.7975
    7.5000   52.5000  -37.5000 2221.1733   22.0372
   -7.5000   60.0000  -37.5000 2046.8555   22.3119
    0.0000   60.0000  -37.5000 2068.8159   22.2001
    7.5000   60.0000  -37.5000 2054.4680   22.3763
   -7.5000  -30.0000  -30.0000 2256.2244   30.4095
    0.0000  -30.0000  -30.0000 2274.3794   30.3579
    7.5000  -30.0000  -30.0000 2254.1401   30.5547
   -7.5000  -22.5000  -30.0000 2373.8201   27.3901
    0.0000  -22.5000  -30.0000 2393.5728   27.2755
    7.5000  -22.5000  -30.0000 2373.3323   27.5298
   -7.5000  -15.0000  -30.0000 2470.9685   25.0322
    0.0000  -15.0000  -30.0000 2494.5642   24.8975
    7.5000  -15.0000  -30.0000 2474.3606   25.1322
   -7.5000   -7.5000  -30.0000 2547.7219   23.1870
    0.0000   -7.5000  -30.0000 2567.8430   23.0513
    7.5000   -7.5000  -30.0000 2551.8408   23.2756
   -7.5000    0.0000  -30.0000 2600.8865   21.7624
    0.0000    0.0000  -30.0000 2617.7908   21.6180
    7.5000    0.0000  -30.0000 2609.3254   21.8161
   -7.5000    7.5000  -30.0000 2641.4683   20.6907
    0.0000    7.5000  -30.0000 2658.8875   20.5328
    7.5000    7.5000  -30.0000 2646.8599   20.7050
   -7.5000   15.0000  -30.0000 2664.1438   20.0686
    0.0000   15.0000  -30.0000 2679.9470   19.8976
    7.5000   15.0000  -30.0000 2663.9055   20.0860
   -7.5000   22.5000  -30.0000 2671.2319   19.8827
    0.0000   22.5000  -30.0000 2685.6345   19.6863
    7.5000   22.5000  -30.0000 2669.0195   19.9503
   -7.5000   30.0000  -30.0000 2666.3325   20.1198
    0.0000   30.0000  -30.0000 2681.0354   19.9110
    7.5000   30.0000  -30.0000 2673.5779   20.2359
   -7.5000   37.5000  -30.0000 2609.5669   20.5720
    0.0000   37.5000  -30.0000 2624.5415   20.3330
    7.5000   37.5000  -30.0000 2619.0017   20.6942
   -7.5000   45.0000  -30.0000 2496.3855   21.0265
    0.0000   45.0000  -30.0000 2514.1226   20.8401
    7.5000   45.0000  -30.0000 2502.8926   21.1691
   -7.5000   52.5000  -30.0000 2347.3594   21.4907
    0.0000   52.5000  -30.0000 2363.9141   21.2615
    7.5000   52.5000  -30.0000 2358.8171   21.6021
   -7.5000   60.0000  -30.0000 2171.7051   21.9502
    0.0000   60.0000  -30.0000 2187.1531   21.7374
    7.5000   60.0000  -30.0000 2179.5291   22.0084
   -7.5000  -30.0000  -22.5000 2287.0293   30.6437
    0.0000  -30.0000  -22.5000 2301.9919   30.4684
    7.5000  -30.0000  -22.5000 2288.1418   30.7160
   -7.5000  -22.5000  -22.5000 2400.2725   27.4750
    0.0000  -22.5000  -22.5000 2420.9998   27.3084
    7.5000  -22.5000  -22.5000 2402.6438   27.5037
   -7.5000  -15.0000  -22.5000 2491.7454   24.9383
    0.0000  -15.0000  -22.5000 2511.4888   24.7784
    7.5000  -15.0000  -22.5000 2496.3992   25.0128
   -7.5000   -7.5000  -22.5000 2568.8037   22.9505
    0.0000   -7.5000  -22.5000 2586.2520   22.8384
    7.5000   -7.5000  -22.5000 2570.3594   23.0612
   -7.5000    0.0000  -22.5000 2628.7097   21.3886
    0.0000    0.0000  -22.5000 2648.6296   21.3075
    7.5000    0.0000  -22.5000 2632.9768   21.4709
   -7.5000    7.5000  -22.5000 2675.4834   20.1930
    0.0000    7.5000  -22.5000 2694.9297   20.0340
    7.5000    7.5000  -22.5000 2678.0625   20.2247
   -7.5000   15.0000  -22.5000 2712.9021   19.5312
    0.0000   15.0000  -22.5000 2719.5581   19.2563
    7.5000   15.0000  -22.5000 2705.5471   19.5269
   -7.5000   22.5000  -22.5000 2729.6921   19.2766
    0.0000   22.5000  -22.5000 2734.8528   18.9666
    7.5000   22.5000  -22.5000 2724.0564   19.2916
   -7.5000   30.0000  -22.5000 2728.9971   19.5367
    0.0000   30.0000  -22.5000 2739.6509   19.2485
    7.5000   30.0000  -22.5000 2734.7859   19.5775
   -7.5000   37.5000  -22.5000 2670.4746   19.9147
    0.0000   37.5000  -22.5000 2686.7046   19.6553
    7.5000   37.5000  -22.5000 2685.4060   20.0180
   -7.5000   45.0000  -22.5000 2558.9795   20.2886
    0.0000   45.0000  -22.5000 2570.3433   20.0326
    7.5000   45.0000  -22.5000 2571.4446   20.4405
   -7.5000   52.5000  -22.5000 2409.0532   20.6770
    0.0000   52.5000  -22.5000 2424.2446   20.4291
    7.5000   52.5000  -22.5000 2417.9924   20.8368
   -7.5000   60.0000  -22.5000 2229.2097   21.0714
    0.0000   60.0000  -22.5000 2242.0005   20.7977
    7.5000   60.0000  -22.5000 2232.9812   21.1840
   -7.5000  -30.0000  -15.0000 2345.1445   30.7896
    0.0000  -30.0000  -15.0000 2359.9988   30.4436
    7.5000  -30.0000  -15.0000 2344.7566   30.8275
   -7.5000  -22.5000  -15.0000 2462.4114   27.4751
    0.0000  -22.5000  -15.0000 2473.9778   27.1051
    7.5000  -22.5000  -15.0000 2464.2512   27.4854
   -7.5000  -15.0000  -15.0000 2561.6868   24.8380
    0.0000  -15.0000  -15.0000 2569.0640   24.5222
    7.5000  -15.0000  -15.0000 2563.4863   24.8967
   -7.5000   -7.5000  -15.0000 2647.1987   22.7748
    0.0000   -7.5000  -15.0000 2655.2905   22.5614
    7.5000   -7.5000  -15.0000 2645.0266   22.8375
   -7.5000    0.0000  -15.0000 2714.0229   21.1254
    0.0000    0.0000  -15.0000 2726.5303   20.9737
    7.5000    0.0000  -15.0000 2713.0295   21.2151
   -7.5000    7.5000  -15.0000 2768.4153   19.8973
    0.0000    7.5000  -15.0000 2783.1292   19.7093
    7.5000    7.5000  -15.0000 2768.5083   19.9399
   -7.5000   15.0000  -15.0000 2806.2937   19.1723
    0.0000   15.0000  -15.0000 2812.3711   18.9158
    7.5000   15.0000  -15.0000 2801.5784   19.2160
   -7.5000   22.5000  -15.0000 2835.1753   18.8800
    0.0000   22.5000  -15.0000 2840.9397   18.4402
    7.5000   22.5000  -15.0000 2827.8062   18.9144
   -7.5000   30.0000  -15.0000 2834.6008   19.0426
    0.0000   30.0000  -15.0000 2841.6221   18.6881
    7.5000   30.0000  -15.0000 2836.6104   19.1110
   -7.5000   37.5000  -15.0000 2776.7405   19.3962
    0.0000   37.5000  -15.0000 2785.8098   19.0604
    7.5000   37.5000  -15.0000 2784.9658   19.4576
   -7.5000   45.0000  -15.0000 2661.0747   19.7592
    0.0000   45.0000  -15.0000 2670.3906   19.4454
    7.5000   45.0000  -15.0000 2666.1785   19.8730
   -7.5000   52.5000  -15.0000 2507.9434   20.2162
    0.0000   52.5000  -15.0000 2510.6458   19.8535
    7.5000   52.5000  -15.0000 2511.1938   20.3393
   -7.5000   60.0000  -15.0000 2327.5493   20.7624
    0.0000   60.0000  -15.0000 2337.1755   20.3879
    7.5000   60.0000  -15.0000 2324.5337   20.8270
   -7.5000  -30.0000   -7.5000 2358.9832   30.9030
    0.0000  -30.0000   -7.5000 2377.1582   30.7100
    7.5000  -30.0000   -7.5000 2356.2515   30.9358
   -7.5000  -22.5000   -7.5000 2476.2722   27.4497
    0.0000  -22.5000   -7.5000 2491.5088   27.2528
    7.5000  -22.5000   -7.5000 2475.6409   27.4947
   -7.5000  -15.0000   -7.5000 2581.8782   24.7555
    0.0000  -15.0000   -7.5000 2596.8770   24.5361
    7.5000  -15.0000   -7.5000 2580.0557   24.7839
   -7.5000   -7.5000   -7.5000 2676.2502   22.6152
    0.0000   -7.5000   -7.5000 2690.9919   22.4347
    7.5000   -7.5000   -7.5000 2670.7295   22.6618
   -7.5000    0.0000   -7.5000 2752.8723   20.9577
    0.0000    0.0000   -7.5000 2768.7864   20.7950
    7.5000    0.0000   -7.5000 2752.0442   21.0360
   -7.5000    7.5000   -7.5000 2817.7668   19.8326
    0.0000    7.5000   -7.5000 2832.4211   19.6895
    7.5000    7.5000   -7.5000 2821.2302   19.8652
   -7.5000   15.0000   -7.5000 2867.9348   19.1222
    0.0000   15.0000   -7.5000 2896.2793   19.0996
    7.5000   15.0000   -7.5000 2869.9910   19.1979
   -7.5000   22.5000   -7.5000 2892.6465   18.6304
    0.0000   22.5000   -7.5000 2936.1699   18.5276
    7.5000   22.5000   -7.5000 2883.3633   18.6874
   -7.5000   30.0000   -7.5000 2892.4404   18.5685
    0.0000   30.0000   -7.5000 2925.2615   18.3750
    7.5000   30.0000   -7.5000 2883.0974   18.6069
   -7.5000   37.5000   -7.5000 2825.6724   18.8066
    0.0000   37.5000   -7.5000 2854.1194   18.6479
    7.5000   37.5000   -7.5000 2830.2664   18.8579
   -7.5000   45.0000   -7.5000 2712.6270   19.2763
    0.0000   45.0000   -7.5000 2731.5896   19.0611
    7.5000   45.0000   -7.5000 2720.9382   19.3297
   -7.5000   52.5000   -7.5000 2568.1458   19.8582
    0.0000   52.5000   -7.5000 2587.7178   19.6489
    7.5000   52.5000   -7.5000 2566.7903   19.9202
   -7.5000   60.0000   -7.5000 2388.9067   20.5206
    0.0000   60.0000   -7.5000 2403.6179   20.3079
    7.5000   60.0000   -7.5000 2384.3975   20.5141
   -7.5000  -30.0000    0.0000 2353.4287   31.4950
    0.0000  -30.0000    0.0000 2362.3428   31.1466
    7.5000  -30.0000    0.0000 2350.5908   31.5390
   -7.5000  -22.5000    0.0000 2467.1819   27.8174
    0.0000  -22.5000    0.0000 2472.5237   27.4825
    7.5000  -22.5000    0.0000 2467.8003   27.8609
   -7.5000  -15.0000    0.0000 2575.8748   24.9942
    0.0000  -15.0000    0.0000 2579.6946   24.6685
    7.5000  -15.0000    0.0000 2578.6189   25.0860
   -7.5000   -7.5000    0.0000 2674.1145   22.8106
    0.0000   -7.5000    0.0000 2682.6238   22.5768
    7.5000   -7.5000    0.0000 2678.8677   22.8923
   -7.5000    0.0000    0.0000 2764.9810   21.1971
    0.0000    0.0000    0.0000 2787.7695   21.1423
    7.5000    0.0000    0.0000 2766.7139   21.2958
   -7.5000    7.5000    0.0000 2839.9336   20.0537
    0.0000    7.5000    0.0000 2888.1672   20.1997
    7.5000    7.5000    0.0000 2848.5637   20.1623
   -7.5000   15.0000    0.0000 2896.0530   19.2782
    0.0000   15.0000    0.0000 2971.4453   19.5966
    7.5000   15.0000    0.0000 2903.9373   19.3284
   -7.5000   22.5000    0.0000 2919.2595   18.6413
    0.0000   22.5000    0.0000 2990.6580   18.7942
    7.5000   22.5000    0.0000 2916.4075   18.7161
   -7.5000   30.0000    0.0000 2906.2239   18.3857
    0.0000   30.0000    0.0000 2960.0042   18.3412
    7.5000   30.0000    0.0000 2900.2566   18.4434
   -7.5000   37.5000    0.0000 2847.0430   18.5869
    0.0000   37.5000    0.0000 2876.6553   18.4145
    7.5000   37.5000    0.0000 2850.8845   18.6536
   -7.5000   45.0000    0.0000 2742.9839   19.1201
    0.0000   45.0000    0.0000 2767.2905   18.8956
    7.5000   45.0000    0.0000 2748.8284   19.1566
   -7.5000   52.5000    0.0000 2600.6182   19.8045
    0.0000   52.5000    0.0000 2616.2380   19.5729
    7.5000   52.5000    0.0000 2599.6443   19.8062
   -7.5000   60.0000    0.0000 2417.8472   20.4810
    0.0000   60.0000    0.0000 2431.6052   20.2557
    7.5000   60.0000    0.0000 2415.5269   20.4818
   -7.5000  -30.0000    7.5000 2322.0020   32.2057
    0.0000  -30.0000    7.5000 2331.9478   31.8319
    7.5000  -30.0000    7.5000 2323.7471   32.1771
   -7.5000  -22.5000    7.5000 2438.5083   28.4974
    0.0000  -22.5000    7.5000 2439.6465   28.1237
    7.5000  -22.5000    7.5000 2436.7749   28.5389
   -7.5000  -15.0000    7.5000 2557.9597   25.6734
    0.0000  -15.0000    7.5000 2559.2915   25.3848
    7.5000  -15.0000    7.5000 2554.2358   25.8342
   -7.5000   -7.5000    7.5000 2667.1965   23.4827
    0.0000   -7.5000    7.5000 2668.0974   23.3036
    7.5000   -7.5000    7.5000 2660.5330   23.6603
   -7.5000    0.0000    7.5000 2763.3176   21.7522
    0.0000    0.0000    7.5000 2766.9094   21.6232
    7.5000    0.0000    7.5000 2758.0942   21.9356
   -7.5000    7.5000    7.5000 2837.9426   20.4132
    0.0000    7.5000    7.5000 2857.0569   20.3965
    7.5000    7.5000    7.5000 2835.7327   20.5563
   -7.5000   15.0000    7.5000 2886.2349   19.4130
    0.0000   15.0000    7.5000 2928.0417   19.3997
    7.5000   15.0000    7.5000 2896.1150   19.5653
   -7.5000   22.5000    7.5000 2902.5610   18.6979
    0.0000   22.5000    7.5000 2945.9375   18.5235
    7.5000   22.5000    7.5000 2897.4160   18.8857
   -7.5000   30.0000    7.5000 2897.8733   18.5808
    0.0000   30.0000    7.5000 2927.1145   18.2575
    7.5000   30.0000    7.5000 2891.3074   18.7464
   -7.5000   37.5000    7.5000 2853.8535   18.9600
    0.0000   37.5000    7.5000 2883.2551   18.7207
    7.5000   37.5000    7.5000 2850.5908   19.0459
   -7.5000   45.0000    7.5000 2753.4290   19.4849
    0.0000   45.0000    7.5000 2774.5422   19.3126
    7.5000   45.0000    7.5000 2751.8110   19.5533
   -7.5000   52.5000    7.5000 2607.4485   20.0143
    0.0000   52.5000    7.5000 2616.4143   19.8185
    7.5000   52.5000    7.5000 2599.0481   20.0202
   -7.5000   60.0000    7.5000 2420.2397   20.5761
    0.0000   60.0000    7.5000 2425.2429   20.3434
    7.5000   60.0000    7.5000 2412.3076   20.5245
   -7.5000  -30.0000   15.0000 2285.9204   33.2759
    0.0000  -30.0000   15.0000 2297.6619   32.9788
    7.5000  -30.0000   15.0000 2290.0244   33.3777
   -7.5000  -22.5000   15.0000 2406.1243   29.5194
    0.0000  -22.5000   15.0000 2411.1643   29.1261
    7.5000  -22.5000   15.0000 2405.6787   29.6819
   -7.5000  -15.0000   15.0000 2526.3958   26.5657
    0.0000  -15.0000   15.0000 2525.5508   26.1834
    7.5000  -15.0000   15.0000 2519.4380   26.7503
   -7.5000   -7.5000   15.0000 2626.9309   24.1085
    0.0000   -7.5000   15.0000 2622.7913   23.7410
    7.5000   -7.5000   15.0000 2622.7988   24.3128
   -7.5000    0.0000   15.0000 2718.7122   22.1033
    0.0000    0.0000   15.0000 2714.7454   21.8076
    7.5000    0.0000   15.0000 2713.6958   22.3457
   -7.5000    7.5000   15.0000 2786.1382   20.5643
    0.0000    7.5000   15.0000 2787.5403   20.3279
    7.5000    7.5000   15.0000 2791.2876   20.8519
   -7.5000   15.0000   15.0000 2833.0312   19.3890
    0.0000   15.0000   15.0000 2846.1682   19.1038
    7.5000   15.0000   15.0000 2842.7246   19.6478
   -7.5000   22.5000   15.0000 2858.1934   18.7779
    0.0000   22.5000   15.0000 2861.6450   18.2790
    7.5000   22.5000   15.0000 2860.5557   19.0498
   -7.5000   30.0000   15.0000 2879.8630   18.9461
    0.0000   30.0000   15.0000 2895.7117   18.5791
    7.5000   30.0000   15.0000 2869.4822   19.0681
   -7.5000   37.5000   15.0000 2847.5562   19.6009
    0.0000   37.5000   15.0000 2869.6963   19.3368
    7.5000   37.5000   15.0000 2838.0864   19.6006
   -7.5000   45.0000   15.0000 2738.8206   20.2357
    0.0000   45.0000   15.0000 2759.1912   19.9754
    7.5000   45.0000   15.0000 2734.9355   20.2325
   -7.5000   52.5000   15.0000 2590.7527   20.7124
    0.0000   52.5000   15.0000 2602.9990   20.5075
    7.5000   52.5000   15.0000 2586.7639   20.7304
   -7.5000   60.0000   15.0000 2404.1406   21.1394
    0.0000   60.0000   15.0000 2417.4312   20.9631
    7.5000   60.0000   15.0000 2399.4023   21.1187
   -7.5000  -30.0000   22.5000 2235.2134   34.6080
    0.0000  -30.0000   22.5000 2243.6531   34.2452
    7.5000  -30.0000   22.5000 2239.1265   34.8539
   -7.5000  -22.5000   22.5000 2353.7483   30.5767
    0.0000  -22.5000   22.5000 2361.2605   30.1778
    7.5000  -22.5000   22.5000 2351.7019   30.8076
   -7.5000  -15.0000   22.5000 2472.2822   27.3863
    0.0000  -15.0000   22.5000 2475.9421   26.9191
    7.5000  -15.0000   22.5000 2466.3740   27.6164
   -7.5000   -7.5000   22.5000 2578.3274   24.7669
    0.0000   -7.5000   22.5000 2578.3638   24.2796
    7.5000   -7.5000   22.5000 2569.9077   25.0150
   -7.5000    0.0000   22.5000 2668.4358   22.6830
    0.0000    0.0000   22.5000 2669.1746   22.3021
    7.5000    0.0000   22.5000 2666.5977   22.9685
   -7.5000    7.5000   22.5000 2736.0376   21.0523
    0.0000    7.5000   22.5000 2729.5193   20.6469
    7.5000    7.5000   22.5000 2739.0701   21.3077
   -7.5000   15.0000   22.5000 2792.1436   19.8634
    0.0000   15.0000   22.5000 2787.4365   19.3390
    7.5000   15.0000   22.5000 2793.2935   20.1037
   -7.5000   22.5000   22.5000 2829.4653   19.3496
    0.0000   22.5000   22.5000 2824.5852   18.8366
    7.5000   22.5000   22.5000 2824.9963   19.5543
   -7.5000   30.0000   22.5000 2851.3115   19.6224
    0.0000   30.0000   22.5000 2864.0750   19.2730
    7.5000   30.0000   22.5000 2840.5432   19.6751
   -7.5000   37.5000   22.5000 2818.8201   20.2956
    0.0000   37.5000   22.5000 2832.8899   19.9993
    7.5000   37.5000   22.5000 2803.6099   20.2635
   -7.5000   45.0000   22.5000 2706.0896   20.9871
    0.0000   45.0000   22.5000 2718.4465   20.6834
    7.5000   45.0000   22.5000 2697.2361   20.9222
   -7.5000   52.5000   22.5000 2554.4797   21.4334
    0.0000   52.5000   22.5000 2570.4634   21.2002
    7.5000   52.5000   22.5000 2550.8757   21.4441
   -7.5000   60.0000   22.5000 2367.5264   21.8698
    0.0000   60.0000   22.5000 2386.3972   21.6842
    7.5000   60.0000   22.5000 2369.3140   21.8742
   -7.5000  -30.0000   30.0000 2174.0647   36.0485
    0.0000  -30.0000   30.0000 2189.3354   35.6114
    7.5000  -30.0000   30.0000 2180.3521   36.1693
   -7.5000  -22.5000   30.0000 2295.8843   31.7367
    0.0000  -22.5000   30.0000 2308.7122   31.2654
    7.5000  -22.5000   30.0000 2297.3047   31.9949
   -7.5000  -15.0000   30.0000 2415.9880   28.3743
    0.0000  -15.0000   30.0000 2426.1130   27.8105
    7.5000  -15.0000   30.0000 2411.2427   28.6010
   -7.5000   -7.5000   30.0000 2522.6260   25.6075
    0.0000   -7.5000   30.0000 2535.0498   25.1187
    7.5000   -7.5000   30.0000 2517.9390   25.8616
   -7.5000    0.0000   30.0000 2614.0142   23.4542
    0.0000    0.0000   30.0000 2620.6917   22.9879
    7.5000    0.0000   30.0000 2611.4468   23.6737
   -7.5000    7.5000   30.0000 2677.3184   21.7186
    0.0000    7.5000   30.0000 2683.1428   21.2837
    7.5000    7.5000   30.0000 2679.2515   21.9106
   -7.5000   15.0000   30.0000 2745.9551   20.6098
    0.0000   15.0000   30.0000 2744.8047   20.0694
    7.5000   15.0000   30.0000 2740.3389   20.8278
   -7.5000   22.5000   30.0000 2788.1982   20.2002
    0.0000   22.5000   30.0000 2782.9480   19.7786
    7.5000   22.5000   30.0000 2780.4172   20.3354
   -7.5000   30.0000   30.0000 2807.4580   20.5453
    0.0000   30.0000   30.0000 2814.7839   20.1956
    7.5000   30.0000   30.0000 2794.7446   20.5591
   -7.5000   37.5000   30.0000 2767.3430   21.2055
    0.0000   37.5000   30.0000 2778.6133   20.8550
    7.5000   37.5000   30.0000 2751.3293   21.1400
   -7.5000   45.0000   30.0000 2652.9094   21.8711
    0.0000   45.0000   30.0000 2667.8040   21.5184
    7.5000   45.0000   30.0000 2641.7051   21.7574
   -7.5000   52.5000   30.0000 2508.8450   22.3338
    0.0000   52.5000   30.0000 2526.5759   22.0103
    7.5000   52.5000   30.0000 2501.6350   22.2289
   -7.5000   60.0000   30.0000 2322.6433   22.7250
    0.0000   60.0000   30.0000 2339.5066   22.4408
    7.5000   60.0000   30.0000 2321.7385   22.5907
   -7.5000  -30.0000   37.5000 2113.4001   37.5117
    0.0000  -30.0000   37.5000 2134.6362   37.0239
    7.5000  -30.0000   37.5000 2124.5754   37.6199
   -7.5000  -22.5000   37.5000 2239.4290   32.9743
    0.0000  -22.5000   37.5000 2259.2642   32.4699
    7.5000  -22.5000   37.5000 2242.8857   33.1174
   -7.5000  -15.0000   37.5000 2354.3191   29.3201
    0.0000  -15.0000   37.5000 2383.4072   28.9010
    7.5000  -15.0000   37.5000 2357.7197   29.5344
   -7.5000   -7.5000   37.5000 2464.7854   26.5262
    0.0000   -7.5000   37.5000 2488.6667   26.1134
    7.5000   -7.5000   37.5000 2461.3313   26.6888
   -7.5000    0.0000   37.5000 2543.6443   24.2745
    0.0000    0.0000   37.5000 2561.4692   23.8398
    7.5000    0.0000   37.5000 2545.3884   24.4555
   -7.5000    7.5000   37.5000 2619.9077   22.6166
    0.0000    7.5000   37.5000 2638.2834   22.2044
    7.5000    7.5000   37.5000 2617.9185   22.7926
   -7.5000   15.0000   37.5000 2685.1960   21.5929
    0.0000   15.0000   37.5000 2695.7305   21.2208
    7.5000   15.0000   37.5000 2671.9500   21.7909
   -7.5000   22.5000   37.5000 2722.5522   21.3013
    0.0000   22.5000   37.5000 2729.9670   20.9483
    7.5000   22.5000   37.5000 2715.2422   21.3527
   -7.5000   30.0000   37.5000 2739.3323   21.6125
    0.0000   30.0000   37.5000 2750.8762   21.2560
    7.5000   30.0000   37.5000 2724.6292   21.5905
   -7.5000   37.5000   37.5000 2688.8945   22.1763
    0.0000   37.5000   37.5000 2708.3645   21.8397
    7.5000   37.5000   37.5000 2677.6853   22.1690
   -7.5000   45.0000   37.5000 2583.3630   22.7817
    0.0000   45.0000   37.5000 2600.6829   22.4718
    7.5000   45.0000   37.5000 2575.5129   22.7089
   -7.5000   52.5000   37.5000 2437.9744   23.1977
    0.0000   52.5000   37.5000 2454.7869   22.9337
    7.5000   52.5000   37.5000 2436.5627   23.1701
   -7.5000   60.0000   37.5000 2256.3750   23.5369
    0.0000   60.0000   37.5000 2265.1650   23.3376
    7.5000   60.0000   37.5000 2253.8064   23.5027
   -7.5000  -30.0000   45.0000 2036.2185   38.8380
    0.0000  -30.0000   45.0000 2052.7134   38.3961
    7.5000  -30.0000   45.0000 2045.7856   38.8924
   -7.5000  -22.5000   45.0000 2162.8672   34.0771
    0.0000  -22.5000   45.0000 2189.6104   33.7492
    7.5000  -22.5000   45.0000 2162.2039   34.2004
   -7.5000  -15.0000   45.0000 2277.5625   30.3825
    0.0000  -15.0000   45.0000 2314.4636   30.1444
    7.5000  -15.0000   45.0000 2277.3601   30.5406
   -7.5000   -7.5000   45.0000 2381.9663   27.5619
    0.0000   -7.5000   45.0000 2411.4895   27.1965
    7.5000   -7.5000   45.0000 2378.3271   27.7100
   -7.5000    0.0000   45.0000 2458.8279   25.3152
    0.0000    0.0000   45.0000 2488.8210   24.9803
    7.5000    0.0000   45.0000 2457.7639   25.4149
   -7.5000    7.5000   45.0000 2531.6936   23.6794
    0.0000    7.5000   45.0000 2556.3115   23.3349
    7.5000    7.5000   45.0000 2529.9382   23.8533
   -7.5000   15.0000   45.0000 2589.9243   22.7412
    0.0000   15.0000   45.0000 2606.0845   22.5120
    7.5000   15.0000   45.0000 2576.6343   22.9008
   -7.5000   22.5000   45.0000 2616.7991   22.5082
    0.0000   22.5000   45.0000 2631.7759   22.2274
    7.5000   22.5000   45.0000 2614.2148   22.5455
   -7.5000   30.0000   45.0000 2624.6138   22.7761
    0.0000   30.0000   45.0000 2644.3987   22.4757
    7.5000   30.0000   45.0000 2622.2710   22.7369
   -7.5000   37.5000   45.0000 2586.5391   23.1876
    0.0000   37.5000   45.0000 2614.4448   22.9117
    7.5000   37.5000   45.0000 2577.4817   23.2029
   -7.5000   45.0000   45.0000 2488.1689   23.7190
    0.0000   45.0000   45.0000 2517.5671   23.4695
    7.5000   45.0000   45.0000 2483.7678   23.7235
   -7.5000   52.5000   45.0000 2334.6233   24.1894
    0.0000   52.5000   45.0000 2355.8291   23.9344
    7.5000   52.5000   45.0000 2334.9119   24.1770
   -7.5000   60.0000   45.0000 2158.3010   24.4573
    0.0000   60.0000   45.0000 2169.7346   24.3306
    7.5000   60.0000   45.0000 2157.1155   24.4345

---------------------------------------------------------------------
imgreg_4dfp /opt/freesurfer/average/711-2C_as_mni_average_305 /opt/freesurfer/average/711-2B_as_mni_average_305_mask talsrcimg_g11 none talsrcimg_to_711-2C_as_mni_average_305_t4 1283
---------------------------------------------------------------------

freesurfer imgreg_4dfp.c
/opt/freesurfer/average/711-2C_as_mni_average_305.4dfp.img
       256       256       256         1
  1.000000  1.000000  1.000000
orientation T byte_order littleendian
Reading image: /opt/freesurfer/average/711-2C_as_mni_average_305.4dfp.img
dimensions:      256       256       256
mmppix:       1.0000   -1.0000   -1.0000
center:     128.0000 -129.0000 -129.0000
/opt/freesurfer/average/711-2B_as_mni_average_305_mask.4dfp.img
       256       256       256         1
  1.000000  1.000000  1.000000
orientation T byte_order littleendian
Reading mask: /opt/freesurfer/average/711-2B_as_mni_average_305_mask.4dfp.img (2306576 pixels)
talsrcimg_g11.4dfp.img
       320       320       320         1
  0.700000  0.700000  0.700000
orientation T byte_order littleendian
Reading image: talsrcimg_g11.4dfp.img
dimensions:      320       320       320
mmppix:       0.7000   -0.7000   -0.7000
center:     112.0000 -112.7000 -112.7000
rotation matrix determinant  1.000000
fimgreg.f
image alignment mode   1283 decimal      503 hex
parameters
    0.0000   22.5000    0.0000    0.0000    0.0000    0.0000
eta,q 0.93787 19.00472
niter,ni,del,rscale     5    3   12.0000    1.2000
parameter  4  1.953831 ->  0.500000 qaram    1.1500
parameters
   -0.0963   21.0893   -1.0351   -3.4500    0.1245    2.5022
eta,q 0.94273 19.07679
  0.0754  0.0657  0.0686  0.0550  0.0659  0.0614
  0.0700  0.0634  0.0618  0.0572  0.0615  0.0600
  0.0640  0.0613  0.0623  0.0591  0.0583  0.0587
  0.0614  0.0614  0.0610  0.0613  0.0578  0.0578
  0.0642  0.0647  0.0635  0.0637  0.0587  0.0574
  0.0695  0.0681  0.0685  0.0673  0.0608  0.0573
  0.0770  0.0709  0.0747  0.0715  0.0652  0.0583
niter,ni,del,rscale     5    3   12.0000    1.2000
parameter  4  1.008746 ->  0.500000 qaram    1.3225
parameters
   -0.1717   21.6009   -1.6196   -7.4175    0.2736    1.8724
eta,q 0.94683 19.25792
  0.0768  0.0657  0.0661  0.0540  0.0628  0.0558
  0.0686  0.0615  0.0588  0.0530  0.0578  0.0546
  0.0607  0.0588  0.0591  0.0546  0.0545  0.0534
  0.0573  0.0573  0.0571  0.0572  0.0532  0.0532
  0.0606  0.0577  0.0597  0.0597  0.0535  0.0535
  0.0690  0.0604  0.0639  0.0629  0.0563  0.0549
  0.0782  0.0631  0.0682  0.0665  0.0627  0.0580
niter,ni,del,rscale     5    3   12.0000    1.2000
parameters
   -0.4219   22.7713   -1.5398   -8.9405    0.6457    1.8289
eta,q 0.94641 19.20051
  0.0723  0.0655  0.0665  0.0585  0.0630  0.0565
  0.0619  0.0577  0.0599  0.0555  0.0577  0.0553
  0.0547  0.0534  0.0553  0.0541  0.0548  0.0542
  0.0532  0.0530  0.0538  0.0539  0.0537  0.0536
  0.0571  0.0545  0.0571  0.0562  0.0535  0.0535
  0.0653  0.0557  0.0603  0.0593  0.0557  0.0545
  0.0744  0.0567  0.0647  0.0633  0.0614  0.0573
niter,ni,del,rscale     4    3   12.0000    1.2000
parameters
   -0.5242   23.1108   -1.5149   -9.3317    0.7116    1.7962
eta,q 0.94615 19.18096
  0.0729  0.0608  0.0655  0.0605  0.0623  0.0568
  0.0616  0.0547  0.0588  0.0564  0.0572  0.0554
  0.0547  0.0527  0.0547  0.0545  0.0548  0.0544
  0.0536  0.0535  0.0538  0.0538  0.0539  0.0539
  0.0572  0.0547  0.0562  0.0548  0.0539  0.0539
  0.0641  0.0548  0.0591  0.0577  0.0566  0.0548
  0.0724  0.0579  0.0646  0.0619  0.0625  0.0575
niter,ni,del,rscale     3    3   12.0000    1.2000
parameters
   -0.5264   23.0939   -1.5596   -9.3655    0.7135    1.8020
eta,q 0.94618 19.18275
  0.0738  0.0596  0.0652  0.0612  0.0621  0.0568
  0.0624  0.0543  0.0584  0.0569  0.0570  0.0554
  0.0551  0.0530  0.0545  0.0546  0.0547  0.0544
  0.0539  0.0539  0.0538  0.0538  0.0538  0.0538
  0.0572  0.0546  0.0560  0.0544  0.0538  0.0538
  0.0639  0.0548  0.0590  0.0572  0.0566  0.0547
  0.0721  0.0588  0.0648  0.0612  0.0626  0.0574
registration optimization eta report
parameter search radius
    6.0000    6.0000    6.0000    7.9350    6.0000    6.0000
100000*second partial in parameter space
       53.       16.       31.       12.       25.        9.
  0.0738  0.0596  0.0652  0.0612  0.0621  0.0568
  0.0624  0.0543  0.0584  0.0569  0.0570  0.0554
  0.0551  0.0530  0.0545  0.0546  0.0547  0.0544
  0.0539  0.0539  0.0538  0.0538  0.0538  0.0538
  0.0572  0.0546  0.0560  0.0544  0.0538  0.0538
  0.0639  0.0548  0.0590  0.0572  0.0566  0.0547
  0.0721  0.0588  0.0648  0.0612  0.0626  0.0574
   -0.5264   23.0939   -1.5596   -9.3655    0.7135    1.8020
eta,q 0.94618 19.18275

---------------------------------------------------------------------
imgreg_4dfp /opt/freesurfer/average/711-2C_as_mni_average_305 /opt/freesurfer/average/711-2B_as_mni_average_305_mask talsrcimg_g11 none talsrcimg_to_711-2C_as_mni_average_305_t4 3335
---------------------------------------------------------------------

freesurfer imgreg_4dfp.c
/opt/freesurfer/average/711-2C_as_mni_average_305.4dfp.img
       256       256       256         1
  1.000000  1.000000  1.000000
orientation T byte_order littleendian
Reading image: /opt/freesurfer/average/711-2C_as_mni_average_305.4dfp.img
dimensions:      256       256       256
mmppix:       1.0000   -1.0000   -1.0000
center:     128.0000 -129.0000 -129.0000
/opt/freesurfer/average/711-2B_as_mni_average_305_mask.4dfp.img
       256       256       256         1
  1.000000  1.000000  1.000000
orientation T byte_order littleendian
Reading mask: /opt/freesurfer/average/711-2B_as_mni_average_305_mask.4dfp.img (2306576 pixels)
talsrcimg_g11.4dfp.img
       320       320       320         1
  0.700000  0.700000  0.700000
orientation T byte_order littleendian
Reading image: talsrcimg_g11.4dfp.img
dimensions:      320       320       320
mmppix:       0.7000   -0.7000   -0.7000
center:     112.0000 -112.7000 -112.7000
fimgreg.f
image alignment mode   3335 decimal      D07 hex
parameters
   -0.5264   23.0939   -1.5596   -0.0572   -1.3754   -1.3406
   -2.9002   -1.7397    3.1444   16.2265    1.2452  -16.2719
eta,q 0.95072 19.31987
niter,ni,del,rscale     5    3    5.0000    1.2000
parameter  2 -0.514548 -> -0.500000 qaram    1.1500
parameter  4  0.733528 ->  0.500000 qaram    1.1500
parameter  5  2.205663 ->  0.500000 qaram    1.1500
parameter  6  0.679949 ->  0.500000 qaram    1.1500
parameter 10  1.122499 ->  0.500000 qaram    1.1500
parameter 12  0.741956 ->  0.500000 qaram    1.1500
parameters
   -0.6350   24.4739   -1.2502   -4.1972   -5.5154   -5.4806
   -0.4026   -0.7453    4.2002   12.0865   -1.0415  -20.4119
eta,q 0.96207 19.31158
  0.0542  0.0518  0.0521  0.0460  0.0414  0.0416  0.0464  0.0467  0.0439  0.0390  0.0395  0.0381
  0.0515  0.0507  0.0505  0.0456  0.0429  0.0418  0.0444  0.0441  0.0427  0.0389  0.0390  0.0379
  0.0498  0.0499  0.0494  0.0462  0.0443  0.0425  0.0429  0.0425  0.0419  0.0397  0.0389  0.0382
  0.0493  0.0493  0.0488  0.0488  0.0457  0.0433  0.0419  0.0416  0.0415  0.0415  0.0390  0.0389
  0.0501  0.0489  0.0489  0.0539  0.0476  0.0463  0.0416  0.0416  0.0416  0.0438  0.0395  0.0401
  0.0521  0.0489  0.0496  0.0606  0.0501  0.0506  0.0419  0.0426  0.0420  0.0463  0.0401  0.0417
  0.0552  0.0493  0.0508  0.0667  0.0527  0.0556  0.0428  0.0445  0.0429  0.0485  0.0409  0.0435
niter,ni,del,rscale     7    3    5.0000    1.2000
parameters
   -0.5276   24.7572   -1.8866   -5.8633   -8.7118   -5.9742
   -1.7380   -1.6666    4.3132   12.8099   -1.0740  -20.7648
eta,q 0.96235 19.17883
  0.0423  0.0425  0.0386  0.0418  0.0392  0.0418  0.0396  0.0407  0.0396  0.0423  0.0385  0.0394
  0.0401  0.0403  0.0380  0.0401  0.0382  0.0402  0.0384  0.0387  0.0386  0.0402  0.0380  0.0384
  0.0386  0.0388  0.0378  0.0386  0.0378  0.0388  0.0379  0.0379  0.0380  0.0387  0.0377  0.0379
  0.0379  0.0379  0.0378  0.0378  0.0381  0.0378  0.0380  0.0379  0.0378  0.0378  0.0376  0.0376
  0.0382  0.0380  0.0383  0.0389  0.0398  0.0374  0.0386  0.0387  0.0379  0.0377  0.0378  0.0378
  0.0395  0.0391  0.0392  0.0430  0.0427  0.0399  0.0397  0.0402  0.0385  0.0388  0.0381  0.0385
  0.0416  0.0411  0.0405  0.0496  0.0460  0.0446  0.0412  0.0422  0.0396  0.0413  0.0385  0.0398
niter,ni,del,rscale     6    3    5.0000    1.2000
parameters
   -0.4332   25.5296   -1.2552   -5.9880   -9.9357   -6.0138
   -1.8944   -1.6538    4.3108   12.3287   -1.2084  -20.9875
eta,q 0.96264 19.06556
  0.0410  0.0422  0.0394  0.0421  0.0402  0.0418  0.0399  0.0413  0.0391  0.0411  0.0383  0.0392
  0.0393  0.0401  0.0385  0.0404  0.0386  0.0400  0.0384  0.0389  0.0381  0.0394  0.0378  0.0383
  0.0381  0.0386  0.0379  0.0387  0.0375  0.0385  0.0375  0.0377  0.0375  0.0379  0.0374  0.0376
  0.0376  0.0376  0.0374  0.0372  0.0373  0.0373  0.0373  0.0373  0.0373  0.0373  0.0373  0.0374
  0.0379  0.0374  0.0372  0.0370  0.0379  0.0369  0.0377  0.0379  0.0375  0.0377  0.0375  0.0375
  0.0389  0.0378  0.0374  0.0391  0.0400  0.0385  0.0386  0.0392  0.0381  0.0395  0.0378  0.0383
  0.0406  0.0390  0.0381  0.0442  0.0432  0.0435  0.0400  0.0410  0.0391  0.0428  0.0384  0.0396
niter,ni,del,rscale     5    3    5.0000    1.2000
parameters
   -0.3829   25.7233   -0.9619   -5.8692  -10.3202   -5.8901
   -1.8960   -1.6465    4.3236   12.0955   -1.2640  -21.0636
eta,q 0.96275 19.03890
  0.0407  0.0407  0.0390  0.0423  0.0407  0.0419  0.0399  0.0413  0.0391  0.0414  0.0384  0.0392
  0.0389  0.0390  0.0383  0.0406  0.0391  0.0401  0.0384  0.0389  0.0381  0.0395  0.0377  0.0382
  0.0378  0.0378  0.0377  0.0388  0.0378  0.0385  0.0375  0.0376  0.0374  0.0380  0.0374  0.0376
  0.0374  0.0374  0.0373  0.0373  0.0372  0.0373  0.0372  0.0372  0.0372  0.0372  0.0373  0.0372
  0.0377  0.0375  0.0373  0.0369  0.0375  0.0369  0.0376  0.0378  0.0374  0.0376  0.0374  0.0374
  0.0387  0.0384  0.0377  0.0388  0.0391  0.0383  0.0385  0.0392  0.0381  0.0393  0.0378  0.0381
  0.0405  0.0399  0.0385  0.0436  0.0421  0.0431  0.0399  0.0410  0.0391  0.0425  0.0384  0.0395
niter,ni,del,rscale     4    3    5.0000    1.2000
parameters
   -0.3713   25.7573   -0.8691   -5.8426  -10.4246   -5.8241
   -1.8977   -1.6518    4.3291   12.0273   -1.2803  -21.0849
eta,q 0.96277 19.03353
  0.0406  0.0403  0.0388  0.0423  0.0409  0.0418  0.0399  0.0413  0.0391  0.0415  0.0384  0.0393
  0.0388  0.0387  0.0381  0.0405  0.0393  0.0401  0.0384  0.0389  0.0381  0.0396  0.0377  0.0383
  0.0377  0.0377  0.0375  0.0388  0.0379  0.0384  0.0375  0.0376  0.0374  0.0381  0.0373  0.0376
  0.0373  0.0373  0.0373  0.0372  0.0372  0.0372  0.0372  0.0372  0.0372  0.0372  0.0372  0.0372
  0.0376  0.0375  0.0373  0.0370  0.0374  0.0369  0.0376  0.0378  0.0374  0.0375  0.0374  0.0374
  0.0387  0.0385  0.0378  0.0389  0.0388  0.0384  0.0385  0.0392  0.0381  0.0391  0.0378  0.0381
  0.0406  0.0403  0.0387  0.0439  0.0417  0.0432  0.0399  0.0410  0.0391  0.0423  0.0384  0.0395
niter,ni,del,rscale     3    3    5.0000    1.2000
parameters
   -0.3688   25.7623   -0.8415   -5.8381  -10.4595   -5.7931
   -1.9005   -1.6536    4.3312   12.0102   -1.2821  -21.0891
eta,q 0.96278 19.03206
  0.0406  0.0403  0.0387  0.0423  0.0409  0.0418  0.0399  0.0413  0.0391  0.0416  0.0384  0.0393
  0.0388  0.0386  0.0380  0.0405  0.0393  0.0400  0.0384  0.0389  0.0381  0.0396  0.0377  0.0383
  0.0376  0.0376  0.0375  0.0387  0.0379  0.0384  0.0375  0.0376  0.0374  0.0381  0.0373  0.0376
  0.0372  0.0372  0.0372  0.0372  0.0372  0.0372  0.0372  0.0372  0.0372  0.0372  0.0372  0.0372
  0.0376  0.0375  0.0373  0.0370  0.0373  0.0369  0.0376  0.0378  0.0374  0.0375  0.0374  0.0374
  0.0387  0.0386  0.0378  0.0389  0.0388  0.0385  0.0385  0.0392  0.0381  0.0391  0.0378  0.0381
  0.0406  0.0403  0.0387  0.0439  0.0416  0.0432  0.0399  0.0410  0.0391  0.0422  0.0383  0.0394
niter,ni,del,rscale     2    3    5.0000    1.2000
parameters
   -0.3672   25.7617   -0.8336   -5.8363  -10.4738   -5.7868
   -1.9007   -1.6548    4.3330   12.0057   -1.2886  -21.0789
eta,q 0.96277 19.03162
  0.0406  0.0403  0.0387  0.0423  0.0409  0.0418  0.0399  0.0413  0.0391  0.0416  0.0384  0.0393
  0.0388  0.0386  0.0380  0.0405  0.0393  0.0400  0.0384  0.0389  0.0381  0.0397  0.0377  0.0383
  0.0376  0.0376  0.0375  0.0387  0.0379  0.0384  0.0375  0.0376  0.0374  0.0381  0.0373  0.0376
  0.0372  0.0372  0.0372  0.0372  0.0372  0.0372  0.0372  0.0372  0.0372  0.0372  0.0372  0.0372
  0.0376  0.0375  0.0373  0.0370  0.0373  0.0369  0.0376  0.0378  0.0374  0.0375  0.0374  0.0374
  0.0387  0.0386  0.0378  0.0389  0.0387  0.0385  0.0385  0.0392  0.0381  0.0391  0.0378  0.0381
  0.0406  0.0403  0.0388  0.0439  0.0416  0.0433  0.0399  0.0410  0.0391  0.0422  0.0383  0.0394
registration optimization eta report
parameter search radius
    2.4000    2.7600    2.4000    8.2800    8.2800    8.2800
    7.2000    7.2000    7.2000    8.2800    7.2000    8.2800
100000*second partial in parameter space
       58.       41.       26.        9.        6.        8.
        5.        8.        4.        7.        2.        3.
  0.0406  0.0403  0.0387  0.0423  0.0409  0.0418  0.0399  0.0413  0.0391  0.0416  0.0384  0.0393
  0.0388  0.0386  0.0380  0.0405  0.0393  0.0400  0.0384  0.0389  0.0381  0.0397  0.0377  0.0383
  0.0376  0.0376  0.0375  0.0387  0.0379  0.0384  0.0375  0.0376  0.0374  0.0381  0.0373  0.0376
  0.0372  0.0372  0.0372  0.0372  0.0372  0.0372  0.0372  0.0372  0.0372  0.0372  0.0372  0.0372
  0.0376  0.0375  0.0373  0.0370  0.0373  0.0369  0.0376  0.0378  0.0374  0.0375  0.0374  0.0374
  0.0387  0.0386  0.0378  0.0389  0.0387  0.0385  0.0385  0.0392  0.0381  0.0391  0.0378  0.0381
  0.0406  0.0403  0.0388  0.0439  0.0416  0.0433  0.0399  0.0410  0.0391  0.0422  0.0383  0.0394
   -0.3672   25.7617   -0.8336   -5.8363  -10.4738   -5.7868
   -1.9007   -1.6548    4.3330   12.0057   -1.2886  -21.0789
eta,q 0.96277 19.03162

---------------------------------------------------------------------
imgreg_4dfp /opt/freesurfer/average/711-2C_as_mni_average_305 /opt/freesurfer/average/711-2B_as_mni_average_305_mask talsrcimg_g11 none talsrcimg_to_711-2C_as_mni_average_305_t4 2311
---------------------------------------------------------------------

freesurfer imgreg_4dfp.c
/opt/freesurfer/average/711-2C_as_mni_average_305.4dfp.img
       256       256       256         1
  1.000000  1.000000  1.000000
orientation T byte_order littleendian
Reading image: /opt/freesurfer/average/711-2C_as_mni_average_305.4dfp.img
dimensions:      256       256       256
mmppix:       1.0000   -1.0000   -1.0000
center:     128.0000 -129.0000 -129.0000
/opt/freesurfer/average/711-2B_as_mni_average_305_mask.4dfp.img
       256       256       256         1
  1.000000  1.000000  1.000000
orientation T byte_order littleendian
Reading mask: /opt/freesurfer/average/711-2B_as_mni_average_305_mask.4dfp.img (2306576 pixels)
talsrcimg_g11.4dfp.img
       320       320       320         1
  0.700000  0.700000  0.700000
orientation T byte_order littleendian
Reading image: talsrcimg_g11.4dfp.img
dimensions:      320       320       320
mmppix:       0.7000   -0.7000   -0.7000
center:     112.0000 -112.7000 -112.7000
fimgreg.f
image alignment mode   2311 decimal      907 hex
parameters
   -0.3672   25.7617   -0.8336   -5.8363  -10.4738   -5.7868
   -1.9007   -1.6548    4.3330   12.0057   -1.2886  -21.0789
eta,q 0.96277 19.03162
niter,ni,del,rscale     5    3    5.0000    0.8000
parameters
   -0.3530   25.7967   -0.7577   -4.4112  -10.3335   -4.5157
   -1.9141   -1.4103    4.4045   11.9614   -1.2371  -21.2168
eta,q 0.96336 19.06139
  0.0388  0.0383  0.0380  0.0400  0.0383  0.0391  0.0380  0.0391  0.0376  0.0385  0.0373  0.0374
  0.0379  0.0377  0.0376  0.0390  0.0376  0.0382  0.0372  0.0377  0.0371  0.0376  0.0369  0.0370
  0.0374  0.0374  0.0373  0.0380  0.0371  0.0374  0.0368  0.0369  0.0368  0.0369  0.0367  0.0367
  0.0372  0.0372  0.0372  0.0372  0.0369  0.0369  0.0366  0.0366  0.0366  0.0366  0.0366  0.0366
  0.0374  0.0373  0.0373  0.0368  0.0369  0.0366  0.0368  0.0369  0.0367  0.0368  0.0367  0.0367
  0.0379  0.0376  0.0375  0.0371  0.0373  0.0367  0.0373  0.0375  0.0371  0.0375  0.0369  0.0370
  0.0387  0.0382  0.0379  0.0382  0.0382  0.0377  0.0380  0.0386  0.0376  0.0387  0.0372  0.0375
niter,ni,del,rscale     4    3    5.0000    0.7000
parameters
   -0.4060   25.5341   -0.9770   -4.4616  -10.2133   -4.3695
   -1.9154   -1.4517    4.4857   12.4872   -1.1403  -21.1912
eta,q 0.96345 19.09653
  0.0379  0.0372  0.0370  0.0385  0.0377  0.0381  0.0376  0.0383  0.0373  0.0383  0.0370  0.0372
  0.0372  0.0368  0.0368  0.0377  0.0371  0.0374  0.0370  0.0373  0.0369  0.0375  0.0368  0.0368
  0.0368  0.0366  0.0366  0.0370  0.0368  0.0369  0.0367  0.0367  0.0367  0.0369  0.0366  0.0366
  0.0366  0.0366  0.0366  0.0366  0.0366  0.0366  0.0366  0.0366  0.0366  0.0366  0.0365  0.0365
  0.0368  0.0369  0.0367  0.0367  0.0367  0.0365  0.0367  0.0368  0.0367  0.0366  0.0366  0.0366
  0.0373  0.0373  0.0370  0.0374  0.0369  0.0369  0.0371  0.0374  0.0369  0.0369  0.0367  0.0368
  0.0382  0.0379  0.0374  0.0389  0.0376  0.0383  0.0376  0.0382  0.0373  0.0377  0.0370  0.0372
niter,ni,del,rscale     3    3    5.0000    0.6000
parameters
   -0.4128   25.4128   -1.1140   -4.3141  -10.2567   -4.1561
   -1.9565   -1.3978    4.5338   12.7624   -1.0421  -21.1655
eta,q 0.96352 19.11266
  0.0375  0.0371  0.0369  0.0381  0.0372  0.0377  0.0372  0.0378  0.0370  0.0377  0.0368  0.0369
  0.0370  0.0368  0.0367  0.0374  0.0368  0.0372  0.0368  0.0370  0.0368  0.0371  0.0366  0.0367
  0.0367  0.0366  0.0366  0.0368  0.0366  0.0368  0.0366  0.0366  0.0366  0.0367  0.0365  0.0365
  0.0365  0.0365  0.0365  0.0365  0.0365  0.0365  0.0365  0.0365  0.0365  0.0365  0.0365  0.0365
  0.0367  0.0367  0.0366  0.0366  0.0366  0.0364  0.0366  0.0366  0.0365  0.0365  0.0365  0.0365
  0.0370  0.0369  0.0368  0.0370  0.0368  0.0367  0.0368  0.0370  0.0367  0.0368  0.0366  0.0367
  0.0376  0.0374  0.0370  0.0380  0.0373  0.0377  0.0373  0.0377  0.0370  0.0374  0.0368  0.0369
niter,ni,del,rscale     2    3    5.0000    0.5000
parameters
   -0.4337   25.3384   -1.2249   -4.1572  -10.3406   -3.9218
   -1.9705   -1.3419    4.5596   12.9810   -0.8905  -21.1881
eta,q 0.96358 19.12263
  0.0372  0.0369  0.0367  0.0376  0.0369  0.0373  0.0370  0.0374  0.0368  0.0373  0.0367  0.0367
  0.0368  0.0366  0.0366  0.0371  0.0367  0.0369  0.0367  0.0368  0.0366  0.0369  0.0365  0.0366
  0.0366  0.0365  0.0365  0.0367  0.0365  0.0367  0.0365  0.0365  0.0365  0.0366  0.0365  0.0365
  0.0365  0.0365  0.0365  0.0365  0.0365  0.0365  0.0364  0.0364  0.0364  0.0364  0.0364  0.0364
  0.0366  0.0366  0.0365  0.0365  0.0365  0.0364  0.0365  0.0365  0.0365  0.0365  0.0364  0.0365
  0.0368  0.0367  0.0366  0.0368  0.0367  0.0366  0.0367  0.0368  0.0366  0.0367  0.0365  0.0366
  0.0372  0.0370  0.0368  0.0375  0.0370  0.0373  0.0370  0.0373  0.0368  0.0371  0.0366  0.0367
niter,ni,del,rscale     1    3    5.0000    0.4000
parameters
   -0.4586   25.2747   -1.3255   -4.0218  -10.4244   -3.6552
   -1.9678   -1.2798    4.5622   13.1808   -0.6975  -21.2126
eta,q 0.96364 19.13064
  0.0369  0.0367  0.0366  0.0372  0.0367  0.0370  0.0367  0.0370  0.0366  0.0369  0.0366  0.0366
  0.0366  0.0365  0.0365  0.0368  0.0365  0.0368  0.0365  0.0366  0.0365  0.0367  0.0364  0.0365
  0.0365  0.0364  0.0364  0.0365  0.0364  0.0366  0.0364  0.0364  0.0364  0.0365  0.0364  0.0364
  0.0364  0.0364  0.0364  0.0364  0.0364  0.0364  0.0364  0.0364  0.0364  0.0364  0.0364  0.0364
  0.0365  0.0365  0.0365  0.0364  0.0365  0.0363  0.0364  0.0364  0.0364  0.0364  0.0364  0.0364
  0.0366  0.0366  0.0365  0.0367  0.0366  0.0365  0.0365  0.0366  0.0365  0.0365  0.0364  0.0365
  0.0369  0.0368  0.0367  0.0371  0.0368  0.0369  0.0367  0.0369  0.0366  0.0368  0.0365  0.0366
registration optimization eta report
parameter search radius
    0.8000    0.8000    0.8000    2.4000    2.4000    2.4000
    2.4000    2.4000    2.4000    2.4000    2.4000    2.4000
100000*second partial in parameter space
       72.       47.       30.       12.        6.       10.
        6.       10.        4.        9.        3.        4.
  0.0369  0.0367  0.0366  0.0372  0.0367  0.0370  0.0367  0.0370  0.0366  0.0369  0.0366  0.0366
  0.0366  0.0365  0.0365  0.0368  0.0365  0.0368  0.0365  0.0366  0.0365  0.0367  0.0364  0.0365
  0.0365  0.0364  0.0364  0.0365  0.0364  0.0366  0.0364  0.0364  0.0364  0.0365  0.0364  0.0364
  0.0364  0.0364  0.0364  0.0364  0.0364  0.0364  0.0364  0.0364  0.0364  0.0364  0.0364  0.0364
  0.0365  0.0365  0.0365  0.0364  0.0365  0.0363  0.0364  0.0364  0.0364  0.0364  0.0364  0.0364
  0.0366  0.0366  0.0365  0.0367  0.0366  0.0365  0.0365  0.0366  0.0365  0.0365  0.0364  0.0365
  0.0369  0.0368  0.0367  0.0371  0.0368  0.0369  0.0367  0.0369  0.0366  0.0368  0.0365  0.0366
   -0.4586   25.2747   -1.3255   -4.0218  -10.4244   -3.6552
   -1.9678   -1.2798    4.5622   13.1808   -0.6975  -21.2126
eta,q 0.96364 19.13064

---------------------------------------------------------------------
imgreg_4dfp /opt/freesurfer/average/711-2C_as_mni_average_305 /opt/freesurfer/average/711-2B_as_mni_average_305_mask talsrcimg_g11 none talsrcimg_to_711-2C_as_mni_average_305_t4 2311
---------------------------------------------------------------------

freesurfer imgreg_4dfp.c
/opt/freesurfer/average/711-2C_as_mni_average_305.4dfp.img
       256       256       256         1
  1.000000  1.000000  1.000000
orientation T byte_order littleendian
Reading image: /opt/freesurfer/average/711-2C_as_mni_average_305.4dfp.img
dimensions:      256       256       256
mmppix:       1.0000   -1.0000   -1.0000
center:     128.0000 -129.0000 -129.0000
/opt/freesurfer/average/711-2B_as_mni_average_305_mask.4dfp.img
       256       256       256         1
  1.000000  1.000000  1.000000
orientation T byte_order littleendian
Reading mask: /opt/freesurfer/average/711-2B_as_mni_average_305_mask.4dfp.img (2306576 pixels)
talsrcimg_g11.4dfp.img
       320       320       320         1
  0.700000  0.700000  0.700000
orientation T byte_order littleendian
Reading image: talsrcimg_g11.4dfp.img
dimensions:      320       320       320
mmppix:       0.7000   -0.7000   -0.7000
center:     112.0000 -112.7000 -112.7000
fimgreg.f
image alignment mode   2311 decimal      907 hex
parameters
   -0.4586   25.2747   -1.3255   -4.0218  -10.4244   -3.6552
   -1.9678   -1.2798    4.5622   13.1808   -0.6975  -21.2126
eta,q 0.96364 19.13064
niter,ni,del,rscale     5    3    5.0000    0.8000
parameters
   -0.5044   25.2062   -1.3743   -4.4834  -10.4851   -4.4130
   -1.9038   -1.4265    4.5308   13.2314   -0.8082  -21.0920
eta,q 0.96345 19.12910
  0.0381  0.0375  0.0372  0.0385  0.0378  0.0381  0.0379  0.0386  0.0375  0.0383  0.0371  0.0373
  0.0371  0.0368  0.0367  0.0375  0.0370  0.0373  0.0372  0.0373  0.0370  0.0374  0.0368  0.0369
  0.0365  0.0365  0.0364  0.0367  0.0366  0.0368  0.0367  0.0367  0.0367  0.0368  0.0366  0.0367
  0.0364  0.0364  0.0364  0.0364  0.0364  0.0364  0.0366  0.0366  0.0366  0.0366  0.0366  0.0365
  0.0366  0.0365  0.0365  0.0366  0.0366  0.0365  0.0367  0.0369  0.0367  0.0367  0.0366  0.0366
  0.0372  0.0370  0.0368  0.0378  0.0370  0.0380  0.0371  0.0376  0.0370  0.0373  0.0368  0.0368
  0.0383  0.0377  0.0373  0.0401  0.0379  0.0406  0.0378  0.0387  0.0375  0.0384  0.0371  0.0373
niter,ni,del,rscale     4    3    5.0000    0.7000
parameters
   -0.4503   25.3805   -1.3100   -4.3285  -10.4450   -4.4516
   -1.9601   -1.4037    4.4932   13.0223   -0.9832  -21.0748
eta,q 0.96348 19.11218
  0.0380  0.0376  0.0371  0.0385  0.0376  0.0380  0.0375  0.0382  0.0372  0.0378  0.0369  0.0371
  0.0372  0.0371  0.0368  0.0377  0.0370  0.0373  0.0369  0.0372  0.0368  0.0371  0.0367  0.0368
  0.0367  0.0367  0.0366  0.0369  0.0366  0.0368  0.0366  0.0367  0.0366  0.0367  0.0365  0.0366
  0.0365  0.0365  0.0365  0.0365  0.0365  0.0365  0.0365  0.0365  0.0365  0.0365  0.0365  0.0365
  0.0366  0.0366  0.0366  0.0366  0.0366  0.0364  0.0366  0.0367  0.0366  0.0367  0.0366  0.0366
  0.0371  0.0368  0.0367  0.0372  0.0369  0.0369  0.0370  0.0373  0.0368  0.0372  0.0367  0.0368
  0.0378  0.0372  0.0370  0.0385  0.0376  0.0385  0.0376  0.0381  0.0372  0.0382  0.0370  0.0371
niter,ni,del,rscale     3    3    5.0000    0.6000
parameters
   -0.4357   25.4011   -1.2685   -4.2155  -10.3979   -4.1809
   -1.9554   -1.3497    4.5044   12.9414   -0.9724  -21.1204
eta,q 0.96354 19.11286
  0.0375  0.0372  0.0369  0.0380  0.0373  0.0377  0.0372  0.0378  0.0370  0.0375  0.0368  0.0369
  0.0370  0.0368  0.0367  0.0374  0.0369  0.0372  0.0368  0.0370  0.0367  0.0369  0.0366  0.0367
  0.0366  0.0366  0.0366  0.0368  0.0366  0.0368  0.0365  0.0366  0.0365  0.0366  0.0365  0.0365
  0.0365  0.0365  0.0365  0.0365  0.0365  0.0365  0.0365  0.0365  0.0365  0.0365  0.0365  0.0365
  0.0366  0.0366  0.0365  0.0366  0.0366  0.0364  0.0365  0.0366  0.0365  0.0366  0.0365  0.0365
  0.0369  0.0368  0.0367  0.0370  0.0368  0.0366  0.0368  0.0370  0.0367  0.0370  0.0366  0.0367
  0.0375  0.0371  0.0369  0.0380  0.0373  0.0376  0.0372  0.0376  0.0370  0.0376  0.0368  0.0369
niter,ni,del,rscale     2    3    5.0000    0.5000
parameters
   -0.4467   25.3463   -1.2814   -4.1102  -10.4065   -3.9316
   -1.9586   -1.3157    4.5457   13.0319   -0.8431  -21.1718
eta,q 0.96359 19.12086
  0.0372  0.0369  0.0367  0.0376  0.0370  0.0373  0.0370  0.0373  0.0368  0.0372  0.0367  0.0367
  0.0368  0.0366  0.0366  0.0371  0.0367  0.0369  0.0367  0.0368  0.0366  0.0368  0.0365  0.0366
  0.0365  0.0365  0.0365  0.0367  0.0365  0.0367  0.0365  0.0365  0.0365  0.0365  0.0364  0.0364
  0.0365  0.0365  0.0365  0.0365  0.0365  0.0365  0.0364  0.0364  0.0364  0.0364  0.0364  0.0364
  0.0365  0.0365  0.0365  0.0365  0.0365  0.0364  0.0365  0.0365  0.0365  0.0365  0.0364  0.0364
  0.0368  0.0367  0.0366  0.0368  0.0367  0.0365  0.0367  0.0368  0.0366  0.0367  0.0365  0.0366
  0.0372  0.0370  0.0368  0.0375  0.0370  0.0372  0.0370  0.0373  0.0368  0.0372  0.0366  0.0367
niter,ni,del,rscale     1    3    5.0000    0.4000
parameters
   -0.4648   25.2813   -1.3444   -3.9964  -10.4744   -3.6486
   -1.9739   -1.2742    4.5592   13.2148   -0.6354  -21.2284
eta,q 0.96364 19.12921
  0.0369  0.0367  0.0366  0.0372  0.0367  0.0370  0.0367  0.0370  0.0366  0.0369  0.0365  0.0366
  0.0366  0.0365  0.0365  0.0368  0.0365  0.0368  0.0365  0.0366  0.0365  0.0366  0.0364  0.0364
  0.0365  0.0364  0.0364  0.0365  0.0364  0.0366  0.0364  0.0364  0.0364  0.0365  0.0364  0.0364
  0.0364  0.0364  0.0364  0.0364  0.0364  0.0364  0.0364  0.0364  0.0364  0.0364  0.0364  0.0364
  0.0365  0.0365  0.0364  0.0364  0.0364  0.0363  0.0364  0.0364  0.0364  0.0364  0.0364  0.0364
  0.0366  0.0366  0.0365  0.0367  0.0366  0.0364  0.0365  0.0366  0.0365  0.0365  0.0364  0.0365
  0.0369  0.0368  0.0366  0.0371  0.0368  0.0369  0.0367  0.0369  0.0366  0.0368  0.0365  0.0366
registration optimization eta report
parameter search radius
    0.8000    0.8000    0.8000    2.4000    2.4000    2.4000
    2.4000    2.4000    2.4000    2.4000    2.4000    2.4000
100000*second partial in parameter space
       72.       47.       30.       13.        6.       10.
        6.       10.        4.        9.        3.        4.
  0.0369  0.0367  0.0366  0.0372  0.0367  0.0370  0.0367  0.0370  0.0366  0.0369  0.0365  0.0366
  0.0366  0.0365  0.0365  0.0368  0.0365  0.0368  0.0365  0.0366  0.0365  0.0366  0.0364  0.0364
  0.0365  0.0364  0.0364  0.0365  0.0364  0.0366  0.0364  0.0364  0.0364  0.0365  0.0364  0.0364
  0.0364  0.0364  0.0364  0.0364  0.0364  0.0364  0.0364  0.0364  0.0364  0.0364  0.0364  0.0364
  0.0365  0.0365  0.0364  0.0364  0.0364  0.0363  0.0364  0.0364  0.0364  0.0364  0.0364  0.0364
  0.0366  0.0366  0.0365  0.0367  0.0366  0.0364  0.0365  0.0366  0.0365  0.0365  0.0364  0.0365
  0.0369  0.0368  0.0366  0.0371  0.0368  0.0369  0.0367  0.0369  0.0366  0.0368  0.0365  0.0366
   -0.4648   25.2813   -1.3444   -3.9964  -10.4744   -3.6486
   -1.9739   -1.2742    4.5592   13.2148   -0.6354  -21.2284
eta,q 0.96364 19.12921

---------------------------------------------------------------------
compute_vox2vox talsrcimg talsrcimg_to_711-2C_as_mni_average_305_t4 /opt/freesurfer/average/711-2C_as_mni_average_305
---------------------------------------------------------------------

freesurfer compute_vox2vox.c
Reading: talsrcimg.4dfp.ifh
Reading: talsrcimg_to_711-2C_as_mni_average_305_t4
Reading: /opt/freesurfer/average/711-2C_as_mni_average_305.4dfp.ifh
Writing: talsrcimg_to_711-2C_as_mni_average_305_t4_vox2vox.txt

start time Fri Mar 13 07:57:01 CET 2026
end		time Fri Mar 13 07:58:23 CET 2026

mpr2mni305 success

avi2talxfm orig_nu.mgz /opt/freesurfer/average/mni305.cor.mgz talsrcimg_to_711-2C_as_mni_average_305_t4_vox2vox.txt transforms/talairach.auto.xfm
avi2talxfm done
mv -f /out/sourcedata/freesurfer/sub-v2s5x29566_ses-1/mri/talsrcimg_to_711-2C_as_mni_average_305_t4_vox2vox.txt /out/sourcedata/freesurfer/sub-v2s5x29566_ses-1/mri/transforms/talsrcimg_to_711-2C_as_mni_average_305_t4_vox2vox.txt
lta_convert --src orig_nu.mgz --trg /opt/freesurfer/average/mni305.cor.mgz --inxfm transforms/talairach.auto.xfm --outlta transforms/talairach.auto.xfm.lta --subject fsaverage
7.3.2

--src: orig_nu.mgz src image (geometry).
--trg: /opt/freesurfer/average/mni305.cor.mgz trg image (geometry).
--inmni: transforms/talairach.auto.xfm input MNI/XFM transform.
--outlta: transforms/talairach.auto.xfm.lta output LTA.
--s: fsaverage subject name
 LTA read, type : 1
 1.04049   0.01028   0.02538   0.93549;
-0.00466   1.00513   0.23823  -29.83876;
-0.05230  -0.14889   1.08054  -9.06753;
 0.00000   0.00000   0.00000   1.00000;
setting subject to fsaverage
Writing  LTA to file transforms/talairach.auto.xfm.lta...
lta_convert successful.
 
 
Started at Fri Mar 13 07:57:00 CET 2026
Ended   at Fri Mar 13 07:58:23 CET 2026
talairach_avi done
