status file for recon-all
Fri Mar 13 10:55:34 CET 2026
#@# Tessellate rh Fri Mar 13 10:55:34 CET 2026
#@# Smooth1 rh Fri Mar 13 10:55:39 CET 2026
#@# Inflation1 rh Fri Mar 13 10:55:44 CET 2026
#@# QSphere rh Fri Mar 13 10:57:47 CET 2026
#@# Fix Topology rh Fri Mar 13 10:59:15 CET 2026
#@# Smooth2 rh Fri Mar 13 11:09:54 CET 2026
#@# Inflation2 rh Fri Mar 13 11:10:00 CET 2026
#@# Curv .H and .K rh Fri Mar 13 11:10:29 CET 2026
#@# Sphere rh Fri Mar 13 11:12:09 CET 2026
#@# Surf Reg rh Fri Mar 13 11:17:55 CET 2026
#@# Jacobian white rh Fri Mar 13 11:25:48 CET 2026
#@# AvgCurv rh Fri Mar 13 11:25:49 CET 2026
#@# Cortical Parc rh Fri Mar 13 11:25:50 CET 2026
#@# white curv rh Fri Mar 13 11:36:14 CET 2026
#@# white area rh Fri Mar 13 11:36:17 CET 2026
#@# pial curv rh Fri Mar 13 11:36:18 CET 2026
#@# pial area rh Fri Mar 13 11:36:22 CET 2026
#@# thickness rh Fri Mar 13 11:36:23 CET 2026
#@# area and vertex vol rh Fri Mar 13 11:37:25 CET 2026
#@# Curvature Stats rh Fri Mar 13 11:37:28 CET 2026
#@# Cortical Parc 2 rh Fri Mar 13 11:37:32 CET 2026
#@# Cortical Parc 3 rh Fri Mar 13 11:37:59 CET 2026
#@# WM/GM Contrast rh Fri Mar 13 11:38:18 CET 2026
recon-all -s sub-v2s5x29557_ses-1 finished without error at Fri Mar 13 11:38:23 CET 2026



#New# invocation of recon-all 



status file for recon-all
Fri Mar 13 12:08:45 CET 2026
#@# white curv rh Fri Mar 13 12:08:45 CET 2026
#@# white area rh Fri Mar 13 12:08:45 CET 2026
#@# pial curv rh Fri Mar 13 12:08:45 CET 2026
#@# pial area rh Fri Mar 13 12:08:45 CET 2026
#@# thickness rh Fri Mar 13 12:08:45 CET 2026
#@# area and vertex vol rh Fri Mar 13 12:08:45 CET 2026
#@# Parcellation Stats rh Fri Mar 13 12:08:45 CET 2026
#@# Parcellation Stats 2 rh Fri Mar 13 12:10:05 CET 2026
#@# Parcellation Stats 3 rh Fri Mar 13 12:10:46 CET 2026
#@# BA_exvivo Labels rh Fri Mar 13 12:11:26 CET 2026
recon-all -s sub-v2s5x29557_ses-1 finished without error at Fri Mar 13 12:16:07 CET 2026
