status file for recon-all
Fri Mar 13 07:30:56 CET 2026
#@# MotionCor Fri Mar 13 07:31:00 CET 2026
#@# Talairach Fri Mar 13 07:31:11 CET 2026
#@# Talairach Failure Detection Fri Mar 13 07:36:35 CET 2026
#@# Nu Intensity Correction Fri Mar 13 07:36:35 CET 2026
#@# Intensity Normalization Fri Mar 13 07:41:58 CET 2026
recon-all -s sub-v2s5x29557_ses-1 finished without error at Fri Mar 13 07:46:57 CET 2026



#New# invocation of recon-all 



status file for recon-all
Fri Mar 13 07:54:56 CET 2026
#@# EM Registration Fri Mar 13 07:54:56 CET 2026
recon-all -s sub-v2s5x29557_ses-1 finished without error at Fri Mar 13 07:56:42 CET 2026



#New# invocation of recon-all 



status file for recon-all
Fri Mar 13 07:56:44 CET 2026
#@# CA Normalize Fri Mar 13 07:56:44 CET 2026
#@# CA Reg Fri Mar 13 07:58:05 CET 2026
#@# SubCort Seg Fri Mar 13 08:31:38 CET 2026
#@# CC Seg Fri Mar 13 09:58:59 CET 2026
#@# Merge ASeg Fri Mar 13 09:59:55 CET 2026
#@# Intensity Normalization2 Fri Mar 13 09:59:55 CET 2026
#@# Mask BFS Fri Mar 13 10:04:29 CET 2026
#@# WM Segmentation Fri Mar 13 10:04:30 CET 2026
#@# Fill Fri Mar 13 10:09:57 CET 2026
recon-all -s sub-v2s5x29557_ses-1 finished without error at Fri Mar 13 10:11:18 CET 2026



#New# invocation of recon-all 



status file for recon-all
Fri Mar 13 11:38:27 CET 2026
#@# white curv lh Fri Mar 13 11:38:27 CET 2026
#@# white area lh Fri Mar 13 11:38:27 CET 2026
#@# pial curv lh Fri Mar 13 11:38:27 CET 2026
#@# pial area lh Fri Mar 13 11:38:27 CET 2026
#@# thickness lh Fri Mar 13 11:38:27 CET 2026
#@# area and vertex vol lh Fri Mar 13 11:38:27 CET 2026
#@# white curv rh Fri Mar 13 11:38:27 CET 2026
#@# white area rh Fri Mar 13 11:38:27 CET 2026
#@# pial curv rh Fri Mar 13 11:38:27 CET 2026
#@# pial area rh Fri Mar 13 11:38:27 CET 2026
#@# thickness rh Fri Mar 13 11:38:27 CET 2026
#@# area and vertex vol rh Fri Mar 13 11:38:27 CET 2026
#@# Cortical ribbon mask Fri Mar 13 11:38:27 CET 2026
recon-all -s sub-v2s5x29557_ses-1 finished without error at Fri Mar 13 12:01:10 CET 2026



#New# invocation of recon-all 



status file for recon-all
Fri Mar 13 12:16:11 CET 2026
#@# white curv lh Fri Mar 13 12:16:11 CET 2026
#@# white area lh Fri Mar 13 12:16:11 CET 2026
#@# pial curv lh Fri Mar 13 12:16:11 CET 2026
#@# pial area lh Fri Mar 13 12:16:11 CET 2026
#@# thickness lh Fri Mar 13 12:16:11 CET 2026
#@# area and vertex vol lh Fri Mar 13 12:16:11 CET 2026
#@# white curv rh Fri Mar 13 12:16:11 CET 2026
#@# white area rh Fri Mar 13 12:16:11 CET 2026
#@# pial curv rh Fri Mar 13 12:16:11 CET 2026
#@# pial area rh Fri Mar 13 12:16:11 CET 2026
#@# thickness rh Fri Mar 13 12:16:11 CET 2026
#@# area and vertex vol rh Fri Mar 13 12:16:11 CET 2026
#@# Curvature Stats lh Fri Mar 13 12:16:11 CET 2026
#@# Curvature Stats rh Fri Mar 13 12:16:15 CET 2026
#@# Relabel Hypointensities Fri Mar 13 12:16:20 CET 2026
#@# APas-to-ASeg Fri Mar 13 12:17:01 CET 2026
#@# AParc-to-ASeg aparc Fri Mar 13 12:17:17 CET 2026
#@# AParc-to-ASeg aparc.a2009s Fri Mar 13 12:19:28 CET 2026
#@# AParc-to-ASeg aparc.DKTatlas Fri Mar 13 12:21:32 CET 2026
#@# WMParc Fri Mar 13 12:23:33 CET 2026
#@# ASeg Stats Fri Mar 13 12:27:16 CET 2026
recon-all -s sub-v2s5x29557_ses-1 finished without error at Fri Mar 13 12:27:50 CET 2026
