status file for recon-all
Fri Mar 13 10:11:22 CET 2026
#@# Tessellate lh Fri Mar 13 10:11:22 CET 2026
#@# Smooth1 lh Fri Mar 13 10:11:28 CET 2026
#@# Inflation1 lh Fri Mar 13 10:11:33 CET 2026
#@# QSphere lh Fri Mar 13 10:13:40 CET 2026
#@# Fix Topology lh Fri Mar 13 10:15:09 CET 2026
#@# Smooth2 lh Fri Mar 13 10:26:39 CET 2026
#@# Inflation2 lh Fri Mar 13 10:26:44 CET 2026
#@# Curv .H and .K lh Fri Mar 13 10:27:16 CET 2026
#@# Sphere lh Fri Mar 13 10:28:56 CET 2026
#@# Surf Reg lh Fri Mar 13 10:33:58 CET 2026
#@# Jacobian white lh Fri Mar 13 10:41:45 CET 2026
#@# AvgCurv lh Fri Mar 13 10:41:47 CET 2026
#@# Cortical Parc lh Fri Mar 13 10:41:48 CET 2026
#@# white curv lh Fri Mar 13 10:53:22 CET 2026
#@# white area lh Fri Mar 13 10:53:25 CET 2026
#@# pial curv lh Fri Mar 13 10:53:27 CET 2026
#@# pial area lh Fri Mar 13 10:53:30 CET 2026
#@# thickness lh Fri Mar 13 10:53:31 CET 2026
#@# area and vertex vol lh Fri Mar 13 10:54:36 CET 2026
#@# Curvature Stats lh Fri Mar 13 10:54:38 CET 2026
#@# Cortical Parc 2 lh Fri Mar 13 10:54:43 CET 2026
#@# Cortical Parc 3 lh Fri Mar 13 10:55:06 CET 2026
#@# WM/GM Contrast lh Fri Mar 13 10:55:24 CET 2026
recon-all -s sub-v2s5x29557_ses-1 finished without error at Fri Mar 13 10:55:29 CET 2026



#New# invocation of recon-all 



status file for recon-all
Fri Mar 13 12:01:15 CET 2026
#@# white curv lh Fri Mar 13 12:01:15 CET 2026
#@# white area lh Fri Mar 13 12:01:15 CET 2026
#@# pial curv lh Fri Mar 13 12:01:15 CET 2026
#@# pial area lh Fri Mar 13 12:01:15 CET 2026
#@# thickness lh Fri Mar 13 12:01:15 CET 2026
#@# area and vertex vol lh Fri Mar 13 12:01:15 CET 2026
#@# Parcellation Stats lh Fri Mar 13 12:01:15 CET 2026
#@# Parcellation Stats 2 lh Fri Mar 13 12:02:35 CET 2026
#@# Parcellation Stats 3 lh Fri Mar 13 12:03:18 CET 2026
#@# BA_exvivo Labels lh Fri Mar 13 12:03:59 CET 2026
recon-all -s sub-v2s5x29557_ses-1 finished without error at Fri Mar 13 12:08:42 CET 2026
