status file for recon-all
Fri Mar 13 09:52:09 CET 2026
#@# Tessellate lh Fri Mar 13 09:52:09 CET 2026
#@# Smooth1 lh Fri Mar 13 09:52:17 CET 2026
#@# Inflation1 lh Fri Mar 13 09:52:23 CET 2026
#@# QSphere lh Fri Mar 13 09:54:50 CET 2026
#@# Fix Topology lh Fri Mar 13 09:56:37 CET 2026
#@# Smooth2 lh Fri Mar 13 10:06:32 CET 2026
#@# Inflation2 lh Fri Mar 13 10:06:38 CET 2026
#@# Curv .H and .K lh Fri Mar 13 10:07:16 CET 2026
#@# Sphere lh Fri Mar 13 10:08:56 CET 2026
#@# Surf Reg lh Fri Mar 13 10:15:35 CET 2026
#@# Jacobian white lh Fri Mar 13 10:28:36 CET 2026
#@# AvgCurv lh Fri Mar 13 10:28:37 CET 2026
#@# Cortical Parc lh Fri Mar 13 10:28:39 CET 2026
#@# white curv lh Fri Mar 13 10:39:39 CET 2026
#@# white area lh Fri Mar 13 10:39:43 CET 2026
#@# pial curv lh Fri Mar 13 10:39:44 CET 2026
#@# pial area lh Fri Mar 13 10:39:47 CET 2026
#@# thickness lh Fri Mar 13 10:39:49 CET 2026
#@# area and vertex vol lh Fri Mar 13 10:40:52 CET 2026
#@# Curvature Stats lh Fri Mar 13 10:40:55 CET 2026
#@# Cortical Parc 2 lh Fri Mar 13 10:41:02 CET 2026
#@# Cortical Parc 3 lh Fri Mar 13 10:41:30 CET 2026
#@# WM/GM Contrast lh Fri Mar 13 10:41:51 CET 2026
recon-all -s sub-v2s5x29544_ses-1 finished without error at Fri Mar 13 10:42:01 CET 2026



#New# invocation of recon-all 



status file for recon-all
Fri Mar 13 12:07:56 CET 2026
#@# white curv lh Fri Mar 13 12:07:56 CET 2026
#@# white area lh Fri Mar 13 12:07:56 CET 2026
#@# pial curv lh Fri Mar 13 12:07:56 CET 2026
#@# pial area lh Fri Mar 13 12:07:56 CET 2026
#@# thickness lh Fri Mar 13 12:07:56 CET 2026
#@# area and vertex vol lh Fri Mar 13 12:07:56 CET 2026
#@# Parcellation Stats lh Fri Mar 13 12:07:56 CET 2026
#@# Parcellation Stats 2 lh Fri Mar 13 12:09:00 CET 2026
#@# Parcellation Stats 3 lh Fri Mar 13 12:09:33 CET 2026
#@# BA_exvivo Labels lh Fri Mar 13 12:10:06 CET 2026
recon-all -s sub-v2s5x29544_ses-1 finished without error at Fri Mar 13 12:15:11 CET 2026
