status file for recon-all
Fri Mar 13 06:49:01 CET 2026
#@# MotionCor Fri Mar 13 06:49:06 CET 2026
#@# Talairach Fri Mar 13 06:49:25 CET 2026
#@# Talairach Failure Detection Fri Mar 13 06:56:29 CET 2026
#@# Nu Intensity Correction Fri Mar 13 06:56:29 CET 2026
#@# Intensity Normalization Fri Mar 13 07:02:49 CET 2026
recon-all -s sub-v2s5x29544_ses-1 finished without error at Fri Mar 13 07:07:37 CET 2026



#New# invocation of recon-all 



status file for recon-all
Fri Mar 13 07:18:09 CET 2026
#@# EM Registration Fri Mar 13 07:18:09 CET 2026
recon-all -s sub-v2s5x29544_ses-1 finished without error at Fri Mar 13 07:19:59 CET 2026



#New# invocation of recon-all 



status file for recon-all
Fri Mar 13 07:20:01 CET 2026
#@# CA Normalize Fri Mar 13 07:20:01 CET 2026
#@# CA Reg Fri Mar 13 07:21:56 CET 2026
#@# SubCort Seg Fri Mar 13 08:14:36 CET 2026
#@# CC Seg Fri Mar 13 09:37:25 CET 2026
#@# Merge ASeg Fri Mar 13 09:38:54 CET 2026
#@# Intensity Normalization2 Fri Mar 13 09:38:54 CET 2026
#@# Mask BFS Fri Mar 13 09:44:30 CET 2026
#@# WM Segmentation Fri Mar 13 09:44:32 CET 2026
#@# Fill Fri Mar 13 09:50:15 CET 2026
recon-all -s sub-v2s5x29544_ses-1 finished without error at Fri Mar 13 09:52:05 CET 2026



#New# invocation of recon-all 



status file for recon-all
Fri Mar 13 11:29:29 CET 2026
#@# white curv lh Fri Mar 13 11:29:29 CET 2026
#@# white area lh Fri Mar 13 11:29:29 CET 2026
#@# pial curv lh Fri Mar 13 11:29:29 CET 2026
#@# pial area lh Fri Mar 13 11:29:29 CET 2026
#@# thickness lh Fri Mar 13 11:29:29 CET 2026
#@# area and vertex vol lh Fri Mar 13 11:29:29 CET 2026
#@# white curv rh Fri Mar 13 11:29:29 CET 2026
#@# white area rh Fri Mar 13 11:29:29 CET 2026
#@# pial curv rh Fri Mar 13 11:29:29 CET 2026
#@# pial area rh Fri Mar 13 11:29:29 CET 2026
#@# thickness rh Fri Mar 13 11:29:29 CET 2026
#@# area and vertex vol rh Fri Mar 13 11:29:29 CET 2026
#@# Cortical ribbon mask Fri Mar 13 11:29:29 CET 2026
recon-all -s sub-v2s5x29544_ses-1 finished without error at Fri Mar 13 12:07:50 CET 2026



#New# invocation of recon-all 



status file for recon-all
Fri Mar 13 12:22:42 CET 2026
#@# white curv lh Fri Mar 13 12:22:42 CET 2026
#@# white area lh Fri Mar 13 12:22:42 CET 2026
#@# pial curv lh Fri Mar 13 12:22:42 CET 2026
#@# pial area lh Fri Mar 13 12:22:42 CET 2026
#@# thickness lh Fri Mar 13 12:22:42 CET 2026
#@# area and vertex vol lh Fri Mar 13 12:22:42 CET 2026
#@# white curv rh Fri Mar 13 12:22:42 CET 2026
#@# white area rh Fri Mar 13 12:22:42 CET 2026
#@# pial curv rh Fri Mar 13 12:22:42 CET 2026
#@# pial area rh Fri Mar 13 12:22:42 CET 2026
#@# thickness rh Fri Mar 13 12:22:42 CET 2026
#@# area and vertex vol rh Fri Mar 13 12:22:42 CET 2026
#@# Curvature Stats lh Fri Mar 13 12:22:42 CET 2026
#@# Curvature Stats rh Fri Mar 13 12:22:48 CET 2026
#@# Relabel Hypointensities Fri Mar 13 12:22:53 CET 2026
#@# APas-to-ASeg Fri Mar 13 12:23:35 CET 2026
#@# AParc-to-ASeg aparc Fri Mar 13 12:23:52 CET 2026
#@# AParc-to-ASeg aparc.a2009s Fri Mar 13 12:26:37 CET 2026
#@# AParc-to-ASeg aparc.DKTatlas Fri Mar 13 12:29:11 CET 2026
#@# WMParc Fri Mar 13 12:32:00 CET 2026
#@# ASeg Stats Fri Mar 13 12:39:24 CET 2026
recon-all -s sub-v2s5x29544_ses-1 finished without error at Fri Mar 13 12:40:25 CET 2026
