/out/sourcedata/freesurfer/sub-v2s5x29544_ses-1/mri
/opt/freesurfer/bin/talairach_avi
--i orig_nu.mgz --xfm transforms/talairach.auto.xfm
talairach_avi 7.3.2
Linux dna026 5.14.0-427.37.1.el9_4.x86_64 #1 SMP PREEMPT_DYNAMIC Fri Sep 13 12:41:50 EDT 2024 x86_64 x86_64 x86_64 GNU/Linux
Fri Mar 13 06:55:02 CET 2026
mri_convert orig_nu.mgz talsrcimg.img 
reading from orig_nu.mgz...
TR=0.00, TE=0.00, TI=0.00, flip angle=0.00
i_ras = (-1, 0, 0)
j_ras = (0, 0, -1)
k_ras = (0, 1, 0)
writing to talsrcimg.img...
Analyze Output Matrix
-0.70000   0.00000   0.00000   115.95750;
 0.00000   0.00000   0.70000  -95.68400;
 0.00000  -0.70000   0.00000   79.93430;
 0.00000   0.00000   0.00000   1.00000;
--------------------
INFO: set hdr.hist.orient to -1
mpr2mni305 talsrcimg
Fri Mar 13 06:55:03 CET 2026
/opt/freesurfer/bin/mpr2mni305 talsrcimg
mpr2mni305 7.3.2
target=711-2C_as_mni_average_305

---------------------------------------------------------------------
analyzeto4dfp talsrcimg -O0 -y
---------------------------------------------------------------------

freesurfer ifh2hdr.c
Fri Mar 13 06:55:03 2026
Writing: talsrcimg.4dfp.hdr
freesurfer analyzeto4dfp.c
Reading: talsrcimg.hdr
header size 348 bytes
hdr.dime.datatype	offset=70	value=2
hdr.dime.bitpix		offset=72	value=8
hdr.hist.orient		offset=252	value=-1
dimensionality     4
dimensions       320       320       320         1
Reading: talsrcimg.img
Writing: talsrcimg.4dfp.img
Writing: talsrcimg.4dfp.ifh
ifh2hdr talsrcimg -r0to225
ori=2

---------------------------------------------------------------------
gauss_4dfp talsrcimg 1.1
---------------------------------------------------------------------

freesurfer gauss_4dfp.c
Reading: talsrcimg.4dfp.img
Writing: talsrcimg_g11.4dfp.img
image dimensions 320 320 320 padded to 384 384 384
processing volume 1freesurfer ifh2hdr.c
Fri Mar 13 06:55:19 2026
Writing: talsrcimg_g11.4dfp.hdr

Writing: talsrcimg_g11.4dfp.ifh
including: talsrcimg.4dfp.img.rec in talsrcimg_g11.4dfp.img.rec

---------------------------------------------------------------------
imgreg_4dfp /opt/freesurfer/average/711-2C_as_mni_average_305 none talsrcimg_g11 none talsrcimg_to_711-2C_as_mni_average_305_t4 4355
---------------------------------------------------------------------

freesurfer imgreg_4dfp.c
/opt/freesurfer/average/711-2C_as_mni_average_305.4dfp.img
       256       256       256         1
  1.000000  1.000000  1.000000
orientation T byte_order littleendian
Reading image: /opt/freesurfer/average/711-2C_as_mni_average_305.4dfp.img
dimensions:      256       256       256
mmppix:       1.0000   -1.0000   -1.0000
center:     128.0000 -129.0000 -129.0000
talsrcimg_g11.4dfp.img
       320       320       320         1
  0.700000  0.700000  0.700000
orientation T byte_order littleendian
Reading image: talsrcimg_g11.4dfp.img
dimensions:      320       320       320
mmppix:       0.7000   -0.7000   -0.7000
center:     112.0000 -112.7000 -112.7000
t4_read: open error in t4_sub.f l:  41 t4_file(1:l)talsrcimg_to_711-2C_as_mni_average_305_t4 
t4_read: transform initialized to I4
rotation matrix determinant  1.000000
image alignment mode   4355 decimal     1103 hex
   -7.5000  -45.0000  -45.0000 4199.1616   22.9646
    0.0000  -45.0000  -45.0000 4373.5493   22.9566
    7.5000  -45.0000  -45.0000 4234.2173   22.9323
   -7.5000  -37.5000  -45.0000 4535.5742   23.1867
    0.0000  -37.5000  -45.0000 4726.4380   23.1857
    7.5000  -37.5000  -45.0000 4572.8984   23.1666
   -7.5000  -30.0000  -45.0000 4936.3354   23.0200
    0.0000  -30.0000  -45.0000 5157.8931   23.0132
    7.5000  -30.0000  -45.0000 4964.6758   22.9711
   -7.5000  -22.5000  -45.0000 5201.7817   22.4200
    0.0000  -22.5000  -45.0000 5457.5767   22.4138
    7.5000  -22.5000  -45.0000 5216.4434   22.3610
   -7.5000  -15.0000  -45.0000 5669.0732   21.9783
    0.0000  -15.0000  -45.0000 5954.3750   21.9736
    7.5000  -15.0000  -45.0000 5682.1562   21.9284
   -7.5000   -7.5000  -45.0000 6150.7788   21.7216
    0.0000   -7.5000  -45.0000 6476.5864   21.7197
    7.5000   -7.5000  -45.0000 6156.3213   21.6951
   -7.5000    0.0000  -45.0000 6668.5693   21.6490
    0.0000    0.0000  -45.0000 7017.7539   21.6499
    7.5000    0.0000  -45.0000 6653.5371   21.6403
   -7.5000    7.5000  -45.0000 6624.9136   21.6243
    0.0000    7.5000  -45.0000 6976.0957   21.6238
    7.5000    7.5000  -45.0000 6589.6938   21.6103
   -7.5000   15.0000  -45.0000 6514.5830   21.3489
    0.0000   15.0000  -45.0000 6872.8472   21.3450
    7.5000   15.0000  -45.0000 6471.0024   21.3126
   -7.5000   22.5000  -45.0000 6320.0947   20.8233
    0.0000   22.5000  -45.0000 6672.1338   20.8185
    7.5000   22.5000  -45.0000 6268.9062   20.7717
   -7.5000   30.0000  -45.0000 6252.9922   20.8384
    0.0000   30.0000  -45.0000 6603.8931   20.8339
    7.5000   30.0000  -45.0000 6193.9370   20.7912
   -7.5000   37.5000  -45.0000 5903.4258   20.1535
    0.0000   37.5000  -45.0000 6255.1797   20.1516
    7.5000   37.5000  -45.0000 5854.3872   20.1287
   -7.5000   45.0000  -45.0000 5544.7998   19.3788
    0.0000   45.0000  -45.0000 5894.2983   19.3796
    7.5000   45.0000  -45.0000 5501.3096   19.3710
   -7.5000  -45.0000  -37.5000 4402.5630   23.8847
    0.0000  -45.0000  -37.5000 4599.1528   23.8696
    7.5000  -45.0000  -37.5000 4443.0190   23.8287
   -7.5000  -37.5000  -37.5000 4764.5142   24.0976
    0.0000  -37.5000  -37.5000 4994.8506   24.0923
    7.5000  -37.5000  -37.5000 4808.7529   24.0567
   -7.5000  -30.0000  -37.5000 5205.9634   23.8776
    0.0000  -30.0000  -37.5000 5475.8945   23.8686
    7.5000  -30.0000  -37.5000 5240.9585   23.8146
   -7.5000  -22.5000  -37.5000 5495.2847   23.2465
    0.0000  -22.5000  -37.5000 5797.7788   23.2395
    7.5000  -22.5000  -37.5000 5523.9360   23.1812
   -7.5000  -15.0000  -37.5000 5995.1338   22.7984
    0.0000  -15.0000  -37.5000 6328.4390   22.7933
    7.5000  -15.0000  -37.5000 6013.8174   22.7445
   -7.5000   -7.5000  -37.5000 6521.7271   22.5527
    0.0000   -7.5000  -37.5000 6880.8730   22.5493
    7.5000   -7.5000  -37.5000 6524.4180   22.5175
   -7.5000    0.0000  -37.5000 7069.5332   22.4933
    0.0000    0.0000  -37.5000 7446.9746   22.4902
    7.5000    0.0000  -37.5000 7044.3091   22.4680
   -7.5000    7.5000  -37.5000 7031.8789   22.4659
    0.0000    7.5000  -37.5000 7403.1855   22.4610
    7.5000    7.5000  -37.5000 6988.3354   22.4328
   -7.5000   15.0000  -37.5000 6915.9570   22.1640
    0.0000   15.0000  -37.5000 7296.3569   22.1581
    7.5000   15.0000  -37.5000 6862.2051   22.1150
   -7.5000   22.5000  -37.5000 6713.0972   21.6154
    0.0000   22.5000  -37.5000 7081.2339   21.6101
    7.5000   22.5000  -37.5000 6650.1011   21.5585
   -7.5000   30.0000  -37.5000 6630.0752   21.6334
    0.0000   30.0000  -37.5000 7014.5400   21.6285
    7.5000   30.0000  -37.5000 6564.8271   21.5824
   -7.5000   37.5000  -37.5000 6281.4810   20.9414
    0.0000   37.5000  -37.5000 6670.9321   20.9380
    7.5000   37.5000  -37.5000 6210.5586   20.9084
   -7.5000   45.0000  -37.5000 5921.3125   20.1347
    0.0000   45.0000  -37.5000 6305.7622   20.1319
    7.5000   45.0000  -37.5000 5850.4478   20.1120
   -7.5000  -45.0000  -30.0000 4557.2080   24.5759
    0.0000  -45.0000  -30.0000 4789.0527   24.5439
    7.5000  -45.0000  -30.0000 4612.6719   24.5050
   -7.5000  -37.5000  -30.0000 4968.8525   24.8310
    0.0000  -37.5000  -30.0000 5250.7827   24.8129
    7.5000  -37.5000  -30.0000 5025.2480   24.7787
   -7.5000  -30.0000  -30.0000 5464.0679   24.5901
    0.0000  -30.0000  -30.0000 5792.9761   24.5704
    7.5000  -30.0000  -30.0000 5509.2612   24.5164
   -7.5000  -22.5000  -30.0000 5800.2754   23.9531
    0.0000  -22.5000  -30.0000 6143.7734   23.9328
    7.5000  -22.5000  -30.0000 5830.6675   23.8739
   -7.5000  -15.0000  -30.0000 6338.4341   23.4987
    0.0000  -15.0000  -30.0000 6713.2061   23.4787
    7.5000  -15.0000  -30.0000 6365.3677   23.4295
   -7.5000   -7.5000  -30.0000 6891.8726   23.2469
    0.0000   -7.5000  -30.0000 7269.8247   23.2288
    7.5000   -7.5000  -30.0000 6898.7852   23.1976
   -7.5000    0.0000  -30.0000 7456.0205   23.1854
    0.0000    0.0000  -30.0000 7850.6860   23.1687
    7.5000    0.0000  -30.0000 7428.6836   23.1474
   -7.5000    7.5000  -30.0000 7403.7900   23.1583
    0.0000    7.5000  -30.0000 7803.8101   23.1427
    7.5000    7.5000  -30.0000 7365.1914   23.1149
   -7.5000   15.0000  -30.0000 7290.8462   22.8526
    0.0000   15.0000  -30.0000 7687.9492   22.8369
    7.5000   15.0000  -30.0000 7230.7886   22.7935
   -7.5000   22.5000  -30.0000 7108.7632   22.3017
    0.0000   22.5000  -30.0000 7502.0107   22.2843
    7.5000   22.5000  -30.0000 7027.8057   22.2319
   -7.5000   30.0000  -30.0000 7051.5557   22.3192
    0.0000   30.0000  -30.0000 7458.6089   22.3002
    7.5000   30.0000  -30.0000 6960.6709   22.2536
   -7.5000   37.5000  -30.0000 6689.4165   21.6193
    0.0000   37.5000  -30.0000 7099.0444   21.6022
    7.5000   37.5000  -30.0000 6592.5273   21.5731
   -7.5000   45.0000  -30.0000 6297.0879   20.7871
    0.0000   45.0000  -30.0000 6699.0454   20.7721
    7.5000   45.0000  -30.0000 6196.2080   20.7530
   -7.5000  -45.0000  -22.5000 4628.3901   24.3240
    0.0000  -45.0000  -22.5000 4887.2070   24.2832
    7.5000  -45.0000  -22.5000 4683.4614   24.2666
   -7.5000  -37.5000  -22.5000 5072.5571   24.6000
    0.0000  -37.5000  -22.5000 5380.6245   24.5762
    7.5000  -37.5000  -22.5000 5124.8472   24.5669
   -7.5000  -30.0000  -22.5000 5604.0952   24.3927
    0.0000  -30.0000  -22.5000 5954.8213   24.3724
    7.5000  -30.0000  -22.5000 5651.1055   24.3402
   -7.5000  -22.5000  -22.5000 5972.8896   23.7803
    0.0000  -22.5000  -22.5000 6335.8408   23.7587
    7.5000  -22.5000  -22.5000 6011.5928   23.7135
   -7.5000  -15.0000  -22.5000 6564.2256   23.3257
    0.0000  -15.0000  -22.5000 6945.1685   23.3004
    7.5000  -15.0000  -22.5000 6590.8413   23.2599
   -7.5000   -7.5000  -22.5000 7137.3130   23.0608
    0.0000   -7.5000  -22.5000 7521.8716   23.0333
    7.5000   -7.5000  -22.5000 7135.6870   23.0126
   -7.5000    0.0000  -22.5000 7695.7944   22.9877
    0.0000    0.0000  -22.5000 8101.1411   22.9621
    7.5000    0.0000  -22.5000 7669.7671   22.9576
   -7.5000    7.5000  -22.5000 7625.4751   22.9660
    0.0000    7.5000  -22.5000 8032.3384   22.9463
    7.5000    7.5000  -22.5000 7579.1128   22.9398
   -7.5000   15.0000  -22.5000 7525.1382   22.6807
    0.0000   15.0000  -22.5000 7926.7549   22.6642
    7.5000   15.0000  -22.5000 7451.0996   22.6397
   -7.5000   22.5000  -22.5000 7370.5044   22.1453
    0.0000   22.5000  -22.5000 7780.4780   22.1262
    7.5000   22.5000  -22.5000 7271.5679   22.0859
   -7.5000   30.0000  -22.5000 7342.4976   22.1571
    0.0000   30.0000  -22.5000 7753.4678   22.1331
    7.5000   30.0000  -22.5000 7214.6567   22.0945
   -7.5000   37.5000  -22.5000 6980.0347   21.4466
    0.0000   37.5000  -22.5000 7376.4634   21.4208
    7.5000   37.5000  -22.5000 6836.1406   21.4013
   -7.5000   45.0000  -22.5000 6546.9780   20.6099
    0.0000   45.0000  -22.5000 6934.0493   20.5870
    7.5000   45.0000  -22.5000 6415.6309   20.5829
   -7.5000  -45.0000  -15.0000 4818.7510   25.2518
    0.0000  -45.0000  -15.0000 5109.6265   25.2179
    7.5000  -45.0000  -15.0000 4876.0786   25.2188
   -7.5000  -37.5000  -15.0000 5277.0771   25.5613
    0.0000  -37.5000  -15.0000 5608.9644   25.5436
    7.5000  -37.5000  -15.0000 5334.8335   25.5553
   -7.5000  -30.0000  -15.0000 5849.8989   25.3367
    0.0000  -30.0000  -15.0000 6216.8599   25.3248
    7.5000  -30.0000  -15.0000 5908.7974   25.3100
   -7.5000  -22.5000  -15.0000 6267.6826   24.7181
    0.0000  -22.5000  -15.0000 6651.9219   24.7062
    7.5000  -22.5000  -15.0000 6326.9326   24.6703
   -7.5000  -15.0000  -15.0000 6938.0229   24.2417
    0.0000  -15.0000  -15.0000 7341.5439   24.2241
    7.5000  -15.0000  -15.0000 6980.8984   24.1890
   -7.5000   -7.5000  -15.0000 7592.0903   23.9503
    0.0000   -7.5000  -15.0000 8013.2871   23.9276
    7.5000   -7.5000  -15.0000 7607.2847   23.9146
   -7.5000    0.0000  -15.0000 8197.1787   23.8604
    0.0000    0.0000  -15.0000 8630.0586   23.8392
    7.5000    0.0000  -15.0000 8184.5776   23.8491
   -7.5000    7.5000  -15.0000 8102.8208   23.8372
    0.0000    7.5000  -15.0000 8500.2471   23.8235
    7.5000    7.5000  -15.0000 8053.7910   23.8361
   -7.5000   15.0000  -15.0000 8022.0479   23.5637
    0.0000   15.0000  -15.0000 8398.6572   23.5547
    7.5000   15.0000  -15.0000 7927.1914   23.5460
   -7.5000   22.5000  -15.0000 7882.6309   23.0370
    0.0000   22.5000  -15.0000 8260.8994   23.0263
    7.5000   22.5000  -15.0000 7739.5103   22.9941
   -7.5000   30.0000  -15.0000 7854.8311   23.0454
    0.0000   30.0000  -15.0000 8227.8135   23.0285
    7.5000   30.0000  -15.0000 7682.8228   22.9948
   -7.5000   37.5000  -15.0000 7438.8682   22.3079
    0.0000   37.5000  -15.0000 7805.7754   22.2864
    7.5000   37.5000  -15.0000 7266.5747   22.2742
   -7.5000   45.0000  -15.0000 6983.4751   21.4441
    0.0000   45.0000  -15.0000 7334.5107   21.4251
    7.5000   45.0000  -15.0000 6832.6035   21.4339
   -7.5000  -45.0000   -7.5000 4971.9814   26.1805
    0.0000  -45.0000   -7.5000 5275.6162   26.1646
    7.5000  -45.0000   -7.5000 5025.6758   26.1642
   -7.5000  -37.5000   -7.5000 5457.4722   26.4939
    0.0000  -37.5000   -7.5000 5794.8008   26.4885
    7.5000  -37.5000   -7.5000 5509.6245   26.4989
   -7.5000  -30.0000   -7.5000 6058.4268   26.2322
    0.0000  -30.0000   -7.5000 6414.9951   26.2278
    7.5000  -30.0000   -7.5000 6110.0420   26.2114
   -7.5000  -22.5000   -7.5000 6515.9014   25.5905
    0.0000  -22.5000   -7.5000 6883.6284   25.5884
    7.5000  -22.5000   -7.5000 6570.4541   25.5511
   -7.5000  -15.0000   -7.5000 7256.1733   25.0977
    0.0000  -15.0000   -7.5000 7655.1011   25.0934
    7.5000  -15.0000   -7.5000 7301.1655   25.0574
   -7.5000   -7.5000   -7.5000 8025.3691   24.7967
    0.0000   -7.5000   -7.5000 8457.8828   24.7893
    7.5000   -7.5000   -7.5000 8041.6299   24.7760
   -7.5000    0.0000   -7.5000 8764.9824   24.7033
    0.0000    0.0000   -7.5000 9240.7539   24.6971
    7.5000    0.0000   -7.5000 8746.5098   24.7067
   -7.5000    7.5000   -7.5000 8676.5234   24.6754
    0.0000    7.5000   -7.5000 9063.0078   24.6721
    7.5000    7.5000   -7.5000 8594.0254   24.6843
   -7.5000   15.0000   -7.5000 8583.8086   24.3971
    0.0000   15.0000   -7.5000 8901.0059   24.3952
    7.5000   15.0000   -7.5000 8426.7549   24.3856
   -7.5000   22.5000   -7.5000 8457.5205   23.8674
    0.0000   22.5000   -7.5000 8721.5283   23.8658
    7.5000   22.5000   -7.5000 8239.0459   23.8325
   -7.5000   30.0000   -7.5000 8449.6621   23.8770
    0.0000   30.0000   -7.5000 8725.5547   23.8726
    7.5000   30.0000   -7.5000 8224.8438   23.8381
   -7.5000   37.5000   -7.5000 8030.3999   23.1314
    0.0000   37.5000   -7.5000 8326.4893   23.1242
    7.5000   37.5000   -7.5000 7815.4224   23.1117
   -7.5000   45.0000   -7.5000 7582.5908   22.2557
    0.0000   45.0000   -7.5000 7911.4385   22.2501
    7.5000   45.0000   -7.5000 7378.9702   22.2588
   -7.5000  -45.0000    0.0000 5086.6045   26.9463
    0.0000  -45.0000    0.0000 5386.8037   26.9396
    7.5000  -45.0000    0.0000 5141.7124   26.9187
   -7.5000  -37.5000    0.0000 5591.6147   27.2446
    0.0000  -37.5000    0.0000 5927.8721   27.2453
    7.5000  -37.5000    0.0000 5653.6357   27.2323
   -7.5000  -30.0000    0.0000 6222.1040   26.9325
    0.0000  -30.0000    0.0000 6586.9116   26.9295
    7.5000  -30.0000    0.0000 6282.9497   26.8929
   -7.5000  -22.5000    0.0000 6699.7773   26.2548
    0.0000  -22.5000    0.0000 7084.6987   26.2553
    7.5000  -22.5000    0.0000 6746.8867   26.2059
   -7.5000  -15.0000    0.0000 7482.7012   25.7547
    0.0000  -15.0000    0.0000 7887.5415   25.7568
    7.5000  -15.0000    0.0000 7508.8975   25.7133
   -7.5000   -7.5000    0.0000 8345.8184   25.4645
    0.0000   -7.5000    0.0000 8794.0791   25.4672
    7.5000   -7.5000    0.0000 8330.0576   25.4447
   -7.5000    0.0000    0.0000 9310.2178   25.3838
    0.0000    0.0000    0.0000 9853.3408   25.3868
    7.5000    0.0000    0.0000 9247.1387   25.3812
   -7.5000    7.5000    0.0000 9480.1133   25.3493
    0.0000    7.5000    0.0000 9950.8877   25.3503
    7.5000    7.5000    0.0000 9295.0117   25.3424
   -7.5000   15.0000    0.0000 9499.5947   25.0475
    0.0000   15.0000    0.0000 9788.4414   25.0472
    7.5000   15.0000    0.0000 9170.4785   25.0201
   -7.5000   22.5000    0.0000 9294.9346   24.5009
    0.0000   22.5000    0.0000 9475.8564   24.5022
    7.5000   22.5000    0.0000 8932.2607   24.4583
   -7.5000   30.0000    0.0000 9173.8662   24.5159
    0.0000   30.0000    0.0000 9437.9053   24.5178
    7.5000   30.0000    0.0000 8871.0840   24.4763
   -7.5000   37.5000    0.0000 8691.8008   23.7826
    0.0000   37.5000    0.0000 9051.7783   23.7848
    7.5000   37.5000    0.0000 8414.8799   23.7638
   -7.5000   45.0000    0.0000 8185.8052   22.9127
    0.0000   45.0000    0.0000 8628.7705   22.9155
    7.5000   45.0000    0.0000 7900.3721   22.9104
   -7.5000  -45.0000    7.5000 4827.6914   27.2704
    0.0000  -45.0000    7.5000 5099.4526   27.2538
    7.5000  -45.0000    7.5000 4879.7651   27.2109
   -7.5000  -37.5000    7.5000 5331.7974   27.5535
    0.0000  -37.5000    7.5000 5637.9360   27.5470
    7.5000  -37.5000    7.5000 5381.2832   27.5103
   -7.5000  -30.0000    7.5000 5946.9531   27.2120
    0.0000  -30.0000    7.5000 6282.2725   27.2003
    7.5000  -30.0000    7.5000 5991.5454   27.1426
   -7.5000  -22.5000    7.5000 6405.7017   26.5066
    0.0000  -22.5000    7.5000 6739.2515   26.4967
    7.5000  -22.5000    7.5000 6419.8184   26.4336
   -7.5000  -15.0000    7.5000 7158.5098   26.0046
    0.0000  -15.0000    7.5000 7494.1597   25.9977
    7.5000  -15.0000    7.5000 7133.7305   25.9446
   -7.5000   -7.5000    7.5000 8005.9004   25.7269
    0.0000   -7.5000    7.5000 8374.5430   25.7232
    7.5000   -7.5000    7.5000 7937.8203   25.6897
   -7.5000    0.0000    7.5000 9018.2754   25.6581
    0.0000    0.0000    7.5000 9618.5273   25.6550
    7.5000    0.0000    7.5000 8883.2734   25.6328
   -7.5000    7.5000    7.5000 9401.7979   25.6191
    0.0000    7.5000    7.500010187.2207   25.6133
    7.5000    7.5000    7.5000 9132.4971   25.5845
   -7.5000   15.0000    7.5000 9399.3145   25.2947
    0.0000   15.0000    7.500010073.2832   25.2867
    7.5000   15.0000    7.5000 9093.3770   25.2410
   -7.5000   22.5000    7.5000 8965.4736   24.7291
    0.0000   22.5000    7.5000 9526.8096   24.7213
    7.5000   22.5000    7.5000 8740.2236   24.6652
   -7.5000   30.0000    7.5000 8742.5088   24.7504
    0.0000   30.0000    7.5000 9309.2070   24.7437
    7.5000   30.0000    7.5000 8551.1855   24.6934
   -7.5000   37.5000    7.5000 8287.5127   24.0273
    0.0000   37.5000    7.5000 8851.0889   24.0235
    7.5000   37.5000    7.5000 8066.7075   23.9921
   -7.5000   45.0000    7.5000 7837.6670   23.1603
    0.0000   45.0000    7.5000 8369.5078   23.1576
    7.5000   45.0000    7.5000 7575.7529   23.1375
   -7.5000  -45.0000   15.0000 4629.0352   28.1865
    0.0000  -45.0000   15.0000 4844.5156   28.1518
    7.5000  -45.0000   15.0000 4661.6758   28.1098
   -7.5000  -37.5000   15.0000 5126.4033   28.4416
    0.0000  -37.5000   15.0000 5382.1064   28.4231
    7.5000  -37.5000   15.0000 5143.8564   28.3873
   -7.5000  -30.0000   15.0000 5739.7285   28.0671
    0.0000  -30.0000   15.0000 6036.1816   28.0459
    7.5000  -30.0000   15.0000 5724.3945   27.9868
   -7.5000  -22.5000   15.0000 6200.6450   27.3221
    0.0000  -22.5000   15.0000 6534.7588   27.2994
    7.5000  -22.5000   15.0000 6164.3154   27.2339
   -7.5000  -15.0000   15.0000 6961.5503   26.7854
    0.0000  -15.0000   15.0000 7340.2725   26.7635
    7.5000  -15.0000   15.0000 6891.0176   26.7089
   -7.5000   -7.5000   15.0000 7771.4780   26.4858
    0.0000   -7.5000   15.0000 8238.7490   26.4669
    7.5000   -7.5000   15.0000 7667.0132   26.4337
   -7.5000    0.0000   15.0000 8685.2139   26.4121
    0.0000    0.0000   15.0000 9397.6357   26.3952
    7.5000    0.0000   15.0000 8537.2266   26.3740
   -7.5000    7.5000   15.0000 8846.6885   26.3761
    0.0000    7.5000   15.0000 9647.6553   26.3603
    7.5000    7.5000   15.0000 8711.7197   26.3319
   -7.5000   15.0000   15.0000 8612.8652   26.0465
    0.0000   15.0000   15.0000 9288.6006   26.0299
    7.5000   15.0000   15.0000 8567.1943   25.9830
   -7.5000   22.5000   15.0000 8243.7012   25.4648
    0.0000   22.5000   15.0000 8860.3135   25.4453
    7.5000   22.5000   15.0000 8216.8564   25.3870
   -7.5000   30.0000   15.0000 8178.5815   25.4839
    0.0000   30.0000   15.0000 8814.2666   25.4630
    7.5000   30.0000   15.0000 8089.2837   25.4112
   -7.5000   37.5000   15.0000 7832.3145   24.7350
    0.0000   37.5000   15.0000 8426.1123   24.7170
    7.5000   37.5000   15.0000 7663.1089   24.6859
   -7.5000   45.0000   15.0000 7429.6138   23.8409
    0.0000   45.0000   15.0000 7955.0405   23.8257
    7.5000   45.0000   15.0000 7197.7095   23.8065
   -7.5000  -45.0000   22.5000 4358.4131   29.1233
    0.0000  -45.0000   22.5000 4594.0874   29.0759
    7.5000  -45.0000   22.5000 4409.2017   29.0576
   -7.5000  -37.5000   22.5000 4862.3184   29.3554
    0.0000  -37.5000   22.5000 5165.5205   29.3300
    7.5000  -37.5000   22.5000 4887.9126   29.3204
   -7.5000  -30.0000   22.5000 5454.7422   28.9606
    0.0000  -30.0000   22.5000 5822.2837   28.9394
    7.5000  -30.0000   22.5000 5456.3369   28.8996
   -7.5000  -22.5000   22.5000 5908.9106   28.1839
    0.0000  -22.5000   22.5000 6315.7329   28.1606
    7.5000  -22.5000   22.5000 5888.9800   28.1043
   -7.5000  -15.0000   22.5000 6611.8130   27.5993
    0.0000  -15.0000   22.5000 7051.2456   27.5713
    7.5000  -15.0000   22.5000 6574.1797   27.5217
   -7.5000   -7.5000   22.5000 7342.4995   27.2572
    0.0000   -7.5000   22.5000 7828.9004   27.2268
    7.5000   -7.5000   22.5000 7298.5264   27.2032
   -7.5000    0.0000   22.5000 8137.9536   27.1640
    0.0000    0.0000   22.5000 8781.4951   27.1362
    7.5000    0.0000   22.5000 8074.8066   27.1333
   -7.5000    7.5000   22.5000 8147.0635   27.1338
    0.0000    7.5000   22.5000 8773.9727   27.1134
    7.5000    7.5000   22.5000 8165.3389   27.1074
   -7.5000   15.0000   22.5000 7889.7466   26.8155
    0.0000   15.0000   22.5000 8410.3867   26.7988
    7.5000   15.0000   22.5000 7955.0151   26.7691
   -7.5000   22.5000   22.5000 7646.3750   26.2461
    0.0000   22.5000   22.5000 8125.6235   26.2257
    7.5000   22.5000   22.5000 7644.2793   26.1755
   -7.5000   30.0000   22.5000 7656.7495   26.2581
    0.0000   30.0000   22.5000 8174.8960   26.2315
    7.5000   30.0000   22.5000 7599.0566   26.1842
   -7.5000   37.5000   22.5000 7358.8472   25.4779
    0.0000   37.5000   22.5000 7850.0078   25.4491
    7.5000   37.5000   22.5000 7245.3447   25.4269
   -7.5000   45.0000   22.5000 7004.5083   24.5532
    0.0000   45.0000   22.5000 7436.6631   24.5281
    7.5000   45.0000   22.5000 6836.7939   24.5256
   -7.5000  -45.0000   30.0000 4235.1753   30.7653
    0.0000  -45.0000   30.0000 4515.4663   30.7187
    7.5000  -45.0000   30.0000 4314.0269   30.7066
   -7.5000  -37.5000   30.0000 4741.9565   30.9928
    0.0000  -37.5000   30.0000 5098.2432   30.9693
    7.5000  -37.5000   30.0000 4784.1880   30.9744
   -7.5000  -30.0000   30.0000 5345.6699   30.5361
    0.0000  -30.0000   30.0000 5752.5625   30.5190
    7.5000  -30.0000   30.0000 5348.9595   30.4891
   -7.5000  -22.5000   30.0000 5792.5894   29.6871
    0.0000  -22.5000   30.0000 6203.6479   29.6682
    7.5000  -22.5000   30.0000 5770.0278   29.6097
   -7.5000  -15.0000   30.0000 6446.5425   29.0277
    0.0000  -15.0000   30.0000 6860.4658   29.0014
    7.5000  -15.0000   30.0000 6430.0708   28.9436
   -7.5000   -7.5000   30.0000 7133.4517   28.6317
    0.0000   -7.5000   30.0000 7600.4468   28.6004
    7.5000   -7.5000   30.0000 7118.8774   28.5722
   -7.5000    0.0000   30.0000 7857.2515   28.5192
    0.0000    0.0000   30.0000 8430.3057   28.4917
    7.5000    0.0000   30.0000 7871.6509   28.4947
   -7.5000    7.5000   30.0000 7808.1870   28.4951
    0.0000    7.5000   30.0000 8305.2168   28.4778
    7.5000    7.5000   30.0000 7889.7534   28.4859
   -7.5000   15.0000   30.0000 7615.3140   28.1828
    0.0000   15.0000   30.0000 8026.7520   28.1701
    7.5000   15.0000   30.0000 7662.5020   28.1501
   -7.5000   22.5000   30.0000 7438.3589   27.5962
    0.0000   22.5000   30.0000 7856.7173   27.5793
    7.5000   22.5000   30.0000 7412.4727   27.5273
   -7.5000   30.0000   30.0000 7463.3804   27.5989
    0.0000   30.0000   30.0000 7890.1572   27.5738
    7.5000   30.0000   30.0000 7398.4194   27.5187
   -7.5000   37.5000   30.0000 7191.8232   26.7603
    0.0000   37.5000   30.0000 7587.3223   26.7308
    7.5000   37.5000   30.0000 7094.7593   26.7042
   -7.5000   45.0000   30.0000 6854.2319   25.7782
    0.0000   45.0000   30.0000 7232.9409   25.7533
    7.5000   45.0000   30.0000 6720.2959   25.7561
   -7.5000  -45.0000   37.5000 3958.6094   32.1390
    0.0000  -45.0000   37.5000 4234.0239   32.0901
    7.5000  -45.0000   37.5000 3981.9844   32.0749
   -7.5000  -37.5000   37.5000 4456.7676   32.3485
    0.0000  -37.5000   37.5000 4781.7788   32.3163
    7.5000  -37.5000   37.5000 4447.4307   32.3184
   -7.5000  -30.0000   37.5000 5028.0820   31.7972
    0.0000  -30.0000   37.5000 5388.8613   31.7653
    7.5000  -30.0000   37.5000 4993.1870   31.7317
   -7.5000  -22.5000   37.5000 5408.1431   30.8553
    0.0000  -22.5000   37.5000 5782.6714   30.8268
    7.5000  -22.5000   37.5000 5382.8853   30.7661
   -7.5000  -15.0000   37.5000 5998.3940   30.1444
    0.0000  -15.0000   37.5000 6382.3906   30.1154
    7.5000  -15.0000   37.5000 5992.9048   30.0567
   -7.5000   -7.5000   37.5000 6649.5991   29.7293
    0.0000   -7.5000   37.5000 7071.0205   29.6987
    7.5000   -7.5000   37.5000 6650.9243   29.6703
   -7.5000    0.0000   37.5000 7299.2969   29.6132
    0.0000    0.0000   37.5000 7776.6577   29.5857
    7.5000    0.0000   37.5000 7345.5327   29.5883
   -7.5000    7.5000   37.5000 7253.4102   29.5700
    0.0000    7.5000   37.5000 7666.8047   29.5459
    7.5000    7.5000   37.5000 7311.2065   29.5529
   -7.5000   15.0000   37.5000 7115.6558   29.2239
    0.0000   15.0000   37.5000 7477.7974   29.1994
    7.5000   15.0000   37.5000 7106.9033   29.1777
   -7.5000   22.5000   37.5000 6972.2637   28.6213
    0.0000   22.5000   37.5000 7335.2817   28.5961
    7.5000   22.5000   37.5000 6920.6772   28.5427
   -7.5000   30.0000   37.5000 6996.3652   28.6366
    0.0000   30.0000   37.5000 7353.7939   28.6089
    7.5000   30.0000   37.5000 6926.8257   28.5531
   -7.5000   37.5000   37.5000 6730.5815   27.7834
    0.0000   37.5000   37.5000 7069.4897   27.7545
    7.5000   37.5000   37.5000 6654.3164   27.7277
   -7.5000   45.0000   37.5000 6425.3062   26.7637
    0.0000   45.0000   37.5000 6754.1182   26.7389
    7.5000   45.0000   37.5000 6312.1333   26.7412
   -7.5000  -45.0000   45.0000 3703.0505   33.4774
    0.0000  -45.0000   45.0000 3934.2380   33.4425
    7.5000  -45.0000   45.0000 3675.4329   33.4157
   -7.5000  -37.5000   45.0000 4175.3853   33.6519
    0.0000  -37.5000   45.0000 4446.1621   33.6303
    7.5000  -37.5000   45.0000 4125.1626   33.6116
   -7.5000  -30.0000   45.0000 4689.9878   33.0471
    0.0000  -30.0000   45.0000 5000.6611   33.0148
    7.5000  -30.0000   45.0000 4641.2461   32.9554
   -7.5000  -22.5000   45.0000 5024.3198   32.0265
    0.0000  -22.5000   45.0000 5343.2700   31.9968
    7.5000  -22.5000   45.0000 5006.1577   31.9195
   -7.5000  -15.0000   45.0000 5580.6016   31.2348
    0.0000  -15.0000   45.0000 5924.5391   31.2103
    7.5000  -15.0000   45.0000 5583.8667   31.1468
   -7.5000   -7.5000   45.0000 6194.9658   30.7689
    0.0000   -7.5000   45.0000 6573.0771   30.7509
    7.5000   -7.5000   45.0000 6209.5669   30.7227
   -7.5000    0.0000   45.0000 6787.6182   30.6472
    0.0000    0.0000   45.0000 7202.0137   30.6343
    7.5000    0.0000   45.0000 6845.0859   30.6309
   -7.5000    7.5000   45.0000 6748.3335   30.6143
    0.0000    7.5000   45.0000 7110.2192   30.5973
    7.5000    7.5000   45.0000 6789.0068   30.5869
   -7.5000   15.0000   45.0000 6630.6689   30.2599
    0.0000   15.0000   45.0000 6958.5840   30.2358
    7.5000   15.0000   45.0000 6617.9531   30.1931
   -7.5000   22.5000   45.0000 6489.1240   29.6356
    0.0000   22.5000   45.0000 6820.7490   29.6104
    7.5000   22.5000   45.0000 6453.0928   29.5430
   -7.5000   30.0000   45.0000 6505.6069   29.6409
    0.0000   30.0000   45.0000 6828.4756   29.6177
    7.5000   30.0000   45.0000 6472.4067   29.5577
   -7.5000   37.5000   45.0000 6259.1074   28.7438
    0.0000   37.5000   45.0000 6573.4512   28.7265
    7.5000   37.5000   45.0000 6217.9307   28.7000
   -7.5000   45.0000   45.0000 5983.5200   27.6807
    0.0000   45.0000   45.0000 6301.4785   27.6691
    7.5000   45.0000   45.0000 5908.1372   27.6661

---------------------------------------------------------------------
imgreg_4dfp /opt/freesurfer/average/711-2C_as_mni_average_305 /opt/freesurfer/average/711-2B_as_mni_average_305_mask talsrcimg_g11 none talsrcimg_to_711-2C_as_mni_average_305_t4 4355
---------------------------------------------------------------------

freesurfer imgreg_4dfp.c
/opt/freesurfer/average/711-2C_as_mni_average_305.4dfp.img
       256       256       256         1
  1.000000  1.000000  1.000000
orientation T byte_order littleendian
Reading image: /opt/freesurfer/average/711-2C_as_mni_average_305.4dfp.img
dimensions:      256       256       256
mmppix:       1.0000   -1.0000   -1.0000
center:     128.0000 -129.0000 -129.0000
/opt/freesurfer/average/711-2B_as_mni_average_305_mask.4dfp.img
       256       256       256         1
  1.000000  1.000000  1.000000
orientation T byte_order littleendian
Reading mask: /opt/freesurfer/average/711-2B_as_mni_average_305_mask.4dfp.img (2306576 pixels)
talsrcimg_g11.4dfp.img
       320       320       320         1
  0.700000  0.700000  0.700000
orientation T byte_order littleendian
Reading image: talsrcimg_g11.4dfp.img
dimensions:      320       320       320
mmppix:       0.7000   -0.7000   -0.7000
center:     112.0000 -112.7000 -112.7000
rotation matrix determinant  1.000000
image alignment mode   4355 decimal     1103 hex
   -7.5000  -37.5000  -37.5000 1824.4673   31.0194
    0.0000  -37.5000  -37.5000 1837.7010   30.4965
    7.5000  -37.5000  -37.5000 1839.1051   30.6611
   -7.5000  -30.0000  -37.5000 1929.6780   27.7284
    0.0000  -30.0000  -37.5000 1943.9036   27.4139
    7.5000  -30.0000  -37.5000 1941.0447   27.4005
   -7.5000  -22.5000  -37.5000 2025.2528   25.2425
    0.0000  -22.5000  -37.5000 2042.2494   24.9987
    7.5000  -22.5000  -37.5000 2035.5209   24.8648
   -7.5000  -15.0000  -37.5000 2101.4363   23.3043
    0.0000  -15.0000  -37.5000 2120.7324   23.0993
    7.5000  -15.0000  -37.5000 2110.6702   22.9069
   -7.5000   -7.5000  -37.5000 2171.1938   21.9126
    0.0000   -7.5000  -37.5000 2192.7041   21.7325
    7.5000   -7.5000  -37.5000 2176.4751   21.5267
   -7.5000    0.0000  -37.5000 2218.1392   21.1901
    0.0000    0.0000  -37.5000 2237.1304   21.0288
    7.5000    0.0000  -37.5000 2216.1941   20.8026
   -7.5000    7.5000  -37.5000 2253.7607   20.7791
    0.0000    7.5000  -37.5000 2272.0554   20.6598
    7.5000    7.5000  -37.5000 2245.0671   20.4586
   -7.5000   15.0000  -37.5000 2267.0591   20.8176
    0.0000   15.0000  -37.5000 2282.2791   20.6281
    7.5000   15.0000  -37.5000 2254.2629   20.4668
   -7.5000   22.5000  -37.5000 2265.4072   21.2817
    0.0000   22.5000  -37.5000 2277.1919   21.0792
    7.5000   22.5000  -37.5000 2249.8936   20.9197
   -7.5000   30.0000  -37.5000 2237.6533   22.0447
    0.0000   30.0000  -37.5000 2256.0083   21.8901
    7.5000   30.0000  -37.5000 2225.9771   21.7068
   -7.5000   37.5000  -37.5000 2172.1306   22.8704
    0.0000   37.5000  -37.5000 2193.7788   22.8023
    7.5000   37.5000  -37.5000 2161.1870   22.6087
   -7.5000   45.0000  -37.5000 2066.2258   23.5767
    0.0000   45.0000  -37.5000 2090.8108   23.5687
    7.5000   45.0000  -37.5000 2054.0967   23.3516
   -7.5000   52.5000  -37.5000 1934.1478   24.2765
    0.0000   52.5000  -37.5000 1955.0157   24.2800
    7.5000   52.5000  -37.5000 1920.0199   24.1335
   -7.5000  -37.5000  -30.0000 1914.1185   31.5629
    0.0000  -37.5000  -30.0000 1937.0092   31.1665
    7.5000  -37.5000  -30.0000 1940.4037   31.2341
   -7.5000  -30.0000  -30.0000 2027.8953   28.2207
    0.0000  -30.0000  -30.0000 2052.4495   27.8997
    7.5000  -30.0000  -30.0000 2048.1780   27.8392
   -7.5000  -22.5000  -30.0000 2130.2134   25.5886
    0.0000  -22.5000  -30.0000 2153.6047   25.2924
    7.5000  -22.5000  -30.0000 2141.5503   25.1423
   -7.5000  -15.0000  -30.0000 2208.5449   23.4992
    0.0000  -15.0000  -30.0000 2233.0532   23.2317
    7.5000  -15.0000  -30.0000 2215.9780   23.0293
   -7.5000   -7.5000  -30.0000 2282.4407   22.0026
    0.0000   -7.5000  -30.0000 2306.8242   21.6883
    7.5000   -7.5000  -30.0000 2288.7554   21.4878
   -7.5000    0.0000  -30.0000 2336.1968   20.9825
    0.0000    0.0000  -30.0000 2357.5898   20.7174
    7.5000    0.0000  -30.0000 2335.0322   20.5510
   -7.5000    7.5000  -30.0000 2375.5354   20.4947
    0.0000    7.5000  -30.0000 2398.4941   20.2845
    7.5000    7.5000  -30.0000 2372.2554   20.1429
   -7.5000   15.0000  -30.0000 2393.9880   20.4535
    0.0000   15.0000  -30.0000 2406.5789   20.2441
    7.5000   15.0000  -30.0000 2384.6160   20.1290
   -7.5000   22.5000  -30.0000 2392.3115   20.8886
    0.0000   22.5000  -30.0000 2404.5381   20.6937
    7.5000   22.5000  -30.0000 2381.0476   20.5670
   -7.5000   30.0000  -30.0000 2367.8491   21.5999
    0.0000   30.0000  -30.0000 2381.8232   21.4241
    7.5000   30.0000  -30.0000 2361.3223   21.2938
   -7.5000   37.5000  -30.0000 2302.5286   22.3315
    0.0000   37.5000  -30.0000 2324.4270   22.1989
    7.5000   37.5000  -30.0000 2298.6094   22.0992
   -7.5000   45.0000  -30.0000 2199.3506   23.0327
    0.0000   45.0000  -30.0000 2218.7065   22.8998
    7.5000   45.0000  -30.0000 2187.6738   22.8423
   -7.5000   52.5000  -30.0000 2063.6533   23.7477
    0.0000   52.5000  -30.0000 2080.2942   23.6579
    7.5000   52.5000  -30.0000 2050.1438   23.6201
   -7.5000  -37.5000  -22.5000 1944.1824   30.9524
    0.0000  -37.5000  -22.5000 1969.8528   30.7388
    7.5000  -37.5000  -22.5000 1970.0060   30.6226
   -7.5000  -30.0000  -22.5000 2060.5981   27.6367
    0.0000  -30.0000  -22.5000 2089.5178   27.4022
    7.5000  -30.0000  -22.5000 2084.8772   27.2736
   -7.5000  -22.5000  -22.5000 2161.0291   25.0100
    0.0000  -22.5000  -22.5000 2189.7004   24.6874
    7.5000  -22.5000  -22.5000 2182.6118   24.5570
   -7.5000  -15.0000  -22.5000 2241.3472   22.8645
    0.0000  -15.0000  -22.5000 2265.3730   22.5061
    7.5000  -15.0000  -22.5000 2259.3823   22.4185
   -7.5000   -7.5000  -22.5000 2310.4148   21.2081
    0.0000   -7.5000  -22.5000 2334.0227   20.8315
    7.5000   -7.5000  -22.5000 2323.0969   20.7245
   -7.5000    0.0000  -22.5000 2369.4180   19.9697
    0.0000    0.0000  -22.5000 2391.4536   19.6174
    7.5000    0.0000  -22.5000 2377.9019   19.5553
   -7.5000    7.5000  -22.5000 2411.1729   19.3477
    0.0000    7.5000  -22.5000 2432.8005   19.0473
    7.5000    7.5000  -22.5000 2416.0381   18.9939
   -7.5000   15.0000  -22.5000 2434.4675   19.2744
    0.0000   15.0000  -22.5000 2448.4392   19.0052
    7.5000   15.0000  -22.5000 2431.7363   18.9339
   -7.5000   22.5000  -22.5000 2437.2292   19.6835
    0.0000   22.5000  -22.5000 2451.5225   19.4324
    7.5000   22.5000  -22.5000 2435.5461   19.3311
   -7.5000   30.0000  -22.5000 2425.1497   20.3280
    0.0000   30.0000  -22.5000 2434.5422   20.0783
    7.5000   30.0000  -22.5000 2419.5825   20.0322
   -7.5000   37.5000  -22.5000 2366.8550   20.9963
    0.0000   37.5000  -22.5000 2369.7146   20.7355
    7.5000   37.5000  -22.5000 2358.5720   20.7170
   -7.5000   45.0000  -22.5000 2260.7219   21.6431
    0.0000   45.0000  -22.5000 2261.4353   21.3858
    7.5000   45.0000  -22.5000 2245.3430   21.4137
   -7.5000   52.5000  -22.5000 2116.9141   22.3402
    0.0000   52.5000  -22.5000 2126.4182   22.1597
    7.5000   52.5000  -22.5000 2103.5750   22.1808
   -7.5000  -37.5000  -15.0000 2000.6080   31.6316
    0.0000  -37.5000  -15.0000 2028.1498   31.4654
    7.5000  -37.5000  -15.0000 2024.4836   31.3125
   -7.5000  -30.0000  -15.0000 2118.5305   28.0893
    0.0000  -30.0000  -15.0000 2149.0889   27.8701
    7.5000  -30.0000  -15.0000 2146.9973   27.7778
   -7.5000  -22.5000  -15.0000 2229.3052   25.3439
    0.0000  -22.5000  -15.0000 2257.4915   25.0100
    7.5000  -22.5000  -15.0000 2259.7935   24.9377
   -7.5000  -15.0000  -15.0000 2315.6304   23.1399
    0.0000  -15.0000  -15.0000 2342.5540   22.7054
    7.5000  -15.0000  -15.0000 2345.5935   22.6731
   -7.5000   -7.5000  -15.0000 2382.1287   21.3466
    0.0000   -7.5000  -15.0000 2409.7244   20.8916
    7.5000   -7.5000  -15.0000 2410.1995   20.8612
   -7.5000    0.0000  -15.0000 2445.5857   19.9097
    0.0000    0.0000  -15.0000 2465.8604   19.4616
    7.5000    0.0000  -15.0000 2466.0508   19.4369
   -7.5000    7.5000  -15.0000 2494.0583   19.0342
    0.0000    7.5000  -15.0000 2510.2690   18.5792
    7.5000    7.5000  -15.0000 2503.5071   18.6232
   -7.5000   15.0000  -15.0000 2533.9495   18.8436
    0.0000   15.0000  -15.0000 2536.2424   18.4246
    7.5000   15.0000  -15.0000 2526.5605   18.4622
   -7.5000   22.5000  -15.0000 2548.0815   19.2187
    0.0000   22.5000  -15.0000 2545.1736   18.8528
    7.5000   22.5000  -15.0000 2535.6362   18.8157
   -7.5000   30.0000  -15.0000 2534.3137   19.8653
    0.0000   30.0000  -15.0000 2529.1707   19.4710
    7.5000   30.0000  -15.0000 2524.7388   19.4772
   -7.5000   37.5000  -15.0000 2473.7900   20.5395
    0.0000   37.5000  -15.0000 2462.6028   20.1274
    7.5000   37.5000  -15.0000 2462.2881   20.1743
   -7.5000   45.0000  -15.0000 2365.4482   21.1596
    0.0000   45.0000  -15.0000 2354.2131   20.8159
    7.5000   45.0000  -15.0000 2351.9202   20.9682
   -7.5000   52.5000  -15.0000 2221.6750   21.8518
    0.0000   52.5000  -15.0000 2214.6958   21.5279
    7.5000   52.5000  -15.0000 2212.7178   21.7482
   -7.5000  -37.5000   -7.5000 2030.2731   32.5026
    0.0000  -37.5000   -7.5000 2071.4141   32.1726
    7.5000  -37.5000   -7.5000 2058.5059   32.1004
   -7.5000  -30.0000   -7.5000 2152.2666   28.7832
    0.0000  -30.0000   -7.5000 2189.9387   28.3476
    7.5000  -30.0000   -7.5000 2179.6526   28.3201
   -7.5000  -22.5000   -7.5000 2273.0466   25.9049
    0.0000  -22.5000   -7.5000 2300.0447   25.3541
    7.5000  -22.5000   -7.5000 2299.9651   25.3746
   -7.5000  -15.0000   -7.5000 2369.8782   23.6319
    0.0000  -15.0000   -7.5000 2389.6731   22.9995
    7.5000  -15.0000   -7.5000 2394.9365   23.0215
   -7.5000   -7.5000   -7.5000 2443.0581   21.7553
    0.0000   -7.5000   -7.5000 2458.2988   21.1059
    7.5000   -7.5000   -7.5000 2463.2029   21.0965
   -7.5000    0.0000   -7.5000 2502.9236   20.2664
    0.0000    0.0000   -7.5000 2510.4519   19.6615
    7.5000    0.0000   -7.5000 2514.6411   19.6191
   -7.5000    7.5000   -7.5000 2550.1584   19.0875
    0.0000    7.5000   -7.5000 2545.3079   18.4554
    7.5000    7.5000   -7.5000 2548.0007   18.5389
   -7.5000   15.0000   -7.5000 2601.5090   18.6314
    0.0000   15.0000   -7.5000 2575.5125   17.9630
    7.5000   15.0000   -7.5000 2575.5317   18.1950
   -7.5000   22.5000   -7.5000 2630.6423   18.9652
    0.0000   22.5000   -7.5000 2589.3572   18.3194
    7.5000   22.5000   -7.5000 2596.4868   18.5248
   -7.5000   30.0000   -7.5000 2634.9492   19.6775
    0.0000   30.0000   -7.5000 2582.4790   18.9679
    7.5000   30.0000   -7.5000 2604.0562   19.1669
   -7.5000   37.5000   -7.5000 2580.2554   20.2665
    0.0000   37.5000   -7.5000 2528.5708   19.6494
    7.5000   37.5000   -7.5000 2556.7117   19.9260
   -7.5000   45.0000   -7.5000 2467.6045   20.8800
    0.0000   45.0000   -7.5000 2427.0583   20.3553
    7.5000   45.0000   -7.5000 2451.4773   20.7188
   -7.5000   52.5000   -7.5000 2322.9829   21.6314
    0.0000   52.5000   -7.5000 2296.7483   21.1203
    7.5000   52.5000   -7.5000 2309.5615   21.5483
   -7.5000  -37.5000    0.0000 2019.7463   33.5997
    0.0000  -37.5000    0.0000 2053.6868   32.8733
    7.5000  -37.5000    0.0000 2049.0142   32.8364
   -7.5000  -30.0000    0.0000 2139.9380   29.5870
    0.0000  -30.0000    0.0000 2178.8074   28.9895
    7.5000  -30.0000    0.0000 2169.5620   28.9500
   -7.5000  -22.5000    0.0000 2262.4668   26.5283
    0.0000  -22.5000    0.0000 2296.4321   25.8820
    7.5000  -22.5000    0.0000 2288.4565   25.8290
   -7.5000  -15.0000    0.0000 2370.8792   24.1282
    0.0000  -15.0000    0.0000 2397.6865   23.4508
    7.5000  -15.0000    0.0000 2386.1677   23.3682
   -7.5000   -7.5000    0.0000 2460.3682   22.2512
    0.0000   -7.5000    0.0000 2472.4617   21.5070
    7.5000   -7.5000    0.0000 2460.7676   21.4298
   -7.5000    0.0000    0.0000 2542.5566   20.9148
    0.0000    0.0000    0.0000 2534.6731   20.2326
    7.5000    0.0000    0.0000 2531.0645   20.0687
   -7.5000    7.5000    0.0000 2618.2151   19.9598
    0.0000    7.5000    0.0000 2592.0938   19.2808
    7.5000    7.5000    0.0000 2587.0146   19.1336
   -7.5000   15.0000    0.0000 2680.6550   19.2624
    0.0000   15.0000    0.0000 2620.8276   18.4586
    7.5000   15.0000    0.0000 2633.0925   18.6958
   -7.5000   22.5000    0.0000 2711.1453   19.1915
    0.0000   22.5000    0.0000 2636.8179   18.3621
    7.5000   22.5000    0.0000 2659.3188   18.7412
   -7.5000   30.0000    0.0000 2692.6091   19.4869
    0.0000   30.0000    0.0000 2631.6111   18.8144
    7.5000   30.0000    0.0000 2655.2241   19.0918
   -7.5000   37.5000    0.0000 2620.4526   19.9228
    0.0000   37.5000    0.0000 2592.7598   19.5013
    7.5000   37.5000    0.0000 2601.2546   19.7332
   -7.5000   45.0000    0.0000 2509.9338   20.6237
    0.0000   45.0000    0.0000 2498.5701   20.3430
    7.5000   45.0000    0.0000 2496.8430   20.5842
   -7.5000   52.5000    0.0000 2367.2295   21.4820
    0.0000   52.5000    0.0000 2369.2007   21.2773
    7.5000   52.5000    0.0000 2345.8987   21.4222
   -7.5000  -37.5000    7.5000 2003.9332   35.0879
    0.0000  -37.5000    7.5000 2032.5806   34.1083
    7.5000  -37.5000    7.5000 2027.4594   34.0217
   -7.5000  -30.0000    7.5000 2118.7793   30.6854
    0.0000  -30.0000    7.5000 2144.9602   29.7690
    7.5000  -30.0000    7.5000 2139.4436   29.7713
   -7.5000  -22.5000    7.5000 2234.8345   27.3715
    0.0000  -22.5000    7.5000 2244.9348   26.4440
    7.5000  -22.5000    7.5000 2245.9558   26.4034
   -7.5000  -15.0000    7.5000 2353.3838   24.8873
    0.0000  -15.0000    7.5000 2344.0564   23.9198
    7.5000  -15.0000    7.5000 2347.0435   23.8828
   -7.5000   -7.5000    7.5000 2465.9155   23.0877
    0.0000   -7.5000    7.5000 2439.8210   22.1874
    7.5000   -7.5000    7.5000 2438.3604   22.1078
   -7.5000    0.0000    7.5000 2575.6035   21.7742
    0.0000    0.0000    7.5000 2536.4324   21.0647
    7.5000    0.0000    7.5000 2530.4985   20.8804
   -7.5000    7.5000    7.5000 2682.9661   20.9186
    0.0000    7.5000    7.5000 2666.4036   20.5689
    7.5000    7.5000    7.5000 2629.6194   20.1699
   -7.5000   15.0000    7.5000 2735.0596   20.1396
    0.0000   15.0000    7.5000 2745.9731   19.9216
    7.5000   15.0000    7.5000 2681.2935   19.6421
   -7.5000   22.5000    7.5000 2725.4309   19.4317
    0.0000   22.5000    7.5000 2729.2988   19.0855
    7.5000   22.5000    7.5000 2682.1299   19.1713
   -7.5000   30.0000    7.5000 2671.0098   19.1087
    0.0000   30.0000    7.5000 2675.5059   18.8896
    7.5000   30.0000    7.5000 2664.1704   19.1476
   -7.5000   37.5000    7.5000 2620.2957   19.5148
    0.0000   37.5000    7.5000 2624.4778   19.4056
    7.5000   37.5000    7.5000 2611.2056   19.5900
   -7.5000   45.0000    7.5000 2522.8347   20.4232
    0.0000   45.0000    7.5000 2522.2017   20.2981
    7.5000   45.0000    7.5000 2505.0986   20.3961
   -7.5000   52.5000    7.5000 2378.7488   21.3872
    0.0000   52.5000    7.5000 2381.2971   21.2499
    7.5000   52.5000    7.5000 2361.2852   21.2830
   -7.5000  -37.5000   15.0000 1987.4576   37.1091
    0.0000  -37.5000   15.0000 1983.0769   35.6461
    7.5000  -37.5000   15.0000 1985.3619   35.4213
   -7.5000  -30.0000   15.0000 2111.7312   32.5305
    0.0000  -30.0000   15.0000 2101.6409   31.2670
    7.5000  -30.0000   15.0000 2093.7083   31.0602
   -7.5000  -22.5000   15.0000 2233.9214   29.0459
    0.0000  -22.5000   15.0000 2219.7900   27.9999
    7.5000  -22.5000   15.0000 2201.2285   27.7901
   -7.5000  -15.0000   15.0000 2354.3889   26.3524
    0.0000  -15.0000   15.0000 2340.2458   25.5358
    7.5000  -15.0000   15.0000 2318.6401   25.4013
   -7.5000   -7.5000   15.0000 2467.8696   24.3140
    0.0000   -7.5000   15.0000 2463.4395   23.7438
    7.5000   -7.5000   15.0000 2431.1909   23.5642
   -7.5000    0.0000   15.0000 2575.6399   22.6580
    0.0000    0.0000   15.0000 2576.8472   22.3369
    7.5000    0.0000   15.0000 2540.5195   22.1029
   -7.5000    7.5000   15.0000 2661.6313   21.4212
    0.0000    7.5000   15.0000 2680.3430   21.4013
    7.5000    7.5000   15.0000 2640.5784   21.1070
   -7.5000   15.0000   15.0000 2700.0100   20.3015
    0.0000   15.0000   15.0000 2722.0186   20.2217
    7.5000   15.0000   15.0000 2688.8062   20.2946
   -7.5000   22.5000   15.0000 2694.9343   19.4532
    0.0000   22.5000   15.0000 2700.6682   19.2612
    7.5000   22.5000   15.0000 2705.6824   19.7168
   -7.5000   30.0000   15.0000 2701.1633   19.4689
    0.0000   30.0000   15.0000 2715.0330   19.4394
    7.5000   30.0000   15.0000 2705.1853   19.7174
   -7.5000   37.5000   15.0000 2661.4961   20.0485
    0.0000   37.5000   15.0000 2682.8164   20.1390
    7.5000   37.5000   15.0000 2644.9001   20.1829
   -7.5000   45.0000   15.0000 2556.8948   20.9305
    0.0000   45.0000   15.0000 2563.8557   20.9591
    7.5000   45.0000   15.0000 2524.3184   20.8956
   -7.5000   52.5000   15.0000 2396.5129   21.9018
    0.0000   52.5000   15.0000 2407.3792   21.8565
    7.5000   52.5000   15.0000 2372.4551   21.7350
   -7.5000  -37.5000   22.5000 1969.2822   39.9257
    0.0000  -37.5000   22.5000 1966.1370   38.6851
    7.5000  -37.5000   22.5000 1942.0845   38.2239
   -7.5000  -30.0000   22.5000 2093.1257   34.6737
    0.0000  -30.0000   22.5000 2092.7949   33.8899
    7.5000  -30.0000   22.5000 2058.2322   33.5433
   -7.5000  -22.5000   22.5000 2214.8762   30.7831
    0.0000  -22.5000   22.5000 2226.3813   30.2180
    7.5000  -22.5000   22.5000 2187.8906   30.0371
   -7.5000  -15.0000   22.5000 2329.5481   27.7584
    0.0000  -15.0000   22.5000 2344.4294   27.3206
    7.5000  -15.0000   22.5000 2312.6824   27.2685
   -7.5000   -7.5000   22.5000 2432.0139   25.3239
    0.0000   -7.5000   22.5000 2446.4700   24.9876
    7.5000   -7.5000   22.5000 2426.4463   24.9902
   -7.5000    0.0000   22.5000 2523.6428   23.3495
    0.0000    0.0000   22.5000 2544.8232   23.1000
    7.5000    0.0000   22.5000 2526.6421   23.1784
   -7.5000    7.5000   22.5000 2603.9644   21.9149
    0.0000    7.5000   22.5000 2632.5398   21.8261
    7.5000    7.5000   22.5000 2617.3679   21.8957
   -7.5000   15.0000   22.5000 2640.5127   20.5461
    0.0000   15.0000   22.5000 2643.5083   20.2129
    7.5000   15.0000   22.5000 2668.5649   20.9175
   -7.5000   22.5000   22.5000 2684.4634   19.9618
    0.0000   22.5000   22.5000 2680.2646   19.6113
    7.5000   22.5000   22.5000 2696.8491   20.2894
   -7.5000   30.0000   22.5000 2712.3269   20.2485
    0.0000   30.0000   22.5000 2722.2393   20.0577
    7.5000   30.0000   22.5000 2704.2915   20.3601
   -7.5000   37.5000   22.5000 2664.5068   20.8655
    0.0000   37.5000   22.5000 2678.6753   20.7832
    7.5000   37.5000   22.5000 2647.8340   20.9077
   -7.5000   45.0000   22.5000 2559.1619   21.7002
    0.0000   45.0000   22.5000 2563.8850   21.6519
    7.5000   45.0000   22.5000 2529.8064   21.6284
   -7.5000   52.5000   22.5000 2401.8291   22.6008
    0.0000   52.5000   22.5000 2408.3218   22.5010
    7.5000   52.5000   22.5000 2373.9524   22.4484
   -7.5000  -37.5000   30.0000 1926.5742   42.7355
    0.0000  -37.5000   30.0000 1948.4087   42.2147
    7.5000  -37.5000   30.0000 1911.0176   41.6141
   -7.5000  -30.0000   30.0000 2054.0813   36.9128
    0.0000  -30.0000   30.0000 2082.3110   36.5935
    7.5000  -30.0000   30.0000 2036.8132   36.2752
   -7.5000  -22.5000   30.0000 2167.7026   32.5883
    0.0000  -22.5000   30.0000 2204.2917   32.2771
    7.5000  -22.5000   30.0000 2165.3054   32.2372
   -7.5000  -15.0000   30.0000 2275.2925   29.1750
    0.0000  -15.0000   30.0000 2300.8979   28.7668
    7.5000  -15.0000   30.0000 2283.1497   28.9810
   -7.5000   -7.5000   30.0000 2378.0508   26.3568
    0.0000   -7.5000   30.0000 2396.3586   25.9397
    7.5000   -7.5000   30.0000 2392.4109   26.3550
   -7.5000    0.0000   30.0000 2473.6729   24.2768
    0.0000    0.0000   30.0000 2489.8499   23.9532
    7.5000    0.0000   30.0000 2492.0789   24.3336
   -7.5000    7.5000   30.0000 2535.4333   22.4884
    0.0000    7.5000   30.0000 2544.8176   22.1646
    7.5000    7.5000   30.0000 2568.2432   22.8413
   -7.5000   15.0000   30.0000 2598.7664   21.1207
    0.0000   15.0000   30.0000 2581.5588   20.6867
    7.5000   15.0000   30.0000 2620.5452   21.6603
   -7.5000   22.5000   30.0000 2655.4390   20.8572
    0.0000   22.5000   30.0000 2646.1101   20.5091
    7.5000   22.5000   30.0000 2651.7305   21.0751
   -7.5000   30.0000   30.0000 2675.4792   21.2267
    0.0000   30.0000   30.0000 2675.8132   20.9120
    7.5000   30.0000   30.0000 2672.5576   21.2546
   -7.5000   37.5000   30.0000 2628.4316   21.8303
    0.0000   37.5000   30.0000 2625.4712   21.5743
    7.5000   37.5000   30.0000 2619.3928   21.8112
   -7.5000   45.0000   30.0000 2520.3538   22.5816
    0.0000   45.0000   30.0000 2524.8469   22.4411
    7.5000   45.0000   30.0000 2504.4482   22.5351
   -7.5000   52.5000   30.0000 2372.3948   23.3874
    0.0000   52.5000   30.0000 2381.8291   23.2874
    7.5000   52.5000   30.0000 2354.0459   23.3173
   -7.5000  -37.5000   37.5000 1869.4281   45.7731
    0.0000  -37.5000   37.5000 1902.6636   45.8889
    7.5000  -37.5000   37.5000 1863.6660   45.1114
   -7.5000  -30.0000   37.5000 1997.5510   39.1713
    0.0000  -30.0000   37.5000 2035.4189   39.1901
    7.5000  -30.0000   37.5000 2000.9717   38.9040
   -7.5000  -22.5000   37.5000 2109.4409   34.2541
    0.0000  -22.5000   37.5000 2142.9980   34.0614
    7.5000  -22.5000   37.5000 2122.1111   34.2109
   -7.5000  -15.0000   37.5000 2210.7480   30.4301
    0.0000  -15.0000   37.5000 2234.9788   30.1038
    7.5000  -15.0000   37.5000 2233.2185   30.5823
   -7.5000   -7.5000   37.5000 2317.7930   27.4682
    0.0000   -7.5000   37.5000 2333.0908   27.0585
    7.5000   -7.5000   37.5000 2339.4709   27.6785
   -7.5000    0.0000   37.5000 2404.0933   25.2265
    0.0000    0.0000   37.5000 2409.0720   24.8280
    7.5000    0.0000   37.5000 2435.3262   25.5438
   -7.5000    7.5000   37.5000 2475.0400   23.3089
    0.0000    7.5000   37.5000 2468.7695   22.8172
    7.5000    7.5000   37.5000 2503.4207   23.8648
   -7.5000   15.0000   37.5000 2550.7163   22.1329
    0.0000   15.0000   37.5000 2531.5203   21.7167
    7.5000   15.0000   37.5000 2543.4475   22.5644
   -7.5000   22.5000   37.5000 2596.1624   21.9864
    0.0000   22.5000   37.5000 2587.6177   21.6128
    7.5000   22.5000   37.5000 2587.9136   22.1296
   -7.5000   30.0000   37.5000 2604.0898   22.3185
    0.0000   30.0000   37.5000 2599.1091   21.9573
    7.5000   30.0000   37.5000 2605.2507   22.3503
   -7.5000   37.5000   37.5000 2555.5234   22.8084
    0.0000   37.5000   37.5000 2554.6475   22.5164
    7.5000   37.5000   37.5000 2559.8362   22.8383
   -7.5000   45.0000   37.5000 2459.0854   23.4675
    0.0000   45.0000   37.5000 2467.1458   23.2573
    7.5000   45.0000   37.5000 2450.4854   23.5087
   -7.5000   52.5000   37.5000 2316.7126   24.2664
    0.0000   52.5000   37.5000 2331.6375   24.1518
    7.5000   52.5000   37.5000 2306.8989   24.2825
   -7.5000  -37.5000   45.0000 1793.5624   48.7625
    0.0000  -37.5000   45.0000 1815.8400   48.7090
    7.5000  -37.5000   45.0000 1786.5264   48.0132
   -7.5000  -30.0000   45.0000 1918.1393   41.2797
    0.0000  -30.0000   45.0000 1945.1124   41.0956
    7.5000  -30.0000   45.0000 1925.7092   40.9797
   -7.5000  -22.5000   45.0000 2022.1140   35.6515
    0.0000  -22.5000   45.0000 2045.9242   35.4172
    7.5000  -22.5000   45.0000 2045.1138   35.8456
   -7.5000  -15.0000   45.0000 2122.6948   31.5667
    0.0000  -15.0000   45.0000 2145.0398   31.2366
    7.5000  -15.0000   45.0000 2155.8147   32.0242
   -7.5000   -7.5000   45.0000 2228.6946   28.5793
    0.0000   -7.5000   45.0000 2235.3240   28.1849
    7.5000   -7.5000   45.0000 2253.1987   29.0420
   -7.5000    0.0000   45.0000 2307.1179   26.2147
    0.0000    0.0000   45.0000 2315.4998   25.7608
    7.5000    0.0000   45.0000 2333.7734   26.6993
   -7.5000    7.5000   45.0000 2392.1868   24.3323
    0.0000    7.5000   45.0000 2383.5068   23.8741
    7.5000    7.5000   45.0000 2404.9668   24.9272
   -7.5000   15.0000   45.0000 2463.2002   23.3334
    0.0000   15.0000   45.0000 2444.2717   22.9386
    7.5000   15.0000   45.0000 2453.9001   23.6985
   -7.5000   22.5000   45.0000 2496.8455   23.1442
    0.0000   22.5000   45.0000 2491.1050   22.7660
    7.5000   22.5000   45.0000 2491.3306   23.2918
   -7.5000   30.0000   45.0000 2496.6792   23.4245
    0.0000   30.0000   45.0000 2490.9927   23.0572
    7.5000   30.0000   45.0000 2504.0112   23.4862
   -7.5000   37.5000   45.0000 2446.3064   23.8943
    0.0000   37.5000   45.0000 2449.6218   23.6208
    7.5000   37.5000   45.0000 2456.2551   23.9793
   -7.5000   45.0000   45.0000 2362.6956   24.4156
    0.0000   45.0000   45.0000 2376.7700   24.2180
    7.5000   45.0000   45.0000 2360.4302   24.5422
   -7.5000   52.5000   45.0000 2234.0798   25.0143
    0.0000   52.5000   45.0000 2247.1475   24.9126
    7.5000   52.5000   45.0000 2220.3357   25.1479
   -7.5000  -37.5000   52.5000 1680.3035   50.9942
    0.0000  -37.5000   52.5000 1697.5682   50.5324
    7.5000  -37.5000   52.5000 1692.1877   50.5749
   -7.5000  -30.0000   52.5000 1803.2101   42.6329
    0.0000  -30.0000   52.5000 1825.0310   42.2575
    7.5000  -30.0000   52.5000 1832.5321   42.8459
   -7.5000  -22.5000   52.5000 1912.8889   36.8518
    0.0000  -22.5000   52.5000 1933.8977   36.4069
    7.5000  -22.5000   52.5000 1949.4692   37.3851
   -7.5000  -15.0000   52.5000 2019.0598   32.7514
    0.0000  -15.0000   52.5000 2031.0553   32.3517
    7.5000  -15.0000   52.5000 2046.8938   33.3044
   -7.5000   -7.5000   52.5000 2115.2192   29.6367
    0.0000   -7.5000   52.5000 2126.8574   29.2722
    7.5000   -7.5000   52.5000 2142.3040   30.1580
   -7.5000    0.0000   52.5000 2204.5586   27.2127
    0.0000    0.0000   52.5000 2206.9773   26.6975
    7.5000    0.0000   52.5000 2226.0964   27.8665
   -7.5000    7.5000   52.5000 2283.8115   25.4076
    0.0000    7.5000   52.5000 2280.2151   25.0532
    7.5000    7.5000   52.5000 2284.3813   25.9827
   -7.5000   15.0000   52.5000 2338.4414   24.4423
    0.0000   15.0000   52.5000 2331.1973   24.0939
    7.5000   15.0000   52.5000 2334.0483   24.7910
   -7.5000   22.5000   52.5000 2363.9011   24.1967
    0.0000   22.5000   52.5000 2370.0454   23.9004
    7.5000   22.5000   52.5000 2366.4392   24.3702
   -7.5000   30.0000   52.5000 2364.1965   24.4852
    0.0000   30.0000   52.5000 2368.7876   24.2211
    7.5000   30.0000   52.5000 2371.2864   24.5741
   -7.5000   37.5000   52.5000 2317.9172   24.9474
    0.0000   37.5000   52.5000 2329.6099   24.7764
    7.5000   37.5000   52.5000 2321.3198   25.0352
   -7.5000   45.0000   52.5000 2231.9578   25.4196
    0.0000   45.0000   52.5000 2245.9036   25.2726
    7.5000   45.0000   52.5000 2227.2583   25.5064
   -7.5000   52.5000   52.5000 2111.2268   25.8406
    0.0000   52.5000   52.5000 2128.7234   25.6930
    7.5000   52.5000   52.5000 2097.5349   25.8578

---------------------------------------------------------------------
imgreg_4dfp /opt/freesurfer/average/711-2C_as_mni_average_305 /opt/freesurfer/average/711-2B_as_mni_average_305_mask talsrcimg_g11 none talsrcimg_to_711-2C_as_mni_average_305_t4 1283
---------------------------------------------------------------------

freesurfer imgreg_4dfp.c
/opt/freesurfer/average/711-2C_as_mni_average_305.4dfp.img
       256       256       256         1
  1.000000  1.000000  1.000000
orientation T byte_order littleendian
Reading image: /opt/freesurfer/average/711-2C_as_mni_average_305.4dfp.img
dimensions:      256       256       256
mmppix:       1.0000   -1.0000   -1.0000
center:     128.0000 -129.0000 -129.0000
/opt/freesurfer/average/711-2B_as_mni_average_305_mask.4dfp.img
       256       256       256         1
  1.000000  1.000000  1.000000
orientation T byte_order littleendian
Reading mask: /opt/freesurfer/average/711-2B_as_mni_average_305_mask.4dfp.img (2306576 pixels)
talsrcimg_g11.4dfp.img
       320       320       320         1
  0.700000  0.700000  0.700000
orientation T byte_order littleendian
Reading image: talsrcimg_g11.4dfp.img
dimensions:      320       320       320
mmppix:       0.7000   -0.7000   -0.7000
center:     112.0000 -112.7000 -112.7000
rotation matrix determinant  1.000000
fimgreg.f
image alignment mode   1283 decimal      503 hex
parameters
    0.0000   15.0000    7.5000    0.0000    0.0000    0.0000
eta,q 0.86515 20.14118
niter,ni,del,rscale     5    3   12.0000    1.2000
parameter  1-64.718246 ->  0.500000 qaram    1.1500
parameter  2 -0.681271 -> -0.500000 qaram    1.1500
parameter  4 -2.737212 ->  0.500000 qaram    1.1500
parameter  5  3.507334 ->  0.500000 qaram    1.1500
parameter  6 -1.963395 ->  0.500000 qaram    1.1500
parameters
   -3.4500   18.4500    8.5455   -3.4500   -3.4500   -3.4500
eta,q 0.86938 19.80619
  0.1369  0.1518  0.1616  0.1288  0.1278  0.1289
  0.1370  0.1449  0.1495  0.1306  0.1312  0.1303
  0.1403  0.1411  0.1372  0.1329  0.1312  0.1312
  0.1451  0.1378  0.1339  0.1348  0.1312  0.1313
  0.1518  0.1349  0.1364  0.1359  0.1339  0.1320
  0.1526  0.1338  0.1421  0.1375  0.1369  0.1327
  0.1543  0.1354  0.1458  0.1386  0.1374  0.1331
niter,ni,del,rscale     7    3   12.0000    1.2000
parameter  4  0.506427 ->  0.500000 qaram    1.3225
parameter  5-89.851921 ->  0.500000 qaram    1.3225
parameters
   -4.1732   17.2734    7.5415   -7.4175   -7.4175   -2.8676
eta,q 0.88093 20.28471
  0.1467  0.1410  0.1413  0.1288  0.1208  0.1259
  0.1340  0.1354  0.1324  0.1260  0.1188  0.1226
  0.1298  0.1321  0.1274  0.1257  0.1208  0.1199
  0.1306  0.1304  0.1308  0.1282  0.1256  0.1189
  0.1348  0.1346  0.1374  0.1302  0.1281  0.1200
  0.1452  0.1428  0.1416  0.1313  0.1276  0.1218
  0.1489  0.1510  0.1440  0.1322  0.1290  0.1235
niter,ni,del,rscale     7    3   12.0000    1.2000
parameters
   -3.8853   18.2323    6.5245   -8.7902   -6.6915   -4.0602
eta,q 0.88195 20.26162
  0.1554  0.1444  0.1356  0.1231  0.1354  0.1221
  0.1406  0.1336  0.1281  0.1217  0.1282  0.1197
  0.1261  0.1255  0.1196  0.1194  0.1199  0.1182
  0.1191  0.1190  0.1175  0.1174  0.1181  0.1184
  0.1249  0.1180  0.1260  0.1199  0.1211  0.1203
  0.1388  0.1257  0.1403  0.1255  0.1270  0.1226
  0.1489  0.1347  0.1505  0.1285  0.1283  0.1244
niter,ni,del,rscale     6    3   12.0000    1.2000
parameters
   -3.9441   19.1226    5.9553  -10.1861   -6.1121   -4.8853
eta,q 0.88176 20.24711
  0.1507  0.1414  0.1359  0.1224  0.1336  0.1218
  0.1366  0.1313  0.1308  0.1209  0.1271  0.1194
  0.1229  0.1249  0.1219  0.1185  0.1200  0.1183
  0.1180  0.1180  0.1167  0.1174  0.1181  0.1183
  0.1253  0.1174  0.1213  0.1194  0.1211  0.1192
  0.1399  0.1244  0.1348  0.1239  0.1267  0.1214
  0.1493  0.1335  0.1474  0.1283  0.1280  0.1234
niter,ni,del,rscale     5    3   12.0000    1.2000
parameters
   -4.0880   19.6831    5.5929  -11.3054   -5.4230   -5.1165
eta,q 0.88145 20.24814
  0.1509  0.1389  0.1360  0.1219  0.1333  0.1223
  0.1367  0.1310  0.1318  0.1220  0.1272  0.1198
  0.1233  0.1239  0.1237  0.1187  0.1200  0.1186
  0.1182  0.1182  0.1174  0.1180  0.1182  0.1186
  0.1259  0.1178  0.1199  0.1187  0.1211  0.1188
  0.1415  0.1253  0.1319  0.1229  0.1261  0.1204
  0.1508  0.1354  0.1455  0.1268  0.1275  0.1227
niter,ni,del,rscale     4    3   12.0000    1.2000
parameters
   -4.1988   20.0507    5.2724  -12.2037   -4.8235   -5.4458
eta,q 0.88102 20.25185
  0.1515  0.1383  0.1361  0.1221  0.1332  0.1223
  0.1365  0.1308  0.1321  0.1227  0.1265  0.1197
  0.1236  0.1238  0.1246  0.1201  0.1197  0.1188
  0.1185  0.1185  0.1181  0.1187  0.1187  0.1190
  0.1261  0.1189  0.1201  0.1188  0.1215  0.1191
  0.1415  0.1266  0.1315  0.1227  0.1261  0.1204
  0.1505  0.1366  0.1451  0.1263  0.1276  0.1229
niter,ni,del,rscale     3    3   12.0000    1.2000
parameters
   -4.2897   20.3330    4.9258  -13.3040   -4.2772   -6.3159
eta,q 0.88080 20.27924
  0.1519  0.1377  0.1359  0.1220  0.1334  0.1225
  0.1358  0.1305  0.1318  0.1228  0.1264  0.1197
  0.1236  0.1242  0.1253  0.1213  0.1202  0.1188
  0.1190  0.1190  0.1186  0.1193  0.1196  0.1197
  0.1265  0.1195  0.1204  0.1196  0.1218  0.1204
  0.1411  0.1272  0.1316  0.1227  0.1264  0.1215
  0.1499  0.1369  0.1451  0.1268  0.1281  0.1236
niter,ni,del,rscale     2    3   12.0000    1.2000
parameters
   -4.4179   20.7557    4.4799  -15.3115   -3.6967   -8.5647
eta,q 0.88082 20.29591
  0.1518  0.1373  0.1353  0.1213  0.1345  0.1225
  0.1350  0.1305  0.1311  0.1221  0.1276  0.1200
  0.1234  0.1248  0.1255  0.1214  0.1223  0.1192
  0.1192  0.1191  0.1185  0.1196  0.1207  0.1206
  0.1271  0.1192  0.1205  0.1206  0.1223  0.1227
  0.1413  0.1263  0.1321  0.1232  0.1280  0.1242
  0.1498  0.1356  0.1458  0.1274  0.1292  0.1254
niter,ni,del,rscale     1    3   12.0000    1.2000
parameters
   -4.6272   21.4212    3.9878  -17.5297   -3.1997   -9.5762
eta,q 0.88136 20.26542
  0.1518  0.1381  0.1356  0.1214  0.1339  0.1240
  0.1356  0.1302  0.1311  0.1201  0.1301  0.1208
  0.1235  0.1241  0.1256  0.1192  0.1241  0.1188
  0.1192  0.1192  0.1184  0.1197  0.1193  0.1189
  0.1270  0.1186  0.1203  0.1205  0.1215  0.1213
  0.1425  0.1241  0.1326  0.1233  0.1286  0.1243
  0.1519  0.1340  0.1474  0.1282  0.1311  0.1263
registration optimization eta report
parameter search radius
    6.9000    6.9000    6.0000    7.9350    7.9350    6.9000
100000*second partial in parameter space
       65.       35.       61.        9.       19.       12.
  0.1518  0.1381  0.1356  0.1214  0.1339  0.1240
  0.1356  0.1302  0.1311  0.1201  0.1301  0.1208
  0.1235  0.1241  0.1256  0.1192  0.1241  0.1188
  0.1192  0.1192  0.1184  0.1197  0.1193  0.1189
  0.1270  0.1186  0.1203  0.1205  0.1215  0.1213
  0.1425  0.1241  0.1326  0.1233  0.1286  0.1243
  0.1519  0.1340  0.1474  0.1282  0.1311  0.1263
   -4.6272   21.4212    3.9878  -17.5297   -3.1997   -9.5762
eta,q 0.88136 20.26542

---------------------------------------------------------------------
imgreg_4dfp /opt/freesurfer/average/711-2C_as_mni_average_305 /opt/freesurfer/average/711-2B_as_mni_average_305_mask talsrcimg_g11 none talsrcimg_to_711-2C_as_mni_average_305_t4 3335
---------------------------------------------------------------------

freesurfer imgreg_4dfp.c
/opt/freesurfer/average/711-2C_as_mni_average_305.4dfp.img
       256       256       256         1
  1.000000  1.000000  1.000000
orientation T byte_order littleendian
Reading image: /opt/freesurfer/average/711-2C_as_mni_average_305.4dfp.img
dimensions:      256       256       256
mmppix:       1.0000   -1.0000   -1.0000
center:     128.0000 -129.0000 -129.0000
/opt/freesurfer/average/711-2B_as_mni_average_305_mask.4dfp.img
       256       256       256         1
  1.000000  1.000000  1.000000
orientation T byte_order littleendian
Reading mask: /opt/freesurfer/average/711-2B_as_mni_average_305_mask.4dfp.img (2306576 pixels)
talsrcimg_g11.4dfp.img
       320       320       320         1
  0.700000  0.700000  0.700000
orientation T byte_order littleendian
Reading image: talsrcimg_g11.4dfp.img
dimensions:      320       320       320
mmppix:       0.7000   -0.7000   -0.7000
center:     112.0000 -112.7000 -112.7000
fimgreg.f
image alignment mode   3335 decimal      D07 hex
parameters
   -4.6272   21.4212    3.9878   -1.5472   -5.6930   -4.7926
   14.2056   10.2589  -16.6099   28.8149   -5.5816  -30.0731
eta,q 0.87806 20.30825
niter,ni,del,rscale     5    3    5.0000    1.2000
parameter  4  1.513811 ->  0.500000 qaram    1.1500
parameter  5  2.097586 ->  0.500000 qaram    1.1500
parameter  6  1.012497 ->  0.500000 qaram    1.1500
parameter  7 -0.927289 -> -0.500000 qaram    1.1500
parameter  8 42.704262 ->  0.500000 qaram    1.1500
parameter  9 -0.793137 -> -0.500000 qaram    1.1500
parameter 10  0.644565 ->  0.500000 qaram    1.1500
parameter 11  0.718334 ->  0.500000 qaram    1.1500
parameter 12 -0.829241 -> -0.500000 qaram    1.1500
parameters
   -3.7792   21.2252    4.3967   -5.6872   -9.8330   -8.9326
   18.3456    6.1189  -12.4699   24.6749   -9.7216  -25.9331
eta,q 0.92007 21.00569
  0.1285  0.1237  0.1268  0.1074  0.1012  0.0923  0.1011  0.0809  0.0930  0.0829  0.0822  0.0904
  0.1259  0.1222  0.1240  0.1113  0.1041  0.0954  0.0994  0.0845  0.0899  0.0828  0.0816  0.0864
  0.1236  0.1214  0.1221  0.1151  0.1077  0.0990  0.0977  0.0896  0.0876  0.0833  0.0819  0.0835
  0.1219  0.1212  0.1212  0.1210  0.1123  0.1050  0.0963  0.0947  0.0858  0.0843  0.0829  0.0816
  0.1212  0.1217  0.1211  0.1296  0.1181  0.1136  0.0952  0.0995  0.0847  0.0858  0.0842  0.0805
  0.1216  0.1229  0.1220  0.1392  0.1245  0.1269  0.0946  0.1042  0.0842  0.0882  0.0857  0.0798
  0.1234  0.1247  0.1240  0.1491  0.1307  0.1415  0.0949  0.1086  0.0842  0.0924  0.0875  0.0793
niter,ni,del,rscale     7    3    5.0000    1.2000
parameter  1 -0.857749 -> -0.500000 qaram    1.1500
parameter  2 -1.328495 -> -0.500000 qaram    1.1500
parameter  3 -0.705527 -> -0.500000 qaram    1.1500
parameter  4  1.012216 ->  0.500000 qaram    1.3225
parameter  5  0.835976 ->  0.500000 qaram    1.3225
parameter  7  2.088258 ->  0.500000 qaram    1.3225
parameter  8  1.118623 ->  0.500000 qaram    1.3225
parameter 11 -0.680644 -> -0.500000 qaram    1.3225
parameter 12 -0.988352 -> -0.500000 qaram    1.3225
parameters
   -2.3992   22.6052    5.7767  -10.4482  -14.5940  -12.4721
   13.5846    1.3579  -10.2271   24.2373   -4.9606  -21.1721
eta,q 0.95290 20.99101
  0.0917  0.0847  0.0800  0.0581  0.0576  0.0578  0.0518  0.0468  0.0506  0.0508  0.0515  0.0495
  0.0871  0.0818  0.0774  0.0612  0.0583  0.0577  0.0537  0.0476  0.0492  0.0497  0.0497  0.0487
  0.0831  0.0792  0.0755  0.0656  0.0597  0.0580  0.0557  0.0504  0.0486  0.0486  0.0487  0.0482
  0.0799  0.0768  0.0741  0.0729  0.0622  0.0586  0.0579  0.0542  0.0483  0.0482  0.0482  0.0477
  0.0777  0.0750  0.0733  0.0854  0.0667  0.0609  0.0603  0.0595  0.0482  0.0485  0.0479  0.0473
  0.0767  0.0739  0.0729  0.1023  0.0734  0.0682  0.0634  0.0664  0.0483  0.0496  0.0476  0.0471
  0.0770  0.0734  0.0731  0.1190  0.0807  0.0854  0.0674  0.0740  0.0488  0.0519  0.0475  0.0471
niter,ni,del,rscale     7    3    5.0000    1.2000
parameter  1 -1.068784 -> -0.500000 qaram    1.3225
parameter  2 -1.781190 -> -0.500000 qaram    1.3225
parameter  6 -1.487182 -> -0.500000 qaram    1.3225
parameter  7  0.639578 ->  0.500000 qaram    1.5209
parameter  9 -0.970810 -> -0.500000 qaram    1.3225
parameter 11 -0.711091 -> -0.500000 qaram    1.5209
parameter 12  0.831463 ->  0.500000 qaram    1.5209
parameters
   -0.8122   24.1922    4.5488  -14.1704  -18.0043   -7.7111
    8.1095   -0.5623   -5.4661   24.3010    0.5146  -26.6472
eta,q 0.96633 20.81049
  0.0553  0.0535  0.0410  0.0429  0.0418  0.0439  0.0375  0.0450  0.0410  0.0392  0.0378  0.0337
  0.0520  0.0501  0.0408  0.0416  0.0411  0.0427  0.0373  0.0369  0.0391  0.0375  0.0361  0.0336
  0.0494  0.0471  0.0407  0.0407  0.0406  0.0416  0.0377  0.0359  0.0375  0.0360  0.0354  0.0339
  0.0471  0.0444  0.0409  0.0407  0.0408  0.0406  0.0387  0.0374  0.0363  0.0350  0.0350  0.0344
  0.0453  0.0422  0.0413  0.0452  0.0421  0.0396  0.0403  0.0400  0.0354  0.0347  0.0346  0.0351
  0.0442  0.0405  0.0419  0.0579  0.0461  0.0383  0.0426  0.0449  0.0349  0.0360  0.0343  0.0360
  0.0442  0.0394  0.0427  0.0760  0.0532  0.0390  0.0465  0.0546  0.0348  0.0403  0.0343  0.0372
niter,ni,del,rscale     7    3    5.0000    1.2000
parameter  2 -0.890527 -> -0.500000 qaram    1.5209
parameter  8  0.517359 ->  0.500000 qaram    1.5209
parameter 11 -0.702360 -> -0.500000 qaram    1.7490
parameters
   -1.1222   26.0172    4.2731  -14.4103  -20.0430  -10.1956
    5.1252   -6.0375   -1.2439   26.4351    6.8110  -30.9750
eta,q 0.97129 20.62208
  0.0365  0.0424  0.0325  0.0368  0.0342  0.0361  0.0344  0.0320  0.0351  0.0344  0.0326  0.0299
  0.0344  0.0389  0.0318  0.0352  0.0327  0.0348  0.0333  0.0305  0.0333  0.0322  0.0308  0.0289
  0.0336  0.0359  0.0314  0.0334  0.0317  0.0333  0.0327  0.0312  0.0317  0.0308  0.0301  0.0287
  0.0337  0.0335  0.0313  0.0313  0.0314  0.0315  0.0329  0.0327  0.0306  0.0300  0.0298  0.0293
  0.0345  0.0319  0.0315  0.0296  0.0321  0.0306  0.0339  0.0345  0.0300  0.0298  0.0295  0.0302
  0.0357  0.0311  0.0321  0.0309  0.0349  0.0405  0.0356  0.0370  0.0301  0.0303  0.0292  0.0312
  0.0373  0.0311  0.0333  0.0423  0.0411  0.0706  0.0385  0.0432  0.0310  0.0313  0.0290  0.0322
niter,ni,del,rscale     7    3    5.0000    1.2000
parameters
   -1.4103   26.8715    4.3625  -13.3579  -20.7137  -11.6334
    3.3708   -4.9437   -0.8996   27.4166    8.1399  -30.3187
eta,q 0.97117 20.59349
  0.0316  0.0360  0.0300  0.0344  0.0322  0.0336  0.0321  0.0438  0.0318  0.0317  0.0303  0.0317
  0.0298  0.0325  0.0293  0.0326  0.0302  0.0319  0.0302  0.0320  0.0304  0.0302  0.0298  0.0299
  0.0289  0.0300  0.0288  0.0307  0.0286  0.0301  0.0290  0.0291  0.0294  0.0293  0.0293  0.0290
  0.0287  0.0287  0.0285  0.0285  0.0277  0.0278  0.0290  0.0288  0.0289  0.0289  0.0289  0.0288
  0.0293  0.0286  0.0286  0.0261  0.0279  0.0259  0.0300  0.0295  0.0292  0.0290  0.0287  0.0292
  0.0307  0.0296  0.0291  0.0260  0.0300  0.0283  0.0319  0.0312  0.0301  0.0294  0.0289  0.0299
  0.0329  0.0313  0.0299  0.0355  0.0352  0.0527  0.0354  0.0368  0.0315  0.0306  0.0302  0.0307
niter,ni,del,rscale     6    3    5.0000    1.2000
parameters
   -1.4256   27.1110    4.5713  -13.3332  -20.6720  -11.3475
    3.3811   -5.9112   -1.0205   27.0396    6.9392  -30.1604
eta,q 0.97137 20.58140
  0.0324  0.0338  0.0302  0.0344  0.0332  0.0343  0.0329  0.0376  0.0311  0.0309  0.0296  0.0313
  0.0304  0.0310  0.0296  0.0327  0.0314  0.0326  0.0308  0.0303  0.0297  0.0296  0.0292  0.0294
  0.0292  0.0293  0.0291  0.0309  0.0298  0.0309  0.0293  0.0287  0.0288  0.0288  0.0288  0.0287
  0.0288  0.0288  0.0289  0.0288  0.0288  0.0288  0.0286  0.0286  0.0286  0.0285  0.0286  0.0286
  0.0292  0.0293  0.0289  0.0268  0.0288  0.0267  0.0291  0.0294  0.0289  0.0287  0.0285  0.0291
  0.0304  0.0306  0.0292  0.0278  0.0300  0.0267  0.0305  0.0327  0.0298  0.0295  0.0291  0.0298
  0.0325  0.0324  0.0300  0.0389  0.0343  0.0382  0.0331  0.0424  0.0312  0.0318  0.0307  0.0307
niter,ni,del,rscale     5    3    5.0000    1.2000
parameters
   -1.4752   27.1171    4.7195  -13.2901  -20.6389  -11.3196
    3.3075   -5.2111   -1.0057   26.9420    7.2098  -29.9483
eta,q 0.97139 20.58043
  0.0320  0.0331  0.0299  0.0343  0.0331  0.0341  0.0329  0.0425  0.0313  0.0311  0.0299  0.0312
  0.0302  0.0304  0.0293  0.0325  0.0312  0.0323  0.0307  0.0313  0.0299  0.0297  0.0295  0.0295
  0.0290  0.0289  0.0288  0.0307  0.0296  0.0306  0.0292  0.0288  0.0290  0.0289  0.0290  0.0287
  0.0286  0.0286  0.0286  0.0286  0.0286  0.0286  0.0286  0.0286  0.0286  0.0286  0.0286  0.0286
  0.0290  0.0293  0.0287  0.0265  0.0286  0.0264  0.0291  0.0292  0.0289  0.0287  0.0284  0.0290
  0.0302  0.0307  0.0290  0.0274  0.0298  0.0263  0.0306  0.0311  0.0298  0.0294  0.0289  0.0298
  0.0323  0.0327  0.0297  0.0388  0.0342  0.0394  0.0332  0.0377  0.0313  0.0316  0.0303  0.0306
niter,ni,del,rscale     4    3    5.0000    1.2000
parameters
   -1.4543   27.0956    4.7278  -13.1915  -20.5785  -11.2624
    3.3390   -5.5242   -1.0089   26.8817    6.9190  -29.9709
eta,q 0.97153 20.59322
  0.0322  0.0331  0.0298  0.0342  0.0330  0.0340  0.0329  0.0393  0.0311  0.0310  0.0297  0.0310
  0.0302  0.0304  0.0292  0.0325  0.0312  0.0323  0.0307  0.0304  0.0297  0.0296  0.0292  0.0293
  0.0290  0.0289  0.0288  0.0307  0.0295  0.0306  0.0291  0.0286  0.0288  0.0287  0.0288  0.0286
  0.0286  0.0286  0.0286  0.0286  0.0285  0.0285  0.0285  0.0285  0.0285  0.0285  0.0285  0.0285
  0.0289  0.0293  0.0287  0.0265  0.0285  0.0265  0.0290  0.0292  0.0288  0.0286  0.0283  0.0289
  0.0301  0.0307  0.0291  0.0274  0.0297  0.0264  0.0304  0.0319  0.0297  0.0293  0.0288  0.0297
  0.0321  0.0328  0.0299  0.0385  0.0341  0.0390  0.0331  0.0402  0.0312  0.0315  0.0303  0.0306
niter,ni,del,rscale     3    3    5.0000    1.2000
parameters
   -1.4725   27.0938    4.7417  -13.2491  -20.5810  -11.2744
    3.3119   -5.3354   -1.0045   26.8923    7.1069  -29.9265
eta,q 0.97147 20.58809
  0.0320  0.0330  0.0297  0.0342  0.0330  0.0340  0.0329  0.0407  0.0312  0.0312  0.0298  0.0310
  0.0301  0.0303  0.0291  0.0324  0.0311  0.0323  0.0307  0.0308  0.0298  0.0297  0.0294  0.0294
  0.0289  0.0287  0.0287  0.0306  0.0295  0.0306  0.0292  0.0287  0.0289  0.0288  0.0289  0.0286
  0.0285  0.0285  0.0285  0.0285  0.0285  0.0285  0.0285  0.0285  0.0285  0.0285  0.0285  0.0285
  0.0288  0.0292  0.0285  0.0264  0.0285  0.0264  0.0290  0.0292  0.0288  0.0287  0.0284  0.0290
  0.0300  0.0306  0.0289  0.0274  0.0298  0.0264  0.0305  0.0315  0.0298  0.0293  0.0288  0.0297
  0.0322  0.0327  0.0298  0.0392  0.0342  0.0394  0.0331  0.0388  0.0312  0.0315  0.0302  0.0306
niter,ni,del,rscale     2    3    5.0000    1.2000
parameters
   -1.4639   27.0896    4.7350  -13.2138  -20.5740  -11.2669
    3.3267   -5.4564   -1.0077   26.8796    6.9910  -29.9560
eta,q 0.97151 20.59155
  0.0321  0.0331  0.0297  0.0342  0.0330  0.0340  0.0329  0.0398  0.0312  0.0311  0.0297  0.0310
  0.0302  0.0303  0.0291  0.0325  0.0311  0.0323  0.0307  0.0306  0.0298  0.0297  0.0293  0.0293
  0.0290  0.0288  0.0287  0.0306  0.0295  0.0306  0.0292  0.0286  0.0288  0.0288  0.0288  0.0286
  0.0285  0.0285  0.0285  0.0285  0.0285  0.0285  0.0285  0.0285  0.0285  0.0285  0.0285  0.0285
  0.0289  0.0293  0.0286  0.0264  0.0285  0.0264  0.0290  0.0292  0.0288  0.0286  0.0284  0.0290
  0.0301  0.0307  0.0290  0.0274  0.0298  0.0264  0.0305  0.0317  0.0297  0.0293  0.0288  0.0297
  0.0321  0.0327  0.0299  0.0388  0.0342  0.0393  0.0331  0.0397  0.0312  0.0314  0.0303  0.0306
niter,ni,del,rscale     1    3    5.0000    1.2000
parameters
   -1.4693   27.0915    4.7391  -13.2340  -20.5774  -11.2674
    3.3203   -5.3811   -1.0021   26.8870    7.0577  -29.9388
eta,q 0.97149 20.58979
  0.0320  0.0330  0.0297  0.0342  0.0330  0.0340  0.0329  0.0404  0.0312  0.0311  0.0298  0.0310
  0.0301  0.0303  0.0291  0.0324  0.0311  0.0323  0.0307  0.0307  0.0298  0.0297  0.0293  0.0293
  0.0289  0.0288  0.0287  0.0306  0.0295  0.0305  0.0292  0.0286  0.0289  0.0288  0.0289  0.0286
  0.0285  0.0285  0.0285  0.0285  0.0285  0.0285  0.0285  0.0285  0.0285  0.0285  0.0285  0.0285
  0.0288  0.0292  0.0286  0.0264  0.0285  0.0264  0.0290  0.0292  0.0288  0.0286  0.0284  0.0290
  0.0300  0.0306  0.0290  0.0274  0.0298  0.0264  0.0305  0.0316  0.0298  0.0293  0.0288  0.0297
  0.0321  0.0327  0.0298  0.0391  0.0342  0.0393  0.0331  0.0391  0.0312  0.0314  0.0303  0.0306
registration optimization eta report
parameter search radius
    3.1740    3.6501    2.7600    9.5220    9.5220    9.5220
   10.9503   10.9503    9.5220    8.2800   12.5928   10.9503
100000*second partial in parameter space
       36.       33.       16.       10.        6.       10.
        4.       10.        3.        4.        1.        2.
  0.0320  0.0330  0.0297  0.0342  0.0330  0.0340  0.0329  0.0404  0.0312  0.0311  0.0298  0.0310
  0.0301  0.0303  0.0291  0.0324  0.0311  0.0323  0.0307  0.0307  0.0298  0.0297  0.0293  0.0293
  0.0289  0.0288  0.0287  0.0306  0.0295  0.0305  0.0292  0.0286  0.0289  0.0288  0.0289  0.0286
  0.0285  0.0285  0.0285  0.0285  0.0285  0.0285  0.0285  0.0285  0.0285  0.0285  0.0285  0.0285
  0.0288  0.0292  0.0286  0.0264  0.0285  0.0264  0.0290  0.0292  0.0288  0.0286  0.0284  0.0290
  0.0300  0.0306  0.0290  0.0274  0.0298  0.0264  0.0305  0.0316  0.0298  0.0293  0.0288  0.0297
  0.0321  0.0327  0.0298  0.0391  0.0342  0.0393  0.0331  0.0391  0.0312  0.0314  0.0303  0.0306
   -1.4693   27.0915    4.7391  -13.2340  -20.5774  -11.2674
    3.3203   -5.3811   -1.0021   26.8870    7.0577  -29.9388
eta,q 0.97149 20.58979

---------------------------------------------------------------------
imgreg_4dfp /opt/freesurfer/average/711-2C_as_mni_average_305 /opt/freesurfer/average/711-2B_as_mni_average_305_mask talsrcimg_g11 none talsrcimg_to_711-2C_as_mni_average_305_t4 2311
---------------------------------------------------------------------

freesurfer imgreg_4dfp.c
/opt/freesurfer/average/711-2C_as_mni_average_305.4dfp.img
       256       256       256         1
  1.000000  1.000000  1.000000
orientation T byte_order littleendian
Reading image: /opt/freesurfer/average/711-2C_as_mni_average_305.4dfp.img
dimensions:      256       256       256
mmppix:       1.0000   -1.0000   -1.0000
center:     128.0000 -129.0000 -129.0000
/opt/freesurfer/average/711-2B_as_mni_average_305_mask.4dfp.img
       256       256       256         1
  1.000000  1.000000  1.000000
orientation T byte_order littleendian
Reading mask: /opt/freesurfer/average/711-2B_as_mni_average_305_mask.4dfp.img (2306576 pixels)
talsrcimg_g11.4dfp.img
       320       320       320         1
  0.700000  0.700000  0.700000
orientation T byte_order littleendian
Reading image: talsrcimg_g11.4dfp.img
dimensions:      320       320       320
mmppix:       0.7000   -0.7000   -0.7000
center:     112.0000 -112.7000 -112.7000
fimgreg.f
image alignment mode   2311 decimal      907 hex
parameters
   -1.4693   27.0915    4.7391  -13.2340  -20.5774  -11.2674
    3.3203   -5.3811   -1.0021   26.8870    7.0577  -29.9388
eta,q 0.97149 20.58979
niter,ni,del,rscale     5    3    5.0000    0.8000
parameter  4 -3.248735 -> -0.500000 qaram    1.1500
parameter  6 -2.625890 -> -0.500000 qaram    1.1500
parameters
   -1.4148   26.8313    4.8175  -10.4740  -19.0417   -8.5074
    3.6312   -5.8584   -1.0095   26.5912    6.0410  -30.0914
eta,q 0.97563 21.02654
  0.0295  0.0291  0.0289  0.0316  0.0285  0.0300  0.0262  0.0278  0.0256  0.0261  0.0249  0.0252
  0.0290  0.0287  0.0287  0.0306  0.0277  0.0289  0.0253  0.0254  0.0250  0.0252  0.0246  0.0247
  0.0286  0.0285  0.0285  0.0296  0.0270  0.0278  0.0248  0.0245  0.0246  0.0246  0.0244  0.0244
  0.0285  0.0285  0.0285  0.0285  0.0266  0.0265  0.0245  0.0245  0.0244  0.0244  0.0244  0.0244
  0.0286  0.0287  0.0285  0.0273  0.0265  0.0252  0.0246  0.0251  0.0245  0.0247  0.0246  0.0245
  0.0289  0.0291  0.0286  0.0264  0.0266  0.0243  0.0250  0.0266  0.0249  0.0254  0.0251  0.0248
  0.0294  0.0296  0.0289  0.0262  0.0271  0.0241  0.0259  0.0293  0.0257  0.0267  0.0258  0.0252
niter,ni,del,rscale     6    3    5.0000    0.9000
parameters
   -1.7600   26.6917    4.4007  -11.3727  -19.4743   -9.0112
    3.6196   -5.8163   -0.8230   27.3824    6.8038  -30.9766
eta,q 0.97490 21.00102
  0.0260  0.0257  0.0249  0.0290  0.0265  0.0295  0.0268  0.0291  0.0266  0.0276  0.0260  0.0257
  0.0249  0.0249  0.0245  0.0275  0.0256  0.0281  0.0259  0.0263  0.0259  0.0264  0.0256  0.0253
  0.0244  0.0244  0.0243  0.0258  0.0250  0.0265  0.0254  0.0253  0.0254  0.0256  0.0253  0.0251
  0.0244  0.0243  0.0243  0.0242  0.0248  0.0249  0.0252  0.0252  0.0252  0.0252  0.0252  0.0251
  0.0249  0.0246  0.0246  0.0242  0.0250  0.0239  0.0253  0.0256  0.0253  0.0252  0.0251  0.0253
  0.0262  0.0252  0.0252  0.0279  0.0258  0.0254  0.0259  0.0265  0.0257  0.0256  0.0253  0.0257
  0.0282  0.0262  0.0262  0.0377  0.0274  0.0365  0.0269  0.0286  0.0265  0.0265  0.0257  0.0262
niter,ni,del,rscale     5    3    5.0000    0.8000
parameters
   -1.6015   26.6932    4.2347  -11.0135  -19.4244   -8.5696
    3.6574   -5.8669   -0.7956   27.4689    6.6454  -30.9772
eta,q 0.97547 21.05090
  0.0269  0.0263  0.0257  0.0294  0.0263  0.0293  0.0260  0.0285  0.0256  0.0262  0.0252  0.0254
  0.0260  0.0256  0.0254  0.0280  0.0255  0.0279  0.0252  0.0257  0.0251  0.0253  0.0249  0.0248
  0.0254  0.0252  0.0251  0.0266  0.0250  0.0263  0.0247  0.0247  0.0247  0.0247  0.0246  0.0246
  0.0251  0.0251  0.0251  0.0251  0.0248  0.0248  0.0245  0.0245  0.0245  0.0245  0.0245  0.0245
  0.0251  0.0252  0.0252  0.0242  0.0249  0.0239  0.0246  0.0250  0.0246  0.0247  0.0246  0.0247
  0.0255  0.0256  0.0256  0.0253  0.0253  0.0242  0.0251  0.0261  0.0250  0.0252  0.0249  0.0249
  0.0264  0.0262  0.0261  0.0301  0.0263  0.0301  0.0260  0.0284  0.0257  0.0261  0.0254  0.0253
niter,ni,del,rscale     4    3    5.0000    0.7000
parameters
   -1.6461   26.6636    4.2079  -10.7582  -19.4570   -8.2257
    3.6275   -5.8896   -0.8337   27.3960    6.5399  -30.9528
eta,q 0.97583 21.07032
  0.0258  0.0254  0.0252  0.0284  0.0254  0.0284  0.0253  0.0276  0.0251  0.0255  0.0248  0.0249
  0.0251  0.0249  0.0248  0.0271  0.0249  0.0270  0.0247  0.0253  0.0246  0.0247  0.0245  0.0244
  0.0247  0.0246  0.0246  0.0258  0.0245  0.0256  0.0243  0.0243  0.0243  0.0243  0.0242  0.0242
  0.0245  0.0245  0.0245  0.0245  0.0244  0.0244  0.0242  0.0242  0.0242  0.0242  0.0242  0.0242
  0.0247  0.0247  0.0246  0.0239  0.0244  0.0236  0.0243  0.0246  0.0243  0.0243  0.0242  0.0243
  0.0252  0.0250  0.0248  0.0250  0.0248  0.0241  0.0247  0.0256  0.0246  0.0248  0.0245  0.0245
  0.0260  0.0255  0.0253  0.0290  0.0256  0.0290  0.0254  0.0275  0.0251  0.0256  0.0249  0.0248
niter,ni,del,rscale     3    3    5.0000    0.6000
parameters
   -1.6821   26.6409    4.2151  -10.4622  -19.5339   -7.8416
    3.5732   -5.9014   -0.8787   27.2579    6.4197  -30.8572
eta,q 0.97618 21.07938
  0.0252  0.0249  0.0247  0.0275  0.0248  0.0274  0.0247  0.0268  0.0245  0.0248  0.0244  0.0244
  0.0246  0.0245  0.0244  0.0264  0.0244  0.0261  0.0242  0.0249  0.0241  0.0242  0.0241  0.0240
  0.0243  0.0242  0.0242  0.0252  0.0241  0.0249  0.0239  0.0240  0.0239  0.0239  0.0239  0.0238
  0.0242  0.0242  0.0242  0.0242  0.0240  0.0240  0.0238  0.0238  0.0238  0.0238  0.0238  0.0238
  0.0243  0.0243  0.0242  0.0238  0.0241  0.0235  0.0239  0.0242  0.0239  0.0240  0.0239  0.0239
  0.0247  0.0245  0.0244  0.0246  0.0244  0.0239  0.0242  0.0251  0.0241  0.0243  0.0241  0.0240
  0.0254  0.0249  0.0247  0.0276  0.0249  0.0273  0.0248  0.0266  0.0246  0.0250  0.0245  0.0243
niter,ni,del,rscale     2    3    5.0000    0.5000
parameters
   -1.7271   26.6243    4.2373  -10.2185  -19.6341   -7.4983
    3.5158   -5.9197   -0.9138   27.1032    6.3302  -30.7481
eta,q 0.97643 21.07823
  0.0246  0.0243  0.0242  0.0265  0.0242  0.0263  0.0242  0.0259  0.0241  0.0243  0.0241  0.0240
  0.0242  0.0240  0.0240  0.0255  0.0240  0.0253  0.0239  0.0244  0.0238  0.0239  0.0238  0.0237
  0.0239  0.0239  0.0239  0.0246  0.0238  0.0244  0.0237  0.0237  0.0236  0.0236  0.0236  0.0236
  0.0238  0.0238  0.0238  0.0238  0.0237  0.0237  0.0236  0.0236  0.0236  0.0236  0.0236  0.0236
  0.0239  0.0239  0.0239  0.0236  0.0238  0.0234  0.0236  0.0239  0.0236  0.0237  0.0236  0.0236
  0.0243  0.0241  0.0240  0.0243  0.0240  0.0238  0.0239  0.0246  0.0238  0.0240  0.0238  0.0237
  0.0248  0.0243  0.0242  0.0264  0.0244  0.0261  0.0243  0.0258  0.0241  0.0245  0.0241  0.0239
niter,ni,del,rscale     1    3    5.0000    0.4000
parameters
   -1.7707   26.6121    4.2616  -10.0100  -19.7476   -7.1968
    3.4531   -5.9396   -0.9590   26.9507    6.2692  -30.6279
eta,q 0.97659 21.07104
  0.0241  0.0239  0.0239  0.0255  0.0238  0.0253  0.0238  0.0250  0.0238  0.0239  0.0238  0.0237
  0.0238  0.0237  0.0237  0.0248  0.0237  0.0246  0.0236  0.0240  0.0236  0.0236  0.0236  0.0235
  0.0236  0.0236  0.0236  0.0241  0.0235  0.0239  0.0235  0.0235  0.0234  0.0234  0.0234  0.0234
  0.0236  0.0236  0.0236  0.0236  0.0235  0.0235  0.0234  0.0234  0.0234  0.0234  0.0234  0.0234
  0.0237  0.0236  0.0236  0.0235  0.0236  0.0233  0.0235  0.0236  0.0234  0.0235  0.0235  0.0234
  0.0239  0.0237  0.0237  0.0240  0.0237  0.0236  0.0236  0.0241  0.0236  0.0237  0.0236  0.0235
  0.0243  0.0239  0.0238  0.0254  0.0239  0.0250  0.0239  0.0250  0.0238  0.0241  0.0238  0.0236
registration optimization eta report
parameter search radius
    0.8000    0.8000    0.8000    2.7600    2.4000    2.7600
    2.4000    2.4000    2.4000    2.4000    2.4000    2.4000
100000*second partial in parameter space
       98.       54.       45.       25.        6.       22.
        8.       28.        6.       10.        7.        5.
  0.0241  0.0239  0.0239  0.0255  0.0238  0.0253  0.0238  0.0250  0.0238  0.0239  0.0238  0.0237
  0.0238  0.0237  0.0237  0.0248  0.0237  0.0246  0.0236  0.0240  0.0236  0.0236  0.0236  0.0235
  0.0236  0.0236  0.0236  0.0241  0.0235  0.0239  0.0235  0.0235  0.0234  0.0234  0.0234  0.0234
  0.0236  0.0236  0.0236  0.0236  0.0235  0.0235  0.0234  0.0234  0.0234  0.0234  0.0234  0.0234
  0.0237  0.0236  0.0236  0.0235  0.0236  0.0233  0.0235  0.0236  0.0234  0.0235  0.0235  0.0234
  0.0239  0.0237  0.0237  0.0240  0.0237  0.0236  0.0236  0.0241  0.0236  0.0237  0.0236  0.0235
  0.0243  0.0239  0.0238  0.0254  0.0239  0.0250  0.0239  0.0250  0.0238  0.0241  0.0238  0.0236
   -1.7707   26.6121    4.2616  -10.0100  -19.7476   -7.1968
    3.4531   -5.9396   -0.9590   26.9507    6.2692  -30.6279
eta,q 0.97659 21.07104

---------------------------------------------------------------------
imgreg_4dfp /opt/freesurfer/average/711-2C_as_mni_average_305 /opt/freesurfer/average/711-2B_as_mni_average_305_mask talsrcimg_g11 none talsrcimg_to_711-2C_as_mni_average_305_t4 2311
---------------------------------------------------------------------

freesurfer imgreg_4dfp.c
/opt/freesurfer/average/711-2C_as_mni_average_305.4dfp.img
       256       256       256         1
  1.000000  1.000000  1.000000
orientation T byte_order littleendian
Reading image: /opt/freesurfer/average/711-2C_as_mni_average_305.4dfp.img
dimensions:      256       256       256
mmppix:       1.0000   -1.0000   -1.0000
center:     128.0000 -129.0000 -129.0000
/opt/freesurfer/average/711-2B_as_mni_average_305_mask.4dfp.img
       256       256       256         1
  1.000000  1.000000  1.000000
orientation T byte_order littleendian
Reading mask: /opt/freesurfer/average/711-2B_as_mni_average_305_mask.4dfp.img (2306576 pixels)
talsrcimg_g11.4dfp.img
       320       320       320         1
  0.700000  0.700000  0.700000
orientation T byte_order littleendian
Reading image: talsrcimg_g11.4dfp.img
dimensions:      320       320       320
mmppix:       0.7000   -0.7000   -0.7000
center:     112.0000 -112.7000 -112.7000
fimgreg.f
image alignment mode   2311 decimal      907 hex
parameters
   -1.7707   26.6121    4.2616  -10.0100  -19.7476   -7.1968
    3.4531   -5.9396   -0.9590   26.9507    6.2692  -30.6279
eta,q 0.97659 21.07103
niter,ni,del,rscale     5    3    5.0000    0.8000
parameters
   -1.8399   26.6275    4.3012  -10.8236  -19.8764   -8.0677
    3.5707   -5.8992   -0.9105   27.2673    6.3066  -30.8917
eta,q 0.97583 21.02890
  0.0259  0.0248  0.0249  0.0270  0.0252  0.0273  0.0257  0.0288  0.0254  0.0262  0.0250  0.0249
  0.0245  0.0240  0.0240  0.0256  0.0245  0.0259  0.0249  0.0256  0.0248  0.0251  0.0246  0.0244
  0.0237  0.0236  0.0236  0.0243  0.0240  0.0246  0.0244  0.0244  0.0243  0.0245  0.0243  0.0242
  0.0234  0.0234  0.0234  0.0234  0.0238  0.0238  0.0242  0.0242  0.0242  0.0242  0.0242  0.0242
  0.0238  0.0236  0.0235  0.0239  0.0239  0.0237  0.0243  0.0246  0.0243  0.0243  0.0242  0.0243
  0.0248  0.0240  0.0239  0.0269  0.0244  0.0267  0.0247  0.0259  0.0247  0.0248  0.0245  0.0246
  0.0265  0.0248  0.0247  0.0336  0.0256  0.0370  0.0256  0.0283  0.0254  0.0257  0.0251  0.0250
niter,ni,del,rscale     4    3    5.0000    0.7000
parameters
   -1.6986   26.6584    4.2383  -10.4301  -19.6566   -7.9105
    3.5286   -5.7631   -0.9092   27.2317    6.2264  -30.8156
eta,q 0.97615 21.06544
  0.0259  0.0252  0.0248  0.0276  0.0252  0.0273  0.0251  0.0283  0.0248  0.0253  0.0246  0.0246
  0.0250  0.0246  0.0244  0.0264  0.0245  0.0260  0.0244  0.0254  0.0243  0.0245  0.0242  0.0241
  0.0244  0.0243  0.0242  0.0252  0.0241  0.0248  0.0240  0.0241  0.0240  0.0240  0.0239  0.0239
  0.0242  0.0242  0.0241  0.0241  0.0239  0.0239  0.0238  0.0238  0.0238  0.0238  0.0239  0.0239
  0.0242  0.0243  0.0242  0.0237  0.0240  0.0234  0.0239  0.0243  0.0239  0.0240  0.0239  0.0240
  0.0246  0.0246  0.0245  0.0245  0.0243  0.0241  0.0244  0.0254  0.0243  0.0245  0.0242  0.0242
  0.0254  0.0251  0.0250  0.0274  0.0250  0.0282  0.0252  0.0275  0.0248  0.0253  0.0247  0.0245
niter,ni,del,rscale     3    3    5.0000    0.6000
parameters
   -1.7210   26.6442    4.2538  -10.2214  -19.6577   -7.5361
    3.4738   -5.7963   -0.9393   27.0870    6.1662  -30.6696
eta,q 0.97640 21.07303
  0.0251  0.0246  0.0244  0.0267  0.0246  0.0265  0.0246  0.0269  0.0243  0.0247  0.0243  0.0242
  0.0244  0.0242  0.0241  0.0256  0.0241  0.0255  0.0240  0.0248  0.0239  0.0241  0.0239  0.0238
  0.0240  0.0239  0.0239  0.0246  0.0239  0.0245  0.0237  0.0238  0.0237  0.0237  0.0237  0.0236
  0.0239  0.0239  0.0239  0.0238  0.0238  0.0238  0.0236  0.0236  0.0236  0.0236  0.0236  0.0236
  0.0240  0.0239  0.0239  0.0236  0.0238  0.0234  0.0237  0.0240  0.0237  0.0238  0.0237  0.0237
  0.0244  0.0242  0.0241  0.0244  0.0241  0.0238  0.0240  0.0251  0.0239  0.0242  0.0239  0.0238
  0.0252  0.0246  0.0244  0.0268  0.0246  0.0263  0.0247  0.0269  0.0244  0.0249  0.0244  0.0241
niter,ni,del,rscale     2    3    5.0000    0.5000
parameters
   -1.7595   26.6203    4.2698  -10.0589  -19.7369   -7.2732
    3.4457   -5.8393   -0.9603   26.9502    6.1472  -30.5847
eta,q 0.97655 21.06888
  0.0245  0.0241  0.0241  0.0258  0.0241  0.0256  0.0241  0.0259  0.0240  0.0242  0.0240  0.0239
  0.0240  0.0238  0.0238  0.0249  0.0238  0.0247  0.0238  0.0244  0.0237  0.0238  0.0237  0.0236
  0.0237  0.0236  0.0237  0.0242  0.0236  0.0240  0.0235  0.0236  0.0235  0.0235  0.0235  0.0235
  0.0236  0.0236  0.0236  0.0236  0.0235  0.0235  0.0235  0.0235  0.0234  0.0234  0.0235  0.0234
  0.0237  0.0237  0.0236  0.0235  0.0236  0.0233  0.0235  0.0238  0.0235  0.0236  0.0235  0.0235
  0.0241  0.0239  0.0238  0.0241  0.0238  0.0237  0.0238  0.0246  0.0237  0.0239  0.0237  0.0236
  0.0246  0.0241  0.0240  0.0258  0.0242  0.0254  0.0242  0.0259  0.0240  0.0244  0.0240  0.0238
niter,ni,del,rscale     1    3    5.0000    0.4000
parameters
   -1.7899   26.6094    4.2977   -9.9040  -19.8193   -7.0311
    3.4051   -5.8766   -0.9815   26.8178    6.1335  -30.4824
eta,q 0.97666 21.06146
  0.0241  0.0238  0.0238  0.0250  0.0238  0.0248  0.0238  0.0250  0.0237  0.0239  0.0238  0.0236
  0.0237  0.0236  0.0236  0.0244  0.0236  0.0242  0.0236  0.0240  0.0235  0.0236  0.0235  0.0235
  0.0235  0.0235  0.0235  0.0238  0.0235  0.0237  0.0234  0.0235  0.0234  0.0234  0.0234  0.0234
  0.0235  0.0235  0.0235  0.0235  0.0234  0.0234  0.0233  0.0233  0.0233  0.0233  0.0233  0.0233
  0.0235  0.0235  0.0235  0.0234  0.0235  0.0233  0.0234  0.0236  0.0234  0.0234  0.0234  0.0234
  0.0238  0.0236  0.0236  0.0238  0.0236  0.0235  0.0236  0.0241  0.0235  0.0237  0.0235  0.0235
  0.0242  0.0238  0.0237  0.0249  0.0238  0.0246  0.0238  0.0251  0.0237  0.0240  0.0238  0.0236
registration optimization eta report
parameter search radius
    0.8000    0.8000    0.8000    2.4000    2.4000    2.4000
    2.4000    2.4000    2.4000    2.4000    2.4000    2.4000
100000*second partial in parameter space
      104.       54.       48.       27.        7.       23.
        8.       29.        6.       10.        7.        4.
  0.0241  0.0238  0.0238  0.0250  0.0238  0.0248  0.0238  0.0250  0.0237  0.0239  0.0238  0.0236
  0.0237  0.0236  0.0236  0.0244  0.0236  0.0242  0.0236  0.0240  0.0235  0.0236  0.0235  0.0235
  0.0235  0.0235  0.0235  0.0238  0.0235  0.0237  0.0234  0.0235  0.0234  0.0234  0.0234  0.0234
  0.0235  0.0235  0.0235  0.0235  0.0234  0.0234  0.0233  0.0233  0.0233  0.0233  0.0233  0.0233
  0.0235  0.0235  0.0235  0.0234  0.0235  0.0233  0.0234  0.0236  0.0234  0.0234  0.0234  0.0234
  0.0238  0.0236  0.0236  0.0238  0.0236  0.0235  0.0236  0.0241  0.0235  0.0237  0.0235  0.0235
  0.0242  0.0238  0.0237  0.0249  0.0238  0.0246  0.0238  0.0251  0.0237  0.0240  0.0238  0.0236
   -1.7899   26.6094    4.2977   -9.9040  -19.8193   -7.0311
    3.4051   -5.8766   -0.9815   26.8178    6.1335  -30.4824
eta,q 0.97666 21.06146

---------------------------------------------------------------------
compute_vox2vox talsrcimg talsrcimg_to_711-2C_as_mni_average_305_t4 /opt/freesurfer/average/711-2C_as_mni_average_305
---------------------------------------------------------------------

freesurfer compute_vox2vox.c
Reading: talsrcimg.4dfp.ifh
Reading: talsrcimg_to_711-2C_as_mni_average_305_t4
Reading: /opt/freesurfer/average/711-2C_as_mni_average_305.4dfp.ifh
Writing: talsrcimg_to_711-2C_as_mni_average_305_t4_vox2vox.txt

start time Fri Mar 13 06:55:03 CET 2026
end		time Fri Mar 13 06:56:26 CET 2026

mpr2mni305 success

avi2talxfm orig_nu.mgz /opt/freesurfer/average/mni305.cor.mgz talsrcimg_to_711-2C_as_mni_average_305_t4_vox2vox.txt transforms/talairach.auto.xfm
avi2talxfm done
mv -f /out/sourcedata/freesurfer/sub-v2s5x29544_ses-1/mri/talsrcimg_to_711-2C_as_mni_average_305_t4_vox2vox.txt /out/sourcedata/freesurfer/sub-v2s5x29544_ses-1/mri/transforms/talsrcimg_to_711-2C_as_mni_average_305_t4_vox2vox.txt
lta_convert --src orig_nu.mgz --trg /opt/freesurfer/average/mni305.cor.mgz --inxfm transforms/talairach.auto.xfm --outlta transforms/talairach.auto.xfm.lta --subject fsaverage
7.3.2

--src: orig_nu.mgz src image (geometry).
--trg: /opt/freesurfer/average/mni305.cor.mgz trg image (geometry).
--inmni: transforms/talairach.auto.xfm input MNI/XFM transform.
--outlta: transforms/talairach.auto.xfm.lta output LTA.
--s: fsaverage subject name
 LTA read, type : 1
 1.10461   0.07512  -0.01835  -3.28262;
-0.06168   0.96513   0.36953  -18.52946;
 0.03415  -0.32188   1.12336   13.50098;
 0.00000   0.00000   0.00000   1.00000;
setting subject to fsaverage
Writing  LTA to file transforms/talairach.auto.xfm.lta...
lta_convert successful.
 
 
Started at Fri Mar 13 06:55:02 CET 2026
Ended   at Fri Mar 13 06:56:27 CET 2026
talairach_avi done
