status file for recon-all
Fri Mar 13 08:03:34 CET 2026
#@# MotionCor Fri Mar 13 08:03:39 CET 2026
#@# Talairach Fri Mar 13 08:03:56 CET 2026
#@# Talairach Failure Detection Fri Mar 13 08:11:06 CET 2026
#@# Nu Intensity Correction Fri Mar 13 08:11:06 CET 2026
#@# Intensity Normalization Fri Mar 13 08:17:27 CET 2026
recon-all -s sub-v2s5x29571_ses-1 finished without error at Fri Mar 13 08:23:10 CET 2026



#New# invocation of recon-all 



status file for recon-all
Fri Mar 13 08:33:21 CET 2026
#@# EM Registration Fri Mar 13 08:33:21 CET 2026
recon-all -s sub-v2s5x29571_ses-1 finished without error at Fri Mar 13 08:35:32 CET 2026



#New# invocation of recon-all 



status file for recon-all
Fri Mar 13 08:35:37 CET 2026
#@# CA Normalize Fri Mar 13 08:35:37 CET 2026
#@# CA Reg Fri Mar 13 08:37:36 CET 2026
#@# SubCort Seg Fri Mar 13 09:28:33 CET 2026
#@# CC Seg Fri Mar 13 10:52:29 CET 2026
#@# Merge ASeg Fri Mar 13 10:53:27 CET 2026
#@# Intensity Normalization2 Fri Mar 13 10:53:27 CET 2026
#@# Mask BFS Fri Mar 13 10:58:47 CET 2026
#@# WM Segmentation Fri Mar 13 10:58:48 CET 2026
#@# Fill Fri Mar 13 11:04:17 CET 2026
recon-all -s sub-v2s5x29571_ses-1 finished without error at Fri Mar 13 11:06:09 CET 2026



#New# invocation of recon-all 



status file for recon-all
Fri Mar 13 12:55:06 CET 2026
#@# white curv lh Fri Mar 13 12:55:06 CET 2026
#@# white area lh Fri Mar 13 12:55:06 CET 2026
#@# pial curv lh Fri Mar 13 12:55:06 CET 2026
#@# pial area lh Fri Mar 13 12:55:06 CET 2026
#@# thickness lh Fri Mar 13 12:55:06 CET 2026
#@# area and vertex vol lh Fri Mar 13 12:55:06 CET 2026
#@# white curv rh Fri Mar 13 12:55:06 CET 2026
#@# white area rh Fri Mar 13 12:55:06 CET 2026
#@# pial curv rh Fri Mar 13 12:55:06 CET 2026
#@# pial area rh Fri Mar 13 12:55:06 CET 2026
#@# thickness rh Fri Mar 13 12:55:06 CET 2026
#@# area and vertex vol rh Fri Mar 13 12:55:06 CET 2026
#@# Cortical ribbon mask Fri Mar 13 12:55:06 CET 2026
recon-all -s sub-v2s5x29571_ses-1 finished without error at Fri Mar 13 13:20:51 CET 2026



#New# invocation of recon-all 



status file for recon-all
Fri Mar 13 13:37:07 CET 2026
#@# white curv lh Fri Mar 13 13:37:07 CET 2026
#@# white area lh Fri Mar 13 13:37:07 CET 2026
#@# pial curv lh Fri Mar 13 13:37:07 CET 2026
#@# pial area lh Fri Mar 13 13:37:07 CET 2026
#@# thickness lh Fri Mar 13 13:37:07 CET 2026
#@# area and vertex vol lh Fri Mar 13 13:37:07 CET 2026
#@# white curv rh Fri Mar 13 13:37:07 CET 2026
#@# white area rh Fri Mar 13 13:37:07 CET 2026
#@# pial curv rh Fri Mar 13 13:37:07 CET 2026
#@# pial area rh Fri Mar 13 13:37:07 CET 2026
#@# thickness rh Fri Mar 13 13:37:07 CET 2026
#@# area and vertex vol rh Fri Mar 13 13:37:07 CET 2026
#@# Curvature Stats lh Fri Mar 13 13:37:07 CET 2026
#@# Curvature Stats rh Fri Mar 13 13:37:14 CET 2026
#@# Relabel Hypointensities Fri Mar 13 13:37:21 CET 2026
#@# APas-to-ASeg Fri Mar 13 13:38:05 CET 2026
#@# AParc-to-ASeg aparc Fri Mar 13 13:38:28 CET 2026
#@# AParc-to-ASeg aparc.a2009s Fri Mar 13 13:41:22 CET 2026
#@# AParc-to-ASeg aparc.DKTatlas Fri Mar 13 13:44:03 CET 2026
#@# WMParc Fri Mar 13 13:46:17 CET 2026
#@# ASeg Stats Fri Mar 13 13:52:33 CET 2026
recon-all -s sub-v2s5x29571_ses-1 finished without error at Fri Mar 13 13:53:34 CET 2026
