status file for recon-all
Fri Mar 13 11:06:14 CET 2026
#@# Tessellate lh Fri Mar 13 11:06:14 CET 2026
#@# Smooth1 lh Fri Mar 13 11:06:22 CET 2026
#@# Inflation1 lh Fri Mar 13 11:06:28 CET 2026
#@# QSphere lh Fri Mar 13 11:09:23 CET 2026
#@# Fix Topology lh Fri Mar 13 11:11:32 CET 2026
#@# Smooth2 lh Fri Mar 13 11:22:17 CET 2026
#@# Inflation2 lh Fri Mar 13 11:22:24 CET 2026
#@# Curv .H and .K lh Fri Mar 13 11:23:07 CET 2026
#@# Sphere lh Fri Mar 13 11:24:50 CET 2026
#@# Surf Reg lh Fri Mar 13 11:33:00 CET 2026
#@# Jacobian white lh Fri Mar 13 11:43:05 CET 2026
#@# AvgCurv lh Fri Mar 13 11:43:07 CET 2026
#@# Cortical Parc lh Fri Mar 13 11:43:09 CET 2026
#@# white curv lh Fri Mar 13 11:56:02 CET 2026
#@# white area lh Fri Mar 13 11:56:07 CET 2026
#@# pial curv lh Fri Mar 13 11:56:09 CET 2026
#@# pial area lh Fri Mar 13 11:56:13 CET 2026
#@# thickness lh Fri Mar 13 11:56:15 CET 2026
#@# area and vertex vol lh Fri Mar 13 11:57:32 CET 2026
#@# Curvature Stats lh Fri Mar 13 11:57:36 CET 2026
#@# Cortical Parc 2 lh Fri Mar 13 11:57:43 CET 2026
#@# Cortical Parc 3 lh Fri Mar 13 11:58:12 CET 2026
#@# WM/GM Contrast lh Fri Mar 13 11:58:35 CET 2026
recon-all -s sub-v2s5x29571_ses-1 finished without error at Fri Mar 13 11:58:47 CET 2026



#New# invocation of recon-all 



status file for recon-all
Fri Mar 13 13:20:55 CET 2026
#@# white curv lh Fri Mar 13 13:20:55 CET 2026
#@# white area lh Fri Mar 13 13:20:55 CET 2026
#@# pial curv lh Fri Mar 13 13:20:55 CET 2026
#@# pial area lh Fri Mar 13 13:20:55 CET 2026
#@# thickness lh Fri Mar 13 13:20:55 CET 2026
#@# area and vertex vol lh Fri Mar 13 13:20:55 CET 2026
#@# Parcellation Stats lh Fri Mar 13 13:20:55 CET 2026
#@# Parcellation Stats 2 lh Fri Mar 13 13:22:11 CET 2026
#@# Parcellation Stats 3 lh Fri Mar 13 13:22:47 CET 2026
#@# BA_exvivo Labels lh Fri Mar 13 13:23:31 CET 2026
recon-all -s sub-v2s5x29571_ses-1 finished without error at Fri Mar 13 13:29:01 CET 2026
