/out/sourcedata/freesurfer/sub-v2s5x29570_ses-1/mri
/opt/freesurfer/bin/talairach_avi
--i orig_nu.mgz --xfm transforms/talairach.auto.xfm
talairach_avi 7.3.2
Linux dna061 5.14.0-427.37.1.el9_4.x86_64 #1 SMP PREEMPT_DYNAMIC Fri Sep 13 12:41:50 EDT 2024 x86_64 x86_64 x86_64 GNU/Linux
Fri Mar 13 08:05:46 CET 2026
mri_convert orig_nu.mgz talsrcimg.img 
reading from orig_nu.mgz...
TR=0.00, TE=0.00, TI=0.00, flip angle=0.00
i_ras = (-1, 0, 0)
j_ras = (0, 0, -1)
k_ras = (0, 1, 0)
writing to talsrcimg.img...
Analyze Output Matrix
-0.70000   0.00000   0.00000   117.16810;
 0.00000   0.00000   0.70000  -87.81400;
 0.00000  -0.70000   0.00000   93.85680;
 0.00000   0.00000   0.00000   1.00000;
--------------------
INFO: set hdr.hist.orient to -1
mpr2mni305 talsrcimg
Fri Mar 13 08:05:47 CET 2026
/opt/freesurfer/bin/mpr2mni305 talsrcimg
mpr2mni305 7.3.2
target=711-2C_as_mni_average_305

---------------------------------------------------------------------
analyzeto4dfp talsrcimg -O0 -y
---------------------------------------------------------------------

freesurfer ifh2hdr.c
Fri Mar 13 08:05:47 2026
Writing: talsrcimg.4dfp.hdr
freesurfer analyzeto4dfp.c
Reading: talsrcimg.hdr
header size 348 bytes
hdr.dime.datatype	offset=70	value=2
hdr.dime.bitpix		offset=72	value=8
hdr.hist.orient		offset=252	value=-1
dimensionality     4
dimensions       320       320       320         1
Reading: talsrcimg.img
Writing: talsrcimg.4dfp.img
Writing: talsrcimg.4dfp.ifh
ifh2hdr talsrcimg -r0to219
ori=2

---------------------------------------------------------------------
gauss_4dfp talsrcimg 1.1
---------------------------------------------------------------------

freesurfer gauss_4dfp.c
Reading: talsrcimg.4dfp.img
Writing: talsrcimg_g11.4dfp.img
image dimensions 320 320 320 padded to 384 384 384
processing volume 1freesurfer ifh2hdr.c
Fri Mar 13 08:06:04 2026
Writing: talsrcimg_g11.4dfp.hdr

Writing: talsrcimg_g11.4dfp.ifh
including: talsrcimg.4dfp.img.rec in talsrcimg_g11.4dfp.img.rec

---------------------------------------------------------------------
imgreg_4dfp /opt/freesurfer/average/711-2C_as_mni_average_305 none talsrcimg_g11 none talsrcimg_to_711-2C_as_mni_average_305_t4 4355
---------------------------------------------------------------------

freesurfer imgreg_4dfp.c
/opt/freesurfer/average/711-2C_as_mni_average_305.4dfp.img
       256       256       256         1
  1.000000  1.000000  1.000000
orientation T byte_order littleendian
Reading image: /opt/freesurfer/average/711-2C_as_mni_average_305.4dfp.img
dimensions:      256       256       256
mmppix:       1.0000   -1.0000   -1.0000
center:     128.0000 -129.0000 -129.0000
talsrcimg_g11.4dfp.img
       320       320       320         1
  0.700000  0.700000  0.700000
orientation T byte_order littleendian
Reading image: talsrcimg_g11.4dfp.img
dimensions:      320       320       320
mmppix:       0.7000   -0.7000   -0.7000
center:     112.0000 -112.7000 -112.7000
t4_read: open error in t4_sub.f l:  41 t4_file(1:l)talsrcimg_to_711-2C_as_mni_average_305_t4 
t4_read: transform initialized to I4
rotation matrix determinant  1.000000
image alignment mode   4355 decimal     1103 hex
   -7.5000  -45.0000  -45.0000 4290.9346   22.8967
    0.0000  -45.0000  -45.0000 4520.6826   22.9203
    7.5000  -45.0000  -45.0000 4373.1582   22.8959
   -7.5000  -37.5000  -45.0000 4644.9385   22.8640
    0.0000  -37.5000  -45.0000 4898.9067   22.8924
    7.5000  -37.5000  -45.0000 4729.8809   22.8813
   -7.5000  -30.0000  -45.0000 5088.3823   22.3529
    0.0000  -30.0000  -45.0000 5364.7861   22.3786
    7.5000  -30.0000  -45.0000 5149.5527   22.3701
   -7.5000  -22.5000  -45.0000 5410.2524   21.3801
    0.0000  -22.5000  -45.0000 5715.7642   21.4006
    7.5000  -22.5000  -45.0000 5470.8403   21.3890
   -7.5000  -15.0000  -45.0000 6001.2852   20.6843
    0.0000  -15.0000  -45.0000 6351.5894   20.7013
    7.5000  -15.0000  -45.0000 6076.5708   20.6850
   -7.5000   -7.5000  -45.0000 6568.9336   20.2123
    0.0000   -7.5000  -45.0000 6950.8140   20.2270
    7.5000   -7.5000  -45.0000 6639.4712   20.2058
   -7.5000    0.0000  -45.0000 7183.5322   20.1338
    0.0000    0.0000  -45.0000 7603.8398   20.1496
    7.5000    0.0000  -45.0000 7237.1387   20.1312
   -7.5000    7.5000  -45.0000 7165.7188   20.1568
    0.0000    7.5000  -45.0000 7575.6133   20.1727
    7.5000    7.5000  -45.0000 7207.0723   20.1611
   -7.5000   15.0000  -45.0000 7083.2231   19.8641
    0.0000   15.0000  -45.0000 7491.5850   19.8804
    7.5000   15.0000  -45.0000 7112.0229   19.8694
   -7.5000   22.5000  -45.0000 6991.5723   19.2972
    0.0000   22.5000  -45.0000 7392.0386   19.3146
    7.5000   22.5000  -45.0000 7027.6445   19.3023
   -7.5000   30.0000  -45.0000 7100.8306   19.2545
    0.0000   30.0000  -45.0000 7520.0420   19.2704
    7.5000   30.0000  -45.0000 7132.4546   19.2549
   -7.5000   37.5000  -45.0000 6871.0601   18.6629
    0.0000   37.5000  -45.0000 7295.3877   18.6765
    7.5000   37.5000  -45.0000 6901.4185   18.6569
   -7.5000   45.0000  -45.0000 6538.2598   18.0224
    0.0000   45.0000  -45.0000 6952.7856   18.0366
    7.5000   45.0000  -45.0000 6561.8975   18.0201
   -7.5000  -45.0000  -37.5000 4544.1147   23.7351
    0.0000  -45.0000  -37.5000 4791.1011   23.7592
    7.5000  -45.0000  -37.5000 4622.3813   23.7416
   -7.5000  -37.5000  -37.5000 4931.9775   23.7176
    0.0000  -37.5000  -37.5000 5205.9785   23.7474
    7.5000  -37.5000  -37.5000 5010.3843   23.7507
   -7.5000  -30.0000  -37.5000 5426.7065   23.1569
    0.0000  -30.0000  -37.5000 5735.3477   23.1860
    7.5000  -30.0000  -37.5000 5476.9512   23.1945
   -7.5000  -22.5000  -37.5000 5796.8516   22.1851
    0.0000  -22.5000  -37.5000 6133.5645   22.2049
    7.5000  -22.5000  -37.5000 5837.3247   22.2046
   -7.5000  -15.0000  -37.5000 6439.0273   21.4899
    0.0000  -15.0000  -37.5000 6817.3062   21.5028
    7.5000  -15.0000  -37.5000 6486.1099   21.4904
   -7.5000   -7.5000  -37.5000 7063.2729   21.0028
    0.0000   -7.5000  -37.5000 7471.4561   21.0152
    7.5000   -7.5000  -37.5000 7102.0513   20.9968
   -7.5000    0.0000  -37.5000 7749.8472   20.9046
    0.0000    0.0000  -37.5000 8179.5610   20.9203
    7.5000    0.0000  -37.5000 7768.6069   20.9068
   -7.5000    7.5000  -37.5000 7723.4927   20.9138
    0.0000    7.5000  -37.5000 8143.3247   20.9325
    7.5000    7.5000  -37.5000 7728.3413   20.9310
   -7.5000   15.0000  -37.5000 7639.1782   20.6133
    0.0000   15.0000  -37.5000 8056.8638   20.6328
    7.5000   15.0000  -37.5000 7617.3730   20.6350
   -7.5000   22.5000  -37.5000 7529.5293   20.0543
    0.0000   22.5000  -37.5000 7961.0679   20.0708
    7.5000   22.5000  -37.5000 7501.3911   20.0674
   -7.5000   30.0000  -37.5000 7631.9082   20.0238
    0.0000   30.0000  -37.5000 8097.4336   20.0364
    7.5000   30.0000  -37.5000 7610.8242   20.0248
   -7.5000   37.5000  -37.5000 7370.2178   19.4077
    0.0000   37.5000  -37.5000 7824.5210   19.4193
    7.5000   37.5000  -37.5000 7351.7266   19.4021
   -7.5000   45.0000  -37.5000 7001.1953   18.7125
    0.0000   45.0000  -37.5000 7442.0063   18.7265
    7.5000   45.0000  -37.5000 6987.5498   18.7145
   -7.5000  -45.0000  -30.0000 4819.7769   24.6849
    0.0000  -45.0000  -30.0000 5092.4385   24.7045
    7.5000  -45.0000  -30.0000 4890.2402   24.6889
   -7.5000  -37.5000  -30.0000 5253.3862   24.6932
    0.0000  -37.5000  -30.0000 5557.4482   24.7139
    7.5000  -37.5000  -30.0000 5314.4165   24.7182
   -7.5000  -30.0000  -30.0000 5804.2212   24.0797
    0.0000  -30.0000  -30.0000 6139.9351   24.1034
    7.5000  -30.0000  -30.0000 5848.6245   24.1155
   -7.5000  -22.5000  -30.0000 6231.8604   23.0917
    0.0000  -22.5000  -30.0000 6590.1997   23.1062
    7.5000  -22.5000  -30.0000 6260.0996   23.1080
   -7.5000  -15.0000  -30.0000 6927.4731   22.3812
    0.0000  -15.0000  -30.0000 7325.5547   22.3910
    7.5000  -15.0000  -30.0000 6949.3008   22.3812
   -7.5000   -7.5000  -30.0000 7607.2305   21.8684
    0.0000   -7.5000  -30.0000 8035.5571   21.8776
    7.5000   -7.5000  -30.0000 7624.5635   21.8618
   -7.5000    0.0000  -30.0000 8341.3818   21.7494
    0.0000    0.0000  -30.0000 8818.2344   21.7590
    7.5000    0.0000  -30.0000 8348.2930   21.7456
   -7.5000    7.5000  -30.0000 8307.5742   21.7465
    0.0000    7.5000  -30.0000 8772.9258   21.7588
    7.5000    7.5000  -30.0000 8292.8223   21.7580
   -7.5000   15.0000  -30.0000 8205.8115   21.4423
    0.0000   15.0000  -30.0000 8658.5762   21.4562
    7.5000   15.0000  -30.0000 8149.1743   21.4602
   -7.5000   22.5000  -30.0000 8101.9272   20.8912
    0.0000   22.5000  -30.0000 8557.2783   20.9029
    7.5000   22.5000  -30.0000 8013.7397   20.9012
   -7.5000   30.0000  -30.0000 8203.1123   20.8683
    0.0000   30.0000  -30.0000 8703.7275   20.8781
    7.5000   30.0000  -30.0000 8124.8848   20.8692
   -7.5000   37.5000  -30.0000 7911.3213   20.2365
    0.0000   37.5000  -30.0000 8407.6504   20.2450
    7.5000   37.5000  -30.0000 7837.4019   20.2302
   -7.5000   45.0000  -30.0000 7490.3765   19.4997
    0.0000   45.0000  -30.0000 7970.9302   19.5083
    7.5000   45.0000  -30.0000 7440.5537   19.4962
   -7.5000  -45.0000  -22.5000 4988.7686   24.6972
    0.0000  -45.0000  -22.5000 5273.2026   24.7098
    7.5000  -45.0000  -22.5000 5047.0156   24.6841
   -7.5000  -37.5000  -22.5000 5464.1011   24.7207
    0.0000  -37.5000  -22.5000 5776.1792   24.7290
    7.5000  -37.5000  -22.5000 5501.8076   24.7164
   -7.5000  -30.0000  -22.5000 6042.6606   24.1180
    0.0000  -30.0000  -22.5000 6399.8525   24.1323
    7.5000  -30.0000  -22.5000 6079.9189   24.1299
   -7.5000  -22.5000  -22.5000 6486.5830   23.1296
    0.0000  -22.5000  -22.5000 6862.8491   23.1404
    7.5000  -22.5000  -22.5000 6514.6465   23.1332
   -7.5000  -15.0000  -22.5000 7207.7832   22.4140
    0.0000  -15.0000  -22.5000 7617.7212   22.4252
    7.5000  -15.0000  -22.5000 7223.8647   22.4137
   -7.5000   -7.5000  -22.5000 7929.7202   21.8957
    0.0000   -7.5000  -22.5000 8373.8896   21.9033
    7.5000   -7.5000  -22.5000 7931.1528   21.8846
   -7.5000    0.0000  -22.5000 8727.2373   21.7750
    0.0000    0.0000  -22.5000 9227.7520   21.7773
    7.5000    0.0000  -22.5000 8723.0225   21.7558
   -7.5000    7.5000  -22.5000 8699.9893   21.7736
    0.0000    7.5000  -22.5000 9196.3555   21.7754
    7.5000    7.5000  -22.5000 8659.3359   21.7629
   -7.5000   15.0000  -22.5000 8580.8926   21.4767
    0.0000   15.0000  -22.5000 9043.8467   21.4817
    7.5000   15.0000  -22.5000 8479.0801   21.4739
   -7.5000   22.5000  -22.5000 8452.3252   20.9282
    0.0000   22.5000  -22.5000 8916.0742   20.9367
    7.5000   22.5000  -22.5000 8323.2803   20.9278
   -7.5000   30.0000  -22.5000 8548.3135   20.9025
    0.0000   30.0000  -22.5000 9061.4287   20.9132
    7.5000   30.0000  -22.5000 8432.8506   20.9025
   -7.5000   37.5000  -22.5000 8233.7432   20.2645
    0.0000   37.5000  -22.5000 8726.8750   20.2715
    7.5000   37.5000  -22.5000 8120.8486   20.2540
   -7.5000   45.0000  -22.5000 7789.5181   19.5226
    0.0000   45.0000  -22.5000 8264.1826   19.5247
    7.5000   45.0000  -22.5000 7694.3687   19.5054
   -7.5000  -45.0000  -15.0000 5294.3169   25.6711
    0.0000  -45.0000  -15.0000 5593.9502   25.6819
    7.5000  -45.0000  -15.0000 5342.0029   25.6476
   -7.5000  -37.5000  -15.0000 5789.8647   25.7265
    0.0000  -37.5000  -15.0000 6126.3545   25.7323
    7.5000  -37.5000  -15.0000 5829.7324   25.7036
   -7.5000  -30.0000  -15.0000 6393.4409   25.0887
    0.0000  -30.0000  -15.0000 6775.5698   25.1010
    7.5000  -30.0000  -15.0000 6435.9404   25.0814
   -7.5000  -22.5000  -15.0000 6839.8584   24.0422
    0.0000  -22.5000  -15.0000 7238.2661   24.0565
    7.5000  -22.5000  -15.0000 6874.5771   24.0392
   -7.5000  -15.0000  -15.0000 7615.6133   23.2810
    0.0000  -15.0000  -15.0000 8050.4429   23.2986
    7.5000  -15.0000  -15.0000 7640.7686   23.2844
   -7.5000   -7.5000  -15.0000 8408.5898   22.7424
    0.0000   -7.5000  -15.0000 8888.2051   22.7529
    7.5000   -7.5000  -15.0000 8409.5176   22.7311
   -7.5000    0.0000  -15.0000 9295.4658   22.6298
    0.0000    0.0000  -15.0000 9831.3311   22.6311
    7.5000    0.0000  -15.0000 9285.5498   22.6033
   -7.5000    7.5000  -15.0000 9325.0684   22.6407
    0.0000    7.5000  -15.0000 9865.7031   22.6389
    7.5000    7.5000  -15.0000 9271.1299   22.6148
   -7.5000   15.0000  -15.0000 9198.8018   22.3397
    0.0000   15.0000  -15.0000 9652.4170   22.3423
    7.5000   15.0000  -15.0000 9061.1963   22.3210
   -7.5000   22.5000  -15.0000 9018.8438   21.7694
    0.0000   22.5000  -15.0000 9425.3887   21.7810
    7.5000   22.5000  -15.0000 8840.3203   21.7641
   -7.5000   30.0000  -15.0000 9113.0898   21.7278
    0.0000   30.0000  -15.0000 9553.1602   21.7440
    7.5000   30.0000  -15.0000 8935.6064   21.7304
   -7.5000   37.5000  -15.0000 8741.1484   21.0804
    0.0000   37.5000  -15.0000 9210.5273   21.0902
    7.5000   37.5000  -15.0000 8589.1436   21.0699
   -7.5000   45.0000  -15.0000 8279.1162   20.3381
    0.0000   45.0000  -15.0000 8723.9180   20.3393
    7.5000   45.0000  -15.0000 8139.4253   20.3143
   -7.5000  -45.0000   -7.5000 5485.1475   26.5526
    0.0000  -45.0000   -7.5000 5830.7305   26.5671
    7.5000  -45.0000   -7.5000 5540.8306   26.5292
   -7.5000  -37.5000   -7.5000 6047.5239   26.6041
    0.0000  -37.5000   -7.5000 6410.1250   26.6186
    7.5000  -37.5000   -7.5000 6073.4507   26.5873
   -7.5000  -30.0000   -7.5000 6707.5552   25.9261
    0.0000  -30.0000   -7.5000 7091.6650   25.9432
    7.5000  -30.0000   -7.5000 6715.5269   25.9181
   -7.5000  -22.5000   -7.5000 7166.7051   24.8268
    0.0000  -22.5000   -7.5000 7561.8213   24.8449
    7.5000  -22.5000   -7.5000 7172.1714   24.8237
   -7.5000  -15.0000   -7.5000 7965.7114   24.0284
    0.0000  -15.0000   -7.5000 8401.8008   24.0482
    7.5000  -15.0000   -7.5000 7970.2598   24.0296
   -7.5000   -7.5000   -7.5000 8797.4463   23.4791
    0.0000   -7.5000   -7.5000 9280.1475   23.4920
    7.5000   -7.5000   -7.5000 8784.1572   23.4661
   -7.5000    0.0000   -7.5000 9735.8252   23.3785
    0.0000    0.0000   -7.500010312.4219   23.3853
    7.5000    0.0000   -7.5000 9733.5391   23.3557
   -7.5000    7.5000   -7.5000 9847.9443   23.4005
    0.0000    7.5000   -7.500010469.0723   23.4042
    7.5000    7.5000   -7.5000 9822.0361   23.3775
   -7.5000   15.0000   -7.5000 9843.3037   23.0896
    0.0000   15.0000   -7.500010337.6963   23.0967
    7.5000   15.0000   -7.5000 9725.0625   23.0714
   -7.5000   22.5000   -7.5000 9651.3750   22.4967
    0.0000   22.5000   -7.500010009.7402   22.5122
    7.5000   22.5000   -7.5000 9427.2715   22.4917
   -7.5000   30.0000   -7.5000 9710.5293   22.4429
    0.0000   30.0000   -7.500010030.1426   22.4611
    7.5000   30.0000   -7.5000 9462.0371   22.4432
   -7.5000   37.5000   -7.5000 9292.9229   21.7960
    0.0000   37.5000   -7.5000 9634.3350   21.8082
    7.5000   37.5000   -7.5000 9088.3975   21.7841
   -7.5000   45.0000   -7.5000 8826.3779   21.0621
    0.0000   45.0000   -7.5000 9199.0889   21.0682
    7.5000   45.0000   -7.5000 8626.6348   21.0415
   -7.5000  -45.0000    0.0000 5701.1152   27.2092
    0.0000  -45.0000    0.0000 6030.1787   27.2322
    7.5000  -45.0000    0.0000 5734.2866   27.2012
   -7.5000  -37.5000    0.0000 6265.5815   27.2329
    0.0000  -37.5000    0.0000 6629.3252   27.2616
    7.5000  -37.5000    0.0000 6293.9722   27.2463
   -7.5000  -30.0000    0.0000 6925.1616   26.5108
    0.0000  -30.0000    0.0000 7337.7915   26.5376
    7.5000  -30.0000    0.0000 6955.8359   26.5258
   -7.5000  -22.5000    0.0000 7392.3433   25.3881
    0.0000  -22.5000    0.0000 7831.4058   25.4098
    7.5000  -22.5000    0.0000 7425.0386   25.3951
   -7.5000  -15.0000    0.0000 8230.6436   24.5789
    0.0000  -15.0000    0.0000 8714.2588   24.5969
    7.5000  -15.0000    0.0000 8265.5205   24.5765
   -7.5000   -7.5000    0.0000 9103.1230   24.0246
    0.0000   -7.5000    0.0000 9608.7148   24.0393
    7.5000   -7.5000    0.0000 9114.3262   24.0130
   -7.5000    0.0000    0.000010094.9521   23.9242
    0.0000    0.0000    0.000010664.9414   23.9398
    7.5000    0.0000    0.000010131.3555   23.9164
   -7.5000    7.5000    0.000010288.6006   23.9424
    0.0000    7.5000    0.000010966.1113   23.9579
    7.5000    7.5000    0.000010331.0391   23.9426
   -7.5000   15.0000    0.000010415.5010   23.6204
    0.0000   15.0000    0.000011027.0488   23.6370
    7.5000   15.0000    0.000010399.0430   23.6228
   -7.5000   22.5000    0.000010251.0117   23.0217
    0.0000   22.5000    0.000010557.4297   23.0403
    7.5000   22.5000    0.000010087.9209   23.0246
   -7.5000   30.0000    0.000010227.6357   22.9710
    0.0000   30.0000    0.000010463.5439   22.9879
    7.5000   30.0000    0.000010004.0918   22.9685
   -7.5000   37.5000    0.0000 9787.4004   22.3281
    0.0000   37.5000    0.000010105.7158   22.3420
    7.5000   37.5000    0.0000 9554.9971   22.3175
   -7.5000   45.0000    0.0000 9316.3057   21.5952
    0.0000   45.0000    0.0000 9712.4521   21.6092
    7.5000   45.0000    0.0000 9077.3662   21.5882
   -7.5000  -45.0000    7.5000 5429.8872   27.4880
    0.0000  -45.0000    7.5000 5753.4541   27.5138
    7.5000  -45.0000    7.5000 5463.8267   27.4924
   -7.5000  -37.5000    7.5000 5978.8965   27.4852
    0.0000  -37.5000    7.5000 6344.9170   27.5178
    7.5000  -37.5000    7.5000 6033.1440   27.5201
   -7.5000  -30.0000    7.5000 6625.8833   26.7306
    0.0000  -30.0000    7.5000 7029.1333   26.7622
    7.5000  -30.0000    7.5000 6703.3403   26.7697
   -7.5000  -22.5000    7.5000 7090.4209   25.6136
    0.0000  -22.5000    7.5000 7496.5796   25.6342
    7.5000  -22.5000    7.5000 7168.2368   25.6316
   -7.5000  -15.0000    7.5000 7896.4678   24.8145
    0.0000  -15.0000    7.5000 8325.2305   24.8273
    7.5000  -15.0000    7.5000 7958.7222   24.8115
   -7.5000   -7.5000    7.5000 8694.0498   24.2544
    0.0000   -7.5000    7.5000 9160.9238   24.2671
    7.5000   -7.5000    7.5000 8744.8594   24.2450
   -7.5000    0.0000    7.5000 9590.5469   24.1417
    0.0000    0.0000    7.500010111.5986   24.1586
    7.5000    0.0000    7.5000 9678.6328   24.1426
   -7.5000    7.5000    7.5000 9724.4424   24.1441
    0.0000    7.5000    7.500010378.3486   24.1644
    7.5000    7.5000    7.5000 9859.1836   24.1619
   -7.5000   15.0000    7.5000 9816.6162   23.8146
    0.0000   15.0000    7.500010443.3584   23.8357
    7.5000   15.0000    7.5000 9912.6377   23.8365
   -7.5000   22.5000    7.5000 9654.6133   23.2245
    0.0000   22.5000    7.500010182.1572   23.2418
    7.5000   22.5000    7.5000 9657.8066   23.2360
   -7.5000   30.0000    7.5000 9740.0537   23.1902
    0.0000   30.0000    7.500010277.0195   23.2030
    7.5000   30.0000    7.5000 9668.8057   23.1882
   -7.5000   37.5000    7.5000 9353.7988   22.5430
    0.0000   37.5000    7.5000 9900.5244   22.5549
    7.5000   37.5000    7.5000 9208.5127   22.5343
   -7.5000   45.0000    7.5000 8873.1143   21.7915
    0.0000   45.0000    7.5000 9372.5654   21.8068
    7.5000   45.0000    7.5000 8705.3535   21.7923
   -7.5000  -45.0000   15.0000 5207.7456   28.2899
    0.0000  -45.0000   15.0000 5489.8477   28.3093
    7.5000  -45.0000   15.0000 5255.4170   28.2865
   -7.5000  -37.5000   15.0000 5734.0508   28.2508
    0.0000  -37.5000   15.0000 6054.3022   28.2716
    7.5000  -37.5000   15.0000 5804.3491   28.2737
   -7.5000  -30.0000   15.0000 6344.7583   27.4339
    0.0000  -30.0000   15.0000 6714.4839   27.4581
    7.5000  -30.0000   15.0000 6429.9302   27.4705
   -7.5000  -22.5000   15.0000 6779.9824   26.2829
    0.0000  -22.5000   15.0000 7167.2061   26.2962
    7.5000  -22.5000   15.0000 6856.5117   26.2966
   -7.5000  -15.0000   15.0000 7535.4946   25.4604
    0.0000  -15.0000   15.0000 7956.5581   25.4685
    7.5000  -15.0000   15.0000 7593.3413   25.4551
   -7.5000   -7.5000   15.0000 8267.0781   24.8688
    0.0000   -7.5000   15.0000 8738.9746   24.8766
    7.5000   -7.5000   15.0000 8351.2695   24.8557
   -7.5000    0.0000   15.0000 9117.2432   24.7365
    0.0000    0.0000   15.0000 9644.2266   24.7450
    7.5000    0.0000   15.0000 9248.2246   24.7267
   -7.5000    7.5000   15.0000 9214.8584   24.7251
    0.0000    7.5000   15.0000 9832.1631   24.7369
    7.5000    7.5000   15.0000 9391.3955   24.7340
   -7.5000   15.0000   15.0000 9204.4365   24.3911
    0.0000   15.0000   15.0000 9712.8047   24.4045
    7.5000   15.0000   15.0000 9322.3418   24.4081
   -7.5000   22.5000   15.0000 9042.2725   23.8035
    0.0000   22.5000   15.0000 9446.4443   23.8142
    7.5000   22.5000   15.0000 9056.2021   23.8110
   -7.5000   30.0000   15.0000 9164.9160   23.7810
    0.0000   30.0000   15.0000 9603.9775   23.7896
    7.5000   30.0000   15.0000 9153.7109   23.7774
   -7.5000   37.5000   15.0000 8811.3262   23.1135
    0.0000   37.5000   15.0000 9275.6934   23.1209
    7.5000   37.5000   15.0000 8763.7656   23.1013
   -7.5000   45.0000   15.0000 8343.3535   22.3284
    0.0000   45.0000   15.0000 8774.7803   22.3361
    7.5000   45.0000   15.0000 8286.7979   22.3196
   -7.5000  -45.0000   22.5000 4938.5850   29.0855
    0.0000  -45.0000   22.5000 5182.6450   29.1031
    7.5000  -45.0000   22.5000 4986.6128   29.0749
   -7.5000  -37.5000   22.5000 5457.2725   29.0961
    0.0000  -37.5000   22.5000 5750.4277   29.1081
    7.5000  -37.5000   22.5000 5499.0474   29.0959
   -7.5000  -30.0000   22.5000 6039.1533   28.2518
    0.0000  -30.0000   22.5000 6394.8032   28.2702
    7.5000  -30.0000   22.5000 6088.7134   28.2687
   -7.5000  -22.5000   22.5000 6443.5967   27.0254
    0.0000  -22.5000   22.5000 6830.6709   27.0386
    7.5000  -22.5000   22.5000 6490.6133   27.0296
   -7.5000  -15.0000   22.5000 7133.8667   26.1416
    0.0000  -15.0000   22.5000 7561.2949   26.1556
    7.5000  -15.0000   22.5000 7193.8936   26.1418
   -7.5000   -7.5000   22.5000 7804.8604   25.5060
    0.0000   -7.5000   22.5000 8273.1680   25.5166
    7.5000   -7.5000   22.5000 7898.7349   25.4958
   -7.5000    0.0000   22.5000 8590.3037   25.3671
    0.0000    0.0000   22.5000 9105.6934   25.3716
    7.5000    0.0000   22.5000 8717.4131   25.3488
   -7.5000    7.5000   22.5000 8629.0430   25.3634
    0.0000    7.5000   22.5000 9153.9287   25.3670
    7.5000    7.5000   22.5000 8782.6123   25.3549
   -7.5000   15.0000   22.5000 8548.1611   25.0307
    0.0000   15.0000   22.5000 8967.1855   25.0373
    7.5000   15.0000   22.5000 8650.2119   25.0293
   -7.5000   22.5000   22.5000 8371.7285   24.4421
    0.0000   22.5000   22.5000 8760.4326   24.4525
    7.5000   22.5000   22.5000 8443.9111   24.4418
   -7.5000   30.0000   22.5000 8498.2461   24.4091
    0.0000   30.0000   22.5000 8915.7002   24.4227
    7.5000   30.0000   22.5000 8555.6680   24.4101
   -7.5000   37.5000   22.5000 8156.7754   23.7269
    0.0000   37.5000   22.5000 8558.9727   23.7369
    7.5000   37.5000   22.5000 8170.9478   23.7174
   -7.5000   45.0000   22.5000 7726.5063   22.9290
    0.0000   45.0000   22.5000 8108.9209   22.9331
    7.5000   45.0000   22.5000 7725.4990   22.9124
   -7.5000  -45.0000   30.0000 4833.3438   30.4460
    0.0000  -45.0000   30.0000 5098.7520   30.4573
    7.5000  -45.0000   30.0000 4877.7866   30.4173
   -7.5000  -37.5000   30.0000 5359.6362   30.4634
    0.0000  -37.5000   30.0000 5654.7256   30.4682
    7.5000  -37.5000   30.0000 5388.2891   30.4353
   -7.5000  -30.0000   30.0000 5953.7871   29.6118
    0.0000  -30.0000   30.0000 6297.1455   29.6222
    7.5000  -30.0000   30.0000 5975.7124   29.5965
   -7.5000  -22.5000   30.0000 6313.1963   28.2849
    0.0000  -22.5000   30.0000 6690.6074   28.2975
    7.5000  -22.5000   30.0000 6364.6416   28.2720
   -7.5000  -15.0000   30.0000 6956.6416   27.2990
    0.0000  -15.0000   30.0000 7366.8438   27.3177
    7.5000  -15.0000   30.0000 7038.2373   27.2977
   -7.5000   -7.5000   30.0000 7612.1924   26.6093
    0.0000   -7.5000   30.0000 8056.7012   26.6209
    7.5000   -7.5000   30.0000 7710.8062   26.5952
   -7.5000    0.0000   30.0000 8374.3213   26.4778
    0.0000    0.0000   30.0000 8869.8213   26.4784
    7.5000    0.0000   30.0000 8510.6162   26.4477
   -7.5000    7.5000   30.0000 8368.4297   26.4921
    0.0000    7.5000   30.0000 8858.0771   26.4872
    7.5000    7.5000   30.0000 8502.8936   26.4605
   -7.5000   15.0000   30.0000 8261.2441   26.1475
    0.0000   15.0000   30.0000 8677.6465   26.1463
    7.5000   15.0000   30.0000 8354.8262   26.1192
   -7.5000   22.5000   30.0000 8090.5947   25.5139
    0.0000   22.5000   30.0000 8491.9395   25.5241
    7.5000   22.5000   30.0000 8182.6421   25.5001
   -7.5000   30.0000   30.0000 8215.3037   25.4608
    0.0000   30.0000   30.0000 8631.0010   25.4782
    7.5000   30.0000   30.0000 8282.5078   25.4596
   -7.5000   37.5000   30.0000 7867.0757   24.7501
    0.0000   37.5000   30.0000 8255.1260   24.7611
    7.5000   37.5000   30.0000 7915.4746   24.7372
   -7.5000   45.0000   30.0000 7442.6499   23.9330
    0.0000   45.0000   30.0000 7824.8384   23.9335
    7.5000   45.0000   30.0000 7474.3647   23.9058
   -7.5000  -45.0000   37.5000 4537.6816   31.2188
    0.0000  -45.0000   37.5000 4777.7295   31.2355
    7.5000  -45.0000   37.5000 4581.4600   31.2064
   -7.5000  -37.5000   37.5000 5026.3604   31.2239
    0.0000  -37.5000   37.5000 5290.4995   31.2413
    7.5000  -37.5000   37.5000 5049.3110   31.2228
   -7.5000  -30.0000   37.5000 5567.3252   30.3430
    0.0000  -30.0000   37.5000 5882.2471   30.3607
    7.5000  -30.0000   37.5000 5594.8750   30.3478
   -7.5000  -22.5000   37.5000 5903.9233   29.0079
    0.0000  -22.5000   37.5000 6253.0737   29.0245
    7.5000  -22.5000   37.5000 5957.1938   29.0123
   -7.5000  -15.0000   37.5000 6498.8887   27.9801
    0.0000  -15.0000   37.5000 6882.1187   28.0003
    7.5000  -15.0000   37.5000 6571.9424   27.9900
   -7.5000   -7.5000   37.5000 7110.7012   27.2412
    0.0000   -7.5000   37.5000 7541.5303   27.2554
    7.5000   -7.5000   37.5000 7198.5752   27.2361
   -7.5000    0.0000   37.5000 7801.1929   27.1004
    0.0000    0.0000   37.5000 8285.3652   27.1085
    7.5000    0.0000   37.5000 7923.6396   27.0868
   -7.5000    7.5000   37.5000 7785.2217   27.1185
    0.0000    7.5000   37.5000 8250.0000   27.1213
    7.5000    7.5000   37.5000 7876.2456   27.1046
   -7.5000   15.0000   37.5000 7665.5498   26.7652
    0.0000   15.0000   37.5000 8080.0430   26.7697
    7.5000   15.0000   37.5000 7721.4453   26.7530
   -7.5000   22.5000   37.5000 7502.8433   26.1200
    0.0000   22.5000   37.5000 7908.9575   26.1342
    7.5000   22.5000   37.5000 7580.2314   26.1213
   -7.5000   30.0000   37.5000 7596.5957   26.0628
    0.0000   30.0000   37.5000 8016.4531   26.0816
    7.5000   30.0000   37.5000 7680.2139   26.0714
   -7.5000   37.5000   37.5000 7274.4761   25.3336
    0.0000   37.5000   37.5000 7656.6333   25.3473
    7.5000   37.5000   37.5000 7351.1045   25.3295
   -7.5000   45.0000   37.5000 6896.5820   24.4927
    0.0000   45.0000   37.5000 7276.4121   24.5000
    7.5000   45.0000   37.5000 6955.9814   24.4804
   -7.5000  -45.0000   45.0000 4249.9033   32.0410
    0.0000  -45.0000   45.0000 4465.3457   32.0677
    7.5000  -45.0000   45.0000 4276.3462   32.0195
   -7.5000  -37.5000   45.0000 4688.9805   32.0314
    0.0000  -37.5000   45.0000 4930.3320   32.0624
    7.5000  -37.5000   45.0000 4710.9917   32.0341
   -7.5000  -30.0000   45.0000 5186.7505   31.0751
    0.0000  -30.0000   45.0000 5466.5093   31.1091
    7.5000  -30.0000   45.0000 5218.1899   31.0981
   -7.5000  -22.5000   45.0000 5510.2007   29.7141
    0.0000  -22.5000   45.0000 5825.2310   29.7424
    7.5000  -22.5000   45.0000 5545.8809   29.7318
   -7.5000  -15.0000   45.0000 6084.8066   28.7000
    0.0000  -15.0000   45.0000 6452.5566   28.7208
    7.5000  -15.0000   45.0000 6116.8647   28.6990
   -7.5000   -7.5000   45.0000 6647.8140   27.9300
    0.0000   -7.5000   45.0000 7074.4873   27.9427
    7.5000   -7.5000   45.0000 6700.7412   27.9040
   -7.5000    0.0000   45.0000 7290.7783   27.7795
    0.0000    0.0000   45.0000 7757.5737   27.7916
    7.5000    0.0000   45.0000 7361.4556   27.7526
   -7.5000    7.5000   45.0000 7247.4375   27.7789
    0.0000    7.5000   45.0000 7681.4204   27.7935
    7.5000    7.5000   45.0000 7301.4912   27.7696
   -7.5000   15.0000   45.0000 7117.8315   27.3920
    0.0000   15.0000   45.0000 7534.5342   27.4121
    7.5000   15.0000   45.0000 7160.9736   27.3977
   -7.5000   22.5000   45.0000 6966.8037   26.7329
    0.0000   22.5000   45.0000 7366.6729   26.7570
    7.5000   22.5000   45.0000 7032.9873   26.7448
   -7.5000   30.0000   45.0000 7056.3242   26.6941
    0.0000   30.0000   45.0000 7455.6558   26.7139
    7.5000   30.0000   45.0000 7114.9854   26.6936
   -7.5000   37.5000   45.0000 6760.9331   25.9608
    0.0000   37.5000   45.0000 7126.8506   25.9731
    7.5000   37.5000   45.0000 6814.9463   25.9375
   -7.5000   45.0000   45.0000 6403.6016   25.0907
    0.0000   45.0000   45.0000 6768.1235   25.1016
    7.5000   45.0000   45.0000 6458.6626   25.0664

---------------------------------------------------------------------
imgreg_4dfp /opt/freesurfer/average/711-2C_as_mni_average_305 /opt/freesurfer/average/711-2B_as_mni_average_305_mask talsrcimg_g11 none talsrcimg_to_711-2C_as_mni_average_305_t4 4355
---------------------------------------------------------------------

freesurfer imgreg_4dfp.c
/opt/freesurfer/average/711-2C_as_mni_average_305.4dfp.img
       256       256       256         1
  1.000000  1.000000  1.000000
orientation T byte_order littleendian
Reading image: /opt/freesurfer/average/711-2C_as_mni_average_305.4dfp.img
dimensions:      256       256       256
mmppix:       1.0000   -1.0000   -1.0000
center:     128.0000 -129.0000 -129.0000
/opt/freesurfer/average/711-2B_as_mni_average_305_mask.4dfp.img
       256       256       256         1
  1.000000  1.000000  1.000000
orientation T byte_order littleendian
Reading mask: /opt/freesurfer/average/711-2B_as_mni_average_305_mask.4dfp.img (2306576 pixels)
talsrcimg_g11.4dfp.img
       320       320       320         1
  0.700000  0.700000  0.700000
orientation T byte_order littleendian
Reading image: talsrcimg_g11.4dfp.img
dimensions:      320       320       320
mmppix:       0.7000   -0.7000   -0.7000
center:     112.0000 -112.7000 -112.7000
rotation matrix determinant  1.000000
image alignment mode   4355 decimal     1103 hex
   -7.5000  -30.0000  -45.0000 1945.1422   28.3790
    0.0000  -30.0000  -45.0000 1958.5406   27.9917
    7.5000  -30.0000  -45.0000 1952.0673   27.8851
   -7.5000  -22.5000  -45.0000 2053.0242   25.4674
    0.0000  -22.5000  -45.0000 2067.9314   25.1893
    7.5000  -22.5000  -45.0000 2057.8916   24.9785
   -7.5000  -15.0000  -45.0000 2145.6846   23.3117
    0.0000  -15.0000  -45.0000 2165.0889   23.0517
    7.5000  -15.0000  -45.0000 2155.9197   22.8462
   -7.5000   -7.5000  -45.0000 2206.8723   21.7056
    0.0000   -7.5000  -45.0000 2226.8533   21.4763
    7.5000   -7.5000  -45.0000 2215.3472   21.2679
   -7.5000    0.0000  -45.0000 2249.6021   20.5559
    0.0000    0.0000  -45.0000 2270.5667   20.3605
    7.5000    0.0000  -45.0000 2252.5493   20.2001
   -7.5000    7.5000  -45.0000 2273.1094   19.7816
    0.0000    7.5000  -45.0000 2298.0381   19.6062
    7.5000    7.5000  -45.0000 2277.2656   19.5020
   -7.5000   15.0000  -45.0000 2280.6672   19.2927
    0.0000   15.0000  -45.0000 2303.2646   19.1545
    7.5000   15.0000  -45.0000 2285.0371   19.0511
   -7.5000   22.5000  -45.0000 2284.4377   19.1597
    0.0000   22.5000  -45.0000 2304.6108   18.9766
    7.5000   22.5000  -45.0000 2294.6270   18.8696
   -7.5000   30.0000  -45.0000 2271.6536   19.2799
    0.0000   30.0000  -45.0000 2299.1914   19.1105
    7.5000   30.0000  -45.0000 2285.5840   18.9958
   -7.5000   37.5000  -45.0000 2223.1765   19.7129
    0.0000   37.5000  -45.0000 2252.1858   19.5269
    7.5000   37.5000  -45.0000 2235.6306   19.3752
   -7.5000   45.0000  -45.0000 2131.3772   20.1545
    0.0000   45.0000  -45.0000 2156.6199   19.9681
    7.5000   45.0000  -45.0000 2144.9424   19.8425
   -7.5000   52.5000  -45.0000 2002.7129   20.4353
    0.0000   52.5000  -45.0000 2026.1548   20.2518
    7.5000   52.5000  -45.0000 2013.4127   20.1337
   -7.5000   60.0000  -45.0000 1855.8708   20.6416
    0.0000   60.0000  -45.0000 1874.1058   20.3985
    7.5000   60.0000  -45.0000 1860.4124   20.3695
   -7.5000  -30.0000  -37.5000 2075.4128   28.7533
    0.0000  -30.0000  -37.5000 2088.4771   28.3690
    7.5000  -30.0000  -37.5000 2079.7266   28.0547
   -7.5000  -22.5000  -37.5000 2191.2188   25.7231
    0.0000  -22.5000  -37.5000 2207.3083   25.3799
    7.5000  -22.5000  -37.5000 2195.6584   25.1284
   -7.5000  -15.0000  -37.5000 2292.6479   23.4525
    0.0000  -15.0000  -37.5000 2314.3530   23.1819
    7.5000  -15.0000  -37.5000 2297.6533   22.9488
   -7.5000   -7.5000  -37.5000 2365.0420   21.8221
    0.0000   -7.5000  -37.5000 2389.2739   21.5731
    7.5000   -7.5000  -37.5000 2367.9429   21.3463
   -7.5000    0.0000  -37.5000 2415.8640   20.5841
    0.0000    0.0000  -37.5000 2434.1133   20.3050
    7.5000    0.0000  -37.5000 2415.7327   20.1164
   -7.5000    7.5000  -37.5000 2444.7759   19.6741
    0.0000    7.5000  -37.5000 2463.4800   19.4191
    7.5000    7.5000  -37.5000 2449.5588   19.3247
   -7.5000   15.0000  -37.5000 2461.6240   19.1282
    0.0000   15.0000  -37.5000 2478.8979   18.9223
    7.5000   15.0000  -37.5000 2463.0369   18.8511
   -7.5000   22.5000  -37.5000 2464.5017   18.9469
    0.0000   22.5000  -37.5000 2481.0168   18.7227
    7.5000   22.5000  -37.5000 2467.4971   18.6270
   -7.5000   30.0000  -37.5000 2450.2605   19.0862
    0.0000   30.0000  -37.5000 2473.5503   18.8947
    7.5000   30.0000  -37.5000 2458.4133   18.7853
   -7.5000   37.5000  -37.5000 2397.9756   19.4825
    0.0000   37.5000  -37.5000 2422.7441   19.2820
    7.5000   37.5000  -37.5000 2408.5835   19.1712
   -7.5000   45.0000  -37.5000 2296.4321   19.8842
    0.0000   45.0000  -37.5000 2322.4900   19.7005
    7.5000   45.0000  -37.5000 2312.7651   19.6121
   -7.5000   52.5000  -37.5000 2160.8303   20.1073
    0.0000   52.5000  -37.5000 2188.2937   19.9555
    7.5000   52.5000  -37.5000 2178.1238   19.8530
   -7.5000   60.0000  -37.5000 1999.5756   20.3540
    0.0000   60.0000  -37.5000 2027.9247   20.1183
    7.5000   60.0000  -37.5000 2011.8962   20.0756
   -7.5000  -30.0000  -30.0000 2182.6118   28.9100
    0.0000  -30.0000  -30.0000 2199.7153   28.5408
    7.5000  -30.0000  -30.0000 2185.2336   28.1780
   -7.5000  -22.5000  -30.0000 2311.0068   25.8483
    0.0000  -22.5000  -30.0000 2329.4958   25.4883
    7.5000  -22.5000  -30.0000 2311.5454   25.1741
   -7.5000  -15.0000  -30.0000 2415.2449   23.4741
    0.0000  -15.0000  -30.0000 2435.2100   23.1056
    7.5000  -15.0000  -30.0000 2416.1133   22.8485
   -7.5000   -7.5000  -30.0000 2491.6072   21.7314
    0.0000   -7.5000  -30.0000 2511.4917   21.3664
    7.5000   -7.5000  -30.0000 2494.1953   21.1531
   -7.5000    0.0000  -30.0000 2546.7373   20.3851
    0.0000    0.0000  -30.0000 2567.6558   20.0883
    7.5000    0.0000  -30.0000 2547.7065   19.8582
   -7.5000    7.5000  -30.0000 2584.3149   19.3927
    0.0000    7.5000  -30.0000 2599.7339   19.0842
    7.5000    7.5000  -30.0000 2586.3625   18.9252
   -7.5000   15.0000  -30.0000 2604.9282   18.7146
    0.0000   15.0000  -30.0000 2622.7041   18.4404
    7.5000   15.0000  -30.0000 2610.6704   18.3382
   -7.5000   22.5000  -30.0000 2612.2236   18.4769
    0.0000   22.5000  -30.0000 2629.8918   18.2592
    7.5000   22.5000  -30.0000 2616.0774   18.1415
   -7.5000   30.0000  -30.0000 2599.7100   18.6303
    0.0000   30.0000  -30.0000 2628.8013   18.4755
    7.5000   30.0000  -30.0000 2609.9971   18.3814
   -7.5000   37.5000  -30.0000 2550.1252   19.0534
    0.0000   37.5000  -30.0000 2582.4258   18.8710
    7.5000   37.5000  -30.0000 2561.8630   18.7669
   -7.5000   45.0000  -30.0000 2441.8354   19.3903
    0.0000   45.0000  -30.0000 2470.1997   19.1945
    7.5000   45.0000  -30.0000 2455.9578   19.1189
   -7.5000   52.5000  -30.0000 2299.5308   19.6615
    0.0000   52.5000  -30.0000 2329.2500   19.4376
    7.5000   52.5000  -30.0000 2318.9487   19.4014
   -7.5000   60.0000  -30.0000 2128.9661   19.9253
    0.0000   60.0000  -30.0000 2155.8574   19.6624
    7.5000   60.0000  -30.0000 2145.5911   19.6269
   -7.5000  -30.0000  -22.5000 2220.4451   28.0206
    0.0000  -30.0000  -22.5000 2239.5334   27.6370
    7.5000  -30.0000  -22.5000 2214.2690   27.2662
   -7.5000  -22.5000  -22.5000 2350.7852   25.0252
    0.0000  -22.5000  -22.5000 2370.5974   24.6207
    7.5000  -22.5000  -22.5000 2347.0701   24.3094
   -7.5000  -15.0000  -22.5000 2451.5686   22.6018
    0.0000  -15.0000  -22.5000 2470.6826   22.2112
    7.5000  -15.0000  -22.5000 2448.3279   21.9610
   -7.5000   -7.5000  -22.5000 2530.0237   20.8471
    0.0000   -7.5000  -22.5000 2548.7424   20.4548
    7.5000   -7.5000  -22.5000 2529.2446   20.2335
   -7.5000    0.0000  -22.5000 2592.4937   19.4835
    0.0000    0.0000  -22.5000 2614.5781   19.1118
    7.5000    0.0000  -22.5000 2592.6399   18.8957
   -7.5000    7.5000  -22.5000 2634.7480   18.4263
    0.0000    7.5000  -22.5000 2656.6638   18.0963
    7.5000    7.5000  -22.5000 2634.5464   17.8972
   -7.5000   15.0000  -22.5000 2659.0898   17.6463
    0.0000   15.0000  -22.5000 2683.9231   17.3164
    7.5000   15.0000  -22.5000 2660.1831   17.2050
   -7.5000   22.5000  -22.5000 2665.1992   17.3224
    0.0000   22.5000  -22.5000 2691.1548   17.0465
    7.5000   22.5000  -22.5000 2670.5393   16.9589
   -7.5000   30.0000  -22.5000 2657.8457   17.4770
    0.0000   30.0000  -22.5000 2693.8027   17.2594
    7.5000   30.0000  -22.5000 2671.3567   17.1947
   -7.5000   37.5000  -22.5000 2611.4919   17.8926
    0.0000   37.5000  -22.5000 2645.6431   17.6451
    7.5000   37.5000  -22.5000 2626.2153   17.5986
   -7.5000   45.0000  -22.5000 2504.3354   18.2048
    0.0000   45.0000  -22.5000 2529.0100   17.9352
    7.5000   45.0000  -22.5000 2516.3381   17.8830
   -7.5000   52.5000  -22.5000 2357.0847   18.4801
    0.0000   52.5000  -22.5000 2380.8206   18.2010
    7.5000   52.5000  -22.5000 2372.7156   18.1935
   -7.5000   60.0000  -22.5000 2180.2646   18.7678
    0.0000   60.0000  -22.5000 2204.0835   18.4739
    7.5000   60.0000  -22.5000 2196.7517   18.4789
   -7.5000  -30.0000  -15.0000 2292.6521   28.0418
    0.0000  -30.0000  -15.0000 2311.3325   27.5981
    7.5000  -30.0000  -15.0000 2289.0242   27.3537
   -7.5000  -22.5000  -15.0000 2414.3455   24.8538
    0.0000  -22.5000  -15.0000 2438.3467   24.4513
    7.5000  -22.5000  -15.0000 2414.2478   24.2831
   -7.5000  -15.0000  -15.0000 2521.1963   22.4372
    0.0000  -15.0000  -15.0000 2545.7832   22.0012
    7.5000  -15.0000  -15.0000 2523.5588   21.8197
   -7.5000   -7.5000  -15.0000 2608.0408   20.6515
    0.0000   -7.5000  -15.0000 2634.5000   20.1747
    7.5000   -7.5000  -15.0000 2614.4314   20.0365
   -7.5000    0.0000  -15.0000 2681.8408   19.2405
    0.0000    0.0000  -15.0000 2706.4348   18.7909
    7.5000    0.0000  -15.0000 2690.7366   18.6453
   -7.5000    7.5000  -15.0000 2740.0618   18.1874
    0.0000    7.5000  -15.0000 2761.7986   17.7543
    7.5000    7.5000  -15.0000 2743.7693   17.6286
   -7.5000   15.0000  -15.0000 2766.7266   17.3531
    0.0000   15.0000  -15.0000 2790.3796   16.8702
    7.5000   15.0000  -15.0000 2768.0828   16.8362
   -7.5000   22.5000  -15.0000 2781.0024   16.8646
    0.0000   22.5000  -15.0000 2796.4690   16.3738
    7.5000   22.5000  -15.0000 2774.2354   16.4184
   -7.5000   30.0000  -15.0000 2779.7004   16.9535
    0.0000   30.0000  -15.0000 2798.2300   16.5650
    7.5000   30.0000  -15.0000 2781.1777   16.5674
   -7.5000   37.5000  -15.0000 2722.2808   17.3615
    0.0000   37.5000  -15.0000 2749.2390   16.9744
    7.5000   37.5000  -15.0000 2732.8389   16.9854
   -7.5000   45.0000  -15.0000 2610.4302   17.7614
    0.0000   45.0000  -15.0000 2632.7444   17.3577
    7.5000   45.0000  -15.0000 2621.7126   17.4069
   -7.5000   52.5000  -15.0000 2461.8982   18.1314
    0.0000   52.5000  -15.0000 2478.4211   17.7193
    7.5000   52.5000  -15.0000 2473.7358   17.8343
   -7.5000   60.0000  -15.0000 2288.4294   18.5499
    0.0000   60.0000  -15.0000 2308.0835   18.1489
    7.5000   60.0000  -15.0000 2293.2837   18.2455
   -7.5000  -30.0000   -7.5000 2337.9678   28.1181
    0.0000  -30.0000   -7.5000 2363.6013   27.5130
    7.5000  -30.0000   -7.5000 2345.0801   27.4666
   -7.5000  -22.5000   -7.5000 2459.3210   24.8495
    0.0000  -22.5000   -7.5000 2479.8083   24.2376
    7.5000  -22.5000   -7.5000 2472.2295   24.2863
   -7.5000  -15.0000   -7.5000 2565.5085   22.3313
    0.0000  -15.0000   -7.5000 2583.5400   21.8005
    7.5000  -15.0000   -7.5000 2578.6648   21.7914
   -7.5000   -7.5000   -7.5000 2655.6946   20.4521
    0.0000   -7.5000   -7.5000 2676.4072   19.9180
    7.5000   -7.5000   -7.5000 2668.9951   19.9198
   -7.5000    0.0000   -7.5000 2731.5200   18.9905
    0.0000    0.0000   -7.5000 2755.3088   18.5082
    7.5000    0.0000   -7.5000 2745.2039   18.4908
   -7.5000    7.5000   -7.5000 2796.2285   17.8955
    0.0000    7.5000   -7.5000 2820.7590   17.4524
    7.5000    7.5000   -7.5000 2807.5676   17.4242
   -7.5000   15.0000   -7.5000 2841.3396   17.1213
    0.0000   15.0000   -7.5000 2869.4541   16.6152
    7.5000   15.0000   -7.5000 2846.9370   16.6359
   -7.5000   22.5000   -7.5000 2854.7095   16.5357
    0.0000   22.5000   -7.5000 2866.5684   15.8809
    7.5000   22.5000   -7.5000 2846.7742   16.0970
   -7.5000   30.0000   -7.5000 2850.8931   16.5275
    0.0000   30.0000   -7.5000 2860.3198   15.9024
    7.5000   30.0000   -7.5000 2845.2832   16.1150
   -7.5000   37.5000   -7.5000 2791.3193   16.9329
    0.0000   37.5000   -7.5000 2805.0876   16.3486
    7.5000   37.5000   -7.5000 2799.0227   16.5404
   -7.5000   45.0000   -7.5000 2687.2192   17.4566
    0.0000   45.0000   -7.5000 2697.6248   16.8783
    7.5000   45.0000   -7.5000 2695.5842   17.1086
   -7.5000   52.5000   -7.5000 2541.9292   17.9308
    0.0000   52.5000   -7.5000 2560.9602   17.4441
    7.5000   52.5000   -7.5000 2551.1094   17.6213
   -7.5000   60.0000   -7.5000 2362.0486   18.4353
    0.0000   60.0000   -7.5000 2383.2205   18.0371
    7.5000   60.0000   -7.5000 2368.1404   18.1151
   -7.5000  -30.0000    0.0000 2340.5510   27.9501
    0.0000  -30.0000    0.0000 2367.3821   27.3824
    7.5000  -30.0000    0.0000 2358.7712   27.5122
   -7.5000  -22.5000    0.0000 2460.8992   24.6708
    0.0000  -22.5000    0.0000 2486.2126   24.1458
    7.5000  -22.5000    0.0000 2477.7695   24.3437
   -7.5000  -15.0000    0.0000 2572.1465   22.1669
    0.0000  -15.0000    0.0000 2595.6350   21.7240
    7.5000  -15.0000    0.0000 2588.1792   21.8501
   -7.5000   -7.5000    0.0000 2670.9519   20.2883
    0.0000   -7.5000    0.0000 2691.7275   19.7935
    7.5000   -7.5000    0.0000 2687.2278   19.9535
   -7.5000    0.0000    0.0000 2755.3533   18.8224
    0.0000    0.0000    0.0000 2770.8958   18.2974
    7.5000    0.0000    0.0000 2769.6431   18.4790
   -7.5000    7.5000    0.0000 2834.5825   17.7328
    0.0000    7.5000    0.0000 2843.9402   17.2143
    7.5000    7.5000    0.0000 2842.1565   17.4077
   -7.5000   15.0000    0.0000 2896.1047   17.0715
    0.0000   15.0000    0.0000 2908.1660   16.5495
    7.5000   15.0000    0.0000 2889.8193   16.7286
   -7.5000   22.5000    0.0000 2914.0942   16.5568
    0.0000   22.5000    0.0000 2929.8860   15.9262
    7.5000   22.5000    0.0000 2896.9482   16.2106
   -7.5000   30.0000    0.0000 2883.1609   16.3818
    0.0000   30.0000    0.0000 2895.6768   15.7397
    7.5000   30.0000    0.0000 2871.7917   16.0062
   -7.5000   37.5000    0.0000 2824.3010   16.6628
    0.0000   37.5000    0.0000 2833.5408   16.0481
    7.5000   37.5000    0.0000 2820.9429   16.3188
   -7.5000   45.0000    0.0000 2721.6758   17.2194
    0.0000   45.0000    0.0000 2735.0427   16.7557
    7.5000   45.0000    0.0000 2724.8682   16.8889
   -7.5000   52.5000    0.0000 2575.5593   17.7982
    0.0000   52.5000    0.0000 2590.7090   17.4325
    7.5000   52.5000    0.0000 2581.6521   17.4884
   -7.5000   60.0000    0.0000 2391.7161   18.3603
    0.0000   60.0000    0.0000 2409.9895   18.0427
    7.5000   60.0000    0.0000 2397.7124   18.0444
   -7.5000  -30.0000    7.5000 2333.3113   27.9465
    0.0000  -30.0000    7.5000 2363.2134   27.4757
    7.5000  -30.0000    7.5000 2351.1687   27.8011
   -7.5000  -22.5000    7.5000 2448.4946   24.6924
    0.0000  -22.5000    7.5000 2473.9985   24.1621
    7.5000  -22.5000    7.5000 2466.6765   24.6012
   -7.5000  -15.0000    7.5000 2552.7637   22.1356
    0.0000  -15.0000    7.5000 2571.7852   21.5733
    7.5000  -15.0000    7.5000 2577.4524   22.0090
   -7.5000   -7.5000    7.5000 2655.6689   20.2657
    0.0000   -7.5000    7.5000 2670.0845   19.6552
    7.5000   -7.5000    7.5000 2674.0378   20.0378
   -7.5000    0.0000    7.5000 2747.1873   18.8224
    0.0000    0.0000    7.5000 2753.7271   18.2122
    7.5000    0.0000    7.5000 2762.0388   18.5695
   -7.5000    7.5000    7.5000 2826.7087   17.7773
    0.0000    7.5000    7.5000 2839.4893   17.2685
    7.5000    7.5000    7.5000 2834.4121   17.5674
   -7.5000   15.0000    7.5000 2892.9919   17.1300
    0.0000   15.0000    7.5000 2917.8235   16.7341
    7.5000   15.0000    7.5000 2891.9380   16.9919
   -7.5000   22.5000    7.5000 2911.2751   16.5908
    0.0000   22.5000    7.5000 2938.8625   16.1687
    7.5000   22.5000    7.5000 2892.6030   16.4702
   -7.5000   30.0000    7.5000 2892.0872   16.5304
    0.0000   30.0000    7.5000 2905.3967   16.1149
    7.5000   30.0000    7.5000 2875.5007   16.3218
   -7.5000   37.5000    7.5000 2839.2708   16.7747
    0.0000   37.5000    7.5000 2866.4971   16.4739
    7.5000   37.5000    7.5000 2830.7927   16.5141
   -7.5000   45.0000    7.5000 2734.1016   17.3447
    0.0000   45.0000    7.5000 2752.7766   17.0520
    7.5000   45.0000    7.5000 2729.5637   17.0335
   -7.5000   52.5000    7.5000 2575.7112   17.9850
    0.0000   52.5000    7.5000 2590.6519   17.6482
    7.5000   52.5000    7.5000 2576.9233   17.6456
   -7.5000   60.0000    7.5000 2392.6086   18.5147
    0.0000   60.0000    7.5000 2409.9929   18.1900
    7.5000   60.0000    7.5000 2396.1577   18.1601
   -7.5000  -30.0000   15.0000 2314.4458   28.2656
    0.0000  -30.0000   15.0000 2335.7031   27.7444
    7.5000  -30.0000   15.0000 2334.4565   28.3195
   -7.5000  -22.5000   15.0000 2423.2905   25.1224
    0.0000  -22.5000   15.0000 2441.6230   24.4700
    7.5000  -22.5000   15.0000 2448.2295   25.0853
   -7.5000  -15.0000   15.0000 2534.1626   22.6453
    0.0000  -15.0000   15.0000 2547.4717   22.0201
    7.5000  -15.0000   15.0000 2554.9097   22.5550
   -7.5000   -7.5000   15.0000 2637.5654   20.6882
    0.0000   -7.5000   15.0000 2650.0095   20.1604
    7.5000   -7.5000   15.0000 2654.0662   20.6335
   -7.5000    0.0000   15.0000 2721.4595   19.2018
    0.0000    0.0000   15.0000 2738.6716   18.7594
    7.5000    0.0000   15.0000 2739.6938   19.1595
   -7.5000    7.5000   15.0000 2800.2126   18.1927
    0.0000    7.5000   15.0000 2816.3667   17.7411
    7.5000    7.5000   15.0000 2817.6011   18.1132
   -7.5000   15.0000   15.0000 2864.0566   17.4981
    0.0000   15.0000   15.0000 2888.6636   17.0598
    7.5000   15.0000   15.0000 2873.6575   17.4206
   -7.5000   22.5000   15.0000 2891.3567   17.0267
    0.0000   22.5000   15.0000 2885.7163   16.3800
    7.5000   22.5000   15.0000 2870.8337   16.8796
   -7.5000   30.0000   15.0000 2875.9399   17.0560
    0.0000   30.0000   15.0000 2890.6831   16.6008
    7.5000   30.0000   15.0000 2867.1760   16.8458
   -7.5000   37.5000   15.0000 2831.3862   17.4211
    0.0000   37.5000   15.0000 2858.2822   17.0970
    7.5000   37.5000   15.0000 2823.7827   17.2167
   -7.5000   45.0000   15.0000 2721.7195   17.9869
    0.0000   45.0000   15.0000 2746.3811   17.7225
    7.5000   45.0000   15.0000 2720.0696   17.7499
   -7.5000   52.5000   15.0000 2557.9541   18.5536
    0.0000   52.5000   15.0000 2574.3071   18.3068
    7.5000   52.5000   15.0000 2562.7817   18.3059
   -7.5000   60.0000   15.0000 2370.7605   18.9983
    0.0000   60.0000   15.0000 2390.6631   18.7640
    7.5000   60.0000   15.0000 2375.9661   18.7476
   -7.5000  -30.0000   22.5000 2282.4497   29.1947
    0.0000  -30.0000   22.5000 2299.9778   28.6440
    7.5000  -30.0000   22.5000 2302.6667   29.2139
   -7.5000  -22.5000   22.5000 2394.3418   26.0197
    0.0000  -22.5000   22.5000 2411.6438   25.5044
    7.5000  -22.5000   22.5000 2412.4260   26.0646
   -7.5000  -15.0000   22.5000 2502.9937   23.4810
    0.0000  -15.0000   22.5000 2524.0842   23.0521
    7.5000  -15.0000   22.5000 2515.4233   23.5012
   -7.5000   -7.5000   22.5000 2599.5588   21.4551
    0.0000   -7.5000   22.5000 2621.8523   21.0265
    7.5000   -7.5000   22.5000 2616.6938   21.4973
   -7.5000    0.0000   22.5000 2684.5889   19.9281
    0.0000    0.0000   22.5000 2702.4170   19.4522
    7.5000    0.0000   22.5000 2704.1172   19.9201
   -7.5000    7.5000   22.5000 2764.9568   18.8556
    0.0000    7.5000   22.5000 2780.0430   18.3236
    7.5000    7.5000   22.5000 2785.3613   18.7522
   -7.5000   15.0000   22.5000 2818.0740   18.0300
    0.0000   15.0000   22.5000 2825.4758   17.4473
    7.5000   15.0000   22.5000 2829.8662   17.9390
   -7.5000   22.5000   22.5000 2839.1575   17.5503
    0.0000   22.5000   22.5000 2838.7839   16.9891
    7.5000   22.5000   22.5000 2834.0107   17.4032
   -7.5000   30.0000   22.5000 2836.7114   17.7405
    0.0000   30.0000   22.5000 2847.8806   17.3169
    7.5000   30.0000   22.5000 2837.8418   17.5673
   -7.5000   37.5000   22.5000 2785.1074   18.1733
    0.0000   37.5000   22.5000 2803.6936   17.8297
    7.5000   37.5000   22.5000 2784.4551   18.0152
   -7.5000   45.0000   22.5000 2680.5024   18.7280
    0.0000   45.0000   22.5000 2704.6990   18.4455
    7.5000   45.0000   22.5000 2678.8572   18.5496
   -7.5000   52.5000   22.5000 2520.7424   19.2830
    0.0000   52.5000   22.5000 2544.6877   19.0444
    7.5000   52.5000   22.5000 2526.5884   19.0887
   -7.5000   60.0000   22.5000 2340.9895   19.7438
    0.0000   60.0000   22.5000 2360.5850   19.5221
    7.5000   60.0000   22.5000 2339.7893   19.4770
   -7.5000  -30.0000   30.0000 2240.9412   30.6212
    0.0000  -30.0000   30.0000 2254.8572   30.2831
    7.5000  -30.0000   30.0000 2254.7183   30.7079
   -7.5000  -22.5000   30.0000 2350.2400   27.2426
    0.0000  -22.5000   30.0000 2367.8882   26.8829
    7.5000  -22.5000   30.0000 2363.1270   27.3348
   -7.5000  -15.0000   30.0000 2453.6831   24.5226
    0.0000  -15.0000   30.0000 2470.6211   24.1324
    7.5000  -15.0000   30.0000 2467.4978   24.5828
   -7.5000   -7.5000   30.0000 2548.7415   22.3618
    0.0000   -7.5000   30.0000 2568.5361   21.9413
    7.5000   -7.5000   30.0000 2564.5586   22.4179
   -7.5000    0.0000   30.0000 2636.9431   20.7457
    0.0000    0.0000   30.0000 2659.4475   20.2977
    7.5000    0.0000   30.0000 2650.8750   20.7151
   -7.5000    7.5000   30.0000 2706.7957   19.5322
    0.0000    7.5000   30.0000 2727.4875   19.0543
    7.5000    7.5000   30.0000 2723.2307   19.4684
   -7.5000   15.0000   30.0000 2757.8032   18.7001
    0.0000   15.0000   30.0000 2766.9917   18.1580
    7.5000   15.0000   30.0000 2758.2981   18.5870
   -7.5000   22.5000   30.0000 2779.2256   18.2615
    0.0000   22.5000   30.0000 2786.2205   17.8450
    7.5000   22.5000   30.0000 2778.9106   18.1707
   -7.5000   30.0000   30.0000 2774.2671   18.5446
    0.0000   30.0000   30.0000 2788.3235   18.1624
    7.5000   30.0000   30.0000 2776.1230   18.4101
   -7.5000   37.5000   30.0000 2714.7698   19.0306
    0.0000   37.5000   30.0000 2733.2607   18.6825
    7.5000   37.5000   30.0000 2722.2275   18.8938
   -7.5000   45.0000   30.0000 2611.8457   19.5800
    0.0000   45.0000   30.0000 2636.2468   19.2728
    7.5000   45.0000   30.0000 2612.6733   19.4242
   -7.5000   52.5000   30.0000 2463.3145   20.0619
    0.0000   52.5000   30.0000 2484.3564   19.8485
    7.5000   52.5000   30.0000 2465.7957   19.9390
   -7.5000   60.0000   30.0000 2294.4004   20.4778
    0.0000   60.0000   30.0000 2311.1501   20.3328
    7.5000   60.0000   30.0000 2288.8909   20.3461
   -7.5000  -30.0000   37.5000 2185.8059   32.1798
    0.0000  -30.0000   37.5000 2198.8860   31.9408
    7.5000  -30.0000   37.5000 2194.5542   32.1457
   -7.5000  -22.5000   37.5000 2296.9519   28.4853
    0.0000  -22.5000   37.5000 2312.6167   28.3025
    7.5000  -22.5000   37.5000 2302.7556   28.5936
   -7.5000  -15.0000   37.5000 2392.1780   25.5836
    0.0000  -15.0000   37.5000 2412.3813   25.3050
    7.5000  -15.0000   37.5000 2402.0911   25.6872
   -7.5000   -7.5000   37.5000 2488.2832   23.3912
    0.0000   -7.5000   37.5000 2514.0178   23.0508
    7.5000   -7.5000   37.5000 2495.5242   23.3986
   -7.5000    0.0000   37.5000 2571.4626   21.7116
    0.0000    0.0000   37.5000 2598.4910   21.3119
    7.5000    0.0000   37.5000 2578.3889   21.6534
   -7.5000    7.5000   37.5000 2637.7808   20.4455
    0.0000    7.5000   37.5000 2664.3235   20.0244
    7.5000    7.5000   37.5000 2637.7959   20.3223
   -7.5000   15.0000   37.5000 2683.7603   19.5716
    0.0000   15.0000   37.5000 2703.1882   19.1843
    7.5000   15.0000   37.5000 2677.2581   19.4717
   -7.5000   22.5000   37.5000 2703.6736   19.1694
    0.0000   22.5000   37.5000 2718.7065   18.8707
    7.5000   22.5000   37.5000 2703.2461   19.1032
   -7.5000   30.0000   37.5000 2694.6565   19.4481
    0.0000   30.0000   37.5000 2716.5483   19.1488
    7.5000   30.0000   37.5000 2696.5159   19.3791
   -7.5000   37.5000   37.5000 2638.3274   19.9431
    0.0000   37.5000   37.5000 2655.8596   19.6799
    7.5000   37.5000   37.5000 2642.4260   19.8844
   -7.5000   45.0000   37.5000 2538.7488   20.4844
    0.0000   45.0000   37.5000 2564.8035   20.2395
    7.5000   45.0000   37.5000 2539.2991   20.4023
   -7.5000   52.5000   37.5000 2400.0347   20.9263
    0.0000   52.5000   37.5000 2429.0449   20.7277
    7.5000   52.5000   37.5000 2401.3027   20.8222
   -7.5000   60.0000   37.5000 2230.0933   21.2987
    0.0000   60.0000   37.5000 2244.8357   21.1465
    7.5000   60.0000   37.5000 2222.9453   21.1938
   -7.5000  -30.0000   45.0000 2099.9402   33.6273
    0.0000  -30.0000   45.0000 2113.5349   33.3548
    7.5000  -30.0000   45.0000 2109.4348   33.6355
   -7.5000  -22.5000   45.0000 2211.2708   29.7922
    0.0000  -22.5000   45.0000 2226.3296   29.5657
    7.5000  -22.5000   45.0000 2215.6179   29.8810
   -7.5000  -15.0000   45.0000 2310.5752   26.8343
    0.0000  -15.0000   45.0000 2330.2253   26.5861
    7.5000  -15.0000   45.0000 2305.9307   26.8084
   -7.5000   -7.5000   45.0000 2407.2666   24.5447
    0.0000   -7.5000   45.0000 2434.4509   24.2822
    7.5000   -7.5000   45.0000 2400.1841   24.4620
   -7.5000    0.0000   45.0000 2488.7339   22.7902
    0.0000    0.0000   45.0000 2518.5129   22.5142
    7.5000    0.0000   45.0000 2479.2800   22.6899
   -7.5000    7.5000   45.0000 2550.5796   21.5323
    0.0000    7.5000   45.0000 2572.2151   21.1569
    7.5000    7.5000   45.0000 2535.8684   21.3498
   -7.5000   15.0000   45.0000 2582.0508   20.6289
    0.0000   15.0000   45.0000 2604.2183   20.3670
    7.5000   15.0000   45.0000 2573.5208   20.4995
   -7.5000   22.5000   45.0000 2594.9763   20.3027
    0.0000   22.5000   45.0000 2615.4995   20.0634
    7.5000   22.5000   45.0000 2598.0920   20.1896
   -7.5000   30.0000   45.0000 2584.6807   20.5585
    0.0000   30.0000   45.0000 2606.8171   20.2917
    7.5000   30.0000   45.0000 2587.5801   20.4500
   -7.5000   37.5000   45.0000 2531.4441   21.0282
    0.0000   37.5000   45.0000 2549.0195   20.8030
    7.5000   37.5000   45.0000 2532.8877   20.9719
   -7.5000   45.0000   45.0000 2430.8987   21.4927
    0.0000   45.0000   45.0000 2457.5918   21.3567
    7.5000   45.0000   45.0000 2434.4578   21.4706
   -7.5000   52.5000   45.0000 2301.7891   21.8841
    0.0000   52.5000   45.0000 2328.7568   21.7332
    7.5000   52.5000   45.0000 2300.9229   21.8233
   -7.5000   60.0000   45.0000 2137.0486   22.1761
    0.0000   60.0000   45.0000 2153.8984   22.0536
    7.5000   60.0000   45.0000 2132.7029   22.1338

---------------------------------------------------------------------
imgreg_4dfp /opt/freesurfer/average/711-2C_as_mni_average_305 /opt/freesurfer/average/711-2B_as_mni_average_305_mask talsrcimg_g11 none talsrcimg_to_711-2C_as_mni_average_305_t4 1283
---------------------------------------------------------------------

freesurfer imgreg_4dfp.c
/opt/freesurfer/average/711-2C_as_mni_average_305.4dfp.img
       256       256       256         1
  1.000000  1.000000  1.000000
orientation T byte_order littleendian
Reading image: /opt/freesurfer/average/711-2C_as_mni_average_305.4dfp.img
dimensions:      256       256       256
mmppix:       1.0000   -1.0000   -1.0000
center:     128.0000 -129.0000 -129.0000
/opt/freesurfer/average/711-2B_as_mni_average_305_mask.4dfp.img
       256       256       256         1
  1.000000  1.000000  1.000000
orientation T byte_order littleendian
Reading mask: /opt/freesurfer/average/711-2B_as_mni_average_305_mask.4dfp.img (2306576 pixels)
talsrcimg_g11.4dfp.img
       320       320       320         1
  0.700000  0.700000  0.700000
orientation T byte_order littleendian
Reading image: talsrcimg_g11.4dfp.img
dimensions:      320       320       320
mmppix:       0.7000   -0.7000   -0.7000
center:     112.0000 -112.7000 -112.7000
rotation matrix determinant  1.000000
fimgreg.f
image alignment mode   1283 decimal      503 hex
parameters
    0.0000   22.5000    7.5000    0.0000    0.0000    0.0000
eta,q 0.92289 16.31667
niter,ni,del,rscale     5    3   12.0000    1.2000
parameter  2  0.536518 ->  0.500000 qaram    1.1500
parameters
   -2.5768   19.0500    5.6652    0.7401    2.2655   -1.4479
eta,q 0.92555 16.23089
  0.0811  0.0797  0.0791  0.0818  0.0845  0.0773
  0.0791  0.0762  0.0774  0.0778  0.0801  0.0756
  0.0788  0.0764  0.0763  0.0762  0.0776  0.0745
  0.0799  0.0787  0.0760  0.0763  0.0764  0.0750
  0.0818  0.0835  0.0782  0.0767  0.0752  0.0768
  0.0842  0.0888  0.0839  0.0775  0.0749  0.0781
  0.0849  0.0924  0.0885  0.0787  0.0774  0.0797
niter,ni,del,rscale     5    3   12.0000    1.2000
parameters
   -1.6746   20.3262    4.9438   -1.3901    1.1943   -2.1829
eta,q 0.92736 16.20630
  0.0861  0.0935  0.0805  0.0758  0.0779  0.0765
  0.0805  0.0858  0.0779  0.0733  0.0749  0.0746
  0.0770  0.0788  0.0753  0.0730  0.0732  0.0729
  0.0744  0.0744  0.0741  0.0743  0.0729  0.0729
  0.0754  0.0746  0.0753  0.0761  0.0751  0.0743
  0.0790  0.0770  0.0796  0.0777  0.0787  0.0763
  0.0800  0.0845  0.0862  0.0799  0.0825  0.0782
niter,ni,del,rscale     4    3   12.0000    1.2000
parameters
   -1.4047   21.1279    3.8760   -2.1737    0.7964   -2.4149
eta,q 0.92810 16.18815
  0.0828  0.0933  0.0788  0.0759  0.0793  0.0765
  0.0790  0.0847  0.0751  0.0745  0.0754  0.0749
  0.0756  0.0763  0.0726  0.0726  0.0728  0.0727
  0.0726  0.0725  0.0724  0.0721  0.0719  0.0719
  0.0743  0.0742  0.0750  0.0741  0.0738  0.0732
  0.0790  0.0790  0.0796  0.0761  0.0774  0.0753
  0.0809  0.0858  0.0857  0.0778  0.0808  0.0772
niter,ni,del,rscale     3    3   12.0000    1.2000
parameters
   -1.3600   21.7266    3.4088   -3.2879    0.8709   -2.6472
eta,q 0.92717 16.16537
  0.0831  0.0915  0.0806  0.0744  0.0805  0.0762
  0.0795  0.0824  0.0763  0.0745  0.0765  0.0751
  0.0752  0.0748  0.0738  0.0734  0.0738  0.0736
  0.0719  0.0719  0.0724  0.0724  0.0728  0.0728
  0.0744  0.0752  0.0741  0.0733  0.0738  0.0736
  0.0800  0.0793  0.0782  0.0754  0.0767  0.0752
  0.0826  0.0851  0.0839  0.0774  0.0797  0.0770
niter,ni,del,rscale     2    3   12.0000    1.2000
parameter  4  0.751463 ->  0.500000 qaram    1.1500
parameters
   -1.4393   22.3133    2.9062   -6.7379    2.3340   -3.7912
eta,q 0.92693 16.12628
  0.0829  0.0908  0.0811  0.0726  0.0807  0.0761
  0.0799  0.0814  0.0762  0.0735  0.0780  0.0747
  0.0759  0.0738  0.0742  0.0739  0.0756  0.0734
  0.0728  0.0729  0.0734  0.0735  0.0737  0.0732
  0.0753  0.0756  0.0750  0.0738  0.0733  0.0745
  0.0807  0.0789  0.0788  0.0748  0.0745  0.0769
  0.0834  0.0842  0.0839  0.0769  0.0766  0.0797
niter,ni,del,rscale     2    3   12.0000    1.2000
parameter  4  1.655983 ->  0.500000 qaram    1.3225
parameters
   -2.1734   24.1637    1.9272  -10.7054    2.5835   -5.2705
eta,q 0.93116 16.22216
  0.0818  0.0936  0.0797  0.0687  0.0775  0.0720
  0.0778  0.0849  0.0758  0.0687  0.0731  0.0697
  0.0740  0.0760  0.0726  0.0705  0.0698  0.0689
  0.0731  0.0728  0.0731  0.0723  0.0692  0.0693
  0.0769  0.0731  0.0764  0.0739  0.0704  0.0708
  0.0817  0.0749  0.0799  0.0767  0.0727  0.0734
  0.0858  0.0790  0.0848  0.0788  0.0756  0.0765
niter,ni,del,rscale     2    3   12.0000    1.2000
parameter  4  0.708762 ->  0.500000 qaram    1.5209
parameters
   -1.7770   25.8274    0.8562  -15.2680    1.2592   -4.6435
eta,q 0.93322 16.39546
  0.0832  0.0914  0.0774  0.0676  0.0708  0.0715
  0.0781  0.0834  0.0739  0.0668  0.0682  0.0692
  0.0728  0.0735  0.0701  0.0664  0.0672  0.0678
  0.0688  0.0685  0.0690  0.0690  0.0667  0.0669
  0.0690  0.0696  0.0739  0.0726  0.0684  0.0669
  0.0742  0.0728  0.0795  0.0757  0.0724  0.0681
  0.0816  0.0772  0.0845  0.0794  0.0775  0.0700
niter,ni,del,rscale     2    3   12.0000    1.2000
parameters
   -1.4075   26.4270   -0.1285  -15.4500    0.7836   -4.7979
eta,q 0.93379 16.35991
  0.0799  0.0854  0.0779  0.0766  0.0708  0.0703
  0.0750  0.0758  0.0717  0.0695  0.0684  0.0684
  0.0704  0.0686  0.0669  0.0657  0.0665  0.0669
  0.0668  0.0665  0.0669  0.0662  0.0662  0.0662
  0.0670  0.0689  0.0717  0.0672  0.0666  0.0669
  0.0725  0.0729  0.0799  0.0713  0.0692  0.0686
  0.0781  0.0789  0.0854  0.0762  0.0732  0.0708
niter,ni,del,rscale     1    3   12.0000    1.2000
parameters
   -1.5200   26.3547   -0.3695  -15.6208    0.6561   -4.9862
eta,q 0.93387 16.40492
  0.0779  0.0830  0.0811  0.0761  0.0709  0.0702
  0.0727  0.0733  0.0744  0.0696  0.0687  0.0682
  0.0686  0.0670  0.0683  0.0655  0.0664  0.0668
  0.0662  0.0663  0.0662  0.0662  0.0661  0.0661
  0.0676  0.0693  0.0692  0.0670  0.0664  0.0669
  0.0737  0.0750  0.0761  0.0711  0.0683  0.0686
  0.0790  0.0822  0.0836  0.0758  0.0719  0.0707
registration optimization eta report
parameter search radius
    6.0000    6.9000    6.0000    9.1253    6.0000    6.0000
100000*second partial in parameter space
       33.       34.       44.       13.       15.       12.
  0.0779  0.0830  0.0811  0.0761  0.0709  0.0702
  0.0727  0.0733  0.0744  0.0696  0.0687  0.0682
  0.0686  0.0670  0.0683  0.0655  0.0664  0.0668
  0.0662  0.0663  0.0662  0.0662  0.0661  0.0661
  0.0676  0.0693  0.0692  0.0670  0.0664  0.0669
  0.0737  0.0750  0.0761  0.0711  0.0683  0.0686
  0.0790  0.0822  0.0836  0.0758  0.0719  0.0707
   -1.5200   26.3547   -0.3695  -15.6208    0.6561   -4.9862
eta,q 0.93387 16.40492

---------------------------------------------------------------------
imgreg_4dfp /opt/freesurfer/average/711-2C_as_mni_average_305 /opt/freesurfer/average/711-2B_as_mni_average_305_mask talsrcimg_g11 none talsrcimg_to_711-2C_as_mni_average_305_t4 3335
---------------------------------------------------------------------

freesurfer imgreg_4dfp.c
/opt/freesurfer/average/711-2C_as_mni_average_305.4dfp.img
       256       256       256         1
  1.000000  1.000000  1.000000
orientation T byte_order littleendian
Reading image: /opt/freesurfer/average/711-2C_as_mni_average_305.4dfp.img
dimensions:      256       256       256
mmppix:       1.0000   -1.0000   -1.0000
center:     128.0000 -129.0000 -129.0000
/opt/freesurfer/average/711-2B_as_mni_average_305_mask.4dfp.img
       256       256       256         1
  1.000000  1.000000  1.000000
orientation T byte_order littleendian
Reading mask: /opt/freesurfer/average/711-2B_as_mni_average_305_mask.4dfp.img (2306576 pixels)
talsrcimg_g11.4dfp.img
       320       320       320         1
  0.700000  0.700000  0.700000
orientation T byte_order littleendian
Reading image: talsrcimg_g11.4dfp.img
dimensions:      320       320       320
mmppix:       0.7000   -0.7000   -0.7000
center:     112.0000 -112.7000 -112.7000
fimgreg.f
image alignment mode   3335 decimal      D07 hex
parameters
   -1.5200   26.3547   -0.3695   -0.3850   -4.0848   -3.6998
    8.6777    1.2417   -8.6909   26.9209    1.1451  -26.9252
eta,q 0.93476 16.43321
niter,ni,del,rscale     5    3    5.0000    1.2000
parameter  4  6.191499 ->  0.500000 qaram    1.1500
parameter  5  1.366498 ->  0.500000 qaram    1.1500
parameter  6  1.557068 ->  0.500000 qaram    1.1500
parameter  9 -0.624163 -> -0.500000 qaram    1.1500
parameter 10  1.083668 ->  0.500000 qaram    1.1500
parameters
   -1.8119   26.2710   -0.3228   -4.5250   -8.2248   -7.8398
    7.4107   -0.5958   -4.5509   22.7809   -0.0041  -23.6888
eta,q 0.96473 16.83848
  0.0674  0.0681  0.0681  0.0506  0.0469  0.0400  0.0435  0.0450  0.0450  0.0346  0.0377  0.0388
  0.0660  0.0664  0.0666  0.0537  0.0481  0.0405  0.0419  0.0413  0.0428  0.0353  0.0363  0.0371
  0.0652  0.0654  0.0656  0.0589  0.0506  0.0430  0.0410  0.0399  0.0411  0.0369  0.0356  0.0361
  0.0652  0.0652  0.0651  0.0651  0.0550  0.0486  0.0409  0.0408  0.0399  0.0390  0.0357  0.0356
  0.0659  0.0656  0.0655  0.0718  0.0608  0.0562  0.0419  0.0436  0.0392  0.0418  0.0364  0.0353
  0.0670  0.0667  0.0665  0.0777  0.0674  0.0627  0.0437  0.0473  0.0390  0.0456  0.0376  0.0353
  0.0685  0.0684  0.0680  0.0824  0.0733  0.0674  0.0462  0.0512  0.0394  0.0506  0.0395  0.0356
niter,ni,del,rscale     7    3    5.0000    1.2000
parameter  2 -1.143182 -> -0.500000 qaram    1.1500
parameter  4  0.525221 ->  0.500000 qaram    1.3225
parameter 11 -0.544510 -> -0.500000 qaram    1.1500
parameters
   -1.0976   27.6510   -0.3193   -9.2860  -11.9114   -9.6449
    5.2597   -1.2767   -3.8844   19.5777    4.1359  -21.6996
eta,q 0.97114 16.64273
  0.0437  0.0441  0.0348  0.0321  0.0311  0.0341  0.0311  0.0327  0.0327  0.0307  0.0309  0.0305
  0.0401  0.0406  0.0330  0.0304  0.0297  0.0326  0.0301  0.0308  0.0313  0.0296  0.0302  0.0298
  0.0371  0.0374  0.0320  0.0298  0.0291  0.0307  0.0298  0.0299  0.0303  0.0292  0.0296  0.0293
  0.0353  0.0347  0.0317  0.0317  0.0301  0.0292  0.0300  0.0298  0.0298  0.0297  0.0292  0.0289
  0.0347  0.0327  0.0321  0.0375  0.0335  0.0304  0.0308  0.0303  0.0299  0.0314  0.0290  0.0289
  0.0355  0.0314  0.0331  0.0455  0.0391  0.0368  0.0322  0.0317  0.0307  0.0339  0.0290  0.0290
  0.0376  0.0311  0.0347  0.0525  0.0455  0.0461  0.0341  0.0342  0.0320  0.0371  0.0292  0.0294
niter,ni,del,rscale     7    3    5.0000    1.2000
parameter  2 -0.609905 -> -0.500000 qaram    1.3225
parameters
   -0.9438   29.2380   -0.3898   -9.8096  -12.8627   -9.5182
    5.0649   -1.5741   -3.6855   19.9414    3.7399  -22.7706
eta,q 0.97225 16.58039
  0.0326  0.0364  0.0288  0.0334  0.0326  0.0336  0.0303  0.0307  0.0307  0.0322  0.0288  0.0285
  0.0307  0.0333  0.0280  0.0314  0.0305  0.0318  0.0290  0.0292  0.0292  0.0301  0.0282  0.0281
  0.0294  0.0308  0.0275  0.0293  0.0287  0.0300  0.0281  0.0282  0.0282  0.0286  0.0279  0.0278
  0.0289  0.0288  0.0274  0.0274  0.0277  0.0279  0.0278  0.0278  0.0278  0.0278  0.0278  0.0278
  0.0290  0.0277  0.0276  0.0270  0.0284  0.0265  0.0281  0.0280  0.0281  0.0282  0.0279  0.0280
  0.0300  0.0274  0.0281  0.0304  0.0317  0.0286  0.0291  0.0292  0.0290  0.0295  0.0283  0.0285
  0.0318  0.0282  0.0289  0.0378  0.0368  0.0362  0.0307  0.0316  0.0305  0.0316  0.0291  0.0291
niter,ni,del,rscale     7    3    5.0000    1.2000
parameters
   -0.8628   29.4027   -0.3804   -9.6738  -13.1552   -9.4845
    4.9421   -1.6111   -3.6402   20.2007    3.3762  -23.1266
eta,q 0.97228 16.57767
  0.0311  0.0330  0.0291  0.0340  0.0330  0.0337  0.0304  0.0308  0.0305  0.0319  0.0288  0.0287
  0.0294  0.0303  0.0284  0.0320  0.0309  0.0318  0.0289  0.0292  0.0290  0.0299  0.0282  0.0281
  0.0283  0.0285  0.0279  0.0298  0.0290  0.0299  0.0280  0.0282  0.0281  0.0284  0.0278  0.0278
  0.0278  0.0277  0.0277  0.0277  0.0277  0.0278  0.0277  0.0277  0.0277  0.0277  0.0277  0.0277
  0.0280  0.0281  0.0279  0.0269  0.0278  0.0263  0.0281  0.0279  0.0280  0.0281  0.0279  0.0279
  0.0290  0.0296  0.0284  0.0293  0.0304  0.0286  0.0290  0.0289  0.0290  0.0294  0.0283  0.0283
  0.0307  0.0321  0.0291  0.0361  0.0352  0.0368  0.0306  0.0311  0.0304  0.0315  0.0290  0.0289
niter,ni,del,rscale     6    3    5.0000    1.2000
parameters
   -0.8446   29.4745   -0.3955   -9.6125  -13.2352   -9.5022
    4.9127   -1.6091   -3.6331   20.3035    3.2863  -23.2568
eta,q 0.97227 16.57779
  0.0309  0.0326  0.0291  0.0340  0.0332  0.0337  0.0304  0.0308  0.0304  0.0317  0.0288  0.0287
  0.0292  0.0300  0.0283  0.0320  0.0310  0.0318  0.0290  0.0291  0.0290  0.0298  0.0283  0.0282
  0.0282  0.0283  0.0279  0.0298  0.0291  0.0299  0.0281  0.0281  0.0280  0.0283  0.0279  0.0278
  0.0277  0.0277  0.0277  0.0277  0.0277  0.0277  0.0277  0.0277  0.0277  0.0277  0.0277  0.0277
  0.0280  0.0282  0.0279  0.0269  0.0276  0.0263  0.0280  0.0279  0.0280  0.0282  0.0278  0.0279
  0.0291  0.0297  0.0284  0.0294  0.0300  0.0286  0.0290  0.0289  0.0290  0.0295  0.0282  0.0282
  0.0309  0.0322  0.0291  0.0364  0.0347  0.0371  0.0305  0.0310  0.0304  0.0316  0.0289  0.0288
niter,ni,del,rscale     5    3    5.0000    1.2000
parameters
   -0.8416   29.4956   -0.4085   -9.5938  -13.2551   -9.5176
    4.9106   -1.6087   -3.6348   20.3401    3.2651  -23.3122
eta,q 0.97227 16.57819
  0.0309  0.0324  0.0291  0.0340  0.0332  0.0337  0.0305  0.0308  0.0304  0.0316  0.0289  0.0287
  0.0292  0.0299  0.0283  0.0320  0.0311  0.0318  0.0290  0.0291  0.0290  0.0297  0.0283  0.0282
  0.0281  0.0283  0.0279  0.0298  0.0291  0.0299  0.0281  0.0281  0.0280  0.0283  0.0279  0.0279
  0.0277  0.0277  0.0277  0.0277  0.0277  0.0277  0.0277  0.0277  0.0277  0.0277  0.0277  0.0277
  0.0280  0.0282  0.0279  0.0269  0.0276  0.0263  0.0280  0.0280  0.0280  0.0282  0.0278  0.0279
  0.0291  0.0298  0.0284  0.0295  0.0300  0.0286  0.0290  0.0289  0.0290  0.0295  0.0282  0.0282
  0.0309  0.0323  0.0291  0.0365  0.0346  0.0371  0.0305  0.0310  0.0304  0.0317  0.0289  0.0288
registration optimization eta report
parameter search radius
    2.4000    3.1740    2.4000    9.5220    8.2800    8.2800
    7.2000    7.2000    8.2800    8.2800    8.2800    7.2000
100000*second partial in parameter space
       55.       46.       24.        8.        9.       12.
        5.        6.        4.        6.        2.        2.
  0.0309  0.0324  0.0291  0.0340  0.0332  0.0337  0.0305  0.0308  0.0304  0.0316  0.0289  0.0287
  0.0292  0.0299  0.0283  0.0320  0.0311  0.0318  0.0290  0.0291  0.0290  0.0297  0.0283  0.0282
  0.0281  0.0283  0.0279  0.0298  0.0291  0.0299  0.0281  0.0281  0.0280  0.0283  0.0279  0.0279
  0.0277  0.0277  0.0277  0.0277  0.0277  0.0277  0.0277  0.0277  0.0277  0.0277  0.0277  0.0277
  0.0280  0.0282  0.0279  0.0269  0.0276  0.0263  0.0280  0.0280  0.0280  0.0282  0.0278  0.0279
  0.0291  0.0298  0.0284  0.0295  0.0300  0.0286  0.0290  0.0289  0.0290  0.0295  0.0282  0.0282
  0.0309  0.0323  0.0291  0.0365  0.0346  0.0371  0.0305  0.0310  0.0304  0.0317  0.0289  0.0288
   -0.8416   29.4956   -0.4085   -9.5938  -13.2551   -9.5176
    4.9106   -1.6087   -3.6348   20.3401    3.2651  -23.3122
eta,q 0.97227 16.57819

---------------------------------------------------------------------
imgreg_4dfp /opt/freesurfer/average/711-2C_as_mni_average_305 /opt/freesurfer/average/711-2B_as_mni_average_305_mask talsrcimg_g11 none talsrcimg_to_711-2C_as_mni_average_305_t4 2311
---------------------------------------------------------------------

freesurfer imgreg_4dfp.c
/opt/freesurfer/average/711-2C_as_mni_average_305.4dfp.img
       256       256       256         1
  1.000000  1.000000  1.000000
orientation T byte_order littleendian
Reading image: /opt/freesurfer/average/711-2C_as_mni_average_305.4dfp.img
dimensions:      256       256       256
mmppix:       1.0000   -1.0000   -1.0000
center:     128.0000 -129.0000 -129.0000
/opt/freesurfer/average/711-2B_as_mni_average_305_mask.4dfp.img
       256       256       256         1
  1.000000  1.000000  1.000000
orientation T byte_order littleendian
Reading mask: /opt/freesurfer/average/711-2B_as_mni_average_305_mask.4dfp.img (2306576 pixels)
talsrcimg_g11.4dfp.img
       320       320       320         1
  0.700000  0.700000  0.700000
orientation T byte_order littleendian
Reading image: talsrcimg_g11.4dfp.img
dimensions:      320       320       320
mmppix:       0.7000   -0.7000   -0.7000
center:     112.0000 -112.7000 -112.7000
fimgreg.f
image alignment mode   2311 decimal      907 hex
parameters
   -0.8416   29.4956   -0.4085   -9.5938  -13.2551   -9.5176
    4.9106   -1.6087   -3.6348   20.3401    3.2651  -23.3122
eta,q 0.97227 16.57819
niter,ni,del,rscale     5    3    5.0000    0.8000
parameter  4 -0.560893 -> -0.500000 qaram    1.1500
parameter  6 -0.508184 -> -0.500000 qaram    1.1500
parameters
   -0.8035   29.4979   -0.4320   -6.8338  -12.7889   -6.7576
    4.7608   -1.9637   -3.7018   19.7669    1.6376  -23.3284
eta,q 0.97468 16.67605
  0.0292  0.0289  0.0283  0.0310  0.0295  0.0307  0.0273  0.0287  0.0268  0.0273  0.0258  0.0261
  0.0284  0.0283  0.0280  0.0299  0.0285  0.0295  0.0263  0.0268  0.0260  0.0262  0.0254  0.0256
  0.0279  0.0279  0.0278  0.0287  0.0275  0.0282  0.0257  0.0257  0.0256  0.0255  0.0253  0.0254
  0.0277  0.0277  0.0277  0.0277  0.0269  0.0268  0.0255  0.0255  0.0255  0.0255  0.0254  0.0253
  0.0279  0.0279  0.0278  0.0270  0.0268  0.0258  0.0258  0.0261  0.0257  0.0260  0.0258  0.0254
  0.0283  0.0283  0.0280  0.0270  0.0275  0.0256  0.0264  0.0275  0.0261  0.0270  0.0264  0.0257
  0.0291  0.0289  0.0284  0.0277  0.0290  0.0272  0.0275  0.0298  0.0268  0.0283  0.0273  0.0261
niter,ni,del,rscale     6    3    5.0000    0.9000
parameters
   -0.9012   29.4351   -0.3352   -8.1989  -13.0592   -8.0529
    4.7657   -1.5575   -3.4863   20.1687    2.1491  -23.5102
eta,q 0.97398 16.65911
  0.0279  0.0271  0.0273  0.0285  0.0282  0.0299  0.0279  0.0292  0.0276  0.0286  0.0269  0.0267
  0.0264  0.0261  0.0262  0.0270  0.0270  0.0283  0.0269  0.0274  0.0267  0.0274  0.0265  0.0263
  0.0255  0.0255  0.0255  0.0257  0.0260  0.0266  0.0263  0.0264  0.0262  0.0265  0.0262  0.0261
  0.0253  0.0253  0.0253  0.0253  0.0255  0.0255  0.0261  0.0261  0.0260  0.0260  0.0260  0.0260
  0.0258  0.0256  0.0255  0.0265  0.0256  0.0266  0.0263  0.0262  0.0262  0.0262  0.0260  0.0261
  0.0269  0.0263  0.0260  0.0299  0.0269  0.0314  0.0269  0.0269  0.0266  0.0269  0.0263  0.0264
  0.0286  0.0274  0.0269  0.0354  0.0293  0.0398  0.0280  0.0283  0.0273  0.0280  0.0267  0.0268
niter,ni,del,rscale     5    3    5.0000    0.8000
parameters
   -0.8449   29.4768   -0.5071   -7.9215  -12.7388   -8.1630
    4.7964   -1.6153   -3.5392   20.2701    2.0130  -23.7178
eta,q 0.97409 16.67747
  0.0279  0.0275  0.0267  0.0296  0.0285  0.0301  0.0275  0.0281  0.0271  0.0279  0.0265  0.0265
  0.0269  0.0267  0.0263  0.0282  0.0274  0.0288  0.0267  0.0268  0.0264  0.0269  0.0262  0.0261
  0.0263  0.0262  0.0260  0.0270  0.0265  0.0272  0.0261  0.0261  0.0260  0.0262  0.0260  0.0260
  0.0260  0.0260  0.0260  0.0260  0.0259  0.0258  0.0259  0.0259  0.0259  0.0259  0.0259  0.0259
  0.0262  0.0262  0.0262  0.0258  0.0259  0.0255  0.0261  0.0261  0.0260  0.0261  0.0260  0.0260
  0.0267  0.0266  0.0266  0.0269  0.0266  0.0274  0.0266  0.0268  0.0265  0.0268  0.0262  0.0262
  0.0277  0.0273  0.0271  0.0297  0.0282  0.0323  0.0275  0.0282  0.0271  0.0277  0.0266  0.0266
niter,ni,del,rscale     4    3    5.0000    0.7000
parameters
   -0.8527   29.4219   -0.5866   -7.7185  -12.5920   -7.8969
    4.8048   -1.6236   -3.5491   20.1908    1.8578  -23.7704
eta,q 0.97432 16.69090
  0.0273  0.0269  0.0266  0.0289  0.0279  0.0297  0.0270  0.0275  0.0266  0.0272  0.0262  0.0262
  0.0265  0.0264  0.0262  0.0277  0.0270  0.0284  0.0263  0.0265  0.0261  0.0264  0.0259  0.0259
  0.0261  0.0260  0.0260  0.0266  0.0263  0.0270  0.0258  0.0259  0.0258  0.0258  0.0257  0.0257
  0.0259  0.0259  0.0259  0.0259  0.0259  0.0258  0.0257  0.0257  0.0257  0.0257  0.0257  0.0257
  0.0261  0.0261  0.0260  0.0258  0.0259  0.0254  0.0258  0.0259  0.0258  0.0259  0.0257  0.0257
  0.0266  0.0265  0.0263  0.0268  0.0265  0.0266  0.0263  0.0265  0.0261  0.0265  0.0259  0.0259
  0.0274  0.0271  0.0267  0.0290  0.0279  0.0300  0.0270  0.0276  0.0266  0.0273  0.0263  0.0262
niter,ni,del,rscale     3    3    5.0000    0.6000
parameters
   -0.8530   29.4027   -0.5775   -7.5647  -12.5317   -7.6140
    4.7855   -1.6100   -3.5345   20.0882    1.7014  -23.7347
eta,q 0.97448 16.69550
  0.0268  0.0265  0.0263  0.0280  0.0272  0.0289  0.0265  0.0270  0.0262  0.0267  0.0259  0.0259
  0.0262  0.0260  0.0259  0.0271  0.0265  0.0278  0.0259  0.0262  0.0258  0.0260  0.0257  0.0257
  0.0258  0.0258  0.0257  0.0262  0.0260  0.0266  0.0256  0.0257  0.0256  0.0256  0.0256  0.0256
  0.0257  0.0257  0.0257  0.0257  0.0257  0.0256  0.0255  0.0255  0.0255  0.0255  0.0255  0.0255
  0.0258  0.0258  0.0258  0.0257  0.0257  0.0254  0.0256  0.0257  0.0256  0.0257  0.0256  0.0256
  0.0262  0.0261  0.0259  0.0264  0.0262  0.0263  0.0260  0.0261  0.0258  0.0261  0.0257  0.0257
  0.0268  0.0266  0.0262  0.0281  0.0273  0.0289  0.0265  0.0270  0.0262  0.0268  0.0260  0.0259
niter,ni,del,rscale     2    3    5.0000    0.5000
parameters
   -0.8542   29.3981   -0.5461   -7.4282  -12.4892   -7.3551
    4.7564   -1.5924   -3.5181   19.9773    1.5861  -23.6591
eta,q 0.97461 16.69650
  0.0263  0.0261  0.0260  0.0273  0.0266  0.0281  0.0261  0.0265  0.0259  0.0262  0.0257  0.0257
  0.0259  0.0258  0.0257  0.0265  0.0261  0.0271  0.0257  0.0259  0.0256  0.0258  0.0255  0.0255
  0.0256  0.0256  0.0256  0.0259  0.0257  0.0262  0.0255  0.0255  0.0255  0.0255  0.0254  0.0254
  0.0255  0.0255  0.0255  0.0255  0.0255  0.0255  0.0254  0.0254  0.0254  0.0254  0.0254  0.0254
  0.0256  0.0256  0.0256  0.0255  0.0256  0.0253  0.0255  0.0255  0.0254  0.0255  0.0254  0.0254
  0.0259  0.0258  0.0257  0.0261  0.0259  0.0261  0.0257  0.0259  0.0256  0.0259  0.0255  0.0255
  0.0263  0.0261  0.0259  0.0273  0.0266  0.0279  0.0261  0.0265  0.0259  0.0264  0.0257  0.0257
niter,ni,del,rscale     1    3    5.0000    0.4000
parameters
   -0.8555   29.3983   -0.5053   -7.3178  -12.4538   -7.1229
    4.7196   -1.5799   -3.4935   19.8730    1.4984  -23.6045
eta,q 0.97469 16.69602
  0.0259  0.0258  0.0257  0.0266  0.0261  0.0273  0.0258  0.0261  0.0256  0.0259  0.0255  0.0255
  0.0256  0.0256  0.0255  0.0260  0.0258  0.0265  0.0255  0.0256  0.0255  0.0256  0.0254  0.0254
  0.0255  0.0254  0.0254  0.0256  0.0255  0.0258  0.0254  0.0254  0.0254  0.0254  0.0253  0.0253
  0.0254  0.0254  0.0254  0.0254  0.0254  0.0254  0.0253  0.0253  0.0253  0.0253  0.0253  0.0253
  0.0254  0.0254  0.0254  0.0254  0.0254  0.0253  0.0254  0.0254  0.0253  0.0254  0.0253  0.0253
  0.0256  0.0256  0.0255  0.0258  0.0257  0.0258  0.0255  0.0256  0.0255  0.0256  0.0254  0.0254
  0.0259  0.0258  0.0257  0.0265  0.0261  0.0270  0.0258  0.0261  0.0256  0.0260  0.0255  0.0255
registration optimization eta report
parameter search radius
    0.8000    0.8000    0.8000    2.7600    2.4000    2.7600
    2.4000    2.4000    2.4000    2.4000    2.4000    2.4000
100000*second partial in parameter space
       83.       63.       47.       15.       13.       23.
        8.       13.        6.       11.        4.        3.
  0.0259  0.0258  0.0257  0.0266  0.0261  0.0273  0.0258  0.0261  0.0256  0.0259  0.0255  0.0255
  0.0256  0.0256  0.0255  0.0260  0.0258  0.0265  0.0255  0.0256  0.0255  0.0256  0.0254  0.0254
  0.0255  0.0254  0.0254  0.0256  0.0255  0.0258  0.0254  0.0254  0.0254  0.0254  0.0253  0.0253
  0.0254  0.0254  0.0254  0.0254  0.0254  0.0254  0.0253  0.0253  0.0253  0.0253  0.0253  0.0253
  0.0254  0.0254  0.0254  0.0254  0.0254  0.0253  0.0254  0.0254  0.0253  0.0254  0.0253  0.0253
  0.0256  0.0256  0.0255  0.0258  0.0257  0.0258  0.0255  0.0256  0.0255  0.0256  0.0254  0.0254
  0.0259  0.0258  0.0257  0.0265  0.0261  0.0270  0.0258  0.0261  0.0256  0.0260  0.0255  0.0255
   -0.8555   29.3983   -0.5053   -7.3178  -12.4538   -7.1229
    4.7196   -1.5799   -3.4935   19.8730    1.4984  -23.6045
eta,q 0.97469 16.69602

---------------------------------------------------------------------
imgreg_4dfp /opt/freesurfer/average/711-2C_as_mni_average_305 /opt/freesurfer/average/711-2B_as_mni_average_305_mask talsrcimg_g11 none talsrcimg_to_711-2C_as_mni_average_305_t4 2311
---------------------------------------------------------------------

freesurfer imgreg_4dfp.c
/opt/freesurfer/average/711-2C_as_mni_average_305.4dfp.img
       256       256       256         1
  1.000000  1.000000  1.000000
orientation T byte_order littleendian
Reading image: /opt/freesurfer/average/711-2C_as_mni_average_305.4dfp.img
dimensions:      256       256       256
mmppix:       1.0000   -1.0000   -1.0000
center:     128.0000 -129.0000 -129.0000
/opt/freesurfer/average/711-2B_as_mni_average_305_mask.4dfp.img
       256       256       256         1
  1.000000  1.000000  1.000000
orientation T byte_order littleendian
Reading mask: /opt/freesurfer/average/711-2B_as_mni_average_305_mask.4dfp.img (2306576 pixels)
talsrcimg_g11.4dfp.img
       320       320       320         1
  0.700000  0.700000  0.700000
orientation T byte_order littleendian
Reading image: talsrcimg_g11.4dfp.img
dimensions:      320       320       320
mmppix:       0.7000   -0.7000   -0.7000
center:     112.0000 -112.7000 -112.7000
fimgreg.f
image alignment mode   2311 decimal      907 hex
parameters
   -0.8555   29.3983   -0.5053   -7.3178  -12.4538   -7.1229
    4.7196   -1.5799   -3.4935   19.8730    1.4984  -23.6045
eta,q 0.97469 16.69602
niter,ni,del,rscale     5    3    5.0000    0.8000
parameters
   -0.8551   29.3905   -0.4039   -7.8684  -12.8400   -7.6709
    4.7604   -1.5679   -3.4931   20.0890    1.7947  -23.6159
eta,q 0.97434 16.67911
  0.0275  0.0269  0.0268  0.0279  0.0275  0.0290  0.0273  0.0281  0.0268  0.0278  0.0264  0.0263
  0.0263  0.0260  0.0260  0.0267  0.0266  0.0276  0.0264  0.0267  0.0262  0.0267  0.0260  0.0259
  0.0256  0.0255  0.0255  0.0258  0.0258  0.0263  0.0259  0.0259  0.0258  0.0260  0.0258  0.0257
  0.0253  0.0253  0.0253  0.0253  0.0254  0.0254  0.0257  0.0257  0.0257  0.0257  0.0257  0.0257
  0.0256  0.0255  0.0254  0.0257  0.0257  0.0257  0.0258  0.0259  0.0258  0.0259  0.0257  0.0257
  0.0263  0.0260  0.0258  0.0272  0.0268  0.0280  0.0264  0.0267  0.0262  0.0265  0.0259  0.0259
  0.0275  0.0269  0.0264  0.0302  0.0288  0.0327  0.0272  0.0281  0.0268  0.0275  0.0263  0.0263
niter,ni,del,rscale     4    3    5.0000    0.7000
parameters
   -0.8392   29.4480   -0.4916   -7.5680  -12.7236   -7.5665
    4.7522   -1.5993   -3.5173   20.0784    1.6664  -23.6818
eta,q 0.97448 16.68744
  0.0272  0.0269  0.0264  0.0281  0.0276  0.0288  0.0268  0.0275  0.0265  0.0271  0.0260  0.0260
  0.0263  0.0262  0.0259  0.0271  0.0267  0.0277  0.0261  0.0264  0.0259  0.0263  0.0258  0.0257
  0.0258  0.0258  0.0257  0.0262  0.0260  0.0265  0.0257  0.0257  0.0256  0.0257  0.0256  0.0256
  0.0257  0.0257  0.0257  0.0257  0.0256  0.0256  0.0255  0.0255  0.0255  0.0255  0.0255  0.0255
  0.0258  0.0258  0.0258  0.0256  0.0256  0.0254  0.0257  0.0257  0.0256  0.0257  0.0256  0.0256
  0.0263  0.0261  0.0261  0.0262  0.0263  0.0266  0.0261  0.0264  0.0259  0.0263  0.0258  0.0258
  0.0271  0.0267  0.0265  0.0279  0.0276  0.0294  0.0268  0.0276  0.0265  0.0271  0.0261  0.0260
niter,ni,del,rscale     3    3    5.0000    0.6000
parameters
   -0.8521   29.4302   -0.5200   -7.4399  -12.6279   -7.3734
    4.7431   -1.5854   -3.5141   19.9987    1.5770  -23.6791
eta,q 0.97459 16.69236
  0.0266  0.0263  0.0261  0.0274  0.0270  0.0282  0.0264  0.0270  0.0261  0.0266  0.0258  0.0258
  0.0260  0.0259  0.0258  0.0266  0.0263  0.0272  0.0258  0.0261  0.0257  0.0260  0.0256  0.0256
  0.0256  0.0256  0.0256  0.0259  0.0258  0.0262  0.0255  0.0256  0.0255  0.0255  0.0255  0.0255
  0.0255  0.0255  0.0255  0.0255  0.0255  0.0255  0.0254  0.0254  0.0254  0.0254  0.0254  0.0254
  0.0257  0.0256  0.0256  0.0255  0.0255  0.0254  0.0255  0.0256  0.0255  0.0256  0.0255  0.0255
  0.0260  0.0259  0.0258  0.0261  0.0260  0.0262  0.0259  0.0261  0.0257  0.0260  0.0256  0.0256
  0.0267  0.0264  0.0261  0.0274  0.0270  0.0282  0.0264  0.0270  0.0261  0.0267  0.0259  0.0258
niter,ni,del,rscale     2    3    5.0000    0.5000
parameters
   -0.8535   29.4190   -0.4991   -7.3429  -12.5558   -7.1785
    4.7258   -1.5737   -3.5055   19.9161    1.5102  -23.6127
eta,q 0.97466 16.69347
  0.0262  0.0260  0.0259  0.0268  0.0265  0.0275  0.0260  0.0265  0.0258  0.0262  0.0256  0.0256
  0.0258  0.0257  0.0256  0.0262  0.0260  0.0267  0.0256  0.0258  0.0256  0.0257  0.0255  0.0255
  0.0255  0.0255  0.0255  0.0257  0.0256  0.0259  0.0254  0.0255  0.0254  0.0254  0.0254  0.0254
  0.0254  0.0254  0.0254  0.0254  0.0254  0.0254  0.0253  0.0253  0.0253  0.0253  0.0253  0.0253
  0.0255  0.0255  0.0255  0.0254  0.0254  0.0253  0.0254  0.0255  0.0254  0.0255  0.0254  0.0254
  0.0258  0.0257  0.0256  0.0259  0.0258  0.0259  0.0257  0.0258  0.0256  0.0258  0.0255  0.0255
  0.0262  0.0260  0.0258  0.0268  0.0265  0.0274  0.0260  0.0265  0.0258  0.0263  0.0257  0.0256
niter,ni,del,rscale     1    3    5.0000    0.4000
parameters
   -0.8557   29.4146   -0.4653   -7.2672  -12.5018   -7.0013
    4.7044   -1.5664   -3.4782   19.8231    1.4524  -23.5533
eta,q 0.97471 16.69288
  0.0259  0.0257  0.0257  0.0263  0.0261  0.0268  0.0257  0.0261  0.0256  0.0259  0.0255  0.0255
  0.0256  0.0255  0.0255  0.0258  0.0257  0.0262  0.0255  0.0256  0.0254  0.0255  0.0254  0.0254
  0.0254  0.0254  0.0254  0.0255  0.0255  0.0257  0.0253  0.0254  0.0253  0.0253  0.0253  0.0253
  0.0253  0.0253  0.0253  0.0253  0.0253  0.0253  0.0253  0.0253  0.0253  0.0253  0.0253  0.0253
  0.0254  0.0254  0.0254  0.0254  0.0254  0.0253  0.0253  0.0254  0.0253  0.0254  0.0253  0.0253
  0.0256  0.0255  0.0255  0.0257  0.0256  0.0257  0.0255  0.0256  0.0254  0.0256  0.0254  0.0254
  0.0259  0.0257  0.0256  0.0262  0.0261  0.0266  0.0257  0.0260  0.0256  0.0260  0.0255  0.0255
registration optimization eta report
parameter search radius
    0.8000    0.8000    0.8000    2.4000    2.4000    2.4000
    2.4000    2.4000    2.4000    2.4000    2.4000    2.4000
100000*second partial in parameter space
       84.       63.       49.       16.       13.       24.
        8.       13.        6.       11.        4.        3.
  0.0259  0.0257  0.0257  0.0263  0.0261  0.0268  0.0257  0.0261  0.0256  0.0259  0.0255  0.0255
  0.0256  0.0255  0.0255  0.0258  0.0257  0.0262  0.0255  0.0256  0.0254  0.0255  0.0254  0.0254
  0.0254  0.0254  0.0254  0.0255  0.0255  0.0257  0.0253  0.0254  0.0253  0.0253  0.0253  0.0253
  0.0253  0.0253  0.0253  0.0253  0.0253  0.0253  0.0253  0.0253  0.0253  0.0253  0.0253  0.0253
  0.0254  0.0254  0.0254  0.0254  0.0254  0.0253  0.0253  0.0254  0.0253  0.0254  0.0253  0.0253
  0.0256  0.0255  0.0255  0.0257  0.0256  0.0257  0.0255  0.0256  0.0254  0.0256  0.0254  0.0254
  0.0259  0.0257  0.0256  0.0262  0.0261  0.0266  0.0257  0.0260  0.0256  0.0260  0.0255  0.0255
   -0.8557   29.4146   -0.4653   -7.2672  -12.5018   -7.0013
    4.7044   -1.5664   -3.4782   19.8231    1.4524  -23.5533
eta,q 0.97471 16.69288

---------------------------------------------------------------------
compute_vox2vox talsrcimg talsrcimg_to_711-2C_as_mni_average_305_t4 /opt/freesurfer/average/711-2C_as_mni_average_305
---------------------------------------------------------------------

freesurfer compute_vox2vox.c
Reading: talsrcimg.4dfp.ifh
Reading: talsrcimg_to_711-2C_as_mni_average_305_t4
Reading: /opt/freesurfer/average/711-2C_as_mni_average_305.4dfp.ifh
Writing: talsrcimg_to_711-2C_as_mni_average_305_t4_vox2vox.txt

start time Fri Mar 13 08:05:47 CET 2026
end		time Fri Mar 13 08:07:12 CET 2026

mpr2mni305 success

avi2talxfm orig_nu.mgz /opt/freesurfer/average/mni305.cor.mgz talsrcimg_to_711-2C_as_mni_average_305_t4_vox2vox.txt transforms/talairach.auto.xfm
avi2talxfm done
mv -f /out/sourcedata/freesurfer/sub-v2s5x29570_ses-1/mri/talsrcimg_to_711-2C_as_mni_average_305_t4_vox2vox.txt /out/sourcedata/freesurfer/sub-v2s5x29570_ses-1/mri/transforms/talsrcimg_to_711-2C_as_mni_average_305_t4_vox2vox.txt
lta_convert --src orig_nu.mgz --trg /opt/freesurfer/average/mni305.cor.mgz --inxfm transforms/talairach.auto.xfm --outlta transforms/talairach.auto.xfm.lta --subject fsaverage
7.3.2

--src: orig_nu.mgz src image (geometry).
--trg: /opt/freesurfer/average/mni305.cor.mgz trg image (geometry).
--inmni: transforms/talairach.auto.xfm input MNI/XFM transform.
--outlta: transforms/talairach.auto.xfm.lta output LTA.
--s: fsaverage subject name
 LTA read, type : 1
 1.07604   0.02880  -0.05010  -4.04066;
-0.00565   1.01678   0.27401  -27.99506;
 0.04405  -0.22921   1.07881  -6.12672;
 0.00000   0.00000   0.00000   1.00000;
setting subject to fsaverage
Writing  LTA to file transforms/talairach.auto.xfm.lta...
lta_convert successful.
 
 
Started at Fri Mar 13 08:05:46 CET 2026
Ended   at Fri Mar 13 08:07:13 CET 2026
talairach_avi done
