Log file for defect2seg
Fri Mar 13 10:23:05 CET 2026

setenv SUBJECTS_DIR /out/sourcedata/freesurfer
cd /out/sourcedata/freesurfer/sub-v2s5x29540_ses-1/scripts
/opt/freesurfer/bin/defect2seg --s sub-v2s5x29540_ses-1 --rh-only --cortex

freesurfer-linux-ubuntu22_x86_64-7.3.2-20220804-6354275
defect2seg 7.3.2
Linux dna038 5.14.0-427.37.1.el9_4.x86_64 #1 SMP PREEMPT_DYNAMIC Fri Sep 13 12:41:50 EDT 2024 x86_64 x86_64 x86_64 GNU/Linux
pid 1355820
mri_label2label --label-cortex /out/sourcedata/freesurfer/sub-v2s5x29540_ses-1/surf/rh.orig.nofix /out/sourcedata/freesurfer/sub-v2s5x29540_ses-1/mri/aseg.presurf.mgz 0 /out/sourcedata/freesurfer/sub-v2s5x29540_ses-1/label/rh.nofix.cortex.label

 Generating cortex label... RemoveHipAmgy=0
 NucAccIsMedialWall=0
 mris->useRealRAS=0
54 non-cortical segments detected
only using segment with 14545 vertices
erasing segment 0 (vno[0] = 8316)
erasing segment 1 (vno[0] = 9347)
erasing segment 2 (vno[0] = 9451)
erasing segment 3 (vno[0] = 11317)
erasing segment 4 (vno[0] = 17056)
erasing segment 5 (vno[0] = 18741)
erasing segment 6 (vno[0] = 21402)
erasing segment 7 (vno[0] = 21423)
erasing segment 8 (vno[0] = 36651)
erasing segment 9 (vno[0] = 41412)
erasing segment 10 (vno[0] = 55251)
erasing segment 12 (vno[0] = 101008)
erasing segment 13 (vno[0] = 119889)
erasing segment 14 (vno[0] = 124406)
erasing segment 15 (vno[0] = 130737)
erasing segment 16 (vno[0] = 168205)
erasing segment 17 (vno[0] = 168230)
erasing segment 18 (vno[0] = 169910)
erasing segment 19 (vno[0] = 171261)
erasing segment 20 (vno[0] = 174494)
erasing segment 21 (vno[0] = 183129)
erasing segment 22 (vno[0] = 187335)
erasing segment 23 (vno[0] = 187498)
erasing segment 24 (vno[0] = 187521)
erasing segment 25 (vno[0] = 188924)
erasing segment 26 (vno[0] = 190231)
erasing segment 27 (vno[0] = 191641)
erasing segment 28 (vno[0] = 191744)
erasing segment 29 (vno[0] = 191761)
erasing segment 30 (vno[0] = 191790)
erasing segment 31 (vno[0] = 191885)
erasing segment 32 (vno[0] = 191983)
erasing segment 33 (vno[0] = 193167)
erasing segment 34 (vno[0] = 193170)
erasing segment 35 (vno[0] = 193320)
erasing segment 36 (vno[0] = 193536)
erasing segment 37 (vno[0] = 194742)
erasing segment 38 (vno[0] = 194818)
erasing segment 39 (vno[0] = 196090)
erasing segment 40 (vno[0] = 196126)
erasing segment 41 (vno[0] = 196174)
erasing segment 42 (vno[0] = 196290)
erasing segment 43 (vno[0] = 197579)
erasing segment 44 (vno[0] = 201453)
erasing segment 45 (vno[0] = 201468)
erasing segment 46 (vno[0] = 202534)
erasing segment 47 (vno[0] = 202681)
erasing segment 48 (vno[0] = 204086)
erasing segment 49 (vno[0] = 206238)
erasing segment 50 (vno[0] = 206258)
erasing segment 51 (vno[0] = 209023)
erasing segment 52 (vno[0] = 214028)
erasing segment 53 (vno[0] = 245223)
mri_label2vol --defects /out/sourcedata/freesurfer/sub-v2s5x29540_ses-1/surf/rh.orig.nofix /out/sourcedata/freesurfer/sub-v2s5x29540_ses-1/surf/rh.defect_labels /out/sourcedata/freesurfer/sub-v2s5x29540_ses-1/mri/orig.mgz 2000 0 /out/sourcedata/freesurfer/sub-v2s5x29540_ses-1/mri/rh.surface.defects.mgz /out/sourcedata/freesurfer/sub-v2s5x29540_ses-1/label/rh.nofix.cortex.label
mri_label2vol supposed to be reproducible but seed not set
Contraining to label /out/sourcedata/freesurfer/sub-v2s5x29540_ses-1/label/rh.nofix.cortex.label
Changing input type 0 to MRI_INT
Converting defects to volume: offset=2000, merge=0
Writing to /out/sourcedata/freesurfer/sub-v2s5x29540_ses-1/mri/rh.surface.defects.mgz
mris_defects_pointset -s /out/sourcedata/freesurfer/sub-v2s5x29540_ses-1/surf/rh.orig.nofix -d /out/sourcedata/freesurfer/sub-v2s5x29540_ses-1/surf/rh.defect_labels -o /out/sourcedata/freesurfer/sub-v2s5x29540_ses-1/surf/rh.defects.pointset --label /out/sourcedata/freesurfer/sub-v2s5x29540_ses-1/label/rh.nofix.cortex.label
Reading in surface /out/sourcedata/freesurfer/sub-v2s5x29540_ses-1/surf/rh.orig.nofix
Reading in defect segmentation /out/sourcedata/freesurfer/sub-v2s5x29540_ses-1/surf/rh.defect_labels
Reading in label /out/sourcedata/freesurfer/sub-v2s5x29540_ses-1/label/rh.nofix.cortex.label
#VMPC# mris_defects_pointset 1594276
mris_defects_pointset done
 
Started at Fri Mar 13 10:23:05 CET 2026 
Ended   at Fri Mar 13 10:23:35 CET 2026
Defect2seg-Run-Time-Sec 30
Defect2seg-Run-Time-Min 0.60
Defect2seg-Run-Time-Hours 0.01
 
defect2seg Done
