status file for recon-all
Fri Mar 13 06:37:40 CET 2026
#@# MotionCor Fri Mar 13 06:37:46 CET 2026
#@# Talairach Fri Mar 13 06:38:04 CET 2026
#@# Talairach Failure Detection Fri Mar 13 06:45:13 CET 2026
#@# Nu Intensity Correction Fri Mar 13 06:45:13 CET 2026
#@# Intensity Normalization Fri Mar 13 06:51:36 CET 2026
recon-all -s sub-v2s5x29540_ses-1 finished without error at Fri Mar 13 06:57:08 CET 2026



#New# invocation of recon-all 



status file for recon-all
Fri Mar 13 07:07:11 CET 2026
#@# EM Registration Fri Mar 13 07:07:11 CET 2026
recon-all -s sub-v2s5x29540_ses-1 finished without error at Fri Mar 13 07:09:34 CET 2026



#New# invocation of recon-all 



status file for recon-all
Fri Mar 13 07:09:35 CET 2026
#@# CA Normalize Fri Mar 13 07:09:35 CET 2026
#@# CA Reg Fri Mar 13 07:11:34 CET 2026
#@# SubCort Seg Fri Mar 13 07:56:55 CET 2026
#@# CC Seg Fri Mar 13 09:12:48 CET 2026
#@# Merge ASeg Fri Mar 13 09:15:13 CET 2026
#@# Intensity Normalization2 Fri Mar 13 09:15:13 CET 2026
#@# Mask BFS Fri Mar 13 09:20:29 CET 2026
#@# WM Segmentation Fri Mar 13 09:20:30 CET 2026
#@# Fill Fri Mar 13 09:25:53 CET 2026
recon-all -s sub-v2s5x29540_ses-1 finished without error at Fri Mar 13 09:27:39 CET 2026



#New# invocation of recon-all 



status file for recon-all
Fri Mar 13 11:04:36 CET 2026
#@# white curv lh Fri Mar 13 11:04:36 CET 2026
#@# white area lh Fri Mar 13 11:04:36 CET 2026
#@# pial curv lh Fri Mar 13 11:04:36 CET 2026
#@# pial area lh Fri Mar 13 11:04:36 CET 2026
#@# thickness lh Fri Mar 13 11:04:36 CET 2026
#@# area and vertex vol lh Fri Mar 13 11:04:36 CET 2026
#@# white curv rh Fri Mar 13 11:04:36 CET 2026
#@# white area rh Fri Mar 13 11:04:36 CET 2026
#@# pial curv rh Fri Mar 13 11:04:36 CET 2026
#@# pial area rh Fri Mar 13 11:04:36 CET 2026
#@# thickness rh Fri Mar 13 11:04:36 CET 2026
#@# area and vertex vol rh Fri Mar 13 11:04:36 CET 2026
#@# Cortical ribbon mask Fri Mar 13 11:04:36 CET 2026
recon-all -s sub-v2s5x29540_ses-1 finished without error at Fri Mar 13 11:30:18 CET 2026



#New# invocation of recon-all 



status file for recon-all
Fri Mar 13 11:43:44 CET 2026
#@# white curv lh Fri Mar 13 11:43:44 CET 2026
#@# white area lh Fri Mar 13 11:43:44 CET 2026
#@# pial curv lh Fri Mar 13 11:43:44 CET 2026
#@# pial area lh Fri Mar 13 11:43:44 CET 2026
#@# thickness lh Fri Mar 13 11:43:44 CET 2026
#@# area and vertex vol lh Fri Mar 13 11:43:44 CET 2026
#@# white curv rh Fri Mar 13 11:43:44 CET 2026
#@# white area rh Fri Mar 13 11:43:44 CET 2026
#@# pial curv rh Fri Mar 13 11:43:44 CET 2026
#@# pial area rh Fri Mar 13 11:43:44 CET 2026
#@# thickness rh Fri Mar 13 11:43:45 CET 2026
#@# area and vertex vol rh Fri Mar 13 11:43:45 CET 2026
#@# Curvature Stats lh Fri Mar 13 11:43:45 CET 2026
#@# Curvature Stats rh Fri Mar 13 11:43:49 CET 2026
#@# Relabel Hypointensities Fri Mar 13 11:43:54 CET 2026
#@# APas-to-ASeg Fri Mar 13 11:44:32 CET 2026
#@# AParc-to-ASeg aparc Fri Mar 13 11:44:50 CET 2026
#@# AParc-to-ASeg aparc.a2009s Fri Mar 13 11:47:01 CET 2026
#@# AParc-to-ASeg aparc.DKTatlas Fri Mar 13 11:49:06 CET 2026
#@# WMParc Fri Mar 13 11:51:12 CET 2026
#@# ASeg Stats Fri Mar 13 11:58:10 CET 2026
recon-all -s sub-v2s5x29540_ses-1 finished without error at Fri Mar 13 11:59:12 CET 2026
