status file for recon-all
Fri Mar 13 10:14:22 CET 2026
#@# Tessellate rh Fri Mar 13 10:14:22 CET 2026
#@# Smooth1 rh Fri Mar 13 10:14:29 CET 2026
#@# Inflation1 rh Fri Mar 13 10:14:34 CET 2026
#@# QSphere rh Fri Mar 13 10:17:11 CET 2026
#@# Fix Topology rh Fri Mar 13 10:19:19 CET 2026
#@# Smooth2 rh Fri Mar 13 10:30:51 CET 2026
#@# Inflation2 rh Fri Mar 13 10:30:56 CET 2026
#@# Curv .H and .K rh Fri Mar 13 10:31:45 CET 2026
#@# Sphere rh Fri Mar 13 10:33:14 CET 2026
#@# Surf Reg rh Fri Mar 13 10:40:48 CET 2026
#@# Jacobian white rh Fri Mar 13 10:49:25 CET 2026
#@# AvgCurv rh Fri Mar 13 10:49:26 CET 2026
#@# Cortical Parc rh Fri Mar 13 10:49:27 CET 2026
#@# white curv rh Fri Mar 13 11:02:21 CET 2026
#@# white area rh Fri Mar 13 11:02:25 CET 2026
#@# pial curv rh Fri Mar 13 11:02:26 CET 2026
#@# pial area rh Fri Mar 13 11:02:29 CET 2026
#@# thickness rh Fri Mar 13 11:02:31 CET 2026
#@# area and vertex vol rh Fri Mar 13 11:03:29 CET 2026
#@# Curvature Stats rh Fri Mar 13 11:03:32 CET 2026
#@# Cortical Parc 2 rh Fri Mar 13 11:03:37 CET 2026
#@# Cortical Parc 3 rh Fri Mar 13 11:04:02 CET 2026
#@# WM/GM Contrast rh Fri Mar 13 11:04:21 CET 2026
recon-all -s sub-v2s5x29540_ses-1 finished without error at Fri Mar 13 11:04:31 CET 2026



#New# invocation of recon-all 



status file for recon-all
Fri Mar 13 11:37:02 CET 2026
#@# white curv rh Fri Mar 13 11:37:02 CET 2026
#@# white area rh Fri Mar 13 11:37:02 CET 2026
#@# pial curv rh Fri Mar 13 11:37:02 CET 2026
#@# pial area rh Fri Mar 13 11:37:02 CET 2026
#@# thickness rh Fri Mar 13 11:37:02 CET 2026
#@# area and vertex vol rh Fri Mar 13 11:37:02 CET 2026
#@# Parcellation Stats rh Fri Mar 13 11:37:02 CET 2026
#@# Parcellation Stats 2 rh Fri Mar 13 11:37:56 CET 2026
#@# Parcellation Stats 3 rh Fri Mar 13 11:38:33 CET 2026
#@# BA_exvivo Labels rh Fri Mar 13 11:39:00 CET 2026
recon-all -s sub-v2s5x29540_ses-1 finished without error at Fri Mar 13 11:43:41 CET 2026
