status file for recon-all
Fri Mar 13 09:27:45 CET 2026
#@# Tessellate lh Fri Mar 13 09:27:45 CET 2026
#@# Smooth1 lh Fri Mar 13 09:27:52 CET 2026
#@# Inflation1 lh Fri Mar 13 09:27:57 CET 2026
#@# QSphere lh Fri Mar 13 09:30:37 CET 2026
#@# Fix Topology lh Fri Mar 13 09:32:29 CET 2026
#@# Smooth2 lh Fri Mar 13 09:43:12 CET 2026
#@# Inflation2 lh Fri Mar 13 09:43:18 CET 2026
#@# Curv .H and .K lh Fri Mar 13 09:44:03 CET 2026
#@# Sphere lh Fri Mar 13 09:45:33 CET 2026
#@# Surf Reg lh Fri Mar 13 09:52:13 CET 2026
#@# Jacobian white lh Fri Mar 13 10:00:23 CET 2026
#@# AvgCurv lh Fri Mar 13 10:00:24 CET 2026
#@# Cortical Parc lh Fri Mar 13 10:00:26 CET 2026
#@# white curv lh Fri Mar 13 10:12:10 CET 2026
#@# white area lh Fri Mar 13 10:12:13 CET 2026
#@# pial curv lh Fri Mar 13 10:12:14 CET 2026
#@# pial area lh Fri Mar 13 10:12:18 CET 2026
#@# thickness lh Fri Mar 13 10:12:19 CET 2026
#@# area and vertex vol lh Fri Mar 13 10:13:17 CET 2026
#@# Curvature Stats lh Fri Mar 13 10:13:20 CET 2026
#@# Cortical Parc 2 lh Fri Mar 13 10:13:25 CET 2026
#@# Cortical Parc 3 lh Fri Mar 13 10:13:50 CET 2026
#@# WM/GM Contrast lh Fri Mar 13 10:14:09 CET 2026
recon-all -s sub-v2s5x29540_ses-1 finished without error at Fri Mar 13 10:14:18 CET 2026



#New# invocation of recon-all 



status file for recon-all
Fri Mar 13 11:30:24 CET 2026
#@# white curv lh Fri Mar 13 11:30:24 CET 2026
#@# white area lh Fri Mar 13 11:30:24 CET 2026
#@# pial curv lh Fri Mar 13 11:30:24 CET 2026
#@# pial area lh Fri Mar 13 11:30:24 CET 2026
#@# thickness lh Fri Mar 13 11:30:24 CET 2026
#@# area and vertex vol lh Fri Mar 13 11:30:24 CET 2026
#@# Parcellation Stats lh Fri Mar 13 11:30:24 CET 2026
#@# Parcellation Stats 2 lh Fri Mar 13 11:31:20 CET 2026
#@# Parcellation Stats 3 lh Fri Mar 13 11:31:49 CET 2026
#@# BA_exvivo Labels lh Fri Mar 13 11:32:17 CET 2026
recon-all -s sub-v2s5x29540_ses-1 finished without error at Fri Mar 13 11:36:58 CET 2026
