status file for recon-all
Fri Mar 13 09:56:14 CET 2026
#@# Tessellate lh Fri Mar 13 09:56:14 CET 2026
#@# Smooth1 lh Fri Mar 13 09:56:19 CET 2026
#@# Inflation1 lh Fri Mar 13 09:56:23 CET 2026
#@# QSphere lh Fri Mar 13 09:58:43 CET 2026
#@# Fix Topology lh Fri Mar 13 10:00:24 CET 2026
#@# Smooth2 lh Fri Mar 13 10:08:52 CET 2026
#@# Inflation2 lh Fri Mar 13 10:08:56 CET 2026
#@# Curv .H and .K lh Fri Mar 13 10:09:34 CET 2026
#@# Sphere lh Fri Mar 13 10:10:52 CET 2026
#@# Surf Reg lh Fri Mar 13 10:14:39 CET 2026
#@# Jacobian white lh Fri Mar 13 10:35:57 CET 2026
#@# AvgCurv lh Fri Mar 13 10:35:58 CET 2026
#@# Cortical Parc lh Fri Mar 13 10:36:00 CET 2026
#@# white curv lh Fri Mar 13 10:46:41 CET 2026
#@# white area lh Fri Mar 13 10:46:43 CET 2026
#@# pial curv lh Fri Mar 13 10:46:44 CET 2026
#@# pial area lh Fri Mar 13 10:46:47 CET 2026
#@# thickness lh Fri Mar 13 10:46:48 CET 2026
#@# area and vertex vol lh Fri Mar 13 10:47:37 CET 2026
#@# Curvature Stats lh Fri Mar 13 10:47:40 CET 2026
#@# Cortical Parc 2 lh Fri Mar 13 10:47:44 CET 2026
#@# Cortical Parc 3 lh Fri Mar 13 10:48:03 CET 2026
#@# WM/GM Contrast lh Fri Mar 13 10:48:19 CET 2026
recon-all -s sub-v2s5x29560_ses-1 finished without error at Fri Mar 13 10:48:24 CET 2026



#New# invocation of recon-all 



status file for recon-all
Fri Mar 13 11:49:36 CET 2026
#@# white curv lh Fri Mar 13 11:49:37 CET 2026
#@# white area lh Fri Mar 13 11:49:37 CET 2026
#@# pial curv lh Fri Mar 13 11:49:37 CET 2026
#@# pial area lh Fri Mar 13 11:49:37 CET 2026
#@# thickness lh Fri Mar 13 11:49:37 CET 2026
#@# area and vertex vol lh Fri Mar 13 11:49:37 CET 2026
#@# Parcellation Stats lh Fri Mar 13 11:49:37 CET 2026
#@# Parcellation Stats 2 lh Fri Mar 13 11:50:28 CET 2026
#@# Parcellation Stats 3 lh Fri Mar 13 11:50:54 CET 2026
#@# BA_exvivo Labels lh Fri Mar 13 11:51:20 CET 2026
recon-all -s sub-v2s5x29560_ses-1 finished without error at Fri Mar 13 11:55:11 CET 2026
