status file for recon-all
Fri Mar 13 07:41:02 CET 2026
#@# MotionCor Fri Mar 13 07:41:06 CET 2026
#@# Talairach Fri Mar 13 07:41:17 CET 2026
#@# Talairach Failure Detection Fri Mar 13 07:46:45 CET 2026
#@# Nu Intensity Correction Fri Mar 13 07:46:45 CET 2026
#@# Intensity Normalization Fri Mar 13 07:52:05 CET 2026
recon-all -s sub-v2s5x29560_ses-1 finished without error at Fri Mar 13 07:55:31 CET 2026



#New# invocation of recon-all 



status file for recon-all
Fri Mar 13 08:03:25 CET 2026
#@# EM Registration Fri Mar 13 08:03:25 CET 2026
recon-all -s sub-v2s5x29560_ses-1 finished without error at Fri Mar 13 08:06:10 CET 2026



#New# invocation of recon-all 



status file for recon-all
Fri Mar 13 08:06:11 CET 2026
#@# CA Normalize Fri Mar 13 08:06:11 CET 2026
#@# CA Reg Fri Mar 13 08:07:38 CET 2026
#@# SubCort Seg Fri Mar 13 08:47:41 CET 2026
#@# CC Seg Fri Mar 13 09:45:29 CET 2026
#@# Merge ASeg Fri Mar 13 09:46:25 CET 2026
#@# Intensity Normalization2 Fri Mar 13 09:46:25 CET 2026
#@# Mask BFS Fri Mar 13 09:50:40 CET 2026
#@# WM Segmentation Fri Mar 13 09:50:42 CET 2026
#@# Fill Fri Mar 13 09:54:50 CET 2026
recon-all -s sub-v2s5x29560_ses-1 finished without error at Fri Mar 13 09:56:10 CET 2026



#New# invocation of recon-all 



status file for recon-all
Fri Mar 13 11:30:39 CET 2026
#@# white curv lh Fri Mar 13 11:30:39 CET 2026
#@# white area lh Fri Mar 13 11:30:39 CET 2026
#@# pial curv lh Fri Mar 13 11:30:39 CET 2026
#@# pial area lh Fri Mar 13 11:30:39 CET 2026
#@# thickness lh Fri Mar 13 11:30:39 CET 2026
#@# area and vertex vol lh Fri Mar 13 11:30:39 CET 2026
#@# white curv rh Fri Mar 13 11:30:39 CET 2026
#@# white area rh Fri Mar 13 11:30:39 CET 2026
#@# pial curv rh Fri Mar 13 11:30:39 CET 2026
#@# pial area rh Fri Mar 13 11:30:39 CET 2026
#@# thickness rh Fri Mar 13 11:30:40 CET 2026
#@# area and vertex vol rh Fri Mar 13 11:30:40 CET 2026
#@# Cortical ribbon mask Fri Mar 13 11:30:40 CET 2026
recon-all -s sub-v2s5x29560_ses-1 finished without error at Fri Mar 13 11:49:32 CET 2026



#New# invocation of recon-all 



status file for recon-all
Fri Mar 13 12:00:54 CET 2026
#@# white curv lh Fri Mar 13 12:00:54 CET 2026
#@# white area lh Fri Mar 13 12:00:54 CET 2026
#@# pial curv lh Fri Mar 13 12:00:54 CET 2026
#@# pial area lh Fri Mar 13 12:00:54 CET 2026
#@# thickness lh Fri Mar 13 12:00:54 CET 2026
#@# area and vertex vol lh Fri Mar 13 12:00:54 CET 2026
#@# white curv rh Fri Mar 13 12:00:54 CET 2026
#@# white area rh Fri Mar 13 12:00:54 CET 2026
#@# pial curv rh Fri Mar 13 12:00:54 CET 2026
#@# pial area rh Fri Mar 13 12:00:54 CET 2026
#@# thickness rh Fri Mar 13 12:00:54 CET 2026
#@# area and vertex vol rh Fri Mar 13 12:00:54 CET 2026
#@# Curvature Stats lh Fri Mar 13 12:00:54 CET 2026
#@# Curvature Stats rh Fri Mar 13 12:00:59 CET 2026
#@# Relabel Hypointensities Fri Mar 13 12:01:02 CET 2026
#@# APas-to-ASeg Fri Mar 13 12:01:35 CET 2026
#@# AParc-to-ASeg aparc Fri Mar 13 12:01:51 CET 2026
#@# AParc-to-ASeg aparc.a2009s Fri Mar 13 12:03:35 CET 2026
#@# AParc-to-ASeg aparc.DKTatlas Fri Mar 13 12:05:19 CET 2026
#@# WMParc Fri Mar 13 12:07:01 CET 2026
#@# ASeg Stats Fri Mar 13 12:12:12 CET 2026
recon-all -s sub-v2s5x29560_ses-1 finished without error at Fri Mar 13 12:12:55 CET 2026
