status file for recon-all
Fri Mar 13 10:48:26 CET 2026
#@# Tessellate rh Fri Mar 13 10:48:26 CET 2026
#@# Smooth1 rh Fri Mar 13 10:48:31 CET 2026
#@# Inflation1 rh Fri Mar 13 10:48:35 CET 2026
#@# QSphere rh Fri Mar 13 10:51:27 CET 2026
#@# Fix Topology rh Fri Mar 13 10:52:56 CET 2026
#@# Smooth2 rh Fri Mar 13 11:01:14 CET 2026
#@# Inflation2 rh Fri Mar 13 11:01:19 CET 2026
#@# Curv .H and .K rh Fri Mar 13 11:01:52 CET 2026
#@# Sphere rh Fri Mar 13 11:03:12 CET 2026
#@# Surf Reg rh Fri Mar 13 11:07:10 CET 2026
#@# Jacobian white rh Fri Mar 13 11:17:55 CET 2026
#@# AvgCurv rh Fri Mar 13 11:17:57 CET 2026
#@# Cortical Parc rh Fri Mar 13 11:17:58 CET 2026
#@# white curv rh Fri Mar 13 11:28:48 CET 2026
#@# white area rh Fri Mar 13 11:28:51 CET 2026
#@# pial curv rh Fri Mar 13 11:28:52 CET 2026
#@# pial area rh Fri Mar 13 11:28:55 CET 2026
#@# thickness rh Fri Mar 13 11:28:56 CET 2026
#@# area and vertex vol rh Fri Mar 13 11:29:47 CET 2026
#@# Curvature Stats rh Fri Mar 13 11:29:50 CET 2026
#@# Cortical Parc 2 rh Fri Mar 13 11:29:53 CET 2026
#@# Cortical Parc 3 rh Fri Mar 13 11:30:14 CET 2026
#@# WM/GM Contrast rh Fri Mar 13 11:30:28 CET 2026
recon-all -s sub-v2s5x29560_ses-1 finished without error at Fri Mar 13 11:30:33 CET 2026



#New# invocation of recon-all 



status file for recon-all
Fri Mar 13 11:55:14 CET 2026
#@# white curv rh Fri Mar 13 11:55:14 CET 2026
#@# white area rh Fri Mar 13 11:55:14 CET 2026
#@# pial curv rh Fri Mar 13 11:55:14 CET 2026
#@# pial area rh Fri Mar 13 11:55:14 CET 2026
#@# thickness rh Fri Mar 13 11:55:14 CET 2026
#@# area and vertex vol rh Fri Mar 13 11:55:14 CET 2026
#@# Parcellation Stats rh Fri Mar 13 11:55:14 CET 2026
#@# Parcellation Stats 2 rh Fri Mar 13 11:56:06 CET 2026
#@# Parcellation Stats 3 rh Fri Mar 13 11:56:33 CET 2026
#@# BA_exvivo Labels rh Fri Mar 13 11:56:59 CET 2026
recon-all -s sub-v2s5x29560_ses-1 finished without error at Fri Mar 13 12:00:50 CET 2026
