status file for recon-all
Fri Mar 13 11:01:56 CET 2026
#@# Tessellate lh Fri Mar 13 11:01:56 CET 2026
#@# Smooth1 lh Fri Mar 13 11:02:04 CET 2026
#@# Inflation1 lh Fri Mar 13 11:02:10 CET 2026
#@# QSphere lh Fri Mar 13 11:04:57 CET 2026
#@# Fix Topology lh Fri Mar 13 11:06:46 CET 2026
#@# Smooth2 lh Fri Mar 13 11:22:41 CET 2026
#@# Inflation2 lh Fri Mar 13 11:22:46 CET 2026
#@# Curv .H and .K lh Fri Mar 13 11:23:47 CET 2026
#@# Sphere lh Fri Mar 13 11:25:30 CET 2026
#@# Surf Reg lh Fri Mar 13 11:35:06 CET 2026
#@# Jacobian white lh Fri Mar 13 11:46:06 CET 2026
#@# AvgCurv lh Fri Mar 13 11:46:08 CET 2026
#@# Cortical Parc lh Fri Mar 13 11:46:09 CET 2026
#@# white curv lh Fri Mar 13 11:58:19 CET 2026
#@# white area lh Fri Mar 13 11:58:23 CET 2026
#@# pial curv lh Fri Mar 13 11:58:25 CET 2026
#@# pial area lh Fri Mar 13 11:58:29 CET 2026
#@# thickness lh Fri Mar 13 11:58:30 CET 2026
#@# area and vertex vol lh Fri Mar 13 11:59:36 CET 2026
#@# Curvature Stats lh Fri Mar 13 11:59:39 CET 2026
#@# Cortical Parc 2 lh Fri Mar 13 11:59:44 CET 2026
#@# Cortical Parc 3 lh Fri Mar 13 12:00:12 CET 2026
#@# WM/GM Contrast lh Fri Mar 13 12:00:33 CET 2026
recon-all -s sub-v2s5x29565_ses-1 finished without error at Fri Mar 13 12:00:42 CET 2026



#New# invocation of recon-all 



status file for recon-all
Fri Mar 13 13:46:54 CET 2026
#@# white curv lh Fri Mar 13 13:46:54 CET 2026
#@# white area lh Fri Mar 13 13:46:54 CET 2026
#@# pial curv lh Fri Mar 13 13:46:54 CET 2026
#@# pial area lh Fri Mar 13 13:46:54 CET 2026
#@# thickness lh Fri Mar 13 13:46:54 CET 2026
#@# area and vertex vol lh Fri Mar 13 13:46:54 CET 2026
#@# Parcellation Stats lh Fri Mar 13 13:46:54 CET 2026
#@# Parcellation Stats 2 lh Fri Mar 13 13:48:03 CET 2026
#@# Parcellation Stats 3 lh Fri Mar 13 13:48:38 CET 2026
#@# BA_exvivo Labels lh Fri Mar 13 13:49:12 CET 2026
recon-all -s sub-v2s5x29565_ses-1 finished without error at Fri Mar 13 13:54:31 CET 2026
