status file for recon-all
Fri Mar 13 07:50:22 CET 2026
#@# MotionCor Fri Mar 13 07:50:27 CET 2026
#@# Talairach Fri Mar 13 07:50:45 CET 2026
#@# Talairach Failure Detection Fri Mar 13 07:57:52 CET 2026
#@# Nu Intensity Correction Fri Mar 13 07:57:53 CET 2026
#@# Intensity Normalization Fri Mar 13 08:04:15 CET 2026
recon-all -s sub-v2s5x29565_ses-1 finished without error at Fri Mar 13 08:09:50 CET 2026



#New# invocation of recon-all 



status file for recon-all
Fri Mar 13 08:19:50 CET 2026
#@# EM Registration Fri Mar 13 08:19:50 CET 2026
recon-all -s sub-v2s5x29565_ses-1 finished without error at Fri Mar 13 08:21:48 CET 2026



#New# invocation of recon-all 



status file for recon-all
Fri Mar 13 08:21:49 CET 2026
#@# CA Normalize Fri Mar 13 08:21:49 CET 2026
#@# CA Reg Fri Mar 13 08:23:41 CET 2026
#@# SubCort Seg Fri Mar 13 09:12:14 CET 2026
#@# CC Seg Fri Mar 13 10:46:57 CET 2026
#@# Merge ASeg Fri Mar 13 10:47:57 CET 2026
#@# Intensity Normalization2 Fri Mar 13 10:47:57 CET 2026
#@# Mask BFS Fri Mar 13 10:53:15 CET 2026
#@# WM Segmentation Fri Mar 13 10:53:16 CET 2026
#@# Fill Fri Mar 13 11:00:00 CET 2026
recon-all -s sub-v2s5x29565_ses-1 finished without error at Fri Mar 13 11:01:51 CET 2026



#New# invocation of recon-all 



status file for recon-all
Fri Mar 13 12:56:40 CET 2026
#@# white curv lh Fri Mar 13 12:56:40 CET 2026
#@# white area lh Fri Mar 13 12:56:40 CET 2026
#@# pial curv lh Fri Mar 13 12:56:40 CET 2026
#@# pial area lh Fri Mar 13 12:56:40 CET 2026
#@# thickness lh Fri Mar 13 12:56:40 CET 2026
#@# area and vertex vol lh Fri Mar 13 12:56:40 CET 2026
#@# white curv rh Fri Mar 13 12:56:40 CET 2026
#@# white area rh Fri Mar 13 12:56:40 CET 2026
#@# pial curv rh Fri Mar 13 12:56:40 CET 2026
#@# pial area rh Fri Mar 13 12:56:40 CET 2026
#@# thickness rh Fri Mar 13 12:56:40 CET 2026
#@# area and vertex vol rh Fri Mar 13 12:56:40 CET 2026
#@# Cortical ribbon mask Fri Mar 13 12:56:40 CET 2026
recon-all -s sub-v2s5x29565_ses-1 finished without error at Fri Mar 13 13:46:49 CET 2026



#New# invocation of recon-all 



status file for recon-all
Fri Mar 13 14:02:03 CET 2026
#@# white curv lh Fri Mar 13 14:02:03 CET 2026
#@# white area lh Fri Mar 13 14:02:03 CET 2026
#@# pial curv lh Fri Mar 13 14:02:03 CET 2026
#@# pial area lh Fri Mar 13 14:02:03 CET 2026
#@# thickness lh Fri Mar 13 14:02:03 CET 2026
#@# area and vertex vol lh Fri Mar 13 14:02:03 CET 2026
#@# white curv rh Fri Mar 13 14:02:03 CET 2026
#@# white area rh Fri Mar 13 14:02:03 CET 2026
#@# pial curv rh Fri Mar 13 14:02:03 CET 2026
#@# pial area rh Fri Mar 13 14:02:03 CET 2026
#@# thickness rh Fri Mar 13 14:02:03 CET 2026
#@# area and vertex vol rh Fri Mar 13 14:02:03 CET 2026
#@# Curvature Stats lh Fri Mar 13 14:02:03 CET 2026
#@# Curvature Stats rh Fri Mar 13 14:02:08 CET 2026
#@# Relabel Hypointensities Fri Mar 13 14:02:13 CET 2026
#@# APas-to-ASeg Fri Mar 13 14:02:56 CET 2026
#@# AParc-to-ASeg aparc Fri Mar 13 14:03:15 CET 2026
#@# AParc-to-ASeg aparc.a2009s Fri Mar 13 14:05:27 CET 2026
#@# AParc-to-ASeg aparc.DKTatlas Fri Mar 13 14:07:39 CET 2026
#@# WMParc Fri Mar 13 14:09:49 CET 2026
#@# ASeg Stats Fri Mar 13 14:16:14 CET 2026
recon-all -s sub-v2s5x29565_ses-1 finished without error at Fri Mar 13 14:17:15 CET 2026
