status file for recon-all
Fri Mar 13 12:00:44 CET 2026
#@# Tessellate rh Fri Mar 13 12:00:44 CET 2026
#@# Smooth1 rh Fri Mar 13 12:00:51 CET 2026
#@# Inflation1 rh Fri Mar 13 12:00:57 CET 2026
#@# QSphere rh Fri Mar 13 12:03:45 CET 2026
#@# Fix Topology rh Fri Mar 13 12:05:33 CET 2026
#@# Smooth2 rh Fri Mar 13 12:20:10 CET 2026
#@# Inflation2 rh Fri Mar 13 12:20:16 CET 2026
#@# Curv .H and .K rh Fri Mar 13 12:21:05 CET 2026
#@# Sphere rh Fri Mar 13 12:22:46 CET 2026
#@# Surf Reg rh Fri Mar 13 12:30:07 CET 2026
#@# Jacobian white rh Fri Mar 13 12:41:56 CET 2026
#@# AvgCurv rh Fri Mar 13 12:41:57 CET 2026
#@# Cortical Parc rh Fri Mar 13 12:41:59 CET 2026
#@# white curv rh Fri Mar 13 12:54:12 CET 2026
#@# white area rh Fri Mar 13 12:54:16 CET 2026
#@# pial curv rh Fri Mar 13 12:54:17 CET 2026
#@# pial area rh Fri Mar 13 12:54:20 CET 2026
#@# thickness rh Fri Mar 13 12:54:22 CET 2026
#@# area and vertex vol rh Fri Mar 13 12:55:27 CET 2026
#@# Curvature Stats rh Fri Mar 13 12:55:30 CET 2026
#@# Cortical Parc 2 rh Fri Mar 13 12:55:35 CET 2026
#@# Cortical Parc 3 rh Fri Mar 13 12:56:02 CET 2026
#@# WM/GM Contrast rh Fri Mar 13 12:56:22 CET 2026
recon-all -s sub-v2s5x29565_ses-1 finished without error at Fri Mar 13 12:56:32 CET 2026



#New# invocation of recon-all 



status file for recon-all
Fri Mar 13 13:54:33 CET 2026
#@# white curv rh Fri Mar 13 13:54:33 CET 2026
#@# white area rh Fri Mar 13 13:54:33 CET 2026
#@# pial curv rh Fri Mar 13 13:54:33 CET 2026
#@# pial area rh Fri Mar 13 13:54:33 CET 2026
#@# thickness rh Fri Mar 13 13:54:33 CET 2026
#@# area and vertex vol rh Fri Mar 13 13:54:33 CET 2026
#@# Parcellation Stats rh Fri Mar 13 13:54:33 CET 2026
#@# Parcellation Stats 2 rh Fri Mar 13 13:55:41 CET 2026
#@# Parcellation Stats 3 rh Fri Mar 13 13:56:15 CET 2026
#@# BA_exvivo Labels rh Fri Mar 13 13:56:49 CET 2026
recon-all -s sub-v2s5x29565_ses-1 finished without error at Fri Mar 13 14:01:58 CET 2026
